<?xml version="1.0" encoding="UTF-8"?>
<TestRun id="9c759cdc-a6ba-4875-9c2d-f4e82965d267" name="adm_imga@IN01APVT127 2017-07-13 11:23:44" runUser="ES-AREA1\adm_imga" xmlns="http://microsoft.com/schemas/VisualStudio/TeamTest/2010">
  <TestSettings name="Local" id="5e0ec486-8390-4d47-996a-582ca480c912">
    <Description>These are default test settings for a local test run.</Description>
    <Deployment runDeploymentRoot="adm_imga_IN01APVT127 2017-07-13 11_23_44">
      <DeploymentItem filename="C:\Performance_Training\Custom_Parameter\Plugin2\bin\Debug\Plugin2.dll" />
      <DeploymentItem filename="C:\Performance_Training\Demo_Project\Demo_Reference\bin\Debug\Demo_Reference.dll" />
      <DeploymentItem filename="C:\Performance_Training\Custom_Parameter\Custom_Parameter\bin\Debug\Custom_Parameter.dll" />
    </Deployment>
    <Execution>
      <TestTypeSpecific>
        <UnitTestRunConfig testTypeId="13cdc9d9-ddb5-4fa4-a97d-d965ccfc6d4b">
          <AssemblyResolution>
            <TestDirectory useLoadContext="true" />
          </AssemblyResolution>
        </UnitTestRunConfig>
        <WebTestRunConfiguration testTypeId="4e7599fa-5ecb-43e9-a887-cd63cf72d207">
          <Browser name="Internet Explorer 9.0" MaxConnections="6">
            <Headers>
              <Header name="User-Agent" value="Mozilla/5.0 (compatible; MSIE 9.0; Windows NT 6.1; Trident/5.0)" />
              <Header name="Accept" value="*/*" />
              <Header name="Accept-Language" value="{{$IEAcceptLanguage}}" />
              <Header name="Accept-Encoding" value="GZIP" />
            </Headers>
          </Browser>
        </WebTestRunConfiguration>
      </TestTypeSpecific>
      <AgentRule name="LocalMachineDefaultRole">
      </AgentRule>
    </Execution>
    <Properties>
      <Property name="TestSettingsUIType" value="UnitTest" />
    </Properties>
  </TestSettings>
  <Times creation="2017-07-13T11:23:44.2307882+05:30" queuing="2017-07-13T11:23:44.5483517+05:30" start="2017-07-13T11:23:44.6553731+05:30" finish="2017-07-13T11:24:01.3057025+05:30" />
  <ResultSummary outcome="Failed">
    <Counters total="1" executed="1" error="0" failed="1" timeout="0" aborted="0" inconclusive="0" passedButRunAborted="0" notRunnable="0" notExecuted="0" disconnected="0" warning="0" passed="0" completed="0" inProgress="0" pending="0" />
  </ResultSummary>
  <TestDefinitions>
    <WebTest name="WebTest1" storage="c:\performance_training\demo_project\demo_project\webtest1.webtest" id="8d2b5e93-3d0d-40b8-a1d5-93fedbb910c1" persistedWebTest="77u/PD94bWwgdmVyc2lvbj0iMS4wIiBlbmNvZGluZz0iVVRGLTgiIHN0YW5kYWxvbmU9InllcyI/Pg0KPFdlYlRlc3QgTmFtZT0iV2ViVGVzdDEiIElkPSI4ZDJiNWU5My0zZDBkLTQwYjgtYTFkNS05M2ZlZGJiOTEwYzEiIE93bmVyPSIiIFByaW9yaXR5PSIyMTQ3NDgzNjQ3IiBFbmFibGVkPSJUcnVlIiBDc3NQcm9qZWN0U3RydWN0dXJlPSIiIENzc0l0ZXJhdGlvbj0iIiBUaW1lb3V0PSIwIiBXb3JrSXRlbUlkcz0iIiB4bWxucz0iaHR0cDovL21pY3Jvc29mdC5jb20vc2NoZW1hcy9WaXN1YWxTdHVkaW8vVGVhbVRlc3QvMjAxMCIgRGVzY3JpcHRpb249IiIgQ3JlZGVudGlhbFVzZXJOYW1lPSIiIENyZWRlbnRpYWxQYXNzd29yZD0iIiBQcmVBdXRoZW50aWNhdGU9IlRydWUiIFByb3h5PSJkZWZhdWx0IiBTdG9wT25FcnJvcj0iRmFsc2UiIFJlY29yZGVkUmVzdWx0RmlsZT0iV2ViVGVzdDEuM2ZkODIxZTEtNDIxMy00Y2U1LTgwNjctNmM2MThiMjQzZjIwLnJlYy53ZWJ0ZXN0cmVzdWx0IiBSZXN1bHRzTG9jYWxlPSIiPg0KICA8SXRlbXM+DQogICAgPENvbW1lbnQgQ29tbWVudFRleHQ9IkxhdW5jaEFwcCIgLz4NCiAgICA8UmVxdWVzdCBNZXRob2Q9IkdFVCIgR3VpZD0iNjM2NmFjYTAtZmNiNi00ZjNhLWEwMzctZDJhODZjYjZjNmUyIiBWZXJzaW9uPSIxLjEiIFVybD0iaHR0cDovL2luMDFhcHYxMTo4MS9lbi9ob21lLmFzcHgiIFRoaW5rVGltZT0iMjgiIFRpbWVvdXQ9IjMwMCIgUGFyc2VEZXBlbmRlbnRSZXF1ZXN0cz0iVHJ1ZSIgRm9sbG93UmVkaXJlY3RzPSJUcnVlIiBSZWNvcmRSZXN1bHQ9IlRydWUiIENhY2hlPSJGYWxzZSIgUmVzcG9uc2VUaW1lR29hbD0iMCIgRW5jb2Rpbmc9InV0Zi04IiBFeHBlY3RlZEh0dHBTdGF0dXNDb2RlPSIwIiBFeHBlY3RlZFJlc3BvbnNlVXJsPSIiIFJlcG9ydGluZ05hbWU9IiIgSWdub3JlSHR0cFN0YXR1c0NvZGU9IkZhbHNlIj4NCiAgICAgIDxFeHRyYWN0aW9uUnVsZXM+DQogICAgICAgIDxFeHRyYWN0aW9uUnVsZSBDbGFzc25hbWU9Ik1pY3Jvc29mdC5WaXN1YWxTdHVkaW8uVGVzdFRvb2xzLldlYlRlc3RpbmcuUnVsZXMuRXh0cmFjdEhpZGRlbkZpZWxkcywgTWljcm9zb2Z0LlZpc3VhbFN0dWRpby5RdWFsaXR5VG9vbHMuV2ViVGVzdEZyYW1ld29yaywgVmVyc2lvbj0xMC4wLjAuMCwgQ3VsdHVyZT1uZXV0cmFsLCBQdWJsaWNLZXlUb2tlbj1iMDNmNWY3ZjExZDUwYTNhIiBWYXJpYWJsZU5hbWU9IjEiIERpc3BsYXlOYW1lPSJFeHRyYWN0IEhpZGRlbiBGaWVsZHMiIERlc2NyaXB0aW9uPSJFeHRyYWN0IGFsbCBoaWRkZW4gZmllbGRzIGZyb20gdGhlIHJlc3BvbnNlIGFuZCBwbGFjZSB0aGVtIGludG8gdGhlIHRlc3QgY29udGV4dC4iPg0KICAgICAgICAgIDxSdWxlUGFyYW1ldGVycz4NCiAgICAgICAgICAgIDxSdWxlUGFyYW1ldGVyIE5hbWU9IlJlcXVpcmVkIiBWYWx1ZT0iVHJ1ZSIgLz4NCiAgICAgICAgICAgIDxSdWxlUGFyYW1ldGVyIE5hbWU9Ikh0bWxEZWNvZGUiIFZhbHVlPSJUcnVlIiAvPg0KICAgICAgICAgIDwvUnVsZVBhcmFtZXRlcnM+DQogICAgICAgIDwvRXh0cmFjdGlvblJ1bGU+DQogICAgICA8L0V4dHJhY3Rpb25SdWxlcz4NCiAgICAgIDxDb3JyZWxhdGlvbkV4dHJhY3Rpb25SdWxlcz4NCiAgICAgICAgPEV4dHJhY3Rpb25SdWxlIENsYXNzbmFtZT0iTWljcm9zb2Z0LlZpc3VhbFN0dWRpby5UZXN0VG9vbHMuV2ViVGVzdGluZy5SdWxlcy5FeHRyYWN0Rm9ybUZpZWxkLCBNaWNyb3NvZnQuVmlzdWFsU3R1ZGlvLlF1YWxpdHlUb29scy5XZWJUZXN0RnJhbWV3b3JrLCBWZXJzaW9uPTEwLjAuMC4wLCBDdWx0dXJlPW5ldXRyYWwsIFB1YmxpY0tleVRva2VuPWIwM2Y1ZjdmMTFkNTBhM2EiIFZhcmlhYmxlTmFtZT0iRm9ybVBvc3RQYXJhbTIyLmN0bDAwJGN0bDAwJGN0bDAwJENvbnRlbnRQbGFjZUhvbGRlckRlZmF1bHQkTWFzdGVyUGxhY2Vob2xkZXIkSG9tZUxvZ2dlZE91dF83JGJ0bkhvbWVTdWJtaXQiIERpc3BsYXlOYW1lPSIiIERlc2NyaXB0aW9uPSIiPg0KICAgICAgICAgIDxSdWxlUGFyYW1ldGVycz4NCiAgICAgICAgICAgIDxSdWxlUGFyYW1ldGVyIE5hbWU9Ik5hbWUiIFZhbHVlPSJDb250ZW50UGxhY2VIb2xkZXJEZWZhdWx0X01hc3RlclBsYWNlaG9sZGVyX0hvbWVMb2dnZWRPdXRfN19idG5Ib21lU3VibWl0IiAvPg0KICAgICAgICAgICAgPFJ1bGVQYXJhbWV0ZXIgTmFtZT0iSHRtbERlY29kZSIgVmFsdWU9IlRydWUiIC8+DQogICAgICAgICAgICA8UnVsZVBhcmFtZXRlciBOYW1lPSJSZXF1aXJlZCIgVmFsdWU9IkZhbHNlIiAvPg0KICAgICAgICAgICAgPFJ1bGVQYXJhbWV0ZXIgTmFtZT0iSW5kZXgiIFZhbHVlPSIwIiAvPg0KICAgICAgICAgIDwvUnVsZVBhcmFtZXRlcnM+DQogICAgICAgIDwvRXh0cmFjdGlvblJ1bGU+DQogICAgICA8L0NvcnJlbGF0aW9uRXh0cmFjdGlvblJ1bGVzPg0KICAgIDwvUmVxdWVzdD4NCiAgICA8Q29tbWVudCBDb21tZW50VGV4dD0iTG9naW4iIC8+DQogICAgPFJlcXVlc3QgTWV0aG9kPSJQT1NUIiBHdWlkPSJlYmJkMDAxMi1mN2YyLTQ0NDMtODY2MS00MjFhYzhkNTZkMGUiIFZlcnNpb249IjEuMSIgVXJsPSJodHRwOi8vaW4wMWFwdjExOjgxL2VuL2hvbWUuYXNweCIgVGhpbmtUaW1lPSI2IiBUaW1lb3V0PSIzMDAiIFBhcnNlRGVwZW5kZW50UmVxdWVzdHM9IlRydWUiIEZvbGxvd1JlZGlyZWN0cz0iVHJ1ZSIgUmVjb3JkUmVzdWx0PSJUcnVlIiBDYWNoZT0iRmFsc2UiIFJlc3BvbnNlVGltZUdvYWw9IjAiIEVuY29kaW5nPSJ1dGYtOCIgRXhwZWN0ZWRIdHRwU3RhdHVzQ29kZT0iMCIgRXhwZWN0ZWRSZXNwb25zZVVybD0iIiBSZXBvcnRpbmdOYW1lPSIiIElnbm9yZUh0dHBTdGF0dXNDb2RlPSJGYWxzZSI+DQogICAgICA8SGVhZGVycz4NCiAgICAgICAgPEhlYWRlciBOYW1lPSJSZWZlcmVyIiBWYWx1ZT0iaHR0cDovL2luMDFhcHYxMTo4MS9lbi9ob21lLmFzcHgiIC8+DQogICAgICA8L0hlYWRlcnM+DQogICAgICA8RXh0cmFjdGlvblJ1bGVzPg0KICAgICAgICA8RXh0cmFjdGlvblJ1bGUgQ2xhc3NuYW1lPSJNaWNyb3NvZnQuVmlzdWFsU3R1ZGlvLlRlc3RUb29scy5XZWJUZXN0aW5nLlJ1bGVzLkV4dHJhY3RIaWRkZW5GaWVsZHMsIE1pY3Jvc29mdC5WaXN1YWxTdHVkaW8uUXVhbGl0eVRvb2xzLldlYlRlc3RGcmFtZXdvcmssIFZlcnNpb249MTAuMC4wLjAsIEN1bHR1cmU9bmV1dHJhbCwgUHVibGljS2V5VG9rZW49YjAzZjVmN2YxMWQ1MGEzYSIgVmFyaWFibGVOYW1lPSIxIiBEaXNwbGF5TmFtZT0iRXh0cmFjdCBIaWRkZW4gRmllbGRzIiBEZXNjcmlwdGlvbj0iRXh0cmFjdCBhbGwgaGlkZGVuIGZpZWxkcyBmcm9tIHRoZSByZXNwb25zZSBhbmQgcGxhY2UgdGhlbSBpbnRvIHRoZSB0ZXN0IGNvbnRleHQuIj4NCiAgICAgICAgICA8UnVsZVBhcmFtZXRlcnM+DQogICAgICAgICAgICA8UnVsZVBhcmFtZXRlciBOYW1lPSJSZXF1aXJlZCIgVmFsdWU9IlRydWUiIC8+DQogICAgICAgICAgICA8UnVsZVBhcmFtZXRlciBOYW1lPSJIdG1sRGVjb2RlIiBWYWx1ZT0iVHJ1ZSIgLz4NCiAgICAgICAgICA8L1J1bGVQYXJhbWV0ZXJzPg0KICAgICAgICA8L0V4dHJhY3Rpb25SdWxlPg0KICAgICAgPC9FeHRyYWN0aW9uUnVsZXM+DQogICAgICA8Rm9ybVBvc3RIdHRwQm9keT4NCiAgICAgICAgPEZvcm1Qb3N0UGFyYW1ldGVyIE5hbWU9Il9fRVZFTlRUQVJHRVQiIFZhbHVlPSJ7eyRISURERU4xLl9fRVZFTlRUQVJHRVR9fSIgUmVjb3JkZWRWYWx1ZT0iIiBDb3JyZWxhdGlvbkJpbmRpbmc9IiIgVXJsRW5jb2RlPSJUcnVlIiAvPg0KICAgICAgICA8Rm9ybVBvc3RQYXJhbWV0ZXIgTmFtZT0iX19FVkVOVEFSR1VNRU5UIiBWYWx1ZT0ie3skSElEREVOMS5fX0VWRU5UQVJHVU1FTlR9fSIgUmVjb3JkZWRWYWx1ZT0iIiBDb3JyZWxhdGlvbkJpbmRpbmc9IiIgVXJsRW5jb2RlPSJUcnVlIiAvPg0KICAgICAgICA8Rm9ybVBvc3RQYXJhbWV0ZXIgTmFtZT0iX19WSUVXU1RBVEUiIFZhbHVlPSJ7eyRISURERU4xLl9fVklFV1NUQVRFfX0iIFJlY29yZGVkVmFsdWU9Ii93RVBEd1VFTlRNNE1ROWtGZ0ptRDJRV0FtWVBaQllDWmc5a0ZnSm1EMlFXQWdJRER4WUdIZ1p2Ym14dllXUUZQMmxtS0hSNWNHVnZaaUJQYmtKaFkydENkWFIwYjI1RGJHbGpheUE5UFNBaVpuVnVZM1JwYjI0aUtTQlBia0poWTJ0Q2RYUjBiMjVEYkdsamF5Z3BPeDRLYjI1d1lXZGxjMmh2ZHdWVGFXWWdLR1YyWlc1MExuQmxjbk5wYzNSbFpDQW1KaUIwZVhCbGIyWWdUMjVDWVdOclFuVjBkRzl1UTJ4cFkyc2dQVDBnSW1aMWJtTjBhVzl1SWlrZ1QyNUNZV05yUW5WMGRHOXVRMnhwWTJzb0tUc2VDRzl1ZFc1c2IyRmtaUllDQWdFUVpHUVdDZ0lJRDJRV0FtWVBEeFlDSGdkV2FYTnBZbXhsYUdSa0Fnb1BaQllDWmc5a0Znb0NBZzhWQVZoRGIyNTBaVzUwVUd4aFkyVkliMnhrWlhKRVpXWmhkV3gwWDFSdmNFeHZaMmRsWkU5MWRGOHlYM0J1YkVSeVlXZGhZbXhsVjJsdVpHOTNRMjl1ZEdWdWRGOUpibXhwYm1WTlpYTnpZV2RsUTI5dWRHRnBibVZ5WkFJRER3OFdCQjRFVkdWNGRBVU9RM0psWVhSbElFRmpZMjkxYm5RZUMwNWhkbWxuWVhSbFZYSnNCU012Wlc0dlkyaGxZMnR2ZFhRdmMzUmxjREV1WVhOd2VEOXViMlJsU1dROU1URXlOMlJrQWdVUER4WUNId1FGQlV4dloybHVGZ0llQkdoeVpXWUZBU05rQWdjUEZnSWZCQVVOUjNWbGMzUWdRV05qYjNWdWRHUUNDUThQWkJZQ0hnVjBhWFJzWlFVRlRHOW5hVzRXRGdJQkR3OFdCaDhFQlFaRmJXRnBiRG9lQ0VOemMwTnNZWE56QlJjZ2NtVnhkV2x5WldSR2FXVnNaRU5vWVhKaFkzUmxjaDRFWHlGVFFnSUNaR1FDQ1E4UEZnWWZCQVVKVUdGemMzZHZjbVE2SHdnRkZ5QnlaWEYxYVhKbFpFWnBaV3hrUTJoaGNtRmpkR1Z5SHdrQ0FtUmtBZzhQWkJZQ0FnTVBEeFlDSHdRRkVXdGxaWEFnYldVZ2JHOW5aMlZrSUdsdVpHUUNFUThQRmdRZkJRVVhMMlZ1TDJadmNtZHZkSEJoYzNOM2IzSmtMbUZ6Y0hnZkJBVVFSbTl5WjI5MElGQmhjM04zYjNKa1AyUmtBaE1QRHhZRUh3VUZJeTlsYmk5amFHVmphMjkxZEM5emRHVndNUzVoYzNCNFAyNXZaR1ZKWkQweE1USTNId1FGRGtOeVpXRjBaU0JCWTJOdmRXNTBaR1FDRlE4UEZnSWZCQVVGVEc5bmFXNWtaQUlYRDJRV0JtWVBGUUZSUTI5dWRHVnVkRkJzWVdObFNHOXNaR1Z5UkdWbVlYVnNkRjlVYjNCTWIyZG5aV1JQZFhSZk1sOTJjME5vWldOcmIzVjBWRzl3VEc5bmFXNWZaV052YlZaaGJHbGtZWFJwYjI1VGRXMXRZWEo1WkFJQkR3OFdBaDRQVm1Gc2FXUmhkR2x2YmtkeWIzVndCUXAyWjFSdmNFeHZaMmx1WkdRQ0FnOFZBVkZEYjI1MFpXNTBVR3hoWTJWSWIyeGtaWEpFWldaaGRXeDBYMVJ2Y0V4dloyZGxaRTkxZEY4eVgzWnpRMmhsWTJ0dmRYUlViM0JNYjJkcGJsOWxZMjl0Vm1Gc2FXUmhkR2x2YmxOMWJXMWhjbmxrQWd3UFpCWUNaZzlrRmd3Q0NBOFBGZ1FmQ0FVSlkyRnlkQzFwWTI5dUh3a0NBbVFXQWdJQkR3OFdBaDhGQlEwdlpXNHZZMkZ5ZEM1aGMzQjRaR1FDQ2c4V0FoOEVCUWt3SUVsMFpXMG9jeWxrQWd3UEZnSWZCR1ZrQWc0UFpCWUdBZ0VQWkJZQ0FnRVBGZ0lmQkFVUVRHRnpkQ0JoWkdSbFpDQnBkR1Z0YzJRQ0JROFBGZ0lmQkFVRVEyRnlkR1JrQWdjUER4WUNId1FGQ0VOb1pXTnJiM1YwRmdJZUIwOXVRMnhwWTJzRmx5eHlaWFIxY200Z1ZtRnNhV1JoZEdWSmRHVnRjMVJ2UTJobFkydFBkWFJQY2xGMWIzUmxLSHNpUTJ4dmMyVkNkWFIwYjI1VVpYaDBJam9pUTJ4dmMyVWlMQ0pCYkdWeWRFMWxjM05oWjJWVWFYUnNaU0k2SWtGc1pYSjBJRTFsYzNOaFoyVWlMQ0pEYUdWamEyOTFkRk4wWVhSbFJXNTFiU0k2ZXlKSmJuWmhiR2xrSWpvaVNXNTJZV3hwWkNJc0lsRjFiM1JoWW14bFQyNXNlU0k2SWxGMWIzUmhZbXhsVDI1c2VTSXNJazl5WkdWeVlXSnNaVTl1YkhraU9pSlBjbVJsY21GaWJHVlBibXg1SWl3aVQzSmtaWEpoWW14bFFXNWtVWFZ2ZEdGaWJHVWlPaUpQY21SbGNtRmliR1ZCYm1SUmRXOTBZV0pzWlNJc0lrNXZkRTl5WkdWeVlXSnNaVUZ1WkZGMWIzUmhZbXhsSWpvaVRtOTBUM0prWlhKaFlteGxRVzVrVVhWdmRHRmliR1VpTENKT2IzUlBjbVJsY21GaWJHVkJibVJSZFc5MFlXSnNaVmRwZEdoSmJuWmhiR2xrSWpvaVRtOTBUM0prWlhKaFlteGxRVzVrVVhWdmRHRmliR1ZYYVhSb1NXNTJZV3hwWkNJc0lrWmxkMDl5WkdWeVlXSnNaVTl1YkhraU9pSkdaWGRQY21SbGNtRmliR1ZQYm14NUlpd2lSbVYzVDNKa1pYSmhZbXhsUVc1a1JtVjNVWFZ2ZEdGaWJHVWlPaUpHWlhkUGNtUmxjbUZpYkdWQmJtUkdaWGRSZFc5MFlXSnNaU0lzSWtabGQxRjFiM1JoWW14bFQyNXNlVmRwZEdoSmJuWmhiR2xrSWpvaVJtVjNVWFZ2ZEdGaWJHVlBibXg1VjJsMGFFbHVkbUZzYVdRaUxDSkdaWGRQY21SbGNtRmliR1ZQYm14NVYybDBhRWx1ZG1Gc2FXUWlPaUpHWlhkUGNtUmxjbUZpYkdWUGJteDVWMmwwYUVsdWRtRnNhV1FpTENKR1pYZFBjbVJsY21GaWJHVkJibVJHWlhkUmRXOTBZV0pzWlZkcGRHaEpiblpoYkdsa0lqb2lSbVYzVDNKa1pYSmhZbXhsUVc1a1JtVjNVWFZ2ZEdGaWJHVlhhWFJvU1c1MllXeHBaQ0lzSWtabGQwOXlaR1Z5WVdKc1pVRnVaRUZzYkZGMWIzUmhZbXhsSWpvaVJtVjNUM0prWlhKaFlteGxRVzVrUVd4c1VYVnZkR0ZpYkdVaUxDSkJiR3hQY21SbGNtRmliR1ZCYm1SR1pYZFJkVzkwWVdKc1pTSTZJa0ZzYkU5eVpHVnlZV0pzWlVGdVpFWmxkMUYxYjNSaFlteGxJbjBzSWtsMFpXMVRkR0YwWlVWdWRXMGlPbnNpU1c1MllXeHBaQ0k2SWtsdWRtRnNhV1FpTENKUmRXOTBZV0pzWlU5dWJIa2lPaUpSZFc5MFlXSnNaVTl1YkhraUxDSlBjbVJsY21GaWJHVlBibXg1SWpvaVQzSmtaWEpoWW14bFQyNXNlU0lzSWs5eVpHVnlZV0pzWlVGdVpGRjFiM1JoWW14bElqb2lUM0prWlhKaFlteGxRVzVrVVhWdmRHRmliR1VpTENKT2IzUlBjbVJsY21GaWJHVkJibVJSZFc5MFlXSnNaU0k2SWs1dmRFOXlaR1Z5WVdKc1pVRnVaRkYxYjNSaFlteGxJaXdpVG05MFQzSmtaWEpoWW14bFFXNWtVWFZ2ZEdGaWJHVlhhWFJvU1c1MllXeHBaQ0k2SWs1dmRFOXlaR1Z5WVdKc1pVRnVaRkYxYjNSaFlteGxWMmwwYUVsdWRtRnNhV1FpTENKR1pYZFBjbVJsY21GaWJHVlBibXg1SWpvaVJtVjNUM0prWlhKaFlteGxUMjVzZVNJc0lrWmxkMDl5WkdWeVlXSnNaVUZ1WkVabGQxRjFiM1JoWW14bElqb2lSbVYzVDNKa1pYSmhZbXhsUVc1a1JtVjNVWFZ2ZEdGaWJHVWlMQ0pHWlhkUmRXOTBZV0pzWlU5dWJIbFhhWFJvU1c1MllXeHBaQ0k2SWtabGQxRjFiM1JoWW14bFQyNXNlVmRwZEdoSmJuWmhiR2xrSWl3aVJtVjNUM0prWlhKaFlteGxUMjVzZVZkcGRHaEpiblpoYkdsa0lqb2lSbVYzVDNKa1pYSmhZbXhsVDI1c2VWZHBkR2hKYm5aaGJHbGtJaXdpUm1WM1QzSmtaWEpoWW14bFFXNWtSbVYzVVhWdmRHRmliR1ZYYVhSb1NXNTJZV3hwWkNJNklrWmxkMDl5WkdWeVlXSnNaVUZ1WkVabGQxRjFiM1JoWW14bFYybDBhRWx1ZG1Gc2FXUWlMQ0pHWlhkUGNtUmxjbUZpYkdWQmJtUkJiR3hSZFc5MFlXSnNaU0k2SWtabGQwOXlaR1Z5WVdKc1pVRnVaRUZzYkZGMWIzUmhZbXhsSWl3aVFXeHNUM0prWlhKaFlteGxRVzVrUm1WM1VYVnZkR0ZpYkdVaU9pSkJiR3hQY21SbGNtRmliR1ZCYm1SR1pYZFJkVzkwWVdKc1pTSjlMQ0pvWkc1R2FXVnNaRk5sYkdWamRHVmtUM0prWlhKSmRHVnRRMmhsWTJ0dmRYUlRkR0YwWlhORGJHbGxiblJKWkNJNklrTnZiblJsYm5SUWJHRmpaVWh2YkdSbGNrUmxabUYxYkhSZlEyRnlkRTkyWlhKMmFXVjNYek5mYUdSdVJtbGxiR1JUWld4bFkzUmxaRTl5WkdWeVNYUmxiVU5vWldOcmIzVjBVM1JoZEdWeklpd2lhR1J1Um1sbGJHUlRaV3hsWTNSbFpFbDBaVzFKWkhORGJHbGxiblJKWkNJNklrTnZiblJsYm5SUWJHRmpaVWh2YkdSbGNrUmxabUYxYkhSZlEyRnlkRTkyWlhKMmFXVjNYek5mYUdSdVJtbGxiR1JUWld4bFkzUmxaRWwwWlcxSlpITWlMQ0pQY21SbGNsTmxiR1ZqZEdWa1VISnZaSFZqZEhNaU9qRXNJa052Ym1acGNtMWhkR2x2YmxScGRHeGxVbVZ6YjNWeVkyVWlPaUpEYjI1bWFYSnRZWFJwYjI0aUxDSlFjbTlqWldWa1FuVjBkRzl1VkdWNGRDSTZJbEJ5YjJObFpXUWlMQ0pRY205alpXVmtRblYwZEc5dVEyRnNiR0poWTJzaU9pSldZV3hwWkdGMFpVbDBaVzF6Vkc5RGFHVmphMDkxZEU5eVVYVnZkR1VpTENKSmJuWmhiR2xrU1hSbGJYTlRaV3hsWTNSbFpFWnZja05vWldOcmIzVjBVbVZ6YjNWeVkyVWlPaUpVYUdWeVpTQmhjbVVnYzI5dFpTQnBiblpoYkdsa0lHbDBaVzF6SUdOb2IzTmxiaUJtYjNJZ1kyaGxZMnR2ZFhRaUxDSk9iMDl5WkdWeVlXSnNaVWwwWlcxelUyVnNaV04wWldSR2IzSkRhR1ZqYTI5MWRGSmxjMjkxY21ObElqb2lUbThnZG1Gc2FXUWdiM0prWlhKaFlteGxJR2wwWlcxeklHRnlaU0JqYUc5elpXNGdabTl5SUc5eVpHVnlJSEJ5YjJObGMzTWlMQ0pPYjFGMWIzUmhZbXhsU1hSbGJYTlRaV3hsWTNSbFpFWnZja05vWldOcmIzVjBVbVZ6YjNWeVkyVWlPaUpPYnlCMllXeHBaQ0J4ZFc5MFlXSnNaU0JwZEdWdGN5QmhjbVVnWTJodmMyVnVJR1p2Y2lCeGRXOTBaU0J3Y205alpYTnpJaXdpVDNKa1pYSmhZbXhsUVc1a1RtOXVUM0prWlhKaFlteGxTWFJsYlhOVFpXeGxZM1JsWkVadmNrTm9aV05yYjNWMFVtVnpiM1Z5WTJVaU9pSlpiM1VnWTJGdUlHVnBkR2hsY2lBbmNISnZZMlZsWkNjZ2QybDBhQ0J2Y21SbGNpQndjbTlqWlhOeklHOW1JSFJvWlNCdmNtUmxjbUZpYkdVZ2FYUmxiWE1nYjNJZ1pXUnBkQ0IwYUdVZ2JtOXVMVzl5WkdWeVlXSnNaU0JwZEdWdGN5SXNJbEYxYjNSaFlteGxRVzVrVG05dVVYVnZkR0ZpYkdWSmRHVnRjMU5sYkdWamRHVmtSbTl5UTJobFkydHZkWFJTWlhOdmRYSmpaU0k2SWxsdmRTQmpZVzRnWldsMGFHVnlJQ2R3Y205alpXVmtKeUIzYVhSb0lIRjFiM1JsSUhCeWIyTmxjM01nYjJZZ2RHaGxJSEYxYjNSaFlteGxJR2wwWlcxeklHOXlJR1ZrYVhRZ2RHaGxJRzV2YmkxeGRXOTBZV0pzWlNCcGRHVnRjeUlzSWxGMWIzUmxVMlZzWldOMFpXUlFjbTlrZFdOMGN5STZNaXdpVG05SmRHVnRjMU5sYkdWamRHVmtJam9pVG04Z1NYUmxiWE1nVTJWc1pXTjBaV1F1SUZCc1pXRnpaU0JqYUc5dmMyVWdiMjVsSUNodmNpa2diVzl5WlNCcGRHVnRjeUIwYnlCd1pYSm1iM0p0SUhSb1pTQmhZM1JwYjI0dUlpd2lRMkZ5ZEVGamRHbHZia1JsYkdWMFpWTmxiR1ZqZEdWa1VISnZaSFZqZEhNaU9qVXNJbGRwYzJoTWFYTjBRV04wYVc5dWMwUmxiR1YwWlZObGJHVmpkR1ZrVUhKdlpIVmpkSE1pT2pJc0lrUmxiR1YwWlVOdmJtWnBjbTFoZEdsdmJrMWxjM05oWjJWU1pYTnZkWEpqWlNJNklqeHdQa1J2SUhsdmRTQnlaV0ZzYkhrZ2QyRnVkQ0IwYnlCa1pXeGxkR1VnZEdocGN5QnBkR1Z0S0hNcFB6d3ZjRDRpTENKRVpXeGxkR1ZEYjI1bWFYSnRZWFJwYjI1T2IwSjFkSFJ2YmxKbGMyOTFjbU5sSWpvaVRtOGlMQ0pFWld4bGRHVkRiMjVtYVhKdFlYUnBiMjVaWlhOQ2RYUjBiMjVTWlhOdmRYSmpaU0k2SWxsbGN5SXNJa1JsYkdWMFpVTnZibVpwY20xaGRHbHZia2hsWVdSbGNsUmxlSFJTWlhOdmRYSmpaU0k2SWtSbGJHVjBaU0lzSWtOaGNuUkJZM1JwYjI0aU9qRXNJa05vWldOcmIzVjBRblYwZEc5dVUyTnlhWEIwSWpwdWRXeHNMQ0pEYUdWamEyOTFkRk5sY1hWbGJtTnBibWRCYm1SUWNtbHRaWEpRYjNCMWNFMWxjM05oWjJWSVpXRmtaWElpT2lJaUxDSkRhR1ZqYTI5MWRGTmxjWFZsYm1OcGJtZEJibVJRY21sdFpYSlFiM0IxY0UxbGMzTmhaMlZJWldGa1pYSkpibVp2Y20xaGRHbHZiaUk2SWtsMElHbHpJRzV2ZENCd2IzTnphV0pzWlNCMGJ5QmphR1ZqYTI5MWRDQXZJSEYxYjNSbElITmxjWFZsYm1OcGJtY2djbVZoWTNScGIyNXpJSGRwZEdodmRYUWdjSEpwYldWeWN5QjNhR2xqYUNCaGNtVWdZWE56YjJOcFlYUmxaQ0IwYnlCelpXeGxZM1JsWkNCelpYRjFaVzVqYVc1bklHbDBaVzF6SUdsdUlIUm9hWE1nYjNKa1pYSTZJRHd2WW5JK1BDOWljajRpTENKRGFHVmphMjkxZEZObGNYVmxibU5wYm1kQmJtUlFjbWx0WlhKUWIzQjFjRTFsYzNOaFoyVkdiMjkwWlhKSmJtWnZjbTFoZEdsdmJpSTZJaUlzSWtOb1pXTnJiM1YwVTJWeGRXVnVZMmx1WjBGdVpGQnlhVzFsY2xCdmNIVndUV1Z6YzJGblpVTnNiM05sUW5WMGRHOXVWR1Y0ZENJNklpSXNJa05vWldOcmIzVjBVMlZ4ZFdWdVkybHVaMEZ1WkZCeWFXMWxjbEJ2Y0hWd1JtOXliV0YwVFdWemMyRm5aU0k2SWlJc0lrTm9aV05yYjNWMFVISnBiV1Z5UVd4dmJtVlFiM0IxY0UxbGMzTmhaMlZEYkc5elpVSjFkSFJ2YmxSbGVIUWlPaUlpTENKRGFHVmphMjkxZEZCeWFXMWxja0ZzYjI1bFVHOXdkWEJOWlhOellXZGxJam9pVUhKcGJXVnlJR0ZzYjI1bElHTmhibTV2ZENCaVpTQmphR1ZqYTJWa0lHOTFkQzRnVUd4bFlYTmxJSE5sYkdWamRDQmhkR3hsWVhOMElHOXVaU0JoYzNOdlkybGhkR1ZrSUhObGNYVmxibU5wYm1jZ1NYUmxiUzRpTENKRGFHVmphMjkxZEZCeWFXMWxja0ZzYjI1bFVHOXdkWEJOWlhOellXZGxTR1ZoWkdWeUlqb2lVR3hsWVhObElFNXZkR1VpTENKQ1lYSkRiMlJsVm1Gc2FXUmhkR2x2YmxCdmNIVndRMnh2YzJWQ2RYUjBiMjVVWlhoMElqb2lUMnNpTENKQ1lYSkRiMlJsVm1Gc2FXUmhkR2x2YmxCdmNIVndUV1Z6YzJGblpTSTZJa0poY21OdlpHVWdabTl5SUZObGJHVmpkR1ZrSUVsMFpXMGdhWE1nYVc1MllXeHBaQ0lzSWtKaGNrTnZaR1ZXWVd4cFpHRjBhVzl1VUc5d2RYQk5aWE56WVdkbFNHVmhaR1Z5SWpvaVVHeGxZWE5sSUU1dmRHVWlMQ0pUWVcxbFJHRjVSR1ZzYVhabGNubFdZV3hwWkdGMGFXOXVVRzl3ZFhCSGIwSmhZMnRDZFhSMGIyNVVaWGgwSWpvaVYyRnBkQ0IxYm5ScGJDQmhiR3dnVDNKa1pYSnpJR0Z5WlNCbWFXNXBjMmhsWkNCMGJ5QlRhR2x3SUc5dVkyVWlMQ0pUWVcxbFJHRjVSR1ZzYVhabGNubFdZV3hwWkdGMGFXOXVVRzl3ZFhCRGFHVmphMjkxZEVKMWRIUnZibFJsZUhRaU9pSkRhR1ZqYTI5MWRDQlRZVzFsSUVSaGVTQlBiR2xuYjNNZ1QyNXNlU0lzSWxOaGJXVkVZWGxFWld4cGRtVnllVlpoYkdsa1lYUnBiMjVRYjNCMWNFMWxjM05oWjJWSVpXRmtaWElpT2lKUWJHVmhjMlVnYzJWc1pXTjBJaXdpVTJGdFpVUmhlVVJsYkdsMlpYSjVWbUZzYVdSaGRHbHZibEJ2Y0hWd1RXVnpjMkZuWlVSbGMyTnlhWEIwYVc5dUlqb2lXVzkxY2lCallYSjBJR052Ym5SaGFXNXpJSE5oYldVZ1pHRjVJRzlzYVdkdmN5d2dkMmhwWTJnZ2JtVmxaQ0IwYnlCaVpTQmphR1ZqYTJWa0lHOTFkQ0J6WlhCbGNtRjBaV3g1SUdsdUlHOXlaR1Z5SUhSdklHVnVjM1Z5WlNCMGFHVWdabUZ6ZEdWemRDQmtaV3hwZG1WeWVTNGdWR2hsSUc5MGFHVnlJR2wwWlcxeklIZHBiR3dnWW1VZ2QyRnBkR2x1WnlCcGJpQjViM1Z5SUdOaGNuUWdkMmhsYmlCNWIzVWdjbVYwZFhKdUlHeGhkR1Z5TGlBOGMzQmhiaUJqYkdGemN6MWNJblJ2YjJ4MGFYQmZaR2xoYkc5blhDSWdkR2wwYkdVOVhDSkZlSEJzWVdsdUlHSjFkSFJ2YmlCa1pYTmpjbWx3ZEdsdmJpQm9aWEpsSUc5dWJIbGNJaUErUEM5emNHRnVQaUlzSWxKbGRYTmxaRWwwWlcxelZtRnNhV1JoZEdsdmJsQnZjSFZ3UTJ4dmMyVkNkWFIwYjI1VVpYaDBJam9pVDJzaUxDSlNaWFZ6WldSSmRHVnRjMVpoYkdsa1lYUnBiMjVRYjNCMWNFMWxjM05oWjJVaU9pSlBiM0J6SUNFZ1UyOXRaU0J2Y2lCaGJHd2diMllnYzJWc1pXTjBaV1FnY21WMWMyVmtJR2wwWlcwbmN5QnZjbWxuYVc1aGJDQmpiMjUwWVdsdVpYSnpJR0Z5WlNCbGVIQnBjbVZrTGlCWmIzVnlJR05oY25RZ2QybHNiQ0JpWlNCMWNHUmhkR1ZrSUdGMWRHOXRZWFJwWTJGc2JIa2dZVzVrSUdOaGNuUWdkMmxzYkNCaVpTQnlaV3h2WVdSbFpDNGdSWGh3YVhKbFpDQnBkR1Z0SUU1aGJXVnpJR0Z5WlNBdFBpSXNJbEpsZFhObFpFbDBaVzF6Vm1Gc2FXUmhkR2x2YmxCdmNIVndUV1Z6YzJGblpVaGxZV1JsY2lJNklsQnNaV0Z6WlNCT2IzUmxJaXdpUlhod2FYSmxaRkJ5YVcxbGNsQnZjSFZ3UTJ4dmMyVkNkWFIwYjI1VVpYaDBJam9pVDJzaUxDSkZlSEJwY21Wa1VISnBiV1Z5VUc5d2RYQk5aWE56WVdkbFZHVjRkQ0k2SWxCeWFXMWxjaUJwY3lCbGVIQnBjbVZrSUdadmNpQjBhR1VnYjI1bElHOW1JSFJvWlNCelpXeGxkR1ZrSUhObGNYVmxibU5wYm1jZ2FYUmxiUzRnY0d4bFlYTmxJSE5sYkdWamRDQmhibTkwYUdWeUlIQnlhVzFsY2lCdmNpQnZjbVJsY2lCdVpYY2djSEpwYldWeUxpSXNJa1Y0Y0dseVpXUlFjbWx0WlhKUWIzQjFjRTFsYzNOaFoyVklaV0ZrWlhKVVpYaDBJam9pVUd4bGMyVWdUbTkwWlNJc0lrTmhjblJRWVdkbFZWSk1Jam9pTDJWdUwyTmhjblF1WVhOd2VDSXNJazFwYm1sdGRXMVFiR0YwWlZOaGJYQnNaWE5RWlhKRGFHVmphMjkxZENJNk5EZ3NJbEJzWVhSbFUyRnRjR3hsUTI5MWJuUWlPbTUxYkd3c0lrbHpVMmx1WjJ4bFVHeGhkR1ZYYVhSb1ZtRnNhV1JUWVcxd2JHVkRiM1Z1ZENJNlptRnNjMlVzSWsxcGJsQnNZWFJsVTJGdGNHeGxjMUJ2Y0hWd1JtOXliV0YwVFdWemMyRm5aU0k2SWlJc0lrMXBibEJzWVhSbFUyRnRjR3hsYzFCdmNIVndSbTl5YldGMFRXVnpjMkZuWlVOc2IzTmxRblYwZEc5dVZHVjRkQ0k2SWlJc0lrMXBibEJzWVhSbFUyRnRjR3hsYzFCdmNIVndSbTl5YldGMFRXVnpjMkZuWlVobFlXUmxjaUk2SWlJc0lrMWhlR2x0ZFcxT2RXMWlaWEpQWmxCc1lYUmxjMUJsY2tOb1pXTnJiM1YwSWpvekxDSlFiR0YwWlhORGIzVnVkRVp2Y2tOMWNuSmxiblJQY21SbGNpSTZiblZzYkN3aVRXRjRhVzExYlZCc1lYUmxjMUJsY2tOb1pXTnJiM1YwVUc5d2RYQkdiM0p0WVhSTlpYTnpZV2RsSWpvaVRXRjRhVzExYlNBeklIQnNZWFJsY3lCaGNtVWdaV3hwWjJsaWJHVWdkRzhnWTJobFkydHZkWFFnY0dWeUlHOXlaR1Z5SUdadmNpQndiR0YwWlNCelpYRjFaVzVqYVc1bklHbDBaVzF6TGlCUWJHVmhjMlVnYlc5a2FXWjVJSGx2ZFhJZ2MyVnNaV04wYVc5dUlHRmpZMjl5WkdsdVoyeDVMaUlzSWsxaGVHbHRkVzFRYkdGMFpYTlFaWEpEYUdWamEyOTFkRkJ2Y0hWd1JtOXliV0YwVFdWemMyRm5aVU5zYjNObFFuVjBkRzl1VkdWNGRDSTZJazlySWl3aVRXRjRhVzExYlZCc1lYUmxjMUJsY2tOb1pXTnJiM1YwUm05eWJXRjBUV1Z6YzJGblpVaGxZV1JsY2lJNklsQnNaV0Z6WlNCT2IzUmxJaXdpVUc5emRFSmhZMnRGYkdWdFpXNTBWVzVwY1hWbFNXUWlPaUpqZEd3d01DUmpkR3d3TUNSamRHd3dNQ1JEYjI1MFpXNTBVR3hoWTJWSWIyeGtaWEpFWldaaGRXeDBKRU5oY25SUGRtVnlkbWxsZDE4ekpHeHVhME5vWldOcmIzVjBJaXdpUlhabGJuUkJjbWQxYldWdWRDSTZJaUo5TENCMGFHbHpLVHRrQWhBUER4WUVId1VGRFM5bGJpOWpZWEowTG1GemNIZ2ZCQVVFUTJGeWRHUmtBaElQRHhZR0h3UUZDRU5vWldOcmIzVjBIZ2RGYm1GaWJHVmthQjhEYUJZQ0h3c0ZseXh5WlhSMWNtNGdWbUZzYVdSaGRHVkpkR1Z0YzFSdlEyaGxZMnRQZFhSUGNsRjFiM1JsS0hzaVEyeHZjMlZDZFhSMGIyNVVaWGgwSWpvaVEyeHZjMlVpTENKQmJHVnlkRTFsYzNOaFoyVlVhWFJzWlNJNklrRnNaWEowSUUxbGMzTmhaMlVpTENKRGFHVmphMjkxZEZOMFlYUmxSVzUxYlNJNmV5SkpiblpoYkdsa0lqb2lTVzUyWVd4cFpDSXNJbEYxYjNSaFlteGxUMjVzZVNJNklsRjFiM1JoWW14bFQyNXNlU0lzSWs5eVpHVnlZV0pzWlU5dWJIa2lPaUpQY21SbGNtRmliR1ZQYm14NUlpd2lUM0prWlhKaFlteGxRVzVrVVhWdmRHRmliR1VpT2lKUGNtUmxjbUZpYkdWQmJtUlJkVzkwWVdKc1pTSXNJazV2ZEU5eVpHVnlZV0pzWlVGdVpGRjFiM1JoWW14bElqb2lUbTkwVDNKa1pYSmhZbXhsUVc1a1VYVnZkR0ZpYkdVaUxDSk9iM1JQY21SbGNtRmliR1ZCYm1SUmRXOTBZV0pzWlZkcGRHaEpiblpoYkdsa0lqb2lUbTkwVDNKa1pYSmhZbXhsUVc1a1VYVnZkR0ZpYkdWWGFYUm9TVzUyWVd4cFpDSXNJa1psZDA5eVpHVnlZV0pzWlU5dWJIa2lPaUpHWlhkUGNtUmxjbUZpYkdWUGJteDVJaXdpUm1WM1QzSmtaWEpoWW14bFFXNWtSbVYzVVhWdmRHRmliR1VpT2lKR1pYZFBjbVJsY21GaWJHVkJibVJHWlhkUmRXOTBZV0pzWlNJc0lrWmxkMUYxYjNSaFlteGxUMjVzZVZkcGRHaEpiblpoYkdsa0lqb2lSbVYzVVhWdmRHRmliR1ZQYm14NVYybDBhRWx1ZG1Gc2FXUWlMQ0pHWlhkUGNtUmxjbUZpYkdWUGJteDVWMmwwYUVsdWRtRnNhV1FpT2lKR1pYZFBjbVJsY21GaWJHVlBibXg1VjJsMGFFbHVkbUZzYVdRaUxDSkdaWGRQY21SbGNtRmliR1ZCYm1SR1pYZFJkVzkwWVdKc1pWZHBkR2hKYm5aaGJHbGtJam9pUm1WM1QzSmtaWEpoWW14bFFXNWtSbVYzVVhWdmRHRmliR1ZYYVhSb1NXNTJZV3hwWkNJc0lrWmxkMDl5WkdWeVlXSnNaVUZ1WkVGc2JGRjFiM1JoWW14bElqb2lSbVYzVDNKa1pYSmhZbXhsUVc1a1FXeHNVWFZ2ZEdGaWJHVWlMQ0pCYkd4UGNtUmxjbUZpYkdWQmJtUkdaWGRSZFc5MFlXSnNaU0k2SWtGc2JFOXlaR1Z5WVdKc1pVRnVaRVpsZDFGMWIzUmhZbXhsSW4wc0lrbDBaVzFUZEdGMFpVVnVkVzBpT25zaVNXNTJZV3hwWkNJNklrbHVkbUZzYVdRaUxDSlJkVzkwWVdKc1pVOXViSGtpT2lKUmRXOTBZV0pzWlU5dWJIa2lMQ0pQY21SbGNtRmliR1ZQYm14NUlqb2lUM0prWlhKaFlteGxUMjVzZVNJc0lrOXlaR1Z5WVdKc1pVRnVaRkYxYjNSaFlteGxJam9pVDNKa1pYSmhZbXhsUVc1a1VYVnZkR0ZpYkdVaUxDSk9iM1JQY21SbGNtRmliR1ZCYm1SUmRXOTBZV0pzWlNJNklrNXZkRTl5WkdWeVlXSnNaVUZ1WkZGMWIzUmhZbXhsSWl3aVRtOTBUM0prWlhKaFlteGxRVzVrVVhWdmRHRmliR1ZYYVhSb1NXNTJZV3hwWkNJNklrNXZkRTl5WkdWeVlXSnNaVUZ1WkZGMWIzUmhZbXhsVjJsMGFFbHVkbUZzYVdRaUxDSkdaWGRQY21SbGNtRmliR1ZQYm14NUlqb2lSbVYzVDNKa1pYSmhZbXhsVDI1c2VTSXNJa1psZDA5eVpHVnlZV0pzWlVGdVpFWmxkMUYxYjNSaFlteGxJam9pUm1WM1QzSmtaWEpoWW14bFFXNWtSbVYzVVhWdmRHRmliR1VpTENKR1pYZFJkVzkwWVdKc1pVOXViSGxYYVhSb1NXNTJZV3hwWkNJNklrWmxkMUYxYjNSaFlteGxUMjVzZVZkcGRHaEpiblpoYkdsa0lpd2lSbVYzVDNKa1pYSmhZbXhsVDI1c2VWZHBkR2hKYm5aaGJHbGtJam9pUm1WM1QzSmtaWEpoWW14bFQyNXNlVmRwZEdoSmJuWmhiR2xrSWl3aVJtVjNUM0prWlhKaFlteGxRVzVrUm1WM1VYVnZkR0ZpYkdWWGFYUm9TVzUyWVd4cFpDSTZJa1psZDA5eVpHVnlZV0pzWlVGdVpFWmxkMUYxYjNSaFlteGxWMmwwYUVsdWRtRnNhV1FpTENKR1pYZFBjbVJsY21GaWJHVkJibVJCYkd4UmRXOTBZV0pzWlNJNklrWmxkMDl5WkdWeVlXSnNaVUZ1WkVGc2JGRjFiM1JoWW14bElpd2lRV3hzVDNKa1pYSmhZbXhsUVc1a1JtVjNVWFZ2ZEdGaWJHVWlPaUpCYkd4UGNtUmxjbUZpYkdWQmJtUkdaWGRSZFc5MFlXSnNaU0o5TENKb1pHNUdhV1ZzWkZObGJHVmpkR1ZrVDNKa1pYSkpkR1Z0UTJobFkydHZkWFJUZEdGMFpYTkRiR2xsYm5SSlpDSTZJa052Ym5SbGJuUlFiR0ZqWlVodmJHUmxja1JsWm1GMWJIUmZRMkZ5ZEU5MlpYSjJhV1YzWHpOZmFHUnVSbWxsYkdSVFpXeGxZM1JsWkU5eVpHVnlTWFJsYlVOb1pXTnJiM1YwVTNSaGRHVnpJaXdpYUdSdVJtbGxiR1JUWld4bFkzUmxaRWwwWlcxSlpITkRiR2xsYm5SSlpDSTZJa052Ym5SbGJuUlFiR0ZqWlVodmJHUmxja1JsWm1GMWJIUmZRMkZ5ZEU5MlpYSjJhV1YzWHpOZmFHUnVSbWxsYkdSVFpXeGxZM1JsWkVsMFpXMUpaSE1pTENKUGNtUmxjbE5sYkdWamRHVmtVSEp2WkhWamRITWlPakVzSWtOdmJtWnBjbTFoZEdsdmJsUnBkR3hsVW1WemIzVnlZMlVpT2lKRGIyNW1hWEp0WVhScGIyNGlMQ0pRY205alpXVmtRblYwZEc5dVZHVjRkQ0k2SWxCeWIyTmxaV1FpTENKUWNtOWpaV1ZrUW5WMGRHOXVRMkZzYkdKaFkyc2lPaUpXWVd4cFpHRjBaVWwwWlcxelZHOURhR1ZqYTA5MWRFOXlVWFZ2ZEdVaUxDSkpiblpoYkdsa1NYUmxiWE5UWld4bFkzUmxaRVp2Y2tOb1pXTnJiM1YwVW1WemIzVnlZMlVpT2lKVWFHVnlaU0JoY21VZ2MyOXRaU0JwYm5aaGJHbGtJR2wwWlcxeklHTm9iM05sYmlCbWIzSWdZMmhsWTJ0dmRYUWlMQ0pPYjA5eVpHVnlZV0pzWlVsMFpXMXpVMlZzWldOMFpXUkdiM0pEYUdWamEyOTFkRkpsYzI5MWNtTmxJam9pVG04Z2RtRnNhV1FnYjNKa1pYSmhZbXhsSUdsMFpXMXpJR0Z5WlNCamFHOXpaVzRnWm05eUlHOXlaR1Z5SUhCeWIyTmxjM01pTENKT2IxRjFiM1JoWW14bFNYUmxiWE5UWld4bFkzUmxaRVp2Y2tOb1pXTnJiM1YwVW1WemIzVnlZMlVpT2lKT2J5QjJZV3hwWkNCeGRXOTBZV0pzWlNCcGRHVnRjeUJoY21VZ1kyaHZjMlZ1SUdadmNpQnhkVzkwWlNCd2NtOWpaWE56SWl3aVQzSmtaWEpoWW14bFFXNWtUbTl1VDNKa1pYSmhZbXhsU1hSbGJYTlRaV3hsWTNSbFpFWnZja05vWldOcmIzVjBVbVZ6YjNWeVkyVWlPaUpaYjNVZ1kyRnVJR1ZwZEdobGNpQW5jSEp2WTJWbFpDY2dkMmwwYUNCdmNtUmxjaUJ3Y205alpYTnpJRzltSUhSb1pTQnZjbVJsY21GaWJHVWdhWFJsYlhNZ2IzSWdaV1JwZENCMGFHVWdibTl1TFc5eVpHVnlZV0pzWlNCcGRHVnRjeUlzSWxGMWIzUmhZbXhsUVc1a1RtOXVVWFZ2ZEdGaWJHVkpkR1Z0YzFObGJHVmpkR1ZrUm05eVEyaGxZMnR2ZFhSU1pYTnZkWEpqWlNJNklsbHZkU0JqWVc0Z1pXbDBhR1Z5SUNkd2NtOWpaV1ZrSnlCM2FYUm9JSEYxYjNSbElIQnliMk5sYzNNZ2IyWWdkR2hsSUhGMWIzUmhZbXhsSUdsMFpXMXpJRzl5SUdWa2FYUWdkR2hsSUc1dmJpMXhkVzkwWVdKc1pTQnBkR1Z0Y3lJc0lsRjFiM1JsVTJWc1pXTjBaV1JRY205a2RXTjBjeUk2TWl3aVRtOUpkR1Z0YzFObGJHVmpkR1ZrSWpvaVRtOGdTWFJsYlhNZ1UyVnNaV04wWldRdUlGQnNaV0Z6WlNCamFHOXZjMlVnYjI1bElDaHZjaWtnYlc5eVpTQnBkR1Z0Y3lCMGJ5QndaWEptYjNKdElIUm9aU0JoWTNScGIyNHVJaXdpUTJGeWRFRmpkR2x2YmtSbGJHVjBaVk5sYkdWamRHVmtVSEp2WkhWamRITWlPalVzSWxkcGMyaE1hWE4wUVdOMGFXOXVjMFJsYkdWMFpWTmxiR1ZqZEdWa1VISnZaSFZqZEhNaU9qSXNJa1JsYkdWMFpVTnZibVpwY20xaGRHbHZiazFsYzNOaFoyVlNaWE52ZFhKalpTSTZJanh3UGtSdklIbHZkU0J5WldGc2JIa2dkMkZ1ZENCMGJ5QmtaV3hsZEdVZ2RHaHBjeUJwZEdWdEtITXBQend2Y0Q0aUxDSkVaV3hsZEdWRGIyNW1hWEp0WVhScGIyNU9iMEoxZEhSdmJsSmxjMjkxY21ObElqb2lUbThpTENKRVpXeGxkR1ZEYjI1bWFYSnRZWFJwYjI1WlpYTkNkWFIwYjI1U1pYTnZkWEpqWlNJNklsbGxjeUlzSWtSbGJHVjBaVU52Ym1acGNtMWhkR2x2YmtobFlXUmxjbFJsZUhSU1pYTnZkWEpqWlNJNklrUmxiR1YwWlNJc0lrTmhjblJCWTNScGIyNGlPakVzSWtOb1pXTnJiM1YwUW5WMGRHOXVVMk55YVhCMElqcHVkV3hzTENKRGFHVmphMjkxZEZObGNYVmxibU5wYm1kQmJtUlFjbWx0WlhKUWIzQjFjRTFsYzNOaFoyVklaV0ZrWlhJaU9pSWlMQ0pEYUdWamEyOTFkRk5sY1hWbGJtTnBibWRCYm1SUWNtbHRaWEpRYjNCMWNFMWxjM05oWjJWSVpXRmtaWEpKYm1admNtMWhkR2x2YmlJNklrbDBJR2x6SUc1dmRDQndiM056YVdKc1pTQjBieUJqYUdWamEyOTFkQ0F2SUhGMWIzUmxJSE5sY1hWbGJtTnBibWNnY21WaFkzUnBiMjV6SUhkcGRHaHZkWFFnY0hKcGJXVnljeUIzYUdsamFDQmhjbVVnWVhOemIyTnBZWFJsWkNCMGJ5QnpaV3hsWTNSbFpDQnpaWEYxWlc1amFXNW5JR2wwWlcxeklHbHVJSFJvYVhNZ2IzSmtaWEk2SUR3dlluSStQQzlpY2o0aUxDSkRhR1ZqYTI5MWRGTmxjWFZsYm1OcGJtZEJibVJRY21sdFpYSlFiM0IxY0UxbGMzTmhaMlZHYjI5MFpYSkpibVp2Y20xaGRHbHZiaUk2SWlJc0lrTm9aV05yYjNWMFUyVnhkV1Z1WTJsdVowRnVaRkJ5YVcxbGNsQnZjSFZ3VFdWemMyRm5aVU5zYjNObFFuVjBkRzl1VkdWNGRDSTZJaUlzSWtOb1pXTnJiM1YwVTJWeGRXVnVZMmx1WjBGdVpGQnlhVzFsY2xCdmNIVndSbTl5YldGMFRXVnpjMkZuWlNJNklpSXNJa05vWldOcmIzVjBVSEpwYldWeVFXeHZibVZRYjNCMWNFMWxjM05oWjJWRGJHOXpaVUoxZEhSdmJsUmxlSFFpT2lJaUxDSkRhR1ZqYTI5MWRGQnlhVzFsY2tGc2IyNWxVRzl3ZFhCTlpYTnpZV2RsSWpvaVVISnBiV1Z5SUdGc2IyNWxJR05oYm01dmRDQmlaU0JqYUdWamEyVmtJRzkxZEM0Z1VHeGxZWE5sSUhObGJHVmpkQ0JoZEd4bFlYTjBJRzl1WlNCaGMzTnZZMmxoZEdWa0lITmxjWFZsYm1OcGJtY2dTWFJsYlM0aUxDSkRhR1ZqYTI5MWRGQnlhVzFsY2tGc2IyNWxVRzl3ZFhCTlpYTnpZV2RsU0dWaFpHVnlJam9pVUd4bFlYTmxJRTV2ZEdVaUxDSkNZWEpEYjJSbFZtRnNhV1JoZEdsdmJsQnZjSFZ3UTJ4dmMyVkNkWFIwYjI1VVpYaDBJam9pVDJzaUxDSkNZWEpEYjJSbFZtRnNhV1JoZEdsdmJsQnZjSFZ3VFdWemMyRm5aU0k2SWtKaGNtTnZaR1VnWm05eUlGTmxiR1ZqZEdWa0lFbDBaVzBnYVhNZ2FXNTJZV3hwWkNJc0lrSmhja052WkdWV1lXeHBaR0YwYVc5dVVHOXdkWEJOWlhOellXZGxTR1ZoWkdWeUlqb2lVR3hsWVhObElFNXZkR1VpTENKVFlXMWxSR0Y1UkdWc2FYWmxjbmxXWVd4cFpHRjBhVzl1VUc5d2RYQkhiMEpoWTJ0Q2RYUjBiMjVVWlhoMElqb2lWMkZwZENCMWJuUnBiQ0JoYkd3Z1QzSmtaWEp6SUdGeVpTQm1hVzVwYzJobFpDQjBieUJUYUdsd0lHOXVZMlVpTENKVFlXMWxSR0Y1UkdWc2FYWmxjbmxXWVd4cFpHRjBhVzl1VUc5d2RYQkRhR1ZqYTI5MWRFSjFkSFJ2YmxSbGVIUWlPaUpEYUdWamEyOTFkQ0JUWVcxbElFUmhlU0JQYkdsbmIzTWdUMjVzZVNJc0lsTmhiV1ZFWVhsRVpXeHBkbVZ5ZVZaaGJHbGtZWFJwYjI1UWIzQjFjRTFsYzNOaFoyVklaV0ZrWlhJaU9pSlFiR1ZoYzJVZ2MyVnNaV04wSWl3aVUyRnRaVVJoZVVSbGJHbDJaWEo1Vm1Gc2FXUmhkR2x2YmxCdmNIVndUV1Z6YzJGblpVUmxjMk55YVhCMGFXOXVJam9pV1c5MWNpQmpZWEowSUdOdmJuUmhhVzV6SUhOaGJXVWdaR0Y1SUc5c2FXZHZjeXdnZDJocFkyZ2dibVZsWkNCMGJ5QmlaU0JqYUdWamEyVmtJRzkxZENCelpYQmxjbUYwWld4NUlHbHVJRzl5WkdWeUlIUnZJR1Z1YzNWeVpTQjBhR1VnWm1GemRHVnpkQ0JrWld4cGRtVnllUzRnVkdobElHOTBhR1Z5SUdsMFpXMXpJSGRwYkd3Z1ltVWdkMkZwZEdsdVp5QnBiaUI1YjNWeUlHTmhjblFnZDJobGJpQjViM1VnY21WMGRYSnVJR3hoZEdWeUxpQThjM0JoYmlCamJHRnpjejFjSW5SdmIyeDBhWEJmWkdsaGJHOW5YQ0lnZEdsMGJHVTlYQ0pGZUhCc1lXbHVJR0oxZEhSdmJpQmtaWE5qY21sd2RHbHZiaUJvWlhKbElHOXViSGxjSWlBK1BDOXpjR0Z1UGlJc0lsSmxkWE5sWkVsMFpXMXpWbUZzYVdSaGRHbHZibEJ2Y0hWd1EyeHZjMlZDZFhSMGIyNVVaWGgwSWpvaVQyc2lMQ0pTWlhWelpXUkpkR1Z0YzFaaGJHbGtZWFJwYjI1UWIzQjFjRTFsYzNOaFoyVWlPaUpQYjNCeklDRWdVMjl0WlNCdmNpQmhiR3dnYjJZZ2MyVnNaV04wWldRZ2NtVjFjMlZrSUdsMFpXMG5jeUJ2Y21sbmFXNWhiQ0JqYjI1MFlXbHVaWEp6SUdGeVpTQmxlSEJwY21Wa0xpQlpiM1Z5SUdOaGNuUWdkMmxzYkNCaVpTQjFjR1JoZEdWa0lHRjFkRzl0WVhScFkyRnNiSGtnWVc1a0lHTmhjblFnZDJsc2JDQmlaU0J5Wld4dllXUmxaQzRnUlhod2FYSmxaQ0JwZEdWdElFNWhiV1Z6SUdGeVpTQXRQaUlzSWxKbGRYTmxaRWwwWlcxelZtRnNhV1JoZEdsdmJsQnZjSFZ3VFdWemMyRm5aVWhsWVdSbGNpSTZJbEJzWldGelpTQk9iM1JsSWl3aVJYaHdhWEpsWkZCeWFXMWxjbEJ2Y0hWd1EyeHZjMlZDZFhSMGIyNVVaWGgwSWpvaVQyc2lMQ0pGZUhCcGNtVmtVSEpwYldWeVVHOXdkWEJOWlhOellXZGxWR1Y0ZENJNklsQnlhVzFsY2lCcGN5QmxlSEJwY21Wa0lHWnZjaUIwYUdVZ2IyNWxJRzltSUhSb1pTQnpaV3hsZEdWa0lITmxjWFZsYm1OcGJtY2dhWFJsYlM0Z2NHeGxZWE5sSUhObGJHVmpkQ0JoYm05MGFHVnlJSEJ5YVcxbGNpQnZjaUJ2Y21SbGNpQnVaWGNnY0hKcGJXVnlMaUlzSWtWNGNHbHlaV1JRY21sdFpYSlFiM0IxY0UxbGMzTmhaMlZJWldGa1pYSlVaWGgwSWpvaVVHeGxjMlVnVG05MFpTSXNJa05oY25SUVlXZGxWVkpNSWpvaUwyVnVMMk5oY25RdVlYTndlQ0lzSWsxcGJtbHRkVzFRYkdGMFpWTmhiWEJzWlhOUVpYSkRhR1ZqYTI5MWRDSTZORGdzSWxCc1lYUmxVMkZ0Y0d4bFEyOTFiblFpT201MWJHd3NJa2x6VTJsdVoyeGxVR3hoZEdWWGFYUm9WbUZzYVdSVFlXMXdiR1ZEYjNWdWRDSTZabUZzYzJVc0lrMXBibEJzWVhSbFUyRnRjR3hsYzFCdmNIVndSbTl5YldGMFRXVnpjMkZuWlNJNklpSXNJazFwYmxCc1lYUmxVMkZ0Y0d4bGMxQnZjSFZ3Um05eWJXRjBUV1Z6YzJGblpVTnNiM05sUW5WMGRHOXVWR1Y0ZENJNklpSXNJazFwYmxCc1lYUmxVMkZ0Y0d4bGMxQnZjSFZ3Um05eWJXRjBUV1Z6YzJGblpVaGxZV1JsY2lJNklpSXNJazFoZUdsdGRXMU9kVzFpWlhKUFpsQnNZWFJsYzFCbGNrTm9aV05yYjNWMElqb3pMQ0pRYkdGMFpYTkRiM1Z1ZEVadmNrTjFjbkpsYm5SUGNtUmxjaUk2Ym5Wc2JDd2lUV0Y0YVcxMWJWQnNZWFJsYzFCbGNrTm9aV05yYjNWMFVHOXdkWEJHYjNKdFlYUk5aWE56WVdkbElqb2lUV0Y0YVcxMWJTQXpJSEJzWVhSbGN5QmhjbVVnWld4cFoybGliR1VnZEc4Z1kyaGxZMnR2ZFhRZ2NHVnlJRzl5WkdWeUlHWnZjaUJ3YkdGMFpTQnpaWEYxWlc1amFXNW5JR2wwWlcxekxpQlFiR1ZoYzJVZ2JXOWthV1o1SUhsdmRYSWdjMlZzWldOMGFXOXVJR0ZqWTI5eVpHbHVaMng1TGlJc0lrMWhlR2x0ZFcxUWJHRjBaWE5RWlhKRGFHVmphMjkxZEZCdmNIVndSbTl5YldGMFRXVnpjMkZuWlVOc2IzTmxRblYwZEc5dVZHVjRkQ0k2SWs5cklpd2lUV0Y0YVcxMWJWQnNZWFJsYzFCbGNrTm9aV05yYjNWMFJtOXliV0YwVFdWemMyRm5aVWhsWVdSbGNpSTZJbEJzWldGelpTQk9iM1JsSWl3aVVHOXpkRUpoWTJ0RmJHVnRaVzUwVlc1cGNYVmxTV1FpT2lKamRHd3dNQ1JqZEd3d01DUmpkR3d3TUNSRGIyNTBaVzUwVUd4aFkyVkliMnhrWlhKRVpXWmhkV3gwSkVOaGNuUlBkbVZ5ZG1sbGQxOHpKR3h1YTBOb1pXTnJiM1YwSWl3aVJYWmxiblJCY21kMWJXVnVkQ0k2SWlKOUxDQjBhR2x6S1R0a0FoSVBaQllHQWdNUFpCWUNaZzhQRmdJZkEyaGtaQUlGRDJRV0FtWVBEeFlDSGd0c1lteElaV0ZrVEdsdVpRVUZURzluYVc1a0ZnZ0NBZzhWQVd0RGIyNTBaVzUwVUd4aFkyVkliMnhrWlhKRVpXWmhkV3gwWDAxaGMzUmxjbEJzWVdObGFHOXNaR1Z5WDBodmJXVk1iMmRuWldSUGRYUmZOMTl3Ym14RWNtRm5ZV0pzWlZkcGJtUnZkME52Ym5SbGJuUmZTVzVzYVc1bFRXVnpjMkZuWlVOdmJuUmhhVzVsY21RQ0F3OFdBaDhFQlFsT1pYY2dkWE5sY2o5a0FnVVBEeFlFSHdRRkRrTnlaV0YwWlNCQlkyTnZkVzUwSHdVRkl5OWxiaTlqYUdWamEyOTFkQzl6ZEdWd01TNWhjM0I0UDI1dlpHVkpaRDB4TVRJM1pHUUNCdzlrRmd3Q0FROFBGZ1lmQkFVR1JXMWhhV3c2SHdnRkZ5QnlaWEYxYVhKbFpFWnBaV3hrUTJoaGNtRmpkR1Z5SHdrQ0FtUmtBZ2tQRHhZR0h3UUZDVkJoYzNOM2IzSmtPaDhJQlJjZ2NtVnhkV2x5WldSR2FXVnNaRU5vWVhKaFkzUmxjaDhKQWdKa1pBSVBEdzhXQWg4RUJRVk1iMmRwYm1Sa0FoRVBaQllDQWdNUER4WUNId1FGRVd0bFpYQWdiV1VnYkc5bloyVmtJR2x1WkdRQ0V3OFBGZ1FmQlFVWEwyVnVMMlp2Y21kdmRIQmhjM04zYjNKa0xtRnpjSGdmQkFVUVJtOXlaMjkwSUZCaGMzTjNiM0prUDJSa0FoVVBaQllHWmc4VkFXVkRiMjUwWlc1MFVHeGhZMlZJYjJ4a1pYSkVaV1poZFd4MFgwMWhjM1JsY2xCc1lXTmxhRzlzWkdWeVgwaHZiV1ZNYjJkblpXUlBkWFJmTjE5MmMwTm9aV05yYjNWMFNHOXRaVXh2WjJsdVgyVmpiMjFXWVd4cFpHRjBhVzl1VTNWdGJXRnllV1FDQVE4UEZnSWZDZ1VMZG1kSWIyMWxURzluYVc1a1pBSUNEeFVCWlVOdmJuUmxiblJRYkdGalpVaHZiR1JsY2tSbFptRjFiSFJmVFdGemRHVnlVR3hoWTJWb2IyeGtaWEpmU0c5dFpVeHZaMmRsWkU5MWRGODNYM1p6UTJobFkydHZkWFJJYjIxbFRHOW5hVzVmWldOdmJWWmhiR2xrWVhScGIyNVRkVzF0WVhKNVpBSUhEMlFXQW1ZUER4WUNIdzBGQ2s1bFpXUWdTR1ZzY0Q5a0ZnUUNBZzhWQVcxRGIyNTBaVzUwVUd4aFkyVkliMnhrWlhKRVpXWmhkV3gwWDAxaGMzUmxjbEJzWVdObGFHOXNaR1Z5WDBOMWMzUnZiV1Z5VTNWd2NHOXlkRjg0WDNCdWJFUnlZV2RoWW14bFYybHVaRzkzUTI5dWRHVnVkRjlKYm14cGJtVk5aWE56WVdkbFEyOXVkR0ZwYm1WeVpBSUREMlFXQ0FJQkR4WUNId1FGRUVOMWMzUnZiV1Z5SUZOMWNIQnZjblJrQWdNUER4WUNId1FGRUNzME9TQTRNRGt5SURneU9Ea2dOemRrWkFJRkR3OFdBaDhFQldnOFlTQm9jbVZtUFNJdlpXNHZaWFZ5YjJacGJuTXRiWGRuTFc5d1pYSnZiaTl6WlhKMmFXTmxMV05sYm5SbGNpOWpiMjUwWVdOMExYVnpMMmRzYjJKaGJDMWthWEpsWTNSdmNua3VZWE53ZUNJK1JuSmxaU0J3YUc5dVpTQnVkVzFpWlhKelBDOWhQbVJrQWdjUER4WUVId1FGUkR4aElHaHlaV1k5SW0xaGFXeDBienB6ZFhCd2IzSjBMV1YxUUdWMWNtOW1hVzV6TG1OdmJTSStjM1Z3Y0c5eWRDMWxkVUJsZFhKdlptbHVjeTVqYjIwOEwyRStId1VGUzIxaGFXeDBiem84WVNCb2NtVm1QU0p0WVdsc2RHODZjM1Z3Y0c5eWRDMWxkVUJsZFhKdlptbHVjeTVqYjIwaVBuTjFjSEJ2Y25RdFpYVkFaWFZ5YjJacGJuTXVZMjl0UEM5aFBtUmtBaFVQWkJZQ1pnOWtGZ0ptRHhVQnBnWjJZWElnYzJodmQxQnliMmR5WlhOelFtRnlRV1owWlhJOU1qQXdPdzBLZG1GeUlHMWxjM05oWjJWUWNtOW5jbVZ6YzBKaGNqMG5VR3hsWVhObElIZGhhWFF1TGk0bk93MEtkbUZ5SUhCeWIyZHlaWE56UW1GeVZHbDBiR1U5SjFCc1pXRnpaU0IzWVdsMExpNHVKenNOQ25aaGNpQndjbTluY21WemMwSmhja05oYm1ObGJFSjFkSFJ2YmxSbGVIUTlKME5oYm1ObGJDYzdEUXAyWVhJZ1lXeGxjblJOWlhOellXZGxRblYwZEc5dVZHVjRkRDBuVDJzbk93MEtkbUZ5SUdGc1pYSjBUV1Z6YzJGblpWUnBkR3hsUFNkQmJHVnlkQ0JOWlhOellXZGxKenNOQ25aaGNpQnZjR1Z5YjI1VGFYUmxWWEpzUFNjbk93MEtkbUZ5SUdOMWNuSmxiblJUYVhSbFEyOWtaVDBuUlVKRkp6c05DblpoY2lCemRXSkViMjFoYVc0OUoxRkJKenNOQ25aaGNpQndiM0owVG5WdFltVnlQU2M0TVNjN0RRcDJZWElnY0hKbFRHOWhaRWx0WVdkbFRHbHpkRDFiSnk5amMzTXZaWGgwTDJweGRXVnllWFJvWlcxbGN5OXBiV0ZuWlhNdmRXa3RZbWRmWjJ4aGMzTmZOVFZmTVdNeFl6RmpYekY0TkRBd0xuQnVaeWRkT3cwS2RtRnlJSEJ5YVdOcGJtZEVaWFJoYVd4elEyeHZjMlZDZFhSMGIyNVVaWGgwUFNkRGJHOXpaU2M3RFFwMllYSWdRV1JrUW5WMGRHOXVVbVZ6YjNWeVkyVlVaWGgwSUQwZ0owRmtaQ2M3RFFwMllYSWdRMkZ1WTJWc1FuVjBkRzl1VW1WemIzVnlZMlZVWlhoMElEMGdKME5oYm1ObGJDYzdEUXAyWVhJZ1EyeHZjMlZDZFhSMGIyNVNaWE52ZFhKalpWUmxlSFFnUFNBblEyeHZjMlVuT3cwS2RtRnlJRk5oZG1WQ2RYUjBiMjVTWlhOdmRYSmpaVlJsZUhRZ1BTQW5VMkYyWlNjN0RRcDJZWElnVG05Q2RYUjBiMjVTWlhOdmRYSmpaVlJsZUhRZ1BTQW5UbThuT3cwS2RtRnlJRmxsYzBKMWRIUnZibEpsYzI5MWNtTmxWR1Y0ZENBOUlDZFpaWE1uT3cwS2RtRnlJRlJvYVdOclFtOTRRMnh2YzJWVVpYaDBVbVZ6YjNWeVkyVWdQU0FuYjNJZ1JYTmpJRXRsZVNjN0RRcDJZWElnVkdocFkydENiM2hEYkc5elpVeHBibXRTWlhOdmRYSmpaU0E5SUNkamJHOXpaU2M3RFFwMllYSWdaR1Z3Ykc5NWJXVnVkRVZ1ZG1seWIyNXRaVzUwSUQwZ0oxRkJKenNOQ21RWUFRVWVYMTlEYjI1MGNtOXNjMUpsY1hWcGNtVlFiM04wUW1GamEwdGxlVjlmRmdJRlRXTjBiREF3SkdOMGJEQXdKR04wYkRBd0pFTnZiblJsYm5SUWJHRmpaVWh2YkdSbGNrUmxabUYxYkhRa1ZHOXdURzluWjJWa1QzVjBYeklrWTJoaVZHOXdTMlZsY0V4dloyZGxaRWx1QldCamRHd3dNQ1JqZEd3d01DUmpkR3d3TUNSRGIyNTBaVzUwVUd4aFkyVkliMnhrWlhKRVpXWmhkV3gwSkUxaGMzUmxjbEJzWVdObGFHOXNaR1Z5SkVodmJXVk1iMmRuWldSUGRYUmZOeVJqWWtodmJXVkxaV1Z3VEc5bloyVmtTV1JGLzJKUkZIMFNUaGtSZklkbis3VCs5NDZRNTNncURDU3ZhbHd3QmtuRlZRPT0iIENvcnJlbGF0aW9uQmluZGluZz0iIiBVcmxFbmNvZGU9IlRydWUiIC8+DQogICAgICAgIDxGb3JtUG9zdFBhcmFtZXRlciBOYW1lPSJjdGwwMCRjdGwwMCRjdGwwMCRDb250ZW50UGxhY2VIb2xkZXJEZWZhdWx0JFRvcExvZ2dlZE91dF8yJGhkblNjcmVlbkFyZWEiIFZhbHVlPSJ7eyRISURERU4xLmN0bDAwJGN0bDAwJGN0bDAwJENvbnRlbnRQbGFjZUhvbGRlckRlZmF1bHQkVG9wTG9nZ2VkT3V0XzIkaGRuU2NyZWVuQXJlYX19IiBSZWNvcmRlZFZhbHVlPSIiIENvcnJlbGF0aW9uQmluZGluZz0iIiBVcmxFbmNvZGU9IlRydWUiIC8+DQogICAgICAgIDxGb3JtUG9zdFBhcmFtZXRlciBOYW1lPSJjdGwwMCRjdGwwMCRjdGwwMCRDb250ZW50UGxhY2VIb2xkZXJEZWZhdWx0JENhcnRPdmVydmlld18zJGhkbkZpZWxkU2VsZWN0ZWRPcmRlckl0ZW1DaGVja291dFN0YXRlcyIgVmFsdWU9Int7JEhJRERFTjEuY3RsMDAkY3RsMDAkY3RsMDAkQ29udGVudFBsYWNlSG9sZGVyRGVmYXVsdCRDYXJ0T3ZlcnZpZXdfMyRoZG5GaWVsZFNlbGVjdGVkT3JkZXJJdGVtQ2hlY2tvdXRTdGF0ZXN9fSIgUmVjb3JkZWRWYWx1ZT0iIiBDb3JyZWxhdGlvbkJpbmRpbmc9IiIgVXJsRW5jb2RlPSJUcnVlIiAvPg0KICAgICAgICA8Rm9ybVBvc3RQYXJhbWV0ZXIgTmFtZT0iY3RsMDAkY3RsMDAkY3RsMDAkQ29udGVudFBsYWNlSG9sZGVyRGVmYXVsdCRDYXJ0T3ZlcnZpZXdfMyRoZG5GaWVsZENvbXBsZXRlQ2FydENoZWNrb3V0U3RhdGVFbnVtcyIgVmFsdWU9Int7JEhJRERFTjEuY3RsMDAkY3RsMDAkY3RsMDAkQ29udGVudFBsYWNlSG9sZGVyRGVmYXVsdCRDYXJ0T3ZlcnZpZXdfMyRoZG5GaWVsZENvbXBsZXRlQ2FydENoZWNrb3V0U3RhdGVFbnVtc319IiBSZWNvcmRlZFZhbHVlPSIiIENvcnJlbGF0aW9uQmluZGluZz0iIiBVcmxFbmNvZGU9IlRydWUiIC8+DQogICAgICAgIDxGb3JtUG9zdFBhcmFtZXRlciBOYW1lPSJjdGwwMCRjdGwwMCRjdGwwMCRDb250ZW50UGxhY2VIb2xkZXJEZWZhdWx0JENhcnRPdmVydmlld18zJGhkbkZpZWxkU2VsZWN0ZWRJdGVtSWRzIiBWYWx1ZT0ie3skSElEREVOMS5jdGwwMCRjdGwwMCRjdGwwMCRDb250ZW50UGxhY2VIb2xkZXJEZWZhdWx0JENhcnRPdmVydmlld18zJGhkbkZpZWxkU2VsZWN0ZWRJdGVtSWRzfX0iIFJlY29yZGVkVmFsdWU9IiIgQ29ycmVsYXRpb25CaW5kaW5nPSIiIFVybEVuY29kZT0iVHJ1ZSIgLz4NCiAgICAgICAgPEZvcm1Qb3N0UGFyYW1ldGVyIE5hbWU9ImN0bDAwJGN0bDAwJGN0bDAwJENvbnRlbnRQbGFjZUhvbGRlckRlZmF1bHQkQ2FydE92ZXJ2aWV3XzMkaGRuU2NyZWVuQXJlYSIgVmFsdWU9Int7JEhJRERFTjEuY3RsMDAkY3RsMDAkY3RsMDAkQ29udGVudFBsYWNlSG9sZGVyRGVmYXVsdCRDYXJ0T3ZlcnZpZXdfMyRoZG5TY3JlZW5BcmVhfX0iIFJlY29yZGVkVmFsdWU9IiIgQ29ycmVsYXRpb25CaW5kaW5nPSIiIFVybEVuY29kZT0iVHJ1ZSIgLz4NCiAgICAgICAgPEZvcm1Qb3N0UGFyYW1ldGVyIE5hbWU9ImN0bDAwJGN0bDAwJGN0bDAwJENvbnRlbnRQbGFjZUhvbGRlckRlZmF1bHQkTWFzdGVyUGxhY2Vob2xkZXIkSG9tZUxvZ2dlZE91dF83JHR4dEhvbWVMb2dpbiIgVmFsdWU9InBudGVzdDAwMUBldXJvZmlucy5jb20iIFJlY29yZGVkVmFsdWU9InBudGVzdDAwMUBldXJvZmlucy5jb20iIENvcnJlbGF0aW9uQmluZGluZz0iIiBVcmxFbmNvZGU9IlRydWUiIC8+DQogICAgICAgIDxGb3JtUG9zdFBhcmFtZXRlciBOYW1lPSJjdGwwMCRjdGwwMCRjdGwwMCRDb250ZW50UGxhY2VIb2xkZXJEZWZhdWx0JE1hc3RlclBsYWNlaG9sZGVyJEhvbWVMb2dnZWRPdXRfNyR0eHRIb21lUGFzc3dvcmQiIFZhbHVlPSJwbnRlc3QwMDEiIFJlY29yZGVkVmFsdWU9InBudGVzdDAwMSIgQ29ycmVsYXRpb25CaW5kaW5nPSIiIFVybEVuY29kZT0iVHJ1ZSIgLz4NCiAgICAgICAgPEZvcm1Qb3N0UGFyYW1ldGVyIE5hbWU9ImN0bDAwJGN0bDAwJGN0bDAwJENvbnRlbnRQbGFjZUhvbGRlckRlZmF1bHQkTWFzdGVyUGxhY2Vob2xkZXIkSG9tZUxvZ2dlZE91dF83JGJ0bkhvbWVTdWJtaXQiIFZhbHVlPSJMb2dpbiIgUmVjb3JkZWRWYWx1ZT0iTG9naW4iIENvcnJlbGF0aW9uQmluZGluZz0ie3tGb3JtUG9zdFBhcmFtMjIuY3RsMDAkY3RsMDAkY3RsMDAkQ29udGVudFBsYWNlSG9sZGVyRGVmYXVsdCRNYXN0ZXJQbGFjZWhvbGRlciRIb21lTG9nZ2VkT3V0XzckYnRuSG9tZVN1Ym1pdH19IiBVcmxFbmNvZGU9IlRydWUiIC8+DQogICAgICAgIDxGb3JtUG9zdFBhcmFtZXRlciBOYW1lPSJjdGwwMCRjdGwwMCRjdGwwMCRDb250ZW50UGxhY2VIb2xkZXJEZWZhdWx0JE1hc3RlclBsYWNlaG9sZGVyJEhvbWVMb2dnZWRPdXRfNyR2c0NoZWNrb3V0SG9tZUxvZ2luJGhkblZhbGlkYXRpb25SZXN1bHQiIFZhbHVlPSJ7eyRISURERU4xLmN0bDAwJGN0bDAwJGN0bDAwJENvbnRlbnRQbGFjZUhvbGRlckRlZmF1bHQkTWFzdGVyUGxhY2Vob2xkZXIkSG9tZUxvZ2dlZE91dF83JHZzQ2hlY2tvdXRIb21lTG9naW4kaGRuVmFsaWRhdGlvblJlc3VsdH19IiBSZWNvcmRlZFZhbHVlPSIiIENvcnJlbGF0aW9uQmluZGluZz0iIiBVcmxFbmNvZGU9IlRydWUiIC8+DQogICAgICAgIDxGb3JtUG9zdFBhcmFtZXRlciBOYW1lPSJjdGwwMCRjdGwwMCRjdGwwMCRDb250ZW50UGxhY2VIb2xkZXJEZWZhdWx0JE1hc3RlclBsYWNlaG9sZGVyJEhvbWVMb2dnZWRPdXRfNyRoZG5TY3JlZW5BcmVhIiBWYWx1ZT0ie3skSElEREVOMS5jdGwwMCRjdGwwMCRjdGwwMCRDb250ZW50UGxhY2VIb2xkZXJEZWZhdWx0JE1hc3RlclBsYWNlaG9sZGVyJEhvbWVMb2dnZWRPdXRfNyRoZG5TY3JlZW5BcmVhfX0iIFJlY29yZGVkVmFsdWU9IiIgQ29ycmVsYXRpb25CaW5kaW5nPSIiIFVybEVuY29kZT0iVHJ1ZSIgLz4NCiAgICAgICAgPEZvcm1Qb3N0UGFyYW1ldGVyIE5hbWU9ImN0bDAwJGN0bDAwJGN0bDAwJENvbnRlbnRQbGFjZUhvbGRlckRlZmF1bHQkTWFzdGVyUGxhY2Vob2xkZXIkQ3VzdG9tZXJTdXBwb3J0XzgkaGRuU2NyZWVuQXJlYSIgVmFsdWU9Int7JEhJRERFTjEuY3RsMDAkY3RsMDAkY3RsMDAkQ29udGVudFBsYWNlSG9sZGVyRGVmYXVsdCRNYXN0ZXJQbGFjZWhvbGRlciRDdXN0b21lclN1cHBvcnRfOCRoZG5TY3JlZW5BcmVhfX0iIFJlY29yZGVkVmFsdWU9IiIgQ29ycmVsYXRpb25CaW5kaW5nPSIiIFVybEVuY29kZT0iVHJ1ZSIgLz4NCiAgICAgICAgPEZvcm1Qb3N0UGFyYW1ldGVyIE5hbWU9ImN0bDAwJGN0bDAwJGN0bDAwJENvbnRlbnRQbGFjZUhvbGRlckRlZmF1bHQkaGRuQ2FuSW5pdGlhbGl6ZUN1bHR1cmUiIFZhbHVlPSJ7eyRISURERU4xLmN0bDAwJGN0bDAwJGN0bDAwJENvbnRlbnRQbGFjZUhvbGRlckRlZmF1bHQkaGRuQ2FuSW5pdGlhbGl6ZUN1bHR1cmV9fSIgUmVjb3JkZWRWYWx1ZT0iZmFsc2UiIENvcnJlbGF0aW9uQmluZGluZz0iIiBVcmxFbmNvZGU9IlRydWUiIC8+DQogICAgICAgIDxGb3JtUG9zdFBhcmFtZXRlciBOYW1lPSJjdGwwMCRjdGwwMCRjdGwwMCRDb250ZW50UGxhY2VIb2xkZXJEZWZhdWx0JGhkbkVjb21EcmFnRHJvcEpzb24iIFZhbHVlPSJ7eyRISURERU4xLmN0bDAwJGN0bDAwJGN0bDAwJENvbnRlbnRQbGFjZUhvbGRlckRlZmF1bHQkaGRuRWNvbURyYWdEcm9wSnNvbn19IiBSZWNvcmRlZFZhbHVlPSIiIENvcnJlbGF0aW9uQmluZGluZz0iIiBVcmxFbmNvZGU9IlRydWUiIC8+DQogICAgICAgIDxGb3JtUG9zdFBhcmFtZXRlciBOYW1lPSJjdGwwMCRjdGwwMCRjdGwwMCRDb250ZW50UGxhY2VIb2xkZXJEZWZhdWx0JGhkbkN1cnJlbnRQYWdlSWRlbnRpdHkiIFZhbHVlPSJ7eyRISURERU4xLmN0bDAwJGN0bDAwJGN0bDAwJENvbnRlbnRQbGFjZUhvbGRlckRlZmF1bHQkaGRuQ3VycmVudFBhZ2VJZGVudGl0eX19IiBSZWNvcmRlZFZhbHVlPSIxMTI3IiBDb3JyZWxhdGlvbkJpbmRpbmc9IiIgVXJsRW5jb2RlPSJUcnVlIiAvPg0KICAgICAgICA8Rm9ybVBvc3RQYXJhbWV0ZXIgTmFtZT0iY3RsMDAkY3RsMDAkY3RsMDAkQ29udGVudFBsYWNlSG9sZGVyRGVmYXVsdCRoZG5TY3JvbGxZUG9zaXRpb24iIFZhbHVlPSJ7eyRISURERU4xLmN0bDAwJGN0bDAwJGN0bDAwJENvbnRlbnRQbGFjZUhvbGRlckRlZmF1bHQkaGRuU2Nyb2xsWVBvc2l0aW9ufX0iIFJlY29yZGVkVmFsdWU9IjAiIENvcnJlbGF0aW9uQmluZGluZz0iIiBVcmxFbmNvZGU9IlRydWUiIC8+DQogICAgICAgIDxGb3JtUG9zdFBhcmFtZXRlciBOYW1lPSJfX1ZJRVdTVEFURUdFTkVSQVRPUiIgVmFsdWU9Int7JEhJRERFTjEuX19WSUVXU1RBVEVHRU5FUkFUT1J9fSIgUmVjb3JkZWRWYWx1ZT0iQ0EwQjAzMzQiIENvcnJlbGF0aW9uQmluZGluZz0iIiBVcmxFbmNvZGU9IlRydWUiIC8+DQogICAgICA8L0Zvcm1Qb3N0SHR0cEJvZHk+DQogICAgPC9SZXF1ZXN0Pg0KICAgIDxDb21tZW50IENvbW1lbnRUZXh0PSJDbGlja19NeSBBZGRyZXNzIiAvPg0KICAgIDxSZXF1ZXN0IE1ldGhvZD0iUE9TVCIgR3VpZD0iNGE5MWZmMzMtYjEwZC00N2RmLWIwODgtMjgwMDhhNDBlYmZkIiBWZXJzaW9uPSIxLjEiIFVybD0iaHR0cDovL2luMDFhcHYxMTo4MS9lbi9ob21lLmFzcHgiIFRoaW5rVGltZT0iMCIgVGltZW91dD0iMzAwIiBQYXJzZURlcGVuZGVudFJlcXVlc3RzPSJUcnVlIiBGb2xsb3dSZWRpcmVjdHM9IlRydWUiIFJlY29yZFJlc3VsdD0iVHJ1ZSIgQ2FjaGU9IkZhbHNlIiBSZXNwb25zZVRpbWVHb2FsPSIwIiBFbmNvZGluZz0idXRmLTgiIEV4cGVjdGVkSHR0cFN0YXR1c0NvZGU9IjAiIEV4cGVjdGVkUmVzcG9uc2VVcmw9Imh0dHA6Ly9pbjAxYXB2MTE6ODEvZW4vbXlhZGRyZXNzZXMuYXNweCIgUmVwb3J0aW5nTmFtZT0iIiBJZ25vcmVIdHRwU3RhdHVzQ29kZT0iRmFsc2UiPg0KICAgICAgPERlcGVuZGVudFJlcXVlc3RzPg0KICAgICAgICA8UmVxdWVzdCBNZXRob2Q9IkdFVCIgR3VpZD0iMjRhNmEwNDItYWM1Ni00Njg2LTlmZmUtMDA3ZGVmZjg2MTc4IiBWZXJzaW9uPSIxLjEiIFVybD0iaHR0cHM6Ly9mb250cy5nb29nbGVhcGlzLmNvbS9jc3MiIFRoaW5rVGltZT0iMiIgVGltZW91dD0iMzAwIiBQYXJzZURlcGVuZGVudFJlcXVlc3RzPSJUcnVlIiBGb2xsb3dSZWRpcmVjdHM9IlRydWUiIFJlY29yZFJlc3VsdD0iVHJ1ZSIgQ2FjaGU9IkZhbHNlIiBSZXNwb25zZVRpbWVHb2FsPSIwIiBFbmNvZGluZz0idXRmLTgiIEV4cGVjdGVkSHR0cFN0YXR1c0NvZGU9IjAiIEV4cGVjdGVkUmVzcG9uc2VVcmw9IiIgUmVwb3J0aW5nTmFtZT0iIiBJZ25vcmVIdHRwU3RhdHVzQ29kZT0iRmFsc2UiPg0KICAgICAgICAgIDxIZWFkZXJzPg0KICAgICAgICAgICAgPEhlYWRlciBOYW1lPSJSZWZlcmVyIiBWYWx1ZT0iaHR0cDovL2luMDFhcHYxMTo4MS9lbi9teWFkZHJlc3Nlcy5hc3B4IiAvPg0KICAgICAgICAgIDwvSGVhZGVycz4NCiAgICAgICAgICA8UXVlcnlTdHJpbmdQYXJhbWV0ZXJzPg0KICAgICAgICAgICAgPFF1ZXJ5U3RyaW5nUGFyYW1ldGVyIE5hbWU9ImZhbWlseSIgVmFsdWU9IlJvYm90bzozMDAsNDAwLDUwMCw3MDA/RWNvbVZlcnNpb24lM2Q4LjAuNzguMjEiIFJlY29yZGVkVmFsdWU9IlJvYm90bzozMDAsNDAwLDUwMCw3MDA/RWNvbVZlcnNpb24lM2Q4LjAuNzguMjEiIENvcnJlbGF0aW9uQmluZGluZz0iIiBVcmxFbmNvZGU9IkZhbHNlIiBVc2VUb0dyb3VwUmVzdWx0cz0iRmFsc2UiIC8+DQogICAgICAgICAgPC9RdWVyeVN0cmluZ1BhcmFtZXRlcnM+DQogICAgICAgIDwvUmVxdWVzdD4NCiAgICAgICAgPFJlcXVlc3QgTWV0aG9kPSJHRVQiIEd1aWQ9ImNhMTg5ODdkLTA0YWYtNDUzZS1iYjJlLTVmYWJmZDYyNWFkMSIgVmVyc2lvbj0iMS4xIiBVcmw9Imh0dHBzOi8vY3NpLmdzdGF0aWMuY29tL2NzaSIgVGhpbmtUaW1lPSI1IiBUaW1lb3V0PSIzMDAiIFBhcnNlRGVwZW5kZW50UmVxdWVzdHM9IlRydWUiIEZvbGxvd1JlZGlyZWN0cz0iVHJ1ZSIgUmVjb3JkUmVzdWx0PSJUcnVlIiBDYWNoZT0iRmFsc2UiIFJlc3BvbnNlVGltZUdvYWw9IjAiIEVuY29kaW5nPSJ1dGYtOCIgRXhwZWN0ZWRIdHRwU3RhdHVzQ29kZT0iMCIgRXhwZWN0ZWRSZXNwb25zZVVybD0iIiBSZXBvcnRpbmdOYW1lPSIiIElnbm9yZUh0dHBTdGF0dXNDb2RlPSJGYWxzZSI+DQogICAgICAgICAgPEhlYWRlcnM+DQogICAgICAgICAgICA8SGVhZGVyIE5hbWU9IlJlZmVyZXIiIFZhbHVlPSJodHRwOi8vaW4wMWFwdjExOjgxL2VuL215YWRkcmVzc2VzLmFzcHgiIC8+DQogICAgICAgICAgPC9IZWFkZXJzPg0KICAgICAgICAgIDxRdWVyeVN0cmluZ1BhcmFtZXRlcnM+DQogICAgICAgICAgICA8UXVlcnlTdHJpbmdQYXJhbWV0ZXIgTmFtZT0idiIgVmFsdWU9IjIiIFJlY29yZGVkVmFsdWU9IjIiIENvcnJlbGF0aW9uQmluZGluZz0iIiBVcmxFbmNvZGU9IkZhbHNlIiBVc2VUb0dyb3VwUmVzdWx0cz0iRmFsc2UiIC8+DQogICAgICAgICAgICA8UXVlcnlTdHJpbmdQYXJhbWV0ZXIgTmFtZT0icyIgVmFsdWU9Im1hcHNhcGkzIiBSZWNvcmRlZFZhbHVlPSJtYXBzYXBpMyIgQ29ycmVsYXRpb25CaW5kaW5nPSIiIFVybEVuY29kZT0iRmFsc2UiIFVzZVRvR3JvdXBSZXN1bHRzPSJGYWxzZSIgLz4NCiAgICAgICAgICAgIDxRdWVyeVN0cmluZ1BhcmFtZXRlciBOYW1lPSJ2M3YiIFZhbHVlPSIyOS4xMCIgUmVjb3JkZWRWYWx1ZT0iMjkuMTAiIENvcnJlbGF0aW9uQmluZGluZz0iIiBVcmxFbmNvZGU9IkZhbHNlIiBVc2VUb0dyb3VwUmVzdWx0cz0iRmFsc2UiIC8+DQogICAgICAgICAgICA8UXVlcnlTdHJpbmdQYXJhbWV0ZXIgTmFtZT0iYWN0aW9uIiBWYWx1ZT0iYXBpYm9vdDIiIFJlY29yZGVkVmFsdWU9ImFwaWJvb3QyIiBDb3JyZWxhdGlvbkJpbmRpbmc9IiIgVXJsRW5jb2RlPSJGYWxzZSIgVXNlVG9Hcm91cFJlc3VsdHM9IkZhbHNlIiAvPg0KICAgICAgICAgICAgPFF1ZXJ5U3RyaW5nUGFyYW1ldGVyIE5hbWU9ImUiIFZhbHVlPSIxMF8xXzAsMTBfMl8wIiBSZWNvcmRlZFZhbHVlPSIxMF8xXzAsMTBfMl8wIiBDb3JyZWxhdGlvbkJpbmRpbmc9IiIgVXJsRW5jb2RlPSJGYWxzZSIgVXNlVG9Hcm91cFJlc3VsdHM9IkZhbHNlIiAvPg0KICAgICAgICAgICAgPFF1ZXJ5U3RyaW5nUGFyYW1ldGVyIE5hbWU9InJ0IiBWYWx1ZT0ibWFpbi44IiBSZWNvcmRlZFZhbHVlPSJtYWluLjgiIENvcnJlbGF0aW9uQmluZGluZz0iIiBVcmxFbmNvZGU9IkZhbHNlIiBVc2VUb0dyb3VwUmVzdWx0cz0iRmFsc2UiIC8+DQogICAgICAgICAgPC9RdWVyeVN0cmluZ1BhcmFtZXRlcnM+DQogICAgICAgIDwvUmVxdWVzdD4NCiAgICAgIDwvRGVwZW5kZW50UmVxdWVzdHM+DQogICAgICA8SGVhZGVycz4NCiAgICAgICAgPEhlYWRlciBOYW1lPSJSZWZlcmVyIiBWYWx1ZT0iaHR0cDovL2luMDFhcHYxMTo4MS9lbi9ob21lLmFzcHgiIC8+DQogICAgICA8L0hlYWRlcnM+DQogICAgICA8RXh0cmFjdGlvblJ1bGVzPg0KICAgICAgICA8RXh0cmFjdGlvblJ1bGUgQ2xhc3NuYW1lPSJNaWNyb3NvZnQuVmlzdWFsU3R1ZGlvLlRlc3RUb29scy5XZWJUZXN0aW5nLlJ1bGVzLkV4dHJhY3RIaWRkZW5GaWVsZHMsIE1pY3Jvc29mdC5WaXN1YWxTdHVkaW8uUXVhbGl0eVRvb2xzLldlYlRlc3RGcmFtZXdvcmssIFZlcnNpb249MTAuMC4wLjAsIEN1bHR1cmU9bmV1dHJhbCwgUHVibGljS2V5VG9rZW49YjAzZjVmN2YxMWQ1MGEzYSIgVmFyaWFibGVOYW1lPSIxIiBEaXNwbGF5TmFtZT0iRXh0cmFjdCBIaWRkZW4gRmllbGRzIiBEZXNjcmlwdGlvbj0iRXh0cmFjdCBhbGwgaGlkZGVuIGZpZWxkcyBmcm9tIHRoZSByZXNwb25zZSBhbmQgcGxhY2UgdGhlbSBpbnRvIHRoZSB0ZXN0IGNvbnRleHQuIj4NCiAgICAgICAgICA8UnVsZVBhcmFtZXRlcnM+DQogICAgICAgICAgICA8UnVsZVBhcmFtZXRlciBOYW1lPSJSZXF1aXJlZCIgVmFsdWU9IlRydWUiIC8+DQogICAgICAgICAgICA8UnVsZVBhcmFtZXRlciBOYW1lPSJIdG1sRGVjb2RlIiBWYWx1ZT0iVHJ1ZSIgLz4NCiAgICAgICAgICA8L1J1bGVQYXJhbWV0ZXJzPg0KICAgICAgICA8L0V4dHJhY3Rpb25SdWxlPg0KICAgICAgPC9FeHRyYWN0aW9uUnVsZXM+DQogICAgICA8Q29ycmVsYXRpb25FeHRyYWN0aW9uUnVsZXM+DQogICAgICAgIDxFeHRyYWN0aW9uUnVsZSBDbGFzc25hbWU9Ik1pY3Jvc29mdC5WaXN1YWxTdHVkaW8uVGVzdFRvb2xzLldlYlRlc3RpbmcuUnVsZXMuRXh0cmFjdEZvcm1GaWVsZCwgTWljcm9zb2Z0LlZpc3VhbFN0dWRpby5RdWFsaXR5VG9vbHMuV2ViVGVzdEZyYW1ld29yaywgVmVyc2lvbj0xMC4wLjAuMCwgQ3VsdHVyZT1uZXV0cmFsLCBQdWJsaWNLZXlUb2tlbj1iMDNmNWY3ZjExZDUwYTNhIiBWYXJpYWJsZU5hbWU9IkZvcm1Qb3N0UGFyYW0yMC5jdGwwMCRjdGwwMCRjdGwwMCRDb250ZW50UGxhY2VIb2xkZXJEZWZhdWx0JE1hc3RlclBsYWNlaG9sZGVyJEFkZHJlc3NMaXN0XzUkZ3ZBZGRyZXNzTGlzdCRjdGwwMiRyZGJ0blNlbGVjdEFkZHJlc3MiIERpc3BsYXlOYW1lPSIiIERlc2NyaXB0aW9uPSIiPg0KICAgICAgICAgIDxSdWxlUGFyYW1ldGVycz4NCiAgICAgICAgICAgIDxSdWxlUGFyYW1ldGVyIE5hbWU9Ik5hbWUiIFZhbHVlPSJDb250ZW50UGxhY2VIb2xkZXJEZWZhdWx0X01hc3RlclBsYWNlaG9sZGVyX0FkZHJlc3NMaXN0XzVfZ3ZBZGRyZXNzTGlzdF9yZGJ0blNlbGVjdEFkZHJlc3NfMCIgLz4NCiAgICAgICAgICAgIDxSdWxlUGFyYW1ldGVyIE5hbWU9Ikh0bWxEZWNvZGUiIFZhbHVlPSJUcnVlIiAvPg0KICAgICAgICAgICAgPFJ1bGVQYXJhbWV0ZXIgTmFtZT0iUmVxdWlyZWQiIFZhbHVlPSJGYWxzZSIgLz4NCiAgICAgICAgICAgIDxSdWxlUGFyYW1ldGVyIE5hbWU9IkluZGV4IiBWYWx1ZT0iMCIgLz4NCiAgICAgICAgICA8L1J1bGVQYXJhbWV0ZXJzPg0KICAgICAgICA8L0V4dHJhY3Rpb25SdWxlPg0KICAgICAgICA8RXh0cmFjdGlvblJ1bGUgQ2xhc3NuYW1lPSJNaWNyb3NvZnQuVmlzdWFsU3R1ZGlvLlRlc3RUb29scy5XZWJUZXN0aW5nLlJ1bGVzLkV4dHJhY3RGb3JtRmllbGQsIE1pY3Jvc29mdC5WaXN1YWxTdHVkaW8uUXVhbGl0eVRvb2xzLldlYlRlc3RGcmFtZXdvcmssIFZlcnNpb249MTAuMC4wLjAsIEN1bHR1cmU9bmV1dHJhbCwgUHVibGljS2V5VG9rZW49YjAzZjVmN2YxMWQ1MGEzYSIgVmFyaWFibGVOYW1lPSJGb3JtUG9zdFBhcmFtMjEuY3RsMDAkY3RsMDAkY3RsMDAkQ29udGVudFBsYWNlSG9sZGVyRGVmYXVsdCRNYXN0ZXJQbGFjZWhvbGRlciRBZGRyZXNzTGlzdF82JGd2QWRkcmVzc0xpc3QkY3RsMDIkcmRidG5TZWxlY3RBZGRyZXNzIiBEaXNwbGF5TmFtZT0iIiBEZXNjcmlwdGlvbj0iIj4NCiAgICAgICAgICA8UnVsZVBhcmFtZXRlcnM+DQogICAgICAgICAgICA8UnVsZVBhcmFtZXRlciBOYW1lPSJOYW1lIiBWYWx1ZT0iQ29udGVudFBsYWNlSG9sZGVyRGVmYXVsdF9NYXN0ZXJQbGFjZWhvbGRlcl9BZGRyZXNzTGlzdF82X2d2QWRkcmVzc0xpc3RfcmRidG5TZWxlY3RBZGRyZXNzXzAiIC8+DQogICAgICAgICAgICA8UnVsZVBhcmFtZXRlciBOYW1lPSJIdG1sRGVjb2RlIiBWYWx1ZT0iVHJ1ZSIgLz4NCiAgICAgICAgICAgIDxSdWxlUGFyYW1ldGVyIE5hbWU9IlJlcXVpcmVkIiBWYWx1ZT0iRmFsc2UiIC8+DQogICAgICAgICAgICA8UnVsZVBhcmFtZXRlciBOYW1lPSJJbmRleCIgVmFsdWU9IjAiIC8+DQogICAgICAgICAgPC9SdWxlUGFyYW1ldGVycz4NCiAgICAgICAgPC9FeHRyYWN0aW9uUnVsZT4NCiAgICAgIDwvQ29ycmVsYXRpb25FeHRyYWN0aW9uUnVsZXM+DQogICAgICA8Rm9ybVBvc3RIdHRwQm9keT4NCiAgICAgICAgPEZvcm1Qb3N0UGFyYW1ldGVyIE5hbWU9Il9fRVZFTlRUQVJHRVQiIFZhbHVlPSJ7eyRISURERU4xLl9fRVZFTlRUQVJHRVR9fSIgUmVjb3JkZWRWYWx1ZT0iY3RsMDAkY3RsMDAkY3RsMDAkQ29udGVudFBsYWNlSG9sZGVyRGVmYXVsdCRUb3BMb2dnZWRJbl8xJGxuYlRvcExvZ2dlZEluTXlBZGRyZXNzZXMiIENvcnJlbGF0aW9uQmluZGluZz0iIiBVcmxFbmNvZGU9IlRydWUiIC8+DQogICAgICAgIDxGb3JtUG9zdFBhcmFtZXRlciBOYW1lPSJfX0VWRU5UQVJHVU1FTlQiIFZhbHVlPSJ7eyRISURERU4xLl9fRVZFTlRBUkdVTUVOVH19IiBSZWNvcmRlZFZhbHVlPSIiIENvcnJlbGF0aW9uQmluZGluZz0iIiBVcmxFbmNvZGU9IlRydWUiIC8+DQogICAgICAgIDxGb3JtUG9zdFBhcmFtZXRlciBOYW1lPSJfX1ZJRVdTVEFURSIgVmFsdWU9Int7JEhJRERFTjEuX19WSUVXU1RBVEV9fSIgUmVjb3JkZWRWYWx1ZT0iL3dFUER3VUVOVE00TVE5a0ZnSm1EMlFXQW1ZUFpCWUNaZzlrRmdKbUQyUVdBZ0lERHhZR0hnWnZibXh2WVdRRlAybG1LSFI1Y0dWdlppQlBia0poWTJ0Q2RYUjBiMjVEYkdsamF5QTlQU0FpWm5WdVkzUnBiMjRpS1NCUGJrSmhZMnRDZFhSMGIyNURiR2xqYXlncE94NEtiMjV3WVdkbGMyaHZkd1ZUYVdZZ0tHVjJaVzUwTG5CbGNuTnBjM1JsWkNBbUppQjBlWEJsYjJZZ1QyNUNZV05yUW5WMGRHOXVRMnhwWTJzZ1BUMGdJbVoxYm1OMGFXOXVJaWtnVDI1Q1lXTnJRblYwZEc5dVEyeHBZMnNvS1RzZUNHOXVkVzVzYjJGa1pSWUNBZ0VRWkdRV0NnSUlEMlFXQW1ZUFpCWVNBZ0lQRlFGWFEyOXVkR1Z1ZEZCc1lXTmxTRzlzWkdWeVJHVm1ZWFZzZEY5VWIzQk1iMmRuWldSSmJsOHhYM0J1YkVSeVlXZGhZbXhsVjJsdVpHOTNRMjl1ZEdWdWRGOUpibXhwYm1WTlpYTnpZV2RsUTI5dWRHRnBibVZ5WkFJREQyUVdBZ0lCRHc4V0FoNEVWR1Y0ZEFVR1RHOW5iM1YwWkdRQ0JROFBGZ0llQjFacGMybGliR1ZuWkJZQ0FnRVBEeFlHSGd0T1lYWnBaMkYwWlZWeWJBVVVmaTloWkcxcGJpOTNaV3hqYjIxbExtRnpjSGdmQXdVT1FXUnRhVzVwYzNSeVlYUnBiMjRmQkdka1pBSUhEdzhXQWg4RVoyUVdCZ0lCRHhZQ0h3TUZCVWhsYkd4dlpBSUREeFlDSHdNRkZYQnVkR1Z6ZEdZd01ERWdjRzUwWlhOMGJEQXdNV1FDQlE4V0FoNEphVzV1WlhKb2RHMXNCUTFCWTJOdmRXNTBJRWxFSURvZ1pBSUpEMlFXQ0FJQkR4WUNId01GQXlvcUttUUNBdzhQRmdJZkEyVmtaQUlGRHc4V0FoOERCUkVvWW1WamIyMWxJSGx2ZFhKelpXeG1LV1JrQWdjUEZnSWZBd1VES2lvcVpBSU5EdzhXQWg4RVoyUVdBZ0lCRHc4V0JCOERCUXhOZVNCRVlYTm9ZbTloY21RZkJHZGtaQUlQRHc4V0FoOEVaMlFXQWdJQkR3OFdDQjRJUTNOelEyeGhjM01GRFdWbVEyOXNiM0pQY21GdVoyVWZBd1VKVFhrZ1QzSmtaWEp6SGdSZklWTkNBZ0lmQkdka1pBSVJEdzhXQWg4RVoyUVdBZ0lCRHc4V0JCOERCUXhOZVNCQlpHUnlaWE56WlhNZkJHZGtaQUlURHc4V0FoOEVaMlFXQWdJQkR3OFdCQjhEQlE1TmVTQlFjbVZtWlhKbGJtTmxjeDhFWjJSa0Fnb1BaQllDWmc4UEZnSWZCR2hrRmdZQ0F3OFBGZ0lmQlFVakwyVnVMMk5vWldOcmIzVjBMM04wWlhBeExtRnpjSGcvYm05a1pVbGtQVEV4TWpka1pBSUZEdzlrRmdJZUJHaHlaV1lGQVNOa0Fna1BEMlFXQWg0RmRHbDBiR1VGQlV4dloybHVGZ2dDQVE4UEZnWWZBd1VHUlcxaGFXdzZId2NGRnlCeVpYRjFhWEpsWkVacFpXeGtRMmhoY21GamRHVnlId2dDQW1Sa0Fna1BEeFlHSHdNRkEzc3dmUjhIQlJjZ2NtVnhkV2x5WldSR2FXVnNaRU5vWVhKaFkzUmxjaDhJQWdKa1pBSVJEdzhXQWg4RkJSY3ZaVzR2Wm05eVoyOTBjR0Z6YzNkdmNtUXVZWE53ZUdSa0FoTVBEeFlDSHdVRkl5OWxiaTlqYUdWamEyOTFkQzl6ZEdWd01TNWhjM0I0UDI1dlpHVkpaRDB4TVRJM1pHUUNEQTlrRmdKbUQyUVdEQUlJRHc4V0JCOEhCUTFqWVhKMExXbGpiMjVHZFd4c0h3Z0NBbVFXQWdJQkR3OFdBaDhGQlEwdlpXNHZZMkZ5ZEM1aGMzQjRaR1FDQ2c4V0FoOERCUWs0SUVsMFpXMG9jeWxrQWd3UEZnSWZBd1VNTnk0NU16WXNNREFnNG9Lc1pBSU9EdzhXQWg4RVoyUVdDQUlCRDJRV0FnSUJEeFlDSHdNRkVFeGhjM1FnWVdSa1pXUWdhWFJsYlhOa0FnTVBGZ0lmQmdYYkRUeGthWFlnWTJ4aGMzTTlKMnhsWm5RblBqazJkMlZzYkNCQloyRnlJRkJzWVhSbFBDOWthWFkrUEdScGRpQmpiR0Z6Y3owbmNtbG5hSFFuUGp4aElHaHlaV1k5SnlNbklHOXVZMnhwWTJzOUoxTm9iM2RFYVdGc2IyY29Janh3UGtSdklIbHZkU0J5WldGc2JIa2dkMkZ1ZENCMGJ5QmtaV3hsZEdVZ2RHaHBjeUJwZEdWdEtITXBQend2Y0Q0aUxIc2lSR2xoYkc5blEyeGhjM01pT2lJaUxDSklaV2xuYUhRaU9pSmhkWFJ2SWl3aVRXOWtZV3dpT25SeWRXVXNJbEJ2YzJsMGFXOXVJam9pWTJWdWRHVnlJaXdpVjJsa2RHZ2lPaUl6TURBaUxDSkRiRzl6WVdKc1pTSTZkSEoxWlN3aVZHbDBiR1VpT2lKRVpXeGxkR1VpTENKQ2RYUjBiMjR4VkdWNGRDSTZJbGxsY3lJc0lrSjFkSFJ2YmpKVVpYaDBJam9pVG04aUxDSkNkWFIwYjI0eFEyRnNiR0poWTJzaU9pSkVaV3hsZEdWUGNtUmxja2wwWlcwaUxDSkNkWFIwYjI0eVEyRnNiR0poWTJzaU9tNTFiR3dzSWtKMWRIUnZiakZEWVd4c1ltRmphMUJoY21GdFpYUmxjbk1pT2lKN1hDSkpaRndpT2pNMk1qUTFNbjBpTENKQ2RYUjBiMjR5UTJGc2JHSmhZMnRRWVhKaGJXVjBaWEp6SWpwdWRXeHNMQ0pTWlhOcGVtRmliR1VpT21aaGJITmxMQ0pFY21GbloyRmliR1VpT21aaGJITmxMQ0pCZFhSdlQzQmxiaUk2Wm1Gc2MyVXNJa0Z3Y0dWdVpGUnZJam9pWW05a2VTSXNJazFoZUVobGFXZG9kQ0k2TkRBd0xDSk5ZWGhYYVdSMGFDSTZNekF3TENKTmFXNUlaV2xuYUhRaU9qRTFNQ3dpVFdsdVYybGtkR2dpT2pFMU1IMHBPeWMrZUR3dllUNDhMMlJwZGo0TkNqeGthWFlnWTJ4aGMzTTlKMnhsWm5RblBqazJkMlZzYkNCQloyRnlJRkJzWVhSbFBDOWthWFkrUEdScGRpQmpiR0Z6Y3owbmNtbG5hSFFuUGp4aElHaHlaV1k5SnlNbklHOXVZMnhwWTJzOUoxTm9iM2RFYVdGc2IyY29Janh3UGtSdklIbHZkU0J5WldGc2JIa2dkMkZ1ZENCMGJ5QmtaV3hsZEdVZ2RHaHBjeUJwZEdWdEtITXBQend2Y0Q0aUxIc2lSR2xoYkc5blEyeGhjM01pT2lJaUxDSklaV2xuYUhRaU9pSmhkWFJ2SWl3aVRXOWtZV3dpT25SeWRXVXNJbEJ2YzJsMGFXOXVJam9pWTJWdWRHVnlJaXdpVjJsa2RHZ2lPaUl6TURBaUxDSkRiRzl6WVdKc1pTSTZkSEoxWlN3aVZHbDBiR1VpT2lKRVpXeGxkR1VpTENKQ2RYUjBiMjR4VkdWNGRDSTZJbGxsY3lJc0lrSjFkSFJ2YmpKVVpYaDBJam9pVG04aUxDSkNkWFIwYjI0eFEyRnNiR0poWTJzaU9pSkVaV3hsZEdWUGNtUmxja2wwWlcwaUxDSkNkWFIwYjI0eVEyRnNiR0poWTJzaU9tNTFiR3dzSWtKMWRIUnZiakZEWVd4c1ltRmphMUJoY21GdFpYUmxjbk1pT2lKN1hDSkpaRndpT2pNMk1qUTFNSDBpTENKQ2RYUjBiMjR5UTJGc2JHSmhZMnRRWVhKaGJXVjBaWEp6SWpwdWRXeHNMQ0pTWlhOcGVtRmliR1VpT21aaGJITmxMQ0pFY21GbloyRmliR1VpT21aaGJITmxMQ0pCZFhSdlQzQmxiaUk2Wm1Gc2MyVXNJa0Z3Y0dWdVpGUnZJam9pWW05a2VTSXNJazFoZUVobGFXZG9kQ0k2TkRBd0xDSk5ZWGhYYVdSMGFDSTZNekF3TENKTmFXNUlaV2xuYUhRaU9qRTFNQ3dpVFdsdVYybGtkR2dpT2pFMU1IMHBPeWMrZUR3dllUNDhMMlJwZGo0TkNqeGthWFlnWTJ4aGMzTTlKMnhsWm5RblBqazJkMlZzYkNCQloyRnlJRkJzWVhSbFBDOWthWFkrUEdScGRpQmpiR0Z6Y3owbmNtbG5hSFFuUGp4aElHaHlaV1k5SnlNbklHOXVZMnhwWTJzOUoxTm9iM2RFYVdGc2IyY29Janh3UGtSdklIbHZkU0J5WldGc2JIa2dkMkZ1ZENCMGJ5QmtaV3hsZEdVZ2RHaHBjeUJwZEdWdEtITXBQend2Y0Q0aUxIc2lSR2xoYkc5blEyeGhjM01pT2lJaUxDSklaV2xuYUhRaU9pSmhkWFJ2SWl3aVRXOWtZV3dpT25SeWRXVXNJbEJ2YzJsMGFXOXVJam9pWTJWdWRHVnlJaXdpVjJsa2RHZ2lPaUl6TURBaUxDSkRiRzl6WVdKc1pTSTZkSEoxWlN3aVZHbDBiR1VpT2lKRVpXeGxkR1VpTENKQ2RYUjBiMjR4VkdWNGRDSTZJbGxsY3lJc0lrSjFkSFJ2YmpKVVpYaDBJam9pVG04aUxDSkNkWFIwYjI0eFEyRnNiR0poWTJzaU9pSkVaV3hsZEdWUGNtUmxja2wwWlcwaUxDSkNkWFIwYjI0eVEyRnNiR0poWTJzaU9tNTFiR3dzSWtKMWRIUnZiakZEWVd4c1ltRmphMUJoY21GdFpYUmxjbk1pT2lKN1hDSkpaRndpT2pNMk1qUTBPWDBpTENKQ2RYUjBiMjR5UTJGc2JHSmhZMnRRWVhKaGJXVjBaWEp6SWpwdWRXeHNMQ0pTWlhOcGVtRmliR1VpT21aaGJITmxMQ0pFY21GbloyRmliR1VpT21aaGJITmxMQ0pCZFhSdlQzQmxiaUk2Wm1Gc2MyVXNJa0Z3Y0dWdVpGUnZJam9pWW05a2VTSXNJazFoZUVobGFXZG9kQ0k2TkRBd0xDSk5ZWGhYYVdSMGFDSTZNekF3TENKTmFXNUlaV2xuYUhRaU9qRTFNQ3dpVFdsdVYybGtkR2dpT2pFMU1IMHBPeWMrZUR3dllUNDhMMlJwZGo0TkNtUUNCUThQRmdRZkJRVU5MMlZ1TDJOaGNuUXVZWE53ZUI4REJRUkRZWEowWkdRQ0J3OFBGZ1lmQXdVSVEyaGxZMnR2ZFhRZUIwVnVZV0pzWldSbkh3Um5GZ0llQjA5dVEyeHBZMnNGbHl4eVpYUjFjbTRnVm1Gc2FXUmhkR1ZKZEdWdGMxUnZRMmhsWTJ0UGRYUlBjbEYxYjNSbEtIc2lRMnh2YzJWQ2RYUjBiMjVVWlhoMElqb2lRMnh2YzJVaUxDSkJiR1Z5ZEUxbGMzTmhaMlZVYVhSc1pTSTZJa0ZzWlhKMElFMWxjM05oWjJVaUxDSkRhR1ZqYTI5MWRGTjBZWFJsUlc1MWJTSTZleUpKYm5aaGJHbGtJam9pU1c1MllXeHBaQ0lzSWxGMWIzUmhZbXhsVDI1c2VTSTZJbEYxYjNSaFlteGxUMjVzZVNJc0lrOXlaR1Z5WVdKc1pVOXViSGtpT2lKUGNtUmxjbUZpYkdWUGJteDVJaXdpVDNKa1pYSmhZbXhsUVc1a1VYVnZkR0ZpYkdVaU9pSlBjbVJsY21GaWJHVkJibVJSZFc5MFlXSnNaU0lzSWs1dmRFOXlaR1Z5WVdKc1pVRnVaRkYxYjNSaFlteGxJam9pVG05MFQzSmtaWEpoWW14bFFXNWtVWFZ2ZEdGaWJHVWlMQ0pPYjNSUGNtUmxjbUZpYkdWQmJtUlJkVzkwWVdKc1pWZHBkR2hKYm5aaGJHbGtJam9pVG05MFQzSmtaWEpoWW14bFFXNWtVWFZ2ZEdGaWJHVlhhWFJvU1c1MllXeHBaQ0lzSWtabGQwOXlaR1Z5WVdKc1pVOXViSGtpT2lKR1pYZFBjbVJsY21GaWJHVlBibXg1SWl3aVJtVjNUM0prWlhKaFlteGxRVzVrUm1WM1VYVnZkR0ZpYkdVaU9pSkdaWGRQY21SbGNtRmliR1ZCYm1SR1pYZFJkVzkwWVdKc1pTSXNJa1psZDFGMWIzUmhZbXhsVDI1c2VWZHBkR2hKYm5aaGJHbGtJam9pUm1WM1VYVnZkR0ZpYkdWUGJteDVWMmwwYUVsdWRtRnNhV1FpTENKR1pYZFBjbVJsY21GaWJHVlBibXg1VjJsMGFFbHVkbUZzYVdRaU9pSkdaWGRQY21SbGNtRmliR1ZQYm14NVYybDBhRWx1ZG1Gc2FXUWlMQ0pHWlhkUGNtUmxjbUZpYkdWQmJtUkdaWGRSZFc5MFlXSnNaVmRwZEdoSmJuWmhiR2xrSWpvaVJtVjNUM0prWlhKaFlteGxRVzVrUm1WM1VYVnZkR0ZpYkdWWGFYUm9TVzUyWVd4cFpDSXNJa1psZDA5eVpHVnlZV0pzWlVGdVpFRnNiRkYxYjNSaFlteGxJam9pUm1WM1QzSmtaWEpoWW14bFFXNWtRV3hzVVhWdmRHRmliR1VpTENKQmJHeFBjbVJsY21GaWJHVkJibVJHWlhkUmRXOTBZV0pzWlNJNklrRnNiRTl5WkdWeVlXSnNaVUZ1WkVabGQxRjFiM1JoWW14bEluMHNJa2wwWlcxVGRHRjBaVVZ1ZFcwaU9uc2lTVzUyWVd4cFpDSTZJa2x1ZG1Gc2FXUWlMQ0pSZFc5MFlXSnNaVTl1YkhraU9pSlJkVzkwWVdKc1pVOXViSGtpTENKUGNtUmxjbUZpYkdWUGJteDVJam9pVDNKa1pYSmhZbXhsVDI1c2VTSXNJazl5WkdWeVlXSnNaVUZ1WkZGMWIzUmhZbXhsSWpvaVQzSmtaWEpoWW14bFFXNWtVWFZ2ZEdGaWJHVWlMQ0pPYjNSUGNtUmxjbUZpYkdWQmJtUlJkVzkwWVdKc1pTSTZJazV2ZEU5eVpHVnlZV0pzWlVGdVpGRjFiM1JoWW14bElpd2lUbTkwVDNKa1pYSmhZbXhsUVc1a1VYVnZkR0ZpYkdWWGFYUm9TVzUyWVd4cFpDSTZJazV2ZEU5eVpHVnlZV0pzWlVGdVpGRjFiM1JoWW14bFYybDBhRWx1ZG1Gc2FXUWlMQ0pHWlhkUGNtUmxjbUZpYkdWUGJteDVJam9pUm1WM1QzSmtaWEpoWW14bFQyNXNlU0lzSWtabGQwOXlaR1Z5WVdKc1pVRnVaRVpsZDFGMWIzUmhZbXhsSWpvaVJtVjNUM0prWlhKaFlteGxRVzVrUm1WM1VYVnZkR0ZpYkdVaUxDSkdaWGRSZFc5MFlXSnNaVTl1YkhsWGFYUm9TVzUyWVd4cFpDSTZJa1psZDFGMWIzUmhZbXhsVDI1c2VWZHBkR2hKYm5aaGJHbGtJaXdpUm1WM1QzSmtaWEpoWW14bFQyNXNlVmRwZEdoSmJuWmhiR2xrSWpvaVJtVjNUM0prWlhKaFlteGxUMjVzZVZkcGRHaEpiblpoYkdsa0lpd2lSbVYzVDNKa1pYSmhZbXhsUVc1a1JtVjNVWFZ2ZEdGaWJHVlhhWFJvU1c1MllXeHBaQ0k2SWtabGQwOXlaR1Z5WVdKc1pVRnVaRVpsZDFGMWIzUmhZbXhsVjJsMGFFbHVkbUZzYVdRaUxDSkdaWGRQY21SbGNtRmliR1ZCYm1SQmJHeFJkVzkwWVdKc1pTSTZJa1psZDA5eVpHVnlZV0pzWlVGdVpFRnNiRkYxYjNSaFlteGxJaXdpUVd4c1QzSmtaWEpoWW14bFFXNWtSbVYzVVhWdmRHRmliR1VpT2lKQmJHeFBjbVJsY21GaWJHVkJibVJHWlhkUmRXOTBZV0pzWlNKOUxDSm9aRzVHYVdWc1pGTmxiR1ZqZEdWa1QzSmtaWEpKZEdWdFEyaGxZMnR2ZFhSVGRHRjBaWE5EYkdsbGJuUkpaQ0k2SWtOdmJuUmxiblJRYkdGalpVaHZiR1JsY2tSbFptRjFiSFJmUTJGeWRFOTJaWEoyYVdWM1h6TmZhR1J1Um1sbGJHUlRaV3hsWTNSbFpFOXlaR1Z5U1hSbGJVTm9aV05yYjNWMFUzUmhkR1Z6SWl3aWFHUnVSbWxsYkdSVFpXeGxZM1JsWkVsMFpXMUpaSE5EYkdsbGJuUkpaQ0k2SWtOdmJuUmxiblJRYkdGalpVaHZiR1JsY2tSbFptRjFiSFJmUTJGeWRFOTJaWEoyYVdWM1h6TmZhR1J1Um1sbGJHUlRaV3hsWTNSbFpFbDBaVzFKWkhNaUxDSlBjbVJsY2xObGJHVmpkR1ZrVUhKdlpIVmpkSE1pT2pFc0lrTnZibVpwY20xaGRHbHZibFJwZEd4bFVtVnpiM1Z5WTJVaU9pSkRiMjVtYVhKdFlYUnBiMjRpTENKUWNtOWpaV1ZrUW5WMGRHOXVWR1Y0ZENJNklsQnliMk5sWldRaUxDSlFjbTlqWldWa1FuVjBkRzl1UTJGc2JHSmhZMnNpT2lKV1lXeHBaR0YwWlVsMFpXMXpWRzlEYUdWamEwOTFkRTl5VVhWdmRHVWlMQ0pKYm5aaGJHbGtTWFJsYlhOVFpXeGxZM1JsWkVadmNrTm9aV05yYjNWMFVtVnpiM1Z5WTJVaU9pSlVhR1Z5WlNCaGNtVWdjMjl0WlNCcGJuWmhiR2xrSUdsMFpXMXpJR05vYjNObGJpQm1iM0lnWTJobFkydHZkWFFpTENKT2IwOXlaR1Z5WVdKc1pVbDBaVzF6VTJWc1pXTjBaV1JHYjNKRGFHVmphMjkxZEZKbGMyOTFjbU5sSWpvaVRtOGdkbUZzYVdRZ2IzSmtaWEpoWW14bElHbDBaVzF6SUdGeVpTQmphRzl6Wlc0Z1ptOXlJRzl5WkdWeUlIQnliMk5sYzNNaUxDSk9iMUYxYjNSaFlteGxTWFJsYlhOVFpXeGxZM1JsWkVadmNrTm9aV05yYjNWMFVtVnpiM1Z5WTJVaU9pSk9ieUIyWVd4cFpDQnhkVzkwWVdKc1pTQnBkR1Z0Y3lCaGNtVWdZMmh2YzJWdUlHWnZjaUJ4ZFc5MFpTQndjbTlqWlhOeklpd2lUM0prWlhKaFlteGxRVzVrVG05dVQzSmtaWEpoWW14bFNYUmxiWE5UWld4bFkzUmxaRVp2Y2tOb1pXTnJiM1YwVW1WemIzVnlZMlVpT2lKWmIzVWdZMkZ1SUdWcGRHaGxjaUFuY0hKdlkyVmxaQ2NnZDJsMGFDQnZjbVJsY2lCd2NtOWpaWE56SUc5bUlIUm9aU0J2Y21SbGNtRmliR1VnYVhSbGJYTWdiM0lnWldScGRDQjBhR1VnYm05dUxXOXlaR1Z5WVdKc1pTQnBkR1Z0Y3lJc0lsRjFiM1JoWW14bFFXNWtUbTl1VVhWdmRHRmliR1ZKZEdWdGMxTmxiR1ZqZEdWa1JtOXlRMmhsWTJ0dmRYUlNaWE52ZFhKalpTSTZJbGx2ZFNCallXNGdaV2wwYUdWeUlDZHdjbTlqWldWa0p5QjNhWFJvSUhGMWIzUmxJSEJ5YjJObGMzTWdiMllnZEdobElIRjFiM1JoWW14bElHbDBaVzF6SUc5eUlHVmthWFFnZEdobElHNXZiaTF4ZFc5MFlXSnNaU0JwZEdWdGN5SXNJbEYxYjNSbFUyVnNaV04wWldSUWNtOWtkV04wY3lJNk1pd2lUbTlKZEdWdGMxTmxiR1ZqZEdWa0lqb2lUbThnU1hSbGJYTWdVMlZzWldOMFpXUXVJRkJzWldGelpTQmphRzl2YzJVZ2IyNWxJQ2h2Y2lrZ2JXOXlaU0JwZEdWdGN5QjBieUJ3WlhKbWIzSnRJSFJvWlNCaFkzUnBiMjR1SWl3aVEyRnlkRUZqZEdsdmJrUmxiR1YwWlZObGJHVmpkR1ZrVUhKdlpIVmpkSE1pT2pVc0lsZHBjMmhNYVhOMFFXTjBhVzl1YzBSbGJHVjBaVk5sYkdWamRHVmtVSEp2WkhWamRITWlPaklzSWtSbGJHVjBaVU52Ym1acGNtMWhkR2x2YmsxbGMzTmhaMlZTWlhOdmRYSmpaU0k2SWp4d1BrUnZJSGx2ZFNCeVpXRnNiSGtnZDJGdWRDQjBieUJrWld4bGRHVWdkR2hwY3lCcGRHVnRLSE1wUHp3dmNENGlMQ0pFWld4bGRHVkRiMjVtYVhKdFlYUnBiMjVPYjBKMWRIUnZibEpsYzI5MWNtTmxJam9pVG04aUxDSkVaV3hsZEdWRGIyNW1hWEp0WVhScGIyNVpaWE5DZFhSMGIyNVNaWE52ZFhKalpTSTZJbGxsY3lJc0lrUmxiR1YwWlVOdmJtWnBjbTFoZEdsdmJraGxZV1JsY2xSbGVIUlNaWE52ZFhKalpTSTZJa1JsYkdWMFpTSXNJa05oY25SQlkzUnBiMjRpT2pFc0lrTm9aV05yYjNWMFFuVjBkRzl1VTJOeWFYQjBJanB1ZFd4c0xDSkRhR1ZqYTI5MWRGTmxjWFZsYm1OcGJtZEJibVJRY21sdFpYSlFiM0IxY0UxbGMzTmhaMlZJWldGa1pYSWlPaUlpTENKRGFHVmphMjkxZEZObGNYVmxibU5wYm1kQmJtUlFjbWx0WlhKUWIzQjFjRTFsYzNOaFoyVklaV0ZrWlhKSmJtWnZjbTFoZEdsdmJpSTZJa2wwSUdseklHNXZkQ0J3YjNOemFXSnNaU0IwYnlCamFHVmphMjkxZENBdklIRjFiM1JsSUhObGNYVmxibU5wYm1jZ2NtVmhZM1JwYjI1eklIZHBkR2h2ZFhRZ2NISnBiV1Z5Y3lCM2FHbGphQ0JoY21VZ1lYTnpiMk5wWVhSbFpDQjBieUJ6Wld4bFkzUmxaQ0J6WlhGMVpXNWphVzVuSUdsMFpXMXpJR2x1SUhSb2FYTWdiM0prWlhJNklEd3ZZbkkrUEM5aWNqNGlMQ0pEYUdWamEyOTFkRk5sY1hWbGJtTnBibWRCYm1SUWNtbHRaWEpRYjNCMWNFMWxjM05oWjJWR2IyOTBaWEpKYm1admNtMWhkR2x2YmlJNklpSXNJa05vWldOcmIzVjBVMlZ4ZFdWdVkybHVaMEZ1WkZCeWFXMWxjbEJ2Y0hWd1RXVnpjMkZuWlVOc2IzTmxRblYwZEc5dVZHVjRkQ0k2SWlJc0lrTm9aV05yYjNWMFUyVnhkV1Z1WTJsdVowRnVaRkJ5YVcxbGNsQnZjSFZ3Um05eWJXRjBUV1Z6YzJGblpTSTZJaUlzSWtOb1pXTnJiM1YwVUhKcGJXVnlRV3h2Ym1WUWIzQjFjRTFsYzNOaFoyVkRiRzl6WlVKMWRIUnZibFJsZUhRaU9pSWlMQ0pEYUdWamEyOTFkRkJ5YVcxbGNrRnNiMjVsVUc5d2RYQk5aWE56WVdkbElqb2lVSEpwYldWeUlHRnNiMjVsSUdOaGJtNXZkQ0JpWlNCamFHVmphMlZrSUc5MWRDNGdVR3hsWVhObElITmxiR1ZqZENCaGRHeGxZWE4wSUc5dVpTQmhjM052WTJsaGRHVmtJSE5sY1hWbGJtTnBibWNnU1hSbGJTNGlMQ0pEYUdWamEyOTFkRkJ5YVcxbGNrRnNiMjVsVUc5d2RYQk5aWE56WVdkbFNHVmhaR1Z5SWpvaVVHeGxZWE5sSUU1dmRHVWlMQ0pDWVhKRGIyUmxWbUZzYVdSaGRHbHZibEJ2Y0hWd1EyeHZjMlZDZFhSMGIyNVVaWGgwSWpvaVQyc2lMQ0pDWVhKRGIyUmxWbUZzYVdSaGRHbHZibEJ2Y0hWd1RXVnpjMkZuWlNJNklrSmhjbU52WkdVZ1ptOXlJRk5sYkdWamRHVmtJRWwwWlcwZ2FYTWdhVzUyWVd4cFpDSXNJa0poY2tOdlpHVldZV3hwWkdGMGFXOXVVRzl3ZFhCTlpYTnpZV2RsU0dWaFpHVnlJam9pVUd4bFlYTmxJRTV2ZEdVaUxDSlRZVzFsUkdGNVJHVnNhWFpsY25sV1lXeHBaR0YwYVc5dVVHOXdkWEJIYjBKaFkydENkWFIwYjI1VVpYaDBJam9pVjJGcGRDQjFiblJwYkNCaGJHd2dUM0prWlhKeklHRnlaU0JtYVc1cGMyaGxaQ0IwYnlCVGFHbHdJRzl1WTJVaUxDSlRZVzFsUkdGNVJHVnNhWFpsY25sV1lXeHBaR0YwYVc5dVVHOXdkWEJEYUdWamEyOTFkRUoxZEhSdmJsUmxlSFFpT2lKRGFHVmphMjkxZENCVFlXMWxJRVJoZVNCUGJHbG5iM01nVDI1c2VTSXNJbE5oYldWRVlYbEVaV3hwZG1WeWVWWmhiR2xrWVhScGIyNVFiM0IxY0UxbGMzTmhaMlZJWldGa1pYSWlPaUpRYkdWaGMyVWdjMlZzWldOMElpd2lVMkZ0WlVSaGVVUmxiR2wyWlhKNVZtRnNhV1JoZEdsdmJsQnZjSFZ3VFdWemMyRm5aVVJsYzJOeWFYQjBhVzl1SWpvaVdXOTFjaUJqWVhKMElHTnZiblJoYVc1eklITmhiV1VnWkdGNUlHOXNhV2R2Y3l3Z2QyaHBZMmdnYm1WbFpDQjBieUJpWlNCamFHVmphMlZrSUc5MWRDQnpaWEJsY21GMFpXeDVJR2x1SUc5eVpHVnlJSFJ2SUdWdWMzVnlaU0IwYUdVZ1ptRnpkR1Z6ZENCa1pXeHBkbVZ5ZVM0Z1ZHaGxJRzkwYUdWeUlHbDBaVzF6SUhkcGJHd2dZbVVnZDJGcGRHbHVaeUJwYmlCNWIzVnlJR05oY25RZ2QyaGxiaUI1YjNVZ2NtVjBkWEp1SUd4aGRHVnlMaUE4YzNCaGJpQmpiR0Z6Y3oxY0luUnZiMngwYVhCZlpHbGhiRzluWENJZ2RHbDBiR1U5WENKRmVIQnNZV2x1SUdKMWRIUnZiaUJrWlhOamNtbHdkR2x2YmlCb1pYSmxJRzl1YkhsY0lpQStQQzl6Y0dGdVBpSXNJbEpsZFhObFpFbDBaVzF6Vm1Gc2FXUmhkR2x2YmxCdmNIVndRMnh2YzJWQ2RYUjBiMjVVWlhoMElqb2lUMnNpTENKU1pYVnpaV1JKZEdWdGMxWmhiR2xrWVhScGIyNVFiM0IxY0UxbGMzTmhaMlVpT2lKUGIzQnpJQ0VnVTI5dFpTQnZjaUJoYkd3Z2IyWWdjMlZzWldOMFpXUWdjbVYxYzJWa0lHbDBaVzBuY3lCdmNtbG5hVzVoYkNCamIyNTBZV2x1WlhKeklHRnlaU0JsZUhCcGNtVmtMaUJaYjNWeUlHTmhjblFnZDJsc2JDQmlaU0IxY0dSaGRHVmtJR0YxZEc5dFlYUnBZMkZzYkhrZ1lXNWtJR05oY25RZ2QybHNiQ0JpWlNCeVpXeHZZV1JsWkM0Z1JYaHdhWEpsWkNCcGRHVnRJRTVoYldWeklHRnlaU0F0UGlJc0lsSmxkWE5sWkVsMFpXMXpWbUZzYVdSaGRHbHZibEJ2Y0hWd1RXVnpjMkZuWlVobFlXUmxjaUk2SWxCc1pXRnpaU0JPYjNSbElpd2lSWGh3YVhKbFpGQnlhVzFsY2xCdmNIVndRMnh2YzJWQ2RYUjBiMjVVWlhoMElqb2lUMnNpTENKRmVIQnBjbVZrVUhKcGJXVnlVRzl3ZFhCTlpYTnpZV2RsVkdWNGRDSTZJbEJ5YVcxbGNpQnBjeUJsZUhCcGNtVmtJR1p2Y2lCMGFHVWdiMjVsSUc5bUlIUm9aU0J6Wld4bGRHVmtJSE5sY1hWbGJtTnBibWNnYVhSbGJTNGdjR3hsWVhObElITmxiR1ZqZENCaGJtOTBhR1Z5SUhCeWFXMWxjaUJ2Y2lCdmNtUmxjaUJ1WlhjZ2NISnBiV1Z5TGlJc0lrVjRjR2x5WldSUWNtbHRaWEpRYjNCMWNFMWxjM05oWjJWSVpXRmtaWEpVWlhoMElqb2lVR3hsYzJVZ1RtOTBaU0lzSWtOaGNuUlFZV2RsVlZKTUlqb2lMMlZ1TDJOaGNuUXVZWE53ZUNJc0lrMXBibWx0ZFcxUWJHRjBaVk5oYlhCc1pYTlFaWEpEYUdWamEyOTFkQ0k2TkRnc0lsQnNZWFJsVTJGdGNHeGxRMjkxYm5RaU9tNTFiR3dzSWtselUybHVaMnhsVUd4aGRHVlhhWFJvVm1Gc2FXUlRZVzF3YkdWRGIzVnVkQ0k2Wm1Gc2MyVXNJazFwYmxCc1lYUmxVMkZ0Y0d4bGMxQnZjSFZ3Um05eWJXRjBUV1Z6YzJGblpTSTZJaUlzSWsxcGJsQnNZWFJsVTJGdGNHeGxjMUJ2Y0hWd1JtOXliV0YwVFdWemMyRm5aVU5zYjNObFFuVjBkRzl1VkdWNGRDSTZJaUlzSWsxcGJsQnNZWFJsVTJGdGNHeGxjMUJ2Y0hWd1JtOXliV0YwVFdWemMyRm5aVWhsWVdSbGNpSTZJaUlzSWsxaGVHbHRkVzFPZFcxaVpYSlBabEJzWVhSbGMxQmxja05vWldOcmIzVjBJam96TENKUWJHRjBaWE5EYjNWdWRFWnZja04xY25KbGJuUlBjbVJsY2lJNmJuVnNiQ3dpVFdGNGFXMTFiVkJzWVhSbGMxQmxja05vWldOcmIzVjBVRzl3ZFhCR2IzSnRZWFJOWlhOellXZGxJam9pVFdGNGFXMTFiU0F6SUhCc1lYUmxjeUJoY21VZ1pXeHBaMmxpYkdVZ2RHOGdZMmhsWTJ0dmRYUWdjR1Z5SUc5eVpHVnlJR1p2Y2lCd2JHRjBaU0J6WlhGMVpXNWphVzVuSUdsMFpXMXpMaUJRYkdWaGMyVWdiVzlrYVdaNUlIbHZkWElnYzJWc1pXTjBhVzl1SUdGalkyOXlaR2x1WjJ4NUxpSXNJazFoZUdsdGRXMVFiR0YwWlhOUVpYSkRhR1ZqYTI5MWRGQnZjSFZ3Um05eWJXRjBUV1Z6YzJGblpVTnNiM05sUW5WMGRHOXVWR1Y0ZENJNklrOXJJaXdpVFdGNGFXMTFiVkJzWVhSbGMxQmxja05vWldOcmIzVjBSbTl5YldGMFRXVnpjMkZuWlVobFlXUmxjaUk2SWxCc1pXRnpaU0JPYjNSbElpd2lVRzl6ZEVKaFkydEZiR1Z0Wlc1MFZXNXBjWFZsU1dRaU9pSmpkR3d3TUNSamRHd3dNQ1JqZEd3d01DUkRiMjUwWlc1MFVHeGhZMlZJYjJ4a1pYSkVaV1poZFd4MEpFTmhjblJQZG1WeWRtbGxkMTh6Skd4dWEwTm9aV05yYjNWMElpd2lSWFpsYm5SQmNtZDFiV1Z1ZENJNklpSjlMQ0IwYUdsektUdGtBaEFQRHhZRUh3VUZEUzlsYmk5allYSjBMbUZ6Y0hnZkF3VUVRMkZ5ZEdSa0FoSVBEeFlDSHdNRkNFTm9aV05yYjNWMEZnSWZEQVdYTEhKbGRIVnliaUJXWVd4cFpHRjBaVWwwWlcxelZHOURhR1ZqYTA5MWRFOXlVWFZ2ZEdVb2V5SkRiRzl6WlVKMWRIUnZibFJsZUhRaU9pSkRiRzl6WlNJc0lrRnNaWEowVFdWemMyRm5aVlJwZEd4bElqb2lRV3hsY25RZ1RXVnpjMkZuWlNJc0lrTm9aV05yYjNWMFUzUmhkR1ZGYm5WdElqcDdJa2x1ZG1Gc2FXUWlPaUpKYm5aaGJHbGtJaXdpVVhWdmRHRmliR1ZQYm14NUlqb2lVWFZ2ZEdGaWJHVlBibXg1SWl3aVQzSmtaWEpoWW14bFQyNXNlU0k2SWs5eVpHVnlZV0pzWlU5dWJIa2lMQ0pQY21SbGNtRmliR1ZCYm1SUmRXOTBZV0pzWlNJNklrOXlaR1Z5WVdKc1pVRnVaRkYxYjNSaFlteGxJaXdpVG05MFQzSmtaWEpoWW14bFFXNWtVWFZ2ZEdGaWJHVWlPaUpPYjNSUGNtUmxjbUZpYkdWQmJtUlJkVzkwWVdKc1pTSXNJazV2ZEU5eVpHVnlZV0pzWlVGdVpGRjFiM1JoWW14bFYybDBhRWx1ZG1Gc2FXUWlPaUpPYjNSUGNtUmxjbUZpYkdWQmJtUlJkVzkwWVdKc1pWZHBkR2hKYm5aaGJHbGtJaXdpUm1WM1QzSmtaWEpoWW14bFQyNXNlU0k2SWtabGQwOXlaR1Z5WVdKc1pVOXViSGtpTENKR1pYZFBjbVJsY21GaWJHVkJibVJHWlhkUmRXOTBZV0pzWlNJNklrWmxkMDl5WkdWeVlXSnNaVUZ1WkVabGQxRjFiM1JoWW14bElpd2lSbVYzVVhWdmRHRmliR1ZQYm14NVYybDBhRWx1ZG1Gc2FXUWlPaUpHWlhkUmRXOTBZV0pzWlU5dWJIbFhhWFJvU1c1MllXeHBaQ0lzSWtabGQwOXlaR1Z5WVdKc1pVOXViSGxYYVhSb1NXNTJZV3hwWkNJNklrWmxkMDl5WkdWeVlXSnNaVTl1YkhsWGFYUm9TVzUyWVd4cFpDSXNJa1psZDA5eVpHVnlZV0pzWlVGdVpFWmxkMUYxYjNSaFlteGxWMmwwYUVsdWRtRnNhV1FpT2lKR1pYZFBjbVJsY21GaWJHVkJibVJHWlhkUmRXOTBZV0pzWlZkcGRHaEpiblpoYkdsa0lpd2lSbVYzVDNKa1pYSmhZbXhsUVc1a1FXeHNVWFZ2ZEdGaWJHVWlPaUpHWlhkUGNtUmxjbUZpYkdWQmJtUkJiR3hSZFc5MFlXSnNaU0lzSWtGc2JFOXlaR1Z5WVdKc1pVRnVaRVpsZDFGMWIzUmhZbXhsSWpvaVFXeHNUM0prWlhKaFlteGxRVzVrUm1WM1VYVnZkR0ZpYkdVaWZTd2lTWFJsYlZOMFlYUmxSVzUxYlNJNmV5SkpiblpoYkdsa0lqb2lTVzUyWVd4cFpDSXNJbEYxYjNSaFlteGxUMjVzZVNJNklsRjFiM1JoWW14bFQyNXNlU0lzSWs5eVpHVnlZV0pzWlU5dWJIa2lPaUpQY21SbGNtRmliR1ZQYm14NUlpd2lUM0prWlhKaFlteGxRVzVrVVhWdmRHRmliR1VpT2lKUGNtUmxjbUZpYkdWQmJtUlJkVzkwWVdKc1pTSXNJazV2ZEU5eVpHVnlZV0pzWlVGdVpGRjFiM1JoWW14bElqb2lUbTkwVDNKa1pYSmhZbXhsUVc1a1VYVnZkR0ZpYkdVaUxDSk9iM1JQY21SbGNtRmliR1ZCYm1SUmRXOTBZV0pzWlZkcGRHaEpiblpoYkdsa0lqb2lUbTkwVDNKa1pYSmhZbXhsUVc1a1VYVnZkR0ZpYkdWWGFYUm9TVzUyWVd4cFpDSXNJa1psZDA5eVpHVnlZV0pzWlU5dWJIa2lPaUpHWlhkUGNtUmxjbUZpYkdWUGJteDVJaXdpUm1WM1QzSmtaWEpoWW14bFFXNWtSbVYzVVhWdmRHRmliR1VpT2lKR1pYZFBjbVJsY21GaWJHVkJibVJHWlhkUmRXOTBZV0pzWlNJc0lrWmxkMUYxYjNSaFlteGxUMjVzZVZkcGRHaEpiblpoYkdsa0lqb2lSbVYzVVhWdmRHRmliR1ZQYm14NVYybDBhRWx1ZG1Gc2FXUWlMQ0pHWlhkUGNtUmxjbUZpYkdWUGJteDVWMmwwYUVsdWRtRnNhV1FpT2lKR1pYZFBjbVJsY21GaWJHVlBibXg1VjJsMGFFbHVkbUZzYVdRaUxDSkdaWGRQY21SbGNtRmliR1ZCYm1SR1pYZFJkVzkwWVdKc1pWZHBkR2hKYm5aaGJHbGtJam9pUm1WM1QzSmtaWEpoWW14bFFXNWtSbVYzVVhWdmRHRmliR1ZYYVhSb1NXNTJZV3hwWkNJc0lrWmxkMDl5WkdWeVlXSnNaVUZ1WkVGc2JGRjFiM1JoWW14bElqb2lSbVYzVDNKa1pYSmhZbXhsUVc1a1FXeHNVWFZ2ZEdGaWJHVWlMQ0pCYkd4UGNtUmxjbUZpYkdWQmJtUkdaWGRSZFc5MFlXSnNaU0k2SWtGc2JFOXlaR1Z5WVdKc1pVRnVaRVpsZDFGMWIzUmhZbXhsSW4wc0ltaGtia1pwWld4a1UyVnNaV04wWldSUGNtUmxja2wwWlcxRGFHVmphMjkxZEZOMFlYUmxjME5zYVdWdWRFbGtJam9pUTI5dWRHVnVkRkJzWVdObFNHOXNaR1Z5UkdWbVlYVnNkRjlEWVhKMFQzWmxjblpwWlhkZk0xOW9aRzVHYVdWc1pGTmxiR1ZqZEdWa1QzSmtaWEpKZEdWdFEyaGxZMnR2ZFhSVGRHRjBaWE1pTENKb1pHNUdhV1ZzWkZObGJHVmpkR1ZrU1hSbGJVbGtjME5zYVdWdWRFbGtJam9pUTI5dWRHVnVkRkJzWVdObFNHOXNaR1Z5UkdWbVlYVnNkRjlEWVhKMFQzWmxjblpwWlhkZk0xOW9aRzVHYVdWc1pGTmxiR1ZqZEdWa1NYUmxiVWxrY3lJc0lrOXlaR1Z5VTJWc1pXTjBaV1JRY205a2RXTjBjeUk2TVN3aVEyOXVabWx5YldGMGFXOXVWR2wwYkdWU1pYTnZkWEpqWlNJNklrTnZibVpwY20xaGRHbHZiaUlzSWxCeWIyTmxaV1JDZFhSMGIyNVVaWGgwSWpvaVVISnZZMlZsWkNJc0lsQnliMk5sWldSQ2RYUjBiMjVEWVd4c1ltRmpheUk2SWxaaGJHbGtZWFJsU1hSbGJYTlViME5vWldOclQzVjBUM0pSZFc5MFpTSXNJa2x1ZG1Gc2FXUkpkR1Z0YzFObGJHVmpkR1ZrUm05eVEyaGxZMnR2ZFhSU1pYTnZkWEpqWlNJNklsUm9aWEpsSUdGeVpTQnpiMjFsSUdsdWRtRnNhV1FnYVhSbGJYTWdZMmh2YzJWdUlHWnZjaUJqYUdWamEyOTFkQ0lzSWs1dlQzSmtaWEpoWW14bFNYUmxiWE5UWld4bFkzUmxaRVp2Y2tOb1pXTnJiM1YwVW1WemIzVnlZMlVpT2lKT2J5QjJZV3hwWkNCdmNtUmxjbUZpYkdVZ2FYUmxiWE1nWVhKbElHTm9iM05sYmlCbWIzSWdiM0prWlhJZ2NISnZZMlZ6Y3lJc0lrNXZVWFZ2ZEdGaWJHVkpkR1Z0YzFObGJHVmpkR1ZrUm05eVEyaGxZMnR2ZFhSU1pYTnZkWEpqWlNJNklrNXZJSFpoYkdsa0lIRjFiM1JoWW14bElHbDBaVzF6SUdGeVpTQmphRzl6Wlc0Z1ptOXlJSEYxYjNSbElIQnliMk5sYzNNaUxDSlBjbVJsY21GaWJHVkJibVJPYjI1UGNtUmxjbUZpYkdWSmRHVnRjMU5sYkdWamRHVmtSbTl5UTJobFkydHZkWFJTWlhOdmRYSmpaU0k2SWxsdmRTQmpZVzRnWldsMGFHVnlJQ2R3Y205alpXVmtKeUIzYVhSb0lHOXlaR1Z5SUhCeWIyTmxjM01nYjJZZ2RHaGxJRzl5WkdWeVlXSnNaU0JwZEdWdGN5QnZjaUJsWkdsMElIUm9aU0J1YjI0dGIzSmtaWEpoWW14bElHbDBaVzF6SWl3aVVYVnZkR0ZpYkdWQmJtUk9iMjVSZFc5MFlXSnNaVWwwWlcxelUyVnNaV04wWldSR2IzSkRhR1ZqYTI5MWRGSmxjMjkxY21ObElqb2lXVzkxSUdOaGJpQmxhWFJvWlhJZ0ozQnliMk5sWldRbklIZHBkR2dnY1hWdmRHVWdjSEp2WTJWemN5QnZaaUIwYUdVZ2NYVnZkR0ZpYkdVZ2FYUmxiWE1nYjNJZ1pXUnBkQ0IwYUdVZ2JtOXVMWEYxYjNSaFlteGxJR2wwWlcxeklpd2lVWFZ2ZEdWVFpXeGxZM1JsWkZCeWIyUjFZM1J6SWpveUxDSk9iMGwwWlcxelUyVnNaV04wWldRaU9pSk9ieUJKZEdWdGN5QlRaV3hsWTNSbFpDNGdVR3hsWVhObElHTm9iMjl6WlNCdmJtVWdLRzl5S1NCdGIzSmxJR2wwWlcxeklIUnZJSEJsY21admNtMGdkR2hsSUdGamRHbHZiaTRpTENKRFlYSjBRV04wYVc5dVJHVnNaWFJsVTJWc1pXTjBaV1JRY205a2RXTjBjeUk2TlN3aVYybHphRXhwYzNSQlkzUnBiMjV6UkdWc1pYUmxVMlZzWldOMFpXUlFjbTlrZFdOMGN5STZNaXdpUkdWc1pYUmxRMjl1Wm1seWJXRjBhVzl1VFdWemMyRm5aVkpsYzI5MWNtTmxJam9pUEhBK1JHOGdlVzkxSUhKbFlXeHNlU0IzWVc1MElIUnZJR1JsYkdWMFpTQjBhR2x6SUdsMFpXMG9jeWsvUEM5d1BpSXNJa1JsYkdWMFpVTnZibVpwY20xaGRHbHZiazV2UW5WMGRHOXVVbVZ6YjNWeVkyVWlPaUpPYnlJc0lrUmxiR1YwWlVOdmJtWnBjbTFoZEdsdmJsbGxjMEoxZEhSdmJsSmxjMjkxY21ObElqb2lXV1Z6SWl3aVJHVnNaWFJsUTI5dVptbHliV0YwYVc5dVNHVmhaR1Z5VkdWNGRGSmxjMjkxY21ObElqb2lSR1ZzWlhSbElpd2lRMkZ5ZEVGamRHbHZiaUk2TVN3aVEyaGxZMnR2ZFhSQ2RYUjBiMjVUWTNKcGNIUWlPbTUxYkd3c0lrTm9aV05yYjNWMFUyVnhkV1Z1WTJsdVowRnVaRkJ5YVcxbGNsQnZjSFZ3VFdWemMyRm5aVWhsWVdSbGNpSTZJaUlzSWtOb1pXTnJiM1YwVTJWeGRXVnVZMmx1WjBGdVpGQnlhVzFsY2xCdmNIVndUV1Z6YzJGblpVaGxZV1JsY2tsdVptOXliV0YwYVc5dUlqb2lTWFFnYVhNZ2JtOTBJSEJ2YzNOcFlteGxJSFJ2SUdOb1pXTnJiM1YwSUM4Z2NYVnZkR1VnYzJWeGRXVnVZMmx1WnlCeVpXRmpkR2x2Ym5NZ2QybDBhRzkxZENCd2NtbHRaWEp6SUhkb2FXTm9JR0Z5WlNCaGMzTnZZMmxoZEdWa0lIUnZJSE5sYkdWamRHVmtJSE5sY1hWbGJtTnBibWNnYVhSbGJYTWdhVzRnZEdocGN5QnZjbVJsY2pvZ1BDOWljajQ4TDJKeVBpSXNJa05vWldOcmIzVjBVMlZ4ZFdWdVkybHVaMEZ1WkZCeWFXMWxjbEJ2Y0hWd1RXVnpjMkZuWlVadmIzUmxja2x1Wm05eWJXRjBhVzl1SWpvaUlpd2lRMmhsWTJ0dmRYUlRaWEYxWlc1amFXNW5RVzVrVUhKcGJXVnlVRzl3ZFhCTlpYTnpZV2RsUTJ4dmMyVkNkWFIwYjI1VVpYaDBJam9pSWl3aVEyaGxZMnR2ZFhSVFpYRjFaVzVqYVc1blFXNWtVSEpwYldWeVVHOXdkWEJHYjNKdFlYUk5aWE56WVdkbElqb2lJaXdpUTJobFkydHZkWFJRY21sdFpYSkJiRzl1WlZCdmNIVndUV1Z6YzJGblpVTnNiM05sUW5WMGRHOXVWR1Y0ZENJNklpSXNJa05vWldOcmIzVjBVSEpwYldWeVFXeHZibVZRYjNCMWNFMWxjM05oWjJVaU9pSlFjbWx0WlhJZ1lXeHZibVVnWTJGdWJtOTBJR0psSUdOb1pXTnJaV1FnYjNWMExpQlFiR1ZoYzJVZ2MyVnNaV04wSUdGMGJHVmhjM1FnYjI1bElHRnpjMjlqYVdGMFpXUWdjMlZ4ZFdWdVkybHVaeUJKZEdWdExpSXNJa05vWldOcmIzVjBVSEpwYldWeVFXeHZibVZRYjNCMWNFMWxjM05oWjJWSVpXRmtaWElpT2lKUWJHVmhjMlVnVG05MFpTSXNJa0poY2tOdlpHVldZV3hwWkdGMGFXOXVVRzl3ZFhCRGJHOXpaVUoxZEhSdmJsUmxlSFFpT2lKUGF5SXNJa0poY2tOdlpHVldZV3hwWkdGMGFXOXVVRzl3ZFhCTlpYTnpZV2RsSWpvaVFtRnlZMjlrWlNCbWIzSWdVMlZzWldOMFpXUWdTWFJsYlNCcGN5QnBiblpoYkdsa0lpd2lRbUZ5UTI5a1pWWmhiR2xrWVhScGIyNVFiM0IxY0UxbGMzTmhaMlZJWldGa1pYSWlPaUpRYkdWaGMyVWdUbTkwWlNJc0lsTmhiV1ZFWVhsRVpXeHBkbVZ5ZVZaaGJHbGtZWFJwYjI1UWIzQjFjRWR2UW1GamEwSjFkSFJ2YmxSbGVIUWlPaUpYWVdsMElIVnVkR2xzSUdGc2JDQlBjbVJsY25NZ1lYSmxJR1pwYm1semFHVmtJSFJ2SUZOb2FYQWdiMjVqWlNJc0lsTmhiV1ZFWVhsRVpXeHBkbVZ5ZVZaaGJHbGtZWFJwYjI1UWIzQjFjRU5vWldOcmIzVjBRblYwZEc5dVZHVjRkQ0k2SWtOb1pXTnJiM1YwSUZOaGJXVWdSR0Y1SUU5c2FXZHZjeUJQYm14NUlpd2lVMkZ0WlVSaGVVUmxiR2wyWlhKNVZtRnNhV1JoZEdsdmJsQnZjSFZ3VFdWemMyRm5aVWhsWVdSbGNpSTZJbEJzWldGelpTQnpaV3hsWTNRaUxDSlRZVzFsUkdGNVJHVnNhWFpsY25sV1lXeHBaR0YwYVc5dVVHOXdkWEJOWlhOellXZGxSR1Z6WTNKcGNIUnBiMjRpT2lKWmIzVnlJR05oY25RZ1kyOXVkR0ZwYm5NZ2MyRnRaU0JrWVhrZ2IyeHBaMjl6TENCM2FHbGphQ0J1WldWa0lIUnZJR0psSUdOb1pXTnJaV1FnYjNWMElITmxjR1Z5WVhSbGJIa2dhVzRnYjNKa1pYSWdkRzhnWlc1emRYSmxJSFJvWlNCbVlYTjBaWE4wSUdSbGJHbDJaWEo1TGlCVWFHVWdiM1JvWlhJZ2FYUmxiWE1nZDJsc2JDQmlaU0IzWVdsMGFXNW5JR2x1SUhsdmRYSWdZMkZ5ZENCM2FHVnVJSGx2ZFNCeVpYUjFjbTRnYkdGMFpYSXVJRHh6Y0dGdUlHTnNZWE56UFZ3aWRHOXZiSFJwY0Y5a2FXRnNiMmRjSWlCMGFYUnNaVDFjSWtWNGNHeGhhVzRnWW5WMGRHOXVJR1JsYzJOeWFYQjBhVzl1SUdobGNtVWdiMjVzZVZ3aUlENDhMM053WVc0K0lpd2lVbVYxYzJWa1NYUmxiWE5XWVd4cFpHRjBhVzl1VUc5d2RYQkRiRzl6WlVKMWRIUnZibFJsZUhRaU9pSlBheUlzSWxKbGRYTmxaRWwwWlcxelZtRnNhV1JoZEdsdmJsQnZjSFZ3VFdWemMyRm5aU0k2SWs5dmNITWdJU0JUYjIxbElHOXlJR0ZzYkNCdlppQnpaV3hsWTNSbFpDQnlaWFZ6WldRZ2FYUmxiU2R6SUc5eWFXZHBibUZzSUdOdmJuUmhhVzVsY25NZ1lYSmxJR1Y0Y0dseVpXUXVJRmx2ZFhJZ1kyRnlkQ0IzYVd4c0lHSmxJSFZ3WkdGMFpXUWdZWFYwYjIxaGRHbGpZV3hzZVNCaGJtUWdZMkZ5ZENCM2FXeHNJR0psSUhKbGJHOWhaR1ZrTGlCRmVIQnBjbVZrSUdsMFpXMGdUbUZ0WlhNZ1lYSmxJQzArSWl3aVVtVjFjMlZrU1hSbGJYTldZV3hwWkdGMGFXOXVVRzl3ZFhCTlpYTnpZV2RsU0dWaFpHVnlJam9pVUd4bFlYTmxJRTV2ZEdVaUxDSkZlSEJwY21Wa1VISnBiV1Z5VUc5d2RYQkRiRzl6WlVKMWRIUnZibFJsZUhRaU9pSlBheUlzSWtWNGNHbHlaV1JRY21sdFpYSlFiM0IxY0UxbGMzTmhaMlZVWlhoMElqb2lVSEpwYldWeUlHbHpJR1Y0Y0dseVpXUWdabTl5SUhSb1pTQnZibVVnYjJZZ2RHaGxJSE5sYkdWMFpXUWdjMlZ4ZFdWdVkybHVaeUJwZEdWdExpQndiR1ZoYzJVZ2MyVnNaV04wSUdGdWIzUm9aWElnY0hKcGJXVnlJRzl5SUc5eVpHVnlJRzVsZHlCd2NtbHRaWEl1SWl3aVJYaHdhWEpsWkZCeWFXMWxjbEJ2Y0hWd1RXVnpjMkZuWlVobFlXUmxjbFJsZUhRaU9pSlFiR1Z6WlNCT2IzUmxJaXdpUTJGeWRGQmhaMlZWVWt3aU9pSXZaVzR2WTJGeWRDNWhjM0I0SWl3aVRXbHVhVzExYlZCc1lYUmxVMkZ0Y0d4bGMxQmxja05vWldOcmIzVjBJam8wT0N3aVVHeGhkR1ZUWVcxd2JHVkRiM1Z1ZENJNmJuVnNiQ3dpU1hOVGFXNW5iR1ZRYkdGMFpWZHBkR2hXWVd4cFpGTmhiWEJzWlVOdmRXNTBJanBtWVd4elpTd2lUV2x1VUd4aGRHVlRZVzF3YkdWelVHOXdkWEJHYjNKdFlYUk5aWE56WVdkbElqb2lJaXdpVFdsdVVHeGhkR1ZUWVcxd2JHVnpVRzl3ZFhCR2IzSnRZWFJOWlhOellXZGxRMnh2YzJWQ2RYUjBiMjVVWlhoMElqb2lJaXdpVFdsdVVHeGhkR1ZUWVcxd2JHVnpVRzl3ZFhCR2IzSnRZWFJOWlhOellXZGxTR1ZoWkdWeUlqb2lJaXdpVFdGNGFXMTFiVTUxYldKbGNrOW1VR3hoZEdWelVHVnlRMmhsWTJ0dmRYUWlPak1zSWxCc1lYUmxjME52ZFc1MFJtOXlRM1Z5Y21WdWRFOXlaR1Z5SWpwdWRXeHNMQ0pOWVhocGJYVnRVR3hoZEdWelVHVnlRMmhsWTJ0dmRYUlFiM0IxY0VadmNtMWhkRTFsYzNOaFoyVWlPaUpOWVhocGJYVnRJRE1nY0d4aGRHVnpJR0Z5WlNCbGJHbG5hV0pzWlNCMGJ5QmphR1ZqYTI5MWRDQndaWElnYjNKa1pYSWdabTl5SUhCc1lYUmxJSE5sY1hWbGJtTnBibWNnYVhSbGJYTXVJRkJzWldGelpTQnRiMlJwWm5rZ2VXOTFjaUJ6Wld4bFkzUnBiMjRnWVdOamIzSmthVzVuYkhrdUlpd2lUV0Y0YVcxMWJWQnNZWFJsYzFCbGNrTm9aV05yYjNWMFVHOXdkWEJHYjNKdFlYUk5aWE56WVdkbFEyeHZjMlZDZFhSMGIyNVVaWGgwSWpvaVQyc2lMQ0pOWVhocGJYVnRVR3hoZEdWelVHVnlRMmhsWTJ0dmRYUkdiM0p0WVhSTlpYTnpZV2RsU0dWaFpHVnlJam9pVUd4bFlYTmxJRTV2ZEdVaUxDSlFiM04wUW1GamEwVnNaVzFsYm5SVmJtbHhkV1ZKWkNJNkltTjBiREF3SkdOMGJEQXdKR04wYkRBd0pFTnZiblJsYm5SUWJHRmpaVWh2YkdSbGNrUmxabUYxYkhRa1EyRnlkRTkyWlhKMmFXVjNYek1rYkc1clEyaGxZMnR2ZFhRaUxDSkZkbVZ1ZEVGeVozVnRaVzUwSWpvaUluMHNJSFJvYVhNcE8yUUNFZzlrRmdZQ0F3OWtGZ0ptRHc4V0FoNExiR0pzU0dWaFpFeHBibVVGQ2sxNUlGQnliMlpwYkdWa0ZnZ0NBZzhWQVdwRGIyNTBaVzUwVUd4aFkyVkliMnhrWlhKRVpXWmhkV3gwWDAxaGMzUmxjbEJzWVdObGFHOXNaR1Z5WDBodmJXVk1iMmRuWldSSmJsODJYM0J1YkVSeVlXZGhZbXhsVjJsdVpHOTNRMjl1ZEdWdWRGOUpibXhwYm1WTlpYTnpZV2RsUTI5dWRHRnBibVZ5WkFJRER3OFdBaDhFWjJRV0JBSUJEeFlDSHdNRkJVaGxiR3h2WkFJRER4WUNId01GRlhCdWRHVnpkR1l3TURFZ2NHNTBaWE4wYkRBd01XUUNCUTlrRmdnQ0FROFdBaDhEWldRQ0F3OFBGZ0lmQTJWa1pBSUZEdzhXQWg4REJSRW9ZbVZqYjIxbElIbHZkWEp6Wld4bUtXUmtBZ2NQRmdJZkEyVmtBZ2tQWkJZSUFnRVBaQllDQWdFUER4WUdId2NGRFdWbVEyOXNiM0pQY21GdVoyVWZBd1VJVFhsUGNtUmxjbk1mQ0FJQ1pHUUNBdzhQRmdJZkF3VU1UWGtnUkdGemFHSnZZWEprWkdRQ0JROFBGZ1FmQlFVVWZpOWhaRzFwYmk5M1pXeGpiMjFsTG1GemNIZ2ZBd1VPUVdSdGFXNXBjM1J5WVhScGIyNWtaQUlIRHc4V0FoOERCUVpNYjJkdmRYUmtaQUlGRDJRV0FtWVBEeFlFSHcwRkJVeHZaMmx1SHdSb1pCWUVBZ1VQRHhZQ0h3VUZJeTlsYmk5amFHVmphMjkxZEM5emRHVndNUzVoYzNCNFAyNXZaR1ZKWkQweE1USTNaR1FDQnc5a0ZnWUNBUThQRmdZZkF3VUdSVzFoYVd3Nkh3Y0ZGeUJ5WlhGMWFYSmxaRVpwWld4a1EyaGhjbUZqZEdWeUh3Z0NBbVJrQWdrUER4WUdId01GQTNzd2ZSOEhCUmNnY21WeGRXbHlaV1JHYVdWc1pFTm9ZWEpoWTNSbGNoOElBZ0prWkFJVER3OFdBaDhGQlJjdlpXNHZabTl5WjI5MGNHRnpjM2R2Y21RdVlYTndlR1JrQWdjUFpCWUNaZzhQRmdJZkRRVUtUbVZsWkNCSVpXeHdQMlFXQkFJQ0R4VUJiVU52Ym5SbGJuUlFiR0ZqWlVodmJHUmxja1JsWm1GMWJIUmZUV0Z6ZEdWeVVHeGhZMlZvYjJ4a1pYSmZRM1Z6ZEc5dFpYSlRkWEJ3YjNKMFh6aGZjRzVzUkhKaFoyRmliR1ZYYVc1a2IzZERiMjUwWlc1MFgwbHViR2x1WlUxbGMzTmhaMlZEYjI1MFlXbHVaWEprQWdNUFpCWUlBZ0VQRmdJZkF3VVFRM1Z6ZEc5dFpYSWdVM1Z3Y0c5eWRHUUNBdzhQRmdJZkF3VVFLelE1SURnd09USWdPREk0T1NBM04yUmtBZ1VQRHhZQ0h3TUZhRHhoSUdoeVpXWTlJaTlsYmk5bGRYSnZabWx1Y3kxdGQyY3RiM0JsY205dUwzTmxjblpwWTJVdFkyVnVkR1Z5TDJOdmJuUmhZM1F0ZFhNdloyeHZZbUZzTFdScGNtVmpkRzl5ZVM1aGMzQjRJajVHY21WbElIQm9iMjVsSUc1MWJXSmxjbk04TDJFK1pHUUNCdzhQRmdRZkF3VkVQR0VnYUhKbFpqMGliV0ZwYkhSdk9uTjFjSEJ2Y25RdFpYVkFaWFZ5YjJacGJuTXVZMjl0SWo1emRYQndiM0owTFdWMVFHVjFjbTltYVc1ekxtTnZiVHd2WVQ0ZkJRVkxiV0ZwYkhSdk9qeGhJR2h5WldZOUltMWhhV3gwYnpwemRYQndiM0owTFdWMVFHVjFjbTltYVc1ekxtTnZiU0krYzNWd2NHOXlkQzFsZFVCbGRYSnZabWx1Y3k1amIyMDhMMkUrWkdRQ0ZROWtGZ0ptRDJRV0FtWVBGUUdtQm5aaGNpQnphRzkzVUhKdlozSmxjM05DWVhKQlpuUmxjajB5TURBN0RRcDJZWElnYldWemMyRm5aVkJ5YjJkeVpYTnpRbUZ5UFNkUWJHVmhjMlVnZDJGcGRDNHVMaWM3RFFwMllYSWdjSEp2WjNKbGMzTkNZWEpVYVhSc1pUMG5VR3hsWVhObElIZGhhWFF1TGk0bk93MEtkbUZ5SUhCeWIyZHlaWE56UW1GeVEyRnVZMlZzUW5WMGRHOXVWR1Y0ZEQwblEyRnVZMlZzSnpzTkNuWmhjaUJoYkdWeWRFMWxjM05oWjJWQ2RYUjBiMjVVWlhoMFBTZFBheWM3RFFwMllYSWdZV3hsY25STlpYTnpZV2RsVkdsMGJHVTlKMEZzWlhKMElFMWxjM05oWjJVbk93MEtkbUZ5SUc5d1pYSnZibE5wZEdWVmNtdzlKeWM3RFFwMllYSWdZM1Z5Y21WdWRGTnBkR1ZEYjJSbFBTZEZRa1VuT3cwS2RtRnlJSE4xWWtSdmJXRnBiajBuVVVFbk93MEtkbUZ5SUhCdmNuUk9kVzFpWlhJOUp6Z3hKenNOQ25aaGNpQndjbVZNYjJGa1NXMWhaMlZNYVhOMFBWc25MMk56Y3k5bGVIUXZhbkYxWlhKNWRHaGxiV1Z6TDJsdFlXZGxjeTkxYVMxaVoxOW5iR0Z6YzE4MU5WOHhZekZqTVdOZk1YZzBNREF1Y0c1bkoxMDdEUXAyWVhJZ2NISnBZMmx1WjBSbGRHRnBiSE5EYkc5elpVSjFkSFJ2YmxSbGVIUTlKME5zYjNObEp6c05DblpoY2lCQlpHUkNkWFIwYjI1U1pYTnZkWEpqWlZSbGVIUWdQU0FuUVdSa0p6c05DblpoY2lCRFlXNWpaV3hDZFhSMGIyNVNaWE52ZFhKalpWUmxlSFFnUFNBblEyRnVZMlZzSnpzTkNuWmhjaUJEYkc5elpVSjFkSFJ2YmxKbGMyOTFjbU5sVkdWNGRDQTlJQ2REYkc5elpTYzdEUXAyWVhJZ1UyRjJaVUoxZEhSdmJsSmxjMjkxY21ObFZHVjRkQ0E5SUNkVFlYWmxKenNOQ25aaGNpQk9iMEoxZEhSdmJsSmxjMjkxY21ObFZHVjRkQ0E5SUNkT2J5YzdEUXAyWVhJZ1dXVnpRblYwZEc5dVVtVnpiM1Z5WTJWVVpYaDBJRDBnSjFsbGN5YzdEUXAyWVhJZ1ZHaHBZMnRDYjNoRGJHOXpaVlJsZUhSU1pYTnZkWEpqWlNBOUlDZHZjaUJGYzJNZ1MyVjVKenNOQ25aaGNpQlVhR2xqYTBKdmVFTnNiM05sVEdsdWExSmxjMjkxY21ObElEMGdKMk5zYjNObEp6c05DblpoY2lCa1pYQnNiM2x0Wlc1MFJXNTJhWEp2Ym0xbGJuUWdQU0FuVVVFbk93MEtaR1M2MGZZem93VDJXRzNtK0RzUjZJN1JaRTBqZDF0azlvQjZTMXhyT0szb0pRPT0iIENvcnJlbGF0aW9uQmluZGluZz0iIiBVcmxFbmNvZGU9IlRydWUiIC8+DQogICAgICAgIDxGb3JtUG9zdFBhcmFtZXRlciBOYW1lPSJjdGwwMCRjdGwwMCRjdGwwMCRDb250ZW50UGxhY2VIb2xkZXJEZWZhdWx0JFRvcExvZ2dlZEluXzEkaGRuU2NyZWVuQXJlYSIgVmFsdWU9Int7JEhJRERFTjEuY3RsMDAkY3RsMDAkY3RsMDAkQ29udGVudFBsYWNlSG9sZGVyRGVmYXVsdCRUb3BMb2dnZWRJbl8xJGhkblNjcmVlbkFyZWF9fSIgUmVjb3JkZWRWYWx1ZT0iIiBDb3JyZWxhdGlvbkJpbmRpbmc9IiIgVXJsRW5jb2RlPSJUcnVlIiAvPg0KICAgICAgICA8Rm9ybVBvc3RQYXJhbWV0ZXIgTmFtZT0iY3RsMDAkY3RsMDAkY3RsMDAkQ29udGVudFBsYWNlSG9sZGVyRGVmYXVsdCRDYXJ0T3ZlcnZpZXdfMyRoZG5GaWVsZFNlbGVjdGVkT3JkZXJJdGVtQ2hlY2tvdXRTdGF0ZXMiIFZhbHVlPSJ7eyRISURERU4xLmN0bDAwJGN0bDAwJGN0bDAwJENvbnRlbnRQbGFjZUhvbGRlckRlZmF1bHQkQ2FydE92ZXJ2aWV3XzMkaGRuRmllbGRTZWxlY3RlZE9yZGVySXRlbUNoZWNrb3V0U3RhdGVzfX0iIFJlY29yZGVkVmFsdWU9IiIgQ29ycmVsYXRpb25CaW5kaW5nPSIiIFVybEVuY29kZT0iVHJ1ZSIgLz4NCiAgICAgICAgPEZvcm1Qb3N0UGFyYW1ldGVyIE5hbWU9ImN0bDAwJGN0bDAwJGN0bDAwJENvbnRlbnRQbGFjZUhvbGRlckRlZmF1bHQkQ2FydE92ZXJ2aWV3XzMkaGRuRmllbGRDb21wbGV0ZUNhcnRDaGVja291dFN0YXRlRW51bXMiIFZhbHVlPSJ7eyRISURERU4xLmN0bDAwJGN0bDAwJGN0bDAwJENvbnRlbnRQbGFjZUhvbGRlckRlZmF1bHQkQ2FydE92ZXJ2aWV3XzMkaGRuRmllbGRDb21wbGV0ZUNhcnRDaGVja291dFN0YXRlRW51bXN9fSIgUmVjb3JkZWRWYWx1ZT0iIiBDb3JyZWxhdGlvbkJpbmRpbmc9IiIgVXJsRW5jb2RlPSJUcnVlIiAvPg0KICAgICAgICA8Rm9ybVBvc3RQYXJhbWV0ZXIgTmFtZT0iY3RsMDAkY3RsMDAkY3RsMDAkQ29udGVudFBsYWNlSG9sZGVyRGVmYXVsdCRDYXJ0T3ZlcnZpZXdfMyRoZG5GaWVsZFNlbGVjdGVkSXRlbUlkcyIgVmFsdWU9Int7JEhJRERFTjEuY3RsMDAkY3RsMDAkY3RsMDAkQ29udGVudFBsYWNlSG9sZGVyRGVmYXVsdCRDYXJ0T3ZlcnZpZXdfMyRoZG5GaWVsZFNlbGVjdGVkSXRlbUlkc319IiBSZWNvcmRlZFZhbHVlPSIiIENvcnJlbGF0aW9uQmluZGluZz0iIiBVcmxFbmNvZGU9IlRydWUiIC8+DQogICAgICAgIDxGb3JtUG9zdFBhcmFtZXRlciBOYW1lPSJjdGwwMCRjdGwwMCRjdGwwMCRDb250ZW50UGxhY2VIb2xkZXJEZWZhdWx0JENhcnRPdmVydmlld18zJGhkblNjcmVlbkFyZWEiIFZhbHVlPSJ7eyRISURERU4xLmN0bDAwJGN0bDAwJGN0bDAwJENvbnRlbnRQbGFjZUhvbGRlckRlZmF1bHQkQ2FydE92ZXJ2aWV3XzMkaGRuU2NyZWVuQXJlYX19IiBSZWNvcmRlZFZhbHVlPSIiIENvcnJlbGF0aW9uQmluZGluZz0iIiBVcmxFbmNvZGU9IlRydWUiIC8+DQogICAgICAgIDxGb3JtUG9zdFBhcmFtZXRlciBOYW1lPSJjdGwwMCRjdGwwMCRjdGwwMCRDb250ZW50UGxhY2VIb2xkZXJEZWZhdWx0JE1hc3RlclBsYWNlaG9sZGVyJEhvbWVMb2dnZWRJbl82JGhkblNjcmVlbkFyZWEiIFZhbHVlPSJ7eyRISURERU4xLmN0bDAwJGN0bDAwJGN0bDAwJENvbnRlbnRQbGFjZUhvbGRlckRlZmF1bHQkTWFzdGVyUGxhY2Vob2xkZXIkSG9tZUxvZ2dlZEluXzYkaGRuU2NyZWVuQXJlYX19IiBSZWNvcmRlZFZhbHVlPSIiIENvcnJlbGF0aW9uQmluZGluZz0iIiBVcmxFbmNvZGU9IlRydWUiIC8+DQogICAgICAgIDxGb3JtUG9zdFBhcmFtZXRlciBOYW1lPSJjdGwwMCRjdGwwMCRjdGwwMCRDb250ZW50UGxhY2VIb2xkZXJEZWZhdWx0JE1hc3RlclBsYWNlaG9sZGVyJEN1c3RvbWVyU3VwcG9ydF84JGhkblNjcmVlbkFyZWEiIFZhbHVlPSJ7eyRISURERU4xLmN0bDAwJGN0bDAwJGN0bDAwJENvbnRlbnRQbGFjZUhvbGRlckRlZmF1bHQkTWFzdGVyUGxhY2Vob2xkZXIkQ3VzdG9tZXJTdXBwb3J0XzgkaGRuU2NyZWVuQXJlYX19IiBSZWNvcmRlZFZhbHVlPSIiIENvcnJlbGF0aW9uQmluZGluZz0iIiBVcmxFbmNvZGU9IlRydWUiIC8+DQogICAgICAgIDxGb3JtUG9zdFBhcmFtZXRlciBOYW1lPSJjdGwwMCRjdGwwMCRjdGwwMCRDb250ZW50UGxhY2VIb2xkZXJEZWZhdWx0JGhkbkNhbkluaXRpYWxpemVDdWx0dXJlIiBWYWx1ZT0ie3skSElEREVOMS5jdGwwMCRjdGwwMCRjdGwwMCRDb250ZW50UGxhY2VIb2xkZXJEZWZhdWx0JGhkbkNhbkluaXRpYWxpemVDdWx0dXJlfX0iIFJlY29yZGVkVmFsdWU9ImZhbHNlIiBDb3JyZWxhdGlvbkJpbmRpbmc9IiIgVXJsRW5jb2RlPSJUcnVlIiAvPg0KICAgICAgICA8Rm9ybVBvc3RQYXJhbWV0ZXIgTmFtZT0iY3RsMDAkY3RsMDAkY3RsMDAkQ29udGVudFBsYWNlSG9sZGVyRGVmYXVsdCRoZG5FY29tRHJhZ0Ryb3BKc29uIiBWYWx1ZT0ie3skSElEREVOMS5jdGwwMCRjdGwwMCRjdGwwMCRDb250ZW50UGxhY2VIb2xkZXJEZWZhdWx0JGhkbkVjb21EcmFnRHJvcEpzb259fSIgUmVjb3JkZWRWYWx1ZT0iIiBDb3JyZWxhdGlvbkJpbmRpbmc9IiIgVXJsRW5jb2RlPSJUcnVlIiAvPg0KICAgICAgICA8Rm9ybVBvc3RQYXJhbWV0ZXIgTmFtZT0iY3RsMDAkY3RsMDAkY3RsMDAkQ29udGVudFBsYWNlSG9sZGVyRGVmYXVsdCRoZG5DdXJyZW50UGFnZUlkZW50aXR5IiBWYWx1ZT0ie3skSElEREVOMS5jdGwwMCRjdGwwMCRjdGwwMCRDb250ZW50UGxhY2VIb2xkZXJEZWZhdWx0JGhkbkN1cnJlbnRQYWdlSWRlbnRpdHl9fSIgUmVjb3JkZWRWYWx1ZT0iMTEyNyIgQ29ycmVsYXRpb25CaW5kaW5nPSIiIFVybEVuY29kZT0iVHJ1ZSIgLz4NCiAgICAgICAgPEZvcm1Qb3N0UGFyYW1ldGVyIE5hbWU9ImN0bDAwJGN0bDAwJGN0bDAwJENvbnRlbnRQbGFjZUhvbGRlckRlZmF1bHQkaGRuU2Nyb2xsWVBvc2l0aW9uIiBWYWx1ZT0ie3skSElEREVOMS5jdGwwMCRjdGwwMCRjdGwwMCRDb250ZW50UGxhY2VIb2xkZXJEZWZhdWx0JGhkblNjcm9sbFlQb3NpdGlvbn19IiBSZWNvcmRlZFZhbHVlPSIwIiBDb3JyZWxhdGlvbkJpbmRpbmc9IiIgVXJsRW5jb2RlPSJUcnVlIiAvPg0KICAgICAgICA8Rm9ybVBvc3RQYXJhbWV0ZXIgTmFtZT0iX19WSUVXU1RBVEVHRU5FUkFUT1IiIFZhbHVlPSJ7eyRISURERU4xLl9fVklFV1NUQVRFR0VORVJBVE9SfX0iIFJlY29yZGVkVmFsdWU9IkNBMEIwMzM0IiBDb3JyZWxhdGlvbkJpbmRpbmc9IiIgVXJsRW5jb2RlPSJUcnVlIiAvPg0KICAgICAgPC9Gb3JtUG9zdEh0dHBCb2R5Pg0KICAgIDwvUmVxdWVzdD4NCiAgICA8Q29tbWVudCBDb21tZW50VGV4dD0iQ2xpY2tfTXkgT3JkZXJzIiAvPg0KICAgIDxSZXF1ZXN0IE1ldGhvZD0iR0VUIiBHdWlkPSIyN2NmNTRjNC0yYzJjLTQzOTAtOTE1OC1kMzYyMmYxNDRhM2MiIFZlcnNpb249IjEuMSIgVXJsPSJodHRwczovL21hcHMuZ29vZ2xlYXBpcy5jb20vbWFwcy9hcGkvanMvQXV0aGVudGljYXRpb25TZXJ2aWNlLkF1dGhlbnRpY2F0ZSIgVGhpbmtUaW1lPSIxMCIgVGltZW91dD0iMzAwIiBQYXJzZURlcGVuZGVudFJlcXVlc3RzPSJUcnVlIiBGb2xsb3dSZWRpcmVjdHM9IlRydWUiIFJlY29yZFJlc3VsdD0iVHJ1ZSIgQ2FjaGU9IkZhbHNlIiBSZXNwb25zZVRpbWVHb2FsPSIwIiBFbmNvZGluZz0idXRmLTgiIEV4cGVjdGVkSHR0cFN0YXR1c0NvZGU9IjAiIEV4cGVjdGVkUmVzcG9uc2VVcmw9IiIgUmVwb3J0aW5nTmFtZT0iIiBJZ25vcmVIdHRwU3RhdHVzQ29kZT0iRmFsc2UiPg0KICAgICAgPEhlYWRlcnM+DQogICAgICAgIDxIZWFkZXIgTmFtZT0iUmVmZXJlciIgVmFsdWU9Imh0dHA6Ly9pbjAxYXB2MTE6ODEvZW4vbXlhZGRyZXNzZXMuYXNweCIgLz4NCiAgICAgIDwvSGVhZGVycz4NCiAgICAgIDxRdWVyeVN0cmluZ1BhcmFtZXRlcnM+DQogICAgICAgIDxRdWVyeVN0cmluZ1BhcmFtZXRlciBOYW1lPSIiIFZhbHVlPSIxc2h0dHAlM0ElMkYlMkZpbjAxYXB2MTElM0E4MSUyRmVuJTJGbXlhZGRyZXNzZXMuYXNweCIgUmVjb3JkZWRWYWx1ZT0iMXNodHRwJTNBJTJGJTJGaW4wMWFwdjExJTNBODElMkZlbiUyRm15YWRkcmVzc2VzLmFzcHgiIENvcnJlbGF0aW9uQmluZGluZz0iIiBVcmxFbmNvZGU9IkZhbHNlIiBVc2VUb0dyb3VwUmVzdWx0cz0iRmFsc2UiIC8+DQogICAgICAgIDxRdWVyeVN0cmluZ1BhcmFtZXRlciBOYW1lPSJjYWxsYmFjayIgVmFsdWU9Il94ZGNfLl9vYWdwb3oiIFJlY29yZGVkVmFsdWU9Il94ZGNfLl9vYWdwb3oiIENvcnJlbGF0aW9uQmluZGluZz0iIiBVcmxFbmNvZGU9IkZhbHNlIiBVc2VUb0dyb3VwUmVzdWx0cz0iRmFsc2UiIC8+DQogICAgICAgIDxRdWVyeVN0cmluZ1BhcmFtZXRlciBOYW1lPSJ0b2tlbiIgVmFsdWU9IjUwNzI4IiBSZWNvcmRlZFZhbHVlPSI1MDcyOCIgQ29ycmVsYXRpb25CaW5kaW5nPSIiIFVybEVuY29kZT0iRmFsc2UiIFVzZVRvR3JvdXBSZXN1bHRzPSJGYWxzZSIgLz4NCiAgICAgIDwvUXVlcnlTdHJpbmdQYXJhbWV0ZXJzPg0KICAgIDwvUmVxdWVzdD4NCiAgICA8Q29tbWVudCBDb21tZW50VGV4dD0iQ2xpY2tfTXkgRGFzaGJvYXJkIiAvPg0KICAgIDxSZXF1ZXN0IE1ldGhvZD0iUE9TVCIgR3VpZD0iZWMzMzc2MzEtYWZlZS00MWFiLTg0ZDgtMGRmNGFhODY0N2M3IiBWZXJzaW9uPSIxLjEiIFVybD0iaHR0cDovL2luMDFhcHYxMTo4MS9lbi9teWFkZHJlc3Nlcy5hc3B4IiBUaGlua1RpbWU9IjAiIFRpbWVvdXQ9IjMwMCIgUGFyc2VEZXBlbmRlbnRSZXF1ZXN0cz0iVHJ1ZSIgRm9sbG93UmVkaXJlY3RzPSJUcnVlIiBSZWNvcmRSZXN1bHQ9IlRydWUiIENhY2hlPSJGYWxzZSIgUmVzcG9uc2VUaW1lR29hbD0iMCIgRW5jb2Rpbmc9InV0Zi04IiBFeHBlY3RlZEh0dHBTdGF0dXNDb2RlPSIwIiBFeHBlY3RlZFJlc3BvbnNlVXJsPSJodHRwOi8vaW4wMWFwdjExOjgxL2VuL2Rhc2hib2FyZC5hc3B4IiBSZXBvcnRpbmdOYW1lPSIiIElnbm9yZUh0dHBTdGF0dXNDb2RlPSJGYWxzZSI+DQogICAgICA8RGVwZW5kZW50UmVxdWVzdHM+DQogICAgICAgIDxSZXF1ZXN0IE1ldGhvZD0iR0VUIiBHdWlkPSIyNjgyNDY3ZS0wNTg4LTQ2ZmUtYjk5MS05ODUwOGI5NDgzYmMiIFZlcnNpb249IjEuMSIgVXJsPSJodHRwczovL2ZvbnRzLmdvb2dsZWFwaXMuY29tL2NzcyIgVGhpbmtUaW1lPSIwIiBUaW1lb3V0PSIzMDAiIFBhcnNlRGVwZW5kZW50UmVxdWVzdHM9IlRydWUiIEZvbGxvd1JlZGlyZWN0cz0iVHJ1ZSIgUmVjb3JkUmVzdWx0PSJUcnVlIiBDYWNoZT0iRmFsc2UiIFJlc3BvbnNlVGltZUdvYWw9IjAiIEVuY29kaW5nPSJ1dGYtOCIgRXhwZWN0ZWRIdHRwU3RhdHVzQ29kZT0iMCIgRXhwZWN0ZWRSZXNwb25zZVVybD0iIiBSZXBvcnRpbmdOYW1lPSIiIElnbm9yZUh0dHBTdGF0dXNDb2RlPSJGYWxzZSI+DQogICAgICAgICAgPEhlYWRlcnM+DQogICAgICAgICAgICA8SGVhZGVyIE5hbWU9IlJlZmVyZXIiIFZhbHVlPSJodHRwOi8vaW4wMWFwdjExOjgxL2VuL2Rhc2hib2FyZC5hc3B4IiAvPg0KICAgICAgICAgIDwvSGVhZGVycz4NCiAgICAgICAgICA8UXVlcnlTdHJpbmdQYXJhbWV0ZXJzPg0KICAgICAgICAgICAgPFF1ZXJ5U3RyaW5nUGFyYW1ldGVyIE5hbWU9ImZhbWlseSIgVmFsdWU9IlJvYm90bzozMDAsNDAwLDUwMCw3MDA/RWNvbVZlcnNpb24lM2Q4LjAuNzguMjEiIFJlY29yZGVkVmFsdWU9IlJvYm90bzozMDAsNDAwLDUwMCw3MDA/RWNvbVZlcnNpb24lM2Q4LjAuNzguMjEiIENvcnJlbGF0aW9uQmluZGluZz0iIiBVcmxFbmNvZGU9IkZhbHNlIiBVc2VUb0dyb3VwUmVzdWx0cz0iRmFsc2UiIC8+DQogICAgICAgICAgPC9RdWVyeVN0cmluZ1BhcmFtZXRlcnM+DQogICAgICAgIDwvUmVxdWVzdD4NCiAgICAgICAgPFJlcXVlc3QgTWV0aG9kPSJHRVQiIEd1aWQ9ImIwNDU0ZmJiLWNhYmEtNDZjMy1hMDkzLTg5MDAxNjM4ZDFjYyIgVmVyc2lvbj0iMS4xIiBVcmw9Imh0dHBzOi8vY3NpLmdzdGF0aWMuY29tL2NzaSIgVGhpbmtUaW1lPSI1IiBUaW1lb3V0PSIzMDAiIFBhcnNlRGVwZW5kZW50UmVxdWVzdHM9IlRydWUiIEZvbGxvd1JlZGlyZWN0cz0iVHJ1ZSIgUmVjb3JkUmVzdWx0PSJUcnVlIiBDYWNoZT0iRmFsc2UiIFJlc3BvbnNlVGltZUdvYWw9IjAiIEVuY29kaW5nPSJ1dGYtOCIgRXhwZWN0ZWRIdHRwU3RhdHVzQ29kZT0iMCIgRXhwZWN0ZWRSZXNwb25zZVVybD0iIiBSZXBvcnRpbmdOYW1lPSIiIElnbm9yZUh0dHBTdGF0dXNDb2RlPSJGYWxzZSI+DQogICAgICAgICAgPEhlYWRlcnM+DQogICAgICAgICAgICA8SGVhZGVyIE5hbWU9IlJlZmVyZXIiIFZhbHVlPSJodHRwOi8vaW4wMWFwdjExOjgxL2VuL2Rhc2hib2FyZC5hc3B4IiAvPg0KICAgICAgICAgIDwvSGVhZGVycz4NCiAgICAgICAgICA8UXVlcnlTdHJpbmdQYXJhbWV0ZXJzPg0KICAgICAgICAgICAgPFF1ZXJ5U3RyaW5nUGFyYW1ldGVyIE5hbWU9InYiIFZhbHVlPSIyIiBSZWNvcmRlZFZhbHVlPSIyIiBDb3JyZWxhdGlvbkJpbmRpbmc9IiIgVXJsRW5jb2RlPSJGYWxzZSIgVXNlVG9Hcm91cFJlc3VsdHM9IkZhbHNlIiAvPg0KICAgICAgICAgICAgPFF1ZXJ5U3RyaW5nUGFyYW1ldGVyIE5hbWU9InMiIFZhbHVlPSJtYXBzYXBpMyIgUmVjb3JkZWRWYWx1ZT0ibWFwc2FwaTMiIENvcnJlbGF0aW9uQmluZGluZz0iIiBVcmxFbmNvZGU9IkZhbHNlIiBVc2VUb0dyb3VwUmVzdWx0cz0iRmFsc2UiIC8+DQogICAgICAgICAgICA8UXVlcnlTdHJpbmdQYXJhbWV0ZXIgTmFtZT0idjN2IiBWYWx1ZT0iMjkuMTAiIFJlY29yZGVkVmFsdWU9IjI5LjEwIiBDb3JyZWxhdGlvbkJpbmRpbmc9IiIgVXJsRW5jb2RlPSJGYWxzZSIgVXNlVG9Hcm91cFJlc3VsdHM9IkZhbHNlIiAvPg0KICAgICAgICAgICAgPFF1ZXJ5U3RyaW5nUGFyYW1ldGVyIE5hbWU9ImFjdGlvbiIgVmFsdWU9ImFwaWJvb3QyIiBSZWNvcmRlZFZhbHVlPSJhcGlib290MiIgQ29ycmVsYXRpb25CaW5kaW5nPSIiIFVybEVuY29kZT0iRmFsc2UiIFVzZVRvR3JvdXBSZXN1bHRzPSJGYWxzZSIgLz4NCiAgICAgICAgICAgIDxRdWVyeVN0cmluZ1BhcmFtZXRlciBOYW1lPSJlIiBWYWx1ZT0iMTBfMV8wLDEwXzJfMCIgUmVjb3JkZWRWYWx1ZT0iMTBfMV8wLDEwXzJfMCIgQ29ycmVsYXRpb25CaW5kaW5nPSIiIFVybEVuY29kZT0iRmFsc2UiIFVzZVRvR3JvdXBSZXN1bHRzPSJGYWxzZSIgLz4NCiAgICAgICAgICAgIDxRdWVyeVN0cmluZ1BhcmFtZXRlciBOYW1lPSJydCIgVmFsdWU9Im1haW4uOSIgUmVjb3JkZWRWYWx1ZT0ibWFpbi45IiBDb3JyZWxhdGlvbkJpbmRpbmc9IiIgVXJsRW5jb2RlPSJGYWxzZSIgVXNlVG9Hcm91cFJlc3VsdHM9IkZhbHNlIiAvPg0KICAgICAgICAgIDwvUXVlcnlTdHJpbmdQYXJhbWV0ZXJzPg0KICAgICAgICA8L1JlcXVlc3Q+DQogICAgICA8L0RlcGVuZGVudFJlcXVlc3RzPg0KICAgICAgPEhlYWRlcnM+DQogICAgICAgIDxIZWFkZXIgTmFtZT0iUmVmZXJlciIgVmFsdWU9Imh0dHA6Ly9pbjAxYXB2MTE6ODEvZW4vbXlhZGRyZXNzZXMuYXNweCIgLz4NCiAgICAgIDwvSGVhZGVycz4NCiAgICAgIDxFeHRyYWN0aW9uUnVsZXM+DQogICAgICAgIDxFeHRyYWN0aW9uUnVsZSBDbGFzc25hbWU9Ik1pY3Jvc29mdC5WaXN1YWxTdHVkaW8uVGVzdFRvb2xzLldlYlRlc3RpbmcuUnVsZXMuRXh0cmFjdEhpZGRlbkZpZWxkcywgTWljcm9zb2Z0LlZpc3VhbFN0dWRpby5RdWFsaXR5VG9vbHMuV2ViVGVzdEZyYW1ld29yaywgVmVyc2lvbj0xMC4wLjAuMCwgQ3VsdHVyZT1uZXV0cmFsLCBQdWJsaWNLZXlUb2tlbj1iMDNmNWY3ZjExZDUwYTNhIiBWYXJpYWJsZU5hbWU9IjEiIERpc3BsYXlOYW1lPSJFeHRyYWN0IEhpZGRlbiBGaWVsZHMiIERlc2NyaXB0aW9uPSJFeHRyYWN0IGFsbCBoaWRkZW4gZmllbGRzIGZyb20gdGhlIHJlc3BvbnNlIGFuZCBwbGFjZSB0aGVtIGludG8gdGhlIHRlc3QgY29udGV4dC4iPg0KICAgICAgICAgIDxSdWxlUGFyYW1ldGVycz4NCiAgICAgICAgICAgIDxSdWxlUGFyYW1ldGVyIE5hbWU9IlJlcXVpcmVkIiBWYWx1ZT0iVHJ1ZSIgLz4NCiAgICAgICAgICAgIDxSdWxlUGFyYW1ldGVyIE5hbWU9Ikh0bWxEZWNvZGUiIFZhbHVlPSJUcnVlIiAvPg0KICAgICAgICAgIDwvUnVsZVBhcmFtZXRlcnM+DQogICAgICAgIDwvRXh0cmFjdGlvblJ1bGU+DQogICAgICA8L0V4dHJhY3Rpb25SdWxlcz4NCiAgICAgIDxDb3JyZWxhdGlvbkV4dHJhY3Rpb25SdWxlcz4NCiAgICAgICAgPEV4dHJhY3Rpb25SdWxlIENsYXNzbmFtZT0iTWljcm9zb2Z0LlZpc3VhbFN0dWRpby5UZXN0VG9vbHMuV2ViVGVzdGluZy5SdWxlcy5FeHRyYWN0Rm9ybUZpZWxkLCBNaWNyb3NvZnQuVmlzdWFsU3R1ZGlvLlF1YWxpdHlUb29scy5XZWJUZXN0RnJhbWV3b3JrLCBWZXJzaW9uPTEwLjAuMC4wLCBDdWx0dXJlPW5ldXRyYWwsIFB1YmxpY0tleVRva2VuPWIwM2Y1ZjdmMTFkNTBhM2EiIFZhcmlhYmxlTmFtZT0iRm9ybVBvc3RQYXJhbTEuY3RsMDAkY3RsMDAkY3RsMDAkQ29udGVudFBsYWNlSG9sZGVyRGVmYXVsdCRNYXN0ZXJQbGFjZWhvbGRlciRDaGFuZ2VBZGRyZXNzXzYkdHh0VGl0bGUiIERpc3BsYXlOYW1lPSIiIERlc2NyaXB0aW9uPSIiPg0KICAgICAgICAgIDxSdWxlUGFyYW1ldGVycz4NCiAgICAgICAgICAgIDxSdWxlUGFyYW1ldGVyIE5hbWU9Ik5hbWUiIFZhbHVlPSJDb250ZW50UGxhY2VIb2xkZXJEZWZhdWx0X01hc3RlclBsYWNlaG9sZGVyX0NoYW5nZUFkZHJlc3NfNl90eHRUaXRsZSIgLz4NCiAgICAgICAgICAgIDxSdWxlUGFyYW1ldGVyIE5hbWU9Ikh0bWxEZWNvZGUiIFZhbHVlPSJUcnVlIiAvPg0KICAgICAgICAgICAgPFJ1bGVQYXJhbWV0ZXIgTmFtZT0iUmVxdWlyZWQiIFZhbHVlPSJGYWxzZSIgLz4NCiAgICAgICAgICAgIDxSdWxlUGFyYW1ldGVyIE5hbWU9IkluZGV4IiBWYWx1ZT0iMCIgLz4NCiAgICAgICAgICA8L1J1bGVQYXJhbWV0ZXJzPg0KICAgICAgICA8L0V4dHJhY3Rpb25SdWxlPg0KICAgICAgICA8RXh0cmFjdGlvblJ1bGUgQ2xhc3NuYW1lPSJNaWNyb3NvZnQuVmlzdWFsU3R1ZGlvLlRlc3RUb29scy5XZWJUZXN0aW5nLlJ1bGVzLkV4dHJhY3RGb3JtRmllbGQsIE1pY3Jvc29mdC5WaXN1YWxTdHVkaW8uUXVhbGl0eVRvb2xzLldlYlRlc3RGcmFtZXdvcmssIFZlcnNpb249MTAuMC4wLjAsIEN1bHR1cmU9bmV1dHJhbCwgUHVibGljS2V5VG9rZW49YjAzZjVmN2YxMWQ1MGEzYSIgVmFyaWFibGVOYW1lPSJGb3JtUG9zdFBhcmFtMi5jdGwwMCRjdGwwMCRjdGwwMCRDb250ZW50UGxhY2VIb2xkZXJEZWZhdWx0JE1hc3RlclBsYWNlaG9sZGVyJENoYW5nZUFkZHJlc3NfNiR0eHRGaXJzdG5hbWUiIERpc3BsYXlOYW1lPSIiIERlc2NyaXB0aW9uPSIiPg0KICAgICAgICAgIDxSdWxlUGFyYW1ldGVycz4NCiAgICAgICAgICAgIDxSdWxlUGFyYW1ldGVyIE5hbWU9Ik5hbWUiIFZhbHVlPSJDb250ZW50UGxhY2VIb2xkZXJEZWZhdWx0X01hc3RlclBsYWNlaG9sZGVyX0NoYW5nZUFkZHJlc3NfNl90eHRGaXJzdG5hbWUiIC8+DQogICAgICAgICAgICA8UnVsZVBhcmFtZXRlciBOYW1lPSJIdG1sRGVjb2RlIiBWYWx1ZT0iVHJ1ZSIgLz4NCiAgICAgICAgICAgIDxSdWxlUGFyYW1ldGVyIE5hbWU9IlJlcXVpcmVkIiBWYWx1ZT0iRmFsc2UiIC8+DQogICAgICAgICAgICA8UnVsZVBhcmFtZXRlciBOYW1lPSJJbmRleCIgVmFsdWU9IjAiIC8+DQogICAgICAgICAgPC9SdWxlUGFyYW1ldGVycz4NCiAgICAgICAgPC9FeHRyYWN0aW9uUnVsZT4NCiAgICAgICAgPEV4dHJhY3Rpb25SdWxlIENsYXNzbmFtZT0iTWljcm9zb2Z0LlZpc3VhbFN0dWRpby5UZXN0VG9vbHMuV2ViVGVzdGluZy5SdWxlcy5FeHRyYWN0Rm9ybUZpZWxkLCBNaWNyb3NvZnQuVmlzdWFsU3R1ZGlvLlF1YWxpdHlUb29scy5XZWJUZXN0RnJhbWV3b3JrLCBWZXJzaW9uPTEwLjAuMC4wLCBDdWx0dXJlPW5ldXRyYWwsIFB1YmxpY0tleVRva2VuPWIwM2Y1ZjdmMTFkNTBhM2EiIFZhcmlhYmxlTmFtZT0iRm9ybVBvc3RQYXJhbTMuY3RsMDAkY3RsMDAkY3RsMDAkQ29udGVudFBsYWNlSG9sZGVyRGVmYXVsdCRNYXN0ZXJQbGFjZWhvbGRlciRDaGFuZ2VBZGRyZXNzXzYkdHh0TGFzdG5hbWUiIERpc3BsYXlOYW1lPSIiIERlc2NyaXB0aW9uPSIiPg0KICAgICAgICAgIDxSdWxlUGFyYW1ldGVycz4NCiAgICAgICAgICAgIDxSdWxlUGFyYW1ldGVyIE5hbWU9Ik5hbWUiIFZhbHVlPSJDb250ZW50UGxhY2VIb2xkZXJEZWZhdWx0X01hc3RlclBsYWNlaG9sZGVyX0NoYW5nZUFkZHJlc3NfNl90eHRMYXN0bmFtZSIgLz4NCiAgICAgICAgICAgIDxSdWxlUGFyYW1ldGVyIE5hbWU9Ikh0bWxEZWNvZGUiIFZhbHVlPSJUcnVlIiAvPg0KICAgICAgICAgICAgPFJ1bGVQYXJhbWV0ZXIgTmFtZT0iUmVxdWlyZWQiIFZhbHVlPSJGYWxzZSIgLz4NCiAgICAgICAgICAgIDxSdWxlUGFyYW1ldGVyIE5hbWU9IkluZGV4IiBWYWx1ZT0iMCIgLz4NCiAgICAgICAgICA8L1J1bGVQYXJhbWV0ZXJzPg0KICAgICAgICA8L0V4dHJhY3Rpb25SdWxlPg0KICAgICAgICA8RXh0cmFjdGlvblJ1bGUgQ2xhc3NuYW1lPSJNaWNyb3NvZnQuVmlzdWFsU3R1ZGlvLlRlc3RUb29scy5XZWJUZXN0aW5nLlJ1bGVzLkV4dHJhY3RGb3JtRmllbGQsIE1pY3Jvc29mdC5WaXN1YWxTdHVkaW8uUXVhbGl0eVRvb2xzLldlYlRlc3RGcmFtZXdvcmssIFZlcnNpb249MTAuMC4wLjAsIEN1bHR1cmU9bmV1dHJhbCwgUHVibGljS2V5VG9rZW49YjAzZjVmN2YxMWQ1MGEzYSIgVmFyaWFibGVOYW1lPSJGb3JtUG9zdFBhcmFtNC5jdGwwMCRjdGwwMCRjdGwwMCRDb250ZW50UGxhY2VIb2xkZXJEZWZhdWx0JE1hc3RlclBsYWNlaG9sZGVyJENoYW5nZUFkZHJlc3NfNiR0eHRDb21wYW55IiBEaXNwbGF5TmFtZT0iIiBEZXNjcmlwdGlvbj0iIj4NCiAgICAgICAgICA8UnVsZVBhcmFtZXRlcnM+DQogICAgICAgICAgICA8UnVsZVBhcmFtZXRlciBOYW1lPSJOYW1lIiBWYWx1ZT0iQ29udGVudFBsYWNlSG9sZGVyRGVmYXVsdF9NYXN0ZXJQbGFjZWhvbGRlcl9DaGFuZ2VBZGRyZXNzXzZfdHh0Q29tcGFueSIgLz4NCiAgICAgICAgICAgIDxSdWxlUGFyYW1ldGVyIE5hbWU9Ikh0bWxEZWNvZGUiIFZhbHVlPSJUcnVlIiAvPg0KICAgICAgICAgICAgPFJ1bGVQYXJhbWV0ZXIgTmFtZT0iUmVxdWlyZWQiIFZhbHVlPSJGYWxzZSIgLz4NCiAgICAgICAgICAgIDxSdWxlUGFyYW1ldGVyIE5hbWU9IkluZGV4IiBWYWx1ZT0iMCIgLz4NCiAgICAgICAgICA8L1J1bGVQYXJhbWV0ZXJzPg0KICAgICAgICA8L0V4dHJhY3Rpb25SdWxlPg0KICAgICAgICA8RXh0cmFjdGlvblJ1bGUgQ2xhc3NuYW1lPSJNaWNyb3NvZnQuVmlzdWFsU3R1ZGlvLlRlc3RUb29scy5XZWJUZXN0aW5nLlJ1bGVzLkV4dHJhY3RGb3JtRmllbGQsIE1pY3Jvc29mdC5WaXN1YWxTdHVkaW8uUXVhbGl0eVRvb2xzLldlYlRlc3RGcmFtZXdvcmssIFZlcnNpb249MTAuMC4wLjAsIEN1bHR1cmU9bmV1dHJhbCwgUHVibGljS2V5VG9rZW49YjAzZjVmN2YxMWQ1MGEzYSIgVmFyaWFibGVOYW1lPSJGb3JtUG9zdFBhcmFtNS5jdGwwMCRjdGwwMCRjdGwwMCRDb250ZW50UGxhY2VIb2xkZXJEZWZhdWx0JE1hc3RlclBsYWNlaG9sZGVyJENoYW5nZUFkZHJlc3NfNiR0eHREZXBhcnRtZW50IiBEaXNwbGF5TmFtZT0iIiBEZXNjcmlwdGlvbj0iIj4NCiAgICAgICAgICA8UnVsZVBhcmFtZXRlcnM+DQogICAgICAgICAgICA8UnVsZVBhcmFtZXRlciBOYW1lPSJOYW1lIiBWYWx1ZT0iQ29udGVudFBsYWNlSG9sZGVyRGVmYXVsdF9NYXN0ZXJQbGFjZWhvbGRlcl9DaGFuZ2VBZGRyZXNzXzZfdHh0RGVwYXJ0bWVudCIgLz4NCiAgICAgICAgICAgIDxSdWxlUGFyYW1ldGVyIE5hbWU9Ikh0bWxEZWNvZGUiIFZhbHVlPSJUcnVlIiAvPg0KICAgICAgICAgICAgPFJ1bGVQYXJhbWV0ZXIgTmFtZT0iUmVxdWlyZWQiIFZhbHVlPSJGYWxzZSIgLz4NCiAgICAgICAgICAgIDxSdWxlUGFyYW1ldGVyIE5hbWU9IkluZGV4IiBWYWx1ZT0iMCIgLz4NCiAgICAgICAgICA8L1J1bGVQYXJhbWV0ZXJzPg0KICAgICAgICA8L0V4dHJhY3Rpb25SdWxlPg0KICAgICAgICA8RXh0cmFjdGlvblJ1bGUgQ2xhc3NuYW1lPSJNaWNyb3NvZnQuVmlzdWFsU3R1ZGlvLlRlc3RUb29scy5XZWJUZXN0aW5nLlJ1bGVzLkV4dHJhY3RGb3JtRmllbGQsIE1pY3Jvc29mdC5WaXN1YWxTdHVkaW8uUXVhbGl0eVRvb2xzLldlYlRlc3RGcmFtZXdvcmssIFZlcnNpb249MTAuMC4wLjAsIEN1bHR1cmU9bmV1dHJhbCwgUHVibGljS2V5VG9rZW49YjAzZjVmN2YxMWQ1MGEzYSIgVmFyaWFibGVOYW1lPSJGb3JtUG9zdFBhcmFtNi5jdGwwMCRjdGwwMCRjdGwwMCRDb250ZW50UGxhY2VIb2xkZXJEZWZhdWx0JE1hc3RlclBsYWNlaG9sZGVyJENoYW5nZUFkZHJlc3NfNiR0eHRHcm91cCIgRGlzcGxheU5hbWU9IiIgRGVzY3JpcHRpb249IiI+DQogICAgICAgICAgPFJ1bGVQYXJhbWV0ZXJzPg0KICAgICAgICAgICAgPFJ1bGVQYXJhbWV0ZXIgTmFtZT0iTmFtZSIgVmFsdWU9IkNvbnRlbnRQbGFjZUhvbGRlckRlZmF1bHRfTWFzdGVyUGxhY2Vob2xkZXJfQ2hhbmdlQWRkcmVzc182X3R4dEdyb3VwIiAvPg0KICAgICAgICAgICAgPFJ1bGVQYXJhbWV0ZXIgTmFtZT0iSHRtbERlY29kZSIgVmFsdWU9IlRydWUiIC8+DQogICAgICAgICAgICA8UnVsZVBhcmFtZXRlciBOYW1lPSJSZXF1aXJlZCIgVmFsdWU9IkZhbHNlIiAvPg0KICAgICAgICAgICAgPFJ1bGVQYXJhbWV0ZXIgTmFtZT0iSW5kZXgiIFZhbHVlPSIwIiAvPg0KICAgICAgICAgIDwvUnVsZVBhcmFtZXRlcnM+DQogICAgICAgIDwvRXh0cmFjdGlvblJ1bGU+DQogICAgICAgIDxFeHRyYWN0aW9uUnVsZSBDbGFzc25hbWU9Ik1pY3Jvc29mdC5WaXN1YWxTdHVkaW8uVGVzdFRvb2xzLldlYlRlc3RpbmcuUnVsZXMuRXh0cmFjdEZvcm1GaWVsZCwgTWljcm9zb2Z0LlZpc3VhbFN0dWRpby5RdWFsaXR5VG9vbHMuV2ViVGVzdEZyYW1ld29yaywgVmVyc2lvbj0xMC4wLjAuMCwgQ3VsdHVyZT1uZXV0cmFsLCBQdWJsaWNLZXlUb2tlbj1iMDNmNWY3ZjExZDUwYTNhIiBWYXJpYWJsZU5hbWU9IkZvcm1Qb3N0UGFyYW03LmN0bDAwJGN0bDAwJGN0bDAwJENvbnRlbnRQbGFjZUhvbGRlckRlZmF1bHQkTWFzdGVyUGxhY2Vob2xkZXIkQ2hhbmdlQWRkcmVzc182JHR4dFN0cmVldCIgRGlzcGxheU5hbWU9IiIgRGVzY3JpcHRpb249IiI+DQogICAgICAgICAgPFJ1bGVQYXJhbWV0ZXJzPg0KICAgICAgICAgICAgPFJ1bGVQYXJhbWV0ZXIgTmFtZT0iTmFtZSIgVmFsdWU9IkNvbnRlbnRQbGFjZUhvbGRlckRlZmF1bHRfTWFzdGVyUGxhY2Vob2xkZXJfQ2hhbmdlQWRkcmVzc182X3R4dFN0cmVldCIgLz4NCiAgICAgICAgICAgIDxSdWxlUGFyYW1ldGVyIE5hbWU9Ikh0bWxEZWNvZGUiIFZhbHVlPSJUcnVlIiAvPg0KICAgICAgICAgICAgPFJ1bGVQYXJhbWV0ZXIgTmFtZT0iUmVxdWlyZWQiIFZhbHVlPSJGYWxzZSIgLz4NCiAgICAgICAgICAgIDxSdWxlUGFyYW1ldGVyIE5hbWU9IkluZGV4IiBWYWx1ZT0iMCIgLz4NCiAgICAgICAgICA8L1J1bGVQYXJhbWV0ZXJzPg0KICAgICAgICA8L0V4dHJhY3Rpb25SdWxlPg0KICAgICAgICA8RXh0cmFjdGlvblJ1bGUgQ2xhc3NuYW1lPSJNaWNyb3NvZnQuVmlzdWFsU3R1ZGlvLlRlc3RUb29scy5XZWJUZXN0aW5nLlJ1bGVzLkV4dHJhY3RGb3JtRmllbGQsIE1pY3Jvc29mdC5WaXN1YWxTdHVkaW8uUXVhbGl0eVRvb2xzLldlYlRlc3RGcmFtZXdvcmssIFZlcnNpb249MTAuMC4wLjAsIEN1bHR1cmU9bmV1dHJhbCwgUHVibGljS2V5VG9rZW49YjAzZjVmN2YxMWQ1MGEzYSIgVmFyaWFibGVOYW1lPSJGb3JtUG9zdFBhcmFtOC5jdGwwMCRjdGwwMCRjdGwwMCRDb250ZW50UGxhY2VIb2xkZXJEZWZhdWx0JE1hc3RlclBsYWNlaG9sZGVyJENoYW5nZUFkZHJlc3NfNiR0eHRTdHJlZXQyIiBEaXNwbGF5TmFtZT0iIiBEZXNjcmlwdGlvbj0iIj4NCiAgICAgICAgICA8UnVsZVBhcmFtZXRlcnM+DQogICAgICAgICAgICA8UnVsZVBhcmFtZXRlciBOYW1lPSJOYW1lIiBWYWx1ZT0iQ29udGVudFBsYWNlSG9sZGVyRGVmYXVsdF9NYXN0ZXJQbGFjZWhvbGRlcl9DaGFuZ2VBZGRyZXNzXzZfdHh0U3RyZWV0MiIgLz4NCiAgICAgICAgICAgIDxSdWxlUGFyYW1ldGVyIE5hbWU9Ikh0bWxEZWNvZGUiIFZhbHVlPSJUcnVlIiAvPg0KICAgICAgICAgICAgPFJ1bGVQYXJhbWV0ZXIgTmFtZT0iUmVxdWlyZWQiIFZhbHVlPSJGYWxzZSIgLz4NCiAgICAgICAgICAgIDxSdWxlUGFyYW1ldGVyIE5hbWU9IkluZGV4IiBWYWx1ZT0iMCIgLz4NCiAgICAgICAgICA8L1J1bGVQYXJhbWV0ZXJzPg0KICAgICAgICA8L0V4dHJhY3Rpb25SdWxlPg0KICAgICAgICA8RXh0cmFjdGlvblJ1bGUgQ2xhc3NuYW1lPSJNaWNyb3NvZnQuVmlzdWFsU3R1ZGlvLlRlc3RUb29scy5XZWJUZXN0aW5nLlJ1bGVzLkV4dHJhY3RGb3JtRmllbGQsIE1pY3Jvc29mdC5WaXN1YWxTdHVkaW8uUXVhbGl0eVRvb2xzLldlYlRlc3RGcmFtZXdvcmssIFZlcnNpb249MTAuMC4wLjAsIEN1bHR1cmU9bmV1dHJhbCwgUHVibGljS2V5VG9rZW49YjAzZjVmN2YxMWQ1MGEzYSIgVmFyaWFibGVOYW1lPSJGb3JtUG9zdFBhcmFtOS5jdGwwMCRjdGwwMCRjdGwwMCRDb250ZW50UGxhY2VIb2xkZXJEZWZhdWx0JE1hc3RlclBsYWNlaG9sZGVyJENoYW5nZUFkZHJlc3NfNiR0eHRTdHJlZXQzIiBEaXNwbGF5TmFtZT0iIiBEZXNjcmlwdGlvbj0iIj4NCiAgICAgICAgICA8UnVsZVBhcmFtZXRlcnM+DQogICAgICAgICAgICA8UnVsZVBhcmFtZXRlciBOYW1lPSJOYW1lIiBWYWx1ZT0iQ29udGVudFBsYWNlSG9sZGVyRGVmYXVsdF9NYXN0ZXJQbGFjZWhvbGRlcl9DaGFuZ2VBZGRyZXNzXzZfdHh0U3RyZWV0MyIgLz4NCiAgICAgICAgICAgIDxSdWxlUGFyYW1ldGVyIE5hbWU9Ikh0bWxEZWNvZGUiIFZhbHVlPSJUcnVlIiAvPg0KICAgICAgICAgICAgPFJ1bGVQYXJhbWV0ZXIgTmFtZT0iUmVxdWlyZWQiIFZhbHVlPSJGYWxzZSIgLz4NCiAgICAgICAgICAgIDxSdWxlUGFyYW1ldGVyIE5hbWU9IkluZGV4IiBWYWx1ZT0iMCIgLz4NCiAgICAgICAgICA8L1J1bGVQYXJhbWV0ZXJzPg0KICAgICAgICA8L0V4dHJhY3Rpb25SdWxlPg0KICAgICAgICA8RXh0cmFjdGlvblJ1bGUgQ2xhc3NuYW1lPSJNaWNyb3NvZnQuVmlzdWFsU3R1ZGlvLlRlc3RUb29scy5XZWJUZXN0aW5nLlJ1bGVzLkV4dHJhY3RGb3JtRmllbGQsIE1pY3Jvc29mdC5WaXN1YWxTdHVkaW8uUXVhbGl0eVRvb2xzLldlYlRlc3RGcmFtZXdvcmssIFZlcnNpb249MTAuMC4wLjAsIEN1bHR1cmU9bmV1dHJhbCwgUHVibGljS2V5VG9rZW49YjAzZjVmN2YxMWQ1MGEzYSIgVmFyaWFibGVOYW1lPSJGb3JtUG9zdFBhcmFtMTAuY3RsMDAkY3RsMDAkY3RsMDAkQ29udGVudFBsYWNlSG9sZGVyRGVmYXVsdCRNYXN0ZXJQbGFjZWhvbGRlciRDaGFuZ2VBZGRyZXNzXzYkdHh0Q2l0eSIgRGlzcGxheU5hbWU9IiIgRGVzY3JpcHRpb249IiI+DQogICAgICAgICAgPFJ1bGVQYXJhbWV0ZXJzPg0KICAgICAgICAgICAgPFJ1bGVQYXJhbWV0ZXIgTmFtZT0iTmFtZSIgVmFsdWU9IkNvbnRlbnRQbGFjZUhvbGRlckRlZmF1bHRfTWFzdGVyUGxhY2Vob2xkZXJfQ2hhbmdlQWRkcmVzc182X3R4dENpdHkiIC8+DQogICAgICAgICAgICA8UnVsZVBhcmFtZXRlciBOYW1lPSJIdG1sRGVjb2RlIiBWYWx1ZT0iVHJ1ZSIgLz4NCiAgICAgICAgICAgIDxSdWxlUGFyYW1ldGVyIE5hbWU9IlJlcXVpcmVkIiBWYWx1ZT0iRmFsc2UiIC8+DQogICAgICAgICAgICA8UnVsZVBhcmFtZXRlciBOYW1lPSJJbmRleCIgVmFsdWU9IjAiIC8+DQogICAgICAgICAgPC9SdWxlUGFyYW1ldGVycz4NCiAgICAgICAgPC9FeHRyYWN0aW9uUnVsZT4NCiAgICAgICAgPEV4dHJhY3Rpb25SdWxlIENsYXNzbmFtZT0iTWljcm9zb2Z0LlZpc3VhbFN0dWRpby5UZXN0VG9vbHMuV2ViVGVzdGluZy5SdWxlcy5FeHRyYWN0Rm9ybUZpZWxkLCBNaWNyb3NvZnQuVmlzdWFsU3R1ZGlvLlF1YWxpdHlUb29scy5XZWJUZXN0RnJhbWV3b3JrLCBWZXJzaW9uPTEwLjAuMC4wLCBDdWx0dXJlPW5ldXRyYWwsIFB1YmxpY0tleVRva2VuPWIwM2Y1ZjdmMTFkNTBhM2EiIFZhcmlhYmxlTmFtZT0iRm9ybVBvc3RQYXJhbTExLmN0bDAwJGN0bDAwJGN0bDAwJENvbnRlbnRQbGFjZUhvbGRlckRlZmF1bHQkTWFzdGVyUGxhY2Vob2xkZXIkQ2hhbmdlQWRkcmVzc182JHR4dFBvc3RhbENvZGUiIERpc3BsYXlOYW1lPSIiIERlc2NyaXB0aW9uPSIiPg0KICAgICAgICAgIDxSdWxlUGFyYW1ldGVycz4NCiAgICAgICAgICAgIDxSdWxlUGFyYW1ldGVyIE5hbWU9Ik5hbWUiIFZhbHVlPSJDb250ZW50UGxhY2VIb2xkZXJEZWZhdWx0X01hc3RlclBsYWNlaG9sZGVyX0NoYW5nZUFkZHJlc3NfNl90eHRQb3N0YWxDb2RlIiAvPg0KICAgICAgICAgICAgPFJ1bGVQYXJhbWV0ZXIgTmFtZT0iSHRtbERlY29kZSIgVmFsdWU9IlRydWUiIC8+DQogICAgICAgICAgICA8UnVsZVBhcmFtZXRlciBOYW1lPSJSZXF1aXJlZCIgVmFsdWU9IkZhbHNlIiAvPg0KICAgICAgICAgICAgPFJ1bGVQYXJhbWV0ZXIgTmFtZT0iSW5kZXgiIFZhbHVlPSIwIiAvPg0KICAgICAgICAgIDwvUnVsZVBhcmFtZXRlcnM+DQogICAgICAgIDwvRXh0cmFjdGlvblJ1bGU+DQogICAgICAgIDxFeHRyYWN0aW9uUnVsZSBDbGFzc25hbWU9Ik1pY3Jvc29mdC5WaXN1YWxTdHVkaW8uVGVzdFRvb2xzLldlYlRlc3RpbmcuUnVsZXMuRXh0cmFjdEZvcm1GaWVsZCwgTWljcm9zb2Z0LlZpc3VhbFN0dWRpby5RdWFsaXR5VG9vbHMuV2ViVGVzdEZyYW1ld29yaywgVmVyc2lvbj0xMC4wLjAuMCwgQ3VsdHVyZT1uZXV0cmFsLCBQdWJsaWNLZXlUb2tlbj1iMDNmNWY3ZjExZDUwYTNhIiBWYXJpYWJsZU5hbWU9IkZvcm1Qb3N0UGFyYW0xMi5jdGwwMCRjdGwwMCRjdGwwMCRDb250ZW50UGxhY2VIb2xkZXJEZWZhdWx0JE1hc3RlclBsYWNlaG9sZGVyJENoYW5nZUFkZHJlc3NfNiR0eHRFbWFpbCIgRGlzcGxheU5hbWU9IiIgRGVzY3JpcHRpb249IiI+DQogICAgICAgICAgPFJ1bGVQYXJhbWV0ZXJzPg0KICAgICAgICAgICAgPFJ1bGVQYXJhbWV0ZXIgTmFtZT0iTmFtZSIgVmFsdWU9IkNvbnRlbnRQbGFjZUhvbGRlckRlZmF1bHRfTWFzdGVyUGxhY2Vob2xkZXJfQ2hhbmdlQWRkcmVzc182X3R4dEVtYWlsIiAvPg0KICAgICAgICAgICAgPFJ1bGVQYXJhbWV0ZXIgTmFtZT0iSHRtbERlY29kZSIgVmFsdWU9IlRydWUiIC8+DQogICAgICAgICAgICA8UnVsZVBhcmFtZXRlciBOYW1lPSJSZXF1aXJlZCIgVmFsdWU9IkZhbHNlIiAvPg0KICAgICAgICAgICAgPFJ1bGVQYXJhbWV0ZXIgTmFtZT0iSW5kZXgiIFZhbHVlPSIwIiAvPg0KICAgICAgICAgIDwvUnVsZVBhcmFtZXRlcnM+DQogICAgICAgIDwvRXh0cmFjdGlvblJ1bGU+DQogICAgICAgIDxFeHRyYWN0aW9uUnVsZSBDbGFzc25hbWU9Ik1pY3Jvc29mdC5WaXN1YWxTdHVkaW8uVGVzdFRvb2xzLldlYlRlc3RpbmcuUnVsZXMuRXh0cmFjdEZvcm1GaWVsZCwgTWljcm9zb2Z0LlZpc3VhbFN0dWRpby5RdWFsaXR5VG9vbHMuV2ViVGVzdEZyYW1ld29yaywgVmVyc2lvbj0xMC4wLjAuMCwgQ3VsdHVyZT1uZXV0cmFsLCBQdWJsaWNLZXlUb2tlbj1iMDNmNWY3ZjExZDUwYTNhIiBWYXJpYWJsZU5hbWU9IkZvcm1Qb3N0UGFyYW0xMy5jdGwwMCRjdGwwMCRjdGwwMCRDb250ZW50UGxhY2VIb2xkZXJEZWZhdWx0JE1hc3RlclBsYWNlaG9sZGVyJENoYW5nZUFkZHJlc3NfNiR0eHRUZWxlcGhvbmUiIERpc3BsYXlOYW1lPSIiIERlc2NyaXB0aW9uPSIiPg0KICAgICAgICAgIDxSdWxlUGFyYW1ldGVycz4NCiAgICAgICAgICAgIDxSdWxlUGFyYW1ldGVyIE5hbWU9Ik5hbWUiIFZhbHVlPSJDb250ZW50UGxhY2VIb2xkZXJEZWZhdWx0X01hc3RlclBsYWNlaG9sZGVyX0NoYW5nZUFkZHJlc3NfNl90eHRUZWxlcGhvbmUiIC8+DQogICAgICAgICAgICA8UnVsZVBhcmFtZXRlciBOYW1lPSJIdG1sRGVjb2RlIiBWYWx1ZT0iVHJ1ZSIgLz4NCiAgICAgICAgICAgIDxSdWxlUGFyYW1ldGVyIE5hbWU9IlJlcXVpcmVkIiBWYWx1ZT0iRmFsc2UiIC8+DQogICAgICAgICAgICA8UnVsZVBhcmFtZXRlciBOYW1lPSJJbmRleCIgVmFsdWU9IjAiIC8+DQogICAgICAgICAgPC9SdWxlUGFyYW1ldGVycz4NCiAgICAgICAgPC9FeHRyYWN0aW9uUnVsZT4NCiAgICAgICAgPEV4dHJhY3Rpb25SdWxlIENsYXNzbmFtZT0iTWljcm9zb2Z0LlZpc3VhbFN0dWRpby5UZXN0VG9vbHMuV2ViVGVzdGluZy5SdWxlcy5FeHRyYWN0Rm9ybUZpZWxkLCBNaWNyb3NvZnQuVmlzdWFsU3R1ZGlvLlF1YWxpdHlUb29scy5XZWJUZXN0RnJhbWV3b3JrLCBWZXJzaW9uPTEwLjAuMC4wLCBDdWx0dXJlPW5ldXRyYWwsIFB1YmxpY0tleVRva2VuPWIwM2Y1ZjdmMTFkNTBhM2EiIFZhcmlhYmxlTmFtZT0iRm9ybVBvc3RQYXJhbTE0LmN0bDAwJGN0bDAwJGN0bDAwJENvbnRlbnRQbGFjZUhvbGRlckRlZmF1bHQkTWFzdGVyUGxhY2Vob2xkZXIkQ2hhbmdlQWRkcmVzc182JHR4dE1vYmlsZSIgRGlzcGxheU5hbWU9IiIgRGVzY3JpcHRpb249IiI+DQogICAgICAgICAgPFJ1bGVQYXJhbWV0ZXJzPg0KICAgICAgICAgICAgPFJ1bGVQYXJhbWV0ZXIgTmFtZT0iTmFtZSIgVmFsdWU9IkNvbnRlbnRQbGFjZUhvbGRlckRlZmF1bHRfTWFzdGVyUGxhY2Vob2xkZXJfQ2hhbmdlQWRkcmVzc182X3R4dE1vYmlsZSIgLz4NCiAgICAgICAgICAgIDxSdWxlUGFyYW1ldGVyIE5hbWU9Ikh0bWxEZWNvZGUiIFZhbHVlPSJUcnVlIiAvPg0KICAgICAgICAgICAgPFJ1bGVQYXJhbWV0ZXIgTmFtZT0iUmVxdWlyZWQiIFZhbHVlPSJGYWxzZSIgLz4NCiAgICAgICAgICAgIDxSdWxlUGFyYW1ldGVyIE5hbWU9IkluZGV4IiBWYWx1ZT0iMCIgLz4NCiAgICAgICAgICA8L1J1bGVQYXJhbWV0ZXJzPg0KICAgICAgICA8L0V4dHJhY3Rpb25SdWxlPg0KICAgICAgICA8RXh0cmFjdGlvblJ1bGUgQ2xhc3NuYW1lPSJNaWNyb3NvZnQuVmlzdWFsU3R1ZGlvLlRlc3RUb29scy5XZWJUZXN0aW5nLlJ1bGVzLkV4dHJhY3RGb3JtRmllbGQsIE1pY3Jvc29mdC5WaXN1YWxTdHVkaW8uUXVhbGl0eVRvb2xzLldlYlRlc3RGcmFtZXdvcmssIFZlcnNpb249MTAuMC4wLjAsIEN1bHR1cmU9bmV1dHJhbCwgUHVibGljS2V5VG9rZW49YjAzZjVmN2YxMWQ1MGEzYSIgVmFyaWFibGVOYW1lPSJGb3JtUG9zdFBhcmFtMTUuY3RsMDAkY3RsMDAkY3RsMDAkQ29udGVudFBsYWNlSG9sZGVyRGVmYXVsdCRNYXN0ZXJQbGFjZWhvbGRlciRDaGFuZ2VBZGRyZXNzXzYkdHh0RmF4IiBEaXNwbGF5TmFtZT0iIiBEZXNjcmlwdGlvbj0iIj4NCiAgICAgICAgICA8UnVsZVBhcmFtZXRlcnM+DQogICAgICAgICAgICA8UnVsZVBhcmFtZXRlciBOYW1lPSJOYW1lIiBWYWx1ZT0iQ29udGVudFBsYWNlSG9sZGVyRGVmYXVsdF9NYXN0ZXJQbGFjZWhvbGRlcl9DaGFuZ2VBZGRyZXNzXzZfdHh0RmF4IiAvPg0KICAgICAgICAgICAgPFJ1bGVQYXJhbWV0ZXIgTmFtZT0iSHRtbERlY29kZSIgVmFsdWU9IlRydWUiIC8+DQogICAgICAgICAgICA8UnVsZVBhcmFtZXRlciBOYW1lPSJSZXF1aXJlZCIgVmFsdWU9IkZhbHNlIiAvPg0KICAgICAgICAgICAgPFJ1bGVQYXJhbWV0ZXIgTmFtZT0iSW5kZXgiIFZhbHVlPSIwIiAvPg0KICAgICAgICAgIDwvUnVsZVBhcmFtZXRlcnM+DQogICAgICAgIDwvRXh0cmFjdGlvblJ1bGU+DQogICAgICAgIDxFeHRyYWN0aW9uUnVsZSBDbGFzc25hbWU9Ik1pY3Jvc29mdC5WaXN1YWxTdHVkaW8uVGVzdFRvb2xzLldlYlRlc3RpbmcuUnVsZXMuRXh0cmFjdEZvcm1GaWVsZCwgTWljcm9zb2Z0LlZpc3VhbFN0dWRpby5RdWFsaXR5VG9vbHMuV2ViVGVzdEZyYW1ld29yaywgVmVyc2lvbj0xMC4wLjAuMCwgQ3VsdHVyZT1uZXV0cmFsLCBQdWJsaWNLZXlUb2tlbj1iMDNmNWY3ZjExZDUwYTNhIiBWYXJpYWJsZU5hbWU9IkZvcm1Qb3N0UGFyYW0xNi5jdGwwMCRjdGwwMCRjdGwwMCRDb250ZW50UGxhY2VIb2xkZXJEZWZhdWx0JE1hc3RlclBsYWNlaG9sZGVyJHVjTXlBY2NvdW50U2V0dGluZ3NfNyR0eHRXZWJsb2dpblZhbHVlIiBEaXNwbGF5TmFtZT0iIiBEZXNjcmlwdGlvbj0iIj4NCiAgICAgICAgICA8UnVsZVBhcmFtZXRlcnM+DQogICAgICAgICAgICA8UnVsZVBhcmFtZXRlciBOYW1lPSJOYW1lIiBWYWx1ZT0iQ29udGVudFBsYWNlSG9sZGVyRGVmYXVsdF9NYXN0ZXJQbGFjZWhvbGRlcl91Y015QWNjb3VudFNldHRpbmdzXzdfdHh0V2VibG9naW5WYWx1ZSIgLz4NCiAgICAgICAgICAgIDxSdWxlUGFyYW1ldGVyIE5hbWU9Ikh0bWxEZWNvZGUiIFZhbHVlPSJUcnVlIiAvPg0KICAgICAgICAgICAgPFJ1bGVQYXJhbWV0ZXIgTmFtZT0iUmVxdWlyZWQiIFZhbHVlPSJGYWxzZSIgLz4NCiAgICAgICAgICAgIDxSdWxlUGFyYW1ldGVyIE5hbWU9IkluZGV4IiBWYWx1ZT0iMCIgLz4NCiAgICAgICAgICA8L1J1bGVQYXJhbWV0ZXJzPg0KICAgICAgICA8L0V4dHJhY3Rpb25SdWxlPg0KICAgICAgICA8RXh0cmFjdGlvblJ1bGUgQ2xhc3NuYW1lPSJNaWNyb3NvZnQuVmlzdWFsU3R1ZGlvLlRlc3RUb29scy5XZWJUZXN0aW5nLlJ1bGVzLkV4dHJhY3RUZXh0LCBNaWNyb3NvZnQuVmlzdWFsU3R1ZGlvLlF1YWxpdHlUb29scy5XZWJUZXN0RnJhbWV3b3JrLCBWZXJzaW9uPTEwLjAuMC4wLCBDdWx0dXJlPW5ldXRyYWwsIFB1YmxpY0tleVRva2VuPWIwM2Y1ZjdmMTFkNTBhM2EiIFZhcmlhYmxlTmFtZT0iRm9ybVBvc3RQYXJhbTE3LmN0bDAwJGN0bDAwJGN0bDAwJENvbnRlbnRQbGFjZUhvbGRlckRlZmF1bHQkTWFzdGVyUGxhY2Vob2xkZXIkQ2hhbmdlQWRkcmVzc182JGRkbENvdW50cnkiIERpc3BsYXlOYW1lPSIiIERlc2NyaXB0aW9uPSIiPg0KICAgICAgICAgIDxSdWxlUGFyYW1ldGVycz4NCiAgICAgICAgICAgIDxSdWxlUGFyYW1ldGVyIE5hbWU9IlN0YXJ0c1dpdGgiIFZhbHVlPSJsdWU9JnF1b3Q7IiAvPg0KICAgICAgICAgICAgPFJ1bGVQYXJhbWV0ZXIgTmFtZT0iRW5kc1dpdGgiIFZhbHVlPSImcXVvdDsmZ3Q7SW5kIiAvPg0KICAgICAgICAgICAgPFJ1bGVQYXJhbWV0ZXIgTmFtZT0iSW5kZXgiIFZhbHVlPSIxMTgiIC8+DQogICAgICAgICAgICA8UnVsZVBhcmFtZXRlciBOYW1lPSJJZ25vcmVDYXNlIiBWYWx1ZT0iRmFsc2UiIC8+DQogICAgICAgICAgICA8UnVsZVBhcmFtZXRlciBOYW1lPSJVc2VSZWd1bGFyRXhwcmVzc2lvbiIgVmFsdWU9IkZhbHNlIiAvPg0KICAgICAgICAgICAgPFJ1bGVQYXJhbWV0ZXIgTmFtZT0iSHRtbERlY29kZSIgVmFsdWU9IlRydWUiIC8+DQogICAgICAgICAgICA8UnVsZVBhcmFtZXRlciBOYW1lPSJSZXF1aXJlZCIgVmFsdWU9IkZhbHNlIiAvPg0KICAgICAgICAgIDwvUnVsZVBhcmFtZXRlcnM+DQogICAgICAgIDwvRXh0cmFjdGlvblJ1bGU+DQogICAgICAgIDxFeHRyYWN0aW9uUnVsZSBDbGFzc25hbWU9Ik1pY3Jvc29mdC5WaXN1YWxTdHVkaW8uVGVzdFRvb2xzLldlYlRlc3RpbmcuUnVsZXMuRXh0cmFjdFRleHQsIE1pY3Jvc29mdC5WaXN1YWxTdHVkaW8uUXVhbGl0eVRvb2xzLldlYlRlc3RGcmFtZXdvcmssIFZlcnNpb249MTAuMC4wLjAsIEN1bHR1cmU9bmV1dHJhbCwgUHVibGljS2V5VG9rZW49YjAzZjVmN2YxMWQ1MGEzYSIgVmFyaWFibGVOYW1lPSJGb3JtUG9zdFBhcmFtMTguY3RsMDAkY3RsMDAkY3RsMDAkQ29udGVudFBsYWNlSG9sZGVyRGVmYXVsdCRNYXN0ZXJQbGFjZWhvbGRlciRDaGFuZ2VBZGRyZXNzXzYkZGRsU3RhdGUiIERpc3BsYXlOYW1lPSIiIERlc2NyaXB0aW9uPSIiPg0KICAgICAgICAgIDxSdWxlUGFyYW1ldGVycz4NCiAgICAgICAgICAgIDxSdWxlUGFyYW1ldGVyIE5hbWU9IlN0YXJ0c1dpdGgiIFZhbHVlPSJsdWU9JnF1b3Q7IiAvPg0KICAgICAgICAgICAgPFJ1bGVQYXJhbWV0ZXIgTmFtZT0iRW5kc1dpdGgiIFZhbHVlPSImcXVvdDsgLyZndDsmI3hEOyIgLz4NCiAgICAgICAgICAgIDxSdWxlUGFyYW1ldGVyIE5hbWU9IkluZGV4IiBWYWx1ZT0iMyIgLz4NCiAgICAgICAgICAgIDxSdWxlUGFyYW1ldGVyIE5hbWU9Iklnbm9yZUNhc2UiIFZhbHVlPSJGYWxzZSIgLz4NCiAgICAgICAgICAgIDxSdWxlUGFyYW1ldGVyIE5hbWU9IlVzZVJlZ3VsYXJFeHByZXNzaW9uIiBWYWx1ZT0iRmFsc2UiIC8+DQogICAgICAgICAgICA8UnVsZVBhcmFtZXRlciBOYW1lPSJIdG1sRGVjb2RlIiBWYWx1ZT0iVHJ1ZSIgLz4NCiAgICAgICAgICAgIDxSdWxlUGFyYW1ldGVyIE5hbWU9IlJlcXVpcmVkIiBWYWx1ZT0iRmFsc2UiIC8+DQogICAgICAgICAgPC9SdWxlUGFyYW1ldGVycz4NCiAgICAgICAgPC9FeHRyYWN0aW9uUnVsZT4NCiAgICAgICAgPEV4dHJhY3Rpb25SdWxlIENsYXNzbmFtZT0iTWljcm9zb2Z0LlZpc3VhbFN0dWRpby5UZXN0VG9vbHMuV2ViVGVzdGluZy5SdWxlcy5FeHRyYWN0VGV4dCwgTWljcm9zb2Z0LlZpc3VhbFN0dWRpby5RdWFsaXR5VG9vbHMuV2ViVGVzdEZyYW1ld29yaywgVmVyc2lvbj0xMC4wLjAuMCwgQ3VsdHVyZT1uZXV0cmFsLCBQdWJsaWNLZXlUb2tlbj1iMDNmNWY3ZjExZDUwYTNhIiBWYXJpYWJsZU5hbWU9IkZvcm1Qb3N0UGFyYW0xOS5jdGwwMCRjdGwwMCRjdGwwMCRDb250ZW50UGxhY2VIb2xkZXJEZWZhdWx0JE1hc3RlclBsYWNlaG9sZGVyJENoYW5nZUFkZHJlc3NfNiRkZGxUaW1lem9uZSIgRGlzcGxheU5hbWU9IiIgRGVzY3JpcHRpb249IiI+DQogICAgICAgICAgPFJ1bGVQYXJhbWV0ZXJzPg0KICAgICAgICAgICAgPFJ1bGVQYXJhbWV0ZXIgTmFtZT0iU3RhcnRzV2l0aCIgVmFsdWU9Imx1ZT0mcXVvdDsiIC8+DQogICAgICAgICAgICA8UnVsZVBhcmFtZXRlciBOYW1lPSJFbmRzV2l0aCIgVmFsdWU9IiZxdW90OyZndDsoVVQiIC8+DQogICAgICAgICAgICA8UnVsZVBhcmFtZXRlciBOYW1lPSJJbmRleCIgVmFsdWU9IjM5MyIgLz4NCiAgICAgICAgICAgIDxSdWxlUGFyYW1ldGVyIE5hbWU9Iklnbm9yZUNhc2UiIFZhbHVlPSJGYWxzZSIgLz4NCiAgICAgICAgICAgIDxSdWxlUGFyYW1ldGVyIE5hbWU9IlVzZVJlZ3VsYXJFeHByZXNzaW9uIiBWYWx1ZT0iRmFsc2UiIC8+DQogICAgICAgICAgICA8UnVsZVBhcmFtZXRlciBOYW1lPSJIdG1sRGVjb2RlIiBWYWx1ZT0iVHJ1ZSIgLz4NCiAgICAgICAgICAgIDxSdWxlUGFyYW1ldGVyIE5hbWU9IlJlcXVpcmVkIiBWYWx1ZT0iRmFsc2UiIC8+DQogICAgICAgICAgPC9SdWxlUGFyYW1ldGVycz4NCiAgICAgICAgPC9FeHRyYWN0aW9uUnVsZT4NCiAgICAgIDwvQ29ycmVsYXRpb25FeHRyYWN0aW9uUnVsZXM+DQogICAgICA8Rm9ybVBvc3RIdHRwQm9keT4NCiAgICAgICAgPEZvcm1Qb3N0UGFyYW1ldGVyIE5hbWU9Il9fRVZFTlRUQVJHRVQiIFZhbHVlPSJ7eyRISURERU4xLl9fRVZFTlRUQVJHRVR9fSIgUmVjb3JkZWRWYWx1ZT0iY3RsMDAkY3RsMDAkY3RsMDAkQ29udGVudFBsYWNlSG9sZGVyRGVmYXVsdCRUb3BMb2dnZWRJbl8xJGxuYlRvcExvZ2dlZEluTXlEYXNoYm9hcmQiIENvcnJlbGF0aW9uQmluZGluZz0iIiBVcmxFbmNvZGU9IlRydWUiIC8+DQogICAgICAgIDxGb3JtUG9zdFBhcmFtZXRlciBOYW1lPSJfX0VWRU5UQVJHVU1FTlQiIFZhbHVlPSJ7eyRISURERU4xLl9fRVZFTlRBUkdVTUVOVH19IiBSZWNvcmRlZFZhbHVlPSIiIENvcnJlbGF0aW9uQmluZGluZz0iIiBVcmxFbmNvZGU9IlRydWUiIC8+DQogICAgICAgIDxGb3JtUG9zdFBhcmFtZXRlciBOYW1lPSJfX1ZJRVdTVEFURSIgVmFsdWU9Int7JEhJRERFTjEuX19WSUVXU1RBVEV9fSIgUmVjb3JkZWRWYWx1ZT0iL3dFUER3VUVOVE00TVE5a0ZnSm1EMlFXQW1ZUFpCWUNaZzlrRmdKbUQyUVdBZ0lERHhZR0hnWnZibXh2WVdRRlAybG1LSFI1Y0dWdlppQlBia0poWTJ0Q2RYUjBiMjVEYkdsamF5QTlQU0FpWm5WdVkzUnBiMjRpS1NCUGJrSmhZMnRDZFhSMGIyNURiR2xqYXlncE94NEtiMjV3WVdkbGMyaHZkd1ZUYVdZZ0tHVjJaVzUwTG5CbGNuTnBjM1JsWkNBbUppQjBlWEJsYjJZZ1QyNUNZV05yUW5WMGRHOXVRMnhwWTJzZ1BUMGdJbVoxYm1OMGFXOXVJaWtnVDI1Q1lXTnJRblYwZEc5dVEyeHBZMnNvS1RzZUNHOXVkVzVzYjJGa1pSWUNBZ0VRWkdRV0NnSUlEMlFXQW1ZUFpCWVNBZ0lQRlFGWFEyOXVkR1Z1ZEZCc1lXTmxTRzlzWkdWeVJHVm1ZWFZzZEY5VWIzQk1iMmRuWldSSmJsOHhYM0J1YkVSeVlXZGhZbXhsVjJsdVpHOTNRMjl1ZEdWdWRGOUpibXhwYm1WTlpYTnpZV2RsUTI5dWRHRnBibVZ5WkFJREQyUVdBZ0lCRHc4V0FoNEVWR1Y0ZEFVR1RHOW5iM1YwWkdRQ0JROFBGZ0llQjFacGMybGliR1ZuWkJZQ0FnRVBEeFlHSGd0T1lYWnBaMkYwWlZWeWJBVVVmaTloWkcxcGJpOTNaV3hqYjIxbExtRnpjSGdmQXdVT1FXUnRhVzVwYzNSeVlYUnBiMjRmQkdka1pBSUhEdzhXQWg4RVoyUVdCZ0lCRHhZQ0h3TUZCVWhsYkd4dlpBSUREeFlDSHdNRkZYQnVkR1Z6ZEdZd01ERWdjRzUwWlhOMGJEQXdNV1FDQlE4V0FoNEphVzV1WlhKb2RHMXNCUTFCWTJOdmRXNTBJRWxFSURvZ1pBSUpEMlFXQ0FJQkR4WUNId01GQXlvcUttUUNBdzhQRmdJZkEyVmtaQUlGRHc4V0FoOERCUkVvWW1WamIyMWxJSGx2ZFhKelpXeG1LV1JrQWdjUEZnSWZBd1VES2lvcVpBSU5EdzhXQWg4RVoyUVdBZ0lCRHc4V0JCOERCUXhOZVNCRVlYTm9ZbTloY21RZkJHZGtaQUlQRHc4V0FoOEVaMlFXQWdJQkR3OFdDQjRJUTNOelEyeGhjM01GRFdWbVEyOXNiM0pQY21GdVoyVWZBd1VKVFhrZ1QzSmtaWEp6SGdSZklWTkNBZ0lmQkdka1pBSVJEdzhXQWg4RVoyUVdBZ0lCRHc4V0JCOERCUXhOZVNCQlpHUnlaWE56WlhNZkJHZGtaQUlURHc4V0FoOEVaMlFXQWdJQkR3OFdCQjhEQlE1TmVTQlFjbVZtWlhKbGJtTmxjeDhFWjJSa0Fnb1BaQllDWmc4UEZnSWZCR2hrRmdZQ0F3OFBGZ0lmQlFVakwyVnVMMk5vWldOcmIzVjBMM04wWlhBeExtRnpjSGcvYm05a1pVbGtQVEV6TWpsa1pBSUZEdzlrRmdJZUJHaHlaV1lGQVNOa0Fna1BEMlFXQWg0RmRHbDBiR1VGQlV4dloybHVGZ2dDQVE4UEZnWWZBd1VHUlcxaGFXdzZId2NGRnlCeVpYRjFhWEpsWkVacFpXeGtRMmhoY21GamRHVnlId2dDQW1Sa0Fna1BEeFlHSHdNRkEzc3dmUjhIQlJjZ2NtVnhkV2x5WldSR2FXVnNaRU5vWVhKaFkzUmxjaDhJQWdKa1pBSVJEdzhXQWg4RkJSY3ZaVzR2Wm05eVoyOTBjR0Z6YzNkdmNtUXVZWE53ZUdSa0FoTVBEeFlDSHdVRkl5OWxiaTlqYUdWamEyOTFkQzl6ZEdWd01TNWhjM0I0UDI1dlpHVkpaRDB4TXpJNVpHUUNEQTlrRmdKbUQyUVdEQUlJRHc4V0JCOEhCUTFqWVhKMExXbGpiMjVHZFd4c0h3Z0NBbVFXQWdJQkR3OFdBaDhGQlEwdlpXNHZZMkZ5ZEM1aGMzQjRaR1FDQ2c4V0FoOERCUWs0SUVsMFpXMG9jeWxrQWd3UEZnSWZBd1VNTnk0NU16WXNNREFnNG9Lc1pBSU9EdzhXQWg4RVoyUVdDQUlCRDJRV0FnSUJEeFlDSHdNRkVFeGhjM1FnWVdSa1pXUWdhWFJsYlhOa0FnTVBGZ0lmQmdYYkRUeGthWFlnWTJ4aGMzTTlKMnhsWm5RblBqazJkMlZzYkNCQloyRnlJRkJzWVhSbFBDOWthWFkrUEdScGRpQmpiR0Z6Y3owbmNtbG5hSFFuUGp4aElHaHlaV1k5SnlNbklHOXVZMnhwWTJzOUoxTm9iM2RFYVdGc2IyY29Janh3UGtSdklIbHZkU0J5WldGc2JIa2dkMkZ1ZENCMGJ5QmtaV3hsZEdVZ2RHaHBjeUJwZEdWdEtITXBQend2Y0Q0aUxIc2lSR2xoYkc5blEyeGhjM01pT2lJaUxDSklaV2xuYUhRaU9pSmhkWFJ2SWl3aVRXOWtZV3dpT25SeWRXVXNJbEJ2YzJsMGFXOXVJam9pWTJWdWRHVnlJaXdpVjJsa2RHZ2lPaUl6TURBaUxDSkRiRzl6WVdKc1pTSTZkSEoxWlN3aVZHbDBiR1VpT2lKRVpXeGxkR1VpTENKQ2RYUjBiMjR4VkdWNGRDSTZJbGxsY3lJc0lrSjFkSFJ2YmpKVVpYaDBJam9pVG04aUxDSkNkWFIwYjI0eFEyRnNiR0poWTJzaU9pSkVaV3hsZEdWUGNtUmxja2wwWlcwaUxDSkNkWFIwYjI0eVEyRnNiR0poWTJzaU9tNTFiR3dzSWtKMWRIUnZiakZEWVd4c1ltRmphMUJoY21GdFpYUmxjbk1pT2lKN1hDSkpaRndpT2pNMk1qUTFNbjBpTENKQ2RYUjBiMjR5UTJGc2JHSmhZMnRRWVhKaGJXVjBaWEp6SWpwdWRXeHNMQ0pTWlhOcGVtRmliR1VpT21aaGJITmxMQ0pFY21GbloyRmliR1VpT21aaGJITmxMQ0pCZFhSdlQzQmxiaUk2Wm1Gc2MyVXNJa0Z3Y0dWdVpGUnZJam9pWW05a2VTSXNJazFoZUVobGFXZG9kQ0k2TkRBd0xDSk5ZWGhYYVdSMGFDSTZNekF3TENKTmFXNUlaV2xuYUhRaU9qRTFNQ3dpVFdsdVYybGtkR2dpT2pFMU1IMHBPeWMrZUR3dllUNDhMMlJwZGo0TkNqeGthWFlnWTJ4aGMzTTlKMnhsWm5RblBqazJkMlZzYkNCQloyRnlJRkJzWVhSbFBDOWthWFkrUEdScGRpQmpiR0Z6Y3owbmNtbG5hSFFuUGp4aElHaHlaV1k5SnlNbklHOXVZMnhwWTJzOUoxTm9iM2RFYVdGc2IyY29Janh3UGtSdklIbHZkU0J5WldGc2JIa2dkMkZ1ZENCMGJ5QmtaV3hsZEdVZ2RHaHBjeUJwZEdWdEtITXBQend2Y0Q0aUxIc2lSR2xoYkc5blEyeGhjM01pT2lJaUxDSklaV2xuYUhRaU9pSmhkWFJ2SWl3aVRXOWtZV3dpT25SeWRXVXNJbEJ2YzJsMGFXOXVJam9pWTJWdWRHVnlJaXdpVjJsa2RHZ2lPaUl6TURBaUxDSkRiRzl6WVdKc1pTSTZkSEoxWlN3aVZHbDBiR1VpT2lKRVpXeGxkR1VpTENKQ2RYUjBiMjR4VkdWNGRDSTZJbGxsY3lJc0lrSjFkSFJ2YmpKVVpYaDBJam9pVG04aUxDSkNkWFIwYjI0eFEyRnNiR0poWTJzaU9pSkVaV3hsZEdWUGNtUmxja2wwWlcwaUxDSkNkWFIwYjI0eVEyRnNiR0poWTJzaU9tNTFiR3dzSWtKMWRIUnZiakZEWVd4c1ltRmphMUJoY21GdFpYUmxjbk1pT2lKN1hDSkpaRndpT2pNMk1qUTFNSDBpTENKQ2RYUjBiMjR5UTJGc2JHSmhZMnRRWVhKaGJXVjBaWEp6SWpwdWRXeHNMQ0pTWlhOcGVtRmliR1VpT21aaGJITmxMQ0pFY21GbloyRmliR1VpT21aaGJITmxMQ0pCZFhSdlQzQmxiaUk2Wm1Gc2MyVXNJa0Z3Y0dWdVpGUnZJam9pWW05a2VTSXNJazFoZUVobGFXZG9kQ0k2TkRBd0xDSk5ZWGhYYVdSMGFDSTZNekF3TENKTmFXNUlaV2xuYUhRaU9qRTFNQ3dpVFdsdVYybGtkR2dpT2pFMU1IMHBPeWMrZUR3dllUNDhMMlJwZGo0TkNqeGthWFlnWTJ4aGMzTTlKMnhsWm5RblBqazJkMlZzYkNCQloyRnlJRkJzWVhSbFBDOWthWFkrUEdScGRpQmpiR0Z6Y3owbmNtbG5hSFFuUGp4aElHaHlaV1k5SnlNbklHOXVZMnhwWTJzOUoxTm9iM2RFYVdGc2IyY29Janh3UGtSdklIbHZkU0J5WldGc2JIa2dkMkZ1ZENCMGJ5QmtaV3hsZEdVZ2RHaHBjeUJwZEdWdEtITXBQend2Y0Q0aUxIc2lSR2xoYkc5blEyeGhjM01pT2lJaUxDSklaV2xuYUhRaU9pSmhkWFJ2SWl3aVRXOWtZV3dpT25SeWRXVXNJbEJ2YzJsMGFXOXVJam9pWTJWdWRHVnlJaXdpVjJsa2RHZ2lPaUl6TURBaUxDSkRiRzl6WVdKc1pTSTZkSEoxWlN3aVZHbDBiR1VpT2lKRVpXeGxkR1VpTENKQ2RYUjBiMjR4VkdWNGRDSTZJbGxsY3lJc0lrSjFkSFJ2YmpKVVpYaDBJam9pVG04aUxDSkNkWFIwYjI0eFEyRnNiR0poWTJzaU9pSkVaV3hsZEdWUGNtUmxja2wwWlcwaUxDSkNkWFIwYjI0eVEyRnNiR0poWTJzaU9tNTFiR3dzSWtKMWRIUnZiakZEWVd4c1ltRmphMUJoY21GdFpYUmxjbk1pT2lKN1hDSkpaRndpT2pNMk1qUTBPWDBpTENKQ2RYUjBiMjR5UTJGc2JHSmhZMnRRWVhKaGJXVjBaWEp6SWpwdWRXeHNMQ0pTWlhOcGVtRmliR1VpT21aaGJITmxMQ0pFY21GbloyRmliR1VpT21aaGJITmxMQ0pCZFhSdlQzQmxiaUk2Wm1Gc2MyVXNJa0Z3Y0dWdVpGUnZJam9pWW05a2VTSXNJazFoZUVobGFXZG9kQ0k2TkRBd0xDSk5ZWGhYYVdSMGFDSTZNekF3TENKTmFXNUlaV2xuYUhRaU9qRTFNQ3dpVFdsdVYybGtkR2dpT2pFMU1IMHBPeWMrZUR3dllUNDhMMlJwZGo0TkNtUUNCUThQRmdRZkJRVU5MMlZ1TDJOaGNuUXVZWE53ZUI4REJRUkRZWEowWkdRQ0J3OFBGZ1lmQXdVSVEyaGxZMnR2ZFhRZUIwVnVZV0pzWldSbkh3Um5GZ0llQjA5dVEyeHBZMnNGbHl4eVpYUjFjbTRnVm1Gc2FXUmhkR1ZKZEdWdGMxUnZRMmhsWTJ0UGRYUlBjbEYxYjNSbEtIc2lRMnh2YzJWQ2RYUjBiMjVVWlhoMElqb2lRMnh2YzJVaUxDSkJiR1Z5ZEUxbGMzTmhaMlZVYVhSc1pTSTZJa0ZzWlhKMElFMWxjM05oWjJVaUxDSkRhR1ZqYTI5MWRGTjBZWFJsUlc1MWJTSTZleUpKYm5aaGJHbGtJam9pU1c1MllXeHBaQ0lzSWxGMWIzUmhZbXhsVDI1c2VTSTZJbEYxYjNSaFlteGxUMjVzZVNJc0lrOXlaR1Z5WVdKc1pVOXViSGtpT2lKUGNtUmxjbUZpYkdWUGJteDVJaXdpVDNKa1pYSmhZbXhsUVc1a1VYVnZkR0ZpYkdVaU9pSlBjbVJsY21GaWJHVkJibVJSZFc5MFlXSnNaU0lzSWs1dmRFOXlaR1Z5WVdKc1pVRnVaRkYxYjNSaFlteGxJam9pVG05MFQzSmtaWEpoWW14bFFXNWtVWFZ2ZEdGaWJHVWlMQ0pPYjNSUGNtUmxjbUZpYkdWQmJtUlJkVzkwWVdKc1pWZHBkR2hKYm5aaGJHbGtJam9pVG05MFQzSmtaWEpoWW14bFFXNWtVWFZ2ZEdGaWJHVlhhWFJvU1c1MllXeHBaQ0lzSWtabGQwOXlaR1Z5WVdKc1pVOXViSGtpT2lKR1pYZFBjbVJsY21GaWJHVlBibXg1SWl3aVJtVjNUM0prWlhKaFlteGxRVzVrUm1WM1VYVnZkR0ZpYkdVaU9pSkdaWGRQY21SbGNtRmliR1ZCYm1SR1pYZFJkVzkwWVdKc1pTSXNJa1psZDFGMWIzUmhZbXhsVDI1c2VWZHBkR2hKYm5aaGJHbGtJam9pUm1WM1VYVnZkR0ZpYkdWUGJteDVWMmwwYUVsdWRtRnNhV1FpTENKR1pYZFBjbVJsY21GaWJHVlBibXg1VjJsMGFFbHVkbUZzYVdRaU9pSkdaWGRQY21SbGNtRmliR1ZQYm14NVYybDBhRWx1ZG1Gc2FXUWlMQ0pHWlhkUGNtUmxjbUZpYkdWQmJtUkdaWGRSZFc5MFlXSnNaVmRwZEdoSmJuWmhiR2xrSWpvaVJtVjNUM0prWlhKaFlteGxRVzVrUm1WM1VYVnZkR0ZpYkdWWGFYUm9TVzUyWVd4cFpDSXNJa1psZDA5eVpHVnlZV0pzWlVGdVpFRnNiRkYxYjNSaFlteGxJam9pUm1WM1QzSmtaWEpoWW14bFFXNWtRV3hzVVhWdmRHRmliR1VpTENKQmJHeFBjbVJsY21GaWJHVkJibVJHWlhkUmRXOTBZV0pzWlNJNklrRnNiRTl5WkdWeVlXSnNaVUZ1WkVabGQxRjFiM1JoWW14bEluMHNJa2wwWlcxVGRHRjBaVVZ1ZFcwaU9uc2lTVzUyWVd4cFpDSTZJa2x1ZG1Gc2FXUWlMQ0pSZFc5MFlXSnNaVTl1YkhraU9pSlJkVzkwWVdKc1pVOXViSGtpTENKUGNtUmxjbUZpYkdWUGJteDVJam9pVDNKa1pYSmhZbXhsVDI1c2VTSXNJazl5WkdWeVlXSnNaVUZ1WkZGMWIzUmhZbXhsSWpvaVQzSmtaWEpoWW14bFFXNWtVWFZ2ZEdGaWJHVWlMQ0pPYjNSUGNtUmxjbUZpYkdWQmJtUlJkVzkwWVdKc1pTSTZJazV2ZEU5eVpHVnlZV0pzWlVGdVpGRjFiM1JoWW14bElpd2lUbTkwVDNKa1pYSmhZbXhsUVc1a1VYVnZkR0ZpYkdWWGFYUm9TVzUyWVd4cFpDSTZJazV2ZEU5eVpHVnlZV0pzWlVGdVpGRjFiM1JoWW14bFYybDBhRWx1ZG1Gc2FXUWlMQ0pHWlhkUGNtUmxjbUZpYkdWUGJteDVJam9pUm1WM1QzSmtaWEpoWW14bFQyNXNlU0lzSWtabGQwOXlaR1Z5WVdKc1pVRnVaRVpsZDFGMWIzUmhZbXhsSWpvaVJtVjNUM0prWlhKaFlteGxRVzVrUm1WM1VYVnZkR0ZpYkdVaUxDSkdaWGRSZFc5MFlXSnNaVTl1YkhsWGFYUm9TVzUyWVd4cFpDSTZJa1psZDFGMWIzUmhZbXhsVDI1c2VWZHBkR2hKYm5aaGJHbGtJaXdpUm1WM1QzSmtaWEpoWW14bFQyNXNlVmRwZEdoSmJuWmhiR2xrSWpvaVJtVjNUM0prWlhKaFlteGxUMjVzZVZkcGRHaEpiblpoYkdsa0lpd2lSbVYzVDNKa1pYSmhZbXhsUVc1a1JtVjNVWFZ2ZEdGaWJHVlhhWFJvU1c1MllXeHBaQ0k2SWtabGQwOXlaR1Z5WVdKc1pVRnVaRVpsZDFGMWIzUmhZbXhsVjJsMGFFbHVkbUZzYVdRaUxDSkdaWGRQY21SbGNtRmliR1ZCYm1SQmJHeFJkVzkwWVdKc1pTSTZJa1psZDA5eVpHVnlZV0pzWlVGdVpFRnNiRkYxYjNSaFlteGxJaXdpUVd4c1QzSmtaWEpoWW14bFFXNWtSbVYzVVhWdmRHRmliR1VpT2lKQmJHeFBjbVJsY21GaWJHVkJibVJHWlhkUmRXOTBZV0pzWlNKOUxDSm9aRzVHYVdWc1pGTmxiR1ZqZEdWa1QzSmtaWEpKZEdWdFEyaGxZMnR2ZFhSVGRHRjBaWE5EYkdsbGJuUkpaQ0k2SWtOdmJuUmxiblJRYkdGalpVaHZiR1JsY2tSbFptRjFiSFJmUTJGeWRFOTJaWEoyYVdWM1h6TmZhR1J1Um1sbGJHUlRaV3hsWTNSbFpFOXlaR1Z5U1hSbGJVTm9aV05yYjNWMFUzUmhkR1Z6SWl3aWFHUnVSbWxsYkdSVFpXeGxZM1JsWkVsMFpXMUpaSE5EYkdsbGJuUkpaQ0k2SWtOdmJuUmxiblJRYkdGalpVaHZiR1JsY2tSbFptRjFiSFJmUTJGeWRFOTJaWEoyYVdWM1h6TmZhR1J1Um1sbGJHUlRaV3hsWTNSbFpFbDBaVzFKWkhNaUxDSlBjbVJsY2xObGJHVmpkR1ZrVUhKdlpIVmpkSE1pT2pFc0lrTnZibVpwY20xaGRHbHZibFJwZEd4bFVtVnpiM1Z5WTJVaU9pSkRiMjVtYVhKdFlYUnBiMjRpTENKUWNtOWpaV1ZrUW5WMGRHOXVWR1Y0ZENJNklsQnliMk5sWldRaUxDSlFjbTlqWldWa1FuVjBkRzl1UTJGc2JHSmhZMnNpT2lKV1lXeHBaR0YwWlVsMFpXMXpWRzlEYUdWamEwOTFkRTl5VVhWdmRHVWlMQ0pKYm5aaGJHbGtTWFJsYlhOVFpXeGxZM1JsWkVadmNrTm9aV05yYjNWMFVtVnpiM1Z5WTJVaU9pSlVhR1Z5WlNCaGNtVWdjMjl0WlNCcGJuWmhiR2xrSUdsMFpXMXpJR05vYjNObGJpQm1iM0lnWTJobFkydHZkWFFpTENKT2IwOXlaR1Z5WVdKc1pVbDBaVzF6VTJWc1pXTjBaV1JHYjNKRGFHVmphMjkxZEZKbGMyOTFjbU5sSWpvaVRtOGdkbUZzYVdRZ2IzSmtaWEpoWW14bElHbDBaVzF6SUdGeVpTQmphRzl6Wlc0Z1ptOXlJRzl5WkdWeUlIQnliMk5sYzNNaUxDSk9iMUYxYjNSaFlteGxTWFJsYlhOVFpXeGxZM1JsWkVadmNrTm9aV05yYjNWMFVtVnpiM1Z5WTJVaU9pSk9ieUIyWVd4cFpDQnhkVzkwWVdKc1pTQnBkR1Z0Y3lCaGNtVWdZMmh2YzJWdUlHWnZjaUJ4ZFc5MFpTQndjbTlqWlhOeklpd2lUM0prWlhKaFlteGxRVzVrVG05dVQzSmtaWEpoWW14bFNYUmxiWE5UWld4bFkzUmxaRVp2Y2tOb1pXTnJiM1YwVW1WemIzVnlZMlVpT2lKWmIzVWdZMkZ1SUdWcGRHaGxjaUFuY0hKdlkyVmxaQ2NnZDJsMGFDQnZjbVJsY2lCd2NtOWpaWE56SUc5bUlIUm9aU0J2Y21SbGNtRmliR1VnYVhSbGJYTWdiM0lnWldScGRDQjBhR1VnYm05dUxXOXlaR1Z5WVdKc1pTQnBkR1Z0Y3lJc0lsRjFiM1JoWW14bFFXNWtUbTl1VVhWdmRHRmliR1ZKZEdWdGMxTmxiR1ZqZEdWa1JtOXlRMmhsWTJ0dmRYUlNaWE52ZFhKalpTSTZJbGx2ZFNCallXNGdaV2wwYUdWeUlDZHdjbTlqWldWa0p5QjNhWFJvSUhGMWIzUmxJSEJ5YjJObGMzTWdiMllnZEdobElIRjFiM1JoWW14bElHbDBaVzF6SUc5eUlHVmthWFFnZEdobElHNXZiaTF4ZFc5MFlXSnNaU0JwZEdWdGN5SXNJbEYxYjNSbFUyVnNaV04wWldSUWNtOWtkV04wY3lJNk1pd2lUbTlKZEdWdGMxTmxiR1ZqZEdWa0lqb2lUbThnU1hSbGJYTWdVMlZzWldOMFpXUXVJRkJzWldGelpTQmphRzl2YzJVZ2IyNWxJQ2h2Y2lrZ2JXOXlaU0JwZEdWdGN5QjBieUJ3WlhKbWIzSnRJSFJvWlNCaFkzUnBiMjR1SWl3aVEyRnlkRUZqZEdsdmJrUmxiR1YwWlZObGJHVmpkR1ZrVUhKdlpIVmpkSE1pT2pVc0lsZHBjMmhNYVhOMFFXTjBhVzl1YzBSbGJHVjBaVk5sYkdWamRHVmtVSEp2WkhWamRITWlPaklzSWtSbGJHVjBaVU52Ym1acGNtMWhkR2x2YmsxbGMzTmhaMlZTWlhOdmRYSmpaU0k2SWp4d1BrUnZJSGx2ZFNCeVpXRnNiSGtnZDJGdWRDQjBieUJrWld4bGRHVWdkR2hwY3lCcGRHVnRLSE1wUHp3dmNENGlMQ0pFWld4bGRHVkRiMjVtYVhKdFlYUnBiMjVPYjBKMWRIUnZibEpsYzI5MWNtTmxJam9pVG04aUxDSkVaV3hsZEdWRGIyNW1hWEp0WVhScGIyNVpaWE5DZFhSMGIyNVNaWE52ZFhKalpTSTZJbGxsY3lJc0lrUmxiR1YwWlVOdmJtWnBjbTFoZEdsdmJraGxZV1JsY2xSbGVIUlNaWE52ZFhKalpTSTZJa1JsYkdWMFpTSXNJa05oY25SQlkzUnBiMjRpT2pFc0lrTm9aV05yYjNWMFFuVjBkRzl1VTJOeWFYQjBJanB1ZFd4c0xDSkRhR1ZqYTI5MWRGTmxjWFZsYm1OcGJtZEJibVJRY21sdFpYSlFiM0IxY0UxbGMzTmhaMlZJWldGa1pYSWlPaUlpTENKRGFHVmphMjkxZEZObGNYVmxibU5wYm1kQmJtUlFjbWx0WlhKUWIzQjFjRTFsYzNOaFoyVklaV0ZrWlhKSmJtWnZjbTFoZEdsdmJpSTZJa2wwSUdseklHNXZkQ0J3YjNOemFXSnNaU0IwYnlCamFHVmphMjkxZENBdklIRjFiM1JsSUhObGNYVmxibU5wYm1jZ2NtVmhZM1JwYjI1eklIZHBkR2h2ZFhRZ2NISnBiV1Z5Y3lCM2FHbGphQ0JoY21VZ1lYTnpiMk5wWVhSbFpDQjBieUJ6Wld4bFkzUmxaQ0J6WlhGMVpXNWphVzVuSUdsMFpXMXpJR2x1SUhSb2FYTWdiM0prWlhJNklEd3ZZbkkrUEM5aWNqNGlMQ0pEYUdWamEyOTFkRk5sY1hWbGJtTnBibWRCYm1SUWNtbHRaWEpRYjNCMWNFMWxjM05oWjJWR2IyOTBaWEpKYm1admNtMWhkR2x2YmlJNklpSXNJa05vWldOcmIzVjBVMlZ4ZFdWdVkybHVaMEZ1WkZCeWFXMWxjbEJ2Y0hWd1RXVnpjMkZuWlVOc2IzTmxRblYwZEc5dVZHVjRkQ0k2SWlJc0lrTm9aV05yYjNWMFUyVnhkV1Z1WTJsdVowRnVaRkJ5YVcxbGNsQnZjSFZ3Um05eWJXRjBUV1Z6YzJGblpTSTZJaUlzSWtOb1pXTnJiM1YwVUhKcGJXVnlRV3h2Ym1WUWIzQjFjRTFsYzNOaFoyVkRiRzl6WlVKMWRIUnZibFJsZUhRaU9pSWlMQ0pEYUdWamEyOTFkRkJ5YVcxbGNrRnNiMjVsVUc5d2RYQk5aWE56WVdkbElqb2lVSEpwYldWeUlHRnNiMjVsSUdOaGJtNXZkQ0JpWlNCamFHVmphMlZrSUc5MWRDNGdVR3hsWVhObElITmxiR1ZqZENCaGRHeGxZWE4wSUc5dVpTQmhjM052WTJsaGRHVmtJSE5sY1hWbGJtTnBibWNnU1hSbGJTNGlMQ0pEYUdWamEyOTFkRkJ5YVcxbGNrRnNiMjVsVUc5d2RYQk5aWE56WVdkbFNHVmhaR1Z5SWpvaVVHeGxZWE5sSUU1dmRHVWlMQ0pDWVhKRGIyUmxWbUZzYVdSaGRHbHZibEJ2Y0hWd1EyeHZjMlZDZFhSMGIyNVVaWGgwSWpvaVQyc2lMQ0pDWVhKRGIyUmxWbUZzYVdSaGRHbHZibEJ2Y0hWd1RXVnpjMkZuWlNJNklrSmhjbU52WkdVZ1ptOXlJRk5sYkdWamRHVmtJRWwwWlcwZ2FYTWdhVzUyWVd4cFpDSXNJa0poY2tOdlpHVldZV3hwWkdGMGFXOXVVRzl3ZFhCTlpYTnpZV2RsU0dWaFpHVnlJam9pVUd4bFlYTmxJRTV2ZEdVaUxDSlRZVzFsUkdGNVJHVnNhWFpsY25sV1lXeHBaR0YwYVc5dVVHOXdkWEJIYjBKaFkydENkWFIwYjI1VVpYaDBJam9pVjJGcGRDQjFiblJwYkNCaGJHd2dUM0prWlhKeklHRnlaU0JtYVc1cGMyaGxaQ0IwYnlCVGFHbHdJRzl1WTJVaUxDSlRZVzFsUkdGNVJHVnNhWFpsY25sV1lXeHBaR0YwYVc5dVVHOXdkWEJEYUdWamEyOTFkRUoxZEhSdmJsUmxlSFFpT2lKRGFHVmphMjkxZENCVFlXMWxJRVJoZVNCUGJHbG5iM01nVDI1c2VTSXNJbE5oYldWRVlYbEVaV3hwZG1WeWVWWmhiR2xrWVhScGIyNVFiM0IxY0UxbGMzTmhaMlZJWldGa1pYSWlPaUpRYkdWaGMyVWdjMlZzWldOMElpd2lVMkZ0WlVSaGVVUmxiR2wyWlhKNVZtRnNhV1JoZEdsdmJsQnZjSFZ3VFdWemMyRm5aVVJsYzJOeWFYQjBhVzl1SWpvaVdXOTFjaUJqWVhKMElHTnZiblJoYVc1eklITmhiV1VnWkdGNUlHOXNhV2R2Y3l3Z2QyaHBZMmdnYm1WbFpDQjBieUJpWlNCamFHVmphMlZrSUc5MWRDQnpaWEJsY21GMFpXeDVJR2x1SUc5eVpHVnlJSFJ2SUdWdWMzVnlaU0IwYUdVZ1ptRnpkR1Z6ZENCa1pXeHBkbVZ5ZVM0Z1ZHaGxJRzkwYUdWeUlHbDBaVzF6SUhkcGJHd2dZbVVnZDJGcGRHbHVaeUJwYmlCNWIzVnlJR05oY25RZ2QyaGxiaUI1YjNVZ2NtVjBkWEp1SUd4aGRHVnlMaUE4YzNCaGJpQmpiR0Z6Y3oxY0luUnZiMngwYVhCZlpHbGhiRzluWENJZ2RHbDBiR1U5WENKRmVIQnNZV2x1SUdKMWRIUnZiaUJrWlhOamNtbHdkR2x2YmlCb1pYSmxJRzl1YkhsY0lpQStQQzl6Y0dGdVBpSXNJbEpsZFhObFpFbDBaVzF6Vm1Gc2FXUmhkR2x2YmxCdmNIVndRMnh2YzJWQ2RYUjBiMjVVWlhoMElqb2lUMnNpTENKU1pYVnpaV1JKZEdWdGMxWmhiR2xrWVhScGIyNVFiM0IxY0UxbGMzTmhaMlVpT2lKUGIzQnpJQ0VnVTI5dFpTQnZjaUJoYkd3Z2IyWWdjMlZzWldOMFpXUWdjbVYxYzJWa0lHbDBaVzBuY3lCdmNtbG5hVzVoYkNCamIyNTBZV2x1WlhKeklHRnlaU0JsZUhCcGNtVmtMaUJaYjNWeUlHTmhjblFnZDJsc2JDQmlaU0IxY0dSaGRHVmtJR0YxZEc5dFlYUnBZMkZzYkhrZ1lXNWtJR05oY25RZ2QybHNiQ0JpWlNCeVpXeHZZV1JsWkM0Z1JYaHdhWEpsWkNCcGRHVnRJRTVoYldWeklHRnlaU0F0UGlJc0lsSmxkWE5sWkVsMFpXMXpWbUZzYVdSaGRHbHZibEJ2Y0hWd1RXVnpjMkZuWlVobFlXUmxjaUk2SWxCc1pXRnpaU0JPYjNSbElpd2lSWGh3YVhKbFpGQnlhVzFsY2xCdmNIVndRMnh2YzJWQ2RYUjBiMjVVWlhoMElqb2lUMnNpTENKRmVIQnBjbVZrVUhKcGJXVnlVRzl3ZFhCTlpYTnpZV2RsVkdWNGRDSTZJbEJ5YVcxbGNpQnBjeUJsZUhCcGNtVmtJR1p2Y2lCMGFHVWdiMjVsSUc5bUlIUm9aU0J6Wld4bGRHVmtJSE5sY1hWbGJtTnBibWNnYVhSbGJTNGdjR3hsWVhObElITmxiR1ZqZENCaGJtOTBhR1Z5SUhCeWFXMWxjaUJ2Y2lCdmNtUmxjaUJ1WlhjZ2NISnBiV1Z5TGlJc0lrVjRjR2x5WldSUWNtbHRaWEpRYjNCMWNFMWxjM05oWjJWSVpXRmtaWEpVWlhoMElqb2lVR3hsYzJVZ1RtOTBaU0lzSWtOaGNuUlFZV2RsVlZKTUlqb2lMMlZ1TDJOaGNuUXVZWE53ZUNJc0lrMXBibWx0ZFcxUWJHRjBaVk5oYlhCc1pYTlFaWEpEYUdWamEyOTFkQ0k2TkRnc0lsQnNZWFJsVTJGdGNHeGxRMjkxYm5RaU9tNTFiR3dzSWtselUybHVaMnhsVUd4aGRHVlhhWFJvVm1Gc2FXUlRZVzF3YkdWRGIzVnVkQ0k2Wm1Gc2MyVXNJazFwYmxCc1lYUmxVMkZ0Y0d4bGMxQnZjSFZ3Um05eWJXRjBUV1Z6YzJGblpTSTZJaUlzSWsxcGJsQnNZWFJsVTJGdGNHeGxjMUJ2Y0hWd1JtOXliV0YwVFdWemMyRm5aVU5zYjNObFFuVjBkRzl1VkdWNGRDSTZJaUlzSWsxcGJsQnNZWFJsVTJGdGNHeGxjMUJ2Y0hWd1JtOXliV0YwVFdWemMyRm5aVWhsWVdSbGNpSTZJaUlzSWsxaGVHbHRkVzFPZFcxaVpYSlBabEJzWVhSbGMxQmxja05vWldOcmIzVjBJam96TENKUWJHRjBaWE5EYjNWdWRFWnZja04xY25KbGJuUlBjbVJsY2lJNmJuVnNiQ3dpVFdGNGFXMTFiVkJzWVhSbGMxQmxja05vWldOcmIzVjBVRzl3ZFhCR2IzSnRZWFJOWlhOellXZGxJam9pVFdGNGFXMTFiU0F6SUhCc1lYUmxjeUJoY21VZ1pXeHBaMmxpYkdVZ2RHOGdZMmhsWTJ0dmRYUWdjR1Z5SUc5eVpHVnlJR1p2Y2lCd2JHRjBaU0J6WlhGMVpXNWphVzVuSUdsMFpXMXpMaUJRYkdWaGMyVWdiVzlrYVdaNUlIbHZkWElnYzJWc1pXTjBhVzl1SUdGalkyOXlaR2x1WjJ4NUxpSXNJazFoZUdsdGRXMVFiR0YwWlhOUVpYSkRhR1ZqYTI5MWRGQnZjSFZ3Um05eWJXRjBUV1Z6YzJGblpVTnNiM05sUW5WMGRHOXVWR1Y0ZENJNklrOXJJaXdpVFdGNGFXMTFiVkJzWVhSbGMxQmxja05vWldOcmIzVjBSbTl5YldGMFRXVnpjMkZuWlVobFlXUmxjaUk2SWxCc1pXRnpaU0JPYjNSbElpd2lVRzl6ZEVKaFkydEZiR1Z0Wlc1MFZXNXBjWFZsU1dRaU9pSmpkR3d3TUNSamRHd3dNQ1JqZEd3d01DUkRiMjUwWlc1MFVHeGhZMlZJYjJ4a1pYSkVaV1poZFd4MEpFTmhjblJQZG1WeWRtbGxkMTh6Skd4dWEwTm9aV05yYjNWMElpd2lSWFpsYm5SQmNtZDFiV1Z1ZENJNklpSjlMQ0IwYUdsektUdGtBaEFQRHhZRUh3VUZEUzlsYmk5allYSjBMbUZ6Y0hnZkF3VUVRMkZ5ZEdSa0FoSVBEeFlDSHdNRkNFTm9aV05yYjNWMEZnSWZEQVdYTEhKbGRIVnliaUJXWVd4cFpHRjBaVWwwWlcxelZHOURhR1ZqYTA5MWRFOXlVWFZ2ZEdVb2V5SkRiRzl6WlVKMWRIUnZibFJsZUhRaU9pSkRiRzl6WlNJc0lrRnNaWEowVFdWemMyRm5aVlJwZEd4bElqb2lRV3hsY25RZ1RXVnpjMkZuWlNJc0lrTm9aV05yYjNWMFUzUmhkR1ZGYm5WdElqcDdJa2x1ZG1Gc2FXUWlPaUpKYm5aaGJHbGtJaXdpVVhWdmRHRmliR1ZQYm14NUlqb2lVWFZ2ZEdGaWJHVlBibXg1SWl3aVQzSmtaWEpoWW14bFQyNXNlU0k2SWs5eVpHVnlZV0pzWlU5dWJIa2lMQ0pQY21SbGNtRmliR1ZCYm1SUmRXOTBZV0pzWlNJNklrOXlaR1Z5WVdKc1pVRnVaRkYxYjNSaFlteGxJaXdpVG05MFQzSmtaWEpoWW14bFFXNWtVWFZ2ZEdGaWJHVWlPaUpPYjNSUGNtUmxjbUZpYkdWQmJtUlJkVzkwWVdKc1pTSXNJazV2ZEU5eVpHVnlZV0pzWlVGdVpGRjFiM1JoWW14bFYybDBhRWx1ZG1Gc2FXUWlPaUpPYjNSUGNtUmxjbUZpYkdWQmJtUlJkVzkwWVdKc1pWZHBkR2hKYm5aaGJHbGtJaXdpUm1WM1QzSmtaWEpoWW14bFQyNXNlU0k2SWtabGQwOXlaR1Z5WVdKc1pVOXViSGtpTENKR1pYZFBjbVJsY21GaWJHVkJibVJHWlhkUmRXOTBZV0pzWlNJNklrWmxkMDl5WkdWeVlXSnNaVUZ1WkVabGQxRjFiM1JoWW14bElpd2lSbVYzVVhWdmRHRmliR1ZQYm14NVYybDBhRWx1ZG1Gc2FXUWlPaUpHWlhkUmRXOTBZV0pzWlU5dWJIbFhhWFJvU1c1MllXeHBaQ0lzSWtabGQwOXlaR1Z5WVdKc1pVOXViSGxYYVhSb1NXNTJZV3hwWkNJNklrWmxkMDl5WkdWeVlXSnNaVTl1YkhsWGFYUm9TVzUyWVd4cFpDSXNJa1psZDA5eVpHVnlZV0pzWlVGdVpFWmxkMUYxYjNSaFlteGxWMmwwYUVsdWRtRnNhV1FpT2lKR1pYZFBjbVJsY21GaWJHVkJibVJHWlhkUmRXOTBZV0pzWlZkcGRHaEpiblpoYkdsa0lpd2lSbVYzVDNKa1pYSmhZbXhsUVc1a1FXeHNVWFZ2ZEdGaWJHVWlPaUpHWlhkUGNtUmxjbUZpYkdWQmJtUkJiR3hSZFc5MFlXSnNaU0lzSWtGc2JFOXlaR1Z5WVdKc1pVRnVaRVpsZDFGMWIzUmhZbXhsSWpvaVFXeHNUM0prWlhKaFlteGxRVzVrUm1WM1VYVnZkR0ZpYkdVaWZTd2lTWFJsYlZOMFlYUmxSVzUxYlNJNmV5SkpiblpoYkdsa0lqb2lTVzUyWVd4cFpDSXNJbEYxYjNSaFlteGxUMjVzZVNJNklsRjFiM1JoWW14bFQyNXNlU0lzSWs5eVpHVnlZV0pzWlU5dWJIa2lPaUpQY21SbGNtRmliR1ZQYm14NUlpd2lUM0prWlhKaFlteGxRVzVrVVhWdmRHRmliR1VpT2lKUGNtUmxjbUZpYkdWQmJtUlJkVzkwWVdKc1pTSXNJazV2ZEU5eVpHVnlZV0pzWlVGdVpGRjFiM1JoWW14bElqb2lUbTkwVDNKa1pYSmhZbXhsUVc1a1VYVnZkR0ZpYkdVaUxDSk9iM1JQY21SbGNtRmliR1ZCYm1SUmRXOTBZV0pzWlZkcGRHaEpiblpoYkdsa0lqb2lUbTkwVDNKa1pYSmhZbXhsUVc1a1VYVnZkR0ZpYkdWWGFYUm9TVzUyWVd4cFpDSXNJa1psZDA5eVpHVnlZV0pzWlU5dWJIa2lPaUpHWlhkUGNtUmxjbUZpYkdWUGJteDVJaXdpUm1WM1QzSmtaWEpoWW14bFFXNWtSbVYzVVhWdmRHRmliR1VpT2lKR1pYZFBjbVJsY21GaWJHVkJibVJHWlhkUmRXOTBZV0pzWlNJc0lrWmxkMUYxYjNSaFlteGxUMjVzZVZkcGRHaEpiblpoYkdsa0lqb2lSbVYzVVhWdmRHRmliR1ZQYm14NVYybDBhRWx1ZG1Gc2FXUWlMQ0pHWlhkUGNtUmxjbUZpYkdWUGJteDVWMmwwYUVsdWRtRnNhV1FpT2lKR1pYZFBjbVJsY21GaWJHVlBibXg1VjJsMGFFbHVkbUZzYVdRaUxDSkdaWGRQY21SbGNtRmliR1ZCYm1SR1pYZFJkVzkwWVdKc1pWZHBkR2hKYm5aaGJHbGtJam9pUm1WM1QzSmtaWEpoWW14bFFXNWtSbVYzVVhWdmRHRmliR1ZYYVhSb1NXNTJZV3hwWkNJc0lrWmxkMDl5WkdWeVlXSnNaVUZ1WkVGc2JGRjFiM1JoWW14bElqb2lSbVYzVDNKa1pYSmhZbXhsUVc1a1FXeHNVWFZ2ZEdGaWJHVWlMQ0pCYkd4UGNtUmxjbUZpYkdWQmJtUkdaWGRSZFc5MFlXSnNaU0k2SWtGc2JFOXlaR1Z5WVdKc1pVRnVaRVpsZDFGMWIzUmhZbXhsSW4wc0ltaGtia1pwWld4a1UyVnNaV04wWldSUGNtUmxja2wwWlcxRGFHVmphMjkxZEZOMFlYUmxjME5zYVdWdWRFbGtJam9pUTI5dWRHVnVkRkJzWVdObFNHOXNaR1Z5UkdWbVlYVnNkRjlEWVhKMFQzWmxjblpwWlhkZk0xOW9aRzVHYVdWc1pGTmxiR1ZqZEdWa1QzSmtaWEpKZEdWdFEyaGxZMnR2ZFhSVGRHRjBaWE1pTENKb1pHNUdhV1ZzWkZObGJHVmpkR1ZrU1hSbGJVbGtjME5zYVdWdWRFbGtJam9pUTI5dWRHVnVkRkJzWVdObFNHOXNaR1Z5UkdWbVlYVnNkRjlEWVhKMFQzWmxjblpwWlhkZk0xOW9aRzVHYVdWc1pGTmxiR1ZqZEdWa1NYUmxiVWxrY3lJc0lrOXlaR1Z5VTJWc1pXTjBaV1JRY205a2RXTjBjeUk2TVN3aVEyOXVabWx5YldGMGFXOXVWR2wwYkdWU1pYTnZkWEpqWlNJNklrTnZibVpwY20xaGRHbHZiaUlzSWxCeWIyTmxaV1JDZFhSMGIyNVVaWGgwSWpvaVVISnZZMlZsWkNJc0lsQnliMk5sWldSQ2RYUjBiMjVEWVd4c1ltRmpheUk2SWxaaGJHbGtZWFJsU1hSbGJYTlViME5vWldOclQzVjBUM0pSZFc5MFpTSXNJa2x1ZG1Gc2FXUkpkR1Z0YzFObGJHVmpkR1ZrUm05eVEyaGxZMnR2ZFhSU1pYTnZkWEpqWlNJNklsUm9aWEpsSUdGeVpTQnpiMjFsSUdsdWRtRnNhV1FnYVhSbGJYTWdZMmh2YzJWdUlHWnZjaUJqYUdWamEyOTFkQ0lzSWs1dlQzSmtaWEpoWW14bFNYUmxiWE5UWld4bFkzUmxaRVp2Y2tOb1pXTnJiM1YwVW1WemIzVnlZMlVpT2lKT2J5QjJZV3hwWkNCdmNtUmxjbUZpYkdVZ2FYUmxiWE1nWVhKbElHTm9iM05sYmlCbWIzSWdiM0prWlhJZ2NISnZZMlZ6Y3lJc0lrNXZVWFZ2ZEdGaWJHVkpkR1Z0YzFObGJHVmpkR1ZrUm05eVEyaGxZMnR2ZFhSU1pYTnZkWEpqWlNJNklrNXZJSFpoYkdsa0lIRjFiM1JoWW14bElHbDBaVzF6SUdGeVpTQmphRzl6Wlc0Z1ptOXlJSEYxYjNSbElIQnliMk5sYzNNaUxDSlBjbVJsY21GaWJHVkJibVJPYjI1UGNtUmxjbUZpYkdWSmRHVnRjMU5sYkdWamRHVmtSbTl5UTJobFkydHZkWFJTWlhOdmRYSmpaU0k2SWxsdmRTQmpZVzRnWldsMGFHVnlJQ2R3Y205alpXVmtKeUIzYVhSb0lHOXlaR1Z5SUhCeWIyTmxjM01nYjJZZ2RHaGxJRzl5WkdWeVlXSnNaU0JwZEdWdGN5QnZjaUJsWkdsMElIUm9aU0J1YjI0dGIzSmtaWEpoWW14bElHbDBaVzF6SWl3aVVYVnZkR0ZpYkdWQmJtUk9iMjVSZFc5MFlXSnNaVWwwWlcxelUyVnNaV04wWldSR2IzSkRhR1ZqYTI5MWRGSmxjMjkxY21ObElqb2lXVzkxSUdOaGJpQmxhWFJvWlhJZ0ozQnliMk5sWldRbklIZHBkR2dnY1hWdmRHVWdjSEp2WTJWemN5QnZaaUIwYUdVZ2NYVnZkR0ZpYkdVZ2FYUmxiWE1nYjNJZ1pXUnBkQ0IwYUdVZ2JtOXVMWEYxYjNSaFlteGxJR2wwWlcxeklpd2lVWFZ2ZEdWVFpXeGxZM1JsWkZCeWIyUjFZM1J6SWpveUxDSk9iMGwwWlcxelUyVnNaV04wWldRaU9pSk9ieUJKZEdWdGN5QlRaV3hsWTNSbFpDNGdVR3hsWVhObElHTm9iMjl6WlNCdmJtVWdLRzl5S1NCdGIzSmxJR2wwWlcxeklIUnZJSEJsY21admNtMGdkR2hsSUdGamRHbHZiaTRpTENKRFlYSjBRV04wYVc5dVJHVnNaWFJsVTJWc1pXTjBaV1JRY205a2RXTjBjeUk2TlN3aVYybHphRXhwYzNSQlkzUnBiMjV6UkdWc1pYUmxVMlZzWldOMFpXUlFjbTlrZFdOMGN5STZNaXdpUkdWc1pYUmxRMjl1Wm1seWJXRjBhVzl1VFdWemMyRm5aVkpsYzI5MWNtTmxJam9pUEhBK1JHOGdlVzkxSUhKbFlXeHNlU0IzWVc1MElIUnZJR1JsYkdWMFpTQjBhR2x6SUdsMFpXMG9jeWsvUEM5d1BpSXNJa1JsYkdWMFpVTnZibVpwY20xaGRHbHZiazV2UW5WMGRHOXVVbVZ6YjNWeVkyVWlPaUpPYnlJc0lrUmxiR1YwWlVOdmJtWnBjbTFoZEdsdmJsbGxjMEoxZEhSdmJsSmxjMjkxY21ObElqb2lXV1Z6SWl3aVJHVnNaWFJsUTI5dVptbHliV0YwYVc5dVNHVmhaR1Z5VkdWNGRGSmxjMjkxY21ObElqb2lSR1ZzWlhSbElpd2lRMkZ5ZEVGamRHbHZiaUk2TVN3aVEyaGxZMnR2ZFhSQ2RYUjBiMjVUWTNKcGNIUWlPbTUxYkd3c0lrTm9aV05yYjNWMFUyVnhkV1Z1WTJsdVowRnVaRkJ5YVcxbGNsQnZjSFZ3VFdWemMyRm5aVWhsWVdSbGNpSTZJaUlzSWtOb1pXTnJiM1YwVTJWeGRXVnVZMmx1WjBGdVpGQnlhVzFsY2xCdmNIVndUV1Z6YzJGblpVaGxZV1JsY2tsdVptOXliV0YwYVc5dUlqb2lTWFFnYVhNZ2JtOTBJSEJ2YzNOcFlteGxJSFJ2SUdOb1pXTnJiM1YwSUM4Z2NYVnZkR1VnYzJWeGRXVnVZMmx1WnlCeVpXRmpkR2x2Ym5NZ2QybDBhRzkxZENCd2NtbHRaWEp6SUhkb2FXTm9JR0Z5WlNCaGMzTnZZMmxoZEdWa0lIUnZJSE5sYkdWamRHVmtJSE5sY1hWbGJtTnBibWNnYVhSbGJYTWdhVzRnZEdocGN5QnZjbVJsY2pvZ1BDOWljajQ4TDJKeVBpSXNJa05vWldOcmIzVjBVMlZ4ZFdWdVkybHVaMEZ1WkZCeWFXMWxjbEJ2Y0hWd1RXVnpjMkZuWlVadmIzUmxja2x1Wm05eWJXRjBhVzl1SWpvaUlpd2lRMmhsWTJ0dmRYUlRaWEYxWlc1amFXNW5RVzVrVUhKcGJXVnlVRzl3ZFhCTlpYTnpZV2RsUTJ4dmMyVkNkWFIwYjI1VVpYaDBJam9pSWl3aVEyaGxZMnR2ZFhSVFpYRjFaVzVqYVc1blFXNWtVSEpwYldWeVVHOXdkWEJHYjNKdFlYUk5aWE56WVdkbElqb2lJaXdpUTJobFkydHZkWFJRY21sdFpYSkJiRzl1WlZCdmNIVndUV1Z6YzJGblpVTnNiM05sUW5WMGRHOXVWR1Y0ZENJNklpSXNJa05vWldOcmIzVjBVSEpwYldWeVFXeHZibVZRYjNCMWNFMWxjM05oWjJVaU9pSlFjbWx0WlhJZ1lXeHZibVVnWTJGdWJtOTBJR0psSUdOb1pXTnJaV1FnYjNWMExpQlFiR1ZoYzJVZ2MyVnNaV04wSUdGMGJHVmhjM1FnYjI1bElHRnpjMjlqYVdGMFpXUWdjMlZ4ZFdWdVkybHVaeUJKZEdWdExpSXNJa05vWldOcmIzVjBVSEpwYldWeVFXeHZibVZRYjNCMWNFMWxjM05oWjJWSVpXRmtaWElpT2lKUWJHVmhjMlVnVG05MFpTSXNJa0poY2tOdlpHVldZV3hwWkdGMGFXOXVVRzl3ZFhCRGJHOXpaVUoxZEhSdmJsUmxlSFFpT2lKUGF5SXNJa0poY2tOdlpHVldZV3hwWkdGMGFXOXVVRzl3ZFhCTlpYTnpZV2RsSWpvaVFtRnlZMjlrWlNCbWIzSWdVMlZzWldOMFpXUWdTWFJsYlNCcGN5QnBiblpoYkdsa0lpd2lRbUZ5UTI5a1pWWmhiR2xrWVhScGIyNVFiM0IxY0UxbGMzTmhaMlZJWldGa1pYSWlPaUpRYkdWaGMyVWdUbTkwWlNJc0lsTmhiV1ZFWVhsRVpXeHBkbVZ5ZVZaaGJHbGtZWFJwYjI1UWIzQjFjRWR2UW1GamEwSjFkSFJ2YmxSbGVIUWlPaUpYWVdsMElIVnVkR2xzSUdGc2JDQlBjbVJsY25NZ1lYSmxJR1pwYm1semFHVmtJSFJ2SUZOb2FYQWdiMjVqWlNJc0lsTmhiV1ZFWVhsRVpXeHBkbVZ5ZVZaaGJHbGtZWFJwYjI1UWIzQjFjRU5vWldOcmIzVjBRblYwZEc5dVZHVjRkQ0k2SWtOb1pXTnJiM1YwSUZOaGJXVWdSR0Y1SUU5c2FXZHZjeUJQYm14NUlpd2lVMkZ0WlVSaGVVUmxiR2wyWlhKNVZtRnNhV1JoZEdsdmJsQnZjSFZ3VFdWemMyRm5aVWhsWVdSbGNpSTZJbEJzWldGelpTQnpaV3hsWTNRaUxDSlRZVzFsUkdGNVJHVnNhWFpsY25sV1lXeHBaR0YwYVc5dVVHOXdkWEJOWlhOellXZGxSR1Z6WTNKcGNIUnBiMjRpT2lKWmIzVnlJR05oY25RZ1kyOXVkR0ZwYm5NZ2MyRnRaU0JrWVhrZ2IyeHBaMjl6TENCM2FHbGphQ0J1WldWa0lIUnZJR0psSUdOb1pXTnJaV1FnYjNWMElITmxjR1Z5WVhSbGJIa2dhVzRnYjNKa1pYSWdkRzhnWlc1emRYSmxJSFJvWlNCbVlYTjBaWE4wSUdSbGJHbDJaWEo1TGlCVWFHVWdiM1JvWlhJZ2FYUmxiWE1nZDJsc2JDQmlaU0IzWVdsMGFXNW5JR2x1SUhsdmRYSWdZMkZ5ZENCM2FHVnVJSGx2ZFNCeVpYUjFjbTRnYkdGMFpYSXVJRHh6Y0dGdUlHTnNZWE56UFZ3aWRHOXZiSFJwY0Y5a2FXRnNiMmRjSWlCMGFYUnNaVDFjSWtWNGNHeGhhVzRnWW5WMGRHOXVJR1JsYzJOeWFYQjBhVzl1SUdobGNtVWdiMjVzZVZ3aUlENDhMM053WVc0K0lpd2lVbVYxYzJWa1NYUmxiWE5XWVd4cFpHRjBhVzl1VUc5d2RYQkRiRzl6WlVKMWRIUnZibFJsZUhRaU9pSlBheUlzSWxKbGRYTmxaRWwwWlcxelZtRnNhV1JoZEdsdmJsQnZjSFZ3VFdWemMyRm5aU0k2SWs5dmNITWdJU0JUYjIxbElHOXlJR0ZzYkNCdlppQnpaV3hsWTNSbFpDQnlaWFZ6WldRZ2FYUmxiU2R6SUc5eWFXZHBibUZzSUdOdmJuUmhhVzVsY25NZ1lYSmxJR1Y0Y0dseVpXUXVJRmx2ZFhJZ1kyRnlkQ0IzYVd4c0lHSmxJSFZ3WkdGMFpXUWdZWFYwYjIxaGRHbGpZV3hzZVNCaGJtUWdZMkZ5ZENCM2FXeHNJR0psSUhKbGJHOWhaR1ZrTGlCRmVIQnBjbVZrSUdsMFpXMGdUbUZ0WlhNZ1lYSmxJQzArSWl3aVVtVjFjMlZrU1hSbGJYTldZV3hwWkdGMGFXOXVVRzl3ZFhCTlpYTnpZV2RsU0dWaFpHVnlJam9pVUd4bFlYTmxJRTV2ZEdVaUxDSkZlSEJwY21Wa1VISnBiV1Z5VUc5d2RYQkRiRzl6WlVKMWRIUnZibFJsZUhRaU9pSlBheUlzSWtWNGNHbHlaV1JRY21sdFpYSlFiM0IxY0UxbGMzTmhaMlZVWlhoMElqb2lVSEpwYldWeUlHbHpJR1Y0Y0dseVpXUWdabTl5SUhSb1pTQnZibVVnYjJZZ2RHaGxJSE5sYkdWMFpXUWdjMlZ4ZFdWdVkybHVaeUJwZEdWdExpQndiR1ZoYzJVZ2MyVnNaV04wSUdGdWIzUm9aWElnY0hKcGJXVnlJRzl5SUc5eVpHVnlJRzVsZHlCd2NtbHRaWEl1SWl3aVJYaHdhWEpsWkZCeWFXMWxjbEJ2Y0hWd1RXVnpjMkZuWlVobFlXUmxjbFJsZUhRaU9pSlFiR1Z6WlNCT2IzUmxJaXdpUTJGeWRGQmhaMlZWVWt3aU9pSXZaVzR2WTJGeWRDNWhjM0I0SWl3aVRXbHVhVzExYlZCc1lYUmxVMkZ0Y0d4bGMxQmxja05vWldOcmIzVjBJam8wT0N3aVVHeGhkR1ZUWVcxd2JHVkRiM1Z1ZENJNmJuVnNiQ3dpU1hOVGFXNW5iR1ZRYkdGMFpWZHBkR2hXWVd4cFpGTmhiWEJzWlVOdmRXNTBJanBtWVd4elpTd2lUV2x1VUd4aGRHVlRZVzF3YkdWelVHOXdkWEJHYjNKdFlYUk5aWE56WVdkbElqb2lJaXdpVFdsdVVHeGhkR1ZUWVcxd2JHVnpVRzl3ZFhCR2IzSnRZWFJOWlhOellXZGxRMnh2YzJWQ2RYUjBiMjVVWlhoMElqb2lJaXdpVFdsdVVHeGhkR1ZUWVcxd2JHVnpVRzl3ZFhCR2IzSnRZWFJOWlhOellXZGxTR1ZoWkdWeUlqb2lJaXdpVFdGNGFXMTFiVTUxYldKbGNrOW1VR3hoZEdWelVHVnlRMmhsWTJ0dmRYUWlPak1zSWxCc1lYUmxjME52ZFc1MFJtOXlRM1Z5Y21WdWRFOXlaR1Z5SWpwdWRXeHNMQ0pOWVhocGJYVnRVR3hoZEdWelVHVnlRMmhsWTJ0dmRYUlFiM0IxY0VadmNtMWhkRTFsYzNOaFoyVWlPaUpOWVhocGJYVnRJRE1nY0d4aGRHVnpJR0Z5WlNCbGJHbG5hV0pzWlNCMGJ5QmphR1ZqYTI5MWRDQndaWElnYjNKa1pYSWdabTl5SUhCc1lYUmxJSE5sY1hWbGJtTnBibWNnYVhSbGJYTXVJRkJzWldGelpTQnRiMlJwWm5rZ2VXOTFjaUJ6Wld4bFkzUnBiMjRnWVdOamIzSmthVzVuYkhrdUlpd2lUV0Y0YVcxMWJWQnNZWFJsYzFCbGNrTm9aV05yYjNWMFVHOXdkWEJHYjNKdFlYUk5aWE56WVdkbFEyeHZjMlZDZFhSMGIyNVVaWGgwSWpvaVQyc2lMQ0pOWVhocGJYVnRVR3hoZEdWelVHVnlRMmhsWTJ0dmRYUkdiM0p0WVhSTlpYTnpZV2RsU0dWaFpHVnlJam9pVUd4bFlYTmxJRTV2ZEdVaUxDSlFiM04wUW1GamEwVnNaVzFsYm5SVmJtbHhkV1ZKWkNJNkltTjBiREF3SkdOMGJEQXdKR04wYkRBd0pFTnZiblJsYm5SUWJHRmpaVWh2YkdSbGNrUmxabUYxYkhRa1EyRnlkRTkyWlhKMmFXVjNYek1rYkc1clEyaGxZMnR2ZFhRaUxDSkZkbVZ1ZEVGeVozVnRaVzUwSWpvaUluMHNJSFJvYVhNcE8yUUNFZzlrRmdvQ0FROWtGZ0ptRHc4V0FoNExiR0pzU0dWaFpFeHBibVVGRUZOb2FYQndhVzVuSUVGa1pISmxjM05rRmd3Q0JnOFdBaDhEQlVGRGFHOXZjMlVnYjI1bElHOW1JSGx2ZFhJZ1pYaHBjM1JwYm1jZ1UyaHBjSEJwYm1jZ1FXUmtjbVZ6Y3lCdmNpQmpjbVZoZEdVZ1lTQnVaWGNnYjI1bExtUUNDQTlrRmdJQ0F3OWtGZ0lDQVE4V0FoOERCU2hEYUdWamF5QnBaaUI1YjNVZ1pHOGdibTkwSUhkcGMyZ2dkRzhnYUdGMlpTQlFhV05yTFZWd1pBSUtEdzhXQWg4RWFHUVdGZ0lFRHhVQkZVTm9iMjl6WlNCUWFXTnJMVlZ3SUc5d2RHbHZibVFDQmc4VkFRVlRjR1ZsWkdRQ0NBOFZBZ1pPYjNKdFlXd1lJRVJsYzJseVpXUWdRMjlzYkdWamRHbHZiaUJFWVhSbFpBSUtEeFVCRjBSbGMybHlaV1FnUTI5c2JHVmpkR2x2YmlCVWFXMWxaQUlMRHhBUEZnSWVDMThoUkdGMFlVSnZkVzVrWjJSa0ZnQmtBZzhQRHhZQ0hneEZjbkp2Y2sxbGMzTmhaMlVGSEZCc1pXRnpaU0JqYUc5dmMyVWdVR2xqYXkxVmNDQnZjSFJwYjI1a1pBSVJEdzhXQWg4UEJTWlFiR1ZoYzJVZ2MyVnNaV04wSUNCa1pYTnBjbVZrSUdOdmJHeGxZM1JwYjI0Z1pHRjBaV1JrQWhNUER4WUNIdzhGSmtsdWRtRnNhV1FnWkdWemFYSmxaQ0JqYjJ4c1pXTjBhVzl1SUdSaGRHVWdabTl5YldGMFpHUUNGUThQRmdJZkR3VlJVMjl5Y25rc1YyVWdRMkZ1SUc1dmRDQndjbTkyYVdSbElGQnBZMnN0VlhBZ2MyVnlkbWxqWlNCdmJpQnpaV3hsWTNSbFpDQmtZWFJsTGxCc1pXRnpaU0J6Wld4bFkzUWdiM1JvWlhJZ1pHRjVaR1FDRnc5a0ZnUm1EeFVCZGtOdmJuUmxiblJRYkdGalpVaHZiR1JsY2tSbFptRjFiSFJmVFdGemRHVnlVR3hoWTJWb2IyeGtaWEpmUVdSa2NtVnpjMHhwYzNSZk5WOWpiMjFRYVdOclZYQkJaR1J5WlhOelQzQjBhVzl1YzE5MmMxQnBZMnRWY0U5d2RHbHZibDlsWTI5dFZtRnNhV1JoZEdsdmJsTjFiVzFoY25sa0FnSVBGUUYyUTI5dWRHVnVkRkJzWVdObFNHOXNaR1Z5UkdWbVlYVnNkRjlOWVhOMFpYSlFiR0ZqWldodmJHUmxjbDlCWkdSeVpYTnpUR2x6ZEY4MVgyTnZiVkJwWTJ0VmNFRmtaSEpsYzNOUGNIUnBiMjV6WDNaelVHbGphMVZ3VDNCMGFXOXVYMlZqYjIxV1lXeHBaR0YwYVc5dVUzVnRiV0Z5ZVdRQ0hnOFZBWUVCUTI5dWRHVnVkRkJzWVdObFNHOXNaR1Z5UkdWbVlYVnNkRjlOWVhOMFpYSlFiR0ZqWldodmJHUmxjbDlCWkdSeVpYTnpUR2x6ZEY4MVgyTnZiVkJwWTJ0VmNFRmtaSEpsYzNOUGNIUnBiMjV6WDNCdWJFUnlZV2RoWW14bFYybHVaRzkzUTI5dWRHVnVkRjlKYm14cGJtVk5aWE56WVdkbFEyOXVkR0ZwYm1WeVpBSU1EendyQUJFREFBOFdCaDRUVlhObFFXTmpaWE56YVdKc1pVaGxZV1JsY21jZkRtY2VDMThoU1hSbGJVTnZkVzUwQWdGa0FSQVdBQllBRmdBTUZDc0FBQllDWmc5a0ZnWm1EdzhXQkI0TVZHRmliR1ZUWldOMGFXOXVDeW9wVTNsemRHVnRMbGRsWWk1VlNTNVhaV0pEYjI1MGNtOXNjeTVVWVdKc1pWSnZkMU5sWTNScGIyNEFId1JvWkdRQ0FROWtGZ0ptRDJRV0FnSUJEMlFXQmdJQkQyUVdBZ0lCRHhBUFpCWUNIZ2R2Ym1Oc2FXTnJCYTBOVTJWc1pXTjBVMmx1WjJ4bFVtRmthVzlpZFhSMGIyNG9kR2hwY3k1cFpDazdJRTl1VTJWc1pXTjBRV1JrY21WemN5Z25RMjl1ZEdWdWRGQnNZV05sU0c5c1pHVnlSR1ZtWVhWc2RGOU5ZWE4wWlhKUWJHRmpaV2h2YkdSbGNsOUJaR1J5WlhOelRHbHpkRjgxWDNCdWJFUnlZV2RoWW14bFYybHVaRzkzUTI5dWRHVnVkQ2NzSnpNbkxDZFRhR2x3Y0dsdVp5Y3NKM3RjSWlScFpGd2lPbHdpTVZ3aUxGd2lVSEpwWTJWQlozSmxaVzFsYm5ST2RXMWlaWEpjSWpwdWRXeHNMRndpVm1GMFNXUkZlSFJjSWpwdWRXeHNMRndpUVdSa2FYUnBiMjVoYkVWdFlXbHNjMXdpT201MWJHd3NYQ0pCWkdSeVpYTnpVbVZtWENJNlhDSXpNVEV3TURBd016STJNRndpTEZ3aVFXUmtjbVZ6YzFSNWNHVkZiblZ0WENJNk15eGNJa05oYmtWa2FYUkJaR1J5WlhOelhDSTZkSEoxWlN4Y0lrTnBkSGxjSWpwY0lrTnBkSGt3TURGY0lpeGNJa052ZFc1MGNubGNJanA3WENJa2FXUmNJanBjSWpKY0lpeGNJa0ZzYkc5M1ZtRjBSWGhsYlhCMFhDSTZabUZzYzJVc1hDSkRiM1Z1ZEhKNVRtRnRaVndpT201MWJHd3NYQ0pKYm5OMFlXNWpaVk4wWVhSMWMwVnVkVzFjSWpvd0xGd2lTWE52UzJWNVhDSTZiblZzYkN4Y0lreGhibWQxWVdkbFhDSTZiblZzYkN4Y0lsSmxaMmx2Ymx3aU9tNTFiR3dzWENKVGFHOTNRM1Z6ZEc5dFJtbGxiR1F4WENJNlptRnNjMlVzWENKVGFHOTNRM1Z6ZEc5dFJtbGxiR1F5WENJNlptRnNjMlVzWENKVGFHOTNWbUYwWENJNlptRnNjMlVzWENKVGFYUmxYQ0k2Ym5Wc2JDeGNJbE4wWVhSbGMxd2lPbTUxYkd3c1hDSldaWEp6YVc5dVhDSTZNQ3hjSWt4aFltOXlZWFJ2Y21sbGMxd2lPbTUxYkd3c1hDSkpjMVpoZEVsa1RXRnVaR0YwYjNKNVhDSTZabUZzYzJVc1hDSmFhWEJEYjJSbFVtVm5aWGhjSWpwdWRXeHNMRndpU1dSY0lqb3dMRndpU1hOSVlYSmtSR1ZzWlhSbFpGd2lPbVpoYkhObGZTeGNJa04xYzNSdmJVWnBaV3hrTVZ3aU9tNTFiR3dzWENKRGRYTjBiMjFHYVdWc1pESmNJanB1ZFd4c0xGd2lSVzFoYVd4Y0lqcGNJbkJ1ZEdWemREQXdNVUJsZFhKdlptbHVjeTVqYjIxY0lpeGNJa1poZUZ3aU9sd2lNVEl6WENJc1hDSkdhWEp6ZEU1aGJXVmNJanBjSW5CdWRHVnpkR1l3TURGY0lpeGNJa2x1YzNSaGJtTmxVM1JoZEhWelJXNTFiVndpT2pBc1hDSkpjMFJsWm1GMWJIUmNJanAwY25WbExGd2lTWE5GWTI5dFQyNXNlVndpT25SeWRXVXNYQ0pNWVhOMFRtRnRaVndpT2x3aWNHNTBaWE4wYkRBd01Wd2lMRndpVEdsdVpURmNJanBjSWtWMWNtOW1hVzV6WENJc1hDSk1hVzVsTWx3aU9sd2lTVlJjSWl4Y0lreHBibVV6WENJNlhDSkhjbTkxY0Z3aUxGd2lUVzlpYVd4bFhDSTZYQ0k1TnpNNU5UWTFOalUyWENJc1hDSlFhRzl1WlZ3aU9sd2lPVGN6T1RVMk5UWTFObHdpTEZ3aVVHaHZibVZPYjBWNGRGd2lPbTUxYkd3c1hDSlNaV05wY0dsbGJuUmNJanB1ZFd4c0xGd2lVM1JoZEdWY0lqcDdYQ0lrYVdSY0lqcGNJak5jSWl4Y0lrTnZkVzUwY25sY0lqcHVkV3hzTEZ3aVNXNXpkR0Z1WTJWVGRHRjBkWE5GYm5WdFhDSTZNQ3hjSWxOMFlYUmxTMlY1WENJNmJuVnNiQ3hjSWxOMFlYUmxUbUZ0WlZ3aU9tNTFiR3dzWENKV1pYSnphVzl1WENJNk1DeGNJa2xrWENJNk1DeGNJa2x6U0dGeVpFUmxiR1YwWldSY0lqcG1ZV3h6Wlgwc1hDSlRkSEpsWlhSY0lqcGNJbE4wY21WbGREQXdNVndpTEZ3aVUzUnlaV1YwTWx3aU9sd2lVM1J5WldWME1EQXhYQ0lzWENKVGRISmxaWFF6WENJNlhDSlRkSEpsWlhRd01ERmNJaXhjSWxScGRHeGxYQ0k2WENKTlVsd2lMRndpVm1GMFNXUmNJanB1ZFd4c0xGd2lWMlZpYzJsMFpWd2lPbTUxYkd3c1hDSmFhWEJjSWpwY0lqVTJNREEwTWx3aUxGd2lTWE5XWVd4cFpHRjBaV1JjSWpwMGNuVmxMRndpVEdGMGFYUjFaR1ZjSWpwdWRXeHNMRndpVEc5dVoybDBkV1JsWENJNmJuVnNiQ3hjSWtselJYaHBjM1JwYm1kQ2FXeHNWRzljSWpwbVlXeHpaU3hjSWtselVtVmhaRTl1YkhsY0lqcG1ZV3h6WlN4Y0lrbHpUM0prWlhKRGIzQjVYQ0k2Wm1Gc2MyVXNYQ0pKWkZ3aU9qRXlOVGM1TXl4Y0lrbHpTR0Z5WkVSbGJHVjBaV1JjSWpwbVlXeHpaWDBuTENkRGIyNTBaVzUwVUd4aFkyVkliMnhrWlhKRVpXWmhkV3gwWDAxaGMzUmxjbEJzWVdObGFHOXNaR1Z5WDBGa1pISmxjM05NYVhOMFh6VmZhR1J1VTJWc1pXTjBaV1JCWkdSeVpYTnpTV1FuTENkRGIyNTBaVzUwVUd4aFkyVkliMnhrWlhKRVpXWmhkV3gwWDAxaGMzUmxjbEJzWVdObGFHOXNaR1Z5WDJoa2JrRmtaSEpsYzNOTWFYTjBVMlZzWldOMFpXUkJaR1J5WlhOelNXUmZVMmhwY0hCcGJtY25LVHRrWkdRQ0F3OWtGZ0lDQVE4V0FoNERabTl5QlZ4RGIyNTBaVzUwVUd4aFkyVkliMnhrWlhKRVpXWmhkV3gwWDAxaGMzUmxjbEJzWVdObGFHOXNaR1Z5WDBGa1pISmxjM05NYVhOMFh6VmZaM1pCWkdSeVpYTnpUR2x6ZEY5eVpHSjBibE5sYkdWamRFRmtaSEpsYzNOZk1CWUNBZ0VQRmdJZkF3VzFBWEJ1ZEdWemRHWXdNREVtSXpFMk1EdHdiblJsYzNSc01EQXhKaU14TmpBN1BHSnlMejVGZFhKdlptbHVjenhpY2k4K1NWUThZbkl2UGtkeWIzVndQR0p5THo1VGRISmxaWFF3TURFOFluSXZQa05wZEhrd01ERXNQR0p5THo0MU5qQXdOREltSXpFMk1EdEpibVJwWVNZak1UWXdPenhpY2k4K09UY3pPVFUyTlRZMU5qeGljaTgrY0c1MFpYTjBNREF4UUdWMWNtOW1hVzV6TG1OdmJUeGljaTgrTXpFeE1EQXdNRE15TmpBbUl6RTJNRHRrQWdVUFpCWUdBZ0VQRHhZQ0h3TUZCa1JsYkdWMFpSWUNIeE1GbVJOVGFHOTNSR2xoYkc5bktDSThjRDVFYnlCNWIzVWdjbVZoYkd4NUlIZGhiblFnZEc4Z1pHVnNaWFJsSUhSb2FYTWdhWFJsYlNoektUODhMM0ErSWl4N0lrUnBZV3h2WjBOc1lYTnpJam9pSWl3aVNHVnBaMmgwSWpvaVlYVjBieUlzSWsxdlpHRnNJanAwY25WbExDSlFiM05wZEdsdmJpSTZJbU5sYm5SbGNpSXNJbGRwWkhSb0lqb2lNekF3SWl3aVEyeHZjMkZpYkdVaU9uUnlkV1VzSWxScGRHeGxJam9pUkdWc1pYUmxJaXdpUW5WMGRHOXVNVlJsZUhRaU9pSlpaWE1pTENKQ2RYUjBiMjR5VkdWNGRDSTZJazV2SWl3aVFuVjBkRzl1TVVOaGJHeGlZV05ySWpvaVQyNUVaV3hsZEdWQlpHUnlaWE56SWl3aVFuVjBkRzl1TWtOaGJHeGlZV05ySWpwdWRXeHNMQ0pDZFhSMGIyNHhRMkZzYkdKaFkydFFZWEpoYldWMFpYSnpJam9pZTF3aVEyeHBaVzUwVjJsdVpHOTNRMjl1ZEdWdWRFbGtYQ0k2WENKRGIyNTBaVzUwVUd4aFkyVkliMnhrWlhKRVpXWmhkV3gwWDAxaGMzUmxjbEJzWVdObGFHOXNaR1Z5WDBGa1pISmxjM05NYVhOMFh6VmZjRzVzUkhKaFoyRmliR1ZYYVc1a2IzZERiMjUwWlc1MFhDSXNYQ0pCWkdSeVpYTnpWSGx3WlVWdWRXMWNJanBjSWxOb2FYQndhVzVuWENJc1hDSktjMjl1UldScGRFRmtaSEpsYzNOY0lqcDdYQ0lrYVdSY0lqcGNJakZjSWl4Y0lsQnlhV05sUVdkeVpXVnRaVzUwVG5WdFltVnlYQ0k2Ym5Wc2JDeGNJbFpoZEVsa1JYaDBYQ0k2Ym5Wc2JDeGNJa0ZrWkdsMGFXOXVZV3hGYldGcGJITmNJanB1ZFd4c0xGd2lRV1JrY21WemMxSmxabHdpT2x3aU16RXhNREF3TURNeU5qQmNJaXhjSWtGa1pISmxjM05VZVhCbFJXNTFiVndpT2pNc1hDSkRZVzVGWkdsMFFXUmtjbVZ6YzF3aU9uUnlkV1VzWENKRGFYUjVYQ0k2WENKRGFYUjVNREF4WENJc1hDSkRiM1Z1ZEhKNVhDSTZlMXdpSkdsa1hDSTZYQ0l5WENJc1hDSkJiR3h2ZDFaaGRFVjRaVzF3ZEZ3aU9tWmhiSE5sTEZ3aVEyOTFiblJ5ZVU1aGJXVmNJanB1ZFd4c0xGd2lTVzV6ZEdGdVkyVlRkR0YwZFhORmJuVnRYQ0k2TUN4Y0lrbHpiMHRsZVZ3aU9tNTFiR3dzWENKTVlXNW5kV0ZuWlZ3aU9tNTFiR3dzWENKU1pXZHBiMjVjSWpwdWRXeHNMRndpVTJodmQwTjFjM1J2YlVacFpXeGtNVndpT21aaGJITmxMRndpVTJodmQwTjFjM1J2YlVacFpXeGtNbHdpT21aaGJITmxMRndpVTJodmQxWmhkRndpT21aaGJITmxMRndpVTJsMFpWd2lPbTUxYkd3c1hDSlRkR0YwWlhOY0lqcHVkV3hzTEZ3aVZtVnljMmx2Ymx3aU9qQXNYQ0pNWVdKdmNtRjBiM0pwWlhOY0lqcHVkV3hzTEZ3aVNYTldZWFJKWkUxaGJtUmhkRzl5ZVZ3aU9tWmhiSE5sTEZ3aVdtbHdRMjlrWlZKbFoyVjRYQ0k2Ym5Wc2JDeGNJa2xrWENJNk1DeGNJa2x6U0dGeVpFUmxiR1YwWldSY0lqcG1ZV3h6Wlgwc1hDSkRkWE4wYjIxR2FXVnNaREZjSWpwdWRXeHNMRndpUTNWemRHOXRSbWxsYkdReVhDSTZiblZzYkN4Y0lrVnRZV2xzWENJNlhDSndiblJsYzNRd01ERkFaWFZ5YjJacGJuTXVZMjl0WENJc1hDSkdZWGhjSWpwY0lqRXlNMXdpTEZ3aVJtbHljM1JPWVcxbFhDSTZYQ0p3Ym5SbGMzUm1NREF4WENJc1hDSkpibk4wWVc1alpWTjBZWFIxYzBWdWRXMWNJam93TEZ3aVNYTkVaV1poZFd4MFhDSTZkSEoxWlN4Y0lrbHpSV052YlU5dWJIbGNJanAwY25WbExGd2lUR0Z6ZEU1aGJXVmNJanBjSW5CdWRHVnpkR3d3TURGY0lpeGNJa3hwYm1VeFhDSTZYQ0pGZFhKdlptbHVjMXdpTEZ3aVRHbHVaVEpjSWpwY0lrbFVYQ0lzWENKTWFXNWxNMXdpT2x3aVIzSnZkWEJjSWl4Y0lrMXZZbWxzWlZ3aU9sd2lPVGN6T1RVMk5UWTFObHdpTEZ3aVVHaHZibVZjSWpwY0lqazNNemsxTmpVMk5UWmNJaXhjSWxCb2IyNWxUbTlGZUhSY0lqcHVkV3hzTEZ3aVVtVmphWEJwWlc1MFhDSTZiblZzYkN4Y0lsTjBZWFJsWENJNmUxd2lKR2xrWENJNlhDSXpYQ0lzWENKRGIzVnVkSEo1WENJNmJuVnNiQ3hjSWtsdWMzUmhibU5sVTNSaGRIVnpSVzUxYlZ3aU9qQXNYQ0pUZEdGMFpVdGxlVndpT201MWJHd3NYQ0pUZEdGMFpVNWhiV1ZjSWpwdWRXeHNMRndpVm1WeWMybHZibHdpT2pBc1hDSkpaRndpT2pBc1hDSkpjMGhoY21SRVpXeGxkR1ZrWENJNlptRnNjMlY5TEZ3aVUzUnlaV1YwWENJNlhDSlRkSEpsWlhRd01ERmNJaXhjSWxOMGNtVmxkREpjSWpwY0lsTjBjbVZsZERBd01Wd2lMRndpVTNSeVpXVjBNMXdpT2x3aVUzUnlaV1YwTURBeFhDSXNYQ0pVYVhSc1pWd2lPbHdpVFZKY0lpeGNJbFpoZEVsa1hDSTZiblZzYkN4Y0lsZGxZbk5wZEdWY0lqcHVkV3hzTEZ3aVdtbHdYQ0k2WENJMU5qQXdOREpjSWl4Y0lrbHpWbUZzYVdSaGRHVmtYQ0k2ZEhKMVpTeGNJa3hoZEdsMGRXUmxYQ0k2Ym5Wc2JDeGNJa3h2Ym1kcGRIVmtaVndpT201MWJHd3NYQ0pKYzBWNGFYTjBhVzVuUW1sc2JGUnZYQ0k2Wm1Gc2MyVXNYQ0pKYzFKbFlXUlBibXg1WENJNlptRnNjMlVzWENKSmMwOXlaR1Z5UTI5d2VWd2lPbVpoYkhObExGd2lTV1JjSWpveE1qVTNPVE1zWENKSmMwaGhjbVJFWld4bGRHVmtYQ0k2Wm1Gc2MyVjlMRndpU0dSdVUyVnNaV04wWldSQlpHUnlaWE56U1dSRGJHbGxiblJKWkZ3aU9sd2lRMjl1ZEdWdWRGQnNZV05sU0c5c1pHVnlSR1ZtWVhWc2RGOU5ZWE4wWlhKUWJHRmpaV2h2YkdSbGNsOUJaR1J5WlhOelRHbHpkRjgxWDJoa2JsTmxiR1ZqZEdWa1FXUmtjbVZ6YzBsa1hDSXNYQ0pYYVc1a2IzZFRaV3hsWTNSbFpFRmtaSEpsYzNOSWFXUmtaVzVHYVdWc1pFTnNhV1Z1ZEVsa1hDSTZYQ0pEYjI1MFpXNTBVR3hoWTJWSWIyeGtaWEpFWldaaGRXeDBYMDFoYzNSbGNsQnNZV05sYUc5c1pHVnlYMmhrYmtGa1pISmxjM05NYVhOMFUyVnNaV04wWldSQlpHUnlaWE56U1dSZlUyaHBjSEJwYm1kY0lpeGNJa2R5YVhSMFpYSk5aWE56WVdkbFNHVmhaR1Z5WENJNlhDSkVaV3hsZEdWa1hDSXNYQ0pIY21sMGRHVnlUV1Z6YzJGblpVTnZiblJsYm5SVVpYaDBYQ0k2WENKVGRXTmpaWE56Wm5Wc2JIa2dSR1ZzWlhSbFpGd2lMRndpUW1sc2JHbHVaMEZrWkhKbGMzTkRiM1Z1ZEZ3aU9qRXNYQ0pFYVhOaFlteGxRV1JrY21WemMxTnJhWEJHYjNKTmRXeDBhWEJzWlVKcGJHeHBibWRjSWpwMGNuVmxmU0lzSWtKMWRIUnZiakpEWVd4c1ltRmphMUJoY21GdFpYUmxjbk1pT201MWJHd3NJbEpsYzJsNllXSnNaU0k2Wm1Gc2MyVXNJa1J5WVdkbllXSnNaU0k2Wm1Gc2MyVXNJa0YxZEc5UGNHVnVJanBtWVd4elpTd2lRWEJ3Wlc1a1ZHOGlPaUppYjJSNUlpd2lUV0Y0U0dWcFoyaDBJam8wTURBc0lrMWhlRmRwWkhSb0lqb3pNREFzSWsxcGJraGxhV2RvZENJNk1UVXdMQ0pOYVc1WGFXUjBhQ0k2TVRVd2ZTazdJSEpsZEhWeWJpQm1ZV3h6WlR0a0FnTVBEeFlDSHdNRkJFTnZjSGtXQWg4VEJiY09UMjVCWkdST1pYZEJaR1J5WlhOektDZERiMjUwWlc1MFVHeGhZMlZJYjJ4a1pYSkVaV1poZFd4MFgwMWhjM1JsY2xCc1lXTmxhRzlzWkdWeVgwRmtaSEpsYzNOTWFYTjBYelZmY0c1c1FXUmtjbVZ6YzBScFlXeHZaeWNzSjFOb2FYQndhVzVuSnl3bmUxd2lKR2xrWENJNlhDSXhYQ0lzWENKUWNtbGpaVUZuY21WbGJXVnVkRTUxYldKbGNsd2lPbTUxYkd3c1hDSldZWFJKWkVWNGRGd2lPbTUxYkd3c1hDSkJaR1JwZEdsdmJtRnNSVzFoYVd4elhDSTZiblZzYkN4Y0lrRmtaSEpsYzNOU1pXWmNJanB1ZFd4c0xGd2lRV1JrY21WemMxUjVjR1ZGYm5WdFhDSTZNeXhjSWtOaGJrVmthWFJCWkdSeVpYTnpYQ0k2ZEhKMVpTeGNJa05wZEhsY0lqcGNJa05wZEhrd01ERmNJaXhjSWtOdmRXNTBjbmxjSWpwN1hDSWthV1JjSWpwY0lqSmNJaXhjSWtGc2JHOTNWbUYwUlhobGJYQjBYQ0k2ZEhKMVpTeGNJa052ZFc1MGNubE9ZVzFsWENJNlhDSkpibVJwWVZ3aUxGd2lTVzV6ZEdGdVkyVlRkR0YwZFhORmJuVnRYQ0k2TUN4Y0lrbHpiMHRsZVZ3aU9sd2lTVTVjSWl4Y0lreGhibWQxWVdkbFhDSTZlMXdpSkdsa1hDSTZYQ0l6WENJc1hDSkRiMlJsWENJNlhDSmxibHdpTEZ3aVEzVnNkSFZ5WlVOdlpHVmNJanBjSW1WdUxWVlRYQ0lzWENKSmJXRm5aVkJoZEdoY0lqcGNJaTlwYldGblpYTXZabXhoWjNNdlZWTXVaMmxtWENJc1hDSkpibk4wWVc1alpWTjBZWFIxYzBWdWRXMWNJam93TEZ3aVRtRnRaVndpT2x3aVJXNW5iR2x6YUZ3aUxGd2lVMjl5ZEU5eVpHVnlYQ0k2TVN4Y0lsWmxjbk5wYjI1Y0lqb3dMRndpU1dSY0lqb3hMRndpU1hOSVlYSmtSR1ZzWlhSbFpGd2lPbVpoYkhObGZTeGNJbEpsWjJsdmJsd2lPbTUxYkd3c1hDSlRhRzkzUTNWemRHOXRSbWxsYkdReFhDSTZabUZzYzJVc1hDSlRhRzkzUTNWemRHOXRSbWxsYkdReVhDSTZabUZzYzJVc1hDSlRhRzkzVm1GMFhDSTZabUZzYzJVc1hDSlRhWFJsWENJNmJuVnNiQ3hjSWxOMFlYUmxjMXdpT201MWJHd3NYQ0pXWlhKemFXOXVYQ0k2TVRBc1hDSk1ZV0p2Y21GMGIzSnBaWE5jSWpwdWRXeHNMRndpU1hOV1lYUkpaRTFoYm1SaGRHOXllVndpT21aaGJITmxMRndpV21sd1EyOWtaVkpsWjJWNFhDSTZYQ0plWEZ4Y1hHUjdObjBrWENJc1hDSkpaRndpT2pjM0xGd2lTWE5JWVhKa1JHVnNaWFJsWkZ3aU9tWmhiSE5sZlN4Y0lrTjFjM1J2YlVacFpXeGtNVndpT201MWJHd3NYQ0pEZFhOMGIyMUdhV1ZzWkRKY0lqcHVkV3hzTEZ3aVJXMWhhV3hjSWpwY0luQnVkR1Z6ZERBd01VQmxkWEp2Wm1sdWN5NWpiMjFjSWl4Y0lrWmhlRndpT2x3aU1USXpYQ0lzWENKR2FYSnpkRTVoYldWY0lqcGNJbkJ1ZEdWemRHWXdNREZjSWl4Y0lrbHVjM1JoYm1ObFUzUmhkSFZ6Ulc1MWJWd2lPakFzWENKSmMwUmxabUYxYkhSY0lqcG1ZV3h6WlN4Y0lrbHpSV052YlU5dWJIbGNJanAwY25WbExGd2lUR0Z6ZEU1aGJXVmNJanBjSW5CdWRHVnpkR3d3TURGY0lpeGNJa3hwYm1VeFhDSTZYQ0pGZFhKdlptbHVjMXdpTEZ3aVRHbHVaVEpjSWpwY0lrbFVYQ0lzWENKTWFXNWxNMXdpT2x3aVIzSnZkWEJjSWl4Y0lrMXZZbWxzWlZ3aU9sd2lPVGN6T1RVMk5UWTFObHdpTEZ3aVVHaHZibVZjSWpwY0lqazNNemsxTmpVMk5UWmNJaXhjSWxCb2IyNWxUbTlGZUhSY0lqcHVkV3hzTEZ3aVVtVmphWEJwWlc1MFhDSTZiblZzYkN4Y0lsTjBZWFJsWENJNmUxd2lKR2xrWENJNlhDSTBYQ0lzWENKRGIzVnVkSEo1WENJNmJuVnNiQ3hjSWtsdWMzUmhibU5sVTNSaGRIVnpSVzUxYlZ3aU9qQXNYQ0pUZEdGMFpVdGxlVndpT2x3aVNVNHRTMEZjSWl4Y0lsTjBZWFJsVG1GdFpWd2lPbHdpUzJGeWJtRjBZV3RoWENJc1hDSldaWEp6YVc5dVhDSTZNQ3hjSWtsa1hDSTZNVFV3TVN4Y0lrbHpTR0Z5WkVSbGJHVjBaV1JjSWpwbVlXeHpaWDBzWENKVGRISmxaWFJjSWpwY0lsTjBjbVZsZERBd01Wd2lMRndpVTNSeVpXVjBNbHdpT2x3aVUzUnlaV1YwTURBeFhDSXNYQ0pUZEhKbFpYUXpYQ0k2WENKVGRISmxaWFF3TURGY0lpeGNJbFJwZEd4bFhDSTZYQ0pOVWx3aUxGd2lWbUYwU1dSY0lqcHVkV3hzTEZ3aVYyVmljMmwwWlZ3aU9tNTFiR3dzWENKYWFYQmNJanBjSWpVMk1EQTBNbHdpTEZ3aVNYTldZV3hwWkdGMFpXUmNJanAwY25WbExGd2lUR0YwYVhSMVpHVmNJanB1ZFd4c0xGd2lURzl1WjJsMGRXUmxYQ0k2Ym5Wc2JDeGNJa2x6UlhocGMzUnBibWRDYVd4c1ZHOWNJanBtWVd4elpTeGNJa2x6VW1WaFpFOXViSGxjSWpwbVlXeHpaU3hjSWtselQzSmtaWEpEYjNCNVhDSTZabUZzYzJVc1hDSkpaRndpT2pBc1hDSkpjMGhoY21SRVpXeGxkR1ZrWENJNlptRnNjMlY5Snl3blEyOXVkR1Z1ZEZCc1lXTmxTRzlzWkdWeVJHVm1ZWFZzZEY5TllYTjBaWEpRYkdGalpXaHZiR1JsY2w5b1pHNUJaR1J5WlhOelRHbHpkRk5sYkdWamRHVmtRV1JrY21WemMwbGtYMU5vYVhCd2FXNW5KeXduVTJGMlpXUW5MQ2RUZFdOalpYTnpablZzYkhrZ1EyOXdhV1ZrSnlrN0lISmxkSFZ5YmlCbVlXeHpaVHRrQWdVUER4WUNId01GQkVWa2FYUVdBaDhUQmJBTlQyNUZaR2wwUVdSa2NtVnpjeWduUTI5dWRHVnVkRkJzWVdObFNHOXNaR1Z5UkdWbVlYVnNkRjlOWVhOMFpYSlFiR0ZqWldodmJHUmxjbDlCWkdSeVpYTnpUR2x6ZEY4MVgzQnViRUZrWkhKbGMzTkVhV0ZzYjJjbkxDZFRhR2x3Y0dsdVp5Y3NKM3RjSWlScFpGd2lPbHdpTVZ3aUxGd2lVSEpwWTJWQlozSmxaVzFsYm5ST2RXMWlaWEpjSWpwdWRXeHNMRndpVm1GMFNXUkZlSFJjSWpwdWRXeHNMRndpUVdSa2FYUnBiMjVoYkVWdFlXbHNjMXdpT201MWJHd3NYQ0pCWkdSeVpYTnpVbVZtWENJNlhDSXpNVEV3TURBd016STJNRndpTEZ3aVFXUmtjbVZ6YzFSNWNHVkZiblZ0WENJNk15eGNJa05oYmtWa2FYUkJaR1J5WlhOelhDSTZkSEoxWlN4Y0lrTnBkSGxjSWpwY0lrTnBkSGt3TURGY0lpeGNJa052ZFc1MGNubGNJanA3WENJa2FXUmNJanBjSWpKY0lpeGNJa0ZzYkc5M1ZtRjBSWGhsYlhCMFhDSTZabUZzYzJVc1hDSkRiM1Z1ZEhKNVRtRnRaVndpT201MWJHd3NYQ0pKYm5OMFlXNWpaVk4wWVhSMWMwVnVkVzFjSWpvd0xGd2lTWE52UzJWNVhDSTZiblZzYkN4Y0lreGhibWQxWVdkbFhDSTZiblZzYkN4Y0lsSmxaMmx2Ymx3aU9tNTFiR3dzWENKVGFHOTNRM1Z6ZEc5dFJtbGxiR1F4WENJNlptRnNjMlVzWENKVGFHOTNRM1Z6ZEc5dFJtbGxiR1F5WENJNlptRnNjMlVzWENKVGFHOTNWbUYwWENJNlptRnNjMlVzWENKVGFYUmxYQ0k2Ym5Wc2JDeGNJbE4wWVhSbGMxd2lPbTUxYkd3c1hDSldaWEp6YVc5dVhDSTZNQ3hjSWt4aFltOXlZWFJ2Y21sbGMxd2lPbTUxYkd3c1hDSkpjMVpoZEVsa1RXRnVaR0YwYjNKNVhDSTZabUZzYzJVc1hDSmFhWEJEYjJSbFVtVm5aWGhjSWpwdWRXeHNMRndpU1dSY0lqb3dMRndpU1hOSVlYSmtSR1ZzWlhSbFpGd2lPbVpoYkhObGZTeGNJa04xYzNSdmJVWnBaV3hrTVZ3aU9tNTFiR3dzWENKRGRYTjBiMjFHYVdWc1pESmNJanB1ZFd4c0xGd2lSVzFoYVd4Y0lqcGNJbkJ1ZEdWemREQXdNVUJsZFhKdlptbHVjeTVqYjIxY0lpeGNJa1poZUZ3aU9sd2lNVEl6WENJc1hDSkdhWEp6ZEU1aGJXVmNJanBjSW5CdWRHVnpkR1l3TURGY0lpeGNJa2x1YzNSaGJtTmxVM1JoZEhWelJXNTFiVndpT2pBc1hDSkpjMFJsWm1GMWJIUmNJanAwY25WbExGd2lTWE5GWTI5dFQyNXNlVndpT25SeWRXVXNYQ0pNWVhOMFRtRnRaVndpT2x3aWNHNTBaWE4wYkRBd01Wd2lMRndpVEdsdVpURmNJanBjSWtWMWNtOW1hVzV6WENJc1hDSk1hVzVsTWx3aU9sd2lTVlJjSWl4Y0lreHBibVV6WENJNlhDSkhjbTkxY0Z3aUxGd2lUVzlpYVd4bFhDSTZYQ0k1TnpNNU5UWTFOalUyWENJc1hDSlFhRzl1WlZ3aU9sd2lPVGN6T1RVMk5UWTFObHdpTEZ3aVVHaHZibVZPYjBWNGRGd2lPbTUxYkd3c1hDSlNaV05wY0dsbGJuUmNJanB1ZFd4c0xGd2lVM1JoZEdWY0lqcDdYQ0lrYVdSY0lqcGNJak5jSWl4Y0lrTnZkVzUwY25sY0lqcHVkV3hzTEZ3aVNXNXpkR0Z1WTJWVGRHRjBkWE5GYm5WdFhDSTZNQ3hjSWxOMFlYUmxTMlY1WENJNmJuVnNiQ3hjSWxOMFlYUmxUbUZ0WlZ3aU9tNTFiR3dzWENKV1pYSnphVzl1WENJNk1DeGNJa2xrWENJNk1DeGNJa2x6U0dGeVpFUmxiR1YwWldSY0lqcG1ZV3h6Wlgwc1hDSlRkSEpsWlhSY0lqcGNJbE4wY21WbGREQXdNVndpTEZ3aVUzUnlaV1YwTWx3aU9sd2lVM1J5WldWME1EQXhYQ0lzWENKVGRISmxaWFF6WENJNlhDSlRkSEpsWlhRd01ERmNJaXhjSWxScGRHeGxYQ0k2WENKTlVsd2lMRndpVm1GMFNXUmNJanB1ZFd4c0xGd2lWMlZpYzJsMFpWd2lPbTUxYkd3c1hDSmFhWEJjSWpwY0lqVTJNREEwTWx3aUxGd2lTWE5XWVd4cFpHRjBaV1JjSWpwMGNuVmxMRndpVEdGMGFYUjFaR1ZjSWpwdWRXeHNMRndpVEc5dVoybDBkV1JsWENJNmJuVnNiQ3hjSWtselJYaHBjM1JwYm1kQ2FXeHNWRzljSWpwbVlXeHpaU3hjSWtselVtVmhaRTl1YkhsY0lqcG1ZV3h6WlN4Y0lrbHpUM0prWlhKRGIzQjVYQ0k2Wm1Gc2MyVXNYQ0pKWkZ3aU9qRXlOVGM1TXl4Y0lrbHpTR0Z5WkVSbGJHVjBaV1JjSWpwbVlXeHpaWDBuTENkRGIyNTBaVzUwVUd4aFkyVkliMnhrWlhKRVpXWmhkV3gwWDAxaGMzUmxjbEJzWVdObGFHOXNaR1Z5WDBGa1pISmxjM05NYVhOMFh6VmZhR1J1VTJWc1pXTjBaV1JCWkdSeVpYTnpTV1FuTENkRGIyNTBaVzUwVUd4aFkyVkliMnhrWlhKRVpXWmhkV3gwWDAxaGMzUmxjbEJzWVdObGFHOXNaR1Z5WDJoa2JrRmtaSEpsYzNOTWFYTjBVMlZzWldOMFpXUkJaR1J5WlhOelNXUmZVMmhwY0hCcGJtY25MQ0JtWVd4elpTd25VMkYyWldRbkxDZFRkV05qWlhOelpuVnNiSGtnUldScGRHVmtKeWs3SUhKbGRIVnliaUJtWVd4elpUdGtBZ0lQRHhZQ0h3Um9aR1FDRFE4VkFXbERiMjUwWlc1MFVHeGhZMlZJYjJ4a1pYSkVaV1poZFd4MFgwMWhjM1JsY2xCc1lXTmxhRzlzWkdWeVgwRmtaSEpsYzNOTWFYTjBYelZmY0c1c1JISmhaMkZpYkdWWGFXNWtiM2REYjI1MFpXNTBYMGx1YkdsdVpVMWxjM05oWjJWRGIyNTBZV2x1WlhKa0FnNFBGZ0lmQ2dVYVFXUmtJR0VnYm1WM0lITm9hWEJ3YVc1bklHRmtaSEpsYzNNV0FnSUJEdzhXQWg4REJROUJaR1FnYm1WM0lHRmtaSEpsYzNNV0FoOFRCYW9LVDI1QlpHUk9aWGRCWkdSeVpYTnpLQ2REYjI1MFpXNTBVR3hoWTJWSWIyeGtaWEpFWldaaGRXeDBYMDFoYzNSbGNsQnNZV05sYUc5c1pHVnlYMEZrWkhKbGMzTk1hWE4wWHpWZmNHNXNRV1JrY21WemMwUnBZV3h2Wnljc0oxTm9hWEJ3YVc1bkp5d25leUlrYVdRaU9pSXhJaXdpVUhKcFkyVkJaM0psWlcxbGJuUk9kVzFpWlhJaU9tNTFiR3dzSWxaaGRFbGtSWGgwSWpwdWRXeHNMQ0pCWkdScGRHbHZibUZzUlcxaGFXeHpJanB1ZFd4c0xDSkJaR1J5WlhOelVtVm1JanB1ZFd4c0xDSkJaR1J5WlhOelZIbHdaVVZ1ZFcwaU9qQXNJa05oYmtWa2FYUkJaR1J5WlhOeklqcG1ZV3h6WlN3aVEybDBlU0k2Ym5Wc2JDd2lRMjkxYm5SeWVTSTZleUlrYVdRaU9pSXlJaXdpUVd4c2IzZFdZWFJGZUdWdGNIUWlPbVpoYkhObExDSkRiM1Z1ZEhKNVRtRnRaU0k2Ym5Wc2JDd2lTVzV6ZEdGdVkyVlRkR0YwZFhORmJuVnRJam93TENKSmMyOUxaWGtpT201MWJHd3NJa3hoYm1kMVlXZGxJanB1ZFd4c0xDSlNaV2RwYjI0aU9tNTFiR3dzSWxOb2IzZERkWE4wYjIxR2FXVnNaREVpT21aaGJITmxMQ0pUYUc5M1EzVnpkRzl0Um1sbGJHUXlJanBtWVd4elpTd2lVMmh2ZDFaaGRDSTZabUZzYzJVc0lsTnBkR1VpT201MWJHd3NJbE4wWVhSbGN5STZiblZzYkN3aVZtVnljMmx2YmlJNk1Dd2lUR0ZpYjNKaGRHOXlhV1Z6SWpwdWRXeHNMQ0pKYzFaaGRFbGtUV0Z1WkdGMGIzSjVJanBtWVd4elpTd2lXbWx3UTI5a1pWSmxaMlY0SWpwdWRXeHNMQ0pKWkNJNk1Dd2lTWE5JWVhKa1JHVnNaWFJsWkNJNlptRnNjMlY5TENKRGRYTjBiMjFHYVdWc1pERWlPbTUxYkd3c0lrTjFjM1J2YlVacFpXeGtNaUk2Ym5Wc2JDd2lSVzFoYVd3aU9tNTFiR3dzSWtaaGVDSTZiblZzYkN3aVJtbHljM1JPWVcxbElqcHVkV3hzTENKSmJuTjBZVzVqWlZOMFlYUjFjMFZ1ZFcwaU9qQXNJa2x6UkdWbVlYVnNkQ0k2Wm1Gc2MyVXNJa2x6UldOdmJVOXViSGtpT21aaGJITmxMQ0pNWVhOMFRtRnRaU0k2Ym5Wc2JDd2lUR2x1WlRFaU9tNTFiR3dzSWt4cGJtVXlJanB1ZFd4c0xDSk1hVzVsTXlJNmJuVnNiQ3dpVFc5aWFXeGxJanB1ZFd4c0xDSlFhRzl1WlNJNmJuVnNiQ3dpVUdodmJtVk9iMFY0ZENJNmJuVnNiQ3dpVW1WamFYQnBaVzUwSWpwdWRXeHNMQ0pUZEdGMFpTSTZleUlrYVdRaU9pSXpJaXdpUTI5MWJuUnllU0k2Ym5Wc2JDd2lTVzV6ZEdGdVkyVlRkR0YwZFhORmJuVnRJam93TENKVGRHRjBaVXRsZVNJNmJuVnNiQ3dpVTNSaGRHVk9ZVzFsSWpwdWRXeHNMQ0pXWlhKemFXOXVJam93TENKSlpDSTZNQ3dpU1hOSVlYSmtSR1ZzWlhSbFpDSTZabUZzYzJWOUxDSlRkSEpsWlhRaU9tNTFiR3dzSWxOMGNtVmxkRElpT201MWJHd3NJbE4wY21WbGRETWlPbTUxYkd3c0lsUnBkR3hsSWpwdWRXeHNMQ0pXWVhSSlpDSTZiblZzYkN3aVYyVmljMmwwWlNJNmJuVnNiQ3dpV21sd0lqcHVkV3hzTENKSmMxWmhiR2xrWVhSbFpDSTZabUZzYzJVc0lreGhkR2wwZFdSbElqcHVkV3hzTENKTWIyNW5hWFIxWkdVaU9tNTFiR3dzSWtselJYaHBjM1JwYm1kQ2FXeHNWRzhpT21aaGJITmxMQ0pKYzFKbFlXUlBibXg1SWpwbVlXeHpaU3dpU1hOUGNtUmxja052Y0hraU9tWmhiSE5sTENKSlpDSTZNQ3dpU1hOSVlYSmtSR1ZzWlhSbFpDSTZabUZzYzJWOUp5d25RMjl1ZEdWdWRGQnNZV05sU0c5c1pHVnlSR1ZtWVhWc2RGOU5ZWE4wWlhKUWJHRmpaV2h2YkdSbGNsOW9aRzVCWkdSeVpYTnpUR2x6ZEZObGJHVmpkR1ZrUVdSa2NtVnpjMGxrWDFOb2FYQndhVzVuSnlrN0lISmxkSFZ5YmlCbVlXeHpaVHRrQWdNUFpCWUNaZzhQRmdJZkRRVVBRbWxzYkdsdVp5QkJaR1J5WlhOelpCWU1BZ1lQRmdJZkF3VkFRMmh2YjNObElHOXVaU0J2WmlCNWIzVnlJR1Y0YVhOMGFXNW5JRUpwYkd4cGJtY2dRV1JrY21WemN5QnZjaUJqY21WaGRHVWdZU0J1WlhjZ2IyNWxMbVFDQ0E5a0ZnSUNBdzlrRmdJQ0FROFdBaDhEQlNoRGFHVmpheUJwWmlCNWIzVWdaRzhnYm05MElIZHBjMmdnZEc4Z2FHRjJaU0JRYVdOckxWVndaQUlLRHc4V0FoOEVhR1FXRmdJRUR4VUJGVU5vYjI5elpTQlFhV05yTFZWd0lHOXdkR2x2Ym1RQ0JnOFZBUVZUY0dWbFpHUUNDQThWQWdaT2IzSnRZV3dZSUVSbGMybHlaV1FnUTI5c2JHVmpkR2x2YmlCRVlYUmxaQUlLRHhVQkYwUmxjMmx5WldRZ1EyOXNiR1ZqZEdsdmJpQlVhVzFsWkFJTER4QVBGZ0lmRG1ka1pCWUFaQUlQRHc4V0FoOFBCUnhRYkdWaGMyVWdZMmh2YjNObElGQnBZMnN0VlhBZ2IzQjBhVzl1WkdRQ0VROFBGZ0lmRHdVbVVHeGxZWE5sSUhObGJHVmpkQ0FnWkdWemFYSmxaQ0JqYjJ4c1pXTjBhVzl1SUdSaGRHVmtaQUlURHc4V0FoOFBCU1pKYm5aaGJHbGtJR1JsYzJseVpXUWdZMjlzYkdWamRHbHZiaUJrWVhSbElHWnZjbTFoZEdSa0FoVVBEeFlDSHc4RlVWTnZjbko1TEZkbElFTmhiaUJ1YjNRZ2NISnZkbWxrWlNCUWFXTnJMVlZ3SUhObGNuWnBZMlVnYjI0Z2MyVnNaV04wWldRZ1pHRjBaUzVRYkdWaGMyVWdjMlZzWldOMElHOTBhR1Z5SUdSaGVXUmtBaGNQWkJZRVpnOFZBWFpEYjI1MFpXNTBVR3hoWTJWSWIyeGtaWEpFWldaaGRXeDBYMDFoYzNSbGNsQnNZV05sYUc5c1pHVnlYMEZrWkhKbGMzTk1hWE4wWHpaZlkyOXRVR2xqYTFWd1FXUmtjbVZ6YzA5d2RHbHZibk5mZG5OUWFXTnJWWEJQY0hScGIyNWZaV052YlZaaGJHbGtZWFJwYjI1VGRXMXRZWEo1WkFJQ0R4VUJka052Ym5SbGJuUlFiR0ZqWlVodmJHUmxja1JsWm1GMWJIUmZUV0Z6ZEdWeVVHeGhZMlZvYjJ4a1pYSmZRV1JrY21WemMweHBjM1JmTmw5amIyMVFhV05yVlhCQlpHUnlaWE56VDNCMGFXOXVjMTkyYzFCcFkydFZjRTl3ZEdsdmJsOWxZMjl0Vm1Gc2FXUmhkR2x2YmxOMWJXMWhjbmxrQWg0UEZRR0JBVU52Ym5SbGJuUlFiR0ZqWlVodmJHUmxja1JsWm1GMWJIUmZUV0Z6ZEdWeVVHeGhZMlZvYjJ4a1pYSmZRV1JrY21WemMweHBjM1JmTmw5amIyMVFhV05yVlhCQlpHUnlaWE56VDNCMGFXOXVjMTl3Ym14RWNtRm5ZV0pzWlZkcGJtUnZkME52Ym5SbGJuUmZTVzVzYVc1bFRXVnpjMkZuWlVOdmJuUmhhVzVsY21RQ0RBODhLd0FSQXdBUEZnWWZFR2NmRG1jZkVRSUJaQUVRRmdBV0FCWUFEQlFyQUFBV0FtWVBaQllHWmc4UEZnUWZFZ3NyQkFBZkJHaGtaQUlCRDJRV0FtWVBaQllDQWdFUFpCWUdBZ0VQWkJZQ0FnRVBFQTlrRmdJZkV3V3JEVk5sYkdWamRGTnBibWRzWlZKaFpHbHZZblYwZEc5dUtIUm9hWE11YVdRcE95QlBibE5sYkdWamRFRmtaSEpsYzNNb0owTnZiblJsYm5SUWJHRmpaVWh2YkdSbGNrUmxabUYxYkhSZlRXRnpkR1Z5VUd4aFkyVm9iMnhrWlhKZlFXUmtjbVZ6YzB4cGMzUmZObDl3Ym14RWNtRm5ZV0pzWlZkcGJtUnZkME52Ym5SbGJuUW5MQ2N5Snl3blFtbHNiR2x1Wnljc0ozdGNJaVJwWkZ3aU9sd2lNVndpTEZ3aVVISnBZMlZCWjNKbFpXMWxiblJPZFcxaVpYSmNJanB1ZFd4c0xGd2lWbUYwU1dSRmVIUmNJanB1ZFd4c0xGd2lRV1JrYVhScGIyNWhiRVZ0WVdsc2Mxd2lPbTUxYkd3c1hDSkJaR1J5WlhOelVtVm1YQ0k2WENJek1URXdNREF3TXpJMk1Wd2lMRndpUVdSa2NtVnpjMVI1Y0dWRmJuVnRYQ0k2TWl4Y0lrTmhia1ZrYVhSQlpHUnlaWE56WENJNmRISjFaU3hjSWtOcGRIbGNJanBjSWtOcGRIa3dNREZjSWl4Y0lrTnZkVzUwY25sY0lqcDdYQ0lrYVdSY0lqcGNJakpjSWl4Y0lrRnNiRzkzVm1GMFJYaGxiWEIwWENJNlptRnNjMlVzWENKRGIzVnVkSEo1VG1GdFpWd2lPbTUxYkd3c1hDSkpibk4wWVc1alpWTjBZWFIxYzBWdWRXMWNJam93TEZ3aVNYTnZTMlY1WENJNmJuVnNiQ3hjSWt4aGJtZDFZV2RsWENJNmJuVnNiQ3hjSWxKbFoybHZibHdpT201MWJHd3NYQ0pUYUc5M1EzVnpkRzl0Um1sbGJHUXhYQ0k2Wm1Gc2MyVXNYQ0pUYUc5M1EzVnpkRzl0Um1sbGJHUXlYQ0k2Wm1Gc2MyVXNYQ0pUYUc5M1ZtRjBYQ0k2Wm1Gc2MyVXNYQ0pUYVhSbFhDSTZiblZzYkN4Y0lsTjBZWFJsYzF3aU9tNTFiR3dzWENKV1pYSnphVzl1WENJNk1DeGNJa3hoWW05eVlYUnZjbWxsYzF3aU9tNTFiR3dzWENKSmMxWmhkRWxrVFdGdVpHRjBiM0o1WENJNlptRnNjMlVzWENKYWFYQkRiMlJsVW1WblpYaGNJanB1ZFd4c0xGd2lTV1JjSWpvd0xGd2lTWE5JWVhKa1JHVnNaWFJsWkZ3aU9tWmhiSE5sZlN4Y0lrTjFjM1J2YlVacFpXeGtNVndpT201MWJHd3NYQ0pEZFhOMGIyMUdhV1ZzWkRKY0lqcHVkV3hzTEZ3aVJXMWhhV3hjSWpwY0luQnVkR1Z6ZERBd01VQmxkWEp2Wm1sdWN5NWpiMjFjSWl4Y0lrWmhlRndpT2x3aU1USXpYQ0lzWENKR2FYSnpkRTVoYldWY0lqcGNJbkJ1ZEdWemRHWXdNREZjSWl4Y0lrbHVjM1JoYm1ObFUzUmhkSFZ6Ulc1MWJWd2lPakFzWENKSmMwUmxabUYxYkhSY0lqcDBjblZsTEZ3aVNYTkZZMjl0VDI1c2VWd2lPblJ5ZFdVc1hDSk1ZWE4wVG1GdFpWd2lPbHdpY0c1MFpYTjBiREF3TVZ3aUxGd2lUR2x1WlRGY0lqcGNJa1YxY205bWFXNXpYQ0lzWENKTWFXNWxNbHdpT2x3aVNWUmNJaXhjSWt4cGJtVXpYQ0k2WENKSGNtOTFjRndpTEZ3aVRXOWlhV3hsWENJNlhDSTVOek01TlRZMU5qVTJYQ0lzWENKUWFHOXVaVndpT2x3aU9UY3pPVFUyTlRZMU5sd2lMRndpVUdodmJtVk9iMFY0ZEZ3aU9tNTFiR3dzWENKU1pXTnBjR2xsYm5SY0lqcHVkV3hzTEZ3aVUzUmhkR1ZjSWpwN1hDSWthV1JjSWpwY0lqTmNJaXhjSWtOdmRXNTBjbmxjSWpwdWRXeHNMRndpU1c1emRHRnVZMlZUZEdGMGRYTkZiblZ0WENJNk1DeGNJbE4wWVhSbFMyVjVYQ0k2Ym5Wc2JDeGNJbE4wWVhSbFRtRnRaVndpT201MWJHd3NYQ0pXWlhKemFXOXVYQ0k2TUN4Y0lrbGtYQ0k2TUN4Y0lrbHpTR0Z5WkVSbGJHVjBaV1JjSWpwbVlXeHpaWDBzWENKVGRISmxaWFJjSWpwY0lsTjBjbVZsZERBd01Wd2lMRndpVTNSeVpXVjBNbHdpT2x3aVUzUnlaV1YwTURBeFhDSXNYQ0pUZEhKbFpYUXpYQ0k2WENKVGRISmxaWFF3TURGY0lpeGNJbFJwZEd4bFhDSTZYQ0pOVWx3aUxGd2lWbUYwU1dSY0lqcHVkV3hzTEZ3aVYyVmljMmwwWlZ3aU9tNTFiR3dzWENKYWFYQmNJanBjSWpVMk1EQTBNbHdpTEZ3aVNYTldZV3hwWkdGMFpXUmNJanAwY25WbExGd2lUR0YwYVhSMVpHVmNJanB1ZFd4c0xGd2lURzl1WjJsMGRXUmxYQ0k2Ym5Wc2JDeGNJa2x6UlhocGMzUnBibWRDYVd4c1ZHOWNJanBtWVd4elpTeGNJa2x6VW1WaFpFOXViSGxjSWpwbVlXeHpaU3hjSWtselQzSmtaWEpEYjNCNVhDSTZabUZzYzJVc1hDSkpaRndpT2pFeU5UYzVOQ3hjSWtselNHRnlaRVJsYkdWMFpXUmNJanBtWVd4elpYMG5MQ2REYjI1MFpXNTBVR3hoWTJWSWIyeGtaWEpFWldaaGRXeDBYMDFoYzNSbGNsQnNZV05sYUc5c1pHVnlYMEZrWkhKbGMzTk1hWE4wWHpaZmFHUnVVMlZzWldOMFpXUkJaR1J5WlhOelNXUW5MQ2REYjI1MFpXNTBVR3hoWTJWSWIyeGtaWEpFWldaaGRXeDBYMDFoYzNSbGNsQnNZV05sYUc5c1pHVnlYMmhrYmtGa1pISmxjM05NYVhOMFUyVnNaV04wWldSQlpHUnlaWE56U1dSZlFtbHNiR2x1WnljcE8yUmtaQUlERDJRV0FnSUJEeFlDSHhRRlhFTnZiblJsYm5SUWJHRmpaVWh2YkdSbGNrUmxabUYxYkhSZlRXRnpkR1Z5VUd4aFkyVm9iMnhrWlhKZlFXUmtjbVZ6YzB4cGMzUmZObDluZGtGa1pISmxjM05NYVhOMFgzSmtZblJ1VTJWc1pXTjBRV1JrY21WemMxOHdGZ0lDQVE4V0FoOERCZTBCVFZJbUl6RTJNRHR3Ym5SbGMzUm1NREF4SmlNeE5qQTdjRzUwWlhOMGJEQXdNU1lqTVRZd096eGljaTgrUlhWeWIyWnBibk04WW5JdlBrbFVQR0p5THo1SGNtOTFjRHhpY2k4K1UzUnlaV1YwTURBeFBHSnlMejVUZEhKbFpYUXdNREU4WW5JdlBsTjBjbVZsZERBd01UeGljaTgrUTJsMGVUQXdNU3c4WW5JdlBrdGhjbTVoZEdGcllTWWpNVFl3T3p4aWNpOCtOVFl3TURReUppTXhOakE3U1c1a2FXRW1JekUyTURzOFluSXZQamszTXprMU5qVTJOVFk4WW5JdlBuQnVkR1Z6ZERBd01VQmxkWEp2Wm1sdWN5NWpiMjA4WW5JdlBqTXhNVEF3TURBek1qWXhKaU14TmpBN1pBSUZEMlFXQmdJQkR3OFdBaDhEQlFaRVpXeGxkR1VXQWg4VEJaY1RVMmh2ZDBScFlXeHZaeWdpUEhBK1JHOGdlVzkxSUhKbFlXeHNlU0IzWVc1MElIUnZJR1JsYkdWMFpTQjBhR2x6SUdsMFpXMG9jeWsvUEM5d1BpSXNleUpFYVdGc2IyZERiR0Z6Y3lJNklpSXNJa2hsYVdkb2RDSTZJbUYxZEc4aUxDSk5iMlJoYkNJNmRISjFaU3dpVUc5emFYUnBiMjRpT2lKalpXNTBaWElpTENKWGFXUjBhQ0k2SWpNd01DSXNJa05zYjNOaFlteGxJanAwY25WbExDSlVhWFJzWlNJNklrUmxiR1YwWlNJc0lrSjFkSFJ2YmpGVVpYaDBJam9pV1dWeklpd2lRblYwZEc5dU1sUmxlSFFpT2lKT2J5SXNJa0oxZEhSdmJqRkRZV3hzWW1GamF5STZJazl1UkdWc1pYUmxRV1JrY21WemN5SXNJa0oxZEhSdmJqSkRZV3hzWW1GamF5STZiblZzYkN3aVFuVjBkRzl1TVVOaGJHeGlZV05yVUdGeVlXMWxkR1Z5Y3lJNkludGNJa05zYVdWdWRGZHBibVJ2ZDBOdmJuUmxiblJKWkZ3aU9sd2lRMjl1ZEdWdWRGQnNZV05sU0c5c1pHVnlSR1ZtWVhWc2RGOU5ZWE4wWlhKUWJHRmpaV2h2YkdSbGNsOUJaR1J5WlhOelRHbHpkRjgyWDNCdWJFUnlZV2RoWW14bFYybHVaRzkzUTI5dWRHVnVkRndpTEZ3aVFXUmtjbVZ6YzFSNWNHVkZiblZ0WENJNlhDSkNhV3hzYVc1blhDSXNYQ0pLYzI5dVJXUnBkRUZrWkhKbGMzTmNJanA3WENJa2FXUmNJanBjSWpGY0lpeGNJbEJ5YVdObFFXZHlaV1Z0Wlc1MFRuVnRZbVZ5WENJNmJuVnNiQ3hjSWxaaGRFbGtSWGgwWENJNmJuVnNiQ3hjSWtGa1pHbDBhVzl1WVd4RmJXRnBiSE5jSWpwdWRXeHNMRndpUVdSa2NtVnpjMUpsWmx3aU9sd2lNekV4TURBd01ETXlOakZjSWl4Y0lrRmtaSEpsYzNOVWVYQmxSVzUxYlZ3aU9qSXNYQ0pEWVc1RlpHbDBRV1JrY21WemMxd2lPblJ5ZFdVc1hDSkRhWFI1WENJNlhDSkRhWFI1TURBeFhDSXNYQ0pEYjNWdWRISjVYQ0k2ZTF3aUpHbGtYQ0k2WENJeVhDSXNYQ0pCYkd4dmQxWmhkRVY0Wlcxd2RGd2lPbVpoYkhObExGd2lRMjkxYm5SeWVVNWhiV1ZjSWpwdWRXeHNMRndpU1c1emRHRnVZMlZUZEdGMGRYTkZiblZ0WENJNk1DeGNJa2x6YjB0bGVWd2lPbTUxYkd3c1hDSk1ZVzVuZFdGblpWd2lPbTUxYkd3c1hDSlNaV2RwYjI1Y0lqcHVkV3hzTEZ3aVUyaHZkME4xYzNSdmJVWnBaV3hrTVZ3aU9tWmhiSE5sTEZ3aVUyaHZkME4xYzNSdmJVWnBaV3hrTWx3aU9tWmhiSE5sTEZ3aVUyaHZkMVpoZEZ3aU9tWmhiSE5sTEZ3aVUybDBaVndpT201MWJHd3NYQ0pUZEdGMFpYTmNJanB1ZFd4c0xGd2lWbVZ5YzJsdmJsd2lPakFzWENKTVlXSnZjbUYwYjNKcFpYTmNJanB1ZFd4c0xGd2lTWE5XWVhSSlpFMWhibVJoZEc5eWVWd2lPbVpoYkhObExGd2lXbWx3UTI5a1pWSmxaMlY0WENJNmJuVnNiQ3hjSWtsa1hDSTZNQ3hjSWtselNHRnlaRVJsYkdWMFpXUmNJanBtWVd4elpYMHNYQ0pEZFhOMGIyMUdhV1ZzWkRGY0lqcHVkV3hzTEZ3aVEzVnpkRzl0Um1sbGJHUXlYQ0k2Ym5Wc2JDeGNJa1Z0WVdsc1hDSTZYQ0p3Ym5SbGMzUXdNREZBWlhWeWIyWnBibk11WTI5dFhDSXNYQ0pHWVhoY0lqcGNJakV5TTF3aUxGd2lSbWx5YzNST1lXMWxYQ0k2WENKd2JuUmxjM1JtTURBeFhDSXNYQ0pKYm5OMFlXNWpaVk4wWVhSMWMwVnVkVzFjSWpvd0xGd2lTWE5FWldaaGRXeDBYQ0k2ZEhKMVpTeGNJa2x6UldOdmJVOXViSGxjSWpwMGNuVmxMRndpVEdGemRFNWhiV1ZjSWpwY0luQnVkR1Z6ZEd3d01ERmNJaXhjSWt4cGJtVXhYQ0k2WENKRmRYSnZabWx1YzF3aUxGd2lUR2x1WlRKY0lqcGNJa2xVWENJc1hDSk1hVzVsTTF3aU9sd2lSM0p2ZFhCY0lpeGNJazF2WW1sc1pWd2lPbHdpT1Rjek9UVTJOVFkxTmx3aUxGd2lVR2h2Ym1WY0lqcGNJamszTXprMU5qVTJOVFpjSWl4Y0lsQm9iMjVsVG05RmVIUmNJanB1ZFd4c0xGd2lVbVZqYVhCcFpXNTBYQ0k2Ym5Wc2JDeGNJbE4wWVhSbFhDSTZlMXdpSkdsa1hDSTZYQ0l6WENJc1hDSkRiM1Z1ZEhKNVhDSTZiblZzYkN4Y0lrbHVjM1JoYm1ObFUzUmhkSFZ6Ulc1MWJWd2lPakFzWENKVGRHRjBaVXRsZVZ3aU9tNTFiR3dzWENKVGRHRjBaVTVoYldWY0lqcHVkV3hzTEZ3aVZtVnljMmx2Ymx3aU9qQXNYQ0pKWkZ3aU9qQXNYQ0pKYzBoaGNtUkVaV3hsZEdWa1hDSTZabUZzYzJWOUxGd2lVM1J5WldWMFhDSTZYQ0pUZEhKbFpYUXdNREZjSWl4Y0lsTjBjbVZsZERKY0lqcGNJbE4wY21WbGREQXdNVndpTEZ3aVUzUnlaV1YwTTF3aU9sd2lVM1J5WldWME1EQXhYQ0lzWENKVWFYUnNaVndpT2x3aVRWSmNJaXhjSWxaaGRFbGtYQ0k2Ym5Wc2JDeGNJbGRsWW5OcGRHVmNJanB1ZFd4c0xGd2lXbWx3WENJNlhDSTFOakF3TkRKY0lpeGNJa2x6Vm1Gc2FXUmhkR1ZrWENJNmRISjFaU3hjSWt4aGRHbDBkV1JsWENJNmJuVnNiQ3hjSWt4dmJtZHBkSFZrWlZ3aU9tNTFiR3dzWENKSmMwVjRhWE4wYVc1blFtbHNiRlJ2WENJNlptRnNjMlVzWENKSmMxSmxZV1JQYm14NVhDSTZabUZzYzJVc1hDSkpjMDl5WkdWeVEyOXdlVndpT21aaGJITmxMRndpU1dSY0lqb3hNalUzT1RRc1hDSkpjMGhoY21SRVpXeGxkR1ZrWENJNlptRnNjMlY5TEZ3aVNHUnVVMlZzWldOMFpXUkJaR1J5WlhOelNXUkRiR2xsYm5SSlpGd2lPbHdpUTI5dWRHVnVkRkJzWVdObFNHOXNaR1Z5UkdWbVlYVnNkRjlOWVhOMFpYSlFiR0ZqWldodmJHUmxjbDlCWkdSeVpYTnpUR2x6ZEY4MlgyaGtibE5sYkdWamRHVmtRV1JrY21WemMwbGtYQ0lzWENKWGFXNWtiM2RUWld4bFkzUmxaRUZrWkhKbGMzTklhV1JrWlc1R2FXVnNaRU5zYVdWdWRFbGtYQ0k2WENKRGIyNTBaVzUwVUd4aFkyVkliMnhrWlhKRVpXWmhkV3gwWDAxaGMzUmxjbEJzWVdObGFHOXNaR1Z5WDJoa2JrRmtaSEpsYzNOTWFYTjBVMlZzWldOMFpXUkJaR1J5WlhOelNXUmZRbWxzYkdsdVoxd2lMRndpUjNKcGRIUmxjazFsYzNOaFoyVklaV0ZrWlhKY0lqcGNJa1JsYkdWMFpXUmNJaXhjSWtkeWFYUjBaWEpOWlhOellXZGxRMjl1ZEdWdWRGUmxlSFJjSWpwY0lsTjFZMk5sYzNObWRXeHNlU0JFWld4bGRHVmtYQ0lzWENKQ2FXeHNhVzVuUVdSa2NtVnpjME52ZFc1MFhDSTZNU3hjSWtScGMyRmliR1ZCWkdSeVpYTnpVMnRwY0VadmNrMTFiSFJwY0d4bFFtbHNiR2x1WjF3aU9uUnlkV1Y5SWl3aVFuVjBkRzl1TWtOaGJHeGlZV05yVUdGeVlXMWxkR1Z5Y3lJNmJuVnNiQ3dpVW1WemFYcGhZbXhsSWpwbVlXeHpaU3dpUkhKaFoyZGhZbXhsSWpwbVlXeHpaU3dpUVhWMGIwOXdaVzRpT21aaGJITmxMQ0pCY0hCbGJtUlVieUk2SW1KdlpIa2lMQ0pOWVhoSVpXbG5hSFFpT2pRd01Dd2lUV0Y0VjJsa2RHZ2lPak13TUN3aVRXbHVTR1ZwWjJoMElqb3hOVEFzSWsxcGJsZHBaSFJvSWpveE5UQjlLVHNnY21WMGRYSnVJR1poYkhObE8yUUNBdzhQRmdJZkF3VUVRMjl3ZVJZQ0h4TUZ0UTVQYmtGa1pFNWxkMEZrWkhKbGMzTW9KME52Ym5SbGJuUlFiR0ZqWlVodmJHUmxja1JsWm1GMWJIUmZUV0Z6ZEdWeVVHeGhZMlZvYjJ4a1pYSmZRV1JrY21WemMweHBjM1JmTmw5d2JteEJaR1J5WlhOelJHbGhiRzluSnl3blFtbHNiR2x1Wnljc0ozdGNJaVJwWkZ3aU9sd2lNVndpTEZ3aVVISnBZMlZCWjNKbFpXMWxiblJPZFcxaVpYSmNJanB1ZFd4c0xGd2lWbUYwU1dSRmVIUmNJanB1ZFd4c0xGd2lRV1JrYVhScGIyNWhiRVZ0WVdsc2Mxd2lPbTUxYkd3c1hDSkJaR1J5WlhOelVtVm1YQ0k2Ym5Wc2JDeGNJa0ZrWkhKbGMzTlVlWEJsUlc1MWJWd2lPaklzWENKRFlXNUZaR2wwUVdSa2NtVnpjMXdpT25SeWRXVXNYQ0pEYVhSNVhDSTZYQ0pEYVhSNU1EQXhYQ0lzWENKRGIzVnVkSEo1WENJNmUxd2lKR2xrWENJNlhDSXlYQ0lzWENKQmJHeHZkMVpoZEVWNFpXMXdkRndpT25SeWRXVXNYQ0pEYjNWdWRISjVUbUZ0WlZ3aU9sd2lTVzVrYVdGY0lpeGNJa2x1YzNSaGJtTmxVM1JoZEhWelJXNTFiVndpT2pBc1hDSkpjMjlMWlhsY0lqcGNJa2xPWENJc1hDSk1ZVzVuZFdGblpWd2lPbnRjSWlScFpGd2lPbHdpTTF3aUxGd2lRMjlrWlZ3aU9sd2laVzVjSWl4Y0lrTjFiSFIxY21WRGIyUmxYQ0k2WENKbGJpMVZVMXdpTEZ3aVNXMWhaMlZRWVhSb1hDSTZYQ0l2YVcxaFoyVnpMMlpzWVdkekwxVlRMbWRwWmx3aUxGd2lTVzV6ZEdGdVkyVlRkR0YwZFhORmJuVnRYQ0k2TUN4Y0lrNWhiV1ZjSWpwY0lrVnVaMnhwYzJoY0lpeGNJbE52Y25SUGNtUmxjbHdpT2pFc1hDSldaWEp6YVc5dVhDSTZNQ3hjSWtsa1hDSTZNU3hjSWtselNHRnlaRVJsYkdWMFpXUmNJanBtWVd4elpYMHNYQ0pTWldkcGIyNWNJanB1ZFd4c0xGd2lVMmh2ZDBOMWMzUnZiVVpwWld4a01Wd2lPbVpoYkhObExGd2lVMmh2ZDBOMWMzUnZiVVpwWld4a01sd2lPbVpoYkhObExGd2lVMmh2ZDFaaGRGd2lPbVpoYkhObExGd2lVMmwwWlZ3aU9tNTFiR3dzWENKVGRHRjBaWE5jSWpwdWRXeHNMRndpVm1WeWMybHZibHdpT2pFd0xGd2lUR0ZpYjNKaGRHOXlhV1Z6WENJNmJuVnNiQ3hjSWtselZtRjBTV1JOWVc1a1lYUnZjbmxjSWpwbVlXeHpaU3hjSWxwcGNFTnZaR1ZTWldkbGVGd2lPbHdpWGx4Y1hGeGtlelo5SkZ3aUxGd2lTV1JjSWpvM055eGNJa2x6U0dGeVpFUmxiR1YwWldSY0lqcG1ZV3h6Wlgwc1hDSkRkWE4wYjIxR2FXVnNaREZjSWpwdWRXeHNMRndpUTNWemRHOXRSbWxsYkdReVhDSTZiblZzYkN4Y0lrVnRZV2xzWENJNlhDSndiblJsYzNRd01ERkFaWFZ5YjJacGJuTXVZMjl0WENJc1hDSkdZWGhjSWpwY0lqRXlNMXdpTEZ3aVJtbHljM1JPWVcxbFhDSTZYQ0p3Ym5SbGMzUm1NREF4WENJc1hDSkpibk4wWVc1alpWTjBZWFIxYzBWdWRXMWNJam93TEZ3aVNYTkVaV1poZFd4MFhDSTZabUZzYzJVc1hDSkpjMFZqYjIxUGJteDVYQ0k2ZEhKMVpTeGNJa3hoYzNST1lXMWxYQ0k2WENKd2JuUmxjM1JzTURBeFhDSXNYQ0pNYVc1bE1Wd2lPbHdpUlhWeWIyWnBibk5jSWl4Y0lreHBibVV5WENJNlhDSkpWRndpTEZ3aVRHbHVaVE5jSWpwY0lrZHliM1Z3WENJc1hDSk5iMkpwYkdWY0lqcGNJamszTXprMU5qVTJOVFpjSWl4Y0lsQm9iMjVsWENJNlhDSTVOek01TlRZMU5qVTJYQ0lzWENKUWFHOXVaVTV2UlhoMFhDSTZiblZzYkN4Y0lsSmxZMmx3YVdWdWRGd2lPbTUxYkd3c1hDSlRkR0YwWlZ3aU9udGNJaVJwWkZ3aU9sd2lORndpTEZ3aVEyOTFiblJ5ZVZ3aU9tNTFiR3dzWENKSmJuTjBZVzVqWlZOMFlYUjFjMFZ1ZFcxY0lqb3dMRndpVTNSaGRHVkxaWGxjSWpwY0lrbE9MVXRCWENJc1hDSlRkR0YwWlU1aGJXVmNJanBjSWt0aGNtNWhkR0ZyWVZ3aUxGd2lWbVZ5YzJsdmJsd2lPakFzWENKSlpGd2lPakUxTURFc1hDSkpjMGhoY21SRVpXeGxkR1ZrWENJNlptRnNjMlY5TEZ3aVUzUnlaV1YwWENJNlhDSlRkSEpsWlhRd01ERmNJaXhjSWxOMGNtVmxkREpjSWpwY0lsTjBjbVZsZERBd01Wd2lMRndpVTNSeVpXVjBNMXdpT2x3aVUzUnlaV1YwTURBeFhDSXNYQ0pVYVhSc1pWd2lPbHdpVFZKY0lpeGNJbFpoZEVsa1hDSTZiblZzYkN4Y0lsZGxZbk5wZEdWY0lqcHVkV3hzTEZ3aVdtbHdYQ0k2WENJMU5qQXdOREpjSWl4Y0lrbHpWbUZzYVdSaGRHVmtYQ0k2ZEhKMVpTeGNJa3hoZEdsMGRXUmxYQ0k2Ym5Wc2JDeGNJa3h2Ym1kcGRIVmtaVndpT201MWJHd3NYQ0pKYzBWNGFYTjBhVzVuUW1sc2JGUnZYQ0k2Wm1Gc2MyVXNYQ0pKYzFKbFlXUlBibXg1WENJNlptRnNjMlVzWENKSmMwOXlaR1Z5UTI5d2VWd2lPbVpoYkhObExGd2lTV1JjSWpvd0xGd2lTWE5JWVhKa1JHVnNaWFJsWkZ3aU9tWmhiSE5sZlNjc0owTnZiblJsYm5SUWJHRmpaVWh2YkdSbGNrUmxabUYxYkhSZlRXRnpkR1Z5VUd4aFkyVm9iMnhrWlhKZmFHUnVRV1JrY21WemMweHBjM1JUWld4bFkzUmxaRUZrWkhKbGMzTkpaRjlDYVd4c2FXNW5KeXduVTJGMlpXUW5MQ2RUZFdOalpYTnpablZzYkhrZ1EyOXdhV1ZrSnlrN0lISmxkSFZ5YmlCbVlXeHpaVHRrQWdVUER4WUNId01GQkVWa2FYUVdBaDhUQmE0TlQyNUZaR2wwUVdSa2NtVnpjeWduUTI5dWRHVnVkRkJzWVdObFNHOXNaR1Z5UkdWbVlYVnNkRjlOWVhOMFpYSlFiR0ZqWldodmJHUmxjbDlCWkdSeVpYTnpUR2x6ZEY4MlgzQnViRUZrWkhKbGMzTkVhV0ZzYjJjbkxDZENhV3hzYVc1bkp5d25lMXdpSkdsa1hDSTZYQ0l4WENJc1hDSlFjbWxqWlVGbmNtVmxiV1Z1ZEU1MWJXSmxjbHdpT201MWJHd3NYQ0pXWVhSSlpFVjRkRndpT201MWJHd3NYQ0pCWkdScGRHbHZibUZzUlcxaGFXeHpYQ0k2Ym5Wc2JDeGNJa0ZrWkhKbGMzTlNaV1pjSWpwY0lqTXhNVEF3TURBek1qWXhYQ0lzWENKQlpHUnlaWE56Vkhsd1pVVnVkVzFjSWpveUxGd2lRMkZ1UldScGRFRmtaSEpsYzNOY0lqcDBjblZsTEZ3aVEybDBlVndpT2x3aVEybDBlVEF3TVZ3aUxGd2lRMjkxYm5SeWVWd2lPbnRjSWlScFpGd2lPbHdpTWx3aUxGd2lRV3hzYjNkV1lYUkZlR1Z0Y0hSY0lqcG1ZV3h6WlN4Y0lrTnZkVzUwY25sT1lXMWxYQ0k2Ym5Wc2JDeGNJa2x1YzNSaGJtTmxVM1JoZEhWelJXNTFiVndpT2pBc1hDSkpjMjlMWlhsY0lqcHVkV3hzTEZ3aVRHRnVaM1ZoWjJWY0lqcHVkV3hzTEZ3aVVtVm5hVzl1WENJNmJuVnNiQ3hjSWxOb2IzZERkWE4wYjIxR2FXVnNaREZjSWpwbVlXeHpaU3hjSWxOb2IzZERkWE4wYjIxR2FXVnNaREpjSWpwbVlXeHpaU3hjSWxOb2IzZFdZWFJjSWpwbVlXeHpaU3hjSWxOcGRHVmNJanB1ZFd4c0xGd2lVM1JoZEdWelhDSTZiblZzYkN4Y0lsWmxjbk5wYjI1Y0lqb3dMRndpVEdGaWIzSmhkRzl5YVdWelhDSTZiblZzYkN4Y0lrbHpWbUYwU1dSTllXNWtZWFJ2Y25sY0lqcG1ZV3h6WlN4Y0lscHBjRU52WkdWU1pXZGxlRndpT201MWJHd3NYQ0pKWkZ3aU9qQXNYQ0pKYzBoaGNtUkVaV3hsZEdWa1hDSTZabUZzYzJWOUxGd2lRM1Z6ZEc5dFJtbGxiR1F4WENJNmJuVnNiQ3hjSWtOMWMzUnZiVVpwWld4a01sd2lPbTUxYkd3c1hDSkZiV0ZwYkZ3aU9sd2ljRzUwWlhOME1EQXhRR1YxY205bWFXNXpMbU52YlZ3aUxGd2lSbUY0WENJNlhDSXhNak5jSWl4Y0lrWnBjbk4wVG1GdFpWd2lPbHdpY0c1MFpYTjBaakF3TVZ3aUxGd2lTVzV6ZEdGdVkyVlRkR0YwZFhORmJuVnRYQ0k2TUN4Y0lrbHpSR1ZtWVhWc2RGd2lPblJ5ZFdVc1hDSkpjMFZqYjIxUGJteDVYQ0k2ZEhKMVpTeGNJa3hoYzNST1lXMWxYQ0k2WENKd2JuUmxjM1JzTURBeFhDSXNYQ0pNYVc1bE1Wd2lPbHdpUlhWeWIyWnBibk5jSWl4Y0lreHBibVV5WENJNlhDSkpWRndpTEZ3aVRHbHVaVE5jSWpwY0lrZHliM1Z3WENJc1hDSk5iMkpwYkdWY0lqcGNJamszTXprMU5qVTJOVFpjSWl4Y0lsQm9iMjVsWENJNlhDSTVOek01TlRZMU5qVTJYQ0lzWENKUWFHOXVaVTV2UlhoMFhDSTZiblZzYkN4Y0lsSmxZMmx3YVdWdWRGd2lPbTUxYkd3c1hDSlRkR0YwWlZ3aU9udGNJaVJwWkZ3aU9sd2lNMXdpTEZ3aVEyOTFiblJ5ZVZ3aU9tNTFiR3dzWENKSmJuTjBZVzVqWlZOMFlYUjFjMFZ1ZFcxY0lqb3dMRndpVTNSaGRHVkxaWGxjSWpwdWRXeHNMRndpVTNSaGRHVk9ZVzFsWENJNmJuVnNiQ3hjSWxabGNuTnBiMjVjSWpvd0xGd2lTV1JjSWpvd0xGd2lTWE5JWVhKa1JHVnNaWFJsWkZ3aU9tWmhiSE5sZlN4Y0lsTjBjbVZsZEZ3aU9sd2lVM1J5WldWME1EQXhYQ0lzWENKVGRISmxaWFF5WENJNlhDSlRkSEpsWlhRd01ERmNJaXhjSWxOMGNtVmxkRE5jSWpwY0lsTjBjbVZsZERBd01Wd2lMRndpVkdsMGJHVmNJanBjSWsxU1hDSXNYQ0pXWVhSSlpGd2lPbTUxYkd3c1hDSlhaV0p6YVhSbFhDSTZiblZzYkN4Y0lscHBjRndpT2x3aU5UWXdNRFF5WENJc1hDSkpjMVpoYkdsa1lYUmxaRndpT25SeWRXVXNYQ0pNWVhScGRIVmtaVndpT201MWJHd3NYQ0pNYjI1bmFYUjFaR1ZjSWpwdWRXeHNMRndpU1hORmVHbHpkR2x1WjBKcGJHeFViMXdpT21aaGJITmxMRndpU1hOU1pXRmtUMjVzZVZ3aU9tWmhiSE5sTEZ3aVNYTlBjbVJsY2tOdmNIbGNJanBtWVd4elpTeGNJa2xrWENJNk1USTFOemswTEZ3aVNYTklZWEprUkdWc1pYUmxaRndpT21aaGJITmxmU2NzSjBOdmJuUmxiblJRYkdGalpVaHZiR1JsY2tSbFptRjFiSFJmVFdGemRHVnlVR3hoWTJWb2IyeGtaWEpmUVdSa2NtVnpjMHhwYzNSZk5sOW9aRzVUWld4bFkzUmxaRUZrWkhKbGMzTkpaQ2NzSjBOdmJuUmxiblJRYkdGalpVaHZiR1JsY2tSbFptRjFiSFJmVFdGemRHVnlVR3hoWTJWb2IyeGtaWEpmYUdSdVFXUmtjbVZ6YzB4cGMzUlRaV3hsWTNSbFpFRmtaSEpsYzNOSlpGOUNhV3hzYVc1bkp5d2dabUZzYzJVc0oxTmhkbVZrSnl3blUzVmpZMlZ6YzJaMWJHeDVJRVZrYVhSbFpDY3BPeUJ5WlhSMWNtNGdabUZzYzJVN1pBSUNEdzhXQWg4RWFHUmtBZzBQRlFGcFEyOXVkR1Z1ZEZCc1lXTmxTRzlzWkdWeVJHVm1ZWFZzZEY5TllYTjBaWEpRYkdGalpXaHZiR1JsY2w5QlpHUnlaWE56VEdsemRGODJYM0J1YkVSeVlXZGhZbXhsVjJsdVpHOTNRMjl1ZEdWdWRGOUpibXhwYm1WTlpYTnpZV2RsUTI5dWRHRnBibVZ5WkFJT0R4WUNId29GR1VGa1pDQmhJRzVsZHlCaWFXeHNhVzVuSUdGa1pISmxjM01XQWdJQkR3OFdBaDhEQlE5QlpHUWdibVYzSUdGa1pISmxjM01XQWg4VEJhZ0tUMjVCWkdST1pYZEJaR1J5WlhOektDZERiMjUwWlc1MFVHeGhZMlZJYjJ4a1pYSkVaV1poZFd4MFgwMWhjM1JsY2xCc1lXTmxhRzlzWkdWeVgwRmtaSEpsYzNOTWFYTjBYelpmY0c1c1FXUmtjbVZ6YzBScFlXeHZaeWNzSjBKcGJHeHBibWNuTENkN0lpUnBaQ0k2SWpFaUxDSlFjbWxqWlVGbmNtVmxiV1Z1ZEU1MWJXSmxjaUk2Ym5Wc2JDd2lWbUYwU1dSRmVIUWlPbTUxYkd3c0lrRmtaR2wwYVc5dVlXeEZiV0ZwYkhNaU9tNTFiR3dzSWtGa1pISmxjM05TWldZaU9tNTFiR3dzSWtGa1pISmxjM05VZVhCbFJXNTFiU0k2TUN3aVEyRnVSV1JwZEVGa1pISmxjM01pT21aaGJITmxMQ0pEYVhSNUlqcHVkV3hzTENKRGIzVnVkSEo1SWpwN0lpUnBaQ0k2SWpJaUxDSkJiR3h2ZDFaaGRFVjRaVzF3ZENJNlptRnNjMlVzSWtOdmRXNTBjbmxPWVcxbElqcHVkV3hzTENKSmJuTjBZVzVqWlZOMFlYUjFjMFZ1ZFcwaU9qQXNJa2x6YjB0bGVTSTZiblZzYkN3aVRHRnVaM1ZoWjJVaU9tNTFiR3dzSWxKbFoybHZiaUk2Ym5Wc2JDd2lVMmh2ZDBOMWMzUnZiVVpwWld4a01TSTZabUZzYzJVc0lsTm9iM2REZFhOMGIyMUdhV1ZzWkRJaU9tWmhiSE5sTENKVGFHOTNWbUYwSWpwbVlXeHpaU3dpVTJsMFpTSTZiblZzYkN3aVUzUmhkR1Z6SWpwdWRXeHNMQ0pXWlhKemFXOXVJam93TENKTVlXSnZjbUYwYjNKcFpYTWlPbTUxYkd3c0lrbHpWbUYwU1dSTllXNWtZWFJ2Y25raU9tWmhiSE5sTENKYWFYQkRiMlJsVW1WblpYZ2lPbTUxYkd3c0lrbGtJam93TENKSmMwaGhjbVJFWld4bGRHVmtJanBtWVd4elpYMHNJa04xYzNSdmJVWnBaV3hrTVNJNmJuVnNiQ3dpUTNWemRHOXRSbWxsYkdReUlqcHVkV3hzTENKRmJXRnBiQ0k2Ym5Wc2JDd2lSbUY0SWpwdWRXeHNMQ0pHYVhKemRFNWhiV1VpT201MWJHd3NJa2x1YzNSaGJtTmxVM1JoZEhWelJXNTFiU0k2TUN3aVNYTkVaV1poZFd4MElqcG1ZV3h6WlN3aVNYTkZZMjl0VDI1c2VTSTZabUZzYzJVc0lreGhjM1JPWVcxbElqcHVkV3hzTENKTWFXNWxNU0k2Ym5Wc2JDd2lUR2x1WlRJaU9tNTFiR3dzSWt4cGJtVXpJanB1ZFd4c0xDSk5iMkpwYkdVaU9tNTFiR3dzSWxCb2IyNWxJanB1ZFd4c0xDSlFhRzl1WlU1dlJYaDBJanB1ZFd4c0xDSlNaV05wY0dsbGJuUWlPbTUxYkd3c0lsTjBZWFJsSWpwN0lpUnBaQ0k2SWpNaUxDSkRiM1Z1ZEhKNUlqcHVkV3hzTENKSmJuTjBZVzVqWlZOMFlYUjFjMFZ1ZFcwaU9qQXNJbE4wWVhSbFMyVjVJanB1ZFd4c0xDSlRkR0YwWlU1aGJXVWlPbTUxYkd3c0lsWmxjbk5wYjI0aU9qQXNJa2xrSWpvd0xDSkpjMGhoY21SRVpXeGxkR1ZrSWpwbVlXeHpaWDBzSWxOMGNtVmxkQ0k2Ym5Wc2JDd2lVM1J5WldWME1pSTZiblZzYkN3aVUzUnlaV1YwTXlJNmJuVnNiQ3dpVkdsMGJHVWlPbTUxYkd3c0lsWmhkRWxrSWpwdWRXeHNMQ0pYWldKemFYUmxJanB1ZFd4c0xDSmFhWEFpT201MWJHd3NJa2x6Vm1Gc2FXUmhkR1ZrSWpwbVlXeHpaU3dpVEdGMGFYUjFaR1VpT201MWJHd3NJa3h2Ym1kcGRIVmtaU0k2Ym5Wc2JDd2lTWE5GZUdsemRHbHVaMEpwYkd4VWJ5STZabUZzYzJVc0lrbHpVbVZoWkU5dWJIa2lPbVpoYkhObExDSkpjMDl5WkdWeVEyOXdlU0k2Wm1Gc2MyVXNJa2xrSWpvd0xDSkpjMGhoY21SRVpXeGxkR1ZrSWpwbVlXeHpaWDBuTENkRGIyNTBaVzUwVUd4aFkyVkliMnhrWlhKRVpXWmhkV3gwWDAxaGMzUmxjbEJzWVdObGFHOXNaR1Z5WDJoa2JrRmtaSEpsYzNOTWFYTjBVMlZzWldOMFpXUkJaR1J5WlhOelNXUmZRbWxzYkdsdVp5Y3BPeUJ5WlhSMWNtNGdabUZzYzJVN1pBSUZEMlFXQW1ZUER4WUNIdzBGRVVSeWIzQmliM2dnVEc5allYUnBiMjV6WkJZS0FnTVBGZ0lmQXdVVFUyVnNaV04wSUhsdmRYSWdaSEp2Y0dKdmVHUUNCUThXQWg4REJTVkVhWE53YkdGNUlFUnliM0JDYjNobGN5QnBiaUF5TUNCTmFXeGxJSEpoYm1kbElHOW1aQUlIRHc4V0FoOERCUVkxTmpBd05ESmtaQUlJRHhVQmFVTnZiblJsYm5SUWJHRmpaVWh2YkdSbGNrUmxabUYxYkhSZlRXRnpkR1Z5VUd4aFkyVm9iMnhrWlhKZmRXTkVjbTl3UW05NFpYTmZOMTl3Ym14RWNtRm5ZV0pzWlZkcGJtUnZkME52Ym5SbGJuUmZTVzVzYVc1bFRXVnpjMkZuWlVOdmJuUmhhVzVsY21RQ0NROFBGZ0lmQkdoa0ZnWUNBUThXQWg0RlZtRnNkV1ZrWkFJRER4WUNIeFVGUTNzaVJHbHpkR0Z1WTJWSmJsSmhaR2wxY3lJNk1qQXNJbFZ1YVhSUFprUnBjM1JoYm1ObElqb3lMQ0pKYm1sMGFXRnNUV0Z3V205dmJVeGxkbVZzSWpveE5YMWtBZ2NQRmdJZkVRTC8vLy8vRDJRQ0J3OWtGZ0ptRHc4V0FoOEVhR1FXQkFJS0QyUVdBZ0lMRHhCa1pCWUFaQUlNRHp3ckFCRUNBUkFXQUJZQUZnQU1GQ3NBQUdRQ0NROWtGZ0ptRDJRV0JBSUREMlFXQW1ZUEZRRTJVMjl0WlNCMllXeHBaR0YwYVc5dUlHbHpjM1ZsSUc5alkzVnljeTRnVUd4bFlYTmxJR05vWldOcklIbHZkWElnYVc1d2RYUXVaQUlGRHc4V0FoOERCUWhUWVhabFZHVnpkR1JrQWhVUFpCWUNaZzlrRmdKbUR4VUJwZ1oyWVhJZ2MyaHZkMUJ5YjJkeVpYTnpRbUZ5UVdaMFpYSTlNakF3T3cwS2RtRnlJRzFsYzNOaFoyVlFjbTluY21WemMwSmhjajBuVUd4bFlYTmxJSGRoYVhRdUxpNG5PdzBLZG1GeUlIQnliMmR5WlhOelFtRnlWR2wwYkdVOUoxQnNaV0Z6WlNCM1lXbDBMaTR1SnpzTkNuWmhjaUJ3Y205bmNtVnpjMEpoY2tOaGJtTmxiRUoxZEhSdmJsUmxlSFE5SjBOaGJtTmxiQ2M3RFFwMllYSWdZV3hsY25STlpYTnpZV2RsUW5WMGRHOXVWR1Y0ZEQwblQyc25PdzBLZG1GeUlHRnNaWEowVFdWemMyRm5aVlJwZEd4bFBTZEJiR1Z5ZENCTlpYTnpZV2RsSnpzTkNuWmhjaUJ2Y0dWeWIyNVRhWFJsVlhKc1BTY25PdzBLZG1GeUlHTjFjbkpsYm5SVGFYUmxRMjlrWlQwblJVSkZKenNOQ25aaGNpQnpkV0pFYjIxaGFXNDlKMUZCSnpzTkNuWmhjaUJ3YjNKMFRuVnRZbVZ5UFNjNE1TYzdEUXAyWVhJZ2NISmxURzloWkVsdFlXZGxUR2x6ZEQxYkp5OWpjM012WlhoMEwycHhkV1Z5ZVhSb1pXMWxjeTlwYldGblpYTXZkV2t0WW1kZloyeGhjM05mTlRWZk1XTXhZekZqWHpGNE5EQXdMbkJ1WnlkZE93MEtkbUZ5SUhCeWFXTnBibWRFWlhSaGFXeHpRMnh2YzJWQ2RYUjBiMjVVWlhoMFBTZERiRzl6WlNjN0RRcDJZWElnUVdSa1FuVjBkRzl1VW1WemIzVnlZMlZVWlhoMElEMGdKMEZrWkNjN0RRcDJZWElnUTJGdVkyVnNRblYwZEc5dVVtVnpiM1Z5WTJWVVpYaDBJRDBnSjBOaGJtTmxiQ2M3RFFwMllYSWdRMnh2YzJWQ2RYUjBiMjVTWlhOdmRYSmpaVlJsZUhRZ1BTQW5RMnh2YzJVbk93MEtkbUZ5SUZOaGRtVkNkWFIwYjI1U1pYTnZkWEpqWlZSbGVIUWdQU0FuVTJGMlpTYzdEUXAyWVhJZ1RtOUNkWFIwYjI1U1pYTnZkWEpqWlZSbGVIUWdQU0FuVG04bk93MEtkbUZ5SUZsbGMwSjFkSFJ2YmxKbGMyOTFjbU5sVkdWNGRDQTlJQ2RaWlhNbk93MEtkbUZ5SUZSb2FXTnJRbTk0UTJ4dmMyVlVaWGgwVW1WemIzVnlZMlVnUFNBbmIzSWdSWE5qSUV0bGVTYzdEUXAyWVhJZ1ZHaHBZMnRDYjNoRGJHOXpaVXhwYm10U1pYTnZkWEpqWlNBOUlDZGpiRzl6WlNjN0RRcDJZWElnWkdWd2JHOTViV1Z1ZEVWdWRtbHliMjV0Wlc1MElEMGdKMUZCSnpzTkNtUVlCQVVlWDE5RGIyNTBjbTlzYzFKbGNYVnBjbVZRYjNOMFFtRmphMHRsZVY5ZkZnSUZjbU4wYkRBd0pHTjBiREF3SkdOMGJEQXdKRU52Ym5SbGJuUlFiR0ZqWlVodmJHUmxja1JsWm1GMWJIUWtUV0Z6ZEdWeVVHeGhZMlZvYjJ4a1pYSWtRV1JrY21WemMweHBjM1JmTlNSbmRrRmtaSEpsYzNOTWFYTjBKR04wYkRBeUpISmtZblJ1VTJWc1pXTjBRV1JrY21WemN3VnlZM1JzTURBa1kzUnNNREFrWTNSc01EQWtRMjl1ZEdWdWRGQnNZV05sU0c5c1pHVnlSR1ZtWVhWc2RDUk5ZWE4wWlhKUWJHRmpaV2h2YkdSbGNpUkJaR1J5WlhOelRHbHpkRjgySkdkMlFXUmtjbVZ6YzB4cGMzUWtZM1JzTURJa2NtUmlkRzVUWld4bFkzUkJaR1J5WlhOekJWbGpkR3d3TUNSamRHd3dNQ1JqZEd3d01DUkRiMjUwWlc1MFVHeGhZMlZJYjJ4a1pYSkVaV1poZFd4MEpFMWhjM1JsY2xCc1lXTmxhRzlzWkdWeUpFRmtaSEpsYzNOTWFYTjBYemdrWjNaQlpHUnlaWE56VEdsemRBOW5aQVZaWTNSc01EQWtZM1JzTURBa1kzUnNNREFrUTI5dWRHVnVkRkJzWVdObFNHOXNaR1Z5UkdWbVlYVnNkQ1JOWVhOMFpYSlFiR0ZqWldodmJHUmxjaVJCWkdSeVpYTnpUR2x6ZEY4MkpHZDJRV1JrY21WemMweHBjM1FQUENzQURBRUlBZ0ZrQlZsamRHd3dNQ1JqZEd3d01DUmpkR3d3TUNSRGIyNTBaVzUwVUd4aFkyVkliMnhrWlhKRVpXWmhkV3gwSkUxaGMzUmxjbEJzWVdObGFHOXNaR1Z5SkVGa1pISmxjM05NYVhOMFh6VWtaM1pCWkdSeVpYTnpUR2x6ZEE4OEt3QU1BUWdDQVdURVVFTWdnWjMybjd1Z2JlS3FsVTdFVWYzR3MvcjNUbnFka1lnNE54eXBNQT09IiBDb3JyZWxhdGlvbkJpbmRpbmc9IiIgVXJsRW5jb2RlPSJUcnVlIiAvPg0KICAgICAgICA8Rm9ybVBvc3RQYXJhbWV0ZXIgTmFtZT0iY3RsMDAkY3RsMDAkY3RsMDAkQ29udGVudFBsYWNlSG9sZGVyRGVmYXVsdCRUb3BMb2dnZWRJbl8xJGhkblNjcmVlbkFyZWEiIFZhbHVlPSJ7eyRISURERU4xLmN0bDAwJGN0bDAwJGN0bDAwJENvbnRlbnRQbGFjZUhvbGRlckRlZmF1bHQkVG9wTG9nZ2VkSW5fMSRoZG5TY3JlZW5BcmVhfX0iIFJlY29yZGVkVmFsdWU9IiIgQ29ycmVsYXRpb25CaW5kaW5nPSIiIFVybEVuY29kZT0iVHJ1ZSIgLz4NCiAgICAgICAgPEZvcm1Qb3N0UGFyYW1ldGVyIE5hbWU9ImN0bDAwJGN0bDAwJGN0bDAwJENvbnRlbnRQbGFjZUhvbGRlckRlZmF1bHQkQ2FydE92ZXJ2aWV3XzMkaGRuRmllbGRTZWxlY3RlZE9yZGVySXRlbUNoZWNrb3V0U3RhdGVzIiBWYWx1ZT0ie3skSElEREVOMS5jdGwwMCRjdGwwMCRjdGwwMCRDb250ZW50UGxhY2VIb2xkZXJEZWZhdWx0JENhcnRPdmVydmlld18zJGhkbkZpZWxkU2VsZWN0ZWRPcmRlckl0ZW1DaGVja291dFN0YXRlc319IiBSZWNvcmRlZFZhbHVlPSIiIENvcnJlbGF0aW9uQmluZGluZz0iIiBVcmxFbmNvZGU9IlRydWUiIC8+DQogICAgICAgIDxGb3JtUG9zdFBhcmFtZXRlciBOYW1lPSJjdGwwMCRjdGwwMCRjdGwwMCRDb250ZW50UGxhY2VIb2xkZXJEZWZhdWx0JENhcnRPdmVydmlld18zJGhkbkZpZWxkQ29tcGxldGVDYXJ0Q2hlY2tvdXRTdGF0ZUVudW1zIiBWYWx1ZT0ie3skSElEREVOMS5jdGwwMCRjdGwwMCRjdGwwMCRDb250ZW50UGxhY2VIb2xkZXJEZWZhdWx0JENhcnRPdmVydmlld18zJGhkbkZpZWxkQ29tcGxldGVDYXJ0Q2hlY2tvdXRTdGF0ZUVudW1zfX0iIFJlY29yZGVkVmFsdWU9IiIgQ29ycmVsYXRpb25CaW5kaW5nPSIiIFVybEVuY29kZT0iVHJ1ZSIgLz4NCiAgICAgICAgPEZvcm1Qb3N0UGFyYW1ldGVyIE5hbWU9ImN0bDAwJGN0bDAwJGN0bDAwJENvbnRlbnRQbGFjZUhvbGRlckRlZmF1bHQkQ2FydE92ZXJ2aWV3XzMkaGRuRmllbGRTZWxlY3RlZEl0ZW1JZHMiIFZhbHVlPSJ7eyRISURERU4xLmN0bDAwJGN0bDAwJGN0bDAwJENvbnRlbnRQbGFjZUhvbGRlckRlZmF1bHQkQ2FydE92ZXJ2aWV3XzMkaGRuRmllbGRTZWxlY3RlZEl0ZW1JZHN9fSIgUmVjb3JkZWRWYWx1ZT0iIiBDb3JyZWxhdGlvbkJpbmRpbmc9IiIgVXJsRW5jb2RlPSJUcnVlIiAvPg0KICAgICAgICA8Rm9ybVBvc3RQYXJhbWV0ZXIgTmFtZT0iY3RsMDAkY3RsMDAkY3RsMDAkQ29udGVudFBsYWNlSG9sZGVyRGVmYXVsdCRDYXJ0T3ZlcnZpZXdfMyRoZG5TY3JlZW5BcmVhIiBWYWx1ZT0ie3skSElEREVOMS5jdGwwMCRjdGwwMCRjdGwwMCRDb250ZW50UGxhY2VIb2xkZXJEZWZhdWx0JENhcnRPdmVydmlld18zJGhkblNjcmVlbkFyZWF9fSIgUmVjb3JkZWRWYWx1ZT0iIiBDb3JyZWxhdGlvbkJpbmRpbmc9IiIgVXJsRW5jb2RlPSJUcnVlIiAvPg0KICAgICAgICA8Rm9ybVBvc3RQYXJhbWV0ZXIgTmFtZT0iY3RsMDAkY3RsMDAkY3RsMDAkQ29udGVudFBsYWNlSG9sZGVyRGVmYXVsdCRNYXN0ZXJQbGFjZWhvbGRlciRBZGRyZXNzTGlzdF81JGhkbkFkZHJlc3NUeXBlRW51bSIgVmFsdWU9Int7JEhJRERFTjEuY3RsMDAkY3RsMDAkY3RsMDAkQ29udGVudFBsYWNlSG9sZGVyRGVmYXVsdCRNYXN0ZXJQbGFjZWhvbGRlciRBZGRyZXNzTGlzdF81JGhkbkFkZHJlc3NUeXBlRW51bX19IiBSZWNvcmRlZFZhbHVlPSJTaGlwcGluZyIgQ29ycmVsYXRpb25CaW5kaW5nPSIiIFVybEVuY29kZT0iVHJ1ZSIgLz4NCiAgICAgICAgPEZvcm1Qb3N0UGFyYW1ldGVyIE5hbWU9ImN0bDAwJGN0bDAwJGN0bDAwJENvbnRlbnRQbGFjZUhvbGRlckRlZmF1bHQkTWFzdGVyUGxhY2Vob2xkZXIkQWRkcmVzc0xpc3RfNSRoZG5TZWxlY3RlZEFkZHJlc3NJZCIgVmFsdWU9Int7JEhJRERFTjEuY3RsMDAkY3RsMDAkY3RsMDAkQ29udGVudFBsYWNlSG9sZGVyRGVmYXVsdCRNYXN0ZXJQbGFjZWhvbGRlciRBZGRyZXNzTGlzdF81JGhkblNlbGVjdGVkQWRkcmVzc0lkfX0iIFJlY29yZGVkVmFsdWU9IjEyNTc5MyIgQ29ycmVsYXRpb25CaW5kaW5nPSIiIFVybEVuY29kZT0iVHJ1ZSIgLz4NCiAgICAgICAgPEZvcm1Qb3N0UGFyYW1ldGVyIE5hbWU9ImN0bDAwJGN0bDAwJGN0bDAwJENvbnRlbnRQbGFjZUhvbGRlckRlZmF1bHQkTWFzdGVyUGxhY2Vob2xkZXIkQWRkcmVzc0xpc3RfNSRndkFkZHJlc3NMaXN0JGN0bDAyJHJkYnRuU2VsZWN0QWRkcmVzcyIgVmFsdWU9InJkYnRuU2VsZWN0QWRkcmVzcyIgUmVjb3JkZWRWYWx1ZT0icmRidG5TZWxlY3RBZGRyZXNzIiBDb3JyZWxhdGlvbkJpbmRpbmc9Int7Rm9ybVBvc3RQYXJhbTIwLmN0bDAwJGN0bDAwJGN0bDAwJENvbnRlbnRQbGFjZUhvbGRlckRlZmF1bHQkTWFzdGVyUGxhY2Vob2xkZXIkQWRkcmVzc0xpc3RfNSRndkFkZHJlc3NMaXN0JGN0bDAyJHJkYnRuU2VsZWN0QWRkcmVzc319IiBVcmxFbmNvZGU9IlRydWUiIC8+DQogICAgICAgIDxGb3JtUG9zdFBhcmFtZXRlciBOYW1lPSJjdGwwMCRjdGwwMCRjdGwwMCRDb250ZW50UGxhY2VIb2xkZXJEZWZhdWx0JE1hc3RlclBsYWNlaG9sZGVyJEFkZHJlc3NMaXN0XzUkaGRuX0NvbnRlbnRQbGFjZUhvbGRlckRlZmF1bHRfTWFzdGVyUGxhY2Vob2xkZXJfQWRkcmVzc0xpc3RfNV9wbmxEcmFnYWJsZVdpbmRvd0NvbnRlbnRfR2V0RGF0YVF1ZXJ5IiBWYWx1ZT0ie3skSElEREVOMS5jdGwwMCRjdGwwMCRjdGwwMCRDb250ZW50UGxhY2VIb2xkZXJEZWZhdWx0JE1hc3RlclBsYWNlaG9sZGVyJEFkZHJlc3NMaXN0XzUkaGRuX0NvbnRlbnRQbGFjZUhvbGRlckRlZmF1bHRfTWFzdGVyUGxhY2Vob2xkZXJfQWRkcmVzc0xpc3RfNV9wbmxEcmFnYWJsZVdpbmRvd0NvbnRlbnRfR2V0RGF0YVF1ZXJ5fX0iIFJlY29yZGVkVmFsdWU9InsmcXVvdDtBZGRyZXNzVHlwZUVudW0mcXVvdDs6JnF1b3Q7U2hpcHBpbmcmcXVvdDssJnF1b3Q7Q29udHJvbE5hbWUmcXVvdDs6JnF1b3Q7QWRkcmVzc0xpc3QmcXVvdDssJnF1b3Q7QWN0aW9uJnF1b3Q7OiZxdW90O0dldERhdGEmcXVvdDssJnF1b3Q7U2VsZWN0ZWRBZGRyZXNzSWQmcXVvdDs6MTI1NzkzLCZxdW90O1dpbmRvd1NlbGVjdGVkQWRkcmVzc0hpZGRlbkZpZWxkQ2xpZW50SWQmcXVvdDs6JnF1b3Q7Q29udGVudFBsYWNlSG9sZGVyRGVmYXVsdF9NYXN0ZXJQbGFjZWhvbGRlcl9oZG5BZGRyZXNzTGlzdFNlbGVjdGVkQWRkcmVzc0lkX1NoaXBwaW5nJnF1b3Q7fSIgQ29ycmVsYXRpb25CaW5kaW5nPSIiIFVybEVuY29kZT0iVHJ1ZSIgLz4NCiAgICAgICAgPEZvcm1Qb3N0UGFyYW1ldGVyIE5hbWU9ImN0bDAwJGN0bDAwJGN0bDAwJENvbnRlbnRQbGFjZUhvbGRlckRlZmF1bHQkTWFzdGVyUGxhY2Vob2xkZXIkQWRkcmVzc0xpc3RfNSRoZG5fQ29udGVudFBsYWNlSG9sZGVyRGVmYXVsdF9NYXN0ZXJQbGFjZWhvbGRlcl9BZGRyZXNzTGlzdF81X3BubERyYWdhYmxlV2luZG93Q29udGVudF9TdGFuZEFsb25lSWQiIFZhbHVlPSJ7eyRISURERU4xLmN0bDAwJGN0bDAwJGN0bDAwJENvbnRlbnRQbGFjZUhvbGRlckRlZmF1bHQkTWFzdGVyUGxhY2Vob2xkZXIkQWRkcmVzc0xpc3RfNSRoZG5fQ29udGVudFBsYWNlSG9sZGVyRGVmYXVsdF9NYXN0ZXJQbGFjZWhvbGRlcl9BZGRyZXNzTGlzdF81X3BubERyYWdhYmxlV2luZG93Q29udGVudF9TdGFuZEFsb25lSWR9fSIgUmVjb3JkZWRWYWx1ZT0iU3RhbmRBbG9uZVNhdmUiIENvcnJlbGF0aW9uQmluZGluZz0iIiBVcmxFbmNvZGU9IlRydWUiIC8+DQogICAgICAgIDxGb3JtUG9zdFBhcmFtZXRlciBOYW1lPSJjdGwwMCRjdGwwMCRjdGwwMCRDb250ZW50UGxhY2VIb2xkZXJEZWZhdWx0JE1hc3RlclBsYWNlaG9sZGVyJEFkZHJlc3NMaXN0XzUkaGRuU2NyZWVuQXJlYSIgVmFsdWU9Int7JEhJRERFTjEuY3RsMDAkY3RsMDAkY3RsMDAkQ29udGVudFBsYWNlSG9sZGVyRGVmYXVsdCRNYXN0ZXJQbGFjZWhvbGRlciRBZGRyZXNzTGlzdF81JGhkblNjcmVlbkFyZWF9fSIgUmVjb3JkZWRWYWx1ZT0iIiBDb3JyZWxhdGlvbkJpbmRpbmc9IiIgVXJsRW5jb2RlPSJUcnVlIiAvPg0KICAgICAgICA8Rm9ybVBvc3RQYXJhbWV0ZXIgTmFtZT0iY3RsMDAkY3RsMDAkY3RsMDAkQ29udGVudFBsYWNlSG9sZGVyRGVmYXVsdCRNYXN0ZXJQbGFjZWhvbGRlciRoZG5BZGRyZXNzTGlzdFNlbGVjdGVkQWRkcmVzc0lkX1NoaXBwaW5nIiBWYWx1ZT0ie3skSElEREVOMS5jdGwwMCRjdGwwMCRjdGwwMCRDb250ZW50UGxhY2VIb2xkZXJEZWZhdWx0JE1hc3RlclBsYWNlaG9sZGVyJGhkbkFkZHJlc3NMaXN0U2VsZWN0ZWRBZGRyZXNzSWRfU2hpcHBpbmd9fSIgUmVjb3JkZWRWYWx1ZT0iMTI1NzkzIiBDb3JyZWxhdGlvbkJpbmRpbmc9IiIgVXJsRW5jb2RlPSJUcnVlIiAvPg0KICAgICAgICA8Rm9ybVBvc3RQYXJhbWV0ZXIgTmFtZT0iY3RsMDAkY3RsMDAkY3RsMDAkQ29udGVudFBsYWNlSG9sZGVyRGVmYXVsdCRNYXN0ZXJQbGFjZWhvbGRlciRBZGRyZXNzTGlzdF82JGhkbkFkZHJlc3NUeXBlRW51bSIgVmFsdWU9Int7JEhJRERFTjEuY3RsMDAkY3RsMDAkY3RsMDAkQ29udGVudFBsYWNlSG9sZGVyRGVmYXVsdCRNYXN0ZXJQbGFjZWhvbGRlciRBZGRyZXNzTGlzdF82JGhkbkFkZHJlc3NUeXBlRW51bX19IiBSZWNvcmRlZFZhbHVlPSJCaWxsaW5nIiBDb3JyZWxhdGlvbkJpbmRpbmc9IiIgVXJsRW5jb2RlPSJUcnVlIiAvPg0KICAgICAgICA8Rm9ybVBvc3RQYXJhbWV0ZXIgTmFtZT0iY3RsMDAkY3RsMDAkY3RsMDAkQ29udGVudFBsYWNlSG9sZGVyRGVmYXVsdCRNYXN0ZXJQbGFjZWhvbGRlciRBZGRyZXNzTGlzdF82JGhkblNlbGVjdGVkQWRkcmVzc0lkIiBWYWx1ZT0ie3skSElEREVOMS5jdGwwMCRjdGwwMCRjdGwwMCRDb250ZW50UGxhY2VIb2xkZXJEZWZhdWx0JE1hc3RlclBsYWNlaG9sZGVyJEFkZHJlc3NMaXN0XzYkaGRuU2VsZWN0ZWRBZGRyZXNzSWR9fSIgUmVjb3JkZWRWYWx1ZT0iMTI1Nzk0IiBDb3JyZWxhdGlvbkJpbmRpbmc9IiIgVXJsRW5jb2RlPSJUcnVlIiAvPg0KICAgICAgICA8Rm9ybVBvc3RQYXJhbWV0ZXIgTmFtZT0iY3RsMDAkY3RsMDAkY3RsMDAkQ29udGVudFBsYWNlSG9sZGVyRGVmYXVsdCRNYXN0ZXJQbGFjZWhvbGRlciRBZGRyZXNzTGlzdF82JGd2QWRkcmVzc0xpc3QkY3RsMDIkcmRidG5TZWxlY3RBZGRyZXNzIiBWYWx1ZT0icmRidG5TZWxlY3RBZGRyZXNzIiBSZWNvcmRlZFZhbHVlPSJyZGJ0blNlbGVjdEFkZHJlc3MiIENvcnJlbGF0aW9uQmluZGluZz0ie3tGb3JtUG9zdFBhcmFtMjEuY3RsMDAkY3RsMDAkY3RsMDAkQ29udGVudFBsYWNlSG9sZGVyRGVmYXVsdCRNYXN0ZXJQbGFjZWhvbGRlciRBZGRyZXNzTGlzdF82JGd2QWRkcmVzc0xpc3QkY3RsMDIkcmRidG5TZWxlY3RBZGRyZXNzfX0iIFVybEVuY29kZT0iVHJ1ZSIgLz4NCiAgICAgICAgPEZvcm1Qb3N0UGFyYW1ldGVyIE5hbWU9ImN0bDAwJGN0bDAwJGN0bDAwJENvbnRlbnRQbGFjZUhvbGRlckRlZmF1bHQkTWFzdGVyUGxhY2Vob2xkZXIkQWRkcmVzc0xpc3RfNiRoZG5fQ29udGVudFBsYWNlSG9sZGVyRGVmYXVsdF9NYXN0ZXJQbGFjZWhvbGRlcl9BZGRyZXNzTGlzdF82X3BubERyYWdhYmxlV2luZG93Q29udGVudF9HZXREYXRhUXVlcnkiIFZhbHVlPSJ7eyRISURERU4xLmN0bDAwJGN0bDAwJGN0bDAwJENvbnRlbnRQbGFjZUhvbGRlckRlZmF1bHQkTWFzdGVyUGxhY2Vob2xkZXIkQWRkcmVzc0xpc3RfNiRoZG5fQ29udGVudFBsYWNlSG9sZGVyRGVmYXVsdF9NYXN0ZXJQbGFjZWhvbGRlcl9BZGRyZXNzTGlzdF82X3BubERyYWdhYmxlV2luZG93Q29udGVudF9HZXREYXRhUXVlcnl9fSIgUmVjb3JkZWRWYWx1ZT0ieyZxdW90O0FkZHJlc3NUeXBlRW51bSZxdW90OzomcXVvdDtCaWxsaW5nJnF1b3Q7LCZxdW90O0NvbnRyb2xOYW1lJnF1b3Q7OiZxdW90O0FkZHJlc3NMaXN0JnF1b3Q7LCZxdW90O0FjdGlvbiZxdW90OzomcXVvdDtHZXREYXRhJnF1b3Q7LCZxdW90O1NlbGVjdGVkQWRkcmVzc0lkJnF1b3Q7OjEyNTc5NCwmcXVvdDtXaW5kb3dTZWxlY3RlZEFkZHJlc3NIaWRkZW5GaWVsZENsaWVudElkJnF1b3Q7OiZxdW90O0NvbnRlbnRQbGFjZUhvbGRlckRlZmF1bHRfTWFzdGVyUGxhY2Vob2xkZXJfaGRuQWRkcmVzc0xpc3RTZWxlY3RlZEFkZHJlc3NJZF9CaWxsaW5nJnF1b3Q7fSIgQ29ycmVsYXRpb25CaW5kaW5nPSIiIFVybEVuY29kZT0iVHJ1ZSIgLz4NCiAgICAgICAgPEZvcm1Qb3N0UGFyYW1ldGVyIE5hbWU9ImN0bDAwJGN0bDAwJGN0bDAwJENvbnRlbnRQbGFjZUhvbGRlckRlZmF1bHQkTWFzdGVyUGxhY2Vob2xkZXIkQWRkcmVzc0xpc3RfNiRoZG5fQ29udGVudFBsYWNlSG9sZGVyRGVmYXVsdF9NYXN0ZXJQbGFjZWhvbGRlcl9BZGRyZXNzTGlzdF82X3BubERyYWdhYmxlV2luZG93Q29udGVudF9TdGFuZEFsb25lSWQiIFZhbHVlPSJ7eyRISURERU4xLmN0bDAwJGN0bDAwJGN0bDAwJENvbnRlbnRQbGFjZUhvbGRlckRlZmF1bHQkTWFzdGVyUGxhY2Vob2xkZXIkQWRkcmVzc0xpc3RfNiRoZG5fQ29udGVudFBsYWNlSG9sZGVyRGVmYXVsdF9NYXN0ZXJQbGFjZWhvbGRlcl9BZGRyZXNzTGlzdF82X3BubERyYWdhYmxlV2luZG93Q29udGVudF9TdGFuZEFsb25lSWR9fSIgUmVjb3JkZWRWYWx1ZT0iU3RhbmRBbG9uZVNhdmUiIENvcnJlbGF0aW9uQmluZGluZz0iIiBVcmxFbmNvZGU9IlRydWUiIC8+DQogICAgICAgIDxGb3JtUG9zdFBhcmFtZXRlciBOYW1lPSJjdGwwMCRjdGwwMCRjdGwwMCRDb250ZW50UGxhY2VIb2xkZXJEZWZhdWx0JE1hc3RlclBsYWNlaG9sZGVyJEFkZHJlc3NMaXN0XzYkaGRuU2NyZWVuQXJlYSIgVmFsdWU9Int7JEhJRERFTjEuY3RsMDAkY3RsMDAkY3RsMDAkQ29udGVudFBsYWNlSG9sZGVyRGVmYXVsdCRNYXN0ZXJQbGFjZWhvbGRlciRBZGRyZXNzTGlzdF82JGhkblNjcmVlbkFyZWF9fSIgUmVjb3JkZWRWYWx1ZT0iIiBDb3JyZWxhdGlvbkJpbmRpbmc9IiIgVXJsRW5jb2RlPSJUcnVlIiAvPg0KICAgICAgICA8Rm9ybVBvc3RQYXJhbWV0ZXIgTmFtZT0iY3RsMDAkY3RsMDAkY3RsMDAkQ29udGVudFBsYWNlSG9sZGVyRGVmYXVsdCRNYXN0ZXJQbGFjZWhvbGRlciRoZG5BZGRyZXNzTGlzdFNlbGVjdGVkQWRkcmVzc0lkX0JpbGxpbmciIFZhbHVlPSJ7eyRISURERU4xLmN0bDAwJGN0bDAwJGN0bDAwJENvbnRlbnRQbGFjZUhvbGRlckRlZmF1bHQkTWFzdGVyUGxhY2Vob2xkZXIkaGRuQWRkcmVzc0xpc3RTZWxlY3RlZEFkZHJlc3NJZF9CaWxsaW5nfX0iIFJlY29yZGVkVmFsdWU9IjEyNTc5NCIgQ29ycmVsYXRpb25CaW5kaW5nPSIiIFVybEVuY29kZT0iVHJ1ZSIgLz4NCiAgICAgICAgPEZvcm1Qb3N0UGFyYW1ldGVyIE5hbWU9ImN0bDAwJGN0bDAwJGN0bDAwJENvbnRlbnRQbGFjZUhvbGRlckRlZmF1bHQkTWFzdGVyUGxhY2Vob2xkZXIkdWNEcm9wQm94ZXNfNyRoZG5fQ29udGVudFBsYWNlSG9sZGVyRGVmYXVsdF9NYXN0ZXJQbGFjZWhvbGRlcl91Y0Ryb3BCb3hlc183X3BubERyYWdhYmxlV2luZG93Q29udGVudF9TdGFuZEFsb25lSWQiIFZhbHVlPSJ7eyRISURERU4xLmN0bDAwJGN0bDAwJGN0bDAwJENvbnRlbnRQbGFjZUhvbGRlckRlZmF1bHQkTWFzdGVyUGxhY2Vob2xkZXIkdWNEcm9wQm94ZXNfNyRoZG5fQ29udGVudFBsYWNlSG9sZGVyRGVmYXVsdF9NYXN0ZXJQbGFjZWhvbGRlcl91Y0Ryb3BCb3hlc183X3BubERyYWdhYmxlV2luZG93Q29udGVudF9TdGFuZEFsb25lSWR9fSIgUmVjb3JkZWRWYWx1ZT0iU3RhbmRBbG9uZVNhdmUiIENvcnJlbGF0aW9uQmluZGluZz0iIiBVcmxFbmNvZGU9IlRydWUiIC8+DQogICAgICAgIDxGb3JtUG9zdFBhcmFtZXRlciBOYW1lPSJjdGwwMCRjdGwwMCRjdGwwMCRDb250ZW50UGxhY2VIb2xkZXJEZWZhdWx0JE1hc3RlclBsYWNlaG9sZGVyJHVjRHJvcEJveGVzXzckaGRuU2NyZWVuQXJlYSIgVmFsdWU9Int7JEhJRERFTjEuY3RsMDAkY3RsMDAkY3RsMDAkQ29udGVudFBsYWNlSG9sZGVyRGVmYXVsdCRNYXN0ZXJQbGFjZWhvbGRlciR1Y0Ryb3BCb3hlc183JGhkblNjcmVlbkFyZWF9fSIgUmVjb3JkZWRWYWx1ZT0iIiBDb3JyZWxhdGlvbkJpbmRpbmc9IiIgVXJsRW5jb2RlPSJUcnVlIiAvPg0KICAgICAgICA8Rm9ybVBvc3RQYXJhbWV0ZXIgTmFtZT0iY3RsMDAkY3RsMDAkY3RsMDAkQ29udGVudFBsYWNlSG9sZGVyRGVmYXVsdCRNYXN0ZXJQbGFjZWhvbGRlciRoZG5BZGRyZXNzTGlzdFNlbGVjdGVkQWRkcmVzc0lkX1BpY2tVcCIgVmFsdWU9Int7JEhJRERFTjEuY3RsMDAkY3RsMDAkY3RsMDAkQ29udGVudFBsYWNlSG9sZGVyRGVmYXVsdCRNYXN0ZXJQbGFjZWhvbGRlciRoZG5BZGRyZXNzTGlzdFNlbGVjdGVkQWRkcmVzc0lkX1BpY2tVcH19IiBSZWNvcmRlZFZhbHVlPSIiIENvcnJlbGF0aW9uQmluZGluZz0iIiBVcmxFbmNvZGU9IlRydWUiIC8+DQogICAgICAgIDxGb3JtUG9zdFBhcmFtZXRlciBOYW1lPSJjdGwwMCRjdGwwMCRjdGwwMCRDb250ZW50UGxhY2VIb2xkZXJEZWZhdWx0JE1hc3RlclBsYWNlaG9sZGVyJHVjU2F2ZUJ1dHRvbl85JGhkbl9Db250ZW50UGxhY2VIb2xkZXJEZWZhdWx0X01hc3RlclBsYWNlaG9sZGVyX3VjU2F2ZUJ1dHRvbl85X3BubERyYWdhYmxlV2luZG93Q29udGVudF9TdGFuZEFsb25lSWQiIFZhbHVlPSJ7eyRISURERU4xLmN0bDAwJGN0bDAwJGN0bDAwJENvbnRlbnRQbGFjZUhvbGRlckRlZmF1bHQkTWFzdGVyUGxhY2Vob2xkZXIkdWNTYXZlQnV0dG9uXzkkaGRuX0NvbnRlbnRQbGFjZUhvbGRlckRlZmF1bHRfTWFzdGVyUGxhY2Vob2xkZXJfdWNTYXZlQnV0dG9uXzlfcG5sRHJhZ2FibGVXaW5kb3dDb250ZW50X1N0YW5kQWxvbmVJZH19IiBSZWNvcmRlZFZhbHVlPSJTdGFuZEFsb25lU2F2ZSIgQ29ycmVsYXRpb25CaW5kaW5nPSIiIFVybEVuY29kZT0iVHJ1ZSIgLz4NCiAgICAgICAgPEZvcm1Qb3N0UGFyYW1ldGVyIE5hbWU9ImN0bDAwJGN0bDAwJGN0bDAwJENvbnRlbnRQbGFjZUhvbGRlckRlZmF1bHQkTWFzdGVyUGxhY2Vob2xkZXIkdWNTYXZlQnV0dG9uXzkkaGRuU2NyZWVuQXJlYSIgVmFsdWU9Int7JEhJRERFTjEuY3RsMDAkY3RsMDAkY3RsMDAkQ29udGVudFBsYWNlSG9sZGVyRGVmYXVsdCRNYXN0ZXJQbGFjZWhvbGRlciR1Y1NhdmVCdXR0b25fOSRoZG5TY3JlZW5BcmVhfX0iIFJlY29yZGVkVmFsdWU9IiIgQ29ycmVsYXRpb25CaW5kaW5nPSIiIFVybEVuY29kZT0iVHJ1ZSIgLz4NCiAgICAgICAgPEZvcm1Qb3N0UGFyYW1ldGVyIE5hbWU9ImN0bDAwJGN0bDAwJGN0bDAwJENvbnRlbnRQbGFjZUhvbGRlckRlZmF1bHQkaGRuQ2FuSW5pdGlhbGl6ZUN1bHR1cmUiIFZhbHVlPSJ7eyRISURERU4xLmN0bDAwJGN0bDAwJGN0bDAwJENvbnRlbnRQbGFjZUhvbGRlckRlZmF1bHQkaGRuQ2FuSW5pdGlhbGl6ZUN1bHR1cmV9fSIgUmVjb3JkZWRWYWx1ZT0iZmFsc2UiIENvcnJlbGF0aW9uQmluZGluZz0iIiBVcmxFbmNvZGU9IlRydWUiIC8+DQogICAgICAgIDxGb3JtUG9zdFBhcmFtZXRlciBOYW1lPSJjdGwwMCRjdGwwMCRjdGwwMCRDb250ZW50UGxhY2VIb2xkZXJEZWZhdWx0JGhkbkVjb21EcmFnRHJvcEpzb24iIFZhbHVlPSJ7eyRISURERU4xLmN0bDAwJGN0bDAwJGN0bDAwJENvbnRlbnRQbGFjZUhvbGRlckRlZmF1bHQkaGRuRWNvbURyYWdEcm9wSnNvbn19IiBSZWNvcmRlZFZhbHVlPSIiIENvcnJlbGF0aW9uQmluZGluZz0iIiBVcmxFbmNvZGU9IlRydWUiIC8+DQogICAgICAgIDxGb3JtUG9zdFBhcmFtZXRlciBOYW1lPSJjdGwwMCRjdGwwMCRjdGwwMCRDb250ZW50UGxhY2VIb2xkZXJEZWZhdWx0JGhkbkN1cnJlbnRQYWdlSWRlbnRpdHkiIFZhbHVlPSJ7eyRISURERU4xLmN0bDAwJGN0bDAwJGN0bDAwJENvbnRlbnRQbGFjZUhvbGRlckRlZmF1bHQkaGRuQ3VycmVudFBhZ2VJZGVudGl0eX19IiBSZWNvcmRlZFZhbHVlPSIxMzI5IiBDb3JyZWxhdGlvbkJpbmRpbmc9IiIgVXJsRW5jb2RlPSJUcnVlIiAvPg0KICAgICAgICA8Rm9ybVBvc3RQYXJhbWV0ZXIgTmFtZT0iY3RsMDAkY3RsMDAkY3RsMDAkQ29udGVudFBsYWNlSG9sZGVyRGVmYXVsdCRoZG5TY3JvbGxZUG9zaXRpb24iIFZhbHVlPSJ7eyRISURERU4xLmN0bDAwJGN0bDAwJGN0bDAwJENvbnRlbnRQbGFjZUhvbGRlckRlZmF1bHQkaGRuU2Nyb2xsWVBvc2l0aW9ufX0iIFJlY29yZGVkVmFsdWU9IjAiIENvcnJlbGF0aW9uQmluZGluZz0iIiBVcmxFbmNvZGU9IlRydWUiIC8+DQogICAgICAgIDxGb3JtUG9zdFBhcmFtZXRlciBOYW1lPSJfX1ZJRVdTVEFURUdFTkVSQVRPUiIgVmFsdWU9Int7JEhJRERFTjEuX19WSUVXU1RBVEVHRU5FUkFUT1J9fSIgUmVjb3JkZWRWYWx1ZT0iQ0EwQjAzMzQiIENvcnJlbGF0aW9uQmluZGluZz0iIiBVcmxFbmNvZGU9IlRydWUiIC8+DQogICAgICA8L0Zvcm1Qb3N0SHR0cEJvZHk+DQogICAgPC9SZXF1ZXN0Pg0KICAgIDxSZXF1ZXN0IE1ldGhvZD0iR0VUIiBHdWlkPSI4OGI5YWM0OC01ODdjLTQ4NDMtOTNjNi0zMWY0MDBjOTQyMDgiIFZlcnNpb249IjEuMSIgVXJsPSJodHRwczovL21hcHMuZ29vZ2xlYXBpcy5jb20vbWFwcy9hcGkvanMvQXV0aGVudGljYXRpb25TZXJ2aWNlLkF1dGhlbnRpY2F0ZSIgVGhpbmtUaW1lPSIxMSIgVGltZW91dD0iMzAwIiBQYXJzZURlcGVuZGVudFJlcXVlc3RzPSJUcnVlIiBGb2xsb3dSZWRpcmVjdHM9IlRydWUiIFJlY29yZFJlc3VsdD0iVHJ1ZSIgQ2FjaGU9IkZhbHNlIiBSZXNwb25zZVRpbWVHb2FsPSIwIiBFbmNvZGluZz0idXRmLTgiIEV4cGVjdGVkSHR0cFN0YXR1c0NvZGU9IjAiIEV4cGVjdGVkUmVzcG9uc2VVcmw9IiIgUmVwb3J0aW5nTmFtZT0iIiBJZ25vcmVIdHRwU3RhdHVzQ29kZT0iRmFsc2UiPg0KICAgICAgPEhlYWRlcnM+DQogICAgICAgIDxIZWFkZXIgTmFtZT0iUmVmZXJlciIgVmFsdWU9Imh0dHA6Ly9pbjAxYXB2MTE6ODEvZW4vZGFzaGJvYXJkLmFzcHgiIC8+DQogICAgICA8L0hlYWRlcnM+DQogICAgICA8UXVlcnlTdHJpbmdQYXJhbWV0ZXJzPg0KICAgICAgICA8UXVlcnlTdHJpbmdQYXJhbWV0ZXIgTmFtZT0iIiBWYWx1ZT0iMXNodHRwJTNBJTJGJTJGaW4wMWFwdjExJTNBODElMkZlbiUyRmRhc2hib2FyZC5hc3B4IiBSZWNvcmRlZFZhbHVlPSIxc2h0dHAlM0ElMkYlMkZpbjAxYXB2MTElM0E4MSUyRmVuJTJGZGFzaGJvYXJkLmFzcHgiIENvcnJlbGF0aW9uQmluZGluZz0iIiBVcmxFbmNvZGU9IkZhbHNlIiBVc2VUb0dyb3VwUmVzdWx0cz0iRmFsc2UiIC8+DQogICAgICAgIDxRdWVyeVN0cmluZ1BhcmFtZXRlciBOYW1lPSJjYWxsYmFjayIgVmFsdWU9Il94ZGNfLl9nODFtZzIiIFJlY29yZGVkVmFsdWU9Il94ZGNfLl9nODFtZzIiIENvcnJlbGF0aW9uQmluZGluZz0iIiBVcmxFbmNvZGU9IkZhbHNlIiBVc2VUb0dyb3VwUmVzdWx0cz0iRmFsc2UiIC8+DQogICAgICAgIDxRdWVyeVN0cmluZ1BhcmFtZXRlciBOYW1lPSJ0b2tlbiIgVmFsdWU9IjEzMDM5MyIgUmVjb3JkZWRWYWx1ZT0iMTMwMzkzIiBDb3JyZWxhdGlvbkJpbmRpbmc9IiIgVXJsRW5jb2RlPSJGYWxzZSIgVXNlVG9Hcm91cFJlc3VsdHM9IkZhbHNlIiAvPg0KICAgICAgPC9RdWVyeVN0cmluZ1BhcmFtZXRlcnM+DQogICAgPC9SZXF1ZXN0Pg0KICAgIDxDb21tZW50IENvbW1lbnRUZXh0PSJDbGlja19NeSBQcmVmZXJlbmNlcyIgLz4NCiAgICA8UmVxdWVzdCBNZXRob2Q9IlBPU1QiIEd1aWQ9IjA4YWJjYmQ0LTEyYWEtNGZmMi1hZmY0LTBkZTRlNWE1ZjFmYSIgVmVyc2lvbj0iMS4xIiBVcmw9Imh0dHA6Ly9pbjAxYXB2MTE6ODEvZW4vZGFzaGJvYXJkLmFzcHgiIFRoaW5rVGltZT0iNyIgVGltZW91dD0iMzAwIiBQYXJzZURlcGVuZGVudFJlcXVlc3RzPSJUcnVlIiBGb2xsb3dSZWRpcmVjdHM9IlRydWUiIFJlY29yZFJlc3VsdD0iVHJ1ZSIgQ2FjaGU9IkZhbHNlIiBSZXNwb25zZVRpbWVHb2FsPSIwIiBFbmNvZGluZz0idXRmLTgiIEV4cGVjdGVkSHR0cFN0YXR1c0NvZGU9IjAiIEV4cGVjdGVkUmVzcG9uc2VVcmw9Imh0dHA6Ly9pbjAxYXB2MTE6ODEvZW4vbXlwcmVmZXJlbmNlcy5hc3B4IiBSZXBvcnRpbmdOYW1lPSIiIElnbm9yZUh0dHBTdGF0dXNDb2RlPSJGYWxzZSI+DQogICAgICA8SGVhZGVycz4NCiAgICAgICAgPEhlYWRlciBOYW1lPSJSZWZlcmVyIiBWYWx1ZT0iaHR0cDovL2luMDFhcHYxMTo4MS9lbi9kYXNoYm9hcmQuYXNweCIgLz4NCiAgICAgIDwvSGVhZGVycz4NCiAgICAgIDxGb3JtUG9zdEh0dHBCb2R5Pg0KICAgICAgICA8Rm9ybVBvc3RQYXJhbWV0ZXIgTmFtZT0iX19FVkVOVFRBUkdFVCIgVmFsdWU9Int7JEhJRERFTjEuX19FVkVOVFRBUkdFVH19IiBSZWNvcmRlZFZhbHVlPSJjdGwwMCRjdGwwMCRjdGwwMCRDb250ZW50UGxhY2VIb2xkZXJEZWZhdWx0JFRvcExvZ2dlZEluXzEkbG5iVG9wTG9nZ2VkSW5NeVByZWZlcmVuY2VzIiBDb3JyZWxhdGlvbkJpbmRpbmc9IiIgVXJsRW5jb2RlPSJUcnVlIiAvPg0KICAgICAgICA8Rm9ybVBvc3RQYXJhbWV0ZXIgTmFtZT0iX19FVkVOVEFSR1VNRU5UIiBWYWx1ZT0ie3skSElEREVOMS5fX0VWRU5UQVJHVU1FTlR9fSIgUmVjb3JkZWRWYWx1ZT0iIiBDb3JyZWxhdGlvbkJpbmRpbmc9IiIgVXJsRW5jb2RlPSJUcnVlIiAvPg0KICAgICAgICA8Rm9ybVBvc3RQYXJhbWV0ZXIgTmFtZT0iX19WSUVXU1RBVEUiIFZhbHVlPSJ7eyRISURERU4xLl9fVklFV1NUQVRFfX0iIFJlY29yZGVkVmFsdWU9Ii93RVBEd1VFTlRNNE1ROWtGZ0ptRDJRV0FtWVBaQllDWmc5a0ZnSm1EMlFXQWdJRER4WUdIZ1p2Ym14dllXUUZQMmxtS0hSNWNHVnZaaUJQYmtKaFkydENkWFIwYjI1RGJHbGpheUE5UFNBaVpuVnVZM1JwYjI0aUtTQlBia0poWTJ0Q2RYUjBiMjVEYkdsamF5Z3BPeDRLYjI1d1lXZGxjMmh2ZHdWVGFXWWdLR1YyWlc1MExuQmxjbk5wYzNSbFpDQW1KaUIwZVhCbGIyWWdUMjVDWVdOclFuVjBkRzl1UTJ4cFkyc2dQVDBnSW1aMWJtTjBhVzl1SWlrZ1QyNUNZV05yUW5WMGRHOXVRMnhwWTJzb0tUc2VDRzl1ZFc1c2IyRmtaUllDQWdFUVpHUVdDZ0lJRDJRV0FtWVBaQllTQWdJUEZRRlhRMjl1ZEdWdWRGQnNZV05sU0c5c1pHVnlSR1ZtWVhWc2RGOVViM0JNYjJkblpXUkpibDh4WDNCdWJFUnlZV2RoWW14bFYybHVaRzkzUTI5dWRHVnVkRjlKYm14cGJtVk5aWE56WVdkbFEyOXVkR0ZwYm1WeVpBSUREMlFXQWdJQkR3OFdBaDRFVkdWNGRBVUdURzluYjNWMFpHUUNCUThQRmdJZUIxWnBjMmxpYkdWblpCWUNBZ0VQRHhZR0hndE9ZWFpwWjJGMFpWVnliQVVVZmk5aFpHMXBiaTkzWld4amIyMWxMbUZ6Y0hnZkF3VU9RV1J0YVc1cGMzUnlZWFJwYjI0ZkJHZGtaQUlIRHc4V0FoOEVaMlFXQmdJQkR4WUNId01GQlVobGJHeHZaQUlERHhZQ0h3TUZGWEJ1ZEdWemRHWXdNREVnY0c1MFpYTjBiREF3TVdRQ0JROFdBaDRKYVc1dVpYSm9kRzFzQlExQlkyTnZkVzUwSUVsRUlEb2daQUlKRDJRV0NBSUJEeFlDSHdNRkF5b3FLbVFDQXc4UEZnSWZBMlZrWkFJRkR3OFdBaDhEQlJFb1ltVmpiMjFsSUhsdmRYSnpaV3htS1dSa0FnY1BGZ0lmQXdVREtpb3FaQUlORHc4V0FoOEVaMlFXQWdJQkR3OFdCQjhEQlF4TmVTQkVZWE5vWW05aGNtUWZCR2RrWkFJUER3OFdBaDhFWjJRV0FnSUJEdzhXQ0I0SVEzTnpRMnhoYzNNRkRXVm1RMjlzYjNKUGNtRnVaMlVmQXdVSlRYa2dUM0prWlhKekhnUmZJVk5DQWdJZkJHZGtaQUlSRHc4V0FoOEVaMlFXQWdJQkR3OFdCQjhEQlF4TmVTQkJaR1J5WlhOelpYTWZCR2RrWkFJVER3OFdBaDhFWjJRV0FnSUJEdzhXQkI4REJRNU5lU0JRY21WbVpYSmxibU5sY3g4RVoyUmtBZ29QWkJZQ1pnOFBGZ0lmQkdoa0ZnWUNBdzhQRmdJZkJRVWpMMlZ1TDJOb1pXTnJiM1YwTDNOMFpYQXhMbUZ6Y0hnL2JtOWtaVWxrUFRFeE16WmtaQUlGRHc5a0ZnSWVCR2h5WldZRkFTTmtBZ2tQRDJRV0FoNEZkR2wwYkdVRkJVeHZaMmx1RmdnQ0FROFBGZ1lmQXdVR1JXMWhhV3c2SHdjRkZ5QnlaWEYxYVhKbFpFWnBaV3hrUTJoaGNtRmpkR1Z5SHdnQ0FtUmtBZ2tQRHhZR0h3TUZBM3N3ZlI4SEJSY2djbVZ4ZFdseVpXUkdhV1ZzWkVOb1lYSmhZM1JsY2g4SUFnSmtaQUlSRHc4V0FoOEZCUmN2Wlc0dlptOXlaMjkwY0dGemMzZHZjbVF1WVhOd2VHUmtBaE1QRHhZQ0h3VUZJeTlsYmk5amFHVmphMjkxZEM5emRHVndNUzVoYzNCNFAyNXZaR1ZKWkQweE1UTTJaR1FDREE5a0ZnSm1EMlFXREFJSUR3OFdCQjhIQlExallYSjBMV2xqYjI1R2RXeHNId2dDQW1RV0FnSUJEdzhXQWg4RkJRMHZaVzR2WTJGeWRDNWhjM0I0WkdRQ0NnOFdBaDhEQlFrNElFbDBaVzBvY3lsa0Fnd1BGZ0lmQXdVTU55NDVNellzTURBZzRvS3NaQUlPRHc4V0FoOEVaMlFXQ0FJQkQyUVdBZ0lCRHhZQ0h3TUZFRXhoYzNRZ1lXUmtaV1FnYVhSbGJYTmtBZ01QRmdJZkJnWGJEVHhrYVhZZ1kyeGhjM005SjJ4bFpuUW5QamsyZDJWc2JDQkJaMkZ5SUZCc1lYUmxQQzlrYVhZK1BHUnBkaUJqYkdGemN6MG5jbWxuYUhRblBqeGhJR2h5WldZOUp5TW5JRzl1WTJ4cFkyczlKMU5vYjNkRWFXRnNiMmNvSWp4d1BrUnZJSGx2ZFNCeVpXRnNiSGtnZDJGdWRDQjBieUJrWld4bGRHVWdkR2hwY3lCcGRHVnRLSE1wUHp3dmNENGlMSHNpUkdsaGJHOW5RMnhoYzNNaU9pSWlMQ0pJWldsbmFIUWlPaUpoZFhSdklpd2lUVzlrWVd3aU9uUnlkV1VzSWxCdmMybDBhVzl1SWpvaVkyVnVkR1Z5SWl3aVYybGtkR2dpT2lJek1EQWlMQ0pEYkc5ellXSnNaU0k2ZEhKMVpTd2lWR2wwYkdVaU9pSkVaV3hsZEdVaUxDSkNkWFIwYjI0eFZHVjRkQ0k2SWxsbGN5SXNJa0oxZEhSdmJqSlVaWGgwSWpvaVRtOGlMQ0pDZFhSMGIyNHhRMkZzYkdKaFkyc2lPaUpFWld4bGRHVlBjbVJsY2tsMFpXMGlMQ0pDZFhSMGIyNHlRMkZzYkdKaFkyc2lPbTUxYkd3c0lrSjFkSFJ2YmpGRFlXeHNZbUZqYTFCaGNtRnRaWFJsY25NaU9pSjdYQ0pKWkZ3aU9qTTJNalExTW4waUxDSkNkWFIwYjI0eVEyRnNiR0poWTJ0UVlYSmhiV1YwWlhKeklqcHVkV3hzTENKU1pYTnBlbUZpYkdVaU9tWmhiSE5sTENKRWNtRm5aMkZpYkdVaU9tWmhiSE5sTENKQmRYUnZUM0JsYmlJNlptRnNjMlVzSWtGd2NHVnVaRlJ2SWpvaVltOWtlU0lzSWsxaGVFaGxhV2RvZENJNk5EQXdMQ0pOWVhoWGFXUjBhQ0k2TXpBd0xDSk5hVzVJWldsbmFIUWlPakUxTUN3aVRXbHVWMmxrZEdnaU9qRTFNSDBwT3ljK2VEd3ZZVDQ4TDJScGRqNE5DanhrYVhZZ1kyeGhjM005SjJ4bFpuUW5QamsyZDJWc2JDQkJaMkZ5SUZCc1lYUmxQQzlrYVhZK1BHUnBkaUJqYkdGemN6MG5jbWxuYUhRblBqeGhJR2h5WldZOUp5TW5JRzl1WTJ4cFkyczlKMU5vYjNkRWFXRnNiMmNvSWp4d1BrUnZJSGx2ZFNCeVpXRnNiSGtnZDJGdWRDQjBieUJrWld4bGRHVWdkR2hwY3lCcGRHVnRLSE1wUHp3dmNENGlMSHNpUkdsaGJHOW5RMnhoYzNNaU9pSWlMQ0pJWldsbmFIUWlPaUpoZFhSdklpd2lUVzlrWVd3aU9uUnlkV1VzSWxCdmMybDBhVzl1SWpvaVkyVnVkR1Z5SWl3aVYybGtkR2dpT2lJek1EQWlMQ0pEYkc5ellXSnNaU0k2ZEhKMVpTd2lWR2wwYkdVaU9pSkVaV3hsZEdVaUxDSkNkWFIwYjI0eFZHVjRkQ0k2SWxsbGN5SXNJa0oxZEhSdmJqSlVaWGgwSWpvaVRtOGlMQ0pDZFhSMGIyNHhRMkZzYkdKaFkyc2lPaUpFWld4bGRHVlBjbVJsY2tsMFpXMGlMQ0pDZFhSMGIyNHlRMkZzYkdKaFkyc2lPbTUxYkd3c0lrSjFkSFJ2YmpGRFlXeHNZbUZqYTFCaGNtRnRaWFJsY25NaU9pSjdYQ0pKWkZ3aU9qTTJNalExTUgwaUxDSkNkWFIwYjI0eVEyRnNiR0poWTJ0UVlYSmhiV1YwWlhKeklqcHVkV3hzTENKU1pYTnBlbUZpYkdVaU9tWmhiSE5sTENKRWNtRm5aMkZpYkdVaU9tWmhiSE5sTENKQmRYUnZUM0JsYmlJNlptRnNjMlVzSWtGd2NHVnVaRlJ2SWpvaVltOWtlU0lzSWsxaGVFaGxhV2RvZENJNk5EQXdMQ0pOWVhoWGFXUjBhQ0k2TXpBd0xDSk5hVzVJWldsbmFIUWlPakUxTUN3aVRXbHVWMmxrZEdnaU9qRTFNSDBwT3ljK2VEd3ZZVDQ4TDJScGRqNE5DanhrYVhZZ1kyeGhjM005SjJ4bFpuUW5QamsyZDJWc2JDQkJaMkZ5SUZCc1lYUmxQQzlrYVhZK1BHUnBkaUJqYkdGemN6MG5jbWxuYUhRblBqeGhJR2h5WldZOUp5TW5JRzl1WTJ4cFkyczlKMU5vYjNkRWFXRnNiMmNvSWp4d1BrUnZJSGx2ZFNCeVpXRnNiSGtnZDJGdWRDQjBieUJrWld4bGRHVWdkR2hwY3lCcGRHVnRLSE1wUHp3dmNENGlMSHNpUkdsaGJHOW5RMnhoYzNNaU9pSWlMQ0pJWldsbmFIUWlPaUpoZFhSdklpd2lUVzlrWVd3aU9uUnlkV1VzSWxCdmMybDBhVzl1SWpvaVkyVnVkR1Z5SWl3aVYybGtkR2dpT2lJek1EQWlMQ0pEYkc5ellXSnNaU0k2ZEhKMVpTd2lWR2wwYkdVaU9pSkVaV3hsZEdVaUxDSkNkWFIwYjI0eFZHVjRkQ0k2SWxsbGN5SXNJa0oxZEhSdmJqSlVaWGgwSWpvaVRtOGlMQ0pDZFhSMGIyNHhRMkZzYkdKaFkyc2lPaUpFWld4bGRHVlBjbVJsY2tsMFpXMGlMQ0pDZFhSMGIyNHlRMkZzYkdKaFkyc2lPbTUxYkd3c0lrSjFkSFJ2YmpGRFlXeHNZbUZqYTFCaGNtRnRaWFJsY25NaU9pSjdYQ0pKWkZ3aU9qTTJNalEwT1gwaUxDSkNkWFIwYjI0eVEyRnNiR0poWTJ0UVlYSmhiV1YwWlhKeklqcHVkV3hzTENKU1pYTnBlbUZpYkdVaU9tWmhiSE5sTENKRWNtRm5aMkZpYkdVaU9tWmhiSE5sTENKQmRYUnZUM0JsYmlJNlptRnNjMlVzSWtGd2NHVnVaRlJ2SWpvaVltOWtlU0lzSWsxaGVFaGxhV2RvZENJNk5EQXdMQ0pOWVhoWGFXUjBhQ0k2TXpBd0xDSk5hVzVJWldsbmFIUWlPakUxTUN3aVRXbHVWMmxrZEdnaU9qRTFNSDBwT3ljK2VEd3ZZVDQ4TDJScGRqNE5DbVFDQlE4UEZnUWZCUVVOTDJWdUwyTmhjblF1WVhOd2VCOERCUVJEWVhKMFpHUUNCdzhQRmdZZkF3VUlRMmhsWTJ0dmRYUWVCMFZ1WVdKc1pXUm5Id1JuRmdJZUIwOXVRMnhwWTJzRmx5eHlaWFIxY200Z1ZtRnNhV1JoZEdWSmRHVnRjMVJ2UTJobFkydFBkWFJQY2xGMWIzUmxLSHNpUTJ4dmMyVkNkWFIwYjI1VVpYaDBJam9pUTJ4dmMyVWlMQ0pCYkdWeWRFMWxjM05oWjJWVWFYUnNaU0k2SWtGc1pYSjBJRTFsYzNOaFoyVWlMQ0pEYUdWamEyOTFkRk4wWVhSbFJXNTFiU0k2ZXlKSmJuWmhiR2xrSWpvaVNXNTJZV3hwWkNJc0lsRjFiM1JoWW14bFQyNXNlU0k2SWxGMWIzUmhZbXhsVDI1c2VTSXNJazl5WkdWeVlXSnNaVTl1YkhraU9pSlBjbVJsY21GaWJHVlBibXg1SWl3aVQzSmtaWEpoWW14bFFXNWtVWFZ2ZEdGaWJHVWlPaUpQY21SbGNtRmliR1ZCYm1SUmRXOTBZV0pzWlNJc0lrNXZkRTl5WkdWeVlXSnNaVUZ1WkZGMWIzUmhZbXhsSWpvaVRtOTBUM0prWlhKaFlteGxRVzVrVVhWdmRHRmliR1VpTENKT2IzUlBjbVJsY21GaWJHVkJibVJSZFc5MFlXSnNaVmRwZEdoSmJuWmhiR2xrSWpvaVRtOTBUM0prWlhKaFlteGxRVzVrVVhWdmRHRmliR1ZYYVhSb1NXNTJZV3hwWkNJc0lrWmxkMDl5WkdWeVlXSnNaVTl1YkhraU9pSkdaWGRQY21SbGNtRmliR1ZQYm14NUlpd2lSbVYzVDNKa1pYSmhZbXhsUVc1a1JtVjNVWFZ2ZEdGaWJHVWlPaUpHWlhkUGNtUmxjbUZpYkdWQmJtUkdaWGRSZFc5MFlXSnNaU0lzSWtabGQxRjFiM1JoWW14bFQyNXNlVmRwZEdoSmJuWmhiR2xrSWpvaVJtVjNVWFZ2ZEdGaWJHVlBibXg1VjJsMGFFbHVkbUZzYVdRaUxDSkdaWGRQY21SbGNtRmliR1ZQYm14NVYybDBhRWx1ZG1Gc2FXUWlPaUpHWlhkUGNtUmxjbUZpYkdWUGJteDVWMmwwYUVsdWRtRnNhV1FpTENKR1pYZFBjbVJsY21GaWJHVkJibVJHWlhkUmRXOTBZV0pzWlZkcGRHaEpiblpoYkdsa0lqb2lSbVYzVDNKa1pYSmhZbXhsUVc1a1JtVjNVWFZ2ZEdGaWJHVlhhWFJvU1c1MllXeHBaQ0lzSWtabGQwOXlaR1Z5WVdKc1pVRnVaRUZzYkZGMWIzUmhZbXhsSWpvaVJtVjNUM0prWlhKaFlteGxRVzVrUVd4c1VYVnZkR0ZpYkdVaUxDSkJiR3hQY21SbGNtRmliR1ZCYm1SR1pYZFJkVzkwWVdKc1pTSTZJa0ZzYkU5eVpHVnlZV0pzWlVGdVpFWmxkMUYxYjNSaFlteGxJbjBzSWtsMFpXMVRkR0YwWlVWdWRXMGlPbnNpU1c1MllXeHBaQ0k2SWtsdWRtRnNhV1FpTENKUmRXOTBZV0pzWlU5dWJIa2lPaUpSZFc5MFlXSnNaVTl1YkhraUxDSlBjbVJsY21GaWJHVlBibXg1SWpvaVQzSmtaWEpoWW14bFQyNXNlU0lzSWs5eVpHVnlZV0pzWlVGdVpGRjFiM1JoWW14bElqb2lUM0prWlhKaFlteGxRVzVrVVhWdmRHRmliR1VpTENKT2IzUlBjbVJsY21GaWJHVkJibVJSZFc5MFlXSnNaU0k2SWs1dmRFOXlaR1Z5WVdKc1pVRnVaRkYxYjNSaFlteGxJaXdpVG05MFQzSmtaWEpoWW14bFFXNWtVWFZ2ZEdGaWJHVlhhWFJvU1c1MllXeHBaQ0k2SWs1dmRFOXlaR1Z5WVdKc1pVRnVaRkYxYjNSaFlteGxWMmwwYUVsdWRtRnNhV1FpTENKR1pYZFBjbVJsY21GaWJHVlBibXg1SWpvaVJtVjNUM0prWlhKaFlteGxUMjVzZVNJc0lrWmxkMDl5WkdWeVlXSnNaVUZ1WkVabGQxRjFiM1JoWW14bElqb2lSbVYzVDNKa1pYSmhZbXhsUVc1a1JtVjNVWFZ2ZEdGaWJHVWlMQ0pHWlhkUmRXOTBZV0pzWlU5dWJIbFhhWFJvU1c1MllXeHBaQ0k2SWtabGQxRjFiM1JoWW14bFQyNXNlVmRwZEdoSmJuWmhiR2xrSWl3aVJtVjNUM0prWlhKaFlteGxUMjVzZVZkcGRHaEpiblpoYkdsa0lqb2lSbVYzVDNKa1pYSmhZbXhsVDI1c2VWZHBkR2hKYm5aaGJHbGtJaXdpUm1WM1QzSmtaWEpoWW14bFFXNWtSbVYzVVhWdmRHRmliR1ZYYVhSb1NXNTJZV3hwWkNJNklrWmxkMDl5WkdWeVlXSnNaVUZ1WkVabGQxRjFiM1JoWW14bFYybDBhRWx1ZG1Gc2FXUWlMQ0pHWlhkUGNtUmxjbUZpYkdWQmJtUkJiR3hSZFc5MFlXSnNaU0k2SWtabGQwOXlaR1Z5WVdKc1pVRnVaRUZzYkZGMWIzUmhZbXhsSWl3aVFXeHNUM0prWlhKaFlteGxRVzVrUm1WM1VYVnZkR0ZpYkdVaU9pSkJiR3hQY21SbGNtRmliR1ZCYm1SR1pYZFJkVzkwWVdKc1pTSjlMQ0pvWkc1R2FXVnNaRk5sYkdWamRHVmtUM0prWlhKSmRHVnRRMmhsWTJ0dmRYUlRkR0YwWlhORGJHbGxiblJKWkNJNklrTnZiblJsYm5SUWJHRmpaVWh2YkdSbGNrUmxabUYxYkhSZlEyRnlkRTkyWlhKMmFXVjNYek5mYUdSdVJtbGxiR1JUWld4bFkzUmxaRTl5WkdWeVNYUmxiVU5vWldOcmIzVjBVM1JoZEdWeklpd2lhR1J1Um1sbGJHUlRaV3hsWTNSbFpFbDBaVzFKWkhORGJHbGxiblJKWkNJNklrTnZiblJsYm5SUWJHRmpaVWh2YkdSbGNrUmxabUYxYkhSZlEyRnlkRTkyWlhKMmFXVjNYek5mYUdSdVJtbGxiR1JUWld4bFkzUmxaRWwwWlcxSlpITWlMQ0pQY21SbGNsTmxiR1ZqZEdWa1VISnZaSFZqZEhNaU9qRXNJa052Ym1acGNtMWhkR2x2YmxScGRHeGxVbVZ6YjNWeVkyVWlPaUpEYjI1bWFYSnRZWFJwYjI0aUxDSlFjbTlqWldWa1FuVjBkRzl1VkdWNGRDSTZJbEJ5YjJObFpXUWlMQ0pRY205alpXVmtRblYwZEc5dVEyRnNiR0poWTJzaU9pSldZV3hwWkdGMFpVbDBaVzF6Vkc5RGFHVmphMDkxZEU5eVVYVnZkR1VpTENKSmJuWmhiR2xrU1hSbGJYTlRaV3hsWTNSbFpFWnZja05vWldOcmIzVjBVbVZ6YjNWeVkyVWlPaUpVYUdWeVpTQmhjbVVnYzI5dFpTQnBiblpoYkdsa0lHbDBaVzF6SUdOb2IzTmxiaUJtYjNJZ1kyaGxZMnR2ZFhRaUxDSk9iMDl5WkdWeVlXSnNaVWwwWlcxelUyVnNaV04wWldSR2IzSkRhR1ZqYTI5MWRGSmxjMjkxY21ObElqb2lUbThnZG1Gc2FXUWdiM0prWlhKaFlteGxJR2wwWlcxeklHRnlaU0JqYUc5elpXNGdabTl5SUc5eVpHVnlJSEJ5YjJObGMzTWlMQ0pPYjFGMWIzUmhZbXhsU1hSbGJYTlRaV3hsWTNSbFpFWnZja05vWldOcmIzVjBVbVZ6YjNWeVkyVWlPaUpPYnlCMllXeHBaQ0J4ZFc5MFlXSnNaU0JwZEdWdGN5QmhjbVVnWTJodmMyVnVJR1p2Y2lCeGRXOTBaU0J3Y205alpYTnpJaXdpVDNKa1pYSmhZbXhsUVc1a1RtOXVUM0prWlhKaFlteGxTWFJsYlhOVFpXeGxZM1JsWkVadmNrTm9aV05yYjNWMFVtVnpiM1Z5WTJVaU9pSlpiM1VnWTJGdUlHVnBkR2hsY2lBbmNISnZZMlZsWkNjZ2QybDBhQ0J2Y21SbGNpQndjbTlqWlhOeklHOW1JSFJvWlNCdmNtUmxjbUZpYkdVZ2FYUmxiWE1nYjNJZ1pXUnBkQ0IwYUdVZ2JtOXVMVzl5WkdWeVlXSnNaU0JwZEdWdGN5SXNJbEYxYjNSaFlteGxRVzVrVG05dVVYVnZkR0ZpYkdWSmRHVnRjMU5sYkdWamRHVmtSbTl5UTJobFkydHZkWFJTWlhOdmRYSmpaU0k2SWxsdmRTQmpZVzRnWldsMGFHVnlJQ2R3Y205alpXVmtKeUIzYVhSb0lIRjFiM1JsSUhCeWIyTmxjM01nYjJZZ2RHaGxJSEYxYjNSaFlteGxJR2wwWlcxeklHOXlJR1ZrYVhRZ2RHaGxJRzV2YmkxeGRXOTBZV0pzWlNCcGRHVnRjeUlzSWxGMWIzUmxVMlZzWldOMFpXUlFjbTlrZFdOMGN5STZNaXdpVG05SmRHVnRjMU5sYkdWamRHVmtJam9pVG04Z1NYUmxiWE1nVTJWc1pXTjBaV1F1SUZCc1pXRnpaU0JqYUc5dmMyVWdiMjVsSUNodmNpa2diVzl5WlNCcGRHVnRjeUIwYnlCd1pYSm1iM0p0SUhSb1pTQmhZM1JwYjI0dUlpd2lRMkZ5ZEVGamRHbHZia1JsYkdWMFpWTmxiR1ZqZEdWa1VISnZaSFZqZEhNaU9qVXNJbGRwYzJoTWFYTjBRV04wYVc5dWMwUmxiR1YwWlZObGJHVmpkR1ZrVUhKdlpIVmpkSE1pT2pJc0lrUmxiR1YwWlVOdmJtWnBjbTFoZEdsdmJrMWxjM05oWjJWU1pYTnZkWEpqWlNJNklqeHdQa1J2SUhsdmRTQnlaV0ZzYkhrZ2QyRnVkQ0IwYnlCa1pXeGxkR1VnZEdocGN5QnBkR1Z0S0hNcFB6d3ZjRDRpTENKRVpXeGxkR1ZEYjI1bWFYSnRZWFJwYjI1T2IwSjFkSFJ2YmxKbGMyOTFjbU5sSWpvaVRtOGlMQ0pFWld4bGRHVkRiMjVtYVhKdFlYUnBiMjVaWlhOQ2RYUjBiMjVTWlhOdmRYSmpaU0k2SWxsbGN5SXNJa1JsYkdWMFpVTnZibVpwY20xaGRHbHZia2hsWVdSbGNsUmxlSFJTWlhOdmRYSmpaU0k2SWtSbGJHVjBaU0lzSWtOaGNuUkJZM1JwYjI0aU9qRXNJa05vWldOcmIzVjBRblYwZEc5dVUyTnlhWEIwSWpwdWRXeHNMQ0pEYUdWamEyOTFkRk5sY1hWbGJtTnBibWRCYm1SUWNtbHRaWEpRYjNCMWNFMWxjM05oWjJWSVpXRmtaWElpT2lJaUxDSkRhR1ZqYTI5MWRGTmxjWFZsYm1OcGJtZEJibVJRY21sdFpYSlFiM0IxY0UxbGMzTmhaMlZJWldGa1pYSkpibVp2Y20xaGRHbHZiaUk2SWtsMElHbHpJRzV2ZENCd2IzTnphV0pzWlNCMGJ5QmphR1ZqYTI5MWRDQXZJSEYxYjNSbElITmxjWFZsYm1OcGJtY2djbVZoWTNScGIyNXpJSGRwZEdodmRYUWdjSEpwYldWeWN5QjNhR2xqYUNCaGNtVWdZWE56YjJOcFlYUmxaQ0IwYnlCelpXeGxZM1JsWkNCelpYRjFaVzVqYVc1bklHbDBaVzF6SUdsdUlIUm9hWE1nYjNKa1pYSTZJRHd2WW5JK1BDOWljajRpTENKRGFHVmphMjkxZEZObGNYVmxibU5wYm1kQmJtUlFjbWx0WlhKUWIzQjFjRTFsYzNOaFoyVkdiMjkwWlhKSmJtWnZjbTFoZEdsdmJpSTZJaUlzSWtOb1pXTnJiM1YwVTJWeGRXVnVZMmx1WjBGdVpGQnlhVzFsY2xCdmNIVndUV1Z6YzJGblpVTnNiM05sUW5WMGRHOXVWR1Y0ZENJNklpSXNJa05vWldOcmIzVjBVMlZ4ZFdWdVkybHVaMEZ1WkZCeWFXMWxjbEJ2Y0hWd1JtOXliV0YwVFdWemMyRm5aU0k2SWlJc0lrTm9aV05yYjNWMFVISnBiV1Z5UVd4dmJtVlFiM0IxY0UxbGMzTmhaMlZEYkc5elpVSjFkSFJ2YmxSbGVIUWlPaUlpTENKRGFHVmphMjkxZEZCeWFXMWxja0ZzYjI1bFVHOXdkWEJOWlhOellXZGxJam9pVUhKcGJXVnlJR0ZzYjI1bElHTmhibTV2ZENCaVpTQmphR1ZqYTJWa0lHOTFkQzRnVUd4bFlYTmxJSE5sYkdWamRDQmhkR3hsWVhOMElHOXVaU0JoYzNOdlkybGhkR1ZrSUhObGNYVmxibU5wYm1jZ1NYUmxiUzRpTENKRGFHVmphMjkxZEZCeWFXMWxja0ZzYjI1bFVHOXdkWEJOWlhOellXZGxTR1ZoWkdWeUlqb2lVR3hsWVhObElFNXZkR1VpTENKQ1lYSkRiMlJsVm1Gc2FXUmhkR2x2YmxCdmNIVndRMnh2YzJWQ2RYUjBiMjVVWlhoMElqb2lUMnNpTENKQ1lYSkRiMlJsVm1Gc2FXUmhkR2x2YmxCdmNIVndUV1Z6YzJGblpTSTZJa0poY21OdlpHVWdabTl5SUZObGJHVmpkR1ZrSUVsMFpXMGdhWE1nYVc1MllXeHBaQ0lzSWtKaGNrTnZaR1ZXWVd4cFpHRjBhVzl1VUc5d2RYQk5aWE56WVdkbFNHVmhaR1Z5SWpvaVVHeGxZWE5sSUU1dmRHVWlMQ0pUWVcxbFJHRjVSR1ZzYVhabGNubFdZV3hwWkdGMGFXOXVVRzl3ZFhCSGIwSmhZMnRDZFhSMGIyNVVaWGgwSWpvaVYyRnBkQ0IxYm5ScGJDQmhiR3dnVDNKa1pYSnpJR0Z5WlNCbWFXNXBjMmhsWkNCMGJ5QlRhR2x3SUc5dVkyVWlMQ0pUWVcxbFJHRjVSR1ZzYVhabGNubFdZV3hwWkdGMGFXOXVVRzl3ZFhCRGFHVmphMjkxZEVKMWRIUnZibFJsZUhRaU9pSkRhR1ZqYTI5MWRDQlRZVzFsSUVSaGVTQlBiR2xuYjNNZ1QyNXNlU0lzSWxOaGJXVkVZWGxFWld4cGRtVnllVlpoYkdsa1lYUnBiMjVRYjNCMWNFMWxjM05oWjJWSVpXRmtaWElpT2lKUWJHVmhjMlVnYzJWc1pXTjBJaXdpVTJGdFpVUmhlVVJsYkdsMlpYSjVWbUZzYVdSaGRHbHZibEJ2Y0hWd1RXVnpjMkZuWlVSbGMyTnlhWEIwYVc5dUlqb2lXVzkxY2lCallYSjBJR052Ym5SaGFXNXpJSE5oYldVZ1pHRjVJRzlzYVdkdmN5d2dkMmhwWTJnZ2JtVmxaQ0IwYnlCaVpTQmphR1ZqYTJWa0lHOTFkQ0J6WlhCbGNtRjBaV3g1SUdsdUlHOXlaR1Z5SUhSdklHVnVjM1Z5WlNCMGFHVWdabUZ6ZEdWemRDQmtaV3hwZG1WeWVTNGdWR2hsSUc5MGFHVnlJR2wwWlcxeklIZHBiR3dnWW1VZ2QyRnBkR2x1WnlCcGJpQjViM1Z5SUdOaGNuUWdkMmhsYmlCNWIzVWdjbVYwZFhKdUlHeGhkR1Z5TGlBOGMzQmhiaUJqYkdGemN6MWNJblJ2YjJ4MGFYQmZaR2xoYkc5blhDSWdkR2wwYkdVOVhDSkZlSEJzWVdsdUlHSjFkSFJ2YmlCa1pYTmpjbWx3ZEdsdmJpQm9aWEpsSUc5dWJIbGNJaUErUEM5emNHRnVQaUlzSWxKbGRYTmxaRWwwWlcxelZtRnNhV1JoZEdsdmJsQnZjSFZ3UTJ4dmMyVkNkWFIwYjI1VVpYaDBJam9pVDJzaUxDSlNaWFZ6WldSSmRHVnRjMVpoYkdsa1lYUnBiMjVRYjNCMWNFMWxjM05oWjJVaU9pSlBiM0J6SUNFZ1UyOXRaU0J2Y2lCaGJHd2diMllnYzJWc1pXTjBaV1FnY21WMWMyVmtJR2wwWlcwbmN5QnZjbWxuYVc1aGJDQmpiMjUwWVdsdVpYSnpJR0Z5WlNCbGVIQnBjbVZrTGlCWmIzVnlJR05oY25RZ2QybHNiQ0JpWlNCMWNHUmhkR1ZrSUdGMWRHOXRZWFJwWTJGc2JIa2dZVzVrSUdOaGNuUWdkMmxzYkNCaVpTQnlaV3h2WVdSbFpDNGdSWGh3YVhKbFpDQnBkR1Z0SUU1aGJXVnpJR0Z5WlNBdFBpSXNJbEpsZFhObFpFbDBaVzF6Vm1Gc2FXUmhkR2x2YmxCdmNIVndUV1Z6YzJGblpVaGxZV1JsY2lJNklsQnNaV0Z6WlNCT2IzUmxJaXdpUlhod2FYSmxaRkJ5YVcxbGNsQnZjSFZ3UTJ4dmMyVkNkWFIwYjI1VVpYaDBJam9pVDJzaUxDSkZlSEJwY21Wa1VISnBiV1Z5VUc5d2RYQk5aWE56WVdkbFZHVjRkQ0k2SWxCeWFXMWxjaUJwY3lCbGVIQnBjbVZrSUdadmNpQjBhR1VnYjI1bElHOW1JSFJvWlNCelpXeGxkR1ZrSUhObGNYVmxibU5wYm1jZ2FYUmxiUzRnY0d4bFlYTmxJSE5sYkdWamRDQmhibTkwYUdWeUlIQnlhVzFsY2lCdmNpQnZjbVJsY2lCdVpYY2djSEpwYldWeUxpSXNJa1Y0Y0dseVpXUlFjbWx0WlhKUWIzQjFjRTFsYzNOaFoyVklaV0ZrWlhKVVpYaDBJam9pVUd4bGMyVWdUbTkwWlNJc0lrTmhjblJRWVdkbFZWSk1Jam9pTDJWdUwyTmhjblF1WVhOd2VDSXNJazFwYm1sdGRXMVFiR0YwWlZOaGJYQnNaWE5RWlhKRGFHVmphMjkxZENJNk5EZ3NJbEJzWVhSbFUyRnRjR3hsUTI5MWJuUWlPbTUxYkd3c0lrbHpVMmx1WjJ4bFVHeGhkR1ZYYVhSb1ZtRnNhV1JUWVcxd2JHVkRiM1Z1ZENJNlptRnNjMlVzSWsxcGJsQnNZWFJsVTJGdGNHeGxjMUJ2Y0hWd1JtOXliV0YwVFdWemMyRm5aU0k2SWlJc0lrMXBibEJzWVhSbFUyRnRjR3hsYzFCdmNIVndSbTl5YldGMFRXVnpjMkZuWlVOc2IzTmxRblYwZEc5dVZHVjRkQ0k2SWlJc0lrMXBibEJzWVhSbFUyRnRjR3hsYzFCdmNIVndSbTl5YldGMFRXVnpjMkZuWlVobFlXUmxjaUk2SWlJc0lrMWhlR2x0ZFcxT2RXMWlaWEpQWmxCc1lYUmxjMUJsY2tOb1pXTnJiM1YwSWpvekxDSlFiR0YwWlhORGIzVnVkRVp2Y2tOMWNuSmxiblJQY21SbGNpSTZiblZzYkN3aVRXRjRhVzExYlZCc1lYUmxjMUJsY2tOb1pXTnJiM1YwVUc5d2RYQkdiM0p0WVhSTlpYTnpZV2RsSWpvaVRXRjRhVzExYlNBeklIQnNZWFJsY3lCaGNtVWdaV3hwWjJsaWJHVWdkRzhnWTJobFkydHZkWFFnY0dWeUlHOXlaR1Z5SUdadmNpQndiR0YwWlNCelpYRjFaVzVqYVc1bklHbDBaVzF6TGlCUWJHVmhjMlVnYlc5a2FXWjVJSGx2ZFhJZ2MyVnNaV04wYVc5dUlHRmpZMjl5WkdsdVoyeDVMaUlzSWsxaGVHbHRkVzFRYkdGMFpYTlFaWEpEYUdWamEyOTFkRkJ2Y0hWd1JtOXliV0YwVFdWemMyRm5aVU5zYjNObFFuVjBkRzl1VkdWNGRDSTZJazlySWl3aVRXRjRhVzExYlZCc1lYUmxjMUJsY2tOb1pXTnJiM1YwUm05eWJXRjBUV1Z6YzJGblpVaGxZV1JsY2lJNklsQnNaV0Z6WlNCT2IzUmxJaXdpVUc5emRFSmhZMnRGYkdWdFpXNTBWVzVwY1hWbFNXUWlPaUpqZEd3d01DUmpkR3d3TUNSamRHd3dNQ1JEYjI1MFpXNTBVR3hoWTJWSWIyeGtaWEpFWldaaGRXeDBKRU5oY25SUGRtVnlkbWxsZDE4ekpHeHVhME5vWldOcmIzVjBJaXdpUlhabGJuUkJjbWQxYldWdWRDSTZJaUo5TENCMGFHbHpLVHRrQWhBUER4WUVId1VGRFM5bGJpOWpZWEowTG1GemNIZ2ZBd1VFUTJGeWRHUmtBaElQRHhZQ0h3TUZDRU5vWldOcmIzVjBGZ0lmREFXWExISmxkSFZ5YmlCV1lXeHBaR0YwWlVsMFpXMXpWRzlEYUdWamEwOTFkRTl5VVhWdmRHVW9leUpEYkc5elpVSjFkSFJ2YmxSbGVIUWlPaUpEYkc5elpTSXNJa0ZzWlhKMFRXVnpjMkZuWlZScGRHeGxJam9pUVd4bGNuUWdUV1Z6YzJGblpTSXNJa05vWldOcmIzVjBVM1JoZEdWRmJuVnRJanA3SWtsdWRtRnNhV1FpT2lKSmJuWmhiR2xrSWl3aVVYVnZkR0ZpYkdWUGJteDVJam9pVVhWdmRHRmliR1ZQYm14NUlpd2lUM0prWlhKaFlteGxUMjVzZVNJNklrOXlaR1Z5WVdKc1pVOXViSGtpTENKUGNtUmxjbUZpYkdWQmJtUlJkVzkwWVdKc1pTSTZJazl5WkdWeVlXSnNaVUZ1WkZGMWIzUmhZbXhsSWl3aVRtOTBUM0prWlhKaFlteGxRVzVrVVhWdmRHRmliR1VpT2lKT2IzUlBjbVJsY21GaWJHVkJibVJSZFc5MFlXSnNaU0lzSWs1dmRFOXlaR1Z5WVdKc1pVRnVaRkYxYjNSaFlteGxWMmwwYUVsdWRtRnNhV1FpT2lKT2IzUlBjbVJsY21GaWJHVkJibVJSZFc5MFlXSnNaVmRwZEdoSmJuWmhiR2xrSWl3aVJtVjNUM0prWlhKaFlteGxUMjVzZVNJNklrWmxkMDl5WkdWeVlXSnNaVTl1YkhraUxDSkdaWGRQY21SbGNtRmliR1ZCYm1SR1pYZFJkVzkwWVdKc1pTSTZJa1psZDA5eVpHVnlZV0pzWlVGdVpFWmxkMUYxYjNSaFlteGxJaXdpUm1WM1VYVnZkR0ZpYkdWUGJteDVWMmwwYUVsdWRtRnNhV1FpT2lKR1pYZFJkVzkwWVdKc1pVOXViSGxYYVhSb1NXNTJZV3hwWkNJc0lrWmxkMDl5WkdWeVlXSnNaVTl1YkhsWGFYUm9TVzUyWVd4cFpDSTZJa1psZDA5eVpHVnlZV0pzWlU5dWJIbFhhWFJvU1c1MllXeHBaQ0lzSWtabGQwOXlaR1Z5WVdKc1pVRnVaRVpsZDFGMWIzUmhZbXhsVjJsMGFFbHVkbUZzYVdRaU9pSkdaWGRQY21SbGNtRmliR1ZCYm1SR1pYZFJkVzkwWVdKc1pWZHBkR2hKYm5aaGJHbGtJaXdpUm1WM1QzSmtaWEpoWW14bFFXNWtRV3hzVVhWdmRHRmliR1VpT2lKR1pYZFBjbVJsY21GaWJHVkJibVJCYkd4UmRXOTBZV0pzWlNJc0lrRnNiRTl5WkdWeVlXSnNaVUZ1WkVabGQxRjFiM1JoWW14bElqb2lRV3hzVDNKa1pYSmhZbXhsUVc1a1JtVjNVWFZ2ZEdGaWJHVWlmU3dpU1hSbGJWTjBZWFJsUlc1MWJTSTZleUpKYm5aaGJHbGtJam9pU1c1MllXeHBaQ0lzSWxGMWIzUmhZbXhsVDI1c2VTSTZJbEYxYjNSaFlteGxUMjVzZVNJc0lrOXlaR1Z5WVdKc1pVOXViSGtpT2lKUGNtUmxjbUZpYkdWUGJteDVJaXdpVDNKa1pYSmhZbXhsUVc1a1VYVnZkR0ZpYkdVaU9pSlBjbVJsY21GaWJHVkJibVJSZFc5MFlXSnNaU0lzSWs1dmRFOXlaR1Z5WVdKc1pVRnVaRkYxYjNSaFlteGxJam9pVG05MFQzSmtaWEpoWW14bFFXNWtVWFZ2ZEdGaWJHVWlMQ0pPYjNSUGNtUmxjbUZpYkdWQmJtUlJkVzkwWVdKc1pWZHBkR2hKYm5aaGJHbGtJam9pVG05MFQzSmtaWEpoWW14bFFXNWtVWFZ2ZEdGaWJHVlhhWFJvU1c1MllXeHBaQ0lzSWtabGQwOXlaR1Z5WVdKc1pVOXViSGtpT2lKR1pYZFBjbVJsY21GaWJHVlBibXg1SWl3aVJtVjNUM0prWlhKaFlteGxRVzVrUm1WM1VYVnZkR0ZpYkdVaU9pSkdaWGRQY21SbGNtRmliR1ZCYm1SR1pYZFJkVzkwWVdKc1pTSXNJa1psZDFGMWIzUmhZbXhsVDI1c2VWZHBkR2hKYm5aaGJHbGtJam9pUm1WM1VYVnZkR0ZpYkdWUGJteDVWMmwwYUVsdWRtRnNhV1FpTENKR1pYZFBjbVJsY21GaWJHVlBibXg1VjJsMGFFbHVkbUZzYVdRaU9pSkdaWGRQY21SbGNtRmliR1ZQYm14NVYybDBhRWx1ZG1Gc2FXUWlMQ0pHWlhkUGNtUmxjbUZpYkdWQmJtUkdaWGRSZFc5MFlXSnNaVmRwZEdoSmJuWmhiR2xrSWpvaVJtVjNUM0prWlhKaFlteGxRVzVrUm1WM1VYVnZkR0ZpYkdWWGFYUm9TVzUyWVd4cFpDSXNJa1psZDA5eVpHVnlZV0pzWlVGdVpFRnNiRkYxYjNSaFlteGxJam9pUm1WM1QzSmtaWEpoWW14bFFXNWtRV3hzVVhWdmRHRmliR1VpTENKQmJHeFBjbVJsY21GaWJHVkJibVJHWlhkUmRXOTBZV0pzWlNJNklrRnNiRTl5WkdWeVlXSnNaVUZ1WkVabGQxRjFiM1JoWW14bEluMHNJbWhrYmtacFpXeGtVMlZzWldOMFpXUlBjbVJsY2tsMFpXMURhR1ZqYTI5MWRGTjBZWFJsYzBOc2FXVnVkRWxrSWpvaVEyOXVkR1Z1ZEZCc1lXTmxTRzlzWkdWeVJHVm1ZWFZzZEY5RFlYSjBUM1psY25acFpYZGZNMTlvWkc1R2FXVnNaRk5sYkdWamRHVmtUM0prWlhKSmRHVnRRMmhsWTJ0dmRYUlRkR0YwWlhNaUxDSm9aRzVHYVdWc1pGTmxiR1ZqZEdWa1NYUmxiVWxrYzBOc2FXVnVkRWxrSWpvaVEyOXVkR1Z1ZEZCc1lXTmxTRzlzWkdWeVJHVm1ZWFZzZEY5RFlYSjBUM1psY25acFpYZGZNMTlvWkc1R2FXVnNaRk5sYkdWamRHVmtTWFJsYlVsa2N5SXNJazl5WkdWeVUyVnNaV04wWldSUWNtOWtkV04wY3lJNk1Td2lRMjl1Wm1seWJXRjBhVzl1VkdsMGJHVlNaWE52ZFhKalpTSTZJa052Ym1acGNtMWhkR2x2YmlJc0lsQnliMk5sWldSQ2RYUjBiMjVVWlhoMElqb2lVSEp2WTJWbFpDSXNJbEJ5YjJObFpXUkNkWFIwYjI1RFlXeHNZbUZqYXlJNklsWmhiR2xrWVhSbFNYUmxiWE5VYjBOb1pXTnJUM1YwVDNKUmRXOTBaU0lzSWtsdWRtRnNhV1JKZEdWdGMxTmxiR1ZqZEdWa1JtOXlRMmhsWTJ0dmRYUlNaWE52ZFhKalpTSTZJbFJvWlhKbElHRnlaU0J6YjIxbElHbHVkbUZzYVdRZ2FYUmxiWE1nWTJodmMyVnVJR1p2Y2lCamFHVmphMjkxZENJc0lrNXZUM0prWlhKaFlteGxTWFJsYlhOVFpXeGxZM1JsWkVadmNrTm9aV05yYjNWMFVtVnpiM1Z5WTJVaU9pSk9ieUIyWVd4cFpDQnZjbVJsY21GaWJHVWdhWFJsYlhNZ1lYSmxJR05vYjNObGJpQm1iM0lnYjNKa1pYSWdjSEp2WTJWemN5SXNJazV2VVhWdmRHRmliR1ZKZEdWdGMxTmxiR1ZqZEdWa1JtOXlRMmhsWTJ0dmRYUlNaWE52ZFhKalpTSTZJazV2SUhaaGJHbGtJSEYxYjNSaFlteGxJR2wwWlcxeklHRnlaU0JqYUc5elpXNGdabTl5SUhGMWIzUmxJSEJ5YjJObGMzTWlMQ0pQY21SbGNtRmliR1ZCYm1ST2IyNVBjbVJsY21GaWJHVkpkR1Z0YzFObGJHVmpkR1ZrUm05eVEyaGxZMnR2ZFhSU1pYTnZkWEpqWlNJNklsbHZkU0JqWVc0Z1pXbDBhR1Z5SUNkd2NtOWpaV1ZrSnlCM2FYUm9JRzl5WkdWeUlIQnliMk5sYzNNZ2IyWWdkR2hsSUc5eVpHVnlZV0pzWlNCcGRHVnRjeUJ2Y2lCbFpHbDBJSFJvWlNCdWIyNHRiM0prWlhKaFlteGxJR2wwWlcxeklpd2lVWFZ2ZEdGaWJHVkJibVJPYjI1UmRXOTBZV0pzWlVsMFpXMXpVMlZzWldOMFpXUkdiM0pEYUdWamEyOTFkRkpsYzI5MWNtTmxJam9pV1c5MUlHTmhiaUJsYVhSb1pYSWdKM0J5YjJObFpXUW5JSGRwZEdnZ2NYVnZkR1VnY0hKdlkyVnpjeUJ2WmlCMGFHVWdjWFZ2ZEdGaWJHVWdhWFJsYlhNZ2IzSWdaV1JwZENCMGFHVWdibTl1TFhGMWIzUmhZbXhsSUdsMFpXMXpJaXdpVVhWdmRHVlRaV3hsWTNSbFpGQnliMlIxWTNSeklqb3lMQ0pPYjBsMFpXMXpVMlZzWldOMFpXUWlPaUpPYnlCSmRHVnRjeUJUWld4bFkzUmxaQzRnVUd4bFlYTmxJR05vYjI5elpTQnZibVVnS0c5eUtTQnRiM0psSUdsMFpXMXpJSFJ2SUhCbGNtWnZjbTBnZEdobElHRmpkR2x2Ymk0aUxDSkRZWEowUVdOMGFXOXVSR1ZzWlhSbFUyVnNaV04wWldSUWNtOWtkV04wY3lJNk5Td2lWMmx6YUV4cGMzUkJZM1JwYjI1elJHVnNaWFJsVTJWc1pXTjBaV1JRY205a2RXTjBjeUk2TWl3aVJHVnNaWFJsUTI5dVptbHliV0YwYVc5dVRXVnpjMkZuWlZKbGMyOTFjbU5sSWpvaVBIQStSRzhnZVc5MUlISmxZV3hzZVNCM1lXNTBJSFJ2SUdSbGJHVjBaU0IwYUdseklHbDBaVzBvY3lrL1BDOXdQaUlzSWtSbGJHVjBaVU52Ym1acGNtMWhkR2x2Yms1dlFuVjBkRzl1VW1WemIzVnlZMlVpT2lKT2J5SXNJa1JsYkdWMFpVTnZibVpwY20xaGRHbHZibGxsYzBKMWRIUnZibEpsYzI5MWNtTmxJam9pV1dWeklpd2lSR1ZzWlhSbFEyOXVabWx5YldGMGFXOXVTR1ZoWkdWeVZHVjRkRkpsYzI5MWNtTmxJam9pUkdWc1pYUmxJaXdpUTJGeWRFRmpkR2x2YmlJNk1Td2lRMmhsWTJ0dmRYUkNkWFIwYjI1VFkzSnBjSFFpT201MWJHd3NJa05vWldOcmIzVjBVMlZ4ZFdWdVkybHVaMEZ1WkZCeWFXMWxjbEJ2Y0hWd1RXVnpjMkZuWlVobFlXUmxjaUk2SWlJc0lrTm9aV05yYjNWMFUyVnhkV1Z1WTJsdVowRnVaRkJ5YVcxbGNsQnZjSFZ3VFdWemMyRm5aVWhsWVdSbGNrbHVabTl5YldGMGFXOXVJam9pU1hRZ2FYTWdibTkwSUhCdmMzTnBZbXhsSUhSdklHTm9aV05yYjNWMElDOGdjWFZ2ZEdVZ2MyVnhkV1Z1WTJsdVp5QnlaV0ZqZEdsdmJuTWdkMmwwYUc5MWRDQndjbWx0WlhKeklIZG9hV05vSUdGeVpTQmhjM052WTJsaGRHVmtJSFJ2SUhObGJHVmpkR1ZrSUhObGNYVmxibU5wYm1jZ2FYUmxiWE1nYVc0Z2RHaHBjeUJ2Y21SbGNqb2dQQzlpY2o0OEwySnlQaUlzSWtOb1pXTnJiM1YwVTJWeGRXVnVZMmx1WjBGdVpGQnlhVzFsY2xCdmNIVndUV1Z6YzJGblpVWnZiM1JsY2tsdVptOXliV0YwYVc5dUlqb2lJaXdpUTJobFkydHZkWFJUWlhGMVpXNWphVzVuUVc1a1VISnBiV1Z5VUc5d2RYQk5aWE56WVdkbFEyeHZjMlZDZFhSMGIyNVVaWGgwSWpvaUlpd2lRMmhsWTJ0dmRYUlRaWEYxWlc1amFXNW5RVzVrVUhKcGJXVnlVRzl3ZFhCR2IzSnRZWFJOWlhOellXZGxJam9pSWl3aVEyaGxZMnR2ZFhSUWNtbHRaWEpCYkc5dVpWQnZjSFZ3VFdWemMyRm5aVU5zYjNObFFuVjBkRzl1VkdWNGRDSTZJaUlzSWtOb1pXTnJiM1YwVUhKcGJXVnlRV3h2Ym1WUWIzQjFjRTFsYzNOaFoyVWlPaUpRY21sdFpYSWdZV3h2Ym1VZ1kyRnVibTkwSUdKbElHTm9aV05yWldRZ2IzVjBMaUJRYkdWaGMyVWdjMlZzWldOMElHRjBiR1ZoYzNRZ2IyNWxJR0Z6YzI5amFXRjBaV1FnYzJWeGRXVnVZMmx1WnlCSmRHVnRMaUlzSWtOb1pXTnJiM1YwVUhKcGJXVnlRV3h2Ym1WUWIzQjFjRTFsYzNOaFoyVklaV0ZrWlhJaU9pSlFiR1ZoYzJVZ1RtOTBaU0lzSWtKaGNrTnZaR1ZXWVd4cFpHRjBhVzl1VUc5d2RYQkRiRzl6WlVKMWRIUnZibFJsZUhRaU9pSlBheUlzSWtKaGNrTnZaR1ZXWVd4cFpHRjBhVzl1VUc5d2RYQk5aWE56WVdkbElqb2lRbUZ5WTI5a1pTQm1iM0lnVTJWc1pXTjBaV1FnU1hSbGJTQnBjeUJwYm5aaGJHbGtJaXdpUW1GeVEyOWtaVlpoYkdsa1lYUnBiMjVRYjNCMWNFMWxjM05oWjJWSVpXRmtaWElpT2lKUWJHVmhjMlVnVG05MFpTSXNJbE5oYldWRVlYbEVaV3hwZG1WeWVWWmhiR2xrWVhScGIyNVFiM0IxY0VkdlFtRmphMEoxZEhSdmJsUmxlSFFpT2lKWFlXbDBJSFZ1ZEdsc0lHRnNiQ0JQY21SbGNuTWdZWEpsSUdacGJtbHphR1ZrSUhSdklGTm9hWEFnYjI1alpTSXNJbE5oYldWRVlYbEVaV3hwZG1WeWVWWmhiR2xrWVhScGIyNVFiM0IxY0VOb1pXTnJiM1YwUW5WMGRHOXVWR1Y0ZENJNklrTm9aV05yYjNWMElGTmhiV1VnUkdGNUlFOXNhV2R2Y3lCUGJteDVJaXdpVTJGdFpVUmhlVVJsYkdsMlpYSjVWbUZzYVdSaGRHbHZibEJ2Y0hWd1RXVnpjMkZuWlVobFlXUmxjaUk2SWxCc1pXRnpaU0J6Wld4bFkzUWlMQ0pUWVcxbFJHRjVSR1ZzYVhabGNubFdZV3hwWkdGMGFXOXVVRzl3ZFhCTlpYTnpZV2RsUkdWelkzSnBjSFJwYjI0aU9pSlpiM1Z5SUdOaGNuUWdZMjl1ZEdGcGJuTWdjMkZ0WlNCa1lYa2diMnhwWjI5ekxDQjNhR2xqYUNCdVpXVmtJSFJ2SUdKbElHTm9aV05yWldRZ2IzVjBJSE5sY0dWeVlYUmxiSGtnYVc0Z2IzSmtaWElnZEc4Z1pXNXpkWEpsSUhSb1pTQm1ZWE4wWlhOMElHUmxiR2wyWlhKNUxpQlVhR1VnYjNSb1pYSWdhWFJsYlhNZ2QybHNiQ0JpWlNCM1lXbDBhVzVuSUdsdUlIbHZkWElnWTJGeWRDQjNhR1Z1SUhsdmRTQnlaWFIxY200Z2JHRjBaWEl1SUR4emNHRnVJR05zWVhOelBWd2lkRzl2YkhScGNGOWthV0ZzYjJkY0lpQjBhWFJzWlQxY0lrVjRjR3hoYVc0Z1luVjBkRzl1SUdSbGMyTnlhWEIwYVc5dUlHaGxjbVVnYjI1c2VWd2lJRDQ4TDNOd1lXNCtJaXdpVW1WMWMyVmtTWFJsYlhOV1lXeHBaR0YwYVc5dVVHOXdkWEJEYkc5elpVSjFkSFJ2YmxSbGVIUWlPaUpQYXlJc0lsSmxkWE5sWkVsMFpXMXpWbUZzYVdSaGRHbHZibEJ2Y0hWd1RXVnpjMkZuWlNJNklrOXZjSE1nSVNCVGIyMWxJRzl5SUdGc2JDQnZaaUJ6Wld4bFkzUmxaQ0J5WlhWelpXUWdhWFJsYlNkeklHOXlhV2RwYm1Gc0lHTnZiblJoYVc1bGNuTWdZWEpsSUdWNGNHbHlaV1F1SUZsdmRYSWdZMkZ5ZENCM2FXeHNJR0psSUhWd1pHRjBaV1FnWVhWMGIyMWhkR2xqWVd4c2VTQmhibVFnWTJGeWRDQjNhV3hzSUdKbElISmxiRzloWkdWa0xpQkZlSEJwY21Wa0lHbDBaVzBnVG1GdFpYTWdZWEpsSUMwK0lpd2lVbVYxYzJWa1NYUmxiWE5XWVd4cFpHRjBhVzl1VUc5d2RYQk5aWE56WVdkbFNHVmhaR1Z5SWpvaVVHeGxZWE5sSUU1dmRHVWlMQ0pGZUhCcGNtVmtVSEpwYldWeVVHOXdkWEJEYkc5elpVSjFkSFJ2YmxSbGVIUWlPaUpQYXlJc0lrVjRjR2x5WldSUWNtbHRaWEpRYjNCMWNFMWxjM05oWjJWVVpYaDBJam9pVUhKcGJXVnlJR2x6SUdWNGNHbHlaV1FnWm05eUlIUm9aU0J2Ym1VZ2IyWWdkR2hsSUhObGJHVjBaV1FnYzJWeGRXVnVZMmx1WnlCcGRHVnRMaUJ3YkdWaGMyVWdjMlZzWldOMElHRnViM1JvWlhJZ2NISnBiV1Z5SUc5eUlHOXlaR1Z5SUc1bGR5QndjbWx0WlhJdUlpd2lSWGh3YVhKbFpGQnlhVzFsY2xCdmNIVndUV1Z6YzJGblpVaGxZV1JsY2xSbGVIUWlPaUpRYkdWelpTQk9iM1JsSWl3aVEyRnlkRkJoWjJWVlVrd2lPaUl2Wlc0dlkyRnlkQzVoYzNCNElpd2lUV2x1YVcxMWJWQnNZWFJsVTJGdGNHeGxjMUJsY2tOb1pXTnJiM1YwSWpvME9Dd2lVR3hoZEdWVFlXMXdiR1ZEYjNWdWRDSTZiblZzYkN3aVNYTlRhVzVuYkdWUWJHRjBaVmRwZEdoV1lXeHBaRk5oYlhCc1pVTnZkVzUwSWpwbVlXeHpaU3dpVFdsdVVHeGhkR1ZUWVcxd2JHVnpVRzl3ZFhCR2IzSnRZWFJOWlhOellXZGxJam9pSWl3aVRXbHVVR3hoZEdWVFlXMXdiR1Z6VUc5d2RYQkdiM0p0WVhSTlpYTnpZV2RsUTJ4dmMyVkNkWFIwYjI1VVpYaDBJam9pSWl3aVRXbHVVR3hoZEdWVFlXMXdiR1Z6VUc5d2RYQkdiM0p0WVhSTlpYTnpZV2RsU0dWaFpHVnlJam9pSWl3aVRXRjRhVzExYlU1MWJXSmxjazltVUd4aGRHVnpVR1Z5UTJobFkydHZkWFFpT2pNc0lsQnNZWFJsYzBOdmRXNTBSbTl5UTNWeWNtVnVkRTl5WkdWeUlqcHVkV3hzTENKTllYaHBiWFZ0VUd4aGRHVnpVR1Z5UTJobFkydHZkWFJRYjNCMWNFWnZjbTFoZEUxbGMzTmhaMlVpT2lKTllYaHBiWFZ0SURNZ2NHeGhkR1Z6SUdGeVpTQmxiR2xuYVdKc1pTQjBieUJqYUdWamEyOTFkQ0J3WlhJZ2IzSmtaWElnWm05eUlIQnNZWFJsSUhObGNYVmxibU5wYm1jZ2FYUmxiWE11SUZCc1pXRnpaU0J0YjJScFpua2dlVzkxY2lCelpXeGxZM1JwYjI0Z1lXTmpiM0prYVc1bmJIa3VJaXdpVFdGNGFXMTFiVkJzWVhSbGMxQmxja05vWldOcmIzVjBVRzl3ZFhCR2IzSnRZWFJOWlhOellXZGxRMnh2YzJWQ2RYUjBiMjVVWlhoMElqb2lUMnNpTENKTllYaHBiWFZ0VUd4aGRHVnpVR1Z5UTJobFkydHZkWFJHYjNKdFlYUk5aWE56WVdkbFNHVmhaR1Z5SWpvaVVHeGxZWE5sSUU1dmRHVWlMQ0pRYjNOMFFtRmphMFZzWlcxbGJuUlZibWx4ZFdWSlpDSTZJbU4wYkRBd0pHTjBiREF3SkdOMGJEQXdKRU52Ym5SbGJuUlFiR0ZqWlVodmJHUmxja1JsWm1GMWJIUWtRMkZ5ZEU5MlpYSjJhV1YzWHpNa2JHNXJRMmhsWTJ0dmRYUWlMQ0pGZG1WdWRFRnlaM1Z0Wlc1MElqb2lJbjBzSUhSb2FYTXBPMlFDRWc5a0ZnZ0NBUTlrRmdKbUQyUVdBZ0lDRHhVQmJrTnZiblJsYm5SUWJHRmpaVWh2YkdSbGNrUmxabUYxYkhSZlRXRnpkR1Z5VUd4aFkyVm9iMnhrWlhKZlVtVnhkV2x5WlZWelpYSk1iMmRwYmw4MVgzQnViRVJ5WVdkaFlteGxWMmx1Wkc5M1EyOXVkR1Z1ZEY5SmJteHBibVZOWlhOellXZGxRMjl1ZEdGcGJtVnlaQUlERDJRV0FtWVBEeFlDSGd0c1lteElaV0ZrVEdsdVpRVVBRMjl1ZEdGamRDQkJaR1J5WlhOelpCWU1BaEFQRlFGclEyOXVkR1Z1ZEZCc1lXTmxTRzlzWkdWeVJHVm1ZWFZzZEY5TllYTjBaWEpRYkdGalpXaHZiR1JsY2w5RGFHRnVaMlZCWkdSeVpYTnpYelpmY0c1c1JISmhaMkZpYkdWWGFXNWtiM2REYjI1MFpXNTBYMGx1YkdsdVpVMWxjM05oWjJWRGIyNTBZV2x1WlhKa0FoRVBaQllDQWdFUFpCWXFBZ0VQRmdJZkF3VVFRMjl1ZEdGamRDQkJaR1J5WlhOek9tUUNBdzhQRmdJZkJHZGtGZ0lDQVE5a0ZnSUNBUThQRmdJZkF3VUZWR2wwYkdWa1pBSUZEMlFXQWdJQkQyUVdBZ0lCRHc4V0JoOERCUWxHYVhKemRHNWhiV1VmQndVWElISmxjWFZwY21Wa1JtbGxiR1JEYUdGeVlXTjBaWElmQ0FJQ1pHUUNCdzlrRmdJQ0FROWtGZ0lDQVE4UEZnWWZBd1VJVEdGemRHNWhiV1VmQndVWElISmxjWFZwY21Wa1JtbGxiR1JEYUdGeVlXTjBaWElmQ0FJQ1pHUUNDUThQRmdJZkJHZGtGZ0lDQVE5a0ZnSUNBUThQRmdJZkF3VU1RMjl0Y0dGdWVTQk9ZVzFsWkdRQ0N3OFBGZ0lmQkdka0ZnSUNBUTlrRmdJQ0FROFBGZ0lmQXdVTFJHVndZWEowYldWdWRDQmtaQUlORHc4V0FoOEVaMlFXQWdJQkQyUVdBZ0lCRHc4V0FoOERCUVpIY205MWNDQmtaQUlQRHc4V0FoOEVaMlFXQWdJQkQyUVdBZ0lCRHc4V0JoOERCUTVUZEhKbFpYUWdRV1JrY21WemN4OEhCUmNnY21WeGRXbHlaV1JHYVdWc1pFTm9ZWEpoWTNSbGNoOElBZ0prWkFJUkR3OFdBaDhFWjJRV0FnSUJEMlFXQWdJQkR3OFdCaDhEQlJCVGRISmxaWFFnUVdSa2NtVnpjeUF5SHdjRkZ5QnlaWEYxYVhKbFpFWnBaV3hrUTJoaGNtRmpkR1Z5SHdnQ0FtUmtBaE1QRHhZQ0h3Um5aQllDQWdFUFpCWUNBZ0VQRHhZQ0h3TUZFRk4wY21WbGRDQkJaR1J5WlhOeklETmtaQUlWRHc4V0FoOEVaMlFXQWdJQkQyUVdBZ0lCRHc4V0JoOERCUVJEYVhSNUh3Y0ZGeUJ5WlhGMWFYSmxaRVpwWld4a1EyaGhjbUZqZEdWeUh3Z0NBbVJrQWhjUER4WUNId1JuWkJZRUFnRVBaQllDQWdFUER4WUdId01GQjBOdmRXNTBjbmtmQndVWElISmxjWFZwY21Wa1JtbGxiR1JEYUdGeVlXTjBaWElmQ0FJQ1pHUUNCUThRRHhZR0hnMUVZWFJoVkdWNGRFWnBaV3hrQlF0RGIzVnVkSEo1VG1GdFpSNE9SR0YwWVZaaGJIVmxSbWxsYkdRRkJrbHpiMHRsZVI0TFh5RkVZWFJoUW05MWJtUm5GZ0llQ0c5dVkyaGhibWRsQmJJQlkyOTFiblJ5ZVVOb1lXNW5aV1FvSjFObGJHVmpkQzR1TGljc0oxUnlkV1VuTENkRGIyNTBaVzUwVUd4aFkyVkliMnhrWlhKRVpXWmhkV3gwWDAxaGMzUmxjbEJzWVdObGFHOXNaR1Z5WDBOb1lXNW5aVUZrWkhKbGMzTmZObDlrWkd4RGIzVnVkSEo1Snl3blEyOXVkR1Z1ZEZCc1lXTmxTRzlzWkdWeVJHVm1ZWFZzZEY5TllYTjBaWEpRYkdGalpXaHZiR1JsY2w5RGFHRnVaMlZCWkdSeVpYTnpYelpmWkdSc1UzUmhkR1VuS1JBVitnRUpVMlZzWldOMExpNHVDMEZtWjJoaGJtbHpkR0Z1RFVGc1lXNWtJRWx6YkdGdVpITUhRV3hpWVc1cFlRZEJiR2RsY21saERrRnRaWEpwWTJGdUlGTmhiVzloQjBGdVpHOXljbUVHUVc1bmIyeGhDRUZ1WjNWcGJHeGhDa0Z1ZEdGeVkzUnBZMkVUUVc1MGFXZDFZU0JoYm1RZ1FtRnlZblZrWVFsQmNtZGxiblJwYm1FSFFYSnRaVzVwWVFWQmNuVmlZUWxCZFhOMGNtRnNhV0VIUVhWemRISnBZUXBCZW1WeVltRnBhbUZ1QjBKaGFHRnRZWE1IUW1Gb2NtRnBiZ3BDWVc1bmJHRmtaWE5vQ0VKaGNtSmhaRzl6QjBKbGJHRnlkWE1IUW1Wc1oybDFiUVpDWld4cGVtVUZRbVZ1YVc0SFFtVnliWFZrWVFaQ2FIVjBZVzRmUW05c2FYWnBZU3dnVUd4MWNtbHVZWFJwYjI1aGJDQlRkR0YwWlNCdlppQkNiMjVoYVhKbExDQlRhVzUwSUVWMWMzUmhkR2wxY3lCaGJtUWdVMkZpWVJaQ2IzTnVhV0VnWVc1a0lFaGxjbnBsWjI5MmFXNWhDRUp2ZEhOM1lXNWhEVUp2ZFhabGRDQkpjMnhoYm1RR1FuSmhlbWxzSGtKeWFYUnBjMmdnU1c1a2FXRnVJRTlqWldGdUlGUmxjbkpwZEc5eWVSRkNjblZ1WldrZ1JHRnlkWE56WVd4aGJRaENkV3huWVhKcFlReENkWEpyYVc1aElFWmhjMjhIUW5WeWRXNWthUWhEWVcxaWIyUnBZUWhEWVcxbGNtOXZiZ1pEWVc1aFpHRUtRMkZ3WlNCV1pYSmtaUTVEWVhsdFlXNGdTWE5zWVc1a2N4aERaVzUwY21Gc0lFRm1jbWxqWVc0Z1VtVndkV0pzYVdNRVEyaGhaQVZEYUdsc1pRVkRhR2x1WVJCRGFISnBjM1J0WVhNZ1NYTnNZVzVrRjBOdlkyOXpJQ2hMWldWc2FXNW5LU0JKYzJ4aGJtUnpDRU52Ykc5dFltbGhCME52Ylc5eWIzTUZRMjl1WjI4bFEyOXVaMjhzSUhSb1pTQkVaVzF2WTNKaGRHbGpJRkpsY0hWaWJHbGpJRzltSUhSb1pReERiMjlySUVsemJHRnVaSE1LUTI5emRHRWdVbWxqWVE1RHc3UjBaU0JrSjBsMmIybHlaUWREY205aGRHbGhCRU4xWW1FSVEzVnlZY09uWVc4R1EzbHdjblZ6RGtONlpXTm9JRkpsY0hWaWJHbGpCMFJsYm0xaGNtc0lSR3BwWW05MWRHa0lSRzl0YVc1cFkyRVNSRzl0YVc1cFkyRnVJRkpsY0hWaWJHbGpCMFZqZFdGa2IzSUZSV2Q1Y0hRTFJXd2dVMkZzZG1Ga2IzSVJSWEYxWVhSdmNtbGhiQ0JIZFdsdVpXRUhSWEpwZEhKbFlRZEZjM1J2Ym1saENFVjBhR2x2Y0dsaEcwWmhiR3RzWVc1a0lFbHpiR0Z1WkhNZ0tFMWhiSFpwYm1GektRMUdZWEp2WlNCSmMyeGhibVJ6QkVacGFta0hSbWx1YkdGdVpBWkdjbUZ1WTJVTlJuSmxibU5vSUVkMWFXRnVZUkJHY21WdVkyZ2dVRzlzZVc1bGMybGhHMFp5Wlc1amFDQlRiM1YwYUdWeWJpQlVaWEp5YVhSdmNtbGxjd1ZIWVdKdmJnWkhZVzFpYVdFSFIyVnZjbWRwWVFkSFpYSnRZVzU1QlVkb1lXNWhDVWRwWW5KaGJIUmhjZ1pIY21WbFkyVUpSM0psWlc1c1lXNWtCMGR5Wlc1aFpHRUtSM1ZoWkdWc2IzVndaUVJIZFdGdENVZDFZWFJsYldGc1lRaEhkV1Z5Ym5ObGVRWkhkV2x1WldFTlIzVnBibVZoTFVKcGMzTmhkUVpIZFhsaGJtRUZTR0ZwZEdraFNHVmhjbVFnU1hOc1lXNWtJR0Z1WkNCTlkwUnZibUZzWkNCSmMyeGhibVJ6SFVodmJIa2dVMlZsSUNoV1lYUnBZMkZ1SUVOcGRIa2dVM1JoZEdVcENFaHZibVIxY21GekNVaHZibWNnUzI5dVp3ZElkVzVuWVhKNUIwbGpaV3hoYm1RRlNXNWthV0VKU1c1a2IyNWxjMmxoR1VseVlXNHNJRWx6YkdGdGFXTWdVbVZ3ZFdKc2FXTWdiMllFU1hKaGNRZEpjbVZzWVc1a0MwbHpiR1VnYjJZZ1RXRnVCa2x6Y21GbGJBVkpkR0ZzZVFkS1lXMWhhV05oQlVwaGNHRnVCa3BsY25ObGVRWktiM0prWVc0S1MyRjZZV3RvYzNSaGJnVkxaVzU1WVFoTGFYSnBZbUYwYVNaTGIzSmxZU3dnUkdWdGIyTnlZWFJwWXlCUVpXOXdiR1VuY3lCU1pYQjFZbXhwWXlCdlpoSkxiM0psWVN3Z1VtVndkV0pzYVdNZ2IyWUdTM1YzWVdsMENrdDVjbWQ1ZW5OMFlXNGdUR0Z2SUZCbGIzQnNaU2R6SUVSbGJXOWpjbUYwYVdNZ1VtVndkV0pzYVdNR1RHRjBkbWxoQjB4bFltRnViMjRIVEdWemIzUm9id2RNYVdKbGNtbGhCVXhwWW5saERVeHBaV05vZEdWdWMzUmxhVzRKVEdsMGFIVmhibWxoQ2t4MWVHVnRZbTkxY21jRlRXRmpZVzhxVFdGalpXUnZibWxoTENCMGFHVWdabTl5YldWeUlGbDFaMjl6YkdGMklGSmxjSFZpYkdsaklHOW1DazFoWkdGbllYTmpZWElHVFdGc1lYZHBDRTFoYkdGNWMybGhDRTFoYkdScGRtVnpCRTFoYkdrRlRXRnNkR0VRVFdGeWMyaGhiR3dnU1hOc1lXNWtjd3BOWVhKMGFXNXBjWFZsQ2sxaGRYSnBkR0Z1YVdFSlRXRjFjbWwwYVhWekIwMWhlVzkwZEdVR1RXVjRhV052SDAxcFkzSnZibVZ6YVdFc0lFWmxaR1Z5WVhSbFpDQlRkR0YwWlhNZ2IyWVVUVzlzWkc5MllTd2dVbVZ3ZFdKc2FXTWdiMllHVFc5dVlXTnZDRTF2Ym1kdmJHbGhDazF2Ym5SbGJtVm5jbThLVFc5dWRITmxjbkpoZEFkTmIzSnZZMk52Q2sxdmVtRnRZbWx4ZFdVSFRYbGhibTFoY2dkT1lXMXBZbWxoQlU1aGRYSjFCVTVsY0dGc0MwNWxkR2hsY214aGJtUnpEVTVsZHlCRFlXeGxaRzl1YVdFTFRtVjNJRnBsWVd4aGJtUUpUbWxqWVhKaFozVmhCVTVwWjJWeUIwNXBaMlZ5YVdFRVRtbDFaUTVPYjNKbWIyeHJJRWx6YkdGdVpCaE9iM0owYUdWeWJpQk5ZWEpwWVc1aElFbHpiR0Z1WkhNR1RtOXlkMkY1QkU5dFlXNElVR0ZyYVhOMFlXNEZVR0ZzWVhVZlVHRnNaWE4wYVc1cFlXNGdWR1Z5Y21sMGIzSjVMQ0JQWTJOMWNHbGxaQVpRWVc1aGJXRVFVR0Z3ZFdFZ1RtVjNJRWQxYVc1bFlRaFFZWEpoWjNWaGVRUlFaWEoxQzFCb2FXeHBjSEJwYm1WekNGQnBkR05oYVhKdUJsQnZiR0Z1WkFoUWIzSjBkV2RoYkF0UWRXVnlkRzhnVW1samJ3VlJZWFJoY2doU3c2bDFibWx2YmdkU2IyMWhibWxoRWxKMWMzTnBZVzRnUm1Wa1pYSmhkR2x2YmdaU2QyRnVaR0VSVTJGcGJuUWdRbUZ5ZEdqRHFXeGxiWGtzVTJGcGJuUWdTR1ZzWlc1aExDQkJjMk5sYm5OcGIyNGdZVzVrSUZSeWFYTjBZVzRnWkdFZ1EzVnVhR0VWVTJGcGJuUWdTMmwwZEhNZ1lXNWtJRTVsZG1sekMxTmhhVzUwSUV4MVkybGhHbE5oYVc1MElFMWhjblJwYmlBb1JuSmxibU5vSUhCaGNuUXBHVk5oYVc1MElGQnBaWEp5WlNCaGJtUWdUV2x4ZFdWc2IyNGdVMkZwYm5RZ1ZtbHVZMlZ1ZENCaGJtUWdkR2hsSUVkeVpXNWhaR2x1WlhNRlUyRnRiMkVLVTJGdUlFMWhjbWx1YnhWVFlXOGdWRzl0WlNCaGJtUWdVSEpwYm1OcGNHVU1VMkYxWkdrZ1FYSmhZbWxoQjFObGJtVm5ZV3dHVTJWeVltbGhDbE5sZVdOb1pXeHNaWE1NVTJsbGNuSmhJRXhsYjI1bENWTnBibWRoY0c5eVpSbFRhVzUwSUUxaFlYSjBaVzRnS0VSMWRHTm9JSEJoY25RcENGTnNiM1poYTJsaENGTnNiM1psYm1saEQxTnZiRzl0YjI0Z1NYTnNZVzVrY3dkVGIyMWhiR2xoREZOdmRYUm9JRUZtY21sallTeFRiM1YwYUNCSFpXOXlaMmxoSUdGdVpDQjBhR1VnVTI5MWRHZ2dVMkZ1WkhkcFkyZ2dTWE5zWVc1a2N3dFRiM1YwYUNCVGRXUmhiZ1ZUY0dGcGJnbFRjbWtnVEdGdWEyRUZVM1ZrWVc0SVUzVnlhVzVoYldVV1UzWmhiR0poY21RZ1lXNWtJRXBoYmlCTllYbGxiZ2xUZDJGNmFXeGhibVFHVTNkbFpHVnVDMU4zYVhSNlpYSnNZVzVrRkZONWNtbGhiaUJCY21GaUlGSmxjSFZpYkdsakdWUmhhWGRoYml3Z1VISnZkbWx1WTJVZ2IyWWdRMmhwYm1FS1ZHRnFhV3RwYzNSaGJoeFVZVzU2WVc1cFlTd2dWVzVwZEdWa0lGSmxjSFZpYkdsaklHOW1DRlJvWVdsc1lXNWtDMVJwYlc5eUxVeGxjM1JsQkZSdloyOEhWRzlyWld4aGRRVlViMjVuWVJOVWNtbHVhV1JoWkNCaGJtUWdWRzlpWVdkdkIxUjFibWx6YVdFR1ZIVnlhMlY1REZSMWNtdHRaVzVwYzNSaGJoaFVkWEpyY3lCaGJtUWdRMkZwWTI5eklFbHpiR0Z1WkhNR1ZIVjJZV3gxQmxWbllXNWtZUWRWYTNKaGFXNWxGRlZ1YVhSbFpDQkJjbUZpSUVWdGFYSmhkR1Z6RGxWdWFYUmxaQ0JMYVc1blpHOXREVlZ1YVhSbFpDQlRkR0YwWlhNa1ZXNXBkR1ZrSUZOMFlYUmxjeUJOYVc1dmNpQlBkWFJzZVdsdVp5QkpjMnhoYm1SekIxVnlkV2QxWVhrS1ZYcGlaV3RwYzNSaGJnZFdZVzUxWVhSMUlWWmxibVY2ZFdWc1lTd2dRbTlzYVhaaGNtbGhiaUJTWlhCMVlteHBZeUJ2WmdoV2FXVjBJRTVoYlJkV2FYSm5hVzRnU1hOc1lXNWtjeXdnUW5KcGRHbHphQlJXYVhKbmFXNGdTWE5zWVc1a2N5d2dWUzVUTGhGWFlXeHNhWE1nWVc1a0lFWjFkSFZ1WVE1WFpYTjBaWEp1SUZOaGFHRnlZUVZaWlcxbGJnWmFZVzFpYVdFSVdtbHRZbUZpZDJVVitnRUJNQUpCUmdKQldBSkJUQUpFV2dKQlV3SkJSQUpCVHdKQlNRSkJVUUpCUndKQlVnSkJUUUpCVndKQlZRSkJWQUpCV2dKQ1V3SkNTQUpDUkFKQ1FnSkNXUUpDUlFKQ1dnSkNTZ0pDVFFKQ1ZBSkNUd0pDVVFKQ1FRSkNWd0pDVmdKQ1VnSkpUd0pDVGdKQ1J3SkNSZ0pDU1FKTFNBSkRUUUpEUVFKRFZnSkxXUUpEUmdKVVJBSkRUQUpEVGdKRFdBSkRRd0pEVHdKTFRRSkRSd0pEUkFKRFN3SkRVZ0pEU1FKSVVnSkRWUUpEVndKRFdRSkRXZ0pFU3dKRVNnSkVUUUpFVHdKRlF3SkZSd0pUVmdKSFVRSkZVZ0pGUlFKRlZBSkdTd0pHVHdKR1NnSkdTUUpHVWdKSFJnSlFSZ0pVUmdKSFFRSkhUUUpIUlFKRVJRSkhTQUpIU1FKSFVnSkhUQUpIUkFKSFVBSkhWUUpIVkFKSFJ3SkhUZ0pIVndKSFdRSklWQUpJVFFKV1FRSklUZ0pJU3dKSVZRSkpVd0pKVGdKSlJBSkpVZ0pKVVFKSlJRSkpUUUpKVEFKSlZBSktUUUpLVUFKS1JRSktUd0pMV2dKTFJRSkxTUUpMVUFKTFVnSkxWd0pMUndKTVFRSk1WZ0pNUWdKTVV3Sk1VZ0pNV1FKTVNRSk1WQUpNVlFKTlR3Sk5Td0pOUndKTlZ3Sk5XUUpOVmdKTlRBSk5WQUpOU0FKTlVRSk5VZ0pOVlFKWlZBSk5XQUpHVFFKTlJBSk5Rd0pOVGdKTlJRSk5Vd0pOUVFKTldnSk5UUUpPUVFKT1VnSk9VQUpPVEFKT1F3Sk9XZ0pPU1FKT1JRSk9Sd0pPVlFKT1JnSk5VQUpPVHdKUFRRSlFTd0pRVndKUVV3SlFRUUpRUndKUVdRSlFSUUpRU0FKUVRnSlFUQUpRVkFKUVVnSlJRUUpTUlFKU1R3SlNWUUpTVndKQ1RBSlRTQUpMVGdKTVF3Sk5SZ0pRVFFKV1F3SlhVd0pUVFFKVFZBSlRRUUpUVGdKU1V3SlRRd0pUVEFKVFJ3SlRXQUpUU3dKVFNRSlRRZ0pUVHdKYVFRSkhVd0pUVXdKRlV3Sk1Td0pUUkFKVFVnSlRTZ0pUV2dKVFJRSkRTQUpUV1FKVVZ3SlVTZ0pVV2dKVVNBSlVUQUpVUndKVVN3SlVUd0pVVkFKVVRnSlVVZ0pVVFFKVVF3SlVWZ0pWUndKVlFRSkJSUUpIUWdKVlV3SlZUUUpWV1FKVldnSldWUUpXUlFKV1RnSldSd0pXU1FKWFJnSkZTQUpaUlFKYVRRSmFWeFFyQS9vQloyZG5aMmRuWjJkbloyZG5aMmRuWjJkbloyZG5aMmRuWjJkbloyZG5aMmRuWjJkbloyZG5aMmRuWjJkbloyZG5aMmRuWjJkbloyZG5aMmRuWjJkbloyZG5aMmRuWjJkbloyZG5aMmRuWjJkbloyZG5aMmRuWjJkbloyZG5aMmRuWjJkbloyZG5aMmRuWjJkbloyZG5aMmRuWjJkbloyZG5aMmRuWjJkbloyZG5aMmRuWjJkbloyZG5aMmRuWjJkbloyZG5aMmRuWjJkbloyZG5aMmRuWjJkbloyZG5aMmRuWjJkbloyZG5aMmRuWjJkbloyZG5aMmRuWjJkbloyZG5aMmRuWjJkbloyZG5aMmRuWjJkbloyZG5aMmRuWjJkbloyZG5aMmRuWjJkbloyZG5aMmRuWjJkbloyZG5aMmRuWjJkbloyZG5aMmRuWjJSa0Foa1BEeFlDSHdSblpCWUVBZ0VQWkJZQ0FnRVBEeFlDSHdNRkVGTjBZWFJsSUM4Z1VISnZkbWx1WTJWa1pBSUZEeEFQRmdZZkRnVUpVM1JoZEdWT1lXMWxIdzhGQ0ZOMFlYUmxTMlY1SHhCbkZnSWZFUVZWVDI1RGFHRnVaMlZUZEdGMFpTZ25RMjl1ZEdWdWRGQnNZV05sU0c5c1pHVnlSR1ZtWVhWc2RGOU5ZWE4wWlhKUWJHRmpaV2h2YkdSbGNsOURhR0Z1WjJWQlpHUnlaWE56WHpaZlpHUnNVM1JoZEdVbktSQVZKQWxUWld4bFkzUXVMaTRiUVc1a1lXMWhiaUJoYm1RZ1RtbGpiMkpoY2lCSmMyeGhibVJ6RGtGdVpHaHlZU0JRY21Ga1pYTm9FVUZ5ZFc1aFkyaGhiQ0JRY21Ga1pYTm9CVUZ6YzJGdEJVSnBhR0Z5Q2tOb1lXNWthV2RoY21nTVEyaG9ZWFIwYVhObllYSm9Ga1JoWkhKaElHRnVaQ0JPWVdkaGNpQklZWFpsYkdrTlJHRnRZVzRnWVc1a0lFUnBkUVZFWld4b2FRTkhiMkVIUjNWcVlYSmhkQWRJWVhKNVlXNWhFRWhwYldGamFHRnNJRkJ5WVdSbGMyZ1JTbUZ0YlhVZ1lXNWtJRXRoYzJodGFYSUpTbWhoY210b1lXNWtDVXRoY201aGRHRnJZUVpMWlhKaGJHRUxUR0ZyYzJoaFpIZGxaWEFPVFdGa2FIbGhJRkJ5WVdSbGMyZ0xUV0ZvWVhKaGMyaDBjbUVIVFdGdWFYQjFjZ2xOWldkb1lXeGhlV0VIVFdsNmIzSmhiUWhPWVdkaGJHRnVaQVpQY21semMyRUxVRzl1WkdsamFHVnljbmtHVUhWdWFtRmlDVkpoYW1GemRHaGhiZ1pUYVd0cmFXMEtWR0Z0YVd3Z1RtRmtkUWRVY21sd2RYSmhEVlYwZEdGeUlGQnlZV1JsYzJnTFZYUjBZWEpoYTJoaGJtUUxWMlZ6ZENCQ1pXNW5ZV3dWSkFFd0JVbE9MVUZPQlVsT0xVRlFCVWxPTFVGU0JVbE9MVUZUQlVsT0xVSlNCVWxPTFVOSUJVbE9MVU5VQlVsT0xVUk9CVWxPTFVSRUJVbE9MVVJNQlVsT0xVZEJCVWxPTFVkS0JVbE9MVWhTQlVsT0xVaFFCVWxPTFVwTEJVbE9MVXBJQlVsT0xVdEJCVWxPTFV0TUJVbE9MVXhFQlVsT0xVMVFCVWxPTFUxSUJVbE9MVTFPQlVsT0xVMU1CVWxPTFUxYUJVbE9MVTVNQlVsT0xVOVNCVWxPTFZCWkJVbE9MVkJDQlVsT0xWSktCVWxPTFZOTEJVbE9MVlJPQlVsT0xWUlNCVWxPTFZWUUJVbE9MVlZVQlVsT0xWZENGQ3NESkdkbloyZG5aMmRuWjJkbloyZG5aMmRuWjJkbloyZG5aMmRuWjJkbloyZG5aMmRuWjJSa0Foc1BEeFlDSHdSblpCWUVBZ0VQWkJZQ0FnRVBEeFlHSHdNRkMxQnZjM1JoYkNCRGIyUmxId2NGRnlCeVpYRjFhWEpsWkVacFpXeGtRMmhoY21GamRHVnlId2dDQW1Sa0FnTVBaQllDQWdNUEQyUVdBaDRPYjNKcFoybHVZV3d0ZEdsMGJHVUZHbEJzWldGelpTQmxiblJsY2lCMllXeHBaQ0I2YVhCamIyUmxaQUlkRHc4V0FoOEVaMlFXQWdJQkQyUVdBZ0lCRHc4V0FoOERCUVZGYldGcGJHUmtBaDhQRHhZQ0h3Um5aQllDQWdFUFpCWUNBZ0VQRHhZQ0h3TUZCVkJvYjI1bFpHUUNJUThQRmdJZkJHZGtGZ0lDQVE5a0ZnSUNBUThQRmdJZkF3VURSWGgwWkdRQ0l3OFBGZ0lmQkdka0ZnSUNBUTlrRmdJQ0FROFBGZ0lmQXdVR1RXOWlhV3hsWkdRQ0pROFBGZ0lmQkdka0ZnSUNBUTlrRmdJQ0FROFBGZ0lmQXdVRFJtRjRaR1FDSnc4UEZnSWZCR2RrRmdJQ0FROWtGZ0lDQVE4UEZnSWZBd1VKVW1WamFYQnBaVzUwWkdRQ0tROFBGZ0lmQkdka0ZnUUNBUTlrRmdJQ0FROFBGZ1lmQXdVSVZHbHRaWHB2Ym1VZkJ3VVhJSEpsY1hWcGNtVmtSbWxsYkdSRGFHRnlZV04wWlhJZkNBSUNaR1FDQlE4UUR4WUdIdzRGQzBScGMzQnNZWGxPWVcxbEh3OEZBa2xrSHhCblpCQVZpQUVKVTJWc1pXTjBMaTR1S0NoVlZFTXRNVEk2TURBcElFbHVkR1Z5Ym1GMGFXOXVZV3dnUkdGMFpTQk1hVzVsSUZkbGMzUXBLRlZVUXkweE1Ub3dNQ2tnUTI5dmNtUnBibUYwWldRZ1ZXNXBkbVZ5YzJGc0lGUnBiV1V0TVRFY0tGVlVReTB4TURvd01Da2dRV3hsZFhScFlXNGdTWE5zWVc1a2N4SW9WVlJETFRFd09qQXdLU0JJWVhkaGFXa2RLRlZVUXkwd09Ub3pNQ2tnVFdGeWNYVmxjMkZ6SUVsemJHRnVaSE1TS0ZWVVF5MHdPVG93TUNrZ1FXeGhjMnRoS1NoVlZFTXRNRGs2TURBcElFTnZiM0prYVc1aGRHVmtJRlZ1YVhabGNuTmhiQ0JVYVcxbExUQTVHeWhWVkVNdE1EZzZNREFwSUVKaGFtRWdRMkZzYVdadmNtNXBZU2tvVlZSRExUQTRPakF3S1NCRGIyOXlaR2x1WVhSbFpDQlZibWwyWlhKellXd2dWR2x0WlMwd09DWW9WVlJETFRBNE9qQXdLU0JRWVdOcFptbGpJRlJwYldVZ0tGVlRJQ1lnUTJGdVlXUmhLUk1vVlZSRExUQTNPakF3S1NCQmNtbDZiMjVoSnloVlZFTXRNRGM2TURBcElFTm9hV2gxWVdoMVlTd2dUR0VnVUdGNkxDQk5ZWHBoZEd4aGJpY29WVlJETFRBM09qQXdLU0JOYjNWdWRHRnBiaUJVYVcxbElDaFZVeUFtSUVOaGJtRmtZU2tiS0ZWVVF5MHdOam93TUNrZ1EyVnVkSEpoYkNCQmJXVnlhV05oSmloVlZFTXRNRFk2TURBcElFTmxiblJ5WVd3Z1ZHbHRaU0FvVlZNZ0ppQkRZVzVoWkdFcEdTaFZWRU10TURZNk1EQXBJRVZoYzNSbGNpQkpjMnhoYm1RdktGVlVReTB3Tmpvd01Da2dSM1ZoWkdGc1lXcGhjbUVzSUUxbGVHbGpieUJEYVhSNUxDQk5iMjUwWlhKeVpYa1lLRlZVUXkwd05qb3dNQ2tnVTJGemEyRjBZMmhsZDJGdUt5aFZWRU10TURVNk1EQXBJRUp2WjI5MFlTd2dUR2x0WVN3Z1VYVnBkRzhzSUZKcGJ5QkNjbUZ1WTI4VUtGVlVReTB3TlRvd01Da2dRMmhsZEhWdFlXd21LRlZVUXkwd05Ub3dNQ2tnUldGemRHVnliaUJVYVcxbElDaFZVeUFtSUVOaGJtRmtZU2tSS0ZWVVF5MHdOVG93TUNrZ1NHRnBkR2tTS0ZWVVF5MHdOVG93TUNrZ1NHRjJZVzVoR2loVlZFTXRNRFU2TURBcElFbHVaR2xoYm1FZ0tFVmhjM1FwRkNoVlZFTXRNRFE2TURBcElFRnpkVzVqYVc5dUlpaFZWRU10TURRNk1EQXBJRUYwYkdGdWRHbGpJRlJwYldVZ0tFTmhibUZrWVNrVEtGVlVReTB3TkRvd01Da2dRMkZ5WVdOaGN4SW9WVlJETFRBME9qQXdLU0JEZFdsaFltRXdLRlZVUXkwd05Eb3dNQ2tnUjJWdmNtZGxkRzkzYml3Z1RHRWdVR0Y2TENCTllXNWhkWE1zSUZOaGJpQktkV0Z1RkNoVlZFTXRNRFE2TURBcElGTmhiblJwWVdkdkhDaFZWRU10TURRNk1EQXBJRlIxY210eklHRnVaQ0JEWVdsamIzTVlLRlZVUXkwd016b3pNQ2tnVG1WM1ptOTFibVJzWVc1a0ZTaFZWRU10TURNNk1EQXBJRUZ5WVdkMVlXbHVZUlFvVlZSRExUQXpPakF3S1NCQ2NtRnphV3hwWVI0b1ZWUkRMVEF6T2pBd0tTQkRZWGxsYm01bExDQkdiM0owWVd4bGVtRWdLRlZVUXkwd016b3dNQ2tnUTJsMGVTQnZaaUJDZFdWdWIzTWdRV2x5WlhNVktGVlVReTB3TXpvd01Da2dSM0psWlc1c1lXNWtGaWhWVkVNdE1ETTZNREFwSUUxdmJuUmxkbWxrWlc4WUtGVlVReTB3TXpvd01Da2dVSFZ1ZEdFZ1FYSmxibUZ6SlNoVlZFTXRNRE02TURBcElGTmhhVzUwSUZCcFpYSnlaU0JoYm1RZ1RXbHhkV1ZzYjI0VUtGVlVReTB3TXpvd01Da2dVMkZzZG1Ga2IzSXBLRlZVUXkwd01qb3dNQ2tnUTI5dmNtUnBibUYwWldRZ1ZXNXBkbVZ5YzJGc0lGUnBiV1V0TURJZUtGVlVReTB3TWpvd01Da2dUV2xrTFVGMGJHRnVkR2xqSUMwZ1QyeGtFaWhWVkVNdE1ERTZNREFwSUVGNmIzSmxjeG9vVlZSRExUQXhPakF3S1NCRFlXSnZJRlpsY21SbElFbHpMaUFvVlZSREtTQkRiMjl5WkdsdVlYUmxaQ0JWYm1sMlpYSnpZV3dnVkdsdFpSWW9WVlJES3pBd09qQXdLU0JEWVhOaFlteGhibU5oTFNoVlZFTXJNREE2TURBcElFUjFZbXhwYml3Z1JXUnBibUoxY21kb0xDQk1hWE5pYjI0c0lFeHZibVJ2Ymg4b1ZWUkRLekF3T2pBd0tTQk5iMjV5YjNacFlTd2dVbVY1YTJwaGRtbHJQQ2hWVkVNck1ERTZNREFwSUVGdGMzUmxjbVJoYlN3Z1FtVnliR2x1TENCQ1pYSnVMQ0JTYjIxbExDQlRkRzlqYTJodmJHMHNJRlpwWlc1dVlUMG9WVlJES3pBeE9qQXdLU0JDWld4bmNtRmtaU3dnUW5KaGRHbHpiR0YyWVN3Z1FuVmtZWEJsYzNRc0lFeHFkV0pzYW1GdVlTd2dVSEpoWjNWbEx5aFZWRU1yTURFNk1EQXBJRUp5ZFhOelpXeHpMQ0JEYjNCbGJtaGhaMlZ1TENCTllXUnlhV1FzSUZCaGNtbHpMQ2hWVkVNck1ERTZNREFwSUZOaGNtRnFaWFp2TENCVGEyOXdhbVVzSUZkaGNuTmhkeXdnV21GbmNtVmlIeWhWVkVNck1ERTZNREFwSUZkbGMzUWdRMlZ1ZEhKaGJDQkJabkpwWTJFVUtGVlVReXN3TVRvd01Da2dWMmx1WkdodlpXc1JLRlZVUXlzd01qb3dNQ2tnUVcxdFlXNGRLRlZVUXlzd01qb3dNQ2tnUVhSb1pXNXpMQ0JDZFdOb1lYSmxjM1FTS0ZWVVF5c3dNam93TUNrZ1FtVnBjblYwRVNoVlZFTXJNREk2TURBcElFTmhhWEp2RkNoVlZFTXJNREk2TURBcElFTm9hWE5wYm1GMUZDaFZWRU1yTURJNk1EQXBJRVJoYldGelkzVnpHQ2hWVkVNck1ESTZNREFwSUVkaGVtRXNJRWhsWW5KdmJod29WVlJES3pBeU9qQXdLU0JJWVhKaGNtVXNJRkJ5WlhSdmNtbGhPU2hWVkVNck1ESTZNREFwSUVobGJITnBibXRwTENCTGVXbDJMQ0JTYVdkaExDQlRiMlpwWVN3Z1ZHRnNiR2x1Yml3Z1ZtbHNibWwxY3hVb1ZWUkRLekF5T2pBd0tTQktaWEoxYzJGc1pXMFhLRlZVUXlzd01qb3dNQ2tnUzJGc2FXNXBibWR5WVdRVEtGVlVReXN3TWpvd01Da2dWSEpwY0c5c2FSTW9WVlJES3pBek9qQXdLU0JDWVdkb1pHRmtGQ2hWVkVNck1ETTZNREFwSUVsemRHRnVZblZzR2loVlZFTXJNRE02TURBcElFdDFkMkZwZEN3Z1VtbDVZV1JvRVNoVlZFTXJNRE02TURBcElFMXBibk5yTFNoVlZFTXJNRE02TURBcElFMXZjMk52ZHl3Z1UzUXVJRkJsZEdWeWMySjFjbWNzSUZadmJHZHZaM0poWkJNb1ZWUkRLekF6T2pBd0tTQk9ZV2x5YjJKcEVpaFZWRU1yTURNNk16QXBJRlJsYUhKaGJoMG9WVlJES3pBME9qQXdLU0JCWW5VZ1JHaGhZbWtzSUUxMWMyTmhkQ0FvVlZSREt6QTBPakF3S1NCQmMzUnlZV3RvWVc0c0lGVnNlV0Z1YjNaemF4QW9WVlJES3pBME9qQXdLU0JDWVd0MUd5aFZWRU1yTURRNk1EQXBJRWw2YUdWMmMyc3NJRk5oYldGeVlSWW9WVlJES3pBME9qQXdLU0JRYjNKMElFeHZkV2x6RXloVlZFTXJNRFE2TURBcElGTmhjbUYwYjNZVEtGVlVReXN3TkRvd01Da2dWR0pwYkdsemFSTW9WVlJES3pBME9qQXdLU0JaWlhKbGRtRnVFU2hWVkVNck1EUTZNekFwSUV0aFluVnNIaWhWVkVNck1EVTZNREFwSUVGemFHZGhZbUYwTENCVVlYTm9hMlZ1ZEJnb1ZWUkRLekExT2pBd0tTQkZhMkYwWlhKcGJtSjFjbWNlS0ZWVVF5c3dOVG93TUNrZ1NYTnNZVzFoWW1Ga0xDQkxZWEpoWTJocEx5aFZWRU1yTURVNk16QXBJRU5vWlc1dVlXa3NJRXR2Ykd0aGRHRXNJRTExYldKaGFTd2dUbVYzSUVSbGJHaHBIeWhWVkVNck1EVTZNekFwSUZOeWFTQktZWGxoZDJGeVpHVnVaWEIxY21FVktGVlVReXN3TlRvME5Ta2dTMkYwYUcxaGJtUjFFaWhWVkVNck1EWTZNREFwSUVGemRHRnVZUkVvVlZSREt6QTJPakF3S1NCRWFHRnJZUkFvVlZSREt6QTJPakF3S1NCUGJYTnJIQ2hWVkVNck1EWTZNekFwSUZsaGJtZHZiaUFvVW1GdVoyOXZiaWtqS0ZWVVF5c3dOem93TUNrZ1FtRnVaMnR2YXl3Z1NHRnViMmtzSUVwaGEyRnlkR0VpS0ZWVVF5c3dOem93TUNrZ1FtRnlibUYxYkN3Z1IyOXlibTh0UVd4MFlYbHpheEFvVlZSREt6QTNPakF3S1NCSWIzWmtGeWhWVkVNck1EYzZNREFwSUV0eVlYTnViM2xoY25OckZ5aFZWRU1yTURjNk1EQXBJRTV2ZG05emFXSnBjbk5yRVNoVlZFTXJNRGM2TURBcElGUnZiWE5yTVNoVlZFTXJNRGc2TURBcElFSmxhV3BwYm1jc0lFTm9iMjVuY1dsdVp5d2dTRzl1WnlCTGIyNW5MQ0JWY25WdGNXa1RLRlZVUXlzd09Eb3dNQ2tnU1hKcmRYUnpheU1vVlZSREt6QTRPakF3S1NCTGRXRnNZU0JNZFcxd2RYSXNJRk5wYm1kaGNHOXlaUkVvVlZSREt6QTRPakF3S1NCUVpYSjBhQklvVlZSREt6QTRPakF3S1NCVVlXbHdaV2tYS0ZWVVF5c3dPRG93TUNrZ1ZXeGhZVzVpWVdGMFlYSVZLRlZVUXlzd09Eb3pNQ2tnVUhsdmJtZDVZVzVuRVNoVlZFTXJNRGc2TkRVcElFVjFZMnhoRVNoVlZFTXJNRGs2TURBcElFTm9hWFJoSVNoVlZFTXJNRGs2TURBcElFOXpZV3RoTENCVFlYQndiM0p2TENCVWIydDVieEVvVlZSREt6QTVPakF3S1NCVFpXOTFiQk1vVlZSREt6QTVPakF3S1NCWllXdDFkSE5yRkNoVlZFTXJNRGs2TXpBcElFRmtaV3hoYVdSbEVpaFZWRU1yTURrNk16QXBJRVJoY25kcGJoUW9WVlJES3pFd09qQXdLU0JDY21selltRnVaU2NvVlZSREt6RXdPakF3S1NCRFlXNWlaWEp5WVN3Z1RXVnNZbTkxY201bExDQlRlV1J1WlhrZUtGVlVReXN4TURvd01Da2dSM1ZoYlN3Z1VHOXlkQ0JOYjNKbGMySjVFaWhWVkVNck1UQTZNREFwSUVodlltRnlkQmNvVlZSREt6RXdPakF3S1NCV2JHRmthWFp2YzNSdmF4d29WVlJES3pFd09qTXdLU0JNYjNKa0lFaHZkMlVnU1hOc1lXNWtIeWhWVkVNck1URTZNREFwSUVKdmRXZGhhVzUyYVd4c1pTQkpjMnhoYm1RV0tGVlVReXN4TVRvd01Da2dRMmh2YTNWeVpHRnJhQk1vVlZSREt6RXhPakF3S1NCTllXZGhaR0Z1R2loVlZFTXJNVEU2TURBcElFNXZjbVp2YkdzZ1NYTnNZVzVrRkNoVlZFTXJNVEU2TURBcElGTmhhMmhoYkdsdUppaFZWRU1yTVRFNk1EQXBJRk52Ykc5dGIyNGdTWE11TENCT1pYY2dRMkZzWldSdmJtbGhMQ2hWVkVNck1USTZNREFwSUVGdVlXUjVjaXdnVUdWMGNtOXdZWFpzYjNaemF5MUxZVzFqYUdGMGMydDVJQ2hWVkVNck1USTZNREFwSUVGMVkydHNZVzVrTENCWFpXeHNhVzVuZEc5dUtTaFZWRU1yTVRJNk1EQXBJRU52YjNKa2FXNWhkR1ZrSUZWdWFYWmxjbk5oYkNCVWFXMWxLekV5RUNoVlZFTXJNVEk2TURBcElFWnBhbWtxS0ZWVVF5c3hNam93TUNrZ1VHVjBjbTl3WVhac2IzWnpheTFMWVcxamFHRjBjMnQ1SUMwZ1QyeGtHeWhWVkVNck1USTZORFVwSUVOb1lYUm9ZVzBnU1hOc1lXNWtjeWtvVlZSREt6RXpPakF3S1NCRGIyOXlaR2x1WVhSbFpDQlZibWwyWlhKellXd2dWR2x0WlNzeE14WW9WVlJES3pFek9qQXdLU0JPZFd0MUoyRnNiMlpoRVNoVlZFTXJNVE02TURBcElGTmhiVzloSFNoVlZFTXJNVFE2TURBcElFdHBjbWwwYVcxaGRHa2dTWE5zWVc1a0ZZZ0JBVEFXUkdGMFpXeHBibVVnVTNSaGJtUmhjbVFnVkdsdFpRWlZWRU10TVRFV1FXeGxkWFJwWVc0Z1UzUmhibVJoY21RZ1ZHbHRaUlpJWVhkaGFXbGhiaUJUZEdGdVpHRnlaQ0JVYVcxbEYwMWhjbkYxWlhOaGN5QlRkR0Z1WkdGeVpDQlVhVzFsRlVGc1lYTnJZVzRnVTNSaGJtUmhjbVFnVkdsdFpRWlZWRU10TURrZVVHRmphV1pwWXlCVGRHRnVaR0Z5WkNCVWFXMWxJQ2hOWlhocFkyOHBCbFZVUXkwd09CVlFZV05wWm1saklGTjBZVzVrWVhKa0lGUnBiV1VaVlZNZ1RXOTFiblJoYVc0Z1UzUmhibVJoY21RZ1ZHbHRaUjlOYjNWdWRHRnBiaUJUZEdGdVpHRnlaQ0JVYVcxbElDaE5aWGhwWTI4cEZrMXZkVzUwWVdsdUlGTjBZVzVrWVhKa0lGUnBiV1VkUTJWdWRISmhiQ0JCYldWeWFXTmhJRk4wWVc1a1lYSmtJRlJwYldVVlEyVnVkSEpoYkNCVGRHRnVaR0Z5WkNCVWFXMWxHMFZoYzNSbGNpQkpjMnhoYm1RZ1UzUmhibVJoY21RZ1ZHbHRaUjVEWlc1MGNtRnNJRk4wWVc1a1lYSmtJRlJwYldVZ0tFMWxlR2xqYnlrY1EyRnVZV1JoSUVObGJuUnlZV3dnVTNSaGJtUmhjbVFnVkdsdFpSaFRRU0JRWVdOcFptbGpJRk4wWVc1a1lYSmtJRlJwYldVZVJXRnpkR1Z5YmlCVGRHRnVaR0Z5WkNCVWFXMWxJQ2hOWlhocFkyOHBGVVZoYzNSbGNtNGdVM1JoYm1SaGNtUWdWR2x0WlJOSVlXbDBhU0JUZEdGdVpHRnlaQ0JVYVcxbEVrTjFZbUVnVTNSaGJtUmhjbVFnVkdsdFpSaFZVeUJGWVhOMFpYSnVJRk4wWVc1a1lYSmtJRlJwYldVV1VHRnlZV2QxWVhrZ1UzUmhibVJoY21RZ1ZHbHRaUlpCZEd4aGJuUnBZeUJUZEdGdVpHRnlaQ0JVYVcxbEYxWmxibVY2ZFdWc1lTQlRkR0Z1WkdGeVpDQlVhVzFsSDBObGJuUnlZV3dnUW5KaGVtbHNhV0Z1SUZOMFlXNWtZWEprSUZScGJXVVlVMEVnVjJWemRHVnliaUJUZEdGdVpHRnlaQ0JVYVcxbEdGQmhZMmxtYVdNZ1UwRWdVM1JoYm1SaGNtUWdWR2x0WlI1VWRYSnJjeUJCYm1RZ1EyRnBZMjl6SUZOMFlXNWtZWEprSUZScGJXVWFUbVYzWm05MWJtUnNZVzVrSUZOMFlXNWtZWEprSUZScGJXVVhWRzlqWVc1MGFXNXpJRk4wWVc1a1lYSmtJRlJwYldVZVJTNGdVMjkxZEdnZ1FXMWxjbWxqWVNCVGRHRnVaR0Z5WkNCVWFXMWxHRk5CSUVWaGMzUmxjbTRnVTNSaGJtUmhjbVFnVkdsdFpSZEJjbWRsYm5ScGJtRWdVM1JoYm1SaGNtUWdWR2x0WlJkSGNtVmxibXhoYm1RZ1UzUmhibVJoY21RZ1ZHbHRaUmhOYjI1MFpYWnBaR1Z2SUZOMFlXNWtZWEprSUZScGJXVVlUV0ZuWVd4c1lXNWxjeUJUZEdGdVpHRnlaQ0JVYVcxbEdsTmhhVzUwSUZCcFpYSnlaU0JUZEdGdVpHRnlaQ0JVYVcxbEUwSmhhR2xoSUZOMFlXNWtZWEprSUZScGJXVUdWVlJETFRBeUdrMXBaQzFCZEd4aGJuUnBZeUJUZEdGdVpHRnlaQ0JVYVcxbEZFRjZiM0psY3lCVGRHRnVaR0Z5WkNCVWFXMWxHRU5oY0dVZ1ZtVnlaR1VnVTNSaGJtUmhjbVFnVkdsdFpRTlZWRU1WVFc5eWIyTmpieUJUZEdGdVpHRnlaQ0JVYVcxbEVVZE5WQ0JUZEdGdVpHRnlaQ0JVYVcxbEYwZHlaV1Z1ZDJsamFDQlRkR0Z1WkdGeVpDQlVhVzFsRjFjdUlFVjFjbTl3WlNCVGRHRnVaR0Z5WkNCVWFXMWxIRU5sYm5SeVlXd2dSWFZ5YjNCbElGTjBZVzVrWVhKa0lGUnBiV1VWVW05dFlXNWpaU0JUZEdGdVpHRnlaQ0JVYVcxbEhrTmxiblJ5WVd3Z1JYVnliM0JsWVc0Z1UzUmhibVJoY21RZ1ZHbHRaUjlYTGlCRFpXNTBjbUZzSUVGbWNtbGpZU0JUZEdGdVpHRnlaQ0JVYVcxbEZVNWhiV2xpYVdFZ1UzUmhibVJoY21RZ1ZHbHRaUlJLYjNKa1lXNGdVM1JoYm1SaGNtUWdWR2x0WlJGSFZFSWdVM1JoYm1SaGNtUWdWR2x0WlJsTmFXUmtiR1VnUldGemRDQlRkR0Z1WkdGeVpDQlVhVzFsRTBWbmVYQjBJRk4wWVc1a1lYSmtJRlJwYldVWFJTNGdSWFZ5YjNCbElGTjBZVzVrWVhKa0lGUnBiV1VUVTNseWFXRWdVM1JoYm1SaGNtUWdWR2x0WlJkWFpYTjBJRUpoYm1zZ1UzUmhibVJoY21RZ1ZHbHRaUnBUYjNWMGFDQkJabkpwWTJFZ1UzUmhibVJoY21RZ1ZHbHRaUkZHVEVVZ1UzUmhibVJoY21RZ1ZHbHRaUlJKYzNKaFpXd2dVM1JoYm1SaGNtUWdWR2x0WlJsTFlXeHBibWx1WjNKaFpDQlRkR0Z1WkdGeVpDQlVhVzFsRTB4cFlubGhJRk4wWVc1a1lYSmtJRlJwYldVVVFYSmhZbWxqSUZOMFlXNWtZWEprSUZScGJXVVVWSFZ5YTJWNUlGTjBZVzVrWVhKa0lGUnBiV1VTUVhKaFlpQlRkR0Z1WkdGeVpDQlVhVzFsRlVKbGJHRnlkWE1nVTNSaGJtUmhjbVFnVkdsdFpSVlNkWE56YVdGdUlGTjBZVzVrWVhKa0lGUnBiV1VYUlM0Z1FXWnlhV05oSUZOMFlXNWtZWEprSUZScGJXVVNTWEpoYmlCVGRHRnVaR0Z5WkNCVWFXMWxGVUZ5WVdKcFlXNGdVM1JoYm1SaGNtUWdWR2x0WlJkQmMzUnlZV3RvWVc0Z1UzUmhibVJoY21RZ1ZHbHRaUmhCZW1WeVltRnBhbUZ1SUZOMFlXNWtZWEprSUZScGJXVVNVblZ6YzJsaElGUnBiV1VnV205dVpTQXpGMDFoZFhKcGRHbDFjeUJUZEdGdVpHRnlaQ0JVYVcxbEZWTmhjbUYwYjNZZ1UzUmhibVJoY21RZ1ZHbHRaUlpIWlc5eVoybGhiaUJUZEdGdVpHRnlaQ0JVYVcxbEZrTmhkV05oYzNWeklGTjBZVzVrWVhKa0lGUnBiV1VaUVdabmFHRnVhWE4wWVc0Z1UzUmhibVJoY21RZ1ZHbHRaUmRYWlhOMElFRnphV0VnVTNSaGJtUmhjbVFnVkdsdFpScEZhMkYwWlhKcGJtSjFjbWNnVTNSaGJtUmhjbVFnVkdsdFpSWlFZV3RwYzNSaGJpQlRkR0Z1WkdGeVpDQlVhVzFsRTBsdVpHbGhJRk4wWVc1a1lYSmtJRlJwYldVWFUzSnBJRXhoYm10aElGTjBZVzVrWVhKa0lGUnBiV1VUVG1Wd1lXd2dVM1JoYm1SaGNtUWdWR2x0WlJwRFpXNTBjbUZzSUVGemFXRWdVM1JoYm1SaGNtUWdWR2x0WlJoQ1lXNW5iR0ZrWlhOb0lGTjBZVzVrWVhKa0lGUnBiV1VTVDIxemF5QlRkR0Z1WkdGeVpDQlVhVzFsRlUxNVlXNXRZWElnVTNSaGJtUmhjbVFnVkdsdFpSVlRSU0JCYzJsaElGTjBZVzVrWVhKa0lGUnBiV1VUUVd4MFlXa2dVM1JoYm1SaGNtUWdWR2x0WlJsWExpQk5iMjVuYjJ4cFlTQlRkR0Z1WkdGeVpDQlVhVzFsR0U1dmNuUm9JRUZ6YVdFZ1UzUmhibVJoY21RZ1ZHbHRaUjFPTGlCRFpXNTBjbUZzSUVGemFXRWdVM1JoYm1SaGNtUWdWR2x0WlJOVWIyMXpheUJUZEdGdVpHRnlaQ0JVYVcxbEUwTm9hVzVoSUZOMFlXNWtZWEprSUZScGJXVWRUbTl5ZEdnZ1FYTnBZU0JGWVhOMElGTjBZVzVrWVhKa0lGUnBiV1VYVTJsdVoyRndiM0psSUZOMFlXNWtZWEprSUZScGJXVWFWeTRnUVhWemRISmhiR2xoSUZOMFlXNWtZWEprSUZScGJXVVVWR0ZwY0dWcElGTjBZVzVrWVhKa0lGUnBiV1VaVld4aFlXNWlZV0YwWVhJZ1UzUmhibVJoY21RZ1ZHbHRaUmxPYjNKMGFDQkxiM0psWVNCVGRHRnVaR0Z5WkNCVWFXMWxIRUYxY3lCRFpXNTBjbUZzSUZjdUlGTjBZVzVrWVhKa0lGUnBiV1VaVkhKaGJuTmlZV2xyWVd3Z1UzUmhibVJoY21RZ1ZHbHRaUk5VYjJ0NWJ5QlRkR0Z1WkdGeVpDQlVhVzFsRTB0dmNtVmhJRk4wWVc1a1lYSmtJRlJwYldVVldXRnJkWFJ6YXlCVGRHRnVaR0Z5WkNCVWFXMWxIRU5sYmk0Z1FYVnpkSEpoYkdsaElGTjBZVzVrWVhKa0lGUnBiV1VaUVZWVElFTmxiblJ5WVd3Z1UzUmhibVJoY21RZ1ZHbHRaUnBGTGlCQmRYTjBjbUZzYVdFZ1UzUmhibVJoY21RZ1ZHbHRaUmxCVlZNZ1JXRnpkR1Z5YmlCVGRHRnVaR0Z5WkNCVWFXMWxHbGRsYzNRZ1VHRmphV1pwWXlCVGRHRnVaR0Z5WkNCVWFXMWxGbFJoYzIxaGJtbGhJRk4wWVc1a1lYSmtJRlJwYldVWlZteGhaR2wyYjNOMGIyc2dVM1JoYm1SaGNtUWdWR2x0WlJkTWIzSmtJRWh2ZDJVZ1UzUmhibVJoY21RZ1ZHbHRaUnBDYjNWbllXbHVkbWxzYkdVZ1UzUmhibVJoY21RZ1ZHbHRaUk5TZFhOemFXRWdWR2x0WlNCYWIyNWxJREV3RlUxaFoyRmtZVzRnVTNSaGJtUmhjbVFnVkdsdFpSVk9iM0ptYjJ4cklGTjBZVzVrWVhKa0lGUnBiV1VXVTJGcmFHRnNhVzRnVTNSaGJtUmhjbVFnVkdsdFpSMURaVzUwY21Gc0lGQmhZMmxtYVdNZ1UzUmhibVJoY21RZ1ZHbHRaUk5TZFhOemFXRWdWR2x0WlNCYWIyNWxJREV4R1U1bGR5QmFaV0ZzWVc1a0lGTjBZVzVrWVhKa0lGUnBiV1VHVlZSREt6RXlFa1pwYW1rZ1UzUmhibVJoY21RZ1ZHbHRaUmRMWVcxamFHRjBhMkVnVTNSaGJtUmhjbVFnVkdsdFpSMURhR0YwYUdGdElFbHpiR0Z1WkhNZ1UzUmhibVJoY21RZ1ZHbHRaUVpWVkVNck1UTVRWRzl1WjJFZ1UzUmhibVJoY21RZ1ZHbHRaUk5UWVcxdllTQlRkR0Z1WkdGeVpDQlVhVzFsR2t4cGJtVWdTWE5zWVc1a2N5QlRkR0Z1WkdGeVpDQlVhVzFsRkNzRGlBRm5aMmRuWjJkbloyZG5aMmRuWjJkbloyZG5aMmRuWjJkbloyZG5aMmRuWjJkbloyZG5aMmRuWjJkbloyZG5aMmRuWjJkbloyZG5aMmRuWjJkbloyZG5aMmRuWjJkbloyZG5aMmRuWjJkbloyZG5aMmRuWjJkbloyZG5aMmRuWjJkbloyZG5aMmRuWjJkbloyZG5aMmRuWjJkbloyZG5aMmRuWjJkbloyZG5aMmRuWjJkbloyZG5aR1FDRXc5a0ZnSUNBUTlrRmhRQ0FROFdBaDhEQlJKUGRHaGxjaUJKYm1admNtMWhkR2x2Ympwa0FnTVBaQllFQWdFUFpCWUNBZ0VQRmdJZkF3VU5SR2x5WldOMFFtbHNiR2x1WjJRQ0JnOFZBMHhEYjI1MFpXNTBVR3hoWTJWSWIyeGtaWEpFWldaaGRXeDBYMDFoYzNSbGNsQnNZV05sYUc5c1pHVnlYME5vWVc1blpVRmtaSEpsYzNOZk5sOWphR0pFYVhKbFkzUkNhV3hzYVc1bkgwUnBjbVZqZENCQ2FXeHNhVzVuSUVsdVptOXliV0YwYVc5dUlGUmxlSFFmUkdseVpXTjBJRUpwYkd4cGJtY2dTVzV6ZEhKMVkzUnBiMjRnVkdWNGRHUUNCUTlrRmdZQ0FROWtGZ0lDQVE4UEZnSWZBd1VSUW1sc2JHbHVaMEZuWlc1amVVNWhiV1ZrWkFJRkR4QVBGZ0lmRUdka1pCWUFaQUlIRHhZQ0h3Um5GZ0ptRHhVQk4wNXZJR0ZuWlc1amFXVnpJRzVoYldVZ1ptOTFibVFzSUZCc1pXRnpaU0JqYjI1MFlXTjBJR04xYzNSdmJXVnlJSE4xY0hCdmNuUmtBZ2NQWkJZRUFnRVBaQllDQWdFUER4WUNId01GQ2s5bVptbGpaVTVoYldWa1pBSUZEeEFQRmdJZkVHZGtaQllBWkFJSkQyUVdBZ0lCRDJRV0FnSUJEdzhXQWg4REJROVBkR2hsY2tGblpXNWplVWx1Wm05a1pBSUxEMlFXQWdJQkQyUVdBZ0lCRHc4V0FoOERCUTlaYjNWeVEyOXVkR0ZqZEU1aGJXVmtaQUlORDJRV0FnSUJEMlFXQWdJQkR3OFdBaDhEQlF4RGIyNTBZV04wVUdodmJtVmtaQUlQRHc4V0FoOEVaMlFXQkFJQkQyUVdBZ0lCRHc4V0FoOERCUkJCWkdScGRHbHZibUZzSUVWdFlXbHNaR1FDQlE4UEZnSWZDMmhrWkFJUkR3OFdBaDhFWjJRV0JBSUJEMlFXQWdJQkR3OFdCaDhEQlJSUWNtbGpaVUZuY21WbGJXVnVkRTUxYldKbGNoOEhCUmNnY21WeGRXbHlaV1JHYVdWc1pFTm9ZWEpoWTNSbGNoOElBZ0prWkFJRkR3OFdBaDhEQlFWd2NtbGpaV1JrQWhNUER4WUNId1JuWkJZRUFnRVBaQllDQWdFUEZnSWZBd1VJUTJGdGNHRnBaMjVrQWdVUEVBOFdBaDhRWjJRUEZnSm1BZ0VXQWhBRkNrNWxkM05NWlhSMFpYSUZGVk4xWW5OamNtbGlaVlJ2VG1WM2MweGxkSFJsY21jUUJRWlRkWEoyWlhrRkJsTjFjblpsZVdjV0FHUUNGUThQRmdJZkF3VUVVMkYyWldSa0FoY1BaQllDQWdFUEZnSWZBd1VjS2lCVWFHVnpaU0JtYVdWc1pITWdZWEpsSUcxaGJtUmhkRzl5ZVdRQ0dROWtGZ0lDQVE4V0FoOERaV1FDQlE5a0ZnSm1EdzhXQWg4TkJSTk5lU0JCWTJOdmRXNTBJRk5sZEhScGJtZHpaQllVQWdNUEZnSWZBd1VQUVdOamIzVnVkQ0JFWlhSaGFXeHpaQUlGRHhZQ0h3TUZERUZqWTI5MWJuUWdUbTh1T21RQ0J3OFdBaDhEQlFReE9EUTJaQUlKRHhZQ0h3TUZDME52Ym5SaFkzUWdTVVE2WkFJTER4WUNId01GQ3pNeE1UQXdNREF6TWpVNVpBSU5EeFlDSHdNRkNsTnZiR1JVYnlCSlJEcGtBZzhQRmdJZkF3VUZaVzF3ZEhsa0FoRVBaQllFQWdFUEZnSWZBd1ZpVUhKcFkyVWdRV2R5WldWdFpXNTBJRTV2TGpvZ1BITndZVzRnWTJ4aGMzTTlJblJ2YjJ4MGFYQmZhV052YmlJZ2RHbDBiR1U5SW5SdmIyeDBhWEFnWm05eUlIQnlhV05sSUdGbmNtVmxiV1Z1ZENCdWRXMWlaWElpUGp3dmMzQmhiajVrQWdNUEZnSWZBd1VGY0hKcFkyVmtBaE1QWkJZUUFnRVBGZ0lmQXdVTlRHOW5hVzRnUkdWMFlXbHNjMlFDQXc4V0FoOERCUWhYWldKc2IyZHBibVFDQlE4V0FoOERCUlp3Ym5SbGMzUXdNREZBWlhWeWIyWnBibk11WTI5dFpBSUpEMlFXQWdJQkR3OFdCaDhEQlJGRGRYSnlaVzUwSUZCaGMzTjNiM0prT2g4SEJSY2djbVZ4ZFdseVpXUkdhV1ZzWkVOb1lYSmhZM1JsY2g4SUFnSmtaQUlMRDJRV0FnSUJEeFlDSHdNRkRVNWxkeUJRWVhOemQyOXlaRHBrQWcwUFpCWUNBZ0VQRHhZR0h3TUZFRU52Ym1acGNtMGdVR0Z6YzNkdmNtUWZCd1VYSUhKbGNYVnBjbVZrUm1sbGJHUkRhR0Z5WVdOMFpYSWZDQUlDWkdRQ0R3OWtGZ1ptRHhVQmFFTnZiblJsYm5SUWJHRmpaVWh2YkdSbGNrUmxabUYxYkhSZlRXRnpkR1Z5VUd4aFkyVm9iMnhrWlhKZmRXTk5lVUZqWTI5MWJuUlRaWFIwYVc1bmMxODNYM1p6UTJoaGJtZGxVR0Z6YzNkdmNtUmZaV052YlZaaGJHbGtZWFJwYjI1VGRXMXRZWEo1WkFJQkR3OFdBaDRQVm1Gc2FXUmhkR2x2YmtkeWIzVndCUTVEYUdGdVoyVlFZWE56ZDI5eVpHUmtBZ0lQRlFGb1EyOXVkR1Z1ZEZCc1lXTmxTRzlzWkdWeVJHVm1ZWFZzZEY5TllYTjBaWEpRYkdGalpXaHZiR1JsY2w5MVkwMTVRV05qYjNWdWRGTmxkSFJwYm1kelh6ZGZkbk5EYUdGdVoyVlFZWE56ZDI5eVpGOWxZMjl0Vm1Gc2FXUmhkR2x2YmxOMWJXMWhjbmxrQWhBUEZRRnhRMjl1ZEdWdWRGQnNZV05sU0c5c1pHVnlSR1ZtWVhWc2RGOU5ZWE4wWlhKUWJHRmpaV2h2YkdSbGNsOTFZMDE1UVdOamIzVnVkRk5sZEhScGJtZHpYemRmY0c1c1JISmhaMkZpYkdWWGFXNWtiM2REYjI1MFpXNTBYMGx1YkdsdVpVMWxjM05oWjJWRGIyNTBZV2x1WlhKa0FoVVBEeFlDSHdNRkJGTmhkbVZrWkFJSEQyUVdBbVlQRHhZQ0h3MEZFVVJ5YjNCaWIzZ2dURzlqWVhScGIyNXpaQllLQWdNUEZnSWZBd1VUVTJWc1pXTjBJSGx2ZFhJZ1pISnZjR0p2ZUdRQ0JROFdBaDhEQlNWRWFYTndiR0Y1SUVSeWIzQkNiM2hsY3lCcGJpQXlNQ0JOYVd4bElISmhibWRsSUc5bVpBSUhEdzhXQWg4REJRWTFOakF3TkRKa1pBSUlEeFVCYVVOdmJuUmxiblJRYkdGalpVaHZiR1JsY2tSbFptRjFiSFJmVFdGemRHVnlVR3hoWTJWb2IyeGtaWEpmZFdORWNtOXdRbTk0WlhOZk9GOXdibXhFY21GbllXSnNaVmRwYm1SdmQwTnZiblJsYm5SZlNXNXNhVzVsVFdWemMyRm5aVU52Ym5SaGFXNWxjbVFDQ1E4UEZnSWZCR2hrRmdZQ0FROFdBaDRGVm1Gc2RXVmtaQUlERHhZQ0h4UUZRM3NpUkdsemRHRnVZMlZKYmxKaFpHbDFjeUk2TWpBc0lsVnVhWFJQWmtScGMzUmhibU5sSWpveUxDSkpibWwwYVdGc1RXRndXbTl2YlV4bGRtVnNJam94Tlgxa0FnY1BGZ0llQzE4aFNYUmxiVU52ZFc1MEF2Ly8vLzhQWkFJVkQyUVdBbVlQWkJZQ1pnOFZBYVlHZG1GeUlITm9iM2RRY205bmNtVnpjMEpoY2tGbWRHVnlQVEl3TURzTkNuWmhjaUJ0WlhOellXZGxVSEp2WjNKbGMzTkNZWEk5SjFCc1pXRnpaU0IzWVdsMExpNHVKenNOQ25aaGNpQndjbTluY21WemMwSmhjbFJwZEd4bFBTZFFiR1ZoYzJVZ2QyRnBkQzR1TGljN0RRcDJZWElnY0hKdlozSmxjM05DWVhKRFlXNWpaV3hDZFhSMGIyNVVaWGgwUFNkRFlXNWpaV3duT3cwS2RtRnlJR0ZzWlhKMFRXVnpjMkZuWlVKMWRIUnZibFJsZUhROUowOXJKenNOQ25aaGNpQmhiR1Z5ZEUxbGMzTmhaMlZVYVhSc1pUMG5RV3hsY25RZ1RXVnpjMkZuWlNjN0RRcDJZWElnYjNCbGNtOXVVMmwwWlZWeWJEMG5KenNOQ25aaGNpQmpkWEp5Wlc1MFUybDBaVU52WkdVOUowVkNSU2M3RFFwMllYSWdjM1ZpUkc5dFlXbHVQU2RSUVNjN0RRcDJZWElnY0c5eWRFNTFiV0psY2owbk9ERW5PdzBLZG1GeUlIQnlaVXh2WVdSSmJXRm5aVXhwYzNROVd5Y3ZZM056TDJWNGRDOXFjWFZsY25sMGFHVnRaWE12YVcxaFoyVnpMM1ZwTFdKblgyZHNZWE56WHpVMVh6RmpNV014WTE4eGVEUXdNQzV3Ym1jblhUc05DblpoY2lCd2NtbGphVzVuUkdWMFlXbHNjME5zYjNObFFuVjBkRzl1VkdWNGREMG5RMnh2YzJVbk93MEtkbUZ5SUVGa1pFSjFkSFJ2YmxKbGMyOTFjbU5sVkdWNGRDQTlJQ2RCWkdRbk93MEtkbUZ5SUVOaGJtTmxiRUoxZEhSdmJsSmxjMjkxY21ObFZHVjRkQ0E5SUNkRFlXNWpaV3duT3cwS2RtRnlJRU5zYjNObFFuVjBkRzl1VW1WemIzVnlZMlZVWlhoMElEMGdKME5zYjNObEp6c05DblpoY2lCVFlYWmxRblYwZEc5dVVtVnpiM1Z5WTJWVVpYaDBJRDBnSjFOaGRtVW5PdzBLZG1GeUlFNXZRblYwZEc5dVVtVnpiM1Z5WTJWVVpYaDBJRDBnSjA1dkp6c05DblpoY2lCWlpYTkNkWFIwYjI1U1pYTnZkWEpqWlZSbGVIUWdQU0FuV1dWekp6c05DblpoY2lCVWFHbGphMEp2ZUVOc2IzTmxWR1Y0ZEZKbGMyOTFjbU5sSUQwZ0oyOXlJRVZ6WXlCTFpYa25PdzBLZG1GeUlGUm9hV05yUW05NFEyeHZjMlZNYVc1clVtVnpiM1Z5WTJVZ1BTQW5ZMnh2YzJVbk93MEtkbUZ5SUdSbGNHeHZlVzFsYm5SRmJuWnBjbTl1YldWdWRDQTlJQ2RSUVNjN0RRcGtaTy85T0xxL1dSWDdIT3ZSeVdyRWlwL3BDa0ZibzU2RnFscWRCekdGd3ZSciIgQ29ycmVsYXRpb25CaW5kaW5nPSIiIFVybEVuY29kZT0iVHJ1ZSIgLz4NCiAgICAgICAgPEZvcm1Qb3N0UGFyYW1ldGVyIE5hbWU9ImN0bDAwJGN0bDAwJGN0bDAwJENvbnRlbnRQbGFjZUhvbGRlckRlZmF1bHQkVG9wTG9nZ2VkSW5fMSRoZG5TY3JlZW5BcmVhIiBWYWx1ZT0ie3skSElEREVOMS5jdGwwMCRjdGwwMCRjdGwwMCRDb250ZW50UGxhY2VIb2xkZXJEZWZhdWx0JFRvcExvZ2dlZEluXzEkaGRuU2NyZWVuQXJlYX19IiBSZWNvcmRlZFZhbHVlPSIiIENvcnJlbGF0aW9uQmluZGluZz0iIiBVcmxFbmNvZGU9IlRydWUiIC8+DQogICAgICAgIDxGb3JtUG9zdFBhcmFtZXRlciBOYW1lPSJjdGwwMCRjdGwwMCRjdGwwMCRDb250ZW50UGxhY2VIb2xkZXJEZWZhdWx0JENhcnRPdmVydmlld18zJGhkbkZpZWxkU2VsZWN0ZWRPcmRlckl0ZW1DaGVja291dFN0YXRlcyIgVmFsdWU9Int7JEhJRERFTjEuY3RsMDAkY3RsMDAkY3RsMDAkQ29udGVudFBsYWNlSG9sZGVyRGVmYXVsdCRDYXJ0T3ZlcnZpZXdfMyRoZG5GaWVsZFNlbGVjdGVkT3JkZXJJdGVtQ2hlY2tvdXRTdGF0ZXN9fSIgUmVjb3JkZWRWYWx1ZT0iIiBDb3JyZWxhdGlvbkJpbmRpbmc9IiIgVXJsRW5jb2RlPSJUcnVlIiAvPg0KICAgICAgICA8Rm9ybVBvc3RQYXJhbWV0ZXIgTmFtZT0iY3RsMDAkY3RsMDAkY3RsMDAkQ29udGVudFBsYWNlSG9sZGVyRGVmYXVsdCRDYXJ0T3ZlcnZpZXdfMyRoZG5GaWVsZENvbXBsZXRlQ2FydENoZWNrb3V0U3RhdGVFbnVtcyIgVmFsdWU9Int7JEhJRERFTjEuY3RsMDAkY3RsMDAkY3RsMDAkQ29udGVudFBsYWNlSG9sZGVyRGVmYXVsdCRDYXJ0T3ZlcnZpZXdfMyRoZG5GaWVsZENvbXBsZXRlQ2FydENoZWNrb3V0U3RhdGVFbnVtc319IiBSZWNvcmRlZFZhbHVlPSIiIENvcnJlbGF0aW9uQmluZGluZz0iIiBVcmxFbmNvZGU9IlRydWUiIC8+DQogICAgICAgIDxGb3JtUG9zdFBhcmFtZXRlciBOYW1lPSJjdGwwMCRjdGwwMCRjdGwwMCRDb250ZW50UGxhY2VIb2xkZXJEZWZhdWx0JENhcnRPdmVydmlld18zJGhkbkZpZWxkU2VsZWN0ZWRJdGVtSWRzIiBWYWx1ZT0ie3skSElEREVOMS5jdGwwMCRjdGwwMCRjdGwwMCRDb250ZW50UGxhY2VIb2xkZXJEZWZhdWx0JENhcnRPdmVydmlld18zJGhkbkZpZWxkU2VsZWN0ZWRJdGVtSWRzfX0iIFJlY29yZGVkVmFsdWU9IiIgQ29ycmVsYXRpb25CaW5kaW5nPSIiIFVybEVuY29kZT0iVHJ1ZSIgLz4NCiAgICAgICAgPEZvcm1Qb3N0UGFyYW1ldGVyIE5hbWU9ImN0bDAwJGN0bDAwJGN0bDAwJENvbnRlbnRQbGFjZUhvbGRlckRlZmF1bHQkQ2FydE92ZXJ2aWV3XzMkaGRuU2NyZWVuQXJlYSIgVmFsdWU9Int7JEhJRERFTjEuY3RsMDAkY3RsMDAkY3RsMDAkQ29udGVudFBsYWNlSG9sZGVyRGVmYXVsdCRDYXJ0T3ZlcnZpZXdfMyRoZG5TY3JlZW5BcmVhfX0iIFJlY29yZGVkVmFsdWU9IiIgQ29ycmVsYXRpb25CaW5kaW5nPSIiIFVybEVuY29kZT0iVHJ1ZSIgLz4NCiAgICAgICAgPEZvcm1Qb3N0UGFyYW1ldGVyIE5hbWU9ImN0bDAwJGN0bDAwJGN0bDAwJENvbnRlbnRQbGFjZUhvbGRlckRlZmF1bHQkTWFzdGVyUGxhY2Vob2xkZXIkUmVxdWlyZVVzZXJMb2dpbl81JGhkblNjcmVlbkFyZWEiIFZhbHVlPSJ7eyRISURERU4xLmN0bDAwJGN0bDAwJGN0bDAwJENvbnRlbnRQbGFjZUhvbGRlckRlZmF1bHQkTWFzdGVyUGxhY2Vob2xkZXIkUmVxdWlyZVVzZXJMb2dpbl81JGhkblNjcmVlbkFyZWF9fSIgUmVjb3JkZWRWYWx1ZT0iIiBDb3JyZWxhdGlvbkJpbmRpbmc9IiIgVXJsRW5jb2RlPSJUcnVlIiAvPg0KICAgICAgICA8Rm9ybVBvc3RQYXJhbWV0ZXIgTmFtZT0iY3RsMDAkY3RsMDAkY3RsMDAkQ29udGVudFBsYWNlSG9sZGVyRGVmYXVsdCRNYXN0ZXJQbGFjZWhvbGRlciRDaGFuZ2VBZGRyZXNzXzYkaGRuU3RhdGVLZXkiIFZhbHVlPSJ7eyRISURERU4xLmN0bDAwJGN0bDAwJGN0bDAwJENvbnRlbnRQbGFjZUhvbGRlckRlZmF1bHQkTWFzdGVyUGxhY2Vob2xkZXIkQ2hhbmdlQWRkcmVzc182JGhkblN0YXRlS2V5fX0iIFJlY29yZGVkVmFsdWU9IklOLUtBIiBDb3JyZWxhdGlvbkJpbmRpbmc9IiIgVXJsRW5jb2RlPSJUcnVlIiAvPg0KICAgICAgICA8Rm9ybVBvc3RQYXJhbWV0ZXIgTmFtZT0iY3RsMDAkY3RsMDAkY3RsMDAkQ29udGVudFBsYWNlSG9sZGVyRGVmYXVsdCRNYXN0ZXJQbGFjZWhvbGRlciRDaGFuZ2VBZGRyZXNzXzYkaGRuQmlsbGluZ0FnZW5jaWVzIiBWYWx1ZT0ie3skSElEREVOMS5jdGwwMCRjdGwwMCRjdGwwMCRDb250ZW50UGxhY2VIb2xkZXJEZWZhdWx0JE1hc3RlclBsYWNlaG9sZGVyJENoYW5nZUFkZHJlc3NfNiRoZG5CaWxsaW5nQWdlbmNpZXN9fSIgUmVjb3JkZWRWYWx1ZT0iIiBDb3JyZWxhdGlvbkJpbmRpbmc9IiIgVXJsRW5jb2RlPSJUcnVlIiAvPg0KICAgICAgICA8Rm9ybVBvc3RQYXJhbWV0ZXIgTmFtZT0iY3RsMDAkY3RsMDAkY3RsMDAkQ29udGVudFBsYWNlSG9sZGVyRGVmYXVsdCRNYXN0ZXJQbGFjZWhvbGRlciRDaGFuZ2VBZGRyZXNzXzYkaGRuQ29udGFjdEFkZHJlc3MiIFZhbHVlPSJ7eyRISURERU4xLmN0bDAwJGN0bDAwJGN0bDAwJENvbnRlbnRQbGFjZUhvbGRlckRlZmF1bHQkTWFzdGVyUGxhY2Vob2xkZXIkQ2hhbmdlQWRkcmVzc182JGhkbkNvbnRhY3RBZGRyZXNzfX0iIFJlY29yZGVkVmFsdWU9IiIgQ29ycmVsYXRpb25CaW5kaW5nPSIiIFVybEVuY29kZT0iVHJ1ZSIgLz4NCiAgICAgICAgPEZvcm1Qb3N0UGFyYW1ldGVyIE5hbWU9ImN0bDAwJGN0bDAwJGN0bDAwJENvbnRlbnRQbGFjZUhvbGRlckRlZmF1bHQkTWFzdGVyUGxhY2Vob2xkZXIkQ2hhbmdlQWRkcmVzc182JGhkbkJpbGxpbmdBZ2VuY3lJZCIgVmFsdWU9Int7JEhJRERFTjEuY3RsMDAkY3RsMDAkY3RsMDAkQ29udGVudFBsYWNlSG9sZGVyRGVmYXVsdCRNYXN0ZXJQbGFjZWhvbGRlciRDaGFuZ2VBZGRyZXNzXzYkaGRuQmlsbGluZ0FnZW5jeUlkfX0iIFJlY29yZGVkVmFsdWU9IiIgQ29ycmVsYXRpb25CaW5kaW5nPSIiIFVybEVuY29kZT0iVHJ1ZSIgLz4NCiAgICAgICAgPEZvcm1Qb3N0UGFyYW1ldGVyIE5hbWU9ImN0bDAwJGN0bDAwJGN0bDAwJENvbnRlbnRQbGFjZUhvbGRlckRlZmF1bHQkTWFzdGVyUGxhY2Vob2xkZXIkQ2hhbmdlQWRkcmVzc182JGhkbkJpbGxpbmdBZ2VuY3lOYW1lIiBWYWx1ZT0ie3skSElEREVOMS5jdGwwMCRjdGwwMCRjdGwwMCRDb250ZW50UGxhY2VIb2xkZXJEZWZhdWx0JE1hc3RlclBsYWNlaG9sZGVyJENoYW5nZUFkZHJlc3NfNiRoZG5CaWxsaW5nQWdlbmN5TmFtZX19IiBSZWNvcmRlZFZhbHVlPSIiIENvcnJlbGF0aW9uQmluZGluZz0iIiBVcmxFbmNvZGU9IlRydWUiIC8+DQogICAgICAgIDxGb3JtUG9zdFBhcmFtZXRlciBOYW1lPSJjdGwwMCRjdGwwMCRjdGwwMCRDb250ZW50UGxhY2VIb2xkZXJEZWZhdWx0JE1hc3RlclBsYWNlaG9sZGVyJENoYW5nZUFkZHJlc3NfNiRoZG5PZmZpY2VOYW1lIiBWYWx1ZT0ie3skSElEREVOMS5jdGwwMCRjdGwwMCRjdGwwMCRDb250ZW50UGxhY2VIb2xkZXJEZWZhdWx0JE1hc3RlclBsYWNlaG9sZGVyJENoYW5nZUFkZHJlc3NfNiRoZG5PZmZpY2VOYW1lfX0iIFJlY29yZGVkVmFsdWU9IiIgQ29ycmVsYXRpb25CaW5kaW5nPSIiIFVybEVuY29kZT0iVHJ1ZSIgLz4NCiAgICAgICAgPEZvcm1Qb3N0UGFyYW1ldGVyIE5hbWU9ImN0bDAwJGN0bDAwJGN0bDAwJENvbnRlbnRQbGFjZUhvbGRlckRlZmF1bHQkTWFzdGVyUGxhY2Vob2xkZXIkQ2hhbmdlQWRkcmVzc182JHR4dFRpdGxlIiBWYWx1ZT0iTVIiIFJlY29yZGVkVmFsdWU9Ik1SIiBDb3JyZWxhdGlvbkJpbmRpbmc9Int7Rm9ybVBvc3RQYXJhbTEuY3RsMDAkY3RsMDAkY3RsMDAkQ29udGVudFBsYWNlSG9sZGVyRGVmYXVsdCRNYXN0ZXJQbGFjZWhvbGRlciRDaGFuZ2VBZGRyZXNzXzYkdHh0VGl0bGV9fSIgVXJsRW5jb2RlPSJUcnVlIiAvPg0KICAgICAgICA8Rm9ybVBvc3RQYXJhbWV0ZXIgTmFtZT0iY3RsMDAkY3RsMDAkY3RsMDAkQ29udGVudFBsYWNlSG9sZGVyRGVmYXVsdCRNYXN0ZXJQbGFjZWhvbGRlciRDaGFuZ2VBZGRyZXNzXzYkdHh0Rmlyc3RuYW1lIiBWYWx1ZT0icG50ZXN0ZjAwMSIgUmVjb3JkZWRWYWx1ZT0icG50ZXN0ZjAwMSIgQ29ycmVsYXRpb25CaW5kaW5nPSJ7e0Zvcm1Qb3N0UGFyYW0yLmN0bDAwJGN0bDAwJGN0bDAwJENvbnRlbnRQbGFjZUhvbGRlckRlZmF1bHQkTWFzdGVyUGxhY2Vob2xkZXIkQ2hhbmdlQWRkcmVzc182JHR4dEZpcnN0bmFtZX19IiBVcmxFbmNvZGU9IlRydWUiIC8+DQogICAgICAgIDxGb3JtUG9zdFBhcmFtZXRlciBOYW1lPSJjdGwwMCRjdGwwMCRjdGwwMCRDb250ZW50UGxhY2VIb2xkZXJEZWZhdWx0JE1hc3RlclBsYWNlaG9sZGVyJENoYW5nZUFkZHJlc3NfNiR0eHRMYXN0bmFtZSIgVmFsdWU9InBudGVzdGwwMDEiIFJlY29yZGVkVmFsdWU9InBudGVzdGwwMDEiIENvcnJlbGF0aW9uQmluZGluZz0ie3tGb3JtUG9zdFBhcmFtMy5jdGwwMCRjdGwwMCRjdGwwMCRDb250ZW50UGxhY2VIb2xkZXJEZWZhdWx0JE1hc3RlclBsYWNlaG9sZGVyJENoYW5nZUFkZHJlc3NfNiR0eHRMYXN0bmFtZX19IiBVcmxFbmNvZGU9IlRydWUiIC8+DQogICAgICAgIDxGb3JtUG9zdFBhcmFtZXRlciBOYW1lPSJjdGwwMCRjdGwwMCRjdGwwMCRDb250ZW50UGxhY2VIb2xkZXJEZWZhdWx0JE1hc3RlclBsYWNlaG9sZGVyJENoYW5nZUFkZHJlc3NfNiR0eHRDb21wYW55IiBWYWx1ZT0iRXVyb2ZpbnMiIFJlY29yZGVkVmFsdWU9IkV1cm9maW5zIiBDb3JyZWxhdGlvbkJpbmRpbmc9Int7Rm9ybVBvc3RQYXJhbTQuY3RsMDAkY3RsMDAkY3RsMDAkQ29udGVudFBsYWNlSG9sZGVyRGVmYXVsdCRNYXN0ZXJQbGFjZWhvbGRlciRDaGFuZ2VBZGRyZXNzXzYkdHh0Q29tcGFueX19IiBVcmxFbmNvZGU9IlRydWUiIC8+DQogICAgICAgIDxGb3JtUG9zdFBhcmFtZXRlciBOYW1lPSJjdGwwMCRjdGwwMCRjdGwwMCRDb250ZW50UGxhY2VIb2xkZXJEZWZhdWx0JE1hc3RlclBsYWNlaG9sZGVyJENoYW5nZUFkZHJlc3NfNiR0eHREZXBhcnRtZW50IiBWYWx1ZT0iSVQiIFJlY29yZGVkVmFsdWU9IklUIiBDb3JyZWxhdGlvbkJpbmRpbmc9Int7Rm9ybVBvc3RQYXJhbTUuY3RsMDAkY3RsMDAkY3RsMDAkQ29udGVudFBsYWNlSG9sZGVyRGVmYXVsdCRNYXN0ZXJQbGFjZWhvbGRlciRDaGFuZ2VBZGRyZXNzXzYkdHh0RGVwYXJ0bWVudH19IiBVcmxFbmNvZGU9IlRydWUiIC8+DQogICAgICAgIDxGb3JtUG9zdFBhcmFtZXRlciBOYW1lPSJjdGwwMCRjdGwwMCRjdGwwMCRDb250ZW50UGxhY2VIb2xkZXJEZWZhdWx0JE1hc3RlclBsYWNlaG9sZGVyJENoYW5nZUFkZHJlc3NfNiR0eHRHcm91cCIgVmFsdWU9Ikdyb3VwIiBSZWNvcmRlZFZhbHVlPSJHcm91cCIgQ29ycmVsYXRpb25CaW5kaW5nPSJ7e0Zvcm1Qb3N0UGFyYW02LmN0bDAwJGN0bDAwJGN0bDAwJENvbnRlbnRQbGFjZUhvbGRlckRlZmF1bHQkTWFzdGVyUGxhY2Vob2xkZXIkQ2hhbmdlQWRkcmVzc182JHR4dEdyb3VwfX0iIFVybEVuY29kZT0iVHJ1ZSIgLz4NCiAgICAgICAgPEZvcm1Qb3N0UGFyYW1ldGVyIE5hbWU9ImN0bDAwJGN0bDAwJGN0bDAwJENvbnRlbnRQbGFjZUhvbGRlckRlZmF1bHQkTWFzdGVyUGxhY2Vob2xkZXIkQ2hhbmdlQWRkcmVzc182JHR4dFN0cmVldCIgVmFsdWU9IlN0cmVldDAwMSIgUmVjb3JkZWRWYWx1ZT0iU3RyZWV0MDAxIiBDb3JyZWxhdGlvbkJpbmRpbmc9Int7Rm9ybVBvc3RQYXJhbTcuY3RsMDAkY3RsMDAkY3RsMDAkQ29udGVudFBsYWNlSG9sZGVyRGVmYXVsdCRNYXN0ZXJQbGFjZWhvbGRlciRDaGFuZ2VBZGRyZXNzXzYkdHh0U3RyZWV0fX0iIFVybEVuY29kZT0iVHJ1ZSIgLz4NCiAgICAgICAgPEZvcm1Qb3N0UGFyYW1ldGVyIE5hbWU9ImN0bDAwJGN0bDAwJGN0bDAwJENvbnRlbnRQbGFjZUhvbGRlckRlZmF1bHQkTWFzdGVyUGxhY2Vob2xkZXIkQ2hhbmdlQWRkcmVzc182JHR4dFN0cmVldDIiIFZhbHVlPSJTdHJlZXQwMDEiIFJlY29yZGVkVmFsdWU9IlN0cmVldDAwMSIgQ29ycmVsYXRpb25CaW5kaW5nPSJ7e0Zvcm1Qb3N0UGFyYW04LmN0bDAwJGN0bDAwJGN0bDAwJENvbnRlbnRQbGFjZUhvbGRlckRlZmF1bHQkTWFzdGVyUGxhY2Vob2xkZXIkQ2hhbmdlQWRkcmVzc182JHR4dFN0cmVldDJ9fSIgVXJsRW5jb2RlPSJUcnVlIiAvPg0KICAgICAgICA8Rm9ybVBvc3RQYXJhbWV0ZXIgTmFtZT0iY3RsMDAkY3RsMDAkY3RsMDAkQ29udGVudFBsYWNlSG9sZGVyRGVmYXVsdCRNYXN0ZXJQbGFjZWhvbGRlciRDaGFuZ2VBZGRyZXNzXzYkdHh0U3RyZWV0MyIgVmFsdWU9IlN0cmVldDAwMSIgUmVjb3JkZWRWYWx1ZT0iU3RyZWV0MDAxIiBDb3JyZWxhdGlvbkJpbmRpbmc9Int7Rm9ybVBvc3RQYXJhbTkuY3RsMDAkY3RsMDAkY3RsMDAkQ29udGVudFBsYWNlSG9sZGVyRGVmYXVsdCRNYXN0ZXJQbGFjZWhvbGRlciRDaGFuZ2VBZGRyZXNzXzYkdHh0U3RyZWV0M319IiBVcmxFbmNvZGU9IlRydWUiIC8+DQogICAgICAgIDxGb3JtUG9zdFBhcmFtZXRlciBOYW1lPSJjdGwwMCRjdGwwMCRjdGwwMCRDb250ZW50UGxhY2VIb2xkZXJEZWZhdWx0JE1hc3RlclBsYWNlaG9sZGVyJENoYW5nZUFkZHJlc3NfNiR0eHRDaXR5IiBWYWx1ZT0iQ2l0eTAwMSIgUmVjb3JkZWRWYWx1ZT0iQ2l0eTAwMSIgQ29ycmVsYXRpb25CaW5kaW5nPSJ7e0Zvcm1Qb3N0UGFyYW0xMC5jdGwwMCRjdGwwMCRjdGwwMCRDb250ZW50UGxhY2VIb2xkZXJEZWZhdWx0JE1hc3RlclBsYWNlaG9sZGVyJENoYW5nZUFkZHJlc3NfNiR0eHRDaXR5fX0iIFVybEVuY29kZT0iVHJ1ZSIgLz4NCiAgICAgICAgPEZvcm1Qb3N0UGFyYW1ldGVyIE5hbWU9ImN0bDAwJGN0bDAwJGN0bDAwJENvbnRlbnRQbGFjZUhvbGRlckRlZmF1bHQkTWFzdGVyUGxhY2Vob2xkZXIkQ2hhbmdlQWRkcmVzc182JGRkbENvdW50cnkiIFZhbHVlPSJJTiIgUmVjb3JkZWRWYWx1ZT0iSU4iIENvcnJlbGF0aW9uQmluZGluZz0ie3tGb3JtUG9zdFBhcmFtMTcuY3RsMDAkY3RsMDAkY3RsMDAkQ29udGVudFBsYWNlSG9sZGVyRGVmYXVsdCRNYXN0ZXJQbGFjZWhvbGRlciRDaGFuZ2VBZGRyZXNzXzYkZGRsQ291bnRyeX19IiBVcmxFbmNvZGU9IlRydWUiIC8+DQogICAgICAgIDxGb3JtUG9zdFBhcmFtZXRlciBOYW1lPSJjdGwwMCRjdGwwMCRjdGwwMCRDb250ZW50UGxhY2VIb2xkZXJEZWZhdWx0JE1hc3RlclBsYWNlaG9sZGVyJENoYW5nZUFkZHJlc3NfNiRkZGxTdGF0ZSIgVmFsdWU9IklOLUtBIiBSZWNvcmRlZFZhbHVlPSJJTi1LQSIgQ29ycmVsYXRpb25CaW5kaW5nPSJ7e0Zvcm1Qb3N0UGFyYW0xOC5jdGwwMCRjdGwwMCRjdGwwMCRDb250ZW50UGxhY2VIb2xkZXJEZWZhdWx0JE1hc3RlclBsYWNlaG9sZGVyJENoYW5nZUFkZHJlc3NfNiRkZGxTdGF0ZX19IiBVcmxFbmNvZGU9IlRydWUiIC8+DQogICAgICAgIDxGb3JtUG9zdFBhcmFtZXRlciBOYW1lPSJjdGwwMCRjdGwwMCRjdGwwMCRDb250ZW50UGxhY2VIb2xkZXJEZWZhdWx0JE1hc3RlclBsYWNlaG9sZGVyJENoYW5nZUFkZHJlc3NfNiR0eHRQb3N0YWxDb2RlIiBWYWx1ZT0iNTYwMDQyIiBSZWNvcmRlZFZhbHVlPSI1NjAwNDIiIENvcnJlbGF0aW9uQmluZGluZz0ie3tGb3JtUG9zdFBhcmFtMTEuY3RsMDAkY3RsMDAkY3RsMDAkQ29udGVudFBsYWNlSG9sZGVyRGVmYXVsdCRNYXN0ZXJQbGFjZWhvbGRlciRDaGFuZ2VBZGRyZXNzXzYkdHh0UG9zdGFsQ29kZX19IiBVcmxFbmNvZGU9IlRydWUiIC8+DQogICAgICAgIDxGb3JtUG9zdFBhcmFtZXRlciBOYW1lPSJjdGwwMCRjdGwwMCRjdGwwMCRDb250ZW50UGxhY2VIb2xkZXJEZWZhdWx0JE1hc3RlclBsYWNlaG9sZGVyJENoYW5nZUFkZHJlc3NfNiR0eHRFbWFpbCIgVmFsdWU9InBudGVzdDAwMUBldXJvZmlucy5jb20iIFJlY29yZGVkVmFsdWU9InBudGVzdDAwMUBldXJvZmlucy5jb20iIENvcnJlbGF0aW9uQmluZGluZz0ie3tGb3JtUG9zdFBhcmFtMTIuY3RsMDAkY3RsMDAkY3RsMDAkQ29udGVudFBsYWNlSG9sZGVyRGVmYXVsdCRNYXN0ZXJQbGFjZWhvbGRlciRDaGFuZ2VBZGRyZXNzXzYkdHh0RW1haWx9fSIgVXJsRW5jb2RlPSJUcnVlIiAvPg0KICAgICAgICA8Rm9ybVBvc3RQYXJhbWV0ZXIgTmFtZT0iY3RsMDAkY3RsMDAkY3RsMDAkQ29udGVudFBsYWNlSG9sZGVyRGVmYXVsdCRNYXN0ZXJQbGFjZWhvbGRlciRDaGFuZ2VBZGRyZXNzXzYkdHh0VGVsZXBob25lIiBWYWx1ZT0iOTczOTU2NTY1NiIgUmVjb3JkZWRWYWx1ZT0iOTczOTU2NTY1NiIgQ29ycmVsYXRpb25CaW5kaW5nPSJ7e0Zvcm1Qb3N0UGFyYW0xMy5jdGwwMCRjdGwwMCRjdGwwMCRDb250ZW50UGxhY2VIb2xkZXJEZWZhdWx0JE1hc3RlclBsYWNlaG9sZGVyJENoYW5nZUFkZHJlc3NfNiR0eHRUZWxlcGhvbmV9fSIgVXJsRW5jb2RlPSJUcnVlIiAvPg0KICAgICAgICA8Rm9ybVBvc3RQYXJhbWV0ZXIgTmFtZT0iY3RsMDAkY3RsMDAkY3RsMDAkQ29udGVudFBsYWNlSG9sZGVyRGVmYXVsdCRNYXN0ZXJQbGFjZWhvbGRlciRDaGFuZ2VBZGRyZXNzXzYkdHh0VGVsZXBob25lRXh0ZW5zaW9uIiBWYWx1ZT0iIiBSZWNvcmRlZFZhbHVlPSIiIENvcnJlbGF0aW9uQmluZGluZz0iIiBVcmxFbmNvZGU9IlRydWUiIC8+DQogICAgICAgIDxGb3JtUG9zdFBhcmFtZXRlciBOYW1lPSJjdGwwMCRjdGwwMCRjdGwwMCRDb250ZW50UGxhY2VIb2xkZXJEZWZhdWx0JE1hc3RlclBsYWNlaG9sZGVyJENoYW5nZUFkZHJlc3NfNiR0eHRNb2JpbGUiIFZhbHVlPSI5NzM5NTY1NjU2IiBSZWNvcmRlZFZhbHVlPSI5NzM5NTY1NjU2IiBDb3JyZWxhdGlvbkJpbmRpbmc9Int7Rm9ybVBvc3RQYXJhbTE0LmN0bDAwJGN0bDAwJGN0bDAwJENvbnRlbnRQbGFjZUhvbGRlckRlZmF1bHQkTWFzdGVyUGxhY2Vob2xkZXIkQ2hhbmdlQWRkcmVzc182JHR4dE1vYmlsZX19IiBVcmxFbmNvZGU9IlRydWUiIC8+DQogICAgICAgIDxGb3JtUG9zdFBhcmFtZXRlciBOYW1lPSJjdGwwMCRjdGwwMCRjdGwwMCRDb250ZW50UGxhY2VIb2xkZXJEZWZhdWx0JE1hc3RlclBsYWNlaG9sZGVyJENoYW5nZUFkZHJlc3NfNiR0eHRGYXgiIFZhbHVlPSIxMjMiIFJlY29yZGVkVmFsdWU9IjEyMyIgQ29ycmVsYXRpb25CaW5kaW5nPSJ7e0Zvcm1Qb3N0UGFyYW0xNS5jdGwwMCRjdGwwMCRjdGwwMCRDb250ZW50UGxhY2VIb2xkZXJEZWZhdWx0JE1hc3RlclBsYWNlaG9sZGVyJENoYW5nZUFkZHJlc3NfNiR0eHRGYXh9fSIgVXJsRW5jb2RlPSJUcnVlIiAvPg0KICAgICAgICA8Rm9ybVBvc3RQYXJhbWV0ZXIgTmFtZT0iY3RsMDAkY3RsMDAkY3RsMDAkQ29udGVudFBsYWNlSG9sZGVyRGVmYXVsdCRNYXN0ZXJQbGFjZWhvbGRlciRDaGFuZ2VBZGRyZXNzXzYkdHh0UmVjaXBpZW50IiBWYWx1ZT0iIiBSZWNvcmRlZFZhbHVlPSIiIENvcnJlbGF0aW9uQmluZGluZz0iIiBVcmxFbmNvZGU9IlRydWUiIC8+DQogICAgICAgIDxGb3JtUG9zdFBhcmFtZXRlciBOYW1lPSJjdGwwMCRjdGwwMCRjdGwwMCRDb250ZW50UGxhY2VIb2xkZXJEZWZhdWx0JE1hc3RlclBsYWNlaG9sZGVyJENoYW5nZUFkZHJlc3NfNiRkZGxUaW1lem9uZSIgVmFsdWU9IkluZGlhIFN0YW5kYXJkIFRpbWUiIFJlY29yZGVkVmFsdWU9IkluZGlhIFN0YW5kYXJkIFRpbWUiIENvcnJlbGF0aW9uQmluZGluZz0ie3tGb3JtUG9zdFBhcmFtMTkuY3RsMDAkY3RsMDAkY3RsMDAkQ29udGVudFBsYWNlSG9sZGVyRGVmYXVsdCRNYXN0ZXJQbGFjZWhvbGRlciRDaGFuZ2VBZGRyZXNzXzYkZGRsVGltZXpvbmV9fSIgVXJsRW5jb2RlPSJUcnVlIiAvPg0KICAgICAgICA8Rm9ybVBvc3RQYXJhbWV0ZXIgTmFtZT0iY3RsMDAkY3RsMDAkY3RsMDAkQ29udGVudFBsYWNlSG9sZGVyRGVmYXVsdCRNYXN0ZXJQbGFjZWhvbGRlciRDaGFuZ2VBZGRyZXNzXzYkaGRuU2NyZWVuQXJlYSIgVmFsdWU9Int7JEhJRERFTjEuY3RsMDAkY3RsMDAkY3RsMDAkQ29udGVudFBsYWNlSG9sZGVyRGVmYXVsdCRNYXN0ZXJQbGFjZWhvbGRlciRDaGFuZ2VBZGRyZXNzXzYkaGRuU2NyZWVuQXJlYX19IiBSZWNvcmRlZFZhbHVlPSIiIENvcnJlbGF0aW9uQmluZGluZz0iIiBVcmxFbmNvZGU9IlRydWUiIC8+DQogICAgICAgIDxGb3JtUG9zdFBhcmFtZXRlciBOYW1lPSJjdGwwMCRjdGwwMCRjdGwwMCRDb250ZW50UGxhY2VIb2xkZXJEZWZhdWx0JE1hc3RlclBsYWNlaG9sZGVyJHVjTXlBY2NvdW50U2V0dGluZ3NfNyR0eHRXZWJsb2dpblZhbHVlIiBWYWx1ZT0icG50ZXN0MDAxQGV1cm9maW5zLmNvbSIgUmVjb3JkZWRWYWx1ZT0icG50ZXN0MDAxQGV1cm9maW5zLmNvbSIgQ29ycmVsYXRpb25CaW5kaW5nPSJ7e0Zvcm1Qb3N0UGFyYW0xNi5jdGwwMCRjdGwwMCRjdGwwMCRDb250ZW50UGxhY2VIb2xkZXJEZWZhdWx0JE1hc3RlclBsYWNlaG9sZGVyJHVjTXlBY2NvdW50U2V0dGluZ3NfNyR0eHRXZWJsb2dpblZhbHVlfX0iIFVybEVuY29kZT0iVHJ1ZSIgLz4NCiAgICAgICAgPEZvcm1Qb3N0UGFyYW1ldGVyIE5hbWU9ImN0bDAwJGN0bDAwJGN0bDAwJENvbnRlbnRQbGFjZUhvbGRlckRlZmF1bHQkTWFzdGVyUGxhY2Vob2xkZXIkdWNNeUFjY291bnRTZXR0aW5nc183JHR4dEN1cnJlbnRQYXNzd29yZCIgVmFsdWU9IiIgUmVjb3JkZWRWYWx1ZT0iIiBDb3JyZWxhdGlvbkJpbmRpbmc9IiIgVXJsRW5jb2RlPSJUcnVlIiAvPg0KICAgICAgICA8Rm9ybVBvc3RQYXJhbWV0ZXIgTmFtZT0iY3RsMDAkY3RsMDAkY3RsMDAkQ29udGVudFBsYWNlSG9sZGVyRGVmYXVsdCRNYXN0ZXJQbGFjZWhvbGRlciR1Y015QWNjb3VudFNldHRpbmdzXzckdHh0TmV3UGFzc3dvcmQiIFZhbHVlPSIiIFJlY29yZGVkVmFsdWU9IiIgQ29ycmVsYXRpb25CaW5kaW5nPSIiIFVybEVuY29kZT0iVHJ1ZSIgLz4NCiAgICAgICAgPEZvcm1Qb3N0UGFyYW1ldGVyIE5hbWU9ImN0bDAwJGN0bDAwJGN0bDAwJENvbnRlbnRQbGFjZUhvbGRlckRlZmF1bHQkTWFzdGVyUGxhY2Vob2xkZXIkdWNNeUFjY291bnRTZXR0aW5nc183JHR4dENvbmZpcm1QYXNzd29yZCIgVmFsdWU9IiIgUmVjb3JkZWRWYWx1ZT0iIiBDb3JyZWxhdGlvbkJpbmRpbmc9IiIgVXJsRW5jb2RlPSJUcnVlIiAvPg0KICAgICAgICA8Rm9ybVBvc3RQYXJhbWV0ZXIgTmFtZT0iY3RsMDAkY3RsMDAkY3RsMDAkQ29udGVudFBsYWNlSG9sZGVyRGVmYXVsdCRNYXN0ZXJQbGFjZWhvbGRlciR1Y015QWNjb3VudFNldHRpbmdzXzckdnNDaGFuZ2VQYXNzd29yZCRoZG5WYWxpZGF0aW9uUmVzdWx0IiBWYWx1ZT0ie3skSElEREVOMS5jdGwwMCRjdGwwMCRjdGwwMCRDb250ZW50UGxhY2VIb2xkZXJEZWZhdWx0JE1hc3RlclBsYWNlaG9sZGVyJHVjTXlBY2NvdW50U2V0dGluZ3NfNyR2c0NoYW5nZVBhc3N3b3JkJGhkblZhbGlkYXRpb25SZXN1bHR9fSIgUmVjb3JkZWRWYWx1ZT0iIiBDb3JyZWxhdGlvbkJpbmRpbmc9IiIgVXJsRW5jb2RlPSJUcnVlIiAvPg0KICAgICAgICA8Rm9ybVBvc3RQYXJhbWV0ZXIgTmFtZT0iY3RsMDAkY3RsMDAkY3RsMDAkQ29udGVudFBsYWNlSG9sZGVyRGVmYXVsdCRNYXN0ZXJQbGFjZWhvbGRlciR1Y015QWNjb3VudFNldHRpbmdzXzckaGRuU2NyZWVuQXJlYSIgVmFsdWU9Int7JEhJRERFTjEuY3RsMDAkY3RsMDAkY3RsMDAkQ29udGVudFBsYWNlSG9sZGVyRGVmYXVsdCRNYXN0ZXJQbGFjZWhvbGRlciR1Y015QWNjb3VudFNldHRpbmdzXzckaGRuU2NyZWVuQXJlYX19IiBSZWNvcmRlZFZhbHVlPSIiIENvcnJlbGF0aW9uQmluZGluZz0iIiBVcmxFbmNvZGU9IlRydWUiIC8+DQogICAgICAgIDxGb3JtUG9zdFBhcmFtZXRlciBOYW1lPSJjdGwwMCRjdGwwMCRjdGwwMCRDb250ZW50UGxhY2VIb2xkZXJEZWZhdWx0JE1hc3RlclBsYWNlaG9sZGVyJHVjRHJvcEJveGVzXzgkaGRuX0NvbnRlbnRQbGFjZUhvbGRlckRlZmF1bHRfTWFzdGVyUGxhY2Vob2xkZXJfdWNEcm9wQm94ZXNfOF9wbmxEcmFnYWJsZVdpbmRvd0NvbnRlbnRfU3RhbmRBbG9uZUlkIiBWYWx1ZT0ie3skSElEREVOMS5jdGwwMCRjdGwwMCRjdGwwMCRDb250ZW50UGxhY2VIb2xkZXJEZWZhdWx0JE1hc3RlclBsYWNlaG9sZGVyJHVjRHJvcEJveGVzXzgkaGRuX0NvbnRlbnRQbGFjZUhvbGRlckRlZmF1bHRfTWFzdGVyUGxhY2Vob2xkZXJfdWNEcm9wQm94ZXNfOF9wbmxEcmFnYWJsZVdpbmRvd0NvbnRlbnRfU3RhbmRBbG9uZUlkfX0iIFJlY29yZGVkVmFsdWU9IlN0YW5kQWxvbmVTYXZlIiBDb3JyZWxhdGlvbkJpbmRpbmc9IiIgVXJsRW5jb2RlPSJUcnVlIiAvPg0KICAgICAgICA8Rm9ybVBvc3RQYXJhbWV0ZXIgTmFtZT0iY3RsMDAkY3RsMDAkY3RsMDAkQ29udGVudFBsYWNlSG9sZGVyRGVmYXVsdCRNYXN0ZXJQbGFjZWhvbGRlciR1Y0Ryb3BCb3hlc184JGhkblNjcmVlbkFyZWEiIFZhbHVlPSJ7eyRISURERU4xLmN0bDAwJGN0bDAwJGN0bDAwJENvbnRlbnRQbGFjZUhvbGRlckRlZmF1bHQkTWFzdGVyUGxhY2Vob2xkZXIkdWNEcm9wQm94ZXNfOCRoZG5TY3JlZW5BcmVhfX0iIFJlY29yZGVkVmFsdWU9IiIgQ29ycmVsYXRpb25CaW5kaW5nPSIiIFVybEVuY29kZT0iVHJ1ZSIgLz4NCiAgICAgICAgPEZvcm1Qb3N0UGFyYW1ldGVyIE5hbWU9ImN0bDAwJGN0bDAwJGN0bDAwJENvbnRlbnRQbGFjZUhvbGRlckRlZmF1bHQkaGRuQ2FuSW5pdGlhbGl6ZUN1bHR1cmUiIFZhbHVlPSJ7eyRISURERU4xLmN0bDAwJGN0bDAwJGN0bDAwJENvbnRlbnRQbGFjZUhvbGRlckRlZmF1bHQkaGRuQ2FuSW5pdGlhbGl6ZUN1bHR1cmV9fSIgUmVjb3JkZWRWYWx1ZT0iZmFsc2UiIENvcnJlbGF0aW9uQmluZGluZz0iIiBVcmxFbmNvZGU9IlRydWUiIC8+DQogICAgICAgIDxGb3JtUG9zdFBhcmFtZXRlciBOYW1lPSJjdGwwMCRjdGwwMCRjdGwwMCRDb250ZW50UGxhY2VIb2xkZXJEZWZhdWx0JGhkbkVjb21EcmFnRHJvcEpzb24iIFZhbHVlPSJ7eyRISURERU4xLmN0bDAwJGN0bDAwJGN0bDAwJENvbnRlbnRQbGFjZUhvbGRlckRlZmF1bHQkaGRuRWNvbURyYWdEcm9wSnNvbn19IiBSZWNvcmRlZFZhbHVlPSIiIENvcnJlbGF0aW9uQmluZGluZz0iIiBVcmxFbmNvZGU9IlRydWUiIC8+DQogICAgICAgIDxGb3JtUG9zdFBhcmFtZXRlciBOYW1lPSJjdGwwMCRjdGwwMCRjdGwwMCRDb250ZW50UGxhY2VIb2xkZXJEZWZhdWx0JGhkbkN1cnJlbnRQYWdlSWRlbnRpdHkiIFZhbHVlPSJ7eyRISURERU4xLmN0bDAwJGN0bDAwJGN0bDAwJENvbnRlbnRQbGFjZUhvbGRlckRlZmF1bHQkaGRuQ3VycmVudFBhZ2VJZGVudGl0eX19IiBSZWNvcmRlZFZhbHVlPSIxMTM2IiBDb3JyZWxhdGlvbkJpbmRpbmc9IiIgVXJsRW5jb2RlPSJUcnVlIiAvPg0KICAgICAgICA8Rm9ybVBvc3RQYXJhbWV0ZXIgTmFtZT0iY3RsMDAkY3RsMDAkY3RsMDAkQ29udGVudFBsYWNlSG9sZGVyRGVmYXVsdCRoZG5TY3JvbGxZUG9zaXRpb24iIFZhbHVlPSJ7eyRISURERU4xLmN0bDAwJGN0bDAwJGN0bDAwJENvbnRlbnRQbGFjZUhvbGRlckRlZmF1bHQkaGRuU2Nyb2xsWVBvc2l0aW9ufX0iIFJlY29yZGVkVmFsdWU9IjAiIENvcnJlbGF0aW9uQmluZGluZz0iIiBVcmxFbmNvZGU9IlRydWUiIC8+DQogICAgICAgIDxGb3JtUG9zdFBhcmFtZXRlciBOYW1lPSJfX1ZJRVdTVEFURUdFTkVSQVRPUiIgVmFsdWU9Int7JEhJRERFTjEuX19WSUVXU1RBVEVHRU5FUkFUT1J9fSIgUmVjb3JkZWRWYWx1ZT0iQ0EwQjAzMzQiIENvcnJlbGF0aW9uQmluZGluZz0iIiBVcmxFbmNvZGU9IlRydWUiIC8+DQogICAgICA8L0Zvcm1Qb3N0SHR0cEJvZHk+DQogICAgPC9SZXF1ZXN0Pg0KICAgIDxDb21tZW50IENvbW1lbnRUZXh0PSJDbGlja19Ib21lIFBhZ2UiIC8+DQogICAgPFJlcXVlc3QgTWV0aG9kPSJHRVQiIEd1aWQ9IjZlZjBhZGJjLWUyZDEtNDgwZC04YzE1LTA5NGViZDM3OThmOSIgVmVyc2lvbj0iMS4xIiBVcmw9Imh0dHA6Ly9pbjAxYXB2MTE6ODEvZW4vaG9tZS5hc3B4IiBUaGlua1RpbWU9IjQiIFRpbWVvdXQ9IjMwMCIgUGFyc2VEZXBlbmRlbnRSZXF1ZXN0cz0iVHJ1ZSIgRm9sbG93UmVkaXJlY3RzPSJUcnVlIiBSZWNvcmRSZXN1bHQ9IlRydWUiIENhY2hlPSJGYWxzZSIgUmVzcG9uc2VUaW1lR29hbD0iMCIgRW5jb2Rpbmc9InV0Zi04IiBFeHBlY3RlZEh0dHBTdGF0dXNDb2RlPSIwIiBFeHBlY3RlZFJlc3BvbnNlVXJsPSIiIFJlcG9ydGluZ05hbWU9IiIgSWdub3JlSHR0cFN0YXR1c0NvZGU9IkZhbHNlIj4NCiAgICAgIDxIZWFkZXJzPg0KICAgICAgICA8SGVhZGVyIE5hbWU9IlJlZmVyZXIiIFZhbHVlPSJodHRwOi8vaW4wMWFwdjExOjgxL2VuL215cHJlZmVyZW5jZXMuYXNweCIgLz4NCiAgICAgIDwvSGVhZGVycz4NCiAgICAgIDxFeHRyYWN0aW9uUnVsZXM+DQogICAgICAgIDxFeHRyYWN0aW9uUnVsZSBDbGFzc25hbWU9Ik1pY3Jvc29mdC5WaXN1YWxTdHVkaW8uVGVzdFRvb2xzLldlYlRlc3RpbmcuUnVsZXMuRXh0cmFjdEhpZGRlbkZpZWxkcywgTWljcm9zb2Z0LlZpc3VhbFN0dWRpby5RdWFsaXR5VG9vbHMuV2ViVGVzdEZyYW1ld29yaywgVmVyc2lvbj0xMC4wLjAuMCwgQ3VsdHVyZT1uZXV0cmFsLCBQdWJsaWNLZXlUb2tlbj1iMDNmNWY3ZjExZDUwYTNhIiBWYXJpYWJsZU5hbWU9IjEiIERpc3BsYXlOYW1lPSJFeHRyYWN0IEhpZGRlbiBGaWVsZHMiIERlc2NyaXB0aW9uPSJFeHRyYWN0IGFsbCBoaWRkZW4gZmllbGRzIGZyb20gdGhlIHJlc3BvbnNlIGFuZCBwbGFjZSB0aGVtIGludG8gdGhlIHRlc3QgY29udGV4dC4iPg0KICAgICAgICAgIDxSdWxlUGFyYW1ldGVycz4NCiAgICAgICAgICAgIDxSdWxlUGFyYW1ldGVyIE5hbWU9IlJlcXVpcmVkIiBWYWx1ZT0iVHJ1ZSIgLz4NCiAgICAgICAgICAgIDxSdWxlUGFyYW1ldGVyIE5hbWU9Ikh0bWxEZWNvZGUiIFZhbHVlPSJUcnVlIiAvPg0KICAgICAgICAgIDwvUnVsZVBhcmFtZXRlcnM+DQogICAgICAgIDwvRXh0cmFjdGlvblJ1bGU+DQogICAgICA8L0V4dHJhY3Rpb25SdWxlcz4NCiAgICA8L1JlcXVlc3Q+DQogICAgPENvbW1lbnQgQ29tbWVudFRleHQ9IkNsaWNrX0xvZ291dCIgLz4NCiAgICA8UmVxdWVzdCBNZXRob2Q9IlBPU1QiIEd1aWQ9IjJjMTA0ZTc3LTFiNTMtNDIxOC1hMTdkLTk5NTcxYjRlOTRmNyIgVmVyc2lvbj0iMS4xIiBVcmw9Imh0dHA6Ly9pbjAxYXB2MTE6ODEvZW4vaG9tZS5hc3B4IiBUaGlua1RpbWU9IjAiIFRpbWVvdXQ9IjMwMCIgUGFyc2VEZXBlbmRlbnRSZXF1ZXN0cz0iVHJ1ZSIgRm9sbG93UmVkaXJlY3RzPSJUcnVlIiBSZWNvcmRSZXN1bHQ9IlRydWUiIENhY2hlPSJGYWxzZSIgUmVzcG9uc2VUaW1lR29hbD0iMCIgRW5jb2Rpbmc9InV0Zi04IiBFeHBlY3RlZEh0dHBTdGF0dXNDb2RlPSIwIiBFeHBlY3RlZFJlc3BvbnNlVXJsPSJodHRwOi8vaW4wMWFwdjExOjgxL2VuL2NoZWNrb3V0L3N0ZXAxLmFzcHg/bXNnPTUiIFJlcG9ydGluZ05hbWU9IiIgSWdub3JlSHR0cFN0YXR1c0NvZGU9IkZhbHNlIj4NCiAgICAgIDxEZXBlbmRlbnRSZXF1ZXN0cz4NCiAgICAgICAgPFJlcXVlc3QgTWV0aG9kPSJQT1NUIiBHdWlkPSIyNjUzMDE3Yi1lYzM3LTQ1N2MtYTE3MC0xOTAyNTQxYmVmOTEiIFZlcnNpb249IjEuMSIgVXJsPSJodHRwOi8vaW4wMWFwdjExOjgxL1NlcnZpY2VzL0Vjb21TZXJ2aWNlcy5hc214L0dldFN0YXRlcyIgVGhpbmtUaW1lPSIwIiBUaW1lb3V0PSIzMDAiIFBhcnNlRGVwZW5kZW50UmVxdWVzdHM9IlRydWUiIEZvbGxvd1JlZGlyZWN0cz0iVHJ1ZSIgUmVjb3JkUmVzdWx0PSJUcnVlIiBDYWNoZT0iRmFsc2UiIFJlc3BvbnNlVGltZUdvYWw9IjAiIEVuY29kaW5nPSJ1dGYtOCIgRXhwZWN0ZWRIdHRwU3RhdHVzQ29kZT0iMCIgRXhwZWN0ZWRSZXNwb25zZVVybD0iIiBSZXBvcnRpbmdOYW1lPSIiIElnbm9yZUh0dHBTdGF0dXNDb2RlPSJGYWxzZSI+DQogICAgICAgICAgPEhlYWRlcnM+DQogICAgICAgICAgICA8SGVhZGVyIE5hbWU9IkFjY2VwdCIgVmFsdWU9ImFwcGxpY2F0aW9uL2pzb24sIHRleHQvamF2YXNjcmlwdCwgKi8qOyBxPTAuMDEiIC8+DQogICAgICAgICAgICA8SGVhZGVyIE5hbWU9IlgtUmVxdWVzdGVkLVdpdGgiIFZhbHVlPSJYTUxIdHRwUmVxdWVzdCIgLz4NCiAgICAgICAgICAgIDxIZWFkZXIgTmFtZT0iUmVmZXJlciIgVmFsdWU9Imh0dHA6Ly9pbjAxYXB2MTE6ODEvZW4vY2hlY2tvdXQvc3RlcDEuYXNweD9tc2c9NSIgLz4NCiAgICAgICAgICA8L0hlYWRlcnM+DQogICAgICAgICAgPFN0cmluZ0h0dHBCb2R5IENvbnRlbnRUeXBlPSJhcHBsaWNhdGlvbi9qc29uOyBjaGFyc2V0PXV0Zi04IiBJbnNlcnRCeXRlT3JkZXJNYXJrPSJGYWxzZSI+ZXdBaUFHMEFaUUIwQUdnQWJ3QmtBRkFBWVFCeUFHRUFiUUJsQUhRQVpRQnlBSE1BSWdBNkFIc0FJZ0JwQUhNQWJ3QkxBR1VBZVFBaUFEb0FJZ0JWQUZNQUlnQXNBQ0lBZFFCd0FHUUFZUUIwQUdVQVF3QnZBRzhBYXdCcEFHVUFSZ0J2QUhJQVF3QnZBSFVBYmdCMEFISUFlUUFpQURvQWRBQnlBSFVBWlFBc0FDSUFWUUJ0QUdJQWNnQmhBR01BYndCT0FHOEFaQUJsQUVrQVpBQWlBRG9BSWdBeEFERUFNZ0E1QUNJQUxBQWlBRU1BYkFCdkFITUFaUUJRQUhJQWJ3Qm5BSElBWlFCekFITUFUd0J1QUZNQWRRQmpBR01BWlFCekFITUFJZ0E2QUdZQVlRQnNBSE1BWlFBc0FDSUFRd0JoQUc0QVV3Qm9BRzhBZHdCUUFISUFid0JuQUhJQVpRQnpBSE1BUWdCaEFISUFJZ0E2QUdZQVlRQnNBSE1BWlFCOUFIMEE8L1N0cmluZ0h0dHBCb2R5Pg0KICAgICAgICA8L1JlcXVlc3Q+DQogICAgICAgIDxSZXF1ZXN0IE1ldGhvZD0iUE9TVCIgR3VpZD0iMzhkNmU5MzUtN2YxYi00MWM1LWE4OGYtZDdjZGUwMGUyNTlkIiBWZXJzaW9uPSIxLjEiIFVybD0iaHR0cDovL2luMDFhcHYxMTo4MS9TZXJ2aWNlcy9FY29tU2VydmljZXMuYXNteC9HZXRTdGF0ZXMiIFRoaW5rVGltZT0iMCIgVGltZW91dD0iMzAwIiBQYXJzZURlcGVuZGVudFJlcXVlc3RzPSJUcnVlIiBGb2xsb3dSZWRpcmVjdHM9IlRydWUiIFJlY29yZFJlc3VsdD0iVHJ1ZSIgQ2FjaGU9IkZhbHNlIiBSZXNwb25zZVRpbWVHb2FsPSIwIiBFbmNvZGluZz0idXRmLTgiIEV4cGVjdGVkSHR0cFN0YXR1c0NvZGU9IjAiIEV4cGVjdGVkUmVzcG9uc2VVcmw9IiIgUmVwb3J0aW5nTmFtZT0iIiBJZ25vcmVIdHRwU3RhdHVzQ29kZT0iRmFsc2UiPg0KICAgICAgICAgIDxIZWFkZXJzPg0KICAgICAgICAgICAgPEhlYWRlciBOYW1lPSJBY2NlcHQiIFZhbHVlPSJhcHBsaWNhdGlvbi9qc29uLCB0ZXh0L2phdmFzY3JpcHQsICovKjsgcT0wLjAxIiAvPg0KICAgICAgICAgICAgPEhlYWRlciBOYW1lPSJYLVJlcXVlc3RlZC1XaXRoIiBWYWx1ZT0iWE1MSHR0cFJlcXVlc3QiIC8+DQogICAgICAgICAgICA8SGVhZGVyIE5hbWU9IlJlZmVyZXIiIFZhbHVlPSJodHRwOi8vaW4wMWFwdjExOjgxL2VuL2NoZWNrb3V0L3N0ZXAxLmFzcHg/bXNnPTUiIC8+DQogICAgICAgICAgPC9IZWFkZXJzPg0KICAgICAgICAgIDxTdHJpbmdIdHRwQm9keSBDb250ZW50VHlwZT0iYXBwbGljYXRpb24vanNvbjsgY2hhcnNldD11dGYtOCIgSW5zZXJ0Qnl0ZU9yZGVyTWFyaz0iRmFsc2UiPmV3QWlBRzBBWlFCMEFHZ0Fid0JrQUZBQVlRQnlBR0VBYlFCbEFIUUFaUUJ5QUhNQUlnQTZBSHNBSWdCcEFITUFid0JMQUdVQWVRQWlBRG9BSWdCVkFGTUFJZ0FzQUNJQWRRQndBR1FBWVFCMEFHVUFRd0J2QUc4QWF3QnBBR1VBUmdCdkFISUFRd0J2QUhVQWJnQjBBSElBZVFBaUFEb0FaZ0JoQUd3QWN3QmxBQ3dBSWdCVkFHMEFZZ0J5QUdFQVl3QnZBRTRBYndCa0FHVUFTUUJrQUNJQU9nQWlBREVBTVFBeUFEa0FJZ0FzQUNJQVF3QnNBRzhBY3dCbEFGQUFjZ0J2QUdjQWNnQmxBSE1BY3dCUEFHNEFVd0IxQUdNQVl3QmxBSE1BY3dBaUFEb0FaZ0JoQUd3QWN3QmxBQ3dBSWdCREFHRUFiZ0JUQUdnQWJ3QjNBRkFBY2dCdkFHY0FjZ0JsQUhNQWN3QkNBR0VBY2dBaUFEb0FaZ0JoQUd3QWN3QmxBSDBBZlFBPTwvU3RyaW5nSHR0cEJvZHk+DQogICAgICAgIDwvUmVxdWVzdD4NCiAgICAgIDwvRGVwZW5kZW50UmVxdWVzdHM+DQogICAgICA8SGVhZGVycz4NCiAgICAgICAgPEhlYWRlciBOYW1lPSJSZWZlcmVyIiBWYWx1ZT0iaHR0cDovL2luMDFhcHYxMTo4MS9lbi9ob21lLmFzcHgiIC8+DQogICAgICA8L0hlYWRlcnM+DQogICAgICA8Rm9ybVBvc3RIdHRwQm9keT4NCiAgICAgICAgPEZvcm1Qb3N0UGFyYW1ldGVyIE5hbWU9Il9fRVZFTlRUQVJHRVQiIFZhbHVlPSJ7eyRISURERU4xLl9fRVZFTlRUQVJHRVR9fSIgUmVjb3JkZWRWYWx1ZT0iY3RsMDAkY3RsMDAkY3RsMDAkQ29udGVudFBsYWNlSG9sZGVyRGVmYXVsdCRNYXN0ZXJQbGFjZWhvbGRlciRIb21lTG9nZ2VkSW5fNiRsbmJIb21lTG9nZ2VkSW5Mb2dvdXQiIENvcnJlbGF0aW9uQmluZGluZz0iIiBVcmxFbmNvZGU9IlRydWUiIC8+DQogICAgICAgIDxGb3JtUG9zdFBhcmFtZXRlciBOYW1lPSJfX0VWRU5UQVJHVU1FTlQiIFZhbHVlPSJ7eyRISURERU4xLl9fRVZFTlRBUkdVTUVOVH19IiBSZWNvcmRlZFZhbHVlPSIiIENvcnJlbGF0aW9uQmluZGluZz0iIiBVcmxFbmNvZGU9IlRydWUiIC8+DQogICAgICAgIDxGb3JtUG9zdFBhcmFtZXRlciBOYW1lPSJfX1ZJRVdTVEFURSIgVmFsdWU9Int7JEhJRERFTjEuX19WSUVXU1RBVEV9fSIgUmVjb3JkZWRWYWx1ZT0iL3dFUER3VUVOVE00TVE5a0ZnSm1EMlFXQW1ZUFpCWUNaZzlrRmdKbUQyUVdBZ0lERHhZR0hnWnZibXh2WVdRRlAybG1LSFI1Y0dWdlppQlBia0poWTJ0Q2RYUjBiMjVEYkdsamF5QTlQU0FpWm5WdVkzUnBiMjRpS1NCUGJrSmhZMnRDZFhSMGIyNURiR2xqYXlncE94NEtiMjV3WVdkbGMyaHZkd1ZUYVdZZ0tHVjJaVzUwTG5CbGNuTnBjM1JsWkNBbUppQjBlWEJsYjJZZ1QyNUNZV05yUW5WMGRHOXVRMnhwWTJzZ1BUMGdJbVoxYm1OMGFXOXVJaWtnVDI1Q1lXTnJRblYwZEc5dVEyeHBZMnNvS1RzZUNHOXVkVzVzYjJGa1pSWUNBZ0VRWkdRV0NnSUlEMlFXQW1ZUFpCWVNBZ0lQRlFGWFEyOXVkR1Z1ZEZCc1lXTmxTRzlzWkdWeVJHVm1ZWFZzZEY5VWIzQk1iMmRuWldSSmJsOHhYM0J1YkVSeVlXZGhZbXhsVjJsdVpHOTNRMjl1ZEdWdWRGOUpibXhwYm1WTlpYTnpZV2RsUTI5dWRHRnBibVZ5WkFJREQyUVdBZ0lCRHc4V0FoNEVWR1Y0ZEFVR1RHOW5iM1YwWkdRQ0JROFBGZ0llQjFacGMybGliR1ZuWkJZQ0FnRVBEeFlHSGd0T1lYWnBaMkYwWlZWeWJBVVVmaTloWkcxcGJpOTNaV3hqYjIxbExtRnpjSGdmQXdVT1FXUnRhVzVwYzNSeVlYUnBiMjRmQkdka1pBSUhEdzhXQWg4RVoyUVdCZ0lCRHhZQ0h3TUZCVWhsYkd4dlpBSUREeFlDSHdNRkZYQnVkR1Z6ZEdZd01ERWdjRzUwWlhOMGJEQXdNV1FDQlE4V0FoNEphVzV1WlhKb2RHMXNCUTFCWTJOdmRXNTBJRWxFSURvZ1pBSUpEMlFXQ0FJQkR4WUNId01GQXlvcUttUUNBdzhQRmdJZkEyVmtaQUlGRHc4V0FoOERCUkVvWW1WamIyMWxJSGx2ZFhKelpXeG1LV1JrQWdjUEZnSWZBd1VES2lvcVpBSU5EdzhXQWg4RVoyUVdBZ0lCRHc4V0JCOERCUXhOZVNCRVlYTm9ZbTloY21RZkJHZGtaQUlQRHc4V0FoOEVaMlFXQWdJQkR3OFdDQjRJUTNOelEyeGhjM01GRFdWbVEyOXNiM0pQY21GdVoyVWZBd1VKVFhrZ1QzSmtaWEp6SGdSZklWTkNBZ0lmQkdka1pBSVJEdzhXQWg4RVoyUVdBZ0lCRHc4V0JCOERCUXhOZVNCQlpHUnlaWE56WlhNZkJHZGtaQUlURHc4V0FoOEVaMlFXQWdJQkR3OFdCQjhEQlE1TmVTQlFjbVZtWlhKbGJtTmxjeDhFWjJSa0Fnb1BaQllDWmc4UEZnSWZCR2hrRmdZQ0F3OFBGZ0lmQlFVakwyVnVMMk5vWldOcmIzVjBMM04wWlhBeExtRnpjSGcvYm05a1pVbGtQVEV4TWpka1pBSUZEdzlrRmdJZUJHaHlaV1lGQVNOa0Fna1BEMlFXQWg0RmRHbDBiR1VGQlV4dloybHVGZ2dDQVE4UEZnWWZBd1VHUlcxaGFXdzZId2NGRnlCeVpYRjFhWEpsWkVacFpXeGtRMmhoY21GamRHVnlId2dDQW1Sa0Fna1BEeFlHSHdNRkEzc3dmUjhIQlJjZ2NtVnhkV2x5WldSR2FXVnNaRU5vWVhKaFkzUmxjaDhJQWdKa1pBSVJEdzhXQWg4RkJSY3ZaVzR2Wm05eVoyOTBjR0Z6YzNkdmNtUXVZWE53ZUdSa0FoTVBEeFlDSHdVRkl5OWxiaTlqYUdWamEyOTFkQzl6ZEdWd01TNWhjM0I0UDI1dlpHVkpaRDB4TVRJM1pHUUNEQTlrRmdKbUQyUVdEQUlJRHc4V0JCOEhCUTFqWVhKMExXbGpiMjVHZFd4c0h3Z0NBbVFXQWdJQkR3OFdBaDhGQlEwdlpXNHZZMkZ5ZEM1aGMzQjRaR1FDQ2c4V0FoOERCUWs0SUVsMFpXMG9jeWxrQWd3UEZnSWZBd1VNTnk0NU16WXNNREFnNG9Lc1pBSU9EdzhXQWg4RVoyUVdDQUlCRDJRV0FnSUJEeFlDSHdNRkVFeGhjM1FnWVdSa1pXUWdhWFJsYlhOa0FnTVBGZ0lmQmdYYkRUeGthWFlnWTJ4aGMzTTlKMnhsWm5RblBqazJkMlZzYkNCQloyRnlJRkJzWVhSbFBDOWthWFkrUEdScGRpQmpiR0Z6Y3owbmNtbG5hSFFuUGp4aElHaHlaV1k5SnlNbklHOXVZMnhwWTJzOUoxTm9iM2RFYVdGc2IyY29Janh3UGtSdklIbHZkU0J5WldGc2JIa2dkMkZ1ZENCMGJ5QmtaV3hsZEdVZ2RHaHBjeUJwZEdWdEtITXBQend2Y0Q0aUxIc2lSR2xoYkc5blEyeGhjM01pT2lJaUxDSklaV2xuYUhRaU9pSmhkWFJ2SWl3aVRXOWtZV3dpT25SeWRXVXNJbEJ2YzJsMGFXOXVJam9pWTJWdWRHVnlJaXdpVjJsa2RHZ2lPaUl6TURBaUxDSkRiRzl6WVdKc1pTSTZkSEoxWlN3aVZHbDBiR1VpT2lKRVpXeGxkR1VpTENKQ2RYUjBiMjR4VkdWNGRDSTZJbGxsY3lJc0lrSjFkSFJ2YmpKVVpYaDBJam9pVG04aUxDSkNkWFIwYjI0eFEyRnNiR0poWTJzaU9pSkVaV3hsZEdWUGNtUmxja2wwWlcwaUxDSkNkWFIwYjI0eVEyRnNiR0poWTJzaU9tNTFiR3dzSWtKMWRIUnZiakZEWVd4c1ltRmphMUJoY21GdFpYUmxjbk1pT2lKN1hDSkpaRndpT2pNMk1qUTFNbjBpTENKQ2RYUjBiMjR5UTJGc2JHSmhZMnRRWVhKaGJXVjBaWEp6SWpwdWRXeHNMQ0pTWlhOcGVtRmliR1VpT21aaGJITmxMQ0pFY21GbloyRmliR1VpT21aaGJITmxMQ0pCZFhSdlQzQmxiaUk2Wm1Gc2MyVXNJa0Z3Y0dWdVpGUnZJam9pWW05a2VTSXNJazFoZUVobGFXZG9kQ0k2TkRBd0xDSk5ZWGhYYVdSMGFDSTZNekF3TENKTmFXNUlaV2xuYUhRaU9qRTFNQ3dpVFdsdVYybGtkR2dpT2pFMU1IMHBPeWMrZUR3dllUNDhMMlJwZGo0TkNqeGthWFlnWTJ4aGMzTTlKMnhsWm5RblBqazJkMlZzYkNCQloyRnlJRkJzWVhSbFBDOWthWFkrUEdScGRpQmpiR0Z6Y3owbmNtbG5hSFFuUGp4aElHaHlaV1k5SnlNbklHOXVZMnhwWTJzOUoxTm9iM2RFYVdGc2IyY29Janh3UGtSdklIbHZkU0J5WldGc2JIa2dkMkZ1ZENCMGJ5QmtaV3hsZEdVZ2RHaHBjeUJwZEdWdEtITXBQend2Y0Q0aUxIc2lSR2xoYkc5blEyeGhjM01pT2lJaUxDSklaV2xuYUhRaU9pSmhkWFJ2SWl3aVRXOWtZV3dpT25SeWRXVXNJbEJ2YzJsMGFXOXVJam9pWTJWdWRHVnlJaXdpVjJsa2RHZ2lPaUl6TURBaUxDSkRiRzl6WVdKc1pTSTZkSEoxWlN3aVZHbDBiR1VpT2lKRVpXeGxkR1VpTENKQ2RYUjBiMjR4VkdWNGRDSTZJbGxsY3lJc0lrSjFkSFJ2YmpKVVpYaDBJam9pVG04aUxDSkNkWFIwYjI0eFEyRnNiR0poWTJzaU9pSkVaV3hsZEdWUGNtUmxja2wwWlcwaUxDSkNkWFIwYjI0eVEyRnNiR0poWTJzaU9tNTFiR3dzSWtKMWRIUnZiakZEWVd4c1ltRmphMUJoY21GdFpYUmxjbk1pT2lKN1hDSkpaRndpT2pNMk1qUTFNSDBpTENKQ2RYUjBiMjR5UTJGc2JHSmhZMnRRWVhKaGJXVjBaWEp6SWpwdWRXeHNMQ0pTWlhOcGVtRmliR1VpT21aaGJITmxMQ0pFY21GbloyRmliR1VpT21aaGJITmxMQ0pCZFhSdlQzQmxiaUk2Wm1Gc2MyVXNJa0Z3Y0dWdVpGUnZJam9pWW05a2VTSXNJazFoZUVobGFXZG9kQ0k2TkRBd0xDSk5ZWGhYYVdSMGFDSTZNekF3TENKTmFXNUlaV2xuYUhRaU9qRTFNQ3dpVFdsdVYybGtkR2dpT2pFMU1IMHBPeWMrZUR3dllUNDhMMlJwZGo0TkNqeGthWFlnWTJ4aGMzTTlKMnhsWm5RblBqazJkMlZzYkNCQloyRnlJRkJzWVhSbFBDOWthWFkrUEdScGRpQmpiR0Z6Y3owbmNtbG5hSFFuUGp4aElHaHlaV1k5SnlNbklHOXVZMnhwWTJzOUoxTm9iM2RFYVdGc2IyY29Janh3UGtSdklIbHZkU0J5WldGc2JIa2dkMkZ1ZENCMGJ5QmtaV3hsZEdVZ2RHaHBjeUJwZEdWdEtITXBQend2Y0Q0aUxIc2lSR2xoYkc5blEyeGhjM01pT2lJaUxDSklaV2xuYUhRaU9pSmhkWFJ2SWl3aVRXOWtZV3dpT25SeWRXVXNJbEJ2YzJsMGFXOXVJam9pWTJWdWRHVnlJaXdpVjJsa2RHZ2lPaUl6TURBaUxDSkRiRzl6WVdKc1pTSTZkSEoxWlN3aVZHbDBiR1VpT2lKRVpXeGxkR1VpTENKQ2RYUjBiMjR4VkdWNGRDSTZJbGxsY3lJc0lrSjFkSFJ2YmpKVVpYaDBJam9pVG04aUxDSkNkWFIwYjI0eFEyRnNiR0poWTJzaU9pSkVaV3hsZEdWUGNtUmxja2wwWlcwaUxDSkNkWFIwYjI0eVEyRnNiR0poWTJzaU9tNTFiR3dzSWtKMWRIUnZiakZEWVd4c1ltRmphMUJoY21GdFpYUmxjbk1pT2lKN1hDSkpaRndpT2pNMk1qUTBPWDBpTENKQ2RYUjBiMjR5UTJGc2JHSmhZMnRRWVhKaGJXVjBaWEp6SWpwdWRXeHNMQ0pTWlhOcGVtRmliR1VpT21aaGJITmxMQ0pFY21GbloyRmliR1VpT21aaGJITmxMQ0pCZFhSdlQzQmxiaUk2Wm1Gc2MyVXNJa0Z3Y0dWdVpGUnZJam9pWW05a2VTSXNJazFoZUVobGFXZG9kQ0k2TkRBd0xDSk5ZWGhYYVdSMGFDSTZNekF3TENKTmFXNUlaV2xuYUhRaU9qRTFNQ3dpVFdsdVYybGtkR2dpT2pFMU1IMHBPeWMrZUR3dllUNDhMMlJwZGo0TkNtUUNCUThQRmdRZkJRVU5MMlZ1TDJOaGNuUXVZWE53ZUI4REJRUkRZWEowWkdRQ0J3OFBGZ1lmQXdVSVEyaGxZMnR2ZFhRZUIwVnVZV0pzWldSbkh3Um5GZ0llQjA5dVEyeHBZMnNGbHl4eVpYUjFjbTRnVm1Gc2FXUmhkR1ZKZEdWdGMxUnZRMmhsWTJ0UGRYUlBjbEYxYjNSbEtIc2lRMnh2YzJWQ2RYUjBiMjVVWlhoMElqb2lRMnh2YzJVaUxDSkJiR1Z5ZEUxbGMzTmhaMlZVYVhSc1pTSTZJa0ZzWlhKMElFMWxjM05oWjJVaUxDSkRhR1ZqYTI5MWRGTjBZWFJsUlc1MWJTSTZleUpKYm5aaGJHbGtJam9pU1c1MllXeHBaQ0lzSWxGMWIzUmhZbXhsVDI1c2VTSTZJbEYxYjNSaFlteGxUMjVzZVNJc0lrOXlaR1Z5WVdKc1pVOXViSGtpT2lKUGNtUmxjbUZpYkdWUGJteDVJaXdpVDNKa1pYSmhZbXhsUVc1a1VYVnZkR0ZpYkdVaU9pSlBjbVJsY21GaWJHVkJibVJSZFc5MFlXSnNaU0lzSWs1dmRFOXlaR1Z5WVdKc1pVRnVaRkYxYjNSaFlteGxJam9pVG05MFQzSmtaWEpoWW14bFFXNWtVWFZ2ZEdGaWJHVWlMQ0pPYjNSUGNtUmxjbUZpYkdWQmJtUlJkVzkwWVdKc1pWZHBkR2hKYm5aaGJHbGtJam9pVG05MFQzSmtaWEpoWW14bFFXNWtVWFZ2ZEdGaWJHVlhhWFJvU1c1MllXeHBaQ0lzSWtabGQwOXlaR1Z5WVdKc1pVOXViSGtpT2lKR1pYZFBjbVJsY21GaWJHVlBibXg1SWl3aVJtVjNUM0prWlhKaFlteGxRVzVrUm1WM1VYVnZkR0ZpYkdVaU9pSkdaWGRQY21SbGNtRmliR1ZCYm1SR1pYZFJkVzkwWVdKc1pTSXNJa1psZDFGMWIzUmhZbXhsVDI1c2VWZHBkR2hKYm5aaGJHbGtJam9pUm1WM1VYVnZkR0ZpYkdWUGJteDVWMmwwYUVsdWRtRnNhV1FpTENKR1pYZFBjbVJsY21GaWJHVlBibXg1VjJsMGFFbHVkbUZzYVdRaU9pSkdaWGRQY21SbGNtRmliR1ZQYm14NVYybDBhRWx1ZG1Gc2FXUWlMQ0pHWlhkUGNtUmxjbUZpYkdWQmJtUkdaWGRSZFc5MFlXSnNaVmRwZEdoSmJuWmhiR2xrSWpvaVJtVjNUM0prWlhKaFlteGxRVzVrUm1WM1VYVnZkR0ZpYkdWWGFYUm9TVzUyWVd4cFpDSXNJa1psZDA5eVpHVnlZV0pzWlVGdVpFRnNiRkYxYjNSaFlteGxJam9pUm1WM1QzSmtaWEpoWW14bFFXNWtRV3hzVVhWdmRHRmliR1VpTENKQmJHeFBjbVJsY21GaWJHVkJibVJHWlhkUmRXOTBZV0pzWlNJNklrRnNiRTl5WkdWeVlXSnNaVUZ1WkVabGQxRjFiM1JoWW14bEluMHNJa2wwWlcxVGRHRjBaVVZ1ZFcwaU9uc2lTVzUyWVd4cFpDSTZJa2x1ZG1Gc2FXUWlMQ0pSZFc5MFlXSnNaVTl1YkhraU9pSlJkVzkwWVdKc1pVOXViSGtpTENKUGNtUmxjbUZpYkdWUGJteDVJam9pVDNKa1pYSmhZbXhsVDI1c2VTSXNJazl5WkdWeVlXSnNaVUZ1WkZGMWIzUmhZbXhsSWpvaVQzSmtaWEpoWW14bFFXNWtVWFZ2ZEdGaWJHVWlMQ0pPYjNSUGNtUmxjbUZpYkdWQmJtUlJkVzkwWVdKc1pTSTZJazV2ZEU5eVpHVnlZV0pzWlVGdVpGRjFiM1JoWW14bElpd2lUbTkwVDNKa1pYSmhZbXhsUVc1a1VYVnZkR0ZpYkdWWGFYUm9TVzUyWVd4cFpDSTZJazV2ZEU5eVpHVnlZV0pzWlVGdVpGRjFiM1JoWW14bFYybDBhRWx1ZG1Gc2FXUWlMQ0pHWlhkUGNtUmxjbUZpYkdWUGJteDVJam9pUm1WM1QzSmtaWEpoWW14bFQyNXNlU0lzSWtabGQwOXlaR1Z5WVdKc1pVRnVaRVpsZDFGMWIzUmhZbXhsSWpvaVJtVjNUM0prWlhKaFlteGxRVzVrUm1WM1VYVnZkR0ZpYkdVaUxDSkdaWGRSZFc5MFlXSnNaVTl1YkhsWGFYUm9TVzUyWVd4cFpDSTZJa1psZDFGMWIzUmhZbXhsVDI1c2VWZHBkR2hKYm5aaGJHbGtJaXdpUm1WM1QzSmtaWEpoWW14bFQyNXNlVmRwZEdoSmJuWmhiR2xrSWpvaVJtVjNUM0prWlhKaFlteGxUMjVzZVZkcGRHaEpiblpoYkdsa0lpd2lSbVYzVDNKa1pYSmhZbXhsUVc1a1JtVjNVWFZ2ZEdGaWJHVlhhWFJvU1c1MllXeHBaQ0k2SWtabGQwOXlaR1Z5WVdKc1pVRnVaRVpsZDFGMWIzUmhZbXhsVjJsMGFFbHVkbUZzYVdRaUxDSkdaWGRQY21SbGNtRmliR1ZCYm1SQmJHeFJkVzkwWVdKc1pTSTZJa1psZDA5eVpHVnlZV0pzWlVGdVpFRnNiRkYxYjNSaFlteGxJaXdpUVd4c1QzSmtaWEpoWW14bFFXNWtSbVYzVVhWdmRHRmliR1VpT2lKQmJHeFBjbVJsY21GaWJHVkJibVJHWlhkUmRXOTBZV0pzWlNKOUxDSm9aRzVHYVdWc1pGTmxiR1ZqZEdWa1QzSmtaWEpKZEdWdFEyaGxZMnR2ZFhSVGRHRjBaWE5EYkdsbGJuUkpaQ0k2SWtOdmJuUmxiblJRYkdGalpVaHZiR1JsY2tSbFptRjFiSFJmUTJGeWRFOTJaWEoyYVdWM1h6TmZhR1J1Um1sbGJHUlRaV3hsWTNSbFpFOXlaR1Z5U1hSbGJVTm9aV05yYjNWMFUzUmhkR1Z6SWl3aWFHUnVSbWxsYkdSVFpXeGxZM1JsWkVsMFpXMUpaSE5EYkdsbGJuUkpaQ0k2SWtOdmJuUmxiblJRYkdGalpVaHZiR1JsY2tSbFptRjFiSFJmUTJGeWRFOTJaWEoyYVdWM1h6TmZhR1J1Um1sbGJHUlRaV3hsWTNSbFpFbDBaVzFKWkhNaUxDSlBjbVJsY2xObGJHVmpkR1ZrVUhKdlpIVmpkSE1pT2pFc0lrTnZibVpwY20xaGRHbHZibFJwZEd4bFVtVnpiM1Z5WTJVaU9pSkRiMjVtYVhKdFlYUnBiMjRpTENKUWNtOWpaV1ZrUW5WMGRHOXVWR1Y0ZENJNklsQnliMk5sWldRaUxDSlFjbTlqWldWa1FuVjBkRzl1UTJGc2JHSmhZMnNpT2lKV1lXeHBaR0YwWlVsMFpXMXpWRzlEYUdWamEwOTFkRTl5VVhWdmRHVWlMQ0pKYm5aaGJHbGtTWFJsYlhOVFpXeGxZM1JsWkVadmNrTm9aV05yYjNWMFVtVnpiM1Z5WTJVaU9pSlVhR1Z5WlNCaGNtVWdjMjl0WlNCcGJuWmhiR2xrSUdsMFpXMXpJR05vYjNObGJpQm1iM0lnWTJobFkydHZkWFFpTENKT2IwOXlaR1Z5WVdKc1pVbDBaVzF6VTJWc1pXTjBaV1JHYjNKRGFHVmphMjkxZEZKbGMyOTFjbU5sSWpvaVRtOGdkbUZzYVdRZ2IzSmtaWEpoWW14bElHbDBaVzF6SUdGeVpTQmphRzl6Wlc0Z1ptOXlJRzl5WkdWeUlIQnliMk5sYzNNaUxDSk9iMUYxYjNSaFlteGxTWFJsYlhOVFpXeGxZM1JsWkVadmNrTm9aV05yYjNWMFVtVnpiM1Z5WTJVaU9pSk9ieUIyWVd4cFpDQnhkVzkwWVdKc1pTQnBkR1Z0Y3lCaGNtVWdZMmh2YzJWdUlHWnZjaUJ4ZFc5MFpTQndjbTlqWlhOeklpd2lUM0prWlhKaFlteGxRVzVrVG05dVQzSmtaWEpoWW14bFNYUmxiWE5UWld4bFkzUmxaRVp2Y2tOb1pXTnJiM1YwVW1WemIzVnlZMlVpT2lKWmIzVWdZMkZ1SUdWcGRHaGxjaUFuY0hKdlkyVmxaQ2NnZDJsMGFDQnZjbVJsY2lCd2NtOWpaWE56SUc5bUlIUm9aU0J2Y21SbGNtRmliR1VnYVhSbGJYTWdiM0lnWldScGRDQjBhR1VnYm05dUxXOXlaR1Z5WVdKc1pTQnBkR1Z0Y3lJc0lsRjFiM1JoWW14bFFXNWtUbTl1VVhWdmRHRmliR1ZKZEdWdGMxTmxiR1ZqZEdWa1JtOXlRMmhsWTJ0dmRYUlNaWE52ZFhKalpTSTZJbGx2ZFNCallXNGdaV2wwYUdWeUlDZHdjbTlqWldWa0p5QjNhWFJvSUhGMWIzUmxJSEJ5YjJObGMzTWdiMllnZEdobElIRjFiM1JoWW14bElHbDBaVzF6SUc5eUlHVmthWFFnZEdobElHNXZiaTF4ZFc5MFlXSnNaU0JwZEdWdGN5SXNJbEYxYjNSbFUyVnNaV04wWldSUWNtOWtkV04wY3lJNk1pd2lUbTlKZEdWdGMxTmxiR1ZqZEdWa0lqb2lUbThnU1hSbGJYTWdVMlZzWldOMFpXUXVJRkJzWldGelpTQmphRzl2YzJVZ2IyNWxJQ2h2Y2lrZ2JXOXlaU0JwZEdWdGN5QjBieUJ3WlhKbWIzSnRJSFJvWlNCaFkzUnBiMjR1SWl3aVEyRnlkRUZqZEdsdmJrUmxiR1YwWlZObGJHVmpkR1ZrVUhKdlpIVmpkSE1pT2pVc0lsZHBjMmhNYVhOMFFXTjBhVzl1YzBSbGJHVjBaVk5sYkdWamRHVmtVSEp2WkhWamRITWlPaklzSWtSbGJHVjBaVU52Ym1acGNtMWhkR2x2YmsxbGMzTmhaMlZTWlhOdmRYSmpaU0k2SWp4d1BrUnZJSGx2ZFNCeVpXRnNiSGtnZDJGdWRDQjBieUJrWld4bGRHVWdkR2hwY3lCcGRHVnRLSE1wUHp3dmNENGlMQ0pFWld4bGRHVkRiMjVtYVhKdFlYUnBiMjVPYjBKMWRIUnZibEpsYzI5MWNtTmxJam9pVG04aUxDSkVaV3hsZEdWRGIyNW1hWEp0WVhScGIyNVpaWE5DZFhSMGIyNVNaWE52ZFhKalpTSTZJbGxsY3lJc0lrUmxiR1YwWlVOdmJtWnBjbTFoZEdsdmJraGxZV1JsY2xSbGVIUlNaWE52ZFhKalpTSTZJa1JsYkdWMFpTSXNJa05oY25SQlkzUnBiMjRpT2pFc0lrTm9aV05yYjNWMFFuVjBkRzl1VTJOeWFYQjBJanB1ZFd4c0xDSkRhR1ZqYTI5MWRGTmxjWFZsYm1OcGJtZEJibVJRY21sdFpYSlFiM0IxY0UxbGMzTmhaMlZJWldGa1pYSWlPaUlpTENKRGFHVmphMjkxZEZObGNYVmxibU5wYm1kQmJtUlFjbWx0WlhKUWIzQjFjRTFsYzNOaFoyVklaV0ZrWlhKSmJtWnZjbTFoZEdsdmJpSTZJa2wwSUdseklHNXZkQ0J3YjNOemFXSnNaU0IwYnlCamFHVmphMjkxZENBdklIRjFiM1JsSUhObGNYVmxibU5wYm1jZ2NtVmhZM1JwYjI1eklIZHBkR2h2ZFhRZ2NISnBiV1Z5Y3lCM2FHbGphQ0JoY21VZ1lYTnpiMk5wWVhSbFpDQjBieUJ6Wld4bFkzUmxaQ0J6WlhGMVpXNWphVzVuSUdsMFpXMXpJR2x1SUhSb2FYTWdiM0prWlhJNklEd3ZZbkkrUEM5aWNqNGlMQ0pEYUdWamEyOTFkRk5sY1hWbGJtTnBibWRCYm1SUWNtbHRaWEpRYjNCMWNFMWxjM05oWjJWR2IyOTBaWEpKYm1admNtMWhkR2x2YmlJNklpSXNJa05vWldOcmIzVjBVMlZ4ZFdWdVkybHVaMEZ1WkZCeWFXMWxjbEJ2Y0hWd1RXVnpjMkZuWlVOc2IzTmxRblYwZEc5dVZHVjRkQ0k2SWlJc0lrTm9aV05yYjNWMFUyVnhkV1Z1WTJsdVowRnVaRkJ5YVcxbGNsQnZjSFZ3Um05eWJXRjBUV1Z6YzJGblpTSTZJaUlzSWtOb1pXTnJiM1YwVUhKcGJXVnlRV3h2Ym1WUWIzQjFjRTFsYzNOaFoyVkRiRzl6WlVKMWRIUnZibFJsZUhRaU9pSWlMQ0pEYUdWamEyOTFkRkJ5YVcxbGNrRnNiMjVsVUc5d2RYQk5aWE56WVdkbElqb2lVSEpwYldWeUlHRnNiMjVsSUdOaGJtNXZkQ0JpWlNCamFHVmphMlZrSUc5MWRDNGdVR3hsWVhObElITmxiR1ZqZENCaGRHeGxZWE4wSUc5dVpTQmhjM052WTJsaGRHVmtJSE5sY1hWbGJtTnBibWNnU1hSbGJTNGlMQ0pEYUdWamEyOTFkRkJ5YVcxbGNrRnNiMjVsVUc5d2RYQk5aWE56WVdkbFNHVmhaR1Z5SWpvaVVHeGxZWE5sSUU1dmRHVWlMQ0pDWVhKRGIyUmxWbUZzYVdSaGRHbHZibEJ2Y0hWd1EyeHZjMlZDZFhSMGIyNVVaWGgwSWpvaVQyc2lMQ0pDWVhKRGIyUmxWbUZzYVdSaGRHbHZibEJ2Y0hWd1RXVnpjMkZuWlNJNklrSmhjbU52WkdVZ1ptOXlJRk5sYkdWamRHVmtJRWwwWlcwZ2FYTWdhVzUyWVd4cFpDSXNJa0poY2tOdlpHVldZV3hwWkdGMGFXOXVVRzl3ZFhCTlpYTnpZV2RsU0dWaFpHVnlJam9pVUd4bFlYTmxJRTV2ZEdVaUxDSlRZVzFsUkdGNVJHVnNhWFpsY25sV1lXeHBaR0YwYVc5dVVHOXdkWEJIYjBKaFkydENkWFIwYjI1VVpYaDBJam9pVjJGcGRDQjFiblJwYkNCaGJHd2dUM0prWlhKeklHRnlaU0JtYVc1cGMyaGxaQ0IwYnlCVGFHbHdJRzl1WTJVaUxDSlRZVzFsUkdGNVJHVnNhWFpsY25sV1lXeHBaR0YwYVc5dVVHOXdkWEJEYUdWamEyOTFkRUoxZEhSdmJsUmxlSFFpT2lKRGFHVmphMjkxZENCVFlXMWxJRVJoZVNCUGJHbG5iM01nVDI1c2VTSXNJbE5oYldWRVlYbEVaV3hwZG1WeWVWWmhiR2xrWVhScGIyNVFiM0IxY0UxbGMzTmhaMlZJWldGa1pYSWlPaUpRYkdWaGMyVWdjMlZzWldOMElpd2lVMkZ0WlVSaGVVUmxiR2wyWlhKNVZtRnNhV1JoZEdsdmJsQnZjSFZ3VFdWemMyRm5aVVJsYzJOeWFYQjBhVzl1SWpvaVdXOTFjaUJqWVhKMElHTnZiblJoYVc1eklITmhiV1VnWkdGNUlHOXNhV2R2Y3l3Z2QyaHBZMmdnYm1WbFpDQjBieUJpWlNCamFHVmphMlZrSUc5MWRDQnpaWEJsY21GMFpXeDVJR2x1SUc5eVpHVnlJSFJ2SUdWdWMzVnlaU0IwYUdVZ1ptRnpkR1Z6ZENCa1pXeHBkbVZ5ZVM0Z1ZHaGxJRzkwYUdWeUlHbDBaVzF6SUhkcGJHd2dZbVVnZDJGcGRHbHVaeUJwYmlCNWIzVnlJR05oY25RZ2QyaGxiaUI1YjNVZ2NtVjBkWEp1SUd4aGRHVnlMaUE4YzNCaGJpQmpiR0Z6Y3oxY0luUnZiMngwYVhCZlpHbGhiRzluWENJZ2RHbDBiR1U5WENKRmVIQnNZV2x1SUdKMWRIUnZiaUJrWlhOamNtbHdkR2x2YmlCb1pYSmxJRzl1YkhsY0lpQStQQzl6Y0dGdVBpSXNJbEpsZFhObFpFbDBaVzF6Vm1Gc2FXUmhkR2x2YmxCdmNIVndRMnh2YzJWQ2RYUjBiMjVVWlhoMElqb2lUMnNpTENKU1pYVnpaV1JKZEdWdGMxWmhiR2xrWVhScGIyNVFiM0IxY0UxbGMzTmhaMlVpT2lKUGIzQnpJQ0VnVTI5dFpTQnZjaUJoYkd3Z2IyWWdjMlZzWldOMFpXUWdjbVYxYzJWa0lHbDBaVzBuY3lCdmNtbG5hVzVoYkNCamIyNTBZV2x1WlhKeklHRnlaU0JsZUhCcGNtVmtMaUJaYjNWeUlHTmhjblFnZDJsc2JDQmlaU0IxY0dSaGRHVmtJR0YxZEc5dFlYUnBZMkZzYkhrZ1lXNWtJR05oY25RZ2QybHNiQ0JpWlNCeVpXeHZZV1JsWkM0Z1JYaHdhWEpsWkNCcGRHVnRJRTVoYldWeklHRnlaU0F0UGlJc0lsSmxkWE5sWkVsMFpXMXpWbUZzYVdSaGRHbHZibEJ2Y0hWd1RXVnpjMkZuWlVobFlXUmxjaUk2SWxCc1pXRnpaU0JPYjNSbElpd2lSWGh3YVhKbFpGQnlhVzFsY2xCdmNIVndRMnh2YzJWQ2RYUjBiMjVVWlhoMElqb2lUMnNpTENKRmVIQnBjbVZrVUhKcGJXVnlVRzl3ZFhCTlpYTnpZV2RsVkdWNGRDSTZJbEJ5YVcxbGNpQnBjeUJsZUhCcGNtVmtJR1p2Y2lCMGFHVWdiMjVsSUc5bUlIUm9aU0J6Wld4bGRHVmtJSE5sY1hWbGJtTnBibWNnYVhSbGJTNGdjR3hsWVhObElITmxiR1ZqZENCaGJtOTBhR1Z5SUhCeWFXMWxjaUJ2Y2lCdmNtUmxjaUJ1WlhjZ2NISnBiV1Z5TGlJc0lrVjRjR2x5WldSUWNtbHRaWEpRYjNCMWNFMWxjM05oWjJWSVpXRmtaWEpVWlhoMElqb2lVR3hsYzJVZ1RtOTBaU0lzSWtOaGNuUlFZV2RsVlZKTUlqb2lMMlZ1TDJOaGNuUXVZWE53ZUNJc0lrMXBibWx0ZFcxUWJHRjBaVk5oYlhCc1pYTlFaWEpEYUdWamEyOTFkQ0k2TkRnc0lsQnNZWFJsVTJGdGNHeGxRMjkxYm5RaU9tNTFiR3dzSWtselUybHVaMnhsVUd4aGRHVlhhWFJvVm1Gc2FXUlRZVzF3YkdWRGIzVnVkQ0k2Wm1Gc2MyVXNJazFwYmxCc1lYUmxVMkZ0Y0d4bGMxQnZjSFZ3Um05eWJXRjBUV1Z6YzJGblpTSTZJaUlzSWsxcGJsQnNZWFJsVTJGdGNHeGxjMUJ2Y0hWd1JtOXliV0YwVFdWemMyRm5aVU5zYjNObFFuVjBkRzl1VkdWNGRDSTZJaUlzSWsxcGJsQnNZWFJsVTJGdGNHeGxjMUJ2Y0hWd1JtOXliV0YwVFdWemMyRm5aVWhsWVdSbGNpSTZJaUlzSWsxaGVHbHRkVzFPZFcxaVpYSlBabEJzWVhSbGMxQmxja05vWldOcmIzVjBJam96TENKUWJHRjBaWE5EYjNWdWRFWnZja04xY25KbGJuUlBjbVJsY2lJNmJuVnNiQ3dpVFdGNGFXMTFiVkJzWVhSbGMxQmxja05vWldOcmIzVjBVRzl3ZFhCR2IzSnRZWFJOWlhOellXZGxJam9pVFdGNGFXMTFiU0F6SUhCc1lYUmxjeUJoY21VZ1pXeHBaMmxpYkdVZ2RHOGdZMmhsWTJ0dmRYUWdjR1Z5SUc5eVpHVnlJR1p2Y2lCd2JHRjBaU0J6WlhGMVpXNWphVzVuSUdsMFpXMXpMaUJRYkdWaGMyVWdiVzlrYVdaNUlIbHZkWElnYzJWc1pXTjBhVzl1SUdGalkyOXlaR2x1WjJ4NUxpSXNJazFoZUdsdGRXMVFiR0YwWlhOUVpYSkRhR1ZqYTI5MWRGQnZjSFZ3Um05eWJXRjBUV1Z6YzJGblpVTnNiM05sUW5WMGRHOXVWR1Y0ZENJNklrOXJJaXdpVFdGNGFXMTFiVkJzWVhSbGMxQmxja05vWldOcmIzVjBSbTl5YldGMFRXVnpjMkZuWlVobFlXUmxjaUk2SWxCc1pXRnpaU0JPYjNSbElpd2lVRzl6ZEVKaFkydEZiR1Z0Wlc1MFZXNXBjWFZsU1dRaU9pSmpkR3d3TUNSamRHd3dNQ1JqZEd3d01DUkRiMjUwWlc1MFVHeGhZMlZJYjJ4a1pYSkVaV1poZFd4MEpFTmhjblJQZG1WeWRtbGxkMTh6Skd4dWEwTm9aV05yYjNWMElpd2lSWFpsYm5SQmNtZDFiV1Z1ZENJNklpSjlMQ0IwYUdsektUdGtBaEFQRHhZRUh3VUZEUzlsYmk5allYSjBMbUZ6Y0hnZkF3VUVRMkZ5ZEdSa0FoSVBEeFlDSHdNRkNFTm9aV05yYjNWMEZnSWZEQVdYTEhKbGRIVnliaUJXWVd4cFpHRjBaVWwwWlcxelZHOURhR1ZqYTA5MWRFOXlVWFZ2ZEdVb2V5SkRiRzl6WlVKMWRIUnZibFJsZUhRaU9pSkRiRzl6WlNJc0lrRnNaWEowVFdWemMyRm5aVlJwZEd4bElqb2lRV3hsY25RZ1RXVnpjMkZuWlNJc0lrTm9aV05yYjNWMFUzUmhkR1ZGYm5WdElqcDdJa2x1ZG1Gc2FXUWlPaUpKYm5aaGJHbGtJaXdpVVhWdmRHRmliR1ZQYm14NUlqb2lVWFZ2ZEdGaWJHVlBibXg1SWl3aVQzSmtaWEpoWW14bFQyNXNlU0k2SWs5eVpHVnlZV0pzWlU5dWJIa2lMQ0pQY21SbGNtRmliR1ZCYm1SUmRXOTBZV0pzWlNJNklrOXlaR1Z5WVdKc1pVRnVaRkYxYjNSaFlteGxJaXdpVG05MFQzSmtaWEpoWW14bFFXNWtVWFZ2ZEdGaWJHVWlPaUpPYjNSUGNtUmxjbUZpYkdWQmJtUlJkVzkwWVdKc1pTSXNJazV2ZEU5eVpHVnlZV0pzWlVGdVpGRjFiM1JoWW14bFYybDBhRWx1ZG1Gc2FXUWlPaUpPYjNSUGNtUmxjbUZpYkdWQmJtUlJkVzkwWVdKc1pWZHBkR2hKYm5aaGJHbGtJaXdpUm1WM1QzSmtaWEpoWW14bFQyNXNlU0k2SWtabGQwOXlaR1Z5WVdKc1pVOXViSGtpTENKR1pYZFBjbVJsY21GaWJHVkJibVJHWlhkUmRXOTBZV0pzWlNJNklrWmxkMDl5WkdWeVlXSnNaVUZ1WkVabGQxRjFiM1JoWW14bElpd2lSbVYzVVhWdmRHRmliR1ZQYm14NVYybDBhRWx1ZG1Gc2FXUWlPaUpHWlhkUmRXOTBZV0pzWlU5dWJIbFhhWFJvU1c1MllXeHBaQ0lzSWtabGQwOXlaR1Z5WVdKc1pVOXViSGxYYVhSb1NXNTJZV3hwWkNJNklrWmxkMDl5WkdWeVlXSnNaVTl1YkhsWGFYUm9TVzUyWVd4cFpDSXNJa1psZDA5eVpHVnlZV0pzWlVGdVpFWmxkMUYxYjNSaFlteGxWMmwwYUVsdWRtRnNhV1FpT2lKR1pYZFBjbVJsY21GaWJHVkJibVJHWlhkUmRXOTBZV0pzWlZkcGRHaEpiblpoYkdsa0lpd2lSbVYzVDNKa1pYSmhZbXhsUVc1a1FXeHNVWFZ2ZEdGaWJHVWlPaUpHWlhkUGNtUmxjbUZpYkdWQmJtUkJiR3hSZFc5MFlXSnNaU0lzSWtGc2JFOXlaR1Z5WVdKc1pVRnVaRVpsZDFGMWIzUmhZbXhsSWpvaVFXeHNUM0prWlhKaFlteGxRVzVrUm1WM1VYVnZkR0ZpYkdVaWZTd2lTWFJsYlZOMFlYUmxSVzUxYlNJNmV5SkpiblpoYkdsa0lqb2lTVzUyWVd4cFpDSXNJbEYxYjNSaFlteGxUMjVzZVNJNklsRjFiM1JoWW14bFQyNXNlU0lzSWs5eVpHVnlZV0pzWlU5dWJIa2lPaUpQY21SbGNtRmliR1ZQYm14NUlpd2lUM0prWlhKaFlteGxRVzVrVVhWdmRHRmliR1VpT2lKUGNtUmxjbUZpYkdWQmJtUlJkVzkwWVdKc1pTSXNJazV2ZEU5eVpHVnlZV0pzWlVGdVpGRjFiM1JoWW14bElqb2lUbTkwVDNKa1pYSmhZbXhsUVc1a1VYVnZkR0ZpYkdVaUxDSk9iM1JQY21SbGNtRmliR1ZCYm1SUmRXOTBZV0pzWlZkcGRHaEpiblpoYkdsa0lqb2lUbTkwVDNKa1pYSmhZbXhsUVc1a1VYVnZkR0ZpYkdWWGFYUm9TVzUyWVd4cFpDSXNJa1psZDA5eVpHVnlZV0pzWlU5dWJIa2lPaUpHWlhkUGNtUmxjbUZpYkdWUGJteDVJaXdpUm1WM1QzSmtaWEpoWW14bFFXNWtSbVYzVVhWdmRHRmliR1VpT2lKR1pYZFBjbVJsY21GaWJHVkJibVJHWlhkUmRXOTBZV0pzWlNJc0lrWmxkMUYxYjNSaFlteGxUMjVzZVZkcGRHaEpiblpoYkdsa0lqb2lSbVYzVVhWdmRHRmliR1ZQYm14NVYybDBhRWx1ZG1Gc2FXUWlMQ0pHWlhkUGNtUmxjbUZpYkdWUGJteDVWMmwwYUVsdWRtRnNhV1FpT2lKR1pYZFBjbVJsY21GaWJHVlBibXg1VjJsMGFFbHVkbUZzYVdRaUxDSkdaWGRQY21SbGNtRmliR1ZCYm1SR1pYZFJkVzkwWVdKc1pWZHBkR2hKYm5aaGJHbGtJam9pUm1WM1QzSmtaWEpoWW14bFFXNWtSbVYzVVhWdmRHRmliR1ZYYVhSb1NXNTJZV3hwWkNJc0lrWmxkMDl5WkdWeVlXSnNaVUZ1WkVGc2JGRjFiM1JoWW14bElqb2lSbVYzVDNKa1pYSmhZbXhsUVc1a1FXeHNVWFZ2ZEdGaWJHVWlMQ0pCYkd4UGNtUmxjbUZpYkdWQmJtUkdaWGRSZFc5MFlXSnNaU0k2SWtGc2JFOXlaR1Z5WVdKc1pVRnVaRVpsZDFGMWIzUmhZbXhsSW4wc0ltaGtia1pwWld4a1UyVnNaV04wWldSUGNtUmxja2wwWlcxRGFHVmphMjkxZEZOMFlYUmxjME5zYVdWdWRFbGtJam9pUTI5dWRHVnVkRkJzWVdObFNHOXNaR1Z5UkdWbVlYVnNkRjlEWVhKMFQzWmxjblpwWlhkZk0xOW9aRzVHYVdWc1pGTmxiR1ZqZEdWa1QzSmtaWEpKZEdWdFEyaGxZMnR2ZFhSVGRHRjBaWE1pTENKb1pHNUdhV1ZzWkZObGJHVmpkR1ZrU1hSbGJVbGtjME5zYVdWdWRFbGtJam9pUTI5dWRHVnVkRkJzWVdObFNHOXNaR1Z5UkdWbVlYVnNkRjlEWVhKMFQzWmxjblpwWlhkZk0xOW9aRzVHYVdWc1pGTmxiR1ZqZEdWa1NYUmxiVWxrY3lJc0lrOXlaR1Z5VTJWc1pXTjBaV1JRY205a2RXTjBjeUk2TVN3aVEyOXVabWx5YldGMGFXOXVWR2wwYkdWU1pYTnZkWEpqWlNJNklrTnZibVpwY20xaGRHbHZiaUlzSWxCeWIyTmxaV1JDZFhSMGIyNVVaWGgwSWpvaVVISnZZMlZsWkNJc0lsQnliMk5sWldSQ2RYUjBiMjVEWVd4c1ltRmpheUk2SWxaaGJHbGtZWFJsU1hSbGJYTlViME5vWldOclQzVjBUM0pSZFc5MFpTSXNJa2x1ZG1Gc2FXUkpkR1Z0YzFObGJHVmpkR1ZrUm05eVEyaGxZMnR2ZFhSU1pYTnZkWEpqWlNJNklsUm9aWEpsSUdGeVpTQnpiMjFsSUdsdWRtRnNhV1FnYVhSbGJYTWdZMmh2YzJWdUlHWnZjaUJqYUdWamEyOTFkQ0lzSWs1dlQzSmtaWEpoWW14bFNYUmxiWE5UWld4bFkzUmxaRVp2Y2tOb1pXTnJiM1YwVW1WemIzVnlZMlVpT2lKT2J5QjJZV3hwWkNCdmNtUmxjbUZpYkdVZ2FYUmxiWE1nWVhKbElHTm9iM05sYmlCbWIzSWdiM0prWlhJZ2NISnZZMlZ6Y3lJc0lrNXZVWFZ2ZEdGaWJHVkpkR1Z0YzFObGJHVmpkR1ZrUm05eVEyaGxZMnR2ZFhSU1pYTnZkWEpqWlNJNklrNXZJSFpoYkdsa0lIRjFiM1JoWW14bElHbDBaVzF6SUdGeVpTQmphRzl6Wlc0Z1ptOXlJSEYxYjNSbElIQnliMk5sYzNNaUxDSlBjbVJsY21GaWJHVkJibVJPYjI1UGNtUmxjbUZpYkdWSmRHVnRjMU5sYkdWamRHVmtSbTl5UTJobFkydHZkWFJTWlhOdmRYSmpaU0k2SWxsdmRTQmpZVzRnWldsMGFHVnlJQ2R3Y205alpXVmtKeUIzYVhSb0lHOXlaR1Z5SUhCeWIyTmxjM01nYjJZZ2RHaGxJRzl5WkdWeVlXSnNaU0JwZEdWdGN5QnZjaUJsWkdsMElIUm9aU0J1YjI0dGIzSmtaWEpoWW14bElHbDBaVzF6SWl3aVVYVnZkR0ZpYkdWQmJtUk9iMjVSZFc5MFlXSnNaVWwwWlcxelUyVnNaV04wWldSR2IzSkRhR1ZqYTI5MWRGSmxjMjkxY21ObElqb2lXVzkxSUdOaGJpQmxhWFJvWlhJZ0ozQnliMk5sWldRbklIZHBkR2dnY1hWdmRHVWdjSEp2WTJWemN5QnZaaUIwYUdVZ2NYVnZkR0ZpYkdVZ2FYUmxiWE1nYjNJZ1pXUnBkQ0IwYUdVZ2JtOXVMWEYxYjNSaFlteGxJR2wwWlcxeklpd2lVWFZ2ZEdWVFpXeGxZM1JsWkZCeWIyUjFZM1J6SWpveUxDSk9iMGwwWlcxelUyVnNaV04wWldRaU9pSk9ieUJKZEdWdGN5QlRaV3hsWTNSbFpDNGdVR3hsWVhObElHTm9iMjl6WlNCdmJtVWdLRzl5S1NCdGIzSmxJR2wwWlcxeklIUnZJSEJsY21admNtMGdkR2hsSUdGamRHbHZiaTRpTENKRFlYSjBRV04wYVc5dVJHVnNaWFJsVTJWc1pXTjBaV1JRY205a2RXTjBjeUk2TlN3aVYybHphRXhwYzNSQlkzUnBiMjV6UkdWc1pYUmxVMlZzWldOMFpXUlFjbTlrZFdOMGN5STZNaXdpUkdWc1pYUmxRMjl1Wm1seWJXRjBhVzl1VFdWemMyRm5aVkpsYzI5MWNtTmxJam9pUEhBK1JHOGdlVzkxSUhKbFlXeHNlU0IzWVc1MElIUnZJR1JsYkdWMFpTQjBhR2x6SUdsMFpXMG9jeWsvUEM5d1BpSXNJa1JsYkdWMFpVTnZibVpwY20xaGRHbHZiazV2UW5WMGRHOXVVbVZ6YjNWeVkyVWlPaUpPYnlJc0lrUmxiR1YwWlVOdmJtWnBjbTFoZEdsdmJsbGxjMEoxZEhSdmJsSmxjMjkxY21ObElqb2lXV1Z6SWl3aVJHVnNaWFJsUTI5dVptbHliV0YwYVc5dVNHVmhaR1Z5VkdWNGRGSmxjMjkxY21ObElqb2lSR1ZzWlhSbElpd2lRMkZ5ZEVGamRHbHZiaUk2TVN3aVEyaGxZMnR2ZFhSQ2RYUjBiMjVUWTNKcGNIUWlPbTUxYkd3c0lrTm9aV05yYjNWMFUyVnhkV1Z1WTJsdVowRnVaRkJ5YVcxbGNsQnZjSFZ3VFdWemMyRm5aVWhsWVdSbGNpSTZJaUlzSWtOb1pXTnJiM1YwVTJWeGRXVnVZMmx1WjBGdVpGQnlhVzFsY2xCdmNIVndUV1Z6YzJGblpVaGxZV1JsY2tsdVptOXliV0YwYVc5dUlqb2lTWFFnYVhNZ2JtOTBJSEJ2YzNOcFlteGxJSFJ2SUdOb1pXTnJiM1YwSUM4Z2NYVnZkR1VnYzJWeGRXVnVZMmx1WnlCeVpXRmpkR2x2Ym5NZ2QybDBhRzkxZENCd2NtbHRaWEp6SUhkb2FXTm9JR0Z5WlNCaGMzTnZZMmxoZEdWa0lIUnZJSE5sYkdWamRHVmtJSE5sY1hWbGJtTnBibWNnYVhSbGJYTWdhVzRnZEdocGN5QnZjbVJsY2pvZ1BDOWljajQ4TDJKeVBpSXNJa05vWldOcmIzVjBVMlZ4ZFdWdVkybHVaMEZ1WkZCeWFXMWxjbEJ2Y0hWd1RXVnpjMkZuWlVadmIzUmxja2x1Wm05eWJXRjBhVzl1SWpvaUlpd2lRMmhsWTJ0dmRYUlRaWEYxWlc1amFXNW5RVzVrVUhKcGJXVnlVRzl3ZFhCTlpYTnpZV2RsUTJ4dmMyVkNkWFIwYjI1VVpYaDBJam9pSWl3aVEyaGxZMnR2ZFhSVFpYRjFaVzVqYVc1blFXNWtVSEpwYldWeVVHOXdkWEJHYjNKdFlYUk5aWE56WVdkbElqb2lJaXdpUTJobFkydHZkWFJRY21sdFpYSkJiRzl1WlZCdmNIVndUV1Z6YzJGblpVTnNiM05sUW5WMGRHOXVWR1Y0ZENJNklpSXNJa05vWldOcmIzVjBVSEpwYldWeVFXeHZibVZRYjNCMWNFMWxjM05oWjJVaU9pSlFjbWx0WlhJZ1lXeHZibVVnWTJGdWJtOTBJR0psSUdOb1pXTnJaV1FnYjNWMExpQlFiR1ZoYzJVZ2MyVnNaV04wSUdGMGJHVmhjM1FnYjI1bElHRnpjMjlqYVdGMFpXUWdjMlZ4ZFdWdVkybHVaeUJKZEdWdExpSXNJa05vWldOcmIzVjBVSEpwYldWeVFXeHZibVZRYjNCMWNFMWxjM05oWjJWSVpXRmtaWElpT2lKUWJHVmhjMlVnVG05MFpTSXNJa0poY2tOdlpHVldZV3hwWkdGMGFXOXVVRzl3ZFhCRGJHOXpaVUoxZEhSdmJsUmxlSFFpT2lKUGF5SXNJa0poY2tOdlpHVldZV3hwWkdGMGFXOXVVRzl3ZFhCTlpYTnpZV2RsSWpvaVFtRnlZMjlrWlNCbWIzSWdVMlZzWldOMFpXUWdTWFJsYlNCcGN5QnBiblpoYkdsa0lpd2lRbUZ5UTI5a1pWWmhiR2xrWVhScGIyNVFiM0IxY0UxbGMzTmhaMlZJWldGa1pYSWlPaUpRYkdWaGMyVWdUbTkwWlNJc0lsTmhiV1ZFWVhsRVpXeHBkbVZ5ZVZaaGJHbGtZWFJwYjI1UWIzQjFjRWR2UW1GamEwSjFkSFJ2YmxSbGVIUWlPaUpYWVdsMElIVnVkR2xzSUdGc2JDQlBjbVJsY25NZ1lYSmxJR1pwYm1semFHVmtJSFJ2SUZOb2FYQWdiMjVqWlNJc0lsTmhiV1ZFWVhsRVpXeHBkbVZ5ZVZaaGJHbGtZWFJwYjI1UWIzQjFjRU5vWldOcmIzVjBRblYwZEc5dVZHVjRkQ0k2SWtOb1pXTnJiM1YwSUZOaGJXVWdSR0Y1SUU5c2FXZHZjeUJQYm14NUlpd2lVMkZ0WlVSaGVVUmxiR2wyWlhKNVZtRnNhV1JoZEdsdmJsQnZjSFZ3VFdWemMyRm5aVWhsWVdSbGNpSTZJbEJzWldGelpTQnpaV3hsWTNRaUxDSlRZVzFsUkdGNVJHVnNhWFpsY25sV1lXeHBaR0YwYVc5dVVHOXdkWEJOWlhOellXZGxSR1Z6WTNKcGNIUnBiMjRpT2lKWmIzVnlJR05oY25RZ1kyOXVkR0ZwYm5NZ2MyRnRaU0JrWVhrZ2IyeHBaMjl6TENCM2FHbGphQ0J1WldWa0lIUnZJR0psSUdOb1pXTnJaV1FnYjNWMElITmxjR1Z5WVhSbGJIa2dhVzRnYjNKa1pYSWdkRzhnWlc1emRYSmxJSFJvWlNCbVlYTjBaWE4wSUdSbGJHbDJaWEo1TGlCVWFHVWdiM1JvWlhJZ2FYUmxiWE1nZDJsc2JDQmlaU0IzWVdsMGFXNW5JR2x1SUhsdmRYSWdZMkZ5ZENCM2FHVnVJSGx2ZFNCeVpYUjFjbTRnYkdGMFpYSXVJRHh6Y0dGdUlHTnNZWE56UFZ3aWRHOXZiSFJwY0Y5a2FXRnNiMmRjSWlCMGFYUnNaVDFjSWtWNGNHeGhhVzRnWW5WMGRHOXVJR1JsYzJOeWFYQjBhVzl1SUdobGNtVWdiMjVzZVZ3aUlENDhMM053WVc0K0lpd2lVbVYxYzJWa1NYUmxiWE5XWVd4cFpHRjBhVzl1VUc5d2RYQkRiRzl6WlVKMWRIUnZibFJsZUhRaU9pSlBheUlzSWxKbGRYTmxaRWwwWlcxelZtRnNhV1JoZEdsdmJsQnZjSFZ3VFdWemMyRm5aU0k2SWs5dmNITWdJU0JUYjIxbElHOXlJR0ZzYkNCdlppQnpaV3hsWTNSbFpDQnlaWFZ6WldRZ2FYUmxiU2R6SUc5eWFXZHBibUZzSUdOdmJuUmhhVzVsY25NZ1lYSmxJR1Y0Y0dseVpXUXVJRmx2ZFhJZ1kyRnlkQ0IzYVd4c0lHSmxJSFZ3WkdGMFpXUWdZWFYwYjIxaGRHbGpZV3hzZVNCaGJtUWdZMkZ5ZENCM2FXeHNJR0psSUhKbGJHOWhaR1ZrTGlCRmVIQnBjbVZrSUdsMFpXMGdUbUZ0WlhNZ1lYSmxJQzArSWl3aVVtVjFjMlZrU1hSbGJYTldZV3hwWkdGMGFXOXVVRzl3ZFhCTlpYTnpZV2RsU0dWaFpHVnlJam9pVUd4bFlYTmxJRTV2ZEdVaUxDSkZlSEJwY21Wa1VISnBiV1Z5VUc5d2RYQkRiRzl6WlVKMWRIUnZibFJsZUhRaU9pSlBheUlzSWtWNGNHbHlaV1JRY21sdFpYSlFiM0IxY0UxbGMzTmhaMlZVWlhoMElqb2lVSEpwYldWeUlHbHpJR1Y0Y0dseVpXUWdabTl5SUhSb1pTQnZibVVnYjJZZ2RHaGxJSE5sYkdWMFpXUWdjMlZ4ZFdWdVkybHVaeUJwZEdWdExpQndiR1ZoYzJVZ2MyVnNaV04wSUdGdWIzUm9aWElnY0hKcGJXVnlJRzl5SUc5eVpHVnlJRzVsZHlCd2NtbHRaWEl1SWl3aVJYaHdhWEpsWkZCeWFXMWxjbEJ2Y0hWd1RXVnpjMkZuWlVobFlXUmxjbFJsZUhRaU9pSlFiR1Z6WlNCT2IzUmxJaXdpUTJGeWRGQmhaMlZWVWt3aU9pSXZaVzR2WTJGeWRDNWhjM0I0SWl3aVRXbHVhVzExYlZCc1lYUmxVMkZ0Y0d4bGMxQmxja05vWldOcmIzVjBJam8wT0N3aVVHeGhkR1ZUWVcxd2JHVkRiM1Z1ZENJNmJuVnNiQ3dpU1hOVGFXNW5iR1ZRYkdGMFpWZHBkR2hXWVd4cFpGTmhiWEJzWlVOdmRXNTBJanBtWVd4elpTd2lUV2x1VUd4aGRHVlRZVzF3YkdWelVHOXdkWEJHYjNKdFlYUk5aWE56WVdkbElqb2lJaXdpVFdsdVVHeGhkR1ZUWVcxd2JHVnpVRzl3ZFhCR2IzSnRZWFJOWlhOellXZGxRMnh2YzJWQ2RYUjBiMjVVWlhoMElqb2lJaXdpVFdsdVVHeGhkR1ZUWVcxd2JHVnpVRzl3ZFhCR2IzSnRZWFJOWlhOellXZGxTR1ZoWkdWeUlqb2lJaXdpVFdGNGFXMTFiVTUxYldKbGNrOW1VR3hoZEdWelVHVnlRMmhsWTJ0dmRYUWlPak1zSWxCc1lYUmxjME52ZFc1MFJtOXlRM1Z5Y21WdWRFOXlaR1Z5SWpwdWRXeHNMQ0pOWVhocGJYVnRVR3hoZEdWelVHVnlRMmhsWTJ0dmRYUlFiM0IxY0VadmNtMWhkRTFsYzNOaFoyVWlPaUpOWVhocGJYVnRJRE1nY0d4aGRHVnpJR0Z5WlNCbGJHbG5hV0pzWlNCMGJ5QmphR1ZqYTI5MWRDQndaWElnYjNKa1pYSWdabTl5SUhCc1lYUmxJSE5sY1hWbGJtTnBibWNnYVhSbGJYTXVJRkJzWldGelpTQnRiMlJwWm5rZ2VXOTFjaUJ6Wld4bFkzUnBiMjRnWVdOamIzSmthVzVuYkhrdUlpd2lUV0Y0YVcxMWJWQnNZWFJsYzFCbGNrTm9aV05yYjNWMFVHOXdkWEJHYjNKdFlYUk5aWE56WVdkbFEyeHZjMlZDZFhSMGIyNVVaWGgwSWpvaVQyc2lMQ0pOWVhocGJYVnRVR3hoZEdWelVHVnlRMmhsWTJ0dmRYUkdiM0p0WVhSTlpYTnpZV2RsU0dWaFpHVnlJam9pVUd4bFlYTmxJRTV2ZEdVaUxDSlFiM04wUW1GamEwVnNaVzFsYm5SVmJtbHhkV1ZKWkNJNkltTjBiREF3SkdOMGJEQXdKR04wYkRBd0pFTnZiblJsYm5SUWJHRmpaVWh2YkdSbGNrUmxabUYxYkhRa1EyRnlkRTkyWlhKMmFXVjNYek1rYkc1clEyaGxZMnR2ZFhRaUxDSkZkbVZ1ZEVGeVozVnRaVzUwSWpvaUluMHNJSFJvYVhNcE8yUUNFZzlrRmdZQ0F3OWtGZ0ptRHc4V0FoNExiR0pzU0dWaFpFeHBibVVGQ2sxNUlGQnliMlpwYkdWa0ZnZ0NBZzhWQVdwRGIyNTBaVzUwVUd4aFkyVkliMnhrWlhKRVpXWmhkV3gwWDAxaGMzUmxjbEJzWVdObGFHOXNaR1Z5WDBodmJXVk1iMmRuWldSSmJsODJYM0J1YkVSeVlXZGhZbXhsVjJsdVpHOTNRMjl1ZEdWdWRGOUpibXhwYm1WTlpYTnpZV2RsUTI5dWRHRnBibVZ5WkFJRER3OFdBaDhFWjJRV0JBSUJEeFlDSHdNRkJVaGxiR3h2WkFJRER4WUNId01GRlhCdWRHVnpkR1l3TURFZ2NHNTBaWE4wYkRBd01XUUNCUTlrRmdnQ0FROFdBaDhEWldRQ0F3OFBGZ0lmQTJWa1pBSUZEdzhXQWg4REJSRW9ZbVZqYjIxbElIbHZkWEp6Wld4bUtXUmtBZ2NQRmdJZkEyVmtBZ2tQWkJZSUFnRVBaQllDQWdFUER4WUdId2NGRFdWbVEyOXNiM0pQY21GdVoyVWZBd1VJVFhsUGNtUmxjbk1mQ0FJQ1pHUUNBdzhQRmdJZkF3VU1UWGtnUkdGemFHSnZZWEprWkdRQ0JROFBGZ1FmQlFVVWZpOWhaRzFwYmk5M1pXeGpiMjFsTG1GemNIZ2ZBd1VPUVdSdGFXNXBjM1J5WVhScGIyNWtaQUlIRHc4V0FoOERCUVpNYjJkdmRYUmtaQUlGRDJRV0FtWVBEeFlFSHcwRkJVeHZaMmx1SHdSb1pCWUVBZ1VQRHhZQ0h3VUZJeTlsYmk5amFHVmphMjkxZEM5emRHVndNUzVoYzNCNFAyNXZaR1ZKWkQweE1USTNaR1FDQnc5a0ZnWUNBUThQRmdZZkF3VUdSVzFoYVd3Nkh3Y0ZGeUJ5WlhGMWFYSmxaRVpwWld4a1EyaGhjbUZqZEdWeUh3Z0NBbVJrQWdrUER4WUdId01GQTNzd2ZSOEhCUmNnY21WeGRXbHlaV1JHYVdWc1pFTm9ZWEpoWTNSbGNoOElBZ0prWkFJVER3OFdBaDhGQlJjdlpXNHZabTl5WjI5MGNHRnpjM2R2Y21RdVlYTndlR1JrQWdjUFpCWUNaZzhQRmdJZkRRVUtUbVZsWkNCSVpXeHdQMlFXQkFJQ0R4VUJiVU52Ym5SbGJuUlFiR0ZqWlVodmJHUmxja1JsWm1GMWJIUmZUV0Z6ZEdWeVVHeGhZMlZvYjJ4a1pYSmZRM1Z6ZEc5dFpYSlRkWEJ3YjNKMFh6aGZjRzVzUkhKaFoyRmliR1ZYYVc1a2IzZERiMjUwWlc1MFgwbHViR2x1WlUxbGMzTmhaMlZEYjI1MFlXbHVaWEprQWdNUFpCWUlBZ0VQRmdJZkF3VVFRM1Z6ZEc5dFpYSWdVM1Z3Y0c5eWRHUUNBdzhQRmdJZkF3VVFLelE1SURnd09USWdPREk0T1NBM04yUmtBZ1VQRHhZQ0h3TUZhRHhoSUdoeVpXWTlJaTlsYmk5bGRYSnZabWx1Y3kxdGQyY3RiM0JsY205dUwzTmxjblpwWTJVdFkyVnVkR1Z5TDJOdmJuUmhZM1F0ZFhNdloyeHZZbUZzTFdScGNtVmpkRzl5ZVM1aGMzQjRJajVHY21WbElIQm9iMjVsSUc1MWJXSmxjbk04TDJFK1pHUUNCdzhQRmdRZkF3VkVQR0VnYUhKbFpqMGliV0ZwYkhSdk9uTjFjSEJ2Y25RdFpYVkFaWFZ5YjJacGJuTXVZMjl0SWo1emRYQndiM0owTFdWMVFHVjFjbTltYVc1ekxtTnZiVHd2WVQ0ZkJRVkxiV0ZwYkhSdk9qeGhJR2h5WldZOUltMWhhV3gwYnpwemRYQndiM0owTFdWMVFHVjFjbTltYVc1ekxtTnZiU0krYzNWd2NHOXlkQzFsZFVCbGRYSnZabWx1Y3k1amIyMDhMMkUrWkdRQ0ZROWtGZ0ptRDJRV0FtWVBGUUdtQm5aaGNpQnphRzkzVUhKdlozSmxjM05DWVhKQlpuUmxjajB5TURBN0RRcDJZWElnYldWemMyRm5aVkJ5YjJkeVpYTnpRbUZ5UFNkUWJHVmhjMlVnZDJGcGRDNHVMaWM3RFFwMllYSWdjSEp2WjNKbGMzTkNZWEpVYVhSc1pUMG5VR3hsWVhObElIZGhhWFF1TGk0bk93MEtkbUZ5SUhCeWIyZHlaWE56UW1GeVEyRnVZMlZzUW5WMGRHOXVWR1Y0ZEQwblEyRnVZMlZzSnpzTkNuWmhjaUJoYkdWeWRFMWxjM05oWjJWQ2RYUjBiMjVVWlhoMFBTZFBheWM3RFFwMllYSWdZV3hsY25STlpYTnpZV2RsVkdsMGJHVTlKMEZzWlhKMElFMWxjM05oWjJVbk93MEtkbUZ5SUc5d1pYSnZibE5wZEdWVmNtdzlKeWM3RFFwMllYSWdZM1Z5Y21WdWRGTnBkR1ZEYjJSbFBTZEZRa1VuT3cwS2RtRnlJSE4xWWtSdmJXRnBiajBuVVVFbk93MEtkbUZ5SUhCdmNuUk9kVzFpWlhJOUp6Z3hKenNOQ25aaGNpQndjbVZNYjJGa1NXMWhaMlZNYVhOMFBWc25MMk56Y3k5bGVIUXZhbkYxWlhKNWRHaGxiV1Z6TDJsdFlXZGxjeTkxYVMxaVoxOW5iR0Z6YzE4MU5WOHhZekZqTVdOZk1YZzBNREF1Y0c1bkoxMDdEUXAyWVhJZ2NISnBZMmx1WjBSbGRHRnBiSE5EYkc5elpVSjFkSFJ2YmxSbGVIUTlKME5zYjNObEp6c05DblpoY2lCQlpHUkNkWFIwYjI1U1pYTnZkWEpqWlZSbGVIUWdQU0FuUVdSa0p6c05DblpoY2lCRFlXNWpaV3hDZFhSMGIyNVNaWE52ZFhKalpWUmxlSFFnUFNBblEyRnVZMlZzSnpzTkNuWmhjaUJEYkc5elpVSjFkSFJ2YmxKbGMyOTFjbU5sVkdWNGRDQTlJQ2REYkc5elpTYzdEUXAyWVhJZ1UyRjJaVUoxZEhSdmJsSmxjMjkxY21ObFZHVjRkQ0E5SUNkVFlYWmxKenNOQ25aaGNpQk9iMEoxZEhSdmJsSmxjMjkxY21ObFZHVjRkQ0E5SUNkT2J5YzdEUXAyWVhJZ1dXVnpRblYwZEc5dVVtVnpiM1Z5WTJWVVpYaDBJRDBnSjFsbGN5YzdEUXAyWVhJZ1ZHaHBZMnRDYjNoRGJHOXpaVlJsZUhSU1pYTnZkWEpqWlNBOUlDZHZjaUJGYzJNZ1MyVjVKenNOQ25aaGNpQlVhR2xqYTBKdmVFTnNiM05sVEdsdWExSmxjMjkxY21ObElEMGdKMk5zYjNObEp6c05DblpoY2lCa1pYQnNiM2x0Wlc1MFJXNTJhWEp2Ym0xbGJuUWdQU0FuVVVFbk93MEtaR1M2MGZZem93VDJXRzNtK0RzUjZJN1JaRTBqZDF0azlvQjZTMXhyT0szb0pRPT0iIENvcnJlbGF0aW9uQmluZGluZz0iIiBVcmxFbmNvZGU9IlRydWUiIC8+DQogICAgICAgIDxGb3JtUG9zdFBhcmFtZXRlciBOYW1lPSJjdGwwMCRjdGwwMCRjdGwwMCRDb250ZW50UGxhY2VIb2xkZXJEZWZhdWx0JFRvcExvZ2dlZEluXzEkaGRuU2NyZWVuQXJlYSIgVmFsdWU9Int7JEhJRERFTjEuY3RsMDAkY3RsMDAkY3RsMDAkQ29udGVudFBsYWNlSG9sZGVyRGVmYXVsdCRUb3BMb2dnZWRJbl8xJGhkblNjcmVlbkFyZWF9fSIgUmVjb3JkZWRWYWx1ZT0iIiBDb3JyZWxhdGlvbkJpbmRpbmc9IiIgVXJsRW5jb2RlPSJUcnVlIiAvPg0KICAgICAgICA8Rm9ybVBvc3RQYXJhbWV0ZXIgTmFtZT0iY3RsMDAkY3RsMDAkY3RsMDAkQ29udGVudFBsYWNlSG9sZGVyRGVmYXVsdCRDYXJ0T3ZlcnZpZXdfMyRoZG5GaWVsZFNlbGVjdGVkT3JkZXJJdGVtQ2hlY2tvdXRTdGF0ZXMiIFZhbHVlPSJ7eyRISURERU4xLmN0bDAwJGN0bDAwJGN0bDAwJENvbnRlbnRQbGFjZUhvbGRlckRlZmF1bHQkQ2FydE92ZXJ2aWV3XzMkaGRuRmllbGRTZWxlY3RlZE9yZGVySXRlbUNoZWNrb3V0U3RhdGVzfX0iIFJlY29yZGVkVmFsdWU9IiIgQ29ycmVsYXRpb25CaW5kaW5nPSIiIFVybEVuY29kZT0iVHJ1ZSIgLz4NCiAgICAgICAgPEZvcm1Qb3N0UGFyYW1ldGVyIE5hbWU9ImN0bDAwJGN0bDAwJGN0bDAwJENvbnRlbnRQbGFjZUhvbGRlckRlZmF1bHQkQ2FydE92ZXJ2aWV3XzMkaGRuRmllbGRDb21wbGV0ZUNhcnRDaGVja291dFN0YXRlRW51bXMiIFZhbHVlPSJ7eyRISURERU4xLmN0bDAwJGN0bDAwJGN0bDAwJENvbnRlbnRQbGFjZUhvbGRlckRlZmF1bHQkQ2FydE92ZXJ2aWV3XzMkaGRuRmllbGRDb21wbGV0ZUNhcnRDaGVja291dFN0YXRlRW51bXN9fSIgUmVjb3JkZWRWYWx1ZT0iIiBDb3JyZWxhdGlvbkJpbmRpbmc9IiIgVXJsRW5jb2RlPSJUcnVlIiAvPg0KICAgICAgICA8Rm9ybVBvc3RQYXJhbWV0ZXIgTmFtZT0iY3RsMDAkY3RsMDAkY3RsMDAkQ29udGVudFBsYWNlSG9sZGVyRGVmYXVsdCRDYXJ0T3ZlcnZpZXdfMyRoZG5GaWVsZFNlbGVjdGVkSXRlbUlkcyIgVmFsdWU9Int7JEhJRERFTjEuY3RsMDAkY3RsMDAkY3RsMDAkQ29udGVudFBsYWNlSG9sZGVyRGVmYXVsdCRDYXJ0T3ZlcnZpZXdfMyRoZG5GaWVsZFNlbGVjdGVkSXRlbUlkc319IiBSZWNvcmRlZFZhbHVlPSIiIENvcnJlbGF0aW9uQmluZGluZz0iIiBVcmxFbmNvZGU9IlRydWUiIC8+DQogICAgICAgIDxGb3JtUG9zdFBhcmFtZXRlciBOYW1lPSJjdGwwMCRjdGwwMCRjdGwwMCRDb250ZW50UGxhY2VIb2xkZXJEZWZhdWx0JENhcnRPdmVydmlld18zJGhkblNjcmVlbkFyZWEiIFZhbHVlPSJ7eyRISURERU4xLmN0bDAwJGN0bDAwJGN0bDAwJENvbnRlbnRQbGFjZUhvbGRlckRlZmF1bHQkQ2FydE92ZXJ2aWV3XzMkaGRuU2NyZWVuQXJlYX19IiBSZWNvcmRlZFZhbHVlPSIiIENvcnJlbGF0aW9uQmluZGluZz0iIiBVcmxFbmNvZGU9IlRydWUiIC8+DQogICAgICAgIDxGb3JtUG9zdFBhcmFtZXRlciBOYW1lPSJjdGwwMCRjdGwwMCRjdGwwMCRDb250ZW50UGxhY2VIb2xkZXJEZWZhdWx0JE1hc3RlclBsYWNlaG9sZGVyJEhvbWVMb2dnZWRJbl82JGhkblNjcmVlbkFyZWEiIFZhbHVlPSJ7eyRISURERU4xLmN0bDAwJGN0bDAwJGN0bDAwJENvbnRlbnRQbGFjZUhvbGRlckRlZmF1bHQkTWFzdGVyUGxhY2Vob2xkZXIkSG9tZUxvZ2dlZEluXzYkaGRuU2NyZWVuQXJlYX19IiBSZWNvcmRlZFZhbHVlPSIiIENvcnJlbGF0aW9uQmluZGluZz0iIiBVcmxFbmNvZGU9IlRydWUiIC8+DQogICAgICAgIDxGb3JtUG9zdFBhcmFtZXRlciBOYW1lPSJjdGwwMCRjdGwwMCRjdGwwMCRDb250ZW50UGxhY2VIb2xkZXJEZWZhdWx0JE1hc3RlclBsYWNlaG9sZGVyJEN1c3RvbWVyU3VwcG9ydF84JGhkblNjcmVlbkFyZWEiIFZhbHVlPSJ7eyRISURERU4xLmN0bDAwJGN0bDAwJGN0bDAwJENvbnRlbnRQbGFjZUhvbGRlckRlZmF1bHQkTWFzdGVyUGxhY2Vob2xkZXIkQ3VzdG9tZXJTdXBwb3J0XzgkaGRuU2NyZWVuQXJlYX19IiBSZWNvcmRlZFZhbHVlPSIiIENvcnJlbGF0aW9uQmluZGluZz0iIiBVcmxFbmNvZGU9IlRydWUiIC8+DQogICAgICAgIDxGb3JtUG9zdFBhcmFtZXRlciBOYW1lPSJjdGwwMCRjdGwwMCRjdGwwMCRDb250ZW50UGxhY2VIb2xkZXJEZWZhdWx0JGhkbkNhbkluaXRpYWxpemVDdWx0dXJlIiBWYWx1ZT0ie3skSElEREVOMS5jdGwwMCRjdGwwMCRjdGwwMCRDb250ZW50UGxhY2VIb2xkZXJEZWZhdWx0JGhkbkNhbkluaXRpYWxpemVDdWx0dXJlfX0iIFJlY29yZGVkVmFsdWU9ImZhbHNlIiBDb3JyZWxhdGlvbkJpbmRpbmc9IiIgVXJsRW5jb2RlPSJUcnVlIiAvPg0KICAgICAgICA8Rm9ybVBvc3RQYXJhbWV0ZXIgTmFtZT0iY3RsMDAkY3RsMDAkY3RsMDAkQ29udGVudFBsYWNlSG9sZGVyRGVmYXVsdCRoZG5FY29tRHJhZ0Ryb3BKc29uIiBWYWx1ZT0ie3skSElEREVOMS5jdGwwMCRjdGwwMCRjdGwwMCRDb250ZW50UGxhY2VIb2xkZXJEZWZhdWx0JGhkbkVjb21EcmFnRHJvcEpzb259fSIgUmVjb3JkZWRWYWx1ZT0iIiBDb3JyZWxhdGlvbkJpbmRpbmc9IiIgVXJsRW5jb2RlPSJUcnVlIiAvPg0KICAgICAgICA8Rm9ybVBvc3RQYXJhbWV0ZXIgTmFtZT0iY3RsMDAkY3RsMDAkY3RsMDAkQ29udGVudFBsYWNlSG9sZGVyRGVmYXVsdCRoZG5DdXJyZW50UGFnZUlkZW50aXR5IiBWYWx1ZT0ie3skSElEREVOMS5jdGwwMCRjdGwwMCRjdGwwMCRDb250ZW50UGxhY2VIb2xkZXJEZWZhdWx0JGhkbkN1cnJlbnRQYWdlSWRlbnRpdHl9fSIgUmVjb3JkZWRWYWx1ZT0iMTEyNyIgQ29ycmVsYXRpb25CaW5kaW5nPSIiIFVybEVuY29kZT0iVHJ1ZSIgLz4NCiAgICAgICAgPEZvcm1Qb3N0UGFyYW1ldGVyIE5hbWU9ImN0bDAwJGN0bDAwJGN0bDAwJENvbnRlbnRQbGFjZUhvbGRlckRlZmF1bHQkaGRuU2Nyb2xsWVBvc2l0aW9uIiBWYWx1ZT0ie3skSElEREVOMS5jdGwwMCRjdGwwMCRjdGwwMCRDb250ZW50UGxhY2VIb2xkZXJEZWZhdWx0JGhkblNjcm9sbFlQb3NpdGlvbn19IiBSZWNvcmRlZFZhbHVlPSIwIiBDb3JyZWxhdGlvbkJpbmRpbmc9IiIgVXJsRW5jb2RlPSJUcnVlIiAvPg0KICAgICAgICA8Rm9ybVBvc3RQYXJhbWV0ZXIgTmFtZT0iX19WSUVXU1RBVEVHRU5FUkFUT1IiIFZhbHVlPSJ7eyRISURERU4xLl9fVklFV1NUQVRFR0VORVJBVE9SfX0iIFJlY29yZGVkVmFsdWU9IkNBMEIwMzM0IiBDb3JyZWxhdGlvbkJpbmRpbmc9IiIgVXJsRW5jb2RlPSJUcnVlIiAvPg0KICAgICAgPC9Gb3JtUG9zdEh0dHBCb2R5Pg0KICAgIDwvUmVxdWVzdD4NCiAgPC9JdGVtcz4NCiAgPFZhbGlkYXRpb25SdWxlcz4NCiAgICA8VmFsaWRhdGlvblJ1bGUgQ2xhc3NuYW1lPSJNaWNyb3NvZnQuVmlzdWFsU3R1ZGlvLlRlc3RUb29scy5XZWJUZXN0aW5nLlJ1bGVzLlZhbGlkYXRlUmVzcG9uc2VVcmwsIE1pY3Jvc29mdC5WaXN1YWxTdHVkaW8uUXVhbGl0eVRvb2xzLldlYlRlc3RGcmFtZXdvcmssIFZlcnNpb249MTAuMC4wLjAsIEN1bHR1cmU9bmV1dHJhbCwgUHVibGljS2V5VG9rZW49YjAzZjVmN2YxMWQ1MGEzYSIgRGlzcGxheU5hbWU9IlJlc3BvbnNlIFVSTCIgRGVzY3JpcHRpb249IlZhbGlkYXRlcyB0aGF0IHRoZSByZXNwb25zZSBVUkwgYWZ0ZXIgcmVkaXJlY3RzIGFyZSBmb2xsb3dlZCBpcyB0aGUgc2FtZSBhcyB0aGUgcmVjb3JkZWQgcmVzcG9uc2UgVVJMLiAgUXVlcnlTdHJpbmcgcGFyYW1ldGVycyBhcmUgaWdub3JlZC4iIExldmVsPSJMb3ciIEV4ZWN0dWlvbk9yZGVyPSJCZWZvcmVEZXBlbmRlbnRzIiAvPg0KICAgIDxWYWxpZGF0aW9uUnVsZSBDbGFzc25hbWU9Ik1pY3Jvc29mdC5WaXN1YWxTdHVkaW8uVGVzdFRvb2xzLldlYlRlc3RpbmcuUnVsZXMuVmFsaWRhdGlvblJ1bGVSZXNwb25zZVRpbWVHb2FsLCBNaWNyb3NvZnQuVmlzdWFsU3R1ZGlvLlF1YWxpdHlUb29scy5XZWJUZXN0RnJhbWV3b3JrLCBWZXJzaW9uPTEwLjAuMC4wLCBDdWx0dXJlPW5ldXRyYWwsIFB1YmxpY0tleVRva2VuPWIwM2Y1ZjdmMTFkNTBhM2EiIERpc3BsYXlOYW1lPSJSZXNwb25zZSBUaW1lIEdvYWwiIERlc2NyaXB0aW9uPSJWYWxpZGF0ZXMgdGhhdCB0aGUgcmVzcG9uc2UgdGltZSBmb3IgdGhlIHJlcXVlc3QgaXMgbGVzcyB0aGFuIG9yIGVxdWFsIHRvIHRoZSByZXNwb25zZSB0aW1lIGdvYWwgYXMgc3BlY2lmaWVkIG9uIHRoZSByZXF1ZXN0LiAgUmVzcG9uc2UgdGltZSBnb2FscyBvZiB6ZXJvIHdpbGwgYmUgaWdub3JlZC4iIExldmVsPSJMb3ciIEV4ZWN0dWlvbk9yZGVyPSJBZnRlckRlcGVuZGVudHMiPg0KICAgICAgPFJ1bGVQYXJhbWV0ZXJzPg0KICAgICAgICA8UnVsZVBhcmFtZXRlciBOYW1lPSJUb2xlcmFuY2UiIFZhbHVlPSIwIiAvPg0KICAgICAgPC9SdWxlUGFyYW1ldGVycz4NCiAgICA8L1ZhbGlkYXRpb25SdWxlPg0KICA8L1ZhbGlkYXRpb25SdWxlcz4NCjwvV2ViVGVzdD4=">
      <Execution id="7c4829f6-56a2-4943-9c2e-24f811eb81a8" />
    </WebTest>
  </TestDefinitions>
  <TestLists>
    <TestList name="Results Not in a List" id="8c84fa94-04c1-424b-9868-57a2d4851a1d" />
    <TestList name="All Loaded Results" id="19431567-8539-422a-85d7-44ee4e166bda" />
  </TestLists>
  <TestEntries>
    <TestEntry isTransparent="false" testId="8d2b5e93-3d0d-40b8-a1d5-93fedbb910c1" executionId="7c4829f6-56a2-4943-9c2e-24f811eb81a8" testListId="8c84fa94-04c1-424b-9868-57a2d4851a1d" />
  </TestEntries>
  <Results>
    <WebTestResult executionId="7c4829f6-56a2-4943-9c2e-24f811eb81a8" testId="8d2b5e93-3d0d-40b8-a1d5-93fedbb910c1" testName="WebTest1" computerName="IN01APVT127" duration="00:00:05.9721871" startTime="2017-07-13T11:23:44.6933807+05:30" endTime="2017-07-13T11:24:01.2591932+05:30" testType="4e7599fa-5ecb-43e9-a887-cd63cf72d207" outcome="Failed" testListId="8c84fa94-04c1-424b-9868-57a2d4851a1d" relativeResultsDirectory="7c4829f6-56a2-4943-9c2e-24f811eb81a8">
      <Output>
        <ErrorInfo>
          <Message>4 primary requests, 0 dependant requests and 0 conditional rules failed</Message>
        </ErrorInfo>
      </Output>
      <ResultFiles>
        <ResultFile path="WebTest1.webtestResult" />
      </ResultFiles>
      <TestSettings name="Local" id="5e0ec486-8390-4d47-996a-582ca480c912">
        <Description>These are default test settings for a local test run.</Description>
        <Deployment runDeploymentRoot="adm_imga_IN01APVT127 2017-07-13 11_23_44">
          <DeploymentItem filename="C:\Performance_Training\Custom_Parameter\Plugin2\bin\Debug\Plugin2.dll" />
          <DeploymentItem filename="C:\Performance_Training\Demo_Project\Demo_Reference\bin\Debug\Demo_Reference.dll" />
          <DeploymentItem filename="C:\Performance_Training\Custom_Parameter\Custom_Parameter\bin\Debug\Custom_Parameter.dll" />
        </Deployment>
        <Execution>
          <TestTypeSpecific>
            <UnitTestRunConfig testTypeId="13cdc9d9-ddb5-4fa4-a97d-d965ccfc6d4b">
              <AssemblyResolution>
                <TestDirectory useLoadContext="true" />
              </AssemblyResolution>
            </UnitTestRunConfig>
            <WebTestRunConfiguration testTypeId="4e7599fa-5ecb-43e9-a887-cd63cf72d207">
              <Browser name="Internet Explorer 9.0" MaxConnections="6">
                <Headers>
                  <Header name="User-Agent" value="Mozilla/5.0 (compatible; MSIE 9.0; Windows NT 6.1; Trident/5.0)" />
                  <Header name="Accept" value="*/*" />
                  <Header name="Accept-Language" value="{{$IEAcceptLanguage}}" />
                  <Header name="Accept-Encoding" value="GZIP" />
                </Headers>
              </Browser>
            </WebTestRunConfiguration>
          </TestTypeSpecific>
          <AgentRule name="LocalMachineDefaultRole">
          </AgentRule>
        </Execution>
        <Properties>
          <Property name="TestSettingsUIType" value="UnitTest" />
        </Properties>
      </TestSettings>
      <WebTestResultFilePath>adm_imga_IN01APVT127 2017-07-13 11_23_44\In\7c4829f6-56a2-4943-9c2e-24f811eb81a8\WebTest1.webtestResult</WebTestResultFilePath>
    </WebTestResult>
  </Results>
</TestRun>