<?xml version="1.0" encoding="UTF-8"?>
<TestRun id="f74abc89-7a8f-4f93-a59e-255777a71885" name="adm_imga@IN01APVT127 2017-07-13 11:25:40" runUser="ES-AREA1\adm_imga" xmlns="http://microsoft.com/schemas/VisualStudio/TeamTest/2010">
  <TestSettings name="Local" id="5e0ec486-8390-4d47-996a-582ca480c912">
    <Description>These are default test settings for a local test run.</Description>
    <Deployment runDeploymentRoot="adm_imga_IN01APVT127 2017-07-13 11_25_40">
      <DeploymentItem filename="C:\Performance_Training\Custom_Parameter\Plugin2\bin\Debug\Plugin2.dll" />
      <DeploymentItem filename="C:\Performance_Training\Demo_Project\Demo_Reference\bin\Debug\Demo_Reference.dll" />
      <DeploymentItem filename="C:\Performance_Training\Custom_Parameter\Custom_Parameter\bin\Debug\Custom_Parameter.dll" />
    </Deployment>
    <Execution>
      <TestTypeSpecific>
        <UnitTestRunConfig testTypeId="13cdc9d9-ddb5-4fa4-a97d-d965ccfc6d4b">
          <AssemblyResolution>
            <TestDirectory useLoadContext="true" />
          </AssemblyResolution>
        </UnitTestRunConfig>
        <WebTestRunConfiguration testTypeId="4e7599fa-5ecb-43e9-a887-cd63cf72d207">
          <Browser name="Internet Explorer 9.0" MaxConnections="6">
            <Headers>
              <Header name="User-Agent" value="Mozilla/5.0 (compatible; MSIE 9.0; Windows NT 6.1; Trident/5.0)" />
              <Header name="Accept" value="*/*" />
              <Header name="Accept-Language" value="{{$IEAcceptLanguage}}" />
              <Header name="Accept-Encoding" value="GZIP" />
            </Headers>
          </Browser>
        </WebTestRunConfiguration>
      </TestTypeSpecific>
      <AgentRule name="LocalMachineDefaultRole">
      </AgentRule>
    </Execution>
    <Properties>
      <Property name="TestSettingsUIType" value="UnitTest" />
    </Properties>
  </TestSettings>
  <Times creation="2017-07-13T11:25:40.4325239+05:30" queuing="2017-07-13T11:25:40.7570888+05:30" start="2017-07-13T11:25:40.8611096+05:30" finish="2017-07-13T11:26:01.2336833+05:30" />
  <ResultSummary outcome="Failed">
    <Counters total="1" executed="1" error="0" failed="1" timeout="0" aborted="0" inconclusive="0" passedButRunAborted="0" notRunnable="0" notExecuted="0" disconnected="0" warning="0" passed="0" completed="0" inProgress="0" pending="0" />
  </ResultSummary>
  <TestDefinitions>
    <WebTest name="E-Com-NotWorking" storage="c:\performance_training\demo_project\demo_project\e-com-notworking.webtest" id="8d2b5e93-3d0d-40b8-a1d5-93fedbb910c1" persistedWebTest="77u/PD94bWwgdmVyc2lvbj0iMS4wIiBlbmNvZGluZz0iVVRGLTgiIHN0YW5kYWxvbmU9InllcyI/Pg0KPFdlYlRlc3QgTmFtZT0iRS1Db20tTm90V29ya2luZyIgSWQ9IjhkMmI1ZTkzLTNkMGQtNDBiOC1hMWQ1LTkzZmVkYmI5MTBjMSIgT3duZXI9IiIgUHJpb3JpdHk9IjIxNDc0ODM2NDciIEVuYWJsZWQ9IlRydWUiIENzc1Byb2plY3RTdHJ1Y3R1cmU9IiIgQ3NzSXRlcmF0aW9uPSIiIFRpbWVvdXQ9IjAiIFdvcmtJdGVtSWRzPSIiIHhtbG5zPSJodHRwOi8vbWljcm9zb2Z0LmNvbS9zY2hlbWFzL1Zpc3VhbFN0dWRpby9UZWFtVGVzdC8yMDEwIiBEZXNjcmlwdGlvbj0iIiBDcmVkZW50aWFsVXNlck5hbWU9IiIgQ3JlZGVudGlhbFBhc3N3b3JkPSIiIFByZUF1dGhlbnRpY2F0ZT0iVHJ1ZSIgUHJveHk9ImRlZmF1bHQiIFN0b3BPbkVycm9yPSJGYWxzZSIgUmVjb3JkZWRSZXN1bHRGaWxlPSJXZWJUZXN0MS4zZmQ4MjFlMS00MjEzLTRjZTUtODA2Ny02YzYxOGIyNDNmMjAucmVjLndlYnRlc3RyZXN1bHQiIFJlc3VsdHNMb2NhbGU9IiI+DQogIDxJdGVtcz4NCiAgICA8Q29tbWVudCBDb21tZW50VGV4dD0iTGF1bmNoQXBwIiAvPg0KICAgIDxSZXF1ZXN0IE1ldGhvZD0iR0VUIiBHdWlkPSI2MzY2YWNhMC1mY2I2LTRmM2EtYTAzNy1kMmE4NmNiNmM2ZTIiIFZlcnNpb249IjEuMSIgVXJsPSJodHRwOi8vaW4wMWFwdjExOjgxL2VuL2hvbWUuYXNweCIgVGhpbmtUaW1lPSIyOCIgVGltZW91dD0iMzAwIiBQYXJzZURlcGVuZGVudFJlcXVlc3RzPSJUcnVlIiBGb2xsb3dSZWRpcmVjdHM9IlRydWUiIFJlY29yZFJlc3VsdD0iVHJ1ZSIgQ2FjaGU9IkZhbHNlIiBSZXNwb25zZVRpbWVHb2FsPSIwIiBFbmNvZGluZz0idXRmLTgiIEV4cGVjdGVkSHR0cFN0YXR1c0NvZGU9IjAiIEV4cGVjdGVkUmVzcG9uc2VVcmw9IiIgUmVwb3J0aW5nTmFtZT0iIiBJZ25vcmVIdHRwU3RhdHVzQ29kZT0iRmFsc2UiPg0KICAgICAgPEV4dHJhY3Rpb25SdWxlcz4NCiAgICAgICAgPEV4dHJhY3Rpb25SdWxlIENsYXNzbmFtZT0iTWljcm9zb2Z0LlZpc3VhbFN0dWRpby5UZXN0VG9vbHMuV2ViVGVzdGluZy5SdWxlcy5FeHRyYWN0SGlkZGVuRmllbGRzLCBNaWNyb3NvZnQuVmlzdWFsU3R1ZGlvLlF1YWxpdHlUb29scy5XZWJUZXN0RnJhbWV3b3JrLCBWZXJzaW9uPTEwLjAuMC4wLCBDdWx0dXJlPW5ldXRyYWwsIFB1YmxpY0tleVRva2VuPWIwM2Y1ZjdmMTFkNTBhM2EiIFZhcmlhYmxlTmFtZT0iMSIgRGlzcGxheU5hbWU9IkV4dHJhY3QgSGlkZGVuIEZpZWxkcyIgRGVzY3JpcHRpb249IkV4dHJhY3QgYWxsIGhpZGRlbiBmaWVsZHMgZnJvbSB0aGUgcmVzcG9uc2UgYW5kIHBsYWNlIHRoZW0gaW50byB0aGUgdGVzdCBjb250ZXh0LiI+DQogICAgICAgICAgPFJ1bGVQYXJhbWV0ZXJzPg0KICAgICAgICAgICAgPFJ1bGVQYXJhbWV0ZXIgTmFtZT0iUmVxdWlyZWQiIFZhbHVlPSJUcnVlIiAvPg0KICAgICAgICAgICAgPFJ1bGVQYXJhbWV0ZXIgTmFtZT0iSHRtbERlY29kZSIgVmFsdWU9IlRydWUiIC8+DQogICAgICAgICAgPC9SdWxlUGFyYW1ldGVycz4NCiAgICAgICAgPC9FeHRyYWN0aW9uUnVsZT4NCiAgICAgIDwvRXh0cmFjdGlvblJ1bGVzPg0KICAgICAgPENvcnJlbGF0aW9uRXh0cmFjdGlvblJ1bGVzPg0KICAgICAgICA8RXh0cmFjdGlvblJ1bGUgQ2xhc3NuYW1lPSJNaWNyb3NvZnQuVmlzdWFsU3R1ZGlvLlRlc3RUb29scy5XZWJUZXN0aW5nLlJ1bGVzLkV4dHJhY3RGb3JtRmllbGQsIE1pY3Jvc29mdC5WaXN1YWxTdHVkaW8uUXVhbGl0eVRvb2xzLldlYlRlc3RGcmFtZXdvcmssIFZlcnNpb249MTAuMC4wLjAsIEN1bHR1cmU9bmV1dHJhbCwgUHVibGljS2V5VG9rZW49YjAzZjVmN2YxMWQ1MGEzYSIgVmFyaWFibGVOYW1lPSJGb3JtUG9zdFBhcmFtMjIuY3RsMDAkY3RsMDAkY3RsMDAkQ29udGVudFBsYWNlSG9sZGVyRGVmYXVsdCRNYXN0ZXJQbGFjZWhvbGRlciRIb21lTG9nZ2VkT3V0XzckYnRuSG9tZVN1Ym1pdCIgRGlzcGxheU5hbWU9IiIgRGVzY3JpcHRpb249IiI+DQogICAgICAgICAgPFJ1bGVQYXJhbWV0ZXJzPg0KICAgICAgICAgICAgPFJ1bGVQYXJhbWV0ZXIgTmFtZT0iTmFtZSIgVmFsdWU9IkNvbnRlbnRQbGFjZUhvbGRlckRlZmF1bHRfTWFzdGVyUGxhY2Vob2xkZXJfSG9tZUxvZ2dlZE91dF83X2J0bkhvbWVTdWJtaXQiIC8+DQogICAgICAgICAgICA8UnVsZVBhcmFtZXRlciBOYW1lPSJIdG1sRGVjb2RlIiBWYWx1ZT0iVHJ1ZSIgLz4NCiAgICAgICAgICAgIDxSdWxlUGFyYW1ldGVyIE5hbWU9IlJlcXVpcmVkIiBWYWx1ZT0iRmFsc2UiIC8+DQogICAgICAgICAgICA8UnVsZVBhcmFtZXRlciBOYW1lPSJJbmRleCIgVmFsdWU9IjAiIC8+DQogICAgICAgICAgPC9SdWxlUGFyYW1ldGVycz4NCiAgICAgICAgPC9FeHRyYWN0aW9uUnVsZT4NCiAgICAgIDwvQ29ycmVsYXRpb25FeHRyYWN0aW9uUnVsZXM+DQogICAgPC9SZXF1ZXN0Pg0KICAgIDxDb21tZW50IENvbW1lbnRUZXh0PSJMb2dpbiIgLz4NCiAgICA8UmVxdWVzdCBNZXRob2Q9IlBPU1QiIEd1aWQ9ImViYmQwMDEyLWY3ZjItNDQ0My04NjYxLTQyMWFjOGQ1NmQwZSIgVmVyc2lvbj0iMS4xIiBVcmw9Imh0dHA6Ly9pbjAxYXB2MTE6ODEvZW4vaG9tZS5hc3B4IiBUaGlua1RpbWU9IjYiIFRpbWVvdXQ9IjMwMCIgUGFyc2VEZXBlbmRlbnRSZXF1ZXN0cz0iVHJ1ZSIgRm9sbG93UmVkaXJlY3RzPSJUcnVlIiBSZWNvcmRSZXN1bHQ9IlRydWUiIENhY2hlPSJGYWxzZSIgUmVzcG9uc2VUaW1lR29hbD0iMCIgRW5jb2Rpbmc9InV0Zi04IiBFeHBlY3RlZEh0dHBTdGF0dXNDb2RlPSIwIiBFeHBlY3RlZFJlc3BvbnNlVXJsPSIiIFJlcG9ydGluZ05hbWU9IiIgSWdub3JlSHR0cFN0YXR1c0NvZGU9IkZhbHNlIj4NCiAgICAgIDxIZWFkZXJzPg0KICAgICAgICA8SGVhZGVyIE5hbWU9IlJlZmVyZXIiIFZhbHVlPSJodHRwOi8vaW4wMWFwdjExOjgxL2VuL2hvbWUuYXNweCIgLz4NCiAgICAgIDwvSGVhZGVycz4NCiAgICAgIDxFeHRyYWN0aW9uUnVsZXM+DQogICAgICAgIDxFeHRyYWN0aW9uUnVsZSBDbGFzc25hbWU9Ik1pY3Jvc29mdC5WaXN1YWxTdHVkaW8uVGVzdFRvb2xzLldlYlRlc3RpbmcuUnVsZXMuRXh0cmFjdEhpZGRlbkZpZWxkcywgTWljcm9zb2Z0LlZpc3VhbFN0dWRpby5RdWFsaXR5VG9vbHMuV2ViVGVzdEZyYW1ld29yaywgVmVyc2lvbj0xMC4wLjAuMCwgQ3VsdHVyZT1uZXV0cmFsLCBQdWJsaWNLZXlUb2tlbj1iMDNmNWY3ZjExZDUwYTNhIiBWYXJpYWJsZU5hbWU9IjEiIERpc3BsYXlOYW1lPSJFeHRyYWN0IEhpZGRlbiBGaWVsZHMiIERlc2NyaXB0aW9uPSJFeHRyYWN0IGFsbCBoaWRkZW4gZmllbGRzIGZyb20gdGhlIHJlc3BvbnNlIGFuZCBwbGFjZSB0aGVtIGludG8gdGhlIHRlc3QgY29udGV4dC4iPg0KICAgICAgICAgIDxSdWxlUGFyYW1ldGVycz4NCiAgICAgICAgICAgIDxSdWxlUGFyYW1ldGVyIE5hbWU9IlJlcXVpcmVkIiBWYWx1ZT0iVHJ1ZSIgLz4NCiAgICAgICAgICAgIDxSdWxlUGFyYW1ldGVyIE5hbWU9Ikh0bWxEZWNvZGUiIFZhbHVlPSJUcnVlIiAvPg0KICAgICAgICAgIDwvUnVsZVBhcmFtZXRlcnM+DQogICAgICAgIDwvRXh0cmFjdGlvblJ1bGU+DQogICAgICA8L0V4dHJhY3Rpb25SdWxlcz4NCiAgICAgIDxGb3JtUG9zdEh0dHBCb2R5Pg0KICAgICAgICA8Rm9ybVBvc3RQYXJhbWV0ZXIgTmFtZT0iX19FVkVOVFRBUkdFVCIgVmFsdWU9Int7JEhJRERFTjEuX19FVkVOVFRBUkdFVH19IiBSZWNvcmRlZFZhbHVlPSIiIENvcnJlbGF0aW9uQmluZGluZz0iIiBVcmxFbmNvZGU9IlRydWUiIC8+DQogICAgICAgIDxGb3JtUG9zdFBhcmFtZXRlciBOYW1lPSJfX0VWRU5UQVJHVU1FTlQiIFZhbHVlPSJ7eyRISURERU4xLl9fRVZFTlRBUkdVTUVOVH19IiBSZWNvcmRlZFZhbHVlPSIiIENvcnJlbGF0aW9uQmluZGluZz0iIiBVcmxFbmNvZGU9IlRydWUiIC8+DQogICAgICAgIDxGb3JtUG9zdFBhcmFtZXRlciBOYW1lPSJfX1ZJRVdTVEFURSIgVmFsdWU9Int7JEhJRERFTjEuX19WSUVXU1RBVEV9fSIgUmVjb3JkZWRWYWx1ZT0iL3dFUER3VUVOVE00TVE5a0ZnSm1EMlFXQW1ZUFpCWUNaZzlrRmdKbUQyUVdBZ0lERHhZR0hnWnZibXh2WVdRRlAybG1LSFI1Y0dWdlppQlBia0poWTJ0Q2RYUjBiMjVEYkdsamF5QTlQU0FpWm5WdVkzUnBiMjRpS1NCUGJrSmhZMnRDZFhSMGIyNURiR2xqYXlncE94NEtiMjV3WVdkbGMyaHZkd1ZUYVdZZ0tHVjJaVzUwTG5CbGNuTnBjM1JsWkNBbUppQjBlWEJsYjJZZ1QyNUNZV05yUW5WMGRHOXVRMnhwWTJzZ1BUMGdJbVoxYm1OMGFXOXVJaWtnVDI1Q1lXTnJRblYwZEc5dVEyeHBZMnNvS1RzZUNHOXVkVzVzYjJGa1pSWUNBZ0VRWkdRV0NnSUlEMlFXQW1ZUER4WUNIZ2RXYVhOcFlteGxhR1JrQWdvUFpCWUNaZzlrRmdvQ0FnOFZBVmhEYjI1MFpXNTBVR3hoWTJWSWIyeGtaWEpFWldaaGRXeDBYMVJ2Y0V4dloyZGxaRTkxZEY4eVgzQnViRVJ5WVdkaFlteGxWMmx1Wkc5M1EyOXVkR1Z1ZEY5SmJteHBibVZOWlhOellXZGxRMjl1ZEdGcGJtVnlaQUlERHc4V0JCNEVWR1Y0ZEFVT1EzSmxZWFJsSUVGalkyOTFiblFlQzA1aGRtbG5ZWFJsVlhKc0JTTXZaVzR2WTJobFkydHZkWFF2YzNSbGNERXVZWE53ZUQ5dWIyUmxTV1E5TVRFeU4yUmtBZ1VQRHhZQ0h3UUZCVXh2WjJsdUZnSWVCR2h5WldZRkFTTmtBZ2NQRmdJZkJBVU5SM1ZsYzNRZ1FXTmpiM1Z1ZEdRQ0NROFBaQllDSGdWMGFYUnNaUVVGVEc5bmFXNFdEZ0lCRHc4V0JoOEVCUVpGYldGcGJEb2VDRU56YzBOc1lYTnpCUmNnY21WeGRXbHlaV1JHYVdWc1pFTm9ZWEpoWTNSbGNoNEVYeUZUUWdJQ1pHUUNDUThQRmdZZkJBVUpVR0Z6YzNkdmNtUTZId2dGRnlCeVpYRjFhWEpsWkVacFpXeGtRMmhoY21GamRHVnlId2tDQW1Sa0FnOFBaQllDQWdNUER4WUNId1FGRVd0bFpYQWdiV1VnYkc5bloyVmtJR2x1WkdRQ0VROFBGZ1FmQlFVWEwyVnVMMlp2Y21kdmRIQmhjM04zYjNKa0xtRnpjSGdmQkFVUVJtOXlaMjkwSUZCaGMzTjNiM0prUDJSa0FoTVBEeFlFSHdVRkl5OWxiaTlqYUdWamEyOTFkQzl6ZEdWd01TNWhjM0I0UDI1dlpHVkpaRDB4TVRJM0h3UUZEa055WldGMFpTQkJZMk52ZFc1MFpHUUNGUThQRmdJZkJBVUZURzluYVc1a1pBSVhEMlFXQm1ZUEZRRlJRMjl1ZEdWdWRGQnNZV05sU0c5c1pHVnlSR1ZtWVhWc2RGOVViM0JNYjJkblpXUlBkWFJmTWw5MmMwTm9aV05yYjNWMFZHOXdURzluYVc1ZlpXTnZiVlpoYkdsa1lYUnBiMjVUZFcxdFlYSjVaQUlCRHc4V0FoNFBWbUZzYVdSaGRHbHZia2R5YjNWd0JRcDJaMVJ2Y0V4dloybHVaR1FDQWc4VkFWRkRiMjUwWlc1MFVHeGhZMlZJYjJ4a1pYSkVaV1poZFd4MFgxUnZjRXh2WjJkbFpFOTFkRjh5WDNaelEyaGxZMnR2ZFhSVWIzQk1iMmRwYmw5bFkyOXRWbUZzYVdSaGRHbHZibE4xYlcxaGNubGtBZ3dQWkJZQ1pnOWtGZ3dDQ0E4UEZnUWZDQVVKWTJGeWRDMXBZMjl1SHdrQ0FtUVdBZ0lCRHc4V0FoOEZCUTB2Wlc0dlkyRnlkQzVoYzNCNFpHUUNDZzhXQWg4RUJRa3dJRWwwWlcwb2N5bGtBZ3dQRmdJZkJHVmtBZzRQWkJZR0FnRVBaQllDQWdFUEZnSWZCQVVRVEdGemRDQmhaR1JsWkNCcGRHVnRjMlFDQlE4UEZnSWZCQVVFUTJGeWRHUmtBZ2NQRHhZQ0h3UUZDRU5vWldOcmIzVjBGZ0llQjA5dVEyeHBZMnNGbHl4eVpYUjFjbTRnVm1Gc2FXUmhkR1ZKZEdWdGMxUnZRMmhsWTJ0UGRYUlBjbEYxYjNSbEtIc2lRMnh2YzJWQ2RYUjBiMjVVWlhoMElqb2lRMnh2YzJVaUxDSkJiR1Z5ZEUxbGMzTmhaMlZVYVhSc1pTSTZJa0ZzWlhKMElFMWxjM05oWjJVaUxDSkRhR1ZqYTI5MWRGTjBZWFJsUlc1MWJTSTZleUpKYm5aaGJHbGtJam9pU1c1MllXeHBaQ0lzSWxGMWIzUmhZbXhsVDI1c2VTSTZJbEYxYjNSaFlteGxUMjVzZVNJc0lrOXlaR1Z5WVdKc1pVOXViSGtpT2lKUGNtUmxjbUZpYkdWUGJteDVJaXdpVDNKa1pYSmhZbXhsUVc1a1VYVnZkR0ZpYkdVaU9pSlBjbVJsY21GaWJHVkJibVJSZFc5MFlXSnNaU0lzSWs1dmRFOXlaR1Z5WVdKc1pVRnVaRkYxYjNSaFlteGxJam9pVG05MFQzSmtaWEpoWW14bFFXNWtVWFZ2ZEdGaWJHVWlMQ0pPYjNSUGNtUmxjbUZpYkdWQmJtUlJkVzkwWVdKc1pWZHBkR2hKYm5aaGJHbGtJam9pVG05MFQzSmtaWEpoWW14bFFXNWtVWFZ2ZEdGaWJHVlhhWFJvU1c1MllXeHBaQ0lzSWtabGQwOXlaR1Z5WVdKc1pVOXViSGtpT2lKR1pYZFBjbVJsY21GaWJHVlBibXg1SWl3aVJtVjNUM0prWlhKaFlteGxRVzVrUm1WM1VYVnZkR0ZpYkdVaU9pSkdaWGRQY21SbGNtRmliR1ZCYm1SR1pYZFJkVzkwWVdKc1pTSXNJa1psZDFGMWIzUmhZbXhsVDI1c2VWZHBkR2hKYm5aaGJHbGtJam9pUm1WM1VYVnZkR0ZpYkdWUGJteDVWMmwwYUVsdWRtRnNhV1FpTENKR1pYZFBjbVJsY21GaWJHVlBibXg1VjJsMGFFbHVkbUZzYVdRaU9pSkdaWGRQY21SbGNtRmliR1ZQYm14NVYybDBhRWx1ZG1Gc2FXUWlMQ0pHWlhkUGNtUmxjbUZpYkdWQmJtUkdaWGRSZFc5MFlXSnNaVmRwZEdoSmJuWmhiR2xrSWpvaVJtVjNUM0prWlhKaFlteGxRVzVrUm1WM1VYVnZkR0ZpYkdWWGFYUm9TVzUyWVd4cFpDSXNJa1psZDA5eVpHVnlZV0pzWlVGdVpFRnNiRkYxYjNSaFlteGxJam9pUm1WM1QzSmtaWEpoWW14bFFXNWtRV3hzVVhWdmRHRmliR1VpTENKQmJHeFBjbVJsY21GaWJHVkJibVJHWlhkUmRXOTBZV0pzWlNJNklrRnNiRTl5WkdWeVlXSnNaVUZ1WkVabGQxRjFiM1JoWW14bEluMHNJa2wwWlcxVGRHRjBaVVZ1ZFcwaU9uc2lTVzUyWVd4cFpDSTZJa2x1ZG1Gc2FXUWlMQ0pSZFc5MFlXSnNaVTl1YkhraU9pSlJkVzkwWVdKc1pVOXViSGtpTENKUGNtUmxjbUZpYkdWUGJteDVJam9pVDNKa1pYSmhZbXhsVDI1c2VTSXNJazl5WkdWeVlXSnNaVUZ1WkZGMWIzUmhZbXhsSWpvaVQzSmtaWEpoWW14bFFXNWtVWFZ2ZEdGaWJHVWlMQ0pPYjNSUGNtUmxjbUZpYkdWQmJtUlJkVzkwWVdKc1pTSTZJazV2ZEU5eVpHVnlZV0pzWlVGdVpGRjFiM1JoWW14bElpd2lUbTkwVDNKa1pYSmhZbXhsUVc1a1VYVnZkR0ZpYkdWWGFYUm9TVzUyWVd4cFpDSTZJazV2ZEU5eVpHVnlZV0pzWlVGdVpGRjFiM1JoWW14bFYybDBhRWx1ZG1Gc2FXUWlMQ0pHWlhkUGNtUmxjbUZpYkdWUGJteDVJam9pUm1WM1QzSmtaWEpoWW14bFQyNXNlU0lzSWtabGQwOXlaR1Z5WVdKc1pVRnVaRVpsZDFGMWIzUmhZbXhsSWpvaVJtVjNUM0prWlhKaFlteGxRVzVrUm1WM1VYVnZkR0ZpYkdVaUxDSkdaWGRSZFc5MFlXSnNaVTl1YkhsWGFYUm9TVzUyWVd4cFpDSTZJa1psZDFGMWIzUmhZbXhsVDI1c2VWZHBkR2hKYm5aaGJHbGtJaXdpUm1WM1QzSmtaWEpoWW14bFQyNXNlVmRwZEdoSmJuWmhiR2xrSWpvaVJtVjNUM0prWlhKaFlteGxUMjVzZVZkcGRHaEpiblpoYkdsa0lpd2lSbVYzVDNKa1pYSmhZbXhsUVc1a1JtVjNVWFZ2ZEdGaWJHVlhhWFJvU1c1MllXeHBaQ0k2SWtabGQwOXlaR1Z5WVdKc1pVRnVaRVpsZDFGMWIzUmhZbXhsVjJsMGFFbHVkbUZzYVdRaUxDSkdaWGRQY21SbGNtRmliR1ZCYm1SQmJHeFJkVzkwWVdKc1pTSTZJa1psZDA5eVpHVnlZV0pzWlVGdVpFRnNiRkYxYjNSaFlteGxJaXdpUVd4c1QzSmtaWEpoWW14bFFXNWtSbVYzVVhWdmRHRmliR1VpT2lKQmJHeFBjbVJsY21GaWJHVkJibVJHWlhkUmRXOTBZV0pzWlNKOUxDSm9aRzVHYVdWc1pGTmxiR1ZqZEdWa1QzSmtaWEpKZEdWdFEyaGxZMnR2ZFhSVGRHRjBaWE5EYkdsbGJuUkpaQ0k2SWtOdmJuUmxiblJRYkdGalpVaHZiR1JsY2tSbFptRjFiSFJmUTJGeWRFOTJaWEoyYVdWM1h6TmZhR1J1Um1sbGJHUlRaV3hsWTNSbFpFOXlaR1Z5U1hSbGJVTm9aV05yYjNWMFUzUmhkR1Z6SWl3aWFHUnVSbWxsYkdSVFpXeGxZM1JsWkVsMFpXMUpaSE5EYkdsbGJuUkpaQ0k2SWtOdmJuUmxiblJRYkdGalpVaHZiR1JsY2tSbFptRjFiSFJmUTJGeWRFOTJaWEoyYVdWM1h6TmZhR1J1Um1sbGJHUlRaV3hsWTNSbFpFbDBaVzFKWkhNaUxDSlBjbVJsY2xObGJHVmpkR1ZrVUhKdlpIVmpkSE1pT2pFc0lrTnZibVpwY20xaGRHbHZibFJwZEd4bFVtVnpiM1Z5WTJVaU9pSkRiMjVtYVhKdFlYUnBiMjRpTENKUWNtOWpaV1ZrUW5WMGRHOXVWR1Y0ZENJNklsQnliMk5sWldRaUxDSlFjbTlqWldWa1FuVjBkRzl1UTJGc2JHSmhZMnNpT2lKV1lXeHBaR0YwWlVsMFpXMXpWRzlEYUdWamEwOTFkRTl5VVhWdmRHVWlMQ0pKYm5aaGJHbGtTWFJsYlhOVFpXeGxZM1JsWkVadmNrTm9aV05yYjNWMFVtVnpiM1Z5WTJVaU9pSlVhR1Z5WlNCaGNtVWdjMjl0WlNCcGJuWmhiR2xrSUdsMFpXMXpJR05vYjNObGJpQm1iM0lnWTJobFkydHZkWFFpTENKT2IwOXlaR1Z5WVdKc1pVbDBaVzF6VTJWc1pXTjBaV1JHYjNKRGFHVmphMjkxZEZKbGMyOTFjbU5sSWpvaVRtOGdkbUZzYVdRZ2IzSmtaWEpoWW14bElHbDBaVzF6SUdGeVpTQmphRzl6Wlc0Z1ptOXlJRzl5WkdWeUlIQnliMk5sYzNNaUxDSk9iMUYxYjNSaFlteGxTWFJsYlhOVFpXeGxZM1JsWkVadmNrTm9aV05yYjNWMFVtVnpiM1Z5WTJVaU9pSk9ieUIyWVd4cFpDQnhkVzkwWVdKc1pTQnBkR1Z0Y3lCaGNtVWdZMmh2YzJWdUlHWnZjaUJ4ZFc5MFpTQndjbTlqWlhOeklpd2lUM0prWlhKaFlteGxRVzVrVG05dVQzSmtaWEpoWW14bFNYUmxiWE5UWld4bFkzUmxaRVp2Y2tOb1pXTnJiM1YwVW1WemIzVnlZMlVpT2lKWmIzVWdZMkZ1SUdWcGRHaGxjaUFuY0hKdlkyVmxaQ2NnZDJsMGFDQnZjbVJsY2lCd2NtOWpaWE56SUc5bUlIUm9aU0J2Y21SbGNtRmliR1VnYVhSbGJYTWdiM0lnWldScGRDQjBhR1VnYm05dUxXOXlaR1Z5WVdKc1pTQnBkR1Z0Y3lJc0lsRjFiM1JoWW14bFFXNWtUbTl1VVhWdmRHRmliR1ZKZEdWdGMxTmxiR1ZqZEdWa1JtOXlRMmhsWTJ0dmRYUlNaWE52ZFhKalpTSTZJbGx2ZFNCallXNGdaV2wwYUdWeUlDZHdjbTlqWldWa0p5QjNhWFJvSUhGMWIzUmxJSEJ5YjJObGMzTWdiMllnZEdobElIRjFiM1JoWW14bElHbDBaVzF6SUc5eUlHVmthWFFnZEdobElHNXZiaTF4ZFc5MFlXSnNaU0JwZEdWdGN5SXNJbEYxYjNSbFUyVnNaV04wWldSUWNtOWtkV04wY3lJNk1pd2lUbTlKZEdWdGMxTmxiR1ZqZEdWa0lqb2lUbThnU1hSbGJYTWdVMlZzWldOMFpXUXVJRkJzWldGelpTQmphRzl2YzJVZ2IyNWxJQ2h2Y2lrZ2JXOXlaU0JwZEdWdGN5QjBieUJ3WlhKbWIzSnRJSFJvWlNCaFkzUnBiMjR1SWl3aVEyRnlkRUZqZEdsdmJrUmxiR1YwWlZObGJHVmpkR1ZrVUhKdlpIVmpkSE1pT2pVc0lsZHBjMmhNYVhOMFFXTjBhVzl1YzBSbGJHVjBaVk5sYkdWamRHVmtVSEp2WkhWamRITWlPaklzSWtSbGJHVjBaVU52Ym1acGNtMWhkR2x2YmsxbGMzTmhaMlZTWlhOdmRYSmpaU0k2SWp4d1BrUnZJSGx2ZFNCeVpXRnNiSGtnZDJGdWRDQjBieUJrWld4bGRHVWdkR2hwY3lCcGRHVnRLSE1wUHp3dmNENGlMQ0pFWld4bGRHVkRiMjVtYVhKdFlYUnBiMjVPYjBKMWRIUnZibEpsYzI5MWNtTmxJam9pVG04aUxDSkVaV3hsZEdWRGIyNW1hWEp0WVhScGIyNVpaWE5DZFhSMGIyNVNaWE52ZFhKalpTSTZJbGxsY3lJc0lrUmxiR1YwWlVOdmJtWnBjbTFoZEdsdmJraGxZV1JsY2xSbGVIUlNaWE52ZFhKalpTSTZJa1JsYkdWMFpTSXNJa05oY25SQlkzUnBiMjRpT2pFc0lrTm9aV05yYjNWMFFuVjBkRzl1VTJOeWFYQjBJanB1ZFd4c0xDSkRhR1ZqYTI5MWRGTmxjWFZsYm1OcGJtZEJibVJRY21sdFpYSlFiM0IxY0UxbGMzTmhaMlZJWldGa1pYSWlPaUlpTENKRGFHVmphMjkxZEZObGNYVmxibU5wYm1kQmJtUlFjbWx0WlhKUWIzQjFjRTFsYzNOaFoyVklaV0ZrWlhKSmJtWnZjbTFoZEdsdmJpSTZJa2wwSUdseklHNXZkQ0J3YjNOemFXSnNaU0IwYnlCamFHVmphMjkxZENBdklIRjFiM1JsSUhObGNYVmxibU5wYm1jZ2NtVmhZM1JwYjI1eklIZHBkR2h2ZFhRZ2NISnBiV1Z5Y3lCM2FHbGphQ0JoY21VZ1lYTnpiMk5wWVhSbFpDQjBieUJ6Wld4bFkzUmxaQ0J6WlhGMVpXNWphVzVuSUdsMFpXMXpJR2x1SUhSb2FYTWdiM0prWlhJNklEd3ZZbkkrUEM5aWNqNGlMQ0pEYUdWamEyOTFkRk5sY1hWbGJtTnBibWRCYm1SUWNtbHRaWEpRYjNCMWNFMWxjM05oWjJWR2IyOTBaWEpKYm1admNtMWhkR2x2YmlJNklpSXNJa05vWldOcmIzVjBVMlZ4ZFdWdVkybHVaMEZ1WkZCeWFXMWxjbEJ2Y0hWd1RXVnpjMkZuWlVOc2IzTmxRblYwZEc5dVZHVjRkQ0k2SWlJc0lrTm9aV05yYjNWMFUyVnhkV1Z1WTJsdVowRnVaRkJ5YVcxbGNsQnZjSFZ3Um05eWJXRjBUV1Z6YzJGblpTSTZJaUlzSWtOb1pXTnJiM1YwVUhKcGJXVnlRV3h2Ym1WUWIzQjFjRTFsYzNOaFoyVkRiRzl6WlVKMWRIUnZibFJsZUhRaU9pSWlMQ0pEYUdWamEyOTFkRkJ5YVcxbGNrRnNiMjVsVUc5d2RYQk5aWE56WVdkbElqb2lVSEpwYldWeUlHRnNiMjVsSUdOaGJtNXZkQ0JpWlNCamFHVmphMlZrSUc5MWRDNGdVR3hsWVhObElITmxiR1ZqZENCaGRHeGxZWE4wSUc5dVpTQmhjM052WTJsaGRHVmtJSE5sY1hWbGJtTnBibWNnU1hSbGJTNGlMQ0pEYUdWamEyOTFkRkJ5YVcxbGNrRnNiMjVsVUc5d2RYQk5aWE56WVdkbFNHVmhaR1Z5SWpvaVVHeGxZWE5sSUU1dmRHVWlMQ0pDWVhKRGIyUmxWbUZzYVdSaGRHbHZibEJ2Y0hWd1EyeHZjMlZDZFhSMGIyNVVaWGgwSWpvaVQyc2lMQ0pDWVhKRGIyUmxWbUZzYVdSaGRHbHZibEJ2Y0hWd1RXVnpjMkZuWlNJNklrSmhjbU52WkdVZ1ptOXlJRk5sYkdWamRHVmtJRWwwWlcwZ2FYTWdhVzUyWVd4cFpDSXNJa0poY2tOdlpHVldZV3hwWkdGMGFXOXVVRzl3ZFhCTlpYTnpZV2RsU0dWaFpHVnlJam9pVUd4bFlYTmxJRTV2ZEdVaUxDSlRZVzFsUkdGNVJHVnNhWFpsY25sV1lXeHBaR0YwYVc5dVVHOXdkWEJIYjBKaFkydENkWFIwYjI1VVpYaDBJam9pVjJGcGRDQjFiblJwYkNCaGJHd2dUM0prWlhKeklHRnlaU0JtYVc1cGMyaGxaQ0IwYnlCVGFHbHdJRzl1WTJVaUxDSlRZVzFsUkdGNVJHVnNhWFpsY25sV1lXeHBaR0YwYVc5dVVHOXdkWEJEYUdWamEyOTFkRUoxZEhSdmJsUmxlSFFpT2lKRGFHVmphMjkxZENCVFlXMWxJRVJoZVNCUGJHbG5iM01nVDI1c2VTSXNJbE5oYldWRVlYbEVaV3hwZG1WeWVWWmhiR2xrWVhScGIyNVFiM0IxY0UxbGMzTmhaMlZJWldGa1pYSWlPaUpRYkdWaGMyVWdjMlZzWldOMElpd2lVMkZ0WlVSaGVVUmxiR2wyWlhKNVZtRnNhV1JoZEdsdmJsQnZjSFZ3VFdWemMyRm5aVVJsYzJOeWFYQjBhVzl1SWpvaVdXOTFjaUJqWVhKMElHTnZiblJoYVc1eklITmhiV1VnWkdGNUlHOXNhV2R2Y3l3Z2QyaHBZMmdnYm1WbFpDQjBieUJpWlNCamFHVmphMlZrSUc5MWRDQnpaWEJsY21GMFpXeDVJR2x1SUc5eVpHVnlJSFJ2SUdWdWMzVnlaU0IwYUdVZ1ptRnpkR1Z6ZENCa1pXeHBkbVZ5ZVM0Z1ZHaGxJRzkwYUdWeUlHbDBaVzF6SUhkcGJHd2dZbVVnZDJGcGRHbHVaeUJwYmlCNWIzVnlJR05oY25RZ2QyaGxiaUI1YjNVZ2NtVjBkWEp1SUd4aGRHVnlMaUE4YzNCaGJpQmpiR0Z6Y3oxY0luUnZiMngwYVhCZlpHbGhiRzluWENJZ2RHbDBiR1U5WENKRmVIQnNZV2x1SUdKMWRIUnZiaUJrWlhOamNtbHdkR2x2YmlCb1pYSmxJRzl1YkhsY0lpQStQQzl6Y0dGdVBpSXNJbEpsZFhObFpFbDBaVzF6Vm1Gc2FXUmhkR2x2YmxCdmNIVndRMnh2YzJWQ2RYUjBiMjVVWlhoMElqb2lUMnNpTENKU1pYVnpaV1JKZEdWdGMxWmhiR2xrWVhScGIyNVFiM0IxY0UxbGMzTmhaMlVpT2lKUGIzQnpJQ0VnVTI5dFpTQnZjaUJoYkd3Z2IyWWdjMlZzWldOMFpXUWdjbVYxYzJWa0lHbDBaVzBuY3lCdmNtbG5hVzVoYkNCamIyNTBZV2x1WlhKeklHRnlaU0JsZUhCcGNtVmtMaUJaYjNWeUlHTmhjblFnZDJsc2JDQmlaU0IxY0dSaGRHVmtJR0YxZEc5dFlYUnBZMkZzYkhrZ1lXNWtJR05oY25RZ2QybHNiQ0JpWlNCeVpXeHZZV1JsWkM0Z1JYaHdhWEpsWkNCcGRHVnRJRTVoYldWeklHRnlaU0F0UGlJc0lsSmxkWE5sWkVsMFpXMXpWbUZzYVdSaGRHbHZibEJ2Y0hWd1RXVnpjMkZuWlVobFlXUmxjaUk2SWxCc1pXRnpaU0JPYjNSbElpd2lSWGh3YVhKbFpGQnlhVzFsY2xCdmNIVndRMnh2YzJWQ2RYUjBiMjVVWlhoMElqb2lUMnNpTENKRmVIQnBjbVZrVUhKcGJXVnlVRzl3ZFhCTlpYTnpZV2RsVkdWNGRDSTZJbEJ5YVcxbGNpQnBjeUJsZUhCcGNtVmtJR1p2Y2lCMGFHVWdiMjVsSUc5bUlIUm9aU0J6Wld4bGRHVmtJSE5sY1hWbGJtTnBibWNnYVhSbGJTNGdjR3hsWVhObElITmxiR1ZqZENCaGJtOTBhR1Z5SUhCeWFXMWxjaUJ2Y2lCdmNtUmxjaUJ1WlhjZ2NISnBiV1Z5TGlJc0lrVjRjR2x5WldSUWNtbHRaWEpRYjNCMWNFMWxjM05oWjJWSVpXRmtaWEpVWlhoMElqb2lVR3hsYzJVZ1RtOTBaU0lzSWtOaGNuUlFZV2RsVlZKTUlqb2lMMlZ1TDJOaGNuUXVZWE53ZUNJc0lrMXBibWx0ZFcxUWJHRjBaVk5oYlhCc1pYTlFaWEpEYUdWamEyOTFkQ0k2TkRnc0lsQnNZWFJsVTJGdGNHeGxRMjkxYm5RaU9tNTFiR3dzSWtselUybHVaMnhsVUd4aGRHVlhhWFJvVm1Gc2FXUlRZVzF3YkdWRGIzVnVkQ0k2Wm1Gc2MyVXNJazFwYmxCc1lYUmxVMkZ0Y0d4bGMxQnZjSFZ3Um05eWJXRjBUV1Z6YzJGblpTSTZJaUlzSWsxcGJsQnNZWFJsVTJGdGNHeGxjMUJ2Y0hWd1JtOXliV0YwVFdWemMyRm5aVU5zYjNObFFuVjBkRzl1VkdWNGRDSTZJaUlzSWsxcGJsQnNZWFJsVTJGdGNHeGxjMUJ2Y0hWd1JtOXliV0YwVFdWemMyRm5aVWhsWVdSbGNpSTZJaUlzSWsxaGVHbHRkVzFPZFcxaVpYSlBabEJzWVhSbGMxQmxja05vWldOcmIzVjBJam96TENKUWJHRjBaWE5EYjNWdWRFWnZja04xY25KbGJuUlBjbVJsY2lJNmJuVnNiQ3dpVFdGNGFXMTFiVkJzWVhSbGMxQmxja05vWldOcmIzVjBVRzl3ZFhCR2IzSnRZWFJOWlhOellXZGxJam9pVFdGNGFXMTFiU0F6SUhCc1lYUmxjeUJoY21VZ1pXeHBaMmxpYkdVZ2RHOGdZMmhsWTJ0dmRYUWdjR1Z5SUc5eVpHVnlJR1p2Y2lCd2JHRjBaU0J6WlhGMVpXNWphVzVuSUdsMFpXMXpMaUJRYkdWaGMyVWdiVzlrYVdaNUlIbHZkWElnYzJWc1pXTjBhVzl1SUdGalkyOXlaR2x1WjJ4NUxpSXNJazFoZUdsdGRXMVFiR0YwWlhOUVpYSkRhR1ZqYTI5MWRGQnZjSFZ3Um05eWJXRjBUV1Z6YzJGblpVTnNiM05sUW5WMGRHOXVWR1Y0ZENJNklrOXJJaXdpVFdGNGFXMTFiVkJzWVhSbGMxQmxja05vWldOcmIzVjBSbTl5YldGMFRXVnpjMkZuWlVobFlXUmxjaUk2SWxCc1pXRnpaU0JPYjNSbElpd2lVRzl6ZEVKaFkydEZiR1Z0Wlc1MFZXNXBjWFZsU1dRaU9pSmpkR3d3TUNSamRHd3dNQ1JqZEd3d01DUkRiMjUwWlc1MFVHeGhZMlZJYjJ4a1pYSkVaV1poZFd4MEpFTmhjblJQZG1WeWRtbGxkMTh6Skd4dWEwTm9aV05yYjNWMElpd2lSWFpsYm5SQmNtZDFiV1Z1ZENJNklpSjlMQ0IwYUdsektUdGtBaEFQRHhZRUh3VUZEUzlsYmk5allYSjBMbUZ6Y0hnZkJBVUVRMkZ5ZEdSa0FoSVBEeFlHSHdRRkNFTm9aV05yYjNWMEhnZEZibUZpYkdWa2FCOERhQllDSHdzRmx5eHlaWFIxY200Z1ZtRnNhV1JoZEdWSmRHVnRjMVJ2UTJobFkydFBkWFJQY2xGMWIzUmxLSHNpUTJ4dmMyVkNkWFIwYjI1VVpYaDBJam9pUTJ4dmMyVWlMQ0pCYkdWeWRFMWxjM05oWjJWVWFYUnNaU0k2SWtGc1pYSjBJRTFsYzNOaFoyVWlMQ0pEYUdWamEyOTFkRk4wWVhSbFJXNTFiU0k2ZXlKSmJuWmhiR2xrSWpvaVNXNTJZV3hwWkNJc0lsRjFiM1JoWW14bFQyNXNlU0k2SWxGMWIzUmhZbXhsVDI1c2VTSXNJazl5WkdWeVlXSnNaVTl1YkhraU9pSlBjbVJsY21GaWJHVlBibXg1SWl3aVQzSmtaWEpoWW14bFFXNWtVWFZ2ZEdGaWJHVWlPaUpQY21SbGNtRmliR1ZCYm1SUmRXOTBZV0pzWlNJc0lrNXZkRTl5WkdWeVlXSnNaVUZ1WkZGMWIzUmhZbXhsSWpvaVRtOTBUM0prWlhKaFlteGxRVzVrVVhWdmRHRmliR1VpTENKT2IzUlBjbVJsY21GaWJHVkJibVJSZFc5MFlXSnNaVmRwZEdoSmJuWmhiR2xrSWpvaVRtOTBUM0prWlhKaFlteGxRVzVrVVhWdmRHRmliR1ZYYVhSb1NXNTJZV3hwWkNJc0lrWmxkMDl5WkdWeVlXSnNaVTl1YkhraU9pSkdaWGRQY21SbGNtRmliR1ZQYm14NUlpd2lSbVYzVDNKa1pYSmhZbXhsUVc1a1JtVjNVWFZ2ZEdGaWJHVWlPaUpHWlhkUGNtUmxjbUZpYkdWQmJtUkdaWGRSZFc5MFlXSnNaU0lzSWtabGQxRjFiM1JoWW14bFQyNXNlVmRwZEdoSmJuWmhiR2xrSWpvaVJtVjNVWFZ2ZEdGaWJHVlBibXg1VjJsMGFFbHVkbUZzYVdRaUxDSkdaWGRQY21SbGNtRmliR1ZQYm14NVYybDBhRWx1ZG1Gc2FXUWlPaUpHWlhkUGNtUmxjbUZpYkdWUGJteDVWMmwwYUVsdWRtRnNhV1FpTENKR1pYZFBjbVJsY21GaWJHVkJibVJHWlhkUmRXOTBZV0pzWlZkcGRHaEpiblpoYkdsa0lqb2lSbVYzVDNKa1pYSmhZbXhsUVc1a1JtVjNVWFZ2ZEdGaWJHVlhhWFJvU1c1MllXeHBaQ0lzSWtabGQwOXlaR1Z5WVdKc1pVRnVaRUZzYkZGMWIzUmhZbXhsSWpvaVJtVjNUM0prWlhKaFlteGxRVzVrUVd4c1VYVnZkR0ZpYkdVaUxDSkJiR3hQY21SbGNtRmliR1ZCYm1SR1pYZFJkVzkwWVdKc1pTSTZJa0ZzYkU5eVpHVnlZV0pzWlVGdVpFWmxkMUYxYjNSaFlteGxJbjBzSWtsMFpXMVRkR0YwWlVWdWRXMGlPbnNpU1c1MllXeHBaQ0k2SWtsdWRtRnNhV1FpTENKUmRXOTBZV0pzWlU5dWJIa2lPaUpSZFc5MFlXSnNaVTl1YkhraUxDSlBjbVJsY21GaWJHVlBibXg1SWpvaVQzSmtaWEpoWW14bFQyNXNlU0lzSWs5eVpHVnlZV0pzWlVGdVpGRjFiM1JoWW14bElqb2lUM0prWlhKaFlteGxRVzVrVVhWdmRHRmliR1VpTENKT2IzUlBjbVJsY21GaWJHVkJibVJSZFc5MFlXSnNaU0k2SWs1dmRFOXlaR1Z5WVdKc1pVRnVaRkYxYjNSaFlteGxJaXdpVG05MFQzSmtaWEpoWW14bFFXNWtVWFZ2ZEdGaWJHVlhhWFJvU1c1MllXeHBaQ0k2SWs1dmRFOXlaR1Z5WVdKc1pVRnVaRkYxYjNSaFlteGxWMmwwYUVsdWRtRnNhV1FpTENKR1pYZFBjbVJsY21GaWJHVlBibXg1SWpvaVJtVjNUM0prWlhKaFlteGxUMjVzZVNJc0lrWmxkMDl5WkdWeVlXSnNaVUZ1WkVabGQxRjFiM1JoWW14bElqb2lSbVYzVDNKa1pYSmhZbXhsUVc1a1JtVjNVWFZ2ZEdGaWJHVWlMQ0pHWlhkUmRXOTBZV0pzWlU5dWJIbFhhWFJvU1c1MllXeHBaQ0k2SWtabGQxRjFiM1JoWW14bFQyNXNlVmRwZEdoSmJuWmhiR2xrSWl3aVJtVjNUM0prWlhKaFlteGxUMjVzZVZkcGRHaEpiblpoYkdsa0lqb2lSbVYzVDNKa1pYSmhZbXhsVDI1c2VWZHBkR2hKYm5aaGJHbGtJaXdpUm1WM1QzSmtaWEpoWW14bFFXNWtSbVYzVVhWdmRHRmliR1ZYYVhSb1NXNTJZV3hwWkNJNklrWmxkMDl5WkdWeVlXSnNaVUZ1WkVabGQxRjFiM1JoWW14bFYybDBhRWx1ZG1Gc2FXUWlMQ0pHWlhkUGNtUmxjbUZpYkdWQmJtUkJiR3hSZFc5MFlXSnNaU0k2SWtabGQwOXlaR1Z5WVdKc1pVRnVaRUZzYkZGMWIzUmhZbXhsSWl3aVFXeHNUM0prWlhKaFlteGxRVzVrUm1WM1VYVnZkR0ZpYkdVaU9pSkJiR3hQY21SbGNtRmliR1ZCYm1SR1pYZFJkVzkwWVdKc1pTSjlMQ0pvWkc1R2FXVnNaRk5sYkdWamRHVmtUM0prWlhKSmRHVnRRMmhsWTJ0dmRYUlRkR0YwWlhORGJHbGxiblJKWkNJNklrTnZiblJsYm5SUWJHRmpaVWh2YkdSbGNrUmxabUYxYkhSZlEyRnlkRTkyWlhKMmFXVjNYek5mYUdSdVJtbGxiR1JUWld4bFkzUmxaRTl5WkdWeVNYUmxiVU5vWldOcmIzVjBVM1JoZEdWeklpd2lhR1J1Um1sbGJHUlRaV3hsWTNSbFpFbDBaVzFKWkhORGJHbGxiblJKWkNJNklrTnZiblJsYm5SUWJHRmpaVWh2YkdSbGNrUmxabUYxYkhSZlEyRnlkRTkyWlhKMmFXVjNYek5mYUdSdVJtbGxiR1JUWld4bFkzUmxaRWwwWlcxSlpITWlMQ0pQY21SbGNsTmxiR1ZqZEdWa1VISnZaSFZqZEhNaU9qRXNJa052Ym1acGNtMWhkR2x2YmxScGRHeGxVbVZ6YjNWeVkyVWlPaUpEYjI1bWFYSnRZWFJwYjI0aUxDSlFjbTlqWldWa1FuVjBkRzl1VkdWNGRDSTZJbEJ5YjJObFpXUWlMQ0pRY205alpXVmtRblYwZEc5dVEyRnNiR0poWTJzaU9pSldZV3hwWkdGMFpVbDBaVzF6Vkc5RGFHVmphMDkxZEU5eVVYVnZkR1VpTENKSmJuWmhiR2xrU1hSbGJYTlRaV3hsWTNSbFpFWnZja05vWldOcmIzVjBVbVZ6YjNWeVkyVWlPaUpVYUdWeVpTQmhjbVVnYzI5dFpTQnBiblpoYkdsa0lHbDBaVzF6SUdOb2IzTmxiaUJtYjNJZ1kyaGxZMnR2ZFhRaUxDSk9iMDl5WkdWeVlXSnNaVWwwWlcxelUyVnNaV04wWldSR2IzSkRhR1ZqYTI5MWRGSmxjMjkxY21ObElqb2lUbThnZG1Gc2FXUWdiM0prWlhKaFlteGxJR2wwWlcxeklHRnlaU0JqYUc5elpXNGdabTl5SUc5eVpHVnlJSEJ5YjJObGMzTWlMQ0pPYjFGMWIzUmhZbXhsU1hSbGJYTlRaV3hsWTNSbFpFWnZja05vWldOcmIzVjBVbVZ6YjNWeVkyVWlPaUpPYnlCMllXeHBaQ0J4ZFc5MFlXSnNaU0JwZEdWdGN5QmhjbVVnWTJodmMyVnVJR1p2Y2lCeGRXOTBaU0J3Y205alpYTnpJaXdpVDNKa1pYSmhZbXhsUVc1a1RtOXVUM0prWlhKaFlteGxTWFJsYlhOVFpXeGxZM1JsWkVadmNrTm9aV05yYjNWMFVtVnpiM1Z5WTJVaU9pSlpiM1VnWTJGdUlHVnBkR2hsY2lBbmNISnZZMlZsWkNjZ2QybDBhQ0J2Y21SbGNpQndjbTlqWlhOeklHOW1JSFJvWlNCdmNtUmxjbUZpYkdVZ2FYUmxiWE1nYjNJZ1pXUnBkQ0IwYUdVZ2JtOXVMVzl5WkdWeVlXSnNaU0JwZEdWdGN5SXNJbEYxYjNSaFlteGxRVzVrVG05dVVYVnZkR0ZpYkdWSmRHVnRjMU5sYkdWamRHVmtSbTl5UTJobFkydHZkWFJTWlhOdmRYSmpaU0k2SWxsdmRTQmpZVzRnWldsMGFHVnlJQ2R3Y205alpXVmtKeUIzYVhSb0lIRjFiM1JsSUhCeWIyTmxjM01nYjJZZ2RHaGxJSEYxYjNSaFlteGxJR2wwWlcxeklHOXlJR1ZrYVhRZ2RHaGxJRzV2YmkxeGRXOTBZV0pzWlNCcGRHVnRjeUlzSWxGMWIzUmxVMlZzWldOMFpXUlFjbTlrZFdOMGN5STZNaXdpVG05SmRHVnRjMU5sYkdWamRHVmtJam9pVG04Z1NYUmxiWE1nVTJWc1pXTjBaV1F1SUZCc1pXRnpaU0JqYUc5dmMyVWdiMjVsSUNodmNpa2diVzl5WlNCcGRHVnRjeUIwYnlCd1pYSm1iM0p0SUhSb1pTQmhZM1JwYjI0dUlpd2lRMkZ5ZEVGamRHbHZia1JsYkdWMFpWTmxiR1ZqZEdWa1VISnZaSFZqZEhNaU9qVXNJbGRwYzJoTWFYTjBRV04wYVc5dWMwUmxiR1YwWlZObGJHVmpkR1ZrVUhKdlpIVmpkSE1pT2pJc0lrUmxiR1YwWlVOdmJtWnBjbTFoZEdsdmJrMWxjM05oWjJWU1pYTnZkWEpqWlNJNklqeHdQa1J2SUhsdmRTQnlaV0ZzYkhrZ2QyRnVkQ0IwYnlCa1pXeGxkR1VnZEdocGN5QnBkR1Z0S0hNcFB6d3ZjRDRpTENKRVpXeGxkR1ZEYjI1bWFYSnRZWFJwYjI1T2IwSjFkSFJ2YmxKbGMyOTFjbU5sSWpvaVRtOGlMQ0pFWld4bGRHVkRiMjVtYVhKdFlYUnBiMjVaWlhOQ2RYUjBiMjVTWlhOdmRYSmpaU0k2SWxsbGN5SXNJa1JsYkdWMFpVTnZibVpwY20xaGRHbHZia2hsWVdSbGNsUmxlSFJTWlhOdmRYSmpaU0k2SWtSbGJHVjBaU0lzSWtOaGNuUkJZM1JwYjI0aU9qRXNJa05vWldOcmIzVjBRblYwZEc5dVUyTnlhWEIwSWpwdWRXeHNMQ0pEYUdWamEyOTFkRk5sY1hWbGJtTnBibWRCYm1SUWNtbHRaWEpRYjNCMWNFMWxjM05oWjJWSVpXRmtaWElpT2lJaUxDSkRhR1ZqYTI5MWRGTmxjWFZsYm1OcGJtZEJibVJRY21sdFpYSlFiM0IxY0UxbGMzTmhaMlZJWldGa1pYSkpibVp2Y20xaGRHbHZiaUk2SWtsMElHbHpJRzV2ZENCd2IzTnphV0pzWlNCMGJ5QmphR1ZqYTI5MWRDQXZJSEYxYjNSbElITmxjWFZsYm1OcGJtY2djbVZoWTNScGIyNXpJSGRwZEdodmRYUWdjSEpwYldWeWN5QjNhR2xqYUNCaGNtVWdZWE56YjJOcFlYUmxaQ0IwYnlCelpXeGxZM1JsWkNCelpYRjFaVzVqYVc1bklHbDBaVzF6SUdsdUlIUm9hWE1nYjNKa1pYSTZJRHd2WW5JK1BDOWljajRpTENKRGFHVmphMjkxZEZObGNYVmxibU5wYm1kQmJtUlFjbWx0WlhKUWIzQjFjRTFsYzNOaFoyVkdiMjkwWlhKSmJtWnZjbTFoZEdsdmJpSTZJaUlzSWtOb1pXTnJiM1YwVTJWeGRXVnVZMmx1WjBGdVpGQnlhVzFsY2xCdmNIVndUV1Z6YzJGblpVTnNiM05sUW5WMGRHOXVWR1Y0ZENJNklpSXNJa05vWldOcmIzVjBVMlZ4ZFdWdVkybHVaMEZ1WkZCeWFXMWxjbEJ2Y0hWd1JtOXliV0YwVFdWemMyRm5aU0k2SWlJc0lrTm9aV05yYjNWMFVISnBiV1Z5UVd4dmJtVlFiM0IxY0UxbGMzTmhaMlZEYkc5elpVSjFkSFJ2YmxSbGVIUWlPaUlpTENKRGFHVmphMjkxZEZCeWFXMWxja0ZzYjI1bFVHOXdkWEJOWlhOellXZGxJam9pVUhKcGJXVnlJR0ZzYjI1bElHTmhibTV2ZENCaVpTQmphR1ZqYTJWa0lHOTFkQzRnVUd4bFlYTmxJSE5sYkdWamRDQmhkR3hsWVhOMElHOXVaU0JoYzNOdlkybGhkR1ZrSUhObGNYVmxibU5wYm1jZ1NYUmxiUzRpTENKRGFHVmphMjkxZEZCeWFXMWxja0ZzYjI1bFVHOXdkWEJOWlhOellXZGxTR1ZoWkdWeUlqb2lVR3hsWVhObElFNXZkR1VpTENKQ1lYSkRiMlJsVm1Gc2FXUmhkR2x2YmxCdmNIVndRMnh2YzJWQ2RYUjBiMjVVWlhoMElqb2lUMnNpTENKQ1lYSkRiMlJsVm1Gc2FXUmhkR2x2YmxCdmNIVndUV1Z6YzJGblpTSTZJa0poY21OdlpHVWdabTl5SUZObGJHVmpkR1ZrSUVsMFpXMGdhWE1nYVc1MllXeHBaQ0lzSWtKaGNrTnZaR1ZXWVd4cFpHRjBhVzl1VUc5d2RYQk5aWE56WVdkbFNHVmhaR1Z5SWpvaVVHeGxZWE5sSUU1dmRHVWlMQ0pUWVcxbFJHRjVSR1ZzYVhabGNubFdZV3hwWkdGMGFXOXVVRzl3ZFhCSGIwSmhZMnRDZFhSMGIyNVVaWGgwSWpvaVYyRnBkQ0IxYm5ScGJDQmhiR3dnVDNKa1pYSnpJR0Z5WlNCbWFXNXBjMmhsWkNCMGJ5QlRhR2x3SUc5dVkyVWlMQ0pUWVcxbFJHRjVSR1ZzYVhabGNubFdZV3hwWkdGMGFXOXVVRzl3ZFhCRGFHVmphMjkxZEVKMWRIUnZibFJsZUhRaU9pSkRhR1ZqYTI5MWRDQlRZVzFsSUVSaGVTQlBiR2xuYjNNZ1QyNXNlU0lzSWxOaGJXVkVZWGxFWld4cGRtVnllVlpoYkdsa1lYUnBiMjVRYjNCMWNFMWxjM05oWjJWSVpXRmtaWElpT2lKUWJHVmhjMlVnYzJWc1pXTjBJaXdpVTJGdFpVUmhlVVJsYkdsMlpYSjVWbUZzYVdSaGRHbHZibEJ2Y0hWd1RXVnpjMkZuWlVSbGMyTnlhWEIwYVc5dUlqb2lXVzkxY2lCallYSjBJR052Ym5SaGFXNXpJSE5oYldVZ1pHRjVJRzlzYVdkdmN5d2dkMmhwWTJnZ2JtVmxaQ0IwYnlCaVpTQmphR1ZqYTJWa0lHOTFkQ0J6WlhCbGNtRjBaV3g1SUdsdUlHOXlaR1Z5SUhSdklHVnVjM1Z5WlNCMGFHVWdabUZ6ZEdWemRDQmtaV3hwZG1WeWVTNGdWR2hsSUc5MGFHVnlJR2wwWlcxeklIZHBiR3dnWW1VZ2QyRnBkR2x1WnlCcGJpQjViM1Z5SUdOaGNuUWdkMmhsYmlCNWIzVWdjbVYwZFhKdUlHeGhkR1Z5TGlBOGMzQmhiaUJqYkdGemN6MWNJblJ2YjJ4MGFYQmZaR2xoYkc5blhDSWdkR2wwYkdVOVhDSkZlSEJzWVdsdUlHSjFkSFJ2YmlCa1pYTmpjbWx3ZEdsdmJpQm9aWEpsSUc5dWJIbGNJaUErUEM5emNHRnVQaUlzSWxKbGRYTmxaRWwwWlcxelZtRnNhV1JoZEdsdmJsQnZjSFZ3UTJ4dmMyVkNkWFIwYjI1VVpYaDBJam9pVDJzaUxDSlNaWFZ6WldSSmRHVnRjMVpoYkdsa1lYUnBiMjVRYjNCMWNFMWxjM05oWjJVaU9pSlBiM0J6SUNFZ1UyOXRaU0J2Y2lCaGJHd2diMllnYzJWc1pXTjBaV1FnY21WMWMyVmtJR2wwWlcwbmN5QnZjbWxuYVc1aGJDQmpiMjUwWVdsdVpYSnpJR0Z5WlNCbGVIQnBjbVZrTGlCWmIzVnlJR05oY25RZ2QybHNiQ0JpWlNCMWNHUmhkR1ZrSUdGMWRHOXRZWFJwWTJGc2JIa2dZVzVrSUdOaGNuUWdkMmxzYkNCaVpTQnlaV3h2WVdSbFpDNGdSWGh3YVhKbFpDQnBkR1Z0SUU1aGJXVnpJR0Z5WlNBdFBpSXNJbEpsZFhObFpFbDBaVzF6Vm1Gc2FXUmhkR2x2YmxCdmNIVndUV1Z6YzJGblpVaGxZV1JsY2lJNklsQnNaV0Z6WlNCT2IzUmxJaXdpUlhod2FYSmxaRkJ5YVcxbGNsQnZjSFZ3UTJ4dmMyVkNkWFIwYjI1VVpYaDBJam9pVDJzaUxDSkZlSEJwY21Wa1VISnBiV1Z5VUc5d2RYQk5aWE56WVdkbFZHVjRkQ0k2SWxCeWFXMWxjaUJwY3lCbGVIQnBjbVZrSUdadmNpQjBhR1VnYjI1bElHOW1JSFJvWlNCelpXeGxkR1ZrSUhObGNYVmxibU5wYm1jZ2FYUmxiUzRnY0d4bFlYTmxJSE5sYkdWamRDQmhibTkwYUdWeUlIQnlhVzFsY2lCdmNpQnZjbVJsY2lCdVpYY2djSEpwYldWeUxpSXNJa1Y0Y0dseVpXUlFjbWx0WlhKUWIzQjFjRTFsYzNOaFoyVklaV0ZrWlhKVVpYaDBJam9pVUd4bGMyVWdUbTkwWlNJc0lrTmhjblJRWVdkbFZWSk1Jam9pTDJWdUwyTmhjblF1WVhOd2VDSXNJazFwYm1sdGRXMVFiR0YwWlZOaGJYQnNaWE5RWlhKRGFHVmphMjkxZENJNk5EZ3NJbEJzWVhSbFUyRnRjR3hsUTI5MWJuUWlPbTUxYkd3c0lrbHpVMmx1WjJ4bFVHeGhkR1ZYYVhSb1ZtRnNhV1JUWVcxd2JHVkRiM1Z1ZENJNlptRnNjMlVzSWsxcGJsQnNZWFJsVTJGdGNHeGxjMUJ2Y0hWd1JtOXliV0YwVFdWemMyRm5aU0k2SWlJc0lrMXBibEJzWVhSbFUyRnRjR3hsYzFCdmNIVndSbTl5YldGMFRXVnpjMkZuWlVOc2IzTmxRblYwZEc5dVZHVjRkQ0k2SWlJc0lrMXBibEJzWVhSbFUyRnRjR3hsYzFCdmNIVndSbTl5YldGMFRXVnpjMkZuWlVobFlXUmxjaUk2SWlJc0lrMWhlR2x0ZFcxT2RXMWlaWEpQWmxCc1lYUmxjMUJsY2tOb1pXTnJiM1YwSWpvekxDSlFiR0YwWlhORGIzVnVkRVp2Y2tOMWNuSmxiblJQY21SbGNpSTZiblZzYkN3aVRXRjRhVzExYlZCc1lYUmxjMUJsY2tOb1pXTnJiM1YwVUc5d2RYQkdiM0p0WVhSTlpYTnpZV2RsSWpvaVRXRjRhVzExYlNBeklIQnNZWFJsY3lCaGNtVWdaV3hwWjJsaWJHVWdkRzhnWTJobFkydHZkWFFnY0dWeUlHOXlaR1Z5SUdadmNpQndiR0YwWlNCelpYRjFaVzVqYVc1bklHbDBaVzF6TGlCUWJHVmhjMlVnYlc5a2FXWjVJSGx2ZFhJZ2MyVnNaV04wYVc5dUlHRmpZMjl5WkdsdVoyeDVMaUlzSWsxaGVHbHRkVzFRYkdGMFpYTlFaWEpEYUdWamEyOTFkRkJ2Y0hWd1JtOXliV0YwVFdWemMyRm5aVU5zYjNObFFuVjBkRzl1VkdWNGRDSTZJazlySWl3aVRXRjRhVzExYlZCc1lYUmxjMUJsY2tOb1pXTnJiM1YwUm05eWJXRjBUV1Z6YzJGblpVaGxZV1JsY2lJNklsQnNaV0Z6WlNCT2IzUmxJaXdpVUc5emRFSmhZMnRGYkdWdFpXNTBWVzVwY1hWbFNXUWlPaUpqZEd3d01DUmpkR3d3TUNSamRHd3dNQ1JEYjI1MFpXNTBVR3hoWTJWSWIyeGtaWEpFWldaaGRXeDBKRU5oY25SUGRtVnlkbWxsZDE4ekpHeHVhME5vWldOcmIzVjBJaXdpUlhabGJuUkJjbWQxYldWdWRDSTZJaUo5TENCMGFHbHpLVHRrQWhJUFpCWUdBZ01QWkJZQ1pnOFBGZ0lmQTJoa1pBSUZEMlFXQW1ZUER4WUNIZ3RzWW14SVpXRmtUR2x1WlFVRlRHOW5hVzVrRmdnQ0FnOFZBV3REYjI1MFpXNTBVR3hoWTJWSWIyeGtaWEpFWldaaGRXeDBYMDFoYzNSbGNsQnNZV05sYUc5c1pHVnlYMGh2YldWTWIyZG5aV1JQZFhSZk4xOXdibXhFY21GbllXSnNaVmRwYm1SdmQwTnZiblJsYm5SZlNXNXNhVzVsVFdWemMyRm5aVU52Ym5SaGFXNWxjbVFDQXc4V0FoOEVCUWxPWlhjZ2RYTmxjajlrQWdVUER4WUVId1FGRGtOeVpXRjBaU0JCWTJOdmRXNTBId1VGSXk5bGJpOWphR1ZqYTI5MWRDOXpkR1Z3TVM1aGMzQjRQMjV2WkdWSlpEMHhNVEkzWkdRQ0J3OWtGZ3dDQVE4UEZnWWZCQVVHUlcxaGFXdzZId2dGRnlCeVpYRjFhWEpsWkVacFpXeGtRMmhoY21GamRHVnlId2tDQW1Sa0Fna1BEeFlHSHdRRkNWQmhjM04zYjNKa09oOElCUmNnY21WeGRXbHlaV1JHYVdWc1pFTm9ZWEpoWTNSbGNoOEpBZ0prWkFJUER3OFdBaDhFQlFWTWIyZHBibVJrQWhFUFpCWUNBZ01QRHhZQ0h3UUZFV3RsWlhBZ2JXVWdiRzluWjJWa0lHbHVaR1FDRXc4UEZnUWZCUVVYTDJWdUwyWnZjbWR2ZEhCaGMzTjNiM0prTG1GemNIZ2ZCQVVRUm05eVoyOTBJRkJoYzNOM2IzSmtQMlJrQWhVUFpCWUdaZzhWQVdWRGIyNTBaVzUwVUd4aFkyVkliMnhrWlhKRVpXWmhkV3gwWDAxaGMzUmxjbEJzWVdObGFHOXNaR1Z5WDBodmJXVk1iMmRuWldSUGRYUmZOMTkyYzBOb1pXTnJiM1YwU0c5dFpVeHZaMmx1WDJWamIyMVdZV3hwWkdGMGFXOXVVM1Z0YldGeWVXUUNBUThQRmdJZkNnVUxkbWRJYjIxbFRHOW5hVzVrWkFJQ0R4VUJaVU52Ym5SbGJuUlFiR0ZqWlVodmJHUmxja1JsWm1GMWJIUmZUV0Z6ZEdWeVVHeGhZMlZvYjJ4a1pYSmZTRzl0WlV4dloyZGxaRTkxZEY4M1gzWnpRMmhsWTJ0dmRYUkliMjFsVEc5bmFXNWZaV052YlZaaGJHbGtZWFJwYjI1VGRXMXRZWEo1WkFJSEQyUVdBbVlQRHhZQ0h3MEZDazVsWldRZ1NHVnNjRDlrRmdRQ0FnOFZBVzFEYjI1MFpXNTBVR3hoWTJWSWIyeGtaWEpFWldaaGRXeDBYMDFoYzNSbGNsQnNZV05sYUc5c1pHVnlYME4xYzNSdmJXVnlVM1Z3Y0c5eWRGODRYM0J1YkVSeVlXZGhZbXhsVjJsdVpHOTNRMjl1ZEdWdWRGOUpibXhwYm1WTlpYTnpZV2RsUTI5dWRHRnBibVZ5WkFJREQyUVdDQUlCRHhZQ0h3UUZFRU4xYzNSdmJXVnlJRk4xY0hCdmNuUmtBZ01QRHhZQ0h3UUZFQ3MwT1NBNE1Ea3lJRGd5T0RrZ056ZGtaQUlGRHc4V0FoOEVCV2c4WVNCb2NtVm1QU0l2Wlc0dlpYVnliMlpwYm5NdGJYZG5MVzl3WlhKdmJpOXpaWEoyYVdObExXTmxiblJsY2k5amIyNTBZV04wTFhWekwyZHNiMkpoYkMxa2FYSmxZM1J2Y25rdVlYTndlQ0krUm5KbFpTQndhRzl1WlNCdWRXMWlaWEp6UEM5aFBtUmtBZ2NQRHhZRUh3UUZSRHhoSUdoeVpXWTlJbTFoYVd4MGJ6cHpkWEJ3YjNKMExXVjFRR1YxY205bWFXNXpMbU52YlNJK2MzVndjRzl5ZEMxbGRVQmxkWEp2Wm1sdWN5NWpiMjA4TDJFK0h3VUZTMjFoYVd4MGJ6bzhZU0JvY21WbVBTSnRZV2xzZEc4NmMzVndjRzl5ZEMxbGRVQmxkWEp2Wm1sdWN5NWpiMjBpUG5OMWNIQnZjblF0WlhWQVpYVnliMlpwYm5NdVkyOXRQQzloUG1Sa0FoVVBaQllDWmc5a0ZnSm1EeFVCcGdaMllYSWdjMmh2ZDFCeWIyZHlaWE56UW1GeVFXWjBaWEk5TWpBd093MEtkbUZ5SUcxbGMzTmhaMlZRY205bmNtVnpjMEpoY2owblVHeGxZWE5sSUhkaGFYUXVMaTRuT3cwS2RtRnlJSEJ5YjJkeVpYTnpRbUZ5VkdsMGJHVTlKMUJzWldGelpTQjNZV2wwTGk0dUp6c05DblpoY2lCd2NtOW5jbVZ6YzBKaGNrTmhibU5sYkVKMWRIUnZibFJsZUhROUowTmhibU5sYkNjN0RRcDJZWElnWVd4bGNuUk5aWE56WVdkbFFuVjBkRzl1VkdWNGREMG5UMnNuT3cwS2RtRnlJR0ZzWlhKMFRXVnpjMkZuWlZScGRHeGxQU2RCYkdWeWRDQk5aWE56WVdkbEp6c05DblpoY2lCdmNHVnliMjVUYVhSbFZYSnNQU2NuT3cwS2RtRnlJR04xY25KbGJuUlRhWFJsUTI5a1pUMG5SVUpGSnpzTkNuWmhjaUJ6ZFdKRWIyMWhhVzQ5SjFGQkp6c05DblpoY2lCd2IzSjBUblZ0WW1WeVBTYzRNU2M3RFFwMllYSWdjSEpsVEc5aFpFbHRZV2RsVEdsemREMWJKeTlqYzNNdlpYaDBMMnB4ZFdWeWVYUm9aVzFsY3k5cGJXRm5aWE12ZFdrdFltZGZaMnhoYzNOZk5UVmZNV014WXpGalh6RjROREF3TG5CdVp5ZGRPdzBLZG1GeUlIQnlhV05wYm1kRVpYUmhhV3h6UTJ4dmMyVkNkWFIwYjI1VVpYaDBQU2REYkc5elpTYzdEUXAyWVhJZ1FXUmtRblYwZEc5dVVtVnpiM1Z5WTJWVVpYaDBJRDBnSjBGa1pDYzdEUXAyWVhJZ1EyRnVZMlZzUW5WMGRHOXVVbVZ6YjNWeVkyVlVaWGgwSUQwZ0owTmhibU5sYkNjN0RRcDJZWElnUTJ4dmMyVkNkWFIwYjI1U1pYTnZkWEpqWlZSbGVIUWdQU0FuUTJ4dmMyVW5PdzBLZG1GeUlGTmhkbVZDZFhSMGIyNVNaWE52ZFhKalpWUmxlSFFnUFNBblUyRjJaU2M3RFFwMllYSWdUbTlDZFhSMGIyNVNaWE52ZFhKalpWUmxlSFFnUFNBblRtOG5PdzBLZG1GeUlGbGxjMEoxZEhSdmJsSmxjMjkxY21ObFZHVjRkQ0E5SUNkWlpYTW5PdzBLZG1GeUlGUm9hV05yUW05NFEyeHZjMlZVWlhoMFVtVnpiM1Z5WTJVZ1BTQW5iM0lnUlhOaklFdGxlU2M3RFFwMllYSWdWR2hwWTJ0Q2IzaERiRzl6WlV4cGJtdFNaWE52ZFhKalpTQTlJQ2RqYkc5elpTYzdEUXAyWVhJZ1pHVndiRzk1YldWdWRFVnVkbWx5YjI1dFpXNTBJRDBnSjFGQkp6c05DbVFZQVFVZVgxOURiMjUwY205c2MxSmxjWFZwY21WUWIzTjBRbUZqYTB0bGVWOWZGZ0lGVFdOMGJEQXdKR04wYkRBd0pHTjBiREF3SkVOdmJuUmxiblJRYkdGalpVaHZiR1JsY2tSbFptRjFiSFFrVkc5d1RHOW5aMlZrVDNWMFh6SWtZMmhpVkc5d1MyVmxjRXh2WjJkbFpFbHVCV0JqZEd3d01DUmpkR3d3TUNSamRHd3dNQ1JEYjI1MFpXNTBVR3hoWTJWSWIyeGtaWEpFWldaaGRXeDBKRTFoYzNSbGNsQnNZV05sYUc5c1pHVnlKRWh2YldWTWIyZG5aV1JQZFhSZk55UmpZa2h2YldWTFpXVndURzluWjJWa1NXUkYvMkpSRkgwU1Roa1JmSWRuKzdUKzk0NlE1M2dxRENTdmFsd3dCa25GVlE9PSIgQ29ycmVsYXRpb25CaW5kaW5nPSIiIFVybEVuY29kZT0iVHJ1ZSIgLz4NCiAgICAgICAgPEZvcm1Qb3N0UGFyYW1ldGVyIE5hbWU9ImN0bDAwJGN0bDAwJGN0bDAwJENvbnRlbnRQbGFjZUhvbGRlckRlZmF1bHQkVG9wTG9nZ2VkT3V0XzIkaGRuU2NyZWVuQXJlYSIgVmFsdWU9Int7JEhJRERFTjEuY3RsMDAkY3RsMDAkY3RsMDAkQ29udGVudFBsYWNlSG9sZGVyRGVmYXVsdCRUb3BMb2dnZWRPdXRfMiRoZG5TY3JlZW5BcmVhfX0iIFJlY29yZGVkVmFsdWU9IiIgQ29ycmVsYXRpb25CaW5kaW5nPSIiIFVybEVuY29kZT0iVHJ1ZSIgLz4NCiAgICAgICAgPEZvcm1Qb3N0UGFyYW1ldGVyIE5hbWU9ImN0bDAwJGN0bDAwJGN0bDAwJENvbnRlbnRQbGFjZUhvbGRlckRlZmF1bHQkQ2FydE92ZXJ2aWV3XzMkaGRuRmllbGRTZWxlY3RlZE9yZGVySXRlbUNoZWNrb3V0U3RhdGVzIiBWYWx1ZT0ie3skSElEREVOMS5jdGwwMCRjdGwwMCRjdGwwMCRDb250ZW50UGxhY2VIb2xkZXJEZWZhdWx0JENhcnRPdmVydmlld18zJGhkbkZpZWxkU2VsZWN0ZWRPcmRlckl0ZW1DaGVja291dFN0YXRlc319IiBSZWNvcmRlZFZhbHVlPSIiIENvcnJlbGF0aW9uQmluZGluZz0iIiBVcmxFbmNvZGU9IlRydWUiIC8+DQogICAgICAgIDxGb3JtUG9zdFBhcmFtZXRlciBOYW1lPSJjdGwwMCRjdGwwMCRjdGwwMCRDb250ZW50UGxhY2VIb2xkZXJEZWZhdWx0JENhcnRPdmVydmlld18zJGhkbkZpZWxkQ29tcGxldGVDYXJ0Q2hlY2tvdXRTdGF0ZUVudW1zIiBWYWx1ZT0ie3skSElEREVOMS5jdGwwMCRjdGwwMCRjdGwwMCRDb250ZW50UGxhY2VIb2xkZXJEZWZhdWx0JENhcnRPdmVydmlld18zJGhkbkZpZWxkQ29tcGxldGVDYXJ0Q2hlY2tvdXRTdGF0ZUVudW1zfX0iIFJlY29yZGVkVmFsdWU9IiIgQ29ycmVsYXRpb25CaW5kaW5nPSIiIFVybEVuY29kZT0iVHJ1ZSIgLz4NCiAgICAgICAgPEZvcm1Qb3N0UGFyYW1ldGVyIE5hbWU9ImN0bDAwJGN0bDAwJGN0bDAwJENvbnRlbnRQbGFjZUhvbGRlckRlZmF1bHQkQ2FydE92ZXJ2aWV3XzMkaGRuRmllbGRTZWxlY3RlZEl0ZW1JZHMiIFZhbHVlPSJ7eyRISURERU4xLmN0bDAwJGN0bDAwJGN0bDAwJENvbnRlbnRQbGFjZUhvbGRlckRlZmF1bHQkQ2FydE92ZXJ2aWV3XzMkaGRuRmllbGRTZWxlY3RlZEl0ZW1JZHN9fSIgUmVjb3JkZWRWYWx1ZT0iIiBDb3JyZWxhdGlvbkJpbmRpbmc9IiIgVXJsRW5jb2RlPSJUcnVlIiAvPg0KICAgICAgICA8Rm9ybVBvc3RQYXJhbWV0ZXIgTmFtZT0iY3RsMDAkY3RsMDAkY3RsMDAkQ29udGVudFBsYWNlSG9sZGVyRGVmYXVsdCRDYXJ0T3ZlcnZpZXdfMyRoZG5TY3JlZW5BcmVhIiBWYWx1ZT0ie3skSElEREVOMS5jdGwwMCRjdGwwMCRjdGwwMCRDb250ZW50UGxhY2VIb2xkZXJEZWZhdWx0JENhcnRPdmVydmlld18zJGhkblNjcmVlbkFyZWF9fSIgUmVjb3JkZWRWYWx1ZT0iIiBDb3JyZWxhdGlvbkJpbmRpbmc9IiIgVXJsRW5jb2RlPSJUcnVlIiAvPg0KICAgICAgICA8Rm9ybVBvc3RQYXJhbWV0ZXIgTmFtZT0iY3RsMDAkY3RsMDAkY3RsMDAkQ29udGVudFBsYWNlSG9sZGVyRGVmYXVsdCRNYXN0ZXJQbGFjZWhvbGRlciRIb21lTG9nZ2VkT3V0XzckdHh0SG9tZUxvZ2luIiBWYWx1ZT0icG50ZXN0MDAxQGV1cm9maW5zLmNvbSIgUmVjb3JkZWRWYWx1ZT0icG50ZXN0MDAxQGV1cm9maW5zLmNvbSIgQ29ycmVsYXRpb25CaW5kaW5nPSIiIFVybEVuY29kZT0iVHJ1ZSIgLz4NCiAgICAgICAgPEZvcm1Qb3N0UGFyYW1ldGVyIE5hbWU9ImN0bDAwJGN0bDAwJGN0bDAwJENvbnRlbnRQbGFjZUhvbGRlckRlZmF1bHQkTWFzdGVyUGxhY2Vob2xkZXIkSG9tZUxvZ2dlZE91dF83JHR4dEhvbWVQYXNzd29yZCIgVmFsdWU9InBudGVzdDAwMSIgUmVjb3JkZWRWYWx1ZT0icG50ZXN0MDAxIiBDb3JyZWxhdGlvbkJpbmRpbmc9IiIgVXJsRW5jb2RlPSJUcnVlIiAvPg0KICAgICAgICA8Rm9ybVBvc3RQYXJhbWV0ZXIgTmFtZT0iY3RsMDAkY3RsMDAkY3RsMDAkQ29udGVudFBsYWNlSG9sZGVyRGVmYXVsdCRNYXN0ZXJQbGFjZWhvbGRlciRIb21lTG9nZ2VkT3V0XzckYnRuSG9tZVN1Ym1pdCIgVmFsdWU9IkxvZ2luIiBSZWNvcmRlZFZhbHVlPSJMb2dpbiIgQ29ycmVsYXRpb25CaW5kaW5nPSJ7e0Zvcm1Qb3N0UGFyYW0yMi5jdGwwMCRjdGwwMCRjdGwwMCRDb250ZW50UGxhY2VIb2xkZXJEZWZhdWx0JE1hc3RlclBsYWNlaG9sZGVyJEhvbWVMb2dnZWRPdXRfNyRidG5Ib21lU3VibWl0fX0iIFVybEVuY29kZT0iVHJ1ZSIgLz4NCiAgICAgICAgPEZvcm1Qb3N0UGFyYW1ldGVyIE5hbWU9ImN0bDAwJGN0bDAwJGN0bDAwJENvbnRlbnRQbGFjZUhvbGRlckRlZmF1bHQkTWFzdGVyUGxhY2Vob2xkZXIkSG9tZUxvZ2dlZE91dF83JHZzQ2hlY2tvdXRIb21lTG9naW4kaGRuVmFsaWRhdGlvblJlc3VsdCIgVmFsdWU9Int7JEhJRERFTjEuY3RsMDAkY3RsMDAkY3RsMDAkQ29udGVudFBsYWNlSG9sZGVyRGVmYXVsdCRNYXN0ZXJQbGFjZWhvbGRlciRIb21lTG9nZ2VkT3V0XzckdnNDaGVja291dEhvbWVMb2dpbiRoZG5WYWxpZGF0aW9uUmVzdWx0fX0iIFJlY29yZGVkVmFsdWU9IiIgQ29ycmVsYXRpb25CaW5kaW5nPSIiIFVybEVuY29kZT0iVHJ1ZSIgLz4NCiAgICAgICAgPEZvcm1Qb3N0UGFyYW1ldGVyIE5hbWU9ImN0bDAwJGN0bDAwJGN0bDAwJENvbnRlbnRQbGFjZUhvbGRlckRlZmF1bHQkTWFzdGVyUGxhY2Vob2xkZXIkSG9tZUxvZ2dlZE91dF83JGhkblNjcmVlbkFyZWEiIFZhbHVlPSJ7eyRISURERU4xLmN0bDAwJGN0bDAwJGN0bDAwJENvbnRlbnRQbGFjZUhvbGRlckRlZmF1bHQkTWFzdGVyUGxhY2Vob2xkZXIkSG9tZUxvZ2dlZE91dF83JGhkblNjcmVlbkFyZWF9fSIgUmVjb3JkZWRWYWx1ZT0iIiBDb3JyZWxhdGlvbkJpbmRpbmc9IiIgVXJsRW5jb2RlPSJUcnVlIiAvPg0KICAgICAgICA8Rm9ybVBvc3RQYXJhbWV0ZXIgTmFtZT0iY3RsMDAkY3RsMDAkY3RsMDAkQ29udGVudFBsYWNlSG9sZGVyRGVmYXVsdCRNYXN0ZXJQbGFjZWhvbGRlciRDdXN0b21lclN1cHBvcnRfOCRoZG5TY3JlZW5BcmVhIiBWYWx1ZT0ie3skSElEREVOMS5jdGwwMCRjdGwwMCRjdGwwMCRDb250ZW50UGxhY2VIb2xkZXJEZWZhdWx0JE1hc3RlclBsYWNlaG9sZGVyJEN1c3RvbWVyU3VwcG9ydF84JGhkblNjcmVlbkFyZWF9fSIgUmVjb3JkZWRWYWx1ZT0iIiBDb3JyZWxhdGlvbkJpbmRpbmc9IiIgVXJsRW5jb2RlPSJUcnVlIiAvPg0KICAgICAgICA8Rm9ybVBvc3RQYXJhbWV0ZXIgTmFtZT0iY3RsMDAkY3RsMDAkY3RsMDAkQ29udGVudFBsYWNlSG9sZGVyRGVmYXVsdCRoZG5DYW5Jbml0aWFsaXplQ3VsdHVyZSIgVmFsdWU9Int7JEhJRERFTjEuY3RsMDAkY3RsMDAkY3RsMDAkQ29udGVudFBsYWNlSG9sZGVyRGVmYXVsdCRoZG5DYW5Jbml0aWFsaXplQ3VsdHVyZX19IiBSZWNvcmRlZFZhbHVlPSJmYWxzZSIgQ29ycmVsYXRpb25CaW5kaW5nPSIiIFVybEVuY29kZT0iVHJ1ZSIgLz4NCiAgICAgICAgPEZvcm1Qb3N0UGFyYW1ldGVyIE5hbWU9ImN0bDAwJGN0bDAwJGN0bDAwJENvbnRlbnRQbGFjZUhvbGRlckRlZmF1bHQkaGRuRWNvbURyYWdEcm9wSnNvbiIgVmFsdWU9Int7JEhJRERFTjEuY3RsMDAkY3RsMDAkY3RsMDAkQ29udGVudFBsYWNlSG9sZGVyRGVmYXVsdCRoZG5FY29tRHJhZ0Ryb3BKc29ufX0iIFJlY29yZGVkVmFsdWU9IiIgQ29ycmVsYXRpb25CaW5kaW5nPSIiIFVybEVuY29kZT0iVHJ1ZSIgLz4NCiAgICAgICAgPEZvcm1Qb3N0UGFyYW1ldGVyIE5hbWU9ImN0bDAwJGN0bDAwJGN0bDAwJENvbnRlbnRQbGFjZUhvbGRlckRlZmF1bHQkaGRuQ3VycmVudFBhZ2VJZGVudGl0eSIgVmFsdWU9Int7JEhJRERFTjEuY3RsMDAkY3RsMDAkY3RsMDAkQ29udGVudFBsYWNlSG9sZGVyRGVmYXVsdCRoZG5DdXJyZW50UGFnZUlkZW50aXR5fX0iIFJlY29yZGVkVmFsdWU9IjExMjciIENvcnJlbGF0aW9uQmluZGluZz0iIiBVcmxFbmNvZGU9IlRydWUiIC8+DQogICAgICAgIDxGb3JtUG9zdFBhcmFtZXRlciBOYW1lPSJjdGwwMCRjdGwwMCRjdGwwMCRDb250ZW50UGxhY2VIb2xkZXJEZWZhdWx0JGhkblNjcm9sbFlQb3NpdGlvbiIgVmFsdWU9Int7JEhJRERFTjEuY3RsMDAkY3RsMDAkY3RsMDAkQ29udGVudFBsYWNlSG9sZGVyRGVmYXVsdCRoZG5TY3JvbGxZUG9zaXRpb259fSIgUmVjb3JkZWRWYWx1ZT0iMCIgQ29ycmVsYXRpb25CaW5kaW5nPSIiIFVybEVuY29kZT0iVHJ1ZSIgLz4NCiAgICAgICAgPEZvcm1Qb3N0UGFyYW1ldGVyIE5hbWU9Il9fVklFV1NUQVRFR0VORVJBVE9SIiBWYWx1ZT0ie3skSElEREVOMS5fX1ZJRVdTVEFURUdFTkVSQVRPUn19IiBSZWNvcmRlZFZhbHVlPSJDQTBCMDMzNCIgQ29ycmVsYXRpb25CaW5kaW5nPSIiIFVybEVuY29kZT0iVHJ1ZSIgLz4NCiAgICAgIDwvRm9ybVBvc3RIdHRwQm9keT4NCiAgICA8L1JlcXVlc3Q+DQogICAgPENvbW1lbnQgQ29tbWVudFRleHQ9IkNsaWNrX015IEFkZHJlc3MiIC8+DQogICAgPFJlcXVlc3QgTWV0aG9kPSJQT1NUIiBHdWlkPSI0YTkxZmYzMy1iMTBkLTQ3ZGYtYjA4OC0yODAwOGE0MGViZmQiIFZlcnNpb249IjEuMSIgVXJsPSJodHRwOi8vaW4wMWFwdjExOjgxL2VuL2hvbWUuYXNweCIgVGhpbmtUaW1lPSIwIiBUaW1lb3V0PSIzMDAiIFBhcnNlRGVwZW5kZW50UmVxdWVzdHM9IlRydWUiIEZvbGxvd1JlZGlyZWN0cz0iVHJ1ZSIgUmVjb3JkUmVzdWx0PSJUcnVlIiBDYWNoZT0iRmFsc2UiIFJlc3BvbnNlVGltZUdvYWw9IjAiIEVuY29kaW5nPSJ1dGYtOCIgRXhwZWN0ZWRIdHRwU3RhdHVzQ29kZT0iMCIgRXhwZWN0ZWRSZXNwb25zZVVybD0iaHR0cDovL2luMDFhcHYxMTo4MS9lbi9ob21lLmFzcHgiIFJlcG9ydGluZ05hbWU9IiIgSWdub3JlSHR0cFN0YXR1c0NvZGU9IkZhbHNlIj4NCiAgICAgIDxEZXBlbmRlbnRSZXF1ZXN0cz4NCiAgICAgICAgPFJlcXVlc3QgTWV0aG9kPSJHRVQiIEd1aWQ9IjI0YTZhMDQyLWFjNTYtNDY4Ni05ZmZlLTAwN2RlZmY4NjE3OCIgVmVyc2lvbj0iMS4xIiBVcmw9Imh0dHBzOi8vZm9udHMuZ29vZ2xlYXBpcy5jb20vY3NzIiBUaGlua1RpbWU9IjIiIFRpbWVvdXQ9IjMwMCIgUGFyc2VEZXBlbmRlbnRSZXF1ZXN0cz0iVHJ1ZSIgRm9sbG93UmVkaXJlY3RzPSJUcnVlIiBSZWNvcmRSZXN1bHQ9IlRydWUiIENhY2hlPSJGYWxzZSIgUmVzcG9uc2VUaW1lR29hbD0iMCIgRW5jb2Rpbmc9InV0Zi04IiBFeHBlY3RlZEh0dHBTdGF0dXNDb2RlPSIwIiBFeHBlY3RlZFJlc3BvbnNlVXJsPSIiIFJlcG9ydGluZ05hbWU9IiIgSWdub3JlSHR0cFN0YXR1c0NvZGU9IkZhbHNlIj4NCiAgICAgICAgICA8SGVhZGVycz4NCiAgICAgICAgICAgIDxIZWFkZXIgTmFtZT0iUmVmZXJlciIgVmFsdWU9Imh0dHA6Ly9pbjAxYXB2MTE6ODEvZW4vbXlhZGRyZXNzZXMuYXNweCIgLz4NCiAgICAgICAgICA8L0hlYWRlcnM+DQogICAgICAgICAgPFF1ZXJ5U3RyaW5nUGFyYW1ldGVycz4NCiAgICAgICAgICAgIDxRdWVyeVN0cmluZ1BhcmFtZXRlciBOYW1lPSJmYW1pbHkiIFZhbHVlPSJSb2JvdG86MzAwLDQwMCw1MDAsNzAwP0Vjb21WZXJzaW9uJTNkOC4wLjc4LjIxIiBSZWNvcmRlZFZhbHVlPSJSb2JvdG86MzAwLDQwMCw1MDAsNzAwP0Vjb21WZXJzaW9uJTNkOC4wLjc4LjIxIiBDb3JyZWxhdGlvbkJpbmRpbmc9IiIgVXJsRW5jb2RlPSJGYWxzZSIgVXNlVG9Hcm91cFJlc3VsdHM9IkZhbHNlIiAvPg0KICAgICAgICAgIDwvUXVlcnlTdHJpbmdQYXJhbWV0ZXJzPg0KICAgICAgICA8L1JlcXVlc3Q+DQogICAgICAgIDxSZXF1ZXN0IE1ldGhvZD0iR0VUIiBHdWlkPSJjYTE4OTg3ZC0wNGFmLTQ1M2UtYmIyZS01ZmFiZmQ2MjVhZDEiIFZlcnNpb249IjEuMSIgVXJsPSJodHRwczovL2NzaS5nc3RhdGljLmNvbS9jc2kiIFRoaW5rVGltZT0iNSIgVGltZW91dD0iMzAwIiBQYXJzZURlcGVuZGVudFJlcXVlc3RzPSJUcnVlIiBGb2xsb3dSZWRpcmVjdHM9IlRydWUiIFJlY29yZFJlc3VsdD0iVHJ1ZSIgQ2FjaGU9IkZhbHNlIiBSZXNwb25zZVRpbWVHb2FsPSIwIiBFbmNvZGluZz0idXRmLTgiIEV4cGVjdGVkSHR0cFN0YXR1c0NvZGU9IjAiIEV4cGVjdGVkUmVzcG9uc2VVcmw9IiIgUmVwb3J0aW5nTmFtZT0iIiBJZ25vcmVIdHRwU3RhdHVzQ29kZT0iRmFsc2UiPg0KICAgICAgICAgIDxIZWFkZXJzPg0KICAgICAgICAgICAgPEhlYWRlciBOYW1lPSJSZWZlcmVyIiBWYWx1ZT0iaHR0cDovL2luMDFhcHYxMTo4MS9lbi9teWFkZHJlc3Nlcy5hc3B4IiAvPg0KICAgICAgICAgIDwvSGVhZGVycz4NCiAgICAgICAgICA8UXVlcnlTdHJpbmdQYXJhbWV0ZXJzPg0KICAgICAgICAgICAgPFF1ZXJ5U3RyaW5nUGFyYW1ldGVyIE5hbWU9InYiIFZhbHVlPSIyIiBSZWNvcmRlZFZhbHVlPSIyIiBDb3JyZWxhdGlvbkJpbmRpbmc9IiIgVXJsRW5jb2RlPSJGYWxzZSIgVXNlVG9Hcm91cFJlc3VsdHM9IkZhbHNlIiAvPg0KICAgICAgICAgICAgPFF1ZXJ5U3RyaW5nUGFyYW1ldGVyIE5hbWU9InMiIFZhbHVlPSJtYXBzYXBpMyIgUmVjb3JkZWRWYWx1ZT0ibWFwc2FwaTMiIENvcnJlbGF0aW9uQmluZGluZz0iIiBVcmxFbmNvZGU9IkZhbHNlIiBVc2VUb0dyb3VwUmVzdWx0cz0iRmFsc2UiIC8+DQogICAgICAgICAgICA8UXVlcnlTdHJpbmdQYXJhbWV0ZXIgTmFtZT0idjN2IiBWYWx1ZT0iMjkuMTAiIFJlY29yZGVkVmFsdWU9IjI5LjEwIiBDb3JyZWxhdGlvbkJpbmRpbmc9IiIgVXJsRW5jb2RlPSJGYWxzZSIgVXNlVG9Hcm91cFJlc3VsdHM9IkZhbHNlIiAvPg0KICAgICAgICAgICAgPFF1ZXJ5U3RyaW5nUGFyYW1ldGVyIE5hbWU9ImFjdGlvbiIgVmFsdWU9ImFwaWJvb3QyIiBSZWNvcmRlZFZhbHVlPSJhcGlib290MiIgQ29ycmVsYXRpb25CaW5kaW5nPSIiIFVybEVuY29kZT0iRmFsc2UiIFVzZVRvR3JvdXBSZXN1bHRzPSJGYWxzZSIgLz4NCiAgICAgICAgICAgIDxRdWVyeVN0cmluZ1BhcmFtZXRlciBOYW1lPSJlIiBWYWx1ZT0iMTBfMV8wLDEwXzJfMCIgUmVjb3JkZWRWYWx1ZT0iMTBfMV8wLDEwXzJfMCIgQ29ycmVsYXRpb25CaW5kaW5nPSIiIFVybEVuY29kZT0iRmFsc2UiIFVzZVRvR3JvdXBSZXN1bHRzPSJGYWxzZSIgLz4NCiAgICAgICAgICAgIDxRdWVyeVN0cmluZ1BhcmFtZXRlciBOYW1lPSJydCIgVmFsdWU9Im1haW4uOCIgUmVjb3JkZWRWYWx1ZT0ibWFpbi44IiBDb3JyZWxhdGlvbkJpbmRpbmc9IiIgVXJsRW5jb2RlPSJGYWxzZSIgVXNlVG9Hcm91cFJlc3VsdHM9IkZhbHNlIiAvPg0KICAgICAgICAgIDwvUXVlcnlTdHJpbmdQYXJhbWV0ZXJzPg0KICAgICAgICA8L1JlcXVlc3Q+DQogICAgICA8L0RlcGVuZGVudFJlcXVlc3RzPg0KICAgICAgPEhlYWRlcnM+DQogICAgICAgIDxIZWFkZXIgTmFtZT0iUmVmZXJlciIgVmFsdWU9Imh0dHA6Ly9pbjAxYXB2MTE6ODEvZW4vaG9tZS5hc3B4IiAvPg0KICAgICAgPC9IZWFkZXJzPg0KICAgICAgPEV4dHJhY3Rpb25SdWxlcz4NCiAgICAgICAgPEV4dHJhY3Rpb25SdWxlIENsYXNzbmFtZT0iTWljcm9zb2Z0LlZpc3VhbFN0dWRpby5UZXN0VG9vbHMuV2ViVGVzdGluZy5SdWxlcy5FeHRyYWN0SGlkZGVuRmllbGRzLCBNaWNyb3NvZnQuVmlzdWFsU3R1ZGlvLlF1YWxpdHlUb29scy5XZWJUZXN0RnJhbWV3b3JrLCBWZXJzaW9uPTEwLjAuMC4wLCBDdWx0dXJlPW5ldXRyYWwsIFB1YmxpY0tleVRva2VuPWIwM2Y1ZjdmMTFkNTBhM2EiIFZhcmlhYmxlTmFtZT0iMSIgRGlzcGxheU5hbWU9IkV4dHJhY3QgSGlkZGVuIEZpZWxkcyIgRGVzY3JpcHRpb249IkV4dHJhY3QgYWxsIGhpZGRlbiBmaWVsZHMgZnJvbSB0aGUgcmVzcG9uc2UgYW5kIHBsYWNlIHRoZW0gaW50byB0aGUgdGVzdCBjb250ZXh0LiI+DQogICAgICAgICAgPFJ1bGVQYXJhbWV0ZXJzPg0KICAgICAgICAgICAgPFJ1bGVQYXJhbWV0ZXIgTmFtZT0iUmVxdWlyZWQiIFZhbHVlPSJUcnVlIiAvPg0KICAgICAgICAgICAgPFJ1bGVQYXJhbWV0ZXIgTmFtZT0iSHRtbERlY29kZSIgVmFsdWU9IlRydWUiIC8+DQogICAgICAgICAgPC9SdWxlUGFyYW1ldGVycz4NCiAgICAgICAgPC9FeHRyYWN0aW9uUnVsZT4NCiAgICAgIDwvRXh0cmFjdGlvblJ1bGVzPg0KICAgICAgPENvcnJlbGF0aW9uRXh0cmFjdGlvblJ1bGVzPg0KICAgICAgICA8RXh0cmFjdGlvblJ1bGUgQ2xhc3NuYW1lPSJNaWNyb3NvZnQuVmlzdWFsU3R1ZGlvLlRlc3RUb29scy5XZWJUZXN0aW5nLlJ1bGVzLkV4dHJhY3RGb3JtRmllbGQsIE1pY3Jvc29mdC5WaXN1YWxTdHVkaW8uUXVhbGl0eVRvb2xzLldlYlRlc3RGcmFtZXdvcmssIFZlcnNpb249MTAuMC4wLjAsIEN1bHR1cmU9bmV1dHJhbCwgUHVibGljS2V5VG9rZW49YjAzZjVmN2YxMWQ1MGEzYSIgVmFyaWFibGVOYW1lPSJGb3JtUG9zdFBhcmFtMjAuY3RsMDAkY3RsMDAkY3RsMDAkQ29udGVudFBsYWNlSG9sZGVyRGVmYXVsdCRNYXN0ZXJQbGFjZWhvbGRlciRBZGRyZXNzTGlzdF81JGd2QWRkcmVzc0xpc3QkY3RsMDIkcmRidG5TZWxlY3RBZGRyZXNzIiBEaXNwbGF5TmFtZT0iIiBEZXNjcmlwdGlvbj0iIj4NCiAgICAgICAgICA8UnVsZVBhcmFtZXRlcnM+DQogICAgICAgICAgICA8UnVsZVBhcmFtZXRlciBOYW1lPSJOYW1lIiBWYWx1ZT0iQ29udGVudFBsYWNlSG9sZGVyRGVmYXVsdF9NYXN0ZXJQbGFjZWhvbGRlcl9BZGRyZXNzTGlzdF81X2d2QWRkcmVzc0xpc3RfcmRidG5TZWxlY3RBZGRyZXNzXzAiIC8+DQogICAgICAgICAgICA8UnVsZVBhcmFtZXRlciBOYW1lPSJIdG1sRGVjb2RlIiBWYWx1ZT0iVHJ1ZSIgLz4NCiAgICAgICAgICAgIDxSdWxlUGFyYW1ldGVyIE5hbWU9IlJlcXVpcmVkIiBWYWx1ZT0iRmFsc2UiIC8+DQogICAgICAgICAgICA8UnVsZVBhcmFtZXRlciBOYW1lPSJJbmRleCIgVmFsdWU9IjAiIC8+DQogICAgICAgICAgPC9SdWxlUGFyYW1ldGVycz4NCiAgICAgICAgPC9FeHRyYWN0aW9uUnVsZT4NCiAgICAgICAgPEV4dHJhY3Rpb25SdWxlIENsYXNzbmFtZT0iTWljcm9zb2Z0LlZpc3VhbFN0dWRpby5UZXN0VG9vbHMuV2ViVGVzdGluZy5SdWxlcy5FeHRyYWN0Rm9ybUZpZWxkLCBNaWNyb3NvZnQuVmlzdWFsU3R1ZGlvLlF1YWxpdHlUb29scy5XZWJUZXN0RnJhbWV3b3JrLCBWZXJzaW9uPTEwLjAuMC4wLCBDdWx0dXJlPW5ldXRyYWwsIFB1YmxpY0tleVRva2VuPWIwM2Y1ZjdmMTFkNTBhM2EiIFZhcmlhYmxlTmFtZT0iRm9ybVBvc3RQYXJhbTIxLmN0bDAwJGN0bDAwJGN0bDAwJENvbnRlbnRQbGFjZUhvbGRlckRlZmF1bHQkTWFzdGVyUGxhY2Vob2xkZXIkQWRkcmVzc0xpc3RfNiRndkFkZHJlc3NMaXN0JGN0bDAyJHJkYnRuU2VsZWN0QWRkcmVzcyIgRGlzcGxheU5hbWU9IiIgRGVzY3JpcHRpb249IiI+DQogICAgICAgICAgPFJ1bGVQYXJhbWV0ZXJzPg0KICAgICAgICAgICAgPFJ1bGVQYXJhbWV0ZXIgTmFtZT0iTmFtZSIgVmFsdWU9IkNvbnRlbnRQbGFjZUhvbGRlckRlZmF1bHRfTWFzdGVyUGxhY2Vob2xkZXJfQWRkcmVzc0xpc3RfNl9ndkFkZHJlc3NMaXN0X3JkYnRuU2VsZWN0QWRkcmVzc18wIiAvPg0KICAgICAgICAgICAgPFJ1bGVQYXJhbWV0ZXIgTmFtZT0iSHRtbERlY29kZSIgVmFsdWU9IlRydWUiIC8+DQogICAgICAgICAgICA8UnVsZVBhcmFtZXRlciBOYW1lPSJSZXF1aXJlZCIgVmFsdWU9IkZhbHNlIiAvPg0KICAgICAgICAgICAgPFJ1bGVQYXJhbWV0ZXIgTmFtZT0iSW5kZXgiIFZhbHVlPSIwIiAvPg0KICAgICAgICAgIDwvUnVsZVBhcmFtZXRlcnM+DQogICAgICAgIDwvRXh0cmFjdGlvblJ1bGU+DQogICAgICA8L0NvcnJlbGF0aW9uRXh0cmFjdGlvblJ1bGVzPg0KICAgICAgPEZvcm1Qb3N0SHR0cEJvZHk+DQogICAgICAgIDxGb3JtUG9zdFBhcmFtZXRlciBOYW1lPSJfX0VWRU5UVEFSR0VUIiBWYWx1ZT0ie3skSElEREVOMS5fX0VWRU5UVEFSR0VUfX0iIFJlY29yZGVkVmFsdWU9ImN0bDAwJGN0bDAwJGN0bDAwJENvbnRlbnRQbGFjZUhvbGRlckRlZmF1bHQkVG9wTG9nZ2VkSW5fMSRsbmJUb3BMb2dnZWRJbk15QWRkcmVzc2VzIiBDb3JyZWxhdGlvbkJpbmRpbmc9IiIgVXJsRW5jb2RlPSJUcnVlIiAvPg0KICAgICAgICA8Rm9ybVBvc3RQYXJhbWV0ZXIgTmFtZT0iX19FVkVOVEFSR1VNRU5UIiBWYWx1ZT0ie3skSElEREVOMS5fX0VWRU5UQVJHVU1FTlR9fSIgUmVjb3JkZWRWYWx1ZT0iIiBDb3JyZWxhdGlvbkJpbmRpbmc9IiIgVXJsRW5jb2RlPSJUcnVlIiAvPg0KICAgICAgICA8Rm9ybVBvc3RQYXJhbWV0ZXIgTmFtZT0iX19WSUVXU1RBVEUiIFZhbHVlPSJ7eyRISURERU4xLl9fVklFV1NUQVRFfX0iIFJlY29yZGVkVmFsdWU9Ii93RVBEd1VFTlRNNE1ROWtGZ0ptRDJRV0FtWVBaQllDWmc5a0ZnSm1EMlFXQWdJRER4WUdIZ1p2Ym14dllXUUZQMmxtS0hSNWNHVnZaaUJQYmtKaFkydENkWFIwYjI1RGJHbGpheUE5UFNBaVpuVnVZM1JwYjI0aUtTQlBia0poWTJ0Q2RYUjBiMjVEYkdsamF5Z3BPeDRLYjI1d1lXZGxjMmh2ZHdWVGFXWWdLR1YyWlc1MExuQmxjbk5wYzNSbFpDQW1KaUIwZVhCbGIyWWdUMjVDWVdOclFuVjBkRzl1UTJ4cFkyc2dQVDBnSW1aMWJtTjBhVzl1SWlrZ1QyNUNZV05yUW5WMGRHOXVRMnhwWTJzb0tUc2VDRzl1ZFc1c2IyRmtaUllDQWdFUVpHUVdDZ0lJRDJRV0FtWVBaQllTQWdJUEZRRlhRMjl1ZEdWdWRGQnNZV05sU0c5c1pHVnlSR1ZtWVhWc2RGOVViM0JNYjJkblpXUkpibDh4WDNCdWJFUnlZV2RoWW14bFYybHVaRzkzUTI5dWRHVnVkRjlKYm14cGJtVk5aWE56WVdkbFEyOXVkR0ZwYm1WeVpBSUREMlFXQWdJQkR3OFdBaDRFVkdWNGRBVUdURzluYjNWMFpHUUNCUThQRmdJZUIxWnBjMmxpYkdWblpCWUNBZ0VQRHhZR0hndE9ZWFpwWjJGMFpWVnliQVVVZmk5aFpHMXBiaTkzWld4amIyMWxMbUZ6Y0hnZkF3VU9RV1J0YVc1cGMzUnlZWFJwYjI0ZkJHZGtaQUlIRHc4V0FoOEVaMlFXQmdJQkR4WUNId01GQlVobGJHeHZaQUlERHhZQ0h3TUZGWEJ1ZEdWemRHWXdNREVnY0c1MFpYTjBiREF3TVdRQ0JROFdBaDRKYVc1dVpYSm9kRzFzQlExQlkyTnZkVzUwSUVsRUlEb2daQUlKRDJRV0NBSUJEeFlDSHdNRkF5b3FLbVFDQXc4UEZnSWZBMlZrWkFJRkR3OFdBaDhEQlJFb1ltVmpiMjFsSUhsdmRYSnpaV3htS1dSa0FnY1BGZ0lmQXdVREtpb3FaQUlORHc4V0FoOEVaMlFXQWdJQkR3OFdCQjhEQlF4TmVTQkVZWE5vWW05aGNtUWZCR2RrWkFJUER3OFdBaDhFWjJRV0FnSUJEdzhXQ0I0SVEzTnpRMnhoYzNNRkRXVm1RMjlzYjNKUGNtRnVaMlVmQXdVSlRYa2dUM0prWlhKekhnUmZJVk5DQWdJZkJHZGtaQUlSRHc4V0FoOEVaMlFXQWdJQkR3OFdCQjhEQlF4TmVTQkJaR1J5WlhOelpYTWZCR2RrWkFJVER3OFdBaDhFWjJRV0FnSUJEdzhXQkI4REJRNU5lU0JRY21WbVpYSmxibU5sY3g4RVoyUmtBZ29QWkJZQ1pnOFBGZ0lmQkdoa0ZnWUNBdzhQRmdJZkJRVWpMMlZ1TDJOb1pXTnJiM1YwTDNOMFpYQXhMbUZ6Y0hnL2JtOWtaVWxrUFRFeE1qZGtaQUlGRHc5a0ZnSWVCR2h5WldZRkFTTmtBZ2tQRDJRV0FoNEZkR2wwYkdVRkJVeHZaMmx1RmdnQ0FROFBGZ1lmQXdVR1JXMWhhV3c2SHdjRkZ5QnlaWEYxYVhKbFpFWnBaV3hrUTJoaGNtRmpkR1Z5SHdnQ0FtUmtBZ2tQRHhZR0h3TUZBM3N3ZlI4SEJSY2djbVZ4ZFdseVpXUkdhV1ZzWkVOb1lYSmhZM1JsY2g4SUFnSmtaQUlSRHc4V0FoOEZCUmN2Wlc0dlptOXlaMjkwY0dGemMzZHZjbVF1WVhOd2VHUmtBaE1QRHhZQ0h3VUZJeTlsYmk5amFHVmphMjkxZEM5emRHVndNUzVoYzNCNFAyNXZaR1ZKWkQweE1USTNaR1FDREE5a0ZnSm1EMlFXREFJSUR3OFdCQjhIQlExallYSjBMV2xqYjI1R2RXeHNId2dDQW1RV0FnSUJEdzhXQWg4RkJRMHZaVzR2WTJGeWRDNWhjM0I0WkdRQ0NnOFdBaDhEQlFrNElFbDBaVzBvY3lsa0Fnd1BGZ0lmQXdVTU55NDVNellzTURBZzRvS3NaQUlPRHc4V0FoOEVaMlFXQ0FJQkQyUVdBZ0lCRHhZQ0h3TUZFRXhoYzNRZ1lXUmtaV1FnYVhSbGJYTmtBZ01QRmdJZkJnWGJEVHhrYVhZZ1kyeGhjM005SjJ4bFpuUW5QamsyZDJWc2JDQkJaMkZ5SUZCc1lYUmxQQzlrYVhZK1BHUnBkaUJqYkdGemN6MG5jbWxuYUhRblBqeGhJR2h5WldZOUp5TW5JRzl1WTJ4cFkyczlKMU5vYjNkRWFXRnNiMmNvSWp4d1BrUnZJSGx2ZFNCeVpXRnNiSGtnZDJGdWRDQjBieUJrWld4bGRHVWdkR2hwY3lCcGRHVnRLSE1wUHp3dmNENGlMSHNpUkdsaGJHOW5RMnhoYzNNaU9pSWlMQ0pJWldsbmFIUWlPaUpoZFhSdklpd2lUVzlrWVd3aU9uUnlkV1VzSWxCdmMybDBhVzl1SWpvaVkyVnVkR1Z5SWl3aVYybGtkR2dpT2lJek1EQWlMQ0pEYkc5ellXSnNaU0k2ZEhKMVpTd2lWR2wwYkdVaU9pSkVaV3hsZEdVaUxDSkNkWFIwYjI0eFZHVjRkQ0k2SWxsbGN5SXNJa0oxZEhSdmJqSlVaWGgwSWpvaVRtOGlMQ0pDZFhSMGIyNHhRMkZzYkdKaFkyc2lPaUpFWld4bGRHVlBjbVJsY2tsMFpXMGlMQ0pDZFhSMGIyNHlRMkZzYkdKaFkyc2lPbTUxYkd3c0lrSjFkSFJ2YmpGRFlXeHNZbUZqYTFCaGNtRnRaWFJsY25NaU9pSjdYQ0pKWkZ3aU9qTTJNalExTW4waUxDSkNkWFIwYjI0eVEyRnNiR0poWTJ0UVlYSmhiV1YwWlhKeklqcHVkV3hzTENKU1pYTnBlbUZpYkdVaU9tWmhiSE5sTENKRWNtRm5aMkZpYkdVaU9tWmhiSE5sTENKQmRYUnZUM0JsYmlJNlptRnNjMlVzSWtGd2NHVnVaRlJ2SWpvaVltOWtlU0lzSWsxaGVFaGxhV2RvZENJNk5EQXdMQ0pOWVhoWGFXUjBhQ0k2TXpBd0xDSk5hVzVJWldsbmFIUWlPakUxTUN3aVRXbHVWMmxrZEdnaU9qRTFNSDBwT3ljK2VEd3ZZVDQ4TDJScGRqNE5DanhrYVhZZ1kyeGhjM005SjJ4bFpuUW5QamsyZDJWc2JDQkJaMkZ5SUZCc1lYUmxQQzlrYVhZK1BHUnBkaUJqYkdGemN6MG5jbWxuYUhRblBqeGhJR2h5WldZOUp5TW5JRzl1WTJ4cFkyczlKMU5vYjNkRWFXRnNiMmNvSWp4d1BrUnZJSGx2ZFNCeVpXRnNiSGtnZDJGdWRDQjBieUJrWld4bGRHVWdkR2hwY3lCcGRHVnRLSE1wUHp3dmNENGlMSHNpUkdsaGJHOW5RMnhoYzNNaU9pSWlMQ0pJWldsbmFIUWlPaUpoZFhSdklpd2lUVzlrWVd3aU9uUnlkV1VzSWxCdmMybDBhVzl1SWpvaVkyVnVkR1Z5SWl3aVYybGtkR2dpT2lJek1EQWlMQ0pEYkc5ellXSnNaU0k2ZEhKMVpTd2lWR2wwYkdVaU9pSkVaV3hsZEdVaUxDSkNkWFIwYjI0eFZHVjRkQ0k2SWxsbGN5SXNJa0oxZEhSdmJqSlVaWGgwSWpvaVRtOGlMQ0pDZFhSMGIyNHhRMkZzYkdKaFkyc2lPaUpFWld4bGRHVlBjbVJsY2tsMFpXMGlMQ0pDZFhSMGIyNHlRMkZzYkdKaFkyc2lPbTUxYkd3c0lrSjFkSFJ2YmpGRFlXeHNZbUZqYTFCaGNtRnRaWFJsY25NaU9pSjdYQ0pKWkZ3aU9qTTJNalExTUgwaUxDSkNkWFIwYjI0eVEyRnNiR0poWTJ0UVlYSmhiV1YwWlhKeklqcHVkV3hzTENKU1pYTnBlbUZpYkdVaU9tWmhiSE5sTENKRWNtRm5aMkZpYkdVaU9tWmhiSE5sTENKQmRYUnZUM0JsYmlJNlptRnNjMlVzSWtGd2NHVnVaRlJ2SWpvaVltOWtlU0lzSWsxaGVFaGxhV2RvZENJNk5EQXdMQ0pOWVhoWGFXUjBhQ0k2TXpBd0xDSk5hVzVJWldsbmFIUWlPakUxTUN3aVRXbHVWMmxrZEdnaU9qRTFNSDBwT3ljK2VEd3ZZVDQ4TDJScGRqNE5DanhrYVhZZ1kyeGhjM005SjJ4bFpuUW5QamsyZDJWc2JDQkJaMkZ5SUZCc1lYUmxQQzlrYVhZK1BHUnBkaUJqYkdGemN6MG5jbWxuYUhRblBqeGhJR2h5WldZOUp5TW5JRzl1WTJ4cFkyczlKMU5vYjNkRWFXRnNiMmNvSWp4d1BrUnZJSGx2ZFNCeVpXRnNiSGtnZDJGdWRDQjBieUJrWld4bGRHVWdkR2hwY3lCcGRHVnRLSE1wUHp3dmNENGlMSHNpUkdsaGJHOW5RMnhoYzNNaU9pSWlMQ0pJWldsbmFIUWlPaUpoZFhSdklpd2lUVzlrWVd3aU9uUnlkV1VzSWxCdmMybDBhVzl1SWpvaVkyVnVkR1Z5SWl3aVYybGtkR2dpT2lJek1EQWlMQ0pEYkc5ellXSnNaU0k2ZEhKMVpTd2lWR2wwYkdVaU9pSkVaV3hsZEdVaUxDSkNkWFIwYjI0eFZHVjRkQ0k2SWxsbGN5SXNJa0oxZEhSdmJqSlVaWGgwSWpvaVRtOGlMQ0pDZFhSMGIyNHhRMkZzYkdKaFkyc2lPaUpFWld4bGRHVlBjbVJsY2tsMFpXMGlMQ0pDZFhSMGIyNHlRMkZzYkdKaFkyc2lPbTUxYkd3c0lrSjFkSFJ2YmpGRFlXeHNZbUZqYTFCaGNtRnRaWFJsY25NaU9pSjdYQ0pKWkZ3aU9qTTJNalEwT1gwaUxDSkNkWFIwYjI0eVEyRnNiR0poWTJ0UVlYSmhiV1YwWlhKeklqcHVkV3hzTENKU1pYTnBlbUZpYkdVaU9tWmhiSE5sTENKRWNtRm5aMkZpYkdVaU9tWmhiSE5sTENKQmRYUnZUM0JsYmlJNlptRnNjMlVzSWtGd2NHVnVaRlJ2SWpvaVltOWtlU0lzSWsxaGVFaGxhV2RvZENJNk5EQXdMQ0pOWVhoWGFXUjBhQ0k2TXpBd0xDSk5hVzVJWldsbmFIUWlPakUxTUN3aVRXbHVWMmxrZEdnaU9qRTFNSDBwT3ljK2VEd3ZZVDQ4TDJScGRqNE5DbVFDQlE4UEZnUWZCUVVOTDJWdUwyTmhjblF1WVhOd2VCOERCUVJEWVhKMFpHUUNCdzhQRmdZZkF3VUlRMmhsWTJ0dmRYUWVCMFZ1WVdKc1pXUm5Id1JuRmdJZUIwOXVRMnhwWTJzRmx5eHlaWFIxY200Z1ZtRnNhV1JoZEdWSmRHVnRjMVJ2UTJobFkydFBkWFJQY2xGMWIzUmxLSHNpUTJ4dmMyVkNkWFIwYjI1VVpYaDBJam9pUTJ4dmMyVWlMQ0pCYkdWeWRFMWxjM05oWjJWVWFYUnNaU0k2SWtGc1pYSjBJRTFsYzNOaFoyVWlMQ0pEYUdWamEyOTFkRk4wWVhSbFJXNTFiU0k2ZXlKSmJuWmhiR2xrSWpvaVNXNTJZV3hwWkNJc0lsRjFiM1JoWW14bFQyNXNlU0k2SWxGMWIzUmhZbXhsVDI1c2VTSXNJazl5WkdWeVlXSnNaVTl1YkhraU9pSlBjbVJsY21GaWJHVlBibXg1SWl3aVQzSmtaWEpoWW14bFFXNWtVWFZ2ZEdGaWJHVWlPaUpQY21SbGNtRmliR1ZCYm1SUmRXOTBZV0pzWlNJc0lrNXZkRTl5WkdWeVlXSnNaVUZ1WkZGMWIzUmhZbXhsSWpvaVRtOTBUM0prWlhKaFlteGxRVzVrVVhWdmRHRmliR1VpTENKT2IzUlBjbVJsY21GaWJHVkJibVJSZFc5MFlXSnNaVmRwZEdoSmJuWmhiR2xrSWpvaVRtOTBUM0prWlhKaFlteGxRVzVrVVhWdmRHRmliR1ZYYVhSb1NXNTJZV3hwWkNJc0lrWmxkMDl5WkdWeVlXSnNaVTl1YkhraU9pSkdaWGRQY21SbGNtRmliR1ZQYm14NUlpd2lSbVYzVDNKa1pYSmhZbXhsUVc1a1JtVjNVWFZ2ZEdGaWJHVWlPaUpHWlhkUGNtUmxjbUZpYkdWQmJtUkdaWGRSZFc5MFlXSnNaU0lzSWtabGQxRjFiM1JoWW14bFQyNXNlVmRwZEdoSmJuWmhiR2xrSWpvaVJtVjNVWFZ2ZEdGaWJHVlBibXg1VjJsMGFFbHVkbUZzYVdRaUxDSkdaWGRQY21SbGNtRmliR1ZQYm14NVYybDBhRWx1ZG1Gc2FXUWlPaUpHWlhkUGNtUmxjbUZpYkdWUGJteDVWMmwwYUVsdWRtRnNhV1FpTENKR1pYZFBjbVJsY21GaWJHVkJibVJHWlhkUmRXOTBZV0pzWlZkcGRHaEpiblpoYkdsa0lqb2lSbVYzVDNKa1pYSmhZbXhsUVc1a1JtVjNVWFZ2ZEdGaWJHVlhhWFJvU1c1MllXeHBaQ0lzSWtabGQwOXlaR1Z5WVdKc1pVRnVaRUZzYkZGMWIzUmhZbXhsSWpvaVJtVjNUM0prWlhKaFlteGxRVzVrUVd4c1VYVnZkR0ZpYkdVaUxDSkJiR3hQY21SbGNtRmliR1ZCYm1SR1pYZFJkVzkwWVdKc1pTSTZJa0ZzYkU5eVpHVnlZV0pzWlVGdVpFWmxkMUYxYjNSaFlteGxJbjBzSWtsMFpXMVRkR0YwWlVWdWRXMGlPbnNpU1c1MllXeHBaQ0k2SWtsdWRtRnNhV1FpTENKUmRXOTBZV0pzWlU5dWJIa2lPaUpSZFc5MFlXSnNaVTl1YkhraUxDSlBjbVJsY21GaWJHVlBibXg1SWpvaVQzSmtaWEpoWW14bFQyNXNlU0lzSWs5eVpHVnlZV0pzWlVGdVpGRjFiM1JoWW14bElqb2lUM0prWlhKaFlteGxRVzVrVVhWdmRHRmliR1VpTENKT2IzUlBjbVJsY21GaWJHVkJibVJSZFc5MFlXSnNaU0k2SWs1dmRFOXlaR1Z5WVdKc1pVRnVaRkYxYjNSaFlteGxJaXdpVG05MFQzSmtaWEpoWW14bFFXNWtVWFZ2ZEdGaWJHVlhhWFJvU1c1MllXeHBaQ0k2SWs1dmRFOXlaR1Z5WVdKc1pVRnVaRkYxYjNSaFlteGxWMmwwYUVsdWRtRnNhV1FpTENKR1pYZFBjbVJsY21GaWJHVlBibXg1SWpvaVJtVjNUM0prWlhKaFlteGxUMjVzZVNJc0lrWmxkMDl5WkdWeVlXSnNaVUZ1WkVabGQxRjFiM1JoWW14bElqb2lSbVYzVDNKa1pYSmhZbXhsUVc1a1JtVjNVWFZ2ZEdGaWJHVWlMQ0pHWlhkUmRXOTBZV0pzWlU5dWJIbFhhWFJvU1c1MllXeHBaQ0k2SWtabGQxRjFiM1JoWW14bFQyNXNlVmRwZEdoSmJuWmhiR2xrSWl3aVJtVjNUM0prWlhKaFlteGxUMjVzZVZkcGRHaEpiblpoYkdsa0lqb2lSbVYzVDNKa1pYSmhZbXhsVDI1c2VWZHBkR2hKYm5aaGJHbGtJaXdpUm1WM1QzSmtaWEpoWW14bFFXNWtSbVYzVVhWdmRHRmliR1ZYYVhSb1NXNTJZV3hwWkNJNklrWmxkMDl5WkdWeVlXSnNaVUZ1WkVabGQxRjFiM1JoWW14bFYybDBhRWx1ZG1Gc2FXUWlMQ0pHWlhkUGNtUmxjbUZpYkdWQmJtUkJiR3hSZFc5MFlXSnNaU0k2SWtabGQwOXlaR1Z5WVdKc1pVRnVaRUZzYkZGMWIzUmhZbXhsSWl3aVFXeHNUM0prWlhKaFlteGxRVzVrUm1WM1VYVnZkR0ZpYkdVaU9pSkJiR3hQY21SbGNtRmliR1ZCYm1SR1pYZFJkVzkwWVdKc1pTSjlMQ0pvWkc1R2FXVnNaRk5sYkdWamRHVmtUM0prWlhKSmRHVnRRMmhsWTJ0dmRYUlRkR0YwWlhORGJHbGxiblJKWkNJNklrTnZiblJsYm5SUWJHRmpaVWh2YkdSbGNrUmxabUYxYkhSZlEyRnlkRTkyWlhKMmFXVjNYek5mYUdSdVJtbGxiR1JUWld4bFkzUmxaRTl5WkdWeVNYUmxiVU5vWldOcmIzVjBVM1JoZEdWeklpd2lhR1J1Um1sbGJHUlRaV3hsWTNSbFpFbDBaVzFKWkhORGJHbGxiblJKWkNJNklrTnZiblJsYm5SUWJHRmpaVWh2YkdSbGNrUmxabUYxYkhSZlEyRnlkRTkyWlhKMmFXVjNYek5mYUdSdVJtbGxiR1JUWld4bFkzUmxaRWwwWlcxSlpITWlMQ0pQY21SbGNsTmxiR1ZqZEdWa1VISnZaSFZqZEhNaU9qRXNJa052Ym1acGNtMWhkR2x2YmxScGRHeGxVbVZ6YjNWeVkyVWlPaUpEYjI1bWFYSnRZWFJwYjI0aUxDSlFjbTlqWldWa1FuVjBkRzl1VkdWNGRDSTZJbEJ5YjJObFpXUWlMQ0pRY205alpXVmtRblYwZEc5dVEyRnNiR0poWTJzaU9pSldZV3hwWkdGMFpVbDBaVzF6Vkc5RGFHVmphMDkxZEU5eVVYVnZkR1VpTENKSmJuWmhiR2xrU1hSbGJYTlRaV3hsWTNSbFpFWnZja05vWldOcmIzVjBVbVZ6YjNWeVkyVWlPaUpVYUdWeVpTQmhjbVVnYzI5dFpTQnBiblpoYkdsa0lHbDBaVzF6SUdOb2IzTmxiaUJtYjNJZ1kyaGxZMnR2ZFhRaUxDSk9iMDl5WkdWeVlXSnNaVWwwWlcxelUyVnNaV04wWldSR2IzSkRhR1ZqYTI5MWRGSmxjMjkxY21ObElqb2lUbThnZG1Gc2FXUWdiM0prWlhKaFlteGxJR2wwWlcxeklHRnlaU0JqYUc5elpXNGdabTl5SUc5eVpHVnlJSEJ5YjJObGMzTWlMQ0pPYjFGMWIzUmhZbXhsU1hSbGJYTlRaV3hsWTNSbFpFWnZja05vWldOcmIzVjBVbVZ6YjNWeVkyVWlPaUpPYnlCMllXeHBaQ0J4ZFc5MFlXSnNaU0JwZEdWdGN5QmhjbVVnWTJodmMyVnVJR1p2Y2lCeGRXOTBaU0J3Y205alpYTnpJaXdpVDNKa1pYSmhZbXhsUVc1a1RtOXVUM0prWlhKaFlteGxTWFJsYlhOVFpXeGxZM1JsWkVadmNrTm9aV05yYjNWMFVtVnpiM1Z5WTJVaU9pSlpiM1VnWTJGdUlHVnBkR2hsY2lBbmNISnZZMlZsWkNjZ2QybDBhQ0J2Y21SbGNpQndjbTlqWlhOeklHOW1JSFJvWlNCdmNtUmxjbUZpYkdVZ2FYUmxiWE1nYjNJZ1pXUnBkQ0IwYUdVZ2JtOXVMVzl5WkdWeVlXSnNaU0JwZEdWdGN5SXNJbEYxYjNSaFlteGxRVzVrVG05dVVYVnZkR0ZpYkdWSmRHVnRjMU5sYkdWamRHVmtSbTl5UTJobFkydHZkWFJTWlhOdmRYSmpaU0k2SWxsdmRTQmpZVzRnWldsMGFHVnlJQ2R3Y205alpXVmtKeUIzYVhSb0lIRjFiM1JsSUhCeWIyTmxjM01nYjJZZ2RHaGxJSEYxYjNSaFlteGxJR2wwWlcxeklHOXlJR1ZrYVhRZ2RHaGxJRzV2YmkxeGRXOTBZV0pzWlNCcGRHVnRjeUlzSWxGMWIzUmxVMlZzWldOMFpXUlFjbTlrZFdOMGN5STZNaXdpVG05SmRHVnRjMU5sYkdWamRHVmtJam9pVG04Z1NYUmxiWE1nVTJWc1pXTjBaV1F1SUZCc1pXRnpaU0JqYUc5dmMyVWdiMjVsSUNodmNpa2diVzl5WlNCcGRHVnRjeUIwYnlCd1pYSm1iM0p0SUhSb1pTQmhZM1JwYjI0dUlpd2lRMkZ5ZEVGamRHbHZia1JsYkdWMFpWTmxiR1ZqZEdWa1VISnZaSFZqZEhNaU9qVXNJbGRwYzJoTWFYTjBRV04wYVc5dWMwUmxiR1YwWlZObGJHVmpkR1ZrVUhKdlpIVmpkSE1pT2pJc0lrUmxiR1YwWlVOdmJtWnBjbTFoZEdsdmJrMWxjM05oWjJWU1pYTnZkWEpqWlNJNklqeHdQa1J2SUhsdmRTQnlaV0ZzYkhrZ2QyRnVkQ0IwYnlCa1pXeGxkR1VnZEdocGN5QnBkR1Z0S0hNcFB6d3ZjRDRpTENKRVpXeGxkR1ZEYjI1bWFYSnRZWFJwYjI1T2IwSjFkSFJ2YmxKbGMyOTFjbU5sSWpvaVRtOGlMQ0pFWld4bGRHVkRiMjVtYVhKdFlYUnBiMjVaWlhOQ2RYUjBiMjVTWlhOdmRYSmpaU0k2SWxsbGN5SXNJa1JsYkdWMFpVTnZibVpwY20xaGRHbHZia2hsWVdSbGNsUmxlSFJTWlhOdmRYSmpaU0k2SWtSbGJHVjBaU0lzSWtOaGNuUkJZM1JwYjI0aU9qRXNJa05vWldOcmIzVjBRblYwZEc5dVUyTnlhWEIwSWpwdWRXeHNMQ0pEYUdWamEyOTFkRk5sY1hWbGJtTnBibWRCYm1SUWNtbHRaWEpRYjNCMWNFMWxjM05oWjJWSVpXRmtaWElpT2lJaUxDSkRhR1ZqYTI5MWRGTmxjWFZsYm1OcGJtZEJibVJRY21sdFpYSlFiM0IxY0UxbGMzTmhaMlZJWldGa1pYSkpibVp2Y20xaGRHbHZiaUk2SWtsMElHbHpJRzV2ZENCd2IzTnphV0pzWlNCMGJ5QmphR1ZqYTI5MWRDQXZJSEYxYjNSbElITmxjWFZsYm1OcGJtY2djbVZoWTNScGIyNXpJSGRwZEdodmRYUWdjSEpwYldWeWN5QjNhR2xqYUNCaGNtVWdZWE56YjJOcFlYUmxaQ0IwYnlCelpXeGxZM1JsWkNCelpYRjFaVzVqYVc1bklHbDBaVzF6SUdsdUlIUm9hWE1nYjNKa1pYSTZJRHd2WW5JK1BDOWljajRpTENKRGFHVmphMjkxZEZObGNYVmxibU5wYm1kQmJtUlFjbWx0WlhKUWIzQjFjRTFsYzNOaFoyVkdiMjkwWlhKSmJtWnZjbTFoZEdsdmJpSTZJaUlzSWtOb1pXTnJiM1YwVTJWeGRXVnVZMmx1WjBGdVpGQnlhVzFsY2xCdmNIVndUV1Z6YzJGblpVTnNiM05sUW5WMGRHOXVWR1Y0ZENJNklpSXNJa05vWldOcmIzVjBVMlZ4ZFdWdVkybHVaMEZ1WkZCeWFXMWxjbEJ2Y0hWd1JtOXliV0YwVFdWemMyRm5aU0k2SWlJc0lrTm9aV05yYjNWMFVISnBiV1Z5UVd4dmJtVlFiM0IxY0UxbGMzTmhaMlZEYkc5elpVSjFkSFJ2YmxSbGVIUWlPaUlpTENKRGFHVmphMjkxZEZCeWFXMWxja0ZzYjI1bFVHOXdkWEJOWlhOellXZGxJam9pVUhKcGJXVnlJR0ZzYjI1bElHTmhibTV2ZENCaVpTQmphR1ZqYTJWa0lHOTFkQzRnVUd4bFlYTmxJSE5sYkdWamRDQmhkR3hsWVhOMElHOXVaU0JoYzNOdlkybGhkR1ZrSUhObGNYVmxibU5wYm1jZ1NYUmxiUzRpTENKRGFHVmphMjkxZEZCeWFXMWxja0ZzYjI1bFVHOXdkWEJOWlhOellXZGxTR1ZoWkdWeUlqb2lVR3hsWVhObElFNXZkR1VpTENKQ1lYSkRiMlJsVm1Gc2FXUmhkR2x2YmxCdmNIVndRMnh2YzJWQ2RYUjBiMjVVWlhoMElqb2lUMnNpTENKQ1lYSkRiMlJsVm1Gc2FXUmhkR2x2YmxCdmNIVndUV1Z6YzJGblpTSTZJa0poY21OdlpHVWdabTl5SUZObGJHVmpkR1ZrSUVsMFpXMGdhWE1nYVc1MllXeHBaQ0lzSWtKaGNrTnZaR1ZXWVd4cFpHRjBhVzl1VUc5d2RYQk5aWE56WVdkbFNHVmhaR1Z5SWpvaVVHeGxZWE5sSUU1dmRHVWlMQ0pUWVcxbFJHRjVSR1ZzYVhabGNubFdZV3hwWkdGMGFXOXVVRzl3ZFhCSGIwSmhZMnRDZFhSMGIyNVVaWGgwSWpvaVYyRnBkQ0IxYm5ScGJDQmhiR3dnVDNKa1pYSnpJR0Z5WlNCbWFXNXBjMmhsWkNCMGJ5QlRhR2x3SUc5dVkyVWlMQ0pUWVcxbFJHRjVSR1ZzYVhabGNubFdZV3hwWkdGMGFXOXVVRzl3ZFhCRGFHVmphMjkxZEVKMWRIUnZibFJsZUhRaU9pSkRhR1ZqYTI5MWRDQlRZVzFsSUVSaGVTQlBiR2xuYjNNZ1QyNXNlU0lzSWxOaGJXVkVZWGxFWld4cGRtVnllVlpoYkdsa1lYUnBiMjVRYjNCMWNFMWxjM05oWjJWSVpXRmtaWElpT2lKUWJHVmhjMlVnYzJWc1pXTjBJaXdpVTJGdFpVUmhlVVJsYkdsMlpYSjVWbUZzYVdSaGRHbHZibEJ2Y0hWd1RXVnpjMkZuWlVSbGMyTnlhWEIwYVc5dUlqb2lXVzkxY2lCallYSjBJR052Ym5SaGFXNXpJSE5oYldVZ1pHRjVJRzlzYVdkdmN5d2dkMmhwWTJnZ2JtVmxaQ0IwYnlCaVpTQmphR1ZqYTJWa0lHOTFkQ0J6WlhCbGNtRjBaV3g1SUdsdUlHOXlaR1Z5SUhSdklHVnVjM1Z5WlNCMGFHVWdabUZ6ZEdWemRDQmtaV3hwZG1WeWVTNGdWR2hsSUc5MGFHVnlJR2wwWlcxeklIZHBiR3dnWW1VZ2QyRnBkR2x1WnlCcGJpQjViM1Z5SUdOaGNuUWdkMmhsYmlCNWIzVWdjbVYwZFhKdUlHeGhkR1Z5TGlBOGMzQmhiaUJqYkdGemN6MWNJblJ2YjJ4MGFYQmZaR2xoYkc5blhDSWdkR2wwYkdVOVhDSkZlSEJzWVdsdUlHSjFkSFJ2YmlCa1pYTmpjbWx3ZEdsdmJpQm9aWEpsSUc5dWJIbGNJaUErUEM5emNHRnVQaUlzSWxKbGRYTmxaRWwwWlcxelZtRnNhV1JoZEdsdmJsQnZjSFZ3UTJ4dmMyVkNkWFIwYjI1VVpYaDBJam9pVDJzaUxDSlNaWFZ6WldSSmRHVnRjMVpoYkdsa1lYUnBiMjVRYjNCMWNFMWxjM05oWjJVaU9pSlBiM0J6SUNFZ1UyOXRaU0J2Y2lCaGJHd2diMllnYzJWc1pXTjBaV1FnY21WMWMyVmtJR2wwWlcwbmN5QnZjbWxuYVc1aGJDQmpiMjUwWVdsdVpYSnpJR0Z5WlNCbGVIQnBjbVZrTGlCWmIzVnlJR05oY25RZ2QybHNiQ0JpWlNCMWNHUmhkR1ZrSUdGMWRHOXRZWFJwWTJGc2JIa2dZVzVrSUdOaGNuUWdkMmxzYkNCaVpTQnlaV3h2WVdSbFpDNGdSWGh3YVhKbFpDQnBkR1Z0SUU1aGJXVnpJR0Z5WlNBdFBpSXNJbEpsZFhObFpFbDBaVzF6Vm1Gc2FXUmhkR2x2YmxCdmNIVndUV1Z6YzJGblpVaGxZV1JsY2lJNklsQnNaV0Z6WlNCT2IzUmxJaXdpUlhod2FYSmxaRkJ5YVcxbGNsQnZjSFZ3UTJ4dmMyVkNkWFIwYjI1VVpYaDBJam9pVDJzaUxDSkZlSEJwY21Wa1VISnBiV1Z5VUc5d2RYQk5aWE56WVdkbFZHVjRkQ0k2SWxCeWFXMWxjaUJwY3lCbGVIQnBjbVZrSUdadmNpQjBhR1VnYjI1bElHOW1JSFJvWlNCelpXeGxkR1ZrSUhObGNYVmxibU5wYm1jZ2FYUmxiUzRnY0d4bFlYTmxJSE5sYkdWamRDQmhibTkwYUdWeUlIQnlhVzFsY2lCdmNpQnZjbVJsY2lCdVpYY2djSEpwYldWeUxpSXNJa1Y0Y0dseVpXUlFjbWx0WlhKUWIzQjFjRTFsYzNOaFoyVklaV0ZrWlhKVVpYaDBJam9pVUd4bGMyVWdUbTkwWlNJc0lrTmhjblJRWVdkbFZWSk1Jam9pTDJWdUwyTmhjblF1WVhOd2VDSXNJazFwYm1sdGRXMVFiR0YwWlZOaGJYQnNaWE5RWlhKRGFHVmphMjkxZENJNk5EZ3NJbEJzWVhSbFUyRnRjR3hsUTI5MWJuUWlPbTUxYkd3c0lrbHpVMmx1WjJ4bFVHeGhkR1ZYYVhSb1ZtRnNhV1JUWVcxd2JHVkRiM1Z1ZENJNlptRnNjMlVzSWsxcGJsQnNZWFJsVTJGdGNHeGxjMUJ2Y0hWd1JtOXliV0YwVFdWemMyRm5aU0k2SWlJc0lrMXBibEJzWVhSbFUyRnRjR3hsYzFCdmNIVndSbTl5YldGMFRXVnpjMkZuWlVOc2IzTmxRblYwZEc5dVZHVjRkQ0k2SWlJc0lrMXBibEJzWVhSbFUyRnRjR3hsYzFCdmNIVndSbTl5YldGMFRXVnpjMkZuWlVobFlXUmxjaUk2SWlJc0lrMWhlR2x0ZFcxT2RXMWlaWEpQWmxCc1lYUmxjMUJsY2tOb1pXTnJiM1YwSWpvekxDSlFiR0YwWlhORGIzVnVkRVp2Y2tOMWNuSmxiblJQY21SbGNpSTZiblZzYkN3aVRXRjRhVzExYlZCc1lYUmxjMUJsY2tOb1pXTnJiM1YwVUc5d2RYQkdiM0p0WVhSTlpYTnpZV2RsSWpvaVRXRjRhVzExYlNBeklIQnNZWFJsY3lCaGNtVWdaV3hwWjJsaWJHVWdkRzhnWTJobFkydHZkWFFnY0dWeUlHOXlaR1Z5SUdadmNpQndiR0YwWlNCelpYRjFaVzVqYVc1bklHbDBaVzF6TGlCUWJHVmhjMlVnYlc5a2FXWjVJSGx2ZFhJZ2MyVnNaV04wYVc5dUlHRmpZMjl5WkdsdVoyeDVMaUlzSWsxaGVHbHRkVzFRYkdGMFpYTlFaWEpEYUdWamEyOTFkRkJ2Y0hWd1JtOXliV0YwVFdWemMyRm5aVU5zYjNObFFuVjBkRzl1VkdWNGRDSTZJazlySWl3aVRXRjRhVzExYlZCc1lYUmxjMUJsY2tOb1pXTnJiM1YwUm05eWJXRjBUV1Z6YzJGblpVaGxZV1JsY2lJNklsQnNaV0Z6WlNCT2IzUmxJaXdpVUc5emRFSmhZMnRGYkdWdFpXNTBWVzVwY1hWbFNXUWlPaUpqZEd3d01DUmpkR3d3TUNSamRHd3dNQ1JEYjI1MFpXNTBVR3hoWTJWSWIyeGtaWEpFWldaaGRXeDBKRU5oY25SUGRtVnlkbWxsZDE4ekpHeHVhME5vWldOcmIzVjBJaXdpUlhabGJuUkJjbWQxYldWdWRDSTZJaUo5TENCMGFHbHpLVHRrQWhBUER4WUVId1VGRFM5bGJpOWpZWEowTG1GemNIZ2ZBd1VFUTJGeWRHUmtBaElQRHhZQ0h3TUZDRU5vWldOcmIzVjBGZ0lmREFXWExISmxkSFZ5YmlCV1lXeHBaR0YwWlVsMFpXMXpWRzlEYUdWamEwOTFkRTl5VVhWdmRHVW9leUpEYkc5elpVSjFkSFJ2YmxSbGVIUWlPaUpEYkc5elpTSXNJa0ZzWlhKMFRXVnpjMkZuWlZScGRHeGxJam9pUVd4bGNuUWdUV1Z6YzJGblpTSXNJa05vWldOcmIzVjBVM1JoZEdWRmJuVnRJanA3SWtsdWRtRnNhV1FpT2lKSmJuWmhiR2xrSWl3aVVYVnZkR0ZpYkdWUGJteDVJam9pVVhWdmRHRmliR1ZQYm14NUlpd2lUM0prWlhKaFlteGxUMjVzZVNJNklrOXlaR1Z5WVdKc1pVOXViSGtpTENKUGNtUmxjbUZpYkdWQmJtUlJkVzkwWVdKc1pTSTZJazl5WkdWeVlXSnNaVUZ1WkZGMWIzUmhZbXhsSWl3aVRtOTBUM0prWlhKaFlteGxRVzVrVVhWdmRHRmliR1VpT2lKT2IzUlBjbVJsY21GaWJHVkJibVJSZFc5MFlXSnNaU0lzSWs1dmRFOXlaR1Z5WVdKc1pVRnVaRkYxYjNSaFlteGxWMmwwYUVsdWRtRnNhV1FpT2lKT2IzUlBjbVJsY21GaWJHVkJibVJSZFc5MFlXSnNaVmRwZEdoSmJuWmhiR2xrSWl3aVJtVjNUM0prWlhKaFlteGxUMjVzZVNJNklrWmxkMDl5WkdWeVlXSnNaVTl1YkhraUxDSkdaWGRQY21SbGNtRmliR1ZCYm1SR1pYZFJkVzkwWVdKc1pTSTZJa1psZDA5eVpHVnlZV0pzWlVGdVpFWmxkMUYxYjNSaFlteGxJaXdpUm1WM1VYVnZkR0ZpYkdWUGJteDVWMmwwYUVsdWRtRnNhV1FpT2lKR1pYZFJkVzkwWVdKc1pVOXViSGxYYVhSb1NXNTJZV3hwWkNJc0lrWmxkMDl5WkdWeVlXSnNaVTl1YkhsWGFYUm9TVzUyWVd4cFpDSTZJa1psZDA5eVpHVnlZV0pzWlU5dWJIbFhhWFJvU1c1MllXeHBaQ0lzSWtabGQwOXlaR1Z5WVdKc1pVRnVaRVpsZDFGMWIzUmhZbXhsVjJsMGFFbHVkbUZzYVdRaU9pSkdaWGRQY21SbGNtRmliR1ZCYm1SR1pYZFJkVzkwWVdKc1pWZHBkR2hKYm5aaGJHbGtJaXdpUm1WM1QzSmtaWEpoWW14bFFXNWtRV3hzVVhWdmRHRmliR1VpT2lKR1pYZFBjbVJsY21GaWJHVkJibVJCYkd4UmRXOTBZV0pzWlNJc0lrRnNiRTl5WkdWeVlXSnNaVUZ1WkVabGQxRjFiM1JoWW14bElqb2lRV3hzVDNKa1pYSmhZbXhsUVc1a1JtVjNVWFZ2ZEdGaWJHVWlmU3dpU1hSbGJWTjBZWFJsUlc1MWJTSTZleUpKYm5aaGJHbGtJam9pU1c1MllXeHBaQ0lzSWxGMWIzUmhZbXhsVDI1c2VTSTZJbEYxYjNSaFlteGxUMjVzZVNJc0lrOXlaR1Z5WVdKc1pVOXViSGtpT2lKUGNtUmxjbUZpYkdWUGJteDVJaXdpVDNKa1pYSmhZbXhsUVc1a1VYVnZkR0ZpYkdVaU9pSlBjbVJsY21GaWJHVkJibVJSZFc5MFlXSnNaU0lzSWs1dmRFOXlaR1Z5WVdKc1pVRnVaRkYxYjNSaFlteGxJam9pVG05MFQzSmtaWEpoWW14bFFXNWtVWFZ2ZEdGaWJHVWlMQ0pPYjNSUGNtUmxjbUZpYkdWQmJtUlJkVzkwWVdKc1pWZHBkR2hKYm5aaGJHbGtJam9pVG05MFQzSmtaWEpoWW14bFFXNWtVWFZ2ZEdGaWJHVlhhWFJvU1c1MllXeHBaQ0lzSWtabGQwOXlaR1Z5WVdKc1pVOXViSGtpT2lKR1pYZFBjbVJsY21GaWJHVlBibXg1SWl3aVJtVjNUM0prWlhKaFlteGxRVzVrUm1WM1VYVnZkR0ZpYkdVaU9pSkdaWGRQY21SbGNtRmliR1ZCYm1SR1pYZFJkVzkwWVdKc1pTSXNJa1psZDFGMWIzUmhZbXhsVDI1c2VWZHBkR2hKYm5aaGJHbGtJam9pUm1WM1VYVnZkR0ZpYkdWUGJteDVWMmwwYUVsdWRtRnNhV1FpTENKR1pYZFBjbVJsY21GaWJHVlBibXg1VjJsMGFFbHVkbUZzYVdRaU9pSkdaWGRQY21SbGNtRmliR1ZQYm14NVYybDBhRWx1ZG1Gc2FXUWlMQ0pHWlhkUGNtUmxjbUZpYkdWQmJtUkdaWGRSZFc5MFlXSnNaVmRwZEdoSmJuWmhiR2xrSWpvaVJtVjNUM0prWlhKaFlteGxRVzVrUm1WM1VYVnZkR0ZpYkdWWGFYUm9TVzUyWVd4cFpDSXNJa1psZDA5eVpHVnlZV0pzWlVGdVpFRnNiRkYxYjNSaFlteGxJam9pUm1WM1QzSmtaWEpoWW14bFFXNWtRV3hzVVhWdmRHRmliR1VpTENKQmJHeFBjbVJsY21GaWJHVkJibVJHWlhkUmRXOTBZV0pzWlNJNklrRnNiRTl5WkdWeVlXSnNaVUZ1WkVabGQxRjFiM1JoWW14bEluMHNJbWhrYmtacFpXeGtVMlZzWldOMFpXUlBjbVJsY2tsMFpXMURhR1ZqYTI5MWRGTjBZWFJsYzBOc2FXVnVkRWxrSWpvaVEyOXVkR1Z1ZEZCc1lXTmxTRzlzWkdWeVJHVm1ZWFZzZEY5RFlYSjBUM1psY25acFpYZGZNMTlvWkc1R2FXVnNaRk5sYkdWamRHVmtUM0prWlhKSmRHVnRRMmhsWTJ0dmRYUlRkR0YwWlhNaUxDSm9aRzVHYVdWc1pGTmxiR1ZqZEdWa1NYUmxiVWxrYzBOc2FXVnVkRWxrSWpvaVEyOXVkR1Z1ZEZCc1lXTmxTRzlzWkdWeVJHVm1ZWFZzZEY5RFlYSjBUM1psY25acFpYZGZNMTlvWkc1R2FXVnNaRk5sYkdWamRHVmtTWFJsYlVsa2N5SXNJazl5WkdWeVUyVnNaV04wWldSUWNtOWtkV04wY3lJNk1Td2lRMjl1Wm1seWJXRjBhVzl1VkdsMGJHVlNaWE52ZFhKalpTSTZJa052Ym1acGNtMWhkR2x2YmlJc0lsQnliMk5sWldSQ2RYUjBiMjVVWlhoMElqb2lVSEp2WTJWbFpDSXNJbEJ5YjJObFpXUkNkWFIwYjI1RFlXeHNZbUZqYXlJNklsWmhiR2xrWVhSbFNYUmxiWE5VYjBOb1pXTnJUM1YwVDNKUmRXOTBaU0lzSWtsdWRtRnNhV1JKZEdWdGMxTmxiR1ZqZEdWa1JtOXlRMmhsWTJ0dmRYUlNaWE52ZFhKalpTSTZJbFJvWlhKbElHRnlaU0J6YjIxbElHbHVkbUZzYVdRZ2FYUmxiWE1nWTJodmMyVnVJR1p2Y2lCamFHVmphMjkxZENJc0lrNXZUM0prWlhKaFlteGxTWFJsYlhOVFpXeGxZM1JsWkVadmNrTm9aV05yYjNWMFVtVnpiM1Z5WTJVaU9pSk9ieUIyWVd4cFpDQnZjbVJsY21GaWJHVWdhWFJsYlhNZ1lYSmxJR05vYjNObGJpQm1iM0lnYjNKa1pYSWdjSEp2WTJWemN5SXNJazV2VVhWdmRHRmliR1ZKZEdWdGMxTmxiR1ZqZEdWa1JtOXlRMmhsWTJ0dmRYUlNaWE52ZFhKalpTSTZJazV2SUhaaGJHbGtJSEYxYjNSaFlteGxJR2wwWlcxeklHRnlaU0JqYUc5elpXNGdabTl5SUhGMWIzUmxJSEJ5YjJObGMzTWlMQ0pQY21SbGNtRmliR1ZCYm1ST2IyNVBjbVJsY21GaWJHVkpkR1Z0YzFObGJHVmpkR1ZrUm05eVEyaGxZMnR2ZFhSU1pYTnZkWEpqWlNJNklsbHZkU0JqWVc0Z1pXbDBhR1Z5SUNkd2NtOWpaV1ZrSnlCM2FYUm9JRzl5WkdWeUlIQnliMk5sYzNNZ2IyWWdkR2hsSUc5eVpHVnlZV0pzWlNCcGRHVnRjeUJ2Y2lCbFpHbDBJSFJvWlNCdWIyNHRiM0prWlhKaFlteGxJR2wwWlcxeklpd2lVWFZ2ZEdGaWJHVkJibVJPYjI1UmRXOTBZV0pzWlVsMFpXMXpVMlZzWldOMFpXUkdiM0pEYUdWamEyOTFkRkpsYzI5MWNtTmxJam9pV1c5MUlHTmhiaUJsYVhSb1pYSWdKM0J5YjJObFpXUW5JSGRwZEdnZ2NYVnZkR1VnY0hKdlkyVnpjeUJ2WmlCMGFHVWdjWFZ2ZEdGaWJHVWdhWFJsYlhNZ2IzSWdaV1JwZENCMGFHVWdibTl1TFhGMWIzUmhZbXhsSUdsMFpXMXpJaXdpVVhWdmRHVlRaV3hsWTNSbFpGQnliMlIxWTNSeklqb3lMQ0pPYjBsMFpXMXpVMlZzWldOMFpXUWlPaUpPYnlCSmRHVnRjeUJUWld4bFkzUmxaQzRnVUd4bFlYTmxJR05vYjI5elpTQnZibVVnS0c5eUtTQnRiM0psSUdsMFpXMXpJSFJ2SUhCbGNtWnZjbTBnZEdobElHRmpkR2x2Ymk0aUxDSkRZWEowUVdOMGFXOXVSR1ZzWlhSbFUyVnNaV04wWldSUWNtOWtkV04wY3lJNk5Td2lWMmx6YUV4cGMzUkJZM1JwYjI1elJHVnNaWFJsVTJWc1pXTjBaV1JRY205a2RXTjBjeUk2TWl3aVJHVnNaWFJsUTI5dVptbHliV0YwYVc5dVRXVnpjMkZuWlZKbGMyOTFjbU5sSWpvaVBIQStSRzhnZVc5MUlISmxZV3hzZVNCM1lXNTBJSFJ2SUdSbGJHVjBaU0IwYUdseklHbDBaVzBvY3lrL1BDOXdQaUlzSWtSbGJHVjBaVU52Ym1acGNtMWhkR2x2Yms1dlFuVjBkRzl1VW1WemIzVnlZMlVpT2lKT2J5SXNJa1JsYkdWMFpVTnZibVpwY20xaGRHbHZibGxsYzBKMWRIUnZibEpsYzI5MWNtTmxJam9pV1dWeklpd2lSR1ZzWlhSbFEyOXVabWx5YldGMGFXOXVTR1ZoWkdWeVZHVjRkRkpsYzI5MWNtTmxJam9pUkdWc1pYUmxJaXdpUTJGeWRFRmpkR2x2YmlJNk1Td2lRMmhsWTJ0dmRYUkNkWFIwYjI1VFkzSnBjSFFpT201MWJHd3NJa05vWldOcmIzVjBVMlZ4ZFdWdVkybHVaMEZ1WkZCeWFXMWxjbEJ2Y0hWd1RXVnpjMkZuWlVobFlXUmxjaUk2SWlJc0lrTm9aV05yYjNWMFUyVnhkV1Z1WTJsdVowRnVaRkJ5YVcxbGNsQnZjSFZ3VFdWemMyRm5aVWhsWVdSbGNrbHVabTl5YldGMGFXOXVJam9pU1hRZ2FYTWdibTkwSUhCdmMzTnBZbXhsSUhSdklHTm9aV05yYjNWMElDOGdjWFZ2ZEdVZ2MyVnhkV1Z1WTJsdVp5QnlaV0ZqZEdsdmJuTWdkMmwwYUc5MWRDQndjbWx0WlhKeklIZG9hV05vSUdGeVpTQmhjM052WTJsaGRHVmtJSFJ2SUhObGJHVmpkR1ZrSUhObGNYVmxibU5wYm1jZ2FYUmxiWE1nYVc0Z2RHaHBjeUJ2Y21SbGNqb2dQQzlpY2o0OEwySnlQaUlzSWtOb1pXTnJiM1YwVTJWeGRXVnVZMmx1WjBGdVpGQnlhVzFsY2xCdmNIVndUV1Z6YzJGblpVWnZiM1JsY2tsdVptOXliV0YwYVc5dUlqb2lJaXdpUTJobFkydHZkWFJUWlhGMVpXNWphVzVuUVc1a1VISnBiV1Z5VUc5d2RYQk5aWE56WVdkbFEyeHZjMlZDZFhSMGIyNVVaWGgwSWpvaUlpd2lRMmhsWTJ0dmRYUlRaWEYxWlc1amFXNW5RVzVrVUhKcGJXVnlVRzl3ZFhCR2IzSnRZWFJOWlhOellXZGxJam9pSWl3aVEyaGxZMnR2ZFhSUWNtbHRaWEpCYkc5dVpWQnZjSFZ3VFdWemMyRm5aVU5zYjNObFFuVjBkRzl1VkdWNGRDSTZJaUlzSWtOb1pXTnJiM1YwVUhKcGJXVnlRV3h2Ym1WUWIzQjFjRTFsYzNOaFoyVWlPaUpRY21sdFpYSWdZV3h2Ym1VZ1kyRnVibTkwSUdKbElHTm9aV05yWldRZ2IzVjBMaUJRYkdWaGMyVWdjMlZzWldOMElHRjBiR1ZoYzNRZ2IyNWxJR0Z6YzI5amFXRjBaV1FnYzJWeGRXVnVZMmx1WnlCSmRHVnRMaUlzSWtOb1pXTnJiM1YwVUhKcGJXVnlRV3h2Ym1WUWIzQjFjRTFsYzNOaFoyVklaV0ZrWlhJaU9pSlFiR1ZoYzJVZ1RtOTBaU0lzSWtKaGNrTnZaR1ZXWVd4cFpHRjBhVzl1VUc5d2RYQkRiRzl6WlVKMWRIUnZibFJsZUhRaU9pSlBheUlzSWtKaGNrTnZaR1ZXWVd4cFpHRjBhVzl1VUc5d2RYQk5aWE56WVdkbElqb2lRbUZ5WTI5a1pTQm1iM0lnVTJWc1pXTjBaV1FnU1hSbGJTQnBjeUJwYm5aaGJHbGtJaXdpUW1GeVEyOWtaVlpoYkdsa1lYUnBiMjVRYjNCMWNFMWxjM05oWjJWSVpXRmtaWElpT2lKUWJHVmhjMlVnVG05MFpTSXNJbE5oYldWRVlYbEVaV3hwZG1WeWVWWmhiR2xrWVhScGIyNVFiM0IxY0VkdlFtRmphMEoxZEhSdmJsUmxlSFFpT2lKWFlXbDBJSFZ1ZEdsc0lHRnNiQ0JQY21SbGNuTWdZWEpsSUdacGJtbHphR1ZrSUhSdklGTm9hWEFnYjI1alpTSXNJbE5oYldWRVlYbEVaV3hwZG1WeWVWWmhiR2xrWVhScGIyNVFiM0IxY0VOb1pXTnJiM1YwUW5WMGRHOXVWR1Y0ZENJNklrTm9aV05yYjNWMElGTmhiV1VnUkdGNUlFOXNhV2R2Y3lCUGJteDVJaXdpVTJGdFpVUmhlVVJsYkdsMlpYSjVWbUZzYVdSaGRHbHZibEJ2Y0hWd1RXVnpjMkZuWlVobFlXUmxjaUk2SWxCc1pXRnpaU0J6Wld4bFkzUWlMQ0pUWVcxbFJHRjVSR1ZzYVhabGNubFdZV3hwWkdGMGFXOXVVRzl3ZFhCTlpYTnpZV2RsUkdWelkzSnBjSFJwYjI0aU9pSlpiM1Z5SUdOaGNuUWdZMjl1ZEdGcGJuTWdjMkZ0WlNCa1lYa2diMnhwWjI5ekxDQjNhR2xqYUNCdVpXVmtJSFJ2SUdKbElHTm9aV05yWldRZ2IzVjBJSE5sY0dWeVlYUmxiSGtnYVc0Z2IzSmtaWElnZEc4Z1pXNXpkWEpsSUhSb1pTQm1ZWE4wWlhOMElHUmxiR2wyWlhKNUxpQlVhR1VnYjNSb1pYSWdhWFJsYlhNZ2QybHNiQ0JpWlNCM1lXbDBhVzVuSUdsdUlIbHZkWElnWTJGeWRDQjNhR1Z1SUhsdmRTQnlaWFIxY200Z2JHRjBaWEl1SUR4emNHRnVJR05zWVhOelBWd2lkRzl2YkhScGNGOWthV0ZzYjJkY0lpQjBhWFJzWlQxY0lrVjRjR3hoYVc0Z1luVjBkRzl1SUdSbGMyTnlhWEIwYVc5dUlHaGxjbVVnYjI1c2VWd2lJRDQ4TDNOd1lXNCtJaXdpVW1WMWMyVmtTWFJsYlhOV1lXeHBaR0YwYVc5dVVHOXdkWEJEYkc5elpVSjFkSFJ2YmxSbGVIUWlPaUpQYXlJc0lsSmxkWE5sWkVsMFpXMXpWbUZzYVdSaGRHbHZibEJ2Y0hWd1RXVnpjMkZuWlNJNklrOXZjSE1nSVNCVGIyMWxJRzl5SUdGc2JDQnZaaUJ6Wld4bFkzUmxaQ0J5WlhWelpXUWdhWFJsYlNkeklHOXlhV2RwYm1Gc0lHTnZiblJoYVc1bGNuTWdZWEpsSUdWNGNHbHlaV1F1SUZsdmRYSWdZMkZ5ZENCM2FXeHNJR0psSUhWd1pHRjBaV1FnWVhWMGIyMWhkR2xqWVd4c2VTQmhibVFnWTJGeWRDQjNhV3hzSUdKbElISmxiRzloWkdWa0xpQkZlSEJwY21Wa0lHbDBaVzBnVG1GdFpYTWdZWEpsSUMwK0lpd2lVbVYxYzJWa1NYUmxiWE5XWVd4cFpHRjBhVzl1VUc5d2RYQk5aWE56WVdkbFNHVmhaR1Z5SWpvaVVHeGxZWE5sSUU1dmRHVWlMQ0pGZUhCcGNtVmtVSEpwYldWeVVHOXdkWEJEYkc5elpVSjFkSFJ2YmxSbGVIUWlPaUpQYXlJc0lrVjRjR2x5WldSUWNtbHRaWEpRYjNCMWNFMWxjM05oWjJWVVpYaDBJam9pVUhKcGJXVnlJR2x6SUdWNGNHbHlaV1FnWm05eUlIUm9aU0J2Ym1VZ2IyWWdkR2hsSUhObGJHVjBaV1FnYzJWeGRXVnVZMmx1WnlCcGRHVnRMaUJ3YkdWaGMyVWdjMlZzWldOMElHRnViM1JvWlhJZ2NISnBiV1Z5SUc5eUlHOXlaR1Z5SUc1bGR5QndjbWx0WlhJdUlpd2lSWGh3YVhKbFpGQnlhVzFsY2xCdmNIVndUV1Z6YzJGblpVaGxZV1JsY2xSbGVIUWlPaUpRYkdWelpTQk9iM1JsSWl3aVEyRnlkRkJoWjJWVlVrd2lPaUl2Wlc0dlkyRnlkQzVoYzNCNElpd2lUV2x1YVcxMWJWQnNZWFJsVTJGdGNHeGxjMUJsY2tOb1pXTnJiM1YwSWpvME9Dd2lVR3hoZEdWVFlXMXdiR1ZEYjNWdWRDSTZiblZzYkN3aVNYTlRhVzVuYkdWUWJHRjBaVmRwZEdoV1lXeHBaRk5oYlhCc1pVTnZkVzUwSWpwbVlXeHpaU3dpVFdsdVVHeGhkR1ZUWVcxd2JHVnpVRzl3ZFhCR2IzSnRZWFJOWlhOellXZGxJam9pSWl3aVRXbHVVR3hoZEdWVFlXMXdiR1Z6VUc5d2RYQkdiM0p0WVhSTlpYTnpZV2RsUTJ4dmMyVkNkWFIwYjI1VVpYaDBJam9pSWl3aVRXbHVVR3hoZEdWVFlXMXdiR1Z6VUc5d2RYQkdiM0p0WVhSTlpYTnpZV2RsU0dWaFpHVnlJam9pSWl3aVRXRjRhVzExYlU1MWJXSmxjazltVUd4aGRHVnpVR1Z5UTJobFkydHZkWFFpT2pNc0lsQnNZWFJsYzBOdmRXNTBSbTl5UTNWeWNtVnVkRTl5WkdWeUlqcHVkV3hzTENKTllYaHBiWFZ0VUd4aGRHVnpVR1Z5UTJobFkydHZkWFJRYjNCMWNFWnZjbTFoZEUxbGMzTmhaMlVpT2lKTllYaHBiWFZ0SURNZ2NHeGhkR1Z6SUdGeVpTQmxiR2xuYVdKc1pTQjBieUJqYUdWamEyOTFkQ0J3WlhJZ2IzSmtaWElnWm05eUlIQnNZWFJsSUhObGNYVmxibU5wYm1jZ2FYUmxiWE11SUZCc1pXRnpaU0J0YjJScFpua2dlVzkxY2lCelpXeGxZM1JwYjI0Z1lXTmpiM0prYVc1bmJIa3VJaXdpVFdGNGFXMTFiVkJzWVhSbGMxQmxja05vWldOcmIzVjBVRzl3ZFhCR2IzSnRZWFJOWlhOellXZGxRMnh2YzJWQ2RYUjBiMjVVWlhoMElqb2lUMnNpTENKTllYaHBiWFZ0VUd4aGRHVnpVR1Z5UTJobFkydHZkWFJHYjNKdFlYUk5aWE56WVdkbFNHVmhaR1Z5SWpvaVVHeGxZWE5sSUU1dmRHVWlMQ0pRYjNOMFFtRmphMFZzWlcxbGJuUlZibWx4ZFdWSlpDSTZJbU4wYkRBd0pHTjBiREF3SkdOMGJEQXdKRU52Ym5SbGJuUlFiR0ZqWlVodmJHUmxja1JsWm1GMWJIUWtRMkZ5ZEU5MlpYSjJhV1YzWHpNa2JHNXJRMmhsWTJ0dmRYUWlMQ0pGZG1WdWRFRnlaM1Z0Wlc1MElqb2lJbjBzSUhSb2FYTXBPMlFDRWc5a0ZnWUNBdzlrRmdKbUR3OFdBaDRMYkdKc1NHVmhaRXhwYm1VRkNrMTVJRkJ5YjJacGJHVmtGZ2dDQWc4VkFXcERiMjUwWlc1MFVHeGhZMlZJYjJ4a1pYSkVaV1poZFd4MFgwMWhjM1JsY2xCc1lXTmxhRzlzWkdWeVgwaHZiV1ZNYjJkblpXUkpibDgyWDNCdWJFUnlZV2RoWW14bFYybHVaRzkzUTI5dWRHVnVkRjlKYm14cGJtVk5aWE56WVdkbFEyOXVkR0ZwYm1WeVpBSUREdzhXQWg4RVoyUVdCQUlCRHhZQ0h3TUZCVWhsYkd4dlpBSUREeFlDSHdNRkZYQnVkR1Z6ZEdZd01ERWdjRzUwWlhOMGJEQXdNV1FDQlE5a0ZnZ0NBUThXQWg4RFpXUUNBdzhQRmdJZkEyVmtaQUlGRHc4V0FoOERCUkVvWW1WamIyMWxJSGx2ZFhKelpXeG1LV1JrQWdjUEZnSWZBMlZrQWdrUFpCWUlBZ0VQWkJZQ0FnRVBEeFlHSHdjRkRXVm1RMjlzYjNKUGNtRnVaMlVmQXdVSVRYbFBjbVJsY25NZkNBSUNaR1FDQXc4UEZnSWZBd1VNVFhrZ1JHRnphR0p2WVhKa1pHUUNCUThQRmdRZkJRVVVmaTloWkcxcGJpOTNaV3hqYjIxbExtRnpjSGdmQXdVT1FXUnRhVzVwYzNSeVlYUnBiMjVrWkFJSER3OFdBaDhEQlFaTWIyZHZkWFJrWkFJRkQyUVdBbVlQRHhZRUh3MEZCVXh2WjJsdUh3Um9aQllFQWdVUER4WUNId1VGSXk5bGJpOWphR1ZqYTI5MWRDOXpkR1Z3TVM1aGMzQjRQMjV2WkdWSlpEMHhNVEkzWkdRQ0J3OWtGZ1lDQVE4UEZnWWZBd1VHUlcxaGFXdzZId2NGRnlCeVpYRjFhWEpsWkVacFpXeGtRMmhoY21GamRHVnlId2dDQW1Sa0Fna1BEeFlHSHdNRkEzc3dmUjhIQlJjZ2NtVnhkV2x5WldSR2FXVnNaRU5vWVhKaFkzUmxjaDhJQWdKa1pBSVREdzhXQWg4RkJSY3ZaVzR2Wm05eVoyOTBjR0Z6YzNkdmNtUXVZWE53ZUdSa0FnY1BaQllDWmc4UEZnSWZEUVVLVG1WbFpDQklaV3h3UDJRV0JBSUNEeFVCYlVOdmJuUmxiblJRYkdGalpVaHZiR1JsY2tSbFptRjFiSFJmVFdGemRHVnlVR3hoWTJWb2IyeGtaWEpmUTNWemRHOXRaWEpUZFhCd2IzSjBYemhmY0c1c1JISmhaMkZpYkdWWGFXNWtiM2REYjI1MFpXNTBYMGx1YkdsdVpVMWxjM05oWjJWRGIyNTBZV2x1WlhKa0FnTVBaQllJQWdFUEZnSWZBd1VRUTNWemRHOXRaWElnVTNWd2NHOXlkR1FDQXc4UEZnSWZBd1VRS3pRNUlEZ3dPVElnT0RJNE9TQTNOMlJrQWdVUER4WUNId01GYUR4aElHaHlaV1k5SWk5bGJpOWxkWEp2Wm1sdWN5MXRkMmN0YjNCbGNtOXVMM05sY25acFkyVXRZMlZ1ZEdWeUwyTnZiblJoWTNRdGRYTXZaMnh2WW1Gc0xXUnBjbVZqZEc5eWVTNWhjM0I0SWo1R2NtVmxJSEJvYjI1bElHNTFiV0psY25NOEwyRStaR1FDQnc4UEZnUWZBd1ZFUEdFZ2FISmxaajBpYldGcGJIUnZPbk4xY0hCdmNuUXRaWFZBWlhWeWIyWnBibk11WTI5dElqNXpkWEJ3YjNKMExXVjFRR1YxY205bWFXNXpMbU52YlR3dllUNGZCUVZMYldGcGJIUnZPanhoSUdoeVpXWTlJbTFoYVd4MGJ6cHpkWEJ3YjNKMExXVjFRR1YxY205bWFXNXpMbU52YlNJK2MzVndjRzl5ZEMxbGRVQmxkWEp2Wm1sdWN5NWpiMjA4TDJFK1pHUUNGUTlrRmdKbUQyUVdBbVlQRlFHbUJuWmhjaUJ6YUc5M1VISnZaM0psYzNOQ1lYSkJablJsY2oweU1EQTdEUXAyWVhJZ2JXVnpjMkZuWlZCeWIyZHlaWE56UW1GeVBTZFFiR1ZoYzJVZ2QyRnBkQzR1TGljN0RRcDJZWElnY0hKdlozSmxjM05DWVhKVWFYUnNaVDBuVUd4bFlYTmxJSGRoYVhRdUxpNG5PdzBLZG1GeUlIQnliMmR5WlhOelFtRnlRMkZ1WTJWc1FuVjBkRzl1VkdWNGREMG5RMkZ1WTJWc0p6c05DblpoY2lCaGJHVnlkRTFsYzNOaFoyVkNkWFIwYjI1VVpYaDBQU2RQYXljN0RRcDJZWElnWVd4bGNuUk5aWE56WVdkbFZHbDBiR1U5SjBGc1pYSjBJRTFsYzNOaFoyVW5PdzBLZG1GeUlHOXdaWEp2YmxOcGRHVlZjbXc5SnljN0RRcDJZWElnWTNWeWNtVnVkRk5wZEdWRGIyUmxQU2RGUWtVbk93MEtkbUZ5SUhOMVlrUnZiV0ZwYmowblVVRW5PdzBLZG1GeUlIQnZjblJPZFcxaVpYSTlKemd4SnpzTkNuWmhjaUJ3Y21WTWIyRmtTVzFoWjJWTWFYTjBQVnNuTDJOemN5OWxlSFF2YW5GMVpYSjVkR2hsYldWekwybHRZV2RsY3k5MWFTMWlaMTluYkdGemMxODFOVjh4WXpGak1XTmZNWGcwTURBdWNHNW5KMTA3RFFwMllYSWdjSEpwWTJsdVowUmxkR0ZwYkhORGJHOXpaVUoxZEhSdmJsUmxlSFE5SjBOc2IzTmxKenNOQ25aaGNpQkJaR1JDZFhSMGIyNVNaWE52ZFhKalpWUmxlSFFnUFNBblFXUmtKenNOQ25aaGNpQkRZVzVqWld4Q2RYUjBiMjVTWlhOdmRYSmpaVlJsZUhRZ1BTQW5RMkZ1WTJWc0p6c05DblpoY2lCRGJHOXpaVUoxZEhSdmJsSmxjMjkxY21ObFZHVjRkQ0E5SUNkRGJHOXpaU2M3RFFwMllYSWdVMkYyWlVKMWRIUnZibEpsYzI5MWNtTmxWR1Y0ZENBOUlDZFRZWFpsSnpzTkNuWmhjaUJPYjBKMWRIUnZibEpsYzI5MWNtTmxWR1Y0ZENBOUlDZE9ieWM3RFFwMllYSWdXV1Z6UW5WMGRHOXVVbVZ6YjNWeVkyVlVaWGgwSUQwZ0oxbGxjeWM3RFFwMllYSWdWR2hwWTJ0Q2IzaERiRzl6WlZSbGVIUlNaWE52ZFhKalpTQTlJQ2R2Y2lCRmMyTWdTMlY1SnpzTkNuWmhjaUJVYUdsamEwSnZlRU5zYjNObFRHbHVhMUpsYzI5MWNtTmxJRDBnSjJOc2IzTmxKenNOQ25aaGNpQmtaWEJzYjNsdFpXNTBSVzUyYVhKdmJtMWxiblFnUFNBblVVRW5PdzBLWkdTNjBmWXpvd1QyV0czbStEc1I2STdSWkUwamQxdGs5b0I2UzF4ck9LM29KUT09IiBDb3JyZWxhdGlvbkJpbmRpbmc9IiIgVXJsRW5jb2RlPSJUcnVlIiAvPg0KICAgICAgICA8Rm9ybVBvc3RQYXJhbWV0ZXIgTmFtZT0iY3RsMDAkY3RsMDAkY3RsMDAkQ29udGVudFBsYWNlSG9sZGVyRGVmYXVsdCRUb3BMb2dnZWRJbl8xJGhkblNjcmVlbkFyZWEiIFZhbHVlPSJ7eyRISURERU4xLmN0bDAwJGN0bDAwJGN0bDAwJENvbnRlbnRQbGFjZUhvbGRlckRlZmF1bHQkVG9wTG9nZ2VkSW5fMSRoZG5TY3JlZW5BcmVhfX0iIFJlY29yZGVkVmFsdWU9IiIgQ29ycmVsYXRpb25CaW5kaW5nPSIiIFVybEVuY29kZT0iVHJ1ZSIgLz4NCiAgICAgICAgPEZvcm1Qb3N0UGFyYW1ldGVyIE5hbWU9ImN0bDAwJGN0bDAwJGN0bDAwJENvbnRlbnRQbGFjZUhvbGRlckRlZmF1bHQkQ2FydE92ZXJ2aWV3XzMkaGRuRmllbGRTZWxlY3RlZE9yZGVySXRlbUNoZWNrb3V0U3RhdGVzIiBWYWx1ZT0ie3skSElEREVOMS5jdGwwMCRjdGwwMCRjdGwwMCRDb250ZW50UGxhY2VIb2xkZXJEZWZhdWx0JENhcnRPdmVydmlld18zJGhkbkZpZWxkU2VsZWN0ZWRPcmRlckl0ZW1DaGVja291dFN0YXRlc319IiBSZWNvcmRlZFZhbHVlPSIiIENvcnJlbGF0aW9uQmluZGluZz0iIiBVcmxFbmNvZGU9IlRydWUiIC8+DQogICAgICAgIDxGb3JtUG9zdFBhcmFtZXRlciBOYW1lPSJjdGwwMCRjdGwwMCRjdGwwMCRDb250ZW50UGxhY2VIb2xkZXJEZWZhdWx0JENhcnRPdmVydmlld18zJGhkbkZpZWxkQ29tcGxldGVDYXJ0Q2hlY2tvdXRTdGF0ZUVudW1zIiBWYWx1ZT0ie3skSElEREVOMS5jdGwwMCRjdGwwMCRjdGwwMCRDb250ZW50UGxhY2VIb2xkZXJEZWZhdWx0JENhcnRPdmVydmlld18zJGhkbkZpZWxkQ29tcGxldGVDYXJ0Q2hlY2tvdXRTdGF0ZUVudW1zfX0iIFJlY29yZGVkVmFsdWU9IiIgQ29ycmVsYXRpb25CaW5kaW5nPSIiIFVybEVuY29kZT0iVHJ1ZSIgLz4NCiAgICAgICAgPEZvcm1Qb3N0UGFyYW1ldGVyIE5hbWU9ImN0bDAwJGN0bDAwJGN0bDAwJENvbnRlbnRQbGFjZUhvbGRlckRlZmF1bHQkQ2FydE92ZXJ2aWV3XzMkaGRuRmllbGRTZWxlY3RlZEl0ZW1JZHMiIFZhbHVlPSJ7eyRISURERU4xLmN0bDAwJGN0bDAwJGN0bDAwJENvbnRlbnRQbGFjZUhvbGRlckRlZmF1bHQkQ2FydE92ZXJ2aWV3XzMkaGRuRmllbGRTZWxlY3RlZEl0ZW1JZHN9fSIgUmVjb3JkZWRWYWx1ZT0iIiBDb3JyZWxhdGlvbkJpbmRpbmc9IiIgVXJsRW5jb2RlPSJUcnVlIiAvPg0KICAgICAgICA8Rm9ybVBvc3RQYXJhbWV0ZXIgTmFtZT0iY3RsMDAkY3RsMDAkY3RsMDAkQ29udGVudFBsYWNlSG9sZGVyRGVmYXVsdCRDYXJ0T3ZlcnZpZXdfMyRoZG5TY3JlZW5BcmVhIiBWYWx1ZT0ie3skSElEREVOMS5jdGwwMCRjdGwwMCRjdGwwMCRDb250ZW50UGxhY2VIb2xkZXJEZWZhdWx0JENhcnRPdmVydmlld18zJGhkblNjcmVlbkFyZWF9fSIgUmVjb3JkZWRWYWx1ZT0iIiBDb3JyZWxhdGlvbkJpbmRpbmc9IiIgVXJsRW5jb2RlPSJUcnVlIiAvPg0KICAgICAgICA8Rm9ybVBvc3RQYXJhbWV0ZXIgTmFtZT0iY3RsMDAkY3RsMDAkY3RsMDAkQ29udGVudFBsYWNlSG9sZGVyRGVmYXVsdCRNYXN0ZXJQbGFjZWhvbGRlciRIb21lTG9nZ2VkSW5fNiRoZG5TY3JlZW5BcmVhIiBWYWx1ZT0ie3skSElEREVOMS5jdGwwMCRjdGwwMCRjdGwwMCRDb250ZW50UGxhY2VIb2xkZXJEZWZhdWx0JE1hc3RlclBsYWNlaG9sZGVyJEhvbWVMb2dnZWRJbl82JGhkblNjcmVlbkFyZWF9fSIgUmVjb3JkZWRWYWx1ZT0iIiBDb3JyZWxhdGlvbkJpbmRpbmc9IiIgVXJsRW5jb2RlPSJUcnVlIiAvPg0KICAgICAgICA8Rm9ybVBvc3RQYXJhbWV0ZXIgTmFtZT0iY3RsMDAkY3RsMDAkY3RsMDAkQ29udGVudFBsYWNlSG9sZGVyRGVmYXVsdCRNYXN0ZXJQbGFjZWhvbGRlciRDdXN0b21lclN1cHBvcnRfOCRoZG5TY3JlZW5BcmVhIiBWYWx1ZT0ie3skSElEREVOMS5jdGwwMCRjdGwwMCRjdGwwMCRDb250ZW50UGxhY2VIb2xkZXJEZWZhdWx0JE1hc3RlclBsYWNlaG9sZGVyJEN1c3RvbWVyU3VwcG9ydF84JGhkblNjcmVlbkFyZWF9fSIgUmVjb3JkZWRWYWx1ZT0iIiBDb3JyZWxhdGlvbkJpbmRpbmc9IiIgVXJsRW5jb2RlPSJUcnVlIiAvPg0KICAgICAgICA8Rm9ybVBvc3RQYXJhbWV0ZXIgTmFtZT0iY3RsMDAkY3RsMDAkY3RsMDAkQ29udGVudFBsYWNlSG9sZGVyRGVmYXVsdCRoZG5DYW5Jbml0aWFsaXplQ3VsdHVyZSIgVmFsdWU9Int7JEhJRERFTjEuY3RsMDAkY3RsMDAkY3RsMDAkQ29udGVudFBsYWNlSG9sZGVyRGVmYXVsdCRoZG5DYW5Jbml0aWFsaXplQ3VsdHVyZX19IiBSZWNvcmRlZFZhbHVlPSJmYWxzZSIgQ29ycmVsYXRpb25CaW5kaW5nPSIiIFVybEVuY29kZT0iVHJ1ZSIgLz4NCiAgICAgICAgPEZvcm1Qb3N0UGFyYW1ldGVyIE5hbWU9ImN0bDAwJGN0bDAwJGN0bDAwJENvbnRlbnRQbGFjZUhvbGRlckRlZmF1bHQkaGRuRWNvbURyYWdEcm9wSnNvbiIgVmFsdWU9Int7JEhJRERFTjEuY3RsMDAkY3RsMDAkY3RsMDAkQ29udGVudFBsYWNlSG9sZGVyRGVmYXVsdCRoZG5FY29tRHJhZ0Ryb3BKc29ufX0iIFJlY29yZGVkVmFsdWU9IiIgQ29ycmVsYXRpb25CaW5kaW5nPSIiIFVybEVuY29kZT0iVHJ1ZSIgLz4NCiAgICAgICAgPEZvcm1Qb3N0UGFyYW1ldGVyIE5hbWU9ImN0bDAwJGN0bDAwJGN0bDAwJENvbnRlbnRQbGFjZUhvbGRlckRlZmF1bHQkaGRuQ3VycmVudFBhZ2VJZGVudGl0eSIgVmFsdWU9Int7JEhJRERFTjEuY3RsMDAkY3RsMDAkY3RsMDAkQ29udGVudFBsYWNlSG9sZGVyRGVmYXVsdCRoZG5DdXJyZW50UGFnZUlkZW50aXR5fX0iIFJlY29yZGVkVmFsdWU9IjExMjciIENvcnJlbGF0aW9uQmluZGluZz0iIiBVcmxFbmNvZGU9IlRydWUiIC8+DQogICAgICAgIDxGb3JtUG9zdFBhcmFtZXRlciBOYW1lPSJjdGwwMCRjdGwwMCRjdGwwMCRDb250ZW50UGxhY2VIb2xkZXJEZWZhdWx0JGhkblNjcm9sbFlQb3NpdGlvbiIgVmFsdWU9Int7JEhJRERFTjEuY3RsMDAkY3RsMDAkY3RsMDAkQ29udGVudFBsYWNlSG9sZGVyRGVmYXVsdCRoZG5TY3JvbGxZUG9zaXRpb259fSIgUmVjb3JkZWRWYWx1ZT0iMCIgQ29ycmVsYXRpb25CaW5kaW5nPSIiIFVybEVuY29kZT0iVHJ1ZSIgLz4NCiAgICAgICAgPEZvcm1Qb3N0UGFyYW1ldGVyIE5hbWU9Il9fVklFV1NUQVRFR0VORVJBVE9SIiBWYWx1ZT0ie3skSElEREVOMS5fX1ZJRVdTVEFURUdFTkVSQVRPUn19IiBSZWNvcmRlZFZhbHVlPSJDQTBCMDMzNCIgQ29ycmVsYXRpb25CaW5kaW5nPSIiIFVybEVuY29kZT0iVHJ1ZSIgLz4NCiAgICAgIDwvRm9ybVBvc3RIdHRwQm9keT4NCiAgICA8L1JlcXVlc3Q+DQogICAgPENvbW1lbnQgQ29tbWVudFRleHQ9IkNsaWNrX015IE9yZGVycyIgLz4NCiAgICA8UmVxdWVzdCBNZXRob2Q9IkdFVCIgR3VpZD0iMjdjZjU0YzQtMmMyYy00MzkwLTkxNTgtZDM2MjJmMTQ0YTNjIiBWZXJzaW9uPSIxLjEiIFVybD0iaHR0cHM6Ly9tYXBzLmdvb2dsZWFwaXMuY29tL21hcHMvYXBpL2pzL0F1dGhlbnRpY2F0aW9uU2VydmljZS5BdXRoZW50aWNhdGUiIFRoaW5rVGltZT0iMTAiIFRpbWVvdXQ9IjMwMCIgUGFyc2VEZXBlbmRlbnRSZXF1ZXN0cz0iVHJ1ZSIgRm9sbG93UmVkaXJlY3RzPSJUcnVlIiBSZWNvcmRSZXN1bHQ9IlRydWUiIENhY2hlPSJGYWxzZSIgUmVzcG9uc2VUaW1lR29hbD0iMCIgRW5jb2Rpbmc9InV0Zi04IiBFeHBlY3RlZEh0dHBTdGF0dXNDb2RlPSIwIiBFeHBlY3RlZFJlc3BvbnNlVXJsPSIiIFJlcG9ydGluZ05hbWU9IiIgSWdub3JlSHR0cFN0YXR1c0NvZGU9IkZhbHNlIj4NCiAgICAgIDxIZWFkZXJzPg0KICAgICAgICA8SGVhZGVyIE5hbWU9IlJlZmVyZXIiIFZhbHVlPSJodHRwOi8vaW4wMWFwdjExOjgxL2VuL215YWRkcmVzc2VzLmFzcHgiIC8+DQogICAgICA8L0hlYWRlcnM+DQogICAgICA8UXVlcnlTdHJpbmdQYXJhbWV0ZXJzPg0KICAgICAgICA8UXVlcnlTdHJpbmdQYXJhbWV0ZXIgTmFtZT0iIiBWYWx1ZT0iMXNodHRwJTNBJTJGJTJGaW4wMWFwdjExJTNBODElMkZlbiUyRm15YWRkcmVzc2VzLmFzcHgiIFJlY29yZGVkVmFsdWU9IjFzaHR0cCUzQSUyRiUyRmluMDFhcHYxMSUzQTgxJTJGZW4lMkZteWFkZHJlc3Nlcy5hc3B4IiBDb3JyZWxhdGlvbkJpbmRpbmc9IiIgVXJsRW5jb2RlPSJGYWxzZSIgVXNlVG9Hcm91cFJlc3VsdHM9IkZhbHNlIiAvPg0KICAgICAgICA8UXVlcnlTdHJpbmdQYXJhbWV0ZXIgTmFtZT0iY2FsbGJhY2siIFZhbHVlPSJfeGRjXy5fb2FncG96IiBSZWNvcmRlZFZhbHVlPSJfeGRjXy5fb2FncG96IiBDb3JyZWxhdGlvbkJpbmRpbmc9IiIgVXJsRW5jb2RlPSJGYWxzZSIgVXNlVG9Hcm91cFJlc3VsdHM9IkZhbHNlIiAvPg0KICAgICAgICA8UXVlcnlTdHJpbmdQYXJhbWV0ZXIgTmFtZT0idG9rZW4iIFZhbHVlPSI1MDcyOCIgUmVjb3JkZWRWYWx1ZT0iNTA3MjgiIENvcnJlbGF0aW9uQmluZGluZz0iIiBVcmxFbmNvZGU9IkZhbHNlIiBVc2VUb0dyb3VwUmVzdWx0cz0iRmFsc2UiIC8+DQogICAgICA8L1F1ZXJ5U3RyaW5nUGFyYW1ldGVycz4NCiAgICA8L1JlcXVlc3Q+DQogICAgPENvbW1lbnQgQ29tbWVudFRleHQ9IkNsaWNrX015IERhc2hib2FyZCIgLz4NCiAgICA8UmVxdWVzdCBNZXRob2Q9IlBPU1QiIEd1aWQ9ImVjMzM3NjMxLWFmZWUtNDFhYi04NGQ4LTBkZjRhYTg2NDdjNyIgVmVyc2lvbj0iMS4xIiBVcmw9Imh0dHA6Ly9pbjAxYXB2MTE6ODEvZW4vbXlhZGRyZXNzZXMuYXNweCIgVGhpbmtUaW1lPSIwIiBUaW1lb3V0PSIzMDAiIFBhcnNlRGVwZW5kZW50UmVxdWVzdHM9IlRydWUiIEZvbGxvd1JlZGlyZWN0cz0iVHJ1ZSIgUmVjb3JkUmVzdWx0PSJUcnVlIiBDYWNoZT0iRmFsc2UiIFJlc3BvbnNlVGltZUdvYWw9IjAiIEVuY29kaW5nPSJ1dGYtOCIgRXhwZWN0ZWRIdHRwU3RhdHVzQ29kZT0iMCIgRXhwZWN0ZWRSZXNwb25zZVVybD0iaHR0cDovL2luMDFhcHYxMTo4MS9lbi9kYXNoYm9hcmQuYXNweCIgUmVwb3J0aW5nTmFtZT0iIiBJZ25vcmVIdHRwU3RhdHVzQ29kZT0iRmFsc2UiPg0KICAgICAgPERlcGVuZGVudFJlcXVlc3RzPg0KICAgICAgICA8UmVxdWVzdCBNZXRob2Q9IkdFVCIgR3VpZD0iMjY4MjQ2N2UtMDU4OC00NmZlLWI5OTEtOTg1MDhiOTQ4M2JjIiBWZXJzaW9uPSIxLjEiIFVybD0iaHR0cHM6Ly9mb250cy5nb29nbGVhcGlzLmNvbS9jc3MiIFRoaW5rVGltZT0iMCIgVGltZW91dD0iMzAwIiBQYXJzZURlcGVuZGVudFJlcXVlc3RzPSJUcnVlIiBGb2xsb3dSZWRpcmVjdHM9IlRydWUiIFJlY29yZFJlc3VsdD0iVHJ1ZSIgQ2FjaGU9IkZhbHNlIiBSZXNwb25zZVRpbWVHb2FsPSIwIiBFbmNvZGluZz0idXRmLTgiIEV4cGVjdGVkSHR0cFN0YXR1c0NvZGU9IjAiIEV4cGVjdGVkUmVzcG9uc2VVcmw9IiIgUmVwb3J0aW5nTmFtZT0iIiBJZ25vcmVIdHRwU3RhdHVzQ29kZT0iRmFsc2UiPg0KICAgICAgICAgIDxIZWFkZXJzPg0KICAgICAgICAgICAgPEhlYWRlciBOYW1lPSJSZWZlcmVyIiBWYWx1ZT0iaHR0cDovL2luMDFhcHYxMTo4MS9lbi9kYXNoYm9hcmQuYXNweCIgLz4NCiAgICAgICAgICA8L0hlYWRlcnM+DQogICAgICAgICAgPFF1ZXJ5U3RyaW5nUGFyYW1ldGVycz4NCiAgICAgICAgICAgIDxRdWVyeVN0cmluZ1BhcmFtZXRlciBOYW1lPSJmYW1pbHkiIFZhbHVlPSJSb2JvdG86MzAwLDQwMCw1MDAsNzAwP0Vjb21WZXJzaW9uJTNkOC4wLjc4LjIxIiBSZWNvcmRlZFZhbHVlPSJSb2JvdG86MzAwLDQwMCw1MDAsNzAwP0Vjb21WZXJzaW9uJTNkOC4wLjc4LjIxIiBDb3JyZWxhdGlvbkJpbmRpbmc9IiIgVXJsRW5jb2RlPSJGYWxzZSIgVXNlVG9Hcm91cFJlc3VsdHM9IkZhbHNlIiAvPg0KICAgICAgICAgIDwvUXVlcnlTdHJpbmdQYXJhbWV0ZXJzPg0KICAgICAgICA8L1JlcXVlc3Q+DQogICAgICAgIDxSZXF1ZXN0IE1ldGhvZD0iR0VUIiBHdWlkPSJiMDQ1NGZiYi1jYWJhLTQ2YzMtYTA5My04OTAwMTYzOGQxY2MiIFZlcnNpb249IjEuMSIgVXJsPSJodHRwczovL2NzaS5nc3RhdGljLmNvbS9jc2kiIFRoaW5rVGltZT0iNSIgVGltZW91dD0iMzAwIiBQYXJzZURlcGVuZGVudFJlcXVlc3RzPSJUcnVlIiBGb2xsb3dSZWRpcmVjdHM9IlRydWUiIFJlY29yZFJlc3VsdD0iVHJ1ZSIgQ2FjaGU9IkZhbHNlIiBSZXNwb25zZVRpbWVHb2FsPSIwIiBFbmNvZGluZz0idXRmLTgiIEV4cGVjdGVkSHR0cFN0YXR1c0NvZGU9IjAiIEV4cGVjdGVkUmVzcG9uc2VVcmw9IiIgUmVwb3J0aW5nTmFtZT0iIiBJZ25vcmVIdHRwU3RhdHVzQ29kZT0iRmFsc2UiPg0KICAgICAgICAgIDxIZWFkZXJzPg0KICAgICAgICAgICAgPEhlYWRlciBOYW1lPSJSZWZlcmVyIiBWYWx1ZT0iaHR0cDovL2luMDFhcHYxMTo4MS9lbi9kYXNoYm9hcmQuYXNweCIgLz4NCiAgICAgICAgICA8L0hlYWRlcnM+DQogICAgICAgICAgPFF1ZXJ5U3RyaW5nUGFyYW1ldGVycz4NCiAgICAgICAgICAgIDxRdWVyeVN0cmluZ1BhcmFtZXRlciBOYW1lPSJ2IiBWYWx1ZT0iMiIgUmVjb3JkZWRWYWx1ZT0iMiIgQ29ycmVsYXRpb25CaW5kaW5nPSIiIFVybEVuY29kZT0iRmFsc2UiIFVzZVRvR3JvdXBSZXN1bHRzPSJGYWxzZSIgLz4NCiAgICAgICAgICAgIDxRdWVyeVN0cmluZ1BhcmFtZXRlciBOYW1lPSJzIiBWYWx1ZT0ibWFwc2FwaTMiIFJlY29yZGVkVmFsdWU9Im1hcHNhcGkzIiBDb3JyZWxhdGlvbkJpbmRpbmc9IiIgVXJsRW5jb2RlPSJGYWxzZSIgVXNlVG9Hcm91cFJlc3VsdHM9IkZhbHNlIiAvPg0KICAgICAgICAgICAgPFF1ZXJ5U3RyaW5nUGFyYW1ldGVyIE5hbWU9InYzdiIgVmFsdWU9IjI5LjEwIiBSZWNvcmRlZFZhbHVlPSIyOS4xMCIgQ29ycmVsYXRpb25CaW5kaW5nPSIiIFVybEVuY29kZT0iRmFsc2UiIFVzZVRvR3JvdXBSZXN1bHRzPSJGYWxzZSIgLz4NCiAgICAgICAgICAgIDxRdWVyeVN0cmluZ1BhcmFtZXRlciBOYW1lPSJhY3Rpb24iIFZhbHVlPSJhcGlib290MiIgUmVjb3JkZWRWYWx1ZT0iYXBpYm9vdDIiIENvcnJlbGF0aW9uQmluZGluZz0iIiBVcmxFbmNvZGU9IkZhbHNlIiBVc2VUb0dyb3VwUmVzdWx0cz0iRmFsc2UiIC8+DQogICAgICAgICAgICA8UXVlcnlTdHJpbmdQYXJhbWV0ZXIgTmFtZT0iZSIgVmFsdWU9IjEwXzFfMCwxMF8yXzAiIFJlY29yZGVkVmFsdWU9IjEwXzFfMCwxMF8yXzAiIENvcnJlbGF0aW9uQmluZGluZz0iIiBVcmxFbmNvZGU9IkZhbHNlIiBVc2VUb0dyb3VwUmVzdWx0cz0iRmFsc2UiIC8+DQogICAgICAgICAgICA8UXVlcnlTdHJpbmdQYXJhbWV0ZXIgTmFtZT0icnQiIFZhbHVlPSJtYWluLjkiIFJlY29yZGVkVmFsdWU9Im1haW4uOSIgQ29ycmVsYXRpb25CaW5kaW5nPSIiIFVybEVuY29kZT0iRmFsc2UiIFVzZVRvR3JvdXBSZXN1bHRzPSJGYWxzZSIgLz4NCiAgICAgICAgICA8L1F1ZXJ5U3RyaW5nUGFyYW1ldGVycz4NCiAgICAgICAgPC9SZXF1ZXN0Pg0KICAgICAgPC9EZXBlbmRlbnRSZXF1ZXN0cz4NCiAgICAgIDxIZWFkZXJzPg0KICAgICAgICA8SGVhZGVyIE5hbWU9IlJlZmVyZXIiIFZhbHVlPSJodHRwOi8vaW4wMWFwdjExOjgxL2VuL215YWRkcmVzc2VzLmFzcHgiIC8+DQogICAgICA8L0hlYWRlcnM+DQogICAgICA8RXh0cmFjdGlvblJ1bGVzPg0KICAgICAgICA8RXh0cmFjdGlvblJ1bGUgQ2xhc3NuYW1lPSJNaWNyb3NvZnQuVmlzdWFsU3R1ZGlvLlRlc3RUb29scy5XZWJUZXN0aW5nLlJ1bGVzLkV4dHJhY3RIaWRkZW5GaWVsZHMsIE1pY3Jvc29mdC5WaXN1YWxTdHVkaW8uUXVhbGl0eVRvb2xzLldlYlRlc3RGcmFtZXdvcmssIFZlcnNpb249MTAuMC4wLjAsIEN1bHR1cmU9bmV1dHJhbCwgUHVibGljS2V5VG9rZW49YjAzZjVmN2YxMWQ1MGEzYSIgVmFyaWFibGVOYW1lPSIxIiBEaXNwbGF5TmFtZT0iRXh0cmFjdCBIaWRkZW4gRmllbGRzIiBEZXNjcmlwdGlvbj0iRXh0cmFjdCBhbGwgaGlkZGVuIGZpZWxkcyBmcm9tIHRoZSByZXNwb25zZSBhbmQgcGxhY2UgdGhlbSBpbnRvIHRoZSB0ZXN0IGNvbnRleHQuIj4NCiAgICAgICAgICA8UnVsZVBhcmFtZXRlcnM+DQogICAgICAgICAgICA8UnVsZVBhcmFtZXRlciBOYW1lPSJSZXF1aXJlZCIgVmFsdWU9IlRydWUiIC8+DQogICAgICAgICAgICA8UnVsZVBhcmFtZXRlciBOYW1lPSJIdG1sRGVjb2RlIiBWYWx1ZT0iVHJ1ZSIgLz4NCiAgICAgICAgICA8L1J1bGVQYXJhbWV0ZXJzPg0KICAgICAgICA8L0V4dHJhY3Rpb25SdWxlPg0KICAgICAgPC9FeHRyYWN0aW9uUnVsZXM+DQogICAgICA8Q29ycmVsYXRpb25FeHRyYWN0aW9uUnVsZXM+DQogICAgICAgIDxFeHRyYWN0aW9uUnVsZSBDbGFzc25hbWU9Ik1pY3Jvc29mdC5WaXN1YWxTdHVkaW8uVGVzdFRvb2xzLldlYlRlc3RpbmcuUnVsZXMuRXh0cmFjdEZvcm1GaWVsZCwgTWljcm9zb2Z0LlZpc3VhbFN0dWRpby5RdWFsaXR5VG9vbHMuV2ViVGVzdEZyYW1ld29yaywgVmVyc2lvbj0xMC4wLjAuMCwgQ3VsdHVyZT1uZXV0cmFsLCBQdWJsaWNLZXlUb2tlbj1iMDNmNWY3ZjExZDUwYTNhIiBWYXJpYWJsZU5hbWU9IkZvcm1Qb3N0UGFyYW0xLmN0bDAwJGN0bDAwJGN0bDAwJENvbnRlbnRQbGFjZUhvbGRlckRlZmF1bHQkTWFzdGVyUGxhY2Vob2xkZXIkQ2hhbmdlQWRkcmVzc182JHR4dFRpdGxlIiBEaXNwbGF5TmFtZT0iIiBEZXNjcmlwdGlvbj0iIj4NCiAgICAgICAgICA8UnVsZVBhcmFtZXRlcnM+DQogICAgICAgICAgICA8UnVsZVBhcmFtZXRlciBOYW1lPSJOYW1lIiBWYWx1ZT0iQ29udGVudFBsYWNlSG9sZGVyRGVmYXVsdF9NYXN0ZXJQbGFjZWhvbGRlcl9DaGFuZ2VBZGRyZXNzXzZfdHh0VGl0bGUiIC8+DQogICAgICAgICAgICA8UnVsZVBhcmFtZXRlciBOYW1lPSJIdG1sRGVjb2RlIiBWYWx1ZT0iVHJ1ZSIgLz4NCiAgICAgICAgICAgIDxSdWxlUGFyYW1ldGVyIE5hbWU9IlJlcXVpcmVkIiBWYWx1ZT0iRmFsc2UiIC8+DQogICAgICAgICAgICA8UnVsZVBhcmFtZXRlciBOYW1lPSJJbmRleCIgVmFsdWU9IjAiIC8+DQogICAgICAgICAgPC9SdWxlUGFyYW1ldGVycz4NCiAgICAgICAgPC9FeHRyYWN0aW9uUnVsZT4NCiAgICAgICAgPEV4dHJhY3Rpb25SdWxlIENsYXNzbmFtZT0iTWljcm9zb2Z0LlZpc3VhbFN0dWRpby5UZXN0VG9vbHMuV2ViVGVzdGluZy5SdWxlcy5FeHRyYWN0Rm9ybUZpZWxkLCBNaWNyb3NvZnQuVmlzdWFsU3R1ZGlvLlF1YWxpdHlUb29scy5XZWJUZXN0RnJhbWV3b3JrLCBWZXJzaW9uPTEwLjAuMC4wLCBDdWx0dXJlPW5ldXRyYWwsIFB1YmxpY0tleVRva2VuPWIwM2Y1ZjdmMTFkNTBhM2EiIFZhcmlhYmxlTmFtZT0iRm9ybVBvc3RQYXJhbTIuY3RsMDAkY3RsMDAkY3RsMDAkQ29udGVudFBsYWNlSG9sZGVyRGVmYXVsdCRNYXN0ZXJQbGFjZWhvbGRlciRDaGFuZ2VBZGRyZXNzXzYkdHh0Rmlyc3RuYW1lIiBEaXNwbGF5TmFtZT0iIiBEZXNjcmlwdGlvbj0iIj4NCiAgICAgICAgICA8UnVsZVBhcmFtZXRlcnM+DQogICAgICAgICAgICA8UnVsZVBhcmFtZXRlciBOYW1lPSJOYW1lIiBWYWx1ZT0iQ29udGVudFBsYWNlSG9sZGVyRGVmYXVsdF9NYXN0ZXJQbGFjZWhvbGRlcl9DaGFuZ2VBZGRyZXNzXzZfdHh0Rmlyc3RuYW1lIiAvPg0KICAgICAgICAgICAgPFJ1bGVQYXJhbWV0ZXIgTmFtZT0iSHRtbERlY29kZSIgVmFsdWU9IlRydWUiIC8+DQogICAgICAgICAgICA8UnVsZVBhcmFtZXRlciBOYW1lPSJSZXF1aXJlZCIgVmFsdWU9IkZhbHNlIiAvPg0KICAgICAgICAgICAgPFJ1bGVQYXJhbWV0ZXIgTmFtZT0iSW5kZXgiIFZhbHVlPSIwIiAvPg0KICAgICAgICAgIDwvUnVsZVBhcmFtZXRlcnM+DQogICAgICAgIDwvRXh0cmFjdGlvblJ1bGU+DQogICAgICAgIDxFeHRyYWN0aW9uUnVsZSBDbGFzc25hbWU9Ik1pY3Jvc29mdC5WaXN1YWxTdHVkaW8uVGVzdFRvb2xzLldlYlRlc3RpbmcuUnVsZXMuRXh0cmFjdEZvcm1GaWVsZCwgTWljcm9zb2Z0LlZpc3VhbFN0dWRpby5RdWFsaXR5VG9vbHMuV2ViVGVzdEZyYW1ld29yaywgVmVyc2lvbj0xMC4wLjAuMCwgQ3VsdHVyZT1uZXV0cmFsLCBQdWJsaWNLZXlUb2tlbj1iMDNmNWY3ZjExZDUwYTNhIiBWYXJpYWJsZU5hbWU9IkZvcm1Qb3N0UGFyYW0zLmN0bDAwJGN0bDAwJGN0bDAwJENvbnRlbnRQbGFjZUhvbGRlckRlZmF1bHQkTWFzdGVyUGxhY2Vob2xkZXIkQ2hhbmdlQWRkcmVzc182JHR4dExhc3RuYW1lIiBEaXNwbGF5TmFtZT0iIiBEZXNjcmlwdGlvbj0iIj4NCiAgICAgICAgICA8UnVsZVBhcmFtZXRlcnM+DQogICAgICAgICAgICA8UnVsZVBhcmFtZXRlciBOYW1lPSJOYW1lIiBWYWx1ZT0iQ29udGVudFBsYWNlSG9sZGVyRGVmYXVsdF9NYXN0ZXJQbGFjZWhvbGRlcl9DaGFuZ2VBZGRyZXNzXzZfdHh0TGFzdG5hbWUiIC8+DQogICAgICAgICAgICA8UnVsZVBhcmFtZXRlciBOYW1lPSJIdG1sRGVjb2RlIiBWYWx1ZT0iVHJ1ZSIgLz4NCiAgICAgICAgICAgIDxSdWxlUGFyYW1ldGVyIE5hbWU9IlJlcXVpcmVkIiBWYWx1ZT0iRmFsc2UiIC8+DQogICAgICAgICAgICA8UnVsZVBhcmFtZXRlciBOYW1lPSJJbmRleCIgVmFsdWU9IjAiIC8+DQogICAgICAgICAgPC9SdWxlUGFyYW1ldGVycz4NCiAgICAgICAgPC9FeHRyYWN0aW9uUnVsZT4NCiAgICAgICAgPEV4dHJhY3Rpb25SdWxlIENsYXNzbmFtZT0iTWljcm9zb2Z0LlZpc3VhbFN0dWRpby5UZXN0VG9vbHMuV2ViVGVzdGluZy5SdWxlcy5FeHRyYWN0Rm9ybUZpZWxkLCBNaWNyb3NvZnQuVmlzdWFsU3R1ZGlvLlF1YWxpdHlUb29scy5XZWJUZXN0RnJhbWV3b3JrLCBWZXJzaW9uPTEwLjAuMC4wLCBDdWx0dXJlPW5ldXRyYWwsIFB1YmxpY0tleVRva2VuPWIwM2Y1ZjdmMTFkNTBhM2EiIFZhcmlhYmxlTmFtZT0iRm9ybVBvc3RQYXJhbTQuY3RsMDAkY3RsMDAkY3RsMDAkQ29udGVudFBsYWNlSG9sZGVyRGVmYXVsdCRNYXN0ZXJQbGFjZWhvbGRlciRDaGFuZ2VBZGRyZXNzXzYkdHh0Q29tcGFueSIgRGlzcGxheU5hbWU9IiIgRGVzY3JpcHRpb249IiI+DQogICAgICAgICAgPFJ1bGVQYXJhbWV0ZXJzPg0KICAgICAgICAgICAgPFJ1bGVQYXJhbWV0ZXIgTmFtZT0iTmFtZSIgVmFsdWU9IkNvbnRlbnRQbGFjZUhvbGRlckRlZmF1bHRfTWFzdGVyUGxhY2Vob2xkZXJfQ2hhbmdlQWRkcmVzc182X3R4dENvbXBhbnkiIC8+DQogICAgICAgICAgICA8UnVsZVBhcmFtZXRlciBOYW1lPSJIdG1sRGVjb2RlIiBWYWx1ZT0iVHJ1ZSIgLz4NCiAgICAgICAgICAgIDxSdWxlUGFyYW1ldGVyIE5hbWU9IlJlcXVpcmVkIiBWYWx1ZT0iRmFsc2UiIC8+DQogICAgICAgICAgICA8UnVsZVBhcmFtZXRlciBOYW1lPSJJbmRleCIgVmFsdWU9IjAiIC8+DQogICAgICAgICAgPC9SdWxlUGFyYW1ldGVycz4NCiAgICAgICAgPC9FeHRyYWN0aW9uUnVsZT4NCiAgICAgICAgPEV4dHJhY3Rpb25SdWxlIENsYXNzbmFtZT0iTWljcm9zb2Z0LlZpc3VhbFN0dWRpby5UZXN0VG9vbHMuV2ViVGVzdGluZy5SdWxlcy5FeHRyYWN0Rm9ybUZpZWxkLCBNaWNyb3NvZnQuVmlzdWFsU3R1ZGlvLlF1YWxpdHlUb29scy5XZWJUZXN0RnJhbWV3b3JrLCBWZXJzaW9uPTEwLjAuMC4wLCBDdWx0dXJlPW5ldXRyYWwsIFB1YmxpY0tleVRva2VuPWIwM2Y1ZjdmMTFkNTBhM2EiIFZhcmlhYmxlTmFtZT0iRm9ybVBvc3RQYXJhbTUuY3RsMDAkY3RsMDAkY3RsMDAkQ29udGVudFBsYWNlSG9sZGVyRGVmYXVsdCRNYXN0ZXJQbGFjZWhvbGRlciRDaGFuZ2VBZGRyZXNzXzYkdHh0RGVwYXJ0bWVudCIgRGlzcGxheU5hbWU9IiIgRGVzY3JpcHRpb249IiI+DQogICAgICAgICAgPFJ1bGVQYXJhbWV0ZXJzPg0KICAgICAgICAgICAgPFJ1bGVQYXJhbWV0ZXIgTmFtZT0iTmFtZSIgVmFsdWU9IkNvbnRlbnRQbGFjZUhvbGRlckRlZmF1bHRfTWFzdGVyUGxhY2Vob2xkZXJfQ2hhbmdlQWRkcmVzc182X3R4dERlcGFydG1lbnQiIC8+DQogICAgICAgICAgICA8UnVsZVBhcmFtZXRlciBOYW1lPSJIdG1sRGVjb2RlIiBWYWx1ZT0iVHJ1ZSIgLz4NCiAgICAgICAgICAgIDxSdWxlUGFyYW1ldGVyIE5hbWU9IlJlcXVpcmVkIiBWYWx1ZT0iRmFsc2UiIC8+DQogICAgICAgICAgICA8UnVsZVBhcmFtZXRlciBOYW1lPSJJbmRleCIgVmFsdWU9IjAiIC8+DQogICAgICAgICAgPC9SdWxlUGFyYW1ldGVycz4NCiAgICAgICAgPC9FeHRyYWN0aW9uUnVsZT4NCiAgICAgICAgPEV4dHJhY3Rpb25SdWxlIENsYXNzbmFtZT0iTWljcm9zb2Z0LlZpc3VhbFN0dWRpby5UZXN0VG9vbHMuV2ViVGVzdGluZy5SdWxlcy5FeHRyYWN0Rm9ybUZpZWxkLCBNaWNyb3NvZnQuVmlzdWFsU3R1ZGlvLlF1YWxpdHlUb29scy5XZWJUZXN0RnJhbWV3b3JrLCBWZXJzaW9uPTEwLjAuMC4wLCBDdWx0dXJlPW5ldXRyYWwsIFB1YmxpY0tleVRva2VuPWIwM2Y1ZjdmMTFkNTBhM2EiIFZhcmlhYmxlTmFtZT0iRm9ybVBvc3RQYXJhbTYuY3RsMDAkY3RsMDAkY3RsMDAkQ29udGVudFBsYWNlSG9sZGVyRGVmYXVsdCRNYXN0ZXJQbGFjZWhvbGRlciRDaGFuZ2VBZGRyZXNzXzYkdHh0R3JvdXAiIERpc3BsYXlOYW1lPSIiIERlc2NyaXB0aW9uPSIiPg0KICAgICAgICAgIDxSdWxlUGFyYW1ldGVycz4NCiAgICAgICAgICAgIDxSdWxlUGFyYW1ldGVyIE5hbWU9Ik5hbWUiIFZhbHVlPSJDb250ZW50UGxhY2VIb2xkZXJEZWZhdWx0X01hc3RlclBsYWNlaG9sZGVyX0NoYW5nZUFkZHJlc3NfNl90eHRHcm91cCIgLz4NCiAgICAgICAgICAgIDxSdWxlUGFyYW1ldGVyIE5hbWU9Ikh0bWxEZWNvZGUiIFZhbHVlPSJUcnVlIiAvPg0KICAgICAgICAgICAgPFJ1bGVQYXJhbWV0ZXIgTmFtZT0iUmVxdWlyZWQiIFZhbHVlPSJGYWxzZSIgLz4NCiAgICAgICAgICAgIDxSdWxlUGFyYW1ldGVyIE5hbWU9IkluZGV4IiBWYWx1ZT0iMCIgLz4NCiAgICAgICAgICA8L1J1bGVQYXJhbWV0ZXJzPg0KICAgICAgICA8L0V4dHJhY3Rpb25SdWxlPg0KICAgICAgICA8RXh0cmFjdGlvblJ1bGUgQ2xhc3NuYW1lPSJNaWNyb3NvZnQuVmlzdWFsU3R1ZGlvLlRlc3RUb29scy5XZWJUZXN0aW5nLlJ1bGVzLkV4dHJhY3RGb3JtRmllbGQsIE1pY3Jvc29mdC5WaXN1YWxTdHVkaW8uUXVhbGl0eVRvb2xzLldlYlRlc3RGcmFtZXdvcmssIFZlcnNpb249MTAuMC4wLjAsIEN1bHR1cmU9bmV1dHJhbCwgUHVibGljS2V5VG9rZW49YjAzZjVmN2YxMWQ1MGEzYSIgVmFyaWFibGVOYW1lPSJGb3JtUG9zdFBhcmFtNy5jdGwwMCRjdGwwMCRjdGwwMCRDb250ZW50UGxhY2VIb2xkZXJEZWZhdWx0JE1hc3RlclBsYWNlaG9sZGVyJENoYW5nZUFkZHJlc3NfNiR0eHRTdHJlZXQiIERpc3BsYXlOYW1lPSIiIERlc2NyaXB0aW9uPSIiPg0KICAgICAgICAgIDxSdWxlUGFyYW1ldGVycz4NCiAgICAgICAgICAgIDxSdWxlUGFyYW1ldGVyIE5hbWU9Ik5hbWUiIFZhbHVlPSJDb250ZW50UGxhY2VIb2xkZXJEZWZhdWx0X01hc3RlclBsYWNlaG9sZGVyX0NoYW5nZUFkZHJlc3NfNl90eHRTdHJlZXQiIC8+DQogICAgICAgICAgICA8UnVsZVBhcmFtZXRlciBOYW1lPSJIdG1sRGVjb2RlIiBWYWx1ZT0iVHJ1ZSIgLz4NCiAgICAgICAgICAgIDxSdWxlUGFyYW1ldGVyIE5hbWU9IlJlcXVpcmVkIiBWYWx1ZT0iRmFsc2UiIC8+DQogICAgICAgICAgICA8UnVsZVBhcmFtZXRlciBOYW1lPSJJbmRleCIgVmFsdWU9IjAiIC8+DQogICAgICAgICAgPC9SdWxlUGFyYW1ldGVycz4NCiAgICAgICAgPC9FeHRyYWN0aW9uUnVsZT4NCiAgICAgICAgPEV4dHJhY3Rpb25SdWxlIENsYXNzbmFtZT0iTWljcm9zb2Z0LlZpc3VhbFN0dWRpby5UZXN0VG9vbHMuV2ViVGVzdGluZy5SdWxlcy5FeHRyYWN0Rm9ybUZpZWxkLCBNaWNyb3NvZnQuVmlzdWFsU3R1ZGlvLlF1YWxpdHlUb29scy5XZWJUZXN0RnJhbWV3b3JrLCBWZXJzaW9uPTEwLjAuMC4wLCBDdWx0dXJlPW5ldXRyYWwsIFB1YmxpY0tleVRva2VuPWIwM2Y1ZjdmMTFkNTBhM2EiIFZhcmlhYmxlTmFtZT0iRm9ybVBvc3RQYXJhbTguY3RsMDAkY3RsMDAkY3RsMDAkQ29udGVudFBsYWNlSG9sZGVyRGVmYXVsdCRNYXN0ZXJQbGFjZWhvbGRlciRDaGFuZ2VBZGRyZXNzXzYkdHh0U3RyZWV0MiIgRGlzcGxheU5hbWU9IiIgRGVzY3JpcHRpb249IiI+DQogICAgICAgICAgPFJ1bGVQYXJhbWV0ZXJzPg0KICAgICAgICAgICAgPFJ1bGVQYXJhbWV0ZXIgTmFtZT0iTmFtZSIgVmFsdWU9IkNvbnRlbnRQbGFjZUhvbGRlckRlZmF1bHRfTWFzdGVyUGxhY2Vob2xkZXJfQ2hhbmdlQWRkcmVzc182X3R4dFN0cmVldDIiIC8+DQogICAgICAgICAgICA8UnVsZVBhcmFtZXRlciBOYW1lPSJIdG1sRGVjb2RlIiBWYWx1ZT0iVHJ1ZSIgLz4NCiAgICAgICAgICAgIDxSdWxlUGFyYW1ldGVyIE5hbWU9IlJlcXVpcmVkIiBWYWx1ZT0iRmFsc2UiIC8+DQogICAgICAgICAgICA8UnVsZVBhcmFtZXRlciBOYW1lPSJJbmRleCIgVmFsdWU9IjAiIC8+DQogICAgICAgICAgPC9SdWxlUGFyYW1ldGVycz4NCiAgICAgICAgPC9FeHRyYWN0aW9uUnVsZT4NCiAgICAgICAgPEV4dHJhY3Rpb25SdWxlIENsYXNzbmFtZT0iTWljcm9zb2Z0LlZpc3VhbFN0dWRpby5UZXN0VG9vbHMuV2ViVGVzdGluZy5SdWxlcy5FeHRyYWN0Rm9ybUZpZWxkLCBNaWNyb3NvZnQuVmlzdWFsU3R1ZGlvLlF1YWxpdHlUb29scy5XZWJUZXN0RnJhbWV3b3JrLCBWZXJzaW9uPTEwLjAuMC4wLCBDdWx0dXJlPW5ldXRyYWwsIFB1YmxpY0tleVRva2VuPWIwM2Y1ZjdmMTFkNTBhM2EiIFZhcmlhYmxlTmFtZT0iRm9ybVBvc3RQYXJhbTkuY3RsMDAkY3RsMDAkY3RsMDAkQ29udGVudFBsYWNlSG9sZGVyRGVmYXVsdCRNYXN0ZXJQbGFjZWhvbGRlciRDaGFuZ2VBZGRyZXNzXzYkdHh0U3RyZWV0MyIgRGlzcGxheU5hbWU9IiIgRGVzY3JpcHRpb249IiI+DQogICAgICAgICAgPFJ1bGVQYXJhbWV0ZXJzPg0KICAgICAgICAgICAgPFJ1bGVQYXJhbWV0ZXIgTmFtZT0iTmFtZSIgVmFsdWU9IkNvbnRlbnRQbGFjZUhvbGRlckRlZmF1bHRfTWFzdGVyUGxhY2Vob2xkZXJfQ2hhbmdlQWRkcmVzc182X3R4dFN0cmVldDMiIC8+DQogICAgICAgICAgICA8UnVsZVBhcmFtZXRlciBOYW1lPSJIdG1sRGVjb2RlIiBWYWx1ZT0iVHJ1ZSIgLz4NCiAgICAgICAgICAgIDxSdWxlUGFyYW1ldGVyIE5hbWU9IlJlcXVpcmVkIiBWYWx1ZT0iRmFsc2UiIC8+DQogICAgICAgICAgICA8UnVsZVBhcmFtZXRlciBOYW1lPSJJbmRleCIgVmFsdWU9IjAiIC8+DQogICAgICAgICAgPC9SdWxlUGFyYW1ldGVycz4NCiAgICAgICAgPC9FeHRyYWN0aW9uUnVsZT4NCiAgICAgICAgPEV4dHJhY3Rpb25SdWxlIENsYXNzbmFtZT0iTWljcm9zb2Z0LlZpc3VhbFN0dWRpby5UZXN0VG9vbHMuV2ViVGVzdGluZy5SdWxlcy5FeHRyYWN0Rm9ybUZpZWxkLCBNaWNyb3NvZnQuVmlzdWFsU3R1ZGlvLlF1YWxpdHlUb29scy5XZWJUZXN0RnJhbWV3b3JrLCBWZXJzaW9uPTEwLjAuMC4wLCBDdWx0dXJlPW5ldXRyYWwsIFB1YmxpY0tleVRva2VuPWIwM2Y1ZjdmMTFkNTBhM2EiIFZhcmlhYmxlTmFtZT0iRm9ybVBvc3RQYXJhbTEwLmN0bDAwJGN0bDAwJGN0bDAwJENvbnRlbnRQbGFjZUhvbGRlckRlZmF1bHQkTWFzdGVyUGxhY2Vob2xkZXIkQ2hhbmdlQWRkcmVzc182JHR4dENpdHkiIERpc3BsYXlOYW1lPSIiIERlc2NyaXB0aW9uPSIiPg0KICAgICAgICAgIDxSdWxlUGFyYW1ldGVycz4NCiAgICAgICAgICAgIDxSdWxlUGFyYW1ldGVyIE5hbWU9Ik5hbWUiIFZhbHVlPSJDb250ZW50UGxhY2VIb2xkZXJEZWZhdWx0X01hc3RlclBsYWNlaG9sZGVyX0NoYW5nZUFkZHJlc3NfNl90eHRDaXR5IiAvPg0KICAgICAgICAgICAgPFJ1bGVQYXJhbWV0ZXIgTmFtZT0iSHRtbERlY29kZSIgVmFsdWU9IlRydWUiIC8+DQogICAgICAgICAgICA8UnVsZVBhcmFtZXRlciBOYW1lPSJSZXF1aXJlZCIgVmFsdWU9IkZhbHNlIiAvPg0KICAgICAgICAgICAgPFJ1bGVQYXJhbWV0ZXIgTmFtZT0iSW5kZXgiIFZhbHVlPSIwIiAvPg0KICAgICAgICAgIDwvUnVsZVBhcmFtZXRlcnM+DQogICAgICAgIDwvRXh0cmFjdGlvblJ1bGU+DQogICAgICAgIDxFeHRyYWN0aW9uUnVsZSBDbGFzc25hbWU9Ik1pY3Jvc29mdC5WaXN1YWxTdHVkaW8uVGVzdFRvb2xzLldlYlRlc3RpbmcuUnVsZXMuRXh0cmFjdEZvcm1GaWVsZCwgTWljcm9zb2Z0LlZpc3VhbFN0dWRpby5RdWFsaXR5VG9vbHMuV2ViVGVzdEZyYW1ld29yaywgVmVyc2lvbj0xMC4wLjAuMCwgQ3VsdHVyZT1uZXV0cmFsLCBQdWJsaWNLZXlUb2tlbj1iMDNmNWY3ZjExZDUwYTNhIiBWYXJpYWJsZU5hbWU9IkZvcm1Qb3N0UGFyYW0xMS5jdGwwMCRjdGwwMCRjdGwwMCRDb250ZW50UGxhY2VIb2xkZXJEZWZhdWx0JE1hc3RlclBsYWNlaG9sZGVyJENoYW5nZUFkZHJlc3NfNiR0eHRQb3N0YWxDb2RlIiBEaXNwbGF5TmFtZT0iIiBEZXNjcmlwdGlvbj0iIj4NCiAgICAgICAgICA8UnVsZVBhcmFtZXRlcnM+DQogICAgICAgICAgICA8UnVsZVBhcmFtZXRlciBOYW1lPSJOYW1lIiBWYWx1ZT0iQ29udGVudFBsYWNlSG9sZGVyRGVmYXVsdF9NYXN0ZXJQbGFjZWhvbGRlcl9DaGFuZ2VBZGRyZXNzXzZfdHh0UG9zdGFsQ29kZSIgLz4NCiAgICAgICAgICAgIDxSdWxlUGFyYW1ldGVyIE5hbWU9Ikh0bWxEZWNvZGUiIFZhbHVlPSJUcnVlIiAvPg0KICAgICAgICAgICAgPFJ1bGVQYXJhbWV0ZXIgTmFtZT0iUmVxdWlyZWQiIFZhbHVlPSJGYWxzZSIgLz4NCiAgICAgICAgICAgIDxSdWxlUGFyYW1ldGVyIE5hbWU9IkluZGV4IiBWYWx1ZT0iMCIgLz4NCiAgICAgICAgICA8L1J1bGVQYXJhbWV0ZXJzPg0KICAgICAgICA8L0V4dHJhY3Rpb25SdWxlPg0KICAgICAgICA8RXh0cmFjdGlvblJ1bGUgQ2xhc3NuYW1lPSJNaWNyb3NvZnQuVmlzdWFsU3R1ZGlvLlRlc3RUb29scy5XZWJUZXN0aW5nLlJ1bGVzLkV4dHJhY3RGb3JtRmllbGQsIE1pY3Jvc29mdC5WaXN1YWxTdHVkaW8uUXVhbGl0eVRvb2xzLldlYlRlc3RGcmFtZXdvcmssIFZlcnNpb249MTAuMC4wLjAsIEN1bHR1cmU9bmV1dHJhbCwgUHVibGljS2V5VG9rZW49YjAzZjVmN2YxMWQ1MGEzYSIgVmFyaWFibGVOYW1lPSJGb3JtUG9zdFBhcmFtMTIuY3RsMDAkY3RsMDAkY3RsMDAkQ29udGVudFBsYWNlSG9sZGVyRGVmYXVsdCRNYXN0ZXJQbGFjZWhvbGRlciRDaGFuZ2VBZGRyZXNzXzYkdHh0RW1haWwiIERpc3BsYXlOYW1lPSIiIERlc2NyaXB0aW9uPSIiPg0KICAgICAgICAgIDxSdWxlUGFyYW1ldGVycz4NCiAgICAgICAgICAgIDxSdWxlUGFyYW1ldGVyIE5hbWU9Ik5hbWUiIFZhbHVlPSJDb250ZW50UGxhY2VIb2xkZXJEZWZhdWx0X01hc3RlclBsYWNlaG9sZGVyX0NoYW5nZUFkZHJlc3NfNl90eHRFbWFpbCIgLz4NCiAgICAgICAgICAgIDxSdWxlUGFyYW1ldGVyIE5hbWU9Ikh0bWxEZWNvZGUiIFZhbHVlPSJUcnVlIiAvPg0KICAgICAgICAgICAgPFJ1bGVQYXJhbWV0ZXIgTmFtZT0iUmVxdWlyZWQiIFZhbHVlPSJGYWxzZSIgLz4NCiAgICAgICAgICAgIDxSdWxlUGFyYW1ldGVyIE5hbWU9IkluZGV4IiBWYWx1ZT0iMCIgLz4NCiAgICAgICAgICA8L1J1bGVQYXJhbWV0ZXJzPg0KICAgICAgICA8L0V4dHJhY3Rpb25SdWxlPg0KICAgICAgICA8RXh0cmFjdGlvblJ1bGUgQ2xhc3NuYW1lPSJNaWNyb3NvZnQuVmlzdWFsU3R1ZGlvLlRlc3RUb29scy5XZWJUZXN0aW5nLlJ1bGVzLkV4dHJhY3RGb3JtRmllbGQsIE1pY3Jvc29mdC5WaXN1YWxTdHVkaW8uUXVhbGl0eVRvb2xzLldlYlRlc3RGcmFtZXdvcmssIFZlcnNpb249MTAuMC4wLjAsIEN1bHR1cmU9bmV1dHJhbCwgUHVibGljS2V5VG9rZW49YjAzZjVmN2YxMWQ1MGEzYSIgVmFyaWFibGVOYW1lPSJGb3JtUG9zdFBhcmFtMTMuY3RsMDAkY3RsMDAkY3RsMDAkQ29udGVudFBsYWNlSG9sZGVyRGVmYXVsdCRNYXN0ZXJQbGFjZWhvbGRlciRDaGFuZ2VBZGRyZXNzXzYkdHh0VGVsZXBob25lIiBEaXNwbGF5TmFtZT0iIiBEZXNjcmlwdGlvbj0iIj4NCiAgICAgICAgICA8UnVsZVBhcmFtZXRlcnM+DQogICAgICAgICAgICA8UnVsZVBhcmFtZXRlciBOYW1lPSJOYW1lIiBWYWx1ZT0iQ29udGVudFBsYWNlSG9sZGVyRGVmYXVsdF9NYXN0ZXJQbGFjZWhvbGRlcl9DaGFuZ2VBZGRyZXNzXzZfdHh0VGVsZXBob25lIiAvPg0KICAgICAgICAgICAgPFJ1bGVQYXJhbWV0ZXIgTmFtZT0iSHRtbERlY29kZSIgVmFsdWU9IlRydWUiIC8+DQogICAgICAgICAgICA8UnVsZVBhcmFtZXRlciBOYW1lPSJSZXF1aXJlZCIgVmFsdWU9IkZhbHNlIiAvPg0KICAgICAgICAgICAgPFJ1bGVQYXJhbWV0ZXIgTmFtZT0iSW5kZXgiIFZhbHVlPSIwIiAvPg0KICAgICAgICAgIDwvUnVsZVBhcmFtZXRlcnM+DQogICAgICAgIDwvRXh0cmFjdGlvblJ1bGU+DQogICAgICAgIDxFeHRyYWN0aW9uUnVsZSBDbGFzc25hbWU9Ik1pY3Jvc29mdC5WaXN1YWxTdHVkaW8uVGVzdFRvb2xzLldlYlRlc3RpbmcuUnVsZXMuRXh0cmFjdEZvcm1GaWVsZCwgTWljcm9zb2Z0LlZpc3VhbFN0dWRpby5RdWFsaXR5VG9vbHMuV2ViVGVzdEZyYW1ld29yaywgVmVyc2lvbj0xMC4wLjAuMCwgQ3VsdHVyZT1uZXV0cmFsLCBQdWJsaWNLZXlUb2tlbj1iMDNmNWY3ZjExZDUwYTNhIiBWYXJpYWJsZU5hbWU9IkZvcm1Qb3N0UGFyYW0xNC5jdGwwMCRjdGwwMCRjdGwwMCRDb250ZW50UGxhY2VIb2xkZXJEZWZhdWx0JE1hc3RlclBsYWNlaG9sZGVyJENoYW5nZUFkZHJlc3NfNiR0eHRNb2JpbGUiIERpc3BsYXlOYW1lPSIiIERlc2NyaXB0aW9uPSIiPg0KICAgICAgICAgIDxSdWxlUGFyYW1ldGVycz4NCiAgICAgICAgICAgIDxSdWxlUGFyYW1ldGVyIE5hbWU9Ik5hbWUiIFZhbHVlPSJDb250ZW50UGxhY2VIb2xkZXJEZWZhdWx0X01hc3RlclBsYWNlaG9sZGVyX0NoYW5nZUFkZHJlc3NfNl90eHRNb2JpbGUiIC8+DQogICAgICAgICAgICA8UnVsZVBhcmFtZXRlciBOYW1lPSJIdG1sRGVjb2RlIiBWYWx1ZT0iVHJ1ZSIgLz4NCiAgICAgICAgICAgIDxSdWxlUGFyYW1ldGVyIE5hbWU9IlJlcXVpcmVkIiBWYWx1ZT0iRmFsc2UiIC8+DQogICAgICAgICAgICA8UnVsZVBhcmFtZXRlciBOYW1lPSJJbmRleCIgVmFsdWU9IjAiIC8+DQogICAgICAgICAgPC9SdWxlUGFyYW1ldGVycz4NCiAgICAgICAgPC9FeHRyYWN0aW9uUnVsZT4NCiAgICAgICAgPEV4dHJhY3Rpb25SdWxlIENsYXNzbmFtZT0iTWljcm9zb2Z0LlZpc3VhbFN0dWRpby5UZXN0VG9vbHMuV2ViVGVzdGluZy5SdWxlcy5FeHRyYWN0Rm9ybUZpZWxkLCBNaWNyb3NvZnQuVmlzdWFsU3R1ZGlvLlF1YWxpdHlUb29scy5XZWJUZXN0RnJhbWV3b3JrLCBWZXJzaW9uPTEwLjAuMC4wLCBDdWx0dXJlPW5ldXRyYWwsIFB1YmxpY0tleVRva2VuPWIwM2Y1ZjdmMTFkNTBhM2EiIFZhcmlhYmxlTmFtZT0iRm9ybVBvc3RQYXJhbTE1LmN0bDAwJGN0bDAwJGN0bDAwJENvbnRlbnRQbGFjZUhvbGRlckRlZmF1bHQkTWFzdGVyUGxhY2Vob2xkZXIkQ2hhbmdlQWRkcmVzc182JHR4dEZheCIgRGlzcGxheU5hbWU9IiIgRGVzY3JpcHRpb249IiI+DQogICAgICAgICAgPFJ1bGVQYXJhbWV0ZXJzPg0KICAgICAgICAgICAgPFJ1bGVQYXJhbWV0ZXIgTmFtZT0iTmFtZSIgVmFsdWU9IkNvbnRlbnRQbGFjZUhvbGRlckRlZmF1bHRfTWFzdGVyUGxhY2Vob2xkZXJfQ2hhbmdlQWRkcmVzc182X3R4dEZheCIgLz4NCiAgICAgICAgICAgIDxSdWxlUGFyYW1ldGVyIE5hbWU9Ikh0bWxEZWNvZGUiIFZhbHVlPSJUcnVlIiAvPg0KICAgICAgICAgICAgPFJ1bGVQYXJhbWV0ZXIgTmFtZT0iUmVxdWlyZWQiIFZhbHVlPSJGYWxzZSIgLz4NCiAgICAgICAgICAgIDxSdWxlUGFyYW1ldGVyIE5hbWU9IkluZGV4IiBWYWx1ZT0iMCIgLz4NCiAgICAgICAgICA8L1J1bGVQYXJhbWV0ZXJzPg0KICAgICAgICA8L0V4dHJhY3Rpb25SdWxlPg0KICAgICAgICA8RXh0cmFjdGlvblJ1bGUgQ2xhc3NuYW1lPSJNaWNyb3NvZnQuVmlzdWFsU3R1ZGlvLlRlc3RUb29scy5XZWJUZXN0aW5nLlJ1bGVzLkV4dHJhY3RGb3JtRmllbGQsIE1pY3Jvc29mdC5WaXN1YWxTdHVkaW8uUXVhbGl0eVRvb2xzLldlYlRlc3RGcmFtZXdvcmssIFZlcnNpb249MTAuMC4wLjAsIEN1bHR1cmU9bmV1dHJhbCwgUHVibGljS2V5VG9rZW49YjAzZjVmN2YxMWQ1MGEzYSIgVmFyaWFibGVOYW1lPSJGb3JtUG9zdFBhcmFtMTYuY3RsMDAkY3RsMDAkY3RsMDAkQ29udGVudFBsYWNlSG9sZGVyRGVmYXVsdCRNYXN0ZXJQbGFjZWhvbGRlciR1Y015QWNjb3VudFNldHRpbmdzXzckdHh0V2VibG9naW5WYWx1ZSIgRGlzcGxheU5hbWU9IiIgRGVzY3JpcHRpb249IiI+DQogICAgICAgICAgPFJ1bGVQYXJhbWV0ZXJzPg0KICAgICAgICAgICAgPFJ1bGVQYXJhbWV0ZXIgTmFtZT0iTmFtZSIgVmFsdWU9IkNvbnRlbnRQbGFjZUhvbGRlckRlZmF1bHRfTWFzdGVyUGxhY2Vob2xkZXJfdWNNeUFjY291bnRTZXR0aW5nc183X3R4dFdlYmxvZ2luVmFsdWUiIC8+DQogICAgICAgICAgICA8UnVsZVBhcmFtZXRlciBOYW1lPSJIdG1sRGVjb2RlIiBWYWx1ZT0iVHJ1ZSIgLz4NCiAgICAgICAgICAgIDxSdWxlUGFyYW1ldGVyIE5hbWU9IlJlcXVpcmVkIiBWYWx1ZT0iRmFsc2UiIC8+DQogICAgICAgICAgICA8UnVsZVBhcmFtZXRlciBOYW1lPSJJbmRleCIgVmFsdWU9IjAiIC8+DQogICAgICAgICAgPC9SdWxlUGFyYW1ldGVycz4NCiAgICAgICAgPC9FeHRyYWN0aW9uUnVsZT4NCiAgICAgICAgPEV4dHJhY3Rpb25SdWxlIENsYXNzbmFtZT0iTWljcm9zb2Z0LlZpc3VhbFN0dWRpby5UZXN0VG9vbHMuV2ViVGVzdGluZy5SdWxlcy5FeHRyYWN0VGV4dCwgTWljcm9zb2Z0LlZpc3VhbFN0dWRpby5RdWFsaXR5VG9vbHMuV2ViVGVzdEZyYW1ld29yaywgVmVyc2lvbj0xMC4wLjAuMCwgQ3VsdHVyZT1uZXV0cmFsLCBQdWJsaWNLZXlUb2tlbj1iMDNmNWY3ZjExZDUwYTNhIiBWYXJpYWJsZU5hbWU9IkZvcm1Qb3N0UGFyYW0xNy5jdGwwMCRjdGwwMCRjdGwwMCRDb250ZW50UGxhY2VIb2xkZXJEZWZhdWx0JE1hc3RlclBsYWNlaG9sZGVyJENoYW5nZUFkZHJlc3NfNiRkZGxDb3VudHJ5IiBEaXNwbGF5TmFtZT0iIiBEZXNjcmlwdGlvbj0iIj4NCiAgICAgICAgICA8UnVsZVBhcmFtZXRlcnM+DQogICAgICAgICAgICA8UnVsZVBhcmFtZXRlciBOYW1lPSJTdGFydHNXaXRoIiBWYWx1ZT0ibHVlPSZxdW90OyIgLz4NCiAgICAgICAgICAgIDxSdWxlUGFyYW1ldGVyIE5hbWU9IkVuZHNXaXRoIiBWYWx1ZT0iJnF1b3Q7Jmd0O0luZCIgLz4NCiAgICAgICAgICAgIDxSdWxlUGFyYW1ldGVyIE5hbWU9IkluZGV4IiBWYWx1ZT0iMTE4IiAvPg0KICAgICAgICAgICAgPFJ1bGVQYXJhbWV0ZXIgTmFtZT0iSWdub3JlQ2FzZSIgVmFsdWU9IkZhbHNlIiAvPg0KICAgICAgICAgICAgPFJ1bGVQYXJhbWV0ZXIgTmFtZT0iVXNlUmVndWxhckV4cHJlc3Npb24iIFZhbHVlPSJGYWxzZSIgLz4NCiAgICAgICAgICAgIDxSdWxlUGFyYW1ldGVyIE5hbWU9Ikh0bWxEZWNvZGUiIFZhbHVlPSJUcnVlIiAvPg0KICAgICAgICAgICAgPFJ1bGVQYXJhbWV0ZXIgTmFtZT0iUmVxdWlyZWQiIFZhbHVlPSJGYWxzZSIgLz4NCiAgICAgICAgICA8L1J1bGVQYXJhbWV0ZXJzPg0KICAgICAgICA8L0V4dHJhY3Rpb25SdWxlPg0KICAgICAgICA8RXh0cmFjdGlvblJ1bGUgQ2xhc3NuYW1lPSJNaWNyb3NvZnQuVmlzdWFsU3R1ZGlvLlRlc3RUb29scy5XZWJUZXN0aW5nLlJ1bGVzLkV4dHJhY3RUZXh0LCBNaWNyb3NvZnQuVmlzdWFsU3R1ZGlvLlF1YWxpdHlUb29scy5XZWJUZXN0RnJhbWV3b3JrLCBWZXJzaW9uPTEwLjAuMC4wLCBDdWx0dXJlPW5ldXRyYWwsIFB1YmxpY0tleVRva2VuPWIwM2Y1ZjdmMTFkNTBhM2EiIFZhcmlhYmxlTmFtZT0iRm9ybVBvc3RQYXJhbTE4LmN0bDAwJGN0bDAwJGN0bDAwJENvbnRlbnRQbGFjZUhvbGRlckRlZmF1bHQkTWFzdGVyUGxhY2Vob2xkZXIkQ2hhbmdlQWRkcmVzc182JGRkbFN0YXRlIiBEaXNwbGF5TmFtZT0iIiBEZXNjcmlwdGlvbj0iIj4NCiAgICAgICAgICA8UnVsZVBhcmFtZXRlcnM+DQogICAgICAgICAgICA8UnVsZVBhcmFtZXRlciBOYW1lPSJTdGFydHNXaXRoIiBWYWx1ZT0ibHVlPSZxdW90OyIgLz4NCiAgICAgICAgICAgIDxSdWxlUGFyYW1ldGVyIE5hbWU9IkVuZHNXaXRoIiBWYWx1ZT0iJnF1b3Q7IC8mZ3Q7JiN4RDsiIC8+DQogICAgICAgICAgICA8UnVsZVBhcmFtZXRlciBOYW1lPSJJbmRleCIgVmFsdWU9IjMiIC8+DQogICAgICAgICAgICA8UnVsZVBhcmFtZXRlciBOYW1lPSJJZ25vcmVDYXNlIiBWYWx1ZT0iRmFsc2UiIC8+DQogICAgICAgICAgICA8UnVsZVBhcmFtZXRlciBOYW1lPSJVc2VSZWd1bGFyRXhwcmVzc2lvbiIgVmFsdWU9IkZhbHNlIiAvPg0KICAgICAgICAgICAgPFJ1bGVQYXJhbWV0ZXIgTmFtZT0iSHRtbERlY29kZSIgVmFsdWU9IlRydWUiIC8+DQogICAgICAgICAgICA8UnVsZVBhcmFtZXRlciBOYW1lPSJSZXF1aXJlZCIgVmFsdWU9IkZhbHNlIiAvPg0KICAgICAgICAgIDwvUnVsZVBhcmFtZXRlcnM+DQogICAgICAgIDwvRXh0cmFjdGlvblJ1bGU+DQogICAgICAgIDxFeHRyYWN0aW9uUnVsZSBDbGFzc25hbWU9Ik1pY3Jvc29mdC5WaXN1YWxTdHVkaW8uVGVzdFRvb2xzLldlYlRlc3RpbmcuUnVsZXMuRXh0cmFjdFRleHQsIE1pY3Jvc29mdC5WaXN1YWxTdHVkaW8uUXVhbGl0eVRvb2xzLldlYlRlc3RGcmFtZXdvcmssIFZlcnNpb249MTAuMC4wLjAsIEN1bHR1cmU9bmV1dHJhbCwgUHVibGljS2V5VG9rZW49YjAzZjVmN2YxMWQ1MGEzYSIgVmFyaWFibGVOYW1lPSJGb3JtUG9zdFBhcmFtMTkuY3RsMDAkY3RsMDAkY3RsMDAkQ29udGVudFBsYWNlSG9sZGVyRGVmYXVsdCRNYXN0ZXJQbGFjZWhvbGRlciRDaGFuZ2VBZGRyZXNzXzYkZGRsVGltZXpvbmUiIERpc3BsYXlOYW1lPSIiIERlc2NyaXB0aW9uPSIiPg0KICAgICAgICAgIDxSdWxlUGFyYW1ldGVycz4NCiAgICAgICAgICAgIDxSdWxlUGFyYW1ldGVyIE5hbWU9IlN0YXJ0c1dpdGgiIFZhbHVlPSJsdWU9JnF1b3Q7IiAvPg0KICAgICAgICAgICAgPFJ1bGVQYXJhbWV0ZXIgTmFtZT0iRW5kc1dpdGgiIFZhbHVlPSImcXVvdDsmZ3Q7KFVUIiAvPg0KICAgICAgICAgICAgPFJ1bGVQYXJhbWV0ZXIgTmFtZT0iSW5kZXgiIFZhbHVlPSIzOTMiIC8+DQogICAgICAgICAgICA8UnVsZVBhcmFtZXRlciBOYW1lPSJJZ25vcmVDYXNlIiBWYWx1ZT0iRmFsc2UiIC8+DQogICAgICAgICAgICA8UnVsZVBhcmFtZXRlciBOYW1lPSJVc2VSZWd1bGFyRXhwcmVzc2lvbiIgVmFsdWU9IkZhbHNlIiAvPg0KICAgICAgICAgICAgPFJ1bGVQYXJhbWV0ZXIgTmFtZT0iSHRtbERlY29kZSIgVmFsdWU9IlRydWUiIC8+DQogICAgICAgICAgICA8UnVsZVBhcmFtZXRlciBOYW1lPSJSZXF1aXJlZCIgVmFsdWU9IkZhbHNlIiAvPg0KICAgICAgICAgIDwvUnVsZVBhcmFtZXRlcnM+DQogICAgICAgIDwvRXh0cmFjdGlvblJ1bGU+DQogICAgICA8L0NvcnJlbGF0aW9uRXh0cmFjdGlvblJ1bGVzPg0KICAgICAgPEZvcm1Qb3N0SHR0cEJvZHk+DQogICAgICAgIDxGb3JtUG9zdFBhcmFtZXRlciBOYW1lPSJfX0VWRU5UVEFSR0VUIiBWYWx1ZT0ie3skSElEREVOMS5fX0VWRU5UVEFSR0VUfX0iIFJlY29yZGVkVmFsdWU9ImN0bDAwJGN0bDAwJGN0bDAwJENvbnRlbnRQbGFjZUhvbGRlckRlZmF1bHQkVG9wTG9nZ2VkSW5fMSRsbmJUb3BMb2dnZWRJbk15RGFzaGJvYXJkIiBDb3JyZWxhdGlvbkJpbmRpbmc9IiIgVXJsRW5jb2RlPSJUcnVlIiAvPg0KICAgICAgICA8Rm9ybVBvc3RQYXJhbWV0ZXIgTmFtZT0iX19FVkVOVEFSR1VNRU5UIiBWYWx1ZT0ie3skSElEREVOMS5fX0VWRU5UQVJHVU1FTlR9fSIgUmVjb3JkZWRWYWx1ZT0iIiBDb3JyZWxhdGlvbkJpbmRpbmc9IiIgVXJsRW5jb2RlPSJUcnVlIiAvPg0KICAgICAgICA8Rm9ybVBvc3RQYXJhbWV0ZXIgTmFtZT0iX19WSUVXU1RBVEUiIFZhbHVlPSJ7eyRISURERU4xLl9fVklFV1NUQVRFfX0iIFJlY29yZGVkVmFsdWU9Ii93RVBEd1VFTlRNNE1ROWtGZ0ptRDJRV0FtWVBaQllDWmc5a0ZnSm1EMlFXQWdJRER4WUdIZ1p2Ym14dllXUUZQMmxtS0hSNWNHVnZaaUJQYmtKaFkydENkWFIwYjI1RGJHbGpheUE5UFNBaVpuVnVZM1JwYjI0aUtTQlBia0poWTJ0Q2RYUjBiMjVEYkdsamF5Z3BPeDRLYjI1d1lXZGxjMmh2ZHdWVGFXWWdLR1YyWlc1MExuQmxjbk5wYzNSbFpDQW1KaUIwZVhCbGIyWWdUMjVDWVdOclFuVjBkRzl1UTJ4cFkyc2dQVDBnSW1aMWJtTjBhVzl1SWlrZ1QyNUNZV05yUW5WMGRHOXVRMnhwWTJzb0tUc2VDRzl1ZFc1c2IyRmtaUllDQWdFUVpHUVdDZ0lJRDJRV0FtWVBaQllTQWdJUEZRRlhRMjl1ZEdWdWRGQnNZV05sU0c5c1pHVnlSR1ZtWVhWc2RGOVViM0JNYjJkblpXUkpibDh4WDNCdWJFUnlZV2RoWW14bFYybHVaRzkzUTI5dWRHVnVkRjlKYm14cGJtVk5aWE56WVdkbFEyOXVkR0ZwYm1WeVpBSUREMlFXQWdJQkR3OFdBaDRFVkdWNGRBVUdURzluYjNWMFpHUUNCUThQRmdJZUIxWnBjMmxpYkdWblpCWUNBZ0VQRHhZR0hndE9ZWFpwWjJGMFpWVnliQVVVZmk5aFpHMXBiaTkzWld4amIyMWxMbUZ6Y0hnZkF3VU9RV1J0YVc1cGMzUnlZWFJwYjI0ZkJHZGtaQUlIRHc4V0FoOEVaMlFXQmdJQkR4WUNId01GQlVobGJHeHZaQUlERHhZQ0h3TUZGWEJ1ZEdWemRHWXdNREVnY0c1MFpYTjBiREF3TVdRQ0JROFdBaDRKYVc1dVpYSm9kRzFzQlExQlkyTnZkVzUwSUVsRUlEb2daQUlKRDJRV0NBSUJEeFlDSHdNRkF5b3FLbVFDQXc4UEZnSWZBMlZrWkFJRkR3OFdBaDhEQlJFb1ltVmpiMjFsSUhsdmRYSnpaV3htS1dSa0FnY1BGZ0lmQXdVREtpb3FaQUlORHc4V0FoOEVaMlFXQWdJQkR3OFdCQjhEQlF4TmVTQkVZWE5vWW05aGNtUWZCR2RrWkFJUER3OFdBaDhFWjJRV0FnSUJEdzhXQ0I0SVEzTnpRMnhoYzNNRkRXVm1RMjlzYjNKUGNtRnVaMlVmQXdVSlRYa2dUM0prWlhKekhnUmZJVk5DQWdJZkJHZGtaQUlSRHc4V0FoOEVaMlFXQWdJQkR3OFdCQjhEQlF4TmVTQkJaR1J5WlhOelpYTWZCR2RrWkFJVER3OFdBaDhFWjJRV0FnSUJEdzhXQkI4REJRNU5lU0JRY21WbVpYSmxibU5sY3g4RVoyUmtBZ29QWkJZQ1pnOFBGZ0lmQkdoa0ZnWUNBdzhQRmdJZkJRVWpMMlZ1TDJOb1pXTnJiM1YwTDNOMFpYQXhMbUZ6Y0hnL2JtOWtaVWxrUFRFek1qbGtaQUlGRHc5a0ZnSWVCR2h5WldZRkFTTmtBZ2tQRDJRV0FoNEZkR2wwYkdVRkJVeHZaMmx1RmdnQ0FROFBGZ1lmQXdVR1JXMWhhV3c2SHdjRkZ5QnlaWEYxYVhKbFpFWnBaV3hrUTJoaGNtRmpkR1Z5SHdnQ0FtUmtBZ2tQRHhZR0h3TUZBM3N3ZlI4SEJSY2djbVZ4ZFdseVpXUkdhV1ZzWkVOb1lYSmhZM1JsY2g4SUFnSmtaQUlSRHc4V0FoOEZCUmN2Wlc0dlptOXlaMjkwY0dGemMzZHZjbVF1WVhOd2VHUmtBaE1QRHhZQ0h3VUZJeTlsYmk5amFHVmphMjkxZEM5emRHVndNUzVoYzNCNFAyNXZaR1ZKWkQweE16STVaR1FDREE5a0ZnSm1EMlFXREFJSUR3OFdCQjhIQlExallYSjBMV2xqYjI1R2RXeHNId2dDQW1RV0FnSUJEdzhXQWg4RkJRMHZaVzR2WTJGeWRDNWhjM0I0WkdRQ0NnOFdBaDhEQlFrNElFbDBaVzBvY3lsa0Fnd1BGZ0lmQXdVTU55NDVNellzTURBZzRvS3NaQUlPRHc4V0FoOEVaMlFXQ0FJQkQyUVdBZ0lCRHhZQ0h3TUZFRXhoYzNRZ1lXUmtaV1FnYVhSbGJYTmtBZ01QRmdJZkJnWGJEVHhrYVhZZ1kyeGhjM005SjJ4bFpuUW5QamsyZDJWc2JDQkJaMkZ5SUZCc1lYUmxQQzlrYVhZK1BHUnBkaUJqYkdGemN6MG5jbWxuYUhRblBqeGhJR2h5WldZOUp5TW5JRzl1WTJ4cFkyczlKMU5vYjNkRWFXRnNiMmNvSWp4d1BrUnZJSGx2ZFNCeVpXRnNiSGtnZDJGdWRDQjBieUJrWld4bGRHVWdkR2hwY3lCcGRHVnRLSE1wUHp3dmNENGlMSHNpUkdsaGJHOW5RMnhoYzNNaU9pSWlMQ0pJWldsbmFIUWlPaUpoZFhSdklpd2lUVzlrWVd3aU9uUnlkV1VzSWxCdmMybDBhVzl1SWpvaVkyVnVkR1Z5SWl3aVYybGtkR2dpT2lJek1EQWlMQ0pEYkc5ellXSnNaU0k2ZEhKMVpTd2lWR2wwYkdVaU9pSkVaV3hsZEdVaUxDSkNkWFIwYjI0eFZHVjRkQ0k2SWxsbGN5SXNJa0oxZEhSdmJqSlVaWGgwSWpvaVRtOGlMQ0pDZFhSMGIyNHhRMkZzYkdKaFkyc2lPaUpFWld4bGRHVlBjbVJsY2tsMFpXMGlMQ0pDZFhSMGIyNHlRMkZzYkdKaFkyc2lPbTUxYkd3c0lrSjFkSFJ2YmpGRFlXeHNZbUZqYTFCaGNtRnRaWFJsY25NaU9pSjdYQ0pKWkZ3aU9qTTJNalExTW4waUxDSkNkWFIwYjI0eVEyRnNiR0poWTJ0UVlYSmhiV1YwWlhKeklqcHVkV3hzTENKU1pYTnBlbUZpYkdVaU9tWmhiSE5sTENKRWNtRm5aMkZpYkdVaU9tWmhiSE5sTENKQmRYUnZUM0JsYmlJNlptRnNjMlVzSWtGd2NHVnVaRlJ2SWpvaVltOWtlU0lzSWsxaGVFaGxhV2RvZENJNk5EQXdMQ0pOWVhoWGFXUjBhQ0k2TXpBd0xDSk5hVzVJWldsbmFIUWlPakUxTUN3aVRXbHVWMmxrZEdnaU9qRTFNSDBwT3ljK2VEd3ZZVDQ4TDJScGRqNE5DanhrYVhZZ1kyeGhjM005SjJ4bFpuUW5QamsyZDJWc2JDQkJaMkZ5SUZCc1lYUmxQQzlrYVhZK1BHUnBkaUJqYkdGemN6MG5jbWxuYUhRblBqeGhJR2h5WldZOUp5TW5JRzl1WTJ4cFkyczlKMU5vYjNkRWFXRnNiMmNvSWp4d1BrUnZJSGx2ZFNCeVpXRnNiSGtnZDJGdWRDQjBieUJrWld4bGRHVWdkR2hwY3lCcGRHVnRLSE1wUHp3dmNENGlMSHNpUkdsaGJHOW5RMnhoYzNNaU9pSWlMQ0pJWldsbmFIUWlPaUpoZFhSdklpd2lUVzlrWVd3aU9uUnlkV1VzSWxCdmMybDBhVzl1SWpvaVkyVnVkR1Z5SWl3aVYybGtkR2dpT2lJek1EQWlMQ0pEYkc5ellXSnNaU0k2ZEhKMVpTd2lWR2wwYkdVaU9pSkVaV3hsZEdVaUxDSkNkWFIwYjI0eFZHVjRkQ0k2SWxsbGN5SXNJa0oxZEhSdmJqSlVaWGgwSWpvaVRtOGlMQ0pDZFhSMGIyNHhRMkZzYkdKaFkyc2lPaUpFWld4bGRHVlBjbVJsY2tsMFpXMGlMQ0pDZFhSMGIyNHlRMkZzYkdKaFkyc2lPbTUxYkd3c0lrSjFkSFJ2YmpGRFlXeHNZbUZqYTFCaGNtRnRaWFJsY25NaU9pSjdYQ0pKWkZ3aU9qTTJNalExTUgwaUxDSkNkWFIwYjI0eVEyRnNiR0poWTJ0UVlYSmhiV1YwWlhKeklqcHVkV3hzTENKU1pYTnBlbUZpYkdVaU9tWmhiSE5sTENKRWNtRm5aMkZpYkdVaU9tWmhiSE5sTENKQmRYUnZUM0JsYmlJNlptRnNjMlVzSWtGd2NHVnVaRlJ2SWpvaVltOWtlU0lzSWsxaGVFaGxhV2RvZENJNk5EQXdMQ0pOWVhoWGFXUjBhQ0k2TXpBd0xDSk5hVzVJWldsbmFIUWlPakUxTUN3aVRXbHVWMmxrZEdnaU9qRTFNSDBwT3ljK2VEd3ZZVDQ4TDJScGRqNE5DanhrYVhZZ1kyeGhjM005SjJ4bFpuUW5QamsyZDJWc2JDQkJaMkZ5SUZCc1lYUmxQQzlrYVhZK1BHUnBkaUJqYkdGemN6MG5jbWxuYUhRblBqeGhJR2h5WldZOUp5TW5JRzl1WTJ4cFkyczlKMU5vYjNkRWFXRnNiMmNvSWp4d1BrUnZJSGx2ZFNCeVpXRnNiSGtnZDJGdWRDQjBieUJrWld4bGRHVWdkR2hwY3lCcGRHVnRLSE1wUHp3dmNENGlMSHNpUkdsaGJHOW5RMnhoYzNNaU9pSWlMQ0pJWldsbmFIUWlPaUpoZFhSdklpd2lUVzlrWVd3aU9uUnlkV1VzSWxCdmMybDBhVzl1SWpvaVkyVnVkR1Z5SWl3aVYybGtkR2dpT2lJek1EQWlMQ0pEYkc5ellXSnNaU0k2ZEhKMVpTd2lWR2wwYkdVaU9pSkVaV3hsZEdVaUxDSkNkWFIwYjI0eFZHVjRkQ0k2SWxsbGN5SXNJa0oxZEhSdmJqSlVaWGgwSWpvaVRtOGlMQ0pDZFhSMGIyNHhRMkZzYkdKaFkyc2lPaUpFWld4bGRHVlBjbVJsY2tsMFpXMGlMQ0pDZFhSMGIyNHlRMkZzYkdKaFkyc2lPbTUxYkd3c0lrSjFkSFJ2YmpGRFlXeHNZbUZqYTFCaGNtRnRaWFJsY25NaU9pSjdYQ0pKWkZ3aU9qTTJNalEwT1gwaUxDSkNkWFIwYjI0eVEyRnNiR0poWTJ0UVlYSmhiV1YwWlhKeklqcHVkV3hzTENKU1pYTnBlbUZpYkdVaU9tWmhiSE5sTENKRWNtRm5aMkZpYkdVaU9tWmhiSE5sTENKQmRYUnZUM0JsYmlJNlptRnNjMlVzSWtGd2NHVnVaRlJ2SWpvaVltOWtlU0lzSWsxaGVFaGxhV2RvZENJNk5EQXdMQ0pOWVhoWGFXUjBhQ0k2TXpBd0xDSk5hVzVJWldsbmFIUWlPakUxTUN3aVRXbHVWMmxrZEdnaU9qRTFNSDBwT3ljK2VEd3ZZVDQ4TDJScGRqNE5DbVFDQlE4UEZnUWZCUVVOTDJWdUwyTmhjblF1WVhOd2VCOERCUVJEWVhKMFpHUUNCdzhQRmdZZkF3VUlRMmhsWTJ0dmRYUWVCMFZ1WVdKc1pXUm5Id1JuRmdJZUIwOXVRMnhwWTJzRmx5eHlaWFIxY200Z1ZtRnNhV1JoZEdWSmRHVnRjMVJ2UTJobFkydFBkWFJQY2xGMWIzUmxLSHNpUTJ4dmMyVkNkWFIwYjI1VVpYaDBJam9pUTJ4dmMyVWlMQ0pCYkdWeWRFMWxjM05oWjJWVWFYUnNaU0k2SWtGc1pYSjBJRTFsYzNOaFoyVWlMQ0pEYUdWamEyOTFkRk4wWVhSbFJXNTFiU0k2ZXlKSmJuWmhiR2xrSWpvaVNXNTJZV3hwWkNJc0lsRjFiM1JoWW14bFQyNXNlU0k2SWxGMWIzUmhZbXhsVDI1c2VTSXNJazl5WkdWeVlXSnNaVTl1YkhraU9pSlBjbVJsY21GaWJHVlBibXg1SWl3aVQzSmtaWEpoWW14bFFXNWtVWFZ2ZEdGaWJHVWlPaUpQY21SbGNtRmliR1ZCYm1SUmRXOTBZV0pzWlNJc0lrNXZkRTl5WkdWeVlXSnNaVUZ1WkZGMWIzUmhZbXhsSWpvaVRtOTBUM0prWlhKaFlteGxRVzVrVVhWdmRHRmliR1VpTENKT2IzUlBjbVJsY21GaWJHVkJibVJSZFc5MFlXSnNaVmRwZEdoSmJuWmhiR2xrSWpvaVRtOTBUM0prWlhKaFlteGxRVzVrVVhWdmRHRmliR1ZYYVhSb1NXNTJZV3hwWkNJc0lrWmxkMDl5WkdWeVlXSnNaVTl1YkhraU9pSkdaWGRQY21SbGNtRmliR1ZQYm14NUlpd2lSbVYzVDNKa1pYSmhZbXhsUVc1a1JtVjNVWFZ2ZEdGaWJHVWlPaUpHWlhkUGNtUmxjbUZpYkdWQmJtUkdaWGRSZFc5MFlXSnNaU0lzSWtabGQxRjFiM1JoWW14bFQyNXNlVmRwZEdoSmJuWmhiR2xrSWpvaVJtVjNVWFZ2ZEdGaWJHVlBibXg1VjJsMGFFbHVkbUZzYVdRaUxDSkdaWGRQY21SbGNtRmliR1ZQYm14NVYybDBhRWx1ZG1Gc2FXUWlPaUpHWlhkUGNtUmxjbUZpYkdWUGJteDVWMmwwYUVsdWRtRnNhV1FpTENKR1pYZFBjbVJsY21GaWJHVkJibVJHWlhkUmRXOTBZV0pzWlZkcGRHaEpiblpoYkdsa0lqb2lSbVYzVDNKa1pYSmhZbXhsUVc1a1JtVjNVWFZ2ZEdGaWJHVlhhWFJvU1c1MllXeHBaQ0lzSWtabGQwOXlaR1Z5WVdKc1pVRnVaRUZzYkZGMWIzUmhZbXhsSWpvaVJtVjNUM0prWlhKaFlteGxRVzVrUVd4c1VYVnZkR0ZpYkdVaUxDSkJiR3hQY21SbGNtRmliR1ZCYm1SR1pYZFJkVzkwWVdKc1pTSTZJa0ZzYkU5eVpHVnlZV0pzWlVGdVpFWmxkMUYxYjNSaFlteGxJbjBzSWtsMFpXMVRkR0YwWlVWdWRXMGlPbnNpU1c1MllXeHBaQ0k2SWtsdWRtRnNhV1FpTENKUmRXOTBZV0pzWlU5dWJIa2lPaUpSZFc5MFlXSnNaVTl1YkhraUxDSlBjbVJsY21GaWJHVlBibXg1SWpvaVQzSmtaWEpoWW14bFQyNXNlU0lzSWs5eVpHVnlZV0pzWlVGdVpGRjFiM1JoWW14bElqb2lUM0prWlhKaFlteGxRVzVrVVhWdmRHRmliR1VpTENKT2IzUlBjbVJsY21GaWJHVkJibVJSZFc5MFlXSnNaU0k2SWs1dmRFOXlaR1Z5WVdKc1pVRnVaRkYxYjNSaFlteGxJaXdpVG05MFQzSmtaWEpoWW14bFFXNWtVWFZ2ZEdGaWJHVlhhWFJvU1c1MllXeHBaQ0k2SWs1dmRFOXlaR1Z5WVdKc1pVRnVaRkYxYjNSaFlteGxWMmwwYUVsdWRtRnNhV1FpTENKR1pYZFBjbVJsY21GaWJHVlBibXg1SWpvaVJtVjNUM0prWlhKaFlteGxUMjVzZVNJc0lrWmxkMDl5WkdWeVlXSnNaVUZ1WkVabGQxRjFiM1JoWW14bElqb2lSbVYzVDNKa1pYSmhZbXhsUVc1a1JtVjNVWFZ2ZEdGaWJHVWlMQ0pHWlhkUmRXOTBZV0pzWlU5dWJIbFhhWFJvU1c1MllXeHBaQ0k2SWtabGQxRjFiM1JoWW14bFQyNXNlVmRwZEdoSmJuWmhiR2xrSWl3aVJtVjNUM0prWlhKaFlteGxUMjVzZVZkcGRHaEpiblpoYkdsa0lqb2lSbVYzVDNKa1pYSmhZbXhsVDI1c2VWZHBkR2hKYm5aaGJHbGtJaXdpUm1WM1QzSmtaWEpoWW14bFFXNWtSbVYzVVhWdmRHRmliR1ZYYVhSb1NXNTJZV3hwWkNJNklrWmxkMDl5WkdWeVlXSnNaVUZ1WkVabGQxRjFiM1JoWW14bFYybDBhRWx1ZG1Gc2FXUWlMQ0pHWlhkUGNtUmxjbUZpYkdWQmJtUkJiR3hSZFc5MFlXSnNaU0k2SWtabGQwOXlaR1Z5WVdKc1pVRnVaRUZzYkZGMWIzUmhZbXhsSWl3aVFXeHNUM0prWlhKaFlteGxRVzVrUm1WM1VYVnZkR0ZpYkdVaU9pSkJiR3hQY21SbGNtRmliR1ZCYm1SR1pYZFJkVzkwWVdKc1pTSjlMQ0pvWkc1R2FXVnNaRk5sYkdWamRHVmtUM0prWlhKSmRHVnRRMmhsWTJ0dmRYUlRkR0YwWlhORGJHbGxiblJKWkNJNklrTnZiblJsYm5SUWJHRmpaVWh2YkdSbGNrUmxabUYxYkhSZlEyRnlkRTkyWlhKMmFXVjNYek5mYUdSdVJtbGxiR1JUWld4bFkzUmxaRTl5WkdWeVNYUmxiVU5vWldOcmIzVjBVM1JoZEdWeklpd2lhR1J1Um1sbGJHUlRaV3hsWTNSbFpFbDBaVzFKWkhORGJHbGxiblJKWkNJNklrTnZiblJsYm5SUWJHRmpaVWh2YkdSbGNrUmxabUYxYkhSZlEyRnlkRTkyWlhKMmFXVjNYek5mYUdSdVJtbGxiR1JUWld4bFkzUmxaRWwwWlcxSlpITWlMQ0pQY21SbGNsTmxiR1ZqZEdWa1VISnZaSFZqZEhNaU9qRXNJa052Ym1acGNtMWhkR2x2YmxScGRHeGxVbVZ6YjNWeVkyVWlPaUpEYjI1bWFYSnRZWFJwYjI0aUxDSlFjbTlqWldWa1FuVjBkRzl1VkdWNGRDSTZJbEJ5YjJObFpXUWlMQ0pRY205alpXVmtRblYwZEc5dVEyRnNiR0poWTJzaU9pSldZV3hwWkdGMFpVbDBaVzF6Vkc5RGFHVmphMDkxZEU5eVVYVnZkR1VpTENKSmJuWmhiR2xrU1hSbGJYTlRaV3hsWTNSbFpFWnZja05vWldOcmIzVjBVbVZ6YjNWeVkyVWlPaUpVYUdWeVpTQmhjbVVnYzI5dFpTQnBiblpoYkdsa0lHbDBaVzF6SUdOb2IzTmxiaUJtYjNJZ1kyaGxZMnR2ZFhRaUxDSk9iMDl5WkdWeVlXSnNaVWwwWlcxelUyVnNaV04wWldSR2IzSkRhR1ZqYTI5MWRGSmxjMjkxY21ObElqb2lUbThnZG1Gc2FXUWdiM0prWlhKaFlteGxJR2wwWlcxeklHRnlaU0JqYUc5elpXNGdabTl5SUc5eVpHVnlJSEJ5YjJObGMzTWlMQ0pPYjFGMWIzUmhZbXhsU1hSbGJYTlRaV3hsWTNSbFpFWnZja05vWldOcmIzVjBVbVZ6YjNWeVkyVWlPaUpPYnlCMllXeHBaQ0J4ZFc5MFlXSnNaU0JwZEdWdGN5QmhjbVVnWTJodmMyVnVJR1p2Y2lCeGRXOTBaU0J3Y205alpYTnpJaXdpVDNKa1pYSmhZbXhsUVc1a1RtOXVUM0prWlhKaFlteGxTWFJsYlhOVFpXeGxZM1JsWkVadmNrTm9aV05yYjNWMFVtVnpiM1Z5WTJVaU9pSlpiM1VnWTJGdUlHVnBkR2hsY2lBbmNISnZZMlZsWkNjZ2QybDBhQ0J2Y21SbGNpQndjbTlqWlhOeklHOW1JSFJvWlNCdmNtUmxjbUZpYkdVZ2FYUmxiWE1nYjNJZ1pXUnBkQ0IwYUdVZ2JtOXVMVzl5WkdWeVlXSnNaU0JwZEdWdGN5SXNJbEYxYjNSaFlteGxRVzVrVG05dVVYVnZkR0ZpYkdWSmRHVnRjMU5sYkdWamRHVmtSbTl5UTJobFkydHZkWFJTWlhOdmRYSmpaU0k2SWxsdmRTQmpZVzRnWldsMGFHVnlJQ2R3Y205alpXVmtKeUIzYVhSb0lIRjFiM1JsSUhCeWIyTmxjM01nYjJZZ2RHaGxJSEYxYjNSaFlteGxJR2wwWlcxeklHOXlJR1ZrYVhRZ2RHaGxJRzV2YmkxeGRXOTBZV0pzWlNCcGRHVnRjeUlzSWxGMWIzUmxVMlZzWldOMFpXUlFjbTlrZFdOMGN5STZNaXdpVG05SmRHVnRjMU5sYkdWamRHVmtJam9pVG04Z1NYUmxiWE1nVTJWc1pXTjBaV1F1SUZCc1pXRnpaU0JqYUc5dmMyVWdiMjVsSUNodmNpa2diVzl5WlNCcGRHVnRjeUIwYnlCd1pYSm1iM0p0SUhSb1pTQmhZM1JwYjI0dUlpd2lRMkZ5ZEVGamRHbHZia1JsYkdWMFpWTmxiR1ZqZEdWa1VISnZaSFZqZEhNaU9qVXNJbGRwYzJoTWFYTjBRV04wYVc5dWMwUmxiR1YwWlZObGJHVmpkR1ZrVUhKdlpIVmpkSE1pT2pJc0lrUmxiR1YwWlVOdmJtWnBjbTFoZEdsdmJrMWxjM05oWjJWU1pYTnZkWEpqWlNJNklqeHdQa1J2SUhsdmRTQnlaV0ZzYkhrZ2QyRnVkQ0IwYnlCa1pXeGxkR1VnZEdocGN5QnBkR1Z0S0hNcFB6d3ZjRDRpTENKRVpXeGxkR1ZEYjI1bWFYSnRZWFJwYjI1T2IwSjFkSFJ2YmxKbGMyOTFjbU5sSWpvaVRtOGlMQ0pFWld4bGRHVkRiMjVtYVhKdFlYUnBiMjVaWlhOQ2RYUjBiMjVTWlhOdmRYSmpaU0k2SWxsbGN5SXNJa1JsYkdWMFpVTnZibVpwY20xaGRHbHZia2hsWVdSbGNsUmxlSFJTWlhOdmRYSmpaU0k2SWtSbGJHVjBaU0lzSWtOaGNuUkJZM1JwYjI0aU9qRXNJa05vWldOcmIzVjBRblYwZEc5dVUyTnlhWEIwSWpwdWRXeHNMQ0pEYUdWamEyOTFkRk5sY1hWbGJtTnBibWRCYm1SUWNtbHRaWEpRYjNCMWNFMWxjM05oWjJWSVpXRmtaWElpT2lJaUxDSkRhR1ZqYTI5MWRGTmxjWFZsYm1OcGJtZEJibVJRY21sdFpYSlFiM0IxY0UxbGMzTmhaMlZJWldGa1pYSkpibVp2Y20xaGRHbHZiaUk2SWtsMElHbHpJRzV2ZENCd2IzTnphV0pzWlNCMGJ5QmphR1ZqYTI5MWRDQXZJSEYxYjNSbElITmxjWFZsYm1OcGJtY2djbVZoWTNScGIyNXpJSGRwZEdodmRYUWdjSEpwYldWeWN5QjNhR2xqYUNCaGNtVWdZWE56YjJOcFlYUmxaQ0IwYnlCelpXeGxZM1JsWkNCelpYRjFaVzVqYVc1bklHbDBaVzF6SUdsdUlIUm9hWE1nYjNKa1pYSTZJRHd2WW5JK1BDOWljajRpTENKRGFHVmphMjkxZEZObGNYVmxibU5wYm1kQmJtUlFjbWx0WlhKUWIzQjFjRTFsYzNOaFoyVkdiMjkwWlhKSmJtWnZjbTFoZEdsdmJpSTZJaUlzSWtOb1pXTnJiM1YwVTJWeGRXVnVZMmx1WjBGdVpGQnlhVzFsY2xCdmNIVndUV1Z6YzJGblpVTnNiM05sUW5WMGRHOXVWR1Y0ZENJNklpSXNJa05vWldOcmIzVjBVMlZ4ZFdWdVkybHVaMEZ1WkZCeWFXMWxjbEJ2Y0hWd1JtOXliV0YwVFdWemMyRm5aU0k2SWlJc0lrTm9aV05yYjNWMFVISnBiV1Z5UVd4dmJtVlFiM0IxY0UxbGMzTmhaMlZEYkc5elpVSjFkSFJ2YmxSbGVIUWlPaUlpTENKRGFHVmphMjkxZEZCeWFXMWxja0ZzYjI1bFVHOXdkWEJOWlhOellXZGxJam9pVUhKcGJXVnlJR0ZzYjI1bElHTmhibTV2ZENCaVpTQmphR1ZqYTJWa0lHOTFkQzRnVUd4bFlYTmxJSE5sYkdWamRDQmhkR3hsWVhOMElHOXVaU0JoYzNOdlkybGhkR1ZrSUhObGNYVmxibU5wYm1jZ1NYUmxiUzRpTENKRGFHVmphMjkxZEZCeWFXMWxja0ZzYjI1bFVHOXdkWEJOWlhOellXZGxTR1ZoWkdWeUlqb2lVR3hsWVhObElFNXZkR1VpTENKQ1lYSkRiMlJsVm1Gc2FXUmhkR2x2YmxCdmNIVndRMnh2YzJWQ2RYUjBiMjVVWlhoMElqb2lUMnNpTENKQ1lYSkRiMlJsVm1Gc2FXUmhkR2x2YmxCdmNIVndUV1Z6YzJGblpTSTZJa0poY21OdlpHVWdabTl5SUZObGJHVmpkR1ZrSUVsMFpXMGdhWE1nYVc1MllXeHBaQ0lzSWtKaGNrTnZaR1ZXWVd4cFpHRjBhVzl1VUc5d2RYQk5aWE56WVdkbFNHVmhaR1Z5SWpvaVVHeGxZWE5sSUU1dmRHVWlMQ0pUWVcxbFJHRjVSR1ZzYVhabGNubFdZV3hwWkdGMGFXOXVVRzl3ZFhCSGIwSmhZMnRDZFhSMGIyNVVaWGgwSWpvaVYyRnBkQ0IxYm5ScGJDQmhiR3dnVDNKa1pYSnpJR0Z5WlNCbWFXNXBjMmhsWkNCMGJ5QlRhR2x3SUc5dVkyVWlMQ0pUWVcxbFJHRjVSR1ZzYVhabGNubFdZV3hwWkdGMGFXOXVVRzl3ZFhCRGFHVmphMjkxZEVKMWRIUnZibFJsZUhRaU9pSkRhR1ZqYTI5MWRDQlRZVzFsSUVSaGVTQlBiR2xuYjNNZ1QyNXNlU0lzSWxOaGJXVkVZWGxFWld4cGRtVnllVlpoYkdsa1lYUnBiMjVRYjNCMWNFMWxjM05oWjJWSVpXRmtaWElpT2lKUWJHVmhjMlVnYzJWc1pXTjBJaXdpVTJGdFpVUmhlVVJsYkdsMlpYSjVWbUZzYVdSaGRHbHZibEJ2Y0hWd1RXVnpjMkZuWlVSbGMyTnlhWEIwYVc5dUlqb2lXVzkxY2lCallYSjBJR052Ym5SaGFXNXpJSE5oYldVZ1pHRjVJRzlzYVdkdmN5d2dkMmhwWTJnZ2JtVmxaQ0IwYnlCaVpTQmphR1ZqYTJWa0lHOTFkQ0J6WlhCbGNtRjBaV3g1SUdsdUlHOXlaR1Z5SUhSdklHVnVjM1Z5WlNCMGFHVWdabUZ6ZEdWemRDQmtaV3hwZG1WeWVTNGdWR2hsSUc5MGFHVnlJR2wwWlcxeklIZHBiR3dnWW1VZ2QyRnBkR2x1WnlCcGJpQjViM1Z5SUdOaGNuUWdkMmhsYmlCNWIzVWdjbVYwZFhKdUlHeGhkR1Z5TGlBOGMzQmhiaUJqYkdGemN6MWNJblJ2YjJ4MGFYQmZaR2xoYkc5blhDSWdkR2wwYkdVOVhDSkZlSEJzWVdsdUlHSjFkSFJ2YmlCa1pYTmpjbWx3ZEdsdmJpQm9aWEpsSUc5dWJIbGNJaUErUEM5emNHRnVQaUlzSWxKbGRYTmxaRWwwWlcxelZtRnNhV1JoZEdsdmJsQnZjSFZ3UTJ4dmMyVkNkWFIwYjI1VVpYaDBJam9pVDJzaUxDSlNaWFZ6WldSSmRHVnRjMVpoYkdsa1lYUnBiMjVRYjNCMWNFMWxjM05oWjJVaU9pSlBiM0J6SUNFZ1UyOXRaU0J2Y2lCaGJHd2diMllnYzJWc1pXTjBaV1FnY21WMWMyVmtJR2wwWlcwbmN5QnZjbWxuYVc1aGJDQmpiMjUwWVdsdVpYSnpJR0Z5WlNCbGVIQnBjbVZrTGlCWmIzVnlJR05oY25RZ2QybHNiQ0JpWlNCMWNHUmhkR1ZrSUdGMWRHOXRZWFJwWTJGc2JIa2dZVzVrSUdOaGNuUWdkMmxzYkNCaVpTQnlaV3h2WVdSbFpDNGdSWGh3YVhKbFpDQnBkR1Z0SUU1aGJXVnpJR0Z5WlNBdFBpSXNJbEpsZFhObFpFbDBaVzF6Vm1Gc2FXUmhkR2x2YmxCdmNIVndUV1Z6YzJGblpVaGxZV1JsY2lJNklsQnNaV0Z6WlNCT2IzUmxJaXdpUlhod2FYSmxaRkJ5YVcxbGNsQnZjSFZ3UTJ4dmMyVkNkWFIwYjI1VVpYaDBJam9pVDJzaUxDSkZlSEJwY21Wa1VISnBiV1Z5VUc5d2RYQk5aWE56WVdkbFZHVjRkQ0k2SWxCeWFXMWxjaUJwY3lCbGVIQnBjbVZrSUdadmNpQjBhR1VnYjI1bElHOW1JSFJvWlNCelpXeGxkR1ZrSUhObGNYVmxibU5wYm1jZ2FYUmxiUzRnY0d4bFlYTmxJSE5sYkdWamRDQmhibTkwYUdWeUlIQnlhVzFsY2lCdmNpQnZjbVJsY2lCdVpYY2djSEpwYldWeUxpSXNJa1Y0Y0dseVpXUlFjbWx0WlhKUWIzQjFjRTFsYzNOaFoyVklaV0ZrWlhKVVpYaDBJam9pVUd4bGMyVWdUbTkwWlNJc0lrTmhjblJRWVdkbFZWSk1Jam9pTDJWdUwyTmhjblF1WVhOd2VDSXNJazFwYm1sdGRXMVFiR0YwWlZOaGJYQnNaWE5RWlhKRGFHVmphMjkxZENJNk5EZ3NJbEJzWVhSbFUyRnRjR3hsUTI5MWJuUWlPbTUxYkd3c0lrbHpVMmx1WjJ4bFVHeGhkR1ZYYVhSb1ZtRnNhV1JUWVcxd2JHVkRiM1Z1ZENJNlptRnNjMlVzSWsxcGJsQnNZWFJsVTJGdGNHeGxjMUJ2Y0hWd1JtOXliV0YwVFdWemMyRm5aU0k2SWlJc0lrMXBibEJzWVhSbFUyRnRjR3hsYzFCdmNIVndSbTl5YldGMFRXVnpjMkZuWlVOc2IzTmxRblYwZEc5dVZHVjRkQ0k2SWlJc0lrMXBibEJzWVhSbFUyRnRjR3hsYzFCdmNIVndSbTl5YldGMFRXVnpjMkZuWlVobFlXUmxjaUk2SWlJc0lrMWhlR2x0ZFcxT2RXMWlaWEpQWmxCc1lYUmxjMUJsY2tOb1pXTnJiM1YwSWpvekxDSlFiR0YwWlhORGIzVnVkRVp2Y2tOMWNuSmxiblJQY21SbGNpSTZiblZzYkN3aVRXRjRhVzExYlZCc1lYUmxjMUJsY2tOb1pXTnJiM1YwVUc5d2RYQkdiM0p0WVhSTlpYTnpZV2RsSWpvaVRXRjRhVzExYlNBeklIQnNZWFJsY3lCaGNtVWdaV3hwWjJsaWJHVWdkRzhnWTJobFkydHZkWFFnY0dWeUlHOXlaR1Z5SUdadmNpQndiR0YwWlNCelpYRjFaVzVqYVc1bklHbDBaVzF6TGlCUWJHVmhjMlVnYlc5a2FXWjVJSGx2ZFhJZ2MyVnNaV04wYVc5dUlHRmpZMjl5WkdsdVoyeDVMaUlzSWsxaGVHbHRkVzFRYkdGMFpYTlFaWEpEYUdWamEyOTFkRkJ2Y0hWd1JtOXliV0YwVFdWemMyRm5aVU5zYjNObFFuVjBkRzl1VkdWNGRDSTZJazlySWl3aVRXRjRhVzExYlZCc1lYUmxjMUJsY2tOb1pXTnJiM1YwUm05eWJXRjBUV1Z6YzJGblpVaGxZV1JsY2lJNklsQnNaV0Z6WlNCT2IzUmxJaXdpVUc5emRFSmhZMnRGYkdWdFpXNTBWVzVwY1hWbFNXUWlPaUpqZEd3d01DUmpkR3d3TUNSamRHd3dNQ1JEYjI1MFpXNTBVR3hoWTJWSWIyeGtaWEpFWldaaGRXeDBKRU5oY25SUGRtVnlkbWxsZDE4ekpHeHVhME5vWldOcmIzVjBJaXdpUlhabGJuUkJjbWQxYldWdWRDSTZJaUo5TENCMGFHbHpLVHRrQWhBUER4WUVId1VGRFM5bGJpOWpZWEowTG1GemNIZ2ZBd1VFUTJGeWRHUmtBaElQRHhZQ0h3TUZDRU5vWldOcmIzVjBGZ0lmREFXWExISmxkSFZ5YmlCV1lXeHBaR0YwWlVsMFpXMXpWRzlEYUdWamEwOTFkRTl5VVhWdmRHVW9leUpEYkc5elpVSjFkSFJ2YmxSbGVIUWlPaUpEYkc5elpTSXNJa0ZzWlhKMFRXVnpjMkZuWlZScGRHeGxJam9pUVd4bGNuUWdUV1Z6YzJGblpTSXNJa05vWldOcmIzVjBVM1JoZEdWRmJuVnRJanA3SWtsdWRtRnNhV1FpT2lKSmJuWmhiR2xrSWl3aVVYVnZkR0ZpYkdWUGJteDVJam9pVVhWdmRHRmliR1ZQYm14NUlpd2lUM0prWlhKaFlteGxUMjVzZVNJNklrOXlaR1Z5WVdKc1pVOXViSGtpTENKUGNtUmxjbUZpYkdWQmJtUlJkVzkwWVdKc1pTSTZJazl5WkdWeVlXSnNaVUZ1WkZGMWIzUmhZbXhsSWl3aVRtOTBUM0prWlhKaFlteGxRVzVrVVhWdmRHRmliR1VpT2lKT2IzUlBjbVJsY21GaWJHVkJibVJSZFc5MFlXSnNaU0lzSWs1dmRFOXlaR1Z5WVdKc1pVRnVaRkYxYjNSaFlteGxWMmwwYUVsdWRtRnNhV1FpT2lKT2IzUlBjbVJsY21GaWJHVkJibVJSZFc5MFlXSnNaVmRwZEdoSmJuWmhiR2xrSWl3aVJtVjNUM0prWlhKaFlteGxUMjVzZVNJNklrWmxkMDl5WkdWeVlXSnNaVTl1YkhraUxDSkdaWGRQY21SbGNtRmliR1ZCYm1SR1pYZFJkVzkwWVdKc1pTSTZJa1psZDA5eVpHVnlZV0pzWlVGdVpFWmxkMUYxYjNSaFlteGxJaXdpUm1WM1VYVnZkR0ZpYkdWUGJteDVWMmwwYUVsdWRtRnNhV1FpT2lKR1pYZFJkVzkwWVdKc1pVOXViSGxYYVhSb1NXNTJZV3hwWkNJc0lrWmxkMDl5WkdWeVlXSnNaVTl1YkhsWGFYUm9TVzUyWVd4cFpDSTZJa1psZDA5eVpHVnlZV0pzWlU5dWJIbFhhWFJvU1c1MllXeHBaQ0lzSWtabGQwOXlaR1Z5WVdKc1pVRnVaRVpsZDFGMWIzUmhZbXhsVjJsMGFFbHVkbUZzYVdRaU9pSkdaWGRQY21SbGNtRmliR1ZCYm1SR1pYZFJkVzkwWVdKc1pWZHBkR2hKYm5aaGJHbGtJaXdpUm1WM1QzSmtaWEpoWW14bFFXNWtRV3hzVVhWdmRHRmliR1VpT2lKR1pYZFBjbVJsY21GaWJHVkJibVJCYkd4UmRXOTBZV0pzWlNJc0lrRnNiRTl5WkdWeVlXSnNaVUZ1WkVabGQxRjFiM1JoWW14bElqb2lRV3hzVDNKa1pYSmhZbXhsUVc1a1JtVjNVWFZ2ZEdGaWJHVWlmU3dpU1hSbGJWTjBZWFJsUlc1MWJTSTZleUpKYm5aaGJHbGtJam9pU1c1MllXeHBaQ0lzSWxGMWIzUmhZbXhsVDI1c2VTSTZJbEYxYjNSaFlteGxUMjVzZVNJc0lrOXlaR1Z5WVdKc1pVOXViSGtpT2lKUGNtUmxjbUZpYkdWUGJteDVJaXdpVDNKa1pYSmhZbXhsUVc1a1VYVnZkR0ZpYkdVaU9pSlBjbVJsY21GaWJHVkJibVJSZFc5MFlXSnNaU0lzSWs1dmRFOXlaR1Z5WVdKc1pVRnVaRkYxYjNSaFlteGxJam9pVG05MFQzSmtaWEpoWW14bFFXNWtVWFZ2ZEdGaWJHVWlMQ0pPYjNSUGNtUmxjbUZpYkdWQmJtUlJkVzkwWVdKc1pWZHBkR2hKYm5aaGJHbGtJam9pVG05MFQzSmtaWEpoWW14bFFXNWtVWFZ2ZEdGaWJHVlhhWFJvU1c1MllXeHBaQ0lzSWtabGQwOXlaR1Z5WVdKc1pVOXViSGtpT2lKR1pYZFBjbVJsY21GaWJHVlBibXg1SWl3aVJtVjNUM0prWlhKaFlteGxRVzVrUm1WM1VYVnZkR0ZpYkdVaU9pSkdaWGRQY21SbGNtRmliR1ZCYm1SR1pYZFJkVzkwWVdKc1pTSXNJa1psZDFGMWIzUmhZbXhsVDI1c2VWZHBkR2hKYm5aaGJHbGtJam9pUm1WM1VYVnZkR0ZpYkdWUGJteDVWMmwwYUVsdWRtRnNhV1FpTENKR1pYZFBjbVJsY21GaWJHVlBibXg1VjJsMGFFbHVkbUZzYVdRaU9pSkdaWGRQY21SbGNtRmliR1ZQYm14NVYybDBhRWx1ZG1Gc2FXUWlMQ0pHWlhkUGNtUmxjbUZpYkdWQmJtUkdaWGRSZFc5MFlXSnNaVmRwZEdoSmJuWmhiR2xrSWpvaVJtVjNUM0prWlhKaFlteGxRVzVrUm1WM1VYVnZkR0ZpYkdWWGFYUm9TVzUyWVd4cFpDSXNJa1psZDA5eVpHVnlZV0pzWlVGdVpFRnNiRkYxYjNSaFlteGxJam9pUm1WM1QzSmtaWEpoWW14bFFXNWtRV3hzVVhWdmRHRmliR1VpTENKQmJHeFBjbVJsY21GaWJHVkJibVJHWlhkUmRXOTBZV0pzWlNJNklrRnNiRTl5WkdWeVlXSnNaVUZ1WkVabGQxRjFiM1JoWW14bEluMHNJbWhrYmtacFpXeGtVMlZzWldOMFpXUlBjbVJsY2tsMFpXMURhR1ZqYTI5MWRGTjBZWFJsYzBOc2FXVnVkRWxrSWpvaVEyOXVkR1Z1ZEZCc1lXTmxTRzlzWkdWeVJHVm1ZWFZzZEY5RFlYSjBUM1psY25acFpYZGZNMTlvWkc1R2FXVnNaRk5sYkdWamRHVmtUM0prWlhKSmRHVnRRMmhsWTJ0dmRYUlRkR0YwWlhNaUxDSm9aRzVHYVdWc1pGTmxiR1ZqZEdWa1NYUmxiVWxrYzBOc2FXVnVkRWxrSWpvaVEyOXVkR1Z1ZEZCc1lXTmxTRzlzWkdWeVJHVm1ZWFZzZEY5RFlYSjBUM1psY25acFpYZGZNMTlvWkc1R2FXVnNaRk5sYkdWamRHVmtTWFJsYlVsa2N5SXNJazl5WkdWeVUyVnNaV04wWldSUWNtOWtkV04wY3lJNk1Td2lRMjl1Wm1seWJXRjBhVzl1VkdsMGJHVlNaWE52ZFhKalpTSTZJa052Ym1acGNtMWhkR2x2YmlJc0lsQnliMk5sWldSQ2RYUjBiMjVVWlhoMElqb2lVSEp2WTJWbFpDSXNJbEJ5YjJObFpXUkNkWFIwYjI1RFlXeHNZbUZqYXlJNklsWmhiR2xrWVhSbFNYUmxiWE5VYjBOb1pXTnJUM1YwVDNKUmRXOTBaU0lzSWtsdWRtRnNhV1JKZEdWdGMxTmxiR1ZqZEdWa1JtOXlRMmhsWTJ0dmRYUlNaWE52ZFhKalpTSTZJbFJvWlhKbElHRnlaU0J6YjIxbElHbHVkbUZzYVdRZ2FYUmxiWE1nWTJodmMyVnVJR1p2Y2lCamFHVmphMjkxZENJc0lrNXZUM0prWlhKaFlteGxTWFJsYlhOVFpXeGxZM1JsWkVadmNrTm9aV05yYjNWMFVtVnpiM1Z5WTJVaU9pSk9ieUIyWVd4cFpDQnZjbVJsY21GaWJHVWdhWFJsYlhNZ1lYSmxJR05vYjNObGJpQm1iM0lnYjNKa1pYSWdjSEp2WTJWemN5SXNJazV2VVhWdmRHRmliR1ZKZEdWdGMxTmxiR1ZqZEdWa1JtOXlRMmhsWTJ0dmRYUlNaWE52ZFhKalpTSTZJazV2SUhaaGJHbGtJSEYxYjNSaFlteGxJR2wwWlcxeklHRnlaU0JqYUc5elpXNGdabTl5SUhGMWIzUmxJSEJ5YjJObGMzTWlMQ0pQY21SbGNtRmliR1ZCYm1ST2IyNVBjbVJsY21GaWJHVkpkR1Z0YzFObGJHVmpkR1ZrUm05eVEyaGxZMnR2ZFhSU1pYTnZkWEpqWlNJNklsbHZkU0JqWVc0Z1pXbDBhR1Z5SUNkd2NtOWpaV1ZrSnlCM2FYUm9JRzl5WkdWeUlIQnliMk5sYzNNZ2IyWWdkR2hsSUc5eVpHVnlZV0pzWlNCcGRHVnRjeUJ2Y2lCbFpHbDBJSFJvWlNCdWIyNHRiM0prWlhKaFlteGxJR2wwWlcxeklpd2lVWFZ2ZEdGaWJHVkJibVJPYjI1UmRXOTBZV0pzWlVsMFpXMXpVMlZzWldOMFpXUkdiM0pEYUdWamEyOTFkRkpsYzI5MWNtTmxJam9pV1c5MUlHTmhiaUJsYVhSb1pYSWdKM0J5YjJObFpXUW5JSGRwZEdnZ2NYVnZkR1VnY0hKdlkyVnpjeUJ2WmlCMGFHVWdjWFZ2ZEdGaWJHVWdhWFJsYlhNZ2IzSWdaV1JwZENCMGFHVWdibTl1TFhGMWIzUmhZbXhsSUdsMFpXMXpJaXdpVVhWdmRHVlRaV3hsWTNSbFpGQnliMlIxWTNSeklqb3lMQ0pPYjBsMFpXMXpVMlZzWldOMFpXUWlPaUpPYnlCSmRHVnRjeUJUWld4bFkzUmxaQzRnVUd4bFlYTmxJR05vYjI5elpTQnZibVVnS0c5eUtTQnRiM0psSUdsMFpXMXpJSFJ2SUhCbGNtWnZjbTBnZEdobElHRmpkR2x2Ymk0aUxDSkRZWEowUVdOMGFXOXVSR1ZzWlhSbFUyVnNaV04wWldSUWNtOWtkV04wY3lJNk5Td2lWMmx6YUV4cGMzUkJZM1JwYjI1elJHVnNaWFJsVTJWc1pXTjBaV1JRY205a2RXTjBjeUk2TWl3aVJHVnNaWFJsUTI5dVptbHliV0YwYVc5dVRXVnpjMkZuWlZKbGMyOTFjbU5sSWpvaVBIQStSRzhnZVc5MUlISmxZV3hzZVNCM1lXNTBJSFJ2SUdSbGJHVjBaU0IwYUdseklHbDBaVzBvY3lrL1BDOXdQaUlzSWtSbGJHVjBaVU52Ym1acGNtMWhkR2x2Yms1dlFuVjBkRzl1VW1WemIzVnlZMlVpT2lKT2J5SXNJa1JsYkdWMFpVTnZibVpwY20xaGRHbHZibGxsYzBKMWRIUnZibEpsYzI5MWNtTmxJam9pV1dWeklpd2lSR1ZzWlhSbFEyOXVabWx5YldGMGFXOXVTR1ZoWkdWeVZHVjRkRkpsYzI5MWNtTmxJam9pUkdWc1pYUmxJaXdpUTJGeWRFRmpkR2x2YmlJNk1Td2lRMmhsWTJ0dmRYUkNkWFIwYjI1VFkzSnBjSFFpT201MWJHd3NJa05vWldOcmIzVjBVMlZ4ZFdWdVkybHVaMEZ1WkZCeWFXMWxjbEJ2Y0hWd1RXVnpjMkZuWlVobFlXUmxjaUk2SWlJc0lrTm9aV05yYjNWMFUyVnhkV1Z1WTJsdVowRnVaRkJ5YVcxbGNsQnZjSFZ3VFdWemMyRm5aVWhsWVdSbGNrbHVabTl5YldGMGFXOXVJam9pU1hRZ2FYTWdibTkwSUhCdmMzTnBZbXhsSUhSdklHTm9aV05yYjNWMElDOGdjWFZ2ZEdVZ2MyVnhkV1Z1WTJsdVp5QnlaV0ZqZEdsdmJuTWdkMmwwYUc5MWRDQndjbWx0WlhKeklIZG9hV05vSUdGeVpTQmhjM052WTJsaGRHVmtJSFJ2SUhObGJHVmpkR1ZrSUhObGNYVmxibU5wYm1jZ2FYUmxiWE1nYVc0Z2RHaHBjeUJ2Y21SbGNqb2dQQzlpY2o0OEwySnlQaUlzSWtOb1pXTnJiM1YwVTJWeGRXVnVZMmx1WjBGdVpGQnlhVzFsY2xCdmNIVndUV1Z6YzJGblpVWnZiM1JsY2tsdVptOXliV0YwYVc5dUlqb2lJaXdpUTJobFkydHZkWFJUWlhGMVpXNWphVzVuUVc1a1VISnBiV1Z5VUc5d2RYQk5aWE56WVdkbFEyeHZjMlZDZFhSMGIyNVVaWGgwSWpvaUlpd2lRMmhsWTJ0dmRYUlRaWEYxWlc1amFXNW5RVzVrVUhKcGJXVnlVRzl3ZFhCR2IzSnRZWFJOWlhOellXZGxJam9pSWl3aVEyaGxZMnR2ZFhSUWNtbHRaWEpCYkc5dVpWQnZjSFZ3VFdWemMyRm5aVU5zYjNObFFuVjBkRzl1VkdWNGRDSTZJaUlzSWtOb1pXTnJiM1YwVUhKcGJXVnlRV3h2Ym1WUWIzQjFjRTFsYzNOaFoyVWlPaUpRY21sdFpYSWdZV3h2Ym1VZ1kyRnVibTkwSUdKbElHTm9aV05yWldRZ2IzVjBMaUJRYkdWaGMyVWdjMlZzWldOMElHRjBiR1ZoYzNRZ2IyNWxJR0Z6YzI5amFXRjBaV1FnYzJWeGRXVnVZMmx1WnlCSmRHVnRMaUlzSWtOb1pXTnJiM1YwVUhKcGJXVnlRV3h2Ym1WUWIzQjFjRTFsYzNOaFoyVklaV0ZrWlhJaU9pSlFiR1ZoYzJVZ1RtOTBaU0lzSWtKaGNrTnZaR1ZXWVd4cFpHRjBhVzl1VUc5d2RYQkRiRzl6WlVKMWRIUnZibFJsZUhRaU9pSlBheUlzSWtKaGNrTnZaR1ZXWVd4cFpHRjBhVzl1VUc5d2RYQk5aWE56WVdkbElqb2lRbUZ5WTI5a1pTQm1iM0lnVTJWc1pXTjBaV1FnU1hSbGJTQnBjeUJwYm5aaGJHbGtJaXdpUW1GeVEyOWtaVlpoYkdsa1lYUnBiMjVRYjNCMWNFMWxjM05oWjJWSVpXRmtaWElpT2lKUWJHVmhjMlVnVG05MFpTSXNJbE5oYldWRVlYbEVaV3hwZG1WeWVWWmhiR2xrWVhScGIyNVFiM0IxY0VkdlFtRmphMEoxZEhSdmJsUmxlSFFpT2lKWFlXbDBJSFZ1ZEdsc0lHRnNiQ0JQY21SbGNuTWdZWEpsSUdacGJtbHphR1ZrSUhSdklGTm9hWEFnYjI1alpTSXNJbE5oYldWRVlYbEVaV3hwZG1WeWVWWmhiR2xrWVhScGIyNVFiM0IxY0VOb1pXTnJiM1YwUW5WMGRHOXVWR1Y0ZENJNklrTm9aV05yYjNWMElGTmhiV1VnUkdGNUlFOXNhV2R2Y3lCUGJteDVJaXdpVTJGdFpVUmhlVVJsYkdsMlpYSjVWbUZzYVdSaGRHbHZibEJ2Y0hWd1RXVnpjMkZuWlVobFlXUmxjaUk2SWxCc1pXRnpaU0J6Wld4bFkzUWlMQ0pUWVcxbFJHRjVSR1ZzYVhabGNubFdZV3hwWkdGMGFXOXVVRzl3ZFhCTlpYTnpZV2RsUkdWelkzSnBjSFJwYjI0aU9pSlpiM1Z5SUdOaGNuUWdZMjl1ZEdGcGJuTWdjMkZ0WlNCa1lYa2diMnhwWjI5ekxDQjNhR2xqYUNCdVpXVmtJSFJ2SUdKbElHTm9aV05yWldRZ2IzVjBJSE5sY0dWeVlYUmxiSGtnYVc0Z2IzSmtaWElnZEc4Z1pXNXpkWEpsSUhSb1pTQm1ZWE4wWlhOMElHUmxiR2wyWlhKNUxpQlVhR1VnYjNSb1pYSWdhWFJsYlhNZ2QybHNiQ0JpWlNCM1lXbDBhVzVuSUdsdUlIbHZkWElnWTJGeWRDQjNhR1Z1SUhsdmRTQnlaWFIxY200Z2JHRjBaWEl1SUR4emNHRnVJR05zWVhOelBWd2lkRzl2YkhScGNGOWthV0ZzYjJkY0lpQjBhWFJzWlQxY0lrVjRjR3hoYVc0Z1luVjBkRzl1SUdSbGMyTnlhWEIwYVc5dUlHaGxjbVVnYjI1c2VWd2lJRDQ4TDNOd1lXNCtJaXdpVW1WMWMyVmtTWFJsYlhOV1lXeHBaR0YwYVc5dVVHOXdkWEJEYkc5elpVSjFkSFJ2YmxSbGVIUWlPaUpQYXlJc0lsSmxkWE5sWkVsMFpXMXpWbUZzYVdSaGRHbHZibEJ2Y0hWd1RXVnpjMkZuWlNJNklrOXZjSE1nSVNCVGIyMWxJRzl5SUdGc2JDQnZaaUJ6Wld4bFkzUmxaQ0J5WlhWelpXUWdhWFJsYlNkeklHOXlhV2RwYm1Gc0lHTnZiblJoYVc1bGNuTWdZWEpsSUdWNGNHbHlaV1F1SUZsdmRYSWdZMkZ5ZENCM2FXeHNJR0psSUhWd1pHRjBaV1FnWVhWMGIyMWhkR2xqWVd4c2VTQmhibVFnWTJGeWRDQjNhV3hzSUdKbElISmxiRzloWkdWa0xpQkZlSEJwY21Wa0lHbDBaVzBnVG1GdFpYTWdZWEpsSUMwK0lpd2lVbVYxYzJWa1NYUmxiWE5XWVd4cFpHRjBhVzl1VUc5d2RYQk5aWE56WVdkbFNHVmhaR1Z5SWpvaVVHeGxZWE5sSUU1dmRHVWlMQ0pGZUhCcGNtVmtVSEpwYldWeVVHOXdkWEJEYkc5elpVSjFkSFJ2YmxSbGVIUWlPaUpQYXlJc0lrVjRjR2x5WldSUWNtbHRaWEpRYjNCMWNFMWxjM05oWjJWVVpYaDBJam9pVUhKcGJXVnlJR2x6SUdWNGNHbHlaV1FnWm05eUlIUm9aU0J2Ym1VZ2IyWWdkR2hsSUhObGJHVjBaV1FnYzJWeGRXVnVZMmx1WnlCcGRHVnRMaUJ3YkdWaGMyVWdjMlZzWldOMElHRnViM1JvWlhJZ2NISnBiV1Z5SUc5eUlHOXlaR1Z5SUc1bGR5QndjbWx0WlhJdUlpd2lSWGh3YVhKbFpGQnlhVzFsY2xCdmNIVndUV1Z6YzJGblpVaGxZV1JsY2xSbGVIUWlPaUpRYkdWelpTQk9iM1JsSWl3aVEyRnlkRkJoWjJWVlVrd2lPaUl2Wlc0dlkyRnlkQzVoYzNCNElpd2lUV2x1YVcxMWJWQnNZWFJsVTJGdGNHeGxjMUJsY2tOb1pXTnJiM1YwSWpvME9Dd2lVR3hoZEdWVFlXMXdiR1ZEYjNWdWRDSTZiblZzYkN3aVNYTlRhVzVuYkdWUWJHRjBaVmRwZEdoV1lXeHBaRk5oYlhCc1pVTnZkVzUwSWpwbVlXeHpaU3dpVFdsdVVHeGhkR1ZUWVcxd2JHVnpVRzl3ZFhCR2IzSnRZWFJOWlhOellXZGxJam9pSWl3aVRXbHVVR3hoZEdWVFlXMXdiR1Z6VUc5d2RYQkdiM0p0WVhSTlpYTnpZV2RsUTJ4dmMyVkNkWFIwYjI1VVpYaDBJam9pSWl3aVRXbHVVR3hoZEdWVFlXMXdiR1Z6VUc5d2RYQkdiM0p0WVhSTlpYTnpZV2RsU0dWaFpHVnlJam9pSWl3aVRXRjRhVzExYlU1MWJXSmxjazltVUd4aGRHVnpVR1Z5UTJobFkydHZkWFFpT2pNc0lsQnNZWFJsYzBOdmRXNTBSbTl5UTNWeWNtVnVkRTl5WkdWeUlqcHVkV3hzTENKTllYaHBiWFZ0VUd4aGRHVnpVR1Z5UTJobFkydHZkWFJRYjNCMWNFWnZjbTFoZEUxbGMzTmhaMlVpT2lKTllYaHBiWFZ0SURNZ2NHeGhkR1Z6SUdGeVpTQmxiR2xuYVdKc1pTQjBieUJqYUdWamEyOTFkQ0J3WlhJZ2IzSmtaWElnWm05eUlIQnNZWFJsSUhObGNYVmxibU5wYm1jZ2FYUmxiWE11SUZCc1pXRnpaU0J0YjJScFpua2dlVzkxY2lCelpXeGxZM1JwYjI0Z1lXTmpiM0prYVc1bmJIa3VJaXdpVFdGNGFXMTFiVkJzWVhSbGMxQmxja05vWldOcmIzVjBVRzl3ZFhCR2IzSnRZWFJOWlhOellXZGxRMnh2YzJWQ2RYUjBiMjVVWlhoMElqb2lUMnNpTENKTllYaHBiWFZ0VUd4aGRHVnpVR1Z5UTJobFkydHZkWFJHYjNKdFlYUk5aWE56WVdkbFNHVmhaR1Z5SWpvaVVHeGxZWE5sSUU1dmRHVWlMQ0pRYjNOMFFtRmphMFZzWlcxbGJuUlZibWx4ZFdWSlpDSTZJbU4wYkRBd0pHTjBiREF3SkdOMGJEQXdKRU52Ym5SbGJuUlFiR0ZqWlVodmJHUmxja1JsWm1GMWJIUWtRMkZ5ZEU5MlpYSjJhV1YzWHpNa2JHNXJRMmhsWTJ0dmRYUWlMQ0pGZG1WdWRFRnlaM1Z0Wlc1MElqb2lJbjBzSUhSb2FYTXBPMlFDRWc5a0Znb0NBUTlrRmdKbUR3OFdBaDRMYkdKc1NHVmhaRXhwYm1VRkVGTm9hWEJ3YVc1bklFRmtaSEpsYzNOa0Znd0NCZzhXQWg4REJVRkRhRzl2YzJVZ2IyNWxJRzltSUhsdmRYSWdaWGhwYzNScGJtY2dVMmhwY0hCcGJtY2dRV1JrY21WemN5QnZjaUJqY21WaGRHVWdZU0J1WlhjZ2IyNWxMbVFDQ0E5a0ZnSUNBdzlrRmdJQ0FROFdBaDhEQlNoRGFHVmpheUJwWmlCNWIzVWdaRzhnYm05MElIZHBjMmdnZEc4Z2FHRjJaU0JRYVdOckxWVndaQUlLRHc4V0FoOEVhR1FXRmdJRUR4VUJGVU5vYjI5elpTQlFhV05yTFZWd0lHOXdkR2x2Ym1RQ0JnOFZBUVZUY0dWbFpHUUNDQThWQWdaT2IzSnRZV3dZSUVSbGMybHlaV1FnUTI5c2JHVmpkR2x2YmlCRVlYUmxaQUlLRHhVQkYwUmxjMmx5WldRZ1EyOXNiR1ZqZEdsdmJpQlVhVzFsWkFJTER4QVBGZ0llQzE4aFJHRjBZVUp2ZFc1a1oyUmtGZ0JrQWc4UER4WUNIZ3hGY25KdmNrMWxjM05oWjJVRkhGQnNaV0Z6WlNCamFHOXZjMlVnVUdsamF5MVZjQ0J2Y0hScGIyNWtaQUlSRHc4V0FoOFBCU1pRYkdWaGMyVWdjMlZzWldOMElDQmtaWE5wY21Wa0lHTnZiR3hsWTNScGIyNGdaR0YwWldSa0FoTVBEeFlDSHc4RkprbHVkbUZzYVdRZ1pHVnphWEpsWkNCamIyeHNaV04wYVc5dUlHUmhkR1VnWm05eWJXRjBaR1FDRlE4UEZnSWZEd1ZSVTI5eWNua3NWMlVnUTJGdUlHNXZkQ0J3Y205MmFXUmxJRkJwWTJzdFZYQWdjMlZ5ZG1salpTQnZiaUJ6Wld4bFkzUmxaQ0JrWVhSbExsQnNaV0Z6WlNCelpXeGxZM1FnYjNSb1pYSWdaR0Y1WkdRQ0Z3OWtGZ1JtRHhVQmRrTnZiblJsYm5SUWJHRmpaVWh2YkdSbGNrUmxabUYxYkhSZlRXRnpkR1Z5VUd4aFkyVm9iMnhrWlhKZlFXUmtjbVZ6YzB4cGMzUmZOVjlqYjIxUWFXTnJWWEJCWkdSeVpYTnpUM0IwYVc5dWMxOTJjMUJwWTJ0VmNFOXdkR2x2Ymw5bFkyOXRWbUZzYVdSaGRHbHZibE4xYlcxaGNubGtBZ0lQRlFGMlEyOXVkR1Z1ZEZCc1lXTmxTRzlzWkdWeVJHVm1ZWFZzZEY5TllYTjBaWEpRYkdGalpXaHZiR1JsY2w5QlpHUnlaWE56VEdsemRGODFYMk52YlZCcFkydFZjRUZrWkhKbGMzTlBjSFJwYjI1elgzWnpVR2xqYTFWd1QzQjBhVzl1WDJWamIyMVdZV3hwWkdGMGFXOXVVM1Z0YldGeWVXUUNIZzhWQVlFQlEyOXVkR1Z1ZEZCc1lXTmxTRzlzWkdWeVJHVm1ZWFZzZEY5TllYTjBaWEpRYkdGalpXaHZiR1JsY2w5QlpHUnlaWE56VEdsemRGODFYMk52YlZCcFkydFZjRUZrWkhKbGMzTlBjSFJwYjI1elgzQnViRVJ5WVdkaFlteGxWMmx1Wkc5M1EyOXVkR1Z1ZEY5SmJteHBibVZOWlhOellXZGxRMjl1ZEdGcGJtVnlaQUlNRHp3ckFCRURBQThXQmg0VFZYTmxRV05qWlhOemFXSnNaVWhsWVdSbGNtY2ZEbWNlQzE4aFNYUmxiVU52ZFc1MEFnRmtBUkFXQUJZQUZnQU1GQ3NBQUJZQ1pnOWtGZ1ptRHc4V0JCNE1WR0ZpYkdWVFpXTjBhVzl1Q3lvcFUzbHpkR1Z0TGxkbFlpNVZTUzVYWldKRGIyNTBjbTlzY3k1VVlXSnNaVkp2ZDFObFkzUnBiMjRBSHdSb1pHUUNBUTlrRmdKbUQyUVdBZ0lCRDJRV0JnSUJEMlFXQWdJQkR4QVBaQllDSGdkdmJtTnNhV05yQmEwTlUyVnNaV04wVTJsdVoyeGxVbUZrYVc5aWRYUjBiMjRvZEdocGN5NXBaQ2s3SUU5dVUyVnNaV04wUVdSa2NtVnpjeWduUTI5dWRHVnVkRkJzWVdObFNHOXNaR1Z5UkdWbVlYVnNkRjlOWVhOMFpYSlFiR0ZqWldodmJHUmxjbDlCWkdSeVpYTnpUR2x6ZEY4MVgzQnViRVJ5WVdkaFlteGxWMmx1Wkc5M1EyOXVkR1Z1ZENjc0p6TW5MQ2RUYUdsd2NHbHVaeWNzSjN0Y0lpUnBaRndpT2x3aU1Wd2lMRndpVUhKcFkyVkJaM0psWlcxbGJuUk9kVzFpWlhKY0lqcHVkV3hzTEZ3aVZtRjBTV1JGZUhSY0lqcHVkV3hzTEZ3aVFXUmthWFJwYjI1aGJFVnRZV2xzYzF3aU9tNTFiR3dzWENKQlpHUnlaWE56VW1WbVhDSTZYQ0l6TVRFd01EQXdNekkyTUZ3aUxGd2lRV1JrY21WemMxUjVjR1ZGYm5WdFhDSTZNeXhjSWtOaGJrVmthWFJCWkdSeVpYTnpYQ0k2ZEhKMVpTeGNJa05wZEhsY0lqcGNJa05wZEhrd01ERmNJaXhjSWtOdmRXNTBjbmxjSWpwN1hDSWthV1JjSWpwY0lqSmNJaXhjSWtGc2JHOTNWbUYwUlhobGJYQjBYQ0k2Wm1Gc2MyVXNYQ0pEYjNWdWRISjVUbUZ0WlZ3aU9tNTFiR3dzWENKSmJuTjBZVzVqWlZOMFlYUjFjMFZ1ZFcxY0lqb3dMRndpU1hOdlMyVjVYQ0k2Ym5Wc2JDeGNJa3hoYm1kMVlXZGxYQ0k2Ym5Wc2JDeGNJbEpsWjJsdmJsd2lPbTUxYkd3c1hDSlRhRzkzUTNWemRHOXRSbWxsYkdReFhDSTZabUZzYzJVc1hDSlRhRzkzUTNWemRHOXRSbWxsYkdReVhDSTZabUZzYzJVc1hDSlRhRzkzVm1GMFhDSTZabUZzYzJVc1hDSlRhWFJsWENJNmJuVnNiQ3hjSWxOMFlYUmxjMXdpT201MWJHd3NYQ0pXWlhKemFXOXVYQ0k2TUN4Y0lreGhZbTl5WVhSdmNtbGxjMXdpT201MWJHd3NYQ0pKYzFaaGRFbGtUV0Z1WkdGMGIzSjVYQ0k2Wm1Gc2MyVXNYQ0phYVhCRGIyUmxVbVZuWlhoY0lqcHVkV3hzTEZ3aVNXUmNJam93TEZ3aVNYTklZWEprUkdWc1pYUmxaRndpT21aaGJITmxmU3hjSWtOMWMzUnZiVVpwWld4a01Wd2lPbTUxYkd3c1hDSkRkWE4wYjIxR2FXVnNaREpjSWpwdWRXeHNMRndpUlcxaGFXeGNJanBjSW5CdWRHVnpkREF3TVVCbGRYSnZabWx1Y3k1amIyMWNJaXhjSWtaaGVGd2lPbHdpTVRJelhDSXNYQ0pHYVhKemRFNWhiV1ZjSWpwY0luQnVkR1Z6ZEdZd01ERmNJaXhjSWtsdWMzUmhibU5sVTNSaGRIVnpSVzUxYlZ3aU9qQXNYQ0pKYzBSbFptRjFiSFJjSWpwMGNuVmxMRndpU1hORlkyOXRUMjVzZVZ3aU9uUnlkV1VzWENKTVlYTjBUbUZ0WlZ3aU9sd2ljRzUwWlhOMGJEQXdNVndpTEZ3aVRHbHVaVEZjSWpwY0lrVjFjbTltYVc1elhDSXNYQ0pNYVc1bE1sd2lPbHdpU1ZSY0lpeGNJa3hwYm1VelhDSTZYQ0pIY205MWNGd2lMRndpVFc5aWFXeGxYQ0k2WENJNU56TTVOVFkxTmpVMlhDSXNYQ0pRYUc5dVpWd2lPbHdpT1Rjek9UVTJOVFkxTmx3aUxGd2lVR2h2Ym1WT2IwVjRkRndpT201MWJHd3NYQ0pTWldOcGNHbGxiblJjSWpwdWRXeHNMRndpVTNSaGRHVmNJanA3WENJa2FXUmNJanBjSWpOY0lpeGNJa052ZFc1MGNubGNJanB1ZFd4c0xGd2lTVzV6ZEdGdVkyVlRkR0YwZFhORmJuVnRYQ0k2TUN4Y0lsTjBZWFJsUzJWNVhDSTZiblZzYkN4Y0lsTjBZWFJsVG1GdFpWd2lPbTUxYkd3c1hDSldaWEp6YVc5dVhDSTZNQ3hjSWtsa1hDSTZNQ3hjSWtselNHRnlaRVJsYkdWMFpXUmNJanBtWVd4elpYMHNYQ0pUZEhKbFpYUmNJanBjSWxOMGNtVmxkREF3TVZ3aUxGd2lVM1J5WldWME1sd2lPbHdpVTNSeVpXVjBNREF4WENJc1hDSlRkSEpsWlhRelhDSTZYQ0pUZEhKbFpYUXdNREZjSWl4Y0lsUnBkR3hsWENJNlhDSk5VbHdpTEZ3aVZtRjBTV1JjSWpwdWRXeHNMRndpVjJWaWMybDBaVndpT201MWJHd3NYQ0phYVhCY0lqcGNJalUyTURBME1sd2lMRndpU1hOV1lXeHBaR0YwWldSY0lqcDBjblZsTEZ3aVRHRjBhWFIxWkdWY0lqcHVkV3hzTEZ3aVRHOXVaMmwwZFdSbFhDSTZiblZzYkN4Y0lrbHpSWGhwYzNScGJtZENhV3hzVkc5Y0lqcG1ZV3h6WlN4Y0lrbHpVbVZoWkU5dWJIbGNJanBtWVd4elpTeGNJa2x6VDNKa1pYSkRiM0I1WENJNlptRnNjMlVzWENKSlpGd2lPakV5TlRjNU15eGNJa2x6U0dGeVpFUmxiR1YwWldSY0lqcG1ZV3h6WlgwbkxDZERiMjUwWlc1MFVHeGhZMlZJYjJ4a1pYSkVaV1poZFd4MFgwMWhjM1JsY2xCc1lXTmxhRzlzWkdWeVgwRmtaSEpsYzNOTWFYTjBYelZmYUdSdVUyVnNaV04wWldSQlpHUnlaWE56U1dRbkxDZERiMjUwWlc1MFVHeGhZMlZJYjJ4a1pYSkVaV1poZFd4MFgwMWhjM1JsY2xCc1lXTmxhRzlzWkdWeVgyaGtia0ZrWkhKbGMzTk1hWE4wVTJWc1pXTjBaV1JCWkdSeVpYTnpTV1JmVTJocGNIQnBibWNuS1R0a1pHUUNBdzlrRmdJQ0FROFdBaDREWm05eUJWeERiMjUwWlc1MFVHeGhZMlZJYjJ4a1pYSkVaV1poZFd4MFgwMWhjM1JsY2xCc1lXTmxhRzlzWkdWeVgwRmtaSEpsYzNOTWFYTjBYelZmWjNaQlpHUnlaWE56VEdsemRGOXlaR0owYmxObGJHVmpkRUZrWkhKbGMzTmZNQllDQWdFUEZnSWZBd1cxQVhCdWRHVnpkR1l3TURFbUl6RTJNRHR3Ym5SbGMzUnNNREF4SmlNeE5qQTdQR0p5THo1RmRYSnZabWx1Y3p4aWNpOCtTVlE4WW5JdlBrZHliM1Z3UEdKeUx6NVRkSEpsWlhRd01ERThZbkl2UGtOcGRIa3dNREVzUEdKeUx6NDFOakF3TkRJbUl6RTJNRHRKYm1ScFlTWWpNVFl3T3p4aWNpOCtPVGN6T1RVMk5UWTFOanhpY2k4K2NHNTBaWE4wTURBeFFHVjFjbTltYVc1ekxtTnZiVHhpY2k4K016RXhNREF3TURNeU5qQW1JekUyTUR0a0FnVVBaQllHQWdFUER4WUNId01GQmtSbGJHVjBaUllDSHhNRm1STlRhRzkzUkdsaGJHOW5LQ0k4Y0Q1RWJ5QjViM1VnY21WaGJHeDVJSGRoYm5RZ2RHOGdaR1ZzWlhSbElIUm9hWE1nYVhSbGJTaHpLVDg4TDNBK0lpeDdJa1JwWVd4dlowTnNZWE56SWpvaUlpd2lTR1ZwWjJoMElqb2lZWFYwYnlJc0lrMXZaR0ZzSWpwMGNuVmxMQ0pRYjNOcGRHbHZiaUk2SW1ObGJuUmxjaUlzSWxkcFpIUm9Jam9pTXpBd0lpd2lRMnh2YzJGaWJHVWlPblJ5ZFdVc0lsUnBkR3hsSWpvaVJHVnNaWFJsSWl3aVFuVjBkRzl1TVZSbGVIUWlPaUpaWlhNaUxDSkNkWFIwYjI0eVZHVjRkQ0k2SWs1dklpd2lRblYwZEc5dU1VTmhiR3hpWVdOcklqb2lUMjVFWld4bGRHVkJaR1J5WlhOeklpd2lRblYwZEc5dU1rTmhiR3hpWVdOcklqcHVkV3hzTENKQ2RYUjBiMjR4UTJGc2JHSmhZMnRRWVhKaGJXVjBaWEp6SWpvaWUxd2lRMnhwWlc1MFYybHVaRzkzUTI5dWRHVnVkRWxrWENJNlhDSkRiMjUwWlc1MFVHeGhZMlZJYjJ4a1pYSkVaV1poZFd4MFgwMWhjM1JsY2xCc1lXTmxhRzlzWkdWeVgwRmtaSEpsYzNOTWFYTjBYelZmY0c1c1JISmhaMkZpYkdWWGFXNWtiM2REYjI1MFpXNTBYQ0lzWENKQlpHUnlaWE56Vkhsd1pVVnVkVzFjSWpwY0lsTm9hWEJ3YVc1blhDSXNYQ0pLYzI5dVJXUnBkRUZrWkhKbGMzTmNJanA3WENJa2FXUmNJanBjSWpGY0lpeGNJbEJ5YVdObFFXZHlaV1Z0Wlc1MFRuVnRZbVZ5WENJNmJuVnNiQ3hjSWxaaGRFbGtSWGgwWENJNmJuVnNiQ3hjSWtGa1pHbDBhVzl1WVd4RmJXRnBiSE5jSWpwdWRXeHNMRndpUVdSa2NtVnpjMUpsWmx3aU9sd2lNekV4TURBd01ETXlOakJjSWl4Y0lrRmtaSEpsYzNOVWVYQmxSVzUxYlZ3aU9qTXNYQ0pEWVc1RlpHbDBRV1JrY21WemMxd2lPblJ5ZFdVc1hDSkRhWFI1WENJNlhDSkRhWFI1TURBeFhDSXNYQ0pEYjNWdWRISjVYQ0k2ZTF3aUpHbGtYQ0k2WENJeVhDSXNYQ0pCYkd4dmQxWmhkRVY0Wlcxd2RGd2lPbVpoYkhObExGd2lRMjkxYm5SeWVVNWhiV1ZjSWpwdWRXeHNMRndpU1c1emRHRnVZMlZUZEdGMGRYTkZiblZ0WENJNk1DeGNJa2x6YjB0bGVWd2lPbTUxYkd3c1hDSk1ZVzVuZFdGblpWd2lPbTUxYkd3c1hDSlNaV2RwYjI1Y0lqcHVkV3hzTEZ3aVUyaHZkME4xYzNSdmJVWnBaV3hrTVZ3aU9tWmhiSE5sTEZ3aVUyaHZkME4xYzNSdmJVWnBaV3hrTWx3aU9tWmhiSE5sTEZ3aVUyaHZkMVpoZEZ3aU9tWmhiSE5sTEZ3aVUybDBaVndpT201MWJHd3NYQ0pUZEdGMFpYTmNJanB1ZFd4c0xGd2lWbVZ5YzJsdmJsd2lPakFzWENKTVlXSnZjbUYwYjNKcFpYTmNJanB1ZFd4c0xGd2lTWE5XWVhSSlpFMWhibVJoZEc5eWVWd2lPbVpoYkhObExGd2lXbWx3UTI5a1pWSmxaMlY0WENJNmJuVnNiQ3hjSWtsa1hDSTZNQ3hjSWtselNHRnlaRVJsYkdWMFpXUmNJanBtWVd4elpYMHNYQ0pEZFhOMGIyMUdhV1ZzWkRGY0lqcHVkV3hzTEZ3aVEzVnpkRzl0Um1sbGJHUXlYQ0k2Ym5Wc2JDeGNJa1Z0WVdsc1hDSTZYQ0p3Ym5SbGMzUXdNREZBWlhWeWIyWnBibk11WTI5dFhDSXNYQ0pHWVhoY0lqcGNJakV5TTF3aUxGd2lSbWx5YzNST1lXMWxYQ0k2WENKd2JuUmxjM1JtTURBeFhDSXNYQ0pKYm5OMFlXNWpaVk4wWVhSMWMwVnVkVzFjSWpvd0xGd2lTWE5FWldaaGRXeDBYQ0k2ZEhKMVpTeGNJa2x6UldOdmJVOXViSGxjSWpwMGNuVmxMRndpVEdGemRFNWhiV1ZjSWpwY0luQnVkR1Z6ZEd3d01ERmNJaXhjSWt4cGJtVXhYQ0k2WENKRmRYSnZabWx1YzF3aUxGd2lUR2x1WlRKY0lqcGNJa2xVWENJc1hDSk1hVzVsTTF3aU9sd2lSM0p2ZFhCY0lpeGNJazF2WW1sc1pWd2lPbHdpT1Rjek9UVTJOVFkxTmx3aUxGd2lVR2h2Ym1WY0lqcGNJamszTXprMU5qVTJOVFpjSWl4Y0lsQm9iMjVsVG05RmVIUmNJanB1ZFd4c0xGd2lVbVZqYVhCcFpXNTBYQ0k2Ym5Wc2JDeGNJbE4wWVhSbFhDSTZlMXdpSkdsa1hDSTZYQ0l6WENJc1hDSkRiM1Z1ZEhKNVhDSTZiblZzYkN4Y0lrbHVjM1JoYm1ObFUzUmhkSFZ6Ulc1MWJWd2lPakFzWENKVGRHRjBaVXRsZVZ3aU9tNTFiR3dzWENKVGRHRjBaVTVoYldWY0lqcHVkV3hzTEZ3aVZtVnljMmx2Ymx3aU9qQXNYQ0pKWkZ3aU9qQXNYQ0pKYzBoaGNtUkVaV3hsZEdWa1hDSTZabUZzYzJWOUxGd2lVM1J5WldWMFhDSTZYQ0pUZEhKbFpYUXdNREZjSWl4Y0lsTjBjbVZsZERKY0lqcGNJbE4wY21WbGREQXdNVndpTEZ3aVUzUnlaV1YwTTF3aU9sd2lVM1J5WldWME1EQXhYQ0lzWENKVWFYUnNaVndpT2x3aVRWSmNJaXhjSWxaaGRFbGtYQ0k2Ym5Wc2JDeGNJbGRsWW5OcGRHVmNJanB1ZFd4c0xGd2lXbWx3WENJNlhDSTFOakF3TkRKY0lpeGNJa2x6Vm1Gc2FXUmhkR1ZrWENJNmRISjFaU3hjSWt4aGRHbDBkV1JsWENJNmJuVnNiQ3hjSWt4dmJtZHBkSFZrWlZ3aU9tNTFiR3dzWENKSmMwVjRhWE4wYVc1blFtbHNiRlJ2WENJNlptRnNjMlVzWENKSmMxSmxZV1JQYm14NVhDSTZabUZzYzJVc1hDSkpjMDl5WkdWeVEyOXdlVndpT21aaGJITmxMRndpU1dSY0lqb3hNalUzT1RNc1hDSkpjMGhoY21SRVpXeGxkR1ZrWENJNlptRnNjMlY5TEZ3aVNHUnVVMlZzWldOMFpXUkJaR1J5WlhOelNXUkRiR2xsYm5SSlpGd2lPbHdpUTI5dWRHVnVkRkJzWVdObFNHOXNaR1Z5UkdWbVlYVnNkRjlOWVhOMFpYSlFiR0ZqWldodmJHUmxjbDlCWkdSeVpYTnpUR2x6ZEY4MVgyaGtibE5sYkdWamRHVmtRV1JrY21WemMwbGtYQ0lzWENKWGFXNWtiM2RUWld4bFkzUmxaRUZrWkhKbGMzTklhV1JrWlc1R2FXVnNaRU5zYVdWdWRFbGtYQ0k2WENKRGIyNTBaVzUwVUd4aFkyVkliMnhrWlhKRVpXWmhkV3gwWDAxaGMzUmxjbEJzWVdObGFHOXNaR1Z5WDJoa2JrRmtaSEpsYzNOTWFYTjBVMlZzWldOMFpXUkJaR1J5WlhOelNXUmZVMmhwY0hCcGJtZGNJaXhjSWtkeWFYUjBaWEpOWlhOellXZGxTR1ZoWkdWeVhDSTZYQ0pFWld4bGRHVmtYQ0lzWENKSGNtbDBkR1Z5VFdWemMyRm5aVU52Ym5SbGJuUlVaWGgwWENJNlhDSlRkV05qWlhOelpuVnNiSGtnUkdWc1pYUmxaRndpTEZ3aVFtbHNiR2x1WjBGa1pISmxjM05EYjNWdWRGd2lPakVzWENKRWFYTmhZbXhsUVdSa2NtVnpjMU5yYVhCR2IzSk5kV3gwYVhCc1pVSnBiR3hwYm1kY0lqcDBjblZsZlNJc0lrSjFkSFJ2YmpKRFlXeHNZbUZqYTFCaGNtRnRaWFJsY25NaU9tNTFiR3dzSWxKbGMybDZZV0pzWlNJNlptRnNjMlVzSWtSeVlXZG5ZV0pzWlNJNlptRnNjMlVzSWtGMWRHOVBjR1Z1SWpwbVlXeHpaU3dpUVhCd1pXNWtWRzhpT2lKaWIyUjVJaXdpVFdGNFNHVnBaMmgwSWpvME1EQXNJazFoZUZkcFpIUm9Jam96TURBc0lrMXBia2hsYVdkb2RDSTZNVFV3TENKTmFXNVhhV1IwYUNJNk1UVXdmU2s3SUhKbGRIVnliaUJtWVd4elpUdGtBZ01QRHhZQ0h3TUZCRU52Y0hrV0FoOFRCYmNPVDI1QlpHUk9aWGRCWkdSeVpYTnpLQ2REYjI1MFpXNTBVR3hoWTJWSWIyeGtaWEpFWldaaGRXeDBYMDFoYzNSbGNsQnNZV05sYUc5c1pHVnlYMEZrWkhKbGMzTk1hWE4wWHpWZmNHNXNRV1JrY21WemMwUnBZV3h2Wnljc0oxTm9hWEJ3YVc1bkp5d25lMXdpSkdsa1hDSTZYQ0l4WENJc1hDSlFjbWxqWlVGbmNtVmxiV1Z1ZEU1MWJXSmxjbHdpT201MWJHd3NYQ0pXWVhSSlpFVjRkRndpT201MWJHd3NYQ0pCWkdScGRHbHZibUZzUlcxaGFXeHpYQ0k2Ym5Wc2JDeGNJa0ZrWkhKbGMzTlNaV1pjSWpwdWRXeHNMRndpUVdSa2NtVnpjMVI1Y0dWRmJuVnRYQ0k2TXl4Y0lrTmhia1ZrYVhSQlpHUnlaWE56WENJNmRISjFaU3hjSWtOcGRIbGNJanBjSWtOcGRIa3dNREZjSWl4Y0lrTnZkVzUwY25sY0lqcDdYQ0lrYVdSY0lqcGNJakpjSWl4Y0lrRnNiRzkzVm1GMFJYaGxiWEIwWENJNmRISjFaU3hjSWtOdmRXNTBjbmxPWVcxbFhDSTZYQ0pKYm1ScFlWd2lMRndpU1c1emRHRnVZMlZUZEdGMGRYTkZiblZ0WENJNk1DeGNJa2x6YjB0bGVWd2lPbHdpU1U1Y0lpeGNJa3hoYm1kMVlXZGxYQ0k2ZTF3aUpHbGtYQ0k2WENJelhDSXNYQ0pEYjJSbFhDSTZYQ0psYmx3aUxGd2lRM1ZzZEhWeVpVTnZaR1ZjSWpwY0ltVnVMVlZUWENJc1hDSkpiV0ZuWlZCaGRHaGNJanBjSWk5cGJXRm5aWE12Wm14aFozTXZWVk11WjJsbVhDSXNYQ0pKYm5OMFlXNWpaVk4wWVhSMWMwVnVkVzFjSWpvd0xGd2lUbUZ0WlZ3aU9sd2lSVzVuYkdsemFGd2lMRndpVTI5eWRFOXlaR1Z5WENJNk1TeGNJbFpsY25OcGIyNWNJam93TEZ3aVNXUmNJam94TEZ3aVNYTklZWEprUkdWc1pYUmxaRndpT21aaGJITmxmU3hjSWxKbFoybHZibHdpT201MWJHd3NYQ0pUYUc5M1EzVnpkRzl0Um1sbGJHUXhYQ0k2Wm1Gc2MyVXNYQ0pUYUc5M1EzVnpkRzl0Um1sbGJHUXlYQ0k2Wm1Gc2MyVXNYQ0pUYUc5M1ZtRjBYQ0k2Wm1Gc2MyVXNYQ0pUYVhSbFhDSTZiblZzYkN4Y0lsTjBZWFJsYzF3aU9tNTFiR3dzWENKV1pYSnphVzl1WENJNk1UQXNYQ0pNWVdKdmNtRjBiM0pwWlhOY0lqcHVkV3hzTEZ3aVNYTldZWFJKWkUxaGJtUmhkRzl5ZVZ3aU9tWmhiSE5sTEZ3aVdtbHdRMjlrWlZKbFoyVjRYQ0k2WENKZVhGeGNYR1I3Tm4wa1hDSXNYQ0pKWkZ3aU9qYzNMRndpU1hOSVlYSmtSR1ZzWlhSbFpGd2lPbVpoYkhObGZTeGNJa04xYzNSdmJVWnBaV3hrTVZ3aU9tNTFiR3dzWENKRGRYTjBiMjFHYVdWc1pESmNJanB1ZFd4c0xGd2lSVzFoYVd4Y0lqcGNJbkJ1ZEdWemREQXdNVUJsZFhKdlptbHVjeTVqYjIxY0lpeGNJa1poZUZ3aU9sd2lNVEl6WENJc1hDSkdhWEp6ZEU1aGJXVmNJanBjSW5CdWRHVnpkR1l3TURGY0lpeGNJa2x1YzNSaGJtTmxVM1JoZEhWelJXNTFiVndpT2pBc1hDSkpjMFJsWm1GMWJIUmNJanBtWVd4elpTeGNJa2x6UldOdmJVOXViSGxjSWpwMGNuVmxMRndpVEdGemRFNWhiV1ZjSWpwY0luQnVkR1Z6ZEd3d01ERmNJaXhjSWt4cGJtVXhYQ0k2WENKRmRYSnZabWx1YzF3aUxGd2lUR2x1WlRKY0lqcGNJa2xVWENJc1hDSk1hVzVsTTF3aU9sd2lSM0p2ZFhCY0lpeGNJazF2WW1sc1pWd2lPbHdpT1Rjek9UVTJOVFkxTmx3aUxGd2lVR2h2Ym1WY0lqcGNJamszTXprMU5qVTJOVFpjSWl4Y0lsQm9iMjVsVG05RmVIUmNJanB1ZFd4c0xGd2lVbVZqYVhCcFpXNTBYQ0k2Ym5Wc2JDeGNJbE4wWVhSbFhDSTZlMXdpSkdsa1hDSTZYQ0kwWENJc1hDSkRiM1Z1ZEhKNVhDSTZiblZzYkN4Y0lrbHVjM1JoYm1ObFUzUmhkSFZ6Ulc1MWJWd2lPakFzWENKVGRHRjBaVXRsZVZ3aU9sd2lTVTR0UzBGY0lpeGNJbE4wWVhSbFRtRnRaVndpT2x3aVMyRnlibUYwWVd0aFhDSXNYQ0pXWlhKemFXOXVYQ0k2TUN4Y0lrbGtYQ0k2TVRVd01TeGNJa2x6U0dGeVpFUmxiR1YwWldSY0lqcG1ZV3h6Wlgwc1hDSlRkSEpsWlhSY0lqcGNJbE4wY21WbGREQXdNVndpTEZ3aVUzUnlaV1YwTWx3aU9sd2lVM1J5WldWME1EQXhYQ0lzWENKVGRISmxaWFF6WENJNlhDSlRkSEpsWlhRd01ERmNJaXhjSWxScGRHeGxYQ0k2WENKTlVsd2lMRndpVm1GMFNXUmNJanB1ZFd4c0xGd2lWMlZpYzJsMFpWd2lPbTUxYkd3c1hDSmFhWEJjSWpwY0lqVTJNREEwTWx3aUxGd2lTWE5XWVd4cFpHRjBaV1JjSWpwMGNuVmxMRndpVEdGMGFYUjFaR1ZjSWpwdWRXeHNMRndpVEc5dVoybDBkV1JsWENJNmJuVnNiQ3hjSWtselJYaHBjM1JwYm1kQ2FXeHNWRzljSWpwbVlXeHpaU3hjSWtselVtVmhaRTl1YkhsY0lqcG1ZV3h6WlN4Y0lrbHpUM0prWlhKRGIzQjVYQ0k2Wm1Gc2MyVXNYQ0pKWkZ3aU9qQXNYQ0pKYzBoaGNtUkVaV3hsZEdWa1hDSTZabUZzYzJWOUp5d25RMjl1ZEdWdWRGQnNZV05sU0c5c1pHVnlSR1ZtWVhWc2RGOU5ZWE4wWlhKUWJHRmpaV2h2YkdSbGNsOW9aRzVCWkdSeVpYTnpUR2x6ZEZObGJHVmpkR1ZrUVdSa2NtVnpjMGxrWDFOb2FYQndhVzVuSnl3blUyRjJaV1FuTENkVGRXTmpaWE56Wm5Wc2JIa2dRMjl3YVdWa0p5azdJSEpsZEhWeWJpQm1ZV3h6WlR0a0FnVVBEeFlDSHdNRkJFVmthWFFXQWg4VEJiQU5UMjVGWkdsMFFXUmtjbVZ6Y3lnblEyOXVkR1Z1ZEZCc1lXTmxTRzlzWkdWeVJHVm1ZWFZzZEY5TllYTjBaWEpRYkdGalpXaHZiR1JsY2w5QlpHUnlaWE56VEdsemRGODFYM0J1YkVGa1pISmxjM05FYVdGc2IyY25MQ2RUYUdsd2NHbHVaeWNzSjN0Y0lpUnBaRndpT2x3aU1Wd2lMRndpVUhKcFkyVkJaM0psWlcxbGJuUk9kVzFpWlhKY0lqcHVkV3hzTEZ3aVZtRjBTV1JGZUhSY0lqcHVkV3hzTEZ3aVFXUmthWFJwYjI1aGJFVnRZV2xzYzF3aU9tNTFiR3dzWENKQlpHUnlaWE56VW1WbVhDSTZYQ0l6TVRFd01EQXdNekkyTUZ3aUxGd2lRV1JrY21WemMxUjVjR1ZGYm5WdFhDSTZNeXhjSWtOaGJrVmthWFJCWkdSeVpYTnpYQ0k2ZEhKMVpTeGNJa05wZEhsY0lqcGNJa05wZEhrd01ERmNJaXhjSWtOdmRXNTBjbmxjSWpwN1hDSWthV1JjSWpwY0lqSmNJaXhjSWtGc2JHOTNWbUYwUlhobGJYQjBYQ0k2Wm1Gc2MyVXNYQ0pEYjNWdWRISjVUbUZ0WlZ3aU9tNTFiR3dzWENKSmJuTjBZVzVqWlZOMFlYUjFjMFZ1ZFcxY0lqb3dMRndpU1hOdlMyVjVYQ0k2Ym5Wc2JDeGNJa3hoYm1kMVlXZGxYQ0k2Ym5Wc2JDeGNJbEpsWjJsdmJsd2lPbTUxYkd3c1hDSlRhRzkzUTNWemRHOXRSbWxsYkdReFhDSTZabUZzYzJVc1hDSlRhRzkzUTNWemRHOXRSbWxsYkdReVhDSTZabUZzYzJVc1hDSlRhRzkzVm1GMFhDSTZabUZzYzJVc1hDSlRhWFJsWENJNmJuVnNiQ3hjSWxOMFlYUmxjMXdpT201MWJHd3NYQ0pXWlhKemFXOXVYQ0k2TUN4Y0lreGhZbTl5WVhSdmNtbGxjMXdpT201MWJHd3NYQ0pKYzFaaGRFbGtUV0Z1WkdGMGIzSjVYQ0k2Wm1Gc2MyVXNYQ0phYVhCRGIyUmxVbVZuWlhoY0lqcHVkV3hzTEZ3aVNXUmNJam93TEZ3aVNYTklZWEprUkdWc1pYUmxaRndpT21aaGJITmxmU3hjSWtOMWMzUnZiVVpwWld4a01Wd2lPbTUxYkd3c1hDSkRkWE4wYjIxR2FXVnNaREpjSWpwdWRXeHNMRndpUlcxaGFXeGNJanBjSW5CdWRHVnpkREF3TVVCbGRYSnZabWx1Y3k1amIyMWNJaXhjSWtaaGVGd2lPbHdpTVRJelhDSXNYQ0pHYVhKemRFNWhiV1ZjSWpwY0luQnVkR1Z6ZEdZd01ERmNJaXhjSWtsdWMzUmhibU5sVTNSaGRIVnpSVzUxYlZ3aU9qQXNYQ0pKYzBSbFptRjFiSFJjSWpwMGNuVmxMRndpU1hORlkyOXRUMjVzZVZ3aU9uUnlkV1VzWENKTVlYTjBUbUZ0WlZ3aU9sd2ljRzUwWlhOMGJEQXdNVndpTEZ3aVRHbHVaVEZjSWpwY0lrVjFjbTltYVc1elhDSXNYQ0pNYVc1bE1sd2lPbHdpU1ZSY0lpeGNJa3hwYm1VelhDSTZYQ0pIY205MWNGd2lMRndpVFc5aWFXeGxYQ0k2WENJNU56TTVOVFkxTmpVMlhDSXNYQ0pRYUc5dVpWd2lPbHdpT1Rjek9UVTJOVFkxTmx3aUxGd2lVR2h2Ym1WT2IwVjRkRndpT201MWJHd3NYQ0pTWldOcGNHbGxiblJjSWpwdWRXeHNMRndpVTNSaGRHVmNJanA3WENJa2FXUmNJanBjSWpOY0lpeGNJa052ZFc1MGNubGNJanB1ZFd4c0xGd2lTVzV6ZEdGdVkyVlRkR0YwZFhORmJuVnRYQ0k2TUN4Y0lsTjBZWFJsUzJWNVhDSTZiblZzYkN4Y0lsTjBZWFJsVG1GdFpWd2lPbTUxYkd3c1hDSldaWEp6YVc5dVhDSTZNQ3hjSWtsa1hDSTZNQ3hjSWtselNHRnlaRVJsYkdWMFpXUmNJanBtWVd4elpYMHNYQ0pUZEhKbFpYUmNJanBjSWxOMGNtVmxkREF3TVZ3aUxGd2lVM1J5WldWME1sd2lPbHdpVTNSeVpXVjBNREF4WENJc1hDSlRkSEpsWlhRelhDSTZYQ0pUZEhKbFpYUXdNREZjSWl4Y0lsUnBkR3hsWENJNlhDSk5VbHdpTEZ3aVZtRjBTV1JjSWpwdWRXeHNMRndpVjJWaWMybDBaVndpT201MWJHd3NYQ0phYVhCY0lqcGNJalUyTURBME1sd2lMRndpU1hOV1lXeHBaR0YwWldSY0lqcDBjblZsTEZ3aVRHRjBhWFIxWkdWY0lqcHVkV3hzTEZ3aVRHOXVaMmwwZFdSbFhDSTZiblZzYkN4Y0lrbHpSWGhwYzNScGJtZENhV3hzVkc5Y0lqcG1ZV3h6WlN4Y0lrbHpVbVZoWkU5dWJIbGNJanBtWVd4elpTeGNJa2x6VDNKa1pYSkRiM0I1WENJNlptRnNjMlVzWENKSlpGd2lPakV5TlRjNU15eGNJa2x6U0dGeVpFUmxiR1YwWldSY0lqcG1ZV3h6WlgwbkxDZERiMjUwWlc1MFVHeGhZMlZJYjJ4a1pYSkVaV1poZFd4MFgwMWhjM1JsY2xCc1lXTmxhRzlzWkdWeVgwRmtaSEpsYzNOTWFYTjBYelZmYUdSdVUyVnNaV04wWldSQlpHUnlaWE56U1dRbkxDZERiMjUwWlc1MFVHeGhZMlZJYjJ4a1pYSkVaV1poZFd4MFgwMWhjM1JsY2xCc1lXTmxhRzlzWkdWeVgyaGtia0ZrWkhKbGMzTk1hWE4wVTJWc1pXTjBaV1JCWkdSeVpYTnpTV1JmVTJocGNIQnBibWNuTENCbVlXeHpaU3duVTJGMlpXUW5MQ2RUZFdOalpYTnpablZzYkhrZ1JXUnBkR1ZrSnlrN0lISmxkSFZ5YmlCbVlXeHpaVHRrQWdJUER4WUNId1JvWkdRQ0RROFZBV2xEYjI1MFpXNTBVR3hoWTJWSWIyeGtaWEpFWldaaGRXeDBYMDFoYzNSbGNsQnNZV05sYUc5c1pHVnlYMEZrWkhKbGMzTk1hWE4wWHpWZmNHNXNSSEpoWjJGaWJHVlhhVzVrYjNkRGIyNTBaVzUwWDBsdWJHbHVaVTFsYzNOaFoyVkRiMjUwWVdsdVpYSmtBZzRQRmdJZkNnVWFRV1JrSUdFZ2JtVjNJSE5vYVhCd2FXNW5JR0ZrWkhKbGMzTVdBZ0lCRHc4V0FoOERCUTlCWkdRZ2JtVjNJR0ZrWkhKbGMzTVdBaDhUQmFvS1QyNUJaR1JPWlhkQlpHUnlaWE56S0NkRGIyNTBaVzUwVUd4aFkyVkliMnhrWlhKRVpXWmhkV3gwWDAxaGMzUmxjbEJzWVdObGFHOXNaR1Z5WDBGa1pISmxjM05NYVhOMFh6VmZjRzVzUVdSa2NtVnpjMFJwWVd4dlp5Y3NKMU5vYVhCd2FXNW5KeXduZXlJa2FXUWlPaUl4SWl3aVVISnBZMlZCWjNKbFpXMWxiblJPZFcxaVpYSWlPbTUxYkd3c0lsWmhkRWxrUlhoMElqcHVkV3hzTENKQlpHUnBkR2x2Ym1Gc1JXMWhhV3h6SWpwdWRXeHNMQ0pCWkdSeVpYTnpVbVZtSWpwdWRXeHNMQ0pCWkdSeVpYTnpWSGx3WlVWdWRXMGlPakFzSWtOaGJrVmthWFJCWkdSeVpYTnpJanBtWVd4elpTd2lRMmwwZVNJNmJuVnNiQ3dpUTI5MWJuUnllU0k2ZXlJa2FXUWlPaUl5SWl3aVFXeHNiM2RXWVhSRmVHVnRjSFFpT21aaGJITmxMQ0pEYjNWdWRISjVUbUZ0WlNJNmJuVnNiQ3dpU1c1emRHRnVZMlZUZEdGMGRYTkZiblZ0SWpvd0xDSkpjMjlMWlhraU9tNTFiR3dzSWt4aGJtZDFZV2RsSWpwdWRXeHNMQ0pTWldkcGIyNGlPbTUxYkd3c0lsTm9iM2REZFhOMGIyMUdhV1ZzWkRFaU9tWmhiSE5sTENKVGFHOTNRM1Z6ZEc5dFJtbGxiR1F5SWpwbVlXeHpaU3dpVTJodmQxWmhkQ0k2Wm1Gc2MyVXNJbE5wZEdVaU9tNTFiR3dzSWxOMFlYUmxjeUk2Ym5Wc2JDd2lWbVZ5YzJsdmJpSTZNQ3dpVEdGaWIzSmhkRzl5YVdWeklqcHVkV3hzTENKSmMxWmhkRWxrVFdGdVpHRjBiM0o1SWpwbVlXeHpaU3dpV21sd1EyOWtaVkpsWjJWNElqcHVkV3hzTENKSlpDSTZNQ3dpU1hOSVlYSmtSR1ZzWlhSbFpDSTZabUZzYzJWOUxDSkRkWE4wYjIxR2FXVnNaREVpT201MWJHd3NJa04xYzNSdmJVWnBaV3hrTWlJNmJuVnNiQ3dpUlcxaGFXd2lPbTUxYkd3c0lrWmhlQ0k2Ym5Wc2JDd2lSbWx5YzNST1lXMWxJanB1ZFd4c0xDSkpibk4wWVc1alpWTjBZWFIxYzBWdWRXMGlPakFzSWtselJHVm1ZWFZzZENJNlptRnNjMlVzSWtselJXTnZiVTl1YkhraU9tWmhiSE5sTENKTVlYTjBUbUZ0WlNJNmJuVnNiQ3dpVEdsdVpURWlPbTUxYkd3c0lreHBibVV5SWpwdWRXeHNMQ0pNYVc1bE15STZiblZzYkN3aVRXOWlhV3hsSWpwdWRXeHNMQ0pRYUc5dVpTSTZiblZzYkN3aVVHaHZibVZPYjBWNGRDSTZiblZzYkN3aVVtVmphWEJwWlc1MElqcHVkV3hzTENKVGRHRjBaU0k2ZXlJa2FXUWlPaUl6SWl3aVEyOTFiblJ5ZVNJNmJuVnNiQ3dpU1c1emRHRnVZMlZUZEdGMGRYTkZiblZ0SWpvd0xDSlRkR0YwWlV0bGVTSTZiblZzYkN3aVUzUmhkR1ZPWVcxbElqcHVkV3hzTENKV1pYSnphVzl1SWpvd0xDSkpaQ0k2TUN3aVNYTklZWEprUkdWc1pYUmxaQ0k2Wm1Gc2MyVjlMQ0pUZEhKbFpYUWlPbTUxYkd3c0lsTjBjbVZsZERJaU9tNTFiR3dzSWxOMGNtVmxkRE1pT201MWJHd3NJbFJwZEd4bElqcHVkV3hzTENKV1lYUkpaQ0k2Ym5Wc2JDd2lWMlZpYzJsMFpTSTZiblZzYkN3aVdtbHdJanB1ZFd4c0xDSkpjMVpoYkdsa1lYUmxaQ0k2Wm1Gc2MyVXNJa3hoZEdsMGRXUmxJanB1ZFd4c0xDSk1iMjVuYVhSMVpHVWlPbTUxYkd3c0lrbHpSWGhwYzNScGJtZENhV3hzVkc4aU9tWmhiSE5sTENKSmMxSmxZV1JQYm14NUlqcG1ZV3h6WlN3aVNYTlBjbVJsY2tOdmNIa2lPbVpoYkhObExDSkpaQ0k2TUN3aVNYTklZWEprUkdWc1pYUmxaQ0k2Wm1Gc2MyVjlKeXduUTI5dWRHVnVkRkJzWVdObFNHOXNaR1Z5UkdWbVlYVnNkRjlOWVhOMFpYSlFiR0ZqWldodmJHUmxjbDlvWkc1QlpHUnlaWE56VEdsemRGTmxiR1ZqZEdWa1FXUmtjbVZ6YzBsa1gxTm9hWEJ3YVc1bkp5azdJSEpsZEhWeWJpQm1ZV3h6WlR0a0FnTVBaQllDWmc4UEZnSWZEUVVQUW1sc2JHbHVaeUJCWkdSeVpYTnpaQllNQWdZUEZnSWZBd1ZBUTJodmIzTmxJRzl1WlNCdlppQjViM1Z5SUdWNGFYTjBhVzVuSUVKcGJHeHBibWNnUVdSa2NtVnpjeUJ2Y2lCamNtVmhkR1VnWVNCdVpYY2diMjVsTG1RQ0NBOWtGZ0lDQXc5a0ZnSUNBUThXQWg4REJTaERhR1ZqYXlCcFppQjViM1VnWkc4Z2JtOTBJSGRwYzJnZ2RHOGdhR0YyWlNCUWFXTnJMVlZ3WkFJS0R3OFdBaDhFYUdRV0ZnSUVEeFVCRlVOb2IyOXpaU0JRYVdOckxWVndJRzl3ZEdsdmJtUUNCZzhWQVFWVGNHVmxaR1FDQ0E4VkFnWk9iM0p0WVd3WUlFUmxjMmx5WldRZ1EyOXNiR1ZqZEdsdmJpQkVZWFJsWkFJS0R4VUJGMFJsYzJseVpXUWdRMjlzYkdWamRHbHZiaUJVYVcxbFpBSUxEeEFQRmdJZkRtZGtaQllBWkFJUER3OFdBaDhQQlJ4UWJHVmhjMlVnWTJodmIzTmxJRkJwWTJzdFZYQWdiM0IwYVc5dVpHUUNFUThQRmdJZkR3VW1VR3hsWVhObElITmxiR1ZqZENBZ1pHVnphWEpsWkNCamIyeHNaV04wYVc5dUlHUmhkR1ZrWkFJVER3OFdBaDhQQlNaSmJuWmhiR2xrSUdSbGMybHlaV1FnWTI5c2JHVmpkR2x2YmlCa1lYUmxJR1p2Y20xaGRHUmtBaFVQRHhZQ0h3OEZVVk52Y25KNUxGZGxJRU5oYmlCdWIzUWdjSEp2ZG1sa1pTQlFhV05yTFZWd0lITmxjblpwWTJVZ2IyNGdjMlZzWldOMFpXUWdaR0YwWlM1UWJHVmhjMlVnYzJWc1pXTjBJRzkwYUdWeUlHUmhlV1JrQWhjUFpCWUVaZzhWQVhaRGIyNTBaVzUwVUd4aFkyVkliMnhrWlhKRVpXWmhkV3gwWDAxaGMzUmxjbEJzWVdObGFHOXNaR1Z5WDBGa1pISmxjM05NYVhOMFh6WmZZMjl0VUdsamExVndRV1JrY21WemMwOXdkR2x2Ym5OZmRuTlFhV05yVlhCUGNIUnBiMjVmWldOdmJWWmhiR2xrWVhScGIyNVRkVzF0WVhKNVpBSUNEeFVCZGtOdmJuUmxiblJRYkdGalpVaHZiR1JsY2tSbFptRjFiSFJmVFdGemRHVnlVR3hoWTJWb2IyeGtaWEpmUVdSa2NtVnpjMHhwYzNSZk5sOWpiMjFRYVdOclZYQkJaR1J5WlhOelQzQjBhVzl1YzE5MmMxQnBZMnRWY0U5d2RHbHZibDlsWTI5dFZtRnNhV1JoZEdsdmJsTjFiVzFoY25sa0FoNFBGUUdCQVVOdmJuUmxiblJRYkdGalpVaHZiR1JsY2tSbFptRjFiSFJmVFdGemRHVnlVR3hoWTJWb2IyeGtaWEpmUVdSa2NtVnpjMHhwYzNSZk5sOWpiMjFRYVdOclZYQkJaR1J5WlhOelQzQjBhVzl1YzE5d2JteEVjbUZuWVdKc1pWZHBibVJ2ZDBOdmJuUmxiblJmU1c1c2FXNWxUV1Z6YzJGblpVTnZiblJoYVc1bGNtUUNEQTg4S3dBUkF3QVBGZ1lmRUdjZkRtY2ZFUUlCWkFFUUZnQVdBQllBREJRckFBQVdBbVlQWkJZR1pnOFBGZ1FmRWdzckJBQWZCR2hrWkFJQkQyUVdBbVlQWkJZQ0FnRVBaQllHQWdFUFpCWUNBZ0VQRUE5a0ZnSWZFd1dyRFZObGJHVmpkRk5wYm1kc1pWSmhaR2x2WW5WMGRHOXVLSFJvYVhNdWFXUXBPeUJQYmxObGJHVmpkRUZrWkhKbGMzTW9KME52Ym5SbGJuUlFiR0ZqWlVodmJHUmxja1JsWm1GMWJIUmZUV0Z6ZEdWeVVHeGhZMlZvYjJ4a1pYSmZRV1JrY21WemMweHBjM1JmTmw5d2JteEVjbUZuWVdKc1pWZHBibVJ2ZDBOdmJuUmxiblFuTENjeUp5d25RbWxzYkdsdVp5Y3NKM3RjSWlScFpGd2lPbHdpTVZ3aUxGd2lVSEpwWTJWQlozSmxaVzFsYm5ST2RXMWlaWEpjSWpwdWRXeHNMRndpVm1GMFNXUkZlSFJjSWpwdWRXeHNMRndpUVdSa2FYUnBiMjVoYkVWdFlXbHNjMXdpT201MWJHd3NYQ0pCWkdSeVpYTnpVbVZtWENJNlhDSXpNVEV3TURBd016STJNVndpTEZ3aVFXUmtjbVZ6YzFSNWNHVkZiblZ0WENJNk1peGNJa05oYmtWa2FYUkJaR1J5WlhOelhDSTZkSEoxWlN4Y0lrTnBkSGxjSWpwY0lrTnBkSGt3TURGY0lpeGNJa052ZFc1MGNubGNJanA3WENJa2FXUmNJanBjSWpKY0lpeGNJa0ZzYkc5M1ZtRjBSWGhsYlhCMFhDSTZabUZzYzJVc1hDSkRiM1Z1ZEhKNVRtRnRaVndpT201MWJHd3NYQ0pKYm5OMFlXNWpaVk4wWVhSMWMwVnVkVzFjSWpvd0xGd2lTWE52UzJWNVhDSTZiblZzYkN4Y0lreGhibWQxWVdkbFhDSTZiblZzYkN4Y0lsSmxaMmx2Ymx3aU9tNTFiR3dzWENKVGFHOTNRM1Z6ZEc5dFJtbGxiR1F4WENJNlptRnNjMlVzWENKVGFHOTNRM1Z6ZEc5dFJtbGxiR1F5WENJNlptRnNjMlVzWENKVGFHOTNWbUYwWENJNlptRnNjMlVzWENKVGFYUmxYQ0k2Ym5Wc2JDeGNJbE4wWVhSbGMxd2lPbTUxYkd3c1hDSldaWEp6YVc5dVhDSTZNQ3hjSWt4aFltOXlZWFJ2Y21sbGMxd2lPbTUxYkd3c1hDSkpjMVpoZEVsa1RXRnVaR0YwYjNKNVhDSTZabUZzYzJVc1hDSmFhWEJEYjJSbFVtVm5aWGhjSWpwdWRXeHNMRndpU1dSY0lqb3dMRndpU1hOSVlYSmtSR1ZzWlhSbFpGd2lPbVpoYkhObGZTeGNJa04xYzNSdmJVWnBaV3hrTVZ3aU9tNTFiR3dzWENKRGRYTjBiMjFHYVdWc1pESmNJanB1ZFd4c0xGd2lSVzFoYVd4Y0lqcGNJbkJ1ZEdWemREQXdNVUJsZFhKdlptbHVjeTVqYjIxY0lpeGNJa1poZUZ3aU9sd2lNVEl6WENJc1hDSkdhWEp6ZEU1aGJXVmNJanBjSW5CdWRHVnpkR1l3TURGY0lpeGNJa2x1YzNSaGJtTmxVM1JoZEhWelJXNTFiVndpT2pBc1hDSkpjMFJsWm1GMWJIUmNJanAwY25WbExGd2lTWE5GWTI5dFQyNXNlVndpT25SeWRXVXNYQ0pNWVhOMFRtRnRaVndpT2x3aWNHNTBaWE4wYkRBd01Wd2lMRndpVEdsdVpURmNJanBjSWtWMWNtOW1hVzV6WENJc1hDSk1hVzVsTWx3aU9sd2lTVlJjSWl4Y0lreHBibVV6WENJNlhDSkhjbTkxY0Z3aUxGd2lUVzlpYVd4bFhDSTZYQ0k1TnpNNU5UWTFOalUyWENJc1hDSlFhRzl1WlZ3aU9sd2lPVGN6T1RVMk5UWTFObHdpTEZ3aVVHaHZibVZPYjBWNGRGd2lPbTUxYkd3c1hDSlNaV05wY0dsbGJuUmNJanB1ZFd4c0xGd2lVM1JoZEdWY0lqcDdYQ0lrYVdSY0lqcGNJak5jSWl4Y0lrTnZkVzUwY25sY0lqcHVkV3hzTEZ3aVNXNXpkR0Z1WTJWVGRHRjBkWE5GYm5WdFhDSTZNQ3hjSWxOMFlYUmxTMlY1WENJNmJuVnNiQ3hjSWxOMFlYUmxUbUZ0WlZ3aU9tNTFiR3dzWENKV1pYSnphVzl1WENJNk1DeGNJa2xrWENJNk1DeGNJa2x6U0dGeVpFUmxiR1YwWldSY0lqcG1ZV3h6Wlgwc1hDSlRkSEpsWlhSY0lqcGNJbE4wY21WbGREQXdNVndpTEZ3aVUzUnlaV1YwTWx3aU9sd2lVM1J5WldWME1EQXhYQ0lzWENKVGRISmxaWFF6WENJNlhDSlRkSEpsWlhRd01ERmNJaXhjSWxScGRHeGxYQ0k2WENKTlVsd2lMRndpVm1GMFNXUmNJanB1ZFd4c0xGd2lWMlZpYzJsMFpWd2lPbTUxYkd3c1hDSmFhWEJjSWpwY0lqVTJNREEwTWx3aUxGd2lTWE5XWVd4cFpHRjBaV1JjSWpwMGNuVmxMRndpVEdGMGFYUjFaR1ZjSWpwdWRXeHNMRndpVEc5dVoybDBkV1JsWENJNmJuVnNiQ3hjSWtselJYaHBjM1JwYm1kQ2FXeHNWRzljSWpwbVlXeHpaU3hjSWtselVtVmhaRTl1YkhsY0lqcG1ZV3h6WlN4Y0lrbHpUM0prWlhKRGIzQjVYQ0k2Wm1Gc2MyVXNYQ0pKWkZ3aU9qRXlOVGM1TkN4Y0lrbHpTR0Z5WkVSbGJHVjBaV1JjSWpwbVlXeHpaWDBuTENkRGIyNTBaVzUwVUd4aFkyVkliMnhrWlhKRVpXWmhkV3gwWDAxaGMzUmxjbEJzWVdObGFHOXNaR1Z5WDBGa1pISmxjM05NYVhOMFh6WmZhR1J1VTJWc1pXTjBaV1JCWkdSeVpYTnpTV1FuTENkRGIyNTBaVzUwVUd4aFkyVkliMnhrWlhKRVpXWmhkV3gwWDAxaGMzUmxjbEJzWVdObGFHOXNaR1Z5WDJoa2JrRmtaSEpsYzNOTWFYTjBVMlZzWldOMFpXUkJaR1J5WlhOelNXUmZRbWxzYkdsdVp5Y3BPMlJrWkFJREQyUVdBZ0lCRHhZQ0h4UUZYRU52Ym5SbGJuUlFiR0ZqWlVodmJHUmxja1JsWm1GMWJIUmZUV0Z6ZEdWeVVHeGhZMlZvYjJ4a1pYSmZRV1JrY21WemMweHBjM1JmTmw5bmRrRmtaSEpsYzNOTWFYTjBYM0prWW5SdVUyVnNaV04wUVdSa2NtVnpjMTh3RmdJQ0FROFdBaDhEQmUwQlRWSW1JekUyTUR0d2JuUmxjM1JtTURBeEppTXhOakE3Y0c1MFpYTjBiREF3TVNZak1UWXdPenhpY2k4K1JYVnliMlpwYm5NOFluSXZQa2xVUEdKeUx6NUhjbTkxY0R4aWNpOCtVM1J5WldWME1EQXhQR0p5THo1VGRISmxaWFF3TURFOFluSXZQbE4wY21WbGREQXdNVHhpY2k4K1EybDBlVEF3TVN3OFluSXZQa3RoY201aGRHRnJZU1lqTVRZd096eGljaTgrTlRZd01EUXlKaU14TmpBN1NXNWthV0VtSXpFMk1EczhZbkl2UGprM016azFOalUyTlRZOFluSXZQbkJ1ZEdWemREQXdNVUJsZFhKdlptbHVjeTVqYjIwOFluSXZQak14TVRBd01EQXpNall4SmlNeE5qQTdaQUlGRDJRV0JnSUJEdzhXQWg4REJRWkVaV3hsZEdVV0FoOFRCWmNUVTJodmQwUnBZV3h2WnlnaVBIQStSRzhnZVc5MUlISmxZV3hzZVNCM1lXNTBJSFJ2SUdSbGJHVjBaU0IwYUdseklHbDBaVzBvY3lrL1BDOXdQaUlzZXlKRWFXRnNiMmREYkdGemN5STZJaUlzSWtobGFXZG9kQ0k2SW1GMWRHOGlMQ0pOYjJSaGJDSTZkSEoxWlN3aVVHOXphWFJwYjI0aU9pSmpaVzUwWlhJaUxDSlhhV1IwYUNJNklqTXdNQ0lzSWtOc2IzTmhZbXhsSWpwMGNuVmxMQ0pVYVhSc1pTSTZJa1JsYkdWMFpTSXNJa0oxZEhSdmJqRlVaWGgwSWpvaVdXVnpJaXdpUW5WMGRHOXVNbFJsZUhRaU9pSk9ieUlzSWtKMWRIUnZiakZEWVd4c1ltRmpheUk2SWs5dVJHVnNaWFJsUVdSa2NtVnpjeUlzSWtKMWRIUnZiakpEWVd4c1ltRmpheUk2Ym5Wc2JDd2lRblYwZEc5dU1VTmhiR3hpWVdOclVHRnlZVzFsZEdWeWN5STZJbnRjSWtOc2FXVnVkRmRwYm1SdmQwTnZiblJsYm5SSlpGd2lPbHdpUTI5dWRHVnVkRkJzWVdObFNHOXNaR1Z5UkdWbVlYVnNkRjlOWVhOMFpYSlFiR0ZqWldodmJHUmxjbDlCWkdSeVpYTnpUR2x6ZEY4MlgzQnViRVJ5WVdkaFlteGxWMmx1Wkc5M1EyOXVkR1Z1ZEZ3aUxGd2lRV1JrY21WemMxUjVjR1ZGYm5WdFhDSTZYQ0pDYVd4c2FXNW5YQ0lzWENKS2MyOXVSV1JwZEVGa1pISmxjM05jSWpwN1hDSWthV1JjSWpwY0lqRmNJaXhjSWxCeWFXTmxRV2R5WldWdFpXNTBUblZ0WW1WeVhDSTZiblZzYkN4Y0lsWmhkRWxrUlhoMFhDSTZiblZzYkN4Y0lrRmtaR2wwYVc5dVlXeEZiV0ZwYkhOY0lqcHVkV3hzTEZ3aVFXUmtjbVZ6YzFKbFpsd2lPbHdpTXpFeE1EQXdNRE15TmpGY0lpeGNJa0ZrWkhKbGMzTlVlWEJsUlc1MWJWd2lPaklzWENKRFlXNUZaR2wwUVdSa2NtVnpjMXdpT25SeWRXVXNYQ0pEYVhSNVhDSTZYQ0pEYVhSNU1EQXhYQ0lzWENKRGIzVnVkSEo1WENJNmUxd2lKR2xrWENJNlhDSXlYQ0lzWENKQmJHeHZkMVpoZEVWNFpXMXdkRndpT21aaGJITmxMRndpUTI5MWJuUnllVTVoYldWY0lqcHVkV3hzTEZ3aVNXNXpkR0Z1WTJWVGRHRjBkWE5GYm5WdFhDSTZNQ3hjSWtsemIwdGxlVndpT201MWJHd3NYQ0pNWVc1bmRXRm5aVndpT201MWJHd3NYQ0pTWldkcGIyNWNJanB1ZFd4c0xGd2lVMmh2ZDBOMWMzUnZiVVpwWld4a01Wd2lPbVpoYkhObExGd2lVMmh2ZDBOMWMzUnZiVVpwWld4a01sd2lPbVpoYkhObExGd2lVMmh2ZDFaaGRGd2lPbVpoYkhObExGd2lVMmwwWlZ3aU9tNTFiR3dzWENKVGRHRjBaWE5jSWpwdWRXeHNMRndpVm1WeWMybHZibHdpT2pBc1hDSk1ZV0p2Y21GMGIzSnBaWE5jSWpwdWRXeHNMRndpU1hOV1lYUkpaRTFoYm1SaGRHOXllVndpT21aaGJITmxMRndpV21sd1EyOWtaVkpsWjJWNFhDSTZiblZzYkN4Y0lrbGtYQ0k2TUN4Y0lrbHpTR0Z5WkVSbGJHVjBaV1JjSWpwbVlXeHpaWDBzWENKRGRYTjBiMjFHYVdWc1pERmNJanB1ZFd4c0xGd2lRM1Z6ZEc5dFJtbGxiR1F5WENJNmJuVnNiQ3hjSWtWdFlXbHNYQ0k2WENKd2JuUmxjM1F3TURGQVpYVnliMlpwYm5NdVkyOXRYQ0lzWENKR1lYaGNJanBjSWpFeU0xd2lMRndpUm1seWMzUk9ZVzFsWENJNlhDSndiblJsYzNSbU1EQXhYQ0lzWENKSmJuTjBZVzVqWlZOMFlYUjFjMFZ1ZFcxY0lqb3dMRndpU1hORVpXWmhkV3gwWENJNmRISjFaU3hjSWtselJXTnZiVTl1YkhsY0lqcDBjblZsTEZ3aVRHRnpkRTVoYldWY0lqcGNJbkJ1ZEdWemRHd3dNREZjSWl4Y0lreHBibVV4WENJNlhDSkZkWEp2Wm1sdWMxd2lMRndpVEdsdVpUSmNJanBjSWtsVVhDSXNYQ0pNYVc1bE0xd2lPbHdpUjNKdmRYQmNJaXhjSWsxdlltbHNaVndpT2x3aU9UY3pPVFUyTlRZMU5sd2lMRndpVUdodmJtVmNJanBjSWprM016azFOalUyTlRaY0lpeGNJbEJvYjI1bFRtOUZlSFJjSWpwdWRXeHNMRndpVW1WamFYQnBaVzUwWENJNmJuVnNiQ3hjSWxOMFlYUmxYQ0k2ZTF3aUpHbGtYQ0k2WENJelhDSXNYQ0pEYjNWdWRISjVYQ0k2Ym5Wc2JDeGNJa2x1YzNSaGJtTmxVM1JoZEhWelJXNTFiVndpT2pBc1hDSlRkR0YwWlV0bGVWd2lPbTUxYkd3c1hDSlRkR0YwWlU1aGJXVmNJanB1ZFd4c0xGd2lWbVZ5YzJsdmJsd2lPakFzWENKSlpGd2lPakFzWENKSmMwaGhjbVJFWld4bGRHVmtYQ0k2Wm1Gc2MyVjlMRndpVTNSeVpXVjBYQ0k2WENKVGRISmxaWFF3TURGY0lpeGNJbE4wY21WbGRESmNJanBjSWxOMGNtVmxkREF3TVZ3aUxGd2lVM1J5WldWME0xd2lPbHdpVTNSeVpXVjBNREF4WENJc1hDSlVhWFJzWlZ3aU9sd2lUVkpjSWl4Y0lsWmhkRWxrWENJNmJuVnNiQ3hjSWxkbFluTnBkR1ZjSWpwdWRXeHNMRndpV21sd1hDSTZYQ0kxTmpBd05ESmNJaXhjSWtselZtRnNhV1JoZEdWa1hDSTZkSEoxWlN4Y0lreGhkR2wwZFdSbFhDSTZiblZzYkN4Y0lreHZibWRwZEhWa1pWd2lPbTUxYkd3c1hDSkpjMFY0YVhOMGFXNW5RbWxzYkZSdlhDSTZabUZzYzJVc1hDSkpjMUpsWVdSUGJteDVYQ0k2Wm1Gc2MyVXNYQ0pKYzA5eVpHVnlRMjl3ZVZ3aU9tWmhiSE5sTEZ3aVNXUmNJam94TWpVM09UUXNYQ0pKYzBoaGNtUkVaV3hsZEdWa1hDSTZabUZzYzJWOUxGd2lTR1J1VTJWc1pXTjBaV1JCWkdSeVpYTnpTV1JEYkdsbGJuUkpaRndpT2x3aVEyOXVkR1Z1ZEZCc1lXTmxTRzlzWkdWeVJHVm1ZWFZzZEY5TllYTjBaWEpRYkdGalpXaHZiR1JsY2w5QlpHUnlaWE56VEdsemRGODJYMmhrYmxObGJHVmpkR1ZrUVdSa2NtVnpjMGxrWENJc1hDSlhhVzVrYjNkVFpXeGxZM1JsWkVGa1pISmxjM05JYVdSa1pXNUdhV1ZzWkVOc2FXVnVkRWxrWENJNlhDSkRiMjUwWlc1MFVHeGhZMlZJYjJ4a1pYSkVaV1poZFd4MFgwMWhjM1JsY2xCc1lXTmxhRzlzWkdWeVgyaGtia0ZrWkhKbGMzTk1hWE4wVTJWc1pXTjBaV1JCWkdSeVpYTnpTV1JmUW1sc2JHbHVaMXdpTEZ3aVIzSnBkSFJsY2sxbGMzTmhaMlZJWldGa1pYSmNJanBjSWtSbGJHVjBaV1JjSWl4Y0lrZHlhWFIwWlhKTlpYTnpZV2RsUTI5dWRHVnVkRlJsZUhSY0lqcGNJbE4xWTJObGMzTm1kV3hzZVNCRVpXeGxkR1ZrWENJc1hDSkNhV3hzYVc1blFXUmtjbVZ6YzBOdmRXNTBYQ0k2TVN4Y0lrUnBjMkZpYkdWQlpHUnlaWE56VTJ0cGNFWnZjazExYkhScGNHeGxRbWxzYkdsdVoxd2lPblJ5ZFdWOUlpd2lRblYwZEc5dU1rTmhiR3hpWVdOclVHRnlZVzFsZEdWeWN5STZiblZzYkN3aVVtVnphWHBoWW14bElqcG1ZV3h6WlN3aVJISmhaMmRoWW14bElqcG1ZV3h6WlN3aVFYVjBiMDl3Wlc0aU9tWmhiSE5sTENKQmNIQmxibVJVYnlJNkltSnZaSGtpTENKTllYaElaV2xuYUhRaU9qUXdNQ3dpVFdGNFYybGtkR2dpT2pNd01Dd2lUV2x1U0dWcFoyaDBJam94TlRBc0lrMXBibGRwWkhSb0lqb3hOVEI5S1RzZ2NtVjBkWEp1SUdaaGJITmxPMlFDQXc4UEZnSWZBd1VFUTI5d2VSWUNIeE1GdFE1UGJrRmtaRTVsZDBGa1pISmxjM01vSjBOdmJuUmxiblJRYkdGalpVaHZiR1JsY2tSbFptRjFiSFJmVFdGemRHVnlVR3hoWTJWb2IyeGtaWEpmUVdSa2NtVnpjMHhwYzNSZk5sOXdibXhCWkdSeVpYTnpSR2xoYkc5bkp5d25RbWxzYkdsdVp5Y3NKM3RjSWlScFpGd2lPbHdpTVZ3aUxGd2lVSEpwWTJWQlozSmxaVzFsYm5ST2RXMWlaWEpjSWpwdWRXeHNMRndpVm1GMFNXUkZlSFJjSWpwdWRXeHNMRndpUVdSa2FYUnBiMjVoYkVWdFlXbHNjMXdpT201MWJHd3NYQ0pCWkdSeVpYTnpVbVZtWENJNmJuVnNiQ3hjSWtGa1pISmxjM05VZVhCbFJXNTFiVndpT2pJc1hDSkRZVzVGWkdsMFFXUmtjbVZ6YzF3aU9uUnlkV1VzWENKRGFYUjVYQ0k2WENKRGFYUjVNREF4WENJc1hDSkRiM1Z1ZEhKNVhDSTZlMXdpSkdsa1hDSTZYQ0l5WENJc1hDSkJiR3h2ZDFaaGRFVjRaVzF3ZEZ3aU9uUnlkV1VzWENKRGIzVnVkSEo1VG1GdFpWd2lPbHdpU1c1a2FXRmNJaXhjSWtsdWMzUmhibU5sVTNSaGRIVnpSVzUxYlZ3aU9qQXNYQ0pKYzI5TFpYbGNJanBjSWtsT1hDSXNYQ0pNWVc1bmRXRm5aVndpT250Y0lpUnBaRndpT2x3aU0xd2lMRndpUTI5a1pWd2lPbHdpWlc1Y0lpeGNJa04xYkhSMWNtVkRiMlJsWENJNlhDSmxiaTFWVTF3aUxGd2lTVzFoWjJWUVlYUm9YQ0k2WENJdmFXMWhaMlZ6TDJac1lXZHpMMVZUTG1kcFpsd2lMRndpU1c1emRHRnVZMlZUZEdGMGRYTkZiblZ0WENJNk1DeGNJazVoYldWY0lqcGNJa1Z1WjJ4cGMyaGNJaXhjSWxOdmNuUlBjbVJsY2x3aU9qRXNYQ0pXWlhKemFXOXVYQ0k2TUN4Y0lrbGtYQ0k2TVN4Y0lrbHpTR0Z5WkVSbGJHVjBaV1JjSWpwbVlXeHpaWDBzWENKU1pXZHBiMjVjSWpwdWRXeHNMRndpVTJodmQwTjFjM1J2YlVacFpXeGtNVndpT21aaGJITmxMRndpVTJodmQwTjFjM1J2YlVacFpXeGtNbHdpT21aaGJITmxMRndpVTJodmQxWmhkRndpT21aaGJITmxMRndpVTJsMFpWd2lPbTUxYkd3c1hDSlRkR0YwWlhOY0lqcHVkV3hzTEZ3aVZtVnljMmx2Ymx3aU9qRXdMRndpVEdGaWIzSmhkRzl5YVdWelhDSTZiblZzYkN4Y0lrbHpWbUYwU1dSTllXNWtZWFJ2Y25sY0lqcG1ZV3h6WlN4Y0lscHBjRU52WkdWU1pXZGxlRndpT2x3aVhseGNYRnhrZXpaOUpGd2lMRndpU1dSY0lqbzNOeXhjSWtselNHRnlaRVJsYkdWMFpXUmNJanBtWVd4elpYMHNYQ0pEZFhOMGIyMUdhV1ZzWkRGY0lqcHVkV3hzTEZ3aVEzVnpkRzl0Um1sbGJHUXlYQ0k2Ym5Wc2JDeGNJa1Z0WVdsc1hDSTZYQ0p3Ym5SbGMzUXdNREZBWlhWeWIyWnBibk11WTI5dFhDSXNYQ0pHWVhoY0lqcGNJakV5TTF3aUxGd2lSbWx5YzNST1lXMWxYQ0k2WENKd2JuUmxjM1JtTURBeFhDSXNYQ0pKYm5OMFlXNWpaVk4wWVhSMWMwVnVkVzFjSWpvd0xGd2lTWE5FWldaaGRXeDBYQ0k2Wm1Gc2MyVXNYQ0pKYzBWamIyMVBibXg1WENJNmRISjFaU3hjSWt4aGMzUk9ZVzFsWENJNlhDSndiblJsYzNSc01EQXhYQ0lzWENKTWFXNWxNVndpT2x3aVJYVnliMlpwYm5OY0lpeGNJa3hwYm1VeVhDSTZYQ0pKVkZ3aUxGd2lUR2x1WlROY0lqcGNJa2R5YjNWd1hDSXNYQ0pOYjJKcGJHVmNJanBjSWprM016azFOalUyTlRaY0lpeGNJbEJvYjI1bFhDSTZYQ0k1TnpNNU5UWTFOalUyWENJc1hDSlFhRzl1WlU1dlJYaDBYQ0k2Ym5Wc2JDeGNJbEpsWTJsd2FXVnVkRndpT201MWJHd3NYQ0pUZEdGMFpWd2lPbnRjSWlScFpGd2lPbHdpTkZ3aUxGd2lRMjkxYm5SeWVWd2lPbTUxYkd3c1hDSkpibk4wWVc1alpWTjBZWFIxYzBWdWRXMWNJam93TEZ3aVUzUmhkR1ZMWlhsY0lqcGNJa2xPTFV0QlhDSXNYQ0pUZEdGMFpVNWhiV1ZjSWpwY0lrdGhjbTVoZEdGcllWd2lMRndpVm1WeWMybHZibHdpT2pBc1hDSkpaRndpT2pFMU1ERXNYQ0pKYzBoaGNtUkVaV3hsZEdWa1hDSTZabUZzYzJWOUxGd2lVM1J5WldWMFhDSTZYQ0pUZEhKbFpYUXdNREZjSWl4Y0lsTjBjbVZsZERKY0lqcGNJbE4wY21WbGREQXdNVndpTEZ3aVUzUnlaV1YwTTF3aU9sd2lVM1J5WldWME1EQXhYQ0lzWENKVWFYUnNaVndpT2x3aVRWSmNJaXhjSWxaaGRFbGtYQ0k2Ym5Wc2JDeGNJbGRsWW5OcGRHVmNJanB1ZFd4c0xGd2lXbWx3WENJNlhDSTFOakF3TkRKY0lpeGNJa2x6Vm1Gc2FXUmhkR1ZrWENJNmRISjFaU3hjSWt4aGRHbDBkV1JsWENJNmJuVnNiQ3hjSWt4dmJtZHBkSFZrWlZ3aU9tNTFiR3dzWENKSmMwVjRhWE4wYVc1blFtbHNiRlJ2WENJNlptRnNjMlVzWENKSmMxSmxZV1JQYm14NVhDSTZabUZzYzJVc1hDSkpjMDl5WkdWeVEyOXdlVndpT21aaGJITmxMRndpU1dSY0lqb3dMRndpU1hOSVlYSmtSR1ZzWlhSbFpGd2lPbVpoYkhObGZTY3NKME52Ym5SbGJuUlFiR0ZqWlVodmJHUmxja1JsWm1GMWJIUmZUV0Z6ZEdWeVVHeGhZMlZvYjJ4a1pYSmZhR1J1UVdSa2NtVnpjMHhwYzNSVFpXeGxZM1JsWkVGa1pISmxjM05KWkY5Q2FXeHNhVzVuSnl3blUyRjJaV1FuTENkVGRXTmpaWE56Wm5Wc2JIa2dRMjl3YVdWa0p5azdJSEpsZEhWeWJpQm1ZV3h6WlR0a0FnVVBEeFlDSHdNRkJFVmthWFFXQWg4VEJhNE5UMjVGWkdsMFFXUmtjbVZ6Y3lnblEyOXVkR1Z1ZEZCc1lXTmxTRzlzWkdWeVJHVm1ZWFZzZEY5TllYTjBaWEpRYkdGalpXaHZiR1JsY2w5QlpHUnlaWE56VEdsemRGODJYM0J1YkVGa1pISmxjM05FYVdGc2IyY25MQ2RDYVd4c2FXNW5KeXduZTF3aUpHbGtYQ0k2WENJeFhDSXNYQ0pRY21salpVRm5jbVZsYldWdWRFNTFiV0psY2x3aU9tNTFiR3dzWENKV1lYUkpaRVY0ZEZ3aU9tNTFiR3dzWENKQlpHUnBkR2x2Ym1Gc1JXMWhhV3h6WENJNmJuVnNiQ3hjSWtGa1pISmxjM05TWldaY0lqcGNJak14TVRBd01EQXpNall4WENJc1hDSkJaR1J5WlhOelZIbHdaVVZ1ZFcxY0lqb3lMRndpUTJGdVJXUnBkRUZrWkhKbGMzTmNJanAwY25WbExGd2lRMmwwZVZ3aU9sd2lRMmwwZVRBd01Wd2lMRndpUTI5MWJuUnllVndpT250Y0lpUnBaRndpT2x3aU1sd2lMRndpUVd4c2IzZFdZWFJGZUdWdGNIUmNJanBtWVd4elpTeGNJa052ZFc1MGNubE9ZVzFsWENJNmJuVnNiQ3hjSWtsdWMzUmhibU5sVTNSaGRIVnpSVzUxYlZ3aU9qQXNYQ0pKYzI5TFpYbGNJanB1ZFd4c0xGd2lUR0Z1WjNWaFoyVmNJanB1ZFd4c0xGd2lVbVZuYVc5dVhDSTZiblZzYkN4Y0lsTm9iM2REZFhOMGIyMUdhV1ZzWkRGY0lqcG1ZV3h6WlN4Y0lsTm9iM2REZFhOMGIyMUdhV1ZzWkRKY0lqcG1ZV3h6WlN4Y0lsTm9iM2RXWVhSY0lqcG1ZV3h6WlN4Y0lsTnBkR1ZjSWpwdWRXeHNMRndpVTNSaGRHVnpYQ0k2Ym5Wc2JDeGNJbFpsY25OcGIyNWNJam93TEZ3aVRHRmliM0poZEc5eWFXVnpYQ0k2Ym5Wc2JDeGNJa2x6Vm1GMFNXUk5ZVzVrWVhSdmNubGNJanBtWVd4elpTeGNJbHBwY0VOdlpHVlNaV2RsZUZ3aU9tNTFiR3dzWENKSlpGd2lPakFzWENKSmMwaGhjbVJFWld4bGRHVmtYQ0k2Wm1Gc2MyVjlMRndpUTNWemRHOXRSbWxsYkdReFhDSTZiblZzYkN4Y0lrTjFjM1J2YlVacFpXeGtNbHdpT201MWJHd3NYQ0pGYldGcGJGd2lPbHdpY0c1MFpYTjBNREF4UUdWMWNtOW1hVzV6TG1OdmJWd2lMRndpUm1GNFhDSTZYQ0l4TWpOY0lpeGNJa1pwY25OMFRtRnRaVndpT2x3aWNHNTBaWE4wWmpBd01Wd2lMRndpU1c1emRHRnVZMlZUZEdGMGRYTkZiblZ0WENJNk1DeGNJa2x6UkdWbVlYVnNkRndpT25SeWRXVXNYQ0pKYzBWamIyMVBibXg1WENJNmRISjFaU3hjSWt4aGMzUk9ZVzFsWENJNlhDSndiblJsYzNSc01EQXhYQ0lzWENKTWFXNWxNVndpT2x3aVJYVnliMlpwYm5OY0lpeGNJa3hwYm1VeVhDSTZYQ0pKVkZ3aUxGd2lUR2x1WlROY0lqcGNJa2R5YjNWd1hDSXNYQ0pOYjJKcGJHVmNJanBjSWprM016azFOalUyTlRaY0lpeGNJbEJvYjI1bFhDSTZYQ0k1TnpNNU5UWTFOalUyWENJc1hDSlFhRzl1WlU1dlJYaDBYQ0k2Ym5Wc2JDeGNJbEpsWTJsd2FXVnVkRndpT201MWJHd3NYQ0pUZEdGMFpWd2lPbnRjSWlScFpGd2lPbHdpTTF3aUxGd2lRMjkxYm5SeWVWd2lPbTUxYkd3c1hDSkpibk4wWVc1alpWTjBZWFIxYzBWdWRXMWNJam93TEZ3aVUzUmhkR1ZMWlhsY0lqcHVkV3hzTEZ3aVUzUmhkR1ZPWVcxbFhDSTZiblZzYkN4Y0lsWmxjbk5wYjI1Y0lqb3dMRndpU1dSY0lqb3dMRndpU1hOSVlYSmtSR1ZzWlhSbFpGd2lPbVpoYkhObGZTeGNJbE4wY21WbGRGd2lPbHdpVTNSeVpXVjBNREF4WENJc1hDSlRkSEpsWlhReVhDSTZYQ0pUZEhKbFpYUXdNREZjSWl4Y0lsTjBjbVZsZEROY0lqcGNJbE4wY21WbGREQXdNVndpTEZ3aVZHbDBiR1ZjSWpwY0lrMVNYQ0lzWENKV1lYUkpaRndpT201MWJHd3NYQ0pYWldKemFYUmxYQ0k2Ym5Wc2JDeGNJbHBwY0Z3aU9sd2lOVFl3TURReVhDSXNYQ0pKYzFaaGJHbGtZWFJsWkZ3aU9uUnlkV1VzWENKTVlYUnBkSFZrWlZ3aU9tNTFiR3dzWENKTWIyNW5hWFIxWkdWY0lqcHVkV3hzTEZ3aVNYTkZlR2x6ZEdsdVowSnBiR3hVYjF3aU9tWmhiSE5sTEZ3aVNYTlNaV0ZrVDI1c2VWd2lPbVpoYkhObExGd2lTWE5QY21SbGNrTnZjSGxjSWpwbVlXeHpaU3hjSWtsa1hDSTZNVEkxTnprMExGd2lTWE5JWVhKa1JHVnNaWFJsWkZ3aU9tWmhiSE5sZlNjc0owTnZiblJsYm5SUWJHRmpaVWh2YkdSbGNrUmxabUYxYkhSZlRXRnpkR1Z5VUd4aFkyVm9iMnhrWlhKZlFXUmtjbVZ6YzB4cGMzUmZObDlvWkc1VFpXeGxZM1JsWkVGa1pISmxjM05KWkNjc0owTnZiblJsYm5SUWJHRmpaVWh2YkdSbGNrUmxabUYxYkhSZlRXRnpkR1Z5VUd4aFkyVm9iMnhrWlhKZmFHUnVRV1JrY21WemMweHBjM1JUWld4bFkzUmxaRUZrWkhKbGMzTkpaRjlDYVd4c2FXNW5KeXdnWm1Gc2MyVXNKMU5oZG1Wa0p5d25VM1ZqWTJWemMyWjFiR3g1SUVWa2FYUmxaQ2NwT3lCeVpYUjFjbTRnWm1Gc2MyVTdaQUlDRHc4V0FoOEVhR1JrQWcwUEZRRnBRMjl1ZEdWdWRGQnNZV05sU0c5c1pHVnlSR1ZtWVhWc2RGOU5ZWE4wWlhKUWJHRmpaV2h2YkdSbGNsOUJaR1J5WlhOelRHbHpkRjgyWDNCdWJFUnlZV2RoWW14bFYybHVaRzkzUTI5dWRHVnVkRjlKYm14cGJtVk5aWE56WVdkbFEyOXVkR0ZwYm1WeVpBSU9EeFlDSHdvRkdVRmtaQ0JoSUc1bGR5QmlhV3hzYVc1bklHRmtaSEpsYzNNV0FnSUJEdzhXQWg4REJROUJaR1FnYm1WM0lHRmtaSEpsYzNNV0FoOFRCYWdLVDI1QlpHUk9aWGRCWkdSeVpYTnpLQ2REYjI1MFpXNTBVR3hoWTJWSWIyeGtaWEpFWldaaGRXeDBYMDFoYzNSbGNsQnNZV05sYUc5c1pHVnlYMEZrWkhKbGMzTk1hWE4wWHpaZmNHNXNRV1JrY21WemMwUnBZV3h2Wnljc0owSnBiR3hwYm1jbkxDZDdJaVJwWkNJNklqRWlMQ0pRY21salpVRm5jbVZsYldWdWRFNTFiV0psY2lJNmJuVnNiQ3dpVm1GMFNXUkZlSFFpT201MWJHd3NJa0ZrWkdsMGFXOXVZV3hGYldGcGJITWlPbTUxYkd3c0lrRmtaSEpsYzNOU1pXWWlPbTUxYkd3c0lrRmtaSEpsYzNOVWVYQmxSVzUxYlNJNk1Dd2lRMkZ1UldScGRFRmtaSEpsYzNNaU9tWmhiSE5sTENKRGFYUjVJanB1ZFd4c0xDSkRiM1Z1ZEhKNUlqcDdJaVJwWkNJNklqSWlMQ0pCYkd4dmQxWmhkRVY0Wlcxd2RDSTZabUZzYzJVc0lrTnZkVzUwY25sT1lXMWxJanB1ZFd4c0xDSkpibk4wWVc1alpWTjBZWFIxYzBWdWRXMGlPakFzSWtsemIwdGxlU0k2Ym5Wc2JDd2lUR0Z1WjNWaFoyVWlPbTUxYkd3c0lsSmxaMmx2YmlJNmJuVnNiQ3dpVTJodmQwTjFjM1J2YlVacFpXeGtNU0k2Wm1Gc2MyVXNJbE5vYjNkRGRYTjBiMjFHYVdWc1pESWlPbVpoYkhObExDSlRhRzkzVm1GMElqcG1ZV3h6WlN3aVUybDBaU0k2Ym5Wc2JDd2lVM1JoZEdWeklqcHVkV3hzTENKV1pYSnphVzl1SWpvd0xDSk1ZV0p2Y21GMGIzSnBaWE1pT201MWJHd3NJa2x6Vm1GMFNXUk5ZVzVrWVhSdmNua2lPbVpoYkhObExDSmFhWEJEYjJSbFVtVm5aWGdpT201MWJHd3NJa2xrSWpvd0xDSkpjMGhoY21SRVpXeGxkR1ZrSWpwbVlXeHpaWDBzSWtOMWMzUnZiVVpwWld4a01TSTZiblZzYkN3aVEzVnpkRzl0Um1sbGJHUXlJanB1ZFd4c0xDSkZiV0ZwYkNJNmJuVnNiQ3dpUm1GNElqcHVkV3hzTENKR2FYSnpkRTVoYldVaU9tNTFiR3dzSWtsdWMzUmhibU5sVTNSaGRIVnpSVzUxYlNJNk1Dd2lTWE5FWldaaGRXeDBJanBtWVd4elpTd2lTWE5GWTI5dFQyNXNlU0k2Wm1Gc2MyVXNJa3hoYzNST1lXMWxJanB1ZFd4c0xDSk1hVzVsTVNJNmJuVnNiQ3dpVEdsdVpUSWlPbTUxYkd3c0lreHBibVV6SWpwdWRXeHNMQ0pOYjJKcGJHVWlPbTUxYkd3c0lsQm9iMjVsSWpwdWRXeHNMQ0pRYUc5dVpVNXZSWGgwSWpwdWRXeHNMQ0pTWldOcGNHbGxiblFpT201MWJHd3NJbE4wWVhSbElqcDdJaVJwWkNJNklqTWlMQ0pEYjNWdWRISjVJanB1ZFd4c0xDSkpibk4wWVc1alpWTjBZWFIxYzBWdWRXMGlPakFzSWxOMFlYUmxTMlY1SWpwdWRXeHNMQ0pUZEdGMFpVNWhiV1VpT201MWJHd3NJbFpsY25OcGIyNGlPakFzSWtsa0lqb3dMQ0pKYzBoaGNtUkVaV3hsZEdWa0lqcG1ZV3h6Wlgwc0lsTjBjbVZsZENJNmJuVnNiQ3dpVTNSeVpXVjBNaUk2Ym5Wc2JDd2lVM1J5WldWME15STZiblZzYkN3aVZHbDBiR1VpT201MWJHd3NJbFpoZEVsa0lqcHVkV3hzTENKWFpXSnphWFJsSWpwdWRXeHNMQ0phYVhBaU9tNTFiR3dzSWtselZtRnNhV1JoZEdWa0lqcG1ZV3h6WlN3aVRHRjBhWFIxWkdVaU9tNTFiR3dzSWt4dmJtZHBkSFZrWlNJNmJuVnNiQ3dpU1hORmVHbHpkR2x1WjBKcGJHeFVieUk2Wm1Gc2MyVXNJa2x6VW1WaFpFOXViSGtpT21aaGJITmxMQ0pKYzA5eVpHVnlRMjl3ZVNJNlptRnNjMlVzSWtsa0lqb3dMQ0pKYzBoaGNtUkVaV3hsZEdWa0lqcG1ZV3h6WlgwbkxDZERiMjUwWlc1MFVHeGhZMlZJYjJ4a1pYSkVaV1poZFd4MFgwMWhjM1JsY2xCc1lXTmxhRzlzWkdWeVgyaGtia0ZrWkhKbGMzTk1hWE4wVTJWc1pXTjBaV1JCWkdSeVpYTnpTV1JmUW1sc2JHbHVaeWNwT3lCeVpYUjFjbTRnWm1Gc2MyVTdaQUlGRDJRV0FtWVBEeFlDSHcwRkVVUnliM0JpYjNnZ1RHOWpZWFJwYjI1elpCWUtBZ01QRmdJZkF3VVRVMlZzWldOMElIbHZkWElnWkhKdmNHSnZlR1FDQlE4V0FoOERCU1ZFYVhOd2JHRjVJRVJ5YjNCQ2IzaGxjeUJwYmlBeU1DQk5hV3hsSUhKaGJtZGxJRzltWkFJSER3OFdBaDhEQlFZMU5qQXdOREprWkFJSUR4VUJhVU52Ym5SbGJuUlFiR0ZqWlVodmJHUmxja1JsWm1GMWJIUmZUV0Z6ZEdWeVVHeGhZMlZvYjJ4a1pYSmZkV05FY205d1FtOTRaWE5mTjE5d2JteEVjbUZuWVdKc1pWZHBibVJ2ZDBOdmJuUmxiblJmU1c1c2FXNWxUV1Z6YzJGblpVTnZiblJoYVc1bGNtUUNDUThQRmdJZkJHaGtGZ1lDQVE4V0FoNEZWbUZzZFdWa1pBSUREeFlDSHhVRlEzc2lSR2x6ZEdGdVkyVkpibEpoWkdsMWN5STZNakFzSWxWdWFYUlBaa1JwYzNSaGJtTmxJam95TENKSmJtbDBhV0ZzVFdGd1dtOXZiVXhsZG1Wc0lqb3hOWDFrQWdjUEZnSWZFUUwvLy8vL0QyUUNCdzlrRmdKbUR3OFdBaDhFYUdRV0JBSUtEMlFXQWdJTER4QmtaQllBWkFJTUR6d3JBQkVDQVJBV0FCWUFGZ0FNRkNzQUFHUUNDUTlrRmdKbUQyUVdCQUlERDJRV0FtWVBGUUUyVTI5dFpTQjJZV3hwWkdGMGFXOXVJR2x6YzNWbElHOWpZM1Z5Y3k0Z1VHeGxZWE5sSUdOb1pXTnJJSGx2ZFhJZ2FXNXdkWFF1WkFJRkR3OFdBaDhEQlFoVFlYWmxWR1Z6ZEdSa0FoVVBaQllDWmc5a0ZnSm1EeFVCcGdaMllYSWdjMmh2ZDFCeWIyZHlaWE56UW1GeVFXWjBaWEk5TWpBd093MEtkbUZ5SUcxbGMzTmhaMlZRY205bmNtVnpjMEpoY2owblVHeGxZWE5sSUhkaGFYUXVMaTRuT3cwS2RtRnlJSEJ5YjJkeVpYTnpRbUZ5VkdsMGJHVTlKMUJzWldGelpTQjNZV2wwTGk0dUp6c05DblpoY2lCd2NtOW5jbVZ6YzBKaGNrTmhibU5sYkVKMWRIUnZibFJsZUhROUowTmhibU5sYkNjN0RRcDJZWElnWVd4bGNuUk5aWE56WVdkbFFuVjBkRzl1VkdWNGREMG5UMnNuT3cwS2RtRnlJR0ZzWlhKMFRXVnpjMkZuWlZScGRHeGxQU2RCYkdWeWRDQk5aWE56WVdkbEp6c05DblpoY2lCdmNHVnliMjVUYVhSbFZYSnNQU2NuT3cwS2RtRnlJR04xY25KbGJuUlRhWFJsUTI5a1pUMG5SVUpGSnpzTkNuWmhjaUJ6ZFdKRWIyMWhhVzQ5SjFGQkp6c05DblpoY2lCd2IzSjBUblZ0WW1WeVBTYzRNU2M3RFFwMllYSWdjSEpsVEc5aFpFbHRZV2RsVEdsemREMWJKeTlqYzNNdlpYaDBMMnB4ZFdWeWVYUm9aVzFsY3k5cGJXRm5aWE12ZFdrdFltZGZaMnhoYzNOZk5UVmZNV014WXpGalh6RjROREF3TG5CdVp5ZGRPdzBLZG1GeUlIQnlhV05wYm1kRVpYUmhhV3h6UTJ4dmMyVkNkWFIwYjI1VVpYaDBQU2REYkc5elpTYzdEUXAyWVhJZ1FXUmtRblYwZEc5dVVtVnpiM1Z5WTJWVVpYaDBJRDBnSjBGa1pDYzdEUXAyWVhJZ1EyRnVZMlZzUW5WMGRHOXVVbVZ6YjNWeVkyVlVaWGgwSUQwZ0owTmhibU5sYkNjN0RRcDJZWElnUTJ4dmMyVkNkWFIwYjI1U1pYTnZkWEpqWlZSbGVIUWdQU0FuUTJ4dmMyVW5PdzBLZG1GeUlGTmhkbVZDZFhSMGIyNVNaWE52ZFhKalpWUmxlSFFnUFNBblUyRjJaU2M3RFFwMllYSWdUbTlDZFhSMGIyNVNaWE52ZFhKalpWUmxlSFFnUFNBblRtOG5PdzBLZG1GeUlGbGxjMEoxZEhSdmJsSmxjMjkxY21ObFZHVjRkQ0E5SUNkWlpYTW5PdzBLZG1GeUlGUm9hV05yUW05NFEyeHZjMlZVWlhoMFVtVnpiM1Z5WTJVZ1BTQW5iM0lnUlhOaklFdGxlU2M3RFFwMllYSWdWR2hwWTJ0Q2IzaERiRzl6WlV4cGJtdFNaWE52ZFhKalpTQTlJQ2RqYkc5elpTYzdEUXAyWVhJZ1pHVndiRzk1YldWdWRFVnVkbWx5YjI1dFpXNTBJRDBnSjFGQkp6c05DbVFZQkFVZVgxOURiMjUwY205c2MxSmxjWFZwY21WUWIzTjBRbUZqYTB0bGVWOWZGZ0lGY21OMGJEQXdKR04wYkRBd0pHTjBiREF3SkVOdmJuUmxiblJRYkdGalpVaHZiR1JsY2tSbFptRjFiSFFrVFdGemRHVnlVR3hoWTJWb2IyeGtaWElrUVdSa2NtVnpjMHhwYzNSZk5TUm5ka0ZrWkhKbGMzTk1hWE4wSkdOMGJEQXlKSEprWW5SdVUyVnNaV04wUVdSa2NtVnpjd1Z5WTNSc01EQWtZM1JzTURBa1kzUnNNREFrUTI5dWRHVnVkRkJzWVdObFNHOXNaR1Z5UkdWbVlYVnNkQ1JOWVhOMFpYSlFiR0ZqWldodmJHUmxjaVJCWkdSeVpYTnpUR2x6ZEY4MkpHZDJRV1JrY21WemMweHBjM1FrWTNSc01ESWtjbVJpZEc1VFpXeGxZM1JCWkdSeVpYTnpCVmxqZEd3d01DUmpkR3d3TUNSamRHd3dNQ1JEYjI1MFpXNTBVR3hoWTJWSWIyeGtaWEpFWldaaGRXeDBKRTFoYzNSbGNsQnNZV05sYUc5c1pHVnlKRUZrWkhKbGMzTk1hWE4wWHpna1ozWkJaR1J5WlhOelRHbHpkQTluWkFWWlkzUnNNREFrWTNSc01EQWtZM1JzTURBa1EyOXVkR1Z1ZEZCc1lXTmxTRzlzWkdWeVJHVm1ZWFZzZENSTllYTjBaWEpRYkdGalpXaHZiR1JsY2lSQlpHUnlaWE56VEdsemRGODJKR2QyUVdSa2NtVnpjMHhwYzNRUFBDc0FEQUVJQWdGa0JWbGpkR3d3TUNSamRHd3dNQ1JqZEd3d01DUkRiMjUwWlc1MFVHeGhZMlZJYjJ4a1pYSkVaV1poZFd4MEpFMWhjM1JsY2xCc1lXTmxhRzlzWkdWeUpFRmtaSEpsYzNOTWFYTjBYelVrWjNaQlpHUnlaWE56VEdsemRBODhLd0FNQVFnQ0FXVEVVRU1nZ1ozMm43dWdiZUtxbFU3RVVmM0dzL3IzVG5xZGtZZzROeHlwTUE9PSIgQ29ycmVsYXRpb25CaW5kaW5nPSIiIFVybEVuY29kZT0iVHJ1ZSIgLz4NCiAgICAgICAgPEZvcm1Qb3N0UGFyYW1ldGVyIE5hbWU9ImN0bDAwJGN0bDAwJGN0bDAwJENvbnRlbnRQbGFjZUhvbGRlckRlZmF1bHQkVG9wTG9nZ2VkSW5fMSRoZG5TY3JlZW5BcmVhIiBWYWx1ZT0ie3skSElEREVOMS5jdGwwMCRjdGwwMCRjdGwwMCRDb250ZW50UGxhY2VIb2xkZXJEZWZhdWx0JFRvcExvZ2dlZEluXzEkaGRuU2NyZWVuQXJlYX19IiBSZWNvcmRlZFZhbHVlPSIiIENvcnJlbGF0aW9uQmluZGluZz0iIiBVcmxFbmNvZGU9IlRydWUiIC8+DQogICAgICAgIDxGb3JtUG9zdFBhcmFtZXRlciBOYW1lPSJjdGwwMCRjdGwwMCRjdGwwMCRDb250ZW50UGxhY2VIb2xkZXJEZWZhdWx0JENhcnRPdmVydmlld18zJGhkbkZpZWxkU2VsZWN0ZWRPcmRlckl0ZW1DaGVja291dFN0YXRlcyIgVmFsdWU9Int7JEhJRERFTjEuY3RsMDAkY3RsMDAkY3RsMDAkQ29udGVudFBsYWNlSG9sZGVyRGVmYXVsdCRDYXJ0T3ZlcnZpZXdfMyRoZG5GaWVsZFNlbGVjdGVkT3JkZXJJdGVtQ2hlY2tvdXRTdGF0ZXN9fSIgUmVjb3JkZWRWYWx1ZT0iIiBDb3JyZWxhdGlvbkJpbmRpbmc9IiIgVXJsRW5jb2RlPSJUcnVlIiAvPg0KICAgICAgICA8Rm9ybVBvc3RQYXJhbWV0ZXIgTmFtZT0iY3RsMDAkY3RsMDAkY3RsMDAkQ29udGVudFBsYWNlSG9sZGVyRGVmYXVsdCRDYXJ0T3ZlcnZpZXdfMyRoZG5GaWVsZENvbXBsZXRlQ2FydENoZWNrb3V0U3RhdGVFbnVtcyIgVmFsdWU9Int7JEhJRERFTjEuY3RsMDAkY3RsMDAkY3RsMDAkQ29udGVudFBsYWNlSG9sZGVyRGVmYXVsdCRDYXJ0T3ZlcnZpZXdfMyRoZG5GaWVsZENvbXBsZXRlQ2FydENoZWNrb3V0U3RhdGVFbnVtc319IiBSZWNvcmRlZFZhbHVlPSIiIENvcnJlbGF0aW9uQmluZGluZz0iIiBVcmxFbmNvZGU9IlRydWUiIC8+DQogICAgICAgIDxGb3JtUG9zdFBhcmFtZXRlciBOYW1lPSJjdGwwMCRjdGwwMCRjdGwwMCRDb250ZW50UGxhY2VIb2xkZXJEZWZhdWx0JENhcnRPdmVydmlld18zJGhkbkZpZWxkU2VsZWN0ZWRJdGVtSWRzIiBWYWx1ZT0ie3skSElEREVOMS5jdGwwMCRjdGwwMCRjdGwwMCRDb250ZW50UGxhY2VIb2xkZXJEZWZhdWx0JENhcnRPdmVydmlld18zJGhkbkZpZWxkU2VsZWN0ZWRJdGVtSWRzfX0iIFJlY29yZGVkVmFsdWU9IiIgQ29ycmVsYXRpb25CaW5kaW5nPSIiIFVybEVuY29kZT0iVHJ1ZSIgLz4NCiAgICAgICAgPEZvcm1Qb3N0UGFyYW1ldGVyIE5hbWU9ImN0bDAwJGN0bDAwJGN0bDAwJENvbnRlbnRQbGFjZUhvbGRlckRlZmF1bHQkQ2FydE92ZXJ2aWV3XzMkaGRuU2NyZWVuQXJlYSIgVmFsdWU9Int7JEhJRERFTjEuY3RsMDAkY3RsMDAkY3RsMDAkQ29udGVudFBsYWNlSG9sZGVyRGVmYXVsdCRDYXJ0T3ZlcnZpZXdfMyRoZG5TY3JlZW5BcmVhfX0iIFJlY29yZGVkVmFsdWU9IiIgQ29ycmVsYXRpb25CaW5kaW5nPSIiIFVybEVuY29kZT0iVHJ1ZSIgLz4NCiAgICAgICAgPEZvcm1Qb3N0UGFyYW1ldGVyIE5hbWU9ImN0bDAwJGN0bDAwJGN0bDAwJENvbnRlbnRQbGFjZUhvbGRlckRlZmF1bHQkTWFzdGVyUGxhY2Vob2xkZXIkQWRkcmVzc0xpc3RfNSRoZG5BZGRyZXNzVHlwZUVudW0iIFZhbHVlPSJ7eyRISURERU4xLmN0bDAwJGN0bDAwJGN0bDAwJENvbnRlbnRQbGFjZUhvbGRlckRlZmF1bHQkTWFzdGVyUGxhY2Vob2xkZXIkQWRkcmVzc0xpc3RfNSRoZG5BZGRyZXNzVHlwZUVudW19fSIgUmVjb3JkZWRWYWx1ZT0iU2hpcHBpbmciIENvcnJlbGF0aW9uQmluZGluZz0iIiBVcmxFbmNvZGU9IlRydWUiIC8+DQogICAgICAgIDxGb3JtUG9zdFBhcmFtZXRlciBOYW1lPSJjdGwwMCRjdGwwMCRjdGwwMCRDb250ZW50UGxhY2VIb2xkZXJEZWZhdWx0JE1hc3RlclBsYWNlaG9sZGVyJEFkZHJlc3NMaXN0XzUkaGRuU2VsZWN0ZWRBZGRyZXNzSWQiIFZhbHVlPSJ7eyRISURERU4xLmN0bDAwJGN0bDAwJGN0bDAwJENvbnRlbnRQbGFjZUhvbGRlckRlZmF1bHQkTWFzdGVyUGxhY2Vob2xkZXIkQWRkcmVzc0xpc3RfNSRoZG5TZWxlY3RlZEFkZHJlc3NJZH19IiBSZWNvcmRlZFZhbHVlPSIxMjU3OTMiIENvcnJlbGF0aW9uQmluZGluZz0iIiBVcmxFbmNvZGU9IlRydWUiIC8+DQogICAgICAgIDxGb3JtUG9zdFBhcmFtZXRlciBOYW1lPSJjdGwwMCRjdGwwMCRjdGwwMCRDb250ZW50UGxhY2VIb2xkZXJEZWZhdWx0JE1hc3RlclBsYWNlaG9sZGVyJEFkZHJlc3NMaXN0XzUkZ3ZBZGRyZXNzTGlzdCRjdGwwMiRyZGJ0blNlbGVjdEFkZHJlc3MiIFZhbHVlPSJyZGJ0blNlbGVjdEFkZHJlc3MiIFJlY29yZGVkVmFsdWU9InJkYnRuU2VsZWN0QWRkcmVzcyIgQ29ycmVsYXRpb25CaW5kaW5nPSJ7e0Zvcm1Qb3N0UGFyYW0yMC5jdGwwMCRjdGwwMCRjdGwwMCRDb250ZW50UGxhY2VIb2xkZXJEZWZhdWx0JE1hc3RlclBsYWNlaG9sZGVyJEFkZHJlc3NMaXN0XzUkZ3ZBZGRyZXNzTGlzdCRjdGwwMiRyZGJ0blNlbGVjdEFkZHJlc3N9fSIgVXJsRW5jb2RlPSJUcnVlIiAvPg0KICAgICAgICA8Rm9ybVBvc3RQYXJhbWV0ZXIgTmFtZT0iY3RsMDAkY3RsMDAkY3RsMDAkQ29udGVudFBsYWNlSG9sZGVyRGVmYXVsdCRNYXN0ZXJQbGFjZWhvbGRlciRBZGRyZXNzTGlzdF81JGhkbl9Db250ZW50UGxhY2VIb2xkZXJEZWZhdWx0X01hc3RlclBsYWNlaG9sZGVyX0FkZHJlc3NMaXN0XzVfcG5sRHJhZ2FibGVXaW5kb3dDb250ZW50X0dldERhdGFRdWVyeSIgVmFsdWU9Int7JEhJRERFTjEuY3RsMDAkY3RsMDAkY3RsMDAkQ29udGVudFBsYWNlSG9sZGVyRGVmYXVsdCRNYXN0ZXJQbGFjZWhvbGRlciRBZGRyZXNzTGlzdF81JGhkbl9Db250ZW50UGxhY2VIb2xkZXJEZWZhdWx0X01hc3RlclBsYWNlaG9sZGVyX0FkZHJlc3NMaXN0XzVfcG5sRHJhZ2FibGVXaW5kb3dDb250ZW50X0dldERhdGFRdWVyeX19IiBSZWNvcmRlZFZhbHVlPSJ7JnF1b3Q7QWRkcmVzc1R5cGVFbnVtJnF1b3Q7OiZxdW90O1NoaXBwaW5nJnF1b3Q7LCZxdW90O0NvbnRyb2xOYW1lJnF1b3Q7OiZxdW90O0FkZHJlc3NMaXN0JnF1b3Q7LCZxdW90O0FjdGlvbiZxdW90OzomcXVvdDtHZXREYXRhJnF1b3Q7LCZxdW90O1NlbGVjdGVkQWRkcmVzc0lkJnF1b3Q7OjEyNTc5MywmcXVvdDtXaW5kb3dTZWxlY3RlZEFkZHJlc3NIaWRkZW5GaWVsZENsaWVudElkJnF1b3Q7OiZxdW90O0NvbnRlbnRQbGFjZUhvbGRlckRlZmF1bHRfTWFzdGVyUGxhY2Vob2xkZXJfaGRuQWRkcmVzc0xpc3RTZWxlY3RlZEFkZHJlc3NJZF9TaGlwcGluZyZxdW90O30iIENvcnJlbGF0aW9uQmluZGluZz0iIiBVcmxFbmNvZGU9IlRydWUiIC8+DQogICAgICAgIDxGb3JtUG9zdFBhcmFtZXRlciBOYW1lPSJjdGwwMCRjdGwwMCRjdGwwMCRDb250ZW50UGxhY2VIb2xkZXJEZWZhdWx0JE1hc3RlclBsYWNlaG9sZGVyJEFkZHJlc3NMaXN0XzUkaGRuX0NvbnRlbnRQbGFjZUhvbGRlckRlZmF1bHRfTWFzdGVyUGxhY2Vob2xkZXJfQWRkcmVzc0xpc3RfNV9wbmxEcmFnYWJsZVdpbmRvd0NvbnRlbnRfU3RhbmRBbG9uZUlkIiBWYWx1ZT0ie3skSElEREVOMS5jdGwwMCRjdGwwMCRjdGwwMCRDb250ZW50UGxhY2VIb2xkZXJEZWZhdWx0JE1hc3RlclBsYWNlaG9sZGVyJEFkZHJlc3NMaXN0XzUkaGRuX0NvbnRlbnRQbGFjZUhvbGRlckRlZmF1bHRfTWFzdGVyUGxhY2Vob2xkZXJfQWRkcmVzc0xpc3RfNV9wbmxEcmFnYWJsZVdpbmRvd0NvbnRlbnRfU3RhbmRBbG9uZUlkfX0iIFJlY29yZGVkVmFsdWU9IlN0YW5kQWxvbmVTYXZlIiBDb3JyZWxhdGlvbkJpbmRpbmc9IiIgVXJsRW5jb2RlPSJUcnVlIiAvPg0KICAgICAgICA8Rm9ybVBvc3RQYXJhbWV0ZXIgTmFtZT0iY3RsMDAkY3RsMDAkY3RsMDAkQ29udGVudFBsYWNlSG9sZGVyRGVmYXVsdCRNYXN0ZXJQbGFjZWhvbGRlciRBZGRyZXNzTGlzdF81JGhkblNjcmVlbkFyZWEiIFZhbHVlPSJ7eyRISURERU4xLmN0bDAwJGN0bDAwJGN0bDAwJENvbnRlbnRQbGFjZUhvbGRlckRlZmF1bHQkTWFzdGVyUGxhY2Vob2xkZXIkQWRkcmVzc0xpc3RfNSRoZG5TY3JlZW5BcmVhfX0iIFJlY29yZGVkVmFsdWU9IiIgQ29ycmVsYXRpb25CaW5kaW5nPSIiIFVybEVuY29kZT0iVHJ1ZSIgLz4NCiAgICAgICAgPEZvcm1Qb3N0UGFyYW1ldGVyIE5hbWU9ImN0bDAwJGN0bDAwJGN0bDAwJENvbnRlbnRQbGFjZUhvbGRlckRlZmF1bHQkTWFzdGVyUGxhY2Vob2xkZXIkaGRuQWRkcmVzc0xpc3RTZWxlY3RlZEFkZHJlc3NJZF9TaGlwcGluZyIgVmFsdWU9Int7JEhJRERFTjEuY3RsMDAkY3RsMDAkY3RsMDAkQ29udGVudFBsYWNlSG9sZGVyRGVmYXVsdCRNYXN0ZXJQbGFjZWhvbGRlciRoZG5BZGRyZXNzTGlzdFNlbGVjdGVkQWRkcmVzc0lkX1NoaXBwaW5nfX0iIFJlY29yZGVkVmFsdWU9IjEyNTc5MyIgQ29ycmVsYXRpb25CaW5kaW5nPSIiIFVybEVuY29kZT0iVHJ1ZSIgLz4NCiAgICAgICAgPEZvcm1Qb3N0UGFyYW1ldGVyIE5hbWU9ImN0bDAwJGN0bDAwJGN0bDAwJENvbnRlbnRQbGFjZUhvbGRlckRlZmF1bHQkTWFzdGVyUGxhY2Vob2xkZXIkQWRkcmVzc0xpc3RfNiRoZG5BZGRyZXNzVHlwZUVudW0iIFZhbHVlPSJ7eyRISURERU4xLmN0bDAwJGN0bDAwJGN0bDAwJENvbnRlbnRQbGFjZUhvbGRlckRlZmF1bHQkTWFzdGVyUGxhY2Vob2xkZXIkQWRkcmVzc0xpc3RfNiRoZG5BZGRyZXNzVHlwZUVudW19fSIgUmVjb3JkZWRWYWx1ZT0iQmlsbGluZyIgQ29ycmVsYXRpb25CaW5kaW5nPSIiIFVybEVuY29kZT0iVHJ1ZSIgLz4NCiAgICAgICAgPEZvcm1Qb3N0UGFyYW1ldGVyIE5hbWU9ImN0bDAwJGN0bDAwJGN0bDAwJENvbnRlbnRQbGFjZUhvbGRlckRlZmF1bHQkTWFzdGVyUGxhY2Vob2xkZXIkQWRkcmVzc0xpc3RfNiRoZG5TZWxlY3RlZEFkZHJlc3NJZCIgVmFsdWU9Int7JEhJRERFTjEuY3RsMDAkY3RsMDAkY3RsMDAkQ29udGVudFBsYWNlSG9sZGVyRGVmYXVsdCRNYXN0ZXJQbGFjZWhvbGRlciRBZGRyZXNzTGlzdF82JGhkblNlbGVjdGVkQWRkcmVzc0lkfX0iIFJlY29yZGVkVmFsdWU9IjEyNTc5NCIgQ29ycmVsYXRpb25CaW5kaW5nPSIiIFVybEVuY29kZT0iVHJ1ZSIgLz4NCiAgICAgICAgPEZvcm1Qb3N0UGFyYW1ldGVyIE5hbWU9ImN0bDAwJGN0bDAwJGN0bDAwJENvbnRlbnRQbGFjZUhvbGRlckRlZmF1bHQkTWFzdGVyUGxhY2Vob2xkZXIkQWRkcmVzc0xpc3RfNiRndkFkZHJlc3NMaXN0JGN0bDAyJHJkYnRuU2VsZWN0QWRkcmVzcyIgVmFsdWU9InJkYnRuU2VsZWN0QWRkcmVzcyIgUmVjb3JkZWRWYWx1ZT0icmRidG5TZWxlY3RBZGRyZXNzIiBDb3JyZWxhdGlvbkJpbmRpbmc9Int7Rm9ybVBvc3RQYXJhbTIxLmN0bDAwJGN0bDAwJGN0bDAwJENvbnRlbnRQbGFjZUhvbGRlckRlZmF1bHQkTWFzdGVyUGxhY2Vob2xkZXIkQWRkcmVzc0xpc3RfNiRndkFkZHJlc3NMaXN0JGN0bDAyJHJkYnRuU2VsZWN0QWRkcmVzc319IiBVcmxFbmNvZGU9IlRydWUiIC8+DQogICAgICAgIDxGb3JtUG9zdFBhcmFtZXRlciBOYW1lPSJjdGwwMCRjdGwwMCRjdGwwMCRDb250ZW50UGxhY2VIb2xkZXJEZWZhdWx0JE1hc3RlclBsYWNlaG9sZGVyJEFkZHJlc3NMaXN0XzYkaGRuX0NvbnRlbnRQbGFjZUhvbGRlckRlZmF1bHRfTWFzdGVyUGxhY2Vob2xkZXJfQWRkcmVzc0xpc3RfNl9wbmxEcmFnYWJsZVdpbmRvd0NvbnRlbnRfR2V0RGF0YVF1ZXJ5IiBWYWx1ZT0ie3skSElEREVOMS5jdGwwMCRjdGwwMCRjdGwwMCRDb250ZW50UGxhY2VIb2xkZXJEZWZhdWx0JE1hc3RlclBsYWNlaG9sZGVyJEFkZHJlc3NMaXN0XzYkaGRuX0NvbnRlbnRQbGFjZUhvbGRlckRlZmF1bHRfTWFzdGVyUGxhY2Vob2xkZXJfQWRkcmVzc0xpc3RfNl9wbmxEcmFnYWJsZVdpbmRvd0NvbnRlbnRfR2V0RGF0YVF1ZXJ5fX0iIFJlY29yZGVkVmFsdWU9InsmcXVvdDtBZGRyZXNzVHlwZUVudW0mcXVvdDs6JnF1b3Q7QmlsbGluZyZxdW90OywmcXVvdDtDb250cm9sTmFtZSZxdW90OzomcXVvdDtBZGRyZXNzTGlzdCZxdW90OywmcXVvdDtBY3Rpb24mcXVvdDs6JnF1b3Q7R2V0RGF0YSZxdW90OywmcXVvdDtTZWxlY3RlZEFkZHJlc3NJZCZxdW90OzoxMjU3OTQsJnF1b3Q7V2luZG93U2VsZWN0ZWRBZGRyZXNzSGlkZGVuRmllbGRDbGllbnRJZCZxdW90OzomcXVvdDtDb250ZW50UGxhY2VIb2xkZXJEZWZhdWx0X01hc3RlclBsYWNlaG9sZGVyX2hkbkFkZHJlc3NMaXN0U2VsZWN0ZWRBZGRyZXNzSWRfQmlsbGluZyZxdW90O30iIENvcnJlbGF0aW9uQmluZGluZz0iIiBVcmxFbmNvZGU9IlRydWUiIC8+DQogICAgICAgIDxGb3JtUG9zdFBhcmFtZXRlciBOYW1lPSJjdGwwMCRjdGwwMCRjdGwwMCRDb250ZW50UGxhY2VIb2xkZXJEZWZhdWx0JE1hc3RlclBsYWNlaG9sZGVyJEFkZHJlc3NMaXN0XzYkaGRuX0NvbnRlbnRQbGFjZUhvbGRlckRlZmF1bHRfTWFzdGVyUGxhY2Vob2xkZXJfQWRkcmVzc0xpc3RfNl9wbmxEcmFnYWJsZVdpbmRvd0NvbnRlbnRfU3RhbmRBbG9uZUlkIiBWYWx1ZT0ie3skSElEREVOMS5jdGwwMCRjdGwwMCRjdGwwMCRDb250ZW50UGxhY2VIb2xkZXJEZWZhdWx0JE1hc3RlclBsYWNlaG9sZGVyJEFkZHJlc3NMaXN0XzYkaGRuX0NvbnRlbnRQbGFjZUhvbGRlckRlZmF1bHRfTWFzdGVyUGxhY2Vob2xkZXJfQWRkcmVzc0xpc3RfNl9wbmxEcmFnYWJsZVdpbmRvd0NvbnRlbnRfU3RhbmRBbG9uZUlkfX0iIFJlY29yZGVkVmFsdWU9IlN0YW5kQWxvbmVTYXZlIiBDb3JyZWxhdGlvbkJpbmRpbmc9IiIgVXJsRW5jb2RlPSJUcnVlIiAvPg0KICAgICAgICA8Rm9ybVBvc3RQYXJhbWV0ZXIgTmFtZT0iY3RsMDAkY3RsMDAkY3RsMDAkQ29udGVudFBsYWNlSG9sZGVyRGVmYXVsdCRNYXN0ZXJQbGFjZWhvbGRlciRBZGRyZXNzTGlzdF82JGhkblNjcmVlbkFyZWEiIFZhbHVlPSJ7eyRISURERU4xLmN0bDAwJGN0bDAwJGN0bDAwJENvbnRlbnRQbGFjZUhvbGRlckRlZmF1bHQkTWFzdGVyUGxhY2Vob2xkZXIkQWRkcmVzc0xpc3RfNiRoZG5TY3JlZW5BcmVhfX0iIFJlY29yZGVkVmFsdWU9IiIgQ29ycmVsYXRpb25CaW5kaW5nPSIiIFVybEVuY29kZT0iVHJ1ZSIgLz4NCiAgICAgICAgPEZvcm1Qb3N0UGFyYW1ldGVyIE5hbWU9ImN0bDAwJGN0bDAwJGN0bDAwJENvbnRlbnRQbGFjZUhvbGRlckRlZmF1bHQkTWFzdGVyUGxhY2Vob2xkZXIkaGRuQWRkcmVzc0xpc3RTZWxlY3RlZEFkZHJlc3NJZF9CaWxsaW5nIiBWYWx1ZT0ie3skSElEREVOMS5jdGwwMCRjdGwwMCRjdGwwMCRDb250ZW50UGxhY2VIb2xkZXJEZWZhdWx0JE1hc3RlclBsYWNlaG9sZGVyJGhkbkFkZHJlc3NMaXN0U2VsZWN0ZWRBZGRyZXNzSWRfQmlsbGluZ319IiBSZWNvcmRlZFZhbHVlPSIxMjU3OTQiIENvcnJlbGF0aW9uQmluZGluZz0iIiBVcmxFbmNvZGU9IlRydWUiIC8+DQogICAgICAgIDxGb3JtUG9zdFBhcmFtZXRlciBOYW1lPSJjdGwwMCRjdGwwMCRjdGwwMCRDb250ZW50UGxhY2VIb2xkZXJEZWZhdWx0JE1hc3RlclBsYWNlaG9sZGVyJHVjRHJvcEJveGVzXzckaGRuX0NvbnRlbnRQbGFjZUhvbGRlckRlZmF1bHRfTWFzdGVyUGxhY2Vob2xkZXJfdWNEcm9wQm94ZXNfN19wbmxEcmFnYWJsZVdpbmRvd0NvbnRlbnRfU3RhbmRBbG9uZUlkIiBWYWx1ZT0ie3skSElEREVOMS5jdGwwMCRjdGwwMCRjdGwwMCRDb250ZW50UGxhY2VIb2xkZXJEZWZhdWx0JE1hc3RlclBsYWNlaG9sZGVyJHVjRHJvcEJveGVzXzckaGRuX0NvbnRlbnRQbGFjZUhvbGRlckRlZmF1bHRfTWFzdGVyUGxhY2Vob2xkZXJfdWNEcm9wQm94ZXNfN19wbmxEcmFnYWJsZVdpbmRvd0NvbnRlbnRfU3RhbmRBbG9uZUlkfX0iIFJlY29yZGVkVmFsdWU9IlN0YW5kQWxvbmVTYXZlIiBDb3JyZWxhdGlvbkJpbmRpbmc9IiIgVXJsRW5jb2RlPSJUcnVlIiAvPg0KICAgICAgICA8Rm9ybVBvc3RQYXJhbWV0ZXIgTmFtZT0iY3RsMDAkY3RsMDAkY3RsMDAkQ29udGVudFBsYWNlSG9sZGVyRGVmYXVsdCRNYXN0ZXJQbGFjZWhvbGRlciR1Y0Ryb3BCb3hlc183JGhkblNjcmVlbkFyZWEiIFZhbHVlPSJ7eyRISURERU4xLmN0bDAwJGN0bDAwJGN0bDAwJENvbnRlbnRQbGFjZUhvbGRlckRlZmF1bHQkTWFzdGVyUGxhY2Vob2xkZXIkdWNEcm9wQm94ZXNfNyRoZG5TY3JlZW5BcmVhfX0iIFJlY29yZGVkVmFsdWU9IiIgQ29ycmVsYXRpb25CaW5kaW5nPSIiIFVybEVuY29kZT0iVHJ1ZSIgLz4NCiAgICAgICAgPEZvcm1Qb3N0UGFyYW1ldGVyIE5hbWU9ImN0bDAwJGN0bDAwJGN0bDAwJENvbnRlbnRQbGFjZUhvbGRlckRlZmF1bHQkTWFzdGVyUGxhY2Vob2xkZXIkaGRuQWRkcmVzc0xpc3RTZWxlY3RlZEFkZHJlc3NJZF9QaWNrVXAiIFZhbHVlPSJ7eyRISURERU4xLmN0bDAwJGN0bDAwJGN0bDAwJENvbnRlbnRQbGFjZUhvbGRlckRlZmF1bHQkTWFzdGVyUGxhY2Vob2xkZXIkaGRuQWRkcmVzc0xpc3RTZWxlY3RlZEFkZHJlc3NJZF9QaWNrVXB9fSIgUmVjb3JkZWRWYWx1ZT0iIiBDb3JyZWxhdGlvbkJpbmRpbmc9IiIgVXJsRW5jb2RlPSJUcnVlIiAvPg0KICAgICAgICA8Rm9ybVBvc3RQYXJhbWV0ZXIgTmFtZT0iY3RsMDAkY3RsMDAkY3RsMDAkQ29udGVudFBsYWNlSG9sZGVyRGVmYXVsdCRNYXN0ZXJQbGFjZWhvbGRlciR1Y1NhdmVCdXR0b25fOSRoZG5fQ29udGVudFBsYWNlSG9sZGVyRGVmYXVsdF9NYXN0ZXJQbGFjZWhvbGRlcl91Y1NhdmVCdXR0b25fOV9wbmxEcmFnYWJsZVdpbmRvd0NvbnRlbnRfU3RhbmRBbG9uZUlkIiBWYWx1ZT0ie3skSElEREVOMS5jdGwwMCRjdGwwMCRjdGwwMCRDb250ZW50UGxhY2VIb2xkZXJEZWZhdWx0JE1hc3RlclBsYWNlaG9sZGVyJHVjU2F2ZUJ1dHRvbl85JGhkbl9Db250ZW50UGxhY2VIb2xkZXJEZWZhdWx0X01hc3RlclBsYWNlaG9sZGVyX3VjU2F2ZUJ1dHRvbl85X3BubERyYWdhYmxlV2luZG93Q29udGVudF9TdGFuZEFsb25lSWR9fSIgUmVjb3JkZWRWYWx1ZT0iU3RhbmRBbG9uZVNhdmUiIENvcnJlbGF0aW9uQmluZGluZz0iIiBVcmxFbmNvZGU9IlRydWUiIC8+DQogICAgICAgIDxGb3JtUG9zdFBhcmFtZXRlciBOYW1lPSJjdGwwMCRjdGwwMCRjdGwwMCRDb250ZW50UGxhY2VIb2xkZXJEZWZhdWx0JE1hc3RlclBsYWNlaG9sZGVyJHVjU2F2ZUJ1dHRvbl85JGhkblNjcmVlbkFyZWEiIFZhbHVlPSJ7eyRISURERU4xLmN0bDAwJGN0bDAwJGN0bDAwJENvbnRlbnRQbGFjZUhvbGRlckRlZmF1bHQkTWFzdGVyUGxhY2Vob2xkZXIkdWNTYXZlQnV0dG9uXzkkaGRuU2NyZWVuQXJlYX19IiBSZWNvcmRlZFZhbHVlPSIiIENvcnJlbGF0aW9uQmluZGluZz0iIiBVcmxFbmNvZGU9IlRydWUiIC8+DQogICAgICAgIDxGb3JtUG9zdFBhcmFtZXRlciBOYW1lPSJjdGwwMCRjdGwwMCRjdGwwMCRDb250ZW50UGxhY2VIb2xkZXJEZWZhdWx0JGhkbkNhbkluaXRpYWxpemVDdWx0dXJlIiBWYWx1ZT0ie3skSElEREVOMS5jdGwwMCRjdGwwMCRjdGwwMCRDb250ZW50UGxhY2VIb2xkZXJEZWZhdWx0JGhkbkNhbkluaXRpYWxpemVDdWx0dXJlfX0iIFJlY29yZGVkVmFsdWU9ImZhbHNlIiBDb3JyZWxhdGlvbkJpbmRpbmc9IiIgVXJsRW5jb2RlPSJUcnVlIiAvPg0KICAgICAgICA8Rm9ybVBvc3RQYXJhbWV0ZXIgTmFtZT0iY3RsMDAkY3RsMDAkY3RsMDAkQ29udGVudFBsYWNlSG9sZGVyRGVmYXVsdCRoZG5FY29tRHJhZ0Ryb3BKc29uIiBWYWx1ZT0ie3skSElEREVOMS5jdGwwMCRjdGwwMCRjdGwwMCRDb250ZW50UGxhY2VIb2xkZXJEZWZhdWx0JGhkbkVjb21EcmFnRHJvcEpzb259fSIgUmVjb3JkZWRWYWx1ZT0iIiBDb3JyZWxhdGlvbkJpbmRpbmc9IiIgVXJsRW5jb2RlPSJUcnVlIiAvPg0KICAgICAgICA8Rm9ybVBvc3RQYXJhbWV0ZXIgTmFtZT0iY3RsMDAkY3RsMDAkY3RsMDAkQ29udGVudFBsYWNlSG9sZGVyRGVmYXVsdCRoZG5DdXJyZW50UGFnZUlkZW50aXR5IiBWYWx1ZT0ie3skSElEREVOMS5jdGwwMCRjdGwwMCRjdGwwMCRDb250ZW50UGxhY2VIb2xkZXJEZWZhdWx0JGhkbkN1cnJlbnRQYWdlSWRlbnRpdHl9fSIgUmVjb3JkZWRWYWx1ZT0iMTMyOSIgQ29ycmVsYXRpb25CaW5kaW5nPSIiIFVybEVuY29kZT0iVHJ1ZSIgLz4NCiAgICAgICAgPEZvcm1Qb3N0UGFyYW1ldGVyIE5hbWU9ImN0bDAwJGN0bDAwJGN0bDAwJENvbnRlbnRQbGFjZUhvbGRlckRlZmF1bHQkaGRuU2Nyb2xsWVBvc2l0aW9uIiBWYWx1ZT0ie3skSElEREVOMS5jdGwwMCRjdGwwMCRjdGwwMCRDb250ZW50UGxhY2VIb2xkZXJEZWZhdWx0JGhkblNjcm9sbFlQb3NpdGlvbn19IiBSZWNvcmRlZFZhbHVlPSIwIiBDb3JyZWxhdGlvbkJpbmRpbmc9IiIgVXJsRW5jb2RlPSJUcnVlIiAvPg0KICAgICAgICA8Rm9ybVBvc3RQYXJhbWV0ZXIgTmFtZT0iX19WSUVXU1RBVEVHRU5FUkFUT1IiIFZhbHVlPSJ7eyRISURERU4xLl9fVklFV1NUQVRFR0VORVJBVE9SfX0iIFJlY29yZGVkVmFsdWU9IkNBMEIwMzM0IiBDb3JyZWxhdGlvbkJpbmRpbmc9IiIgVXJsRW5jb2RlPSJUcnVlIiAvPg0KICAgICAgPC9Gb3JtUG9zdEh0dHBCb2R5Pg0KICAgIDwvUmVxdWVzdD4NCiAgICA8UmVxdWVzdCBNZXRob2Q9IkdFVCIgR3VpZD0iODhiOWFjNDgtNTg3Yy00ODQzLTkzYzYtMzFmNDAwYzk0MjA4IiBWZXJzaW9uPSIxLjEiIFVybD0iaHR0cHM6Ly9tYXBzLmdvb2dsZWFwaXMuY29tL21hcHMvYXBpL2pzL0F1dGhlbnRpY2F0aW9uU2VydmljZS5BdXRoZW50aWNhdGUiIFRoaW5rVGltZT0iMTEiIFRpbWVvdXQ9IjMwMCIgUGFyc2VEZXBlbmRlbnRSZXF1ZXN0cz0iVHJ1ZSIgRm9sbG93UmVkaXJlY3RzPSJUcnVlIiBSZWNvcmRSZXN1bHQ9IlRydWUiIENhY2hlPSJGYWxzZSIgUmVzcG9uc2VUaW1lR29hbD0iMCIgRW5jb2Rpbmc9InV0Zi04IiBFeHBlY3RlZEh0dHBTdGF0dXNDb2RlPSIwIiBFeHBlY3RlZFJlc3BvbnNlVXJsPSIiIFJlcG9ydGluZ05hbWU9IiIgSWdub3JlSHR0cFN0YXR1c0NvZGU9IkZhbHNlIj4NCiAgICAgIDxIZWFkZXJzPg0KICAgICAgICA8SGVhZGVyIE5hbWU9IlJlZmVyZXIiIFZhbHVlPSJodHRwOi8vaW4wMWFwdjExOjgxL2VuL2Rhc2hib2FyZC5hc3B4IiAvPg0KICAgICAgPC9IZWFkZXJzPg0KICAgICAgPFF1ZXJ5U3RyaW5nUGFyYW1ldGVycz4NCiAgICAgICAgPFF1ZXJ5U3RyaW5nUGFyYW1ldGVyIE5hbWU9IiIgVmFsdWU9IjFzaHR0cCUzQSUyRiUyRmluMDFhcHYxMSUzQTgxJTJGZW4lMkZkYXNoYm9hcmQuYXNweCIgUmVjb3JkZWRWYWx1ZT0iMXNodHRwJTNBJTJGJTJGaW4wMWFwdjExJTNBODElMkZlbiUyRmRhc2hib2FyZC5hc3B4IiBDb3JyZWxhdGlvbkJpbmRpbmc9IiIgVXJsRW5jb2RlPSJGYWxzZSIgVXNlVG9Hcm91cFJlc3VsdHM9IkZhbHNlIiAvPg0KICAgICAgICA8UXVlcnlTdHJpbmdQYXJhbWV0ZXIgTmFtZT0iY2FsbGJhY2siIFZhbHVlPSJfeGRjXy5fZzgxbWcyIiBSZWNvcmRlZFZhbHVlPSJfeGRjXy5fZzgxbWcyIiBDb3JyZWxhdGlvbkJpbmRpbmc9IiIgVXJsRW5jb2RlPSJGYWxzZSIgVXNlVG9Hcm91cFJlc3VsdHM9IkZhbHNlIiAvPg0KICAgICAgICA8UXVlcnlTdHJpbmdQYXJhbWV0ZXIgTmFtZT0idG9rZW4iIFZhbHVlPSIxMzAzOTMiIFJlY29yZGVkVmFsdWU9IjEzMDM5MyIgQ29ycmVsYXRpb25CaW5kaW5nPSIiIFVybEVuY29kZT0iRmFsc2UiIFVzZVRvR3JvdXBSZXN1bHRzPSJGYWxzZSIgLz4NCiAgICAgIDwvUXVlcnlTdHJpbmdQYXJhbWV0ZXJzPg0KICAgIDwvUmVxdWVzdD4NCiAgICA8Q29tbWVudCBDb21tZW50VGV4dD0iQ2xpY2tfTXkgUHJlZmVyZW5jZXMiIC8+DQogICAgPFJlcXVlc3QgTWV0aG9kPSJQT1NUIiBHdWlkPSIwOGFiY2JkNC0xMmFhLTRmZjItYWZmNC0wZGU0ZTVhNWYxZmEiIFZlcnNpb249IjEuMSIgVXJsPSJodHRwOi8vaW4wMWFwdjExOjgxL2VuL2Rhc2hib2FyZC5hc3B4IiBUaGlua1RpbWU9IjciIFRpbWVvdXQ9IjMwMCIgUGFyc2VEZXBlbmRlbnRSZXF1ZXN0cz0iVHJ1ZSIgRm9sbG93UmVkaXJlY3RzPSJUcnVlIiBSZWNvcmRSZXN1bHQ9IlRydWUiIENhY2hlPSJGYWxzZSIgUmVzcG9uc2VUaW1lR29hbD0iMCIgRW5jb2Rpbmc9InV0Zi04IiBFeHBlY3RlZEh0dHBTdGF0dXNDb2RlPSIwIiBFeHBlY3RlZFJlc3BvbnNlVXJsPSJodHRwOi8vaW4wMWFwdjExOjgxL2VuL215cHJlZmVyZW5jZXMuYXNweCIgUmVwb3J0aW5nTmFtZT0iIiBJZ25vcmVIdHRwU3RhdHVzQ29kZT0iRmFsc2UiPg0KICAgICAgPEhlYWRlcnM+DQogICAgICAgIDxIZWFkZXIgTmFtZT0iUmVmZXJlciIgVmFsdWU9Imh0dHA6Ly9pbjAxYXB2MTE6ODEvZW4vZGFzaGJvYXJkLmFzcHgiIC8+DQogICAgICA8L0hlYWRlcnM+DQogICAgICA8Rm9ybVBvc3RIdHRwQm9keT4NCiAgICAgICAgPEZvcm1Qb3N0UGFyYW1ldGVyIE5hbWU9Il9fRVZFTlRUQVJHRVQiIFZhbHVlPSJ7eyRISURERU4xLl9fRVZFTlRUQVJHRVR9fSIgUmVjb3JkZWRWYWx1ZT0iY3RsMDAkY3RsMDAkY3RsMDAkQ29udGVudFBsYWNlSG9sZGVyRGVmYXVsdCRUb3BMb2dnZWRJbl8xJGxuYlRvcExvZ2dlZEluTXlQcmVmZXJlbmNlcyIgQ29ycmVsYXRpb25CaW5kaW5nPSIiIFVybEVuY29kZT0iVHJ1ZSIgLz4NCiAgICAgICAgPEZvcm1Qb3N0UGFyYW1ldGVyIE5hbWU9Il9fRVZFTlRBUkdVTUVOVCIgVmFsdWU9Int7JEhJRERFTjEuX19FVkVOVEFSR1VNRU5UfX0iIFJlY29yZGVkVmFsdWU9IiIgQ29ycmVsYXRpb25CaW5kaW5nPSIiIFVybEVuY29kZT0iVHJ1ZSIgLz4NCiAgICAgICAgPEZvcm1Qb3N0UGFyYW1ldGVyIE5hbWU9Il9fVklFV1NUQVRFIiBWYWx1ZT0ie3skSElEREVOMS5fX1ZJRVdTVEFURX19IiBSZWNvcmRlZFZhbHVlPSIvd0VQRHdVRU5UTTRNUTlrRmdKbUQyUVdBbVlQWkJZQ1pnOWtGZ0ptRDJRV0FnSUREeFlHSGdadmJteHZZV1FGUDJsbUtIUjVjR1Z2WmlCUGJrSmhZMnRDZFhSMGIyNURiR2xqYXlBOVBTQWlablZ1WTNScGIyNGlLU0JQYmtKaFkydENkWFIwYjI1RGJHbGpheWdwT3g0S2IyNXdZV2RsYzJodmR3VlRhV1lnS0dWMlpXNTBMbkJsY25OcGMzUmxaQ0FtSmlCMGVYQmxiMllnVDI1Q1lXTnJRblYwZEc5dVEyeHBZMnNnUFQwZ0ltWjFibU4wYVc5dUlpa2dUMjVDWVdOclFuVjBkRzl1UTJ4cFkyc29LVHNlQ0c5dWRXNXNiMkZrWlJZQ0FnRVFaR1FXQ2dJSUQyUVdBbVlQWkJZU0FnSVBGUUZYUTI5dWRHVnVkRkJzWVdObFNHOXNaR1Z5UkdWbVlYVnNkRjlVYjNCTWIyZG5aV1JKYmw4eFgzQnViRVJ5WVdkaFlteGxWMmx1Wkc5M1EyOXVkR1Z1ZEY5SmJteHBibVZOWlhOellXZGxRMjl1ZEdGcGJtVnlaQUlERDJRV0FnSUJEdzhXQWg0RVZHVjRkQVVHVEc5bmIzVjBaR1FDQlE4UEZnSWVCMVpwYzJsaWJHVm5aQllDQWdFUER4WUdIZ3RPWVhacFoyRjBaVlZ5YkFVVWZpOWhaRzFwYmk5M1pXeGpiMjFsTG1GemNIZ2ZBd1VPUVdSdGFXNXBjM1J5WVhScGIyNGZCR2RrWkFJSER3OFdBaDhFWjJRV0JnSUJEeFlDSHdNRkJVaGxiR3h2WkFJRER4WUNId01GRlhCdWRHVnpkR1l3TURFZ2NHNTBaWE4wYkRBd01XUUNCUThXQWg0SmFXNXVaWEpvZEcxc0JRMUJZMk52ZFc1MElFbEVJRG9nWkFJSkQyUVdDQUlCRHhZQ0h3TUZBeW9xS21RQ0F3OFBGZ0lmQTJWa1pBSUZEdzhXQWg4REJSRW9ZbVZqYjIxbElIbHZkWEp6Wld4bUtXUmtBZ2NQRmdJZkF3VURLaW9xWkFJTkR3OFdBaDhFWjJRV0FnSUJEdzhXQkI4REJReE5lU0JFWVhOb1ltOWhjbVFmQkdka1pBSVBEdzhXQWg4RVoyUVdBZ0lCRHc4V0NCNElRM056UTJ4aGMzTUZEV1ZtUTI5c2IzSlBjbUZ1WjJVZkF3VUpUWGtnVDNKa1pYSnpIZ1JmSVZOQ0FnSWZCR2RrWkFJUkR3OFdBaDhFWjJRV0FnSUJEdzhXQkI4REJReE5lU0JCWkdSeVpYTnpaWE1mQkdka1pBSVREdzhXQWg4RVoyUVdBZ0lCRHc4V0JCOERCUTVOZVNCUWNtVm1aWEpsYm1ObGN4OEVaMlJrQWdvUFpCWUNaZzhQRmdJZkJHaGtGZ1lDQXc4UEZnSWZCUVVqTDJWdUwyTm9aV05yYjNWMEwzTjBaWEF4TG1GemNIZy9ibTlrWlVsa1BURXhNelprWkFJRkR3OWtGZ0llQkdoeVpXWUZBU05rQWdrUEQyUVdBaDRGZEdsMGJHVUZCVXh2WjJsdUZnZ0NBUThQRmdZZkF3VUdSVzFoYVd3Nkh3Y0ZGeUJ5WlhGMWFYSmxaRVpwWld4a1EyaGhjbUZqZEdWeUh3Z0NBbVJrQWdrUER4WUdId01GQTNzd2ZSOEhCUmNnY21WeGRXbHlaV1JHYVdWc1pFTm9ZWEpoWTNSbGNoOElBZ0prWkFJUkR3OFdBaDhGQlJjdlpXNHZabTl5WjI5MGNHRnpjM2R2Y21RdVlYTndlR1JrQWhNUER4WUNId1VGSXk5bGJpOWphR1ZqYTI5MWRDOXpkR1Z3TVM1aGMzQjRQMjV2WkdWSlpEMHhNVE0yWkdRQ0RBOWtGZ0ptRDJRV0RBSUlEdzhXQkI4SEJRMWpZWEowTFdsamIyNUdkV3hzSHdnQ0FtUVdBZ0lCRHc4V0FoOEZCUTB2Wlc0dlkyRnlkQzVoYzNCNFpHUUNDZzhXQWg4REJRazRJRWwwWlcwb2N5bGtBZ3dQRmdJZkF3VU1OeTQ1TXpZc01EQWc0b0tzWkFJT0R3OFdBaDhFWjJRV0NBSUJEMlFXQWdJQkR4WUNId01GRUV4aGMzUWdZV1JrWldRZ2FYUmxiWE5rQWdNUEZnSWZCZ1hiRFR4a2FYWWdZMnhoYzNNOUoyeGxablFuUGprMmQyVnNiQ0JCWjJGeUlGQnNZWFJsUEM5a2FYWStQR1JwZGlCamJHRnpjejBuY21sbmFIUW5QanhoSUdoeVpXWTlKeU1uSUc5dVkyeHBZMnM5SjFOb2IzZEVhV0ZzYjJjb0lqeHdQa1J2SUhsdmRTQnlaV0ZzYkhrZ2QyRnVkQ0IwYnlCa1pXeGxkR1VnZEdocGN5QnBkR1Z0S0hNcFB6d3ZjRDRpTEhzaVJHbGhiRzluUTJ4aGMzTWlPaUlpTENKSVpXbG5hSFFpT2lKaGRYUnZJaXdpVFc5a1lXd2lPblJ5ZFdVc0lsQnZjMmwwYVc5dUlqb2lZMlZ1ZEdWeUlpd2lWMmxrZEdnaU9pSXpNREFpTENKRGJHOXpZV0pzWlNJNmRISjFaU3dpVkdsMGJHVWlPaUpFWld4bGRHVWlMQ0pDZFhSMGIyNHhWR1Y0ZENJNklsbGxjeUlzSWtKMWRIUnZiakpVWlhoMElqb2lUbThpTENKQ2RYUjBiMjR4UTJGc2JHSmhZMnNpT2lKRVpXeGxkR1ZQY21SbGNrbDBaVzBpTENKQ2RYUjBiMjR5UTJGc2JHSmhZMnNpT201MWJHd3NJa0oxZEhSdmJqRkRZV3hzWW1GamExQmhjbUZ0WlhSbGNuTWlPaUo3WENKSlpGd2lPak0yTWpRMU1uMGlMQ0pDZFhSMGIyNHlRMkZzYkdKaFkydFFZWEpoYldWMFpYSnpJanB1ZFd4c0xDSlNaWE5wZW1GaWJHVWlPbVpoYkhObExDSkVjbUZuWjJGaWJHVWlPbVpoYkhObExDSkJkWFJ2VDNCbGJpSTZabUZzYzJVc0lrRndjR1Z1WkZSdklqb2lZbTlrZVNJc0lrMWhlRWhsYVdkb2RDSTZOREF3TENKTllYaFhhV1IwYUNJNk16QXdMQ0pOYVc1SVpXbG5hSFFpT2pFMU1Dd2lUV2x1VjJsa2RHZ2lPakUxTUgwcE95YytlRHd2WVQ0OEwyUnBkajROQ2p4a2FYWWdZMnhoYzNNOUoyeGxablFuUGprMmQyVnNiQ0JCWjJGeUlGQnNZWFJsUEM5a2FYWStQR1JwZGlCamJHRnpjejBuY21sbmFIUW5QanhoSUdoeVpXWTlKeU1uSUc5dVkyeHBZMnM5SjFOb2IzZEVhV0ZzYjJjb0lqeHdQa1J2SUhsdmRTQnlaV0ZzYkhrZ2QyRnVkQ0IwYnlCa1pXeGxkR1VnZEdocGN5QnBkR1Z0S0hNcFB6d3ZjRDRpTEhzaVJHbGhiRzluUTJ4aGMzTWlPaUlpTENKSVpXbG5hSFFpT2lKaGRYUnZJaXdpVFc5a1lXd2lPblJ5ZFdVc0lsQnZjMmwwYVc5dUlqb2lZMlZ1ZEdWeUlpd2lWMmxrZEdnaU9pSXpNREFpTENKRGJHOXpZV0pzWlNJNmRISjFaU3dpVkdsMGJHVWlPaUpFWld4bGRHVWlMQ0pDZFhSMGIyNHhWR1Y0ZENJNklsbGxjeUlzSWtKMWRIUnZiakpVWlhoMElqb2lUbThpTENKQ2RYUjBiMjR4UTJGc2JHSmhZMnNpT2lKRVpXeGxkR1ZQY21SbGNrbDBaVzBpTENKQ2RYUjBiMjR5UTJGc2JHSmhZMnNpT201MWJHd3NJa0oxZEhSdmJqRkRZV3hzWW1GamExQmhjbUZ0WlhSbGNuTWlPaUo3WENKSlpGd2lPak0yTWpRMU1IMGlMQ0pDZFhSMGIyNHlRMkZzYkdKaFkydFFZWEpoYldWMFpYSnpJanB1ZFd4c0xDSlNaWE5wZW1GaWJHVWlPbVpoYkhObExDSkVjbUZuWjJGaWJHVWlPbVpoYkhObExDSkJkWFJ2VDNCbGJpSTZabUZzYzJVc0lrRndjR1Z1WkZSdklqb2lZbTlrZVNJc0lrMWhlRWhsYVdkb2RDSTZOREF3TENKTllYaFhhV1IwYUNJNk16QXdMQ0pOYVc1SVpXbG5hSFFpT2pFMU1Dd2lUV2x1VjJsa2RHZ2lPakUxTUgwcE95YytlRHd2WVQ0OEwyUnBkajROQ2p4a2FYWWdZMnhoYzNNOUoyeGxablFuUGprMmQyVnNiQ0JCWjJGeUlGQnNZWFJsUEM5a2FYWStQR1JwZGlCamJHRnpjejBuY21sbmFIUW5QanhoSUdoeVpXWTlKeU1uSUc5dVkyeHBZMnM5SjFOb2IzZEVhV0ZzYjJjb0lqeHdQa1J2SUhsdmRTQnlaV0ZzYkhrZ2QyRnVkQ0IwYnlCa1pXeGxkR1VnZEdocGN5QnBkR1Z0S0hNcFB6d3ZjRDRpTEhzaVJHbGhiRzluUTJ4aGMzTWlPaUlpTENKSVpXbG5hSFFpT2lKaGRYUnZJaXdpVFc5a1lXd2lPblJ5ZFdVc0lsQnZjMmwwYVc5dUlqb2lZMlZ1ZEdWeUlpd2lWMmxrZEdnaU9pSXpNREFpTENKRGJHOXpZV0pzWlNJNmRISjFaU3dpVkdsMGJHVWlPaUpFWld4bGRHVWlMQ0pDZFhSMGIyNHhWR1Y0ZENJNklsbGxjeUlzSWtKMWRIUnZiakpVWlhoMElqb2lUbThpTENKQ2RYUjBiMjR4UTJGc2JHSmhZMnNpT2lKRVpXeGxkR1ZQY21SbGNrbDBaVzBpTENKQ2RYUjBiMjR5UTJGc2JHSmhZMnNpT201MWJHd3NJa0oxZEhSdmJqRkRZV3hzWW1GamExQmhjbUZ0WlhSbGNuTWlPaUo3WENKSlpGd2lPak0yTWpRME9YMGlMQ0pDZFhSMGIyNHlRMkZzYkdKaFkydFFZWEpoYldWMFpYSnpJanB1ZFd4c0xDSlNaWE5wZW1GaWJHVWlPbVpoYkhObExDSkVjbUZuWjJGaWJHVWlPbVpoYkhObExDSkJkWFJ2VDNCbGJpSTZabUZzYzJVc0lrRndjR1Z1WkZSdklqb2lZbTlrZVNJc0lrMWhlRWhsYVdkb2RDSTZOREF3TENKTllYaFhhV1IwYUNJNk16QXdMQ0pOYVc1SVpXbG5hSFFpT2pFMU1Dd2lUV2x1VjJsa2RHZ2lPakUxTUgwcE95YytlRHd2WVQ0OEwyUnBkajROQ21RQ0JROFBGZ1FmQlFVTkwyVnVMMk5oY25RdVlYTndlQjhEQlFSRFlYSjBaR1FDQnc4UEZnWWZBd1VJUTJobFkydHZkWFFlQjBWdVlXSnNaV1JuSHdSbkZnSWVCMDl1UTJ4cFkyc0ZseXh5WlhSMWNtNGdWbUZzYVdSaGRHVkpkR1Z0YzFSdlEyaGxZMnRQZFhSUGNsRjFiM1JsS0hzaVEyeHZjMlZDZFhSMGIyNVVaWGgwSWpvaVEyeHZjMlVpTENKQmJHVnlkRTFsYzNOaFoyVlVhWFJzWlNJNklrRnNaWEowSUUxbGMzTmhaMlVpTENKRGFHVmphMjkxZEZOMFlYUmxSVzUxYlNJNmV5SkpiblpoYkdsa0lqb2lTVzUyWVd4cFpDSXNJbEYxYjNSaFlteGxUMjVzZVNJNklsRjFiM1JoWW14bFQyNXNlU0lzSWs5eVpHVnlZV0pzWlU5dWJIa2lPaUpQY21SbGNtRmliR1ZQYm14NUlpd2lUM0prWlhKaFlteGxRVzVrVVhWdmRHRmliR1VpT2lKUGNtUmxjbUZpYkdWQmJtUlJkVzkwWVdKc1pTSXNJazV2ZEU5eVpHVnlZV0pzWlVGdVpGRjFiM1JoWW14bElqb2lUbTkwVDNKa1pYSmhZbXhsUVc1a1VYVnZkR0ZpYkdVaUxDSk9iM1JQY21SbGNtRmliR1ZCYm1SUmRXOTBZV0pzWlZkcGRHaEpiblpoYkdsa0lqb2lUbTkwVDNKa1pYSmhZbXhsUVc1a1VYVnZkR0ZpYkdWWGFYUm9TVzUyWVd4cFpDSXNJa1psZDA5eVpHVnlZV0pzWlU5dWJIa2lPaUpHWlhkUGNtUmxjbUZpYkdWUGJteDVJaXdpUm1WM1QzSmtaWEpoWW14bFFXNWtSbVYzVVhWdmRHRmliR1VpT2lKR1pYZFBjbVJsY21GaWJHVkJibVJHWlhkUmRXOTBZV0pzWlNJc0lrWmxkMUYxYjNSaFlteGxUMjVzZVZkcGRHaEpiblpoYkdsa0lqb2lSbVYzVVhWdmRHRmliR1ZQYm14NVYybDBhRWx1ZG1Gc2FXUWlMQ0pHWlhkUGNtUmxjbUZpYkdWUGJteDVWMmwwYUVsdWRtRnNhV1FpT2lKR1pYZFBjbVJsY21GaWJHVlBibXg1VjJsMGFFbHVkbUZzYVdRaUxDSkdaWGRQY21SbGNtRmliR1ZCYm1SR1pYZFJkVzkwWVdKc1pWZHBkR2hKYm5aaGJHbGtJam9pUm1WM1QzSmtaWEpoWW14bFFXNWtSbVYzVVhWdmRHRmliR1ZYYVhSb1NXNTJZV3hwWkNJc0lrWmxkMDl5WkdWeVlXSnNaVUZ1WkVGc2JGRjFiM1JoWW14bElqb2lSbVYzVDNKa1pYSmhZbXhsUVc1a1FXeHNVWFZ2ZEdGaWJHVWlMQ0pCYkd4UGNtUmxjbUZpYkdWQmJtUkdaWGRSZFc5MFlXSnNaU0k2SWtGc2JFOXlaR1Z5WVdKc1pVRnVaRVpsZDFGMWIzUmhZbXhsSW4wc0lrbDBaVzFUZEdGMFpVVnVkVzBpT25zaVNXNTJZV3hwWkNJNklrbHVkbUZzYVdRaUxDSlJkVzkwWVdKc1pVOXViSGtpT2lKUmRXOTBZV0pzWlU5dWJIa2lMQ0pQY21SbGNtRmliR1ZQYm14NUlqb2lUM0prWlhKaFlteGxUMjVzZVNJc0lrOXlaR1Z5WVdKc1pVRnVaRkYxYjNSaFlteGxJam9pVDNKa1pYSmhZbXhsUVc1a1VYVnZkR0ZpYkdVaUxDSk9iM1JQY21SbGNtRmliR1ZCYm1SUmRXOTBZV0pzWlNJNklrNXZkRTl5WkdWeVlXSnNaVUZ1WkZGMWIzUmhZbXhsSWl3aVRtOTBUM0prWlhKaFlteGxRVzVrVVhWdmRHRmliR1ZYYVhSb1NXNTJZV3hwWkNJNklrNXZkRTl5WkdWeVlXSnNaVUZ1WkZGMWIzUmhZbXhsVjJsMGFFbHVkbUZzYVdRaUxDSkdaWGRQY21SbGNtRmliR1ZQYm14NUlqb2lSbVYzVDNKa1pYSmhZbXhsVDI1c2VTSXNJa1psZDA5eVpHVnlZV0pzWlVGdVpFWmxkMUYxYjNSaFlteGxJam9pUm1WM1QzSmtaWEpoWW14bFFXNWtSbVYzVVhWdmRHRmliR1VpTENKR1pYZFJkVzkwWVdKc1pVOXViSGxYYVhSb1NXNTJZV3hwWkNJNklrWmxkMUYxYjNSaFlteGxUMjVzZVZkcGRHaEpiblpoYkdsa0lpd2lSbVYzVDNKa1pYSmhZbXhsVDI1c2VWZHBkR2hKYm5aaGJHbGtJam9pUm1WM1QzSmtaWEpoWW14bFQyNXNlVmRwZEdoSmJuWmhiR2xrSWl3aVJtVjNUM0prWlhKaFlteGxRVzVrUm1WM1VYVnZkR0ZpYkdWWGFYUm9TVzUyWVd4cFpDSTZJa1psZDA5eVpHVnlZV0pzWlVGdVpFWmxkMUYxYjNSaFlteGxWMmwwYUVsdWRtRnNhV1FpTENKR1pYZFBjbVJsY21GaWJHVkJibVJCYkd4UmRXOTBZV0pzWlNJNklrWmxkMDl5WkdWeVlXSnNaVUZ1WkVGc2JGRjFiM1JoWW14bElpd2lRV3hzVDNKa1pYSmhZbXhsUVc1a1JtVjNVWFZ2ZEdGaWJHVWlPaUpCYkd4UGNtUmxjbUZpYkdWQmJtUkdaWGRSZFc5MFlXSnNaU0o5TENKb1pHNUdhV1ZzWkZObGJHVmpkR1ZrVDNKa1pYSkpkR1Z0UTJobFkydHZkWFJUZEdGMFpYTkRiR2xsYm5SSlpDSTZJa052Ym5SbGJuUlFiR0ZqWlVodmJHUmxja1JsWm1GMWJIUmZRMkZ5ZEU5MlpYSjJhV1YzWHpOZmFHUnVSbWxsYkdSVFpXeGxZM1JsWkU5eVpHVnlTWFJsYlVOb1pXTnJiM1YwVTNSaGRHVnpJaXdpYUdSdVJtbGxiR1JUWld4bFkzUmxaRWwwWlcxSlpITkRiR2xsYm5SSlpDSTZJa052Ym5SbGJuUlFiR0ZqWlVodmJHUmxja1JsWm1GMWJIUmZRMkZ5ZEU5MlpYSjJhV1YzWHpOZmFHUnVSbWxsYkdSVFpXeGxZM1JsWkVsMFpXMUpaSE1pTENKUGNtUmxjbE5sYkdWamRHVmtVSEp2WkhWamRITWlPakVzSWtOdmJtWnBjbTFoZEdsdmJsUnBkR3hsVW1WemIzVnlZMlVpT2lKRGIyNW1hWEp0WVhScGIyNGlMQ0pRY205alpXVmtRblYwZEc5dVZHVjRkQ0k2SWxCeWIyTmxaV1FpTENKUWNtOWpaV1ZrUW5WMGRHOXVRMkZzYkdKaFkyc2lPaUpXWVd4cFpHRjBaVWwwWlcxelZHOURhR1ZqYTA5MWRFOXlVWFZ2ZEdVaUxDSkpiblpoYkdsa1NYUmxiWE5UWld4bFkzUmxaRVp2Y2tOb1pXTnJiM1YwVW1WemIzVnlZMlVpT2lKVWFHVnlaU0JoY21VZ2MyOXRaU0JwYm5aaGJHbGtJR2wwWlcxeklHTm9iM05sYmlCbWIzSWdZMmhsWTJ0dmRYUWlMQ0pPYjA5eVpHVnlZV0pzWlVsMFpXMXpVMlZzWldOMFpXUkdiM0pEYUdWamEyOTFkRkpsYzI5MWNtTmxJam9pVG04Z2RtRnNhV1FnYjNKa1pYSmhZbXhsSUdsMFpXMXpJR0Z5WlNCamFHOXpaVzRnWm05eUlHOXlaR1Z5SUhCeWIyTmxjM01pTENKT2IxRjFiM1JoWW14bFNYUmxiWE5UWld4bFkzUmxaRVp2Y2tOb1pXTnJiM1YwVW1WemIzVnlZMlVpT2lKT2J5QjJZV3hwWkNCeGRXOTBZV0pzWlNCcGRHVnRjeUJoY21VZ1kyaHZjMlZ1SUdadmNpQnhkVzkwWlNCd2NtOWpaWE56SWl3aVQzSmtaWEpoWW14bFFXNWtUbTl1VDNKa1pYSmhZbXhsU1hSbGJYTlRaV3hsWTNSbFpFWnZja05vWldOcmIzVjBVbVZ6YjNWeVkyVWlPaUpaYjNVZ1kyRnVJR1ZwZEdobGNpQW5jSEp2WTJWbFpDY2dkMmwwYUNCdmNtUmxjaUJ3Y205alpYTnpJRzltSUhSb1pTQnZjbVJsY21GaWJHVWdhWFJsYlhNZ2IzSWdaV1JwZENCMGFHVWdibTl1TFc5eVpHVnlZV0pzWlNCcGRHVnRjeUlzSWxGMWIzUmhZbXhsUVc1a1RtOXVVWFZ2ZEdGaWJHVkpkR1Z0YzFObGJHVmpkR1ZrUm05eVEyaGxZMnR2ZFhSU1pYTnZkWEpqWlNJNklsbHZkU0JqWVc0Z1pXbDBhR1Z5SUNkd2NtOWpaV1ZrSnlCM2FYUm9JSEYxYjNSbElIQnliMk5sYzNNZ2IyWWdkR2hsSUhGMWIzUmhZbXhsSUdsMFpXMXpJRzl5SUdWa2FYUWdkR2hsSUc1dmJpMXhkVzkwWVdKc1pTQnBkR1Z0Y3lJc0lsRjFiM1JsVTJWc1pXTjBaV1JRY205a2RXTjBjeUk2TWl3aVRtOUpkR1Z0YzFObGJHVmpkR1ZrSWpvaVRtOGdTWFJsYlhNZ1UyVnNaV04wWldRdUlGQnNaV0Z6WlNCamFHOXZjMlVnYjI1bElDaHZjaWtnYlc5eVpTQnBkR1Z0Y3lCMGJ5QndaWEptYjNKdElIUm9aU0JoWTNScGIyNHVJaXdpUTJGeWRFRmpkR2x2YmtSbGJHVjBaVk5sYkdWamRHVmtVSEp2WkhWamRITWlPalVzSWxkcGMyaE1hWE4wUVdOMGFXOXVjMFJsYkdWMFpWTmxiR1ZqZEdWa1VISnZaSFZqZEhNaU9qSXNJa1JsYkdWMFpVTnZibVpwY20xaGRHbHZiazFsYzNOaFoyVlNaWE52ZFhKalpTSTZJanh3UGtSdklIbHZkU0J5WldGc2JIa2dkMkZ1ZENCMGJ5QmtaV3hsZEdVZ2RHaHBjeUJwZEdWdEtITXBQend2Y0Q0aUxDSkVaV3hsZEdWRGIyNW1hWEp0WVhScGIyNU9iMEoxZEhSdmJsSmxjMjkxY21ObElqb2lUbThpTENKRVpXeGxkR1ZEYjI1bWFYSnRZWFJwYjI1WlpYTkNkWFIwYjI1U1pYTnZkWEpqWlNJNklsbGxjeUlzSWtSbGJHVjBaVU52Ym1acGNtMWhkR2x2YmtobFlXUmxjbFJsZUhSU1pYTnZkWEpqWlNJNklrUmxiR1YwWlNJc0lrTmhjblJCWTNScGIyNGlPakVzSWtOb1pXTnJiM1YwUW5WMGRHOXVVMk55YVhCMElqcHVkV3hzTENKRGFHVmphMjkxZEZObGNYVmxibU5wYm1kQmJtUlFjbWx0WlhKUWIzQjFjRTFsYzNOaFoyVklaV0ZrWlhJaU9pSWlMQ0pEYUdWamEyOTFkRk5sY1hWbGJtTnBibWRCYm1SUWNtbHRaWEpRYjNCMWNFMWxjM05oWjJWSVpXRmtaWEpKYm1admNtMWhkR2x2YmlJNklrbDBJR2x6SUc1dmRDQndiM056YVdKc1pTQjBieUJqYUdWamEyOTFkQ0F2SUhGMWIzUmxJSE5sY1hWbGJtTnBibWNnY21WaFkzUnBiMjV6SUhkcGRHaHZkWFFnY0hKcGJXVnljeUIzYUdsamFDQmhjbVVnWVhOemIyTnBZWFJsWkNCMGJ5QnpaV3hsWTNSbFpDQnpaWEYxWlc1amFXNW5JR2wwWlcxeklHbHVJSFJvYVhNZ2IzSmtaWEk2SUR3dlluSStQQzlpY2o0aUxDSkRhR1ZqYTI5MWRGTmxjWFZsYm1OcGJtZEJibVJRY21sdFpYSlFiM0IxY0UxbGMzTmhaMlZHYjI5MFpYSkpibVp2Y20xaGRHbHZiaUk2SWlJc0lrTm9aV05yYjNWMFUyVnhkV1Z1WTJsdVowRnVaRkJ5YVcxbGNsQnZjSFZ3VFdWemMyRm5aVU5zYjNObFFuVjBkRzl1VkdWNGRDSTZJaUlzSWtOb1pXTnJiM1YwVTJWeGRXVnVZMmx1WjBGdVpGQnlhVzFsY2xCdmNIVndSbTl5YldGMFRXVnpjMkZuWlNJNklpSXNJa05vWldOcmIzVjBVSEpwYldWeVFXeHZibVZRYjNCMWNFMWxjM05oWjJWRGJHOXpaVUoxZEhSdmJsUmxlSFFpT2lJaUxDSkRhR1ZqYTI5MWRGQnlhVzFsY2tGc2IyNWxVRzl3ZFhCTlpYTnpZV2RsSWpvaVVISnBiV1Z5SUdGc2IyNWxJR05oYm01dmRDQmlaU0JqYUdWamEyVmtJRzkxZEM0Z1VHeGxZWE5sSUhObGJHVmpkQ0JoZEd4bFlYTjBJRzl1WlNCaGMzTnZZMmxoZEdWa0lITmxjWFZsYm1OcGJtY2dTWFJsYlM0aUxDSkRhR1ZqYTI5MWRGQnlhVzFsY2tGc2IyNWxVRzl3ZFhCTlpYTnpZV2RsU0dWaFpHVnlJam9pVUd4bFlYTmxJRTV2ZEdVaUxDSkNZWEpEYjJSbFZtRnNhV1JoZEdsdmJsQnZjSFZ3UTJ4dmMyVkNkWFIwYjI1VVpYaDBJam9pVDJzaUxDSkNZWEpEYjJSbFZtRnNhV1JoZEdsdmJsQnZjSFZ3VFdWemMyRm5aU0k2SWtKaGNtTnZaR1VnWm05eUlGTmxiR1ZqZEdWa0lFbDBaVzBnYVhNZ2FXNTJZV3hwWkNJc0lrSmhja052WkdWV1lXeHBaR0YwYVc5dVVHOXdkWEJOWlhOellXZGxTR1ZoWkdWeUlqb2lVR3hsWVhObElFNXZkR1VpTENKVFlXMWxSR0Y1UkdWc2FYWmxjbmxXWVd4cFpHRjBhVzl1VUc5d2RYQkhiMEpoWTJ0Q2RYUjBiMjVVWlhoMElqb2lWMkZwZENCMWJuUnBiQ0JoYkd3Z1QzSmtaWEp6SUdGeVpTQm1hVzVwYzJobFpDQjBieUJUYUdsd0lHOXVZMlVpTENKVFlXMWxSR0Y1UkdWc2FYWmxjbmxXWVd4cFpHRjBhVzl1VUc5d2RYQkRhR1ZqYTI5MWRFSjFkSFJ2YmxSbGVIUWlPaUpEYUdWamEyOTFkQ0JUWVcxbElFUmhlU0JQYkdsbmIzTWdUMjVzZVNJc0lsTmhiV1ZFWVhsRVpXeHBkbVZ5ZVZaaGJHbGtZWFJwYjI1UWIzQjFjRTFsYzNOaFoyVklaV0ZrWlhJaU9pSlFiR1ZoYzJVZ2MyVnNaV04wSWl3aVUyRnRaVVJoZVVSbGJHbDJaWEo1Vm1Gc2FXUmhkR2x2YmxCdmNIVndUV1Z6YzJGblpVUmxjMk55YVhCMGFXOXVJam9pV1c5MWNpQmpZWEowSUdOdmJuUmhhVzV6SUhOaGJXVWdaR0Y1SUc5c2FXZHZjeXdnZDJocFkyZ2dibVZsWkNCMGJ5QmlaU0JqYUdWamEyVmtJRzkxZENCelpYQmxjbUYwWld4NUlHbHVJRzl5WkdWeUlIUnZJR1Z1YzNWeVpTQjBhR1VnWm1GemRHVnpkQ0JrWld4cGRtVnllUzRnVkdobElHOTBhR1Z5SUdsMFpXMXpJSGRwYkd3Z1ltVWdkMkZwZEdsdVp5QnBiaUI1YjNWeUlHTmhjblFnZDJobGJpQjViM1VnY21WMGRYSnVJR3hoZEdWeUxpQThjM0JoYmlCamJHRnpjejFjSW5SdmIyeDBhWEJmWkdsaGJHOW5YQ0lnZEdsMGJHVTlYQ0pGZUhCc1lXbHVJR0oxZEhSdmJpQmtaWE5qY21sd2RHbHZiaUJvWlhKbElHOXViSGxjSWlBK1BDOXpjR0Z1UGlJc0lsSmxkWE5sWkVsMFpXMXpWbUZzYVdSaGRHbHZibEJ2Y0hWd1EyeHZjMlZDZFhSMGIyNVVaWGgwSWpvaVQyc2lMQ0pTWlhWelpXUkpkR1Z0YzFaaGJHbGtZWFJwYjI1UWIzQjFjRTFsYzNOaFoyVWlPaUpQYjNCeklDRWdVMjl0WlNCdmNpQmhiR3dnYjJZZ2MyVnNaV04wWldRZ2NtVjFjMlZrSUdsMFpXMG5jeUJ2Y21sbmFXNWhiQ0JqYjI1MFlXbHVaWEp6SUdGeVpTQmxlSEJwY21Wa0xpQlpiM1Z5SUdOaGNuUWdkMmxzYkNCaVpTQjFjR1JoZEdWa0lHRjFkRzl0WVhScFkyRnNiSGtnWVc1a0lHTmhjblFnZDJsc2JDQmlaU0J5Wld4dllXUmxaQzRnUlhod2FYSmxaQ0JwZEdWdElFNWhiV1Z6SUdGeVpTQXRQaUlzSWxKbGRYTmxaRWwwWlcxelZtRnNhV1JoZEdsdmJsQnZjSFZ3VFdWemMyRm5aVWhsWVdSbGNpSTZJbEJzWldGelpTQk9iM1JsSWl3aVJYaHdhWEpsWkZCeWFXMWxjbEJ2Y0hWd1EyeHZjMlZDZFhSMGIyNVVaWGgwSWpvaVQyc2lMQ0pGZUhCcGNtVmtVSEpwYldWeVVHOXdkWEJOWlhOellXZGxWR1Y0ZENJNklsQnlhVzFsY2lCcGN5QmxlSEJwY21Wa0lHWnZjaUIwYUdVZ2IyNWxJRzltSUhSb1pTQnpaV3hsZEdWa0lITmxjWFZsYm1OcGJtY2dhWFJsYlM0Z2NHeGxZWE5sSUhObGJHVmpkQ0JoYm05MGFHVnlJSEJ5YVcxbGNpQnZjaUJ2Y21SbGNpQnVaWGNnY0hKcGJXVnlMaUlzSWtWNGNHbHlaV1JRY21sdFpYSlFiM0IxY0UxbGMzTmhaMlZJWldGa1pYSlVaWGgwSWpvaVVHeGxjMlVnVG05MFpTSXNJa05oY25SUVlXZGxWVkpNSWpvaUwyVnVMMk5oY25RdVlYTndlQ0lzSWsxcGJtbHRkVzFRYkdGMFpWTmhiWEJzWlhOUVpYSkRhR1ZqYTI5MWRDSTZORGdzSWxCc1lYUmxVMkZ0Y0d4bFEyOTFiblFpT201MWJHd3NJa2x6VTJsdVoyeGxVR3hoZEdWWGFYUm9WbUZzYVdSVFlXMXdiR1ZEYjNWdWRDSTZabUZzYzJVc0lrMXBibEJzWVhSbFUyRnRjR3hsYzFCdmNIVndSbTl5YldGMFRXVnpjMkZuWlNJNklpSXNJazFwYmxCc1lYUmxVMkZ0Y0d4bGMxQnZjSFZ3Um05eWJXRjBUV1Z6YzJGblpVTnNiM05sUW5WMGRHOXVWR1Y0ZENJNklpSXNJazFwYmxCc1lYUmxVMkZ0Y0d4bGMxQnZjSFZ3Um05eWJXRjBUV1Z6YzJGblpVaGxZV1JsY2lJNklpSXNJazFoZUdsdGRXMU9kVzFpWlhKUFpsQnNZWFJsYzFCbGNrTm9aV05yYjNWMElqb3pMQ0pRYkdGMFpYTkRiM1Z1ZEVadmNrTjFjbkpsYm5SUGNtUmxjaUk2Ym5Wc2JDd2lUV0Y0YVcxMWJWQnNZWFJsYzFCbGNrTm9aV05yYjNWMFVHOXdkWEJHYjNKdFlYUk5aWE56WVdkbElqb2lUV0Y0YVcxMWJTQXpJSEJzWVhSbGN5QmhjbVVnWld4cFoybGliR1VnZEc4Z1kyaGxZMnR2ZFhRZ2NHVnlJRzl5WkdWeUlHWnZjaUJ3YkdGMFpTQnpaWEYxWlc1amFXNW5JR2wwWlcxekxpQlFiR1ZoYzJVZ2JXOWthV1o1SUhsdmRYSWdjMlZzWldOMGFXOXVJR0ZqWTI5eVpHbHVaMng1TGlJc0lrMWhlR2x0ZFcxUWJHRjBaWE5RWlhKRGFHVmphMjkxZEZCdmNIVndSbTl5YldGMFRXVnpjMkZuWlVOc2IzTmxRblYwZEc5dVZHVjRkQ0k2SWs5cklpd2lUV0Y0YVcxMWJWQnNZWFJsYzFCbGNrTm9aV05yYjNWMFJtOXliV0YwVFdWemMyRm5aVWhsWVdSbGNpSTZJbEJzWldGelpTQk9iM1JsSWl3aVVHOXpkRUpoWTJ0RmJHVnRaVzUwVlc1cGNYVmxTV1FpT2lKamRHd3dNQ1JqZEd3d01DUmpkR3d3TUNSRGIyNTBaVzUwVUd4aFkyVkliMnhrWlhKRVpXWmhkV3gwSkVOaGNuUlBkbVZ5ZG1sbGQxOHpKR3h1YTBOb1pXTnJiM1YwSWl3aVJYWmxiblJCY21kMWJXVnVkQ0k2SWlKOUxDQjBhR2x6S1R0a0FoQVBEeFlFSHdVRkRTOWxiaTlqWVhKMExtRnpjSGdmQXdVRVEyRnlkR1JrQWhJUER4WUNId01GQ0VOb1pXTnJiM1YwRmdJZkRBV1hMSEpsZEhWeWJpQldZV3hwWkdGMFpVbDBaVzF6Vkc5RGFHVmphMDkxZEU5eVVYVnZkR1VvZXlKRGJHOXpaVUoxZEhSdmJsUmxlSFFpT2lKRGJHOXpaU0lzSWtGc1pYSjBUV1Z6YzJGblpWUnBkR3hsSWpvaVFXeGxjblFnVFdWemMyRm5aU0lzSWtOb1pXTnJiM1YwVTNSaGRHVkZiblZ0SWpwN0lrbHVkbUZzYVdRaU9pSkpiblpoYkdsa0lpd2lVWFZ2ZEdGaWJHVlBibXg1SWpvaVVYVnZkR0ZpYkdWUGJteDVJaXdpVDNKa1pYSmhZbXhsVDI1c2VTSTZJazl5WkdWeVlXSnNaVTl1YkhraUxDSlBjbVJsY21GaWJHVkJibVJSZFc5MFlXSnNaU0k2SWs5eVpHVnlZV0pzWlVGdVpGRjFiM1JoWW14bElpd2lUbTkwVDNKa1pYSmhZbXhsUVc1a1VYVnZkR0ZpYkdVaU9pSk9iM1JQY21SbGNtRmliR1ZCYm1SUmRXOTBZV0pzWlNJc0lrNXZkRTl5WkdWeVlXSnNaVUZ1WkZGMWIzUmhZbXhsVjJsMGFFbHVkbUZzYVdRaU9pSk9iM1JQY21SbGNtRmliR1ZCYm1SUmRXOTBZV0pzWlZkcGRHaEpiblpoYkdsa0lpd2lSbVYzVDNKa1pYSmhZbXhsVDI1c2VTSTZJa1psZDA5eVpHVnlZV0pzWlU5dWJIa2lMQ0pHWlhkUGNtUmxjbUZpYkdWQmJtUkdaWGRSZFc5MFlXSnNaU0k2SWtabGQwOXlaR1Z5WVdKc1pVRnVaRVpsZDFGMWIzUmhZbXhsSWl3aVJtVjNVWFZ2ZEdGaWJHVlBibXg1VjJsMGFFbHVkbUZzYVdRaU9pSkdaWGRSZFc5MFlXSnNaVTl1YkhsWGFYUm9TVzUyWVd4cFpDSXNJa1psZDA5eVpHVnlZV0pzWlU5dWJIbFhhWFJvU1c1MllXeHBaQ0k2SWtabGQwOXlaR1Z5WVdKc1pVOXViSGxYYVhSb1NXNTJZV3hwWkNJc0lrWmxkMDl5WkdWeVlXSnNaVUZ1WkVabGQxRjFiM1JoWW14bFYybDBhRWx1ZG1Gc2FXUWlPaUpHWlhkUGNtUmxjbUZpYkdWQmJtUkdaWGRSZFc5MFlXSnNaVmRwZEdoSmJuWmhiR2xrSWl3aVJtVjNUM0prWlhKaFlteGxRVzVrUVd4c1VYVnZkR0ZpYkdVaU9pSkdaWGRQY21SbGNtRmliR1ZCYm1SQmJHeFJkVzkwWVdKc1pTSXNJa0ZzYkU5eVpHVnlZV0pzWlVGdVpFWmxkMUYxYjNSaFlteGxJam9pUVd4c1QzSmtaWEpoWW14bFFXNWtSbVYzVVhWdmRHRmliR1VpZlN3aVNYUmxiVk4wWVhSbFJXNTFiU0k2ZXlKSmJuWmhiR2xrSWpvaVNXNTJZV3hwWkNJc0lsRjFiM1JoWW14bFQyNXNlU0k2SWxGMWIzUmhZbXhsVDI1c2VTSXNJazl5WkdWeVlXSnNaVTl1YkhraU9pSlBjbVJsY21GaWJHVlBibXg1SWl3aVQzSmtaWEpoWW14bFFXNWtVWFZ2ZEdGaWJHVWlPaUpQY21SbGNtRmliR1ZCYm1SUmRXOTBZV0pzWlNJc0lrNXZkRTl5WkdWeVlXSnNaVUZ1WkZGMWIzUmhZbXhsSWpvaVRtOTBUM0prWlhKaFlteGxRVzVrVVhWdmRHRmliR1VpTENKT2IzUlBjbVJsY21GaWJHVkJibVJSZFc5MFlXSnNaVmRwZEdoSmJuWmhiR2xrSWpvaVRtOTBUM0prWlhKaFlteGxRVzVrVVhWdmRHRmliR1ZYYVhSb1NXNTJZV3hwWkNJc0lrWmxkMDl5WkdWeVlXSnNaVTl1YkhraU9pSkdaWGRQY21SbGNtRmliR1ZQYm14NUlpd2lSbVYzVDNKa1pYSmhZbXhsUVc1a1JtVjNVWFZ2ZEdGaWJHVWlPaUpHWlhkUGNtUmxjbUZpYkdWQmJtUkdaWGRSZFc5MFlXSnNaU0lzSWtabGQxRjFiM1JoWW14bFQyNXNlVmRwZEdoSmJuWmhiR2xrSWpvaVJtVjNVWFZ2ZEdGaWJHVlBibXg1VjJsMGFFbHVkbUZzYVdRaUxDSkdaWGRQY21SbGNtRmliR1ZQYm14NVYybDBhRWx1ZG1Gc2FXUWlPaUpHWlhkUGNtUmxjbUZpYkdWUGJteDVWMmwwYUVsdWRtRnNhV1FpTENKR1pYZFBjbVJsY21GaWJHVkJibVJHWlhkUmRXOTBZV0pzWlZkcGRHaEpiblpoYkdsa0lqb2lSbVYzVDNKa1pYSmhZbXhsUVc1a1JtVjNVWFZ2ZEdGaWJHVlhhWFJvU1c1MllXeHBaQ0lzSWtabGQwOXlaR1Z5WVdKc1pVRnVaRUZzYkZGMWIzUmhZbXhsSWpvaVJtVjNUM0prWlhKaFlteGxRVzVrUVd4c1VYVnZkR0ZpYkdVaUxDSkJiR3hQY21SbGNtRmliR1ZCYm1SR1pYZFJkVzkwWVdKc1pTSTZJa0ZzYkU5eVpHVnlZV0pzWlVGdVpFWmxkMUYxYjNSaFlteGxJbjBzSW1oa2JrWnBaV3hrVTJWc1pXTjBaV1JQY21SbGNrbDBaVzFEYUdWamEyOTFkRk4wWVhSbGMwTnNhV1Z1ZEVsa0lqb2lRMjl1ZEdWdWRGQnNZV05sU0c5c1pHVnlSR1ZtWVhWc2RGOURZWEowVDNabGNuWnBaWGRmTTE5b1pHNUdhV1ZzWkZObGJHVmpkR1ZrVDNKa1pYSkpkR1Z0UTJobFkydHZkWFJUZEdGMFpYTWlMQ0pvWkc1R2FXVnNaRk5sYkdWamRHVmtTWFJsYlVsa2MwTnNhV1Z1ZEVsa0lqb2lRMjl1ZEdWdWRGQnNZV05sU0c5c1pHVnlSR1ZtWVhWc2RGOURZWEowVDNabGNuWnBaWGRmTTE5b1pHNUdhV1ZzWkZObGJHVmpkR1ZrU1hSbGJVbGtjeUlzSWs5eVpHVnlVMlZzWldOMFpXUlFjbTlrZFdOMGN5STZNU3dpUTI5dVptbHliV0YwYVc5dVZHbDBiR1ZTWlhOdmRYSmpaU0k2SWtOdmJtWnBjbTFoZEdsdmJpSXNJbEJ5YjJObFpXUkNkWFIwYjI1VVpYaDBJam9pVUhKdlkyVmxaQ0lzSWxCeWIyTmxaV1JDZFhSMGIyNURZV3hzWW1GamF5STZJbFpoYkdsa1lYUmxTWFJsYlhOVWIwTm9aV05yVDNWMFQzSlJkVzkwWlNJc0lrbHVkbUZzYVdSSmRHVnRjMU5sYkdWamRHVmtSbTl5UTJobFkydHZkWFJTWlhOdmRYSmpaU0k2SWxSb1pYSmxJR0Z5WlNCemIyMWxJR2x1ZG1Gc2FXUWdhWFJsYlhNZ1kyaHZjMlZ1SUdadmNpQmphR1ZqYTI5MWRDSXNJazV2VDNKa1pYSmhZbXhsU1hSbGJYTlRaV3hsWTNSbFpFWnZja05vWldOcmIzVjBVbVZ6YjNWeVkyVWlPaUpPYnlCMllXeHBaQ0J2Y21SbGNtRmliR1VnYVhSbGJYTWdZWEpsSUdOb2IzTmxiaUJtYjNJZ2IzSmtaWElnY0hKdlkyVnpjeUlzSWs1dlVYVnZkR0ZpYkdWSmRHVnRjMU5sYkdWamRHVmtSbTl5UTJobFkydHZkWFJTWlhOdmRYSmpaU0k2SWs1dklIWmhiR2xrSUhGMWIzUmhZbXhsSUdsMFpXMXpJR0Z5WlNCamFHOXpaVzRnWm05eUlIRjFiM1JsSUhCeWIyTmxjM01pTENKUGNtUmxjbUZpYkdWQmJtUk9iMjVQY21SbGNtRmliR1ZKZEdWdGMxTmxiR1ZqZEdWa1JtOXlRMmhsWTJ0dmRYUlNaWE52ZFhKalpTSTZJbGx2ZFNCallXNGdaV2wwYUdWeUlDZHdjbTlqWldWa0p5QjNhWFJvSUc5eVpHVnlJSEJ5YjJObGMzTWdiMllnZEdobElHOXlaR1Z5WVdKc1pTQnBkR1Z0Y3lCdmNpQmxaR2wwSUhSb1pTQnViMjR0YjNKa1pYSmhZbXhsSUdsMFpXMXpJaXdpVVhWdmRHRmliR1ZCYm1ST2IyNVJkVzkwWVdKc1pVbDBaVzF6VTJWc1pXTjBaV1JHYjNKRGFHVmphMjkxZEZKbGMyOTFjbU5sSWpvaVdXOTFJR05oYmlCbGFYUm9aWElnSjNCeWIyTmxaV1FuSUhkcGRHZ2djWFZ2ZEdVZ2NISnZZMlZ6Y3lCdlppQjBhR1VnY1hWdmRHRmliR1VnYVhSbGJYTWdiM0lnWldScGRDQjBhR1VnYm05dUxYRjFiM1JoWW14bElHbDBaVzF6SWl3aVVYVnZkR1ZUWld4bFkzUmxaRkJ5YjJSMVkzUnpJam95TENKT2IwbDBaVzF6VTJWc1pXTjBaV1FpT2lKT2J5QkpkR1Z0Y3lCVFpXeGxZM1JsWkM0Z1VHeGxZWE5sSUdOb2IyOXpaU0J2Ym1VZ0tHOXlLU0J0YjNKbElHbDBaVzF6SUhSdklIQmxjbVp2Y20wZ2RHaGxJR0ZqZEdsdmJpNGlMQ0pEWVhKMFFXTjBhVzl1UkdWc1pYUmxVMlZzWldOMFpXUlFjbTlrZFdOMGN5STZOU3dpVjJsemFFeHBjM1JCWTNScGIyNXpSR1ZzWlhSbFUyVnNaV04wWldSUWNtOWtkV04wY3lJNk1pd2lSR1ZzWlhSbFEyOXVabWx5YldGMGFXOXVUV1Z6YzJGblpWSmxjMjkxY21ObElqb2lQSEErUkc4Z2VXOTFJSEpsWVd4c2VTQjNZVzUwSUhSdklHUmxiR1YwWlNCMGFHbHpJR2wwWlcwb2N5ay9QQzl3UGlJc0lrUmxiR1YwWlVOdmJtWnBjbTFoZEdsdmJrNXZRblYwZEc5dVVtVnpiM1Z5WTJVaU9pSk9ieUlzSWtSbGJHVjBaVU52Ym1acGNtMWhkR2x2YmxsbGMwSjFkSFJ2YmxKbGMyOTFjbU5sSWpvaVdXVnpJaXdpUkdWc1pYUmxRMjl1Wm1seWJXRjBhVzl1U0dWaFpHVnlWR1Y0ZEZKbGMyOTFjbU5sSWpvaVJHVnNaWFJsSWl3aVEyRnlkRUZqZEdsdmJpSTZNU3dpUTJobFkydHZkWFJDZFhSMGIyNVRZM0pwY0hRaU9tNTFiR3dzSWtOb1pXTnJiM1YwVTJWeGRXVnVZMmx1WjBGdVpGQnlhVzFsY2xCdmNIVndUV1Z6YzJGblpVaGxZV1JsY2lJNklpSXNJa05vWldOcmIzVjBVMlZ4ZFdWdVkybHVaMEZ1WkZCeWFXMWxjbEJ2Y0hWd1RXVnpjMkZuWlVobFlXUmxja2x1Wm05eWJXRjBhVzl1SWpvaVNYUWdhWE1nYm05MElIQnZjM05wWW14bElIUnZJR05vWldOcmIzVjBJQzhnY1hWdmRHVWdjMlZ4ZFdWdVkybHVaeUJ5WldGamRHbHZibk1nZDJsMGFHOTFkQ0J3Y21sdFpYSnpJSGRvYVdOb0lHRnlaU0JoYzNOdlkybGhkR1ZrSUhSdklITmxiR1ZqZEdWa0lITmxjWFZsYm1OcGJtY2dhWFJsYlhNZ2FXNGdkR2hwY3lCdmNtUmxjam9nUEM5aWNqNDhMMkp5UGlJc0lrTm9aV05yYjNWMFUyVnhkV1Z1WTJsdVowRnVaRkJ5YVcxbGNsQnZjSFZ3VFdWemMyRm5aVVp2YjNSbGNrbHVabTl5YldGMGFXOXVJam9pSWl3aVEyaGxZMnR2ZFhSVFpYRjFaVzVqYVc1blFXNWtVSEpwYldWeVVHOXdkWEJOWlhOellXZGxRMnh2YzJWQ2RYUjBiMjVVWlhoMElqb2lJaXdpUTJobFkydHZkWFJUWlhGMVpXNWphVzVuUVc1a1VISnBiV1Z5VUc5d2RYQkdiM0p0WVhSTlpYTnpZV2RsSWpvaUlpd2lRMmhsWTJ0dmRYUlFjbWx0WlhKQmJHOXVaVkJ2Y0hWd1RXVnpjMkZuWlVOc2IzTmxRblYwZEc5dVZHVjRkQ0k2SWlJc0lrTm9aV05yYjNWMFVISnBiV1Z5UVd4dmJtVlFiM0IxY0UxbGMzTmhaMlVpT2lKUWNtbHRaWElnWVd4dmJtVWdZMkZ1Ym05MElHSmxJR05vWldOclpXUWdiM1YwTGlCUWJHVmhjMlVnYzJWc1pXTjBJR0YwYkdWaGMzUWdiMjVsSUdGemMyOWphV0YwWldRZ2MyVnhkV1Z1WTJsdVp5QkpkR1Z0TGlJc0lrTm9aV05yYjNWMFVISnBiV1Z5UVd4dmJtVlFiM0IxY0UxbGMzTmhaMlZJWldGa1pYSWlPaUpRYkdWaGMyVWdUbTkwWlNJc0lrSmhja052WkdWV1lXeHBaR0YwYVc5dVVHOXdkWEJEYkc5elpVSjFkSFJ2YmxSbGVIUWlPaUpQYXlJc0lrSmhja052WkdWV1lXeHBaR0YwYVc5dVVHOXdkWEJOWlhOellXZGxJam9pUW1GeVkyOWtaU0JtYjNJZ1UyVnNaV04wWldRZ1NYUmxiU0JwY3lCcGJuWmhiR2xrSWl3aVFtRnlRMjlrWlZaaGJHbGtZWFJwYjI1UWIzQjFjRTFsYzNOaFoyVklaV0ZrWlhJaU9pSlFiR1ZoYzJVZ1RtOTBaU0lzSWxOaGJXVkVZWGxFWld4cGRtVnllVlpoYkdsa1lYUnBiMjVRYjNCMWNFZHZRbUZqYTBKMWRIUnZibFJsZUhRaU9pSlhZV2wwSUhWdWRHbHNJR0ZzYkNCUGNtUmxjbk1nWVhKbElHWnBibWx6YUdWa0lIUnZJRk5vYVhBZ2IyNWpaU0lzSWxOaGJXVkVZWGxFWld4cGRtVnllVlpoYkdsa1lYUnBiMjVRYjNCMWNFTm9aV05yYjNWMFFuVjBkRzl1VkdWNGRDSTZJa05vWldOcmIzVjBJRk5oYldVZ1JHRjVJRTlzYVdkdmN5QlBibXg1SWl3aVUyRnRaVVJoZVVSbGJHbDJaWEo1Vm1Gc2FXUmhkR2x2YmxCdmNIVndUV1Z6YzJGblpVaGxZV1JsY2lJNklsQnNaV0Z6WlNCelpXeGxZM1FpTENKVFlXMWxSR0Y1UkdWc2FYWmxjbmxXWVd4cFpHRjBhVzl1VUc5d2RYQk5aWE56WVdkbFJHVnpZM0pwY0hScGIyNGlPaUpaYjNWeUlHTmhjblFnWTI5dWRHRnBibk1nYzJGdFpTQmtZWGtnYjJ4cFoyOXpMQ0IzYUdsamFDQnVaV1ZrSUhSdklHSmxJR05vWldOclpXUWdiM1YwSUhObGNHVnlZWFJsYkhrZ2FXNGdiM0prWlhJZ2RHOGdaVzV6ZFhKbElIUm9aU0JtWVhOMFpYTjBJR1JsYkdsMlpYSjVMaUJVYUdVZ2IzUm9aWElnYVhSbGJYTWdkMmxzYkNCaVpTQjNZV2wwYVc1bklHbHVJSGx2ZFhJZ1kyRnlkQ0IzYUdWdUlIbHZkU0J5WlhSMWNtNGdiR0YwWlhJdUlEeHpjR0Z1SUdOc1lYTnpQVndpZEc5dmJIUnBjRjlrYVdGc2IyZGNJaUIwYVhSc1pUMWNJa1Y0Y0d4aGFXNGdZblYwZEc5dUlHUmxjMk55YVhCMGFXOXVJR2hsY21VZ2IyNXNlVndpSUQ0OEwzTndZVzQrSWl3aVVtVjFjMlZrU1hSbGJYTldZV3hwWkdGMGFXOXVVRzl3ZFhCRGJHOXpaVUoxZEhSdmJsUmxlSFFpT2lKUGF5SXNJbEpsZFhObFpFbDBaVzF6Vm1Gc2FXUmhkR2x2YmxCdmNIVndUV1Z6YzJGblpTSTZJazl2Y0hNZ0lTQlRiMjFsSUc5eUlHRnNiQ0J2WmlCelpXeGxZM1JsWkNCeVpYVnpaV1FnYVhSbGJTZHpJRzl5YVdkcGJtRnNJR052Ym5SaGFXNWxjbk1nWVhKbElHVjRjR2x5WldRdUlGbHZkWElnWTJGeWRDQjNhV3hzSUdKbElIVndaR0YwWldRZ1lYVjBiMjFoZEdsallXeHNlU0JoYm1RZ1kyRnlkQ0IzYVd4c0lHSmxJSEpsYkc5aFpHVmtMaUJGZUhCcGNtVmtJR2wwWlcwZ1RtRnRaWE1nWVhKbElDMCtJaXdpVW1WMWMyVmtTWFJsYlhOV1lXeHBaR0YwYVc5dVVHOXdkWEJOWlhOellXZGxTR1ZoWkdWeUlqb2lVR3hsWVhObElFNXZkR1VpTENKRmVIQnBjbVZrVUhKcGJXVnlVRzl3ZFhCRGJHOXpaVUoxZEhSdmJsUmxlSFFpT2lKUGF5SXNJa1Y0Y0dseVpXUlFjbWx0WlhKUWIzQjFjRTFsYzNOaFoyVlVaWGgwSWpvaVVISnBiV1Z5SUdseklHVjRjR2x5WldRZ1ptOXlJSFJvWlNCdmJtVWdiMllnZEdobElITmxiR1YwWldRZ2MyVnhkV1Z1WTJsdVp5QnBkR1Z0TGlCd2JHVmhjMlVnYzJWc1pXTjBJR0Z1YjNSb1pYSWdjSEpwYldWeUlHOXlJRzl5WkdWeUlHNWxkeUJ3Y21sdFpYSXVJaXdpUlhod2FYSmxaRkJ5YVcxbGNsQnZjSFZ3VFdWemMyRm5aVWhsWVdSbGNsUmxlSFFpT2lKUWJHVnpaU0JPYjNSbElpd2lRMkZ5ZEZCaFoyVlZVa3dpT2lJdlpXNHZZMkZ5ZEM1aGMzQjRJaXdpVFdsdWFXMTFiVkJzWVhSbFUyRnRjR3hsYzFCbGNrTm9aV05yYjNWMElqbzBPQ3dpVUd4aGRHVlRZVzF3YkdWRGIzVnVkQ0k2Ym5Wc2JDd2lTWE5UYVc1bmJHVlFiR0YwWlZkcGRHaFdZV3hwWkZOaGJYQnNaVU52ZFc1MElqcG1ZV3h6WlN3aVRXbHVVR3hoZEdWVFlXMXdiR1Z6VUc5d2RYQkdiM0p0WVhSTlpYTnpZV2RsSWpvaUlpd2lUV2x1VUd4aGRHVlRZVzF3YkdWelVHOXdkWEJHYjNKdFlYUk5aWE56WVdkbFEyeHZjMlZDZFhSMGIyNVVaWGgwSWpvaUlpd2lUV2x1VUd4aGRHVlRZVzF3YkdWelVHOXdkWEJHYjNKdFlYUk5aWE56WVdkbFNHVmhaR1Z5SWpvaUlpd2lUV0Y0YVcxMWJVNTFiV0psY2s5bVVHeGhkR1Z6VUdWeVEyaGxZMnR2ZFhRaU9qTXNJbEJzWVhSbGMwTnZkVzUwUm05eVEzVnljbVZ1ZEU5eVpHVnlJanB1ZFd4c0xDSk5ZWGhwYlhWdFVHeGhkR1Z6VUdWeVEyaGxZMnR2ZFhSUWIzQjFjRVp2Y20xaGRFMWxjM05oWjJVaU9pSk5ZWGhwYlhWdElETWdjR3hoZEdWeklHRnlaU0JsYkdsbmFXSnNaU0IwYnlCamFHVmphMjkxZENCd1pYSWdiM0prWlhJZ1ptOXlJSEJzWVhSbElITmxjWFZsYm1OcGJtY2dhWFJsYlhNdUlGQnNaV0Z6WlNCdGIyUnBabmtnZVc5MWNpQnpaV3hsWTNScGIyNGdZV05qYjNKa2FXNW5iSGt1SWl3aVRXRjRhVzExYlZCc1lYUmxjMUJsY2tOb1pXTnJiM1YwVUc5d2RYQkdiM0p0WVhSTlpYTnpZV2RsUTJ4dmMyVkNkWFIwYjI1VVpYaDBJam9pVDJzaUxDSk5ZWGhwYlhWdFVHeGhkR1Z6VUdWeVEyaGxZMnR2ZFhSR2IzSnRZWFJOWlhOellXZGxTR1ZoWkdWeUlqb2lVR3hsWVhObElFNXZkR1VpTENKUWIzTjBRbUZqYTBWc1pXMWxiblJWYm1seGRXVkpaQ0k2SW1OMGJEQXdKR04wYkRBd0pHTjBiREF3SkVOdmJuUmxiblJRYkdGalpVaHZiR1JsY2tSbFptRjFiSFFrUTJGeWRFOTJaWEoyYVdWM1h6TWtiRzVyUTJobFkydHZkWFFpTENKRmRtVnVkRUZ5WjNWdFpXNTBJam9pSW4wc0lIUm9hWE1wTzJRQ0VnOWtGZ2dDQVE5a0ZnSm1EMlFXQWdJQ0R4VUJia052Ym5SbGJuUlFiR0ZqWlVodmJHUmxja1JsWm1GMWJIUmZUV0Z6ZEdWeVVHeGhZMlZvYjJ4a1pYSmZVbVZ4ZFdseVpWVnpaWEpNYjJkcGJsODFYM0J1YkVSeVlXZGhZbXhsVjJsdVpHOTNRMjl1ZEdWdWRGOUpibXhwYm1WTlpYTnpZV2RsUTI5dWRHRnBibVZ5WkFJREQyUVdBbVlQRHhZQ0hndHNZbXhJWldGa1RHbHVaUVVQUTI5dWRHRmpkQ0JCWkdSeVpYTnpaQllNQWhBUEZRRnJRMjl1ZEdWdWRGQnNZV05sU0c5c1pHVnlSR1ZtWVhWc2RGOU5ZWE4wWlhKUWJHRmpaV2h2YkdSbGNsOURhR0Z1WjJWQlpHUnlaWE56WHpaZmNHNXNSSEpoWjJGaWJHVlhhVzVrYjNkRGIyNTBaVzUwWDBsdWJHbHVaVTFsYzNOaFoyVkRiMjUwWVdsdVpYSmtBaEVQWkJZQ0FnRVBaQllxQWdFUEZnSWZBd1VRUTI5dWRHRmpkQ0JCWkdSeVpYTnpPbVFDQXc4UEZnSWZCR2RrRmdJQ0FROWtGZ0lDQVE4UEZnSWZBd1VGVkdsMGJHVmtaQUlGRDJRV0FnSUJEMlFXQWdJQkR3OFdCaDhEQlFsR2FYSnpkRzVoYldVZkJ3VVhJSEpsY1hWcGNtVmtSbWxsYkdSRGFHRnlZV04wWlhJZkNBSUNaR1FDQnc5a0ZnSUNBUTlrRmdJQ0FROFBGZ1lmQXdVSVRHRnpkRzVoYldVZkJ3VVhJSEpsY1hWcGNtVmtSbWxsYkdSRGFHRnlZV04wWlhJZkNBSUNaR1FDQ1E4UEZnSWZCR2RrRmdJQ0FROWtGZ0lDQVE4UEZnSWZBd1VNUTI5dGNHRnVlU0JPWVcxbFpHUUNDdzhQRmdJZkJHZGtGZ0lDQVE5a0ZnSUNBUThQRmdJZkF3VUxSR1Z3WVhKMGJXVnVkQ0JrWkFJTkR3OFdBaDhFWjJRV0FnSUJEMlFXQWdJQkR3OFdBaDhEQlFaSGNtOTFjQ0JrWkFJUER3OFdBaDhFWjJRV0FnSUJEMlFXQWdJQkR3OFdCaDhEQlE1VGRISmxaWFFnUVdSa2NtVnpjeDhIQlJjZ2NtVnhkV2x5WldSR2FXVnNaRU5vWVhKaFkzUmxjaDhJQWdKa1pBSVJEdzhXQWg4RVoyUVdBZ0lCRDJRV0FnSUJEdzhXQmg4REJSQlRkSEpsWlhRZ1FXUmtjbVZ6Y3lBeUh3Y0ZGeUJ5WlhGMWFYSmxaRVpwWld4a1EyaGhjbUZqZEdWeUh3Z0NBbVJrQWhNUER4WUNId1JuWkJZQ0FnRVBaQllDQWdFUER4WUNId01GRUZOMGNtVmxkQ0JCWkdSeVpYTnpJRE5rWkFJVkR3OFdBaDhFWjJRV0FnSUJEMlFXQWdJQkR3OFdCaDhEQlFSRGFYUjVId2NGRnlCeVpYRjFhWEpsWkVacFpXeGtRMmhoY21GamRHVnlId2dDQW1Sa0FoY1BEeFlDSHdSblpCWUVBZ0VQWkJZQ0FnRVBEeFlHSHdNRkIwTnZkVzUwY25rZkJ3VVhJSEpsY1hWcGNtVmtSbWxsYkdSRGFHRnlZV04wWlhJZkNBSUNaR1FDQlE4UUR4WUdIZzFFWVhSaFZHVjRkRVpwWld4a0JRdERiM1Z1ZEhKNVRtRnRaUjRPUkdGMFlWWmhiSFZsUm1sbGJHUUZCa2x6YjB0bGVSNExYeUZFWVhSaFFtOTFibVJuRmdJZUNHOXVZMmhoYm1kbEJiSUJZMjkxYm5SeWVVTm9ZVzVuWldRb0oxTmxiR1ZqZEM0dUxpY3NKMVJ5ZFdVbkxDZERiMjUwWlc1MFVHeGhZMlZJYjJ4a1pYSkVaV1poZFd4MFgwMWhjM1JsY2xCc1lXTmxhRzlzWkdWeVgwTm9ZVzVuWlVGa1pISmxjM05mTmw5a1pHeERiM1Z1ZEhKNUp5d25RMjl1ZEdWdWRGQnNZV05sU0c5c1pHVnlSR1ZtWVhWc2RGOU5ZWE4wWlhKUWJHRmpaV2h2YkdSbGNsOURhR0Z1WjJWQlpHUnlaWE56WHpaZlpHUnNVM1JoZEdVbktSQVYrZ0VKVTJWc1pXTjBMaTR1QzBGbVoyaGhibWx6ZEdGdURVRnNZVzVrSUVsemJHRnVaSE1IUVd4aVlXNXBZUWRCYkdkbGNtbGhEa0Z0WlhKcFkyRnVJRk5oYlc5aEIwRnVaRzl5Y21FR1FXNW5iMnhoQ0VGdVozVnBiR3hoQ2tGdWRHRnlZM1JwWTJFVFFXNTBhV2QxWVNCaGJtUWdRbUZ5WW5Wa1lRbEJjbWRsYm5ScGJtRUhRWEp0Wlc1cFlRVkJjblZpWVFsQmRYTjBjbUZzYVdFSFFYVnpkSEpwWVFwQmVtVnlZbUZwYW1GdUIwSmhhR0Z0WVhNSFFtRm9jbUZwYmdwQ1lXNW5iR0ZrWlhOb0NFSmhjbUpoWkc5ekIwSmxiR0Z5ZFhNSFFtVnNaMmwxYlFaQ1pXeHBlbVVGUW1WdWFXNEhRbVZ5YlhWa1lRWkNhSFYwWVc0ZlFtOXNhWFpwWVN3Z1VHeDFjbWx1WVhScGIyNWhiQ0JUZEdGMFpTQnZaaUJDYjI1aGFYSmxMQ0JUYVc1MElFVjFjM1JoZEdsMWN5QmhibVFnVTJGaVlSWkNiM051YVdFZ1lXNWtJRWhsY25wbFoyOTJhVzVoQ0VKdmRITjNZVzVoRFVKdmRYWmxkQ0JKYzJ4aGJtUUdRbkpoZW1sc0hrSnlhWFJwYzJnZ1NXNWthV0Z1SUU5alpXRnVJRlJsY25KcGRHOXllUkZDY25WdVpXa2dSR0Z5ZFhOellXeGhiUWhDZFd4bllYSnBZUXhDZFhKcmFXNWhJRVpoYzI4SFFuVnlkVzVrYVFoRFlXMWliMlJwWVFoRFlXMWxjbTl2YmdaRFlXNWhaR0VLUTJGd1pTQldaWEprWlE1RFlYbHRZVzRnU1hOc1lXNWtjeGhEWlc1MGNtRnNJRUZtY21sallXNGdVbVZ3ZFdKc2FXTUVRMmhoWkFWRGFHbHNaUVZEYUdsdVlSQkRhSEpwYzNSdFlYTWdTWE5zWVc1a0YwTnZZMjl6SUNoTFpXVnNhVzVuS1NCSmMyeGhibVJ6Q0VOdmJHOXRZbWxoQjBOdmJXOXliM01GUTI5dVoyOGxRMjl1WjI4c0lIUm9aU0JFWlcxdlkzSmhkR2xqSUZKbGNIVmliR2xqSUc5bUlIUm9aUXhEYjI5cklFbHpiR0Z1WkhNS1EyOXpkR0VnVW1sallRNUR3N1IwWlNCa0owbDJiMmx5WlFkRGNtOWhkR2xoQkVOMVltRUlRM1Z5WWNPbllXOEdRM2x3Y25WekRrTjZaV05vSUZKbGNIVmliR2xqQjBSbGJtMWhjbXNJUkdwcFltOTFkR2tJUkc5dGFXNXBZMkVTUkc5dGFXNXBZMkZ1SUZKbGNIVmliR2xqQjBWamRXRmtiM0lGUldkNWNIUUxSV3dnVTJGc2RtRmtiM0lSUlhGMVlYUnZjbWxoYkNCSGRXbHVaV0VIUlhKcGRISmxZUWRGYzNSdmJtbGhDRVYwYUdsdmNHbGhHMFpoYkd0c1lXNWtJRWx6YkdGdVpITWdLRTFoYkhacGJtRnpLUTFHWVhKdlpTQkpjMnhoYm1SekJFWnBhbWtIUm1sdWJHRnVaQVpHY21GdVkyVU5SbkpsYm1Ob0lFZDFhV0Z1WVJCR2NtVnVZMmdnVUc5c2VXNWxjMmxoRzBaeVpXNWphQ0JUYjNWMGFHVnliaUJVWlhKeWFYUnZjbWxsY3dWSFlXSnZiZ1pIWVcxaWFXRUhSMlZ2Y21kcFlRZEhaWEp0WVc1NUJVZG9ZVzVoQ1VkcFluSmhiSFJoY2daSGNtVmxZMlVKUjNKbFpXNXNZVzVrQjBkeVpXNWhaR0VLUjNWaFpHVnNiM1Z3WlFSSGRXRnRDVWQxWVhSbGJXRnNZUWhIZFdWeWJuTmxlUVpIZFdsdVpXRU5SM1ZwYm1WaExVSnBjM05oZFFaSGRYbGhibUVGU0dGcGRHa2hTR1ZoY21RZ1NYTnNZVzVrSUdGdVpDQk5ZMFJ2Ym1Gc1pDQkpjMnhoYm1SekhVaHZiSGtnVTJWbElDaFdZWFJwWTJGdUlFTnBkSGtnVTNSaGRHVXBDRWh2Ym1SMWNtRnpDVWh2Ym1jZ1MyOXVad2RJZFc1bllYSjVCMGxqWld4aGJtUUZTVzVrYVdFSlNXNWtiMjVsYzJsaEdVbHlZVzRzSUVsemJHRnRhV01nVW1Wd2RXSnNhV01nYjJZRVNYSmhjUWRKY21Wc1lXNWtDMGx6YkdVZ2IyWWdUV0Z1QmtsemNtRmxiQVZKZEdGc2VRZEtZVzFoYVdOaEJVcGhjR0Z1QmtwbGNuTmxlUVpLYjNKa1lXNEtTMkY2WVd0b2MzUmhiZ1ZMWlc1NVlRaExhWEpwWW1GMGFTWkxiM0psWVN3Z1JHVnRiMk55WVhScFl5QlFaVzl3YkdVbmN5QlNaWEIxWW14cFl5QnZaaEpMYjNKbFlTd2dVbVZ3ZFdKc2FXTWdiMllHUzNWM1lXbDBDa3Q1Y21kNWVuTjBZVzRnVEdGdklGQmxiM0JzWlNkeklFUmxiVzlqY21GMGFXTWdVbVZ3ZFdKc2FXTUdUR0YwZG1saEIweGxZbUZ1YjI0SFRHVnpiM1JvYndkTWFXSmxjbWxoQlV4cFlubGhEVXhwWldOb2RHVnVjM1JsYVc0SlRHbDBhSFZoYm1saENreDFlR1Z0WW05MWNtY0ZUV0ZqWVc4cVRXRmpaV1J2Ym1saExDQjBhR1VnWm05eWJXVnlJRmwxWjI5emJHRjJJRkpsY0hWaWJHbGpJRzltQ2sxaFpHRm5ZWE5qWVhJR1RXRnNZWGRwQ0UxaGJHRjVjMmxoQ0UxaGJHUnBkbVZ6QkUxaGJHa0ZUV0ZzZEdFUVRXRnljMmhoYkd3Z1NYTnNZVzVrY3dwTllYSjBhVzVwY1hWbENrMWhkWEpwZEdGdWFXRUpUV0YxY21sMGFYVnpCMDFoZVc5MGRHVUdUV1Y0YVdOdkgwMXBZM0p2Ym1WemFXRXNJRVpsWkdWeVlYUmxaQ0JUZEdGMFpYTWdiMllVVFc5c1pHOTJZU3dnVW1Wd2RXSnNhV01nYjJZR1RXOXVZV052Q0UxdmJtZHZiR2xoQ2sxdmJuUmxibVZuY204S1RXOXVkSE5sY25KaGRBZE5iM0p2WTJOdkNrMXZlbUZ0WW1seGRXVUhUWGxoYm0xaGNnZE9ZVzFwWW1saEJVNWhkWEoxQlU1bGNHRnNDMDVsZEdobGNteGhibVJ6RFU1bGR5QkRZV3hsWkc5dWFXRUxUbVYzSUZwbFlXeGhibVFKVG1sallYSmhaM1ZoQlU1cFoyVnlCMDVwWjJWeWFXRUVUbWwxWlE1T2IzSm1iMnhySUVsemJHRnVaQmhPYjNKMGFHVnliaUJOWVhKcFlXNWhJRWx6YkdGdVpITUdUbTl5ZDJGNUJFOXRZVzRJVUdGcmFYTjBZVzRGVUdGc1lYVWZVR0ZzWlhOMGFXNXBZVzRnVkdWeWNtbDBiM0o1TENCUFkyTjFjR2xsWkFaUVlXNWhiV0VRVUdGd2RXRWdUbVYzSUVkMWFXNWxZUWhRWVhKaFozVmhlUVJRWlhKMUMxQm9hV3hwY0hCcGJtVnpDRkJwZEdOaGFYSnVCbEJ2YkdGdVpBaFFiM0owZFdkaGJBdFFkV1Z5ZEc4Z1VtbGpid1ZSWVhSaGNnaFN3NmwxYm1sdmJnZFNiMjFoYm1saEVsSjFjM05wWVc0Z1JtVmtaWEpoZEdsdmJnWlNkMkZ1WkdFUlUyRnBiblFnUW1GeWRHakRxV3hsYlhrc1UyRnBiblFnU0dWc1pXNWhMQ0JCYzJObGJuTnBiMjRnWVc1a0lGUnlhWE4wWVc0Z1pHRWdRM1Z1YUdFVlUyRnBiblFnUzJsMGRITWdZVzVrSUU1bGRtbHpDMU5oYVc1MElFeDFZMmxoR2xOaGFXNTBJRTFoY25ScGJpQW9SbkpsYm1Ob0lIQmhjblFwR1ZOaGFXNTBJRkJwWlhKeVpTQmhibVFnVFdseGRXVnNiMjRnVTJGcGJuUWdWbWx1WTJWdWRDQmhibVFnZEdobElFZHlaVzVoWkdsdVpYTUZVMkZ0YjJFS1UyRnVJRTFoY21sdWJ4VlRZVzhnVkc5dFpTQmhibVFnVUhKcGJtTnBjR1VNVTJGMVpHa2dRWEpoWW1saEIxTmxibVZuWVd3R1UyVnlZbWxoQ2xObGVXTm9aV3hzWlhNTVUybGxjbkpoSUV4bGIyNWxDVk5wYm1kaGNHOXlaUmxUYVc1MElFMWhZWEowWlc0Z0tFUjFkR05vSUhCaGNuUXBDRk5zYjNaaGEybGhDRk5zYjNabGJtbGhEMU52Ykc5dGIyNGdTWE5zWVc1a2N3ZFRiMjFoYkdsaERGTnZkWFJvSUVGbWNtbGpZU3hUYjNWMGFDQkhaVzl5WjJsaElHRnVaQ0IwYUdVZ1UyOTFkR2dnVTJGdVpIZHBZMmdnU1hOc1lXNWtjd3RUYjNWMGFDQlRkV1JoYmdWVGNHRnBiZ2xUY21rZ1RHRnVhMkVGVTNWa1lXNElVM1Z5YVc1aGJXVVdVM1poYkdKaGNtUWdZVzVrSUVwaGJpQk5ZWGxsYmdsVGQyRjZhV3hoYm1RR1UzZGxaR1Z1QzFOM2FYUjZaWEpzWVc1a0ZGTjVjbWxoYmlCQmNtRmlJRkpsY0hWaWJHbGpHVlJoYVhkaGJpd2dVSEp2ZG1sdVkyVWdiMllnUTJocGJtRUtWR0ZxYVd0cGMzUmhiaHhVWVc1NllXNXBZU3dnVlc1cGRHVmtJRkpsY0hWaWJHbGpJRzltQ0ZSb1lXbHNZVzVrQzFScGJXOXlMVXhsYzNSbEJGUnZaMjhIVkc5clpXeGhkUVZVYjI1bllSTlVjbWx1YVdSaFpDQmhibVFnVkc5aVlXZHZCMVIxYm1semFXRUdWSFZ5YTJWNURGUjFjbXR0Wlc1cGMzUmhiaGhVZFhKcmN5QmhibVFnUTJGcFkyOXpJRWx6YkdGdVpITUdWSFYyWVd4MUJsVm5ZVzVrWVFkVmEzSmhhVzVsRkZWdWFYUmxaQ0JCY21GaUlFVnRhWEpoZEdWekRsVnVhWFJsWkNCTGFXNW5aRzl0RFZWdWFYUmxaQ0JUZEdGMFpYTWtWVzVwZEdWa0lGTjBZWFJsY3lCTmFXNXZjaUJQZFhSc2VXbHVaeUJKYzJ4aGJtUnpCMVZ5ZFdkMVlYa0tWWHBpWld0cGMzUmhiZ2RXWVc1MVlYUjFJVlpsYm1WNmRXVnNZU3dnUW05c2FYWmhjbWxoYmlCU1pYQjFZbXhwWXlCdlpnaFdhV1YwSUU1aGJSZFdhWEpuYVc0Z1NYTnNZVzVrY3l3Z1FuSnBkR2x6YUJSV2FYSm5hVzRnU1hOc1lXNWtjeXdnVlM1VExoRlhZV3hzYVhNZ1lXNWtJRVoxZEhWdVlRNVhaWE4wWlhKdUlGTmhhR0Z5WVFWWlpXMWxiZ1phWVcxaWFXRUlXbWx0WW1GaWQyVVYrZ0VCTUFKQlJnSkJXQUpCVEFKRVdnSkJVd0pCUkFKQlR3SkJTUUpCVVFKQlJ3SkJVZ0pCVFFKQlZ3SkJWUUpCVkFKQldnSkNVd0pDU0FKQ1JBSkNRZ0pDV1FKQ1JRSkNXZ0pDU2dKQ1RRSkNWQUpDVHdKQ1VRSkNRUUpDVndKQ1ZnSkNVZ0pKVHdKQ1RnSkNSd0pDUmdKQ1NRSkxTQUpEVFFKRFFRSkRWZ0pMV1FKRFJnSlVSQUpEVEFKRFRnSkRXQUpEUXdKRFR3SkxUUUpEUndKRFJBSkRTd0pEVWdKRFNRSklVZ0pEVlFKRFZ3SkRXUUpEV2dKRVN3SkVTZ0pFVFFKRVR3SkZRd0pGUndKVFZnSkhVUUpGVWdKRlJRSkZWQUpHU3dKR1R3SkdTZ0pHU1FKR1VnSkhSZ0pRUmdKVVJnSkhRUUpIVFFKSFJRSkVSUUpIU0FKSFNRSkhVZ0pIVEFKSFJBSkhVQUpIVlFKSFZBSkhSd0pIVGdKSFZ3SkhXUUpJVkFKSVRRSldRUUpJVGdKSVN3SklWUUpKVXdKSlRnSkpSQUpKVWdKSlVRSkpSUUpKVFFKSlRBSkpWQUpLVFFKS1VBSktSUUpLVHdKTFdnSkxSUUpMU1FKTFVBSkxVZ0pMVndKTFJ3Sk1RUUpNVmdKTVFnSk1Vd0pNVWdKTVdRSk1TUUpNVkFKTVZRSk5Ud0pOU3dKTlJ3Sk5Wd0pOV1FKTlZnSk5UQUpOVkFKTlNBSk5VUUpOVWdKTlZRSlpWQUpOV0FKR1RRSk5SQUpOUXdKTlRnSk5SUUpOVXdKTlFRSk5XZ0pOVFFKT1FRSk9VZ0pPVUFKT1RBSk9Rd0pPV2dKT1NRSk9SUUpPUndKT1ZRSk9SZ0pOVUFKT1R3SlBUUUpRU3dKUVZ3SlFVd0pRUVFKUVJ3SlFXUUpRUlFKUVNBSlFUZ0pRVEFKUVZBSlFVZ0pSUVFKU1JRSlNUd0pTVlFKU1Z3SkNUQUpUU0FKTFRnSk1Rd0pOUmdKUVRRSldRd0pYVXdKVFRRSlRWQUpUUVFKVFRnSlNVd0pUUXdKVFRBSlRSd0pUV0FKVFN3SlRTUUpUUWdKVFR3SmFRUUpIVXdKVFV3SkZVd0pNU3dKVFJBSlRVZ0pUU2dKVFdnSlRSUUpEU0FKVFdRSlVWd0pVU2dKVVdnSlVTQUpVVEFKVVJ3SlVTd0pVVHdKVVZBSlVUZ0pVVWdKVVRRSlVRd0pVVmdKVlJ3SlZRUUpCUlFKSFFnSlZVd0pWVFFKVldRSlZXZ0pXVlFKV1JRSldUZ0pXUndKV1NRSlhSZ0pGU0FKWlJRSmFUUUphVnhRckEvb0JaMmRuWjJkbloyZG5aMmRuWjJkbloyZG5aMmRuWjJkbloyZG5aMmRuWjJkbloyZG5aMmRuWjJkbloyZG5aMmRuWjJkbloyZG5aMmRuWjJkbloyZG5aMmRuWjJkbloyZG5aMmRuWjJkbloyZG5aMmRuWjJkbloyZG5aMmRuWjJkbloyZG5aMmRuWjJkbloyZG5aMmRuWjJkbloyZG5aMmRuWjJkbloyZG5aMmRuWjJkbloyZG5aMmRuWjJkbloyZG5aMmRuWjJkbloyZG5aMmRuWjJkbloyZG5aMmRuWjJkbloyZG5aMmRuWjJkbloyZG5aMmRuWjJkbloyZG5aMmRuWjJkbloyZG5aMmRuWjJkbloyZG5aMmRuWjJkbloyZG5aMmRuWjJkbloyZG5aMmRuWjJkbloyZG5aMmRuWjJkbloyZG5aMmRuWjJkbloyUmtBaGtQRHhZQ0h3Um5aQllFQWdFUFpCWUNBZ0VQRHhZQ0h3TUZFRk4wWVhSbElDOGdVSEp2ZG1sdVkyVmtaQUlGRHhBUEZnWWZEZ1VKVTNSaGRHVk9ZVzFsSHc4RkNGTjBZWFJsUzJWNUh4Qm5GZ0lmRVFWVlQyNURhR0Z1WjJWVGRHRjBaU2duUTI5dWRHVnVkRkJzWVdObFNHOXNaR1Z5UkdWbVlYVnNkRjlOWVhOMFpYSlFiR0ZqWldodmJHUmxjbDlEYUdGdVoyVkJaR1J5WlhOelh6WmZaR1JzVTNSaGRHVW5LUkFWSkFsVFpXeGxZM1F1TGk0YlFXNWtZVzFoYmlCaGJtUWdUbWxqYjJKaGNpQkpjMnhoYm1SekRrRnVaR2h5WVNCUWNtRmtaWE5vRVVGeWRXNWhZMmhoYkNCUWNtRmtaWE5vQlVGemMyRnRCVUpwYUdGeUNrTm9ZVzVrYVdkaGNtZ01RMmhvWVhSMGFYTm5ZWEpvRmtSaFpISmhJR0Z1WkNCT1lXZGhjaUJJWVhabGJHa05SR0Z0WVc0Z1lXNWtJRVJwZFFWRVpXeG9hUU5IYjJFSFIzVnFZWEpoZEFkSVlYSjVZVzVoRUVocGJXRmphR0ZzSUZCeVlXUmxjMmdSU21GdGJYVWdZVzVrSUV0aGMyaHRhWElKU21oaGNtdG9ZVzVrQ1V0aGNtNWhkR0ZyWVFaTFpYSmhiR0VMVEdGcmMyaGhaSGRsWlhBT1RXRmthSGxoSUZCeVlXUmxjMmdMVFdGb1lYSmhjMmgwY21FSFRXRnVhWEIxY2dsTlpXZG9ZV3hoZVdFSFRXbDZiM0poYlFoT1lXZGhiR0Z1WkFaUGNtbHpjMkVMVUc5dVpHbGphR1Z5Y25rR1VIVnVhbUZpQ1ZKaGFtRnpkR2hoYmdaVGFXdHJhVzBLVkdGdGFXd2dUbUZrZFFkVWNtbHdkWEpoRFZWMGRHRnlJRkJ5WVdSbGMyZ0xWWFIwWVhKaGEyaGhibVFMVjJWemRDQkNaVzVuWVd3VkpBRXdCVWxPTFVGT0JVbE9MVUZRQlVsT0xVRlNCVWxPTFVGVEJVbE9MVUpTQlVsT0xVTklCVWxPTFVOVUJVbE9MVVJPQlVsT0xVUkVCVWxPTFVSTUJVbE9MVWRCQlVsT0xVZEtCVWxPTFVoU0JVbE9MVWhRQlVsT0xVcExCVWxPTFVwSUJVbE9MVXRCQlVsT0xVdE1CVWxPTFV4RUJVbE9MVTFRQlVsT0xVMUlCVWxPTFUxT0JVbE9MVTFNQlVsT0xVMWFCVWxPTFU1TUJVbE9MVTlTQlVsT0xWQlpCVWxPTFZCQ0JVbE9MVkpLQlVsT0xWTkxCVWxPTFZST0JVbE9MVlJTQlVsT0xWVlFCVWxPTFZWVUJVbE9MVmRDRkNzREpHZG5aMmRuWjJkbloyZG5aMmRuWjJkbloyZG5aMmRuWjJkbloyZG5aMmRuWjJkbloyUmtBaHNQRHhZQ0h3Um5aQllFQWdFUFpCWUNBZ0VQRHhZR0h3TUZDMUJ2YzNSaGJDQkRiMlJsSHdjRkZ5QnlaWEYxYVhKbFpFWnBaV3hrUTJoaGNtRmpkR1Z5SHdnQ0FtUmtBZ01QWkJZQ0FnTVBEMlFXQWg0T2IzSnBaMmx1WVd3dGRHbDBiR1VGR2xCc1pXRnpaU0JsYm5SbGNpQjJZV3hwWkNCNmFYQmpiMlJsWkFJZER3OFdBaDhFWjJRV0FnSUJEMlFXQWdJQkR3OFdBaDhEQlFWRmJXRnBiR1JrQWg4UER4WUNId1JuWkJZQ0FnRVBaQllDQWdFUER4WUNId01GQlZCb2IyNWxaR1FDSVE4UEZnSWZCR2RrRmdJQ0FROWtGZ0lDQVE4UEZnSWZBd1VEUlhoMFpHUUNJdzhQRmdJZkJHZGtGZ0lDQVE5a0ZnSUNBUThQRmdJZkF3VUdUVzlpYVd4bFpHUUNKUThQRmdJZkJHZGtGZ0lDQVE5a0ZnSUNBUThQRmdJZkF3VURSbUY0WkdRQ0p3OFBGZ0lmQkdka0ZnSUNBUTlrRmdJQ0FROFBGZ0lmQXdVSlVtVmphWEJwWlc1MFpHUUNLUThQRmdJZkJHZGtGZ1FDQVE5a0ZnSUNBUThQRmdZZkF3VUlWR2x0WlhwdmJtVWZCd1VYSUhKbGNYVnBjbVZrUm1sbGJHUkRhR0Z5WVdOMFpYSWZDQUlDWkdRQ0JROFFEeFlHSHc0RkMwUnBjM0JzWVhsT1lXMWxIdzhGQWtsa0h4Qm5aQkFWaUFFSlUyVnNaV04wTGk0dUtDaFZWRU10TVRJNk1EQXBJRWx1ZEdWeWJtRjBhVzl1WVd3Z1JHRjBaU0JNYVc1bElGZGxjM1FwS0ZWVVF5MHhNVG93TUNrZ1EyOXZjbVJwYm1GMFpXUWdWVzVwZG1WeWMyRnNJRlJwYldVdE1URWNLRlZVUXkweE1Eb3dNQ2tnUVd4bGRYUnBZVzRnU1hOc1lXNWtjeElvVlZSRExURXdPakF3S1NCSVlYZGhhV2tkS0ZWVVF5MHdPVG96TUNrZ1RXRnljWFZsYzJGeklFbHpiR0Z1WkhNU0tGVlVReTB3T1Rvd01Da2dRV3hoYzJ0aEtTaFZWRU10TURrNk1EQXBJRU52YjNKa2FXNWhkR1ZrSUZWdWFYWmxjbk5oYkNCVWFXMWxMVEE1R3loVlZFTXRNRGc2TURBcElFSmhhbUVnUTJGc2FXWnZjbTVwWVNrb1ZWUkRMVEE0T2pBd0tTQkRiMjl5WkdsdVlYUmxaQ0JWYm1sMlpYSnpZV3dnVkdsdFpTMHdPQ1lvVlZSRExUQTRPakF3S1NCUVlXTnBabWxqSUZScGJXVWdLRlZUSUNZZ1EyRnVZV1JoS1JNb1ZWUkRMVEEzT2pBd0tTQkJjbWw2YjI1aEp5aFZWRU10TURjNk1EQXBJRU5vYVdoMVlXaDFZU3dnVEdFZ1VHRjZMQ0JOWVhwaGRHeGhiaWNvVlZSRExUQTNPakF3S1NCTmIzVnVkR0ZwYmlCVWFXMWxJQ2hWVXlBbUlFTmhibUZrWVNrYktGVlVReTB3Tmpvd01Da2dRMlZ1ZEhKaGJDQkJiV1Z5YVdOaEppaFZWRU10TURZNk1EQXBJRU5sYm5SeVlXd2dWR2x0WlNBb1ZWTWdKaUJEWVc1aFpHRXBHU2hWVkVNdE1EWTZNREFwSUVWaGMzUmxjaUJKYzJ4aGJtUXZLRlZVUXkwd05qb3dNQ2tnUjNWaFpHRnNZV3BoY21Fc0lFMWxlR2xqYnlCRGFYUjVMQ0JOYjI1MFpYSnlaWGtZS0ZWVVF5MHdOam93TUNrZ1UyRnphMkYwWTJobGQyRnVLeWhWVkVNdE1EVTZNREFwSUVKdloyOTBZU3dnVEdsdFlTd2dVWFZwZEc4c0lGSnBieUJDY21GdVkyOFVLRlZVUXkwd05Ub3dNQ2tnUTJobGRIVnRZV3dtS0ZWVVF5MHdOVG93TUNrZ1JXRnpkR1Z5YmlCVWFXMWxJQ2hWVXlBbUlFTmhibUZrWVNrUktGVlVReTB3TlRvd01Da2dTR0ZwZEdrU0tGVlVReTB3TlRvd01Da2dTR0YyWVc1aEdpaFZWRU10TURVNk1EQXBJRWx1WkdsaGJtRWdLRVZoYzNRcEZDaFZWRU10TURRNk1EQXBJRUZ6ZFc1amFXOXVJaWhWVkVNdE1EUTZNREFwSUVGMGJHRnVkR2xqSUZScGJXVWdLRU5oYm1Ga1lTa1RLRlZVUXkwd05Eb3dNQ2tnUTJGeVlXTmhjeElvVlZSRExUQTBPakF3S1NCRGRXbGhZbUV3S0ZWVVF5MHdORG93TUNrZ1IyVnZjbWRsZEc5M2Jpd2dUR0VnVUdGNkxDQk5ZVzVoZFhNc0lGTmhiaUJLZFdGdUZDaFZWRU10TURRNk1EQXBJRk5oYm5ScFlXZHZIQ2hWVkVNdE1EUTZNREFwSUZSMWNtdHpJR0Z1WkNCRFlXbGpiM01ZS0ZWVVF5MHdNem96TUNrZ1RtVjNabTkxYm1Sc1lXNWtGU2hWVkVNdE1ETTZNREFwSUVGeVlXZDFZV2x1WVJRb1ZWUkRMVEF6T2pBd0tTQkNjbUZ6YVd4cFlSNG9WVlJETFRBek9qQXdLU0JEWVhsbGJtNWxMQ0JHYjNKMFlXeGxlbUVnS0ZWVVF5MHdNem93TUNrZ1EybDBlU0J2WmlCQ2RXVnViM01nUVdseVpYTVZLRlZVUXkwd016b3dNQ2tnUjNKbFpXNXNZVzVrRmloVlZFTXRNRE02TURBcElFMXZiblJsZG1sa1pXOFlLRlZVUXkwd016b3dNQ2tnVUhWdWRHRWdRWEpsYm1GekpTaFZWRU10TURNNk1EQXBJRk5oYVc1MElGQnBaWEp5WlNCaGJtUWdUV2x4ZFdWc2IyNFVLRlZVUXkwd016b3dNQ2tnVTJGc2RtRmtiM0lwS0ZWVVF5MHdNam93TUNrZ1EyOXZjbVJwYm1GMFpXUWdWVzVwZG1WeWMyRnNJRlJwYldVdE1ESWVLRlZVUXkwd01qb3dNQ2tnVFdsa0xVRjBiR0Z1ZEdsaklDMGdUMnhrRWloVlZFTXRNREU2TURBcElFRjZiM0psY3hvb1ZWUkRMVEF4T2pBd0tTQkRZV0p2SUZabGNtUmxJRWx6TGlBb1ZWUkRLU0JEYjI5eVpHbHVZWFJsWkNCVmJtbDJaWEp6WVd3Z1ZHbHRaUllvVlZSREt6QXdPakF3S1NCRFlYTmhZbXhoYm1OaExTaFZWRU1yTURBNk1EQXBJRVIxWW14cGJpd2dSV1JwYm1KMWNtZG9MQ0JNYVhOaWIyNHNJRXh2Ym1SdmJoOG9WVlJES3pBd09qQXdLU0JOYjI1eWIzWnBZU3dnVW1WNWEycGhkbWxyUENoVlZFTXJNREU2TURBcElFRnRjM1JsY21SaGJTd2dRbVZ5YkdsdUxDQkNaWEp1TENCU2IyMWxMQ0JUZEc5amEyaHZiRzBzSUZacFpXNXVZVDBvVlZSREt6QXhPakF3S1NCQ1pXeG5jbUZrWlN3Z1FuSmhkR2x6YkdGMllTd2dRblZrWVhCbGMzUXNJRXhxZFdKc2FtRnVZU3dnVUhKaFozVmxMeWhWVkVNck1ERTZNREFwSUVKeWRYTnpaV3h6TENCRGIzQmxibWhoWjJWdUxDQk5ZV1J5YVdRc0lGQmhjbWx6TENoVlZFTXJNREU2TURBcElGTmhjbUZxWlhadkxDQlRhMjl3YW1Vc0lGZGhjbk5oZHl3Z1dtRm5jbVZpSHloVlZFTXJNREU2TURBcElGZGxjM1FnUTJWdWRISmhiQ0JCWm5KcFkyRVVLRlZVUXlzd01Ub3dNQ2tnVjJsdVpHaHZaV3NSS0ZWVVF5c3dNam93TUNrZ1FXMXRZVzRkS0ZWVVF5c3dNam93TUNrZ1FYUm9aVzV6TENCQ2RXTm9ZWEpsYzNRU0tGVlVReXN3TWpvd01Da2dRbVZwY25WMEVTaFZWRU1yTURJNk1EQXBJRU5oYVhKdkZDaFZWRU1yTURJNk1EQXBJRU5vYVhOcGJtRjFGQ2hWVkVNck1ESTZNREFwSUVSaGJXRnpZM1Z6R0NoVlZFTXJNREk2TURBcElFZGhlbUVzSUVobFluSnZiaHdvVlZSREt6QXlPakF3S1NCSVlYSmhjbVVzSUZCeVpYUnZjbWxoT1NoVlZFTXJNREk2TURBcElFaGxiSE5wYm10cExDQkxlV2wyTENCU2FXZGhMQ0JUYjJacFlTd2dWR0ZzYkdsdWJpd2dWbWxzYm1sMWN4VW9WVlJES3pBeU9qQXdLU0JLWlhKMWMyRnNaVzBYS0ZWVVF5c3dNam93TUNrZ1MyRnNhVzVwYm1keVlXUVRLRlZVUXlzd01qb3dNQ2tnVkhKcGNHOXNhUk1vVlZSREt6QXpPakF3S1NCQ1lXZG9aR0ZrRkNoVlZFTXJNRE02TURBcElFbHpkR0Z1WW5Wc0dpaFZWRU1yTURNNk1EQXBJRXQxZDJGcGRDd2dVbWw1WVdSb0VTaFZWRU1yTURNNk1EQXBJRTFwYm5OckxTaFZWRU1yTURNNk1EQXBJRTF2YzJOdmR5d2dVM1F1SUZCbGRHVnljMkoxY21jc0lGWnZiR2R2WjNKaFpCTW9WVlJES3pBek9qQXdLU0JPWVdseWIySnBFaWhWVkVNck1ETTZNekFwSUZSbGFISmhiaDBvVlZSREt6QTBPakF3S1NCQlluVWdSR2hoWW1rc0lFMTFjMk5oZENBb1ZWUkRLekEwT2pBd0tTQkJjM1J5WVd0b1lXNHNJRlZzZVdGdWIzWnpheEFvVlZSREt6QTBPakF3S1NCQ1lXdDFHeWhWVkVNck1EUTZNREFwSUVsNmFHVjJjMnNzSUZOaGJXRnlZUllvVlZSREt6QTBPakF3S1NCUWIzSjBJRXh2ZFdsekV5aFZWRU1yTURRNk1EQXBJRk5oY21GMGIzWVRLRlZVUXlzd05Eb3dNQ2tnVkdKcGJHbHphUk1vVlZSREt6QTBPakF3S1NCWlpYSmxkbUZ1RVNoVlZFTXJNRFE2TXpBcElFdGhZblZzSGloVlZFTXJNRFU2TURBcElFRnphR2RoWW1GMExDQlVZWE5vYTJWdWRCZ29WVlJES3pBMU9qQXdLU0JGYTJGMFpYSnBibUoxY21jZUtGVlVReXN3TlRvd01Da2dTWE5zWVcxaFltRmtMQ0JMWVhKaFkyaHBMeWhWVkVNck1EVTZNekFwSUVOb1pXNXVZV2tzSUV0dmJHdGhkR0VzSUUxMWJXSmhhU3dnVG1WM0lFUmxiR2hwSHloVlZFTXJNRFU2TXpBcElGTnlhU0JLWVhsaGQyRnlaR1Z1WlhCMWNtRVZLRlZVUXlzd05UbzBOU2tnUzJGMGFHMWhibVIxRWloVlZFTXJNRFk2TURBcElFRnpkR0Z1WVJFb1ZWUkRLekEyT2pBd0tTQkVhR0ZyWVJBb1ZWUkRLekEyT2pBd0tTQlBiWE5ySENoVlZFTXJNRFk2TXpBcElGbGhibWR2YmlBb1VtRnVaMjl2YmlraktGVlVReXN3Tnpvd01Da2dRbUZ1WjJ0dmF5d2dTR0Z1YjJrc0lFcGhhMkZ5ZEdFaUtGVlVReXN3Tnpvd01Da2dRbUZ5Ym1GMWJDd2dSMjl5Ym04dFFXeDBZWGx6YXhBb1ZWUkRLekEzT2pBd0tTQkliM1prRnloVlZFTXJNRGM2TURBcElFdHlZWE51YjNsaGNuTnJGeWhWVkVNck1EYzZNREFwSUU1dmRtOXphV0pwY25OckVTaFZWRU1yTURjNk1EQXBJRlJ2YlhOck1TaFZWRU1yTURnNk1EQXBJRUpsYVdwcGJtY3NJRU5vYjI1bmNXbHVaeXdnU0c5dVp5QkxiMjVuTENCVmNuVnRjV2tUS0ZWVVF5c3dPRG93TUNrZ1NYSnJkWFJ6YXlNb1ZWUkRLekE0T2pBd0tTQkxkV0ZzWVNCTWRXMXdkWElzSUZOcGJtZGhjRzl5WlJFb1ZWUkRLekE0T2pBd0tTQlFaWEowYUJJb1ZWUkRLekE0T2pBd0tTQlVZV2x3WldrWEtGVlVReXN3T0Rvd01Da2dWV3hoWVc1aVlXRjBZWElWS0ZWVVF5c3dPRG96TUNrZ1VIbHZibWQ1WVc1bkVTaFZWRU1yTURnNk5EVXBJRVYxWTJ4aEVTaFZWRU1yTURrNk1EQXBJRU5vYVhSaElTaFZWRU1yTURrNk1EQXBJRTl6WVd0aExDQlRZWEJ3YjNKdkxDQlViMnQ1YnhFb1ZWUkRLekE1T2pBd0tTQlRaVzkxYkJNb1ZWUkRLekE1T2pBd0tTQlpZV3QxZEhOckZDaFZWRU1yTURrNk16QXBJRUZrWld4aGFXUmxFaWhWVkVNck1EazZNekFwSUVSaGNuZHBiaFFvVlZSREt6RXdPakF3S1NCQ2NtbHpZbUZ1WlNjb1ZWUkRLekV3T2pBd0tTQkRZVzVpWlhKeVlTd2dUV1ZzWW05MWNtNWxMQ0JUZVdSdVpYa2VLRlZVUXlzeE1Eb3dNQ2tnUjNWaGJTd2dVRzl5ZENCTmIzSmxjMko1RWloVlZFTXJNVEE2TURBcElFaHZZbUZ5ZEJjb1ZWUkRLekV3T2pBd0tTQldiR0ZrYVhadmMzUnZheHdvVlZSREt6RXdPak13S1NCTWIzSmtJRWh2ZDJVZ1NYTnNZVzVrSHloVlZFTXJNVEU2TURBcElFSnZkV2RoYVc1MmFXeHNaU0JKYzJ4aGJtUVdLRlZVUXlzeE1Ub3dNQ2tnUTJodmEzVnlaR0ZyYUJNb1ZWUkRLekV4T2pBd0tTQk5ZV2RoWkdGdUdpaFZWRU1yTVRFNk1EQXBJRTV2Y21admJHc2dTWE5zWVc1a0ZDaFZWRU1yTVRFNk1EQXBJRk5oYTJoaGJHbHVKaWhWVkVNck1URTZNREFwSUZOdmJHOXRiMjRnU1hNdUxDQk9aWGNnUTJGc1pXUnZibWxoTENoVlZFTXJNVEk2TURBcElFRnVZV1I1Y2l3Z1VHVjBjbTl3WVhac2IzWnpheTFMWVcxamFHRjBjMnQ1SUNoVlZFTXJNVEk2TURBcElFRjFZMnRzWVc1a0xDQlhaV3hzYVc1bmRHOXVLU2hWVkVNck1USTZNREFwSUVOdmIzSmthVzVoZEdWa0lGVnVhWFpsY25OaGJDQlVhVzFsS3pFeUVDaFZWRU1yTVRJNk1EQXBJRVpwYW1rcUtGVlVReXN4TWpvd01Da2dVR1YwY205d1lYWnNiM1p6YXkxTFlXMWphR0YwYzJ0NUlDMGdUMnhrR3loVlZFTXJNVEk2TkRVcElFTm9ZWFJvWVcwZ1NYTnNZVzVrY3lrb1ZWUkRLekV6T2pBd0tTQkRiMjl5WkdsdVlYUmxaQ0JWYm1sMlpYSnpZV3dnVkdsdFpTc3hNeFlvVlZSREt6RXpPakF3S1NCT2RXdDFKMkZzYjJaaEVTaFZWRU1yTVRNNk1EQXBJRk5oYlc5aEhTaFZWRU1yTVRRNk1EQXBJRXRwY21sMGFXMWhkR2tnU1hOc1lXNWtGWWdCQVRBV1JHRjBaV3hwYm1VZ1UzUmhibVJoY21RZ1ZHbHRaUVpWVkVNdE1URVdRV3hsZFhScFlXNGdVM1JoYm1SaGNtUWdWR2x0WlJaSVlYZGhhV2xoYmlCVGRHRnVaR0Z5WkNCVWFXMWxGMDFoY25GMVpYTmhjeUJUZEdGdVpHRnlaQ0JVYVcxbEZVRnNZWE5yWVc0Z1UzUmhibVJoY21RZ1ZHbHRaUVpWVkVNdE1Ea2VVR0ZqYVdacFl5QlRkR0Z1WkdGeVpDQlVhVzFsSUNoTlpYaHBZMjhwQmxWVVF5MHdPQlZRWVdOcFptbGpJRk4wWVc1a1lYSmtJRlJwYldVWlZWTWdUVzkxYm5SaGFXNGdVM1JoYm1SaGNtUWdWR2x0WlI5TmIzVnVkR0ZwYmlCVGRHRnVaR0Z5WkNCVWFXMWxJQ2hOWlhocFkyOHBGazF2ZFc1MFlXbHVJRk4wWVc1a1lYSmtJRlJwYldVZFEyVnVkSEpoYkNCQmJXVnlhV05oSUZOMFlXNWtZWEprSUZScGJXVVZRMlZ1ZEhKaGJDQlRkR0Z1WkdGeVpDQlVhVzFsRzBWaGMzUmxjaUJKYzJ4aGJtUWdVM1JoYm1SaGNtUWdWR2x0WlI1RFpXNTBjbUZzSUZOMFlXNWtZWEprSUZScGJXVWdLRTFsZUdsamJ5a2NRMkZ1WVdSaElFTmxiblJ5WVd3Z1UzUmhibVJoY21RZ1ZHbHRaUmhUUVNCUVlXTnBabWxqSUZOMFlXNWtZWEprSUZScGJXVWVSV0Z6ZEdWeWJpQlRkR0Z1WkdGeVpDQlVhVzFsSUNoTlpYaHBZMjhwRlVWaGMzUmxjbTRnVTNSaGJtUmhjbVFnVkdsdFpSTklZV2wwYVNCVGRHRnVaR0Z5WkNCVWFXMWxFa04xWW1FZ1UzUmhibVJoY21RZ1ZHbHRaUmhWVXlCRllYTjBaWEp1SUZOMFlXNWtZWEprSUZScGJXVVdVR0Z5WVdkMVlYa2dVM1JoYm1SaGNtUWdWR2x0WlJaQmRHeGhiblJwWXlCVGRHRnVaR0Z5WkNCVWFXMWxGMVpsYm1WNmRXVnNZU0JUZEdGdVpHRnlaQ0JVYVcxbEgwTmxiblJ5WVd3Z1FuSmhlbWxzYVdGdUlGTjBZVzVrWVhKa0lGUnBiV1VZVTBFZ1YyVnpkR1Z5YmlCVGRHRnVaR0Z5WkNCVWFXMWxHRkJoWTJsbWFXTWdVMEVnVTNSaGJtUmhjbVFnVkdsdFpSNVVkWEpyY3lCQmJtUWdRMkZwWTI5eklGTjBZVzVrWVhKa0lGUnBiV1VhVG1WM1ptOTFibVJzWVc1a0lGTjBZVzVrWVhKa0lGUnBiV1VYVkc5allXNTBhVzV6SUZOMFlXNWtZWEprSUZScGJXVWVSUzRnVTI5MWRHZ2dRVzFsY21sallTQlRkR0Z1WkdGeVpDQlVhVzFsR0ZOQklFVmhjM1JsY200Z1UzUmhibVJoY21RZ1ZHbHRaUmRCY21kbGJuUnBibUVnVTNSaGJtUmhjbVFnVkdsdFpSZEhjbVZsYm14aGJtUWdVM1JoYm1SaGNtUWdWR2x0WlJoTmIyNTBaWFpwWkdWdklGTjBZVzVrWVhKa0lGUnBiV1VZVFdGbllXeHNZVzVsY3lCVGRHRnVaR0Z5WkNCVWFXMWxHbE5oYVc1MElGQnBaWEp5WlNCVGRHRnVaR0Z5WkNCVWFXMWxFMEpoYUdsaElGTjBZVzVrWVhKa0lGUnBiV1VHVlZSRExUQXlHazFwWkMxQmRHeGhiblJwWXlCVGRHRnVaR0Z5WkNCVWFXMWxGRUY2YjNKbGN5QlRkR0Z1WkdGeVpDQlVhVzFsR0VOaGNHVWdWbVZ5WkdVZ1UzUmhibVJoY21RZ1ZHbHRaUU5WVkVNVlRXOXliMk5qYnlCVGRHRnVaR0Z5WkNCVWFXMWxFVWROVkNCVGRHRnVaR0Z5WkNCVWFXMWxGMGR5WldWdWQybGphQ0JUZEdGdVpHRnlaQ0JVYVcxbEYxY3VJRVYxY205d1pTQlRkR0Z1WkdGeVpDQlVhVzFsSEVObGJuUnlZV3dnUlhWeWIzQmxJRk4wWVc1a1lYSmtJRlJwYldVVlVtOXRZVzVqWlNCVGRHRnVaR0Z5WkNCVWFXMWxIa05sYm5SeVlXd2dSWFZ5YjNCbFlXNGdVM1JoYm1SaGNtUWdWR2x0WlI5WExpQkRaVzUwY21Gc0lFRm1jbWxqWVNCVGRHRnVaR0Z5WkNCVWFXMWxGVTVoYldsaWFXRWdVM1JoYm1SaGNtUWdWR2x0WlJSS2IzSmtZVzRnVTNSaGJtUmhjbVFnVkdsdFpSRkhWRUlnVTNSaGJtUmhjbVFnVkdsdFpSbE5hV1JrYkdVZ1JXRnpkQ0JUZEdGdVpHRnlaQ0JVYVcxbEUwVm5lWEIwSUZOMFlXNWtZWEprSUZScGJXVVhSUzRnUlhWeWIzQmxJRk4wWVc1a1lYSmtJRlJwYldVVFUzbHlhV0VnVTNSaGJtUmhjbVFnVkdsdFpSZFhaWE4wSUVKaGJtc2dVM1JoYm1SaGNtUWdWR2x0WlJwVGIzVjBhQ0JCWm5KcFkyRWdVM1JoYm1SaGNtUWdWR2x0WlJGR1RFVWdVM1JoYm1SaGNtUWdWR2x0WlJSSmMzSmhaV3dnVTNSaGJtUmhjbVFnVkdsdFpSbExZV3hwYm1sdVozSmhaQ0JUZEdGdVpHRnlaQ0JVYVcxbEUweHBZbmxoSUZOMFlXNWtZWEprSUZScGJXVVVRWEpoWW1saklGTjBZVzVrWVhKa0lGUnBiV1VVVkhWeWEyVjVJRk4wWVc1a1lYSmtJRlJwYldVU1FYSmhZaUJUZEdGdVpHRnlaQ0JVYVcxbEZVSmxiR0Z5ZFhNZ1UzUmhibVJoY21RZ1ZHbHRaUlZTZFhOemFXRnVJRk4wWVc1a1lYSmtJRlJwYldVWFJTNGdRV1p5YVdOaElGTjBZVzVrWVhKa0lGUnBiV1VTU1hKaGJpQlRkR0Z1WkdGeVpDQlVhVzFsRlVGeVlXSnBZVzRnVTNSaGJtUmhjbVFnVkdsdFpSZEJjM1J5WVd0b1lXNGdVM1JoYm1SaGNtUWdWR2x0WlJoQmVtVnlZbUZwYW1GdUlGTjBZVzVrWVhKa0lGUnBiV1VTVW5WemMybGhJRlJwYldVZ1dtOXVaU0F6RjAxaGRYSnBkR2wxY3lCVGRHRnVaR0Z5WkNCVWFXMWxGVk5oY21GMGIzWWdVM1JoYm1SaGNtUWdWR2x0WlJaSFpXOXlaMmxoYmlCVGRHRnVaR0Z5WkNCVWFXMWxGa05oZFdOaGMzVnpJRk4wWVc1a1lYSmtJRlJwYldVWlFXWm5hR0Z1YVhOMFlXNGdVM1JoYm1SaGNtUWdWR2x0WlJkWFpYTjBJRUZ6YVdFZ1UzUmhibVJoY21RZ1ZHbHRaUnBGYTJGMFpYSnBibUoxY21jZ1UzUmhibVJoY21RZ1ZHbHRaUlpRWVd0cGMzUmhiaUJUZEdGdVpHRnlaQ0JVYVcxbEUwbHVaR2xoSUZOMFlXNWtZWEprSUZScGJXVVhVM0pwSUV4aGJtdGhJRk4wWVc1a1lYSmtJRlJwYldVVFRtVndZV3dnVTNSaGJtUmhjbVFnVkdsdFpScERaVzUwY21Gc0lFRnphV0VnVTNSaGJtUmhjbVFnVkdsdFpSaENZVzVuYkdGa1pYTm9JRk4wWVc1a1lYSmtJRlJwYldVU1QyMXpheUJUZEdGdVpHRnlaQ0JVYVcxbEZVMTVZVzV0WVhJZ1UzUmhibVJoY21RZ1ZHbHRaUlZUUlNCQmMybGhJRk4wWVc1a1lYSmtJRlJwYldVVFFXeDBZV2tnVTNSaGJtUmhjbVFnVkdsdFpSbFhMaUJOYjI1bmIyeHBZU0JUZEdGdVpHRnlaQ0JVYVcxbEdFNXZjblJvSUVGemFXRWdVM1JoYm1SaGNtUWdWR2x0WlIxT0xpQkRaVzUwY21Gc0lFRnphV0VnVTNSaGJtUmhjbVFnVkdsdFpSTlViMjF6YXlCVGRHRnVaR0Z5WkNCVWFXMWxFME5vYVc1aElGTjBZVzVrWVhKa0lGUnBiV1VkVG05eWRHZ2dRWE5wWVNCRllYTjBJRk4wWVc1a1lYSmtJRlJwYldVWFUybHVaMkZ3YjNKbElGTjBZVzVrWVhKa0lGUnBiV1VhVnk0Z1FYVnpkSEpoYkdsaElGTjBZVzVrWVhKa0lGUnBiV1VVVkdGcGNHVnBJRk4wWVc1a1lYSmtJRlJwYldVWlZXeGhZVzVpWVdGMFlYSWdVM1JoYm1SaGNtUWdWR2x0WlJsT2IzSjBhQ0JMYjNKbFlTQlRkR0Z1WkdGeVpDQlVhVzFsSEVGMWN5QkRaVzUwY21Gc0lGY3VJRk4wWVc1a1lYSmtJRlJwYldVWlZISmhibk5pWVdscllXd2dVM1JoYm1SaGNtUWdWR2x0WlJOVWIydDVieUJUZEdGdVpHRnlaQ0JVYVcxbEUwdHZjbVZoSUZOMFlXNWtZWEprSUZScGJXVVZXV0ZyZFhSemF5QlRkR0Z1WkdGeVpDQlVhVzFsSEVObGJpNGdRWFZ6ZEhKaGJHbGhJRk4wWVc1a1lYSmtJRlJwYldVWlFWVlRJRU5sYm5SeVlXd2dVM1JoYm1SaGNtUWdWR2x0WlJwRkxpQkJkWE4wY21Gc2FXRWdVM1JoYm1SaGNtUWdWR2x0WlJsQlZWTWdSV0Z6ZEdWeWJpQlRkR0Z1WkdGeVpDQlVhVzFsR2xkbGMzUWdVR0ZqYVdacFl5QlRkR0Z1WkdGeVpDQlVhVzFsRmxSaGMyMWhibWxoSUZOMFlXNWtZWEprSUZScGJXVVpWbXhoWkdsMmIzTjBiMnNnVTNSaGJtUmhjbVFnVkdsdFpSZE1iM0prSUVodmQyVWdVM1JoYm1SaGNtUWdWR2x0WlJwQ2IzVm5ZV2x1ZG1sc2JHVWdVM1JoYm1SaGNtUWdWR2x0WlJOU2RYTnphV0VnVkdsdFpTQmFiMjVsSURFd0ZVMWhaMkZrWVc0Z1UzUmhibVJoY21RZ1ZHbHRaUlZPYjNKbWIyeHJJRk4wWVc1a1lYSmtJRlJwYldVV1UyRnJhR0ZzYVc0Z1UzUmhibVJoY21RZ1ZHbHRaUjFEWlc1MGNtRnNJRkJoWTJsbWFXTWdVM1JoYm1SaGNtUWdWR2x0WlJOU2RYTnphV0VnVkdsdFpTQmFiMjVsSURFeEdVNWxkeUJhWldGc1lXNWtJRk4wWVc1a1lYSmtJRlJwYldVR1ZWUkRLekV5RWtacGFta2dVM1JoYm1SaGNtUWdWR2x0WlJkTFlXMWphR0YwYTJFZ1UzUmhibVJoY21RZ1ZHbHRaUjFEYUdGMGFHRnRJRWx6YkdGdVpITWdVM1JoYm1SaGNtUWdWR2x0WlFaVlZFTXJNVE1UVkc5dVoyRWdVM1JoYm1SaGNtUWdWR2x0WlJOVFlXMXZZU0JUZEdGdVpHRnlaQ0JVYVcxbEdreHBibVVnU1hOc1lXNWtjeUJUZEdGdVpHRnlaQ0JVYVcxbEZDc0RpQUZuWjJkbloyZG5aMmRuWjJkbloyZG5aMmRuWjJkbloyZG5aMmRuWjJkbloyZG5aMmRuWjJkbloyZG5aMmRuWjJkbloyZG5aMmRuWjJkbloyZG5aMmRuWjJkbloyZG5aMmRuWjJkbloyZG5aMmRuWjJkbloyZG5aMmRuWjJkbloyZG5aMmRuWjJkbloyZG5aMmRuWjJkbloyZG5aMmRuWjJkbloyZG5aMmRuWjJkbloyZG5aMmRuWkdRQ0V3OWtGZ0lDQVE5a0ZoUUNBUThXQWg4REJSSlBkR2hsY2lCSmJtWnZjbTFoZEdsdmJqcGtBZ01QWkJZRUFnRVBaQllDQWdFUEZnSWZBd1VOUkdseVpXTjBRbWxzYkdsdVoyUUNCZzhWQTB4RGIyNTBaVzUwVUd4aFkyVkliMnhrWlhKRVpXWmhkV3gwWDAxaGMzUmxjbEJzWVdObGFHOXNaR1Z5WDBOb1lXNW5aVUZrWkhKbGMzTmZObDlqYUdKRWFYSmxZM1JDYVd4c2FXNW5IMFJwY21WamRDQkNhV3hzYVc1bklFbHVabTl5YldGMGFXOXVJRlJsZUhRZlJHbHlaV04wSUVKcGJHeHBibWNnU1c1emRISjFZM1JwYjI0Z1ZHVjRkR1FDQlE5a0ZnWUNBUTlrRmdJQ0FROFBGZ0lmQXdVUlFtbHNiR2x1WjBGblpXNWplVTVoYldWa1pBSUZEeEFQRmdJZkVHZGtaQllBWkFJSER4WUNId1JuRmdKbUR4VUJOMDV2SUdGblpXNWphV1Z6SUc1aGJXVWdabTkxYm1Rc0lGQnNaV0Z6WlNCamIyNTBZV04wSUdOMWMzUnZiV1Z5SUhOMWNIQnZjblJrQWdjUFpCWUVBZ0VQWkJZQ0FnRVBEeFlDSHdNRkNrOW1abWxqWlU1aGJXVmtaQUlGRHhBUEZnSWZFR2RrWkJZQVpBSUpEMlFXQWdJQkQyUVdBZ0lCRHc4V0FoOERCUTlQZEdobGNrRm5aVzVqZVVsdVptOWtaQUlMRDJRV0FnSUJEMlFXQWdJQkR3OFdBaDhEQlE5WmIzVnlRMjl1ZEdGamRFNWhiV1ZrWkFJTkQyUVdBZ0lCRDJRV0FnSUJEdzhXQWg4REJReERiMjUwWVdOMFVHaHZibVZrWkFJUER3OFdBaDhFWjJRV0JBSUJEMlFXQWdJQkR3OFdBaDhEQlJCQlpHUnBkR2x2Ym1Gc0lFVnRZV2xzWkdRQ0JROFBGZ0lmQzJoa1pBSVJEdzhXQWg4RVoyUVdCQUlCRDJRV0FnSUJEdzhXQmg4REJSUlFjbWxqWlVGbmNtVmxiV1Z1ZEU1MWJXSmxjaDhIQlJjZ2NtVnhkV2x5WldSR2FXVnNaRU5vWVhKaFkzUmxjaDhJQWdKa1pBSUZEdzhXQWg4REJRVndjbWxqWldSa0FoTVBEeFlDSHdSblpCWUVBZ0VQWkJZQ0FnRVBGZ0lmQXdVSVEyRnRjR0ZwWjI1a0FnVVBFQThXQWg4UVoyUVBGZ0ptQWdFV0FoQUZDazVsZDNOTVpYUjBaWElGRlZOMVluTmpjbWxpWlZSdlRtVjNjMHhsZEhSbGNtY1FCUVpUZFhKMlpYa0ZCbE4xY25abGVXY1dBR1FDRlE4UEZnSWZBd1VFVTJGMlpXUmtBaGNQWkJZQ0FnRVBGZ0lmQXdVY0tpQlVhR1Z6WlNCbWFXVnNaSE1nWVhKbElHMWhibVJoZEc5eWVXUUNHUTlrRmdJQ0FROFdBaDhEWldRQ0JROWtGZ0ptRHc4V0FoOE5CUk5OZVNCQlkyTnZkVzUwSUZObGRIUnBibWR6WkJZVUFnTVBGZ0lmQXdVUFFXTmpiM1Z1ZENCRVpYUmhhV3h6WkFJRkR4WUNId01GREVGalkyOTFiblFnVG04dU9tUUNCdzhXQWg4REJRUXhPRFEyWkFJSkR4WUNId01GQzBOdmJuUmhZM1FnU1VRNlpBSUxEeFlDSHdNRkN6TXhNVEF3TURBek1qVTVaQUlORHhZQ0h3TUZDbE52YkdSVWJ5QkpSRHBrQWc4UEZnSWZBd1VGWlcxd2RIbGtBaEVQWkJZRUFnRVBGZ0lmQXdWaVVISnBZMlVnUVdkeVpXVnRaVzUwSUU1dkxqb2dQSE53WVc0Z1kyeGhjM005SW5SdmIyeDBhWEJmYVdOdmJpSWdkR2wwYkdVOUluUnZiMngwYVhBZ1ptOXlJSEJ5YVdObElHRm5jbVZsYldWdWRDQnVkVzFpWlhJaVBqd3ZjM0JoYmo1a0FnTVBGZ0lmQXdVRmNISnBZMlZrQWhNUFpCWVFBZ0VQRmdJZkF3VU5URzluYVc0Z1JHVjBZV2xzYzJRQ0F3OFdBaDhEQlFoWFpXSnNiMmRwYm1RQ0JROFdBaDhEQlJad2JuUmxjM1F3TURGQVpYVnliMlpwYm5NdVkyOXRaQUlKRDJRV0FnSUJEdzhXQmg4REJSRkRkWEp5Wlc1MElGQmhjM04zYjNKa09oOEhCUmNnY21WeGRXbHlaV1JHYVdWc1pFTm9ZWEpoWTNSbGNoOElBZ0prWkFJTEQyUVdBZ0lCRHhZQ0h3TUZEVTVsZHlCUVlYTnpkMjl5WkRwa0FnMFBaQllDQWdFUER4WUdId01GRUVOdmJtWnBjbTBnVUdGemMzZHZjbVFmQndVWElISmxjWFZwY21Wa1JtbGxiR1JEYUdGeVlXTjBaWElmQ0FJQ1pHUUNEdzlrRmdabUR4VUJhRU52Ym5SbGJuUlFiR0ZqWlVodmJHUmxja1JsWm1GMWJIUmZUV0Z6ZEdWeVVHeGhZMlZvYjJ4a1pYSmZkV05OZVVGalkyOTFiblJUWlhSMGFXNW5jMTgzWDNaelEyaGhibWRsVUdGemMzZHZjbVJmWldOdmJWWmhiR2xrWVhScGIyNVRkVzF0WVhKNVpBSUJEdzhXQWg0UFZtRnNhV1JoZEdsdmJrZHliM1Z3QlE1RGFHRnVaMlZRWVhOemQyOXlaR1JrQWdJUEZRRm9RMjl1ZEdWdWRGQnNZV05sU0c5c1pHVnlSR1ZtWVhWc2RGOU5ZWE4wWlhKUWJHRmpaV2h2YkdSbGNsOTFZMDE1UVdOamIzVnVkRk5sZEhScGJtZHpYemRmZG5ORGFHRnVaMlZRWVhOemQyOXlaRjlsWTI5dFZtRnNhV1JoZEdsdmJsTjFiVzFoY25sa0FoQVBGUUZ4UTI5dWRHVnVkRkJzWVdObFNHOXNaR1Z5UkdWbVlYVnNkRjlOWVhOMFpYSlFiR0ZqWldodmJHUmxjbDkxWTAxNVFXTmpiM1Z1ZEZObGRIUnBibWR6WHpkZmNHNXNSSEpoWjJGaWJHVlhhVzVrYjNkRGIyNTBaVzUwWDBsdWJHbHVaVTFsYzNOaFoyVkRiMjUwWVdsdVpYSmtBaFVQRHhZQ0h3TUZCRk5oZG1Wa1pBSUhEMlFXQW1ZUER4WUNIdzBGRVVSeWIzQmliM2dnVEc5allYUnBiMjV6WkJZS0FnTVBGZ0lmQXdVVFUyVnNaV04wSUhsdmRYSWdaSEp2Y0dKdmVHUUNCUThXQWg4REJTVkVhWE53YkdGNUlFUnliM0JDYjNobGN5QnBiaUF5TUNCTmFXeGxJSEpoYm1kbElHOW1aQUlIRHc4V0FoOERCUVkxTmpBd05ESmtaQUlJRHhVQmFVTnZiblJsYm5SUWJHRmpaVWh2YkdSbGNrUmxabUYxYkhSZlRXRnpkR1Z5VUd4aFkyVm9iMnhrWlhKZmRXTkVjbTl3UW05NFpYTmZPRjl3Ym14RWNtRm5ZV0pzWlZkcGJtUnZkME52Ym5SbGJuUmZTVzVzYVc1bFRXVnpjMkZuWlVOdmJuUmhhVzVsY21RQ0NROFBGZ0lmQkdoa0ZnWUNBUThXQWg0RlZtRnNkV1ZrWkFJRER4WUNIeFFGUTNzaVJHbHpkR0Z1WTJWSmJsSmhaR2wxY3lJNk1qQXNJbFZ1YVhSUFprUnBjM1JoYm1ObElqb3lMQ0pKYm1sMGFXRnNUV0Z3V205dmJVeGxkbVZzSWpveE5YMWtBZ2NQRmdJZUMxOGhTWFJsYlVOdmRXNTBBdi8vLy84UFpBSVZEMlFXQW1ZUFpCWUNaZzhWQWFZR2RtRnlJSE5vYjNkUWNtOW5jbVZ6YzBKaGNrRm1kR1Z5UFRJd01Ec05DblpoY2lCdFpYTnpZV2RsVUhKdlozSmxjM05DWVhJOUoxQnNaV0Z6WlNCM1lXbDBMaTR1SnpzTkNuWmhjaUJ3Y205bmNtVnpjMEpoY2xScGRHeGxQU2RRYkdWaGMyVWdkMkZwZEM0dUxpYzdEUXAyWVhJZ2NISnZaM0psYzNOQ1lYSkRZVzVqWld4Q2RYUjBiMjVVWlhoMFBTZERZVzVqWld3bk93MEtkbUZ5SUdGc1pYSjBUV1Z6YzJGblpVSjFkSFJ2YmxSbGVIUTlKMDlySnpzTkNuWmhjaUJoYkdWeWRFMWxjM05oWjJWVWFYUnNaVDBuUVd4bGNuUWdUV1Z6YzJGblpTYzdEUXAyWVhJZ2IzQmxjbTl1VTJsMFpWVnliRDBuSnpzTkNuWmhjaUJqZFhKeVpXNTBVMmwwWlVOdlpHVTlKMFZDUlNjN0RRcDJZWElnYzNWaVJHOXRZV2x1UFNkUlFTYzdEUXAyWVhJZ2NHOXlkRTUxYldKbGNqMG5PREVuT3cwS2RtRnlJSEJ5WlV4dllXUkpiV0ZuWlV4cGMzUTlXeWN2WTNOekwyVjRkQzlxY1hWbGNubDBhR1Z0WlhNdmFXMWhaMlZ6TDNWcExXSm5YMmRzWVhOelh6VTFYekZqTVdNeFkxOHhlRFF3TUM1d2JtY25YVHNOQ25aaGNpQndjbWxqYVc1blJHVjBZV2xzYzBOc2IzTmxRblYwZEc5dVZHVjRkRDBuUTJ4dmMyVW5PdzBLZG1GeUlFRmtaRUoxZEhSdmJsSmxjMjkxY21ObFZHVjRkQ0E5SUNkQlpHUW5PdzBLZG1GeUlFTmhibU5sYkVKMWRIUnZibEpsYzI5MWNtTmxWR1Y0ZENBOUlDZERZVzVqWld3bk93MEtkbUZ5SUVOc2IzTmxRblYwZEc5dVVtVnpiM1Z5WTJWVVpYaDBJRDBnSjBOc2IzTmxKenNOQ25aaGNpQlRZWFpsUW5WMGRHOXVVbVZ6YjNWeVkyVlVaWGgwSUQwZ0oxTmhkbVVuT3cwS2RtRnlJRTV2UW5WMGRHOXVVbVZ6YjNWeVkyVlVaWGgwSUQwZ0owNXZKenNOQ25aaGNpQlpaWE5DZFhSMGIyNVNaWE52ZFhKalpWUmxlSFFnUFNBbldXVnpKenNOQ25aaGNpQlVhR2xqYTBKdmVFTnNiM05sVkdWNGRGSmxjMjkxY21ObElEMGdKMjl5SUVWell5QkxaWGtuT3cwS2RtRnlJRlJvYVdOclFtOTRRMnh2YzJWTWFXNXJVbVZ6YjNWeVkyVWdQU0FuWTJ4dmMyVW5PdzBLZG1GeUlHUmxjR3h2ZVcxbGJuUkZiblpwY205dWJXVnVkQ0E5SUNkUlFTYzdEUXBrWk8vOU9McS9XUlg3SE92UnlXckVpcC9wQ2tGYm81NkZxbHFkQnpHRnd2UnIiIENvcnJlbGF0aW9uQmluZGluZz0iIiBVcmxFbmNvZGU9IlRydWUiIC8+DQogICAgICAgIDxGb3JtUG9zdFBhcmFtZXRlciBOYW1lPSJjdGwwMCRjdGwwMCRjdGwwMCRDb250ZW50UGxhY2VIb2xkZXJEZWZhdWx0JFRvcExvZ2dlZEluXzEkaGRuU2NyZWVuQXJlYSIgVmFsdWU9Int7JEhJRERFTjEuY3RsMDAkY3RsMDAkY3RsMDAkQ29udGVudFBsYWNlSG9sZGVyRGVmYXVsdCRUb3BMb2dnZWRJbl8xJGhkblNjcmVlbkFyZWF9fSIgUmVjb3JkZWRWYWx1ZT0iIiBDb3JyZWxhdGlvbkJpbmRpbmc9IiIgVXJsRW5jb2RlPSJUcnVlIiAvPg0KICAgICAgICA8Rm9ybVBvc3RQYXJhbWV0ZXIgTmFtZT0iY3RsMDAkY3RsMDAkY3RsMDAkQ29udGVudFBsYWNlSG9sZGVyRGVmYXVsdCRDYXJ0T3ZlcnZpZXdfMyRoZG5GaWVsZFNlbGVjdGVkT3JkZXJJdGVtQ2hlY2tvdXRTdGF0ZXMiIFZhbHVlPSJ7eyRISURERU4xLmN0bDAwJGN0bDAwJGN0bDAwJENvbnRlbnRQbGFjZUhvbGRlckRlZmF1bHQkQ2FydE92ZXJ2aWV3XzMkaGRuRmllbGRTZWxlY3RlZE9yZGVySXRlbUNoZWNrb3V0U3RhdGVzfX0iIFJlY29yZGVkVmFsdWU9IiIgQ29ycmVsYXRpb25CaW5kaW5nPSIiIFVybEVuY29kZT0iVHJ1ZSIgLz4NCiAgICAgICAgPEZvcm1Qb3N0UGFyYW1ldGVyIE5hbWU9ImN0bDAwJGN0bDAwJGN0bDAwJENvbnRlbnRQbGFjZUhvbGRlckRlZmF1bHQkQ2FydE92ZXJ2aWV3XzMkaGRuRmllbGRDb21wbGV0ZUNhcnRDaGVja291dFN0YXRlRW51bXMiIFZhbHVlPSJ7eyRISURERU4xLmN0bDAwJGN0bDAwJGN0bDAwJENvbnRlbnRQbGFjZUhvbGRlckRlZmF1bHQkQ2FydE92ZXJ2aWV3XzMkaGRuRmllbGRDb21wbGV0ZUNhcnRDaGVja291dFN0YXRlRW51bXN9fSIgUmVjb3JkZWRWYWx1ZT0iIiBDb3JyZWxhdGlvbkJpbmRpbmc9IiIgVXJsRW5jb2RlPSJUcnVlIiAvPg0KICAgICAgICA8Rm9ybVBvc3RQYXJhbWV0ZXIgTmFtZT0iY3RsMDAkY3RsMDAkY3RsMDAkQ29udGVudFBsYWNlSG9sZGVyRGVmYXVsdCRDYXJ0T3ZlcnZpZXdfMyRoZG5GaWVsZFNlbGVjdGVkSXRlbUlkcyIgVmFsdWU9Int7JEhJRERFTjEuY3RsMDAkY3RsMDAkY3RsMDAkQ29udGVudFBsYWNlSG9sZGVyRGVmYXVsdCRDYXJ0T3ZlcnZpZXdfMyRoZG5GaWVsZFNlbGVjdGVkSXRlbUlkc319IiBSZWNvcmRlZFZhbHVlPSIiIENvcnJlbGF0aW9uQmluZGluZz0iIiBVcmxFbmNvZGU9IlRydWUiIC8+DQogICAgICAgIDxGb3JtUG9zdFBhcmFtZXRlciBOYW1lPSJjdGwwMCRjdGwwMCRjdGwwMCRDb250ZW50UGxhY2VIb2xkZXJEZWZhdWx0JENhcnRPdmVydmlld18zJGhkblNjcmVlbkFyZWEiIFZhbHVlPSJ7eyRISURERU4xLmN0bDAwJGN0bDAwJGN0bDAwJENvbnRlbnRQbGFjZUhvbGRlckRlZmF1bHQkQ2FydE92ZXJ2aWV3XzMkaGRuU2NyZWVuQXJlYX19IiBSZWNvcmRlZFZhbHVlPSIiIENvcnJlbGF0aW9uQmluZGluZz0iIiBVcmxFbmNvZGU9IlRydWUiIC8+DQogICAgICAgIDxGb3JtUG9zdFBhcmFtZXRlciBOYW1lPSJjdGwwMCRjdGwwMCRjdGwwMCRDb250ZW50UGxhY2VIb2xkZXJEZWZhdWx0JE1hc3RlclBsYWNlaG9sZGVyJFJlcXVpcmVVc2VyTG9naW5fNSRoZG5TY3JlZW5BcmVhIiBWYWx1ZT0ie3skSElEREVOMS5jdGwwMCRjdGwwMCRjdGwwMCRDb250ZW50UGxhY2VIb2xkZXJEZWZhdWx0JE1hc3RlclBsYWNlaG9sZGVyJFJlcXVpcmVVc2VyTG9naW5fNSRoZG5TY3JlZW5BcmVhfX0iIFJlY29yZGVkVmFsdWU9IiIgQ29ycmVsYXRpb25CaW5kaW5nPSIiIFVybEVuY29kZT0iVHJ1ZSIgLz4NCiAgICAgICAgPEZvcm1Qb3N0UGFyYW1ldGVyIE5hbWU9ImN0bDAwJGN0bDAwJGN0bDAwJENvbnRlbnRQbGFjZUhvbGRlckRlZmF1bHQkTWFzdGVyUGxhY2Vob2xkZXIkQ2hhbmdlQWRkcmVzc182JGhkblN0YXRlS2V5IiBWYWx1ZT0ie3skSElEREVOMS5jdGwwMCRjdGwwMCRjdGwwMCRDb250ZW50UGxhY2VIb2xkZXJEZWZhdWx0JE1hc3RlclBsYWNlaG9sZGVyJENoYW5nZUFkZHJlc3NfNiRoZG5TdGF0ZUtleX19IiBSZWNvcmRlZFZhbHVlPSJJTi1LQSIgQ29ycmVsYXRpb25CaW5kaW5nPSIiIFVybEVuY29kZT0iVHJ1ZSIgLz4NCiAgICAgICAgPEZvcm1Qb3N0UGFyYW1ldGVyIE5hbWU9ImN0bDAwJGN0bDAwJGN0bDAwJENvbnRlbnRQbGFjZUhvbGRlckRlZmF1bHQkTWFzdGVyUGxhY2Vob2xkZXIkQ2hhbmdlQWRkcmVzc182JGhkbkJpbGxpbmdBZ2VuY2llcyIgVmFsdWU9Int7JEhJRERFTjEuY3RsMDAkY3RsMDAkY3RsMDAkQ29udGVudFBsYWNlSG9sZGVyRGVmYXVsdCRNYXN0ZXJQbGFjZWhvbGRlciRDaGFuZ2VBZGRyZXNzXzYkaGRuQmlsbGluZ0FnZW5jaWVzfX0iIFJlY29yZGVkVmFsdWU9IiIgQ29ycmVsYXRpb25CaW5kaW5nPSIiIFVybEVuY29kZT0iVHJ1ZSIgLz4NCiAgICAgICAgPEZvcm1Qb3N0UGFyYW1ldGVyIE5hbWU9ImN0bDAwJGN0bDAwJGN0bDAwJENvbnRlbnRQbGFjZUhvbGRlckRlZmF1bHQkTWFzdGVyUGxhY2Vob2xkZXIkQ2hhbmdlQWRkcmVzc182JGhkbkNvbnRhY3RBZGRyZXNzIiBWYWx1ZT0ie3skSElEREVOMS5jdGwwMCRjdGwwMCRjdGwwMCRDb250ZW50UGxhY2VIb2xkZXJEZWZhdWx0JE1hc3RlclBsYWNlaG9sZGVyJENoYW5nZUFkZHJlc3NfNiRoZG5Db250YWN0QWRkcmVzc319IiBSZWNvcmRlZFZhbHVlPSIiIENvcnJlbGF0aW9uQmluZGluZz0iIiBVcmxFbmNvZGU9IlRydWUiIC8+DQogICAgICAgIDxGb3JtUG9zdFBhcmFtZXRlciBOYW1lPSJjdGwwMCRjdGwwMCRjdGwwMCRDb250ZW50UGxhY2VIb2xkZXJEZWZhdWx0JE1hc3RlclBsYWNlaG9sZGVyJENoYW5nZUFkZHJlc3NfNiRoZG5CaWxsaW5nQWdlbmN5SWQiIFZhbHVlPSJ7eyRISURERU4xLmN0bDAwJGN0bDAwJGN0bDAwJENvbnRlbnRQbGFjZUhvbGRlckRlZmF1bHQkTWFzdGVyUGxhY2Vob2xkZXIkQ2hhbmdlQWRkcmVzc182JGhkbkJpbGxpbmdBZ2VuY3lJZH19IiBSZWNvcmRlZFZhbHVlPSIiIENvcnJlbGF0aW9uQmluZGluZz0iIiBVcmxFbmNvZGU9IlRydWUiIC8+DQogICAgICAgIDxGb3JtUG9zdFBhcmFtZXRlciBOYW1lPSJjdGwwMCRjdGwwMCRjdGwwMCRDb250ZW50UGxhY2VIb2xkZXJEZWZhdWx0JE1hc3RlclBsYWNlaG9sZGVyJENoYW5nZUFkZHJlc3NfNiRoZG5CaWxsaW5nQWdlbmN5TmFtZSIgVmFsdWU9Int7JEhJRERFTjEuY3RsMDAkY3RsMDAkY3RsMDAkQ29udGVudFBsYWNlSG9sZGVyRGVmYXVsdCRNYXN0ZXJQbGFjZWhvbGRlciRDaGFuZ2VBZGRyZXNzXzYkaGRuQmlsbGluZ0FnZW5jeU5hbWV9fSIgUmVjb3JkZWRWYWx1ZT0iIiBDb3JyZWxhdGlvbkJpbmRpbmc9IiIgVXJsRW5jb2RlPSJUcnVlIiAvPg0KICAgICAgICA8Rm9ybVBvc3RQYXJhbWV0ZXIgTmFtZT0iY3RsMDAkY3RsMDAkY3RsMDAkQ29udGVudFBsYWNlSG9sZGVyRGVmYXVsdCRNYXN0ZXJQbGFjZWhvbGRlciRDaGFuZ2VBZGRyZXNzXzYkaGRuT2ZmaWNlTmFtZSIgVmFsdWU9Int7JEhJRERFTjEuY3RsMDAkY3RsMDAkY3RsMDAkQ29udGVudFBsYWNlSG9sZGVyRGVmYXVsdCRNYXN0ZXJQbGFjZWhvbGRlciRDaGFuZ2VBZGRyZXNzXzYkaGRuT2ZmaWNlTmFtZX19IiBSZWNvcmRlZFZhbHVlPSIiIENvcnJlbGF0aW9uQmluZGluZz0iIiBVcmxFbmNvZGU9IlRydWUiIC8+DQogICAgICAgIDxGb3JtUG9zdFBhcmFtZXRlciBOYW1lPSJjdGwwMCRjdGwwMCRjdGwwMCRDb250ZW50UGxhY2VIb2xkZXJEZWZhdWx0JE1hc3RlclBsYWNlaG9sZGVyJENoYW5nZUFkZHJlc3NfNiR0eHRUaXRsZSIgVmFsdWU9Ik1SIiBSZWNvcmRlZFZhbHVlPSJNUiIgQ29ycmVsYXRpb25CaW5kaW5nPSJ7e0Zvcm1Qb3N0UGFyYW0xLmN0bDAwJGN0bDAwJGN0bDAwJENvbnRlbnRQbGFjZUhvbGRlckRlZmF1bHQkTWFzdGVyUGxhY2Vob2xkZXIkQ2hhbmdlQWRkcmVzc182JHR4dFRpdGxlfX0iIFVybEVuY29kZT0iVHJ1ZSIgLz4NCiAgICAgICAgPEZvcm1Qb3N0UGFyYW1ldGVyIE5hbWU9ImN0bDAwJGN0bDAwJGN0bDAwJENvbnRlbnRQbGFjZUhvbGRlckRlZmF1bHQkTWFzdGVyUGxhY2Vob2xkZXIkQ2hhbmdlQWRkcmVzc182JHR4dEZpcnN0bmFtZSIgVmFsdWU9InBudGVzdGYwMDEiIFJlY29yZGVkVmFsdWU9InBudGVzdGYwMDEiIENvcnJlbGF0aW9uQmluZGluZz0ie3tGb3JtUG9zdFBhcmFtMi5jdGwwMCRjdGwwMCRjdGwwMCRDb250ZW50UGxhY2VIb2xkZXJEZWZhdWx0JE1hc3RlclBsYWNlaG9sZGVyJENoYW5nZUFkZHJlc3NfNiR0eHRGaXJzdG5hbWV9fSIgVXJsRW5jb2RlPSJUcnVlIiAvPg0KICAgICAgICA8Rm9ybVBvc3RQYXJhbWV0ZXIgTmFtZT0iY3RsMDAkY3RsMDAkY3RsMDAkQ29udGVudFBsYWNlSG9sZGVyRGVmYXVsdCRNYXN0ZXJQbGFjZWhvbGRlciRDaGFuZ2VBZGRyZXNzXzYkdHh0TGFzdG5hbWUiIFZhbHVlPSJwbnRlc3RsMDAxIiBSZWNvcmRlZFZhbHVlPSJwbnRlc3RsMDAxIiBDb3JyZWxhdGlvbkJpbmRpbmc9Int7Rm9ybVBvc3RQYXJhbTMuY3RsMDAkY3RsMDAkY3RsMDAkQ29udGVudFBsYWNlSG9sZGVyRGVmYXVsdCRNYXN0ZXJQbGFjZWhvbGRlciRDaGFuZ2VBZGRyZXNzXzYkdHh0TGFzdG5hbWV9fSIgVXJsRW5jb2RlPSJUcnVlIiAvPg0KICAgICAgICA8Rm9ybVBvc3RQYXJhbWV0ZXIgTmFtZT0iY3RsMDAkY3RsMDAkY3RsMDAkQ29udGVudFBsYWNlSG9sZGVyRGVmYXVsdCRNYXN0ZXJQbGFjZWhvbGRlciRDaGFuZ2VBZGRyZXNzXzYkdHh0Q29tcGFueSIgVmFsdWU9IkV1cm9maW5zIiBSZWNvcmRlZFZhbHVlPSJFdXJvZmlucyIgQ29ycmVsYXRpb25CaW5kaW5nPSJ7e0Zvcm1Qb3N0UGFyYW00LmN0bDAwJGN0bDAwJGN0bDAwJENvbnRlbnRQbGFjZUhvbGRlckRlZmF1bHQkTWFzdGVyUGxhY2Vob2xkZXIkQ2hhbmdlQWRkcmVzc182JHR4dENvbXBhbnl9fSIgVXJsRW5jb2RlPSJUcnVlIiAvPg0KICAgICAgICA8Rm9ybVBvc3RQYXJhbWV0ZXIgTmFtZT0iY3RsMDAkY3RsMDAkY3RsMDAkQ29udGVudFBsYWNlSG9sZGVyRGVmYXVsdCRNYXN0ZXJQbGFjZWhvbGRlciRDaGFuZ2VBZGRyZXNzXzYkdHh0RGVwYXJ0bWVudCIgVmFsdWU9IklUIiBSZWNvcmRlZFZhbHVlPSJJVCIgQ29ycmVsYXRpb25CaW5kaW5nPSJ7e0Zvcm1Qb3N0UGFyYW01LmN0bDAwJGN0bDAwJGN0bDAwJENvbnRlbnRQbGFjZUhvbGRlckRlZmF1bHQkTWFzdGVyUGxhY2Vob2xkZXIkQ2hhbmdlQWRkcmVzc182JHR4dERlcGFydG1lbnR9fSIgVXJsRW5jb2RlPSJUcnVlIiAvPg0KICAgICAgICA8Rm9ybVBvc3RQYXJhbWV0ZXIgTmFtZT0iY3RsMDAkY3RsMDAkY3RsMDAkQ29udGVudFBsYWNlSG9sZGVyRGVmYXVsdCRNYXN0ZXJQbGFjZWhvbGRlciRDaGFuZ2VBZGRyZXNzXzYkdHh0R3JvdXAiIFZhbHVlPSJHcm91cCIgUmVjb3JkZWRWYWx1ZT0iR3JvdXAiIENvcnJlbGF0aW9uQmluZGluZz0ie3tGb3JtUG9zdFBhcmFtNi5jdGwwMCRjdGwwMCRjdGwwMCRDb250ZW50UGxhY2VIb2xkZXJEZWZhdWx0JE1hc3RlclBsYWNlaG9sZGVyJENoYW5nZUFkZHJlc3NfNiR0eHRHcm91cH19IiBVcmxFbmNvZGU9IlRydWUiIC8+DQogICAgICAgIDxGb3JtUG9zdFBhcmFtZXRlciBOYW1lPSJjdGwwMCRjdGwwMCRjdGwwMCRDb250ZW50UGxhY2VIb2xkZXJEZWZhdWx0JE1hc3RlclBsYWNlaG9sZGVyJENoYW5nZUFkZHJlc3NfNiR0eHRTdHJlZXQiIFZhbHVlPSJTdHJlZXQwMDEiIFJlY29yZGVkVmFsdWU9IlN0cmVldDAwMSIgQ29ycmVsYXRpb25CaW5kaW5nPSJ7e0Zvcm1Qb3N0UGFyYW03LmN0bDAwJGN0bDAwJGN0bDAwJENvbnRlbnRQbGFjZUhvbGRlckRlZmF1bHQkTWFzdGVyUGxhY2Vob2xkZXIkQ2hhbmdlQWRkcmVzc182JHR4dFN0cmVldH19IiBVcmxFbmNvZGU9IlRydWUiIC8+DQogICAgICAgIDxGb3JtUG9zdFBhcmFtZXRlciBOYW1lPSJjdGwwMCRjdGwwMCRjdGwwMCRDb250ZW50UGxhY2VIb2xkZXJEZWZhdWx0JE1hc3RlclBsYWNlaG9sZGVyJENoYW5nZUFkZHJlc3NfNiR0eHRTdHJlZXQyIiBWYWx1ZT0iU3RyZWV0MDAxIiBSZWNvcmRlZFZhbHVlPSJTdHJlZXQwMDEiIENvcnJlbGF0aW9uQmluZGluZz0ie3tGb3JtUG9zdFBhcmFtOC5jdGwwMCRjdGwwMCRjdGwwMCRDb250ZW50UGxhY2VIb2xkZXJEZWZhdWx0JE1hc3RlclBsYWNlaG9sZGVyJENoYW5nZUFkZHJlc3NfNiR0eHRTdHJlZXQyfX0iIFVybEVuY29kZT0iVHJ1ZSIgLz4NCiAgICAgICAgPEZvcm1Qb3N0UGFyYW1ldGVyIE5hbWU9ImN0bDAwJGN0bDAwJGN0bDAwJENvbnRlbnRQbGFjZUhvbGRlckRlZmF1bHQkTWFzdGVyUGxhY2Vob2xkZXIkQ2hhbmdlQWRkcmVzc182JHR4dFN0cmVldDMiIFZhbHVlPSJTdHJlZXQwMDEiIFJlY29yZGVkVmFsdWU9IlN0cmVldDAwMSIgQ29ycmVsYXRpb25CaW5kaW5nPSJ7e0Zvcm1Qb3N0UGFyYW05LmN0bDAwJGN0bDAwJGN0bDAwJENvbnRlbnRQbGFjZUhvbGRlckRlZmF1bHQkTWFzdGVyUGxhY2Vob2xkZXIkQ2hhbmdlQWRkcmVzc182JHR4dFN0cmVldDN9fSIgVXJsRW5jb2RlPSJUcnVlIiAvPg0KICAgICAgICA8Rm9ybVBvc3RQYXJhbWV0ZXIgTmFtZT0iY3RsMDAkY3RsMDAkY3RsMDAkQ29udGVudFBsYWNlSG9sZGVyRGVmYXVsdCRNYXN0ZXJQbGFjZWhvbGRlciRDaGFuZ2VBZGRyZXNzXzYkdHh0Q2l0eSIgVmFsdWU9IkNpdHkwMDEiIFJlY29yZGVkVmFsdWU9IkNpdHkwMDEiIENvcnJlbGF0aW9uQmluZGluZz0ie3tGb3JtUG9zdFBhcmFtMTAuY3RsMDAkY3RsMDAkY3RsMDAkQ29udGVudFBsYWNlSG9sZGVyRGVmYXVsdCRNYXN0ZXJQbGFjZWhvbGRlciRDaGFuZ2VBZGRyZXNzXzYkdHh0Q2l0eX19IiBVcmxFbmNvZGU9IlRydWUiIC8+DQogICAgICAgIDxGb3JtUG9zdFBhcmFtZXRlciBOYW1lPSJjdGwwMCRjdGwwMCRjdGwwMCRDb250ZW50UGxhY2VIb2xkZXJEZWZhdWx0JE1hc3RlclBsYWNlaG9sZGVyJENoYW5nZUFkZHJlc3NfNiRkZGxDb3VudHJ5IiBWYWx1ZT0iSU4iIFJlY29yZGVkVmFsdWU9IklOIiBDb3JyZWxhdGlvbkJpbmRpbmc9Int7Rm9ybVBvc3RQYXJhbTE3LmN0bDAwJGN0bDAwJGN0bDAwJENvbnRlbnRQbGFjZUhvbGRlckRlZmF1bHQkTWFzdGVyUGxhY2Vob2xkZXIkQ2hhbmdlQWRkcmVzc182JGRkbENvdW50cnl9fSIgVXJsRW5jb2RlPSJUcnVlIiAvPg0KICAgICAgICA8Rm9ybVBvc3RQYXJhbWV0ZXIgTmFtZT0iY3RsMDAkY3RsMDAkY3RsMDAkQ29udGVudFBsYWNlSG9sZGVyRGVmYXVsdCRNYXN0ZXJQbGFjZWhvbGRlciRDaGFuZ2VBZGRyZXNzXzYkZGRsU3RhdGUiIFZhbHVlPSJJTi1LQSIgUmVjb3JkZWRWYWx1ZT0iSU4tS0EiIENvcnJlbGF0aW9uQmluZGluZz0ie3tGb3JtUG9zdFBhcmFtMTguY3RsMDAkY3RsMDAkY3RsMDAkQ29udGVudFBsYWNlSG9sZGVyRGVmYXVsdCRNYXN0ZXJQbGFjZWhvbGRlciRDaGFuZ2VBZGRyZXNzXzYkZGRsU3RhdGV9fSIgVXJsRW5jb2RlPSJUcnVlIiAvPg0KICAgICAgICA8Rm9ybVBvc3RQYXJhbWV0ZXIgTmFtZT0iY3RsMDAkY3RsMDAkY3RsMDAkQ29udGVudFBsYWNlSG9sZGVyRGVmYXVsdCRNYXN0ZXJQbGFjZWhvbGRlciRDaGFuZ2VBZGRyZXNzXzYkdHh0UG9zdGFsQ29kZSIgVmFsdWU9IjU2MDA0MiIgUmVjb3JkZWRWYWx1ZT0iNTYwMDQyIiBDb3JyZWxhdGlvbkJpbmRpbmc9Int7Rm9ybVBvc3RQYXJhbTExLmN0bDAwJGN0bDAwJGN0bDAwJENvbnRlbnRQbGFjZUhvbGRlckRlZmF1bHQkTWFzdGVyUGxhY2Vob2xkZXIkQ2hhbmdlQWRkcmVzc182JHR4dFBvc3RhbENvZGV9fSIgVXJsRW5jb2RlPSJUcnVlIiAvPg0KICAgICAgICA8Rm9ybVBvc3RQYXJhbWV0ZXIgTmFtZT0iY3RsMDAkY3RsMDAkY3RsMDAkQ29udGVudFBsYWNlSG9sZGVyRGVmYXVsdCRNYXN0ZXJQbGFjZWhvbGRlciRDaGFuZ2VBZGRyZXNzXzYkdHh0RW1haWwiIFZhbHVlPSJwbnRlc3QwMDFAZXVyb2ZpbnMuY29tIiBSZWNvcmRlZFZhbHVlPSJwbnRlc3QwMDFAZXVyb2ZpbnMuY29tIiBDb3JyZWxhdGlvbkJpbmRpbmc9Int7Rm9ybVBvc3RQYXJhbTEyLmN0bDAwJGN0bDAwJGN0bDAwJENvbnRlbnRQbGFjZUhvbGRlckRlZmF1bHQkTWFzdGVyUGxhY2Vob2xkZXIkQ2hhbmdlQWRkcmVzc182JHR4dEVtYWlsfX0iIFVybEVuY29kZT0iVHJ1ZSIgLz4NCiAgICAgICAgPEZvcm1Qb3N0UGFyYW1ldGVyIE5hbWU9ImN0bDAwJGN0bDAwJGN0bDAwJENvbnRlbnRQbGFjZUhvbGRlckRlZmF1bHQkTWFzdGVyUGxhY2Vob2xkZXIkQ2hhbmdlQWRkcmVzc182JHR4dFRlbGVwaG9uZSIgVmFsdWU9Ijk3Mzk1NjU2NTYiIFJlY29yZGVkVmFsdWU9Ijk3Mzk1NjU2NTYiIENvcnJlbGF0aW9uQmluZGluZz0ie3tGb3JtUG9zdFBhcmFtMTMuY3RsMDAkY3RsMDAkY3RsMDAkQ29udGVudFBsYWNlSG9sZGVyRGVmYXVsdCRNYXN0ZXJQbGFjZWhvbGRlciRDaGFuZ2VBZGRyZXNzXzYkdHh0VGVsZXBob25lfX0iIFVybEVuY29kZT0iVHJ1ZSIgLz4NCiAgICAgICAgPEZvcm1Qb3N0UGFyYW1ldGVyIE5hbWU9ImN0bDAwJGN0bDAwJGN0bDAwJENvbnRlbnRQbGFjZUhvbGRlckRlZmF1bHQkTWFzdGVyUGxhY2Vob2xkZXIkQ2hhbmdlQWRkcmVzc182JHR4dFRlbGVwaG9uZUV4dGVuc2lvbiIgVmFsdWU9IiIgUmVjb3JkZWRWYWx1ZT0iIiBDb3JyZWxhdGlvbkJpbmRpbmc9IiIgVXJsRW5jb2RlPSJUcnVlIiAvPg0KICAgICAgICA8Rm9ybVBvc3RQYXJhbWV0ZXIgTmFtZT0iY3RsMDAkY3RsMDAkY3RsMDAkQ29udGVudFBsYWNlSG9sZGVyRGVmYXVsdCRNYXN0ZXJQbGFjZWhvbGRlciRDaGFuZ2VBZGRyZXNzXzYkdHh0TW9iaWxlIiBWYWx1ZT0iOTczOTU2NTY1NiIgUmVjb3JkZWRWYWx1ZT0iOTczOTU2NTY1NiIgQ29ycmVsYXRpb25CaW5kaW5nPSJ7e0Zvcm1Qb3N0UGFyYW0xNC5jdGwwMCRjdGwwMCRjdGwwMCRDb250ZW50UGxhY2VIb2xkZXJEZWZhdWx0JE1hc3RlclBsYWNlaG9sZGVyJENoYW5nZUFkZHJlc3NfNiR0eHRNb2JpbGV9fSIgVXJsRW5jb2RlPSJUcnVlIiAvPg0KICAgICAgICA8Rm9ybVBvc3RQYXJhbWV0ZXIgTmFtZT0iY3RsMDAkY3RsMDAkY3RsMDAkQ29udGVudFBsYWNlSG9sZGVyRGVmYXVsdCRNYXN0ZXJQbGFjZWhvbGRlciRDaGFuZ2VBZGRyZXNzXzYkdHh0RmF4IiBWYWx1ZT0iMTIzIiBSZWNvcmRlZFZhbHVlPSIxMjMiIENvcnJlbGF0aW9uQmluZGluZz0ie3tGb3JtUG9zdFBhcmFtMTUuY3RsMDAkY3RsMDAkY3RsMDAkQ29udGVudFBsYWNlSG9sZGVyRGVmYXVsdCRNYXN0ZXJQbGFjZWhvbGRlciRDaGFuZ2VBZGRyZXNzXzYkdHh0RmF4fX0iIFVybEVuY29kZT0iVHJ1ZSIgLz4NCiAgICAgICAgPEZvcm1Qb3N0UGFyYW1ldGVyIE5hbWU9ImN0bDAwJGN0bDAwJGN0bDAwJENvbnRlbnRQbGFjZUhvbGRlckRlZmF1bHQkTWFzdGVyUGxhY2Vob2xkZXIkQ2hhbmdlQWRkcmVzc182JHR4dFJlY2lwaWVudCIgVmFsdWU9IiIgUmVjb3JkZWRWYWx1ZT0iIiBDb3JyZWxhdGlvbkJpbmRpbmc9IiIgVXJsRW5jb2RlPSJUcnVlIiAvPg0KICAgICAgICA8Rm9ybVBvc3RQYXJhbWV0ZXIgTmFtZT0iY3RsMDAkY3RsMDAkY3RsMDAkQ29udGVudFBsYWNlSG9sZGVyRGVmYXVsdCRNYXN0ZXJQbGFjZWhvbGRlciRDaGFuZ2VBZGRyZXNzXzYkZGRsVGltZXpvbmUiIFZhbHVlPSJJbmRpYSBTdGFuZGFyZCBUaW1lIiBSZWNvcmRlZFZhbHVlPSJJbmRpYSBTdGFuZGFyZCBUaW1lIiBDb3JyZWxhdGlvbkJpbmRpbmc9Int7Rm9ybVBvc3RQYXJhbTE5LmN0bDAwJGN0bDAwJGN0bDAwJENvbnRlbnRQbGFjZUhvbGRlckRlZmF1bHQkTWFzdGVyUGxhY2Vob2xkZXIkQ2hhbmdlQWRkcmVzc182JGRkbFRpbWV6b25lfX0iIFVybEVuY29kZT0iVHJ1ZSIgLz4NCiAgICAgICAgPEZvcm1Qb3N0UGFyYW1ldGVyIE5hbWU9ImN0bDAwJGN0bDAwJGN0bDAwJENvbnRlbnRQbGFjZUhvbGRlckRlZmF1bHQkTWFzdGVyUGxhY2Vob2xkZXIkQ2hhbmdlQWRkcmVzc182JGhkblNjcmVlbkFyZWEiIFZhbHVlPSJ7eyRISURERU4xLmN0bDAwJGN0bDAwJGN0bDAwJENvbnRlbnRQbGFjZUhvbGRlckRlZmF1bHQkTWFzdGVyUGxhY2Vob2xkZXIkQ2hhbmdlQWRkcmVzc182JGhkblNjcmVlbkFyZWF9fSIgUmVjb3JkZWRWYWx1ZT0iIiBDb3JyZWxhdGlvbkJpbmRpbmc9IiIgVXJsRW5jb2RlPSJUcnVlIiAvPg0KICAgICAgICA8Rm9ybVBvc3RQYXJhbWV0ZXIgTmFtZT0iY3RsMDAkY3RsMDAkY3RsMDAkQ29udGVudFBsYWNlSG9sZGVyRGVmYXVsdCRNYXN0ZXJQbGFjZWhvbGRlciR1Y015QWNjb3VudFNldHRpbmdzXzckdHh0V2VibG9naW5WYWx1ZSIgVmFsdWU9InBudGVzdDAwMUBldXJvZmlucy5jb20iIFJlY29yZGVkVmFsdWU9InBudGVzdDAwMUBldXJvZmlucy5jb20iIENvcnJlbGF0aW9uQmluZGluZz0ie3tGb3JtUG9zdFBhcmFtMTYuY3RsMDAkY3RsMDAkY3RsMDAkQ29udGVudFBsYWNlSG9sZGVyRGVmYXVsdCRNYXN0ZXJQbGFjZWhvbGRlciR1Y015QWNjb3VudFNldHRpbmdzXzckdHh0V2VibG9naW5WYWx1ZX19IiBVcmxFbmNvZGU9IlRydWUiIC8+DQogICAgICAgIDxGb3JtUG9zdFBhcmFtZXRlciBOYW1lPSJjdGwwMCRjdGwwMCRjdGwwMCRDb250ZW50UGxhY2VIb2xkZXJEZWZhdWx0JE1hc3RlclBsYWNlaG9sZGVyJHVjTXlBY2NvdW50U2V0dGluZ3NfNyR0eHRDdXJyZW50UGFzc3dvcmQiIFZhbHVlPSIiIFJlY29yZGVkVmFsdWU9IiIgQ29ycmVsYXRpb25CaW5kaW5nPSIiIFVybEVuY29kZT0iVHJ1ZSIgLz4NCiAgICAgICAgPEZvcm1Qb3N0UGFyYW1ldGVyIE5hbWU9ImN0bDAwJGN0bDAwJGN0bDAwJENvbnRlbnRQbGFjZUhvbGRlckRlZmF1bHQkTWFzdGVyUGxhY2Vob2xkZXIkdWNNeUFjY291bnRTZXR0aW5nc183JHR4dE5ld1Bhc3N3b3JkIiBWYWx1ZT0iIiBSZWNvcmRlZFZhbHVlPSIiIENvcnJlbGF0aW9uQmluZGluZz0iIiBVcmxFbmNvZGU9IlRydWUiIC8+DQogICAgICAgIDxGb3JtUG9zdFBhcmFtZXRlciBOYW1lPSJjdGwwMCRjdGwwMCRjdGwwMCRDb250ZW50UGxhY2VIb2xkZXJEZWZhdWx0JE1hc3RlclBsYWNlaG9sZGVyJHVjTXlBY2NvdW50U2V0dGluZ3NfNyR0eHRDb25maXJtUGFzc3dvcmQiIFZhbHVlPSIiIFJlY29yZGVkVmFsdWU9IiIgQ29ycmVsYXRpb25CaW5kaW5nPSIiIFVybEVuY29kZT0iVHJ1ZSIgLz4NCiAgICAgICAgPEZvcm1Qb3N0UGFyYW1ldGVyIE5hbWU9ImN0bDAwJGN0bDAwJGN0bDAwJENvbnRlbnRQbGFjZUhvbGRlckRlZmF1bHQkTWFzdGVyUGxhY2Vob2xkZXIkdWNNeUFjY291bnRTZXR0aW5nc183JHZzQ2hhbmdlUGFzc3dvcmQkaGRuVmFsaWRhdGlvblJlc3VsdCIgVmFsdWU9Int7JEhJRERFTjEuY3RsMDAkY3RsMDAkY3RsMDAkQ29udGVudFBsYWNlSG9sZGVyRGVmYXVsdCRNYXN0ZXJQbGFjZWhvbGRlciR1Y015QWNjb3VudFNldHRpbmdzXzckdnNDaGFuZ2VQYXNzd29yZCRoZG5WYWxpZGF0aW9uUmVzdWx0fX0iIFJlY29yZGVkVmFsdWU9IiIgQ29ycmVsYXRpb25CaW5kaW5nPSIiIFVybEVuY29kZT0iVHJ1ZSIgLz4NCiAgICAgICAgPEZvcm1Qb3N0UGFyYW1ldGVyIE5hbWU9ImN0bDAwJGN0bDAwJGN0bDAwJENvbnRlbnRQbGFjZUhvbGRlckRlZmF1bHQkTWFzdGVyUGxhY2Vob2xkZXIkdWNNeUFjY291bnRTZXR0aW5nc183JGhkblNjcmVlbkFyZWEiIFZhbHVlPSJ7eyRISURERU4xLmN0bDAwJGN0bDAwJGN0bDAwJENvbnRlbnRQbGFjZUhvbGRlckRlZmF1bHQkTWFzdGVyUGxhY2Vob2xkZXIkdWNNeUFjY291bnRTZXR0aW5nc183JGhkblNjcmVlbkFyZWF9fSIgUmVjb3JkZWRWYWx1ZT0iIiBDb3JyZWxhdGlvbkJpbmRpbmc9IiIgVXJsRW5jb2RlPSJUcnVlIiAvPg0KICAgICAgICA8Rm9ybVBvc3RQYXJhbWV0ZXIgTmFtZT0iY3RsMDAkY3RsMDAkY3RsMDAkQ29udGVudFBsYWNlSG9sZGVyRGVmYXVsdCRNYXN0ZXJQbGFjZWhvbGRlciR1Y0Ryb3BCb3hlc184JGhkbl9Db250ZW50UGxhY2VIb2xkZXJEZWZhdWx0X01hc3RlclBsYWNlaG9sZGVyX3VjRHJvcEJveGVzXzhfcG5sRHJhZ2FibGVXaW5kb3dDb250ZW50X1N0YW5kQWxvbmVJZCIgVmFsdWU9Int7JEhJRERFTjEuY3RsMDAkY3RsMDAkY3RsMDAkQ29udGVudFBsYWNlSG9sZGVyRGVmYXVsdCRNYXN0ZXJQbGFjZWhvbGRlciR1Y0Ryb3BCb3hlc184JGhkbl9Db250ZW50UGxhY2VIb2xkZXJEZWZhdWx0X01hc3RlclBsYWNlaG9sZGVyX3VjRHJvcEJveGVzXzhfcG5sRHJhZ2FibGVXaW5kb3dDb250ZW50X1N0YW5kQWxvbmVJZH19IiBSZWNvcmRlZFZhbHVlPSJTdGFuZEFsb25lU2F2ZSIgQ29ycmVsYXRpb25CaW5kaW5nPSIiIFVybEVuY29kZT0iVHJ1ZSIgLz4NCiAgICAgICAgPEZvcm1Qb3N0UGFyYW1ldGVyIE5hbWU9ImN0bDAwJGN0bDAwJGN0bDAwJENvbnRlbnRQbGFjZUhvbGRlckRlZmF1bHQkTWFzdGVyUGxhY2Vob2xkZXIkdWNEcm9wQm94ZXNfOCRoZG5TY3JlZW5BcmVhIiBWYWx1ZT0ie3skSElEREVOMS5jdGwwMCRjdGwwMCRjdGwwMCRDb250ZW50UGxhY2VIb2xkZXJEZWZhdWx0JE1hc3RlclBsYWNlaG9sZGVyJHVjRHJvcEJveGVzXzgkaGRuU2NyZWVuQXJlYX19IiBSZWNvcmRlZFZhbHVlPSIiIENvcnJlbGF0aW9uQmluZGluZz0iIiBVcmxFbmNvZGU9IlRydWUiIC8+DQogICAgICAgIDxGb3JtUG9zdFBhcmFtZXRlciBOYW1lPSJjdGwwMCRjdGwwMCRjdGwwMCRDb250ZW50UGxhY2VIb2xkZXJEZWZhdWx0JGhkbkNhbkluaXRpYWxpemVDdWx0dXJlIiBWYWx1ZT0ie3skSElEREVOMS5jdGwwMCRjdGwwMCRjdGwwMCRDb250ZW50UGxhY2VIb2xkZXJEZWZhdWx0JGhkbkNhbkluaXRpYWxpemVDdWx0dXJlfX0iIFJlY29yZGVkVmFsdWU9ImZhbHNlIiBDb3JyZWxhdGlvbkJpbmRpbmc9IiIgVXJsRW5jb2RlPSJUcnVlIiAvPg0KICAgICAgICA8Rm9ybVBvc3RQYXJhbWV0ZXIgTmFtZT0iY3RsMDAkY3RsMDAkY3RsMDAkQ29udGVudFBsYWNlSG9sZGVyRGVmYXVsdCRoZG5FY29tRHJhZ0Ryb3BKc29uIiBWYWx1ZT0ie3skSElEREVOMS5jdGwwMCRjdGwwMCRjdGwwMCRDb250ZW50UGxhY2VIb2xkZXJEZWZhdWx0JGhkbkVjb21EcmFnRHJvcEpzb259fSIgUmVjb3JkZWRWYWx1ZT0iIiBDb3JyZWxhdGlvbkJpbmRpbmc9IiIgVXJsRW5jb2RlPSJUcnVlIiAvPg0KICAgICAgICA8Rm9ybVBvc3RQYXJhbWV0ZXIgTmFtZT0iY3RsMDAkY3RsMDAkY3RsMDAkQ29udGVudFBsYWNlSG9sZGVyRGVmYXVsdCRoZG5DdXJyZW50UGFnZUlkZW50aXR5IiBWYWx1ZT0ie3skSElEREVOMS5jdGwwMCRjdGwwMCRjdGwwMCRDb250ZW50UGxhY2VIb2xkZXJEZWZhdWx0JGhkbkN1cnJlbnRQYWdlSWRlbnRpdHl9fSIgUmVjb3JkZWRWYWx1ZT0iMTEzNiIgQ29ycmVsYXRpb25CaW5kaW5nPSIiIFVybEVuY29kZT0iVHJ1ZSIgLz4NCiAgICAgICAgPEZvcm1Qb3N0UGFyYW1ldGVyIE5hbWU9ImN0bDAwJGN0bDAwJGN0bDAwJENvbnRlbnRQbGFjZUhvbGRlckRlZmF1bHQkaGRuU2Nyb2xsWVBvc2l0aW9uIiBWYWx1ZT0ie3skSElEREVOMS5jdGwwMCRjdGwwMCRjdGwwMCRDb250ZW50UGxhY2VIb2xkZXJEZWZhdWx0JGhkblNjcm9sbFlQb3NpdGlvbn19IiBSZWNvcmRlZFZhbHVlPSIwIiBDb3JyZWxhdGlvbkJpbmRpbmc9IiIgVXJsRW5jb2RlPSJUcnVlIiAvPg0KICAgICAgICA8Rm9ybVBvc3RQYXJhbWV0ZXIgTmFtZT0iX19WSUVXU1RBVEVHRU5FUkFUT1IiIFZhbHVlPSJ7eyRISURERU4xLl9fVklFV1NUQVRFR0VORVJBVE9SfX0iIFJlY29yZGVkVmFsdWU9IkNBMEIwMzM0IiBDb3JyZWxhdGlvbkJpbmRpbmc9IiIgVXJsRW5jb2RlPSJUcnVlIiAvPg0KICAgICAgPC9Gb3JtUG9zdEh0dHBCb2R5Pg0KICAgIDwvUmVxdWVzdD4NCiAgICA8Q29tbWVudCBDb21tZW50VGV4dD0iQ2xpY2tfSG9tZSBQYWdlIiAvPg0KICAgIDxSZXF1ZXN0IE1ldGhvZD0iR0VUIiBHdWlkPSI2ZWYwYWRiYy1lMmQxLTQ4MGQtOGMxNS0wOTRlYmQzNzk4ZjkiIFZlcnNpb249IjEuMSIgVXJsPSJodHRwOi8vaW4wMWFwdjExOjgxL2VuL2hvbWUuYXNweCIgVGhpbmtUaW1lPSI0IiBUaW1lb3V0PSIzMDAiIFBhcnNlRGVwZW5kZW50UmVxdWVzdHM9IlRydWUiIEZvbGxvd1JlZGlyZWN0cz0iVHJ1ZSIgUmVjb3JkUmVzdWx0PSJUcnVlIiBDYWNoZT0iRmFsc2UiIFJlc3BvbnNlVGltZUdvYWw9IjAiIEVuY29kaW5nPSJ1dGYtOCIgRXhwZWN0ZWRIdHRwU3RhdHVzQ29kZT0iMCIgRXhwZWN0ZWRSZXNwb25zZVVybD0iIiBSZXBvcnRpbmdOYW1lPSIiIElnbm9yZUh0dHBTdGF0dXNDb2RlPSJGYWxzZSI+DQogICAgICA8SGVhZGVycz4NCiAgICAgICAgPEhlYWRlciBOYW1lPSJSZWZlcmVyIiBWYWx1ZT0iaHR0cDovL2luMDFhcHYxMTo4MS9lbi9teXByZWZlcmVuY2VzLmFzcHgiIC8+DQogICAgICA8L0hlYWRlcnM+DQogICAgICA8RXh0cmFjdGlvblJ1bGVzPg0KICAgICAgICA8RXh0cmFjdGlvblJ1bGUgQ2xhc3NuYW1lPSJNaWNyb3NvZnQuVmlzdWFsU3R1ZGlvLlRlc3RUb29scy5XZWJUZXN0aW5nLlJ1bGVzLkV4dHJhY3RIaWRkZW5GaWVsZHMsIE1pY3Jvc29mdC5WaXN1YWxTdHVkaW8uUXVhbGl0eVRvb2xzLldlYlRlc3RGcmFtZXdvcmssIFZlcnNpb249MTAuMC4wLjAsIEN1bHR1cmU9bmV1dHJhbCwgUHVibGljS2V5VG9rZW49YjAzZjVmN2YxMWQ1MGEzYSIgVmFyaWFibGVOYW1lPSIxIiBEaXNwbGF5TmFtZT0iRXh0cmFjdCBIaWRkZW4gRmllbGRzIiBEZXNjcmlwdGlvbj0iRXh0cmFjdCBhbGwgaGlkZGVuIGZpZWxkcyBmcm9tIHRoZSByZXNwb25zZSBhbmQgcGxhY2UgdGhlbSBpbnRvIHRoZSB0ZXN0IGNvbnRleHQuIj4NCiAgICAgICAgICA8UnVsZVBhcmFtZXRlcnM+DQogICAgICAgICAgICA8UnVsZVBhcmFtZXRlciBOYW1lPSJSZXF1aXJlZCIgVmFsdWU9IlRydWUiIC8+DQogICAgICAgICAgICA8UnVsZVBhcmFtZXRlciBOYW1lPSJIdG1sRGVjb2RlIiBWYWx1ZT0iVHJ1ZSIgLz4NCiAgICAgICAgICA8L1J1bGVQYXJhbWV0ZXJzPg0KICAgICAgICA8L0V4dHJhY3Rpb25SdWxlPg0KICAgICAgPC9FeHRyYWN0aW9uUnVsZXM+DQogICAgPC9SZXF1ZXN0Pg0KICAgIDxDb21tZW50IENvbW1lbnRUZXh0PSJDbGlja19Mb2dvdXQiIC8+DQogICAgPFJlcXVlc3QgTWV0aG9kPSJQT1NUIiBHdWlkPSIyYzEwNGU3Ny0xYjUzLTQyMTgtYTE3ZC05OTU3MWI0ZTk0ZjciIFZlcnNpb249IjEuMSIgVXJsPSJodHRwOi8vaW4wMWFwdjExOjgxL2VuL2hvbWUuYXNweCIgVGhpbmtUaW1lPSIwIiBUaW1lb3V0PSIzMDAiIFBhcnNlRGVwZW5kZW50UmVxdWVzdHM9IlRydWUiIEZvbGxvd1JlZGlyZWN0cz0iVHJ1ZSIgUmVjb3JkUmVzdWx0PSJUcnVlIiBDYWNoZT0iRmFsc2UiIFJlc3BvbnNlVGltZUdvYWw9IjAiIEVuY29kaW5nPSJ1dGYtOCIgRXhwZWN0ZWRIdHRwU3RhdHVzQ29kZT0iMCIgRXhwZWN0ZWRSZXNwb25zZVVybD0iaHR0cDovL2luMDFhcHYxMTo4MS9lbi9ob21lLmFzcHgiIFJlcG9ydGluZ05hbWU9IiIgSWdub3JlSHR0cFN0YXR1c0NvZGU9IkZhbHNlIj4NCiAgICAgIDxEZXBlbmRlbnRSZXF1ZXN0cz4NCiAgICAgICAgPFJlcXVlc3QgTWV0aG9kPSJQT1NUIiBHdWlkPSIyNjUzMDE3Yi1lYzM3LTQ1N2MtYTE3MC0xOTAyNTQxYmVmOTEiIFZlcnNpb249IjEuMSIgVXJsPSJodHRwOi8vaW4wMWFwdjExOjgxL1NlcnZpY2VzL0Vjb21TZXJ2aWNlcy5hc214L0dldFN0YXRlcyIgVGhpbmtUaW1lPSIwIiBUaW1lb3V0PSIzMDAiIFBhcnNlRGVwZW5kZW50UmVxdWVzdHM9IlRydWUiIEZvbGxvd1JlZGlyZWN0cz0iVHJ1ZSIgUmVjb3JkUmVzdWx0PSJUcnVlIiBDYWNoZT0iRmFsc2UiIFJlc3BvbnNlVGltZUdvYWw9IjAiIEVuY29kaW5nPSJ1dGYtOCIgRXhwZWN0ZWRIdHRwU3RhdHVzQ29kZT0iMCIgRXhwZWN0ZWRSZXNwb25zZVVybD0iIiBSZXBvcnRpbmdOYW1lPSIiIElnbm9yZUh0dHBTdGF0dXNDb2RlPSJGYWxzZSI+DQogICAgICAgICAgPEhlYWRlcnM+DQogICAgICAgICAgICA8SGVhZGVyIE5hbWU9IkFjY2VwdCIgVmFsdWU9ImFwcGxpY2F0aW9uL2pzb24sIHRleHQvamF2YXNjcmlwdCwgKi8qOyBxPTAuMDEiIC8+DQogICAgICAgICAgICA8SGVhZGVyIE5hbWU9IlgtUmVxdWVzdGVkLVdpdGgiIFZhbHVlPSJYTUxIdHRwUmVxdWVzdCIgLz4NCiAgICAgICAgICAgIDxIZWFkZXIgTmFtZT0iUmVmZXJlciIgVmFsdWU9Imh0dHA6Ly9pbjAxYXB2MTE6ODEvZW4vY2hlY2tvdXQvc3RlcDEuYXNweD9tc2c9NSIgLz4NCiAgICAgICAgICA8L0hlYWRlcnM+DQogICAgICAgICAgPFN0cmluZ0h0dHBCb2R5IENvbnRlbnRUeXBlPSJhcHBsaWNhdGlvbi9qc29uOyBjaGFyc2V0PXV0Zi04IiBJbnNlcnRCeXRlT3JkZXJNYXJrPSJGYWxzZSI+ZXdBaUFHMEFaUUIwQUdnQWJ3QmtBRkFBWVFCeUFHRUFiUUJsQUhRQVpRQnlBSE1BSWdBNkFIc0FJZ0JwQUhNQWJ3QkxBR1VBZVFBaUFEb0FJZ0JWQUZNQUlnQXNBQ0lBZFFCd0FHUUFZUUIwQUdVQVF3QnZBRzhBYXdCcEFHVUFSZ0J2QUhJQVF3QnZBSFVBYmdCMEFISUFlUUFpQURvQWRBQnlBSFVBWlFBc0FDSUFWUUJ0QUdJQWNnQmhBR01BYndCT0FHOEFaQUJsQUVrQVpBQWlBRG9BSWdBeEFERUFNZ0E1QUNJQUxBQWlBRU1BYkFCdkFITUFaUUJRQUhJQWJ3Qm5BSElBWlFCekFITUFUd0J1QUZNQWRRQmpBR01BWlFCekFITUFJZ0E2QUdZQVlRQnNBSE1BWlFBc0FDSUFRd0JoQUc0QVV3Qm9BRzhBZHdCUUFISUFid0JuQUhJQVpRQnpBSE1BUWdCaEFISUFJZ0E2QUdZQVlRQnNBSE1BWlFCOUFIMEE8L1N0cmluZ0h0dHBCb2R5Pg0KICAgICAgICA8L1JlcXVlc3Q+DQogICAgICAgIDxSZXF1ZXN0IE1ldGhvZD0iUE9TVCIgR3VpZD0iMzhkNmU5MzUtN2YxYi00MWM1LWE4OGYtZDdjZGUwMGUyNTlkIiBWZXJzaW9uPSIxLjEiIFVybD0iaHR0cDovL2luMDFhcHYxMTo4MS9TZXJ2aWNlcy9FY29tU2VydmljZXMuYXNteC9HZXRTdGF0ZXMiIFRoaW5rVGltZT0iMCIgVGltZW91dD0iMzAwIiBQYXJzZURlcGVuZGVudFJlcXVlc3RzPSJUcnVlIiBGb2xsb3dSZWRpcmVjdHM9IlRydWUiIFJlY29yZFJlc3VsdD0iVHJ1ZSIgQ2FjaGU9IkZhbHNlIiBSZXNwb25zZVRpbWVHb2FsPSIwIiBFbmNvZGluZz0idXRmLTgiIEV4cGVjdGVkSHR0cFN0YXR1c0NvZGU9IjAiIEV4cGVjdGVkUmVzcG9uc2VVcmw9IiIgUmVwb3J0aW5nTmFtZT0iIiBJZ25vcmVIdHRwU3RhdHVzQ29kZT0iRmFsc2UiPg0KICAgICAgICAgIDxIZWFkZXJzPg0KICAgICAgICAgICAgPEhlYWRlciBOYW1lPSJBY2NlcHQiIFZhbHVlPSJhcHBsaWNhdGlvbi9qc29uLCB0ZXh0L2phdmFzY3JpcHQsICovKjsgcT0wLjAxIiAvPg0KICAgICAgICAgICAgPEhlYWRlciBOYW1lPSJYLVJlcXVlc3RlZC1XaXRoIiBWYWx1ZT0iWE1MSHR0cFJlcXVlc3QiIC8+DQogICAgICAgICAgICA8SGVhZGVyIE5hbWU9IlJlZmVyZXIiIFZhbHVlPSJodHRwOi8vaW4wMWFwdjExOjgxL2VuL2NoZWNrb3V0L3N0ZXAxLmFzcHg/bXNnPTUiIC8+DQogICAgICAgICAgPC9IZWFkZXJzPg0KICAgICAgICAgIDxTdHJpbmdIdHRwQm9keSBDb250ZW50VHlwZT0iYXBwbGljYXRpb24vanNvbjsgY2hhcnNldD11dGYtOCIgSW5zZXJ0Qnl0ZU9yZGVyTWFyaz0iRmFsc2UiPmV3QWlBRzBBWlFCMEFHZ0Fid0JrQUZBQVlRQnlBR0VBYlFCbEFIUUFaUUJ5QUhNQUlnQTZBSHNBSWdCcEFITUFid0JMQUdVQWVRQWlBRG9BSWdCVkFGTUFJZ0FzQUNJQWRRQndBR1FBWVFCMEFHVUFRd0J2QUc4QWF3QnBBR1VBUmdCdkFISUFRd0J2QUhVQWJnQjBBSElBZVFBaUFEb0FaZ0JoQUd3QWN3QmxBQ3dBSWdCVkFHMEFZZ0J5QUdFQVl3QnZBRTRBYndCa0FHVUFTUUJrQUNJQU9nQWlBREVBTVFBeUFEa0FJZ0FzQUNJQVF3QnNBRzhBY3dCbEFGQUFjZ0J2QUdjQWNnQmxBSE1BY3dCUEFHNEFVd0IxQUdNQVl3QmxBSE1BY3dBaUFEb0FaZ0JoQUd3QWN3QmxBQ3dBSWdCREFHRUFiZ0JUQUdnQWJ3QjNBRkFBY2dCdkFHY0FjZ0JsQUhNQWN3QkNBR0VBY2dBaUFEb0FaZ0JoQUd3QWN3QmxBSDBBZlFBPTwvU3RyaW5nSHR0cEJvZHk+DQogICAgICAgIDwvUmVxdWVzdD4NCiAgICAgIDwvRGVwZW5kZW50UmVxdWVzdHM+DQogICAgICA8SGVhZGVycz4NCiAgICAgICAgPEhlYWRlciBOYW1lPSJSZWZlcmVyIiBWYWx1ZT0iaHR0cDovL2luMDFhcHYxMTo4MS9lbi9ob21lLmFzcHgiIC8+DQogICAgICA8L0hlYWRlcnM+DQogICAgICA8Rm9ybVBvc3RIdHRwQm9keT4NCiAgICAgICAgPEZvcm1Qb3N0UGFyYW1ldGVyIE5hbWU9Il9fRVZFTlRUQVJHRVQiIFZhbHVlPSJ7eyRISURERU4xLl9fRVZFTlRUQVJHRVR9fSIgUmVjb3JkZWRWYWx1ZT0iY3RsMDAkY3RsMDAkY3RsMDAkQ29udGVudFBsYWNlSG9sZGVyRGVmYXVsdCRNYXN0ZXJQbGFjZWhvbGRlciRIb21lTG9nZ2VkSW5fNiRsbmJIb21lTG9nZ2VkSW5Mb2dvdXQiIENvcnJlbGF0aW9uQmluZGluZz0iIiBVcmxFbmNvZGU9IlRydWUiIC8+DQogICAgICAgIDxGb3JtUG9zdFBhcmFtZXRlciBOYW1lPSJfX0VWRU5UQVJHVU1FTlQiIFZhbHVlPSJ7eyRISURERU4xLl9fRVZFTlRBUkdVTUVOVH19IiBSZWNvcmRlZFZhbHVlPSIiIENvcnJlbGF0aW9uQmluZGluZz0iIiBVcmxFbmNvZGU9IlRydWUiIC8+DQogICAgICAgIDxGb3JtUG9zdFBhcmFtZXRlciBOYW1lPSJfX1ZJRVdTVEFURSIgVmFsdWU9Int7JEhJRERFTjEuX19WSUVXU1RBVEV9fSIgUmVjb3JkZWRWYWx1ZT0iL3dFUER3VUVOVE00TVE5a0ZnSm1EMlFXQW1ZUFpCWUNaZzlrRmdKbUQyUVdBZ0lERHhZR0hnWnZibXh2WVdRRlAybG1LSFI1Y0dWdlppQlBia0poWTJ0Q2RYUjBiMjVEYkdsamF5QTlQU0FpWm5WdVkzUnBiMjRpS1NCUGJrSmhZMnRDZFhSMGIyNURiR2xqYXlncE94NEtiMjV3WVdkbGMyaHZkd1ZUYVdZZ0tHVjJaVzUwTG5CbGNuTnBjM1JsWkNBbUppQjBlWEJsYjJZZ1QyNUNZV05yUW5WMGRHOXVRMnhwWTJzZ1BUMGdJbVoxYm1OMGFXOXVJaWtnVDI1Q1lXTnJRblYwZEc5dVEyeHBZMnNvS1RzZUNHOXVkVzVzYjJGa1pSWUNBZ0VRWkdRV0NnSUlEMlFXQW1ZUFpCWVNBZ0lQRlFGWFEyOXVkR1Z1ZEZCc1lXTmxTRzlzWkdWeVJHVm1ZWFZzZEY5VWIzQk1iMmRuWldSSmJsOHhYM0J1YkVSeVlXZGhZbXhsVjJsdVpHOTNRMjl1ZEdWdWRGOUpibXhwYm1WTlpYTnpZV2RsUTI5dWRHRnBibVZ5WkFJREQyUVdBZ0lCRHc4V0FoNEVWR1Y0ZEFVR1RHOW5iM1YwWkdRQ0JROFBGZ0llQjFacGMybGliR1ZuWkJZQ0FnRVBEeFlHSGd0T1lYWnBaMkYwWlZWeWJBVVVmaTloWkcxcGJpOTNaV3hqYjIxbExtRnpjSGdmQXdVT1FXUnRhVzVwYzNSeVlYUnBiMjRmQkdka1pBSUhEdzhXQWg4RVoyUVdCZ0lCRHhZQ0h3TUZCVWhsYkd4dlpBSUREeFlDSHdNRkZYQnVkR1Z6ZEdZd01ERWdjRzUwWlhOMGJEQXdNV1FDQlE4V0FoNEphVzV1WlhKb2RHMXNCUTFCWTJOdmRXNTBJRWxFSURvZ1pBSUpEMlFXQ0FJQkR4WUNId01GQXlvcUttUUNBdzhQRmdJZkEyVmtaQUlGRHc4V0FoOERCUkVvWW1WamIyMWxJSGx2ZFhKelpXeG1LV1JrQWdjUEZnSWZBd1VES2lvcVpBSU5EdzhXQWg4RVoyUVdBZ0lCRHc4V0JCOERCUXhOZVNCRVlYTm9ZbTloY21RZkJHZGtaQUlQRHc4V0FoOEVaMlFXQWdJQkR3OFdDQjRJUTNOelEyeGhjM01GRFdWbVEyOXNiM0pQY21GdVoyVWZBd1VKVFhrZ1QzSmtaWEp6SGdSZklWTkNBZ0lmQkdka1pBSVJEdzhXQWg4RVoyUVdBZ0lCRHc4V0JCOERCUXhOZVNCQlpHUnlaWE56WlhNZkJHZGtaQUlURHc4V0FoOEVaMlFXQWdJQkR3OFdCQjhEQlE1TmVTQlFjbVZtWlhKbGJtTmxjeDhFWjJSa0Fnb1BaQllDWmc4UEZnSWZCR2hrRmdZQ0F3OFBGZ0lmQlFVakwyVnVMMk5vWldOcmIzVjBMM04wWlhBeExtRnpjSGcvYm05a1pVbGtQVEV4TWpka1pBSUZEdzlrRmdJZUJHaHlaV1lGQVNOa0Fna1BEMlFXQWg0RmRHbDBiR1VGQlV4dloybHVGZ2dDQVE4UEZnWWZBd1VHUlcxaGFXdzZId2NGRnlCeVpYRjFhWEpsWkVacFpXeGtRMmhoY21GamRHVnlId2dDQW1Sa0Fna1BEeFlHSHdNRkEzc3dmUjhIQlJjZ2NtVnhkV2x5WldSR2FXVnNaRU5vWVhKaFkzUmxjaDhJQWdKa1pBSVJEdzhXQWg4RkJSY3ZaVzR2Wm05eVoyOTBjR0Z6YzNkdmNtUXVZWE53ZUdSa0FoTVBEeFlDSHdVRkl5OWxiaTlqYUdWamEyOTFkQzl6ZEdWd01TNWhjM0I0UDI1dlpHVkpaRDB4TVRJM1pHUUNEQTlrRmdKbUQyUVdEQUlJRHc4V0JCOEhCUTFqWVhKMExXbGpiMjVHZFd4c0h3Z0NBbVFXQWdJQkR3OFdBaDhGQlEwdlpXNHZZMkZ5ZEM1aGMzQjRaR1FDQ2c4V0FoOERCUWs0SUVsMFpXMG9jeWxrQWd3UEZnSWZBd1VNTnk0NU16WXNNREFnNG9Lc1pBSU9EdzhXQWg4RVoyUVdDQUlCRDJRV0FnSUJEeFlDSHdNRkVFeGhjM1FnWVdSa1pXUWdhWFJsYlhOa0FnTVBGZ0lmQmdYYkRUeGthWFlnWTJ4aGMzTTlKMnhsWm5RblBqazJkMlZzYkNCQloyRnlJRkJzWVhSbFBDOWthWFkrUEdScGRpQmpiR0Z6Y3owbmNtbG5hSFFuUGp4aElHaHlaV1k5SnlNbklHOXVZMnhwWTJzOUoxTm9iM2RFYVdGc2IyY29Janh3UGtSdklIbHZkU0J5WldGc2JIa2dkMkZ1ZENCMGJ5QmtaV3hsZEdVZ2RHaHBjeUJwZEdWdEtITXBQend2Y0Q0aUxIc2lSR2xoYkc5blEyeGhjM01pT2lJaUxDSklaV2xuYUhRaU9pSmhkWFJ2SWl3aVRXOWtZV3dpT25SeWRXVXNJbEJ2YzJsMGFXOXVJam9pWTJWdWRHVnlJaXdpVjJsa2RHZ2lPaUl6TURBaUxDSkRiRzl6WVdKc1pTSTZkSEoxWlN3aVZHbDBiR1VpT2lKRVpXeGxkR1VpTENKQ2RYUjBiMjR4VkdWNGRDSTZJbGxsY3lJc0lrSjFkSFJ2YmpKVVpYaDBJam9pVG04aUxDSkNkWFIwYjI0eFEyRnNiR0poWTJzaU9pSkVaV3hsZEdWUGNtUmxja2wwWlcwaUxDSkNkWFIwYjI0eVEyRnNiR0poWTJzaU9tNTFiR3dzSWtKMWRIUnZiakZEWVd4c1ltRmphMUJoY21GdFpYUmxjbk1pT2lKN1hDSkpaRndpT2pNMk1qUTFNbjBpTENKQ2RYUjBiMjR5UTJGc2JHSmhZMnRRWVhKaGJXVjBaWEp6SWpwdWRXeHNMQ0pTWlhOcGVtRmliR1VpT21aaGJITmxMQ0pFY21GbloyRmliR1VpT21aaGJITmxMQ0pCZFhSdlQzQmxiaUk2Wm1Gc2MyVXNJa0Z3Y0dWdVpGUnZJam9pWW05a2VTSXNJazFoZUVobGFXZG9kQ0k2TkRBd0xDSk5ZWGhYYVdSMGFDSTZNekF3TENKTmFXNUlaV2xuYUhRaU9qRTFNQ3dpVFdsdVYybGtkR2dpT2pFMU1IMHBPeWMrZUR3dllUNDhMMlJwZGo0TkNqeGthWFlnWTJ4aGMzTTlKMnhsWm5RblBqazJkMlZzYkNCQloyRnlJRkJzWVhSbFBDOWthWFkrUEdScGRpQmpiR0Z6Y3owbmNtbG5hSFFuUGp4aElHaHlaV1k5SnlNbklHOXVZMnhwWTJzOUoxTm9iM2RFYVdGc2IyY29Janh3UGtSdklIbHZkU0J5WldGc2JIa2dkMkZ1ZENCMGJ5QmtaV3hsZEdVZ2RHaHBjeUJwZEdWdEtITXBQend2Y0Q0aUxIc2lSR2xoYkc5blEyeGhjM01pT2lJaUxDSklaV2xuYUhRaU9pSmhkWFJ2SWl3aVRXOWtZV3dpT25SeWRXVXNJbEJ2YzJsMGFXOXVJam9pWTJWdWRHVnlJaXdpVjJsa2RHZ2lPaUl6TURBaUxDSkRiRzl6WVdKc1pTSTZkSEoxWlN3aVZHbDBiR1VpT2lKRVpXeGxkR1VpTENKQ2RYUjBiMjR4VkdWNGRDSTZJbGxsY3lJc0lrSjFkSFJ2YmpKVVpYaDBJam9pVG04aUxDSkNkWFIwYjI0eFEyRnNiR0poWTJzaU9pSkVaV3hsZEdWUGNtUmxja2wwWlcwaUxDSkNkWFIwYjI0eVEyRnNiR0poWTJzaU9tNTFiR3dzSWtKMWRIUnZiakZEWVd4c1ltRmphMUJoY21GdFpYUmxjbk1pT2lKN1hDSkpaRndpT2pNMk1qUTFNSDBpTENKQ2RYUjBiMjR5UTJGc2JHSmhZMnRRWVhKaGJXVjBaWEp6SWpwdWRXeHNMQ0pTWlhOcGVtRmliR1VpT21aaGJITmxMQ0pFY21GbloyRmliR1VpT21aaGJITmxMQ0pCZFhSdlQzQmxiaUk2Wm1Gc2MyVXNJa0Z3Y0dWdVpGUnZJam9pWW05a2VTSXNJazFoZUVobGFXZG9kQ0k2TkRBd0xDSk5ZWGhYYVdSMGFDSTZNekF3TENKTmFXNUlaV2xuYUhRaU9qRTFNQ3dpVFdsdVYybGtkR2dpT2pFMU1IMHBPeWMrZUR3dllUNDhMMlJwZGo0TkNqeGthWFlnWTJ4aGMzTTlKMnhsWm5RblBqazJkMlZzYkNCQloyRnlJRkJzWVhSbFBDOWthWFkrUEdScGRpQmpiR0Z6Y3owbmNtbG5hSFFuUGp4aElHaHlaV1k5SnlNbklHOXVZMnhwWTJzOUoxTm9iM2RFYVdGc2IyY29Janh3UGtSdklIbHZkU0J5WldGc2JIa2dkMkZ1ZENCMGJ5QmtaV3hsZEdVZ2RHaHBjeUJwZEdWdEtITXBQend2Y0Q0aUxIc2lSR2xoYkc5blEyeGhjM01pT2lJaUxDSklaV2xuYUhRaU9pSmhkWFJ2SWl3aVRXOWtZV3dpT25SeWRXVXNJbEJ2YzJsMGFXOXVJam9pWTJWdWRHVnlJaXdpVjJsa2RHZ2lPaUl6TURBaUxDSkRiRzl6WVdKc1pTSTZkSEoxWlN3aVZHbDBiR1VpT2lKRVpXeGxkR1VpTENKQ2RYUjBiMjR4VkdWNGRDSTZJbGxsY3lJc0lrSjFkSFJ2YmpKVVpYaDBJam9pVG04aUxDSkNkWFIwYjI0eFEyRnNiR0poWTJzaU9pSkVaV3hsZEdWUGNtUmxja2wwWlcwaUxDSkNkWFIwYjI0eVEyRnNiR0poWTJzaU9tNTFiR3dzSWtKMWRIUnZiakZEWVd4c1ltRmphMUJoY21GdFpYUmxjbk1pT2lKN1hDSkpaRndpT2pNMk1qUTBPWDBpTENKQ2RYUjBiMjR5UTJGc2JHSmhZMnRRWVhKaGJXVjBaWEp6SWpwdWRXeHNMQ0pTWlhOcGVtRmliR1VpT21aaGJITmxMQ0pFY21GbloyRmliR1VpT21aaGJITmxMQ0pCZFhSdlQzQmxiaUk2Wm1Gc2MyVXNJa0Z3Y0dWdVpGUnZJam9pWW05a2VTSXNJazFoZUVobGFXZG9kQ0k2TkRBd0xDSk5ZWGhYYVdSMGFDSTZNekF3TENKTmFXNUlaV2xuYUhRaU9qRTFNQ3dpVFdsdVYybGtkR2dpT2pFMU1IMHBPeWMrZUR3dllUNDhMMlJwZGo0TkNtUUNCUThQRmdRZkJRVU5MMlZ1TDJOaGNuUXVZWE53ZUI4REJRUkRZWEowWkdRQ0J3OFBGZ1lmQXdVSVEyaGxZMnR2ZFhRZUIwVnVZV0pzWldSbkh3Um5GZ0llQjA5dVEyeHBZMnNGbHl4eVpYUjFjbTRnVm1Gc2FXUmhkR1ZKZEdWdGMxUnZRMmhsWTJ0UGRYUlBjbEYxYjNSbEtIc2lRMnh2YzJWQ2RYUjBiMjVVWlhoMElqb2lRMnh2YzJVaUxDSkJiR1Z5ZEUxbGMzTmhaMlZVYVhSc1pTSTZJa0ZzWlhKMElFMWxjM05oWjJVaUxDSkRhR1ZqYTI5MWRGTjBZWFJsUlc1MWJTSTZleUpKYm5aaGJHbGtJam9pU1c1MllXeHBaQ0lzSWxGMWIzUmhZbXhsVDI1c2VTSTZJbEYxYjNSaFlteGxUMjVzZVNJc0lrOXlaR1Z5WVdKc1pVOXViSGtpT2lKUGNtUmxjbUZpYkdWUGJteDVJaXdpVDNKa1pYSmhZbXhsUVc1a1VYVnZkR0ZpYkdVaU9pSlBjbVJsY21GaWJHVkJibVJSZFc5MFlXSnNaU0lzSWs1dmRFOXlaR1Z5WVdKc1pVRnVaRkYxYjNSaFlteGxJam9pVG05MFQzSmtaWEpoWW14bFFXNWtVWFZ2ZEdGaWJHVWlMQ0pPYjNSUGNtUmxjbUZpYkdWQmJtUlJkVzkwWVdKc1pWZHBkR2hKYm5aaGJHbGtJam9pVG05MFQzSmtaWEpoWW14bFFXNWtVWFZ2ZEdGaWJHVlhhWFJvU1c1MllXeHBaQ0lzSWtabGQwOXlaR1Z5WVdKc1pVOXViSGtpT2lKR1pYZFBjbVJsY21GaWJHVlBibXg1SWl3aVJtVjNUM0prWlhKaFlteGxRVzVrUm1WM1VYVnZkR0ZpYkdVaU9pSkdaWGRQY21SbGNtRmliR1ZCYm1SR1pYZFJkVzkwWVdKc1pTSXNJa1psZDFGMWIzUmhZbXhsVDI1c2VWZHBkR2hKYm5aaGJHbGtJam9pUm1WM1VYVnZkR0ZpYkdWUGJteDVWMmwwYUVsdWRtRnNhV1FpTENKR1pYZFBjbVJsY21GaWJHVlBibXg1VjJsMGFFbHVkbUZzYVdRaU9pSkdaWGRQY21SbGNtRmliR1ZQYm14NVYybDBhRWx1ZG1Gc2FXUWlMQ0pHWlhkUGNtUmxjbUZpYkdWQmJtUkdaWGRSZFc5MFlXSnNaVmRwZEdoSmJuWmhiR2xrSWpvaVJtVjNUM0prWlhKaFlteGxRVzVrUm1WM1VYVnZkR0ZpYkdWWGFYUm9TVzUyWVd4cFpDSXNJa1psZDA5eVpHVnlZV0pzWlVGdVpFRnNiRkYxYjNSaFlteGxJam9pUm1WM1QzSmtaWEpoWW14bFFXNWtRV3hzVVhWdmRHRmliR1VpTENKQmJHeFBjbVJsY21GaWJHVkJibVJHWlhkUmRXOTBZV0pzWlNJNklrRnNiRTl5WkdWeVlXSnNaVUZ1WkVabGQxRjFiM1JoWW14bEluMHNJa2wwWlcxVGRHRjBaVVZ1ZFcwaU9uc2lTVzUyWVd4cFpDSTZJa2x1ZG1Gc2FXUWlMQ0pSZFc5MFlXSnNaVTl1YkhraU9pSlJkVzkwWVdKc1pVOXViSGtpTENKUGNtUmxjbUZpYkdWUGJteDVJam9pVDNKa1pYSmhZbXhsVDI1c2VTSXNJazl5WkdWeVlXSnNaVUZ1WkZGMWIzUmhZbXhsSWpvaVQzSmtaWEpoWW14bFFXNWtVWFZ2ZEdGaWJHVWlMQ0pPYjNSUGNtUmxjbUZpYkdWQmJtUlJkVzkwWVdKc1pTSTZJazV2ZEU5eVpHVnlZV0pzWlVGdVpGRjFiM1JoWW14bElpd2lUbTkwVDNKa1pYSmhZbXhsUVc1a1VYVnZkR0ZpYkdWWGFYUm9TVzUyWVd4cFpDSTZJazV2ZEU5eVpHVnlZV0pzWlVGdVpGRjFiM1JoWW14bFYybDBhRWx1ZG1Gc2FXUWlMQ0pHWlhkUGNtUmxjbUZpYkdWUGJteDVJam9pUm1WM1QzSmtaWEpoWW14bFQyNXNlU0lzSWtabGQwOXlaR1Z5WVdKc1pVRnVaRVpsZDFGMWIzUmhZbXhsSWpvaVJtVjNUM0prWlhKaFlteGxRVzVrUm1WM1VYVnZkR0ZpYkdVaUxDSkdaWGRSZFc5MFlXSnNaVTl1YkhsWGFYUm9TVzUyWVd4cFpDSTZJa1psZDFGMWIzUmhZbXhsVDI1c2VWZHBkR2hKYm5aaGJHbGtJaXdpUm1WM1QzSmtaWEpoWW14bFQyNXNlVmRwZEdoSmJuWmhiR2xrSWpvaVJtVjNUM0prWlhKaFlteGxUMjVzZVZkcGRHaEpiblpoYkdsa0lpd2lSbVYzVDNKa1pYSmhZbXhsUVc1a1JtVjNVWFZ2ZEdGaWJHVlhhWFJvU1c1MllXeHBaQ0k2SWtabGQwOXlaR1Z5WVdKc1pVRnVaRVpsZDFGMWIzUmhZbXhsVjJsMGFFbHVkbUZzYVdRaUxDSkdaWGRQY21SbGNtRmliR1ZCYm1SQmJHeFJkVzkwWVdKc1pTSTZJa1psZDA5eVpHVnlZV0pzWlVGdVpFRnNiRkYxYjNSaFlteGxJaXdpUVd4c1QzSmtaWEpoWW14bFFXNWtSbVYzVVhWdmRHRmliR1VpT2lKQmJHeFBjbVJsY21GaWJHVkJibVJHWlhkUmRXOTBZV0pzWlNKOUxDSm9aRzVHYVdWc1pGTmxiR1ZqZEdWa1QzSmtaWEpKZEdWdFEyaGxZMnR2ZFhSVGRHRjBaWE5EYkdsbGJuUkpaQ0k2SWtOdmJuUmxiblJRYkdGalpVaHZiR1JsY2tSbFptRjFiSFJmUTJGeWRFOTJaWEoyYVdWM1h6TmZhR1J1Um1sbGJHUlRaV3hsWTNSbFpFOXlaR1Z5U1hSbGJVTm9aV05yYjNWMFUzUmhkR1Z6SWl3aWFHUnVSbWxsYkdSVFpXeGxZM1JsWkVsMFpXMUpaSE5EYkdsbGJuUkpaQ0k2SWtOdmJuUmxiblJRYkdGalpVaHZiR1JsY2tSbFptRjFiSFJmUTJGeWRFOTJaWEoyYVdWM1h6TmZhR1J1Um1sbGJHUlRaV3hsWTNSbFpFbDBaVzFKWkhNaUxDSlBjbVJsY2xObGJHVmpkR1ZrVUhKdlpIVmpkSE1pT2pFc0lrTnZibVpwY20xaGRHbHZibFJwZEd4bFVtVnpiM1Z5WTJVaU9pSkRiMjVtYVhKdFlYUnBiMjRpTENKUWNtOWpaV1ZrUW5WMGRHOXVWR1Y0ZENJNklsQnliMk5sWldRaUxDSlFjbTlqWldWa1FuVjBkRzl1UTJGc2JHSmhZMnNpT2lKV1lXeHBaR0YwWlVsMFpXMXpWRzlEYUdWamEwOTFkRTl5VVhWdmRHVWlMQ0pKYm5aaGJHbGtTWFJsYlhOVFpXeGxZM1JsWkVadmNrTm9aV05yYjNWMFVtVnpiM1Z5WTJVaU9pSlVhR1Z5WlNCaGNtVWdjMjl0WlNCcGJuWmhiR2xrSUdsMFpXMXpJR05vYjNObGJpQm1iM0lnWTJobFkydHZkWFFpTENKT2IwOXlaR1Z5WVdKc1pVbDBaVzF6VTJWc1pXTjBaV1JHYjNKRGFHVmphMjkxZEZKbGMyOTFjbU5sSWpvaVRtOGdkbUZzYVdRZ2IzSmtaWEpoWW14bElHbDBaVzF6SUdGeVpTQmphRzl6Wlc0Z1ptOXlJRzl5WkdWeUlIQnliMk5sYzNNaUxDSk9iMUYxYjNSaFlteGxTWFJsYlhOVFpXeGxZM1JsWkVadmNrTm9aV05yYjNWMFVtVnpiM1Z5WTJVaU9pSk9ieUIyWVd4cFpDQnhkVzkwWVdKc1pTQnBkR1Z0Y3lCaGNtVWdZMmh2YzJWdUlHWnZjaUJ4ZFc5MFpTQndjbTlqWlhOeklpd2lUM0prWlhKaFlteGxRVzVrVG05dVQzSmtaWEpoWW14bFNYUmxiWE5UWld4bFkzUmxaRVp2Y2tOb1pXTnJiM1YwVW1WemIzVnlZMlVpT2lKWmIzVWdZMkZ1SUdWcGRHaGxjaUFuY0hKdlkyVmxaQ2NnZDJsMGFDQnZjbVJsY2lCd2NtOWpaWE56SUc5bUlIUm9aU0J2Y21SbGNtRmliR1VnYVhSbGJYTWdiM0lnWldScGRDQjBhR1VnYm05dUxXOXlaR1Z5WVdKc1pTQnBkR1Z0Y3lJc0lsRjFiM1JoWW14bFFXNWtUbTl1VVhWdmRHRmliR1ZKZEdWdGMxTmxiR1ZqZEdWa1JtOXlRMmhsWTJ0dmRYUlNaWE52ZFhKalpTSTZJbGx2ZFNCallXNGdaV2wwYUdWeUlDZHdjbTlqWldWa0p5QjNhWFJvSUhGMWIzUmxJSEJ5YjJObGMzTWdiMllnZEdobElIRjFiM1JoWW14bElHbDBaVzF6SUc5eUlHVmthWFFnZEdobElHNXZiaTF4ZFc5MFlXSnNaU0JwZEdWdGN5SXNJbEYxYjNSbFUyVnNaV04wWldSUWNtOWtkV04wY3lJNk1pd2lUbTlKZEdWdGMxTmxiR1ZqZEdWa0lqb2lUbThnU1hSbGJYTWdVMlZzWldOMFpXUXVJRkJzWldGelpTQmphRzl2YzJVZ2IyNWxJQ2h2Y2lrZ2JXOXlaU0JwZEdWdGN5QjBieUJ3WlhKbWIzSnRJSFJvWlNCaFkzUnBiMjR1SWl3aVEyRnlkRUZqZEdsdmJrUmxiR1YwWlZObGJHVmpkR1ZrVUhKdlpIVmpkSE1pT2pVc0lsZHBjMmhNYVhOMFFXTjBhVzl1YzBSbGJHVjBaVk5sYkdWamRHVmtVSEp2WkhWamRITWlPaklzSWtSbGJHVjBaVU52Ym1acGNtMWhkR2x2YmsxbGMzTmhaMlZTWlhOdmRYSmpaU0k2SWp4d1BrUnZJSGx2ZFNCeVpXRnNiSGtnZDJGdWRDQjBieUJrWld4bGRHVWdkR2hwY3lCcGRHVnRLSE1wUHp3dmNENGlMQ0pFWld4bGRHVkRiMjVtYVhKdFlYUnBiMjVPYjBKMWRIUnZibEpsYzI5MWNtTmxJam9pVG04aUxDSkVaV3hsZEdWRGIyNW1hWEp0WVhScGIyNVpaWE5DZFhSMGIyNVNaWE52ZFhKalpTSTZJbGxsY3lJc0lrUmxiR1YwWlVOdmJtWnBjbTFoZEdsdmJraGxZV1JsY2xSbGVIUlNaWE52ZFhKalpTSTZJa1JsYkdWMFpTSXNJa05oY25SQlkzUnBiMjRpT2pFc0lrTm9aV05yYjNWMFFuVjBkRzl1VTJOeWFYQjBJanB1ZFd4c0xDSkRhR1ZqYTI5MWRGTmxjWFZsYm1OcGJtZEJibVJRY21sdFpYSlFiM0IxY0UxbGMzTmhaMlZJWldGa1pYSWlPaUlpTENKRGFHVmphMjkxZEZObGNYVmxibU5wYm1kQmJtUlFjbWx0WlhKUWIzQjFjRTFsYzNOaFoyVklaV0ZrWlhKSmJtWnZjbTFoZEdsdmJpSTZJa2wwSUdseklHNXZkQ0J3YjNOemFXSnNaU0IwYnlCamFHVmphMjkxZENBdklIRjFiM1JsSUhObGNYVmxibU5wYm1jZ2NtVmhZM1JwYjI1eklIZHBkR2h2ZFhRZ2NISnBiV1Z5Y3lCM2FHbGphQ0JoY21VZ1lYTnpiMk5wWVhSbFpDQjBieUJ6Wld4bFkzUmxaQ0J6WlhGMVpXNWphVzVuSUdsMFpXMXpJR2x1SUhSb2FYTWdiM0prWlhJNklEd3ZZbkkrUEM5aWNqNGlMQ0pEYUdWamEyOTFkRk5sY1hWbGJtTnBibWRCYm1SUWNtbHRaWEpRYjNCMWNFMWxjM05oWjJWR2IyOTBaWEpKYm1admNtMWhkR2x2YmlJNklpSXNJa05vWldOcmIzVjBVMlZ4ZFdWdVkybHVaMEZ1WkZCeWFXMWxjbEJ2Y0hWd1RXVnpjMkZuWlVOc2IzTmxRblYwZEc5dVZHVjRkQ0k2SWlJc0lrTm9aV05yYjNWMFUyVnhkV1Z1WTJsdVowRnVaRkJ5YVcxbGNsQnZjSFZ3Um05eWJXRjBUV1Z6YzJGblpTSTZJaUlzSWtOb1pXTnJiM1YwVUhKcGJXVnlRV3h2Ym1WUWIzQjFjRTFsYzNOaFoyVkRiRzl6WlVKMWRIUnZibFJsZUhRaU9pSWlMQ0pEYUdWamEyOTFkRkJ5YVcxbGNrRnNiMjVsVUc5d2RYQk5aWE56WVdkbElqb2lVSEpwYldWeUlHRnNiMjVsSUdOaGJtNXZkQ0JpWlNCamFHVmphMlZrSUc5MWRDNGdVR3hsWVhObElITmxiR1ZqZENCaGRHeGxZWE4wSUc5dVpTQmhjM052WTJsaGRHVmtJSE5sY1hWbGJtTnBibWNnU1hSbGJTNGlMQ0pEYUdWamEyOTFkRkJ5YVcxbGNrRnNiMjVsVUc5d2RYQk5aWE56WVdkbFNHVmhaR1Z5SWpvaVVHeGxZWE5sSUU1dmRHVWlMQ0pDWVhKRGIyUmxWbUZzYVdSaGRHbHZibEJ2Y0hWd1EyeHZjMlZDZFhSMGIyNVVaWGgwSWpvaVQyc2lMQ0pDWVhKRGIyUmxWbUZzYVdSaGRHbHZibEJ2Y0hWd1RXVnpjMkZuWlNJNklrSmhjbU52WkdVZ1ptOXlJRk5sYkdWamRHVmtJRWwwWlcwZ2FYTWdhVzUyWVd4cFpDSXNJa0poY2tOdlpHVldZV3hwWkdGMGFXOXVVRzl3ZFhCTlpYTnpZV2RsU0dWaFpHVnlJam9pVUd4bFlYTmxJRTV2ZEdVaUxDSlRZVzFsUkdGNVJHVnNhWFpsY25sV1lXeHBaR0YwYVc5dVVHOXdkWEJIYjBKaFkydENkWFIwYjI1VVpYaDBJam9pVjJGcGRDQjFiblJwYkNCaGJHd2dUM0prWlhKeklHRnlaU0JtYVc1cGMyaGxaQ0IwYnlCVGFHbHdJRzl1WTJVaUxDSlRZVzFsUkdGNVJHVnNhWFpsY25sV1lXeHBaR0YwYVc5dVVHOXdkWEJEYUdWamEyOTFkRUoxZEhSdmJsUmxlSFFpT2lKRGFHVmphMjkxZENCVFlXMWxJRVJoZVNCUGJHbG5iM01nVDI1c2VTSXNJbE5oYldWRVlYbEVaV3hwZG1WeWVWWmhiR2xrWVhScGIyNVFiM0IxY0UxbGMzTmhaMlZJWldGa1pYSWlPaUpRYkdWaGMyVWdjMlZzWldOMElpd2lVMkZ0WlVSaGVVUmxiR2wyWlhKNVZtRnNhV1JoZEdsdmJsQnZjSFZ3VFdWemMyRm5aVVJsYzJOeWFYQjBhVzl1SWpvaVdXOTFjaUJqWVhKMElHTnZiblJoYVc1eklITmhiV1VnWkdGNUlHOXNhV2R2Y3l3Z2QyaHBZMmdnYm1WbFpDQjBieUJpWlNCamFHVmphMlZrSUc5MWRDQnpaWEJsY21GMFpXeDVJR2x1SUc5eVpHVnlJSFJ2SUdWdWMzVnlaU0IwYUdVZ1ptRnpkR1Z6ZENCa1pXeHBkbVZ5ZVM0Z1ZHaGxJRzkwYUdWeUlHbDBaVzF6SUhkcGJHd2dZbVVnZDJGcGRHbHVaeUJwYmlCNWIzVnlJR05oY25RZ2QyaGxiaUI1YjNVZ2NtVjBkWEp1SUd4aGRHVnlMaUE4YzNCaGJpQmpiR0Z6Y3oxY0luUnZiMngwYVhCZlpHbGhiRzluWENJZ2RHbDBiR1U5WENKRmVIQnNZV2x1SUdKMWRIUnZiaUJrWlhOamNtbHdkR2x2YmlCb1pYSmxJRzl1YkhsY0lpQStQQzl6Y0dGdVBpSXNJbEpsZFhObFpFbDBaVzF6Vm1Gc2FXUmhkR2x2YmxCdmNIVndRMnh2YzJWQ2RYUjBiMjVVWlhoMElqb2lUMnNpTENKU1pYVnpaV1JKZEdWdGMxWmhiR2xrWVhScGIyNVFiM0IxY0UxbGMzTmhaMlVpT2lKUGIzQnpJQ0VnVTI5dFpTQnZjaUJoYkd3Z2IyWWdjMlZzWldOMFpXUWdjbVYxYzJWa0lHbDBaVzBuY3lCdmNtbG5hVzVoYkNCamIyNTBZV2x1WlhKeklHRnlaU0JsZUhCcGNtVmtMaUJaYjNWeUlHTmhjblFnZDJsc2JDQmlaU0IxY0dSaGRHVmtJR0YxZEc5dFlYUnBZMkZzYkhrZ1lXNWtJR05oY25RZ2QybHNiQ0JpWlNCeVpXeHZZV1JsWkM0Z1JYaHdhWEpsWkNCcGRHVnRJRTVoYldWeklHRnlaU0F0UGlJc0lsSmxkWE5sWkVsMFpXMXpWbUZzYVdSaGRHbHZibEJ2Y0hWd1RXVnpjMkZuWlVobFlXUmxjaUk2SWxCc1pXRnpaU0JPYjNSbElpd2lSWGh3YVhKbFpGQnlhVzFsY2xCdmNIVndRMnh2YzJWQ2RYUjBiMjVVWlhoMElqb2lUMnNpTENKRmVIQnBjbVZrVUhKcGJXVnlVRzl3ZFhCTlpYTnpZV2RsVkdWNGRDSTZJbEJ5YVcxbGNpQnBjeUJsZUhCcGNtVmtJR1p2Y2lCMGFHVWdiMjVsSUc5bUlIUm9aU0J6Wld4bGRHVmtJSE5sY1hWbGJtTnBibWNnYVhSbGJTNGdjR3hsWVhObElITmxiR1ZqZENCaGJtOTBhR1Z5SUhCeWFXMWxjaUJ2Y2lCdmNtUmxjaUJ1WlhjZ2NISnBiV1Z5TGlJc0lrVjRjR2x5WldSUWNtbHRaWEpRYjNCMWNFMWxjM05oWjJWSVpXRmtaWEpVWlhoMElqb2lVR3hsYzJVZ1RtOTBaU0lzSWtOaGNuUlFZV2RsVlZKTUlqb2lMMlZ1TDJOaGNuUXVZWE53ZUNJc0lrMXBibWx0ZFcxUWJHRjBaVk5oYlhCc1pYTlFaWEpEYUdWamEyOTFkQ0k2TkRnc0lsQnNZWFJsVTJGdGNHeGxRMjkxYm5RaU9tNTFiR3dzSWtselUybHVaMnhsVUd4aGRHVlhhWFJvVm1Gc2FXUlRZVzF3YkdWRGIzVnVkQ0k2Wm1Gc2MyVXNJazFwYmxCc1lYUmxVMkZ0Y0d4bGMxQnZjSFZ3Um05eWJXRjBUV1Z6YzJGblpTSTZJaUlzSWsxcGJsQnNZWFJsVTJGdGNHeGxjMUJ2Y0hWd1JtOXliV0YwVFdWemMyRm5aVU5zYjNObFFuVjBkRzl1VkdWNGRDSTZJaUlzSWsxcGJsQnNZWFJsVTJGdGNHeGxjMUJ2Y0hWd1JtOXliV0YwVFdWemMyRm5aVWhsWVdSbGNpSTZJaUlzSWsxaGVHbHRkVzFPZFcxaVpYSlBabEJzWVhSbGMxQmxja05vWldOcmIzVjBJam96TENKUWJHRjBaWE5EYjNWdWRFWnZja04xY25KbGJuUlBjbVJsY2lJNmJuVnNiQ3dpVFdGNGFXMTFiVkJzWVhSbGMxQmxja05vWldOcmIzVjBVRzl3ZFhCR2IzSnRZWFJOWlhOellXZGxJam9pVFdGNGFXMTFiU0F6SUhCc1lYUmxjeUJoY21VZ1pXeHBaMmxpYkdVZ2RHOGdZMmhsWTJ0dmRYUWdjR1Z5SUc5eVpHVnlJR1p2Y2lCd2JHRjBaU0J6WlhGMVpXNWphVzVuSUdsMFpXMXpMaUJRYkdWaGMyVWdiVzlrYVdaNUlIbHZkWElnYzJWc1pXTjBhVzl1SUdGalkyOXlaR2x1WjJ4NUxpSXNJazFoZUdsdGRXMVFiR0YwWlhOUVpYSkRhR1ZqYTI5MWRGQnZjSFZ3Um05eWJXRjBUV1Z6YzJGblpVTnNiM05sUW5WMGRHOXVWR1Y0ZENJNklrOXJJaXdpVFdGNGFXMTFiVkJzWVhSbGMxQmxja05vWldOcmIzVjBSbTl5YldGMFRXVnpjMkZuWlVobFlXUmxjaUk2SWxCc1pXRnpaU0JPYjNSbElpd2lVRzl6ZEVKaFkydEZiR1Z0Wlc1MFZXNXBjWFZsU1dRaU9pSmpkR3d3TUNSamRHd3dNQ1JqZEd3d01DUkRiMjUwWlc1MFVHeGhZMlZJYjJ4a1pYSkVaV1poZFd4MEpFTmhjblJQZG1WeWRtbGxkMTh6Skd4dWEwTm9aV05yYjNWMElpd2lSWFpsYm5SQmNtZDFiV1Z1ZENJNklpSjlMQ0IwYUdsektUdGtBaEFQRHhZRUh3VUZEUzlsYmk5allYSjBMbUZ6Y0hnZkF3VUVRMkZ5ZEdSa0FoSVBEeFlDSHdNRkNFTm9aV05yYjNWMEZnSWZEQVdYTEhKbGRIVnliaUJXWVd4cFpHRjBaVWwwWlcxelZHOURhR1ZqYTA5MWRFOXlVWFZ2ZEdVb2V5SkRiRzl6WlVKMWRIUnZibFJsZUhRaU9pSkRiRzl6WlNJc0lrRnNaWEowVFdWemMyRm5aVlJwZEd4bElqb2lRV3hsY25RZ1RXVnpjMkZuWlNJc0lrTm9aV05yYjNWMFUzUmhkR1ZGYm5WdElqcDdJa2x1ZG1Gc2FXUWlPaUpKYm5aaGJHbGtJaXdpVVhWdmRHRmliR1ZQYm14NUlqb2lVWFZ2ZEdGaWJHVlBibXg1SWl3aVQzSmtaWEpoWW14bFQyNXNlU0k2SWs5eVpHVnlZV0pzWlU5dWJIa2lMQ0pQY21SbGNtRmliR1ZCYm1SUmRXOTBZV0pzWlNJNklrOXlaR1Z5WVdKc1pVRnVaRkYxYjNSaFlteGxJaXdpVG05MFQzSmtaWEpoWW14bFFXNWtVWFZ2ZEdGaWJHVWlPaUpPYjNSUGNtUmxjbUZpYkdWQmJtUlJkVzkwWVdKc1pTSXNJazV2ZEU5eVpHVnlZV0pzWlVGdVpGRjFiM1JoWW14bFYybDBhRWx1ZG1Gc2FXUWlPaUpPYjNSUGNtUmxjbUZpYkdWQmJtUlJkVzkwWVdKc1pWZHBkR2hKYm5aaGJHbGtJaXdpUm1WM1QzSmtaWEpoWW14bFQyNXNlU0k2SWtabGQwOXlaR1Z5WVdKc1pVOXViSGtpTENKR1pYZFBjbVJsY21GaWJHVkJibVJHWlhkUmRXOTBZV0pzWlNJNklrWmxkMDl5WkdWeVlXSnNaVUZ1WkVabGQxRjFiM1JoWW14bElpd2lSbVYzVVhWdmRHRmliR1ZQYm14NVYybDBhRWx1ZG1Gc2FXUWlPaUpHWlhkUmRXOTBZV0pzWlU5dWJIbFhhWFJvU1c1MllXeHBaQ0lzSWtabGQwOXlaR1Z5WVdKc1pVOXViSGxYYVhSb1NXNTJZV3hwWkNJNklrWmxkMDl5WkdWeVlXSnNaVTl1YkhsWGFYUm9TVzUyWVd4cFpDSXNJa1psZDA5eVpHVnlZV0pzWlVGdVpFWmxkMUYxYjNSaFlteGxWMmwwYUVsdWRtRnNhV1FpT2lKR1pYZFBjbVJsY21GaWJHVkJibVJHWlhkUmRXOTBZV0pzWlZkcGRHaEpiblpoYkdsa0lpd2lSbVYzVDNKa1pYSmhZbXhsUVc1a1FXeHNVWFZ2ZEdGaWJHVWlPaUpHWlhkUGNtUmxjbUZpYkdWQmJtUkJiR3hSZFc5MFlXSnNaU0lzSWtGc2JFOXlaR1Z5WVdKc1pVRnVaRVpsZDFGMWIzUmhZbXhsSWpvaVFXeHNUM0prWlhKaFlteGxRVzVrUm1WM1VYVnZkR0ZpYkdVaWZTd2lTWFJsYlZOMFlYUmxSVzUxYlNJNmV5SkpiblpoYkdsa0lqb2lTVzUyWVd4cFpDSXNJbEYxYjNSaFlteGxUMjVzZVNJNklsRjFiM1JoWW14bFQyNXNlU0lzSWs5eVpHVnlZV0pzWlU5dWJIa2lPaUpQY21SbGNtRmliR1ZQYm14NUlpd2lUM0prWlhKaFlteGxRVzVrVVhWdmRHRmliR1VpT2lKUGNtUmxjbUZpYkdWQmJtUlJkVzkwWVdKc1pTSXNJazV2ZEU5eVpHVnlZV0pzWlVGdVpGRjFiM1JoWW14bElqb2lUbTkwVDNKa1pYSmhZbXhsUVc1a1VYVnZkR0ZpYkdVaUxDSk9iM1JQY21SbGNtRmliR1ZCYm1SUmRXOTBZV0pzWlZkcGRHaEpiblpoYkdsa0lqb2lUbTkwVDNKa1pYSmhZbXhsUVc1a1VYVnZkR0ZpYkdWWGFYUm9TVzUyWVd4cFpDSXNJa1psZDA5eVpHVnlZV0pzWlU5dWJIa2lPaUpHWlhkUGNtUmxjbUZpYkdWUGJteDVJaXdpUm1WM1QzSmtaWEpoWW14bFFXNWtSbVYzVVhWdmRHRmliR1VpT2lKR1pYZFBjbVJsY21GaWJHVkJibVJHWlhkUmRXOTBZV0pzWlNJc0lrWmxkMUYxYjNSaFlteGxUMjVzZVZkcGRHaEpiblpoYkdsa0lqb2lSbVYzVVhWdmRHRmliR1ZQYm14NVYybDBhRWx1ZG1Gc2FXUWlMQ0pHWlhkUGNtUmxjbUZpYkdWUGJteDVWMmwwYUVsdWRtRnNhV1FpT2lKR1pYZFBjbVJsY21GaWJHVlBibXg1VjJsMGFFbHVkbUZzYVdRaUxDSkdaWGRQY21SbGNtRmliR1ZCYm1SR1pYZFJkVzkwWVdKc1pWZHBkR2hKYm5aaGJHbGtJam9pUm1WM1QzSmtaWEpoWW14bFFXNWtSbVYzVVhWdmRHRmliR1ZYYVhSb1NXNTJZV3hwWkNJc0lrWmxkMDl5WkdWeVlXSnNaVUZ1WkVGc2JGRjFiM1JoWW14bElqb2lSbVYzVDNKa1pYSmhZbXhsUVc1a1FXeHNVWFZ2ZEdGaWJHVWlMQ0pCYkd4UGNtUmxjbUZpYkdWQmJtUkdaWGRSZFc5MFlXSnNaU0k2SWtGc2JFOXlaR1Z5WVdKc1pVRnVaRVpsZDFGMWIzUmhZbXhsSW4wc0ltaGtia1pwWld4a1UyVnNaV04wWldSUGNtUmxja2wwWlcxRGFHVmphMjkxZEZOMFlYUmxjME5zYVdWdWRFbGtJam9pUTI5dWRHVnVkRkJzWVdObFNHOXNaR1Z5UkdWbVlYVnNkRjlEWVhKMFQzWmxjblpwWlhkZk0xOW9aRzVHYVdWc1pGTmxiR1ZqZEdWa1QzSmtaWEpKZEdWdFEyaGxZMnR2ZFhSVGRHRjBaWE1pTENKb1pHNUdhV1ZzWkZObGJHVmpkR1ZrU1hSbGJVbGtjME5zYVdWdWRFbGtJam9pUTI5dWRHVnVkRkJzWVdObFNHOXNaR1Z5UkdWbVlYVnNkRjlEWVhKMFQzWmxjblpwWlhkZk0xOW9aRzVHYVdWc1pGTmxiR1ZqZEdWa1NYUmxiVWxrY3lJc0lrOXlaR1Z5VTJWc1pXTjBaV1JRY205a2RXTjBjeUk2TVN3aVEyOXVabWx5YldGMGFXOXVWR2wwYkdWU1pYTnZkWEpqWlNJNklrTnZibVpwY20xaGRHbHZiaUlzSWxCeWIyTmxaV1JDZFhSMGIyNVVaWGgwSWpvaVVISnZZMlZsWkNJc0lsQnliMk5sWldSQ2RYUjBiMjVEWVd4c1ltRmpheUk2SWxaaGJHbGtZWFJsU1hSbGJYTlViME5vWldOclQzVjBUM0pSZFc5MFpTSXNJa2x1ZG1Gc2FXUkpkR1Z0YzFObGJHVmpkR1ZrUm05eVEyaGxZMnR2ZFhSU1pYTnZkWEpqWlNJNklsUm9aWEpsSUdGeVpTQnpiMjFsSUdsdWRtRnNhV1FnYVhSbGJYTWdZMmh2YzJWdUlHWnZjaUJqYUdWamEyOTFkQ0lzSWs1dlQzSmtaWEpoWW14bFNYUmxiWE5UWld4bFkzUmxaRVp2Y2tOb1pXTnJiM1YwVW1WemIzVnlZMlVpT2lKT2J5QjJZV3hwWkNCdmNtUmxjbUZpYkdVZ2FYUmxiWE1nWVhKbElHTm9iM05sYmlCbWIzSWdiM0prWlhJZ2NISnZZMlZ6Y3lJc0lrNXZVWFZ2ZEdGaWJHVkpkR1Z0YzFObGJHVmpkR1ZrUm05eVEyaGxZMnR2ZFhSU1pYTnZkWEpqWlNJNklrNXZJSFpoYkdsa0lIRjFiM1JoWW14bElHbDBaVzF6SUdGeVpTQmphRzl6Wlc0Z1ptOXlJSEYxYjNSbElIQnliMk5sYzNNaUxDSlBjbVJsY21GaWJHVkJibVJPYjI1UGNtUmxjbUZpYkdWSmRHVnRjMU5sYkdWamRHVmtSbTl5UTJobFkydHZkWFJTWlhOdmRYSmpaU0k2SWxsdmRTQmpZVzRnWldsMGFHVnlJQ2R3Y205alpXVmtKeUIzYVhSb0lHOXlaR1Z5SUhCeWIyTmxjM01nYjJZZ2RHaGxJRzl5WkdWeVlXSnNaU0JwZEdWdGN5QnZjaUJsWkdsMElIUm9aU0J1YjI0dGIzSmtaWEpoWW14bElHbDBaVzF6SWl3aVVYVnZkR0ZpYkdWQmJtUk9iMjVSZFc5MFlXSnNaVWwwWlcxelUyVnNaV04wWldSR2IzSkRhR1ZqYTI5MWRGSmxjMjkxY21ObElqb2lXVzkxSUdOaGJpQmxhWFJvWlhJZ0ozQnliMk5sWldRbklIZHBkR2dnY1hWdmRHVWdjSEp2WTJWemN5QnZaaUIwYUdVZ2NYVnZkR0ZpYkdVZ2FYUmxiWE1nYjNJZ1pXUnBkQ0IwYUdVZ2JtOXVMWEYxYjNSaFlteGxJR2wwWlcxeklpd2lVWFZ2ZEdWVFpXeGxZM1JsWkZCeWIyUjFZM1J6SWpveUxDSk9iMGwwWlcxelUyVnNaV04wWldRaU9pSk9ieUJKZEdWdGN5QlRaV3hsWTNSbFpDNGdVR3hsWVhObElHTm9iMjl6WlNCdmJtVWdLRzl5S1NCdGIzSmxJR2wwWlcxeklIUnZJSEJsY21admNtMGdkR2hsSUdGamRHbHZiaTRpTENKRFlYSjBRV04wYVc5dVJHVnNaWFJsVTJWc1pXTjBaV1JRY205a2RXTjBjeUk2TlN3aVYybHphRXhwYzNSQlkzUnBiMjV6UkdWc1pYUmxVMlZzWldOMFpXUlFjbTlrZFdOMGN5STZNaXdpUkdWc1pYUmxRMjl1Wm1seWJXRjBhVzl1VFdWemMyRm5aVkpsYzI5MWNtTmxJam9pUEhBK1JHOGdlVzkxSUhKbFlXeHNlU0IzWVc1MElIUnZJR1JsYkdWMFpTQjBhR2x6SUdsMFpXMG9jeWsvUEM5d1BpSXNJa1JsYkdWMFpVTnZibVpwY20xaGRHbHZiazV2UW5WMGRHOXVVbVZ6YjNWeVkyVWlPaUpPYnlJc0lrUmxiR1YwWlVOdmJtWnBjbTFoZEdsdmJsbGxjMEoxZEhSdmJsSmxjMjkxY21ObElqb2lXV1Z6SWl3aVJHVnNaWFJsUTI5dVptbHliV0YwYVc5dVNHVmhaR1Z5VkdWNGRGSmxjMjkxY21ObElqb2lSR1ZzWlhSbElpd2lRMkZ5ZEVGamRHbHZiaUk2TVN3aVEyaGxZMnR2ZFhSQ2RYUjBiMjVUWTNKcGNIUWlPbTUxYkd3c0lrTm9aV05yYjNWMFUyVnhkV1Z1WTJsdVowRnVaRkJ5YVcxbGNsQnZjSFZ3VFdWemMyRm5aVWhsWVdSbGNpSTZJaUlzSWtOb1pXTnJiM1YwVTJWeGRXVnVZMmx1WjBGdVpGQnlhVzFsY2xCdmNIVndUV1Z6YzJGblpVaGxZV1JsY2tsdVptOXliV0YwYVc5dUlqb2lTWFFnYVhNZ2JtOTBJSEJ2YzNOcFlteGxJSFJ2SUdOb1pXTnJiM1YwSUM4Z2NYVnZkR1VnYzJWeGRXVnVZMmx1WnlCeVpXRmpkR2x2Ym5NZ2QybDBhRzkxZENCd2NtbHRaWEp6SUhkb2FXTm9JR0Z5WlNCaGMzTnZZMmxoZEdWa0lIUnZJSE5sYkdWamRHVmtJSE5sY1hWbGJtTnBibWNnYVhSbGJYTWdhVzRnZEdocGN5QnZjbVJsY2pvZ1BDOWljajQ4TDJKeVBpSXNJa05vWldOcmIzVjBVMlZ4ZFdWdVkybHVaMEZ1WkZCeWFXMWxjbEJ2Y0hWd1RXVnpjMkZuWlVadmIzUmxja2x1Wm05eWJXRjBhVzl1SWpvaUlpd2lRMmhsWTJ0dmRYUlRaWEYxWlc1amFXNW5RVzVrVUhKcGJXVnlVRzl3ZFhCTlpYTnpZV2RsUTJ4dmMyVkNkWFIwYjI1VVpYaDBJam9pSWl3aVEyaGxZMnR2ZFhSVFpYRjFaVzVqYVc1blFXNWtVSEpwYldWeVVHOXdkWEJHYjNKdFlYUk5aWE56WVdkbElqb2lJaXdpUTJobFkydHZkWFJRY21sdFpYSkJiRzl1WlZCdmNIVndUV1Z6YzJGblpVTnNiM05sUW5WMGRHOXVWR1Y0ZENJNklpSXNJa05vWldOcmIzVjBVSEpwYldWeVFXeHZibVZRYjNCMWNFMWxjM05oWjJVaU9pSlFjbWx0WlhJZ1lXeHZibVVnWTJGdWJtOTBJR0psSUdOb1pXTnJaV1FnYjNWMExpQlFiR1ZoYzJVZ2MyVnNaV04wSUdGMGJHVmhjM1FnYjI1bElHRnpjMjlqYVdGMFpXUWdjMlZ4ZFdWdVkybHVaeUJKZEdWdExpSXNJa05vWldOcmIzVjBVSEpwYldWeVFXeHZibVZRYjNCMWNFMWxjM05oWjJWSVpXRmtaWElpT2lKUWJHVmhjMlVnVG05MFpTSXNJa0poY2tOdlpHVldZV3hwWkdGMGFXOXVVRzl3ZFhCRGJHOXpaVUoxZEhSdmJsUmxlSFFpT2lKUGF5SXNJa0poY2tOdlpHVldZV3hwWkdGMGFXOXVVRzl3ZFhCTlpYTnpZV2RsSWpvaVFtRnlZMjlrWlNCbWIzSWdVMlZzWldOMFpXUWdTWFJsYlNCcGN5QnBiblpoYkdsa0lpd2lRbUZ5UTI5a1pWWmhiR2xrWVhScGIyNVFiM0IxY0UxbGMzTmhaMlZJWldGa1pYSWlPaUpRYkdWaGMyVWdUbTkwWlNJc0lsTmhiV1ZFWVhsRVpXeHBkbVZ5ZVZaaGJHbGtZWFJwYjI1UWIzQjFjRWR2UW1GamEwSjFkSFJ2YmxSbGVIUWlPaUpYWVdsMElIVnVkR2xzSUdGc2JDQlBjbVJsY25NZ1lYSmxJR1pwYm1semFHVmtJSFJ2SUZOb2FYQWdiMjVqWlNJc0lsTmhiV1ZFWVhsRVpXeHBkbVZ5ZVZaaGJHbGtZWFJwYjI1UWIzQjFjRU5vWldOcmIzVjBRblYwZEc5dVZHVjRkQ0k2SWtOb1pXTnJiM1YwSUZOaGJXVWdSR0Y1SUU5c2FXZHZjeUJQYm14NUlpd2lVMkZ0WlVSaGVVUmxiR2wyWlhKNVZtRnNhV1JoZEdsdmJsQnZjSFZ3VFdWemMyRm5aVWhsWVdSbGNpSTZJbEJzWldGelpTQnpaV3hsWTNRaUxDSlRZVzFsUkdGNVJHVnNhWFpsY25sV1lXeHBaR0YwYVc5dVVHOXdkWEJOWlhOellXZGxSR1Z6WTNKcGNIUnBiMjRpT2lKWmIzVnlJR05oY25RZ1kyOXVkR0ZwYm5NZ2MyRnRaU0JrWVhrZ2IyeHBaMjl6TENCM2FHbGphQ0J1WldWa0lIUnZJR0psSUdOb1pXTnJaV1FnYjNWMElITmxjR1Z5WVhSbGJIa2dhVzRnYjNKa1pYSWdkRzhnWlc1emRYSmxJSFJvWlNCbVlYTjBaWE4wSUdSbGJHbDJaWEo1TGlCVWFHVWdiM1JvWlhJZ2FYUmxiWE1nZDJsc2JDQmlaU0IzWVdsMGFXNW5JR2x1SUhsdmRYSWdZMkZ5ZENCM2FHVnVJSGx2ZFNCeVpYUjFjbTRnYkdGMFpYSXVJRHh6Y0dGdUlHTnNZWE56UFZ3aWRHOXZiSFJwY0Y5a2FXRnNiMmRjSWlCMGFYUnNaVDFjSWtWNGNHeGhhVzRnWW5WMGRHOXVJR1JsYzJOeWFYQjBhVzl1SUdobGNtVWdiMjVzZVZ3aUlENDhMM053WVc0K0lpd2lVbVYxYzJWa1NYUmxiWE5XWVd4cFpHRjBhVzl1VUc5d2RYQkRiRzl6WlVKMWRIUnZibFJsZUhRaU9pSlBheUlzSWxKbGRYTmxaRWwwWlcxelZtRnNhV1JoZEdsdmJsQnZjSFZ3VFdWemMyRm5aU0k2SWs5dmNITWdJU0JUYjIxbElHOXlJR0ZzYkNCdlppQnpaV3hsWTNSbFpDQnlaWFZ6WldRZ2FYUmxiU2R6SUc5eWFXZHBibUZzSUdOdmJuUmhhVzVsY25NZ1lYSmxJR1Y0Y0dseVpXUXVJRmx2ZFhJZ1kyRnlkQ0IzYVd4c0lHSmxJSFZ3WkdGMFpXUWdZWFYwYjIxaGRHbGpZV3hzZVNCaGJtUWdZMkZ5ZENCM2FXeHNJR0psSUhKbGJHOWhaR1ZrTGlCRmVIQnBjbVZrSUdsMFpXMGdUbUZ0WlhNZ1lYSmxJQzArSWl3aVVtVjFjMlZrU1hSbGJYTldZV3hwWkdGMGFXOXVVRzl3ZFhCTlpYTnpZV2RsU0dWaFpHVnlJam9pVUd4bFlYTmxJRTV2ZEdVaUxDSkZlSEJwY21Wa1VISnBiV1Z5VUc5d2RYQkRiRzl6WlVKMWRIUnZibFJsZUhRaU9pSlBheUlzSWtWNGNHbHlaV1JRY21sdFpYSlFiM0IxY0UxbGMzTmhaMlZVWlhoMElqb2lVSEpwYldWeUlHbHpJR1Y0Y0dseVpXUWdabTl5SUhSb1pTQnZibVVnYjJZZ2RHaGxJSE5sYkdWMFpXUWdjMlZ4ZFdWdVkybHVaeUJwZEdWdExpQndiR1ZoYzJVZ2MyVnNaV04wSUdGdWIzUm9aWElnY0hKcGJXVnlJRzl5SUc5eVpHVnlJRzVsZHlCd2NtbHRaWEl1SWl3aVJYaHdhWEpsWkZCeWFXMWxjbEJ2Y0hWd1RXVnpjMkZuWlVobFlXUmxjbFJsZUhRaU9pSlFiR1Z6WlNCT2IzUmxJaXdpUTJGeWRGQmhaMlZWVWt3aU9pSXZaVzR2WTJGeWRDNWhjM0I0SWl3aVRXbHVhVzExYlZCc1lYUmxVMkZ0Y0d4bGMxQmxja05vWldOcmIzVjBJam8wT0N3aVVHeGhkR1ZUWVcxd2JHVkRiM1Z1ZENJNmJuVnNiQ3dpU1hOVGFXNW5iR1ZRYkdGMFpWZHBkR2hXWVd4cFpGTmhiWEJzWlVOdmRXNTBJanBtWVd4elpTd2lUV2x1VUd4aGRHVlRZVzF3YkdWelVHOXdkWEJHYjNKdFlYUk5aWE56WVdkbElqb2lJaXdpVFdsdVVHeGhkR1ZUWVcxd2JHVnpVRzl3ZFhCR2IzSnRZWFJOWlhOellXZGxRMnh2YzJWQ2RYUjBiMjVVWlhoMElqb2lJaXdpVFdsdVVHeGhkR1ZUWVcxd2JHVnpVRzl3ZFhCR2IzSnRZWFJOWlhOellXZGxTR1ZoWkdWeUlqb2lJaXdpVFdGNGFXMTFiVTUxYldKbGNrOW1VR3hoZEdWelVHVnlRMmhsWTJ0dmRYUWlPak1zSWxCc1lYUmxjME52ZFc1MFJtOXlRM1Z5Y21WdWRFOXlaR1Z5SWpwdWRXeHNMQ0pOWVhocGJYVnRVR3hoZEdWelVHVnlRMmhsWTJ0dmRYUlFiM0IxY0VadmNtMWhkRTFsYzNOaFoyVWlPaUpOWVhocGJYVnRJRE1nY0d4aGRHVnpJR0Z5WlNCbGJHbG5hV0pzWlNCMGJ5QmphR1ZqYTI5MWRDQndaWElnYjNKa1pYSWdabTl5SUhCc1lYUmxJSE5sY1hWbGJtTnBibWNnYVhSbGJYTXVJRkJzWldGelpTQnRiMlJwWm5rZ2VXOTFjaUJ6Wld4bFkzUnBiMjRnWVdOamIzSmthVzVuYkhrdUlpd2lUV0Y0YVcxMWJWQnNZWFJsYzFCbGNrTm9aV05yYjNWMFVHOXdkWEJHYjNKdFlYUk5aWE56WVdkbFEyeHZjMlZDZFhSMGIyNVVaWGgwSWpvaVQyc2lMQ0pOWVhocGJYVnRVR3hoZEdWelVHVnlRMmhsWTJ0dmRYUkdiM0p0WVhSTlpYTnpZV2RsU0dWaFpHVnlJam9pVUd4bFlYTmxJRTV2ZEdVaUxDSlFiM04wUW1GamEwVnNaVzFsYm5SVmJtbHhkV1ZKWkNJNkltTjBiREF3SkdOMGJEQXdKR04wYkRBd0pFTnZiblJsYm5SUWJHRmpaVWh2YkdSbGNrUmxabUYxYkhRa1EyRnlkRTkyWlhKMmFXVjNYek1rYkc1clEyaGxZMnR2ZFhRaUxDSkZkbVZ1ZEVGeVozVnRaVzUwSWpvaUluMHNJSFJvYVhNcE8yUUNFZzlrRmdZQ0F3OWtGZ0ptRHc4V0FoNExiR0pzU0dWaFpFeHBibVVGQ2sxNUlGQnliMlpwYkdWa0ZnZ0NBZzhWQVdwRGIyNTBaVzUwVUd4aFkyVkliMnhrWlhKRVpXWmhkV3gwWDAxaGMzUmxjbEJzWVdObGFHOXNaR1Z5WDBodmJXVk1iMmRuWldSSmJsODJYM0J1YkVSeVlXZGhZbXhsVjJsdVpHOTNRMjl1ZEdWdWRGOUpibXhwYm1WTlpYTnpZV2RsUTI5dWRHRnBibVZ5WkFJRER3OFdBaDhFWjJRV0JBSUJEeFlDSHdNRkJVaGxiR3h2WkFJRER4WUNId01GRlhCdWRHVnpkR1l3TURFZ2NHNTBaWE4wYkRBd01XUUNCUTlrRmdnQ0FROFdBaDhEWldRQ0F3OFBGZ0lmQTJWa1pBSUZEdzhXQWg4REJSRW9ZbVZqYjIxbElIbHZkWEp6Wld4bUtXUmtBZ2NQRmdJZkEyVmtBZ2tQWkJZSUFnRVBaQllDQWdFUER4WUdId2NGRFdWbVEyOXNiM0pQY21GdVoyVWZBd1VJVFhsUGNtUmxjbk1mQ0FJQ1pHUUNBdzhQRmdJZkF3VU1UWGtnUkdGemFHSnZZWEprWkdRQ0JROFBGZ1FmQlFVVWZpOWhaRzFwYmk5M1pXeGpiMjFsTG1GemNIZ2ZBd1VPUVdSdGFXNXBjM1J5WVhScGIyNWtaQUlIRHc4V0FoOERCUVpNYjJkdmRYUmtaQUlGRDJRV0FtWVBEeFlFSHcwRkJVeHZaMmx1SHdSb1pCWUVBZ1VQRHhZQ0h3VUZJeTlsYmk5amFHVmphMjkxZEM5emRHVndNUzVoYzNCNFAyNXZaR1ZKWkQweE1USTNaR1FDQnc5a0ZnWUNBUThQRmdZZkF3VUdSVzFoYVd3Nkh3Y0ZGeUJ5WlhGMWFYSmxaRVpwWld4a1EyaGhjbUZqZEdWeUh3Z0NBbVJrQWdrUER4WUdId01GQTNzd2ZSOEhCUmNnY21WeGRXbHlaV1JHYVdWc1pFTm9ZWEpoWTNSbGNoOElBZ0prWkFJVER3OFdBaDhGQlJjdlpXNHZabTl5WjI5MGNHRnpjM2R2Y21RdVlYTndlR1JrQWdjUFpCWUNaZzhQRmdJZkRRVUtUbVZsWkNCSVpXeHdQMlFXQkFJQ0R4VUJiVU52Ym5SbGJuUlFiR0ZqWlVodmJHUmxja1JsWm1GMWJIUmZUV0Z6ZEdWeVVHeGhZMlZvYjJ4a1pYSmZRM1Z6ZEc5dFpYSlRkWEJ3YjNKMFh6aGZjRzVzUkhKaFoyRmliR1ZYYVc1a2IzZERiMjUwWlc1MFgwbHViR2x1WlUxbGMzTmhaMlZEYjI1MFlXbHVaWEprQWdNUFpCWUlBZ0VQRmdJZkF3VVFRM1Z6ZEc5dFpYSWdVM1Z3Y0c5eWRHUUNBdzhQRmdJZkF3VVFLelE1SURnd09USWdPREk0T1NBM04yUmtBZ1VQRHhZQ0h3TUZhRHhoSUdoeVpXWTlJaTlsYmk5bGRYSnZabWx1Y3kxdGQyY3RiM0JsY205dUwzTmxjblpwWTJVdFkyVnVkR1Z5TDJOdmJuUmhZM1F0ZFhNdloyeHZZbUZzTFdScGNtVmpkRzl5ZVM1aGMzQjRJajVHY21WbElIQm9iMjVsSUc1MWJXSmxjbk04TDJFK1pHUUNCdzhQRmdRZkF3VkVQR0VnYUhKbFpqMGliV0ZwYkhSdk9uTjFjSEJ2Y25RdFpYVkFaWFZ5YjJacGJuTXVZMjl0SWo1emRYQndiM0owTFdWMVFHVjFjbTltYVc1ekxtTnZiVHd2WVQ0ZkJRVkxiV0ZwYkhSdk9qeGhJR2h5WldZOUltMWhhV3gwYnpwemRYQndiM0owTFdWMVFHVjFjbTltYVc1ekxtTnZiU0krYzNWd2NHOXlkQzFsZFVCbGRYSnZabWx1Y3k1amIyMDhMMkUrWkdRQ0ZROWtGZ0ptRDJRV0FtWVBGUUdtQm5aaGNpQnphRzkzVUhKdlozSmxjM05DWVhKQlpuUmxjajB5TURBN0RRcDJZWElnYldWemMyRm5aVkJ5YjJkeVpYTnpRbUZ5UFNkUWJHVmhjMlVnZDJGcGRDNHVMaWM3RFFwMllYSWdjSEp2WjNKbGMzTkNZWEpVYVhSc1pUMG5VR3hsWVhObElIZGhhWFF1TGk0bk93MEtkbUZ5SUhCeWIyZHlaWE56UW1GeVEyRnVZMlZzUW5WMGRHOXVWR1Y0ZEQwblEyRnVZMlZzSnpzTkNuWmhjaUJoYkdWeWRFMWxjM05oWjJWQ2RYUjBiMjVVWlhoMFBTZFBheWM3RFFwMllYSWdZV3hsY25STlpYTnpZV2RsVkdsMGJHVTlKMEZzWlhKMElFMWxjM05oWjJVbk93MEtkbUZ5SUc5d1pYSnZibE5wZEdWVmNtdzlKeWM3RFFwMllYSWdZM1Z5Y21WdWRGTnBkR1ZEYjJSbFBTZEZRa1VuT3cwS2RtRnlJSE4xWWtSdmJXRnBiajBuVVVFbk93MEtkbUZ5SUhCdmNuUk9kVzFpWlhJOUp6Z3hKenNOQ25aaGNpQndjbVZNYjJGa1NXMWhaMlZNYVhOMFBWc25MMk56Y3k5bGVIUXZhbkYxWlhKNWRHaGxiV1Z6TDJsdFlXZGxjeTkxYVMxaVoxOW5iR0Z6YzE4MU5WOHhZekZqTVdOZk1YZzBNREF1Y0c1bkoxMDdEUXAyWVhJZ2NISnBZMmx1WjBSbGRHRnBiSE5EYkc5elpVSjFkSFJ2YmxSbGVIUTlKME5zYjNObEp6c05DblpoY2lCQlpHUkNkWFIwYjI1U1pYTnZkWEpqWlZSbGVIUWdQU0FuUVdSa0p6c05DblpoY2lCRFlXNWpaV3hDZFhSMGIyNVNaWE52ZFhKalpWUmxlSFFnUFNBblEyRnVZMlZzSnpzTkNuWmhjaUJEYkc5elpVSjFkSFJ2YmxKbGMyOTFjbU5sVkdWNGRDQTlJQ2REYkc5elpTYzdEUXAyWVhJZ1UyRjJaVUoxZEhSdmJsSmxjMjkxY21ObFZHVjRkQ0E5SUNkVFlYWmxKenNOQ25aaGNpQk9iMEoxZEhSdmJsSmxjMjkxY21ObFZHVjRkQ0E5SUNkT2J5YzdEUXAyWVhJZ1dXVnpRblYwZEc5dVVtVnpiM1Z5WTJWVVpYaDBJRDBnSjFsbGN5YzdEUXAyWVhJZ1ZHaHBZMnRDYjNoRGJHOXpaVlJsZUhSU1pYTnZkWEpqWlNBOUlDZHZjaUJGYzJNZ1MyVjVKenNOQ25aaGNpQlVhR2xqYTBKdmVFTnNiM05sVEdsdWExSmxjMjkxY21ObElEMGdKMk5zYjNObEp6c05DblpoY2lCa1pYQnNiM2x0Wlc1MFJXNTJhWEp2Ym0xbGJuUWdQU0FuVVVFbk93MEtaR1M2MGZZem93VDJXRzNtK0RzUjZJN1JaRTBqZDF0azlvQjZTMXhyT0szb0pRPT0iIENvcnJlbGF0aW9uQmluZGluZz0iIiBVcmxFbmNvZGU9IlRydWUiIC8+DQogICAgICAgIDxGb3JtUG9zdFBhcmFtZXRlciBOYW1lPSJjdGwwMCRjdGwwMCRjdGwwMCRDb250ZW50UGxhY2VIb2xkZXJEZWZhdWx0JFRvcExvZ2dlZEluXzEkaGRuU2NyZWVuQXJlYSIgVmFsdWU9Int7JEhJRERFTjEuY3RsMDAkY3RsMDAkY3RsMDAkQ29udGVudFBsYWNlSG9sZGVyRGVmYXVsdCRUb3BMb2dnZWRJbl8xJGhkblNjcmVlbkFyZWF9fSIgUmVjb3JkZWRWYWx1ZT0iIiBDb3JyZWxhdGlvbkJpbmRpbmc9IiIgVXJsRW5jb2RlPSJUcnVlIiAvPg0KICAgICAgICA8Rm9ybVBvc3RQYXJhbWV0ZXIgTmFtZT0iY3RsMDAkY3RsMDAkY3RsMDAkQ29udGVudFBsYWNlSG9sZGVyRGVmYXVsdCRDYXJ0T3ZlcnZpZXdfMyRoZG5GaWVsZFNlbGVjdGVkT3JkZXJJdGVtQ2hlY2tvdXRTdGF0ZXMiIFZhbHVlPSJ7eyRISURERU4xLmN0bDAwJGN0bDAwJGN0bDAwJENvbnRlbnRQbGFjZUhvbGRlckRlZmF1bHQkQ2FydE92ZXJ2aWV3XzMkaGRuRmllbGRTZWxlY3RlZE9yZGVySXRlbUNoZWNrb3V0U3RhdGVzfX0iIFJlY29yZGVkVmFsdWU9IiIgQ29ycmVsYXRpb25CaW5kaW5nPSIiIFVybEVuY29kZT0iVHJ1ZSIgLz4NCiAgICAgICAgPEZvcm1Qb3N0UGFyYW1ldGVyIE5hbWU9ImN0bDAwJGN0bDAwJGN0bDAwJENvbnRlbnRQbGFjZUhvbGRlckRlZmF1bHQkQ2FydE92ZXJ2aWV3XzMkaGRuRmllbGRDb21wbGV0ZUNhcnRDaGVja291dFN0YXRlRW51bXMiIFZhbHVlPSJ7eyRISURERU4xLmN0bDAwJGN0bDAwJGN0bDAwJENvbnRlbnRQbGFjZUhvbGRlckRlZmF1bHQkQ2FydE92ZXJ2aWV3XzMkaGRuRmllbGRDb21wbGV0ZUNhcnRDaGVja291dFN0YXRlRW51bXN9fSIgUmVjb3JkZWRWYWx1ZT0iIiBDb3JyZWxhdGlvbkJpbmRpbmc9IiIgVXJsRW5jb2RlPSJUcnVlIiAvPg0KICAgICAgICA8Rm9ybVBvc3RQYXJhbWV0ZXIgTmFtZT0iY3RsMDAkY3RsMDAkY3RsMDAkQ29udGVudFBsYWNlSG9sZGVyRGVmYXVsdCRDYXJ0T3ZlcnZpZXdfMyRoZG5GaWVsZFNlbGVjdGVkSXRlbUlkcyIgVmFsdWU9Int7JEhJRERFTjEuY3RsMDAkY3RsMDAkY3RsMDAkQ29udGVudFBsYWNlSG9sZGVyRGVmYXVsdCRDYXJ0T3ZlcnZpZXdfMyRoZG5GaWVsZFNlbGVjdGVkSXRlbUlkc319IiBSZWNvcmRlZFZhbHVlPSIiIENvcnJlbGF0aW9uQmluZGluZz0iIiBVcmxFbmNvZGU9IlRydWUiIC8+DQogICAgICAgIDxGb3JtUG9zdFBhcmFtZXRlciBOYW1lPSJjdGwwMCRjdGwwMCRjdGwwMCRDb250ZW50UGxhY2VIb2xkZXJEZWZhdWx0JENhcnRPdmVydmlld18zJGhkblNjcmVlbkFyZWEiIFZhbHVlPSJ7eyRISURERU4xLmN0bDAwJGN0bDAwJGN0bDAwJENvbnRlbnRQbGFjZUhvbGRlckRlZmF1bHQkQ2FydE92ZXJ2aWV3XzMkaGRuU2NyZWVuQXJlYX19IiBSZWNvcmRlZFZhbHVlPSIiIENvcnJlbGF0aW9uQmluZGluZz0iIiBVcmxFbmNvZGU9IlRydWUiIC8+DQogICAgICAgIDxGb3JtUG9zdFBhcmFtZXRlciBOYW1lPSJjdGwwMCRjdGwwMCRjdGwwMCRDb250ZW50UGxhY2VIb2xkZXJEZWZhdWx0JE1hc3RlclBsYWNlaG9sZGVyJEhvbWVMb2dnZWRJbl82JGhkblNjcmVlbkFyZWEiIFZhbHVlPSJ7eyRISURERU4xLmN0bDAwJGN0bDAwJGN0bDAwJENvbnRlbnRQbGFjZUhvbGRlckRlZmF1bHQkTWFzdGVyUGxhY2Vob2xkZXIkSG9tZUxvZ2dlZEluXzYkaGRuU2NyZWVuQXJlYX19IiBSZWNvcmRlZFZhbHVlPSIiIENvcnJlbGF0aW9uQmluZGluZz0iIiBVcmxFbmNvZGU9IlRydWUiIC8+DQogICAgICAgIDxGb3JtUG9zdFBhcmFtZXRlciBOYW1lPSJjdGwwMCRjdGwwMCRjdGwwMCRDb250ZW50UGxhY2VIb2xkZXJEZWZhdWx0JE1hc3RlclBsYWNlaG9sZGVyJEN1c3RvbWVyU3VwcG9ydF84JGhkblNjcmVlbkFyZWEiIFZhbHVlPSJ7eyRISURERU4xLmN0bDAwJGN0bDAwJGN0bDAwJENvbnRlbnRQbGFjZUhvbGRlckRlZmF1bHQkTWFzdGVyUGxhY2Vob2xkZXIkQ3VzdG9tZXJTdXBwb3J0XzgkaGRuU2NyZWVuQXJlYX19IiBSZWNvcmRlZFZhbHVlPSIiIENvcnJlbGF0aW9uQmluZGluZz0iIiBVcmxFbmNvZGU9IlRydWUiIC8+DQogICAgICAgIDxGb3JtUG9zdFBhcmFtZXRlciBOYW1lPSJjdGwwMCRjdGwwMCRjdGwwMCRDb250ZW50UGxhY2VIb2xkZXJEZWZhdWx0JGhkbkNhbkluaXRpYWxpemVDdWx0dXJlIiBWYWx1ZT0ie3skSElEREVOMS5jdGwwMCRjdGwwMCRjdGwwMCRDb250ZW50UGxhY2VIb2xkZXJEZWZhdWx0JGhkbkNhbkluaXRpYWxpemVDdWx0dXJlfX0iIFJlY29yZGVkVmFsdWU9ImZhbHNlIiBDb3JyZWxhdGlvbkJpbmRpbmc9IiIgVXJsRW5jb2RlPSJUcnVlIiAvPg0KICAgICAgICA8Rm9ybVBvc3RQYXJhbWV0ZXIgTmFtZT0iY3RsMDAkY3RsMDAkY3RsMDAkQ29udGVudFBsYWNlSG9sZGVyRGVmYXVsdCRoZG5FY29tRHJhZ0Ryb3BKc29uIiBWYWx1ZT0ie3skSElEREVOMS5jdGwwMCRjdGwwMCRjdGwwMCRDb250ZW50UGxhY2VIb2xkZXJEZWZhdWx0JGhkbkVjb21EcmFnRHJvcEpzb259fSIgUmVjb3JkZWRWYWx1ZT0iIiBDb3JyZWxhdGlvbkJpbmRpbmc9IiIgVXJsRW5jb2RlPSJUcnVlIiAvPg0KICAgICAgICA8Rm9ybVBvc3RQYXJhbWV0ZXIgTmFtZT0iY3RsMDAkY3RsMDAkY3RsMDAkQ29udGVudFBsYWNlSG9sZGVyRGVmYXVsdCRoZG5DdXJyZW50UGFnZUlkZW50aXR5IiBWYWx1ZT0ie3skSElEREVOMS5jdGwwMCRjdGwwMCRjdGwwMCRDb250ZW50UGxhY2VIb2xkZXJEZWZhdWx0JGhkbkN1cnJlbnRQYWdlSWRlbnRpdHl9fSIgUmVjb3JkZWRWYWx1ZT0iMTEyNyIgQ29ycmVsYXRpb25CaW5kaW5nPSIiIFVybEVuY29kZT0iVHJ1ZSIgLz4NCiAgICAgICAgPEZvcm1Qb3N0UGFyYW1ldGVyIE5hbWU9ImN0bDAwJGN0bDAwJGN0bDAwJENvbnRlbnRQbGFjZUhvbGRlckRlZmF1bHQkaGRuU2Nyb2xsWVBvc2l0aW9uIiBWYWx1ZT0ie3skSElEREVOMS5jdGwwMCRjdGwwMCRjdGwwMCRDb250ZW50UGxhY2VIb2xkZXJEZWZhdWx0JGhkblNjcm9sbFlQb3NpdGlvbn19IiBSZWNvcmRlZFZhbHVlPSIwIiBDb3JyZWxhdGlvbkJpbmRpbmc9IiIgVXJsRW5jb2RlPSJUcnVlIiAvPg0KICAgICAgICA8Rm9ybVBvc3RQYXJhbWV0ZXIgTmFtZT0iX19WSUVXU1RBVEVHRU5FUkFUT1IiIFZhbHVlPSJ7eyRISURERU4xLl9fVklFV1NUQVRFR0VORVJBVE9SfX0iIFJlY29yZGVkVmFsdWU9IkNBMEIwMzM0IiBDb3JyZWxhdGlvbkJpbmRpbmc9IiIgVXJsRW5jb2RlPSJUcnVlIiAvPg0KICAgICAgPC9Gb3JtUG9zdEh0dHBCb2R5Pg0KICAgIDwvUmVxdWVzdD4NCiAgPC9JdGVtcz4NCiAgPFZhbGlkYXRpb25SdWxlcz4NCiAgICA8VmFsaWRhdGlvblJ1bGUgQ2xhc3NuYW1lPSJNaWNyb3NvZnQuVmlzdWFsU3R1ZGlvLlRlc3RUb29scy5XZWJUZXN0aW5nLlJ1bGVzLlZhbGlkYXRlUmVzcG9uc2VVcmwsIE1pY3Jvc29mdC5WaXN1YWxTdHVkaW8uUXVhbGl0eVRvb2xzLldlYlRlc3RGcmFtZXdvcmssIFZlcnNpb249MTAuMC4wLjAsIEN1bHR1cmU9bmV1dHJhbCwgUHVibGljS2V5VG9rZW49YjAzZjVmN2YxMWQ1MGEzYSIgRGlzcGxheU5hbWU9IlJlc3BvbnNlIFVSTCIgRGVzY3JpcHRpb249IlZhbGlkYXRlcyB0aGF0IHRoZSByZXNwb25zZSBVUkwgYWZ0ZXIgcmVkaXJlY3RzIGFyZSBmb2xsb3dlZCBpcyB0aGUgc2FtZSBhcyB0aGUgcmVjb3JkZWQgcmVzcG9uc2UgVVJMLiAgUXVlcnlTdHJpbmcgcGFyYW1ldGVycyBhcmUgaWdub3JlZC4iIExldmVsPSJMb3ciIEV4ZWN0dWlvbk9yZGVyPSJCZWZvcmVEZXBlbmRlbnRzIiAvPg0KICAgIDxWYWxpZGF0aW9uUnVsZSBDbGFzc25hbWU9Ik1pY3Jvc29mdC5WaXN1YWxTdHVkaW8uVGVzdFRvb2xzLldlYlRlc3RpbmcuUnVsZXMuVmFsaWRhdGlvblJ1bGVSZXNwb25zZVRpbWVHb2FsLCBNaWNyb3NvZnQuVmlzdWFsU3R1ZGlvLlF1YWxpdHlUb29scy5XZWJUZXN0RnJhbWV3b3JrLCBWZXJzaW9uPTEwLjAuMC4wLCBDdWx0dXJlPW5ldXRyYWwsIFB1YmxpY0tleVRva2VuPWIwM2Y1ZjdmMTFkNTBhM2EiIERpc3BsYXlOYW1lPSJSZXNwb25zZSBUaW1lIEdvYWwiIERlc2NyaXB0aW9uPSJWYWxpZGF0ZXMgdGhhdCB0aGUgcmVzcG9uc2UgdGltZSBmb3IgdGhlIHJlcXVlc3QgaXMgbGVzcyB0aGFuIG9yIGVxdWFsIHRvIHRoZSByZXNwb25zZSB0aW1lIGdvYWwgYXMgc3BlY2lmaWVkIG9uIHRoZSByZXF1ZXN0LiAgUmVzcG9uc2UgdGltZSBnb2FscyBvZiB6ZXJvIHdpbGwgYmUgaWdub3JlZC4iIExldmVsPSJMb3ciIEV4ZWN0dWlvbk9yZGVyPSJBZnRlckRlcGVuZGVudHMiPg0KICAgICAgPFJ1bGVQYXJhbWV0ZXJzPg0KICAgICAgICA8UnVsZVBhcmFtZXRlciBOYW1lPSJUb2xlcmFuY2UiIFZhbHVlPSIwIiAvPg0KICAgICAgPC9SdWxlUGFyYW1ldGVycz4NCiAgICA8L1ZhbGlkYXRpb25SdWxlPg0KICA8L1ZhbGlkYXRpb25SdWxlcz4NCjwvV2ViVGVzdD4=">
      <Execution id="a3babf51-143c-419c-a748-4e3465d1a50e" />
    </WebTest>
  </TestDefinitions>
  <TestLists>
    <TestList name="Results Not in a List" id="8c84fa94-04c1-424b-9868-57a2d4851a1d" />
    <TestList name="All Loaded Results" id="19431567-8539-422a-85d7-44ee4e166bda" />
  </TestLists>
  <TestEntries>
    <TestEntry isTransparent="false" testId="8d2b5e93-3d0d-40b8-a1d5-93fedbb910c1" executionId="a3babf51-143c-419c-a748-4e3465d1a50e" testListId="8c84fa94-04c1-424b-9868-57a2d4851a1d" />
  </TestEntries>
  <Results>
    <WebTestResult executionId="a3babf51-143c-419c-a748-4e3465d1a50e" testId="8d2b5e93-3d0d-40b8-a1d5-93fedbb910c1" testName="E-Com-NotWorking" computerName="IN01APVT127" duration="00:00:09.5744588" startTime="2017-07-13T11:25:40.9131200+05:30" endTime="2017-07-13T11:26:01.1001566+05:30" testType="4e7599fa-5ecb-43e9-a887-cd63cf72d207" outcome="Failed" testListId="8c84fa94-04c1-424b-9868-57a2d4851a1d" relativeResultsDirectory="a3babf51-143c-419c-a748-4e3465d1a50e">
      <Output>
        <ErrorInfo>
          <Message>2 primary requests, 0 dependant requests and 0 conditional rules failed</Message>
        </ErrorInfo>
      </Output>
      <ResultFiles>
        <ResultFile path="E-Com-NotWorking.webtestResult" />
      </ResultFiles>
      <TestSettings name="Local" id="5e0ec486-8390-4d47-996a-582ca480c912">
        <Description>These are default test settings for a local test run.</Description>
        <Deployment runDeploymentRoot="adm_imga_IN01APVT127 2017-07-13 11_25_40">
          <DeploymentItem filename="C:\Performance_Training\Custom_Parameter\Plugin2\bin\Debug\Plugin2.dll" />
          <DeploymentItem filename="C:\Performance_Training\Demo_Project\Demo_Reference\bin\Debug\Demo_Reference.dll" />
          <DeploymentItem filename="C:\Performance_Training\Custom_Parameter\Custom_Parameter\bin\Debug\Custom_Parameter.dll" />
        </Deployment>
        <Execution>
          <TestTypeSpecific>
            <UnitTestRunConfig testTypeId="13cdc9d9-ddb5-4fa4-a97d-d965ccfc6d4b">
              <AssemblyResolution>
                <TestDirectory useLoadContext="true" />
              </AssemblyResolution>
            </UnitTestRunConfig>
            <WebTestRunConfiguration testTypeId="4e7599fa-5ecb-43e9-a887-cd63cf72d207">
              <Browser name="Internet Explorer 9.0" MaxConnections="6">
                <Headers>
                  <Header name="User-Agent" value="Mozilla/5.0 (compatible; MSIE 9.0; Windows NT 6.1; Trident/5.0)" />
                  <Header name="Accept" value="*/*" />
                  <Header name="Accept-Language" value="{{$IEAcceptLanguage}}" />
                  <Header name="Accept-Encoding" value="GZIP" />
                </Headers>
              </Browser>
            </WebTestRunConfiguration>
          </TestTypeSpecific>
          <AgentRule name="LocalMachineDefaultRole">
          </AgentRule>
        </Execution>
        <Properties>
          <Property name="TestSettingsUIType" value="UnitTest" />
        </Properties>
      </TestSettings>
      <WebTestResultFilePath>adm_imga_IN01APVT127 2017-07-13 11_25_40\In\a3babf51-143c-419c-a748-4e3465d1a50e\E-Com-NotWorking.webtestResult</WebTestResultFilePath>
    </WebTestResult>
  </Results>
</TestRun>