<?xml version="1.0" encoding="UTF-8"?>
<TestRun id="aa0027bc-1a38-439f-8634-88283309048a" name="adm_imga@IN01APVT127 2017-07-13 11:24:29" runUser="ES-AREA1\adm_imga" xmlns="http://microsoft.com/schemas/VisualStudio/TeamTest/2010">
  <TestSettings name="Local" id="5e0ec486-8390-4d47-996a-582ca480c912">
    <Description>These are default test settings for a local test run.</Description>
    <Deployment runDeploymentRoot="adm_imga_IN01APVT127 2017-07-13 11_24_29">
      <DeploymentItem filename="C:\Performance_Training\Custom_Parameter\Plugin2\bin\Debug\Plugin2.dll" />
      <DeploymentItem filename="C:\Performance_Training\Demo_Project\Demo_Reference\bin\Debug\Demo_Reference.dll" />
      <DeploymentItem filename="C:\Performance_Training\Custom_Parameter\Custom_Parameter\bin\Debug\Custom_Parameter.dll" />
    </Deployment>
    <Execution>
      <TestTypeSpecific>
        <UnitTestRunConfig testTypeId="13cdc9d9-ddb5-4fa4-a97d-d965ccfc6d4b">
          <AssemblyResolution>
            <TestDirectory useLoadContext="true" />
          </AssemblyResolution>
        </UnitTestRunConfig>
        <WebTestRunConfiguration testTypeId="4e7599fa-5ecb-43e9-a887-cd63cf72d207">
          <Browser name="Internet Explorer 9.0" MaxConnections="6">
            <Headers>
              <Header name="User-Agent" value="Mozilla/5.0 (compatible; MSIE 9.0; Windows NT 6.1; Trident/5.0)" />
              <Header name="Accept" value="*/*" />
              <Header name="Accept-Language" value="{{$IEAcceptLanguage}}" />
              <Header name="Accept-Encoding" value="GZIP" />
            </Headers>
          </Browser>
        </WebTestRunConfiguration>
      </TestTypeSpecific>
      <AgentRule name="LocalMachineDefaultRole">
      </AgentRule>
    </Execution>
    <Properties>
      <Property name="TestSettingsUIType" value="UnitTest" />
    </Properties>
  </TestSettings>
  <Times creation="2017-07-13T11:24:29.9294261+05:30" queuing="2017-07-13T11:24:30.2494901+05:30" start="2017-07-13T11:24:30.3415085+05:30" finish="2017-07-13T11:24:48.8387072+05:30" />
  <ResultSummary outcome="Failed">
    <Counters total="1" executed="1" error="0" failed="1" timeout="0" aborted="0" inconclusive="0" passedButRunAborted="0" notRunnable="0" notExecuted="0" disconnected="0" warning="0" passed="0" completed="0" inProgress="0" pending="0" />
  </ResultSummary>
  <TestDefinitions>
    <WebTest name="E-Com-NotWorking" storage="c:\performance_training\demo_project\demo_project\e-com-notworking.webtest" id="8d2b5e93-3d0d-40b8-a1d5-93fedbb910c1" persistedWebTest="77u/PD94bWwgdmVyc2lvbj0iMS4wIiBlbmNvZGluZz0iVVRGLTgiIHN0YW5kYWxvbmU9InllcyI/Pg0KPFdlYlRlc3QgTmFtZT0iRS1Db20tTm90V29ya2luZyIgSWQ9IjhkMmI1ZTkzLTNkMGQtNDBiOC1hMWQ1LTkzZmVkYmI5MTBjMSIgT3duZXI9IiIgUHJpb3JpdHk9IjIxNDc0ODM2NDciIEVuYWJsZWQ9IlRydWUiIENzc1Byb2plY3RTdHJ1Y3R1cmU9IiIgQ3NzSXRlcmF0aW9uPSIiIFRpbWVvdXQ9IjAiIFdvcmtJdGVtSWRzPSIiIHhtbG5zPSJodHRwOi8vbWljcm9zb2Z0LmNvbS9zY2hlbWFzL1Zpc3VhbFN0dWRpby9UZWFtVGVzdC8yMDEwIiBEZXNjcmlwdGlvbj0iIiBDcmVkZW50aWFsVXNlck5hbWU9IiIgQ3JlZGVudGlhbFBhc3N3b3JkPSIiIFByZUF1dGhlbnRpY2F0ZT0iVHJ1ZSIgUHJveHk9ImRlZmF1bHQiIFN0b3BPbkVycm9yPSJGYWxzZSIgUmVjb3JkZWRSZXN1bHRGaWxlPSJXZWJUZXN0MS4zZmQ4MjFlMS00MjEzLTRjZTUtODA2Ny02YzYxOGIyNDNmMjAucmVjLndlYnRlc3RyZXN1bHQiIFJlc3VsdHNMb2NhbGU9IiI+DQogIDxJdGVtcz4NCiAgICA8Q29tbWVudCBDb21tZW50VGV4dD0iTGF1bmNoQXBwIiAvPg0KICAgIDxSZXF1ZXN0IE1ldGhvZD0iR0VUIiBHdWlkPSI2MzY2YWNhMC1mY2I2LTRmM2EtYTAzNy1kMmE4NmNiNmM2ZTIiIFZlcnNpb249IjEuMSIgVXJsPSJodHRwOi8vaW4wMWFwdjExOjgxL2VuL2hvbWUuYXNweCIgVGhpbmtUaW1lPSIyOCIgVGltZW91dD0iMzAwIiBQYXJzZURlcGVuZGVudFJlcXVlc3RzPSJUcnVlIiBGb2xsb3dSZWRpcmVjdHM9IlRydWUiIFJlY29yZFJlc3VsdD0iVHJ1ZSIgQ2FjaGU9IkZhbHNlIiBSZXNwb25zZVRpbWVHb2FsPSIwIiBFbmNvZGluZz0idXRmLTgiIEV4cGVjdGVkSHR0cFN0YXR1c0NvZGU9IjAiIEV4cGVjdGVkUmVzcG9uc2VVcmw9IiIgUmVwb3J0aW5nTmFtZT0iIiBJZ25vcmVIdHRwU3RhdHVzQ29kZT0iRmFsc2UiPg0KICAgICAgPEV4dHJhY3Rpb25SdWxlcz4NCiAgICAgICAgPEV4dHJhY3Rpb25SdWxlIENsYXNzbmFtZT0iTWljcm9zb2Z0LlZpc3VhbFN0dWRpby5UZXN0VG9vbHMuV2ViVGVzdGluZy5SdWxlcy5FeHRyYWN0SGlkZGVuRmllbGRzLCBNaWNyb3NvZnQuVmlzdWFsU3R1ZGlvLlF1YWxpdHlUb29scy5XZWJUZXN0RnJhbWV3b3JrLCBWZXJzaW9uPTEwLjAuMC4wLCBDdWx0dXJlPW5ldXRyYWwsIFB1YmxpY0tleVRva2VuPWIwM2Y1ZjdmMTFkNTBhM2EiIFZhcmlhYmxlTmFtZT0iMSIgRGlzcGxheU5hbWU9IkV4dHJhY3QgSGlkZGVuIEZpZWxkcyIgRGVzY3JpcHRpb249IkV4dHJhY3QgYWxsIGhpZGRlbiBmaWVsZHMgZnJvbSB0aGUgcmVzcG9uc2UgYW5kIHBsYWNlIHRoZW0gaW50byB0aGUgdGVzdCBjb250ZXh0LiI+DQogICAgICAgICAgPFJ1bGVQYXJhbWV0ZXJzPg0KICAgICAgICAgICAgPFJ1bGVQYXJhbWV0ZXIgTmFtZT0iUmVxdWlyZWQiIFZhbHVlPSJUcnVlIiAvPg0KICAgICAgICAgICAgPFJ1bGVQYXJhbWV0ZXIgTmFtZT0iSHRtbERlY29kZSIgVmFsdWU9IlRydWUiIC8+DQogICAgICAgICAgPC9SdWxlUGFyYW1ldGVycz4NCiAgICAgICAgPC9FeHRyYWN0aW9uUnVsZT4NCiAgICAgIDwvRXh0cmFjdGlvblJ1bGVzPg0KICAgICAgPENvcnJlbGF0aW9uRXh0cmFjdGlvblJ1bGVzPg0KICAgICAgICA8RXh0cmFjdGlvblJ1bGUgQ2xhc3NuYW1lPSJNaWNyb3NvZnQuVmlzdWFsU3R1ZGlvLlRlc3RUb29scy5XZWJUZXN0aW5nLlJ1bGVzLkV4dHJhY3RGb3JtRmllbGQsIE1pY3Jvc29mdC5WaXN1YWxTdHVkaW8uUXVhbGl0eVRvb2xzLldlYlRlc3RGcmFtZXdvcmssIFZlcnNpb249MTAuMC4wLjAsIEN1bHR1cmU9bmV1dHJhbCwgUHVibGljS2V5VG9rZW49YjAzZjVmN2YxMWQ1MGEzYSIgVmFyaWFibGVOYW1lPSJGb3JtUG9zdFBhcmFtMjIuY3RsMDAkY3RsMDAkY3RsMDAkQ29udGVudFBsYWNlSG9sZGVyRGVmYXVsdCRNYXN0ZXJQbGFjZWhvbGRlciRIb21lTG9nZ2VkT3V0XzckYnRuSG9tZVN1Ym1pdCIgRGlzcGxheU5hbWU9IiIgRGVzY3JpcHRpb249IiI+DQogICAgICAgICAgPFJ1bGVQYXJhbWV0ZXJzPg0KICAgICAgICAgICAgPFJ1bGVQYXJhbWV0ZXIgTmFtZT0iTmFtZSIgVmFsdWU9IkNvbnRlbnRQbGFjZUhvbGRlckRlZmF1bHRfTWFzdGVyUGxhY2Vob2xkZXJfSG9tZUxvZ2dlZE91dF83X2J0bkhvbWVTdWJtaXQiIC8+DQogICAgICAgICAgICA8UnVsZVBhcmFtZXRlciBOYW1lPSJIdG1sRGVjb2RlIiBWYWx1ZT0iVHJ1ZSIgLz4NCiAgICAgICAgICAgIDxSdWxlUGFyYW1ldGVyIE5hbWU9IlJlcXVpcmVkIiBWYWx1ZT0iRmFsc2UiIC8+DQogICAgICAgICAgICA8UnVsZVBhcmFtZXRlciBOYW1lPSJJbmRleCIgVmFsdWU9IjAiIC8+DQogICAgICAgICAgPC9SdWxlUGFyYW1ldGVycz4NCiAgICAgICAgPC9FeHRyYWN0aW9uUnVsZT4NCiAgICAgIDwvQ29ycmVsYXRpb25FeHRyYWN0aW9uUnVsZXM+DQogICAgPC9SZXF1ZXN0Pg0KICAgIDxDb21tZW50IENvbW1lbnRUZXh0PSJMb2dpbiIgLz4NCiAgICA8UmVxdWVzdCBNZXRob2Q9IlBPU1QiIEd1aWQ9ImViYmQwMDEyLWY3ZjItNDQ0My04NjYxLTQyMWFjOGQ1NmQwZSIgVmVyc2lvbj0iMS4xIiBVcmw9Imh0dHA6Ly9pbjAxYXB2MTE6ODEvZW4vaG9tZS5hc3B4IiBUaGlua1RpbWU9IjYiIFRpbWVvdXQ9IjMwMCIgUGFyc2VEZXBlbmRlbnRSZXF1ZXN0cz0iVHJ1ZSIgRm9sbG93UmVkaXJlY3RzPSJUcnVlIiBSZWNvcmRSZXN1bHQ9IlRydWUiIENhY2hlPSJGYWxzZSIgUmVzcG9uc2VUaW1lR29hbD0iMCIgRW5jb2Rpbmc9InV0Zi04IiBFeHBlY3RlZEh0dHBTdGF0dXNDb2RlPSIwIiBFeHBlY3RlZFJlc3BvbnNlVXJsPSIiIFJlcG9ydGluZ05hbWU9IiIgSWdub3JlSHR0cFN0YXR1c0NvZGU9IkZhbHNlIj4NCiAgICAgIDxIZWFkZXJzPg0KICAgICAgICA8SGVhZGVyIE5hbWU9IlJlZmVyZXIiIFZhbHVlPSJodHRwOi8vaW4wMWFwdjExOjgxL2VuL2hvbWUuYXNweCIgLz4NCiAgICAgIDwvSGVhZGVycz4NCiAgICAgIDxFeHRyYWN0aW9uUnVsZXM+DQogICAgICAgIDxFeHRyYWN0aW9uUnVsZSBDbGFzc25hbWU9Ik1pY3Jvc29mdC5WaXN1YWxTdHVkaW8uVGVzdFRvb2xzLldlYlRlc3RpbmcuUnVsZXMuRXh0cmFjdEhpZGRlbkZpZWxkcywgTWljcm9zb2Z0LlZpc3VhbFN0dWRpby5RdWFsaXR5VG9vbHMuV2ViVGVzdEZyYW1ld29yaywgVmVyc2lvbj0xMC4wLjAuMCwgQ3VsdHVyZT1uZXV0cmFsLCBQdWJsaWNLZXlUb2tlbj1iMDNmNWY3ZjExZDUwYTNhIiBWYXJpYWJsZU5hbWU9IjEiIERpc3BsYXlOYW1lPSJFeHRyYWN0IEhpZGRlbiBGaWVsZHMiIERlc2NyaXB0aW9uPSJFeHRyYWN0IGFsbCBoaWRkZW4gZmllbGRzIGZyb20gdGhlIHJlc3BvbnNlIGFuZCBwbGFjZSB0aGVtIGludG8gdGhlIHRlc3QgY29udGV4dC4iPg0KICAgICAgICAgIDxSdWxlUGFyYW1ldGVycz4NCiAgICAgICAgICAgIDxSdWxlUGFyYW1ldGVyIE5hbWU9IlJlcXVpcmVkIiBWYWx1ZT0iVHJ1ZSIgLz4NCiAgICAgICAgICAgIDxSdWxlUGFyYW1ldGVyIE5hbWU9Ikh0bWxEZWNvZGUiIFZhbHVlPSJUcnVlIiAvPg0KICAgICAgICAgIDwvUnVsZVBhcmFtZXRlcnM+DQogICAgICAgIDwvRXh0cmFjdGlvblJ1bGU+DQogICAgICA8L0V4dHJhY3Rpb25SdWxlcz4NCiAgICAgIDxGb3JtUG9zdEh0dHBCb2R5Pg0KICAgICAgICA8Rm9ybVBvc3RQYXJhbWV0ZXIgTmFtZT0iX19FVkVOVFRBUkdFVCIgVmFsdWU9Int7JEhJRERFTjEuX19FVkVOVFRBUkdFVH19IiBSZWNvcmRlZFZhbHVlPSIiIENvcnJlbGF0aW9uQmluZGluZz0iIiBVcmxFbmNvZGU9IlRydWUiIC8+DQogICAgICAgIDxGb3JtUG9zdFBhcmFtZXRlciBOYW1lPSJfX0VWRU5UQVJHVU1FTlQiIFZhbHVlPSJ7eyRISURERU4xLl9fRVZFTlRBUkdVTUVOVH19IiBSZWNvcmRlZFZhbHVlPSIiIENvcnJlbGF0aW9uQmluZGluZz0iIiBVcmxFbmNvZGU9IlRydWUiIC8+DQogICAgICAgIDxGb3JtUG9zdFBhcmFtZXRlciBOYW1lPSJfX1ZJRVdTVEFURSIgVmFsdWU9Int7JEhJRERFTjEuX19WSUVXU1RBVEV9fSIgUmVjb3JkZWRWYWx1ZT0iL3dFUER3VUVOVE00TVE5a0ZnSm1EMlFXQW1ZUFpCWUNaZzlrRmdKbUQyUVdBZ0lERHhZR0hnWnZibXh2WVdRRlAybG1LSFI1Y0dWdlppQlBia0poWTJ0Q2RYUjBiMjVEYkdsamF5QTlQU0FpWm5WdVkzUnBiMjRpS1NCUGJrSmhZMnRDZFhSMGIyNURiR2xqYXlncE94NEtiMjV3WVdkbGMyaHZkd1ZUYVdZZ0tHVjJaVzUwTG5CbGNuTnBjM1JsWkNBbUppQjBlWEJsYjJZZ1QyNUNZV05yUW5WMGRHOXVRMnhwWTJzZ1BUMGdJbVoxYm1OMGFXOXVJaWtnVDI1Q1lXTnJRblYwZEc5dVEyeHBZMnNvS1RzZUNHOXVkVzVzYjJGa1pSWUNBZ0VRWkdRV0NnSUlEMlFXQW1ZUER4WUNIZ2RXYVhOcFlteGxhR1JrQWdvUFpCWUNaZzlrRmdvQ0FnOFZBVmhEYjI1MFpXNTBVR3hoWTJWSWIyeGtaWEpFWldaaGRXeDBYMVJ2Y0V4dloyZGxaRTkxZEY4eVgzQnViRVJ5WVdkaFlteGxWMmx1Wkc5M1EyOXVkR1Z1ZEY5SmJteHBibVZOWlhOellXZGxRMjl1ZEdGcGJtVnlaQUlERHc4V0JCNEVWR1Y0ZEFVT1EzSmxZWFJsSUVGalkyOTFiblFlQzA1aGRtbG5ZWFJsVlhKc0JTTXZaVzR2WTJobFkydHZkWFF2YzNSbGNERXVZWE53ZUQ5dWIyUmxTV1E5TVRFeU4yUmtBZ1VQRHhZQ0h3UUZCVXh2WjJsdUZnSWVCR2h5WldZRkFTTmtBZ2NQRmdJZkJBVU5SM1ZsYzNRZ1FXTmpiM1Z1ZEdRQ0NROFBaQllDSGdWMGFYUnNaUVVGVEc5bmFXNFdEZ0lCRHc4V0JoOEVCUVpGYldGcGJEb2VDRU56YzBOc1lYTnpCUmNnY21WeGRXbHlaV1JHYVdWc1pFTm9ZWEpoWTNSbGNoNEVYeUZUUWdJQ1pHUUNDUThQRmdZZkJBVUpVR0Z6YzNkdmNtUTZId2dGRnlCeVpYRjFhWEpsWkVacFpXeGtRMmhoY21GamRHVnlId2tDQW1Sa0FnOFBaQllDQWdNUER4WUNId1FGRVd0bFpYQWdiV1VnYkc5bloyVmtJR2x1WkdRQ0VROFBGZ1FmQlFVWEwyVnVMMlp2Y21kdmRIQmhjM04zYjNKa0xtRnpjSGdmQkFVUVJtOXlaMjkwSUZCaGMzTjNiM0prUDJSa0FoTVBEeFlFSHdVRkl5OWxiaTlqYUdWamEyOTFkQzl6ZEdWd01TNWhjM0I0UDI1dlpHVkpaRDB4TVRJM0h3UUZEa055WldGMFpTQkJZMk52ZFc1MFpHUUNGUThQRmdJZkJBVUZURzluYVc1a1pBSVhEMlFXQm1ZUEZRRlJRMjl1ZEdWdWRGQnNZV05sU0c5c1pHVnlSR1ZtWVhWc2RGOVViM0JNYjJkblpXUlBkWFJmTWw5MmMwTm9aV05yYjNWMFZHOXdURzluYVc1ZlpXTnZiVlpoYkdsa1lYUnBiMjVUZFcxdFlYSjVaQUlCRHc4V0FoNFBWbUZzYVdSaGRHbHZia2R5YjNWd0JRcDJaMVJ2Y0V4dloybHVaR1FDQWc4VkFWRkRiMjUwWlc1MFVHeGhZMlZJYjJ4a1pYSkVaV1poZFd4MFgxUnZjRXh2WjJkbFpFOTFkRjh5WDNaelEyaGxZMnR2ZFhSVWIzQk1iMmRwYmw5bFkyOXRWbUZzYVdSaGRHbHZibE4xYlcxaGNubGtBZ3dQWkJZQ1pnOWtGZ3dDQ0E4UEZnUWZDQVVKWTJGeWRDMXBZMjl1SHdrQ0FtUVdBZ0lCRHc4V0FoOEZCUTB2Wlc0dlkyRnlkQzVoYzNCNFpHUUNDZzhXQWg4RUJRa3dJRWwwWlcwb2N5bGtBZ3dQRmdJZkJHVmtBZzRQWkJZR0FnRVBaQllDQWdFUEZnSWZCQVVRVEdGemRDQmhaR1JsWkNCcGRHVnRjMlFDQlE4UEZnSWZCQVVFUTJGeWRHUmtBZ2NQRHhZQ0h3UUZDRU5vWldOcmIzVjBGZ0llQjA5dVEyeHBZMnNGbHl4eVpYUjFjbTRnVm1Gc2FXUmhkR1ZKZEdWdGMxUnZRMmhsWTJ0UGRYUlBjbEYxYjNSbEtIc2lRMnh2YzJWQ2RYUjBiMjVVWlhoMElqb2lRMnh2YzJVaUxDSkJiR1Z5ZEUxbGMzTmhaMlZVYVhSc1pTSTZJa0ZzWlhKMElFMWxjM05oWjJVaUxDSkRhR1ZqYTI5MWRGTjBZWFJsUlc1MWJTSTZleUpKYm5aaGJHbGtJam9pU1c1MllXeHBaQ0lzSWxGMWIzUmhZbXhsVDI1c2VTSTZJbEYxYjNSaFlteGxUMjVzZVNJc0lrOXlaR1Z5WVdKc1pVOXViSGtpT2lKUGNtUmxjbUZpYkdWUGJteDVJaXdpVDNKa1pYSmhZbXhsUVc1a1VYVnZkR0ZpYkdVaU9pSlBjbVJsY21GaWJHVkJibVJSZFc5MFlXSnNaU0lzSWs1dmRFOXlaR1Z5WVdKc1pVRnVaRkYxYjNSaFlteGxJam9pVG05MFQzSmtaWEpoWW14bFFXNWtVWFZ2ZEdGaWJHVWlMQ0pPYjNSUGNtUmxjbUZpYkdWQmJtUlJkVzkwWVdKc1pWZHBkR2hKYm5aaGJHbGtJam9pVG05MFQzSmtaWEpoWW14bFFXNWtVWFZ2ZEdGaWJHVlhhWFJvU1c1MllXeHBaQ0lzSWtabGQwOXlaR1Z5WVdKc1pVOXViSGtpT2lKR1pYZFBjbVJsY21GaWJHVlBibXg1SWl3aVJtVjNUM0prWlhKaFlteGxRVzVrUm1WM1VYVnZkR0ZpYkdVaU9pSkdaWGRQY21SbGNtRmliR1ZCYm1SR1pYZFJkVzkwWVdKc1pTSXNJa1psZDFGMWIzUmhZbXhsVDI1c2VWZHBkR2hKYm5aaGJHbGtJam9pUm1WM1VYVnZkR0ZpYkdWUGJteDVWMmwwYUVsdWRtRnNhV1FpTENKR1pYZFBjbVJsY21GaWJHVlBibXg1VjJsMGFFbHVkbUZzYVdRaU9pSkdaWGRQY21SbGNtRmliR1ZQYm14NVYybDBhRWx1ZG1Gc2FXUWlMQ0pHWlhkUGNtUmxjbUZpYkdWQmJtUkdaWGRSZFc5MFlXSnNaVmRwZEdoSmJuWmhiR2xrSWpvaVJtVjNUM0prWlhKaFlteGxRVzVrUm1WM1VYVnZkR0ZpYkdWWGFYUm9TVzUyWVd4cFpDSXNJa1psZDA5eVpHVnlZV0pzWlVGdVpFRnNiRkYxYjNSaFlteGxJam9pUm1WM1QzSmtaWEpoWW14bFFXNWtRV3hzVVhWdmRHRmliR1VpTENKQmJHeFBjbVJsY21GaWJHVkJibVJHWlhkUmRXOTBZV0pzWlNJNklrRnNiRTl5WkdWeVlXSnNaVUZ1WkVabGQxRjFiM1JoWW14bEluMHNJa2wwWlcxVGRHRjBaVVZ1ZFcwaU9uc2lTVzUyWVd4cFpDSTZJa2x1ZG1Gc2FXUWlMQ0pSZFc5MFlXSnNaVTl1YkhraU9pSlJkVzkwWVdKc1pVOXViSGtpTENKUGNtUmxjbUZpYkdWUGJteDVJam9pVDNKa1pYSmhZbXhsVDI1c2VTSXNJazl5WkdWeVlXSnNaVUZ1WkZGMWIzUmhZbXhsSWpvaVQzSmtaWEpoWW14bFFXNWtVWFZ2ZEdGaWJHVWlMQ0pPYjNSUGNtUmxjbUZpYkdWQmJtUlJkVzkwWVdKc1pTSTZJazV2ZEU5eVpHVnlZV0pzWlVGdVpGRjFiM1JoWW14bElpd2lUbTkwVDNKa1pYSmhZbXhsUVc1a1VYVnZkR0ZpYkdWWGFYUm9TVzUyWVd4cFpDSTZJazV2ZEU5eVpHVnlZV0pzWlVGdVpGRjFiM1JoWW14bFYybDBhRWx1ZG1Gc2FXUWlMQ0pHWlhkUGNtUmxjbUZpYkdWUGJteDVJam9pUm1WM1QzSmtaWEpoWW14bFQyNXNlU0lzSWtabGQwOXlaR1Z5WVdKc1pVRnVaRVpsZDFGMWIzUmhZbXhsSWpvaVJtVjNUM0prWlhKaFlteGxRVzVrUm1WM1VYVnZkR0ZpYkdVaUxDSkdaWGRSZFc5MFlXSnNaVTl1YkhsWGFYUm9TVzUyWVd4cFpDSTZJa1psZDFGMWIzUmhZbXhsVDI1c2VWZHBkR2hKYm5aaGJHbGtJaXdpUm1WM1QzSmtaWEpoWW14bFQyNXNlVmRwZEdoSmJuWmhiR2xrSWpvaVJtVjNUM0prWlhKaFlteGxUMjVzZVZkcGRHaEpiblpoYkdsa0lpd2lSbVYzVDNKa1pYSmhZbXhsUVc1a1JtVjNVWFZ2ZEdGaWJHVlhhWFJvU1c1MllXeHBaQ0k2SWtabGQwOXlaR1Z5WVdKc1pVRnVaRVpsZDFGMWIzUmhZbXhsVjJsMGFFbHVkbUZzYVdRaUxDSkdaWGRQY21SbGNtRmliR1ZCYm1SQmJHeFJkVzkwWVdKc1pTSTZJa1psZDA5eVpHVnlZV0pzWlVGdVpFRnNiRkYxYjNSaFlteGxJaXdpUVd4c1QzSmtaWEpoWW14bFFXNWtSbVYzVVhWdmRHRmliR1VpT2lKQmJHeFBjbVJsY21GaWJHVkJibVJHWlhkUmRXOTBZV0pzWlNKOUxDSm9aRzVHYVdWc1pGTmxiR1ZqZEdWa1QzSmtaWEpKZEdWdFEyaGxZMnR2ZFhSVGRHRjBaWE5EYkdsbGJuUkpaQ0k2SWtOdmJuUmxiblJRYkdGalpVaHZiR1JsY2tSbFptRjFiSFJmUTJGeWRFOTJaWEoyYVdWM1h6TmZhR1J1Um1sbGJHUlRaV3hsWTNSbFpFOXlaR1Z5U1hSbGJVTm9aV05yYjNWMFUzUmhkR1Z6SWl3aWFHUnVSbWxsYkdSVFpXeGxZM1JsWkVsMFpXMUpaSE5EYkdsbGJuUkpaQ0k2SWtOdmJuUmxiblJRYkdGalpVaHZiR1JsY2tSbFptRjFiSFJmUTJGeWRFOTJaWEoyYVdWM1h6TmZhR1J1Um1sbGJHUlRaV3hsWTNSbFpFbDBaVzFKWkhNaUxDSlBjbVJsY2xObGJHVmpkR1ZrVUhKdlpIVmpkSE1pT2pFc0lrTnZibVpwY20xaGRHbHZibFJwZEd4bFVtVnpiM1Z5WTJVaU9pSkRiMjVtYVhKdFlYUnBiMjRpTENKUWNtOWpaV1ZrUW5WMGRHOXVWR1Y0ZENJNklsQnliMk5sWldRaUxDSlFjbTlqWldWa1FuVjBkRzl1UTJGc2JHSmhZMnNpT2lKV1lXeHBaR0YwWlVsMFpXMXpWRzlEYUdWamEwOTFkRTl5VVhWdmRHVWlMQ0pKYm5aaGJHbGtTWFJsYlhOVFpXeGxZM1JsWkVadmNrTm9aV05yYjNWMFVtVnpiM1Z5WTJVaU9pSlVhR1Z5WlNCaGNtVWdjMjl0WlNCcGJuWmhiR2xrSUdsMFpXMXpJR05vYjNObGJpQm1iM0lnWTJobFkydHZkWFFpTENKT2IwOXlaR1Z5WVdKc1pVbDBaVzF6VTJWc1pXTjBaV1JHYjNKRGFHVmphMjkxZEZKbGMyOTFjbU5sSWpvaVRtOGdkbUZzYVdRZ2IzSmtaWEpoWW14bElHbDBaVzF6SUdGeVpTQmphRzl6Wlc0Z1ptOXlJRzl5WkdWeUlIQnliMk5sYzNNaUxDSk9iMUYxYjNSaFlteGxTWFJsYlhOVFpXeGxZM1JsWkVadmNrTm9aV05yYjNWMFVtVnpiM1Z5WTJVaU9pSk9ieUIyWVd4cFpDQnhkVzkwWVdKc1pTQnBkR1Z0Y3lCaGNtVWdZMmh2YzJWdUlHWnZjaUJ4ZFc5MFpTQndjbTlqWlhOeklpd2lUM0prWlhKaFlteGxRVzVrVG05dVQzSmtaWEpoWW14bFNYUmxiWE5UWld4bFkzUmxaRVp2Y2tOb1pXTnJiM1YwVW1WemIzVnlZMlVpT2lKWmIzVWdZMkZ1SUdWcGRHaGxjaUFuY0hKdlkyVmxaQ2NnZDJsMGFDQnZjbVJsY2lCd2NtOWpaWE56SUc5bUlIUm9aU0J2Y21SbGNtRmliR1VnYVhSbGJYTWdiM0lnWldScGRDQjBhR1VnYm05dUxXOXlaR1Z5WVdKc1pTQnBkR1Z0Y3lJc0lsRjFiM1JoWW14bFFXNWtUbTl1VVhWdmRHRmliR1ZKZEdWdGMxTmxiR1ZqZEdWa1JtOXlRMmhsWTJ0dmRYUlNaWE52ZFhKalpTSTZJbGx2ZFNCallXNGdaV2wwYUdWeUlDZHdjbTlqWldWa0p5QjNhWFJvSUhGMWIzUmxJSEJ5YjJObGMzTWdiMllnZEdobElIRjFiM1JoWW14bElHbDBaVzF6SUc5eUlHVmthWFFnZEdobElHNXZiaTF4ZFc5MFlXSnNaU0JwZEdWdGN5SXNJbEYxYjNSbFUyVnNaV04wWldSUWNtOWtkV04wY3lJNk1pd2lUbTlKZEdWdGMxTmxiR1ZqZEdWa0lqb2lUbThnU1hSbGJYTWdVMlZzWldOMFpXUXVJRkJzWldGelpTQmphRzl2YzJVZ2IyNWxJQ2h2Y2lrZ2JXOXlaU0JwZEdWdGN5QjBieUJ3WlhKbWIzSnRJSFJvWlNCaFkzUnBiMjR1SWl3aVEyRnlkRUZqZEdsdmJrUmxiR1YwWlZObGJHVmpkR1ZrVUhKdlpIVmpkSE1pT2pVc0lsZHBjMmhNYVhOMFFXTjBhVzl1YzBSbGJHVjBaVk5sYkdWamRHVmtVSEp2WkhWamRITWlPaklzSWtSbGJHVjBaVU52Ym1acGNtMWhkR2x2YmsxbGMzTmhaMlZTWlhOdmRYSmpaU0k2SWp4d1BrUnZJSGx2ZFNCeVpXRnNiSGtnZDJGdWRDQjBieUJrWld4bGRHVWdkR2hwY3lCcGRHVnRLSE1wUHp3dmNENGlMQ0pFWld4bGRHVkRiMjVtYVhKdFlYUnBiMjVPYjBKMWRIUnZibEpsYzI5MWNtTmxJam9pVG04aUxDSkVaV3hsZEdWRGIyNW1hWEp0WVhScGIyNVpaWE5DZFhSMGIyNVNaWE52ZFhKalpTSTZJbGxsY3lJc0lrUmxiR1YwWlVOdmJtWnBjbTFoZEdsdmJraGxZV1JsY2xSbGVIUlNaWE52ZFhKalpTSTZJa1JsYkdWMFpTSXNJa05oY25SQlkzUnBiMjRpT2pFc0lrTm9aV05yYjNWMFFuVjBkRzl1VTJOeWFYQjBJanB1ZFd4c0xDSkRhR1ZqYTI5MWRGTmxjWFZsYm1OcGJtZEJibVJRY21sdFpYSlFiM0IxY0UxbGMzTmhaMlZJWldGa1pYSWlPaUlpTENKRGFHVmphMjkxZEZObGNYVmxibU5wYm1kQmJtUlFjbWx0WlhKUWIzQjFjRTFsYzNOaFoyVklaV0ZrWlhKSmJtWnZjbTFoZEdsdmJpSTZJa2wwSUdseklHNXZkQ0J3YjNOemFXSnNaU0IwYnlCamFHVmphMjkxZENBdklIRjFiM1JsSUhObGNYVmxibU5wYm1jZ2NtVmhZM1JwYjI1eklIZHBkR2h2ZFhRZ2NISnBiV1Z5Y3lCM2FHbGphQ0JoY21VZ1lYTnpiMk5wWVhSbFpDQjBieUJ6Wld4bFkzUmxaQ0J6WlhGMVpXNWphVzVuSUdsMFpXMXpJR2x1SUhSb2FYTWdiM0prWlhJNklEd3ZZbkkrUEM5aWNqNGlMQ0pEYUdWamEyOTFkRk5sY1hWbGJtTnBibWRCYm1SUWNtbHRaWEpRYjNCMWNFMWxjM05oWjJWR2IyOTBaWEpKYm1admNtMWhkR2x2YmlJNklpSXNJa05vWldOcmIzVjBVMlZ4ZFdWdVkybHVaMEZ1WkZCeWFXMWxjbEJ2Y0hWd1RXVnpjMkZuWlVOc2IzTmxRblYwZEc5dVZHVjRkQ0k2SWlJc0lrTm9aV05yYjNWMFUyVnhkV1Z1WTJsdVowRnVaRkJ5YVcxbGNsQnZjSFZ3Um05eWJXRjBUV1Z6YzJGblpTSTZJaUlzSWtOb1pXTnJiM1YwVUhKcGJXVnlRV3h2Ym1WUWIzQjFjRTFsYzNOaFoyVkRiRzl6WlVKMWRIUnZibFJsZUhRaU9pSWlMQ0pEYUdWamEyOTFkRkJ5YVcxbGNrRnNiMjVsVUc5d2RYQk5aWE56WVdkbElqb2lVSEpwYldWeUlHRnNiMjVsSUdOaGJtNXZkQ0JpWlNCamFHVmphMlZrSUc5MWRDNGdVR3hsWVhObElITmxiR1ZqZENCaGRHeGxZWE4wSUc5dVpTQmhjM052WTJsaGRHVmtJSE5sY1hWbGJtTnBibWNnU1hSbGJTNGlMQ0pEYUdWamEyOTFkRkJ5YVcxbGNrRnNiMjVsVUc5d2RYQk5aWE56WVdkbFNHVmhaR1Z5SWpvaVVHeGxZWE5sSUU1dmRHVWlMQ0pDWVhKRGIyUmxWbUZzYVdSaGRHbHZibEJ2Y0hWd1EyeHZjMlZDZFhSMGIyNVVaWGgwSWpvaVQyc2lMQ0pDWVhKRGIyUmxWbUZzYVdSaGRHbHZibEJ2Y0hWd1RXVnpjMkZuWlNJNklrSmhjbU52WkdVZ1ptOXlJRk5sYkdWamRHVmtJRWwwWlcwZ2FYTWdhVzUyWVd4cFpDSXNJa0poY2tOdlpHVldZV3hwWkdGMGFXOXVVRzl3ZFhCTlpYTnpZV2RsU0dWaFpHVnlJam9pVUd4bFlYTmxJRTV2ZEdVaUxDSlRZVzFsUkdGNVJHVnNhWFpsY25sV1lXeHBaR0YwYVc5dVVHOXdkWEJIYjBKaFkydENkWFIwYjI1VVpYaDBJam9pVjJGcGRDQjFiblJwYkNCaGJHd2dUM0prWlhKeklHRnlaU0JtYVc1cGMyaGxaQ0IwYnlCVGFHbHdJRzl1WTJVaUxDSlRZVzFsUkdGNVJHVnNhWFpsY25sV1lXeHBaR0YwYVc5dVVHOXdkWEJEYUdWamEyOTFkRUoxZEhSdmJsUmxlSFFpT2lKRGFHVmphMjkxZENCVFlXMWxJRVJoZVNCUGJHbG5iM01nVDI1c2VTSXNJbE5oYldWRVlYbEVaV3hwZG1WeWVWWmhiR2xrWVhScGIyNVFiM0IxY0UxbGMzTmhaMlZJWldGa1pYSWlPaUpRYkdWaGMyVWdjMlZzWldOMElpd2lVMkZ0WlVSaGVVUmxiR2wyWlhKNVZtRnNhV1JoZEdsdmJsQnZjSFZ3VFdWemMyRm5aVVJsYzJOeWFYQjBhVzl1SWpvaVdXOTFjaUJqWVhKMElHTnZiblJoYVc1eklITmhiV1VnWkdGNUlHOXNhV2R2Y3l3Z2QyaHBZMmdnYm1WbFpDQjBieUJpWlNCamFHVmphMlZrSUc5MWRDQnpaWEJsY21GMFpXeDVJR2x1SUc5eVpHVnlJSFJ2SUdWdWMzVnlaU0IwYUdVZ1ptRnpkR1Z6ZENCa1pXeHBkbVZ5ZVM0Z1ZHaGxJRzkwYUdWeUlHbDBaVzF6SUhkcGJHd2dZbVVnZDJGcGRHbHVaeUJwYmlCNWIzVnlJR05oY25RZ2QyaGxiaUI1YjNVZ2NtVjBkWEp1SUd4aGRHVnlMaUE4YzNCaGJpQmpiR0Z6Y3oxY0luUnZiMngwYVhCZlpHbGhiRzluWENJZ2RHbDBiR1U5WENKRmVIQnNZV2x1SUdKMWRIUnZiaUJrWlhOamNtbHdkR2x2YmlCb1pYSmxJRzl1YkhsY0lpQStQQzl6Y0dGdVBpSXNJbEpsZFhObFpFbDBaVzF6Vm1Gc2FXUmhkR2x2YmxCdmNIVndRMnh2YzJWQ2RYUjBiMjVVWlhoMElqb2lUMnNpTENKU1pYVnpaV1JKZEdWdGMxWmhiR2xrWVhScGIyNVFiM0IxY0UxbGMzTmhaMlVpT2lKUGIzQnpJQ0VnVTI5dFpTQnZjaUJoYkd3Z2IyWWdjMlZzWldOMFpXUWdjbVYxYzJWa0lHbDBaVzBuY3lCdmNtbG5hVzVoYkNCamIyNTBZV2x1WlhKeklHRnlaU0JsZUhCcGNtVmtMaUJaYjNWeUlHTmhjblFnZDJsc2JDQmlaU0IxY0dSaGRHVmtJR0YxZEc5dFlYUnBZMkZzYkhrZ1lXNWtJR05oY25RZ2QybHNiQ0JpWlNCeVpXeHZZV1JsWkM0Z1JYaHdhWEpsWkNCcGRHVnRJRTVoYldWeklHRnlaU0F0UGlJc0lsSmxkWE5sWkVsMFpXMXpWbUZzYVdSaGRHbHZibEJ2Y0hWd1RXVnpjMkZuWlVobFlXUmxjaUk2SWxCc1pXRnpaU0JPYjNSbElpd2lSWGh3YVhKbFpGQnlhVzFsY2xCdmNIVndRMnh2YzJWQ2RYUjBiMjVVWlhoMElqb2lUMnNpTENKRmVIQnBjbVZrVUhKcGJXVnlVRzl3ZFhCTlpYTnpZV2RsVkdWNGRDSTZJbEJ5YVcxbGNpQnBjeUJsZUhCcGNtVmtJR1p2Y2lCMGFHVWdiMjVsSUc5bUlIUm9aU0J6Wld4bGRHVmtJSE5sY1hWbGJtTnBibWNnYVhSbGJTNGdjR3hsWVhObElITmxiR1ZqZENCaGJtOTBhR1Z5SUhCeWFXMWxjaUJ2Y2lCdmNtUmxjaUJ1WlhjZ2NISnBiV1Z5TGlJc0lrVjRjR2x5WldSUWNtbHRaWEpRYjNCMWNFMWxjM05oWjJWSVpXRmtaWEpVWlhoMElqb2lVR3hsYzJVZ1RtOTBaU0lzSWtOaGNuUlFZV2RsVlZKTUlqb2lMMlZ1TDJOaGNuUXVZWE53ZUNJc0lrMXBibWx0ZFcxUWJHRjBaVk5oYlhCc1pYTlFaWEpEYUdWamEyOTFkQ0k2TkRnc0lsQnNZWFJsVTJGdGNHeGxRMjkxYm5RaU9tNTFiR3dzSWtselUybHVaMnhsVUd4aGRHVlhhWFJvVm1Gc2FXUlRZVzF3YkdWRGIzVnVkQ0k2Wm1Gc2MyVXNJazFwYmxCc1lYUmxVMkZ0Y0d4bGMxQnZjSFZ3Um05eWJXRjBUV1Z6YzJGblpTSTZJaUlzSWsxcGJsQnNZWFJsVTJGdGNHeGxjMUJ2Y0hWd1JtOXliV0YwVFdWemMyRm5aVU5zYjNObFFuVjBkRzl1VkdWNGRDSTZJaUlzSWsxcGJsQnNZWFJsVTJGdGNHeGxjMUJ2Y0hWd1JtOXliV0YwVFdWemMyRm5aVWhsWVdSbGNpSTZJaUlzSWsxaGVHbHRkVzFPZFcxaVpYSlBabEJzWVhSbGMxQmxja05vWldOcmIzVjBJam96TENKUWJHRjBaWE5EYjNWdWRFWnZja04xY25KbGJuUlBjbVJsY2lJNmJuVnNiQ3dpVFdGNGFXMTFiVkJzWVhSbGMxQmxja05vWldOcmIzVjBVRzl3ZFhCR2IzSnRZWFJOWlhOellXZGxJam9pVFdGNGFXMTFiU0F6SUhCc1lYUmxjeUJoY21VZ1pXeHBaMmxpYkdVZ2RHOGdZMmhsWTJ0dmRYUWdjR1Z5SUc5eVpHVnlJR1p2Y2lCd2JHRjBaU0J6WlhGMVpXNWphVzVuSUdsMFpXMXpMaUJRYkdWaGMyVWdiVzlrYVdaNUlIbHZkWElnYzJWc1pXTjBhVzl1SUdGalkyOXlaR2x1WjJ4NUxpSXNJazFoZUdsdGRXMVFiR0YwWlhOUVpYSkRhR1ZqYTI5MWRGQnZjSFZ3Um05eWJXRjBUV1Z6YzJGblpVTnNiM05sUW5WMGRHOXVWR1Y0ZENJNklrOXJJaXdpVFdGNGFXMTFiVkJzWVhSbGMxQmxja05vWldOcmIzVjBSbTl5YldGMFRXVnpjMkZuWlVobFlXUmxjaUk2SWxCc1pXRnpaU0JPYjNSbElpd2lVRzl6ZEVKaFkydEZiR1Z0Wlc1MFZXNXBjWFZsU1dRaU9pSmpkR3d3TUNSamRHd3dNQ1JqZEd3d01DUkRiMjUwWlc1MFVHeGhZMlZJYjJ4a1pYSkVaV1poZFd4MEpFTmhjblJQZG1WeWRtbGxkMTh6Skd4dWEwTm9aV05yYjNWMElpd2lSWFpsYm5SQmNtZDFiV1Z1ZENJNklpSjlMQ0IwYUdsektUdGtBaEFQRHhZRUh3VUZEUzlsYmk5allYSjBMbUZ6Y0hnZkJBVUVRMkZ5ZEdSa0FoSVBEeFlHSHdRRkNFTm9aV05yYjNWMEhnZEZibUZpYkdWa2FCOERhQllDSHdzRmx5eHlaWFIxY200Z1ZtRnNhV1JoZEdWSmRHVnRjMVJ2UTJobFkydFBkWFJQY2xGMWIzUmxLSHNpUTJ4dmMyVkNkWFIwYjI1VVpYaDBJam9pUTJ4dmMyVWlMQ0pCYkdWeWRFMWxjM05oWjJWVWFYUnNaU0k2SWtGc1pYSjBJRTFsYzNOaFoyVWlMQ0pEYUdWamEyOTFkRk4wWVhSbFJXNTFiU0k2ZXlKSmJuWmhiR2xrSWpvaVNXNTJZV3hwWkNJc0lsRjFiM1JoWW14bFQyNXNlU0k2SWxGMWIzUmhZbXhsVDI1c2VTSXNJazl5WkdWeVlXSnNaVTl1YkhraU9pSlBjbVJsY21GaWJHVlBibXg1SWl3aVQzSmtaWEpoWW14bFFXNWtVWFZ2ZEdGaWJHVWlPaUpQY21SbGNtRmliR1ZCYm1SUmRXOTBZV0pzWlNJc0lrNXZkRTl5WkdWeVlXSnNaVUZ1WkZGMWIzUmhZbXhsSWpvaVRtOTBUM0prWlhKaFlteGxRVzVrVVhWdmRHRmliR1VpTENKT2IzUlBjbVJsY21GaWJHVkJibVJSZFc5MFlXSnNaVmRwZEdoSmJuWmhiR2xrSWpvaVRtOTBUM0prWlhKaFlteGxRVzVrVVhWdmRHRmliR1ZYYVhSb1NXNTJZV3hwWkNJc0lrWmxkMDl5WkdWeVlXSnNaVTl1YkhraU9pSkdaWGRQY21SbGNtRmliR1ZQYm14NUlpd2lSbVYzVDNKa1pYSmhZbXhsUVc1a1JtVjNVWFZ2ZEdGaWJHVWlPaUpHWlhkUGNtUmxjbUZpYkdWQmJtUkdaWGRSZFc5MFlXSnNaU0lzSWtabGQxRjFiM1JoWW14bFQyNXNlVmRwZEdoSmJuWmhiR2xrSWpvaVJtVjNVWFZ2ZEdGaWJHVlBibXg1VjJsMGFFbHVkbUZzYVdRaUxDSkdaWGRQY21SbGNtRmliR1ZQYm14NVYybDBhRWx1ZG1Gc2FXUWlPaUpHWlhkUGNtUmxjbUZpYkdWUGJteDVWMmwwYUVsdWRtRnNhV1FpTENKR1pYZFBjbVJsY21GaWJHVkJibVJHWlhkUmRXOTBZV0pzWlZkcGRHaEpiblpoYkdsa0lqb2lSbVYzVDNKa1pYSmhZbXhsUVc1a1JtVjNVWFZ2ZEdGaWJHVlhhWFJvU1c1MllXeHBaQ0lzSWtabGQwOXlaR1Z5WVdKc1pVRnVaRUZzYkZGMWIzUmhZbXhsSWpvaVJtVjNUM0prWlhKaFlteGxRVzVrUVd4c1VYVnZkR0ZpYkdVaUxDSkJiR3hQY21SbGNtRmliR1ZCYm1SR1pYZFJkVzkwWVdKc1pTSTZJa0ZzYkU5eVpHVnlZV0pzWlVGdVpFWmxkMUYxYjNSaFlteGxJbjBzSWtsMFpXMVRkR0YwWlVWdWRXMGlPbnNpU1c1MllXeHBaQ0k2SWtsdWRtRnNhV1FpTENKUmRXOTBZV0pzWlU5dWJIa2lPaUpSZFc5MFlXSnNaVTl1YkhraUxDSlBjbVJsY21GaWJHVlBibXg1SWpvaVQzSmtaWEpoWW14bFQyNXNlU0lzSWs5eVpHVnlZV0pzWlVGdVpGRjFiM1JoWW14bElqb2lUM0prWlhKaFlteGxRVzVrVVhWdmRHRmliR1VpTENKT2IzUlBjbVJsY21GaWJHVkJibVJSZFc5MFlXSnNaU0k2SWs1dmRFOXlaR1Z5WVdKc1pVRnVaRkYxYjNSaFlteGxJaXdpVG05MFQzSmtaWEpoWW14bFFXNWtVWFZ2ZEdGaWJHVlhhWFJvU1c1MllXeHBaQ0k2SWs1dmRFOXlaR1Z5WVdKc1pVRnVaRkYxYjNSaFlteGxWMmwwYUVsdWRtRnNhV1FpTENKR1pYZFBjbVJsY21GaWJHVlBibXg1SWpvaVJtVjNUM0prWlhKaFlteGxUMjVzZVNJc0lrWmxkMDl5WkdWeVlXSnNaVUZ1WkVabGQxRjFiM1JoWW14bElqb2lSbVYzVDNKa1pYSmhZbXhsUVc1a1JtVjNVWFZ2ZEdGaWJHVWlMQ0pHWlhkUmRXOTBZV0pzWlU5dWJIbFhhWFJvU1c1MllXeHBaQ0k2SWtabGQxRjFiM1JoWW14bFQyNXNlVmRwZEdoSmJuWmhiR2xrSWl3aVJtVjNUM0prWlhKaFlteGxUMjVzZVZkcGRHaEpiblpoYkdsa0lqb2lSbVYzVDNKa1pYSmhZbXhsVDI1c2VWZHBkR2hKYm5aaGJHbGtJaXdpUm1WM1QzSmtaWEpoWW14bFFXNWtSbVYzVVhWdmRHRmliR1ZYYVhSb1NXNTJZV3hwWkNJNklrWmxkMDl5WkdWeVlXSnNaVUZ1WkVabGQxRjFiM1JoWW14bFYybDBhRWx1ZG1Gc2FXUWlMQ0pHWlhkUGNtUmxjbUZpYkdWQmJtUkJiR3hSZFc5MFlXSnNaU0k2SWtabGQwOXlaR1Z5WVdKc1pVRnVaRUZzYkZGMWIzUmhZbXhsSWl3aVFXeHNUM0prWlhKaFlteGxRVzVrUm1WM1VYVnZkR0ZpYkdVaU9pSkJiR3hQY21SbGNtRmliR1ZCYm1SR1pYZFJkVzkwWVdKc1pTSjlMQ0pvWkc1R2FXVnNaRk5sYkdWamRHVmtUM0prWlhKSmRHVnRRMmhsWTJ0dmRYUlRkR0YwWlhORGJHbGxiblJKWkNJNklrTnZiblJsYm5SUWJHRmpaVWh2YkdSbGNrUmxabUYxYkhSZlEyRnlkRTkyWlhKMmFXVjNYek5mYUdSdVJtbGxiR1JUWld4bFkzUmxaRTl5WkdWeVNYUmxiVU5vWldOcmIzVjBVM1JoZEdWeklpd2lhR1J1Um1sbGJHUlRaV3hsWTNSbFpFbDBaVzFKWkhORGJHbGxiblJKWkNJNklrTnZiblJsYm5SUWJHRmpaVWh2YkdSbGNrUmxabUYxYkhSZlEyRnlkRTkyWlhKMmFXVjNYek5mYUdSdVJtbGxiR1JUWld4bFkzUmxaRWwwWlcxSlpITWlMQ0pQY21SbGNsTmxiR1ZqZEdWa1VISnZaSFZqZEhNaU9qRXNJa052Ym1acGNtMWhkR2x2YmxScGRHeGxVbVZ6YjNWeVkyVWlPaUpEYjI1bWFYSnRZWFJwYjI0aUxDSlFjbTlqWldWa1FuVjBkRzl1VkdWNGRDSTZJbEJ5YjJObFpXUWlMQ0pRY205alpXVmtRblYwZEc5dVEyRnNiR0poWTJzaU9pSldZV3hwWkdGMFpVbDBaVzF6Vkc5RGFHVmphMDkxZEU5eVVYVnZkR1VpTENKSmJuWmhiR2xrU1hSbGJYTlRaV3hsWTNSbFpFWnZja05vWldOcmIzVjBVbVZ6YjNWeVkyVWlPaUpVYUdWeVpTQmhjbVVnYzI5dFpTQnBiblpoYkdsa0lHbDBaVzF6SUdOb2IzTmxiaUJtYjNJZ1kyaGxZMnR2ZFhRaUxDSk9iMDl5WkdWeVlXSnNaVWwwWlcxelUyVnNaV04wWldSR2IzSkRhR1ZqYTI5MWRGSmxjMjkxY21ObElqb2lUbThnZG1Gc2FXUWdiM0prWlhKaFlteGxJR2wwWlcxeklHRnlaU0JqYUc5elpXNGdabTl5SUc5eVpHVnlJSEJ5YjJObGMzTWlMQ0pPYjFGMWIzUmhZbXhsU1hSbGJYTlRaV3hsWTNSbFpFWnZja05vWldOcmIzVjBVbVZ6YjNWeVkyVWlPaUpPYnlCMllXeHBaQ0J4ZFc5MFlXSnNaU0JwZEdWdGN5QmhjbVVnWTJodmMyVnVJR1p2Y2lCeGRXOTBaU0J3Y205alpYTnpJaXdpVDNKa1pYSmhZbXhsUVc1a1RtOXVUM0prWlhKaFlteGxTWFJsYlhOVFpXeGxZM1JsWkVadmNrTm9aV05yYjNWMFVtVnpiM1Z5WTJVaU9pSlpiM1VnWTJGdUlHVnBkR2hsY2lBbmNISnZZMlZsWkNjZ2QybDBhQ0J2Y21SbGNpQndjbTlqWlhOeklHOW1JSFJvWlNCdmNtUmxjbUZpYkdVZ2FYUmxiWE1nYjNJZ1pXUnBkQ0IwYUdVZ2JtOXVMVzl5WkdWeVlXSnNaU0JwZEdWdGN5SXNJbEYxYjNSaFlteGxRVzVrVG05dVVYVnZkR0ZpYkdWSmRHVnRjMU5sYkdWamRHVmtSbTl5UTJobFkydHZkWFJTWlhOdmRYSmpaU0k2SWxsdmRTQmpZVzRnWldsMGFHVnlJQ2R3Y205alpXVmtKeUIzYVhSb0lIRjFiM1JsSUhCeWIyTmxjM01nYjJZZ2RHaGxJSEYxYjNSaFlteGxJR2wwWlcxeklHOXlJR1ZrYVhRZ2RHaGxJRzV2YmkxeGRXOTBZV0pzWlNCcGRHVnRjeUlzSWxGMWIzUmxVMlZzWldOMFpXUlFjbTlrZFdOMGN5STZNaXdpVG05SmRHVnRjMU5sYkdWamRHVmtJam9pVG04Z1NYUmxiWE1nVTJWc1pXTjBaV1F1SUZCc1pXRnpaU0JqYUc5dmMyVWdiMjVsSUNodmNpa2diVzl5WlNCcGRHVnRjeUIwYnlCd1pYSm1iM0p0SUhSb1pTQmhZM1JwYjI0dUlpd2lRMkZ5ZEVGamRHbHZia1JsYkdWMFpWTmxiR1ZqZEdWa1VISnZaSFZqZEhNaU9qVXNJbGRwYzJoTWFYTjBRV04wYVc5dWMwUmxiR1YwWlZObGJHVmpkR1ZrVUhKdlpIVmpkSE1pT2pJc0lrUmxiR1YwWlVOdmJtWnBjbTFoZEdsdmJrMWxjM05oWjJWU1pYTnZkWEpqWlNJNklqeHdQa1J2SUhsdmRTQnlaV0ZzYkhrZ2QyRnVkQ0IwYnlCa1pXeGxkR1VnZEdocGN5QnBkR1Z0S0hNcFB6d3ZjRDRpTENKRVpXeGxkR1ZEYjI1bWFYSnRZWFJwYjI1T2IwSjFkSFJ2YmxKbGMyOTFjbU5sSWpvaVRtOGlMQ0pFWld4bGRHVkRiMjVtYVhKdFlYUnBiMjVaWlhOQ2RYUjBiMjVTWlhOdmRYSmpaU0k2SWxsbGN5SXNJa1JsYkdWMFpVTnZibVpwY20xaGRHbHZia2hsWVdSbGNsUmxlSFJTWlhOdmRYSmpaU0k2SWtSbGJHVjBaU0lzSWtOaGNuUkJZM1JwYjI0aU9qRXNJa05vWldOcmIzVjBRblYwZEc5dVUyTnlhWEIwSWpwdWRXeHNMQ0pEYUdWamEyOTFkRk5sY1hWbGJtTnBibWRCYm1SUWNtbHRaWEpRYjNCMWNFMWxjM05oWjJWSVpXRmtaWElpT2lJaUxDSkRhR1ZqYTI5MWRGTmxjWFZsYm1OcGJtZEJibVJRY21sdFpYSlFiM0IxY0UxbGMzTmhaMlZJWldGa1pYSkpibVp2Y20xaGRHbHZiaUk2SWtsMElHbHpJRzV2ZENCd2IzTnphV0pzWlNCMGJ5QmphR1ZqYTI5MWRDQXZJSEYxYjNSbElITmxjWFZsYm1OcGJtY2djbVZoWTNScGIyNXpJSGRwZEdodmRYUWdjSEpwYldWeWN5QjNhR2xqYUNCaGNtVWdZWE56YjJOcFlYUmxaQ0IwYnlCelpXeGxZM1JsWkNCelpYRjFaVzVqYVc1bklHbDBaVzF6SUdsdUlIUm9hWE1nYjNKa1pYSTZJRHd2WW5JK1BDOWljajRpTENKRGFHVmphMjkxZEZObGNYVmxibU5wYm1kQmJtUlFjbWx0WlhKUWIzQjFjRTFsYzNOaFoyVkdiMjkwWlhKSmJtWnZjbTFoZEdsdmJpSTZJaUlzSWtOb1pXTnJiM1YwVTJWeGRXVnVZMmx1WjBGdVpGQnlhVzFsY2xCdmNIVndUV1Z6YzJGblpVTnNiM05sUW5WMGRHOXVWR1Y0ZENJNklpSXNJa05vWldOcmIzVjBVMlZ4ZFdWdVkybHVaMEZ1WkZCeWFXMWxjbEJ2Y0hWd1JtOXliV0YwVFdWemMyRm5aU0k2SWlJc0lrTm9aV05yYjNWMFVISnBiV1Z5UVd4dmJtVlFiM0IxY0UxbGMzTmhaMlZEYkc5elpVSjFkSFJ2YmxSbGVIUWlPaUlpTENKRGFHVmphMjkxZEZCeWFXMWxja0ZzYjI1bFVHOXdkWEJOWlhOellXZGxJam9pVUhKcGJXVnlJR0ZzYjI1bElHTmhibTV2ZENCaVpTQmphR1ZqYTJWa0lHOTFkQzRnVUd4bFlYTmxJSE5sYkdWamRDQmhkR3hsWVhOMElHOXVaU0JoYzNOdlkybGhkR1ZrSUhObGNYVmxibU5wYm1jZ1NYUmxiUzRpTENKRGFHVmphMjkxZEZCeWFXMWxja0ZzYjI1bFVHOXdkWEJOWlhOellXZGxTR1ZoWkdWeUlqb2lVR3hsWVhObElFNXZkR1VpTENKQ1lYSkRiMlJsVm1Gc2FXUmhkR2x2YmxCdmNIVndRMnh2YzJWQ2RYUjBiMjVVWlhoMElqb2lUMnNpTENKQ1lYSkRiMlJsVm1Gc2FXUmhkR2x2YmxCdmNIVndUV1Z6YzJGblpTSTZJa0poY21OdlpHVWdabTl5SUZObGJHVmpkR1ZrSUVsMFpXMGdhWE1nYVc1MllXeHBaQ0lzSWtKaGNrTnZaR1ZXWVd4cFpHRjBhVzl1VUc5d2RYQk5aWE56WVdkbFNHVmhaR1Z5SWpvaVVHeGxZWE5sSUU1dmRHVWlMQ0pUWVcxbFJHRjVSR1ZzYVhabGNubFdZV3hwWkdGMGFXOXVVRzl3ZFhCSGIwSmhZMnRDZFhSMGIyNVVaWGgwSWpvaVYyRnBkQ0IxYm5ScGJDQmhiR3dnVDNKa1pYSnpJR0Z5WlNCbWFXNXBjMmhsWkNCMGJ5QlRhR2x3SUc5dVkyVWlMQ0pUWVcxbFJHRjVSR1ZzYVhabGNubFdZV3hwWkdGMGFXOXVVRzl3ZFhCRGFHVmphMjkxZEVKMWRIUnZibFJsZUhRaU9pSkRhR1ZqYTI5MWRDQlRZVzFsSUVSaGVTQlBiR2xuYjNNZ1QyNXNlU0lzSWxOaGJXVkVZWGxFWld4cGRtVnllVlpoYkdsa1lYUnBiMjVRYjNCMWNFMWxjM05oWjJWSVpXRmtaWElpT2lKUWJHVmhjMlVnYzJWc1pXTjBJaXdpVTJGdFpVUmhlVVJsYkdsMlpYSjVWbUZzYVdSaGRHbHZibEJ2Y0hWd1RXVnpjMkZuWlVSbGMyTnlhWEIwYVc5dUlqb2lXVzkxY2lCallYSjBJR052Ym5SaGFXNXpJSE5oYldVZ1pHRjVJRzlzYVdkdmN5d2dkMmhwWTJnZ2JtVmxaQ0IwYnlCaVpTQmphR1ZqYTJWa0lHOTFkQ0J6WlhCbGNtRjBaV3g1SUdsdUlHOXlaR1Z5SUhSdklHVnVjM1Z5WlNCMGFHVWdabUZ6ZEdWemRDQmtaV3hwZG1WeWVTNGdWR2hsSUc5MGFHVnlJR2wwWlcxeklIZHBiR3dnWW1VZ2QyRnBkR2x1WnlCcGJpQjViM1Z5SUdOaGNuUWdkMmhsYmlCNWIzVWdjbVYwZFhKdUlHeGhkR1Z5TGlBOGMzQmhiaUJqYkdGemN6MWNJblJ2YjJ4MGFYQmZaR2xoYkc5blhDSWdkR2wwYkdVOVhDSkZlSEJzWVdsdUlHSjFkSFJ2YmlCa1pYTmpjbWx3ZEdsdmJpQm9aWEpsSUc5dWJIbGNJaUErUEM5emNHRnVQaUlzSWxKbGRYTmxaRWwwWlcxelZtRnNhV1JoZEdsdmJsQnZjSFZ3UTJ4dmMyVkNkWFIwYjI1VVpYaDBJam9pVDJzaUxDSlNaWFZ6WldSSmRHVnRjMVpoYkdsa1lYUnBiMjVRYjNCMWNFMWxjM05oWjJVaU9pSlBiM0J6SUNFZ1UyOXRaU0J2Y2lCaGJHd2diMllnYzJWc1pXTjBaV1FnY21WMWMyVmtJR2wwWlcwbmN5QnZjbWxuYVc1aGJDQmpiMjUwWVdsdVpYSnpJR0Z5WlNCbGVIQnBjbVZrTGlCWmIzVnlJR05oY25RZ2QybHNiQ0JpWlNCMWNHUmhkR1ZrSUdGMWRHOXRZWFJwWTJGc2JIa2dZVzVrSUdOaGNuUWdkMmxzYkNCaVpTQnlaV3h2WVdSbFpDNGdSWGh3YVhKbFpDQnBkR1Z0SUU1aGJXVnpJR0Z5WlNBdFBpSXNJbEpsZFhObFpFbDBaVzF6Vm1Gc2FXUmhkR2x2YmxCdmNIVndUV1Z6YzJGblpVaGxZV1JsY2lJNklsQnNaV0Z6WlNCT2IzUmxJaXdpUlhod2FYSmxaRkJ5YVcxbGNsQnZjSFZ3UTJ4dmMyVkNkWFIwYjI1VVpYaDBJam9pVDJzaUxDSkZlSEJwY21Wa1VISnBiV1Z5VUc5d2RYQk5aWE56WVdkbFZHVjRkQ0k2SWxCeWFXMWxjaUJwY3lCbGVIQnBjbVZrSUdadmNpQjBhR1VnYjI1bElHOW1JSFJvWlNCelpXeGxkR1ZrSUhObGNYVmxibU5wYm1jZ2FYUmxiUzRnY0d4bFlYTmxJSE5sYkdWamRDQmhibTkwYUdWeUlIQnlhVzFsY2lCdmNpQnZjbVJsY2lCdVpYY2djSEpwYldWeUxpSXNJa1Y0Y0dseVpXUlFjbWx0WlhKUWIzQjFjRTFsYzNOaFoyVklaV0ZrWlhKVVpYaDBJam9pVUd4bGMyVWdUbTkwWlNJc0lrTmhjblJRWVdkbFZWSk1Jam9pTDJWdUwyTmhjblF1WVhOd2VDSXNJazFwYm1sdGRXMVFiR0YwWlZOaGJYQnNaWE5RWlhKRGFHVmphMjkxZENJNk5EZ3NJbEJzWVhSbFUyRnRjR3hsUTI5MWJuUWlPbTUxYkd3c0lrbHpVMmx1WjJ4bFVHeGhkR1ZYYVhSb1ZtRnNhV1JUWVcxd2JHVkRiM1Z1ZENJNlptRnNjMlVzSWsxcGJsQnNZWFJsVTJGdGNHeGxjMUJ2Y0hWd1JtOXliV0YwVFdWemMyRm5aU0k2SWlJc0lrMXBibEJzWVhSbFUyRnRjR3hsYzFCdmNIVndSbTl5YldGMFRXVnpjMkZuWlVOc2IzTmxRblYwZEc5dVZHVjRkQ0k2SWlJc0lrMXBibEJzWVhSbFUyRnRjR3hsYzFCdmNIVndSbTl5YldGMFRXVnpjMkZuWlVobFlXUmxjaUk2SWlJc0lrMWhlR2x0ZFcxT2RXMWlaWEpQWmxCc1lYUmxjMUJsY2tOb1pXTnJiM1YwSWpvekxDSlFiR0YwWlhORGIzVnVkRVp2Y2tOMWNuSmxiblJQY21SbGNpSTZiblZzYkN3aVRXRjRhVzExYlZCc1lYUmxjMUJsY2tOb1pXTnJiM1YwVUc5d2RYQkdiM0p0WVhSTlpYTnpZV2RsSWpvaVRXRjRhVzExYlNBeklIQnNZWFJsY3lCaGNtVWdaV3hwWjJsaWJHVWdkRzhnWTJobFkydHZkWFFnY0dWeUlHOXlaR1Z5SUdadmNpQndiR0YwWlNCelpYRjFaVzVqYVc1bklHbDBaVzF6TGlCUWJHVmhjMlVnYlc5a2FXWjVJSGx2ZFhJZ2MyVnNaV04wYVc5dUlHRmpZMjl5WkdsdVoyeDVMaUlzSWsxaGVHbHRkVzFRYkdGMFpYTlFaWEpEYUdWamEyOTFkRkJ2Y0hWd1JtOXliV0YwVFdWemMyRm5aVU5zYjNObFFuVjBkRzl1VkdWNGRDSTZJazlySWl3aVRXRjRhVzExYlZCc1lYUmxjMUJsY2tOb1pXTnJiM1YwUm05eWJXRjBUV1Z6YzJGblpVaGxZV1JsY2lJNklsQnNaV0Z6WlNCT2IzUmxJaXdpVUc5emRFSmhZMnRGYkdWdFpXNTBWVzVwY1hWbFNXUWlPaUpqZEd3d01DUmpkR3d3TUNSamRHd3dNQ1JEYjI1MFpXNTBVR3hoWTJWSWIyeGtaWEpFWldaaGRXeDBKRU5oY25SUGRtVnlkbWxsZDE4ekpHeHVhME5vWldOcmIzVjBJaXdpUlhabGJuUkJjbWQxYldWdWRDSTZJaUo5TENCMGFHbHpLVHRrQWhJUFpCWUdBZ01QWkJZQ1pnOFBGZ0lmQTJoa1pBSUZEMlFXQW1ZUER4WUNIZ3RzWW14SVpXRmtUR2x1WlFVRlRHOW5hVzVrRmdnQ0FnOFZBV3REYjI1MFpXNTBVR3hoWTJWSWIyeGtaWEpFWldaaGRXeDBYMDFoYzNSbGNsQnNZV05sYUc5c1pHVnlYMGh2YldWTWIyZG5aV1JQZFhSZk4xOXdibXhFY21GbllXSnNaVmRwYm1SdmQwTnZiblJsYm5SZlNXNXNhVzVsVFdWemMyRm5aVU52Ym5SaGFXNWxjbVFDQXc4V0FoOEVCUWxPWlhjZ2RYTmxjajlrQWdVUER4WUVId1FGRGtOeVpXRjBaU0JCWTJOdmRXNTBId1VGSXk5bGJpOWphR1ZqYTI5MWRDOXpkR1Z3TVM1aGMzQjRQMjV2WkdWSlpEMHhNVEkzWkdRQ0J3OWtGZ3dDQVE4UEZnWWZCQVVHUlcxaGFXdzZId2dGRnlCeVpYRjFhWEpsWkVacFpXeGtRMmhoY21GamRHVnlId2tDQW1Sa0Fna1BEeFlHSHdRRkNWQmhjM04zYjNKa09oOElCUmNnY21WeGRXbHlaV1JHYVdWc1pFTm9ZWEpoWTNSbGNoOEpBZ0prWkFJUER3OFdBaDhFQlFWTWIyZHBibVJrQWhFUFpCWUNBZ01QRHhZQ0h3UUZFV3RsWlhBZ2JXVWdiRzluWjJWa0lHbHVaR1FDRXc4UEZnUWZCUVVYTDJWdUwyWnZjbWR2ZEhCaGMzTjNiM0prTG1GemNIZ2ZCQVVRUm05eVoyOTBJRkJoYzNOM2IzSmtQMlJrQWhVUFpCWUdaZzhWQVdWRGIyNTBaVzUwVUd4aFkyVkliMnhrWlhKRVpXWmhkV3gwWDAxaGMzUmxjbEJzWVdObGFHOXNaR1Z5WDBodmJXVk1iMmRuWldSUGRYUmZOMTkyYzBOb1pXTnJiM1YwU0c5dFpVeHZaMmx1WDJWamIyMVdZV3hwWkdGMGFXOXVVM1Z0YldGeWVXUUNBUThQRmdJZkNnVUxkbWRJYjIxbFRHOW5hVzVrWkFJQ0R4VUJaVU52Ym5SbGJuUlFiR0ZqWlVodmJHUmxja1JsWm1GMWJIUmZUV0Z6ZEdWeVVHeGhZMlZvYjJ4a1pYSmZTRzl0WlV4dloyZGxaRTkxZEY4M1gzWnpRMmhsWTJ0dmRYUkliMjFsVEc5bmFXNWZaV052YlZaaGJHbGtZWFJwYjI1VGRXMXRZWEo1WkFJSEQyUVdBbVlQRHhZQ0h3MEZDazVsWldRZ1NHVnNjRDlrRmdRQ0FnOFZBVzFEYjI1MFpXNTBVR3hoWTJWSWIyeGtaWEpFWldaaGRXeDBYMDFoYzNSbGNsQnNZV05sYUc5c1pHVnlYME4xYzNSdmJXVnlVM1Z3Y0c5eWRGODRYM0J1YkVSeVlXZGhZbXhsVjJsdVpHOTNRMjl1ZEdWdWRGOUpibXhwYm1WTlpYTnpZV2RsUTI5dWRHRnBibVZ5WkFJREQyUVdDQUlCRHhZQ0h3UUZFRU4xYzNSdmJXVnlJRk4xY0hCdmNuUmtBZ01QRHhZQ0h3UUZFQ3MwT1NBNE1Ea3lJRGd5T0RrZ056ZGtaQUlGRHc4V0FoOEVCV2c4WVNCb2NtVm1QU0l2Wlc0dlpYVnliMlpwYm5NdGJYZG5MVzl3WlhKdmJpOXpaWEoyYVdObExXTmxiblJsY2k5amIyNTBZV04wTFhWekwyZHNiMkpoYkMxa2FYSmxZM1J2Y25rdVlYTndlQ0krUm5KbFpTQndhRzl1WlNCdWRXMWlaWEp6UEM5aFBtUmtBZ2NQRHhZRUh3UUZSRHhoSUdoeVpXWTlJbTFoYVd4MGJ6cHpkWEJ3YjNKMExXVjFRR1YxY205bWFXNXpMbU52YlNJK2MzVndjRzl5ZEMxbGRVQmxkWEp2Wm1sdWN5NWpiMjA4TDJFK0h3VUZTMjFoYVd4MGJ6bzhZU0JvY21WbVBTSnRZV2xzZEc4NmMzVndjRzl5ZEMxbGRVQmxkWEp2Wm1sdWN5NWpiMjBpUG5OMWNIQnZjblF0WlhWQVpYVnliMlpwYm5NdVkyOXRQQzloUG1Sa0FoVVBaQllDWmc5a0ZnSm1EeFVCcGdaMllYSWdjMmh2ZDFCeWIyZHlaWE56UW1GeVFXWjBaWEk5TWpBd093MEtkbUZ5SUcxbGMzTmhaMlZRY205bmNtVnpjMEpoY2owblVHeGxZWE5sSUhkaGFYUXVMaTRuT3cwS2RtRnlJSEJ5YjJkeVpYTnpRbUZ5VkdsMGJHVTlKMUJzWldGelpTQjNZV2wwTGk0dUp6c05DblpoY2lCd2NtOW5jbVZ6YzBKaGNrTmhibU5sYkVKMWRIUnZibFJsZUhROUowTmhibU5sYkNjN0RRcDJZWElnWVd4bGNuUk5aWE56WVdkbFFuVjBkRzl1VkdWNGREMG5UMnNuT3cwS2RtRnlJR0ZzWlhKMFRXVnpjMkZuWlZScGRHeGxQU2RCYkdWeWRDQk5aWE56WVdkbEp6c05DblpoY2lCdmNHVnliMjVUYVhSbFZYSnNQU2NuT3cwS2RtRnlJR04xY25KbGJuUlRhWFJsUTI5a1pUMG5SVUpGSnpzTkNuWmhjaUJ6ZFdKRWIyMWhhVzQ5SjFGQkp6c05DblpoY2lCd2IzSjBUblZ0WW1WeVBTYzRNU2M3RFFwMllYSWdjSEpsVEc5aFpFbHRZV2RsVEdsemREMWJKeTlqYzNNdlpYaDBMMnB4ZFdWeWVYUm9aVzFsY3k5cGJXRm5aWE12ZFdrdFltZGZaMnhoYzNOZk5UVmZNV014WXpGalh6RjROREF3TG5CdVp5ZGRPdzBLZG1GeUlIQnlhV05wYm1kRVpYUmhhV3h6UTJ4dmMyVkNkWFIwYjI1VVpYaDBQU2REYkc5elpTYzdEUXAyWVhJZ1FXUmtRblYwZEc5dVVtVnpiM1Z5WTJWVVpYaDBJRDBnSjBGa1pDYzdEUXAyWVhJZ1EyRnVZMlZzUW5WMGRHOXVVbVZ6YjNWeVkyVlVaWGgwSUQwZ0owTmhibU5sYkNjN0RRcDJZWElnUTJ4dmMyVkNkWFIwYjI1U1pYTnZkWEpqWlZSbGVIUWdQU0FuUTJ4dmMyVW5PdzBLZG1GeUlGTmhkbVZDZFhSMGIyNVNaWE52ZFhKalpWUmxlSFFnUFNBblUyRjJaU2M3RFFwMllYSWdUbTlDZFhSMGIyNVNaWE52ZFhKalpWUmxlSFFnUFNBblRtOG5PdzBLZG1GeUlGbGxjMEoxZEhSdmJsSmxjMjkxY21ObFZHVjRkQ0E5SUNkWlpYTW5PdzBLZG1GeUlGUm9hV05yUW05NFEyeHZjMlZVWlhoMFVtVnpiM1Z5WTJVZ1BTQW5iM0lnUlhOaklFdGxlU2M3RFFwMllYSWdWR2hwWTJ0Q2IzaERiRzl6WlV4cGJtdFNaWE52ZFhKalpTQTlJQ2RqYkc5elpTYzdEUXAyWVhJZ1pHVndiRzk1YldWdWRFVnVkbWx5YjI1dFpXNTBJRDBnSjFGQkp6c05DbVFZQVFVZVgxOURiMjUwY205c2MxSmxjWFZwY21WUWIzTjBRbUZqYTB0bGVWOWZGZ0lGVFdOMGJEQXdKR04wYkRBd0pHTjBiREF3SkVOdmJuUmxiblJRYkdGalpVaHZiR1JsY2tSbFptRjFiSFFrVkc5d1RHOW5aMlZrVDNWMFh6SWtZMmhpVkc5d1MyVmxjRXh2WjJkbFpFbHVCV0JqZEd3d01DUmpkR3d3TUNSamRHd3dNQ1JEYjI1MFpXNTBVR3hoWTJWSWIyeGtaWEpFWldaaGRXeDBKRTFoYzNSbGNsQnNZV05sYUc5c1pHVnlKRWh2YldWTWIyZG5aV1JQZFhSZk55UmpZa2h2YldWTFpXVndURzluWjJWa1NXUkYvMkpSRkgwU1Roa1JmSWRuKzdUKzk0NlE1M2dxRENTdmFsd3dCa25GVlE9PSIgQ29ycmVsYXRpb25CaW5kaW5nPSIiIFVybEVuY29kZT0iVHJ1ZSIgLz4NCiAgICAgICAgPEZvcm1Qb3N0UGFyYW1ldGVyIE5hbWU9ImN0bDAwJGN0bDAwJGN0bDAwJENvbnRlbnRQbGFjZUhvbGRlckRlZmF1bHQkVG9wTG9nZ2VkT3V0XzIkaGRuU2NyZWVuQXJlYSIgVmFsdWU9Int7JEhJRERFTjEuY3RsMDAkY3RsMDAkY3RsMDAkQ29udGVudFBsYWNlSG9sZGVyRGVmYXVsdCRUb3BMb2dnZWRPdXRfMiRoZG5TY3JlZW5BcmVhfX0iIFJlY29yZGVkVmFsdWU9IiIgQ29ycmVsYXRpb25CaW5kaW5nPSIiIFVybEVuY29kZT0iVHJ1ZSIgLz4NCiAgICAgICAgPEZvcm1Qb3N0UGFyYW1ldGVyIE5hbWU9ImN0bDAwJGN0bDAwJGN0bDAwJENvbnRlbnRQbGFjZUhvbGRlckRlZmF1bHQkQ2FydE92ZXJ2aWV3XzMkaGRuRmllbGRTZWxlY3RlZE9yZGVySXRlbUNoZWNrb3V0U3RhdGVzIiBWYWx1ZT0ie3skSElEREVOMS5jdGwwMCRjdGwwMCRjdGwwMCRDb250ZW50UGxhY2VIb2xkZXJEZWZhdWx0JENhcnRPdmVydmlld18zJGhkbkZpZWxkU2VsZWN0ZWRPcmRlckl0ZW1DaGVja291dFN0YXRlc319IiBSZWNvcmRlZFZhbHVlPSIiIENvcnJlbGF0aW9uQmluZGluZz0iIiBVcmxFbmNvZGU9IlRydWUiIC8+DQogICAgICAgIDxGb3JtUG9zdFBhcmFtZXRlciBOYW1lPSJjdGwwMCRjdGwwMCRjdGwwMCRDb250ZW50UGxhY2VIb2xkZXJEZWZhdWx0JENhcnRPdmVydmlld18zJGhkbkZpZWxkQ29tcGxldGVDYXJ0Q2hlY2tvdXRTdGF0ZUVudW1zIiBWYWx1ZT0ie3skSElEREVOMS5jdGwwMCRjdGwwMCRjdGwwMCRDb250ZW50UGxhY2VIb2xkZXJEZWZhdWx0JENhcnRPdmVydmlld18zJGhkbkZpZWxkQ29tcGxldGVDYXJ0Q2hlY2tvdXRTdGF0ZUVudW1zfX0iIFJlY29yZGVkVmFsdWU9IiIgQ29ycmVsYXRpb25CaW5kaW5nPSIiIFVybEVuY29kZT0iVHJ1ZSIgLz4NCiAgICAgICAgPEZvcm1Qb3N0UGFyYW1ldGVyIE5hbWU9ImN0bDAwJGN0bDAwJGN0bDAwJENvbnRlbnRQbGFjZUhvbGRlckRlZmF1bHQkQ2FydE92ZXJ2aWV3XzMkaGRuRmllbGRTZWxlY3RlZEl0ZW1JZHMiIFZhbHVlPSJ7eyRISURERU4xLmN0bDAwJGN0bDAwJGN0bDAwJENvbnRlbnRQbGFjZUhvbGRlckRlZmF1bHQkQ2FydE92ZXJ2aWV3XzMkaGRuRmllbGRTZWxlY3RlZEl0ZW1JZHN9fSIgUmVjb3JkZWRWYWx1ZT0iIiBDb3JyZWxhdGlvbkJpbmRpbmc9IiIgVXJsRW5jb2RlPSJUcnVlIiAvPg0KICAgICAgICA8Rm9ybVBvc3RQYXJhbWV0ZXIgTmFtZT0iY3RsMDAkY3RsMDAkY3RsMDAkQ29udGVudFBsYWNlSG9sZGVyRGVmYXVsdCRDYXJ0T3ZlcnZpZXdfMyRoZG5TY3JlZW5BcmVhIiBWYWx1ZT0ie3skSElEREVOMS5jdGwwMCRjdGwwMCRjdGwwMCRDb250ZW50UGxhY2VIb2xkZXJEZWZhdWx0JENhcnRPdmVydmlld18zJGhkblNjcmVlbkFyZWF9fSIgUmVjb3JkZWRWYWx1ZT0iIiBDb3JyZWxhdGlvbkJpbmRpbmc9IiIgVXJsRW5jb2RlPSJUcnVlIiAvPg0KICAgICAgICA8Rm9ybVBvc3RQYXJhbWV0ZXIgTmFtZT0iY3RsMDAkY3RsMDAkY3RsMDAkQ29udGVudFBsYWNlSG9sZGVyRGVmYXVsdCRNYXN0ZXJQbGFjZWhvbGRlciRIb21lTG9nZ2VkT3V0XzckdHh0SG9tZUxvZ2luIiBWYWx1ZT0icG50ZXN0MDAxQGV1cm9maW5zLmNvbSIgUmVjb3JkZWRWYWx1ZT0icG50ZXN0MDAxQGV1cm9maW5zLmNvbSIgQ29ycmVsYXRpb25CaW5kaW5nPSIiIFVybEVuY29kZT0iVHJ1ZSIgLz4NCiAgICAgICAgPEZvcm1Qb3N0UGFyYW1ldGVyIE5hbWU9ImN0bDAwJGN0bDAwJGN0bDAwJENvbnRlbnRQbGFjZUhvbGRlckRlZmF1bHQkTWFzdGVyUGxhY2Vob2xkZXIkSG9tZUxvZ2dlZE91dF83JHR4dEhvbWVQYXNzd29yZCIgVmFsdWU9InBudGVzdDAwMSIgUmVjb3JkZWRWYWx1ZT0icG50ZXN0MDAxIiBDb3JyZWxhdGlvbkJpbmRpbmc9IiIgVXJsRW5jb2RlPSJUcnVlIiAvPg0KICAgICAgICA8Rm9ybVBvc3RQYXJhbWV0ZXIgTmFtZT0iY3RsMDAkY3RsMDAkY3RsMDAkQ29udGVudFBsYWNlSG9sZGVyRGVmYXVsdCRNYXN0ZXJQbGFjZWhvbGRlciRIb21lTG9nZ2VkT3V0XzckYnRuSG9tZVN1Ym1pdCIgVmFsdWU9IkxvZ2luIiBSZWNvcmRlZFZhbHVlPSJMb2dpbiIgQ29ycmVsYXRpb25CaW5kaW5nPSJ7e0Zvcm1Qb3N0UGFyYW0yMi5jdGwwMCRjdGwwMCRjdGwwMCRDb250ZW50UGxhY2VIb2xkZXJEZWZhdWx0JE1hc3RlclBsYWNlaG9sZGVyJEhvbWVMb2dnZWRPdXRfNyRidG5Ib21lU3VibWl0fX0iIFVybEVuY29kZT0iVHJ1ZSIgLz4NCiAgICAgICAgPEZvcm1Qb3N0UGFyYW1ldGVyIE5hbWU9ImN0bDAwJGN0bDAwJGN0bDAwJENvbnRlbnRQbGFjZUhvbGRlckRlZmF1bHQkTWFzdGVyUGxhY2Vob2xkZXIkSG9tZUxvZ2dlZE91dF83JHZzQ2hlY2tvdXRIb21lTG9naW4kaGRuVmFsaWRhdGlvblJlc3VsdCIgVmFsdWU9Int7JEhJRERFTjEuY3RsMDAkY3RsMDAkY3RsMDAkQ29udGVudFBsYWNlSG9sZGVyRGVmYXVsdCRNYXN0ZXJQbGFjZWhvbGRlciRIb21lTG9nZ2VkT3V0XzckdnNDaGVja291dEhvbWVMb2dpbiRoZG5WYWxpZGF0aW9uUmVzdWx0fX0iIFJlY29yZGVkVmFsdWU9IiIgQ29ycmVsYXRpb25CaW5kaW5nPSIiIFVybEVuY29kZT0iVHJ1ZSIgLz4NCiAgICAgICAgPEZvcm1Qb3N0UGFyYW1ldGVyIE5hbWU9ImN0bDAwJGN0bDAwJGN0bDAwJENvbnRlbnRQbGFjZUhvbGRlckRlZmF1bHQkTWFzdGVyUGxhY2Vob2xkZXIkSG9tZUxvZ2dlZE91dF83JGhkblNjcmVlbkFyZWEiIFZhbHVlPSJ7eyRISURERU4xLmN0bDAwJGN0bDAwJGN0bDAwJENvbnRlbnRQbGFjZUhvbGRlckRlZmF1bHQkTWFzdGVyUGxhY2Vob2xkZXIkSG9tZUxvZ2dlZE91dF83JGhkblNjcmVlbkFyZWF9fSIgUmVjb3JkZWRWYWx1ZT0iIiBDb3JyZWxhdGlvbkJpbmRpbmc9IiIgVXJsRW5jb2RlPSJUcnVlIiAvPg0KICAgICAgICA8Rm9ybVBvc3RQYXJhbWV0ZXIgTmFtZT0iY3RsMDAkY3RsMDAkY3RsMDAkQ29udGVudFBsYWNlSG9sZGVyRGVmYXVsdCRNYXN0ZXJQbGFjZWhvbGRlciRDdXN0b21lclN1cHBvcnRfOCRoZG5TY3JlZW5BcmVhIiBWYWx1ZT0ie3skSElEREVOMS5jdGwwMCRjdGwwMCRjdGwwMCRDb250ZW50UGxhY2VIb2xkZXJEZWZhdWx0JE1hc3RlclBsYWNlaG9sZGVyJEN1c3RvbWVyU3VwcG9ydF84JGhkblNjcmVlbkFyZWF9fSIgUmVjb3JkZWRWYWx1ZT0iIiBDb3JyZWxhdGlvbkJpbmRpbmc9IiIgVXJsRW5jb2RlPSJUcnVlIiAvPg0KICAgICAgICA8Rm9ybVBvc3RQYXJhbWV0ZXIgTmFtZT0iY3RsMDAkY3RsMDAkY3RsMDAkQ29udGVudFBsYWNlSG9sZGVyRGVmYXVsdCRoZG5DYW5Jbml0aWFsaXplQ3VsdHVyZSIgVmFsdWU9Int7JEhJRERFTjEuY3RsMDAkY3RsMDAkY3RsMDAkQ29udGVudFBsYWNlSG9sZGVyRGVmYXVsdCRoZG5DYW5Jbml0aWFsaXplQ3VsdHVyZX19IiBSZWNvcmRlZFZhbHVlPSJmYWxzZSIgQ29ycmVsYXRpb25CaW5kaW5nPSIiIFVybEVuY29kZT0iVHJ1ZSIgLz4NCiAgICAgICAgPEZvcm1Qb3N0UGFyYW1ldGVyIE5hbWU9ImN0bDAwJGN0bDAwJGN0bDAwJENvbnRlbnRQbGFjZUhvbGRlckRlZmF1bHQkaGRuRWNvbURyYWdEcm9wSnNvbiIgVmFsdWU9Int7JEhJRERFTjEuY3RsMDAkY3RsMDAkY3RsMDAkQ29udGVudFBsYWNlSG9sZGVyRGVmYXVsdCRoZG5FY29tRHJhZ0Ryb3BKc29ufX0iIFJlY29yZGVkVmFsdWU9IiIgQ29ycmVsYXRpb25CaW5kaW5nPSIiIFVybEVuY29kZT0iVHJ1ZSIgLz4NCiAgICAgICAgPEZvcm1Qb3N0UGFyYW1ldGVyIE5hbWU9ImN0bDAwJGN0bDAwJGN0bDAwJENvbnRlbnRQbGFjZUhvbGRlckRlZmF1bHQkaGRuQ3VycmVudFBhZ2VJZGVudGl0eSIgVmFsdWU9Int7JEhJRERFTjEuY3RsMDAkY3RsMDAkY3RsMDAkQ29udGVudFBsYWNlSG9sZGVyRGVmYXVsdCRoZG5DdXJyZW50UGFnZUlkZW50aXR5fX0iIFJlY29yZGVkVmFsdWU9IjExMjciIENvcnJlbGF0aW9uQmluZGluZz0iIiBVcmxFbmNvZGU9IlRydWUiIC8+DQogICAgICAgIDxGb3JtUG9zdFBhcmFtZXRlciBOYW1lPSJjdGwwMCRjdGwwMCRjdGwwMCRDb250ZW50UGxhY2VIb2xkZXJEZWZhdWx0JGhkblNjcm9sbFlQb3NpdGlvbiIgVmFsdWU9Int7JEhJRERFTjEuY3RsMDAkY3RsMDAkY3RsMDAkQ29udGVudFBsYWNlSG9sZGVyRGVmYXVsdCRoZG5TY3JvbGxZUG9zaXRpb259fSIgUmVjb3JkZWRWYWx1ZT0iMCIgQ29ycmVsYXRpb25CaW5kaW5nPSIiIFVybEVuY29kZT0iVHJ1ZSIgLz4NCiAgICAgICAgPEZvcm1Qb3N0UGFyYW1ldGVyIE5hbWU9Il9fVklFV1NUQVRFR0VORVJBVE9SIiBWYWx1ZT0ie3skSElEREVOMS5fX1ZJRVdTVEFURUdFTkVSQVRPUn19IiBSZWNvcmRlZFZhbHVlPSJDQTBCMDMzNCIgQ29ycmVsYXRpb25CaW5kaW5nPSIiIFVybEVuY29kZT0iVHJ1ZSIgLz4NCiAgICAgIDwvRm9ybVBvc3RIdHRwQm9keT4NCiAgICA8L1JlcXVlc3Q+DQogICAgPENvbW1lbnQgQ29tbWVudFRleHQ9IkNsaWNrX015IEFkZHJlc3MiIC8+DQogICAgPFJlcXVlc3QgTWV0aG9kPSJQT1NUIiBHdWlkPSI0YTkxZmYzMy1iMTBkLTQ3ZGYtYjA4OC0yODAwOGE0MGViZmQiIFZlcnNpb249IjEuMSIgVXJsPSJodHRwOi8vaW4wMWFwdjExOjgxL2VuL2hvbWUuYXNweCIgVGhpbmtUaW1lPSIwIiBUaW1lb3V0PSIzMDAiIFBhcnNlRGVwZW5kZW50UmVxdWVzdHM9IlRydWUiIEZvbGxvd1JlZGlyZWN0cz0iVHJ1ZSIgUmVjb3JkUmVzdWx0PSJUcnVlIiBDYWNoZT0iRmFsc2UiIFJlc3BvbnNlVGltZUdvYWw9IjAiIEVuY29kaW5nPSJ1dGYtOCIgRXhwZWN0ZWRIdHRwU3RhdHVzQ29kZT0iMCIgRXhwZWN0ZWRSZXNwb25zZVVybD0iaHR0cDovL2luMDFhcHYxMTo4MS9lbi9teWFkZHJlc3Nlcy5hc3B4IiBSZXBvcnRpbmdOYW1lPSIiIElnbm9yZUh0dHBTdGF0dXNDb2RlPSJGYWxzZSI+DQogICAgICA8RGVwZW5kZW50UmVxdWVzdHM+DQogICAgICAgIDxSZXF1ZXN0IE1ldGhvZD0iR0VUIiBHdWlkPSIyNGE2YTA0Mi1hYzU2LTQ2ODYtOWZmZS0wMDdkZWZmODYxNzgiIFZlcnNpb249IjEuMSIgVXJsPSJodHRwczovL2ZvbnRzLmdvb2dsZWFwaXMuY29tL2NzcyIgVGhpbmtUaW1lPSIyIiBUaW1lb3V0PSIzMDAiIFBhcnNlRGVwZW5kZW50UmVxdWVzdHM9IlRydWUiIEZvbGxvd1JlZGlyZWN0cz0iVHJ1ZSIgUmVjb3JkUmVzdWx0PSJUcnVlIiBDYWNoZT0iRmFsc2UiIFJlc3BvbnNlVGltZUdvYWw9IjAiIEVuY29kaW5nPSJ1dGYtOCIgRXhwZWN0ZWRIdHRwU3RhdHVzQ29kZT0iMCIgRXhwZWN0ZWRSZXNwb25zZVVybD0iIiBSZXBvcnRpbmdOYW1lPSIiIElnbm9yZUh0dHBTdGF0dXNDb2RlPSJGYWxzZSI+DQogICAgICAgICAgPEhlYWRlcnM+DQogICAgICAgICAgICA8SGVhZGVyIE5hbWU9IlJlZmVyZXIiIFZhbHVlPSJodHRwOi8vaW4wMWFwdjExOjgxL2VuL215YWRkcmVzc2VzLmFzcHgiIC8+DQogICAgICAgICAgPC9IZWFkZXJzPg0KICAgICAgICAgIDxRdWVyeVN0cmluZ1BhcmFtZXRlcnM+DQogICAgICAgICAgICA8UXVlcnlTdHJpbmdQYXJhbWV0ZXIgTmFtZT0iZmFtaWx5IiBWYWx1ZT0iUm9ib3RvOjMwMCw0MDAsNTAwLDcwMD9FY29tVmVyc2lvbiUzZDguMC43OC4yMSIgUmVjb3JkZWRWYWx1ZT0iUm9ib3RvOjMwMCw0MDAsNTAwLDcwMD9FY29tVmVyc2lvbiUzZDguMC43OC4yMSIgQ29ycmVsYXRpb25CaW5kaW5nPSIiIFVybEVuY29kZT0iRmFsc2UiIFVzZVRvR3JvdXBSZXN1bHRzPSJGYWxzZSIgLz4NCiAgICAgICAgICA8L1F1ZXJ5U3RyaW5nUGFyYW1ldGVycz4NCiAgICAgICAgPC9SZXF1ZXN0Pg0KICAgICAgICA8UmVxdWVzdCBNZXRob2Q9IkdFVCIgR3VpZD0iY2ExODk4N2QtMDRhZi00NTNlLWJiMmUtNWZhYmZkNjI1YWQxIiBWZXJzaW9uPSIxLjEiIFVybD0iaHR0cHM6Ly9jc2kuZ3N0YXRpYy5jb20vY3NpIiBUaGlua1RpbWU9IjUiIFRpbWVvdXQ9IjMwMCIgUGFyc2VEZXBlbmRlbnRSZXF1ZXN0cz0iVHJ1ZSIgRm9sbG93UmVkaXJlY3RzPSJUcnVlIiBSZWNvcmRSZXN1bHQ9IlRydWUiIENhY2hlPSJGYWxzZSIgUmVzcG9uc2VUaW1lR29hbD0iMCIgRW5jb2Rpbmc9InV0Zi04IiBFeHBlY3RlZEh0dHBTdGF0dXNDb2RlPSIwIiBFeHBlY3RlZFJlc3BvbnNlVXJsPSIiIFJlcG9ydGluZ05hbWU9IiIgSWdub3JlSHR0cFN0YXR1c0NvZGU9IkZhbHNlIj4NCiAgICAgICAgICA8SGVhZGVycz4NCiAgICAgICAgICAgIDxIZWFkZXIgTmFtZT0iUmVmZXJlciIgVmFsdWU9Imh0dHA6Ly9pbjAxYXB2MTE6ODEvZW4vbXlhZGRyZXNzZXMuYXNweCIgLz4NCiAgICAgICAgICA8L0hlYWRlcnM+DQogICAgICAgICAgPFF1ZXJ5U3RyaW5nUGFyYW1ldGVycz4NCiAgICAgICAgICAgIDxRdWVyeVN0cmluZ1BhcmFtZXRlciBOYW1lPSJ2IiBWYWx1ZT0iMiIgUmVjb3JkZWRWYWx1ZT0iMiIgQ29ycmVsYXRpb25CaW5kaW5nPSIiIFVybEVuY29kZT0iRmFsc2UiIFVzZVRvR3JvdXBSZXN1bHRzPSJGYWxzZSIgLz4NCiAgICAgICAgICAgIDxRdWVyeVN0cmluZ1BhcmFtZXRlciBOYW1lPSJzIiBWYWx1ZT0ibWFwc2FwaTMiIFJlY29yZGVkVmFsdWU9Im1hcHNhcGkzIiBDb3JyZWxhdGlvbkJpbmRpbmc9IiIgVXJsRW5jb2RlPSJGYWxzZSIgVXNlVG9Hcm91cFJlc3VsdHM9IkZhbHNlIiAvPg0KICAgICAgICAgICAgPFF1ZXJ5U3RyaW5nUGFyYW1ldGVyIE5hbWU9InYzdiIgVmFsdWU9IjI5LjEwIiBSZWNvcmRlZFZhbHVlPSIyOS4xMCIgQ29ycmVsYXRpb25CaW5kaW5nPSIiIFVybEVuY29kZT0iRmFsc2UiIFVzZVRvR3JvdXBSZXN1bHRzPSJGYWxzZSIgLz4NCiAgICAgICAgICAgIDxRdWVyeVN0cmluZ1BhcmFtZXRlciBOYW1lPSJhY3Rpb24iIFZhbHVlPSJhcGlib290MiIgUmVjb3JkZWRWYWx1ZT0iYXBpYm9vdDIiIENvcnJlbGF0aW9uQmluZGluZz0iIiBVcmxFbmNvZGU9IkZhbHNlIiBVc2VUb0dyb3VwUmVzdWx0cz0iRmFsc2UiIC8+DQogICAgICAgICAgICA8UXVlcnlTdHJpbmdQYXJhbWV0ZXIgTmFtZT0iZSIgVmFsdWU9IjEwXzFfMCwxMF8yXzAiIFJlY29yZGVkVmFsdWU9IjEwXzFfMCwxMF8yXzAiIENvcnJlbGF0aW9uQmluZGluZz0iIiBVcmxFbmNvZGU9IkZhbHNlIiBVc2VUb0dyb3VwUmVzdWx0cz0iRmFsc2UiIC8+DQogICAgICAgICAgICA8UXVlcnlTdHJpbmdQYXJhbWV0ZXIgTmFtZT0icnQiIFZhbHVlPSJtYWluLjgiIFJlY29yZGVkVmFsdWU9Im1haW4uOCIgQ29ycmVsYXRpb25CaW5kaW5nPSIiIFVybEVuY29kZT0iRmFsc2UiIFVzZVRvR3JvdXBSZXN1bHRzPSJGYWxzZSIgLz4NCiAgICAgICAgICA8L1F1ZXJ5U3RyaW5nUGFyYW1ldGVycz4NCiAgICAgICAgPC9SZXF1ZXN0Pg0KICAgICAgPC9EZXBlbmRlbnRSZXF1ZXN0cz4NCiAgICAgIDxIZWFkZXJzPg0KICAgICAgICA8SGVhZGVyIE5hbWU9IlJlZmVyZXIiIFZhbHVlPSJodHRwOi8vaW4wMWFwdjExOjgxL2VuL2hvbWUuYXNweCIgLz4NCiAgICAgIDwvSGVhZGVycz4NCiAgICAgIDxFeHRyYWN0aW9uUnVsZXM+DQogICAgICAgIDxFeHRyYWN0aW9uUnVsZSBDbGFzc25hbWU9Ik1pY3Jvc29mdC5WaXN1YWxTdHVkaW8uVGVzdFRvb2xzLldlYlRlc3RpbmcuUnVsZXMuRXh0cmFjdEhpZGRlbkZpZWxkcywgTWljcm9zb2Z0LlZpc3VhbFN0dWRpby5RdWFsaXR5VG9vbHMuV2ViVGVzdEZyYW1ld29yaywgVmVyc2lvbj0xMC4wLjAuMCwgQ3VsdHVyZT1uZXV0cmFsLCBQdWJsaWNLZXlUb2tlbj1iMDNmNWY3ZjExZDUwYTNhIiBWYXJpYWJsZU5hbWU9IjEiIERpc3BsYXlOYW1lPSJFeHRyYWN0IEhpZGRlbiBGaWVsZHMiIERlc2NyaXB0aW9uPSJFeHRyYWN0IGFsbCBoaWRkZW4gZmllbGRzIGZyb20gdGhlIHJlc3BvbnNlIGFuZCBwbGFjZSB0aGVtIGludG8gdGhlIHRlc3QgY29udGV4dC4iPg0KICAgICAgICAgIDxSdWxlUGFyYW1ldGVycz4NCiAgICAgICAgICAgIDxSdWxlUGFyYW1ldGVyIE5hbWU9IlJlcXVpcmVkIiBWYWx1ZT0iVHJ1ZSIgLz4NCiAgICAgICAgICAgIDxSdWxlUGFyYW1ldGVyIE5hbWU9Ikh0bWxEZWNvZGUiIFZhbHVlPSJUcnVlIiAvPg0KICAgICAgICAgIDwvUnVsZVBhcmFtZXRlcnM+DQogICAgICAgIDwvRXh0cmFjdGlvblJ1bGU+DQogICAgICA8L0V4dHJhY3Rpb25SdWxlcz4NCiAgICAgIDxDb3JyZWxhdGlvbkV4dHJhY3Rpb25SdWxlcz4NCiAgICAgICAgPEV4dHJhY3Rpb25SdWxlIENsYXNzbmFtZT0iTWljcm9zb2Z0LlZpc3VhbFN0dWRpby5UZXN0VG9vbHMuV2ViVGVzdGluZy5SdWxlcy5FeHRyYWN0Rm9ybUZpZWxkLCBNaWNyb3NvZnQuVmlzdWFsU3R1ZGlvLlF1YWxpdHlUb29scy5XZWJUZXN0RnJhbWV3b3JrLCBWZXJzaW9uPTEwLjAuMC4wLCBDdWx0dXJlPW5ldXRyYWwsIFB1YmxpY0tleVRva2VuPWIwM2Y1ZjdmMTFkNTBhM2EiIFZhcmlhYmxlTmFtZT0iRm9ybVBvc3RQYXJhbTIwLmN0bDAwJGN0bDAwJGN0bDAwJENvbnRlbnRQbGFjZUhvbGRlckRlZmF1bHQkTWFzdGVyUGxhY2Vob2xkZXIkQWRkcmVzc0xpc3RfNSRndkFkZHJlc3NMaXN0JGN0bDAyJHJkYnRuU2VsZWN0QWRkcmVzcyIgRGlzcGxheU5hbWU9IiIgRGVzY3JpcHRpb249IiI+DQogICAgICAgICAgPFJ1bGVQYXJhbWV0ZXJzPg0KICAgICAgICAgICAgPFJ1bGVQYXJhbWV0ZXIgTmFtZT0iTmFtZSIgVmFsdWU9IkNvbnRlbnRQbGFjZUhvbGRlckRlZmF1bHRfTWFzdGVyUGxhY2Vob2xkZXJfQWRkcmVzc0xpc3RfNV9ndkFkZHJlc3NMaXN0X3JkYnRuU2VsZWN0QWRkcmVzc18wIiAvPg0KICAgICAgICAgICAgPFJ1bGVQYXJhbWV0ZXIgTmFtZT0iSHRtbERlY29kZSIgVmFsdWU9IlRydWUiIC8+DQogICAgICAgICAgICA8UnVsZVBhcmFtZXRlciBOYW1lPSJSZXF1aXJlZCIgVmFsdWU9IkZhbHNlIiAvPg0KICAgICAgICAgICAgPFJ1bGVQYXJhbWV0ZXIgTmFtZT0iSW5kZXgiIFZhbHVlPSIwIiAvPg0KICAgICAgICAgIDwvUnVsZVBhcmFtZXRlcnM+DQogICAgICAgIDwvRXh0cmFjdGlvblJ1bGU+DQogICAgICAgIDxFeHRyYWN0aW9uUnVsZSBDbGFzc25hbWU9Ik1pY3Jvc29mdC5WaXN1YWxTdHVkaW8uVGVzdFRvb2xzLldlYlRlc3RpbmcuUnVsZXMuRXh0cmFjdEZvcm1GaWVsZCwgTWljcm9zb2Z0LlZpc3VhbFN0dWRpby5RdWFsaXR5VG9vbHMuV2ViVGVzdEZyYW1ld29yaywgVmVyc2lvbj0xMC4wLjAuMCwgQ3VsdHVyZT1uZXV0cmFsLCBQdWJsaWNLZXlUb2tlbj1iMDNmNWY3ZjExZDUwYTNhIiBWYXJpYWJsZU5hbWU9IkZvcm1Qb3N0UGFyYW0yMS5jdGwwMCRjdGwwMCRjdGwwMCRDb250ZW50UGxhY2VIb2xkZXJEZWZhdWx0JE1hc3RlclBsYWNlaG9sZGVyJEFkZHJlc3NMaXN0XzYkZ3ZBZGRyZXNzTGlzdCRjdGwwMiRyZGJ0blNlbGVjdEFkZHJlc3MiIERpc3BsYXlOYW1lPSIiIERlc2NyaXB0aW9uPSIiPg0KICAgICAgICAgIDxSdWxlUGFyYW1ldGVycz4NCiAgICAgICAgICAgIDxSdWxlUGFyYW1ldGVyIE5hbWU9Ik5hbWUiIFZhbHVlPSJDb250ZW50UGxhY2VIb2xkZXJEZWZhdWx0X01hc3RlclBsYWNlaG9sZGVyX0FkZHJlc3NMaXN0XzZfZ3ZBZGRyZXNzTGlzdF9yZGJ0blNlbGVjdEFkZHJlc3NfMCIgLz4NCiAgICAgICAgICAgIDxSdWxlUGFyYW1ldGVyIE5hbWU9Ikh0bWxEZWNvZGUiIFZhbHVlPSJUcnVlIiAvPg0KICAgICAgICAgICAgPFJ1bGVQYXJhbWV0ZXIgTmFtZT0iUmVxdWlyZWQiIFZhbHVlPSJGYWxzZSIgLz4NCiAgICAgICAgICAgIDxSdWxlUGFyYW1ldGVyIE5hbWU9IkluZGV4IiBWYWx1ZT0iMCIgLz4NCiAgICAgICAgICA8L1J1bGVQYXJhbWV0ZXJzPg0KICAgICAgICA8L0V4dHJhY3Rpb25SdWxlPg0KICAgICAgPC9Db3JyZWxhdGlvbkV4dHJhY3Rpb25SdWxlcz4NCiAgICAgIDxGb3JtUG9zdEh0dHBCb2R5Pg0KICAgICAgICA8Rm9ybVBvc3RQYXJhbWV0ZXIgTmFtZT0iX19FVkVOVFRBUkdFVCIgVmFsdWU9Int7JEhJRERFTjEuX19FVkVOVFRBUkdFVH19IiBSZWNvcmRlZFZhbHVlPSJjdGwwMCRjdGwwMCRjdGwwMCRDb250ZW50UGxhY2VIb2xkZXJEZWZhdWx0JFRvcExvZ2dlZEluXzEkbG5iVG9wTG9nZ2VkSW5NeUFkZHJlc3NlcyIgQ29ycmVsYXRpb25CaW5kaW5nPSIiIFVybEVuY29kZT0iVHJ1ZSIgLz4NCiAgICAgICAgPEZvcm1Qb3N0UGFyYW1ldGVyIE5hbWU9Il9fRVZFTlRBUkdVTUVOVCIgVmFsdWU9Int7JEhJRERFTjEuX19FVkVOVEFSR1VNRU5UfX0iIFJlY29yZGVkVmFsdWU9IiIgQ29ycmVsYXRpb25CaW5kaW5nPSIiIFVybEVuY29kZT0iVHJ1ZSIgLz4NCiAgICAgICAgPEZvcm1Qb3N0UGFyYW1ldGVyIE5hbWU9Il9fVklFV1NUQVRFIiBWYWx1ZT0ie3skSElEREVOMS5fX1ZJRVdTVEFURX19IiBSZWNvcmRlZFZhbHVlPSIvd0VQRHdVRU5UTTRNUTlrRmdKbUQyUVdBbVlQWkJZQ1pnOWtGZ0ptRDJRV0FnSUREeFlHSGdadmJteHZZV1FGUDJsbUtIUjVjR1Z2WmlCUGJrSmhZMnRDZFhSMGIyNURiR2xqYXlBOVBTQWlablZ1WTNScGIyNGlLU0JQYmtKaFkydENkWFIwYjI1RGJHbGpheWdwT3g0S2IyNXdZV2RsYzJodmR3VlRhV1lnS0dWMlpXNTBMbkJsY25OcGMzUmxaQ0FtSmlCMGVYQmxiMllnVDI1Q1lXTnJRblYwZEc5dVEyeHBZMnNnUFQwZ0ltWjFibU4wYVc5dUlpa2dUMjVDWVdOclFuVjBkRzl1UTJ4cFkyc29LVHNlQ0c5dWRXNXNiMkZrWlJZQ0FnRVFaR1FXQ2dJSUQyUVdBbVlQWkJZU0FnSVBGUUZYUTI5dWRHVnVkRkJzWVdObFNHOXNaR1Z5UkdWbVlYVnNkRjlVYjNCTWIyZG5aV1JKYmw4eFgzQnViRVJ5WVdkaFlteGxWMmx1Wkc5M1EyOXVkR1Z1ZEY5SmJteHBibVZOWlhOellXZGxRMjl1ZEdGcGJtVnlaQUlERDJRV0FnSUJEdzhXQWg0RVZHVjRkQVVHVEc5bmIzVjBaR1FDQlE4UEZnSWVCMVpwYzJsaWJHVm5aQllDQWdFUER4WUdIZ3RPWVhacFoyRjBaVlZ5YkFVVWZpOWhaRzFwYmk5M1pXeGpiMjFsTG1GemNIZ2ZBd1VPUVdSdGFXNXBjM1J5WVhScGIyNGZCR2RrWkFJSER3OFdBaDhFWjJRV0JnSUJEeFlDSHdNRkJVaGxiR3h2WkFJRER4WUNId01GRlhCdWRHVnpkR1l3TURFZ2NHNTBaWE4wYkRBd01XUUNCUThXQWg0SmFXNXVaWEpvZEcxc0JRMUJZMk52ZFc1MElFbEVJRG9nWkFJSkQyUVdDQUlCRHhZQ0h3TUZBeW9xS21RQ0F3OFBGZ0lmQTJWa1pBSUZEdzhXQWg4REJSRW9ZbVZqYjIxbElIbHZkWEp6Wld4bUtXUmtBZ2NQRmdJZkF3VURLaW9xWkFJTkR3OFdBaDhFWjJRV0FnSUJEdzhXQkI4REJReE5lU0JFWVhOb1ltOWhjbVFmQkdka1pBSVBEdzhXQWg4RVoyUVdBZ0lCRHc4V0NCNElRM056UTJ4aGMzTUZEV1ZtUTI5c2IzSlBjbUZ1WjJVZkF3VUpUWGtnVDNKa1pYSnpIZ1JmSVZOQ0FnSWZCR2RrWkFJUkR3OFdBaDhFWjJRV0FnSUJEdzhXQkI4REJReE5lU0JCWkdSeVpYTnpaWE1mQkdka1pBSVREdzhXQWg4RVoyUVdBZ0lCRHc4V0JCOERCUTVOZVNCUWNtVm1aWEpsYm1ObGN4OEVaMlJrQWdvUFpCWUNaZzhQRmdJZkJHaGtGZ1lDQXc4UEZnSWZCUVVqTDJWdUwyTm9aV05yYjNWMEwzTjBaWEF4TG1GemNIZy9ibTlrWlVsa1BURXhNamRrWkFJRkR3OWtGZ0llQkdoeVpXWUZBU05rQWdrUEQyUVdBaDRGZEdsMGJHVUZCVXh2WjJsdUZnZ0NBUThQRmdZZkF3VUdSVzFoYVd3Nkh3Y0ZGeUJ5WlhGMWFYSmxaRVpwWld4a1EyaGhjbUZqZEdWeUh3Z0NBbVJrQWdrUER4WUdId01GQTNzd2ZSOEhCUmNnY21WeGRXbHlaV1JHYVdWc1pFTm9ZWEpoWTNSbGNoOElBZ0prWkFJUkR3OFdBaDhGQlJjdlpXNHZabTl5WjI5MGNHRnpjM2R2Y21RdVlYTndlR1JrQWhNUER4WUNId1VGSXk5bGJpOWphR1ZqYTI5MWRDOXpkR1Z3TVM1aGMzQjRQMjV2WkdWSlpEMHhNVEkzWkdRQ0RBOWtGZ0ptRDJRV0RBSUlEdzhXQkI4SEJRMWpZWEowTFdsamIyNUdkV3hzSHdnQ0FtUVdBZ0lCRHc4V0FoOEZCUTB2Wlc0dlkyRnlkQzVoYzNCNFpHUUNDZzhXQWg4REJRazRJRWwwWlcwb2N5bGtBZ3dQRmdJZkF3VU1OeTQ1TXpZc01EQWc0b0tzWkFJT0R3OFdBaDhFWjJRV0NBSUJEMlFXQWdJQkR4WUNId01GRUV4aGMzUWdZV1JrWldRZ2FYUmxiWE5rQWdNUEZnSWZCZ1hiRFR4a2FYWWdZMnhoYzNNOUoyeGxablFuUGprMmQyVnNiQ0JCWjJGeUlGQnNZWFJsUEM5a2FYWStQR1JwZGlCamJHRnpjejBuY21sbmFIUW5QanhoSUdoeVpXWTlKeU1uSUc5dVkyeHBZMnM5SjFOb2IzZEVhV0ZzYjJjb0lqeHdQa1J2SUhsdmRTQnlaV0ZzYkhrZ2QyRnVkQ0IwYnlCa1pXeGxkR1VnZEdocGN5QnBkR1Z0S0hNcFB6d3ZjRDRpTEhzaVJHbGhiRzluUTJ4aGMzTWlPaUlpTENKSVpXbG5hSFFpT2lKaGRYUnZJaXdpVFc5a1lXd2lPblJ5ZFdVc0lsQnZjMmwwYVc5dUlqb2lZMlZ1ZEdWeUlpd2lWMmxrZEdnaU9pSXpNREFpTENKRGJHOXpZV0pzWlNJNmRISjFaU3dpVkdsMGJHVWlPaUpFWld4bGRHVWlMQ0pDZFhSMGIyNHhWR1Y0ZENJNklsbGxjeUlzSWtKMWRIUnZiakpVWlhoMElqb2lUbThpTENKQ2RYUjBiMjR4UTJGc2JHSmhZMnNpT2lKRVpXeGxkR1ZQY21SbGNrbDBaVzBpTENKQ2RYUjBiMjR5UTJGc2JHSmhZMnNpT201MWJHd3NJa0oxZEhSdmJqRkRZV3hzWW1GamExQmhjbUZ0WlhSbGNuTWlPaUo3WENKSlpGd2lPak0yTWpRMU1uMGlMQ0pDZFhSMGIyNHlRMkZzYkdKaFkydFFZWEpoYldWMFpYSnpJanB1ZFd4c0xDSlNaWE5wZW1GaWJHVWlPbVpoYkhObExDSkVjbUZuWjJGaWJHVWlPbVpoYkhObExDSkJkWFJ2VDNCbGJpSTZabUZzYzJVc0lrRndjR1Z1WkZSdklqb2lZbTlrZVNJc0lrMWhlRWhsYVdkb2RDSTZOREF3TENKTllYaFhhV1IwYUNJNk16QXdMQ0pOYVc1SVpXbG5hSFFpT2pFMU1Dd2lUV2x1VjJsa2RHZ2lPakUxTUgwcE95YytlRHd2WVQ0OEwyUnBkajROQ2p4a2FYWWdZMnhoYzNNOUoyeGxablFuUGprMmQyVnNiQ0JCWjJGeUlGQnNZWFJsUEM5a2FYWStQR1JwZGlCamJHRnpjejBuY21sbmFIUW5QanhoSUdoeVpXWTlKeU1uSUc5dVkyeHBZMnM5SjFOb2IzZEVhV0ZzYjJjb0lqeHdQa1J2SUhsdmRTQnlaV0ZzYkhrZ2QyRnVkQ0IwYnlCa1pXeGxkR1VnZEdocGN5QnBkR1Z0S0hNcFB6d3ZjRDRpTEhzaVJHbGhiRzluUTJ4aGMzTWlPaUlpTENKSVpXbG5hSFFpT2lKaGRYUnZJaXdpVFc5a1lXd2lPblJ5ZFdVc0lsQnZjMmwwYVc5dUlqb2lZMlZ1ZEdWeUlpd2lWMmxrZEdnaU9pSXpNREFpTENKRGJHOXpZV0pzWlNJNmRISjFaU3dpVkdsMGJHVWlPaUpFWld4bGRHVWlMQ0pDZFhSMGIyNHhWR1Y0ZENJNklsbGxjeUlzSWtKMWRIUnZiakpVWlhoMElqb2lUbThpTENKQ2RYUjBiMjR4UTJGc2JHSmhZMnNpT2lKRVpXeGxkR1ZQY21SbGNrbDBaVzBpTENKQ2RYUjBiMjR5UTJGc2JHSmhZMnNpT201MWJHd3NJa0oxZEhSdmJqRkRZV3hzWW1GamExQmhjbUZ0WlhSbGNuTWlPaUo3WENKSlpGd2lPak0yTWpRMU1IMGlMQ0pDZFhSMGIyNHlRMkZzYkdKaFkydFFZWEpoYldWMFpYSnpJanB1ZFd4c0xDSlNaWE5wZW1GaWJHVWlPbVpoYkhObExDSkVjbUZuWjJGaWJHVWlPbVpoYkhObExDSkJkWFJ2VDNCbGJpSTZabUZzYzJVc0lrRndjR1Z1WkZSdklqb2lZbTlrZVNJc0lrMWhlRWhsYVdkb2RDSTZOREF3TENKTllYaFhhV1IwYUNJNk16QXdMQ0pOYVc1SVpXbG5hSFFpT2pFMU1Dd2lUV2x1VjJsa2RHZ2lPakUxTUgwcE95YytlRHd2WVQ0OEwyUnBkajROQ2p4a2FYWWdZMnhoYzNNOUoyeGxablFuUGprMmQyVnNiQ0JCWjJGeUlGQnNZWFJsUEM5a2FYWStQR1JwZGlCamJHRnpjejBuY21sbmFIUW5QanhoSUdoeVpXWTlKeU1uSUc5dVkyeHBZMnM5SjFOb2IzZEVhV0ZzYjJjb0lqeHdQa1J2SUhsdmRTQnlaV0ZzYkhrZ2QyRnVkQ0IwYnlCa1pXeGxkR1VnZEdocGN5QnBkR1Z0S0hNcFB6d3ZjRDRpTEhzaVJHbGhiRzluUTJ4aGMzTWlPaUlpTENKSVpXbG5hSFFpT2lKaGRYUnZJaXdpVFc5a1lXd2lPblJ5ZFdVc0lsQnZjMmwwYVc5dUlqb2lZMlZ1ZEdWeUlpd2lWMmxrZEdnaU9pSXpNREFpTENKRGJHOXpZV0pzWlNJNmRISjFaU3dpVkdsMGJHVWlPaUpFWld4bGRHVWlMQ0pDZFhSMGIyNHhWR1Y0ZENJNklsbGxjeUlzSWtKMWRIUnZiakpVWlhoMElqb2lUbThpTENKQ2RYUjBiMjR4UTJGc2JHSmhZMnNpT2lKRVpXeGxkR1ZQY21SbGNrbDBaVzBpTENKQ2RYUjBiMjR5UTJGc2JHSmhZMnNpT201MWJHd3NJa0oxZEhSdmJqRkRZV3hzWW1GamExQmhjbUZ0WlhSbGNuTWlPaUo3WENKSlpGd2lPak0yTWpRME9YMGlMQ0pDZFhSMGIyNHlRMkZzYkdKaFkydFFZWEpoYldWMFpYSnpJanB1ZFd4c0xDSlNaWE5wZW1GaWJHVWlPbVpoYkhObExDSkVjbUZuWjJGaWJHVWlPbVpoYkhObExDSkJkWFJ2VDNCbGJpSTZabUZzYzJVc0lrRndjR1Z1WkZSdklqb2lZbTlrZVNJc0lrMWhlRWhsYVdkb2RDSTZOREF3TENKTllYaFhhV1IwYUNJNk16QXdMQ0pOYVc1SVpXbG5hSFFpT2pFMU1Dd2lUV2x1VjJsa2RHZ2lPakUxTUgwcE95YytlRHd2WVQ0OEwyUnBkajROQ21RQ0JROFBGZ1FmQlFVTkwyVnVMMk5oY25RdVlYTndlQjhEQlFSRFlYSjBaR1FDQnc4UEZnWWZBd1VJUTJobFkydHZkWFFlQjBWdVlXSnNaV1JuSHdSbkZnSWVCMDl1UTJ4cFkyc0ZseXh5WlhSMWNtNGdWbUZzYVdSaGRHVkpkR1Z0YzFSdlEyaGxZMnRQZFhSUGNsRjFiM1JsS0hzaVEyeHZjMlZDZFhSMGIyNVVaWGgwSWpvaVEyeHZjMlVpTENKQmJHVnlkRTFsYzNOaFoyVlVhWFJzWlNJNklrRnNaWEowSUUxbGMzTmhaMlVpTENKRGFHVmphMjkxZEZOMFlYUmxSVzUxYlNJNmV5SkpiblpoYkdsa0lqb2lTVzUyWVd4cFpDSXNJbEYxYjNSaFlteGxUMjVzZVNJNklsRjFiM1JoWW14bFQyNXNlU0lzSWs5eVpHVnlZV0pzWlU5dWJIa2lPaUpQY21SbGNtRmliR1ZQYm14NUlpd2lUM0prWlhKaFlteGxRVzVrVVhWdmRHRmliR1VpT2lKUGNtUmxjbUZpYkdWQmJtUlJkVzkwWVdKc1pTSXNJazV2ZEU5eVpHVnlZV0pzWlVGdVpGRjFiM1JoWW14bElqb2lUbTkwVDNKa1pYSmhZbXhsUVc1a1VYVnZkR0ZpYkdVaUxDSk9iM1JQY21SbGNtRmliR1ZCYm1SUmRXOTBZV0pzWlZkcGRHaEpiblpoYkdsa0lqb2lUbTkwVDNKa1pYSmhZbXhsUVc1a1VYVnZkR0ZpYkdWWGFYUm9TVzUyWVd4cFpDSXNJa1psZDA5eVpHVnlZV0pzWlU5dWJIa2lPaUpHWlhkUGNtUmxjbUZpYkdWUGJteDVJaXdpUm1WM1QzSmtaWEpoWW14bFFXNWtSbVYzVVhWdmRHRmliR1VpT2lKR1pYZFBjbVJsY21GaWJHVkJibVJHWlhkUmRXOTBZV0pzWlNJc0lrWmxkMUYxYjNSaFlteGxUMjVzZVZkcGRHaEpiblpoYkdsa0lqb2lSbVYzVVhWdmRHRmliR1ZQYm14NVYybDBhRWx1ZG1Gc2FXUWlMQ0pHWlhkUGNtUmxjbUZpYkdWUGJteDVWMmwwYUVsdWRtRnNhV1FpT2lKR1pYZFBjbVJsY21GaWJHVlBibXg1VjJsMGFFbHVkbUZzYVdRaUxDSkdaWGRQY21SbGNtRmliR1ZCYm1SR1pYZFJkVzkwWVdKc1pWZHBkR2hKYm5aaGJHbGtJam9pUm1WM1QzSmtaWEpoWW14bFFXNWtSbVYzVVhWdmRHRmliR1ZYYVhSb1NXNTJZV3hwWkNJc0lrWmxkMDl5WkdWeVlXSnNaVUZ1WkVGc2JGRjFiM1JoWW14bElqb2lSbVYzVDNKa1pYSmhZbXhsUVc1a1FXeHNVWFZ2ZEdGaWJHVWlMQ0pCYkd4UGNtUmxjbUZpYkdWQmJtUkdaWGRSZFc5MFlXSnNaU0k2SWtGc2JFOXlaR1Z5WVdKc1pVRnVaRVpsZDFGMWIzUmhZbXhsSW4wc0lrbDBaVzFUZEdGMFpVVnVkVzBpT25zaVNXNTJZV3hwWkNJNklrbHVkbUZzYVdRaUxDSlJkVzkwWVdKc1pVOXViSGtpT2lKUmRXOTBZV0pzWlU5dWJIa2lMQ0pQY21SbGNtRmliR1ZQYm14NUlqb2lUM0prWlhKaFlteGxUMjVzZVNJc0lrOXlaR1Z5WVdKc1pVRnVaRkYxYjNSaFlteGxJam9pVDNKa1pYSmhZbXhsUVc1a1VYVnZkR0ZpYkdVaUxDSk9iM1JQY21SbGNtRmliR1ZCYm1SUmRXOTBZV0pzWlNJNklrNXZkRTl5WkdWeVlXSnNaVUZ1WkZGMWIzUmhZbXhsSWl3aVRtOTBUM0prWlhKaFlteGxRVzVrVVhWdmRHRmliR1ZYYVhSb1NXNTJZV3hwWkNJNklrNXZkRTl5WkdWeVlXSnNaVUZ1WkZGMWIzUmhZbXhsVjJsMGFFbHVkbUZzYVdRaUxDSkdaWGRQY21SbGNtRmliR1ZQYm14NUlqb2lSbVYzVDNKa1pYSmhZbXhsVDI1c2VTSXNJa1psZDA5eVpHVnlZV0pzWlVGdVpFWmxkMUYxYjNSaFlteGxJam9pUm1WM1QzSmtaWEpoWW14bFFXNWtSbVYzVVhWdmRHRmliR1VpTENKR1pYZFJkVzkwWVdKc1pVOXViSGxYYVhSb1NXNTJZV3hwWkNJNklrWmxkMUYxYjNSaFlteGxUMjVzZVZkcGRHaEpiblpoYkdsa0lpd2lSbVYzVDNKa1pYSmhZbXhsVDI1c2VWZHBkR2hKYm5aaGJHbGtJam9pUm1WM1QzSmtaWEpoWW14bFQyNXNlVmRwZEdoSmJuWmhiR2xrSWl3aVJtVjNUM0prWlhKaFlteGxRVzVrUm1WM1VYVnZkR0ZpYkdWWGFYUm9TVzUyWVd4cFpDSTZJa1psZDA5eVpHVnlZV0pzWlVGdVpFWmxkMUYxYjNSaFlteGxWMmwwYUVsdWRtRnNhV1FpTENKR1pYZFBjbVJsY21GaWJHVkJibVJCYkd4UmRXOTBZV0pzWlNJNklrWmxkMDl5WkdWeVlXSnNaVUZ1WkVGc2JGRjFiM1JoWW14bElpd2lRV3hzVDNKa1pYSmhZbXhsUVc1a1JtVjNVWFZ2ZEdGaWJHVWlPaUpCYkd4UGNtUmxjbUZpYkdWQmJtUkdaWGRSZFc5MFlXSnNaU0o5TENKb1pHNUdhV1ZzWkZObGJHVmpkR1ZrVDNKa1pYSkpkR1Z0UTJobFkydHZkWFJUZEdGMFpYTkRiR2xsYm5SSlpDSTZJa052Ym5SbGJuUlFiR0ZqWlVodmJHUmxja1JsWm1GMWJIUmZRMkZ5ZEU5MlpYSjJhV1YzWHpOZmFHUnVSbWxsYkdSVFpXeGxZM1JsWkU5eVpHVnlTWFJsYlVOb1pXTnJiM1YwVTNSaGRHVnpJaXdpYUdSdVJtbGxiR1JUWld4bFkzUmxaRWwwWlcxSlpITkRiR2xsYm5SSlpDSTZJa052Ym5SbGJuUlFiR0ZqWlVodmJHUmxja1JsWm1GMWJIUmZRMkZ5ZEU5MlpYSjJhV1YzWHpOZmFHUnVSbWxsYkdSVFpXeGxZM1JsWkVsMFpXMUpaSE1pTENKUGNtUmxjbE5sYkdWamRHVmtVSEp2WkhWamRITWlPakVzSWtOdmJtWnBjbTFoZEdsdmJsUnBkR3hsVW1WemIzVnlZMlVpT2lKRGIyNW1hWEp0WVhScGIyNGlMQ0pRY205alpXVmtRblYwZEc5dVZHVjRkQ0k2SWxCeWIyTmxaV1FpTENKUWNtOWpaV1ZrUW5WMGRHOXVRMkZzYkdKaFkyc2lPaUpXWVd4cFpHRjBaVWwwWlcxelZHOURhR1ZqYTA5MWRFOXlVWFZ2ZEdVaUxDSkpiblpoYkdsa1NYUmxiWE5UWld4bFkzUmxaRVp2Y2tOb1pXTnJiM1YwVW1WemIzVnlZMlVpT2lKVWFHVnlaU0JoY21VZ2MyOXRaU0JwYm5aaGJHbGtJR2wwWlcxeklHTm9iM05sYmlCbWIzSWdZMmhsWTJ0dmRYUWlMQ0pPYjA5eVpHVnlZV0pzWlVsMFpXMXpVMlZzWldOMFpXUkdiM0pEYUdWamEyOTFkRkpsYzI5MWNtTmxJam9pVG04Z2RtRnNhV1FnYjNKa1pYSmhZbXhsSUdsMFpXMXpJR0Z5WlNCamFHOXpaVzRnWm05eUlHOXlaR1Z5SUhCeWIyTmxjM01pTENKT2IxRjFiM1JoWW14bFNYUmxiWE5UWld4bFkzUmxaRVp2Y2tOb1pXTnJiM1YwVW1WemIzVnlZMlVpT2lKT2J5QjJZV3hwWkNCeGRXOTBZV0pzWlNCcGRHVnRjeUJoY21VZ1kyaHZjMlZ1SUdadmNpQnhkVzkwWlNCd2NtOWpaWE56SWl3aVQzSmtaWEpoWW14bFFXNWtUbTl1VDNKa1pYSmhZbXhsU1hSbGJYTlRaV3hsWTNSbFpFWnZja05vWldOcmIzVjBVbVZ6YjNWeVkyVWlPaUpaYjNVZ1kyRnVJR1ZwZEdobGNpQW5jSEp2WTJWbFpDY2dkMmwwYUNCdmNtUmxjaUJ3Y205alpYTnpJRzltSUhSb1pTQnZjbVJsY21GaWJHVWdhWFJsYlhNZ2IzSWdaV1JwZENCMGFHVWdibTl1TFc5eVpHVnlZV0pzWlNCcGRHVnRjeUlzSWxGMWIzUmhZbXhsUVc1a1RtOXVVWFZ2ZEdGaWJHVkpkR1Z0YzFObGJHVmpkR1ZrUm05eVEyaGxZMnR2ZFhSU1pYTnZkWEpqWlNJNklsbHZkU0JqWVc0Z1pXbDBhR1Z5SUNkd2NtOWpaV1ZrSnlCM2FYUm9JSEYxYjNSbElIQnliMk5sYzNNZ2IyWWdkR2hsSUhGMWIzUmhZbXhsSUdsMFpXMXpJRzl5SUdWa2FYUWdkR2hsSUc1dmJpMXhkVzkwWVdKc1pTQnBkR1Z0Y3lJc0lsRjFiM1JsVTJWc1pXTjBaV1JRY205a2RXTjBjeUk2TWl3aVRtOUpkR1Z0YzFObGJHVmpkR1ZrSWpvaVRtOGdTWFJsYlhNZ1UyVnNaV04wWldRdUlGQnNaV0Z6WlNCamFHOXZjMlVnYjI1bElDaHZjaWtnYlc5eVpTQnBkR1Z0Y3lCMGJ5QndaWEptYjNKdElIUm9aU0JoWTNScGIyNHVJaXdpUTJGeWRFRmpkR2x2YmtSbGJHVjBaVk5sYkdWamRHVmtVSEp2WkhWamRITWlPalVzSWxkcGMyaE1hWE4wUVdOMGFXOXVjMFJsYkdWMFpWTmxiR1ZqZEdWa1VISnZaSFZqZEhNaU9qSXNJa1JsYkdWMFpVTnZibVpwY20xaGRHbHZiazFsYzNOaFoyVlNaWE52ZFhKalpTSTZJanh3UGtSdklIbHZkU0J5WldGc2JIa2dkMkZ1ZENCMGJ5QmtaV3hsZEdVZ2RHaHBjeUJwZEdWdEtITXBQend2Y0Q0aUxDSkVaV3hsZEdWRGIyNW1hWEp0WVhScGIyNU9iMEoxZEhSdmJsSmxjMjkxY21ObElqb2lUbThpTENKRVpXeGxkR1ZEYjI1bWFYSnRZWFJwYjI1WlpYTkNkWFIwYjI1U1pYTnZkWEpqWlNJNklsbGxjeUlzSWtSbGJHVjBaVU52Ym1acGNtMWhkR2x2YmtobFlXUmxjbFJsZUhSU1pYTnZkWEpqWlNJNklrUmxiR1YwWlNJc0lrTmhjblJCWTNScGIyNGlPakVzSWtOb1pXTnJiM1YwUW5WMGRHOXVVMk55YVhCMElqcHVkV3hzTENKRGFHVmphMjkxZEZObGNYVmxibU5wYm1kQmJtUlFjbWx0WlhKUWIzQjFjRTFsYzNOaFoyVklaV0ZrWlhJaU9pSWlMQ0pEYUdWamEyOTFkRk5sY1hWbGJtTnBibWRCYm1SUWNtbHRaWEpRYjNCMWNFMWxjM05oWjJWSVpXRmtaWEpKYm1admNtMWhkR2x2YmlJNklrbDBJR2x6SUc1dmRDQndiM056YVdKc1pTQjBieUJqYUdWamEyOTFkQ0F2SUhGMWIzUmxJSE5sY1hWbGJtTnBibWNnY21WaFkzUnBiMjV6SUhkcGRHaHZkWFFnY0hKcGJXVnljeUIzYUdsamFDQmhjbVVnWVhOemIyTnBZWFJsWkNCMGJ5QnpaV3hsWTNSbFpDQnpaWEYxWlc1amFXNW5JR2wwWlcxeklHbHVJSFJvYVhNZ2IzSmtaWEk2SUR3dlluSStQQzlpY2o0aUxDSkRhR1ZqYTI5MWRGTmxjWFZsYm1OcGJtZEJibVJRY21sdFpYSlFiM0IxY0UxbGMzTmhaMlZHYjI5MFpYSkpibVp2Y20xaGRHbHZiaUk2SWlJc0lrTm9aV05yYjNWMFUyVnhkV1Z1WTJsdVowRnVaRkJ5YVcxbGNsQnZjSFZ3VFdWemMyRm5aVU5zYjNObFFuVjBkRzl1VkdWNGRDSTZJaUlzSWtOb1pXTnJiM1YwVTJWeGRXVnVZMmx1WjBGdVpGQnlhVzFsY2xCdmNIVndSbTl5YldGMFRXVnpjMkZuWlNJNklpSXNJa05vWldOcmIzVjBVSEpwYldWeVFXeHZibVZRYjNCMWNFMWxjM05oWjJWRGJHOXpaVUoxZEhSdmJsUmxlSFFpT2lJaUxDSkRhR1ZqYTI5MWRGQnlhVzFsY2tGc2IyNWxVRzl3ZFhCTlpYTnpZV2RsSWpvaVVISnBiV1Z5SUdGc2IyNWxJR05oYm01dmRDQmlaU0JqYUdWamEyVmtJRzkxZEM0Z1VHeGxZWE5sSUhObGJHVmpkQ0JoZEd4bFlYTjBJRzl1WlNCaGMzTnZZMmxoZEdWa0lITmxjWFZsYm1OcGJtY2dTWFJsYlM0aUxDSkRhR1ZqYTI5MWRGQnlhVzFsY2tGc2IyNWxVRzl3ZFhCTlpYTnpZV2RsU0dWaFpHVnlJam9pVUd4bFlYTmxJRTV2ZEdVaUxDSkNZWEpEYjJSbFZtRnNhV1JoZEdsdmJsQnZjSFZ3UTJ4dmMyVkNkWFIwYjI1VVpYaDBJam9pVDJzaUxDSkNZWEpEYjJSbFZtRnNhV1JoZEdsdmJsQnZjSFZ3VFdWemMyRm5aU0k2SWtKaGNtTnZaR1VnWm05eUlGTmxiR1ZqZEdWa0lFbDBaVzBnYVhNZ2FXNTJZV3hwWkNJc0lrSmhja052WkdWV1lXeHBaR0YwYVc5dVVHOXdkWEJOWlhOellXZGxTR1ZoWkdWeUlqb2lVR3hsWVhObElFNXZkR1VpTENKVFlXMWxSR0Y1UkdWc2FYWmxjbmxXWVd4cFpHRjBhVzl1VUc5d2RYQkhiMEpoWTJ0Q2RYUjBiMjVVWlhoMElqb2lWMkZwZENCMWJuUnBiQ0JoYkd3Z1QzSmtaWEp6SUdGeVpTQm1hVzVwYzJobFpDQjBieUJUYUdsd0lHOXVZMlVpTENKVFlXMWxSR0Y1UkdWc2FYWmxjbmxXWVd4cFpHRjBhVzl1VUc5d2RYQkRhR1ZqYTI5MWRFSjFkSFJ2YmxSbGVIUWlPaUpEYUdWamEyOTFkQ0JUWVcxbElFUmhlU0JQYkdsbmIzTWdUMjVzZVNJc0lsTmhiV1ZFWVhsRVpXeHBkbVZ5ZVZaaGJHbGtZWFJwYjI1UWIzQjFjRTFsYzNOaFoyVklaV0ZrWlhJaU9pSlFiR1ZoYzJVZ2MyVnNaV04wSWl3aVUyRnRaVVJoZVVSbGJHbDJaWEo1Vm1Gc2FXUmhkR2x2YmxCdmNIVndUV1Z6YzJGblpVUmxjMk55YVhCMGFXOXVJam9pV1c5MWNpQmpZWEowSUdOdmJuUmhhVzV6SUhOaGJXVWdaR0Y1SUc5c2FXZHZjeXdnZDJocFkyZ2dibVZsWkNCMGJ5QmlaU0JqYUdWamEyVmtJRzkxZENCelpYQmxjbUYwWld4NUlHbHVJRzl5WkdWeUlIUnZJR1Z1YzNWeVpTQjBhR1VnWm1GemRHVnpkQ0JrWld4cGRtVnllUzRnVkdobElHOTBhR1Z5SUdsMFpXMXpJSGRwYkd3Z1ltVWdkMkZwZEdsdVp5QnBiaUI1YjNWeUlHTmhjblFnZDJobGJpQjViM1VnY21WMGRYSnVJR3hoZEdWeUxpQThjM0JoYmlCamJHRnpjejFjSW5SdmIyeDBhWEJmWkdsaGJHOW5YQ0lnZEdsMGJHVTlYQ0pGZUhCc1lXbHVJR0oxZEhSdmJpQmtaWE5qY21sd2RHbHZiaUJvWlhKbElHOXViSGxjSWlBK1BDOXpjR0Z1UGlJc0lsSmxkWE5sWkVsMFpXMXpWbUZzYVdSaGRHbHZibEJ2Y0hWd1EyeHZjMlZDZFhSMGIyNVVaWGgwSWpvaVQyc2lMQ0pTWlhWelpXUkpkR1Z0YzFaaGJHbGtZWFJwYjI1UWIzQjFjRTFsYzNOaFoyVWlPaUpQYjNCeklDRWdVMjl0WlNCdmNpQmhiR3dnYjJZZ2MyVnNaV04wWldRZ2NtVjFjMlZrSUdsMFpXMG5jeUJ2Y21sbmFXNWhiQ0JqYjI1MFlXbHVaWEp6SUdGeVpTQmxlSEJwY21Wa0xpQlpiM1Z5SUdOaGNuUWdkMmxzYkNCaVpTQjFjR1JoZEdWa0lHRjFkRzl0WVhScFkyRnNiSGtnWVc1a0lHTmhjblFnZDJsc2JDQmlaU0J5Wld4dllXUmxaQzRnUlhod2FYSmxaQ0JwZEdWdElFNWhiV1Z6SUdGeVpTQXRQaUlzSWxKbGRYTmxaRWwwWlcxelZtRnNhV1JoZEdsdmJsQnZjSFZ3VFdWemMyRm5aVWhsWVdSbGNpSTZJbEJzWldGelpTQk9iM1JsSWl3aVJYaHdhWEpsWkZCeWFXMWxjbEJ2Y0hWd1EyeHZjMlZDZFhSMGIyNVVaWGgwSWpvaVQyc2lMQ0pGZUhCcGNtVmtVSEpwYldWeVVHOXdkWEJOWlhOellXZGxWR1Y0ZENJNklsQnlhVzFsY2lCcGN5QmxlSEJwY21Wa0lHWnZjaUIwYUdVZ2IyNWxJRzltSUhSb1pTQnpaV3hsZEdWa0lITmxjWFZsYm1OcGJtY2dhWFJsYlM0Z2NHeGxZWE5sSUhObGJHVmpkQ0JoYm05MGFHVnlJSEJ5YVcxbGNpQnZjaUJ2Y21SbGNpQnVaWGNnY0hKcGJXVnlMaUlzSWtWNGNHbHlaV1JRY21sdFpYSlFiM0IxY0UxbGMzTmhaMlZJWldGa1pYSlVaWGgwSWpvaVVHeGxjMlVnVG05MFpTSXNJa05oY25SUVlXZGxWVkpNSWpvaUwyVnVMMk5oY25RdVlYTndlQ0lzSWsxcGJtbHRkVzFRYkdGMFpWTmhiWEJzWlhOUVpYSkRhR1ZqYTI5MWRDSTZORGdzSWxCc1lYUmxVMkZ0Y0d4bFEyOTFiblFpT201MWJHd3NJa2x6VTJsdVoyeGxVR3hoZEdWWGFYUm9WbUZzYVdSVFlXMXdiR1ZEYjNWdWRDSTZabUZzYzJVc0lrMXBibEJzWVhSbFUyRnRjR3hsYzFCdmNIVndSbTl5YldGMFRXVnpjMkZuWlNJNklpSXNJazFwYmxCc1lYUmxVMkZ0Y0d4bGMxQnZjSFZ3Um05eWJXRjBUV1Z6YzJGblpVTnNiM05sUW5WMGRHOXVWR1Y0ZENJNklpSXNJazFwYmxCc1lYUmxVMkZ0Y0d4bGMxQnZjSFZ3Um05eWJXRjBUV1Z6YzJGblpVaGxZV1JsY2lJNklpSXNJazFoZUdsdGRXMU9kVzFpWlhKUFpsQnNZWFJsYzFCbGNrTm9aV05yYjNWMElqb3pMQ0pRYkdGMFpYTkRiM1Z1ZEVadmNrTjFjbkpsYm5SUGNtUmxjaUk2Ym5Wc2JDd2lUV0Y0YVcxMWJWQnNZWFJsYzFCbGNrTm9aV05yYjNWMFVHOXdkWEJHYjNKdFlYUk5aWE56WVdkbElqb2lUV0Y0YVcxMWJTQXpJSEJzWVhSbGN5QmhjbVVnWld4cFoybGliR1VnZEc4Z1kyaGxZMnR2ZFhRZ2NHVnlJRzl5WkdWeUlHWnZjaUJ3YkdGMFpTQnpaWEYxWlc1amFXNW5JR2wwWlcxekxpQlFiR1ZoYzJVZ2JXOWthV1o1SUhsdmRYSWdjMlZzWldOMGFXOXVJR0ZqWTI5eVpHbHVaMng1TGlJc0lrMWhlR2x0ZFcxUWJHRjBaWE5RWlhKRGFHVmphMjkxZEZCdmNIVndSbTl5YldGMFRXVnpjMkZuWlVOc2IzTmxRblYwZEc5dVZHVjRkQ0k2SWs5cklpd2lUV0Y0YVcxMWJWQnNZWFJsYzFCbGNrTm9aV05yYjNWMFJtOXliV0YwVFdWemMyRm5aVWhsWVdSbGNpSTZJbEJzWldGelpTQk9iM1JsSWl3aVVHOXpkRUpoWTJ0RmJHVnRaVzUwVlc1cGNYVmxTV1FpT2lKamRHd3dNQ1JqZEd3d01DUmpkR3d3TUNSRGIyNTBaVzUwVUd4aFkyVkliMnhrWlhKRVpXWmhkV3gwSkVOaGNuUlBkbVZ5ZG1sbGQxOHpKR3h1YTBOb1pXTnJiM1YwSWl3aVJYWmxiblJCY21kMWJXVnVkQ0k2SWlKOUxDQjBhR2x6S1R0a0FoQVBEeFlFSHdVRkRTOWxiaTlqWVhKMExtRnpjSGdmQXdVRVEyRnlkR1JrQWhJUER4WUNId01GQ0VOb1pXTnJiM1YwRmdJZkRBV1hMSEpsZEhWeWJpQldZV3hwWkdGMFpVbDBaVzF6Vkc5RGFHVmphMDkxZEU5eVVYVnZkR1VvZXlKRGJHOXpaVUoxZEhSdmJsUmxlSFFpT2lKRGJHOXpaU0lzSWtGc1pYSjBUV1Z6YzJGblpWUnBkR3hsSWpvaVFXeGxjblFnVFdWemMyRm5aU0lzSWtOb1pXTnJiM1YwVTNSaGRHVkZiblZ0SWpwN0lrbHVkbUZzYVdRaU9pSkpiblpoYkdsa0lpd2lVWFZ2ZEdGaWJHVlBibXg1SWpvaVVYVnZkR0ZpYkdWUGJteDVJaXdpVDNKa1pYSmhZbXhsVDI1c2VTSTZJazl5WkdWeVlXSnNaVTl1YkhraUxDSlBjbVJsY21GaWJHVkJibVJSZFc5MFlXSnNaU0k2SWs5eVpHVnlZV0pzWlVGdVpGRjFiM1JoWW14bElpd2lUbTkwVDNKa1pYSmhZbXhsUVc1a1VYVnZkR0ZpYkdVaU9pSk9iM1JQY21SbGNtRmliR1ZCYm1SUmRXOTBZV0pzWlNJc0lrNXZkRTl5WkdWeVlXSnNaVUZ1WkZGMWIzUmhZbXhsVjJsMGFFbHVkbUZzYVdRaU9pSk9iM1JQY21SbGNtRmliR1ZCYm1SUmRXOTBZV0pzWlZkcGRHaEpiblpoYkdsa0lpd2lSbVYzVDNKa1pYSmhZbXhsVDI1c2VTSTZJa1psZDA5eVpHVnlZV0pzWlU5dWJIa2lMQ0pHWlhkUGNtUmxjbUZpYkdWQmJtUkdaWGRSZFc5MFlXSnNaU0k2SWtabGQwOXlaR1Z5WVdKc1pVRnVaRVpsZDFGMWIzUmhZbXhsSWl3aVJtVjNVWFZ2ZEdGaWJHVlBibXg1VjJsMGFFbHVkbUZzYVdRaU9pSkdaWGRSZFc5MFlXSnNaVTl1YkhsWGFYUm9TVzUyWVd4cFpDSXNJa1psZDA5eVpHVnlZV0pzWlU5dWJIbFhhWFJvU1c1MllXeHBaQ0k2SWtabGQwOXlaR1Z5WVdKc1pVOXViSGxYYVhSb1NXNTJZV3hwWkNJc0lrWmxkMDl5WkdWeVlXSnNaVUZ1WkVabGQxRjFiM1JoWW14bFYybDBhRWx1ZG1Gc2FXUWlPaUpHWlhkUGNtUmxjbUZpYkdWQmJtUkdaWGRSZFc5MFlXSnNaVmRwZEdoSmJuWmhiR2xrSWl3aVJtVjNUM0prWlhKaFlteGxRVzVrUVd4c1VYVnZkR0ZpYkdVaU9pSkdaWGRQY21SbGNtRmliR1ZCYm1SQmJHeFJkVzkwWVdKc1pTSXNJa0ZzYkU5eVpHVnlZV0pzWlVGdVpFWmxkMUYxYjNSaFlteGxJam9pUVd4c1QzSmtaWEpoWW14bFFXNWtSbVYzVVhWdmRHRmliR1VpZlN3aVNYUmxiVk4wWVhSbFJXNTFiU0k2ZXlKSmJuWmhiR2xrSWpvaVNXNTJZV3hwWkNJc0lsRjFiM1JoWW14bFQyNXNlU0k2SWxGMWIzUmhZbXhsVDI1c2VTSXNJazl5WkdWeVlXSnNaVTl1YkhraU9pSlBjbVJsY21GaWJHVlBibXg1SWl3aVQzSmtaWEpoWW14bFFXNWtVWFZ2ZEdGaWJHVWlPaUpQY21SbGNtRmliR1ZCYm1SUmRXOTBZV0pzWlNJc0lrNXZkRTl5WkdWeVlXSnNaVUZ1WkZGMWIzUmhZbXhsSWpvaVRtOTBUM0prWlhKaFlteGxRVzVrVVhWdmRHRmliR1VpTENKT2IzUlBjbVJsY21GaWJHVkJibVJSZFc5MFlXSnNaVmRwZEdoSmJuWmhiR2xrSWpvaVRtOTBUM0prWlhKaFlteGxRVzVrVVhWdmRHRmliR1ZYYVhSb1NXNTJZV3hwWkNJc0lrWmxkMDl5WkdWeVlXSnNaVTl1YkhraU9pSkdaWGRQY21SbGNtRmliR1ZQYm14NUlpd2lSbVYzVDNKa1pYSmhZbXhsUVc1a1JtVjNVWFZ2ZEdGaWJHVWlPaUpHWlhkUGNtUmxjbUZpYkdWQmJtUkdaWGRSZFc5MFlXSnNaU0lzSWtabGQxRjFiM1JoWW14bFQyNXNlVmRwZEdoSmJuWmhiR2xrSWpvaVJtVjNVWFZ2ZEdGaWJHVlBibXg1VjJsMGFFbHVkbUZzYVdRaUxDSkdaWGRQY21SbGNtRmliR1ZQYm14NVYybDBhRWx1ZG1Gc2FXUWlPaUpHWlhkUGNtUmxjbUZpYkdWUGJteDVWMmwwYUVsdWRtRnNhV1FpTENKR1pYZFBjbVJsY21GaWJHVkJibVJHWlhkUmRXOTBZV0pzWlZkcGRHaEpiblpoYkdsa0lqb2lSbVYzVDNKa1pYSmhZbXhsUVc1a1JtVjNVWFZ2ZEdGaWJHVlhhWFJvU1c1MllXeHBaQ0lzSWtabGQwOXlaR1Z5WVdKc1pVRnVaRUZzYkZGMWIzUmhZbXhsSWpvaVJtVjNUM0prWlhKaFlteGxRVzVrUVd4c1VYVnZkR0ZpYkdVaUxDSkJiR3hQY21SbGNtRmliR1ZCYm1SR1pYZFJkVzkwWVdKc1pTSTZJa0ZzYkU5eVpHVnlZV0pzWlVGdVpFWmxkMUYxYjNSaFlteGxJbjBzSW1oa2JrWnBaV3hrVTJWc1pXTjBaV1JQY21SbGNrbDBaVzFEYUdWamEyOTFkRk4wWVhSbGMwTnNhV1Z1ZEVsa0lqb2lRMjl1ZEdWdWRGQnNZV05sU0c5c1pHVnlSR1ZtWVhWc2RGOURZWEowVDNabGNuWnBaWGRmTTE5b1pHNUdhV1ZzWkZObGJHVmpkR1ZrVDNKa1pYSkpkR1Z0UTJobFkydHZkWFJUZEdGMFpYTWlMQ0pvWkc1R2FXVnNaRk5sYkdWamRHVmtTWFJsYlVsa2MwTnNhV1Z1ZEVsa0lqb2lRMjl1ZEdWdWRGQnNZV05sU0c5c1pHVnlSR1ZtWVhWc2RGOURZWEowVDNabGNuWnBaWGRmTTE5b1pHNUdhV1ZzWkZObGJHVmpkR1ZrU1hSbGJVbGtjeUlzSWs5eVpHVnlVMlZzWldOMFpXUlFjbTlrZFdOMGN5STZNU3dpUTI5dVptbHliV0YwYVc5dVZHbDBiR1ZTWlhOdmRYSmpaU0k2SWtOdmJtWnBjbTFoZEdsdmJpSXNJbEJ5YjJObFpXUkNkWFIwYjI1VVpYaDBJam9pVUhKdlkyVmxaQ0lzSWxCeWIyTmxaV1JDZFhSMGIyNURZV3hzWW1GamF5STZJbFpoYkdsa1lYUmxTWFJsYlhOVWIwTm9aV05yVDNWMFQzSlJkVzkwWlNJc0lrbHVkbUZzYVdSSmRHVnRjMU5sYkdWamRHVmtSbTl5UTJobFkydHZkWFJTWlhOdmRYSmpaU0k2SWxSb1pYSmxJR0Z5WlNCemIyMWxJR2x1ZG1Gc2FXUWdhWFJsYlhNZ1kyaHZjMlZ1SUdadmNpQmphR1ZqYTI5MWRDSXNJazV2VDNKa1pYSmhZbXhsU1hSbGJYTlRaV3hsWTNSbFpFWnZja05vWldOcmIzVjBVbVZ6YjNWeVkyVWlPaUpPYnlCMllXeHBaQ0J2Y21SbGNtRmliR1VnYVhSbGJYTWdZWEpsSUdOb2IzTmxiaUJtYjNJZ2IzSmtaWElnY0hKdlkyVnpjeUlzSWs1dlVYVnZkR0ZpYkdWSmRHVnRjMU5sYkdWamRHVmtSbTl5UTJobFkydHZkWFJTWlhOdmRYSmpaU0k2SWs1dklIWmhiR2xrSUhGMWIzUmhZbXhsSUdsMFpXMXpJR0Z5WlNCamFHOXpaVzRnWm05eUlIRjFiM1JsSUhCeWIyTmxjM01pTENKUGNtUmxjbUZpYkdWQmJtUk9iMjVQY21SbGNtRmliR1ZKZEdWdGMxTmxiR1ZqZEdWa1JtOXlRMmhsWTJ0dmRYUlNaWE52ZFhKalpTSTZJbGx2ZFNCallXNGdaV2wwYUdWeUlDZHdjbTlqWldWa0p5QjNhWFJvSUc5eVpHVnlJSEJ5YjJObGMzTWdiMllnZEdobElHOXlaR1Z5WVdKc1pTQnBkR1Z0Y3lCdmNpQmxaR2wwSUhSb1pTQnViMjR0YjNKa1pYSmhZbXhsSUdsMFpXMXpJaXdpVVhWdmRHRmliR1ZCYm1ST2IyNVJkVzkwWVdKc1pVbDBaVzF6VTJWc1pXTjBaV1JHYjNKRGFHVmphMjkxZEZKbGMyOTFjbU5sSWpvaVdXOTFJR05oYmlCbGFYUm9aWElnSjNCeWIyTmxaV1FuSUhkcGRHZ2djWFZ2ZEdVZ2NISnZZMlZ6Y3lCdlppQjBhR1VnY1hWdmRHRmliR1VnYVhSbGJYTWdiM0lnWldScGRDQjBhR1VnYm05dUxYRjFiM1JoWW14bElHbDBaVzF6SWl3aVVYVnZkR1ZUWld4bFkzUmxaRkJ5YjJSMVkzUnpJam95TENKT2IwbDBaVzF6VTJWc1pXTjBaV1FpT2lKT2J5QkpkR1Z0Y3lCVFpXeGxZM1JsWkM0Z1VHeGxZWE5sSUdOb2IyOXpaU0J2Ym1VZ0tHOXlLU0J0YjNKbElHbDBaVzF6SUhSdklIQmxjbVp2Y20wZ2RHaGxJR0ZqZEdsdmJpNGlMQ0pEWVhKMFFXTjBhVzl1UkdWc1pYUmxVMlZzWldOMFpXUlFjbTlrZFdOMGN5STZOU3dpVjJsemFFeHBjM1JCWTNScGIyNXpSR1ZzWlhSbFUyVnNaV04wWldSUWNtOWtkV04wY3lJNk1pd2lSR1ZzWlhSbFEyOXVabWx5YldGMGFXOXVUV1Z6YzJGblpWSmxjMjkxY21ObElqb2lQSEErUkc4Z2VXOTFJSEpsWVd4c2VTQjNZVzUwSUhSdklHUmxiR1YwWlNCMGFHbHpJR2wwWlcwb2N5ay9QQzl3UGlJc0lrUmxiR1YwWlVOdmJtWnBjbTFoZEdsdmJrNXZRblYwZEc5dVVtVnpiM1Z5WTJVaU9pSk9ieUlzSWtSbGJHVjBaVU52Ym1acGNtMWhkR2x2YmxsbGMwSjFkSFJ2YmxKbGMyOTFjbU5sSWpvaVdXVnpJaXdpUkdWc1pYUmxRMjl1Wm1seWJXRjBhVzl1U0dWaFpHVnlWR1Y0ZEZKbGMyOTFjbU5sSWpvaVJHVnNaWFJsSWl3aVEyRnlkRUZqZEdsdmJpSTZNU3dpUTJobFkydHZkWFJDZFhSMGIyNVRZM0pwY0hRaU9tNTFiR3dzSWtOb1pXTnJiM1YwVTJWeGRXVnVZMmx1WjBGdVpGQnlhVzFsY2xCdmNIVndUV1Z6YzJGblpVaGxZV1JsY2lJNklpSXNJa05vWldOcmIzVjBVMlZ4ZFdWdVkybHVaMEZ1WkZCeWFXMWxjbEJ2Y0hWd1RXVnpjMkZuWlVobFlXUmxja2x1Wm05eWJXRjBhVzl1SWpvaVNYUWdhWE1nYm05MElIQnZjM05wWW14bElIUnZJR05vWldOcmIzVjBJQzhnY1hWdmRHVWdjMlZ4ZFdWdVkybHVaeUJ5WldGamRHbHZibk1nZDJsMGFHOTFkQ0J3Y21sdFpYSnpJSGRvYVdOb0lHRnlaU0JoYzNOdlkybGhkR1ZrSUhSdklITmxiR1ZqZEdWa0lITmxjWFZsYm1OcGJtY2dhWFJsYlhNZ2FXNGdkR2hwY3lCdmNtUmxjam9nUEM5aWNqNDhMMkp5UGlJc0lrTm9aV05yYjNWMFUyVnhkV1Z1WTJsdVowRnVaRkJ5YVcxbGNsQnZjSFZ3VFdWemMyRm5aVVp2YjNSbGNrbHVabTl5YldGMGFXOXVJam9pSWl3aVEyaGxZMnR2ZFhSVFpYRjFaVzVqYVc1blFXNWtVSEpwYldWeVVHOXdkWEJOWlhOellXZGxRMnh2YzJWQ2RYUjBiMjVVWlhoMElqb2lJaXdpUTJobFkydHZkWFJUWlhGMVpXNWphVzVuUVc1a1VISnBiV1Z5VUc5d2RYQkdiM0p0WVhSTlpYTnpZV2RsSWpvaUlpd2lRMmhsWTJ0dmRYUlFjbWx0WlhKQmJHOXVaVkJ2Y0hWd1RXVnpjMkZuWlVOc2IzTmxRblYwZEc5dVZHVjRkQ0k2SWlJc0lrTm9aV05yYjNWMFVISnBiV1Z5UVd4dmJtVlFiM0IxY0UxbGMzTmhaMlVpT2lKUWNtbHRaWElnWVd4dmJtVWdZMkZ1Ym05MElHSmxJR05vWldOclpXUWdiM1YwTGlCUWJHVmhjMlVnYzJWc1pXTjBJR0YwYkdWaGMzUWdiMjVsSUdGemMyOWphV0YwWldRZ2MyVnhkV1Z1WTJsdVp5QkpkR1Z0TGlJc0lrTm9aV05yYjNWMFVISnBiV1Z5UVd4dmJtVlFiM0IxY0UxbGMzTmhaMlZJWldGa1pYSWlPaUpRYkdWaGMyVWdUbTkwWlNJc0lrSmhja052WkdWV1lXeHBaR0YwYVc5dVVHOXdkWEJEYkc5elpVSjFkSFJ2YmxSbGVIUWlPaUpQYXlJc0lrSmhja052WkdWV1lXeHBaR0YwYVc5dVVHOXdkWEJOWlhOellXZGxJam9pUW1GeVkyOWtaU0JtYjNJZ1UyVnNaV04wWldRZ1NYUmxiU0JwY3lCcGJuWmhiR2xrSWl3aVFtRnlRMjlrWlZaaGJHbGtZWFJwYjI1UWIzQjFjRTFsYzNOaFoyVklaV0ZrWlhJaU9pSlFiR1ZoYzJVZ1RtOTBaU0lzSWxOaGJXVkVZWGxFWld4cGRtVnllVlpoYkdsa1lYUnBiMjVRYjNCMWNFZHZRbUZqYTBKMWRIUnZibFJsZUhRaU9pSlhZV2wwSUhWdWRHbHNJR0ZzYkNCUGNtUmxjbk1nWVhKbElHWnBibWx6YUdWa0lIUnZJRk5vYVhBZ2IyNWpaU0lzSWxOaGJXVkVZWGxFWld4cGRtVnllVlpoYkdsa1lYUnBiMjVRYjNCMWNFTm9aV05yYjNWMFFuVjBkRzl1VkdWNGRDSTZJa05vWldOcmIzVjBJRk5oYldVZ1JHRjVJRTlzYVdkdmN5QlBibXg1SWl3aVUyRnRaVVJoZVVSbGJHbDJaWEo1Vm1Gc2FXUmhkR2x2YmxCdmNIVndUV1Z6YzJGblpVaGxZV1JsY2lJNklsQnNaV0Z6WlNCelpXeGxZM1FpTENKVFlXMWxSR0Y1UkdWc2FYWmxjbmxXWVd4cFpHRjBhVzl1VUc5d2RYQk5aWE56WVdkbFJHVnpZM0pwY0hScGIyNGlPaUpaYjNWeUlHTmhjblFnWTI5dWRHRnBibk1nYzJGdFpTQmtZWGtnYjJ4cFoyOXpMQ0IzYUdsamFDQnVaV1ZrSUhSdklHSmxJR05vWldOclpXUWdiM1YwSUhObGNHVnlZWFJsYkhrZ2FXNGdiM0prWlhJZ2RHOGdaVzV6ZFhKbElIUm9aU0JtWVhOMFpYTjBJR1JsYkdsMlpYSjVMaUJVYUdVZ2IzUm9aWElnYVhSbGJYTWdkMmxzYkNCaVpTQjNZV2wwYVc1bklHbHVJSGx2ZFhJZ1kyRnlkQ0IzYUdWdUlIbHZkU0J5WlhSMWNtNGdiR0YwWlhJdUlEeHpjR0Z1SUdOc1lYTnpQVndpZEc5dmJIUnBjRjlrYVdGc2IyZGNJaUIwYVhSc1pUMWNJa1Y0Y0d4aGFXNGdZblYwZEc5dUlHUmxjMk55YVhCMGFXOXVJR2hsY21VZ2IyNXNlVndpSUQ0OEwzTndZVzQrSWl3aVVtVjFjMlZrU1hSbGJYTldZV3hwWkdGMGFXOXVVRzl3ZFhCRGJHOXpaVUoxZEhSdmJsUmxlSFFpT2lKUGF5SXNJbEpsZFhObFpFbDBaVzF6Vm1Gc2FXUmhkR2x2YmxCdmNIVndUV1Z6YzJGblpTSTZJazl2Y0hNZ0lTQlRiMjFsSUc5eUlHRnNiQ0J2WmlCelpXeGxZM1JsWkNCeVpYVnpaV1FnYVhSbGJTZHpJRzl5YVdkcGJtRnNJR052Ym5SaGFXNWxjbk1nWVhKbElHVjRjR2x5WldRdUlGbHZkWElnWTJGeWRDQjNhV3hzSUdKbElIVndaR0YwWldRZ1lYVjBiMjFoZEdsallXeHNlU0JoYm1RZ1kyRnlkQ0IzYVd4c0lHSmxJSEpsYkc5aFpHVmtMaUJGZUhCcGNtVmtJR2wwWlcwZ1RtRnRaWE1nWVhKbElDMCtJaXdpVW1WMWMyVmtTWFJsYlhOV1lXeHBaR0YwYVc5dVVHOXdkWEJOWlhOellXZGxTR1ZoWkdWeUlqb2lVR3hsWVhObElFNXZkR1VpTENKRmVIQnBjbVZrVUhKcGJXVnlVRzl3ZFhCRGJHOXpaVUoxZEhSdmJsUmxlSFFpT2lKUGF5SXNJa1Y0Y0dseVpXUlFjbWx0WlhKUWIzQjFjRTFsYzNOaFoyVlVaWGgwSWpvaVVISnBiV1Z5SUdseklHVjRjR2x5WldRZ1ptOXlJSFJvWlNCdmJtVWdiMllnZEdobElITmxiR1YwWldRZ2MyVnhkV1Z1WTJsdVp5QnBkR1Z0TGlCd2JHVmhjMlVnYzJWc1pXTjBJR0Z1YjNSb1pYSWdjSEpwYldWeUlHOXlJRzl5WkdWeUlHNWxkeUJ3Y21sdFpYSXVJaXdpUlhod2FYSmxaRkJ5YVcxbGNsQnZjSFZ3VFdWemMyRm5aVWhsWVdSbGNsUmxlSFFpT2lKUWJHVnpaU0JPYjNSbElpd2lRMkZ5ZEZCaFoyVlZVa3dpT2lJdlpXNHZZMkZ5ZEM1aGMzQjRJaXdpVFdsdWFXMTFiVkJzWVhSbFUyRnRjR3hsYzFCbGNrTm9aV05yYjNWMElqbzBPQ3dpVUd4aGRHVlRZVzF3YkdWRGIzVnVkQ0k2Ym5Wc2JDd2lTWE5UYVc1bmJHVlFiR0YwWlZkcGRHaFdZV3hwWkZOaGJYQnNaVU52ZFc1MElqcG1ZV3h6WlN3aVRXbHVVR3hoZEdWVFlXMXdiR1Z6VUc5d2RYQkdiM0p0WVhSTlpYTnpZV2RsSWpvaUlpd2lUV2x1VUd4aGRHVlRZVzF3YkdWelVHOXdkWEJHYjNKdFlYUk5aWE56WVdkbFEyeHZjMlZDZFhSMGIyNVVaWGgwSWpvaUlpd2lUV2x1VUd4aGRHVlRZVzF3YkdWelVHOXdkWEJHYjNKdFlYUk5aWE56WVdkbFNHVmhaR1Z5SWpvaUlpd2lUV0Y0YVcxMWJVNTFiV0psY2s5bVVHeGhkR1Z6VUdWeVEyaGxZMnR2ZFhRaU9qTXNJbEJzWVhSbGMwTnZkVzUwUm05eVEzVnljbVZ1ZEU5eVpHVnlJanB1ZFd4c0xDSk5ZWGhwYlhWdFVHeGhkR1Z6VUdWeVEyaGxZMnR2ZFhSUWIzQjFjRVp2Y20xaGRFMWxjM05oWjJVaU9pSk5ZWGhwYlhWdElETWdjR3hoZEdWeklHRnlaU0JsYkdsbmFXSnNaU0IwYnlCamFHVmphMjkxZENCd1pYSWdiM0prWlhJZ1ptOXlJSEJzWVhSbElITmxjWFZsYm1OcGJtY2dhWFJsYlhNdUlGQnNaV0Z6WlNCdGIyUnBabmtnZVc5MWNpQnpaV3hsWTNScGIyNGdZV05qYjNKa2FXNW5iSGt1SWl3aVRXRjRhVzExYlZCc1lYUmxjMUJsY2tOb1pXTnJiM1YwVUc5d2RYQkdiM0p0WVhSTlpYTnpZV2RsUTJ4dmMyVkNkWFIwYjI1VVpYaDBJam9pVDJzaUxDSk5ZWGhwYlhWdFVHeGhkR1Z6VUdWeVEyaGxZMnR2ZFhSR2IzSnRZWFJOWlhOellXZGxTR1ZoWkdWeUlqb2lVR3hsWVhObElFNXZkR1VpTENKUWIzTjBRbUZqYTBWc1pXMWxiblJWYm1seGRXVkpaQ0k2SW1OMGJEQXdKR04wYkRBd0pHTjBiREF3SkVOdmJuUmxiblJRYkdGalpVaHZiR1JsY2tSbFptRjFiSFFrUTJGeWRFOTJaWEoyYVdWM1h6TWtiRzVyUTJobFkydHZkWFFpTENKRmRtVnVkRUZ5WjNWdFpXNTBJam9pSW4wc0lIUm9hWE1wTzJRQ0VnOWtGZ1lDQXc5a0ZnSm1EdzhXQWg0TGJHSnNTR1ZoWkV4cGJtVUZDazE1SUZCeWIyWnBiR1ZrRmdnQ0FnOFZBV3BEYjI1MFpXNTBVR3hoWTJWSWIyeGtaWEpFWldaaGRXeDBYMDFoYzNSbGNsQnNZV05sYUc5c1pHVnlYMGh2YldWTWIyZG5aV1JKYmw4MlgzQnViRVJ5WVdkaFlteGxWMmx1Wkc5M1EyOXVkR1Z1ZEY5SmJteHBibVZOWlhOellXZGxRMjl1ZEdGcGJtVnlaQUlERHc4V0FoOEVaMlFXQkFJQkR4WUNId01GQlVobGJHeHZaQUlERHhZQ0h3TUZGWEJ1ZEdWemRHWXdNREVnY0c1MFpYTjBiREF3TVdRQ0JROWtGZ2dDQVE4V0FoOERaV1FDQXc4UEZnSWZBMlZrWkFJRkR3OFdBaDhEQlJFb1ltVmpiMjFsSUhsdmRYSnpaV3htS1dSa0FnY1BGZ0lmQTJWa0Fna1BaQllJQWdFUFpCWUNBZ0VQRHhZR0h3Y0ZEV1ZtUTI5c2IzSlBjbUZ1WjJVZkF3VUlUWGxQY21SbGNuTWZDQUlDWkdRQ0F3OFBGZ0lmQXdVTVRYa2dSR0Z6YUdKdllYSmtaR1FDQlE4UEZnUWZCUVVVZmk5aFpHMXBiaTkzWld4amIyMWxMbUZ6Y0hnZkF3VU9RV1J0YVc1cGMzUnlZWFJwYjI1a1pBSUhEdzhXQWg4REJRWk1iMmR2ZFhSa1pBSUZEMlFXQW1ZUER4WUVIdzBGQlV4dloybHVId1JvWkJZRUFnVVBEeFlDSHdVRkl5OWxiaTlqYUdWamEyOTFkQzl6ZEdWd01TNWhjM0I0UDI1dlpHVkpaRDB4TVRJM1pHUUNCdzlrRmdZQ0FROFBGZ1lmQXdVR1JXMWhhV3c2SHdjRkZ5QnlaWEYxYVhKbFpFWnBaV3hrUTJoaGNtRmpkR1Z5SHdnQ0FtUmtBZ2tQRHhZR0h3TUZBM3N3ZlI4SEJSY2djbVZ4ZFdseVpXUkdhV1ZzWkVOb1lYSmhZM1JsY2g4SUFnSmtaQUlURHc4V0FoOEZCUmN2Wlc0dlptOXlaMjkwY0dGemMzZHZjbVF1WVhOd2VHUmtBZ2NQWkJZQ1pnOFBGZ0lmRFFVS1RtVmxaQ0JJWld4d1AyUVdCQUlDRHhVQmJVTnZiblJsYm5SUWJHRmpaVWh2YkdSbGNrUmxabUYxYkhSZlRXRnpkR1Z5VUd4aFkyVm9iMnhrWlhKZlEzVnpkRzl0WlhKVGRYQndiM0owWHpoZmNHNXNSSEpoWjJGaWJHVlhhVzVrYjNkRGIyNTBaVzUwWDBsdWJHbHVaVTFsYzNOaFoyVkRiMjUwWVdsdVpYSmtBZ01QWkJZSUFnRVBGZ0lmQXdVUVEzVnpkRzl0WlhJZ1UzVndjRzl5ZEdRQ0F3OFBGZ0lmQXdVUUt6UTVJRGd3T1RJZ09ESTRPU0EzTjJSa0FnVVBEeFlDSHdNRmFEeGhJR2h5WldZOUlpOWxiaTlsZFhKdlptbHVjeTF0ZDJjdGIzQmxjbTl1TDNObGNuWnBZMlV0WTJWdWRHVnlMMk52Ym5SaFkzUXRkWE12WjJ4dlltRnNMV1JwY21WamRHOXllUzVoYzNCNElqNUdjbVZsSUhCb2IyNWxJRzUxYldKbGNuTThMMkUrWkdRQ0J3OFBGZ1FmQXdWRVBHRWdhSEpsWmowaWJXRnBiSFJ2T25OMWNIQnZjblF0WlhWQVpYVnliMlpwYm5NdVkyOXRJajV6ZFhCd2IzSjBMV1YxUUdWMWNtOW1hVzV6TG1OdmJUd3ZZVDRmQlFWTGJXRnBiSFJ2T2p4aElHaHlaV1k5SW0xaGFXeDBienB6ZFhCd2IzSjBMV1YxUUdWMWNtOW1hVzV6TG1OdmJTSStjM1Z3Y0c5eWRDMWxkVUJsZFhKdlptbHVjeTVqYjIwOEwyRStaR1FDRlE5a0ZnSm1EMlFXQW1ZUEZRR21CblpoY2lCemFHOTNVSEp2WjNKbGMzTkNZWEpCWm5SbGNqMHlNREE3RFFwMllYSWdiV1Z6YzJGblpWQnliMmR5WlhOelFtRnlQU2RRYkdWaGMyVWdkMkZwZEM0dUxpYzdEUXAyWVhJZ2NISnZaM0psYzNOQ1lYSlVhWFJzWlQwblVHeGxZWE5sSUhkaGFYUXVMaTRuT3cwS2RtRnlJSEJ5YjJkeVpYTnpRbUZ5UTJGdVkyVnNRblYwZEc5dVZHVjRkRDBuUTJGdVkyVnNKenNOQ25aaGNpQmhiR1Z5ZEUxbGMzTmhaMlZDZFhSMGIyNVVaWGgwUFNkUGF5YzdEUXAyWVhJZ1lXeGxjblJOWlhOellXZGxWR2wwYkdVOUowRnNaWEowSUUxbGMzTmhaMlVuT3cwS2RtRnlJRzl3WlhKdmJsTnBkR1ZWY213OUp5YzdEUXAyWVhJZ1kzVnljbVZ1ZEZOcGRHVkRiMlJsUFNkRlFrVW5PdzBLZG1GeUlITjFZa1J2YldGcGJqMG5VVUVuT3cwS2RtRnlJSEJ2Y25ST2RXMWlaWEk5SnpneEp6c05DblpoY2lCd2NtVk1iMkZrU1cxaFoyVk1hWE4wUFZzbkwyTnpjeTlsZUhRdmFuRjFaWEo1ZEdobGJXVnpMMmx0WVdkbGN5OTFhUzFpWjE5bmJHRnpjMTgxTlY4eFl6RmpNV05mTVhnME1EQXVjRzVuSjEwN0RRcDJZWElnY0hKcFkybHVaMFJsZEdGcGJITkRiRzl6WlVKMWRIUnZibFJsZUhROUowTnNiM05sSnpzTkNuWmhjaUJCWkdSQ2RYUjBiMjVTWlhOdmRYSmpaVlJsZUhRZ1BTQW5RV1JrSnpzTkNuWmhjaUJEWVc1alpXeENkWFIwYjI1U1pYTnZkWEpqWlZSbGVIUWdQU0FuUTJGdVkyVnNKenNOQ25aaGNpQkRiRzl6WlVKMWRIUnZibEpsYzI5MWNtTmxWR1Y0ZENBOUlDZERiRzl6WlNjN0RRcDJZWElnVTJGMlpVSjFkSFJ2YmxKbGMyOTFjbU5sVkdWNGRDQTlJQ2RUWVhabEp6c05DblpoY2lCT2IwSjFkSFJ2YmxKbGMyOTFjbU5sVkdWNGRDQTlJQ2RPYnljN0RRcDJZWElnV1dWelFuVjBkRzl1VW1WemIzVnlZMlZVWlhoMElEMGdKMWxsY3ljN0RRcDJZWElnVkdocFkydENiM2hEYkc5elpWUmxlSFJTWlhOdmRYSmpaU0E5SUNkdmNpQkZjMk1nUzJWNUp6c05DblpoY2lCVWFHbGphMEp2ZUVOc2IzTmxUR2x1YTFKbGMyOTFjbU5sSUQwZ0oyTnNiM05sSnpzTkNuWmhjaUJrWlhCc2IzbHRaVzUwUlc1MmFYSnZibTFsYm5RZ1BTQW5VVUVuT3cwS1pHUzYwZll6b3dUMldHM20rRHNSNkk3UlpFMGpkMXRrOW9CNlMxeHJPSzNvSlE9PSIgQ29ycmVsYXRpb25CaW5kaW5nPSIiIFVybEVuY29kZT0iVHJ1ZSIgLz4NCiAgICAgICAgPEZvcm1Qb3N0UGFyYW1ldGVyIE5hbWU9ImN0bDAwJGN0bDAwJGN0bDAwJENvbnRlbnRQbGFjZUhvbGRlckRlZmF1bHQkVG9wTG9nZ2VkSW5fMSRoZG5TY3JlZW5BcmVhIiBWYWx1ZT0ie3skSElEREVOMS5jdGwwMCRjdGwwMCRjdGwwMCRDb250ZW50UGxhY2VIb2xkZXJEZWZhdWx0JFRvcExvZ2dlZEluXzEkaGRuU2NyZWVuQXJlYX19IiBSZWNvcmRlZFZhbHVlPSIiIENvcnJlbGF0aW9uQmluZGluZz0iIiBVcmxFbmNvZGU9IlRydWUiIC8+DQogICAgICAgIDxGb3JtUG9zdFBhcmFtZXRlciBOYW1lPSJjdGwwMCRjdGwwMCRjdGwwMCRDb250ZW50UGxhY2VIb2xkZXJEZWZhdWx0JENhcnRPdmVydmlld18zJGhkbkZpZWxkU2VsZWN0ZWRPcmRlckl0ZW1DaGVja291dFN0YXRlcyIgVmFsdWU9Int7JEhJRERFTjEuY3RsMDAkY3RsMDAkY3RsMDAkQ29udGVudFBsYWNlSG9sZGVyRGVmYXVsdCRDYXJ0T3ZlcnZpZXdfMyRoZG5GaWVsZFNlbGVjdGVkT3JkZXJJdGVtQ2hlY2tvdXRTdGF0ZXN9fSIgUmVjb3JkZWRWYWx1ZT0iIiBDb3JyZWxhdGlvbkJpbmRpbmc9IiIgVXJsRW5jb2RlPSJUcnVlIiAvPg0KICAgICAgICA8Rm9ybVBvc3RQYXJhbWV0ZXIgTmFtZT0iY3RsMDAkY3RsMDAkY3RsMDAkQ29udGVudFBsYWNlSG9sZGVyRGVmYXVsdCRDYXJ0T3ZlcnZpZXdfMyRoZG5GaWVsZENvbXBsZXRlQ2FydENoZWNrb3V0U3RhdGVFbnVtcyIgVmFsdWU9Int7JEhJRERFTjEuY3RsMDAkY3RsMDAkY3RsMDAkQ29udGVudFBsYWNlSG9sZGVyRGVmYXVsdCRDYXJ0T3ZlcnZpZXdfMyRoZG5GaWVsZENvbXBsZXRlQ2FydENoZWNrb3V0U3RhdGVFbnVtc319IiBSZWNvcmRlZFZhbHVlPSIiIENvcnJlbGF0aW9uQmluZGluZz0iIiBVcmxFbmNvZGU9IlRydWUiIC8+DQogICAgICAgIDxGb3JtUG9zdFBhcmFtZXRlciBOYW1lPSJjdGwwMCRjdGwwMCRjdGwwMCRDb250ZW50UGxhY2VIb2xkZXJEZWZhdWx0JENhcnRPdmVydmlld18zJGhkbkZpZWxkU2VsZWN0ZWRJdGVtSWRzIiBWYWx1ZT0ie3skSElEREVOMS5jdGwwMCRjdGwwMCRjdGwwMCRDb250ZW50UGxhY2VIb2xkZXJEZWZhdWx0JENhcnRPdmVydmlld18zJGhkbkZpZWxkU2VsZWN0ZWRJdGVtSWRzfX0iIFJlY29yZGVkVmFsdWU9IiIgQ29ycmVsYXRpb25CaW5kaW5nPSIiIFVybEVuY29kZT0iVHJ1ZSIgLz4NCiAgICAgICAgPEZvcm1Qb3N0UGFyYW1ldGVyIE5hbWU9ImN0bDAwJGN0bDAwJGN0bDAwJENvbnRlbnRQbGFjZUhvbGRlckRlZmF1bHQkQ2FydE92ZXJ2aWV3XzMkaGRuU2NyZWVuQXJlYSIgVmFsdWU9Int7JEhJRERFTjEuY3RsMDAkY3RsMDAkY3RsMDAkQ29udGVudFBsYWNlSG9sZGVyRGVmYXVsdCRDYXJ0T3ZlcnZpZXdfMyRoZG5TY3JlZW5BcmVhfX0iIFJlY29yZGVkVmFsdWU9IiIgQ29ycmVsYXRpb25CaW5kaW5nPSIiIFVybEVuY29kZT0iVHJ1ZSIgLz4NCiAgICAgICAgPEZvcm1Qb3N0UGFyYW1ldGVyIE5hbWU9ImN0bDAwJGN0bDAwJGN0bDAwJENvbnRlbnRQbGFjZUhvbGRlckRlZmF1bHQkTWFzdGVyUGxhY2Vob2xkZXIkSG9tZUxvZ2dlZEluXzYkaGRuU2NyZWVuQXJlYSIgVmFsdWU9Int7JEhJRERFTjEuY3RsMDAkY3RsMDAkY3RsMDAkQ29udGVudFBsYWNlSG9sZGVyRGVmYXVsdCRNYXN0ZXJQbGFjZWhvbGRlciRIb21lTG9nZ2VkSW5fNiRoZG5TY3JlZW5BcmVhfX0iIFJlY29yZGVkVmFsdWU9IiIgQ29ycmVsYXRpb25CaW5kaW5nPSIiIFVybEVuY29kZT0iVHJ1ZSIgLz4NCiAgICAgICAgPEZvcm1Qb3N0UGFyYW1ldGVyIE5hbWU9ImN0bDAwJGN0bDAwJGN0bDAwJENvbnRlbnRQbGFjZUhvbGRlckRlZmF1bHQkTWFzdGVyUGxhY2Vob2xkZXIkQ3VzdG9tZXJTdXBwb3J0XzgkaGRuU2NyZWVuQXJlYSIgVmFsdWU9Int7JEhJRERFTjEuY3RsMDAkY3RsMDAkY3RsMDAkQ29udGVudFBsYWNlSG9sZGVyRGVmYXVsdCRNYXN0ZXJQbGFjZWhvbGRlciRDdXN0b21lclN1cHBvcnRfOCRoZG5TY3JlZW5BcmVhfX0iIFJlY29yZGVkVmFsdWU9IiIgQ29ycmVsYXRpb25CaW5kaW5nPSIiIFVybEVuY29kZT0iVHJ1ZSIgLz4NCiAgICAgICAgPEZvcm1Qb3N0UGFyYW1ldGVyIE5hbWU9ImN0bDAwJGN0bDAwJGN0bDAwJENvbnRlbnRQbGFjZUhvbGRlckRlZmF1bHQkaGRuQ2FuSW5pdGlhbGl6ZUN1bHR1cmUiIFZhbHVlPSJ7eyRISURERU4xLmN0bDAwJGN0bDAwJGN0bDAwJENvbnRlbnRQbGFjZUhvbGRlckRlZmF1bHQkaGRuQ2FuSW5pdGlhbGl6ZUN1bHR1cmV9fSIgUmVjb3JkZWRWYWx1ZT0iZmFsc2UiIENvcnJlbGF0aW9uQmluZGluZz0iIiBVcmxFbmNvZGU9IlRydWUiIC8+DQogICAgICAgIDxGb3JtUG9zdFBhcmFtZXRlciBOYW1lPSJjdGwwMCRjdGwwMCRjdGwwMCRDb250ZW50UGxhY2VIb2xkZXJEZWZhdWx0JGhkbkVjb21EcmFnRHJvcEpzb24iIFZhbHVlPSJ7eyRISURERU4xLmN0bDAwJGN0bDAwJGN0bDAwJENvbnRlbnRQbGFjZUhvbGRlckRlZmF1bHQkaGRuRWNvbURyYWdEcm9wSnNvbn19IiBSZWNvcmRlZFZhbHVlPSIiIENvcnJlbGF0aW9uQmluZGluZz0iIiBVcmxFbmNvZGU9IlRydWUiIC8+DQogICAgICAgIDxGb3JtUG9zdFBhcmFtZXRlciBOYW1lPSJjdGwwMCRjdGwwMCRjdGwwMCRDb250ZW50UGxhY2VIb2xkZXJEZWZhdWx0JGhkbkN1cnJlbnRQYWdlSWRlbnRpdHkiIFZhbHVlPSJ7eyRISURERU4xLmN0bDAwJGN0bDAwJGN0bDAwJENvbnRlbnRQbGFjZUhvbGRlckRlZmF1bHQkaGRuQ3VycmVudFBhZ2VJZGVudGl0eX19IiBSZWNvcmRlZFZhbHVlPSIxMTI3IiBDb3JyZWxhdGlvbkJpbmRpbmc9IiIgVXJsRW5jb2RlPSJUcnVlIiAvPg0KICAgICAgICA8Rm9ybVBvc3RQYXJhbWV0ZXIgTmFtZT0iY3RsMDAkY3RsMDAkY3RsMDAkQ29udGVudFBsYWNlSG9sZGVyRGVmYXVsdCRoZG5TY3JvbGxZUG9zaXRpb24iIFZhbHVlPSJ7eyRISURERU4xLmN0bDAwJGN0bDAwJGN0bDAwJENvbnRlbnRQbGFjZUhvbGRlckRlZmF1bHQkaGRuU2Nyb2xsWVBvc2l0aW9ufX0iIFJlY29yZGVkVmFsdWU9IjAiIENvcnJlbGF0aW9uQmluZGluZz0iIiBVcmxFbmNvZGU9IlRydWUiIC8+DQogICAgICAgIDxGb3JtUG9zdFBhcmFtZXRlciBOYW1lPSJfX1ZJRVdTVEFURUdFTkVSQVRPUiIgVmFsdWU9Int7JEhJRERFTjEuX19WSUVXU1RBVEVHRU5FUkFUT1J9fSIgUmVjb3JkZWRWYWx1ZT0iQ0EwQjAzMzQiIENvcnJlbGF0aW9uQmluZGluZz0iIiBVcmxFbmNvZGU9IlRydWUiIC8+DQogICAgICA8L0Zvcm1Qb3N0SHR0cEJvZHk+DQogICAgPC9SZXF1ZXN0Pg0KICAgIDxDb21tZW50IENvbW1lbnRUZXh0PSJDbGlja19NeSBPcmRlcnMiIC8+DQogICAgPFJlcXVlc3QgTWV0aG9kPSJHRVQiIEd1aWQ9IjI3Y2Y1NGM0LTJjMmMtNDM5MC05MTU4LWQzNjIyZjE0NGEzYyIgVmVyc2lvbj0iMS4xIiBVcmw9Imh0dHBzOi8vbWFwcy5nb29nbGVhcGlzLmNvbS9tYXBzL2FwaS9qcy9BdXRoZW50aWNhdGlvblNlcnZpY2UuQXV0aGVudGljYXRlIiBUaGlua1RpbWU9IjEwIiBUaW1lb3V0PSIzMDAiIFBhcnNlRGVwZW5kZW50UmVxdWVzdHM9IlRydWUiIEZvbGxvd1JlZGlyZWN0cz0iVHJ1ZSIgUmVjb3JkUmVzdWx0PSJUcnVlIiBDYWNoZT0iRmFsc2UiIFJlc3BvbnNlVGltZUdvYWw9IjAiIEVuY29kaW5nPSJ1dGYtOCIgRXhwZWN0ZWRIdHRwU3RhdHVzQ29kZT0iMCIgRXhwZWN0ZWRSZXNwb25zZVVybD0iIiBSZXBvcnRpbmdOYW1lPSIiIElnbm9yZUh0dHBTdGF0dXNDb2RlPSJGYWxzZSI+DQogICAgICA8SGVhZGVycz4NCiAgICAgICAgPEhlYWRlciBOYW1lPSJSZWZlcmVyIiBWYWx1ZT0iaHR0cDovL2luMDFhcHYxMTo4MS9lbi9teWFkZHJlc3Nlcy5hc3B4IiAvPg0KICAgICAgPC9IZWFkZXJzPg0KICAgICAgPFF1ZXJ5U3RyaW5nUGFyYW1ldGVycz4NCiAgICAgICAgPFF1ZXJ5U3RyaW5nUGFyYW1ldGVyIE5hbWU9IiIgVmFsdWU9IjFzaHR0cCUzQSUyRiUyRmluMDFhcHYxMSUzQTgxJTJGZW4lMkZteWFkZHJlc3Nlcy5hc3B4IiBSZWNvcmRlZFZhbHVlPSIxc2h0dHAlM0ElMkYlMkZpbjAxYXB2MTElM0E4MSUyRmVuJTJGbXlhZGRyZXNzZXMuYXNweCIgQ29ycmVsYXRpb25CaW5kaW5nPSIiIFVybEVuY29kZT0iRmFsc2UiIFVzZVRvR3JvdXBSZXN1bHRzPSJGYWxzZSIgLz4NCiAgICAgICAgPFF1ZXJ5U3RyaW5nUGFyYW1ldGVyIE5hbWU9ImNhbGxiYWNrIiBWYWx1ZT0iX3hkY18uX29hZ3BveiIgUmVjb3JkZWRWYWx1ZT0iX3hkY18uX29hZ3BveiIgQ29ycmVsYXRpb25CaW5kaW5nPSIiIFVybEVuY29kZT0iRmFsc2UiIFVzZVRvR3JvdXBSZXN1bHRzPSJGYWxzZSIgLz4NCiAgICAgICAgPFF1ZXJ5U3RyaW5nUGFyYW1ldGVyIE5hbWU9InRva2VuIiBWYWx1ZT0iNTA3MjgiIFJlY29yZGVkVmFsdWU9IjUwNzI4IiBDb3JyZWxhdGlvbkJpbmRpbmc9IiIgVXJsRW5jb2RlPSJGYWxzZSIgVXNlVG9Hcm91cFJlc3VsdHM9IkZhbHNlIiAvPg0KICAgICAgPC9RdWVyeVN0cmluZ1BhcmFtZXRlcnM+DQogICAgPC9SZXF1ZXN0Pg0KICAgIDxDb21tZW50IENvbW1lbnRUZXh0PSJDbGlja19NeSBEYXNoYm9hcmQiIC8+DQogICAgPFJlcXVlc3QgTWV0aG9kPSJQT1NUIiBHdWlkPSJlYzMzNzYzMS1hZmVlLTQxYWItODRkOC0wZGY0YWE4NjQ3YzciIFZlcnNpb249IjEuMSIgVXJsPSJodHRwOi8vaW4wMWFwdjExOjgxL2VuL215YWRkcmVzc2VzLmFzcHgiIFRoaW5rVGltZT0iMCIgVGltZW91dD0iMzAwIiBQYXJzZURlcGVuZGVudFJlcXVlc3RzPSJUcnVlIiBGb2xsb3dSZWRpcmVjdHM9IlRydWUiIFJlY29yZFJlc3VsdD0iVHJ1ZSIgQ2FjaGU9IkZhbHNlIiBSZXNwb25zZVRpbWVHb2FsPSIwIiBFbmNvZGluZz0idXRmLTgiIEV4cGVjdGVkSHR0cFN0YXR1c0NvZGU9IjAiIEV4cGVjdGVkUmVzcG9uc2VVcmw9Imh0dHA6Ly9pbjAxYXB2MTE6ODEvZW4vZGFzaGJvYXJkLmFzcHgiIFJlcG9ydGluZ05hbWU9IiIgSWdub3JlSHR0cFN0YXR1c0NvZGU9IkZhbHNlIj4NCiAgICAgIDxEZXBlbmRlbnRSZXF1ZXN0cz4NCiAgICAgICAgPFJlcXVlc3QgTWV0aG9kPSJHRVQiIEd1aWQ9IjI2ODI0NjdlLTA1ODgtNDZmZS1iOTkxLTk4NTA4Yjk0ODNiYyIgVmVyc2lvbj0iMS4xIiBVcmw9Imh0dHBzOi8vZm9udHMuZ29vZ2xlYXBpcy5jb20vY3NzIiBUaGlua1RpbWU9IjAiIFRpbWVvdXQ9IjMwMCIgUGFyc2VEZXBlbmRlbnRSZXF1ZXN0cz0iVHJ1ZSIgRm9sbG93UmVkaXJlY3RzPSJUcnVlIiBSZWNvcmRSZXN1bHQ9IlRydWUiIENhY2hlPSJGYWxzZSIgUmVzcG9uc2VUaW1lR29hbD0iMCIgRW5jb2Rpbmc9InV0Zi04IiBFeHBlY3RlZEh0dHBTdGF0dXNDb2RlPSIwIiBFeHBlY3RlZFJlc3BvbnNlVXJsPSIiIFJlcG9ydGluZ05hbWU9IiIgSWdub3JlSHR0cFN0YXR1c0NvZGU9IkZhbHNlIj4NCiAgICAgICAgICA8SGVhZGVycz4NCiAgICAgICAgICAgIDxIZWFkZXIgTmFtZT0iUmVmZXJlciIgVmFsdWU9Imh0dHA6Ly9pbjAxYXB2MTE6ODEvZW4vZGFzaGJvYXJkLmFzcHgiIC8+DQogICAgICAgICAgPC9IZWFkZXJzPg0KICAgICAgICAgIDxRdWVyeVN0cmluZ1BhcmFtZXRlcnM+DQogICAgICAgICAgICA8UXVlcnlTdHJpbmdQYXJhbWV0ZXIgTmFtZT0iZmFtaWx5IiBWYWx1ZT0iUm9ib3RvOjMwMCw0MDAsNTAwLDcwMD9FY29tVmVyc2lvbiUzZDguMC43OC4yMSIgUmVjb3JkZWRWYWx1ZT0iUm9ib3RvOjMwMCw0MDAsNTAwLDcwMD9FY29tVmVyc2lvbiUzZDguMC43OC4yMSIgQ29ycmVsYXRpb25CaW5kaW5nPSIiIFVybEVuY29kZT0iRmFsc2UiIFVzZVRvR3JvdXBSZXN1bHRzPSJGYWxzZSIgLz4NCiAgICAgICAgICA8L1F1ZXJ5U3RyaW5nUGFyYW1ldGVycz4NCiAgICAgICAgPC9SZXF1ZXN0Pg0KICAgICAgICA8UmVxdWVzdCBNZXRob2Q9IkdFVCIgR3VpZD0iYjA0NTRmYmItY2FiYS00NmMzLWEwOTMtODkwMDE2MzhkMWNjIiBWZXJzaW9uPSIxLjEiIFVybD0iaHR0cHM6Ly9jc2kuZ3N0YXRpYy5jb20vY3NpIiBUaGlua1RpbWU9IjUiIFRpbWVvdXQ9IjMwMCIgUGFyc2VEZXBlbmRlbnRSZXF1ZXN0cz0iVHJ1ZSIgRm9sbG93UmVkaXJlY3RzPSJUcnVlIiBSZWNvcmRSZXN1bHQ9IlRydWUiIENhY2hlPSJGYWxzZSIgUmVzcG9uc2VUaW1lR29hbD0iMCIgRW5jb2Rpbmc9InV0Zi04IiBFeHBlY3RlZEh0dHBTdGF0dXNDb2RlPSIwIiBFeHBlY3RlZFJlc3BvbnNlVXJsPSIiIFJlcG9ydGluZ05hbWU9IiIgSWdub3JlSHR0cFN0YXR1c0NvZGU9IkZhbHNlIj4NCiAgICAgICAgICA8SGVhZGVycz4NCiAgICAgICAgICAgIDxIZWFkZXIgTmFtZT0iUmVmZXJlciIgVmFsdWU9Imh0dHA6Ly9pbjAxYXB2MTE6ODEvZW4vZGFzaGJvYXJkLmFzcHgiIC8+DQogICAgICAgICAgPC9IZWFkZXJzPg0KICAgICAgICAgIDxRdWVyeVN0cmluZ1BhcmFtZXRlcnM+DQogICAgICAgICAgICA8UXVlcnlTdHJpbmdQYXJhbWV0ZXIgTmFtZT0idiIgVmFsdWU9IjIiIFJlY29yZGVkVmFsdWU9IjIiIENvcnJlbGF0aW9uQmluZGluZz0iIiBVcmxFbmNvZGU9IkZhbHNlIiBVc2VUb0dyb3VwUmVzdWx0cz0iRmFsc2UiIC8+DQogICAgICAgICAgICA8UXVlcnlTdHJpbmdQYXJhbWV0ZXIgTmFtZT0icyIgVmFsdWU9Im1hcHNhcGkzIiBSZWNvcmRlZFZhbHVlPSJtYXBzYXBpMyIgQ29ycmVsYXRpb25CaW5kaW5nPSIiIFVybEVuY29kZT0iRmFsc2UiIFVzZVRvR3JvdXBSZXN1bHRzPSJGYWxzZSIgLz4NCiAgICAgICAgICAgIDxRdWVyeVN0cmluZ1BhcmFtZXRlciBOYW1lPSJ2M3YiIFZhbHVlPSIyOS4xMCIgUmVjb3JkZWRWYWx1ZT0iMjkuMTAiIENvcnJlbGF0aW9uQmluZGluZz0iIiBVcmxFbmNvZGU9IkZhbHNlIiBVc2VUb0dyb3VwUmVzdWx0cz0iRmFsc2UiIC8+DQogICAgICAgICAgICA8UXVlcnlTdHJpbmdQYXJhbWV0ZXIgTmFtZT0iYWN0aW9uIiBWYWx1ZT0iYXBpYm9vdDIiIFJlY29yZGVkVmFsdWU9ImFwaWJvb3QyIiBDb3JyZWxhdGlvbkJpbmRpbmc9IiIgVXJsRW5jb2RlPSJGYWxzZSIgVXNlVG9Hcm91cFJlc3VsdHM9IkZhbHNlIiAvPg0KICAgICAgICAgICAgPFF1ZXJ5U3RyaW5nUGFyYW1ldGVyIE5hbWU9ImUiIFZhbHVlPSIxMF8xXzAsMTBfMl8wIiBSZWNvcmRlZFZhbHVlPSIxMF8xXzAsMTBfMl8wIiBDb3JyZWxhdGlvbkJpbmRpbmc9IiIgVXJsRW5jb2RlPSJGYWxzZSIgVXNlVG9Hcm91cFJlc3VsdHM9IkZhbHNlIiAvPg0KICAgICAgICAgICAgPFF1ZXJ5U3RyaW5nUGFyYW1ldGVyIE5hbWU9InJ0IiBWYWx1ZT0ibWFpbi45IiBSZWNvcmRlZFZhbHVlPSJtYWluLjkiIENvcnJlbGF0aW9uQmluZGluZz0iIiBVcmxFbmNvZGU9IkZhbHNlIiBVc2VUb0dyb3VwUmVzdWx0cz0iRmFsc2UiIC8+DQogICAgICAgICAgPC9RdWVyeVN0cmluZ1BhcmFtZXRlcnM+DQogICAgICAgIDwvUmVxdWVzdD4NCiAgICAgIDwvRGVwZW5kZW50UmVxdWVzdHM+DQogICAgICA8SGVhZGVycz4NCiAgICAgICAgPEhlYWRlciBOYW1lPSJSZWZlcmVyIiBWYWx1ZT0iaHR0cDovL2luMDFhcHYxMTo4MS9lbi9teWFkZHJlc3Nlcy5hc3B4IiAvPg0KICAgICAgPC9IZWFkZXJzPg0KICAgICAgPEV4dHJhY3Rpb25SdWxlcz4NCiAgICAgICAgPEV4dHJhY3Rpb25SdWxlIENsYXNzbmFtZT0iTWljcm9zb2Z0LlZpc3VhbFN0dWRpby5UZXN0VG9vbHMuV2ViVGVzdGluZy5SdWxlcy5FeHRyYWN0SGlkZGVuRmllbGRzLCBNaWNyb3NvZnQuVmlzdWFsU3R1ZGlvLlF1YWxpdHlUb29scy5XZWJUZXN0RnJhbWV3b3JrLCBWZXJzaW9uPTEwLjAuMC4wLCBDdWx0dXJlPW5ldXRyYWwsIFB1YmxpY0tleVRva2VuPWIwM2Y1ZjdmMTFkNTBhM2EiIFZhcmlhYmxlTmFtZT0iMSIgRGlzcGxheU5hbWU9IkV4dHJhY3QgSGlkZGVuIEZpZWxkcyIgRGVzY3JpcHRpb249IkV4dHJhY3QgYWxsIGhpZGRlbiBmaWVsZHMgZnJvbSB0aGUgcmVzcG9uc2UgYW5kIHBsYWNlIHRoZW0gaW50byB0aGUgdGVzdCBjb250ZXh0LiI+DQogICAgICAgICAgPFJ1bGVQYXJhbWV0ZXJzPg0KICAgICAgICAgICAgPFJ1bGVQYXJhbWV0ZXIgTmFtZT0iUmVxdWlyZWQiIFZhbHVlPSJUcnVlIiAvPg0KICAgICAgICAgICAgPFJ1bGVQYXJhbWV0ZXIgTmFtZT0iSHRtbERlY29kZSIgVmFsdWU9IlRydWUiIC8+DQogICAgICAgICAgPC9SdWxlUGFyYW1ldGVycz4NCiAgICAgICAgPC9FeHRyYWN0aW9uUnVsZT4NCiAgICAgIDwvRXh0cmFjdGlvblJ1bGVzPg0KICAgICAgPENvcnJlbGF0aW9uRXh0cmFjdGlvblJ1bGVzPg0KICAgICAgICA8RXh0cmFjdGlvblJ1bGUgQ2xhc3NuYW1lPSJNaWNyb3NvZnQuVmlzdWFsU3R1ZGlvLlRlc3RUb29scy5XZWJUZXN0aW5nLlJ1bGVzLkV4dHJhY3RGb3JtRmllbGQsIE1pY3Jvc29mdC5WaXN1YWxTdHVkaW8uUXVhbGl0eVRvb2xzLldlYlRlc3RGcmFtZXdvcmssIFZlcnNpb249MTAuMC4wLjAsIEN1bHR1cmU9bmV1dHJhbCwgUHVibGljS2V5VG9rZW49YjAzZjVmN2YxMWQ1MGEzYSIgVmFyaWFibGVOYW1lPSJGb3JtUG9zdFBhcmFtMS5jdGwwMCRjdGwwMCRjdGwwMCRDb250ZW50UGxhY2VIb2xkZXJEZWZhdWx0JE1hc3RlclBsYWNlaG9sZGVyJENoYW5nZUFkZHJlc3NfNiR0eHRUaXRsZSIgRGlzcGxheU5hbWU9IiIgRGVzY3JpcHRpb249IiI+DQogICAgICAgICAgPFJ1bGVQYXJhbWV0ZXJzPg0KICAgICAgICAgICAgPFJ1bGVQYXJhbWV0ZXIgTmFtZT0iTmFtZSIgVmFsdWU9IkNvbnRlbnRQbGFjZUhvbGRlckRlZmF1bHRfTWFzdGVyUGxhY2Vob2xkZXJfQ2hhbmdlQWRkcmVzc182X3R4dFRpdGxlIiAvPg0KICAgICAgICAgICAgPFJ1bGVQYXJhbWV0ZXIgTmFtZT0iSHRtbERlY29kZSIgVmFsdWU9IlRydWUiIC8+DQogICAgICAgICAgICA8UnVsZVBhcmFtZXRlciBOYW1lPSJSZXF1aXJlZCIgVmFsdWU9IkZhbHNlIiAvPg0KICAgICAgICAgICAgPFJ1bGVQYXJhbWV0ZXIgTmFtZT0iSW5kZXgiIFZhbHVlPSIwIiAvPg0KICAgICAgICAgIDwvUnVsZVBhcmFtZXRlcnM+DQogICAgICAgIDwvRXh0cmFjdGlvblJ1bGU+DQogICAgICAgIDxFeHRyYWN0aW9uUnVsZSBDbGFzc25hbWU9Ik1pY3Jvc29mdC5WaXN1YWxTdHVkaW8uVGVzdFRvb2xzLldlYlRlc3RpbmcuUnVsZXMuRXh0cmFjdEZvcm1GaWVsZCwgTWljcm9zb2Z0LlZpc3VhbFN0dWRpby5RdWFsaXR5VG9vbHMuV2ViVGVzdEZyYW1ld29yaywgVmVyc2lvbj0xMC4wLjAuMCwgQ3VsdHVyZT1uZXV0cmFsLCBQdWJsaWNLZXlUb2tlbj1iMDNmNWY3ZjExZDUwYTNhIiBWYXJpYWJsZU5hbWU9IkZvcm1Qb3N0UGFyYW0yLmN0bDAwJGN0bDAwJGN0bDAwJENvbnRlbnRQbGFjZUhvbGRlckRlZmF1bHQkTWFzdGVyUGxhY2Vob2xkZXIkQ2hhbmdlQWRkcmVzc182JHR4dEZpcnN0bmFtZSIgRGlzcGxheU5hbWU9IiIgRGVzY3JpcHRpb249IiI+DQogICAgICAgICAgPFJ1bGVQYXJhbWV0ZXJzPg0KICAgICAgICAgICAgPFJ1bGVQYXJhbWV0ZXIgTmFtZT0iTmFtZSIgVmFsdWU9IkNvbnRlbnRQbGFjZUhvbGRlckRlZmF1bHRfTWFzdGVyUGxhY2Vob2xkZXJfQ2hhbmdlQWRkcmVzc182X3R4dEZpcnN0bmFtZSIgLz4NCiAgICAgICAgICAgIDxSdWxlUGFyYW1ldGVyIE5hbWU9Ikh0bWxEZWNvZGUiIFZhbHVlPSJUcnVlIiAvPg0KICAgICAgICAgICAgPFJ1bGVQYXJhbWV0ZXIgTmFtZT0iUmVxdWlyZWQiIFZhbHVlPSJGYWxzZSIgLz4NCiAgICAgICAgICAgIDxSdWxlUGFyYW1ldGVyIE5hbWU9IkluZGV4IiBWYWx1ZT0iMCIgLz4NCiAgICAgICAgICA8L1J1bGVQYXJhbWV0ZXJzPg0KICAgICAgICA8L0V4dHJhY3Rpb25SdWxlPg0KICAgICAgICA8RXh0cmFjdGlvblJ1bGUgQ2xhc3NuYW1lPSJNaWNyb3NvZnQuVmlzdWFsU3R1ZGlvLlRlc3RUb29scy5XZWJUZXN0aW5nLlJ1bGVzLkV4dHJhY3RGb3JtRmllbGQsIE1pY3Jvc29mdC5WaXN1YWxTdHVkaW8uUXVhbGl0eVRvb2xzLldlYlRlc3RGcmFtZXdvcmssIFZlcnNpb249MTAuMC4wLjAsIEN1bHR1cmU9bmV1dHJhbCwgUHVibGljS2V5VG9rZW49YjAzZjVmN2YxMWQ1MGEzYSIgVmFyaWFibGVOYW1lPSJGb3JtUG9zdFBhcmFtMy5jdGwwMCRjdGwwMCRjdGwwMCRDb250ZW50UGxhY2VIb2xkZXJEZWZhdWx0JE1hc3RlclBsYWNlaG9sZGVyJENoYW5nZUFkZHJlc3NfNiR0eHRMYXN0bmFtZSIgRGlzcGxheU5hbWU9IiIgRGVzY3JpcHRpb249IiI+DQogICAgICAgICAgPFJ1bGVQYXJhbWV0ZXJzPg0KICAgICAgICAgICAgPFJ1bGVQYXJhbWV0ZXIgTmFtZT0iTmFtZSIgVmFsdWU9IkNvbnRlbnRQbGFjZUhvbGRlckRlZmF1bHRfTWFzdGVyUGxhY2Vob2xkZXJfQ2hhbmdlQWRkcmVzc182X3R4dExhc3RuYW1lIiAvPg0KICAgICAgICAgICAgPFJ1bGVQYXJhbWV0ZXIgTmFtZT0iSHRtbERlY29kZSIgVmFsdWU9IlRydWUiIC8+DQogICAgICAgICAgICA8UnVsZVBhcmFtZXRlciBOYW1lPSJSZXF1aXJlZCIgVmFsdWU9IkZhbHNlIiAvPg0KICAgICAgICAgICAgPFJ1bGVQYXJhbWV0ZXIgTmFtZT0iSW5kZXgiIFZhbHVlPSIwIiAvPg0KICAgICAgICAgIDwvUnVsZVBhcmFtZXRlcnM+DQogICAgICAgIDwvRXh0cmFjdGlvblJ1bGU+DQogICAgICAgIDxFeHRyYWN0aW9uUnVsZSBDbGFzc25hbWU9Ik1pY3Jvc29mdC5WaXN1YWxTdHVkaW8uVGVzdFRvb2xzLldlYlRlc3RpbmcuUnVsZXMuRXh0cmFjdEZvcm1GaWVsZCwgTWljcm9zb2Z0LlZpc3VhbFN0dWRpby5RdWFsaXR5VG9vbHMuV2ViVGVzdEZyYW1ld29yaywgVmVyc2lvbj0xMC4wLjAuMCwgQ3VsdHVyZT1uZXV0cmFsLCBQdWJsaWNLZXlUb2tlbj1iMDNmNWY3ZjExZDUwYTNhIiBWYXJpYWJsZU5hbWU9IkZvcm1Qb3N0UGFyYW00LmN0bDAwJGN0bDAwJGN0bDAwJENvbnRlbnRQbGFjZUhvbGRlckRlZmF1bHQkTWFzdGVyUGxhY2Vob2xkZXIkQ2hhbmdlQWRkcmVzc182JHR4dENvbXBhbnkiIERpc3BsYXlOYW1lPSIiIERlc2NyaXB0aW9uPSIiPg0KICAgICAgICAgIDxSdWxlUGFyYW1ldGVycz4NCiAgICAgICAgICAgIDxSdWxlUGFyYW1ldGVyIE5hbWU9Ik5hbWUiIFZhbHVlPSJDb250ZW50UGxhY2VIb2xkZXJEZWZhdWx0X01hc3RlclBsYWNlaG9sZGVyX0NoYW5nZUFkZHJlc3NfNl90eHRDb21wYW55IiAvPg0KICAgICAgICAgICAgPFJ1bGVQYXJhbWV0ZXIgTmFtZT0iSHRtbERlY29kZSIgVmFsdWU9IlRydWUiIC8+DQogICAgICAgICAgICA8UnVsZVBhcmFtZXRlciBOYW1lPSJSZXF1aXJlZCIgVmFsdWU9IkZhbHNlIiAvPg0KICAgICAgICAgICAgPFJ1bGVQYXJhbWV0ZXIgTmFtZT0iSW5kZXgiIFZhbHVlPSIwIiAvPg0KICAgICAgICAgIDwvUnVsZVBhcmFtZXRlcnM+DQogICAgICAgIDwvRXh0cmFjdGlvblJ1bGU+DQogICAgICAgIDxFeHRyYWN0aW9uUnVsZSBDbGFzc25hbWU9Ik1pY3Jvc29mdC5WaXN1YWxTdHVkaW8uVGVzdFRvb2xzLldlYlRlc3RpbmcuUnVsZXMuRXh0cmFjdEZvcm1GaWVsZCwgTWljcm9zb2Z0LlZpc3VhbFN0dWRpby5RdWFsaXR5VG9vbHMuV2ViVGVzdEZyYW1ld29yaywgVmVyc2lvbj0xMC4wLjAuMCwgQ3VsdHVyZT1uZXV0cmFsLCBQdWJsaWNLZXlUb2tlbj1iMDNmNWY3ZjExZDUwYTNhIiBWYXJpYWJsZU5hbWU9IkZvcm1Qb3N0UGFyYW01LmN0bDAwJGN0bDAwJGN0bDAwJENvbnRlbnRQbGFjZUhvbGRlckRlZmF1bHQkTWFzdGVyUGxhY2Vob2xkZXIkQ2hhbmdlQWRkcmVzc182JHR4dERlcGFydG1lbnQiIERpc3BsYXlOYW1lPSIiIERlc2NyaXB0aW9uPSIiPg0KICAgICAgICAgIDxSdWxlUGFyYW1ldGVycz4NCiAgICAgICAgICAgIDxSdWxlUGFyYW1ldGVyIE5hbWU9Ik5hbWUiIFZhbHVlPSJDb250ZW50UGxhY2VIb2xkZXJEZWZhdWx0X01hc3RlclBsYWNlaG9sZGVyX0NoYW5nZUFkZHJlc3NfNl90eHREZXBhcnRtZW50IiAvPg0KICAgICAgICAgICAgPFJ1bGVQYXJhbWV0ZXIgTmFtZT0iSHRtbERlY29kZSIgVmFsdWU9IlRydWUiIC8+DQogICAgICAgICAgICA8UnVsZVBhcmFtZXRlciBOYW1lPSJSZXF1aXJlZCIgVmFsdWU9IkZhbHNlIiAvPg0KICAgICAgICAgICAgPFJ1bGVQYXJhbWV0ZXIgTmFtZT0iSW5kZXgiIFZhbHVlPSIwIiAvPg0KICAgICAgICAgIDwvUnVsZVBhcmFtZXRlcnM+DQogICAgICAgIDwvRXh0cmFjdGlvblJ1bGU+DQogICAgICAgIDxFeHRyYWN0aW9uUnVsZSBDbGFzc25hbWU9Ik1pY3Jvc29mdC5WaXN1YWxTdHVkaW8uVGVzdFRvb2xzLldlYlRlc3RpbmcuUnVsZXMuRXh0cmFjdEZvcm1GaWVsZCwgTWljcm9zb2Z0LlZpc3VhbFN0dWRpby5RdWFsaXR5VG9vbHMuV2ViVGVzdEZyYW1ld29yaywgVmVyc2lvbj0xMC4wLjAuMCwgQ3VsdHVyZT1uZXV0cmFsLCBQdWJsaWNLZXlUb2tlbj1iMDNmNWY3ZjExZDUwYTNhIiBWYXJpYWJsZU5hbWU9IkZvcm1Qb3N0UGFyYW02LmN0bDAwJGN0bDAwJGN0bDAwJENvbnRlbnRQbGFjZUhvbGRlckRlZmF1bHQkTWFzdGVyUGxhY2Vob2xkZXIkQ2hhbmdlQWRkcmVzc182JHR4dEdyb3VwIiBEaXNwbGF5TmFtZT0iIiBEZXNjcmlwdGlvbj0iIj4NCiAgICAgICAgICA8UnVsZVBhcmFtZXRlcnM+DQogICAgICAgICAgICA8UnVsZVBhcmFtZXRlciBOYW1lPSJOYW1lIiBWYWx1ZT0iQ29udGVudFBsYWNlSG9sZGVyRGVmYXVsdF9NYXN0ZXJQbGFjZWhvbGRlcl9DaGFuZ2VBZGRyZXNzXzZfdHh0R3JvdXAiIC8+DQogICAgICAgICAgICA8UnVsZVBhcmFtZXRlciBOYW1lPSJIdG1sRGVjb2RlIiBWYWx1ZT0iVHJ1ZSIgLz4NCiAgICAgICAgICAgIDxSdWxlUGFyYW1ldGVyIE5hbWU9IlJlcXVpcmVkIiBWYWx1ZT0iRmFsc2UiIC8+DQogICAgICAgICAgICA8UnVsZVBhcmFtZXRlciBOYW1lPSJJbmRleCIgVmFsdWU9IjAiIC8+DQogICAgICAgICAgPC9SdWxlUGFyYW1ldGVycz4NCiAgICAgICAgPC9FeHRyYWN0aW9uUnVsZT4NCiAgICAgICAgPEV4dHJhY3Rpb25SdWxlIENsYXNzbmFtZT0iTWljcm9zb2Z0LlZpc3VhbFN0dWRpby5UZXN0VG9vbHMuV2ViVGVzdGluZy5SdWxlcy5FeHRyYWN0Rm9ybUZpZWxkLCBNaWNyb3NvZnQuVmlzdWFsU3R1ZGlvLlF1YWxpdHlUb29scy5XZWJUZXN0RnJhbWV3b3JrLCBWZXJzaW9uPTEwLjAuMC4wLCBDdWx0dXJlPW5ldXRyYWwsIFB1YmxpY0tleVRva2VuPWIwM2Y1ZjdmMTFkNTBhM2EiIFZhcmlhYmxlTmFtZT0iRm9ybVBvc3RQYXJhbTcuY3RsMDAkY3RsMDAkY3RsMDAkQ29udGVudFBsYWNlSG9sZGVyRGVmYXVsdCRNYXN0ZXJQbGFjZWhvbGRlciRDaGFuZ2VBZGRyZXNzXzYkdHh0U3RyZWV0IiBEaXNwbGF5TmFtZT0iIiBEZXNjcmlwdGlvbj0iIj4NCiAgICAgICAgICA8UnVsZVBhcmFtZXRlcnM+DQogICAgICAgICAgICA8UnVsZVBhcmFtZXRlciBOYW1lPSJOYW1lIiBWYWx1ZT0iQ29udGVudFBsYWNlSG9sZGVyRGVmYXVsdF9NYXN0ZXJQbGFjZWhvbGRlcl9DaGFuZ2VBZGRyZXNzXzZfdHh0U3RyZWV0IiAvPg0KICAgICAgICAgICAgPFJ1bGVQYXJhbWV0ZXIgTmFtZT0iSHRtbERlY29kZSIgVmFsdWU9IlRydWUiIC8+DQogICAgICAgICAgICA8UnVsZVBhcmFtZXRlciBOYW1lPSJSZXF1aXJlZCIgVmFsdWU9IkZhbHNlIiAvPg0KICAgICAgICAgICAgPFJ1bGVQYXJhbWV0ZXIgTmFtZT0iSW5kZXgiIFZhbHVlPSIwIiAvPg0KICAgICAgICAgIDwvUnVsZVBhcmFtZXRlcnM+DQogICAgICAgIDwvRXh0cmFjdGlvblJ1bGU+DQogICAgICAgIDxFeHRyYWN0aW9uUnVsZSBDbGFzc25hbWU9Ik1pY3Jvc29mdC5WaXN1YWxTdHVkaW8uVGVzdFRvb2xzLldlYlRlc3RpbmcuUnVsZXMuRXh0cmFjdEZvcm1GaWVsZCwgTWljcm9zb2Z0LlZpc3VhbFN0dWRpby5RdWFsaXR5VG9vbHMuV2ViVGVzdEZyYW1ld29yaywgVmVyc2lvbj0xMC4wLjAuMCwgQ3VsdHVyZT1uZXV0cmFsLCBQdWJsaWNLZXlUb2tlbj1iMDNmNWY3ZjExZDUwYTNhIiBWYXJpYWJsZU5hbWU9IkZvcm1Qb3N0UGFyYW04LmN0bDAwJGN0bDAwJGN0bDAwJENvbnRlbnRQbGFjZUhvbGRlckRlZmF1bHQkTWFzdGVyUGxhY2Vob2xkZXIkQ2hhbmdlQWRkcmVzc182JHR4dFN0cmVldDIiIERpc3BsYXlOYW1lPSIiIERlc2NyaXB0aW9uPSIiPg0KICAgICAgICAgIDxSdWxlUGFyYW1ldGVycz4NCiAgICAgICAgICAgIDxSdWxlUGFyYW1ldGVyIE5hbWU9Ik5hbWUiIFZhbHVlPSJDb250ZW50UGxhY2VIb2xkZXJEZWZhdWx0X01hc3RlclBsYWNlaG9sZGVyX0NoYW5nZUFkZHJlc3NfNl90eHRTdHJlZXQyIiAvPg0KICAgICAgICAgICAgPFJ1bGVQYXJhbWV0ZXIgTmFtZT0iSHRtbERlY29kZSIgVmFsdWU9IlRydWUiIC8+DQogICAgICAgICAgICA8UnVsZVBhcmFtZXRlciBOYW1lPSJSZXF1aXJlZCIgVmFsdWU9IkZhbHNlIiAvPg0KICAgICAgICAgICAgPFJ1bGVQYXJhbWV0ZXIgTmFtZT0iSW5kZXgiIFZhbHVlPSIwIiAvPg0KICAgICAgICAgIDwvUnVsZVBhcmFtZXRlcnM+DQogICAgICAgIDwvRXh0cmFjdGlvblJ1bGU+DQogICAgICAgIDxFeHRyYWN0aW9uUnVsZSBDbGFzc25hbWU9Ik1pY3Jvc29mdC5WaXN1YWxTdHVkaW8uVGVzdFRvb2xzLldlYlRlc3RpbmcuUnVsZXMuRXh0cmFjdEZvcm1GaWVsZCwgTWljcm9zb2Z0LlZpc3VhbFN0dWRpby5RdWFsaXR5VG9vbHMuV2ViVGVzdEZyYW1ld29yaywgVmVyc2lvbj0xMC4wLjAuMCwgQ3VsdHVyZT1uZXV0cmFsLCBQdWJsaWNLZXlUb2tlbj1iMDNmNWY3ZjExZDUwYTNhIiBWYXJpYWJsZU5hbWU9IkZvcm1Qb3N0UGFyYW05LmN0bDAwJGN0bDAwJGN0bDAwJENvbnRlbnRQbGFjZUhvbGRlckRlZmF1bHQkTWFzdGVyUGxhY2Vob2xkZXIkQ2hhbmdlQWRkcmVzc182JHR4dFN0cmVldDMiIERpc3BsYXlOYW1lPSIiIERlc2NyaXB0aW9uPSIiPg0KICAgICAgICAgIDxSdWxlUGFyYW1ldGVycz4NCiAgICAgICAgICAgIDxSdWxlUGFyYW1ldGVyIE5hbWU9Ik5hbWUiIFZhbHVlPSJDb250ZW50UGxhY2VIb2xkZXJEZWZhdWx0X01hc3RlclBsYWNlaG9sZGVyX0NoYW5nZUFkZHJlc3NfNl90eHRTdHJlZXQzIiAvPg0KICAgICAgICAgICAgPFJ1bGVQYXJhbWV0ZXIgTmFtZT0iSHRtbERlY29kZSIgVmFsdWU9IlRydWUiIC8+DQogICAgICAgICAgICA8UnVsZVBhcmFtZXRlciBOYW1lPSJSZXF1aXJlZCIgVmFsdWU9IkZhbHNlIiAvPg0KICAgICAgICAgICAgPFJ1bGVQYXJhbWV0ZXIgTmFtZT0iSW5kZXgiIFZhbHVlPSIwIiAvPg0KICAgICAgICAgIDwvUnVsZVBhcmFtZXRlcnM+DQogICAgICAgIDwvRXh0cmFjdGlvblJ1bGU+DQogICAgICAgIDxFeHRyYWN0aW9uUnVsZSBDbGFzc25hbWU9Ik1pY3Jvc29mdC5WaXN1YWxTdHVkaW8uVGVzdFRvb2xzLldlYlRlc3RpbmcuUnVsZXMuRXh0cmFjdEZvcm1GaWVsZCwgTWljcm9zb2Z0LlZpc3VhbFN0dWRpby5RdWFsaXR5VG9vbHMuV2ViVGVzdEZyYW1ld29yaywgVmVyc2lvbj0xMC4wLjAuMCwgQ3VsdHVyZT1uZXV0cmFsLCBQdWJsaWNLZXlUb2tlbj1iMDNmNWY3ZjExZDUwYTNhIiBWYXJpYWJsZU5hbWU9IkZvcm1Qb3N0UGFyYW0xMC5jdGwwMCRjdGwwMCRjdGwwMCRDb250ZW50UGxhY2VIb2xkZXJEZWZhdWx0JE1hc3RlclBsYWNlaG9sZGVyJENoYW5nZUFkZHJlc3NfNiR0eHRDaXR5IiBEaXNwbGF5TmFtZT0iIiBEZXNjcmlwdGlvbj0iIj4NCiAgICAgICAgICA8UnVsZVBhcmFtZXRlcnM+DQogICAgICAgICAgICA8UnVsZVBhcmFtZXRlciBOYW1lPSJOYW1lIiBWYWx1ZT0iQ29udGVudFBsYWNlSG9sZGVyRGVmYXVsdF9NYXN0ZXJQbGFjZWhvbGRlcl9DaGFuZ2VBZGRyZXNzXzZfdHh0Q2l0eSIgLz4NCiAgICAgICAgICAgIDxSdWxlUGFyYW1ldGVyIE5hbWU9Ikh0bWxEZWNvZGUiIFZhbHVlPSJUcnVlIiAvPg0KICAgICAgICAgICAgPFJ1bGVQYXJhbWV0ZXIgTmFtZT0iUmVxdWlyZWQiIFZhbHVlPSJGYWxzZSIgLz4NCiAgICAgICAgICAgIDxSdWxlUGFyYW1ldGVyIE5hbWU9IkluZGV4IiBWYWx1ZT0iMCIgLz4NCiAgICAgICAgICA8L1J1bGVQYXJhbWV0ZXJzPg0KICAgICAgICA8L0V4dHJhY3Rpb25SdWxlPg0KICAgICAgICA8RXh0cmFjdGlvblJ1bGUgQ2xhc3NuYW1lPSJNaWNyb3NvZnQuVmlzdWFsU3R1ZGlvLlRlc3RUb29scy5XZWJUZXN0aW5nLlJ1bGVzLkV4dHJhY3RGb3JtRmllbGQsIE1pY3Jvc29mdC5WaXN1YWxTdHVkaW8uUXVhbGl0eVRvb2xzLldlYlRlc3RGcmFtZXdvcmssIFZlcnNpb249MTAuMC4wLjAsIEN1bHR1cmU9bmV1dHJhbCwgUHVibGljS2V5VG9rZW49YjAzZjVmN2YxMWQ1MGEzYSIgVmFyaWFibGVOYW1lPSJGb3JtUG9zdFBhcmFtMTEuY3RsMDAkY3RsMDAkY3RsMDAkQ29udGVudFBsYWNlSG9sZGVyRGVmYXVsdCRNYXN0ZXJQbGFjZWhvbGRlciRDaGFuZ2VBZGRyZXNzXzYkdHh0UG9zdGFsQ29kZSIgRGlzcGxheU5hbWU9IiIgRGVzY3JpcHRpb249IiI+DQogICAgICAgICAgPFJ1bGVQYXJhbWV0ZXJzPg0KICAgICAgICAgICAgPFJ1bGVQYXJhbWV0ZXIgTmFtZT0iTmFtZSIgVmFsdWU9IkNvbnRlbnRQbGFjZUhvbGRlckRlZmF1bHRfTWFzdGVyUGxhY2Vob2xkZXJfQ2hhbmdlQWRkcmVzc182X3R4dFBvc3RhbENvZGUiIC8+DQogICAgICAgICAgICA8UnVsZVBhcmFtZXRlciBOYW1lPSJIdG1sRGVjb2RlIiBWYWx1ZT0iVHJ1ZSIgLz4NCiAgICAgICAgICAgIDxSdWxlUGFyYW1ldGVyIE5hbWU9IlJlcXVpcmVkIiBWYWx1ZT0iRmFsc2UiIC8+DQogICAgICAgICAgICA8UnVsZVBhcmFtZXRlciBOYW1lPSJJbmRleCIgVmFsdWU9IjAiIC8+DQogICAgICAgICAgPC9SdWxlUGFyYW1ldGVycz4NCiAgICAgICAgPC9FeHRyYWN0aW9uUnVsZT4NCiAgICAgICAgPEV4dHJhY3Rpb25SdWxlIENsYXNzbmFtZT0iTWljcm9zb2Z0LlZpc3VhbFN0dWRpby5UZXN0VG9vbHMuV2ViVGVzdGluZy5SdWxlcy5FeHRyYWN0Rm9ybUZpZWxkLCBNaWNyb3NvZnQuVmlzdWFsU3R1ZGlvLlF1YWxpdHlUb29scy5XZWJUZXN0RnJhbWV3b3JrLCBWZXJzaW9uPTEwLjAuMC4wLCBDdWx0dXJlPW5ldXRyYWwsIFB1YmxpY0tleVRva2VuPWIwM2Y1ZjdmMTFkNTBhM2EiIFZhcmlhYmxlTmFtZT0iRm9ybVBvc3RQYXJhbTEyLmN0bDAwJGN0bDAwJGN0bDAwJENvbnRlbnRQbGFjZUhvbGRlckRlZmF1bHQkTWFzdGVyUGxhY2Vob2xkZXIkQ2hhbmdlQWRkcmVzc182JHR4dEVtYWlsIiBEaXNwbGF5TmFtZT0iIiBEZXNjcmlwdGlvbj0iIj4NCiAgICAgICAgICA8UnVsZVBhcmFtZXRlcnM+DQogICAgICAgICAgICA8UnVsZVBhcmFtZXRlciBOYW1lPSJOYW1lIiBWYWx1ZT0iQ29udGVudFBsYWNlSG9sZGVyRGVmYXVsdF9NYXN0ZXJQbGFjZWhvbGRlcl9DaGFuZ2VBZGRyZXNzXzZfdHh0RW1haWwiIC8+DQogICAgICAgICAgICA8UnVsZVBhcmFtZXRlciBOYW1lPSJIdG1sRGVjb2RlIiBWYWx1ZT0iVHJ1ZSIgLz4NCiAgICAgICAgICAgIDxSdWxlUGFyYW1ldGVyIE5hbWU9IlJlcXVpcmVkIiBWYWx1ZT0iRmFsc2UiIC8+DQogICAgICAgICAgICA8UnVsZVBhcmFtZXRlciBOYW1lPSJJbmRleCIgVmFsdWU9IjAiIC8+DQogICAgICAgICAgPC9SdWxlUGFyYW1ldGVycz4NCiAgICAgICAgPC9FeHRyYWN0aW9uUnVsZT4NCiAgICAgICAgPEV4dHJhY3Rpb25SdWxlIENsYXNzbmFtZT0iTWljcm9zb2Z0LlZpc3VhbFN0dWRpby5UZXN0VG9vbHMuV2ViVGVzdGluZy5SdWxlcy5FeHRyYWN0Rm9ybUZpZWxkLCBNaWNyb3NvZnQuVmlzdWFsU3R1ZGlvLlF1YWxpdHlUb29scy5XZWJUZXN0RnJhbWV3b3JrLCBWZXJzaW9uPTEwLjAuMC4wLCBDdWx0dXJlPW5ldXRyYWwsIFB1YmxpY0tleVRva2VuPWIwM2Y1ZjdmMTFkNTBhM2EiIFZhcmlhYmxlTmFtZT0iRm9ybVBvc3RQYXJhbTEzLmN0bDAwJGN0bDAwJGN0bDAwJENvbnRlbnRQbGFjZUhvbGRlckRlZmF1bHQkTWFzdGVyUGxhY2Vob2xkZXIkQ2hhbmdlQWRkcmVzc182JHR4dFRlbGVwaG9uZSIgRGlzcGxheU5hbWU9IiIgRGVzY3JpcHRpb249IiI+DQogICAgICAgICAgPFJ1bGVQYXJhbWV0ZXJzPg0KICAgICAgICAgICAgPFJ1bGVQYXJhbWV0ZXIgTmFtZT0iTmFtZSIgVmFsdWU9IkNvbnRlbnRQbGFjZUhvbGRlckRlZmF1bHRfTWFzdGVyUGxhY2Vob2xkZXJfQ2hhbmdlQWRkcmVzc182X3R4dFRlbGVwaG9uZSIgLz4NCiAgICAgICAgICAgIDxSdWxlUGFyYW1ldGVyIE5hbWU9Ikh0bWxEZWNvZGUiIFZhbHVlPSJUcnVlIiAvPg0KICAgICAgICAgICAgPFJ1bGVQYXJhbWV0ZXIgTmFtZT0iUmVxdWlyZWQiIFZhbHVlPSJGYWxzZSIgLz4NCiAgICAgICAgICAgIDxSdWxlUGFyYW1ldGVyIE5hbWU9IkluZGV4IiBWYWx1ZT0iMCIgLz4NCiAgICAgICAgICA8L1J1bGVQYXJhbWV0ZXJzPg0KICAgICAgICA8L0V4dHJhY3Rpb25SdWxlPg0KICAgICAgICA8RXh0cmFjdGlvblJ1bGUgQ2xhc3NuYW1lPSJNaWNyb3NvZnQuVmlzdWFsU3R1ZGlvLlRlc3RUb29scy5XZWJUZXN0aW5nLlJ1bGVzLkV4dHJhY3RGb3JtRmllbGQsIE1pY3Jvc29mdC5WaXN1YWxTdHVkaW8uUXVhbGl0eVRvb2xzLldlYlRlc3RGcmFtZXdvcmssIFZlcnNpb249MTAuMC4wLjAsIEN1bHR1cmU9bmV1dHJhbCwgUHVibGljS2V5VG9rZW49YjAzZjVmN2YxMWQ1MGEzYSIgVmFyaWFibGVOYW1lPSJGb3JtUG9zdFBhcmFtMTQuY3RsMDAkY3RsMDAkY3RsMDAkQ29udGVudFBsYWNlSG9sZGVyRGVmYXVsdCRNYXN0ZXJQbGFjZWhvbGRlciRDaGFuZ2VBZGRyZXNzXzYkdHh0TW9iaWxlIiBEaXNwbGF5TmFtZT0iIiBEZXNjcmlwdGlvbj0iIj4NCiAgICAgICAgICA8UnVsZVBhcmFtZXRlcnM+DQogICAgICAgICAgICA8UnVsZVBhcmFtZXRlciBOYW1lPSJOYW1lIiBWYWx1ZT0iQ29udGVudFBsYWNlSG9sZGVyRGVmYXVsdF9NYXN0ZXJQbGFjZWhvbGRlcl9DaGFuZ2VBZGRyZXNzXzZfdHh0TW9iaWxlIiAvPg0KICAgICAgICAgICAgPFJ1bGVQYXJhbWV0ZXIgTmFtZT0iSHRtbERlY29kZSIgVmFsdWU9IlRydWUiIC8+DQogICAgICAgICAgICA8UnVsZVBhcmFtZXRlciBOYW1lPSJSZXF1aXJlZCIgVmFsdWU9IkZhbHNlIiAvPg0KICAgICAgICAgICAgPFJ1bGVQYXJhbWV0ZXIgTmFtZT0iSW5kZXgiIFZhbHVlPSIwIiAvPg0KICAgICAgICAgIDwvUnVsZVBhcmFtZXRlcnM+DQogICAgICAgIDwvRXh0cmFjdGlvblJ1bGU+DQogICAgICAgIDxFeHRyYWN0aW9uUnVsZSBDbGFzc25hbWU9Ik1pY3Jvc29mdC5WaXN1YWxTdHVkaW8uVGVzdFRvb2xzLldlYlRlc3RpbmcuUnVsZXMuRXh0cmFjdEZvcm1GaWVsZCwgTWljcm9zb2Z0LlZpc3VhbFN0dWRpby5RdWFsaXR5VG9vbHMuV2ViVGVzdEZyYW1ld29yaywgVmVyc2lvbj0xMC4wLjAuMCwgQ3VsdHVyZT1uZXV0cmFsLCBQdWJsaWNLZXlUb2tlbj1iMDNmNWY3ZjExZDUwYTNhIiBWYXJpYWJsZU5hbWU9IkZvcm1Qb3N0UGFyYW0xNS5jdGwwMCRjdGwwMCRjdGwwMCRDb250ZW50UGxhY2VIb2xkZXJEZWZhdWx0JE1hc3RlclBsYWNlaG9sZGVyJENoYW5nZUFkZHJlc3NfNiR0eHRGYXgiIERpc3BsYXlOYW1lPSIiIERlc2NyaXB0aW9uPSIiPg0KICAgICAgICAgIDxSdWxlUGFyYW1ldGVycz4NCiAgICAgICAgICAgIDxSdWxlUGFyYW1ldGVyIE5hbWU9Ik5hbWUiIFZhbHVlPSJDb250ZW50UGxhY2VIb2xkZXJEZWZhdWx0X01hc3RlclBsYWNlaG9sZGVyX0NoYW5nZUFkZHJlc3NfNl90eHRGYXgiIC8+DQogICAgICAgICAgICA8UnVsZVBhcmFtZXRlciBOYW1lPSJIdG1sRGVjb2RlIiBWYWx1ZT0iVHJ1ZSIgLz4NCiAgICAgICAgICAgIDxSdWxlUGFyYW1ldGVyIE5hbWU9IlJlcXVpcmVkIiBWYWx1ZT0iRmFsc2UiIC8+DQogICAgICAgICAgICA8UnVsZVBhcmFtZXRlciBOYW1lPSJJbmRleCIgVmFsdWU9IjAiIC8+DQogICAgICAgICAgPC9SdWxlUGFyYW1ldGVycz4NCiAgICAgICAgPC9FeHRyYWN0aW9uUnVsZT4NCiAgICAgICAgPEV4dHJhY3Rpb25SdWxlIENsYXNzbmFtZT0iTWljcm9zb2Z0LlZpc3VhbFN0dWRpby5UZXN0VG9vbHMuV2ViVGVzdGluZy5SdWxlcy5FeHRyYWN0Rm9ybUZpZWxkLCBNaWNyb3NvZnQuVmlzdWFsU3R1ZGlvLlF1YWxpdHlUb29scy5XZWJUZXN0RnJhbWV3b3JrLCBWZXJzaW9uPTEwLjAuMC4wLCBDdWx0dXJlPW5ldXRyYWwsIFB1YmxpY0tleVRva2VuPWIwM2Y1ZjdmMTFkNTBhM2EiIFZhcmlhYmxlTmFtZT0iRm9ybVBvc3RQYXJhbTE2LmN0bDAwJGN0bDAwJGN0bDAwJENvbnRlbnRQbGFjZUhvbGRlckRlZmF1bHQkTWFzdGVyUGxhY2Vob2xkZXIkdWNNeUFjY291bnRTZXR0aW5nc183JHR4dFdlYmxvZ2luVmFsdWUiIERpc3BsYXlOYW1lPSIiIERlc2NyaXB0aW9uPSIiPg0KICAgICAgICAgIDxSdWxlUGFyYW1ldGVycz4NCiAgICAgICAgICAgIDxSdWxlUGFyYW1ldGVyIE5hbWU9Ik5hbWUiIFZhbHVlPSJDb250ZW50UGxhY2VIb2xkZXJEZWZhdWx0X01hc3RlclBsYWNlaG9sZGVyX3VjTXlBY2NvdW50U2V0dGluZ3NfN190eHRXZWJsb2dpblZhbHVlIiAvPg0KICAgICAgICAgICAgPFJ1bGVQYXJhbWV0ZXIgTmFtZT0iSHRtbERlY29kZSIgVmFsdWU9IlRydWUiIC8+DQogICAgICAgICAgICA8UnVsZVBhcmFtZXRlciBOYW1lPSJSZXF1aXJlZCIgVmFsdWU9IkZhbHNlIiAvPg0KICAgICAgICAgICAgPFJ1bGVQYXJhbWV0ZXIgTmFtZT0iSW5kZXgiIFZhbHVlPSIwIiAvPg0KICAgICAgICAgIDwvUnVsZVBhcmFtZXRlcnM+DQogICAgICAgIDwvRXh0cmFjdGlvblJ1bGU+DQogICAgICAgIDxFeHRyYWN0aW9uUnVsZSBDbGFzc25hbWU9Ik1pY3Jvc29mdC5WaXN1YWxTdHVkaW8uVGVzdFRvb2xzLldlYlRlc3RpbmcuUnVsZXMuRXh0cmFjdFRleHQsIE1pY3Jvc29mdC5WaXN1YWxTdHVkaW8uUXVhbGl0eVRvb2xzLldlYlRlc3RGcmFtZXdvcmssIFZlcnNpb249MTAuMC4wLjAsIEN1bHR1cmU9bmV1dHJhbCwgUHVibGljS2V5VG9rZW49YjAzZjVmN2YxMWQ1MGEzYSIgVmFyaWFibGVOYW1lPSJGb3JtUG9zdFBhcmFtMTcuY3RsMDAkY3RsMDAkY3RsMDAkQ29udGVudFBsYWNlSG9sZGVyRGVmYXVsdCRNYXN0ZXJQbGFjZWhvbGRlciRDaGFuZ2VBZGRyZXNzXzYkZGRsQ291bnRyeSIgRGlzcGxheU5hbWU9IiIgRGVzY3JpcHRpb249IiI+DQogICAgICAgICAgPFJ1bGVQYXJhbWV0ZXJzPg0KICAgICAgICAgICAgPFJ1bGVQYXJhbWV0ZXIgTmFtZT0iU3RhcnRzV2l0aCIgVmFsdWU9Imx1ZT0mcXVvdDsiIC8+DQogICAgICAgICAgICA8UnVsZVBhcmFtZXRlciBOYW1lPSJFbmRzV2l0aCIgVmFsdWU9IiZxdW90OyZndDtJbmQiIC8+DQogICAgICAgICAgICA8UnVsZVBhcmFtZXRlciBOYW1lPSJJbmRleCIgVmFsdWU9IjExOCIgLz4NCiAgICAgICAgICAgIDxSdWxlUGFyYW1ldGVyIE5hbWU9Iklnbm9yZUNhc2UiIFZhbHVlPSJGYWxzZSIgLz4NCiAgICAgICAgICAgIDxSdWxlUGFyYW1ldGVyIE5hbWU9IlVzZVJlZ3VsYXJFeHByZXNzaW9uIiBWYWx1ZT0iRmFsc2UiIC8+DQogICAgICAgICAgICA8UnVsZVBhcmFtZXRlciBOYW1lPSJIdG1sRGVjb2RlIiBWYWx1ZT0iVHJ1ZSIgLz4NCiAgICAgICAgICAgIDxSdWxlUGFyYW1ldGVyIE5hbWU9IlJlcXVpcmVkIiBWYWx1ZT0iRmFsc2UiIC8+DQogICAgICAgICAgPC9SdWxlUGFyYW1ldGVycz4NCiAgICAgICAgPC9FeHRyYWN0aW9uUnVsZT4NCiAgICAgICAgPEV4dHJhY3Rpb25SdWxlIENsYXNzbmFtZT0iTWljcm9zb2Z0LlZpc3VhbFN0dWRpby5UZXN0VG9vbHMuV2ViVGVzdGluZy5SdWxlcy5FeHRyYWN0VGV4dCwgTWljcm9zb2Z0LlZpc3VhbFN0dWRpby5RdWFsaXR5VG9vbHMuV2ViVGVzdEZyYW1ld29yaywgVmVyc2lvbj0xMC4wLjAuMCwgQ3VsdHVyZT1uZXV0cmFsLCBQdWJsaWNLZXlUb2tlbj1iMDNmNWY3ZjExZDUwYTNhIiBWYXJpYWJsZU5hbWU9IkZvcm1Qb3N0UGFyYW0xOC5jdGwwMCRjdGwwMCRjdGwwMCRDb250ZW50UGxhY2VIb2xkZXJEZWZhdWx0JE1hc3RlclBsYWNlaG9sZGVyJENoYW5nZUFkZHJlc3NfNiRkZGxTdGF0ZSIgRGlzcGxheU5hbWU9IiIgRGVzY3JpcHRpb249IiI+DQogICAgICAgICAgPFJ1bGVQYXJhbWV0ZXJzPg0KICAgICAgICAgICAgPFJ1bGVQYXJhbWV0ZXIgTmFtZT0iU3RhcnRzV2l0aCIgVmFsdWU9Imx1ZT0mcXVvdDsiIC8+DQogICAgICAgICAgICA8UnVsZVBhcmFtZXRlciBOYW1lPSJFbmRzV2l0aCIgVmFsdWU9IiZxdW90OyAvJmd0OyYjeEQ7IiAvPg0KICAgICAgICAgICAgPFJ1bGVQYXJhbWV0ZXIgTmFtZT0iSW5kZXgiIFZhbHVlPSIzIiAvPg0KICAgICAgICAgICAgPFJ1bGVQYXJhbWV0ZXIgTmFtZT0iSWdub3JlQ2FzZSIgVmFsdWU9IkZhbHNlIiAvPg0KICAgICAgICAgICAgPFJ1bGVQYXJhbWV0ZXIgTmFtZT0iVXNlUmVndWxhckV4cHJlc3Npb24iIFZhbHVlPSJGYWxzZSIgLz4NCiAgICAgICAgICAgIDxSdWxlUGFyYW1ldGVyIE5hbWU9Ikh0bWxEZWNvZGUiIFZhbHVlPSJUcnVlIiAvPg0KICAgICAgICAgICAgPFJ1bGVQYXJhbWV0ZXIgTmFtZT0iUmVxdWlyZWQiIFZhbHVlPSJGYWxzZSIgLz4NCiAgICAgICAgICA8L1J1bGVQYXJhbWV0ZXJzPg0KICAgICAgICA8L0V4dHJhY3Rpb25SdWxlPg0KICAgICAgICA8RXh0cmFjdGlvblJ1bGUgQ2xhc3NuYW1lPSJNaWNyb3NvZnQuVmlzdWFsU3R1ZGlvLlRlc3RUb29scy5XZWJUZXN0aW5nLlJ1bGVzLkV4dHJhY3RUZXh0LCBNaWNyb3NvZnQuVmlzdWFsU3R1ZGlvLlF1YWxpdHlUb29scy5XZWJUZXN0RnJhbWV3b3JrLCBWZXJzaW9uPTEwLjAuMC4wLCBDdWx0dXJlPW5ldXRyYWwsIFB1YmxpY0tleVRva2VuPWIwM2Y1ZjdmMTFkNTBhM2EiIFZhcmlhYmxlTmFtZT0iRm9ybVBvc3RQYXJhbTE5LmN0bDAwJGN0bDAwJGN0bDAwJENvbnRlbnRQbGFjZUhvbGRlckRlZmF1bHQkTWFzdGVyUGxhY2Vob2xkZXIkQ2hhbmdlQWRkcmVzc182JGRkbFRpbWV6b25lIiBEaXNwbGF5TmFtZT0iIiBEZXNjcmlwdGlvbj0iIj4NCiAgICAgICAgICA8UnVsZVBhcmFtZXRlcnM+DQogICAgICAgICAgICA8UnVsZVBhcmFtZXRlciBOYW1lPSJTdGFydHNXaXRoIiBWYWx1ZT0ibHVlPSZxdW90OyIgLz4NCiAgICAgICAgICAgIDxSdWxlUGFyYW1ldGVyIE5hbWU9IkVuZHNXaXRoIiBWYWx1ZT0iJnF1b3Q7Jmd0OyhVVCIgLz4NCiAgICAgICAgICAgIDxSdWxlUGFyYW1ldGVyIE5hbWU9IkluZGV4IiBWYWx1ZT0iMzkzIiAvPg0KICAgICAgICAgICAgPFJ1bGVQYXJhbWV0ZXIgTmFtZT0iSWdub3JlQ2FzZSIgVmFsdWU9IkZhbHNlIiAvPg0KICAgICAgICAgICAgPFJ1bGVQYXJhbWV0ZXIgTmFtZT0iVXNlUmVndWxhckV4cHJlc3Npb24iIFZhbHVlPSJGYWxzZSIgLz4NCiAgICAgICAgICAgIDxSdWxlUGFyYW1ldGVyIE5hbWU9Ikh0bWxEZWNvZGUiIFZhbHVlPSJUcnVlIiAvPg0KICAgICAgICAgICAgPFJ1bGVQYXJhbWV0ZXIgTmFtZT0iUmVxdWlyZWQiIFZhbHVlPSJGYWxzZSIgLz4NCiAgICAgICAgICA8L1J1bGVQYXJhbWV0ZXJzPg0KICAgICAgICA8L0V4dHJhY3Rpb25SdWxlPg0KICAgICAgPC9Db3JyZWxhdGlvbkV4dHJhY3Rpb25SdWxlcz4NCiAgICAgIDxGb3JtUG9zdEh0dHBCb2R5Pg0KICAgICAgICA8Rm9ybVBvc3RQYXJhbWV0ZXIgTmFtZT0iX19FVkVOVFRBUkdFVCIgVmFsdWU9Int7JEhJRERFTjEuX19FVkVOVFRBUkdFVH19IiBSZWNvcmRlZFZhbHVlPSJjdGwwMCRjdGwwMCRjdGwwMCRDb250ZW50UGxhY2VIb2xkZXJEZWZhdWx0JFRvcExvZ2dlZEluXzEkbG5iVG9wTG9nZ2VkSW5NeURhc2hib2FyZCIgQ29ycmVsYXRpb25CaW5kaW5nPSIiIFVybEVuY29kZT0iVHJ1ZSIgLz4NCiAgICAgICAgPEZvcm1Qb3N0UGFyYW1ldGVyIE5hbWU9Il9fRVZFTlRBUkdVTUVOVCIgVmFsdWU9Int7JEhJRERFTjEuX19FVkVOVEFSR1VNRU5UfX0iIFJlY29yZGVkVmFsdWU9IiIgQ29ycmVsYXRpb25CaW5kaW5nPSIiIFVybEVuY29kZT0iVHJ1ZSIgLz4NCiAgICAgICAgPEZvcm1Qb3N0UGFyYW1ldGVyIE5hbWU9Il9fVklFV1NUQVRFIiBWYWx1ZT0ie3skSElEREVOMS5fX1ZJRVdTVEFURX19IiBSZWNvcmRlZFZhbHVlPSIvd0VQRHdVRU5UTTRNUTlrRmdKbUQyUVdBbVlQWkJZQ1pnOWtGZ0ptRDJRV0FnSUREeFlHSGdadmJteHZZV1FGUDJsbUtIUjVjR1Z2WmlCUGJrSmhZMnRDZFhSMGIyNURiR2xqYXlBOVBTQWlablZ1WTNScGIyNGlLU0JQYmtKaFkydENkWFIwYjI1RGJHbGpheWdwT3g0S2IyNXdZV2RsYzJodmR3VlRhV1lnS0dWMlpXNTBMbkJsY25OcGMzUmxaQ0FtSmlCMGVYQmxiMllnVDI1Q1lXTnJRblYwZEc5dVEyeHBZMnNnUFQwZ0ltWjFibU4wYVc5dUlpa2dUMjVDWVdOclFuVjBkRzl1UTJ4cFkyc29LVHNlQ0c5dWRXNXNiMkZrWlJZQ0FnRVFaR1FXQ2dJSUQyUVdBbVlQWkJZU0FnSVBGUUZYUTI5dWRHVnVkRkJzWVdObFNHOXNaR1Z5UkdWbVlYVnNkRjlVYjNCTWIyZG5aV1JKYmw4eFgzQnViRVJ5WVdkaFlteGxWMmx1Wkc5M1EyOXVkR1Z1ZEY5SmJteHBibVZOWlhOellXZGxRMjl1ZEdGcGJtVnlaQUlERDJRV0FnSUJEdzhXQWg0RVZHVjRkQVVHVEc5bmIzVjBaR1FDQlE4UEZnSWVCMVpwYzJsaWJHVm5aQllDQWdFUER4WUdIZ3RPWVhacFoyRjBaVlZ5YkFVVWZpOWhaRzFwYmk5M1pXeGpiMjFsTG1GemNIZ2ZBd1VPUVdSdGFXNXBjM1J5WVhScGIyNGZCR2RrWkFJSER3OFdBaDhFWjJRV0JnSUJEeFlDSHdNRkJVaGxiR3h2WkFJRER4WUNId01GRlhCdWRHVnpkR1l3TURFZ2NHNTBaWE4wYkRBd01XUUNCUThXQWg0SmFXNXVaWEpvZEcxc0JRMUJZMk52ZFc1MElFbEVJRG9nWkFJSkQyUVdDQUlCRHhZQ0h3TUZBeW9xS21RQ0F3OFBGZ0lmQTJWa1pBSUZEdzhXQWg4REJSRW9ZbVZqYjIxbElIbHZkWEp6Wld4bUtXUmtBZ2NQRmdJZkF3VURLaW9xWkFJTkR3OFdBaDhFWjJRV0FnSUJEdzhXQkI4REJReE5lU0JFWVhOb1ltOWhjbVFmQkdka1pBSVBEdzhXQWg4RVoyUVdBZ0lCRHc4V0NCNElRM056UTJ4aGMzTUZEV1ZtUTI5c2IzSlBjbUZ1WjJVZkF3VUpUWGtnVDNKa1pYSnpIZ1JmSVZOQ0FnSWZCR2RrWkFJUkR3OFdBaDhFWjJRV0FnSUJEdzhXQkI4REJReE5lU0JCWkdSeVpYTnpaWE1mQkdka1pBSVREdzhXQWg4RVoyUVdBZ0lCRHc4V0JCOERCUTVOZVNCUWNtVm1aWEpsYm1ObGN4OEVaMlJrQWdvUFpCWUNaZzhQRmdJZkJHaGtGZ1lDQXc4UEZnSWZCUVVqTDJWdUwyTm9aV05yYjNWMEwzTjBaWEF4TG1GemNIZy9ibTlrWlVsa1BURXpNamxrWkFJRkR3OWtGZ0llQkdoeVpXWUZBU05rQWdrUEQyUVdBaDRGZEdsMGJHVUZCVXh2WjJsdUZnZ0NBUThQRmdZZkF3VUdSVzFoYVd3Nkh3Y0ZGeUJ5WlhGMWFYSmxaRVpwWld4a1EyaGhjbUZqZEdWeUh3Z0NBbVJrQWdrUER4WUdId01GQTNzd2ZSOEhCUmNnY21WeGRXbHlaV1JHYVdWc1pFTm9ZWEpoWTNSbGNoOElBZ0prWkFJUkR3OFdBaDhGQlJjdlpXNHZabTl5WjI5MGNHRnpjM2R2Y21RdVlYTndlR1JrQWhNUER4WUNId1VGSXk5bGJpOWphR1ZqYTI5MWRDOXpkR1Z3TVM1aGMzQjRQMjV2WkdWSlpEMHhNekk1WkdRQ0RBOWtGZ0ptRDJRV0RBSUlEdzhXQkI4SEJRMWpZWEowTFdsamIyNUdkV3hzSHdnQ0FtUVdBZ0lCRHc4V0FoOEZCUTB2Wlc0dlkyRnlkQzVoYzNCNFpHUUNDZzhXQWg4REJRazRJRWwwWlcwb2N5bGtBZ3dQRmdJZkF3VU1OeTQ1TXpZc01EQWc0b0tzWkFJT0R3OFdBaDhFWjJRV0NBSUJEMlFXQWdJQkR4WUNId01GRUV4aGMzUWdZV1JrWldRZ2FYUmxiWE5rQWdNUEZnSWZCZ1hiRFR4a2FYWWdZMnhoYzNNOUoyeGxablFuUGprMmQyVnNiQ0JCWjJGeUlGQnNZWFJsUEM5a2FYWStQR1JwZGlCamJHRnpjejBuY21sbmFIUW5QanhoSUdoeVpXWTlKeU1uSUc5dVkyeHBZMnM5SjFOb2IzZEVhV0ZzYjJjb0lqeHdQa1J2SUhsdmRTQnlaV0ZzYkhrZ2QyRnVkQ0IwYnlCa1pXeGxkR1VnZEdocGN5QnBkR1Z0S0hNcFB6d3ZjRDRpTEhzaVJHbGhiRzluUTJ4aGMzTWlPaUlpTENKSVpXbG5hSFFpT2lKaGRYUnZJaXdpVFc5a1lXd2lPblJ5ZFdVc0lsQnZjMmwwYVc5dUlqb2lZMlZ1ZEdWeUlpd2lWMmxrZEdnaU9pSXpNREFpTENKRGJHOXpZV0pzWlNJNmRISjFaU3dpVkdsMGJHVWlPaUpFWld4bGRHVWlMQ0pDZFhSMGIyNHhWR1Y0ZENJNklsbGxjeUlzSWtKMWRIUnZiakpVWlhoMElqb2lUbThpTENKQ2RYUjBiMjR4UTJGc2JHSmhZMnNpT2lKRVpXeGxkR1ZQY21SbGNrbDBaVzBpTENKQ2RYUjBiMjR5UTJGc2JHSmhZMnNpT201MWJHd3NJa0oxZEhSdmJqRkRZV3hzWW1GamExQmhjbUZ0WlhSbGNuTWlPaUo3WENKSlpGd2lPak0yTWpRMU1uMGlMQ0pDZFhSMGIyNHlRMkZzYkdKaFkydFFZWEpoYldWMFpYSnpJanB1ZFd4c0xDSlNaWE5wZW1GaWJHVWlPbVpoYkhObExDSkVjbUZuWjJGaWJHVWlPbVpoYkhObExDSkJkWFJ2VDNCbGJpSTZabUZzYzJVc0lrRndjR1Z1WkZSdklqb2lZbTlrZVNJc0lrMWhlRWhsYVdkb2RDSTZOREF3TENKTllYaFhhV1IwYUNJNk16QXdMQ0pOYVc1SVpXbG5hSFFpT2pFMU1Dd2lUV2x1VjJsa2RHZ2lPakUxTUgwcE95YytlRHd2WVQ0OEwyUnBkajROQ2p4a2FYWWdZMnhoYzNNOUoyeGxablFuUGprMmQyVnNiQ0JCWjJGeUlGQnNZWFJsUEM5a2FYWStQR1JwZGlCamJHRnpjejBuY21sbmFIUW5QanhoSUdoeVpXWTlKeU1uSUc5dVkyeHBZMnM5SjFOb2IzZEVhV0ZzYjJjb0lqeHdQa1J2SUhsdmRTQnlaV0ZzYkhrZ2QyRnVkQ0IwYnlCa1pXeGxkR1VnZEdocGN5QnBkR1Z0S0hNcFB6d3ZjRDRpTEhzaVJHbGhiRzluUTJ4aGMzTWlPaUlpTENKSVpXbG5hSFFpT2lKaGRYUnZJaXdpVFc5a1lXd2lPblJ5ZFdVc0lsQnZjMmwwYVc5dUlqb2lZMlZ1ZEdWeUlpd2lWMmxrZEdnaU9pSXpNREFpTENKRGJHOXpZV0pzWlNJNmRISjFaU3dpVkdsMGJHVWlPaUpFWld4bGRHVWlMQ0pDZFhSMGIyNHhWR1Y0ZENJNklsbGxjeUlzSWtKMWRIUnZiakpVWlhoMElqb2lUbThpTENKQ2RYUjBiMjR4UTJGc2JHSmhZMnNpT2lKRVpXeGxkR1ZQY21SbGNrbDBaVzBpTENKQ2RYUjBiMjR5UTJGc2JHSmhZMnNpT201MWJHd3NJa0oxZEhSdmJqRkRZV3hzWW1GamExQmhjbUZ0WlhSbGNuTWlPaUo3WENKSlpGd2lPak0yTWpRMU1IMGlMQ0pDZFhSMGIyNHlRMkZzYkdKaFkydFFZWEpoYldWMFpYSnpJanB1ZFd4c0xDSlNaWE5wZW1GaWJHVWlPbVpoYkhObExDSkVjbUZuWjJGaWJHVWlPbVpoYkhObExDSkJkWFJ2VDNCbGJpSTZabUZzYzJVc0lrRndjR1Z1WkZSdklqb2lZbTlrZVNJc0lrMWhlRWhsYVdkb2RDSTZOREF3TENKTllYaFhhV1IwYUNJNk16QXdMQ0pOYVc1SVpXbG5hSFFpT2pFMU1Dd2lUV2x1VjJsa2RHZ2lPakUxTUgwcE95YytlRHd2WVQ0OEwyUnBkajROQ2p4a2FYWWdZMnhoYzNNOUoyeGxablFuUGprMmQyVnNiQ0JCWjJGeUlGQnNZWFJsUEM5a2FYWStQR1JwZGlCamJHRnpjejBuY21sbmFIUW5QanhoSUdoeVpXWTlKeU1uSUc5dVkyeHBZMnM5SjFOb2IzZEVhV0ZzYjJjb0lqeHdQa1J2SUhsdmRTQnlaV0ZzYkhrZ2QyRnVkQ0IwYnlCa1pXeGxkR1VnZEdocGN5QnBkR1Z0S0hNcFB6d3ZjRDRpTEhzaVJHbGhiRzluUTJ4aGMzTWlPaUlpTENKSVpXbG5hSFFpT2lKaGRYUnZJaXdpVFc5a1lXd2lPblJ5ZFdVc0lsQnZjMmwwYVc5dUlqb2lZMlZ1ZEdWeUlpd2lWMmxrZEdnaU9pSXpNREFpTENKRGJHOXpZV0pzWlNJNmRISjFaU3dpVkdsMGJHVWlPaUpFWld4bGRHVWlMQ0pDZFhSMGIyNHhWR1Y0ZENJNklsbGxjeUlzSWtKMWRIUnZiakpVWlhoMElqb2lUbThpTENKQ2RYUjBiMjR4UTJGc2JHSmhZMnNpT2lKRVpXeGxkR1ZQY21SbGNrbDBaVzBpTENKQ2RYUjBiMjR5UTJGc2JHSmhZMnNpT201MWJHd3NJa0oxZEhSdmJqRkRZV3hzWW1GamExQmhjbUZ0WlhSbGNuTWlPaUo3WENKSlpGd2lPak0yTWpRME9YMGlMQ0pDZFhSMGIyNHlRMkZzYkdKaFkydFFZWEpoYldWMFpYSnpJanB1ZFd4c0xDSlNaWE5wZW1GaWJHVWlPbVpoYkhObExDSkVjbUZuWjJGaWJHVWlPbVpoYkhObExDSkJkWFJ2VDNCbGJpSTZabUZzYzJVc0lrRndjR1Z1WkZSdklqb2lZbTlrZVNJc0lrMWhlRWhsYVdkb2RDSTZOREF3TENKTllYaFhhV1IwYUNJNk16QXdMQ0pOYVc1SVpXbG5hSFFpT2pFMU1Dd2lUV2x1VjJsa2RHZ2lPakUxTUgwcE95YytlRHd2WVQ0OEwyUnBkajROQ21RQ0JROFBGZ1FmQlFVTkwyVnVMMk5oY25RdVlYTndlQjhEQlFSRFlYSjBaR1FDQnc4UEZnWWZBd1VJUTJobFkydHZkWFFlQjBWdVlXSnNaV1JuSHdSbkZnSWVCMDl1UTJ4cFkyc0ZseXh5WlhSMWNtNGdWbUZzYVdSaGRHVkpkR1Z0YzFSdlEyaGxZMnRQZFhSUGNsRjFiM1JsS0hzaVEyeHZjMlZDZFhSMGIyNVVaWGgwSWpvaVEyeHZjMlVpTENKQmJHVnlkRTFsYzNOaFoyVlVhWFJzWlNJNklrRnNaWEowSUUxbGMzTmhaMlVpTENKRGFHVmphMjkxZEZOMFlYUmxSVzUxYlNJNmV5SkpiblpoYkdsa0lqb2lTVzUyWVd4cFpDSXNJbEYxYjNSaFlteGxUMjVzZVNJNklsRjFiM1JoWW14bFQyNXNlU0lzSWs5eVpHVnlZV0pzWlU5dWJIa2lPaUpQY21SbGNtRmliR1ZQYm14NUlpd2lUM0prWlhKaFlteGxRVzVrVVhWdmRHRmliR1VpT2lKUGNtUmxjbUZpYkdWQmJtUlJkVzkwWVdKc1pTSXNJazV2ZEU5eVpHVnlZV0pzWlVGdVpGRjFiM1JoWW14bElqb2lUbTkwVDNKa1pYSmhZbXhsUVc1a1VYVnZkR0ZpYkdVaUxDSk9iM1JQY21SbGNtRmliR1ZCYm1SUmRXOTBZV0pzWlZkcGRHaEpiblpoYkdsa0lqb2lUbTkwVDNKa1pYSmhZbXhsUVc1a1VYVnZkR0ZpYkdWWGFYUm9TVzUyWVd4cFpDSXNJa1psZDA5eVpHVnlZV0pzWlU5dWJIa2lPaUpHWlhkUGNtUmxjbUZpYkdWUGJteDVJaXdpUm1WM1QzSmtaWEpoWW14bFFXNWtSbVYzVVhWdmRHRmliR1VpT2lKR1pYZFBjbVJsY21GaWJHVkJibVJHWlhkUmRXOTBZV0pzWlNJc0lrWmxkMUYxYjNSaFlteGxUMjVzZVZkcGRHaEpiblpoYkdsa0lqb2lSbVYzVVhWdmRHRmliR1ZQYm14NVYybDBhRWx1ZG1Gc2FXUWlMQ0pHWlhkUGNtUmxjbUZpYkdWUGJteDVWMmwwYUVsdWRtRnNhV1FpT2lKR1pYZFBjbVJsY21GaWJHVlBibXg1VjJsMGFFbHVkbUZzYVdRaUxDSkdaWGRQY21SbGNtRmliR1ZCYm1SR1pYZFJkVzkwWVdKc1pWZHBkR2hKYm5aaGJHbGtJam9pUm1WM1QzSmtaWEpoWW14bFFXNWtSbVYzVVhWdmRHRmliR1ZYYVhSb1NXNTJZV3hwWkNJc0lrWmxkMDl5WkdWeVlXSnNaVUZ1WkVGc2JGRjFiM1JoWW14bElqb2lSbVYzVDNKa1pYSmhZbXhsUVc1a1FXeHNVWFZ2ZEdGaWJHVWlMQ0pCYkd4UGNtUmxjbUZpYkdWQmJtUkdaWGRSZFc5MFlXSnNaU0k2SWtGc2JFOXlaR1Z5WVdKc1pVRnVaRVpsZDFGMWIzUmhZbXhsSW4wc0lrbDBaVzFUZEdGMFpVVnVkVzBpT25zaVNXNTJZV3hwWkNJNklrbHVkbUZzYVdRaUxDSlJkVzkwWVdKc1pVOXViSGtpT2lKUmRXOTBZV0pzWlU5dWJIa2lMQ0pQY21SbGNtRmliR1ZQYm14NUlqb2lUM0prWlhKaFlteGxUMjVzZVNJc0lrOXlaR1Z5WVdKc1pVRnVaRkYxYjNSaFlteGxJam9pVDNKa1pYSmhZbXhsUVc1a1VYVnZkR0ZpYkdVaUxDSk9iM1JQY21SbGNtRmliR1ZCYm1SUmRXOTBZV0pzWlNJNklrNXZkRTl5WkdWeVlXSnNaVUZ1WkZGMWIzUmhZbXhsSWl3aVRtOTBUM0prWlhKaFlteGxRVzVrVVhWdmRHRmliR1ZYYVhSb1NXNTJZV3hwWkNJNklrNXZkRTl5WkdWeVlXSnNaVUZ1WkZGMWIzUmhZbXhsVjJsMGFFbHVkbUZzYVdRaUxDSkdaWGRQY21SbGNtRmliR1ZQYm14NUlqb2lSbVYzVDNKa1pYSmhZbXhsVDI1c2VTSXNJa1psZDA5eVpHVnlZV0pzWlVGdVpFWmxkMUYxYjNSaFlteGxJam9pUm1WM1QzSmtaWEpoWW14bFFXNWtSbVYzVVhWdmRHRmliR1VpTENKR1pYZFJkVzkwWVdKc1pVOXViSGxYYVhSb1NXNTJZV3hwWkNJNklrWmxkMUYxYjNSaFlteGxUMjVzZVZkcGRHaEpiblpoYkdsa0lpd2lSbVYzVDNKa1pYSmhZbXhsVDI1c2VWZHBkR2hKYm5aaGJHbGtJam9pUm1WM1QzSmtaWEpoWW14bFQyNXNlVmRwZEdoSmJuWmhiR2xrSWl3aVJtVjNUM0prWlhKaFlteGxRVzVrUm1WM1VYVnZkR0ZpYkdWWGFYUm9TVzUyWVd4cFpDSTZJa1psZDA5eVpHVnlZV0pzWlVGdVpFWmxkMUYxYjNSaFlteGxWMmwwYUVsdWRtRnNhV1FpTENKR1pYZFBjbVJsY21GaWJHVkJibVJCYkd4UmRXOTBZV0pzWlNJNklrWmxkMDl5WkdWeVlXSnNaVUZ1WkVGc2JGRjFiM1JoWW14bElpd2lRV3hzVDNKa1pYSmhZbXhsUVc1a1JtVjNVWFZ2ZEdGaWJHVWlPaUpCYkd4UGNtUmxjbUZpYkdWQmJtUkdaWGRSZFc5MFlXSnNaU0o5TENKb1pHNUdhV1ZzWkZObGJHVmpkR1ZrVDNKa1pYSkpkR1Z0UTJobFkydHZkWFJUZEdGMFpYTkRiR2xsYm5SSlpDSTZJa052Ym5SbGJuUlFiR0ZqWlVodmJHUmxja1JsWm1GMWJIUmZRMkZ5ZEU5MlpYSjJhV1YzWHpOZmFHUnVSbWxsYkdSVFpXeGxZM1JsWkU5eVpHVnlTWFJsYlVOb1pXTnJiM1YwVTNSaGRHVnpJaXdpYUdSdVJtbGxiR1JUWld4bFkzUmxaRWwwWlcxSlpITkRiR2xsYm5SSlpDSTZJa052Ym5SbGJuUlFiR0ZqWlVodmJHUmxja1JsWm1GMWJIUmZRMkZ5ZEU5MlpYSjJhV1YzWHpOZmFHUnVSbWxsYkdSVFpXeGxZM1JsWkVsMFpXMUpaSE1pTENKUGNtUmxjbE5sYkdWamRHVmtVSEp2WkhWamRITWlPakVzSWtOdmJtWnBjbTFoZEdsdmJsUnBkR3hsVW1WemIzVnlZMlVpT2lKRGIyNW1hWEp0WVhScGIyNGlMQ0pRY205alpXVmtRblYwZEc5dVZHVjRkQ0k2SWxCeWIyTmxaV1FpTENKUWNtOWpaV1ZrUW5WMGRHOXVRMkZzYkdKaFkyc2lPaUpXWVd4cFpHRjBaVWwwWlcxelZHOURhR1ZqYTA5MWRFOXlVWFZ2ZEdVaUxDSkpiblpoYkdsa1NYUmxiWE5UWld4bFkzUmxaRVp2Y2tOb1pXTnJiM1YwVW1WemIzVnlZMlVpT2lKVWFHVnlaU0JoY21VZ2MyOXRaU0JwYm5aaGJHbGtJR2wwWlcxeklHTm9iM05sYmlCbWIzSWdZMmhsWTJ0dmRYUWlMQ0pPYjA5eVpHVnlZV0pzWlVsMFpXMXpVMlZzWldOMFpXUkdiM0pEYUdWamEyOTFkRkpsYzI5MWNtTmxJam9pVG04Z2RtRnNhV1FnYjNKa1pYSmhZbXhsSUdsMFpXMXpJR0Z5WlNCamFHOXpaVzRnWm05eUlHOXlaR1Z5SUhCeWIyTmxjM01pTENKT2IxRjFiM1JoWW14bFNYUmxiWE5UWld4bFkzUmxaRVp2Y2tOb1pXTnJiM1YwVW1WemIzVnlZMlVpT2lKT2J5QjJZV3hwWkNCeGRXOTBZV0pzWlNCcGRHVnRjeUJoY21VZ1kyaHZjMlZ1SUdadmNpQnhkVzkwWlNCd2NtOWpaWE56SWl3aVQzSmtaWEpoWW14bFFXNWtUbTl1VDNKa1pYSmhZbXhsU1hSbGJYTlRaV3hsWTNSbFpFWnZja05vWldOcmIzVjBVbVZ6YjNWeVkyVWlPaUpaYjNVZ1kyRnVJR1ZwZEdobGNpQW5jSEp2WTJWbFpDY2dkMmwwYUNCdmNtUmxjaUJ3Y205alpYTnpJRzltSUhSb1pTQnZjbVJsY21GaWJHVWdhWFJsYlhNZ2IzSWdaV1JwZENCMGFHVWdibTl1TFc5eVpHVnlZV0pzWlNCcGRHVnRjeUlzSWxGMWIzUmhZbXhsUVc1a1RtOXVVWFZ2ZEdGaWJHVkpkR1Z0YzFObGJHVmpkR1ZrUm05eVEyaGxZMnR2ZFhSU1pYTnZkWEpqWlNJNklsbHZkU0JqWVc0Z1pXbDBhR1Z5SUNkd2NtOWpaV1ZrSnlCM2FYUm9JSEYxYjNSbElIQnliMk5sYzNNZ2IyWWdkR2hsSUhGMWIzUmhZbXhsSUdsMFpXMXpJRzl5SUdWa2FYUWdkR2hsSUc1dmJpMXhkVzkwWVdKc1pTQnBkR1Z0Y3lJc0lsRjFiM1JsVTJWc1pXTjBaV1JRY205a2RXTjBjeUk2TWl3aVRtOUpkR1Z0YzFObGJHVmpkR1ZrSWpvaVRtOGdTWFJsYlhNZ1UyVnNaV04wWldRdUlGQnNaV0Z6WlNCamFHOXZjMlVnYjI1bElDaHZjaWtnYlc5eVpTQnBkR1Z0Y3lCMGJ5QndaWEptYjNKdElIUm9aU0JoWTNScGIyNHVJaXdpUTJGeWRFRmpkR2x2YmtSbGJHVjBaVk5sYkdWamRHVmtVSEp2WkhWamRITWlPalVzSWxkcGMyaE1hWE4wUVdOMGFXOXVjMFJsYkdWMFpWTmxiR1ZqZEdWa1VISnZaSFZqZEhNaU9qSXNJa1JsYkdWMFpVTnZibVpwY20xaGRHbHZiazFsYzNOaFoyVlNaWE52ZFhKalpTSTZJanh3UGtSdklIbHZkU0J5WldGc2JIa2dkMkZ1ZENCMGJ5QmtaV3hsZEdVZ2RHaHBjeUJwZEdWdEtITXBQend2Y0Q0aUxDSkVaV3hsZEdWRGIyNW1hWEp0WVhScGIyNU9iMEoxZEhSdmJsSmxjMjkxY21ObElqb2lUbThpTENKRVpXeGxkR1ZEYjI1bWFYSnRZWFJwYjI1WlpYTkNkWFIwYjI1U1pYTnZkWEpqWlNJNklsbGxjeUlzSWtSbGJHVjBaVU52Ym1acGNtMWhkR2x2YmtobFlXUmxjbFJsZUhSU1pYTnZkWEpqWlNJNklrUmxiR1YwWlNJc0lrTmhjblJCWTNScGIyNGlPakVzSWtOb1pXTnJiM1YwUW5WMGRHOXVVMk55YVhCMElqcHVkV3hzTENKRGFHVmphMjkxZEZObGNYVmxibU5wYm1kQmJtUlFjbWx0WlhKUWIzQjFjRTFsYzNOaFoyVklaV0ZrWlhJaU9pSWlMQ0pEYUdWamEyOTFkRk5sY1hWbGJtTnBibWRCYm1SUWNtbHRaWEpRYjNCMWNFMWxjM05oWjJWSVpXRmtaWEpKYm1admNtMWhkR2x2YmlJNklrbDBJR2x6SUc1dmRDQndiM056YVdKc1pTQjBieUJqYUdWamEyOTFkQ0F2SUhGMWIzUmxJSE5sY1hWbGJtTnBibWNnY21WaFkzUnBiMjV6SUhkcGRHaHZkWFFnY0hKcGJXVnljeUIzYUdsamFDQmhjbVVnWVhOemIyTnBZWFJsWkNCMGJ5QnpaV3hsWTNSbFpDQnpaWEYxWlc1amFXNW5JR2wwWlcxeklHbHVJSFJvYVhNZ2IzSmtaWEk2SUR3dlluSStQQzlpY2o0aUxDSkRhR1ZqYTI5MWRGTmxjWFZsYm1OcGJtZEJibVJRY21sdFpYSlFiM0IxY0UxbGMzTmhaMlZHYjI5MFpYSkpibVp2Y20xaGRHbHZiaUk2SWlJc0lrTm9aV05yYjNWMFUyVnhkV1Z1WTJsdVowRnVaRkJ5YVcxbGNsQnZjSFZ3VFdWemMyRm5aVU5zYjNObFFuVjBkRzl1VkdWNGRDSTZJaUlzSWtOb1pXTnJiM1YwVTJWeGRXVnVZMmx1WjBGdVpGQnlhVzFsY2xCdmNIVndSbTl5YldGMFRXVnpjMkZuWlNJNklpSXNJa05vWldOcmIzVjBVSEpwYldWeVFXeHZibVZRYjNCMWNFMWxjM05oWjJWRGJHOXpaVUoxZEhSdmJsUmxlSFFpT2lJaUxDSkRhR1ZqYTI5MWRGQnlhVzFsY2tGc2IyNWxVRzl3ZFhCTlpYTnpZV2RsSWpvaVVISnBiV1Z5SUdGc2IyNWxJR05oYm01dmRDQmlaU0JqYUdWamEyVmtJRzkxZEM0Z1VHeGxZWE5sSUhObGJHVmpkQ0JoZEd4bFlYTjBJRzl1WlNCaGMzTnZZMmxoZEdWa0lITmxjWFZsYm1OcGJtY2dTWFJsYlM0aUxDSkRhR1ZqYTI5MWRGQnlhVzFsY2tGc2IyNWxVRzl3ZFhCTlpYTnpZV2RsU0dWaFpHVnlJam9pVUd4bFlYTmxJRTV2ZEdVaUxDSkNZWEpEYjJSbFZtRnNhV1JoZEdsdmJsQnZjSFZ3UTJ4dmMyVkNkWFIwYjI1VVpYaDBJam9pVDJzaUxDSkNZWEpEYjJSbFZtRnNhV1JoZEdsdmJsQnZjSFZ3VFdWemMyRm5aU0k2SWtKaGNtTnZaR1VnWm05eUlGTmxiR1ZqZEdWa0lFbDBaVzBnYVhNZ2FXNTJZV3hwWkNJc0lrSmhja052WkdWV1lXeHBaR0YwYVc5dVVHOXdkWEJOWlhOellXZGxTR1ZoWkdWeUlqb2lVR3hsWVhObElFNXZkR1VpTENKVFlXMWxSR0Y1UkdWc2FYWmxjbmxXWVd4cFpHRjBhVzl1VUc5d2RYQkhiMEpoWTJ0Q2RYUjBiMjVVWlhoMElqb2lWMkZwZENCMWJuUnBiQ0JoYkd3Z1QzSmtaWEp6SUdGeVpTQm1hVzVwYzJobFpDQjBieUJUYUdsd0lHOXVZMlVpTENKVFlXMWxSR0Y1UkdWc2FYWmxjbmxXWVd4cFpHRjBhVzl1VUc5d2RYQkRhR1ZqYTI5MWRFSjFkSFJ2YmxSbGVIUWlPaUpEYUdWamEyOTFkQ0JUWVcxbElFUmhlU0JQYkdsbmIzTWdUMjVzZVNJc0lsTmhiV1ZFWVhsRVpXeHBkbVZ5ZVZaaGJHbGtZWFJwYjI1UWIzQjFjRTFsYzNOaFoyVklaV0ZrWlhJaU9pSlFiR1ZoYzJVZ2MyVnNaV04wSWl3aVUyRnRaVVJoZVVSbGJHbDJaWEo1Vm1Gc2FXUmhkR2x2YmxCdmNIVndUV1Z6YzJGblpVUmxjMk55YVhCMGFXOXVJam9pV1c5MWNpQmpZWEowSUdOdmJuUmhhVzV6SUhOaGJXVWdaR0Y1SUc5c2FXZHZjeXdnZDJocFkyZ2dibVZsWkNCMGJ5QmlaU0JqYUdWamEyVmtJRzkxZENCelpYQmxjbUYwWld4NUlHbHVJRzl5WkdWeUlIUnZJR1Z1YzNWeVpTQjBhR1VnWm1GemRHVnpkQ0JrWld4cGRtVnllUzRnVkdobElHOTBhR1Z5SUdsMFpXMXpJSGRwYkd3Z1ltVWdkMkZwZEdsdVp5QnBiaUI1YjNWeUlHTmhjblFnZDJobGJpQjViM1VnY21WMGRYSnVJR3hoZEdWeUxpQThjM0JoYmlCamJHRnpjejFjSW5SdmIyeDBhWEJmWkdsaGJHOW5YQ0lnZEdsMGJHVTlYQ0pGZUhCc1lXbHVJR0oxZEhSdmJpQmtaWE5qY21sd2RHbHZiaUJvWlhKbElHOXViSGxjSWlBK1BDOXpjR0Z1UGlJc0lsSmxkWE5sWkVsMFpXMXpWbUZzYVdSaGRHbHZibEJ2Y0hWd1EyeHZjMlZDZFhSMGIyNVVaWGgwSWpvaVQyc2lMQ0pTWlhWelpXUkpkR1Z0YzFaaGJHbGtZWFJwYjI1UWIzQjFjRTFsYzNOaFoyVWlPaUpQYjNCeklDRWdVMjl0WlNCdmNpQmhiR3dnYjJZZ2MyVnNaV04wWldRZ2NtVjFjMlZrSUdsMFpXMG5jeUJ2Y21sbmFXNWhiQ0JqYjI1MFlXbHVaWEp6SUdGeVpTQmxlSEJwY21Wa0xpQlpiM1Z5SUdOaGNuUWdkMmxzYkNCaVpTQjFjR1JoZEdWa0lHRjFkRzl0WVhScFkyRnNiSGtnWVc1a0lHTmhjblFnZDJsc2JDQmlaU0J5Wld4dllXUmxaQzRnUlhod2FYSmxaQ0JwZEdWdElFNWhiV1Z6SUdGeVpTQXRQaUlzSWxKbGRYTmxaRWwwWlcxelZtRnNhV1JoZEdsdmJsQnZjSFZ3VFdWemMyRm5aVWhsWVdSbGNpSTZJbEJzWldGelpTQk9iM1JsSWl3aVJYaHdhWEpsWkZCeWFXMWxjbEJ2Y0hWd1EyeHZjMlZDZFhSMGIyNVVaWGgwSWpvaVQyc2lMQ0pGZUhCcGNtVmtVSEpwYldWeVVHOXdkWEJOWlhOellXZGxWR1Y0ZENJNklsQnlhVzFsY2lCcGN5QmxlSEJwY21Wa0lHWnZjaUIwYUdVZ2IyNWxJRzltSUhSb1pTQnpaV3hsZEdWa0lITmxjWFZsYm1OcGJtY2dhWFJsYlM0Z2NHeGxZWE5sSUhObGJHVmpkQ0JoYm05MGFHVnlJSEJ5YVcxbGNpQnZjaUJ2Y21SbGNpQnVaWGNnY0hKcGJXVnlMaUlzSWtWNGNHbHlaV1JRY21sdFpYSlFiM0IxY0UxbGMzTmhaMlZJWldGa1pYSlVaWGgwSWpvaVVHeGxjMlVnVG05MFpTSXNJa05oY25SUVlXZGxWVkpNSWpvaUwyVnVMMk5oY25RdVlYTndlQ0lzSWsxcGJtbHRkVzFRYkdGMFpWTmhiWEJzWlhOUVpYSkRhR1ZqYTI5MWRDSTZORGdzSWxCc1lYUmxVMkZ0Y0d4bFEyOTFiblFpT201MWJHd3NJa2x6VTJsdVoyeGxVR3hoZEdWWGFYUm9WbUZzYVdSVFlXMXdiR1ZEYjNWdWRDSTZabUZzYzJVc0lrMXBibEJzWVhSbFUyRnRjR3hsYzFCdmNIVndSbTl5YldGMFRXVnpjMkZuWlNJNklpSXNJazFwYmxCc1lYUmxVMkZ0Y0d4bGMxQnZjSFZ3Um05eWJXRjBUV1Z6YzJGblpVTnNiM05sUW5WMGRHOXVWR1Y0ZENJNklpSXNJazFwYmxCc1lYUmxVMkZ0Y0d4bGMxQnZjSFZ3Um05eWJXRjBUV1Z6YzJGblpVaGxZV1JsY2lJNklpSXNJazFoZUdsdGRXMU9kVzFpWlhKUFpsQnNZWFJsYzFCbGNrTm9aV05yYjNWMElqb3pMQ0pRYkdGMFpYTkRiM1Z1ZEVadmNrTjFjbkpsYm5SUGNtUmxjaUk2Ym5Wc2JDd2lUV0Y0YVcxMWJWQnNZWFJsYzFCbGNrTm9aV05yYjNWMFVHOXdkWEJHYjNKdFlYUk5aWE56WVdkbElqb2lUV0Y0YVcxMWJTQXpJSEJzWVhSbGN5QmhjbVVnWld4cFoybGliR1VnZEc4Z1kyaGxZMnR2ZFhRZ2NHVnlJRzl5WkdWeUlHWnZjaUJ3YkdGMFpTQnpaWEYxWlc1amFXNW5JR2wwWlcxekxpQlFiR1ZoYzJVZ2JXOWthV1o1SUhsdmRYSWdjMlZzWldOMGFXOXVJR0ZqWTI5eVpHbHVaMng1TGlJc0lrMWhlR2x0ZFcxUWJHRjBaWE5RWlhKRGFHVmphMjkxZEZCdmNIVndSbTl5YldGMFRXVnpjMkZuWlVOc2IzTmxRblYwZEc5dVZHVjRkQ0k2SWs5cklpd2lUV0Y0YVcxMWJWQnNZWFJsYzFCbGNrTm9aV05yYjNWMFJtOXliV0YwVFdWemMyRm5aVWhsWVdSbGNpSTZJbEJzWldGelpTQk9iM1JsSWl3aVVHOXpkRUpoWTJ0RmJHVnRaVzUwVlc1cGNYVmxTV1FpT2lKamRHd3dNQ1JqZEd3d01DUmpkR3d3TUNSRGIyNTBaVzUwVUd4aFkyVkliMnhrWlhKRVpXWmhkV3gwSkVOaGNuUlBkbVZ5ZG1sbGQxOHpKR3h1YTBOb1pXTnJiM1YwSWl3aVJYWmxiblJCY21kMWJXVnVkQ0k2SWlKOUxDQjBhR2x6S1R0a0FoQVBEeFlFSHdVRkRTOWxiaTlqWVhKMExtRnpjSGdmQXdVRVEyRnlkR1JrQWhJUER4WUNId01GQ0VOb1pXTnJiM1YwRmdJZkRBV1hMSEpsZEhWeWJpQldZV3hwWkdGMFpVbDBaVzF6Vkc5RGFHVmphMDkxZEU5eVVYVnZkR1VvZXlKRGJHOXpaVUoxZEhSdmJsUmxlSFFpT2lKRGJHOXpaU0lzSWtGc1pYSjBUV1Z6YzJGblpWUnBkR3hsSWpvaVFXeGxjblFnVFdWemMyRm5aU0lzSWtOb1pXTnJiM1YwVTNSaGRHVkZiblZ0SWpwN0lrbHVkbUZzYVdRaU9pSkpiblpoYkdsa0lpd2lVWFZ2ZEdGaWJHVlBibXg1SWpvaVVYVnZkR0ZpYkdWUGJteDVJaXdpVDNKa1pYSmhZbXhsVDI1c2VTSTZJazl5WkdWeVlXSnNaVTl1YkhraUxDSlBjbVJsY21GaWJHVkJibVJSZFc5MFlXSnNaU0k2SWs5eVpHVnlZV0pzWlVGdVpGRjFiM1JoWW14bElpd2lUbTkwVDNKa1pYSmhZbXhsUVc1a1VYVnZkR0ZpYkdVaU9pSk9iM1JQY21SbGNtRmliR1ZCYm1SUmRXOTBZV0pzWlNJc0lrNXZkRTl5WkdWeVlXSnNaVUZ1WkZGMWIzUmhZbXhsVjJsMGFFbHVkbUZzYVdRaU9pSk9iM1JQY21SbGNtRmliR1ZCYm1SUmRXOTBZV0pzWlZkcGRHaEpiblpoYkdsa0lpd2lSbVYzVDNKa1pYSmhZbXhsVDI1c2VTSTZJa1psZDA5eVpHVnlZV0pzWlU5dWJIa2lMQ0pHWlhkUGNtUmxjbUZpYkdWQmJtUkdaWGRSZFc5MFlXSnNaU0k2SWtabGQwOXlaR1Z5WVdKc1pVRnVaRVpsZDFGMWIzUmhZbXhsSWl3aVJtVjNVWFZ2ZEdGaWJHVlBibXg1VjJsMGFFbHVkbUZzYVdRaU9pSkdaWGRSZFc5MFlXSnNaVTl1YkhsWGFYUm9TVzUyWVd4cFpDSXNJa1psZDA5eVpHVnlZV0pzWlU5dWJIbFhhWFJvU1c1MllXeHBaQ0k2SWtabGQwOXlaR1Z5WVdKc1pVOXViSGxYYVhSb1NXNTJZV3hwWkNJc0lrWmxkMDl5WkdWeVlXSnNaVUZ1WkVabGQxRjFiM1JoWW14bFYybDBhRWx1ZG1Gc2FXUWlPaUpHWlhkUGNtUmxjbUZpYkdWQmJtUkdaWGRSZFc5MFlXSnNaVmRwZEdoSmJuWmhiR2xrSWl3aVJtVjNUM0prWlhKaFlteGxRVzVrUVd4c1VYVnZkR0ZpYkdVaU9pSkdaWGRQY21SbGNtRmliR1ZCYm1SQmJHeFJkVzkwWVdKc1pTSXNJa0ZzYkU5eVpHVnlZV0pzWlVGdVpFWmxkMUYxYjNSaFlteGxJam9pUVd4c1QzSmtaWEpoWW14bFFXNWtSbVYzVVhWdmRHRmliR1VpZlN3aVNYUmxiVk4wWVhSbFJXNTFiU0k2ZXlKSmJuWmhiR2xrSWpvaVNXNTJZV3hwWkNJc0lsRjFiM1JoWW14bFQyNXNlU0k2SWxGMWIzUmhZbXhsVDI1c2VTSXNJazl5WkdWeVlXSnNaVTl1YkhraU9pSlBjbVJsY21GaWJHVlBibXg1SWl3aVQzSmtaWEpoWW14bFFXNWtVWFZ2ZEdGaWJHVWlPaUpQY21SbGNtRmliR1ZCYm1SUmRXOTBZV0pzWlNJc0lrNXZkRTl5WkdWeVlXSnNaVUZ1WkZGMWIzUmhZbXhsSWpvaVRtOTBUM0prWlhKaFlteGxRVzVrVVhWdmRHRmliR1VpTENKT2IzUlBjbVJsY21GaWJHVkJibVJSZFc5MFlXSnNaVmRwZEdoSmJuWmhiR2xrSWpvaVRtOTBUM0prWlhKaFlteGxRVzVrVVhWdmRHRmliR1ZYYVhSb1NXNTJZV3hwWkNJc0lrWmxkMDl5WkdWeVlXSnNaVTl1YkhraU9pSkdaWGRQY21SbGNtRmliR1ZQYm14NUlpd2lSbVYzVDNKa1pYSmhZbXhsUVc1a1JtVjNVWFZ2ZEdGaWJHVWlPaUpHWlhkUGNtUmxjbUZpYkdWQmJtUkdaWGRSZFc5MFlXSnNaU0lzSWtabGQxRjFiM1JoWW14bFQyNXNlVmRwZEdoSmJuWmhiR2xrSWpvaVJtVjNVWFZ2ZEdGaWJHVlBibXg1VjJsMGFFbHVkbUZzYVdRaUxDSkdaWGRQY21SbGNtRmliR1ZQYm14NVYybDBhRWx1ZG1Gc2FXUWlPaUpHWlhkUGNtUmxjbUZpYkdWUGJteDVWMmwwYUVsdWRtRnNhV1FpTENKR1pYZFBjbVJsY21GaWJHVkJibVJHWlhkUmRXOTBZV0pzWlZkcGRHaEpiblpoYkdsa0lqb2lSbVYzVDNKa1pYSmhZbXhsUVc1a1JtVjNVWFZ2ZEdGaWJHVlhhWFJvU1c1MllXeHBaQ0lzSWtabGQwOXlaR1Z5WVdKc1pVRnVaRUZzYkZGMWIzUmhZbXhsSWpvaVJtVjNUM0prWlhKaFlteGxRVzVrUVd4c1VYVnZkR0ZpYkdVaUxDSkJiR3hQY21SbGNtRmliR1ZCYm1SR1pYZFJkVzkwWVdKc1pTSTZJa0ZzYkU5eVpHVnlZV0pzWlVGdVpFWmxkMUYxYjNSaFlteGxJbjBzSW1oa2JrWnBaV3hrVTJWc1pXTjBaV1JQY21SbGNrbDBaVzFEYUdWamEyOTFkRk4wWVhSbGMwTnNhV1Z1ZEVsa0lqb2lRMjl1ZEdWdWRGQnNZV05sU0c5c1pHVnlSR1ZtWVhWc2RGOURZWEowVDNabGNuWnBaWGRmTTE5b1pHNUdhV1ZzWkZObGJHVmpkR1ZrVDNKa1pYSkpkR1Z0UTJobFkydHZkWFJUZEdGMFpYTWlMQ0pvWkc1R2FXVnNaRk5sYkdWamRHVmtTWFJsYlVsa2MwTnNhV1Z1ZEVsa0lqb2lRMjl1ZEdWdWRGQnNZV05sU0c5c1pHVnlSR1ZtWVhWc2RGOURZWEowVDNabGNuWnBaWGRmTTE5b1pHNUdhV1ZzWkZObGJHVmpkR1ZrU1hSbGJVbGtjeUlzSWs5eVpHVnlVMlZzWldOMFpXUlFjbTlrZFdOMGN5STZNU3dpUTI5dVptbHliV0YwYVc5dVZHbDBiR1ZTWlhOdmRYSmpaU0k2SWtOdmJtWnBjbTFoZEdsdmJpSXNJbEJ5YjJObFpXUkNkWFIwYjI1VVpYaDBJam9pVUhKdlkyVmxaQ0lzSWxCeWIyTmxaV1JDZFhSMGIyNURZV3hzWW1GamF5STZJbFpoYkdsa1lYUmxTWFJsYlhOVWIwTm9aV05yVDNWMFQzSlJkVzkwWlNJc0lrbHVkbUZzYVdSSmRHVnRjMU5sYkdWamRHVmtSbTl5UTJobFkydHZkWFJTWlhOdmRYSmpaU0k2SWxSb1pYSmxJR0Z5WlNCemIyMWxJR2x1ZG1Gc2FXUWdhWFJsYlhNZ1kyaHZjMlZ1SUdadmNpQmphR1ZqYTI5MWRDSXNJazV2VDNKa1pYSmhZbXhsU1hSbGJYTlRaV3hsWTNSbFpFWnZja05vWldOcmIzVjBVbVZ6YjNWeVkyVWlPaUpPYnlCMllXeHBaQ0J2Y21SbGNtRmliR1VnYVhSbGJYTWdZWEpsSUdOb2IzTmxiaUJtYjNJZ2IzSmtaWElnY0hKdlkyVnpjeUlzSWs1dlVYVnZkR0ZpYkdWSmRHVnRjMU5sYkdWamRHVmtSbTl5UTJobFkydHZkWFJTWlhOdmRYSmpaU0k2SWs1dklIWmhiR2xrSUhGMWIzUmhZbXhsSUdsMFpXMXpJR0Z5WlNCamFHOXpaVzRnWm05eUlIRjFiM1JsSUhCeWIyTmxjM01pTENKUGNtUmxjbUZpYkdWQmJtUk9iMjVQY21SbGNtRmliR1ZKZEdWdGMxTmxiR1ZqZEdWa1JtOXlRMmhsWTJ0dmRYUlNaWE52ZFhKalpTSTZJbGx2ZFNCallXNGdaV2wwYUdWeUlDZHdjbTlqWldWa0p5QjNhWFJvSUc5eVpHVnlJSEJ5YjJObGMzTWdiMllnZEdobElHOXlaR1Z5WVdKc1pTQnBkR1Z0Y3lCdmNpQmxaR2wwSUhSb1pTQnViMjR0YjNKa1pYSmhZbXhsSUdsMFpXMXpJaXdpVVhWdmRHRmliR1ZCYm1ST2IyNVJkVzkwWVdKc1pVbDBaVzF6VTJWc1pXTjBaV1JHYjNKRGFHVmphMjkxZEZKbGMyOTFjbU5sSWpvaVdXOTFJR05oYmlCbGFYUm9aWElnSjNCeWIyTmxaV1FuSUhkcGRHZ2djWFZ2ZEdVZ2NISnZZMlZ6Y3lCdlppQjBhR1VnY1hWdmRHRmliR1VnYVhSbGJYTWdiM0lnWldScGRDQjBhR1VnYm05dUxYRjFiM1JoWW14bElHbDBaVzF6SWl3aVVYVnZkR1ZUWld4bFkzUmxaRkJ5YjJSMVkzUnpJam95TENKT2IwbDBaVzF6VTJWc1pXTjBaV1FpT2lKT2J5QkpkR1Z0Y3lCVFpXeGxZM1JsWkM0Z1VHeGxZWE5sSUdOb2IyOXpaU0J2Ym1VZ0tHOXlLU0J0YjNKbElHbDBaVzF6SUhSdklIQmxjbVp2Y20wZ2RHaGxJR0ZqZEdsdmJpNGlMQ0pEWVhKMFFXTjBhVzl1UkdWc1pYUmxVMlZzWldOMFpXUlFjbTlrZFdOMGN5STZOU3dpVjJsemFFeHBjM1JCWTNScGIyNXpSR1ZzWlhSbFUyVnNaV04wWldSUWNtOWtkV04wY3lJNk1pd2lSR1ZzWlhSbFEyOXVabWx5YldGMGFXOXVUV1Z6YzJGblpWSmxjMjkxY21ObElqb2lQSEErUkc4Z2VXOTFJSEpsWVd4c2VTQjNZVzUwSUhSdklHUmxiR1YwWlNCMGFHbHpJR2wwWlcwb2N5ay9QQzl3UGlJc0lrUmxiR1YwWlVOdmJtWnBjbTFoZEdsdmJrNXZRblYwZEc5dVVtVnpiM1Z5WTJVaU9pSk9ieUlzSWtSbGJHVjBaVU52Ym1acGNtMWhkR2x2YmxsbGMwSjFkSFJ2YmxKbGMyOTFjbU5sSWpvaVdXVnpJaXdpUkdWc1pYUmxRMjl1Wm1seWJXRjBhVzl1U0dWaFpHVnlWR1Y0ZEZKbGMyOTFjbU5sSWpvaVJHVnNaWFJsSWl3aVEyRnlkRUZqZEdsdmJpSTZNU3dpUTJobFkydHZkWFJDZFhSMGIyNVRZM0pwY0hRaU9tNTFiR3dzSWtOb1pXTnJiM1YwVTJWeGRXVnVZMmx1WjBGdVpGQnlhVzFsY2xCdmNIVndUV1Z6YzJGblpVaGxZV1JsY2lJNklpSXNJa05vWldOcmIzVjBVMlZ4ZFdWdVkybHVaMEZ1WkZCeWFXMWxjbEJ2Y0hWd1RXVnpjMkZuWlVobFlXUmxja2x1Wm05eWJXRjBhVzl1SWpvaVNYUWdhWE1nYm05MElIQnZjM05wWW14bElIUnZJR05vWldOcmIzVjBJQzhnY1hWdmRHVWdjMlZ4ZFdWdVkybHVaeUJ5WldGamRHbHZibk1nZDJsMGFHOTFkQ0J3Y21sdFpYSnpJSGRvYVdOb0lHRnlaU0JoYzNOdlkybGhkR1ZrSUhSdklITmxiR1ZqZEdWa0lITmxjWFZsYm1OcGJtY2dhWFJsYlhNZ2FXNGdkR2hwY3lCdmNtUmxjam9nUEM5aWNqNDhMMkp5UGlJc0lrTm9aV05yYjNWMFUyVnhkV1Z1WTJsdVowRnVaRkJ5YVcxbGNsQnZjSFZ3VFdWemMyRm5aVVp2YjNSbGNrbHVabTl5YldGMGFXOXVJam9pSWl3aVEyaGxZMnR2ZFhSVFpYRjFaVzVqYVc1blFXNWtVSEpwYldWeVVHOXdkWEJOWlhOellXZGxRMnh2YzJWQ2RYUjBiMjVVWlhoMElqb2lJaXdpUTJobFkydHZkWFJUWlhGMVpXNWphVzVuUVc1a1VISnBiV1Z5VUc5d2RYQkdiM0p0WVhSTlpYTnpZV2RsSWpvaUlpd2lRMmhsWTJ0dmRYUlFjbWx0WlhKQmJHOXVaVkJ2Y0hWd1RXVnpjMkZuWlVOc2IzTmxRblYwZEc5dVZHVjRkQ0k2SWlJc0lrTm9aV05yYjNWMFVISnBiV1Z5UVd4dmJtVlFiM0IxY0UxbGMzTmhaMlVpT2lKUWNtbHRaWElnWVd4dmJtVWdZMkZ1Ym05MElHSmxJR05vWldOclpXUWdiM1YwTGlCUWJHVmhjMlVnYzJWc1pXTjBJR0YwYkdWaGMzUWdiMjVsSUdGemMyOWphV0YwWldRZ2MyVnhkV1Z1WTJsdVp5QkpkR1Z0TGlJc0lrTm9aV05yYjNWMFVISnBiV1Z5UVd4dmJtVlFiM0IxY0UxbGMzTmhaMlZJWldGa1pYSWlPaUpRYkdWaGMyVWdUbTkwWlNJc0lrSmhja052WkdWV1lXeHBaR0YwYVc5dVVHOXdkWEJEYkc5elpVSjFkSFJ2YmxSbGVIUWlPaUpQYXlJc0lrSmhja052WkdWV1lXeHBaR0YwYVc5dVVHOXdkWEJOWlhOellXZGxJam9pUW1GeVkyOWtaU0JtYjNJZ1UyVnNaV04wWldRZ1NYUmxiU0JwY3lCcGJuWmhiR2xrSWl3aVFtRnlRMjlrWlZaaGJHbGtZWFJwYjI1UWIzQjFjRTFsYzNOaFoyVklaV0ZrWlhJaU9pSlFiR1ZoYzJVZ1RtOTBaU0lzSWxOaGJXVkVZWGxFWld4cGRtVnllVlpoYkdsa1lYUnBiMjVRYjNCMWNFZHZRbUZqYTBKMWRIUnZibFJsZUhRaU9pSlhZV2wwSUhWdWRHbHNJR0ZzYkNCUGNtUmxjbk1nWVhKbElHWnBibWx6YUdWa0lIUnZJRk5vYVhBZ2IyNWpaU0lzSWxOaGJXVkVZWGxFWld4cGRtVnllVlpoYkdsa1lYUnBiMjVRYjNCMWNFTm9aV05yYjNWMFFuVjBkRzl1VkdWNGRDSTZJa05vWldOcmIzVjBJRk5oYldVZ1JHRjVJRTlzYVdkdmN5QlBibXg1SWl3aVUyRnRaVVJoZVVSbGJHbDJaWEo1Vm1Gc2FXUmhkR2x2YmxCdmNIVndUV1Z6YzJGblpVaGxZV1JsY2lJNklsQnNaV0Z6WlNCelpXeGxZM1FpTENKVFlXMWxSR0Y1UkdWc2FYWmxjbmxXWVd4cFpHRjBhVzl1VUc5d2RYQk5aWE56WVdkbFJHVnpZM0pwY0hScGIyNGlPaUpaYjNWeUlHTmhjblFnWTI5dWRHRnBibk1nYzJGdFpTQmtZWGtnYjJ4cFoyOXpMQ0IzYUdsamFDQnVaV1ZrSUhSdklHSmxJR05vWldOclpXUWdiM1YwSUhObGNHVnlZWFJsYkhrZ2FXNGdiM0prWlhJZ2RHOGdaVzV6ZFhKbElIUm9aU0JtWVhOMFpYTjBJR1JsYkdsMlpYSjVMaUJVYUdVZ2IzUm9aWElnYVhSbGJYTWdkMmxzYkNCaVpTQjNZV2wwYVc1bklHbHVJSGx2ZFhJZ1kyRnlkQ0IzYUdWdUlIbHZkU0J5WlhSMWNtNGdiR0YwWlhJdUlEeHpjR0Z1SUdOc1lYTnpQVndpZEc5dmJIUnBjRjlrYVdGc2IyZGNJaUIwYVhSc1pUMWNJa1Y0Y0d4aGFXNGdZblYwZEc5dUlHUmxjMk55YVhCMGFXOXVJR2hsY21VZ2IyNXNlVndpSUQ0OEwzTndZVzQrSWl3aVVtVjFjMlZrU1hSbGJYTldZV3hwWkdGMGFXOXVVRzl3ZFhCRGJHOXpaVUoxZEhSdmJsUmxlSFFpT2lKUGF5SXNJbEpsZFhObFpFbDBaVzF6Vm1Gc2FXUmhkR2x2YmxCdmNIVndUV1Z6YzJGblpTSTZJazl2Y0hNZ0lTQlRiMjFsSUc5eUlHRnNiQ0J2WmlCelpXeGxZM1JsWkNCeVpYVnpaV1FnYVhSbGJTZHpJRzl5YVdkcGJtRnNJR052Ym5SaGFXNWxjbk1nWVhKbElHVjRjR2x5WldRdUlGbHZkWElnWTJGeWRDQjNhV3hzSUdKbElIVndaR0YwWldRZ1lYVjBiMjFoZEdsallXeHNlU0JoYm1RZ1kyRnlkQ0IzYVd4c0lHSmxJSEpsYkc5aFpHVmtMaUJGZUhCcGNtVmtJR2wwWlcwZ1RtRnRaWE1nWVhKbElDMCtJaXdpVW1WMWMyVmtTWFJsYlhOV1lXeHBaR0YwYVc5dVVHOXdkWEJOWlhOellXZGxTR1ZoWkdWeUlqb2lVR3hsWVhObElFNXZkR1VpTENKRmVIQnBjbVZrVUhKcGJXVnlVRzl3ZFhCRGJHOXpaVUoxZEhSdmJsUmxlSFFpT2lKUGF5SXNJa1Y0Y0dseVpXUlFjbWx0WlhKUWIzQjFjRTFsYzNOaFoyVlVaWGgwSWpvaVVISnBiV1Z5SUdseklHVjRjR2x5WldRZ1ptOXlJSFJvWlNCdmJtVWdiMllnZEdobElITmxiR1YwWldRZ2MyVnhkV1Z1WTJsdVp5QnBkR1Z0TGlCd2JHVmhjMlVnYzJWc1pXTjBJR0Z1YjNSb1pYSWdjSEpwYldWeUlHOXlJRzl5WkdWeUlHNWxkeUJ3Y21sdFpYSXVJaXdpUlhod2FYSmxaRkJ5YVcxbGNsQnZjSFZ3VFdWemMyRm5aVWhsWVdSbGNsUmxlSFFpT2lKUWJHVnpaU0JPYjNSbElpd2lRMkZ5ZEZCaFoyVlZVa3dpT2lJdlpXNHZZMkZ5ZEM1aGMzQjRJaXdpVFdsdWFXMTFiVkJzWVhSbFUyRnRjR3hsYzFCbGNrTm9aV05yYjNWMElqbzBPQ3dpVUd4aGRHVlRZVzF3YkdWRGIzVnVkQ0k2Ym5Wc2JDd2lTWE5UYVc1bmJHVlFiR0YwWlZkcGRHaFdZV3hwWkZOaGJYQnNaVU52ZFc1MElqcG1ZV3h6WlN3aVRXbHVVR3hoZEdWVFlXMXdiR1Z6VUc5d2RYQkdiM0p0WVhSTlpYTnpZV2RsSWpvaUlpd2lUV2x1VUd4aGRHVlRZVzF3YkdWelVHOXdkWEJHYjNKdFlYUk5aWE56WVdkbFEyeHZjMlZDZFhSMGIyNVVaWGgwSWpvaUlpd2lUV2x1VUd4aGRHVlRZVzF3YkdWelVHOXdkWEJHYjNKdFlYUk5aWE56WVdkbFNHVmhaR1Z5SWpvaUlpd2lUV0Y0YVcxMWJVNTFiV0psY2s5bVVHeGhkR1Z6VUdWeVEyaGxZMnR2ZFhRaU9qTXNJbEJzWVhSbGMwTnZkVzUwUm05eVEzVnljbVZ1ZEU5eVpHVnlJanB1ZFd4c0xDSk5ZWGhwYlhWdFVHeGhkR1Z6VUdWeVEyaGxZMnR2ZFhSUWIzQjFjRVp2Y20xaGRFMWxjM05oWjJVaU9pSk5ZWGhwYlhWdElETWdjR3hoZEdWeklHRnlaU0JsYkdsbmFXSnNaU0IwYnlCamFHVmphMjkxZENCd1pYSWdiM0prWlhJZ1ptOXlJSEJzWVhSbElITmxjWFZsYm1OcGJtY2dhWFJsYlhNdUlGQnNaV0Z6WlNCdGIyUnBabmtnZVc5MWNpQnpaV3hsWTNScGIyNGdZV05qYjNKa2FXNW5iSGt1SWl3aVRXRjRhVzExYlZCc1lYUmxjMUJsY2tOb1pXTnJiM1YwVUc5d2RYQkdiM0p0WVhSTlpYTnpZV2RsUTJ4dmMyVkNkWFIwYjI1VVpYaDBJam9pVDJzaUxDSk5ZWGhwYlhWdFVHeGhkR1Z6VUdWeVEyaGxZMnR2ZFhSR2IzSnRZWFJOWlhOellXZGxTR1ZoWkdWeUlqb2lVR3hsWVhObElFNXZkR1VpTENKUWIzTjBRbUZqYTBWc1pXMWxiblJWYm1seGRXVkpaQ0k2SW1OMGJEQXdKR04wYkRBd0pHTjBiREF3SkVOdmJuUmxiblJRYkdGalpVaHZiR1JsY2tSbFptRjFiSFFrUTJGeWRFOTJaWEoyYVdWM1h6TWtiRzVyUTJobFkydHZkWFFpTENKRmRtVnVkRUZ5WjNWdFpXNTBJam9pSW4wc0lIUm9hWE1wTzJRQ0VnOWtGZ29DQVE5a0ZnSm1EdzhXQWg0TGJHSnNTR1ZoWkV4cGJtVUZFRk5vYVhCd2FXNW5JRUZrWkhKbGMzTmtGZ3dDQmc4V0FoOERCVUZEYUc5dmMyVWdiMjVsSUc5bUlIbHZkWElnWlhocGMzUnBibWNnVTJocGNIQnBibWNnUVdSa2NtVnpjeUJ2Y2lCamNtVmhkR1VnWVNCdVpYY2diMjVsTG1RQ0NBOWtGZ0lDQXc5a0ZnSUNBUThXQWg4REJTaERhR1ZqYXlCcFppQjViM1VnWkc4Z2JtOTBJSGRwYzJnZ2RHOGdhR0YyWlNCUWFXTnJMVlZ3WkFJS0R3OFdBaDhFYUdRV0ZnSUVEeFVCRlVOb2IyOXpaU0JRYVdOckxWVndJRzl3ZEdsdmJtUUNCZzhWQVFWVGNHVmxaR1FDQ0E4VkFnWk9iM0p0WVd3WUlFUmxjMmx5WldRZ1EyOXNiR1ZqZEdsdmJpQkVZWFJsWkFJS0R4VUJGMFJsYzJseVpXUWdRMjlzYkdWamRHbHZiaUJVYVcxbFpBSUxEeEFQRmdJZUMxOGhSR0YwWVVKdmRXNWtaMlJrRmdCa0FnOFBEeFlDSGd4RmNuSnZjazFsYzNOaFoyVUZIRkJzWldGelpTQmphRzl2YzJVZ1VHbGpheTFWY0NCdmNIUnBiMjVrWkFJUkR3OFdBaDhQQlNaUWJHVmhjMlVnYzJWc1pXTjBJQ0JrWlhOcGNtVmtJR052Ykd4bFkzUnBiMjRnWkdGMFpXUmtBaE1QRHhZQ0h3OEZKa2x1ZG1Gc2FXUWdaR1Z6YVhKbFpDQmpiMnhzWldOMGFXOXVJR1JoZEdVZ1ptOXliV0YwWkdRQ0ZROFBGZ0lmRHdWUlUyOXljbmtzVjJVZ1EyRnVJRzV2ZENCd2NtOTJhV1JsSUZCcFkyc3RWWEFnYzJWeWRtbGpaU0J2YmlCelpXeGxZM1JsWkNCa1lYUmxMbEJzWldGelpTQnpaV3hsWTNRZ2IzUm9aWElnWkdGNVpHUUNGdzlrRmdSbUR4VUJka052Ym5SbGJuUlFiR0ZqWlVodmJHUmxja1JsWm1GMWJIUmZUV0Z6ZEdWeVVHeGhZMlZvYjJ4a1pYSmZRV1JrY21WemMweHBjM1JmTlY5amIyMVFhV05yVlhCQlpHUnlaWE56VDNCMGFXOXVjMTkyYzFCcFkydFZjRTl3ZEdsdmJsOWxZMjl0Vm1Gc2FXUmhkR2x2YmxOMWJXMWhjbmxrQWdJUEZRRjJRMjl1ZEdWdWRGQnNZV05sU0c5c1pHVnlSR1ZtWVhWc2RGOU5ZWE4wWlhKUWJHRmpaV2h2YkdSbGNsOUJaR1J5WlhOelRHbHpkRjgxWDJOdmJWQnBZMnRWY0VGa1pISmxjM05QY0hScGIyNXpYM1p6VUdsamExVndUM0IwYVc5dVgyVmpiMjFXWVd4cFpHRjBhVzl1VTNWdGJXRnllV1FDSGc4VkFZRUJRMjl1ZEdWdWRGQnNZV05sU0c5c1pHVnlSR1ZtWVhWc2RGOU5ZWE4wWlhKUWJHRmpaV2h2YkdSbGNsOUJaR1J5WlhOelRHbHpkRjgxWDJOdmJWQnBZMnRWY0VGa1pISmxjM05QY0hScGIyNXpYM0J1YkVSeVlXZGhZbXhsVjJsdVpHOTNRMjl1ZEdWdWRGOUpibXhwYm1WTlpYTnpZV2RsUTI5dWRHRnBibVZ5WkFJTUR6d3JBQkVEQUE4V0JoNFRWWE5sUVdOalpYTnphV0pzWlVobFlXUmxjbWNmRG1jZUMxOGhTWFJsYlVOdmRXNTBBZ0ZrQVJBV0FCWUFGZ0FNRkNzQUFCWUNaZzlrRmdabUR3OFdCQjRNVkdGaWJHVlRaV04wYVc5dUN5b3BVM2x6ZEdWdExsZGxZaTVWU1M1WFpXSkRiMjUwY205c2N5NVVZV0pzWlZKdmQxTmxZM1JwYjI0QUh3Um9aR1FDQVE5a0ZnSm1EMlFXQWdJQkQyUVdCZ0lCRDJRV0FnSUJEeEFQWkJZQ0hnZHZibU5zYVdOckJhME5VMlZzWldOMFUybHVaMnhsVW1Ga2FXOWlkWFIwYjI0b2RHaHBjeTVwWkNrN0lFOXVVMlZzWldOMFFXUmtjbVZ6Y3lnblEyOXVkR1Z1ZEZCc1lXTmxTRzlzWkdWeVJHVm1ZWFZzZEY5TllYTjBaWEpRYkdGalpXaHZiR1JsY2w5QlpHUnlaWE56VEdsemRGODFYM0J1YkVSeVlXZGhZbXhsVjJsdVpHOTNRMjl1ZEdWdWRDY3NKek1uTENkVGFHbHdjR2x1Wnljc0ozdGNJaVJwWkZ3aU9sd2lNVndpTEZ3aVVISnBZMlZCWjNKbFpXMWxiblJPZFcxaVpYSmNJanB1ZFd4c0xGd2lWbUYwU1dSRmVIUmNJanB1ZFd4c0xGd2lRV1JrYVhScGIyNWhiRVZ0WVdsc2Mxd2lPbTUxYkd3c1hDSkJaR1J5WlhOelVtVm1YQ0k2WENJek1URXdNREF3TXpJMk1Gd2lMRndpUVdSa2NtVnpjMVI1Y0dWRmJuVnRYQ0k2TXl4Y0lrTmhia1ZrYVhSQlpHUnlaWE56WENJNmRISjFaU3hjSWtOcGRIbGNJanBjSWtOcGRIa3dNREZjSWl4Y0lrTnZkVzUwY25sY0lqcDdYQ0lrYVdSY0lqcGNJakpjSWl4Y0lrRnNiRzkzVm1GMFJYaGxiWEIwWENJNlptRnNjMlVzWENKRGIzVnVkSEo1VG1GdFpWd2lPbTUxYkd3c1hDSkpibk4wWVc1alpWTjBZWFIxYzBWdWRXMWNJam93TEZ3aVNYTnZTMlY1WENJNmJuVnNiQ3hjSWt4aGJtZDFZV2RsWENJNmJuVnNiQ3hjSWxKbFoybHZibHdpT201MWJHd3NYQ0pUYUc5M1EzVnpkRzl0Um1sbGJHUXhYQ0k2Wm1Gc2MyVXNYQ0pUYUc5M1EzVnpkRzl0Um1sbGJHUXlYQ0k2Wm1Gc2MyVXNYQ0pUYUc5M1ZtRjBYQ0k2Wm1Gc2MyVXNYQ0pUYVhSbFhDSTZiblZzYkN4Y0lsTjBZWFJsYzF3aU9tNTFiR3dzWENKV1pYSnphVzl1WENJNk1DeGNJa3hoWW05eVlYUnZjbWxsYzF3aU9tNTFiR3dzWENKSmMxWmhkRWxrVFdGdVpHRjBiM0o1WENJNlptRnNjMlVzWENKYWFYQkRiMlJsVW1WblpYaGNJanB1ZFd4c0xGd2lTV1JjSWpvd0xGd2lTWE5JWVhKa1JHVnNaWFJsWkZ3aU9tWmhiSE5sZlN4Y0lrTjFjM1J2YlVacFpXeGtNVndpT201MWJHd3NYQ0pEZFhOMGIyMUdhV1ZzWkRKY0lqcHVkV3hzTEZ3aVJXMWhhV3hjSWpwY0luQnVkR1Z6ZERBd01VQmxkWEp2Wm1sdWN5NWpiMjFjSWl4Y0lrWmhlRndpT2x3aU1USXpYQ0lzWENKR2FYSnpkRTVoYldWY0lqcGNJbkJ1ZEdWemRHWXdNREZjSWl4Y0lrbHVjM1JoYm1ObFUzUmhkSFZ6Ulc1MWJWd2lPakFzWENKSmMwUmxabUYxYkhSY0lqcDBjblZsTEZ3aVNYTkZZMjl0VDI1c2VWd2lPblJ5ZFdVc1hDSk1ZWE4wVG1GdFpWd2lPbHdpY0c1MFpYTjBiREF3TVZ3aUxGd2lUR2x1WlRGY0lqcGNJa1YxY205bWFXNXpYQ0lzWENKTWFXNWxNbHdpT2x3aVNWUmNJaXhjSWt4cGJtVXpYQ0k2WENKSGNtOTFjRndpTEZ3aVRXOWlhV3hsWENJNlhDSTVOek01TlRZMU5qVTJYQ0lzWENKUWFHOXVaVndpT2x3aU9UY3pPVFUyTlRZMU5sd2lMRndpVUdodmJtVk9iMFY0ZEZ3aU9tNTFiR3dzWENKU1pXTnBjR2xsYm5SY0lqcHVkV3hzTEZ3aVUzUmhkR1ZjSWpwN1hDSWthV1JjSWpwY0lqTmNJaXhjSWtOdmRXNTBjbmxjSWpwdWRXeHNMRndpU1c1emRHRnVZMlZUZEdGMGRYTkZiblZ0WENJNk1DeGNJbE4wWVhSbFMyVjVYQ0k2Ym5Wc2JDeGNJbE4wWVhSbFRtRnRaVndpT201MWJHd3NYQ0pXWlhKemFXOXVYQ0k2TUN4Y0lrbGtYQ0k2TUN4Y0lrbHpTR0Z5WkVSbGJHVjBaV1JjSWpwbVlXeHpaWDBzWENKVGRISmxaWFJjSWpwY0lsTjBjbVZsZERBd01Wd2lMRndpVTNSeVpXVjBNbHdpT2x3aVUzUnlaV1YwTURBeFhDSXNYQ0pUZEhKbFpYUXpYQ0k2WENKVGRISmxaWFF3TURGY0lpeGNJbFJwZEd4bFhDSTZYQ0pOVWx3aUxGd2lWbUYwU1dSY0lqcHVkV3hzTEZ3aVYyVmljMmwwWlZ3aU9tNTFiR3dzWENKYWFYQmNJanBjSWpVMk1EQTBNbHdpTEZ3aVNYTldZV3hwWkdGMFpXUmNJanAwY25WbExGd2lUR0YwYVhSMVpHVmNJanB1ZFd4c0xGd2lURzl1WjJsMGRXUmxYQ0k2Ym5Wc2JDeGNJa2x6UlhocGMzUnBibWRDYVd4c1ZHOWNJanBtWVd4elpTeGNJa2x6VW1WaFpFOXViSGxjSWpwbVlXeHpaU3hjSWtselQzSmtaWEpEYjNCNVhDSTZabUZzYzJVc1hDSkpaRndpT2pFeU5UYzVNeXhjSWtselNHRnlaRVJsYkdWMFpXUmNJanBtWVd4elpYMG5MQ2REYjI1MFpXNTBVR3hoWTJWSWIyeGtaWEpFWldaaGRXeDBYMDFoYzNSbGNsQnNZV05sYUc5c1pHVnlYMEZrWkhKbGMzTk1hWE4wWHpWZmFHUnVVMlZzWldOMFpXUkJaR1J5WlhOelNXUW5MQ2REYjI1MFpXNTBVR3hoWTJWSWIyeGtaWEpFWldaaGRXeDBYMDFoYzNSbGNsQnNZV05sYUc5c1pHVnlYMmhrYmtGa1pISmxjM05NYVhOMFUyVnNaV04wWldSQlpHUnlaWE56U1dSZlUyaHBjSEJwYm1jbktUdGtaR1FDQXc5a0ZnSUNBUThXQWg0RFptOXlCVnhEYjI1MFpXNTBVR3hoWTJWSWIyeGtaWEpFWldaaGRXeDBYMDFoYzNSbGNsQnNZV05sYUc5c1pHVnlYMEZrWkhKbGMzTk1hWE4wWHpWZlozWkJaR1J5WlhOelRHbHpkRjl5WkdKMGJsTmxiR1ZqZEVGa1pISmxjM05mTUJZQ0FnRVBGZ0lmQXdXMUFYQnVkR1Z6ZEdZd01ERW1JekUyTUR0d2JuUmxjM1JzTURBeEppTXhOakE3UEdKeUx6NUZkWEp2Wm1sdWN6eGljaTgrU1ZROFluSXZQa2R5YjNWd1BHSnlMejVUZEhKbFpYUXdNREU4WW5JdlBrTnBkSGt3TURFc1BHSnlMejQxTmpBd05ESW1JekUyTUR0SmJtUnBZU1lqTVRZd096eGljaTgrT1Rjek9UVTJOVFkxTmp4aWNpOCtjRzUwWlhOME1EQXhRR1YxY205bWFXNXpMbU52YlR4aWNpOCtNekV4TURBd01ETXlOakFtSXpFMk1EdGtBZ1VQWkJZR0FnRVBEeFlDSHdNRkJrUmxiR1YwWlJZQ0h4TUZtUk5UYUc5M1JHbGhiRzluS0NJOGNENUVieUI1YjNVZ2NtVmhiR3g1SUhkaGJuUWdkRzhnWkdWc1pYUmxJSFJvYVhNZ2FYUmxiU2h6S1Q4OEwzQStJaXg3SWtScFlXeHZaME5zWVhOeklqb2lJaXdpU0dWcFoyaDBJam9pWVhWMGJ5SXNJazF2WkdGc0lqcDBjblZsTENKUWIzTnBkR2x2YmlJNkltTmxiblJsY2lJc0lsZHBaSFJvSWpvaU16QXdJaXdpUTJ4dmMyRmliR1VpT25SeWRXVXNJbFJwZEd4bElqb2lSR1ZzWlhSbElpd2lRblYwZEc5dU1WUmxlSFFpT2lKWlpYTWlMQ0pDZFhSMGIyNHlWR1Y0ZENJNklrNXZJaXdpUW5WMGRHOXVNVU5oYkd4aVlXTnJJam9pVDI1RVpXeGxkR1ZCWkdSeVpYTnpJaXdpUW5WMGRHOXVNa05oYkd4aVlXTnJJanB1ZFd4c0xDSkNkWFIwYjI0eFEyRnNiR0poWTJ0UVlYSmhiV1YwWlhKeklqb2llMXdpUTJ4cFpXNTBWMmx1Wkc5M1EyOXVkR1Z1ZEVsa1hDSTZYQ0pEYjI1MFpXNTBVR3hoWTJWSWIyeGtaWEpFWldaaGRXeDBYMDFoYzNSbGNsQnNZV05sYUc5c1pHVnlYMEZrWkhKbGMzTk1hWE4wWHpWZmNHNXNSSEpoWjJGaWJHVlhhVzVrYjNkRGIyNTBaVzUwWENJc1hDSkJaR1J5WlhOelZIbHdaVVZ1ZFcxY0lqcGNJbE5vYVhCd2FXNW5YQ0lzWENKS2MyOXVSV1JwZEVGa1pISmxjM05jSWpwN1hDSWthV1JjSWpwY0lqRmNJaXhjSWxCeWFXTmxRV2R5WldWdFpXNTBUblZ0WW1WeVhDSTZiblZzYkN4Y0lsWmhkRWxrUlhoMFhDSTZiblZzYkN4Y0lrRmtaR2wwYVc5dVlXeEZiV0ZwYkhOY0lqcHVkV3hzTEZ3aVFXUmtjbVZ6YzFKbFpsd2lPbHdpTXpFeE1EQXdNRE15TmpCY0lpeGNJa0ZrWkhKbGMzTlVlWEJsUlc1MWJWd2lPak1zWENKRFlXNUZaR2wwUVdSa2NtVnpjMXdpT25SeWRXVXNYQ0pEYVhSNVhDSTZYQ0pEYVhSNU1EQXhYQ0lzWENKRGIzVnVkSEo1WENJNmUxd2lKR2xrWENJNlhDSXlYQ0lzWENKQmJHeHZkMVpoZEVWNFpXMXdkRndpT21aaGJITmxMRndpUTI5MWJuUnllVTVoYldWY0lqcHVkV3hzTEZ3aVNXNXpkR0Z1WTJWVGRHRjBkWE5GYm5WdFhDSTZNQ3hjSWtsemIwdGxlVndpT201MWJHd3NYQ0pNWVc1bmRXRm5aVndpT201MWJHd3NYQ0pTWldkcGIyNWNJanB1ZFd4c0xGd2lVMmh2ZDBOMWMzUnZiVVpwWld4a01Wd2lPbVpoYkhObExGd2lVMmh2ZDBOMWMzUnZiVVpwWld4a01sd2lPbVpoYkhObExGd2lVMmh2ZDFaaGRGd2lPbVpoYkhObExGd2lVMmwwWlZ3aU9tNTFiR3dzWENKVGRHRjBaWE5jSWpwdWRXeHNMRndpVm1WeWMybHZibHdpT2pBc1hDSk1ZV0p2Y21GMGIzSnBaWE5jSWpwdWRXeHNMRndpU1hOV1lYUkpaRTFoYm1SaGRHOXllVndpT21aaGJITmxMRndpV21sd1EyOWtaVkpsWjJWNFhDSTZiblZzYkN4Y0lrbGtYQ0k2TUN4Y0lrbHpTR0Z5WkVSbGJHVjBaV1JjSWpwbVlXeHpaWDBzWENKRGRYTjBiMjFHYVdWc1pERmNJanB1ZFd4c0xGd2lRM1Z6ZEc5dFJtbGxiR1F5WENJNmJuVnNiQ3hjSWtWdFlXbHNYQ0k2WENKd2JuUmxjM1F3TURGQVpYVnliMlpwYm5NdVkyOXRYQ0lzWENKR1lYaGNJanBjSWpFeU0xd2lMRndpUm1seWMzUk9ZVzFsWENJNlhDSndiblJsYzNSbU1EQXhYQ0lzWENKSmJuTjBZVzVqWlZOMFlYUjFjMFZ1ZFcxY0lqb3dMRndpU1hORVpXWmhkV3gwWENJNmRISjFaU3hjSWtselJXTnZiVTl1YkhsY0lqcDBjblZsTEZ3aVRHRnpkRTVoYldWY0lqcGNJbkJ1ZEdWemRHd3dNREZjSWl4Y0lreHBibVV4WENJNlhDSkZkWEp2Wm1sdWMxd2lMRndpVEdsdVpUSmNJanBjSWtsVVhDSXNYQ0pNYVc1bE0xd2lPbHdpUjNKdmRYQmNJaXhjSWsxdlltbHNaVndpT2x3aU9UY3pPVFUyTlRZMU5sd2lMRndpVUdodmJtVmNJanBjSWprM016azFOalUyTlRaY0lpeGNJbEJvYjI1bFRtOUZlSFJjSWpwdWRXeHNMRndpVW1WamFYQnBaVzUwWENJNmJuVnNiQ3hjSWxOMFlYUmxYQ0k2ZTF3aUpHbGtYQ0k2WENJelhDSXNYQ0pEYjNWdWRISjVYQ0k2Ym5Wc2JDeGNJa2x1YzNSaGJtTmxVM1JoZEhWelJXNTFiVndpT2pBc1hDSlRkR0YwWlV0bGVWd2lPbTUxYkd3c1hDSlRkR0YwWlU1aGJXVmNJanB1ZFd4c0xGd2lWbVZ5YzJsdmJsd2lPakFzWENKSlpGd2lPakFzWENKSmMwaGhjbVJFWld4bGRHVmtYQ0k2Wm1Gc2MyVjlMRndpVTNSeVpXVjBYQ0k2WENKVGRISmxaWFF3TURGY0lpeGNJbE4wY21WbGRESmNJanBjSWxOMGNtVmxkREF3TVZ3aUxGd2lVM1J5WldWME0xd2lPbHdpVTNSeVpXVjBNREF4WENJc1hDSlVhWFJzWlZ3aU9sd2lUVkpjSWl4Y0lsWmhkRWxrWENJNmJuVnNiQ3hjSWxkbFluTnBkR1ZjSWpwdWRXeHNMRndpV21sd1hDSTZYQ0kxTmpBd05ESmNJaXhjSWtselZtRnNhV1JoZEdWa1hDSTZkSEoxWlN4Y0lreGhkR2wwZFdSbFhDSTZiblZzYkN4Y0lreHZibWRwZEhWa1pWd2lPbTUxYkd3c1hDSkpjMFY0YVhOMGFXNW5RbWxzYkZSdlhDSTZabUZzYzJVc1hDSkpjMUpsWVdSUGJteDVYQ0k2Wm1Gc2MyVXNYQ0pKYzA5eVpHVnlRMjl3ZVZ3aU9tWmhiSE5sTEZ3aVNXUmNJam94TWpVM09UTXNYQ0pKYzBoaGNtUkVaV3hsZEdWa1hDSTZabUZzYzJWOUxGd2lTR1J1VTJWc1pXTjBaV1JCWkdSeVpYTnpTV1JEYkdsbGJuUkpaRndpT2x3aVEyOXVkR1Z1ZEZCc1lXTmxTRzlzWkdWeVJHVm1ZWFZzZEY5TllYTjBaWEpRYkdGalpXaHZiR1JsY2w5QlpHUnlaWE56VEdsemRGODFYMmhrYmxObGJHVmpkR1ZrUVdSa2NtVnpjMGxrWENJc1hDSlhhVzVrYjNkVFpXeGxZM1JsWkVGa1pISmxjM05JYVdSa1pXNUdhV1ZzWkVOc2FXVnVkRWxrWENJNlhDSkRiMjUwWlc1MFVHeGhZMlZJYjJ4a1pYSkVaV1poZFd4MFgwMWhjM1JsY2xCc1lXTmxhRzlzWkdWeVgyaGtia0ZrWkhKbGMzTk1hWE4wVTJWc1pXTjBaV1JCWkdSeVpYTnpTV1JmVTJocGNIQnBibWRjSWl4Y0lrZHlhWFIwWlhKTlpYTnpZV2RsU0dWaFpHVnlYQ0k2WENKRVpXeGxkR1ZrWENJc1hDSkhjbWwwZEdWeVRXVnpjMkZuWlVOdmJuUmxiblJVWlhoMFhDSTZYQ0pUZFdOalpYTnpablZzYkhrZ1JHVnNaWFJsWkZ3aUxGd2lRbWxzYkdsdVowRmtaSEpsYzNORGIzVnVkRndpT2pFc1hDSkVhWE5oWW14bFFXUmtjbVZ6YzFOcmFYQkdiM0pOZFd4MGFYQnNaVUpwYkd4cGJtZGNJanAwY25WbGZTSXNJa0oxZEhSdmJqSkRZV3hzWW1GamExQmhjbUZ0WlhSbGNuTWlPbTUxYkd3c0lsSmxjMmw2WVdKc1pTSTZabUZzYzJVc0lrUnlZV2RuWVdKc1pTSTZabUZzYzJVc0lrRjFkRzlQY0dWdUlqcG1ZV3h6WlN3aVFYQndaVzVrVkc4aU9pSmliMlI1SWl3aVRXRjRTR1ZwWjJoMElqbzBNREFzSWsxaGVGZHBaSFJvSWpvek1EQXNJazFwYmtobGFXZG9kQ0k2TVRVd0xDSk5hVzVYYVdSMGFDSTZNVFV3ZlNrN0lISmxkSFZ5YmlCbVlXeHpaVHRrQWdNUER4WUNId01GQkVOdmNIa1dBaDhUQmJjT1QyNUJaR1JPWlhkQlpHUnlaWE56S0NkRGIyNTBaVzUwVUd4aFkyVkliMnhrWlhKRVpXWmhkV3gwWDAxaGMzUmxjbEJzWVdObGFHOXNaR1Z5WDBGa1pISmxjM05NYVhOMFh6VmZjRzVzUVdSa2NtVnpjMFJwWVd4dlp5Y3NKMU5vYVhCd2FXNW5KeXduZTF3aUpHbGtYQ0k2WENJeFhDSXNYQ0pRY21salpVRm5jbVZsYldWdWRFNTFiV0psY2x3aU9tNTFiR3dzWENKV1lYUkpaRVY0ZEZ3aU9tNTFiR3dzWENKQlpHUnBkR2x2Ym1Gc1JXMWhhV3h6WENJNmJuVnNiQ3hjSWtGa1pISmxjM05TWldaY0lqcHVkV3hzTEZ3aVFXUmtjbVZ6YzFSNWNHVkZiblZ0WENJNk15eGNJa05oYmtWa2FYUkJaR1J5WlhOelhDSTZkSEoxWlN4Y0lrTnBkSGxjSWpwY0lrTnBkSGt3TURGY0lpeGNJa052ZFc1MGNubGNJanA3WENJa2FXUmNJanBjSWpKY0lpeGNJa0ZzYkc5M1ZtRjBSWGhsYlhCMFhDSTZkSEoxWlN4Y0lrTnZkVzUwY25sT1lXMWxYQ0k2WENKSmJtUnBZVndpTEZ3aVNXNXpkR0Z1WTJWVGRHRjBkWE5GYm5WdFhDSTZNQ3hjSWtsemIwdGxlVndpT2x3aVNVNWNJaXhjSWt4aGJtZDFZV2RsWENJNmUxd2lKR2xrWENJNlhDSXpYQ0lzWENKRGIyUmxYQ0k2WENKbGJsd2lMRndpUTNWc2RIVnlaVU52WkdWY0lqcGNJbVZ1TFZWVFhDSXNYQ0pKYldGblpWQmhkR2hjSWpwY0lpOXBiV0ZuWlhNdlpteGhaM012VlZNdVoybG1YQ0lzWENKSmJuTjBZVzVqWlZOMFlYUjFjMFZ1ZFcxY0lqb3dMRndpVG1GdFpWd2lPbHdpUlc1bmJHbHphRndpTEZ3aVUyOXlkRTl5WkdWeVhDSTZNU3hjSWxabGNuTnBiMjVjSWpvd0xGd2lTV1JjSWpveExGd2lTWE5JWVhKa1JHVnNaWFJsWkZ3aU9tWmhiSE5sZlN4Y0lsSmxaMmx2Ymx3aU9tNTFiR3dzWENKVGFHOTNRM1Z6ZEc5dFJtbGxiR1F4WENJNlptRnNjMlVzWENKVGFHOTNRM1Z6ZEc5dFJtbGxiR1F5WENJNlptRnNjMlVzWENKVGFHOTNWbUYwWENJNlptRnNjMlVzWENKVGFYUmxYQ0k2Ym5Wc2JDeGNJbE4wWVhSbGMxd2lPbTUxYkd3c1hDSldaWEp6YVc5dVhDSTZNVEFzWENKTVlXSnZjbUYwYjNKcFpYTmNJanB1ZFd4c0xGd2lTWE5XWVhSSlpFMWhibVJoZEc5eWVWd2lPbVpoYkhObExGd2lXbWx3UTI5a1pWSmxaMlY0WENJNlhDSmVYRnhjWEdSN05uMGtYQ0lzWENKSlpGd2lPamMzTEZ3aVNYTklZWEprUkdWc1pYUmxaRndpT21aaGJITmxmU3hjSWtOMWMzUnZiVVpwWld4a01Wd2lPbTUxYkd3c1hDSkRkWE4wYjIxR2FXVnNaREpjSWpwdWRXeHNMRndpUlcxaGFXeGNJanBjSW5CdWRHVnpkREF3TVVCbGRYSnZabWx1Y3k1amIyMWNJaXhjSWtaaGVGd2lPbHdpTVRJelhDSXNYQ0pHYVhKemRFNWhiV1ZjSWpwY0luQnVkR1Z6ZEdZd01ERmNJaXhjSWtsdWMzUmhibU5sVTNSaGRIVnpSVzUxYlZ3aU9qQXNYQ0pKYzBSbFptRjFiSFJjSWpwbVlXeHpaU3hjSWtselJXTnZiVTl1YkhsY0lqcDBjblZsTEZ3aVRHRnpkRTVoYldWY0lqcGNJbkJ1ZEdWemRHd3dNREZjSWl4Y0lreHBibVV4WENJNlhDSkZkWEp2Wm1sdWMxd2lMRndpVEdsdVpUSmNJanBjSWtsVVhDSXNYQ0pNYVc1bE0xd2lPbHdpUjNKdmRYQmNJaXhjSWsxdlltbHNaVndpT2x3aU9UY3pPVFUyTlRZMU5sd2lMRndpVUdodmJtVmNJanBjSWprM016azFOalUyTlRaY0lpeGNJbEJvYjI1bFRtOUZlSFJjSWpwdWRXeHNMRndpVW1WamFYQnBaVzUwWENJNmJuVnNiQ3hjSWxOMFlYUmxYQ0k2ZTF3aUpHbGtYQ0k2WENJMFhDSXNYQ0pEYjNWdWRISjVYQ0k2Ym5Wc2JDeGNJa2x1YzNSaGJtTmxVM1JoZEhWelJXNTFiVndpT2pBc1hDSlRkR0YwWlV0bGVWd2lPbHdpU1U0dFMwRmNJaXhjSWxOMFlYUmxUbUZ0WlZ3aU9sd2lTMkZ5Ym1GMFlXdGhYQ0lzWENKV1pYSnphVzl1WENJNk1DeGNJa2xrWENJNk1UVXdNU3hjSWtselNHRnlaRVJsYkdWMFpXUmNJanBtWVd4elpYMHNYQ0pUZEhKbFpYUmNJanBjSWxOMGNtVmxkREF3TVZ3aUxGd2lVM1J5WldWME1sd2lPbHdpVTNSeVpXVjBNREF4WENJc1hDSlRkSEpsWlhRelhDSTZYQ0pUZEhKbFpYUXdNREZjSWl4Y0lsUnBkR3hsWENJNlhDSk5VbHdpTEZ3aVZtRjBTV1JjSWpwdWRXeHNMRndpVjJWaWMybDBaVndpT201MWJHd3NYQ0phYVhCY0lqcGNJalUyTURBME1sd2lMRndpU1hOV1lXeHBaR0YwWldSY0lqcDBjblZsTEZ3aVRHRjBhWFIxWkdWY0lqcHVkV3hzTEZ3aVRHOXVaMmwwZFdSbFhDSTZiblZzYkN4Y0lrbHpSWGhwYzNScGJtZENhV3hzVkc5Y0lqcG1ZV3h6WlN4Y0lrbHpVbVZoWkU5dWJIbGNJanBtWVd4elpTeGNJa2x6VDNKa1pYSkRiM0I1WENJNlptRnNjMlVzWENKSlpGd2lPakFzWENKSmMwaGhjbVJFWld4bGRHVmtYQ0k2Wm1Gc2MyVjlKeXduUTI5dWRHVnVkRkJzWVdObFNHOXNaR1Z5UkdWbVlYVnNkRjlOWVhOMFpYSlFiR0ZqWldodmJHUmxjbDlvWkc1QlpHUnlaWE56VEdsemRGTmxiR1ZqZEdWa1FXUmtjbVZ6YzBsa1gxTm9hWEJ3YVc1bkp5d25VMkYyWldRbkxDZFRkV05qWlhOelpuVnNiSGtnUTI5d2FXVmtKeWs3SUhKbGRIVnliaUJtWVd4elpUdGtBZ1VQRHhZQ0h3TUZCRVZrYVhRV0FoOFRCYkFOVDI1RlpHbDBRV1JrY21WemN5Z25RMjl1ZEdWdWRGQnNZV05sU0c5c1pHVnlSR1ZtWVhWc2RGOU5ZWE4wWlhKUWJHRmpaV2h2YkdSbGNsOUJaR1J5WlhOelRHbHpkRjgxWDNCdWJFRmtaSEpsYzNORWFXRnNiMmNuTENkVGFHbHdjR2x1Wnljc0ozdGNJaVJwWkZ3aU9sd2lNVndpTEZ3aVVISnBZMlZCWjNKbFpXMWxiblJPZFcxaVpYSmNJanB1ZFd4c0xGd2lWbUYwU1dSRmVIUmNJanB1ZFd4c0xGd2lRV1JrYVhScGIyNWhiRVZ0WVdsc2Mxd2lPbTUxYkd3c1hDSkJaR1J5WlhOelVtVm1YQ0k2WENJek1URXdNREF3TXpJMk1Gd2lMRndpUVdSa2NtVnpjMVI1Y0dWRmJuVnRYQ0k2TXl4Y0lrTmhia1ZrYVhSQlpHUnlaWE56WENJNmRISjFaU3hjSWtOcGRIbGNJanBjSWtOcGRIa3dNREZjSWl4Y0lrTnZkVzUwY25sY0lqcDdYQ0lrYVdSY0lqcGNJakpjSWl4Y0lrRnNiRzkzVm1GMFJYaGxiWEIwWENJNlptRnNjMlVzWENKRGIzVnVkSEo1VG1GdFpWd2lPbTUxYkd3c1hDSkpibk4wWVc1alpWTjBZWFIxYzBWdWRXMWNJam93TEZ3aVNYTnZTMlY1WENJNmJuVnNiQ3hjSWt4aGJtZDFZV2RsWENJNmJuVnNiQ3hjSWxKbFoybHZibHdpT201MWJHd3NYQ0pUYUc5M1EzVnpkRzl0Um1sbGJHUXhYQ0k2Wm1Gc2MyVXNYQ0pUYUc5M1EzVnpkRzl0Um1sbGJHUXlYQ0k2Wm1Gc2MyVXNYQ0pUYUc5M1ZtRjBYQ0k2Wm1Gc2MyVXNYQ0pUYVhSbFhDSTZiblZzYkN4Y0lsTjBZWFJsYzF3aU9tNTFiR3dzWENKV1pYSnphVzl1WENJNk1DeGNJa3hoWW05eVlYUnZjbWxsYzF3aU9tNTFiR3dzWENKSmMxWmhkRWxrVFdGdVpHRjBiM0o1WENJNlptRnNjMlVzWENKYWFYQkRiMlJsVW1WblpYaGNJanB1ZFd4c0xGd2lTV1JjSWpvd0xGd2lTWE5JWVhKa1JHVnNaWFJsWkZ3aU9tWmhiSE5sZlN4Y0lrTjFjM1J2YlVacFpXeGtNVndpT201MWJHd3NYQ0pEZFhOMGIyMUdhV1ZzWkRKY0lqcHVkV3hzTEZ3aVJXMWhhV3hjSWpwY0luQnVkR1Z6ZERBd01VQmxkWEp2Wm1sdWN5NWpiMjFjSWl4Y0lrWmhlRndpT2x3aU1USXpYQ0lzWENKR2FYSnpkRTVoYldWY0lqcGNJbkJ1ZEdWemRHWXdNREZjSWl4Y0lrbHVjM1JoYm1ObFUzUmhkSFZ6Ulc1MWJWd2lPakFzWENKSmMwUmxabUYxYkhSY0lqcDBjblZsTEZ3aVNYTkZZMjl0VDI1c2VWd2lPblJ5ZFdVc1hDSk1ZWE4wVG1GdFpWd2lPbHdpY0c1MFpYTjBiREF3TVZ3aUxGd2lUR2x1WlRGY0lqcGNJa1YxY205bWFXNXpYQ0lzWENKTWFXNWxNbHdpT2x3aVNWUmNJaXhjSWt4cGJtVXpYQ0k2WENKSGNtOTFjRndpTEZ3aVRXOWlhV3hsWENJNlhDSTVOek01TlRZMU5qVTJYQ0lzWENKUWFHOXVaVndpT2x3aU9UY3pPVFUyTlRZMU5sd2lMRndpVUdodmJtVk9iMFY0ZEZ3aU9tNTFiR3dzWENKU1pXTnBjR2xsYm5SY0lqcHVkV3hzTEZ3aVUzUmhkR1ZjSWpwN1hDSWthV1JjSWpwY0lqTmNJaXhjSWtOdmRXNTBjbmxjSWpwdWRXeHNMRndpU1c1emRHRnVZMlZUZEdGMGRYTkZiblZ0WENJNk1DeGNJbE4wWVhSbFMyVjVYQ0k2Ym5Wc2JDeGNJbE4wWVhSbFRtRnRaVndpT201MWJHd3NYQ0pXWlhKemFXOXVYQ0k2TUN4Y0lrbGtYQ0k2TUN4Y0lrbHpTR0Z5WkVSbGJHVjBaV1JjSWpwbVlXeHpaWDBzWENKVGRISmxaWFJjSWpwY0lsTjBjbVZsZERBd01Wd2lMRndpVTNSeVpXVjBNbHdpT2x3aVUzUnlaV1YwTURBeFhDSXNYQ0pUZEhKbFpYUXpYQ0k2WENKVGRISmxaWFF3TURGY0lpeGNJbFJwZEd4bFhDSTZYQ0pOVWx3aUxGd2lWbUYwU1dSY0lqcHVkV3hzTEZ3aVYyVmljMmwwWlZ3aU9tNTFiR3dzWENKYWFYQmNJanBjSWpVMk1EQTBNbHdpTEZ3aVNYTldZV3hwWkdGMFpXUmNJanAwY25WbExGd2lUR0YwYVhSMVpHVmNJanB1ZFd4c0xGd2lURzl1WjJsMGRXUmxYQ0k2Ym5Wc2JDeGNJa2x6UlhocGMzUnBibWRDYVd4c1ZHOWNJanBtWVd4elpTeGNJa2x6VW1WaFpFOXViSGxjSWpwbVlXeHpaU3hjSWtselQzSmtaWEpEYjNCNVhDSTZabUZzYzJVc1hDSkpaRndpT2pFeU5UYzVNeXhjSWtselNHRnlaRVJsYkdWMFpXUmNJanBtWVd4elpYMG5MQ2REYjI1MFpXNTBVR3hoWTJWSWIyeGtaWEpFWldaaGRXeDBYMDFoYzNSbGNsQnNZV05sYUc5c1pHVnlYMEZrWkhKbGMzTk1hWE4wWHpWZmFHUnVVMlZzWldOMFpXUkJaR1J5WlhOelNXUW5MQ2REYjI1MFpXNTBVR3hoWTJWSWIyeGtaWEpFWldaaGRXeDBYMDFoYzNSbGNsQnNZV05sYUc5c1pHVnlYMmhrYmtGa1pISmxjM05NYVhOMFUyVnNaV04wWldSQlpHUnlaWE56U1dSZlUyaHBjSEJwYm1jbkxDQm1ZV3h6WlN3blUyRjJaV1FuTENkVGRXTmpaWE56Wm5Wc2JIa2dSV1JwZEdWa0p5azdJSEpsZEhWeWJpQm1ZV3h6WlR0a0FnSVBEeFlDSHdSb1pHUUNEUThWQVdsRGIyNTBaVzUwVUd4aFkyVkliMnhrWlhKRVpXWmhkV3gwWDAxaGMzUmxjbEJzWVdObGFHOXNaR1Z5WDBGa1pISmxjM05NYVhOMFh6VmZjRzVzUkhKaFoyRmliR1ZYYVc1a2IzZERiMjUwWlc1MFgwbHViR2x1WlUxbGMzTmhaMlZEYjI1MFlXbHVaWEprQWc0UEZnSWZDZ1VhUVdSa0lHRWdibVYzSUhOb2FYQndhVzVuSUdGa1pISmxjM01XQWdJQkR3OFdBaDhEQlE5QlpHUWdibVYzSUdGa1pISmxjM01XQWg4VEJhb0tUMjVCWkdST1pYZEJaR1J5WlhOektDZERiMjUwWlc1MFVHeGhZMlZJYjJ4a1pYSkVaV1poZFd4MFgwMWhjM1JsY2xCc1lXTmxhRzlzWkdWeVgwRmtaSEpsYzNOTWFYTjBYelZmY0c1c1FXUmtjbVZ6YzBScFlXeHZaeWNzSjFOb2FYQndhVzVuSnl3bmV5SWthV1FpT2lJeElpd2lVSEpwWTJWQlozSmxaVzFsYm5ST2RXMWlaWElpT201MWJHd3NJbFpoZEVsa1JYaDBJanB1ZFd4c0xDSkJaR1JwZEdsdmJtRnNSVzFoYVd4eklqcHVkV3hzTENKQlpHUnlaWE56VW1WbUlqcHVkV3hzTENKQlpHUnlaWE56Vkhsd1pVVnVkVzBpT2pBc0lrTmhia1ZrYVhSQlpHUnlaWE56SWpwbVlXeHpaU3dpUTJsMGVTSTZiblZzYkN3aVEyOTFiblJ5ZVNJNmV5SWthV1FpT2lJeUlpd2lRV3hzYjNkV1lYUkZlR1Z0Y0hRaU9tWmhiSE5sTENKRGIzVnVkSEo1VG1GdFpTSTZiblZzYkN3aVNXNXpkR0Z1WTJWVGRHRjBkWE5GYm5WdElqb3dMQ0pKYzI5TFpYa2lPbTUxYkd3c0lreGhibWQxWVdkbElqcHVkV3hzTENKU1pXZHBiMjRpT201MWJHd3NJbE5vYjNkRGRYTjBiMjFHYVdWc1pERWlPbVpoYkhObExDSlRhRzkzUTNWemRHOXRSbWxsYkdReUlqcG1ZV3h6WlN3aVUyaHZkMVpoZENJNlptRnNjMlVzSWxOcGRHVWlPbTUxYkd3c0lsTjBZWFJsY3lJNmJuVnNiQ3dpVm1WeWMybHZiaUk2TUN3aVRHRmliM0poZEc5eWFXVnpJanB1ZFd4c0xDSkpjMVpoZEVsa1RXRnVaR0YwYjNKNUlqcG1ZV3h6WlN3aVdtbHdRMjlrWlZKbFoyVjRJanB1ZFd4c0xDSkpaQ0k2TUN3aVNYTklZWEprUkdWc1pYUmxaQ0k2Wm1Gc2MyVjlMQ0pEZFhOMGIyMUdhV1ZzWkRFaU9tNTFiR3dzSWtOMWMzUnZiVVpwWld4a01pSTZiblZzYkN3aVJXMWhhV3dpT201MWJHd3NJa1poZUNJNmJuVnNiQ3dpUm1seWMzUk9ZVzFsSWpwdWRXeHNMQ0pKYm5OMFlXNWpaVk4wWVhSMWMwVnVkVzBpT2pBc0lrbHpSR1ZtWVhWc2RDSTZabUZzYzJVc0lrbHpSV052YlU5dWJIa2lPbVpoYkhObExDSk1ZWE4wVG1GdFpTSTZiblZzYkN3aVRHbHVaVEVpT201MWJHd3NJa3hwYm1VeUlqcHVkV3hzTENKTWFXNWxNeUk2Ym5Wc2JDd2lUVzlpYVd4bElqcHVkV3hzTENKUWFHOXVaU0k2Ym5Wc2JDd2lVR2h2Ym1WT2IwVjRkQ0k2Ym5Wc2JDd2lVbVZqYVhCcFpXNTBJanB1ZFd4c0xDSlRkR0YwWlNJNmV5SWthV1FpT2lJeklpd2lRMjkxYm5SeWVTSTZiblZzYkN3aVNXNXpkR0Z1WTJWVGRHRjBkWE5GYm5WdElqb3dMQ0pUZEdGMFpVdGxlU0k2Ym5Wc2JDd2lVM1JoZEdWT1lXMWxJanB1ZFd4c0xDSldaWEp6YVc5dUlqb3dMQ0pKWkNJNk1Dd2lTWE5JWVhKa1JHVnNaWFJsWkNJNlptRnNjMlY5TENKVGRISmxaWFFpT201MWJHd3NJbE4wY21WbGRESWlPbTUxYkd3c0lsTjBjbVZsZERNaU9tNTFiR3dzSWxScGRHeGxJanB1ZFd4c0xDSldZWFJKWkNJNmJuVnNiQ3dpVjJWaWMybDBaU0k2Ym5Wc2JDd2lXbWx3SWpwdWRXeHNMQ0pKYzFaaGJHbGtZWFJsWkNJNlptRnNjMlVzSWt4aGRHbDBkV1JsSWpwdWRXeHNMQ0pNYjI1bmFYUjFaR1VpT201MWJHd3NJa2x6UlhocGMzUnBibWRDYVd4c1ZHOGlPbVpoYkhObExDSkpjMUpsWVdSUGJteDVJanBtWVd4elpTd2lTWE5QY21SbGNrTnZjSGtpT21aaGJITmxMQ0pKWkNJNk1Dd2lTWE5JWVhKa1JHVnNaWFJsWkNJNlptRnNjMlY5Snl3blEyOXVkR1Z1ZEZCc1lXTmxTRzlzWkdWeVJHVm1ZWFZzZEY5TllYTjBaWEpRYkdGalpXaHZiR1JsY2w5b1pHNUJaR1J5WlhOelRHbHpkRk5sYkdWamRHVmtRV1JrY21WemMwbGtYMU5vYVhCd2FXNW5KeWs3SUhKbGRIVnliaUJtWVd4elpUdGtBZ01QWkJZQ1pnOFBGZ0lmRFFVUFFtbHNiR2x1WnlCQlpHUnlaWE56WkJZTUFnWVBGZ0lmQXdWQVEyaHZiM05sSUc5dVpTQnZaaUI1YjNWeUlHVjRhWE4wYVc1bklFSnBiR3hwYm1jZ1FXUmtjbVZ6Y3lCdmNpQmpjbVZoZEdVZ1lTQnVaWGNnYjI1bExtUUNDQTlrRmdJQ0F3OWtGZ0lDQVE4V0FoOERCU2hEYUdWamF5QnBaaUI1YjNVZ1pHOGdibTkwSUhkcGMyZ2dkRzhnYUdGMlpTQlFhV05yTFZWd1pBSUtEdzhXQWg4RWFHUVdGZ0lFRHhVQkZVTm9iMjl6WlNCUWFXTnJMVlZ3SUc5d2RHbHZibVFDQmc4VkFRVlRjR1ZsWkdRQ0NBOFZBZ1pPYjNKdFlXd1lJRVJsYzJseVpXUWdRMjlzYkdWamRHbHZiaUJFWVhSbFpBSUtEeFVCRjBSbGMybHlaV1FnUTI5c2JHVmpkR2x2YmlCVWFXMWxaQUlMRHhBUEZnSWZEbWRrWkJZQVpBSVBEdzhXQWg4UEJSeFFiR1ZoYzJVZ1kyaHZiM05sSUZCcFkyc3RWWEFnYjNCMGFXOXVaR1FDRVE4UEZnSWZEd1VtVUd4bFlYTmxJSE5sYkdWamRDQWdaR1Z6YVhKbFpDQmpiMnhzWldOMGFXOXVJR1JoZEdWa1pBSVREdzhXQWg4UEJTWkpiblpoYkdsa0lHUmxjMmx5WldRZ1kyOXNiR1ZqZEdsdmJpQmtZWFJsSUdadmNtMWhkR1JrQWhVUER4WUNIdzhGVVZOdmNuSjVMRmRsSUVOaGJpQnViM1FnY0hKdmRtbGtaU0JRYVdOckxWVndJSE5sY25acFkyVWdiMjRnYzJWc1pXTjBaV1FnWkdGMFpTNVFiR1ZoYzJVZ2MyVnNaV04wSUc5MGFHVnlJR1JoZVdSa0FoY1BaQllFWmc4VkFYWkRiMjUwWlc1MFVHeGhZMlZJYjJ4a1pYSkVaV1poZFd4MFgwMWhjM1JsY2xCc1lXTmxhRzlzWkdWeVgwRmtaSEpsYzNOTWFYTjBYelpmWTI5dFVHbGphMVZ3UVdSa2NtVnpjMDl3ZEdsdmJuTmZkbk5RYVdOclZYQlBjSFJwYjI1ZlpXTnZiVlpoYkdsa1lYUnBiMjVUZFcxdFlYSjVaQUlDRHhVQmRrTnZiblJsYm5SUWJHRmpaVWh2YkdSbGNrUmxabUYxYkhSZlRXRnpkR1Z5VUd4aFkyVm9iMnhrWlhKZlFXUmtjbVZ6YzB4cGMzUmZObDlqYjIxUWFXTnJWWEJCWkdSeVpYTnpUM0IwYVc5dWMxOTJjMUJwWTJ0VmNFOXdkR2x2Ymw5bFkyOXRWbUZzYVdSaGRHbHZibE4xYlcxaGNubGtBaDRQRlFHQkFVTnZiblJsYm5SUWJHRmpaVWh2YkdSbGNrUmxabUYxYkhSZlRXRnpkR1Z5VUd4aFkyVm9iMnhrWlhKZlFXUmtjbVZ6YzB4cGMzUmZObDlqYjIxUWFXTnJWWEJCWkdSeVpYTnpUM0IwYVc5dWMxOXdibXhFY21GbllXSnNaVmRwYm1SdmQwTnZiblJsYm5SZlNXNXNhVzVsVFdWemMyRm5aVU52Ym5SaGFXNWxjbVFDREE4OEt3QVJBd0FQRmdZZkVHY2ZEbWNmRVFJQlpBRVFGZ0FXQUJZQURCUXJBQUFXQW1ZUFpCWUdaZzhQRmdRZkVnc3JCQUFmQkdoa1pBSUJEMlFXQW1ZUFpCWUNBZ0VQWkJZR0FnRVBaQllDQWdFUEVBOWtGZ0lmRXdXckRWTmxiR1ZqZEZOcGJtZHNaVkpoWkdsdlluVjBkRzl1S0hSb2FYTXVhV1FwT3lCUGJsTmxiR1ZqZEVGa1pISmxjM01vSjBOdmJuUmxiblJRYkdGalpVaHZiR1JsY2tSbFptRjFiSFJmVFdGemRHVnlVR3hoWTJWb2IyeGtaWEpmUVdSa2NtVnpjMHhwYzNSZk5sOXdibXhFY21GbllXSnNaVmRwYm1SdmQwTnZiblJsYm5RbkxDY3lKeXduUW1sc2JHbHVaeWNzSjN0Y0lpUnBaRndpT2x3aU1Wd2lMRndpVUhKcFkyVkJaM0psWlcxbGJuUk9kVzFpWlhKY0lqcHVkV3hzTEZ3aVZtRjBTV1JGZUhSY0lqcHVkV3hzTEZ3aVFXUmthWFJwYjI1aGJFVnRZV2xzYzF3aU9tNTFiR3dzWENKQlpHUnlaWE56VW1WbVhDSTZYQ0l6TVRFd01EQXdNekkyTVZ3aUxGd2lRV1JrY21WemMxUjVjR1ZGYm5WdFhDSTZNaXhjSWtOaGJrVmthWFJCWkdSeVpYTnpYQ0k2ZEhKMVpTeGNJa05wZEhsY0lqcGNJa05wZEhrd01ERmNJaXhjSWtOdmRXNTBjbmxjSWpwN1hDSWthV1JjSWpwY0lqSmNJaXhjSWtGc2JHOTNWbUYwUlhobGJYQjBYQ0k2Wm1Gc2MyVXNYQ0pEYjNWdWRISjVUbUZ0WlZ3aU9tNTFiR3dzWENKSmJuTjBZVzVqWlZOMFlYUjFjMFZ1ZFcxY0lqb3dMRndpU1hOdlMyVjVYQ0k2Ym5Wc2JDeGNJa3hoYm1kMVlXZGxYQ0k2Ym5Wc2JDeGNJbEpsWjJsdmJsd2lPbTUxYkd3c1hDSlRhRzkzUTNWemRHOXRSbWxsYkdReFhDSTZabUZzYzJVc1hDSlRhRzkzUTNWemRHOXRSbWxsYkdReVhDSTZabUZzYzJVc1hDSlRhRzkzVm1GMFhDSTZabUZzYzJVc1hDSlRhWFJsWENJNmJuVnNiQ3hjSWxOMFlYUmxjMXdpT201MWJHd3NYQ0pXWlhKemFXOXVYQ0k2TUN4Y0lreGhZbTl5WVhSdmNtbGxjMXdpT201MWJHd3NYQ0pKYzFaaGRFbGtUV0Z1WkdGMGIzSjVYQ0k2Wm1Gc2MyVXNYQ0phYVhCRGIyUmxVbVZuWlhoY0lqcHVkV3hzTEZ3aVNXUmNJam93TEZ3aVNYTklZWEprUkdWc1pYUmxaRndpT21aaGJITmxmU3hjSWtOMWMzUnZiVVpwWld4a01Wd2lPbTUxYkd3c1hDSkRkWE4wYjIxR2FXVnNaREpjSWpwdWRXeHNMRndpUlcxaGFXeGNJanBjSW5CdWRHVnpkREF3TVVCbGRYSnZabWx1Y3k1amIyMWNJaXhjSWtaaGVGd2lPbHdpTVRJelhDSXNYQ0pHYVhKemRFNWhiV1ZjSWpwY0luQnVkR1Z6ZEdZd01ERmNJaXhjSWtsdWMzUmhibU5sVTNSaGRIVnpSVzUxYlZ3aU9qQXNYQ0pKYzBSbFptRjFiSFJjSWpwMGNuVmxMRndpU1hORlkyOXRUMjVzZVZ3aU9uUnlkV1VzWENKTVlYTjBUbUZ0WlZ3aU9sd2ljRzUwWlhOMGJEQXdNVndpTEZ3aVRHbHVaVEZjSWpwY0lrVjFjbTltYVc1elhDSXNYQ0pNYVc1bE1sd2lPbHdpU1ZSY0lpeGNJa3hwYm1VelhDSTZYQ0pIY205MWNGd2lMRndpVFc5aWFXeGxYQ0k2WENJNU56TTVOVFkxTmpVMlhDSXNYQ0pRYUc5dVpWd2lPbHdpT1Rjek9UVTJOVFkxTmx3aUxGd2lVR2h2Ym1WT2IwVjRkRndpT201MWJHd3NYQ0pTWldOcGNHbGxiblJjSWpwdWRXeHNMRndpVTNSaGRHVmNJanA3WENJa2FXUmNJanBjSWpOY0lpeGNJa052ZFc1MGNubGNJanB1ZFd4c0xGd2lTVzV6ZEdGdVkyVlRkR0YwZFhORmJuVnRYQ0k2TUN4Y0lsTjBZWFJsUzJWNVhDSTZiblZzYkN4Y0lsTjBZWFJsVG1GdFpWd2lPbTUxYkd3c1hDSldaWEp6YVc5dVhDSTZNQ3hjSWtsa1hDSTZNQ3hjSWtselNHRnlaRVJsYkdWMFpXUmNJanBtWVd4elpYMHNYQ0pUZEhKbFpYUmNJanBjSWxOMGNtVmxkREF3TVZ3aUxGd2lVM1J5WldWME1sd2lPbHdpVTNSeVpXVjBNREF4WENJc1hDSlRkSEpsWlhRelhDSTZYQ0pUZEhKbFpYUXdNREZjSWl4Y0lsUnBkR3hsWENJNlhDSk5VbHdpTEZ3aVZtRjBTV1JjSWpwdWRXeHNMRndpVjJWaWMybDBaVndpT201MWJHd3NYQ0phYVhCY0lqcGNJalUyTURBME1sd2lMRndpU1hOV1lXeHBaR0YwWldSY0lqcDBjblZsTEZ3aVRHRjBhWFIxWkdWY0lqcHVkV3hzTEZ3aVRHOXVaMmwwZFdSbFhDSTZiblZzYkN4Y0lrbHpSWGhwYzNScGJtZENhV3hzVkc5Y0lqcG1ZV3h6WlN4Y0lrbHpVbVZoWkU5dWJIbGNJanBtWVd4elpTeGNJa2x6VDNKa1pYSkRiM0I1WENJNlptRnNjMlVzWENKSlpGd2lPakV5TlRjNU5DeGNJa2x6U0dGeVpFUmxiR1YwWldSY0lqcG1ZV3h6WlgwbkxDZERiMjUwWlc1MFVHeGhZMlZJYjJ4a1pYSkVaV1poZFd4MFgwMWhjM1JsY2xCc1lXTmxhRzlzWkdWeVgwRmtaSEpsYzNOTWFYTjBYelpmYUdSdVUyVnNaV04wWldSQlpHUnlaWE56U1dRbkxDZERiMjUwWlc1MFVHeGhZMlZJYjJ4a1pYSkVaV1poZFd4MFgwMWhjM1JsY2xCc1lXTmxhRzlzWkdWeVgyaGtia0ZrWkhKbGMzTk1hWE4wVTJWc1pXTjBaV1JCWkdSeVpYTnpTV1JmUW1sc2JHbHVaeWNwTzJSa1pBSUREMlFXQWdJQkR4WUNIeFFGWEVOdmJuUmxiblJRYkdGalpVaHZiR1JsY2tSbFptRjFiSFJmVFdGemRHVnlVR3hoWTJWb2IyeGtaWEpmUVdSa2NtVnpjMHhwYzNSZk5sOW5ka0ZrWkhKbGMzTk1hWE4wWDNKa1luUnVVMlZzWldOMFFXUmtjbVZ6YzE4d0ZnSUNBUThXQWg4REJlMEJUVkltSXpFMk1EdHdiblJsYzNSbU1EQXhKaU14TmpBN2NHNTBaWE4wYkRBd01TWWpNVFl3T3p4aWNpOCtSWFZ5YjJacGJuTThZbkl2UGtsVVBHSnlMejVIY205MWNEeGljaTgrVTNSeVpXVjBNREF4UEdKeUx6NVRkSEpsWlhRd01ERThZbkl2UGxOMGNtVmxkREF3TVR4aWNpOCtRMmwwZVRBd01TdzhZbkl2UGt0aGNtNWhkR0ZyWVNZak1UWXdPenhpY2k4K05UWXdNRFF5SmlNeE5qQTdTVzVrYVdFbUl6RTJNRHM4WW5JdlBqazNNemsxTmpVMk5UWThZbkl2UG5CdWRHVnpkREF3TVVCbGRYSnZabWx1Y3k1amIyMDhZbkl2UGpNeE1UQXdNREF6TWpZeEppTXhOakE3WkFJRkQyUVdCZ0lCRHc4V0FoOERCUVpFWld4bGRHVVdBaDhUQlpjVFUyaHZkMFJwWVd4dlp5Z2lQSEErUkc4Z2VXOTFJSEpsWVd4c2VTQjNZVzUwSUhSdklHUmxiR1YwWlNCMGFHbHpJR2wwWlcwb2N5ay9QQzl3UGlJc2V5SkVhV0ZzYjJkRGJHRnpjeUk2SWlJc0lraGxhV2RvZENJNkltRjFkRzhpTENKTmIyUmhiQ0k2ZEhKMVpTd2lVRzl6YVhScGIyNGlPaUpqWlc1MFpYSWlMQ0pYYVdSMGFDSTZJak13TUNJc0lrTnNiM05oWW14bElqcDBjblZsTENKVWFYUnNaU0k2SWtSbGJHVjBaU0lzSWtKMWRIUnZiakZVWlhoMElqb2lXV1Z6SWl3aVFuVjBkRzl1TWxSbGVIUWlPaUpPYnlJc0lrSjFkSFJ2YmpGRFlXeHNZbUZqYXlJNklrOXVSR1ZzWlhSbFFXUmtjbVZ6Y3lJc0lrSjFkSFJ2YmpKRFlXeHNZbUZqYXlJNmJuVnNiQ3dpUW5WMGRHOXVNVU5oYkd4aVlXTnJVR0Z5WVcxbGRHVnljeUk2SW50Y0lrTnNhV1Z1ZEZkcGJtUnZkME52Ym5SbGJuUkpaRndpT2x3aVEyOXVkR1Z1ZEZCc1lXTmxTRzlzWkdWeVJHVm1ZWFZzZEY5TllYTjBaWEpRYkdGalpXaHZiR1JsY2w5QlpHUnlaWE56VEdsemRGODJYM0J1YkVSeVlXZGhZbXhsVjJsdVpHOTNRMjl1ZEdWdWRGd2lMRndpUVdSa2NtVnpjMVI1Y0dWRmJuVnRYQ0k2WENKQ2FXeHNhVzVuWENJc1hDSktjMjl1UldScGRFRmtaSEpsYzNOY0lqcDdYQ0lrYVdSY0lqcGNJakZjSWl4Y0lsQnlhV05sUVdkeVpXVnRaVzUwVG5WdFltVnlYQ0k2Ym5Wc2JDeGNJbFpoZEVsa1JYaDBYQ0k2Ym5Wc2JDeGNJa0ZrWkdsMGFXOXVZV3hGYldGcGJITmNJanB1ZFd4c0xGd2lRV1JrY21WemMxSmxabHdpT2x3aU16RXhNREF3TURNeU5qRmNJaXhjSWtGa1pISmxjM05VZVhCbFJXNTFiVndpT2pJc1hDSkRZVzVGWkdsMFFXUmtjbVZ6YzF3aU9uUnlkV1VzWENKRGFYUjVYQ0k2WENKRGFYUjVNREF4WENJc1hDSkRiM1Z1ZEhKNVhDSTZlMXdpSkdsa1hDSTZYQ0l5WENJc1hDSkJiR3h2ZDFaaGRFVjRaVzF3ZEZ3aU9tWmhiSE5sTEZ3aVEyOTFiblJ5ZVU1aGJXVmNJanB1ZFd4c0xGd2lTVzV6ZEdGdVkyVlRkR0YwZFhORmJuVnRYQ0k2TUN4Y0lrbHpiMHRsZVZ3aU9tNTFiR3dzWENKTVlXNW5kV0ZuWlZ3aU9tNTFiR3dzWENKU1pXZHBiMjVjSWpwdWRXeHNMRndpVTJodmQwTjFjM1J2YlVacFpXeGtNVndpT21aaGJITmxMRndpVTJodmQwTjFjM1J2YlVacFpXeGtNbHdpT21aaGJITmxMRndpVTJodmQxWmhkRndpT21aaGJITmxMRndpVTJsMFpWd2lPbTUxYkd3c1hDSlRkR0YwWlhOY0lqcHVkV3hzTEZ3aVZtVnljMmx2Ymx3aU9qQXNYQ0pNWVdKdmNtRjBiM0pwWlhOY0lqcHVkV3hzTEZ3aVNYTldZWFJKWkUxaGJtUmhkRzl5ZVZ3aU9tWmhiSE5sTEZ3aVdtbHdRMjlrWlZKbFoyVjRYQ0k2Ym5Wc2JDeGNJa2xrWENJNk1DeGNJa2x6U0dGeVpFUmxiR1YwWldSY0lqcG1ZV3h6Wlgwc1hDSkRkWE4wYjIxR2FXVnNaREZjSWpwdWRXeHNMRndpUTNWemRHOXRSbWxsYkdReVhDSTZiblZzYkN4Y0lrVnRZV2xzWENJNlhDSndiblJsYzNRd01ERkFaWFZ5YjJacGJuTXVZMjl0WENJc1hDSkdZWGhjSWpwY0lqRXlNMXdpTEZ3aVJtbHljM1JPWVcxbFhDSTZYQ0p3Ym5SbGMzUm1NREF4WENJc1hDSkpibk4wWVc1alpWTjBZWFIxYzBWdWRXMWNJam93TEZ3aVNYTkVaV1poZFd4MFhDSTZkSEoxWlN4Y0lrbHpSV052YlU5dWJIbGNJanAwY25WbExGd2lUR0Z6ZEU1aGJXVmNJanBjSW5CdWRHVnpkR3d3TURGY0lpeGNJa3hwYm1VeFhDSTZYQ0pGZFhKdlptbHVjMXdpTEZ3aVRHbHVaVEpjSWpwY0lrbFVYQ0lzWENKTWFXNWxNMXdpT2x3aVIzSnZkWEJjSWl4Y0lrMXZZbWxzWlZ3aU9sd2lPVGN6T1RVMk5UWTFObHdpTEZ3aVVHaHZibVZjSWpwY0lqazNNemsxTmpVMk5UWmNJaXhjSWxCb2IyNWxUbTlGZUhSY0lqcHVkV3hzTEZ3aVVtVmphWEJwWlc1MFhDSTZiblZzYkN4Y0lsTjBZWFJsWENJNmUxd2lKR2xrWENJNlhDSXpYQ0lzWENKRGIzVnVkSEo1WENJNmJuVnNiQ3hjSWtsdWMzUmhibU5sVTNSaGRIVnpSVzUxYlZ3aU9qQXNYQ0pUZEdGMFpVdGxlVndpT201MWJHd3NYQ0pUZEdGMFpVNWhiV1ZjSWpwdWRXeHNMRndpVm1WeWMybHZibHdpT2pBc1hDSkpaRndpT2pBc1hDSkpjMGhoY21SRVpXeGxkR1ZrWENJNlptRnNjMlY5TEZ3aVUzUnlaV1YwWENJNlhDSlRkSEpsWlhRd01ERmNJaXhjSWxOMGNtVmxkREpjSWpwY0lsTjBjbVZsZERBd01Wd2lMRndpVTNSeVpXVjBNMXdpT2x3aVUzUnlaV1YwTURBeFhDSXNYQ0pVYVhSc1pWd2lPbHdpVFZKY0lpeGNJbFpoZEVsa1hDSTZiblZzYkN4Y0lsZGxZbk5wZEdWY0lqcHVkV3hzTEZ3aVdtbHdYQ0k2WENJMU5qQXdOREpjSWl4Y0lrbHpWbUZzYVdSaGRHVmtYQ0k2ZEhKMVpTeGNJa3hoZEdsMGRXUmxYQ0k2Ym5Wc2JDeGNJa3h2Ym1kcGRIVmtaVndpT201MWJHd3NYQ0pKYzBWNGFYTjBhVzVuUW1sc2JGUnZYQ0k2Wm1Gc2MyVXNYQ0pKYzFKbFlXUlBibXg1WENJNlptRnNjMlVzWENKSmMwOXlaR1Z5UTI5d2VWd2lPbVpoYkhObExGd2lTV1JjSWpveE1qVTNPVFFzWENKSmMwaGhjbVJFWld4bGRHVmtYQ0k2Wm1Gc2MyVjlMRndpU0dSdVUyVnNaV04wWldSQlpHUnlaWE56U1dSRGJHbGxiblJKWkZ3aU9sd2lRMjl1ZEdWdWRGQnNZV05sU0c5c1pHVnlSR1ZtWVhWc2RGOU5ZWE4wWlhKUWJHRmpaV2h2YkdSbGNsOUJaR1J5WlhOelRHbHpkRjgyWDJoa2JsTmxiR1ZqZEdWa1FXUmtjbVZ6YzBsa1hDSXNYQ0pYYVc1a2IzZFRaV3hsWTNSbFpFRmtaSEpsYzNOSWFXUmtaVzVHYVdWc1pFTnNhV1Z1ZEVsa1hDSTZYQ0pEYjI1MFpXNTBVR3hoWTJWSWIyeGtaWEpFWldaaGRXeDBYMDFoYzNSbGNsQnNZV05sYUc5c1pHVnlYMmhrYmtGa1pISmxjM05NYVhOMFUyVnNaV04wWldSQlpHUnlaWE56U1dSZlFtbHNiR2x1WjF3aUxGd2lSM0pwZEhSbGNrMWxjM05oWjJWSVpXRmtaWEpjSWpwY0lrUmxiR1YwWldSY0lpeGNJa2R5YVhSMFpYSk5aWE56WVdkbFEyOXVkR1Z1ZEZSbGVIUmNJanBjSWxOMVkyTmxjM05tZFd4c2VTQkVaV3hsZEdWa1hDSXNYQ0pDYVd4c2FXNW5RV1JrY21WemMwTnZkVzUwWENJNk1TeGNJa1JwYzJGaWJHVkJaR1J5WlhOelUydHBjRVp2Y2sxMWJIUnBjR3hsUW1sc2JHbHVaMXdpT25SeWRXVjlJaXdpUW5WMGRHOXVNa05oYkd4aVlXTnJVR0Z5WVcxbGRHVnljeUk2Ym5Wc2JDd2lVbVZ6YVhwaFlteGxJanBtWVd4elpTd2lSSEpoWjJkaFlteGxJanBtWVd4elpTd2lRWFYwYjA5d1pXNGlPbVpoYkhObExDSkJjSEJsYm1SVWJ5STZJbUp2WkhraUxDSk5ZWGhJWldsbmFIUWlPalF3TUN3aVRXRjRWMmxrZEdnaU9qTXdNQ3dpVFdsdVNHVnBaMmgwSWpveE5UQXNJazFwYmxkcFpIUm9Jam94TlRCOUtUc2djbVYwZFhKdUlHWmhiSE5sTzJRQ0F3OFBGZ0lmQXdVRVEyOXdlUllDSHhNRnRRNVBia0ZrWkU1bGQwRmtaSEpsYzNNb0owTnZiblJsYm5SUWJHRmpaVWh2YkdSbGNrUmxabUYxYkhSZlRXRnpkR1Z5VUd4aFkyVm9iMnhrWlhKZlFXUmtjbVZ6YzB4cGMzUmZObDl3Ym14QlpHUnlaWE56UkdsaGJHOW5KeXduUW1sc2JHbHVaeWNzSjN0Y0lpUnBaRndpT2x3aU1Wd2lMRndpVUhKcFkyVkJaM0psWlcxbGJuUk9kVzFpWlhKY0lqcHVkV3hzTEZ3aVZtRjBTV1JGZUhSY0lqcHVkV3hzTEZ3aVFXUmthWFJwYjI1aGJFVnRZV2xzYzF3aU9tNTFiR3dzWENKQlpHUnlaWE56VW1WbVhDSTZiblZzYkN4Y0lrRmtaSEpsYzNOVWVYQmxSVzUxYlZ3aU9qSXNYQ0pEWVc1RlpHbDBRV1JrY21WemMxd2lPblJ5ZFdVc1hDSkRhWFI1WENJNlhDSkRhWFI1TURBeFhDSXNYQ0pEYjNWdWRISjVYQ0k2ZTF3aUpHbGtYQ0k2WENJeVhDSXNYQ0pCYkd4dmQxWmhkRVY0Wlcxd2RGd2lPblJ5ZFdVc1hDSkRiM1Z1ZEhKNVRtRnRaVndpT2x3aVNXNWthV0ZjSWl4Y0lrbHVjM1JoYm1ObFUzUmhkSFZ6Ulc1MWJWd2lPakFzWENKSmMyOUxaWGxjSWpwY0lrbE9YQ0lzWENKTVlXNW5kV0ZuWlZ3aU9udGNJaVJwWkZ3aU9sd2lNMXdpTEZ3aVEyOWtaVndpT2x3aVpXNWNJaXhjSWtOMWJIUjFjbVZEYjJSbFhDSTZYQ0psYmkxVlUxd2lMRndpU1cxaFoyVlFZWFJvWENJNlhDSXZhVzFoWjJWekwyWnNZV2R6TDFWVExtZHBabHdpTEZ3aVNXNXpkR0Z1WTJWVGRHRjBkWE5GYm5WdFhDSTZNQ3hjSWs1aGJXVmNJanBjSWtWdVoyeHBjMmhjSWl4Y0lsTnZjblJQY21SbGNsd2lPakVzWENKV1pYSnphVzl1WENJNk1DeGNJa2xrWENJNk1TeGNJa2x6U0dGeVpFUmxiR1YwWldSY0lqcG1ZV3h6Wlgwc1hDSlNaV2RwYjI1Y0lqcHVkV3hzTEZ3aVUyaHZkME4xYzNSdmJVWnBaV3hrTVZ3aU9tWmhiSE5sTEZ3aVUyaHZkME4xYzNSdmJVWnBaV3hrTWx3aU9tWmhiSE5sTEZ3aVUyaHZkMVpoZEZ3aU9tWmhiSE5sTEZ3aVUybDBaVndpT201MWJHd3NYQ0pUZEdGMFpYTmNJanB1ZFd4c0xGd2lWbVZ5YzJsdmJsd2lPakV3TEZ3aVRHRmliM0poZEc5eWFXVnpYQ0k2Ym5Wc2JDeGNJa2x6Vm1GMFNXUk5ZVzVrWVhSdmNubGNJanBtWVd4elpTeGNJbHBwY0VOdlpHVlNaV2RsZUZ3aU9sd2lYbHhjWEZ4a2V6WjlKRndpTEZ3aVNXUmNJam8zTnl4Y0lrbHpTR0Z5WkVSbGJHVjBaV1JjSWpwbVlXeHpaWDBzWENKRGRYTjBiMjFHYVdWc1pERmNJanB1ZFd4c0xGd2lRM1Z6ZEc5dFJtbGxiR1F5WENJNmJuVnNiQ3hjSWtWdFlXbHNYQ0k2WENKd2JuUmxjM1F3TURGQVpYVnliMlpwYm5NdVkyOXRYQ0lzWENKR1lYaGNJanBjSWpFeU0xd2lMRndpUm1seWMzUk9ZVzFsWENJNlhDSndiblJsYzNSbU1EQXhYQ0lzWENKSmJuTjBZVzVqWlZOMFlYUjFjMFZ1ZFcxY0lqb3dMRndpU1hORVpXWmhkV3gwWENJNlptRnNjMlVzWENKSmMwVmpiMjFQYm14NVhDSTZkSEoxWlN4Y0lreGhjM1JPWVcxbFhDSTZYQ0p3Ym5SbGMzUnNNREF4WENJc1hDSk1hVzVsTVZ3aU9sd2lSWFZ5YjJacGJuTmNJaXhjSWt4cGJtVXlYQ0k2WENKSlZGd2lMRndpVEdsdVpUTmNJanBjSWtkeWIzVndYQ0lzWENKTmIySnBiR1ZjSWpwY0lqazNNemsxTmpVMk5UWmNJaXhjSWxCb2IyNWxYQ0k2WENJNU56TTVOVFkxTmpVMlhDSXNYQ0pRYUc5dVpVNXZSWGgwWENJNmJuVnNiQ3hjSWxKbFkybHdhV1Z1ZEZ3aU9tNTFiR3dzWENKVGRHRjBaVndpT250Y0lpUnBaRndpT2x3aU5Gd2lMRndpUTI5MWJuUnllVndpT201MWJHd3NYQ0pKYm5OMFlXNWpaVk4wWVhSMWMwVnVkVzFjSWpvd0xGd2lVM1JoZEdWTFpYbGNJanBjSWtsT0xVdEJYQ0lzWENKVGRHRjBaVTVoYldWY0lqcGNJa3RoY201aGRHRnJZVndpTEZ3aVZtVnljMmx2Ymx3aU9qQXNYQ0pKWkZ3aU9qRTFNREVzWENKSmMwaGhjbVJFWld4bGRHVmtYQ0k2Wm1Gc2MyVjlMRndpVTNSeVpXVjBYQ0k2WENKVGRISmxaWFF3TURGY0lpeGNJbE4wY21WbGRESmNJanBjSWxOMGNtVmxkREF3TVZ3aUxGd2lVM1J5WldWME0xd2lPbHdpVTNSeVpXVjBNREF4WENJc1hDSlVhWFJzWlZ3aU9sd2lUVkpjSWl4Y0lsWmhkRWxrWENJNmJuVnNiQ3hjSWxkbFluTnBkR1ZjSWpwdWRXeHNMRndpV21sd1hDSTZYQ0kxTmpBd05ESmNJaXhjSWtselZtRnNhV1JoZEdWa1hDSTZkSEoxWlN4Y0lreGhkR2wwZFdSbFhDSTZiblZzYkN4Y0lreHZibWRwZEhWa1pWd2lPbTUxYkd3c1hDSkpjMFY0YVhOMGFXNW5RbWxzYkZSdlhDSTZabUZzYzJVc1hDSkpjMUpsWVdSUGJteDVYQ0k2Wm1Gc2MyVXNYQ0pKYzA5eVpHVnlRMjl3ZVZ3aU9tWmhiSE5sTEZ3aVNXUmNJam93TEZ3aVNYTklZWEprUkdWc1pYUmxaRndpT21aaGJITmxmU2NzSjBOdmJuUmxiblJRYkdGalpVaHZiR1JsY2tSbFptRjFiSFJmVFdGemRHVnlVR3hoWTJWb2IyeGtaWEpmYUdSdVFXUmtjbVZ6YzB4cGMzUlRaV3hsWTNSbFpFRmtaSEpsYzNOSlpGOUNhV3hzYVc1bkp5d25VMkYyWldRbkxDZFRkV05qWlhOelpuVnNiSGtnUTI5d2FXVmtKeWs3SUhKbGRIVnliaUJtWVd4elpUdGtBZ1VQRHhZQ0h3TUZCRVZrYVhRV0FoOFRCYTROVDI1RlpHbDBRV1JrY21WemN5Z25RMjl1ZEdWdWRGQnNZV05sU0c5c1pHVnlSR1ZtWVhWc2RGOU5ZWE4wWlhKUWJHRmpaV2h2YkdSbGNsOUJaR1J5WlhOelRHbHpkRjgyWDNCdWJFRmtaSEpsYzNORWFXRnNiMmNuTENkQ2FXeHNhVzVuSnl3bmUxd2lKR2xrWENJNlhDSXhYQ0lzWENKUWNtbGpaVUZuY21WbGJXVnVkRTUxYldKbGNsd2lPbTUxYkd3c1hDSldZWFJKWkVWNGRGd2lPbTUxYkd3c1hDSkJaR1JwZEdsdmJtRnNSVzFoYVd4elhDSTZiblZzYkN4Y0lrRmtaSEpsYzNOU1pXWmNJanBjSWpNeE1UQXdNREF6TWpZeFhDSXNYQ0pCWkdSeVpYTnpWSGx3WlVWdWRXMWNJam95TEZ3aVEyRnVSV1JwZEVGa1pISmxjM05jSWpwMGNuVmxMRndpUTJsMGVWd2lPbHdpUTJsMGVUQXdNVndpTEZ3aVEyOTFiblJ5ZVZ3aU9udGNJaVJwWkZ3aU9sd2lNbHdpTEZ3aVFXeHNiM2RXWVhSRmVHVnRjSFJjSWpwbVlXeHpaU3hjSWtOdmRXNTBjbmxPWVcxbFhDSTZiblZzYkN4Y0lrbHVjM1JoYm1ObFUzUmhkSFZ6Ulc1MWJWd2lPakFzWENKSmMyOUxaWGxjSWpwdWRXeHNMRndpVEdGdVozVmhaMlZjSWpwdWRXeHNMRndpVW1WbmFXOXVYQ0k2Ym5Wc2JDeGNJbE5vYjNkRGRYTjBiMjFHYVdWc1pERmNJanBtWVd4elpTeGNJbE5vYjNkRGRYTjBiMjFHYVdWc1pESmNJanBtWVd4elpTeGNJbE5vYjNkV1lYUmNJanBtWVd4elpTeGNJbE5wZEdWY0lqcHVkV3hzTEZ3aVUzUmhkR1Z6WENJNmJuVnNiQ3hjSWxabGNuTnBiMjVjSWpvd0xGd2lUR0ZpYjNKaGRHOXlhV1Z6WENJNmJuVnNiQ3hjSWtselZtRjBTV1JOWVc1a1lYUnZjbmxjSWpwbVlXeHpaU3hjSWxwcGNFTnZaR1ZTWldkbGVGd2lPbTUxYkd3c1hDSkpaRndpT2pBc1hDSkpjMGhoY21SRVpXeGxkR1ZrWENJNlptRnNjMlY5TEZ3aVEzVnpkRzl0Um1sbGJHUXhYQ0k2Ym5Wc2JDeGNJa04xYzNSdmJVWnBaV3hrTWx3aU9tNTFiR3dzWENKRmJXRnBiRndpT2x3aWNHNTBaWE4wTURBeFFHVjFjbTltYVc1ekxtTnZiVndpTEZ3aVJtRjRYQ0k2WENJeE1qTmNJaXhjSWtacGNuTjBUbUZ0WlZ3aU9sd2ljRzUwWlhOMFpqQXdNVndpTEZ3aVNXNXpkR0Z1WTJWVGRHRjBkWE5GYm5WdFhDSTZNQ3hjSWtselJHVm1ZWFZzZEZ3aU9uUnlkV1VzWENKSmMwVmpiMjFQYm14NVhDSTZkSEoxWlN4Y0lreGhjM1JPWVcxbFhDSTZYQ0p3Ym5SbGMzUnNNREF4WENJc1hDSk1hVzVsTVZ3aU9sd2lSWFZ5YjJacGJuTmNJaXhjSWt4cGJtVXlYQ0k2WENKSlZGd2lMRndpVEdsdVpUTmNJanBjSWtkeWIzVndYQ0lzWENKTmIySnBiR1ZjSWpwY0lqazNNemsxTmpVMk5UWmNJaXhjSWxCb2IyNWxYQ0k2WENJNU56TTVOVFkxTmpVMlhDSXNYQ0pRYUc5dVpVNXZSWGgwWENJNmJuVnNiQ3hjSWxKbFkybHdhV1Z1ZEZ3aU9tNTFiR3dzWENKVGRHRjBaVndpT250Y0lpUnBaRndpT2x3aU0xd2lMRndpUTI5MWJuUnllVndpT201MWJHd3NYQ0pKYm5OMFlXNWpaVk4wWVhSMWMwVnVkVzFjSWpvd0xGd2lVM1JoZEdWTFpYbGNJanB1ZFd4c0xGd2lVM1JoZEdWT1lXMWxYQ0k2Ym5Wc2JDeGNJbFpsY25OcGIyNWNJam93TEZ3aVNXUmNJam93TEZ3aVNYTklZWEprUkdWc1pYUmxaRndpT21aaGJITmxmU3hjSWxOMGNtVmxkRndpT2x3aVUzUnlaV1YwTURBeFhDSXNYQ0pUZEhKbFpYUXlYQ0k2WENKVGRISmxaWFF3TURGY0lpeGNJbE4wY21WbGRETmNJanBjSWxOMGNtVmxkREF3TVZ3aUxGd2lWR2wwYkdWY0lqcGNJazFTWENJc1hDSldZWFJKWkZ3aU9tNTFiR3dzWENKWFpXSnphWFJsWENJNmJuVnNiQ3hjSWxwcGNGd2lPbHdpTlRZd01EUXlYQ0lzWENKSmMxWmhiR2xrWVhSbFpGd2lPblJ5ZFdVc1hDSk1ZWFJwZEhWa1pWd2lPbTUxYkd3c1hDSk1iMjVuYVhSMVpHVmNJanB1ZFd4c0xGd2lTWE5GZUdsemRHbHVaMEpwYkd4VWIxd2lPbVpoYkhObExGd2lTWE5TWldGa1QyNXNlVndpT21aaGJITmxMRndpU1hOUGNtUmxja052Y0hsY0lqcG1ZV3h6WlN4Y0lrbGtYQ0k2TVRJMU56azBMRndpU1hOSVlYSmtSR1ZzWlhSbFpGd2lPbVpoYkhObGZTY3NKME52Ym5SbGJuUlFiR0ZqWlVodmJHUmxja1JsWm1GMWJIUmZUV0Z6ZEdWeVVHeGhZMlZvYjJ4a1pYSmZRV1JrY21WemMweHBjM1JmTmw5b1pHNVRaV3hsWTNSbFpFRmtaSEpsYzNOSlpDY3NKME52Ym5SbGJuUlFiR0ZqWlVodmJHUmxja1JsWm1GMWJIUmZUV0Z6ZEdWeVVHeGhZMlZvYjJ4a1pYSmZhR1J1UVdSa2NtVnpjMHhwYzNSVFpXeGxZM1JsWkVGa1pISmxjM05KWkY5Q2FXeHNhVzVuSnl3Z1ptRnNjMlVzSjFOaGRtVmtKeXduVTNWalkyVnpjMloxYkd4NUlFVmthWFJsWkNjcE95QnlaWFIxY200Z1ptRnNjMlU3WkFJQ0R3OFdBaDhFYUdSa0FnMFBGUUZwUTI5dWRHVnVkRkJzWVdObFNHOXNaR1Z5UkdWbVlYVnNkRjlOWVhOMFpYSlFiR0ZqWldodmJHUmxjbDlCWkdSeVpYTnpUR2x6ZEY4MlgzQnViRVJ5WVdkaFlteGxWMmx1Wkc5M1EyOXVkR1Z1ZEY5SmJteHBibVZOWlhOellXZGxRMjl1ZEdGcGJtVnlaQUlPRHhZQ0h3b0ZHVUZrWkNCaElHNWxkeUJpYVd4c2FXNW5JR0ZrWkhKbGMzTVdBZ0lCRHc4V0FoOERCUTlCWkdRZ2JtVjNJR0ZrWkhKbGMzTVdBaDhUQmFnS1QyNUJaR1JPWlhkQlpHUnlaWE56S0NkRGIyNTBaVzUwVUd4aFkyVkliMnhrWlhKRVpXWmhkV3gwWDAxaGMzUmxjbEJzWVdObGFHOXNaR1Z5WDBGa1pISmxjM05NYVhOMFh6WmZjRzVzUVdSa2NtVnpjMFJwWVd4dlp5Y3NKMEpwYkd4cGJtY25MQ2Q3SWlScFpDSTZJakVpTENKUWNtbGpaVUZuY21WbGJXVnVkRTUxYldKbGNpSTZiblZzYkN3aVZtRjBTV1JGZUhRaU9tNTFiR3dzSWtGa1pHbDBhVzl1WVd4RmJXRnBiSE1pT201MWJHd3NJa0ZrWkhKbGMzTlNaV1lpT201MWJHd3NJa0ZrWkhKbGMzTlVlWEJsUlc1MWJTSTZNQ3dpUTJGdVJXUnBkRUZrWkhKbGMzTWlPbVpoYkhObExDSkRhWFI1SWpwdWRXeHNMQ0pEYjNWdWRISjVJanA3SWlScFpDSTZJaklpTENKQmJHeHZkMVpoZEVWNFpXMXdkQ0k2Wm1Gc2MyVXNJa052ZFc1MGNubE9ZVzFsSWpwdWRXeHNMQ0pKYm5OMFlXNWpaVk4wWVhSMWMwVnVkVzBpT2pBc0lrbHpiMHRsZVNJNmJuVnNiQ3dpVEdGdVozVmhaMlVpT201MWJHd3NJbEpsWjJsdmJpSTZiblZzYkN3aVUyaHZkME4xYzNSdmJVWnBaV3hrTVNJNlptRnNjMlVzSWxOb2IzZERkWE4wYjIxR2FXVnNaRElpT21aaGJITmxMQ0pUYUc5M1ZtRjBJanBtWVd4elpTd2lVMmwwWlNJNmJuVnNiQ3dpVTNSaGRHVnpJanB1ZFd4c0xDSldaWEp6YVc5dUlqb3dMQ0pNWVdKdmNtRjBiM0pwWlhNaU9tNTFiR3dzSWtselZtRjBTV1JOWVc1a1lYUnZjbmtpT21aaGJITmxMQ0phYVhCRGIyUmxVbVZuWlhnaU9tNTFiR3dzSWtsa0lqb3dMQ0pKYzBoaGNtUkVaV3hsZEdWa0lqcG1ZV3h6Wlgwc0lrTjFjM1J2YlVacFpXeGtNU0k2Ym5Wc2JDd2lRM1Z6ZEc5dFJtbGxiR1F5SWpwdWRXeHNMQ0pGYldGcGJDSTZiblZzYkN3aVJtRjRJanB1ZFd4c0xDSkdhWEp6ZEU1aGJXVWlPbTUxYkd3c0lrbHVjM1JoYm1ObFUzUmhkSFZ6Ulc1MWJTSTZNQ3dpU1hORVpXWmhkV3gwSWpwbVlXeHpaU3dpU1hORlkyOXRUMjVzZVNJNlptRnNjMlVzSWt4aGMzUk9ZVzFsSWpwdWRXeHNMQ0pNYVc1bE1TSTZiblZzYkN3aVRHbHVaVElpT201MWJHd3NJa3hwYm1VeklqcHVkV3hzTENKTmIySnBiR1VpT201MWJHd3NJbEJvYjI1bElqcHVkV3hzTENKUWFHOXVaVTV2UlhoMElqcHVkV3hzTENKU1pXTnBjR2xsYm5RaU9tNTFiR3dzSWxOMFlYUmxJanA3SWlScFpDSTZJak1pTENKRGIzVnVkSEo1SWpwdWRXeHNMQ0pKYm5OMFlXNWpaVk4wWVhSMWMwVnVkVzBpT2pBc0lsTjBZWFJsUzJWNUlqcHVkV3hzTENKVGRHRjBaVTVoYldVaU9tNTFiR3dzSWxabGNuTnBiMjRpT2pBc0lrbGtJam93TENKSmMwaGhjbVJFWld4bGRHVmtJanBtWVd4elpYMHNJbE4wY21WbGRDSTZiblZzYkN3aVUzUnlaV1YwTWlJNmJuVnNiQ3dpVTNSeVpXVjBNeUk2Ym5Wc2JDd2lWR2wwYkdVaU9tNTFiR3dzSWxaaGRFbGtJanB1ZFd4c0xDSlhaV0p6YVhSbElqcHVkV3hzTENKYWFYQWlPbTUxYkd3c0lrbHpWbUZzYVdSaGRHVmtJanBtWVd4elpTd2lUR0YwYVhSMVpHVWlPbTUxYkd3c0lreHZibWRwZEhWa1pTSTZiblZzYkN3aVNYTkZlR2x6ZEdsdVowSnBiR3hVYnlJNlptRnNjMlVzSWtselVtVmhaRTl1YkhraU9tWmhiSE5sTENKSmMwOXlaR1Z5UTI5d2VTSTZabUZzYzJVc0lrbGtJam93TENKSmMwaGhjbVJFWld4bGRHVmtJanBtWVd4elpYMG5MQ2REYjI1MFpXNTBVR3hoWTJWSWIyeGtaWEpFWldaaGRXeDBYMDFoYzNSbGNsQnNZV05sYUc5c1pHVnlYMmhrYmtGa1pISmxjM05NYVhOMFUyVnNaV04wWldSQlpHUnlaWE56U1dSZlFtbHNiR2x1WnljcE95QnlaWFIxY200Z1ptRnNjMlU3WkFJRkQyUVdBbVlQRHhZQ0h3MEZFVVJ5YjNCaWIzZ2dURzlqWVhScGIyNXpaQllLQWdNUEZnSWZBd1VUVTJWc1pXTjBJSGx2ZFhJZ1pISnZjR0p2ZUdRQ0JROFdBaDhEQlNWRWFYTndiR0Y1SUVSeWIzQkNiM2hsY3lCcGJpQXlNQ0JOYVd4bElISmhibWRsSUc5bVpBSUhEdzhXQWg4REJRWTFOakF3TkRKa1pBSUlEeFVCYVVOdmJuUmxiblJRYkdGalpVaHZiR1JsY2tSbFptRjFiSFJmVFdGemRHVnlVR3hoWTJWb2IyeGtaWEpmZFdORWNtOXdRbTk0WlhOZk4xOXdibXhFY21GbllXSnNaVmRwYm1SdmQwTnZiblJsYm5SZlNXNXNhVzVsVFdWemMyRm5aVU52Ym5SaGFXNWxjbVFDQ1E4UEZnSWZCR2hrRmdZQ0FROFdBaDRGVm1Gc2RXVmtaQUlERHhZQ0h4VUZRM3NpUkdsemRHRnVZMlZKYmxKaFpHbDFjeUk2TWpBc0lsVnVhWFJQWmtScGMzUmhibU5sSWpveUxDSkpibWwwYVdGc1RXRndXbTl2YlV4bGRtVnNJam94Tlgxa0FnY1BGZ0lmRVFMLy8vLy9EMlFDQnc5a0ZnSm1EdzhXQWg4RWFHUVdCQUlLRDJRV0FnSUxEeEJrWkJZQVpBSU1EendyQUJFQ0FSQVdBQllBRmdBTUZDc0FBR1FDQ1E5a0ZnSm1EMlFXQkFJREQyUVdBbVlQRlFFMlUyOXRaU0IyWVd4cFpHRjBhVzl1SUdsemMzVmxJRzlqWTNWeWN5NGdVR3hsWVhObElHTm9aV05ySUhsdmRYSWdhVzV3ZFhRdVpBSUZEdzhXQWg4REJRaFRZWFpsVkdWemRHUmtBaFVQWkJZQ1pnOWtGZ0ptRHhVQnBnWjJZWElnYzJodmQxQnliMmR5WlhOelFtRnlRV1owWlhJOU1qQXdPdzBLZG1GeUlHMWxjM05oWjJWUWNtOW5jbVZ6YzBKaGNqMG5VR3hsWVhObElIZGhhWFF1TGk0bk93MEtkbUZ5SUhCeWIyZHlaWE56UW1GeVZHbDBiR1U5SjFCc1pXRnpaU0IzWVdsMExpNHVKenNOQ25aaGNpQndjbTluY21WemMwSmhja05oYm1ObGJFSjFkSFJ2YmxSbGVIUTlKME5oYm1ObGJDYzdEUXAyWVhJZ1lXeGxjblJOWlhOellXZGxRblYwZEc5dVZHVjRkRDBuVDJzbk93MEtkbUZ5SUdGc1pYSjBUV1Z6YzJGblpWUnBkR3hsUFNkQmJHVnlkQ0JOWlhOellXZGxKenNOQ25aaGNpQnZjR1Z5YjI1VGFYUmxWWEpzUFNjbk93MEtkbUZ5SUdOMWNuSmxiblJUYVhSbFEyOWtaVDBuUlVKRkp6c05DblpoY2lCemRXSkViMjFoYVc0OUoxRkJKenNOQ25aaGNpQndiM0owVG5WdFltVnlQU2M0TVNjN0RRcDJZWElnY0hKbFRHOWhaRWx0WVdkbFRHbHpkRDFiSnk5amMzTXZaWGgwTDJweGRXVnllWFJvWlcxbGN5OXBiV0ZuWlhNdmRXa3RZbWRmWjJ4aGMzTmZOVFZmTVdNeFl6RmpYekY0TkRBd0xuQnVaeWRkT3cwS2RtRnlJSEJ5YVdOcGJtZEVaWFJoYVd4elEyeHZjMlZDZFhSMGIyNVVaWGgwUFNkRGJHOXpaU2M3RFFwMllYSWdRV1JrUW5WMGRHOXVVbVZ6YjNWeVkyVlVaWGgwSUQwZ0owRmtaQ2M3RFFwMllYSWdRMkZ1WTJWc1FuVjBkRzl1VW1WemIzVnlZMlZVWlhoMElEMGdKME5oYm1ObGJDYzdEUXAyWVhJZ1EyeHZjMlZDZFhSMGIyNVNaWE52ZFhKalpWUmxlSFFnUFNBblEyeHZjMlVuT3cwS2RtRnlJRk5oZG1WQ2RYUjBiMjVTWlhOdmRYSmpaVlJsZUhRZ1BTQW5VMkYyWlNjN0RRcDJZWElnVG05Q2RYUjBiMjVTWlhOdmRYSmpaVlJsZUhRZ1BTQW5UbThuT3cwS2RtRnlJRmxsYzBKMWRIUnZibEpsYzI5MWNtTmxWR1Y0ZENBOUlDZFpaWE1uT3cwS2RtRnlJRlJvYVdOclFtOTRRMnh2YzJWVVpYaDBVbVZ6YjNWeVkyVWdQU0FuYjNJZ1JYTmpJRXRsZVNjN0RRcDJZWElnVkdocFkydENiM2hEYkc5elpVeHBibXRTWlhOdmRYSmpaU0E5SUNkamJHOXpaU2M3RFFwMllYSWdaR1Z3Ykc5NWJXVnVkRVZ1ZG1seWIyNXRaVzUwSUQwZ0oxRkJKenNOQ21RWUJBVWVYMTlEYjI1MGNtOXNjMUpsY1hWcGNtVlFiM04wUW1GamEwdGxlVjlmRmdJRmNtTjBiREF3SkdOMGJEQXdKR04wYkRBd0pFTnZiblJsYm5SUWJHRmpaVWh2YkdSbGNrUmxabUYxYkhRa1RXRnpkR1Z5VUd4aFkyVm9iMnhrWlhJa1FXUmtjbVZ6YzB4cGMzUmZOU1JuZGtGa1pISmxjM05NYVhOMEpHTjBiREF5SkhKa1luUnVVMlZzWldOMFFXUmtjbVZ6Y3dWeVkzUnNNREFrWTNSc01EQWtZM1JzTURBa1EyOXVkR1Z1ZEZCc1lXTmxTRzlzWkdWeVJHVm1ZWFZzZENSTllYTjBaWEpRYkdGalpXaHZiR1JsY2lSQlpHUnlaWE56VEdsemRGODJKR2QyUVdSa2NtVnpjMHhwYzNRa1kzUnNNRElrY21SaWRHNVRaV3hsWTNSQlpHUnlaWE56QlZsamRHd3dNQ1JqZEd3d01DUmpkR3d3TUNSRGIyNTBaVzUwVUd4aFkyVkliMnhrWlhKRVpXWmhkV3gwSkUxaGMzUmxjbEJzWVdObGFHOXNaR1Z5SkVGa1pISmxjM05NYVhOMFh6Z2taM1pCWkdSeVpYTnpUR2x6ZEE5blpBVlpZM1JzTURBa1kzUnNNREFrWTNSc01EQWtRMjl1ZEdWdWRGQnNZV05sU0c5c1pHVnlSR1ZtWVhWc2RDUk5ZWE4wWlhKUWJHRmpaV2h2YkdSbGNpUkJaR1J5WlhOelRHbHpkRjgySkdkMlFXUmtjbVZ6YzB4cGMzUVBQQ3NBREFFSUFnRmtCVmxqZEd3d01DUmpkR3d3TUNSamRHd3dNQ1JEYjI1MFpXNTBVR3hoWTJWSWIyeGtaWEpFWldaaGRXeDBKRTFoYzNSbGNsQnNZV05sYUc5c1pHVnlKRUZrWkhKbGMzTk1hWE4wWHpVa1ozWkJaR1J5WlhOelRHbHpkQTg4S3dBTUFRZ0NBV1RFVUVNZ2daMzJuN3VnYmVLcWxVN0VVZjNHcy9yM1RucWRrWWc0Tnh5cE1BPT0iIENvcnJlbGF0aW9uQmluZGluZz0iIiBVcmxFbmNvZGU9IlRydWUiIC8+DQogICAgICAgIDxGb3JtUG9zdFBhcmFtZXRlciBOYW1lPSJjdGwwMCRjdGwwMCRjdGwwMCRDb250ZW50UGxhY2VIb2xkZXJEZWZhdWx0JFRvcExvZ2dlZEluXzEkaGRuU2NyZWVuQXJlYSIgVmFsdWU9Int7JEhJRERFTjEuY3RsMDAkY3RsMDAkY3RsMDAkQ29udGVudFBsYWNlSG9sZGVyRGVmYXVsdCRUb3BMb2dnZWRJbl8xJGhkblNjcmVlbkFyZWF9fSIgUmVjb3JkZWRWYWx1ZT0iIiBDb3JyZWxhdGlvbkJpbmRpbmc9IiIgVXJsRW5jb2RlPSJUcnVlIiAvPg0KICAgICAgICA8Rm9ybVBvc3RQYXJhbWV0ZXIgTmFtZT0iY3RsMDAkY3RsMDAkY3RsMDAkQ29udGVudFBsYWNlSG9sZGVyRGVmYXVsdCRDYXJ0T3ZlcnZpZXdfMyRoZG5GaWVsZFNlbGVjdGVkT3JkZXJJdGVtQ2hlY2tvdXRTdGF0ZXMiIFZhbHVlPSJ7eyRISURERU4xLmN0bDAwJGN0bDAwJGN0bDAwJENvbnRlbnRQbGFjZUhvbGRlckRlZmF1bHQkQ2FydE92ZXJ2aWV3XzMkaGRuRmllbGRTZWxlY3RlZE9yZGVySXRlbUNoZWNrb3V0U3RhdGVzfX0iIFJlY29yZGVkVmFsdWU9IiIgQ29ycmVsYXRpb25CaW5kaW5nPSIiIFVybEVuY29kZT0iVHJ1ZSIgLz4NCiAgICAgICAgPEZvcm1Qb3N0UGFyYW1ldGVyIE5hbWU9ImN0bDAwJGN0bDAwJGN0bDAwJENvbnRlbnRQbGFjZUhvbGRlckRlZmF1bHQkQ2FydE92ZXJ2aWV3XzMkaGRuRmllbGRDb21wbGV0ZUNhcnRDaGVja291dFN0YXRlRW51bXMiIFZhbHVlPSJ7eyRISURERU4xLmN0bDAwJGN0bDAwJGN0bDAwJENvbnRlbnRQbGFjZUhvbGRlckRlZmF1bHQkQ2FydE92ZXJ2aWV3XzMkaGRuRmllbGRDb21wbGV0ZUNhcnRDaGVja291dFN0YXRlRW51bXN9fSIgUmVjb3JkZWRWYWx1ZT0iIiBDb3JyZWxhdGlvbkJpbmRpbmc9IiIgVXJsRW5jb2RlPSJUcnVlIiAvPg0KICAgICAgICA8Rm9ybVBvc3RQYXJhbWV0ZXIgTmFtZT0iY3RsMDAkY3RsMDAkY3RsMDAkQ29udGVudFBsYWNlSG9sZGVyRGVmYXVsdCRDYXJ0T3ZlcnZpZXdfMyRoZG5GaWVsZFNlbGVjdGVkSXRlbUlkcyIgVmFsdWU9Int7JEhJRERFTjEuY3RsMDAkY3RsMDAkY3RsMDAkQ29udGVudFBsYWNlSG9sZGVyRGVmYXVsdCRDYXJ0T3ZlcnZpZXdfMyRoZG5GaWVsZFNlbGVjdGVkSXRlbUlkc319IiBSZWNvcmRlZFZhbHVlPSIiIENvcnJlbGF0aW9uQmluZGluZz0iIiBVcmxFbmNvZGU9IlRydWUiIC8+DQogICAgICAgIDxGb3JtUG9zdFBhcmFtZXRlciBOYW1lPSJjdGwwMCRjdGwwMCRjdGwwMCRDb250ZW50UGxhY2VIb2xkZXJEZWZhdWx0JENhcnRPdmVydmlld18zJGhkblNjcmVlbkFyZWEiIFZhbHVlPSJ7eyRISURERU4xLmN0bDAwJGN0bDAwJGN0bDAwJENvbnRlbnRQbGFjZUhvbGRlckRlZmF1bHQkQ2FydE92ZXJ2aWV3XzMkaGRuU2NyZWVuQXJlYX19IiBSZWNvcmRlZFZhbHVlPSIiIENvcnJlbGF0aW9uQmluZGluZz0iIiBVcmxFbmNvZGU9IlRydWUiIC8+DQogICAgICAgIDxGb3JtUG9zdFBhcmFtZXRlciBOYW1lPSJjdGwwMCRjdGwwMCRjdGwwMCRDb250ZW50UGxhY2VIb2xkZXJEZWZhdWx0JE1hc3RlclBsYWNlaG9sZGVyJEFkZHJlc3NMaXN0XzUkaGRuQWRkcmVzc1R5cGVFbnVtIiBWYWx1ZT0ie3skSElEREVOMS5jdGwwMCRjdGwwMCRjdGwwMCRDb250ZW50UGxhY2VIb2xkZXJEZWZhdWx0JE1hc3RlclBsYWNlaG9sZGVyJEFkZHJlc3NMaXN0XzUkaGRuQWRkcmVzc1R5cGVFbnVtfX0iIFJlY29yZGVkVmFsdWU9IlNoaXBwaW5nIiBDb3JyZWxhdGlvbkJpbmRpbmc9IiIgVXJsRW5jb2RlPSJUcnVlIiAvPg0KICAgICAgICA8Rm9ybVBvc3RQYXJhbWV0ZXIgTmFtZT0iY3RsMDAkY3RsMDAkY3RsMDAkQ29udGVudFBsYWNlSG9sZGVyRGVmYXVsdCRNYXN0ZXJQbGFjZWhvbGRlciRBZGRyZXNzTGlzdF81JGhkblNlbGVjdGVkQWRkcmVzc0lkIiBWYWx1ZT0ie3skSElEREVOMS5jdGwwMCRjdGwwMCRjdGwwMCRDb250ZW50UGxhY2VIb2xkZXJEZWZhdWx0JE1hc3RlclBsYWNlaG9sZGVyJEFkZHJlc3NMaXN0XzUkaGRuU2VsZWN0ZWRBZGRyZXNzSWR9fSIgUmVjb3JkZWRWYWx1ZT0iMTI1NzkzIiBDb3JyZWxhdGlvbkJpbmRpbmc9IiIgVXJsRW5jb2RlPSJUcnVlIiAvPg0KICAgICAgICA8Rm9ybVBvc3RQYXJhbWV0ZXIgTmFtZT0iY3RsMDAkY3RsMDAkY3RsMDAkQ29udGVudFBsYWNlSG9sZGVyRGVmYXVsdCRNYXN0ZXJQbGFjZWhvbGRlciRBZGRyZXNzTGlzdF81JGd2QWRkcmVzc0xpc3QkY3RsMDIkcmRidG5TZWxlY3RBZGRyZXNzIiBWYWx1ZT0icmRidG5TZWxlY3RBZGRyZXNzIiBSZWNvcmRlZFZhbHVlPSJyZGJ0blNlbGVjdEFkZHJlc3MiIENvcnJlbGF0aW9uQmluZGluZz0ie3tGb3JtUG9zdFBhcmFtMjAuY3RsMDAkY3RsMDAkY3RsMDAkQ29udGVudFBsYWNlSG9sZGVyRGVmYXVsdCRNYXN0ZXJQbGFjZWhvbGRlciRBZGRyZXNzTGlzdF81JGd2QWRkcmVzc0xpc3QkY3RsMDIkcmRidG5TZWxlY3RBZGRyZXNzfX0iIFVybEVuY29kZT0iVHJ1ZSIgLz4NCiAgICAgICAgPEZvcm1Qb3N0UGFyYW1ldGVyIE5hbWU9ImN0bDAwJGN0bDAwJGN0bDAwJENvbnRlbnRQbGFjZUhvbGRlckRlZmF1bHQkTWFzdGVyUGxhY2Vob2xkZXIkQWRkcmVzc0xpc3RfNSRoZG5fQ29udGVudFBsYWNlSG9sZGVyRGVmYXVsdF9NYXN0ZXJQbGFjZWhvbGRlcl9BZGRyZXNzTGlzdF81X3BubERyYWdhYmxlV2luZG93Q29udGVudF9HZXREYXRhUXVlcnkiIFZhbHVlPSJ7eyRISURERU4xLmN0bDAwJGN0bDAwJGN0bDAwJENvbnRlbnRQbGFjZUhvbGRlckRlZmF1bHQkTWFzdGVyUGxhY2Vob2xkZXIkQWRkcmVzc0xpc3RfNSRoZG5fQ29udGVudFBsYWNlSG9sZGVyRGVmYXVsdF9NYXN0ZXJQbGFjZWhvbGRlcl9BZGRyZXNzTGlzdF81X3BubERyYWdhYmxlV2luZG93Q29udGVudF9HZXREYXRhUXVlcnl9fSIgUmVjb3JkZWRWYWx1ZT0ieyZxdW90O0FkZHJlc3NUeXBlRW51bSZxdW90OzomcXVvdDtTaGlwcGluZyZxdW90OywmcXVvdDtDb250cm9sTmFtZSZxdW90OzomcXVvdDtBZGRyZXNzTGlzdCZxdW90OywmcXVvdDtBY3Rpb24mcXVvdDs6JnF1b3Q7R2V0RGF0YSZxdW90OywmcXVvdDtTZWxlY3RlZEFkZHJlc3NJZCZxdW90OzoxMjU3OTMsJnF1b3Q7V2luZG93U2VsZWN0ZWRBZGRyZXNzSGlkZGVuRmllbGRDbGllbnRJZCZxdW90OzomcXVvdDtDb250ZW50UGxhY2VIb2xkZXJEZWZhdWx0X01hc3RlclBsYWNlaG9sZGVyX2hkbkFkZHJlc3NMaXN0U2VsZWN0ZWRBZGRyZXNzSWRfU2hpcHBpbmcmcXVvdDt9IiBDb3JyZWxhdGlvbkJpbmRpbmc9IiIgVXJsRW5jb2RlPSJUcnVlIiAvPg0KICAgICAgICA8Rm9ybVBvc3RQYXJhbWV0ZXIgTmFtZT0iY3RsMDAkY3RsMDAkY3RsMDAkQ29udGVudFBsYWNlSG9sZGVyRGVmYXVsdCRNYXN0ZXJQbGFjZWhvbGRlciRBZGRyZXNzTGlzdF81JGhkbl9Db250ZW50UGxhY2VIb2xkZXJEZWZhdWx0X01hc3RlclBsYWNlaG9sZGVyX0FkZHJlc3NMaXN0XzVfcG5sRHJhZ2FibGVXaW5kb3dDb250ZW50X1N0YW5kQWxvbmVJZCIgVmFsdWU9Int7JEhJRERFTjEuY3RsMDAkY3RsMDAkY3RsMDAkQ29udGVudFBsYWNlSG9sZGVyRGVmYXVsdCRNYXN0ZXJQbGFjZWhvbGRlciRBZGRyZXNzTGlzdF81JGhkbl9Db250ZW50UGxhY2VIb2xkZXJEZWZhdWx0X01hc3RlclBsYWNlaG9sZGVyX0FkZHJlc3NMaXN0XzVfcG5sRHJhZ2FibGVXaW5kb3dDb250ZW50X1N0YW5kQWxvbmVJZH19IiBSZWNvcmRlZFZhbHVlPSJTdGFuZEFsb25lU2F2ZSIgQ29ycmVsYXRpb25CaW5kaW5nPSIiIFVybEVuY29kZT0iVHJ1ZSIgLz4NCiAgICAgICAgPEZvcm1Qb3N0UGFyYW1ldGVyIE5hbWU9ImN0bDAwJGN0bDAwJGN0bDAwJENvbnRlbnRQbGFjZUhvbGRlckRlZmF1bHQkTWFzdGVyUGxhY2Vob2xkZXIkQWRkcmVzc0xpc3RfNSRoZG5TY3JlZW5BcmVhIiBWYWx1ZT0ie3skSElEREVOMS5jdGwwMCRjdGwwMCRjdGwwMCRDb250ZW50UGxhY2VIb2xkZXJEZWZhdWx0JE1hc3RlclBsYWNlaG9sZGVyJEFkZHJlc3NMaXN0XzUkaGRuU2NyZWVuQXJlYX19IiBSZWNvcmRlZFZhbHVlPSIiIENvcnJlbGF0aW9uQmluZGluZz0iIiBVcmxFbmNvZGU9IlRydWUiIC8+DQogICAgICAgIDxGb3JtUG9zdFBhcmFtZXRlciBOYW1lPSJjdGwwMCRjdGwwMCRjdGwwMCRDb250ZW50UGxhY2VIb2xkZXJEZWZhdWx0JE1hc3RlclBsYWNlaG9sZGVyJGhkbkFkZHJlc3NMaXN0U2VsZWN0ZWRBZGRyZXNzSWRfU2hpcHBpbmciIFZhbHVlPSJ7eyRISURERU4xLmN0bDAwJGN0bDAwJGN0bDAwJENvbnRlbnRQbGFjZUhvbGRlckRlZmF1bHQkTWFzdGVyUGxhY2Vob2xkZXIkaGRuQWRkcmVzc0xpc3RTZWxlY3RlZEFkZHJlc3NJZF9TaGlwcGluZ319IiBSZWNvcmRlZFZhbHVlPSIxMjU3OTMiIENvcnJlbGF0aW9uQmluZGluZz0iIiBVcmxFbmNvZGU9IlRydWUiIC8+DQogICAgICAgIDxGb3JtUG9zdFBhcmFtZXRlciBOYW1lPSJjdGwwMCRjdGwwMCRjdGwwMCRDb250ZW50UGxhY2VIb2xkZXJEZWZhdWx0JE1hc3RlclBsYWNlaG9sZGVyJEFkZHJlc3NMaXN0XzYkaGRuQWRkcmVzc1R5cGVFbnVtIiBWYWx1ZT0ie3skSElEREVOMS5jdGwwMCRjdGwwMCRjdGwwMCRDb250ZW50UGxhY2VIb2xkZXJEZWZhdWx0JE1hc3RlclBsYWNlaG9sZGVyJEFkZHJlc3NMaXN0XzYkaGRuQWRkcmVzc1R5cGVFbnVtfX0iIFJlY29yZGVkVmFsdWU9IkJpbGxpbmciIENvcnJlbGF0aW9uQmluZGluZz0iIiBVcmxFbmNvZGU9IlRydWUiIC8+DQogICAgICAgIDxGb3JtUG9zdFBhcmFtZXRlciBOYW1lPSJjdGwwMCRjdGwwMCRjdGwwMCRDb250ZW50UGxhY2VIb2xkZXJEZWZhdWx0JE1hc3RlclBsYWNlaG9sZGVyJEFkZHJlc3NMaXN0XzYkaGRuU2VsZWN0ZWRBZGRyZXNzSWQiIFZhbHVlPSJ7eyRISURERU4xLmN0bDAwJGN0bDAwJGN0bDAwJENvbnRlbnRQbGFjZUhvbGRlckRlZmF1bHQkTWFzdGVyUGxhY2Vob2xkZXIkQWRkcmVzc0xpc3RfNiRoZG5TZWxlY3RlZEFkZHJlc3NJZH19IiBSZWNvcmRlZFZhbHVlPSIxMjU3OTQiIENvcnJlbGF0aW9uQmluZGluZz0iIiBVcmxFbmNvZGU9IlRydWUiIC8+DQogICAgICAgIDxGb3JtUG9zdFBhcmFtZXRlciBOYW1lPSJjdGwwMCRjdGwwMCRjdGwwMCRDb250ZW50UGxhY2VIb2xkZXJEZWZhdWx0JE1hc3RlclBsYWNlaG9sZGVyJEFkZHJlc3NMaXN0XzYkZ3ZBZGRyZXNzTGlzdCRjdGwwMiRyZGJ0blNlbGVjdEFkZHJlc3MiIFZhbHVlPSJyZGJ0blNlbGVjdEFkZHJlc3MiIFJlY29yZGVkVmFsdWU9InJkYnRuU2VsZWN0QWRkcmVzcyIgQ29ycmVsYXRpb25CaW5kaW5nPSJ7e0Zvcm1Qb3N0UGFyYW0yMS5jdGwwMCRjdGwwMCRjdGwwMCRDb250ZW50UGxhY2VIb2xkZXJEZWZhdWx0JE1hc3RlclBsYWNlaG9sZGVyJEFkZHJlc3NMaXN0XzYkZ3ZBZGRyZXNzTGlzdCRjdGwwMiRyZGJ0blNlbGVjdEFkZHJlc3N9fSIgVXJsRW5jb2RlPSJUcnVlIiAvPg0KICAgICAgICA8Rm9ybVBvc3RQYXJhbWV0ZXIgTmFtZT0iY3RsMDAkY3RsMDAkY3RsMDAkQ29udGVudFBsYWNlSG9sZGVyRGVmYXVsdCRNYXN0ZXJQbGFjZWhvbGRlciRBZGRyZXNzTGlzdF82JGhkbl9Db250ZW50UGxhY2VIb2xkZXJEZWZhdWx0X01hc3RlclBsYWNlaG9sZGVyX0FkZHJlc3NMaXN0XzZfcG5sRHJhZ2FibGVXaW5kb3dDb250ZW50X0dldERhdGFRdWVyeSIgVmFsdWU9Int7JEhJRERFTjEuY3RsMDAkY3RsMDAkY3RsMDAkQ29udGVudFBsYWNlSG9sZGVyRGVmYXVsdCRNYXN0ZXJQbGFjZWhvbGRlciRBZGRyZXNzTGlzdF82JGhkbl9Db250ZW50UGxhY2VIb2xkZXJEZWZhdWx0X01hc3RlclBsYWNlaG9sZGVyX0FkZHJlc3NMaXN0XzZfcG5sRHJhZ2FibGVXaW5kb3dDb250ZW50X0dldERhdGFRdWVyeX19IiBSZWNvcmRlZFZhbHVlPSJ7JnF1b3Q7QWRkcmVzc1R5cGVFbnVtJnF1b3Q7OiZxdW90O0JpbGxpbmcmcXVvdDssJnF1b3Q7Q29udHJvbE5hbWUmcXVvdDs6JnF1b3Q7QWRkcmVzc0xpc3QmcXVvdDssJnF1b3Q7QWN0aW9uJnF1b3Q7OiZxdW90O0dldERhdGEmcXVvdDssJnF1b3Q7U2VsZWN0ZWRBZGRyZXNzSWQmcXVvdDs6MTI1Nzk0LCZxdW90O1dpbmRvd1NlbGVjdGVkQWRkcmVzc0hpZGRlbkZpZWxkQ2xpZW50SWQmcXVvdDs6JnF1b3Q7Q29udGVudFBsYWNlSG9sZGVyRGVmYXVsdF9NYXN0ZXJQbGFjZWhvbGRlcl9oZG5BZGRyZXNzTGlzdFNlbGVjdGVkQWRkcmVzc0lkX0JpbGxpbmcmcXVvdDt9IiBDb3JyZWxhdGlvbkJpbmRpbmc9IiIgVXJsRW5jb2RlPSJUcnVlIiAvPg0KICAgICAgICA8Rm9ybVBvc3RQYXJhbWV0ZXIgTmFtZT0iY3RsMDAkY3RsMDAkY3RsMDAkQ29udGVudFBsYWNlSG9sZGVyRGVmYXVsdCRNYXN0ZXJQbGFjZWhvbGRlciRBZGRyZXNzTGlzdF82JGhkbl9Db250ZW50UGxhY2VIb2xkZXJEZWZhdWx0X01hc3RlclBsYWNlaG9sZGVyX0FkZHJlc3NMaXN0XzZfcG5sRHJhZ2FibGVXaW5kb3dDb250ZW50X1N0YW5kQWxvbmVJZCIgVmFsdWU9Int7JEhJRERFTjEuY3RsMDAkY3RsMDAkY3RsMDAkQ29udGVudFBsYWNlSG9sZGVyRGVmYXVsdCRNYXN0ZXJQbGFjZWhvbGRlciRBZGRyZXNzTGlzdF82JGhkbl9Db250ZW50UGxhY2VIb2xkZXJEZWZhdWx0X01hc3RlclBsYWNlaG9sZGVyX0FkZHJlc3NMaXN0XzZfcG5sRHJhZ2FibGVXaW5kb3dDb250ZW50X1N0YW5kQWxvbmVJZH19IiBSZWNvcmRlZFZhbHVlPSJTdGFuZEFsb25lU2F2ZSIgQ29ycmVsYXRpb25CaW5kaW5nPSIiIFVybEVuY29kZT0iVHJ1ZSIgLz4NCiAgICAgICAgPEZvcm1Qb3N0UGFyYW1ldGVyIE5hbWU9ImN0bDAwJGN0bDAwJGN0bDAwJENvbnRlbnRQbGFjZUhvbGRlckRlZmF1bHQkTWFzdGVyUGxhY2Vob2xkZXIkQWRkcmVzc0xpc3RfNiRoZG5TY3JlZW5BcmVhIiBWYWx1ZT0ie3skSElEREVOMS5jdGwwMCRjdGwwMCRjdGwwMCRDb250ZW50UGxhY2VIb2xkZXJEZWZhdWx0JE1hc3RlclBsYWNlaG9sZGVyJEFkZHJlc3NMaXN0XzYkaGRuU2NyZWVuQXJlYX19IiBSZWNvcmRlZFZhbHVlPSIiIENvcnJlbGF0aW9uQmluZGluZz0iIiBVcmxFbmNvZGU9IlRydWUiIC8+DQogICAgICAgIDxGb3JtUG9zdFBhcmFtZXRlciBOYW1lPSJjdGwwMCRjdGwwMCRjdGwwMCRDb250ZW50UGxhY2VIb2xkZXJEZWZhdWx0JE1hc3RlclBsYWNlaG9sZGVyJGhkbkFkZHJlc3NMaXN0U2VsZWN0ZWRBZGRyZXNzSWRfQmlsbGluZyIgVmFsdWU9Int7JEhJRERFTjEuY3RsMDAkY3RsMDAkY3RsMDAkQ29udGVudFBsYWNlSG9sZGVyRGVmYXVsdCRNYXN0ZXJQbGFjZWhvbGRlciRoZG5BZGRyZXNzTGlzdFNlbGVjdGVkQWRkcmVzc0lkX0JpbGxpbmd9fSIgUmVjb3JkZWRWYWx1ZT0iMTI1Nzk0IiBDb3JyZWxhdGlvbkJpbmRpbmc9IiIgVXJsRW5jb2RlPSJUcnVlIiAvPg0KICAgICAgICA8Rm9ybVBvc3RQYXJhbWV0ZXIgTmFtZT0iY3RsMDAkY3RsMDAkY3RsMDAkQ29udGVudFBsYWNlSG9sZGVyRGVmYXVsdCRNYXN0ZXJQbGFjZWhvbGRlciR1Y0Ryb3BCb3hlc183JGhkbl9Db250ZW50UGxhY2VIb2xkZXJEZWZhdWx0X01hc3RlclBsYWNlaG9sZGVyX3VjRHJvcEJveGVzXzdfcG5sRHJhZ2FibGVXaW5kb3dDb250ZW50X1N0YW5kQWxvbmVJZCIgVmFsdWU9Int7JEhJRERFTjEuY3RsMDAkY3RsMDAkY3RsMDAkQ29udGVudFBsYWNlSG9sZGVyRGVmYXVsdCRNYXN0ZXJQbGFjZWhvbGRlciR1Y0Ryb3BCb3hlc183JGhkbl9Db250ZW50UGxhY2VIb2xkZXJEZWZhdWx0X01hc3RlclBsYWNlaG9sZGVyX3VjRHJvcEJveGVzXzdfcG5sRHJhZ2FibGVXaW5kb3dDb250ZW50X1N0YW5kQWxvbmVJZH19IiBSZWNvcmRlZFZhbHVlPSJTdGFuZEFsb25lU2F2ZSIgQ29ycmVsYXRpb25CaW5kaW5nPSIiIFVybEVuY29kZT0iVHJ1ZSIgLz4NCiAgICAgICAgPEZvcm1Qb3N0UGFyYW1ldGVyIE5hbWU9ImN0bDAwJGN0bDAwJGN0bDAwJENvbnRlbnRQbGFjZUhvbGRlckRlZmF1bHQkTWFzdGVyUGxhY2Vob2xkZXIkdWNEcm9wQm94ZXNfNyRoZG5TY3JlZW5BcmVhIiBWYWx1ZT0ie3skSElEREVOMS5jdGwwMCRjdGwwMCRjdGwwMCRDb250ZW50UGxhY2VIb2xkZXJEZWZhdWx0JE1hc3RlclBsYWNlaG9sZGVyJHVjRHJvcEJveGVzXzckaGRuU2NyZWVuQXJlYX19IiBSZWNvcmRlZFZhbHVlPSIiIENvcnJlbGF0aW9uQmluZGluZz0iIiBVcmxFbmNvZGU9IlRydWUiIC8+DQogICAgICAgIDxGb3JtUG9zdFBhcmFtZXRlciBOYW1lPSJjdGwwMCRjdGwwMCRjdGwwMCRDb250ZW50UGxhY2VIb2xkZXJEZWZhdWx0JE1hc3RlclBsYWNlaG9sZGVyJGhkbkFkZHJlc3NMaXN0U2VsZWN0ZWRBZGRyZXNzSWRfUGlja1VwIiBWYWx1ZT0ie3skSElEREVOMS5jdGwwMCRjdGwwMCRjdGwwMCRDb250ZW50UGxhY2VIb2xkZXJEZWZhdWx0JE1hc3RlclBsYWNlaG9sZGVyJGhkbkFkZHJlc3NMaXN0U2VsZWN0ZWRBZGRyZXNzSWRfUGlja1VwfX0iIFJlY29yZGVkVmFsdWU9IiIgQ29ycmVsYXRpb25CaW5kaW5nPSIiIFVybEVuY29kZT0iVHJ1ZSIgLz4NCiAgICAgICAgPEZvcm1Qb3N0UGFyYW1ldGVyIE5hbWU9ImN0bDAwJGN0bDAwJGN0bDAwJENvbnRlbnRQbGFjZUhvbGRlckRlZmF1bHQkTWFzdGVyUGxhY2Vob2xkZXIkdWNTYXZlQnV0dG9uXzkkaGRuX0NvbnRlbnRQbGFjZUhvbGRlckRlZmF1bHRfTWFzdGVyUGxhY2Vob2xkZXJfdWNTYXZlQnV0dG9uXzlfcG5sRHJhZ2FibGVXaW5kb3dDb250ZW50X1N0YW5kQWxvbmVJZCIgVmFsdWU9Int7JEhJRERFTjEuY3RsMDAkY3RsMDAkY3RsMDAkQ29udGVudFBsYWNlSG9sZGVyRGVmYXVsdCRNYXN0ZXJQbGFjZWhvbGRlciR1Y1NhdmVCdXR0b25fOSRoZG5fQ29udGVudFBsYWNlSG9sZGVyRGVmYXVsdF9NYXN0ZXJQbGFjZWhvbGRlcl91Y1NhdmVCdXR0b25fOV9wbmxEcmFnYWJsZVdpbmRvd0NvbnRlbnRfU3RhbmRBbG9uZUlkfX0iIFJlY29yZGVkVmFsdWU9IlN0YW5kQWxvbmVTYXZlIiBDb3JyZWxhdGlvbkJpbmRpbmc9IiIgVXJsRW5jb2RlPSJUcnVlIiAvPg0KICAgICAgICA8Rm9ybVBvc3RQYXJhbWV0ZXIgTmFtZT0iY3RsMDAkY3RsMDAkY3RsMDAkQ29udGVudFBsYWNlSG9sZGVyRGVmYXVsdCRNYXN0ZXJQbGFjZWhvbGRlciR1Y1NhdmVCdXR0b25fOSRoZG5TY3JlZW5BcmVhIiBWYWx1ZT0ie3skSElEREVOMS5jdGwwMCRjdGwwMCRjdGwwMCRDb250ZW50UGxhY2VIb2xkZXJEZWZhdWx0JE1hc3RlclBsYWNlaG9sZGVyJHVjU2F2ZUJ1dHRvbl85JGhkblNjcmVlbkFyZWF9fSIgUmVjb3JkZWRWYWx1ZT0iIiBDb3JyZWxhdGlvbkJpbmRpbmc9IiIgVXJsRW5jb2RlPSJUcnVlIiAvPg0KICAgICAgICA8Rm9ybVBvc3RQYXJhbWV0ZXIgTmFtZT0iY3RsMDAkY3RsMDAkY3RsMDAkQ29udGVudFBsYWNlSG9sZGVyRGVmYXVsdCRoZG5DYW5Jbml0aWFsaXplQ3VsdHVyZSIgVmFsdWU9Int7JEhJRERFTjEuY3RsMDAkY3RsMDAkY3RsMDAkQ29udGVudFBsYWNlSG9sZGVyRGVmYXVsdCRoZG5DYW5Jbml0aWFsaXplQ3VsdHVyZX19IiBSZWNvcmRlZFZhbHVlPSJmYWxzZSIgQ29ycmVsYXRpb25CaW5kaW5nPSIiIFVybEVuY29kZT0iVHJ1ZSIgLz4NCiAgICAgICAgPEZvcm1Qb3N0UGFyYW1ldGVyIE5hbWU9ImN0bDAwJGN0bDAwJGN0bDAwJENvbnRlbnRQbGFjZUhvbGRlckRlZmF1bHQkaGRuRWNvbURyYWdEcm9wSnNvbiIgVmFsdWU9Int7JEhJRERFTjEuY3RsMDAkY3RsMDAkY3RsMDAkQ29udGVudFBsYWNlSG9sZGVyRGVmYXVsdCRoZG5FY29tRHJhZ0Ryb3BKc29ufX0iIFJlY29yZGVkVmFsdWU9IiIgQ29ycmVsYXRpb25CaW5kaW5nPSIiIFVybEVuY29kZT0iVHJ1ZSIgLz4NCiAgICAgICAgPEZvcm1Qb3N0UGFyYW1ldGVyIE5hbWU9ImN0bDAwJGN0bDAwJGN0bDAwJENvbnRlbnRQbGFjZUhvbGRlckRlZmF1bHQkaGRuQ3VycmVudFBhZ2VJZGVudGl0eSIgVmFsdWU9Int7JEhJRERFTjEuY3RsMDAkY3RsMDAkY3RsMDAkQ29udGVudFBsYWNlSG9sZGVyRGVmYXVsdCRoZG5DdXJyZW50UGFnZUlkZW50aXR5fX0iIFJlY29yZGVkVmFsdWU9IjEzMjkiIENvcnJlbGF0aW9uQmluZGluZz0iIiBVcmxFbmNvZGU9IlRydWUiIC8+DQogICAgICAgIDxGb3JtUG9zdFBhcmFtZXRlciBOYW1lPSJjdGwwMCRjdGwwMCRjdGwwMCRDb250ZW50UGxhY2VIb2xkZXJEZWZhdWx0JGhkblNjcm9sbFlQb3NpdGlvbiIgVmFsdWU9Int7JEhJRERFTjEuY3RsMDAkY3RsMDAkY3RsMDAkQ29udGVudFBsYWNlSG9sZGVyRGVmYXVsdCRoZG5TY3JvbGxZUG9zaXRpb259fSIgUmVjb3JkZWRWYWx1ZT0iMCIgQ29ycmVsYXRpb25CaW5kaW5nPSIiIFVybEVuY29kZT0iVHJ1ZSIgLz4NCiAgICAgICAgPEZvcm1Qb3N0UGFyYW1ldGVyIE5hbWU9Il9fVklFV1NUQVRFR0VORVJBVE9SIiBWYWx1ZT0ie3skSElEREVOMS5fX1ZJRVdTVEFURUdFTkVSQVRPUn19IiBSZWNvcmRlZFZhbHVlPSJDQTBCMDMzNCIgQ29ycmVsYXRpb25CaW5kaW5nPSIiIFVybEVuY29kZT0iVHJ1ZSIgLz4NCiAgICAgIDwvRm9ybVBvc3RIdHRwQm9keT4NCiAgICA8L1JlcXVlc3Q+DQogICAgPFJlcXVlc3QgTWV0aG9kPSJHRVQiIEd1aWQ9Ijg4YjlhYzQ4LTU4N2MtNDg0My05M2M2LTMxZjQwMGM5NDIwOCIgVmVyc2lvbj0iMS4xIiBVcmw9Imh0dHBzOi8vbWFwcy5nb29nbGVhcGlzLmNvbS9tYXBzL2FwaS9qcy9BdXRoZW50aWNhdGlvblNlcnZpY2UuQXV0aGVudGljYXRlIiBUaGlua1RpbWU9IjExIiBUaW1lb3V0PSIzMDAiIFBhcnNlRGVwZW5kZW50UmVxdWVzdHM9IlRydWUiIEZvbGxvd1JlZGlyZWN0cz0iVHJ1ZSIgUmVjb3JkUmVzdWx0PSJUcnVlIiBDYWNoZT0iRmFsc2UiIFJlc3BvbnNlVGltZUdvYWw9IjAiIEVuY29kaW5nPSJ1dGYtOCIgRXhwZWN0ZWRIdHRwU3RhdHVzQ29kZT0iMCIgRXhwZWN0ZWRSZXNwb25zZVVybD0iIiBSZXBvcnRpbmdOYW1lPSIiIElnbm9yZUh0dHBTdGF0dXNDb2RlPSJGYWxzZSI+DQogICAgICA8SGVhZGVycz4NCiAgICAgICAgPEhlYWRlciBOYW1lPSJSZWZlcmVyIiBWYWx1ZT0iaHR0cDovL2luMDFhcHYxMTo4MS9lbi9kYXNoYm9hcmQuYXNweCIgLz4NCiAgICAgIDwvSGVhZGVycz4NCiAgICAgIDxRdWVyeVN0cmluZ1BhcmFtZXRlcnM+DQogICAgICAgIDxRdWVyeVN0cmluZ1BhcmFtZXRlciBOYW1lPSIiIFZhbHVlPSIxc2h0dHAlM0ElMkYlMkZpbjAxYXB2MTElM0E4MSUyRmVuJTJGZGFzaGJvYXJkLmFzcHgiIFJlY29yZGVkVmFsdWU9IjFzaHR0cCUzQSUyRiUyRmluMDFhcHYxMSUzQTgxJTJGZW4lMkZkYXNoYm9hcmQuYXNweCIgQ29ycmVsYXRpb25CaW5kaW5nPSIiIFVybEVuY29kZT0iRmFsc2UiIFVzZVRvR3JvdXBSZXN1bHRzPSJGYWxzZSIgLz4NCiAgICAgICAgPFF1ZXJ5U3RyaW5nUGFyYW1ldGVyIE5hbWU9ImNhbGxiYWNrIiBWYWx1ZT0iX3hkY18uX2c4MW1nMiIgUmVjb3JkZWRWYWx1ZT0iX3hkY18uX2c4MW1nMiIgQ29ycmVsYXRpb25CaW5kaW5nPSIiIFVybEVuY29kZT0iRmFsc2UiIFVzZVRvR3JvdXBSZXN1bHRzPSJGYWxzZSIgLz4NCiAgICAgICAgPFF1ZXJ5U3RyaW5nUGFyYW1ldGVyIE5hbWU9InRva2VuIiBWYWx1ZT0iMTMwMzkzIiBSZWNvcmRlZFZhbHVlPSIxMzAzOTMiIENvcnJlbGF0aW9uQmluZGluZz0iIiBVcmxFbmNvZGU9IkZhbHNlIiBVc2VUb0dyb3VwUmVzdWx0cz0iRmFsc2UiIC8+DQogICAgICA8L1F1ZXJ5U3RyaW5nUGFyYW1ldGVycz4NCiAgICA8L1JlcXVlc3Q+DQogICAgPENvbW1lbnQgQ29tbWVudFRleHQ9IkNsaWNrX015IFByZWZlcmVuY2VzIiAvPg0KICAgIDxSZXF1ZXN0IE1ldGhvZD0iUE9TVCIgR3VpZD0iMDhhYmNiZDQtMTJhYS00ZmYyLWFmZjQtMGRlNGU1YTVmMWZhIiBWZXJzaW9uPSIxLjEiIFVybD0iaHR0cDovL2luMDFhcHYxMTo4MS9lbi9kYXNoYm9hcmQuYXNweCIgVGhpbmtUaW1lPSI3IiBUaW1lb3V0PSIzMDAiIFBhcnNlRGVwZW5kZW50UmVxdWVzdHM9IlRydWUiIEZvbGxvd1JlZGlyZWN0cz0iVHJ1ZSIgUmVjb3JkUmVzdWx0PSJUcnVlIiBDYWNoZT0iRmFsc2UiIFJlc3BvbnNlVGltZUdvYWw9IjAiIEVuY29kaW5nPSJ1dGYtOCIgRXhwZWN0ZWRIdHRwU3RhdHVzQ29kZT0iMCIgRXhwZWN0ZWRSZXNwb25zZVVybD0iaHR0cDovL2luMDFhcHYxMTo4MS9lbi9teXByZWZlcmVuY2VzLmFzcHgiIFJlcG9ydGluZ05hbWU9IiIgSWdub3JlSHR0cFN0YXR1c0NvZGU9IkZhbHNlIj4NCiAgICAgIDxIZWFkZXJzPg0KICAgICAgICA8SGVhZGVyIE5hbWU9IlJlZmVyZXIiIFZhbHVlPSJodHRwOi8vaW4wMWFwdjExOjgxL2VuL2Rhc2hib2FyZC5hc3B4IiAvPg0KICAgICAgPC9IZWFkZXJzPg0KICAgICAgPEZvcm1Qb3N0SHR0cEJvZHk+DQogICAgICAgIDxGb3JtUG9zdFBhcmFtZXRlciBOYW1lPSJfX0VWRU5UVEFSR0VUIiBWYWx1ZT0ie3skSElEREVOMS5fX0VWRU5UVEFSR0VUfX0iIFJlY29yZGVkVmFsdWU9ImN0bDAwJGN0bDAwJGN0bDAwJENvbnRlbnRQbGFjZUhvbGRlckRlZmF1bHQkVG9wTG9nZ2VkSW5fMSRsbmJUb3BMb2dnZWRJbk15UHJlZmVyZW5jZXMiIENvcnJlbGF0aW9uQmluZGluZz0iIiBVcmxFbmNvZGU9IlRydWUiIC8+DQogICAgICAgIDxGb3JtUG9zdFBhcmFtZXRlciBOYW1lPSJfX0VWRU5UQVJHVU1FTlQiIFZhbHVlPSJ7eyRISURERU4xLl9fRVZFTlRBUkdVTUVOVH19IiBSZWNvcmRlZFZhbHVlPSIiIENvcnJlbGF0aW9uQmluZGluZz0iIiBVcmxFbmNvZGU9IlRydWUiIC8+DQogICAgICAgIDxGb3JtUG9zdFBhcmFtZXRlciBOYW1lPSJfX1ZJRVdTVEFURSIgVmFsdWU9Int7JEhJRERFTjEuX19WSUVXU1RBVEV9fSIgUmVjb3JkZWRWYWx1ZT0iL3dFUER3VUVOVE00TVE5a0ZnSm1EMlFXQW1ZUFpCWUNaZzlrRmdKbUQyUVdBZ0lERHhZR0hnWnZibXh2WVdRRlAybG1LSFI1Y0dWdlppQlBia0poWTJ0Q2RYUjBiMjVEYkdsamF5QTlQU0FpWm5WdVkzUnBiMjRpS1NCUGJrSmhZMnRDZFhSMGIyNURiR2xqYXlncE94NEtiMjV3WVdkbGMyaHZkd1ZUYVdZZ0tHVjJaVzUwTG5CbGNuTnBjM1JsWkNBbUppQjBlWEJsYjJZZ1QyNUNZV05yUW5WMGRHOXVRMnhwWTJzZ1BUMGdJbVoxYm1OMGFXOXVJaWtnVDI1Q1lXTnJRblYwZEc5dVEyeHBZMnNvS1RzZUNHOXVkVzVzYjJGa1pSWUNBZ0VRWkdRV0NnSUlEMlFXQW1ZUFpCWVNBZ0lQRlFGWFEyOXVkR1Z1ZEZCc1lXTmxTRzlzWkdWeVJHVm1ZWFZzZEY5VWIzQk1iMmRuWldSSmJsOHhYM0J1YkVSeVlXZGhZbXhsVjJsdVpHOTNRMjl1ZEdWdWRGOUpibXhwYm1WTlpYTnpZV2RsUTI5dWRHRnBibVZ5WkFJREQyUVdBZ0lCRHc4V0FoNEVWR1Y0ZEFVR1RHOW5iM1YwWkdRQ0JROFBGZ0llQjFacGMybGliR1ZuWkJZQ0FnRVBEeFlHSGd0T1lYWnBaMkYwWlZWeWJBVVVmaTloWkcxcGJpOTNaV3hqYjIxbExtRnpjSGdmQXdVT1FXUnRhVzVwYzNSeVlYUnBiMjRmQkdka1pBSUhEdzhXQWg4RVoyUVdCZ0lCRHhZQ0h3TUZCVWhsYkd4dlpBSUREeFlDSHdNRkZYQnVkR1Z6ZEdZd01ERWdjRzUwWlhOMGJEQXdNV1FDQlE4V0FoNEphVzV1WlhKb2RHMXNCUTFCWTJOdmRXNTBJRWxFSURvZ1pBSUpEMlFXQ0FJQkR4WUNId01GQXlvcUttUUNBdzhQRmdJZkEyVmtaQUlGRHc4V0FoOERCUkVvWW1WamIyMWxJSGx2ZFhKelpXeG1LV1JrQWdjUEZnSWZBd1VES2lvcVpBSU5EdzhXQWg4RVoyUVdBZ0lCRHc4V0JCOERCUXhOZVNCRVlYTm9ZbTloY21RZkJHZGtaQUlQRHc4V0FoOEVaMlFXQWdJQkR3OFdDQjRJUTNOelEyeGhjM01GRFdWbVEyOXNiM0pQY21GdVoyVWZBd1VKVFhrZ1QzSmtaWEp6SGdSZklWTkNBZ0lmQkdka1pBSVJEdzhXQWg4RVoyUVdBZ0lCRHc4V0JCOERCUXhOZVNCQlpHUnlaWE56WlhNZkJHZGtaQUlURHc4V0FoOEVaMlFXQWdJQkR3OFdCQjhEQlE1TmVTQlFjbVZtWlhKbGJtTmxjeDhFWjJSa0Fnb1BaQllDWmc4UEZnSWZCR2hrRmdZQ0F3OFBGZ0lmQlFVakwyVnVMMk5vWldOcmIzVjBMM04wWlhBeExtRnpjSGcvYm05a1pVbGtQVEV4TXpaa1pBSUZEdzlrRmdJZUJHaHlaV1lGQVNOa0Fna1BEMlFXQWg0RmRHbDBiR1VGQlV4dloybHVGZ2dDQVE4UEZnWWZBd1VHUlcxaGFXdzZId2NGRnlCeVpYRjFhWEpsWkVacFpXeGtRMmhoY21GamRHVnlId2dDQW1Sa0Fna1BEeFlHSHdNRkEzc3dmUjhIQlJjZ2NtVnhkV2x5WldSR2FXVnNaRU5vWVhKaFkzUmxjaDhJQWdKa1pBSVJEdzhXQWg4RkJSY3ZaVzR2Wm05eVoyOTBjR0Z6YzNkdmNtUXVZWE53ZUdSa0FoTVBEeFlDSHdVRkl5OWxiaTlqYUdWamEyOTFkQzl6ZEdWd01TNWhjM0I0UDI1dlpHVkpaRDB4TVRNMlpHUUNEQTlrRmdKbUQyUVdEQUlJRHc4V0JCOEhCUTFqWVhKMExXbGpiMjVHZFd4c0h3Z0NBbVFXQWdJQkR3OFdBaDhGQlEwdlpXNHZZMkZ5ZEM1aGMzQjRaR1FDQ2c4V0FoOERCUWs0SUVsMFpXMG9jeWxrQWd3UEZnSWZBd1VNTnk0NU16WXNNREFnNG9Lc1pBSU9EdzhXQWg4RVoyUVdDQUlCRDJRV0FnSUJEeFlDSHdNRkVFeGhjM1FnWVdSa1pXUWdhWFJsYlhOa0FnTVBGZ0lmQmdYYkRUeGthWFlnWTJ4aGMzTTlKMnhsWm5RblBqazJkMlZzYkNCQloyRnlJRkJzWVhSbFBDOWthWFkrUEdScGRpQmpiR0Z6Y3owbmNtbG5hSFFuUGp4aElHaHlaV1k5SnlNbklHOXVZMnhwWTJzOUoxTm9iM2RFYVdGc2IyY29Janh3UGtSdklIbHZkU0J5WldGc2JIa2dkMkZ1ZENCMGJ5QmtaV3hsZEdVZ2RHaHBjeUJwZEdWdEtITXBQend2Y0Q0aUxIc2lSR2xoYkc5blEyeGhjM01pT2lJaUxDSklaV2xuYUhRaU9pSmhkWFJ2SWl3aVRXOWtZV3dpT25SeWRXVXNJbEJ2YzJsMGFXOXVJam9pWTJWdWRHVnlJaXdpVjJsa2RHZ2lPaUl6TURBaUxDSkRiRzl6WVdKc1pTSTZkSEoxWlN3aVZHbDBiR1VpT2lKRVpXeGxkR1VpTENKQ2RYUjBiMjR4VkdWNGRDSTZJbGxsY3lJc0lrSjFkSFJ2YmpKVVpYaDBJam9pVG04aUxDSkNkWFIwYjI0eFEyRnNiR0poWTJzaU9pSkVaV3hsZEdWUGNtUmxja2wwWlcwaUxDSkNkWFIwYjI0eVEyRnNiR0poWTJzaU9tNTFiR3dzSWtKMWRIUnZiakZEWVd4c1ltRmphMUJoY21GdFpYUmxjbk1pT2lKN1hDSkpaRndpT2pNMk1qUTFNbjBpTENKQ2RYUjBiMjR5UTJGc2JHSmhZMnRRWVhKaGJXVjBaWEp6SWpwdWRXeHNMQ0pTWlhOcGVtRmliR1VpT21aaGJITmxMQ0pFY21GbloyRmliR1VpT21aaGJITmxMQ0pCZFhSdlQzQmxiaUk2Wm1Gc2MyVXNJa0Z3Y0dWdVpGUnZJam9pWW05a2VTSXNJazFoZUVobGFXZG9kQ0k2TkRBd0xDSk5ZWGhYYVdSMGFDSTZNekF3TENKTmFXNUlaV2xuYUhRaU9qRTFNQ3dpVFdsdVYybGtkR2dpT2pFMU1IMHBPeWMrZUR3dllUNDhMMlJwZGo0TkNqeGthWFlnWTJ4aGMzTTlKMnhsWm5RblBqazJkMlZzYkNCQloyRnlJRkJzWVhSbFBDOWthWFkrUEdScGRpQmpiR0Z6Y3owbmNtbG5hSFFuUGp4aElHaHlaV1k5SnlNbklHOXVZMnhwWTJzOUoxTm9iM2RFYVdGc2IyY29Janh3UGtSdklIbHZkU0J5WldGc2JIa2dkMkZ1ZENCMGJ5QmtaV3hsZEdVZ2RHaHBjeUJwZEdWdEtITXBQend2Y0Q0aUxIc2lSR2xoYkc5blEyeGhjM01pT2lJaUxDSklaV2xuYUhRaU9pSmhkWFJ2SWl3aVRXOWtZV3dpT25SeWRXVXNJbEJ2YzJsMGFXOXVJam9pWTJWdWRHVnlJaXdpVjJsa2RHZ2lPaUl6TURBaUxDSkRiRzl6WVdKc1pTSTZkSEoxWlN3aVZHbDBiR1VpT2lKRVpXeGxkR1VpTENKQ2RYUjBiMjR4VkdWNGRDSTZJbGxsY3lJc0lrSjFkSFJ2YmpKVVpYaDBJam9pVG04aUxDSkNkWFIwYjI0eFEyRnNiR0poWTJzaU9pSkVaV3hsZEdWUGNtUmxja2wwWlcwaUxDSkNkWFIwYjI0eVEyRnNiR0poWTJzaU9tNTFiR3dzSWtKMWRIUnZiakZEWVd4c1ltRmphMUJoY21GdFpYUmxjbk1pT2lKN1hDSkpaRndpT2pNMk1qUTFNSDBpTENKQ2RYUjBiMjR5UTJGc2JHSmhZMnRRWVhKaGJXVjBaWEp6SWpwdWRXeHNMQ0pTWlhOcGVtRmliR1VpT21aaGJITmxMQ0pFY21GbloyRmliR1VpT21aaGJITmxMQ0pCZFhSdlQzQmxiaUk2Wm1Gc2MyVXNJa0Z3Y0dWdVpGUnZJam9pWW05a2VTSXNJazFoZUVobGFXZG9kQ0k2TkRBd0xDSk5ZWGhYYVdSMGFDSTZNekF3TENKTmFXNUlaV2xuYUhRaU9qRTFNQ3dpVFdsdVYybGtkR2dpT2pFMU1IMHBPeWMrZUR3dllUNDhMMlJwZGo0TkNqeGthWFlnWTJ4aGMzTTlKMnhsWm5RblBqazJkMlZzYkNCQloyRnlJRkJzWVhSbFBDOWthWFkrUEdScGRpQmpiR0Z6Y3owbmNtbG5hSFFuUGp4aElHaHlaV1k5SnlNbklHOXVZMnhwWTJzOUoxTm9iM2RFYVdGc2IyY29Janh3UGtSdklIbHZkU0J5WldGc2JIa2dkMkZ1ZENCMGJ5QmtaV3hsZEdVZ2RHaHBjeUJwZEdWdEtITXBQend2Y0Q0aUxIc2lSR2xoYkc5blEyeGhjM01pT2lJaUxDSklaV2xuYUhRaU9pSmhkWFJ2SWl3aVRXOWtZV3dpT25SeWRXVXNJbEJ2YzJsMGFXOXVJam9pWTJWdWRHVnlJaXdpVjJsa2RHZ2lPaUl6TURBaUxDSkRiRzl6WVdKc1pTSTZkSEoxWlN3aVZHbDBiR1VpT2lKRVpXeGxkR1VpTENKQ2RYUjBiMjR4VkdWNGRDSTZJbGxsY3lJc0lrSjFkSFJ2YmpKVVpYaDBJam9pVG04aUxDSkNkWFIwYjI0eFEyRnNiR0poWTJzaU9pSkVaV3hsZEdWUGNtUmxja2wwWlcwaUxDSkNkWFIwYjI0eVEyRnNiR0poWTJzaU9tNTFiR3dzSWtKMWRIUnZiakZEWVd4c1ltRmphMUJoY21GdFpYUmxjbk1pT2lKN1hDSkpaRndpT2pNMk1qUTBPWDBpTENKQ2RYUjBiMjR5UTJGc2JHSmhZMnRRWVhKaGJXVjBaWEp6SWpwdWRXeHNMQ0pTWlhOcGVtRmliR1VpT21aaGJITmxMQ0pFY21GbloyRmliR1VpT21aaGJITmxMQ0pCZFhSdlQzQmxiaUk2Wm1Gc2MyVXNJa0Z3Y0dWdVpGUnZJam9pWW05a2VTSXNJazFoZUVobGFXZG9kQ0k2TkRBd0xDSk5ZWGhYYVdSMGFDSTZNekF3TENKTmFXNUlaV2xuYUhRaU9qRTFNQ3dpVFdsdVYybGtkR2dpT2pFMU1IMHBPeWMrZUR3dllUNDhMMlJwZGo0TkNtUUNCUThQRmdRZkJRVU5MMlZ1TDJOaGNuUXVZWE53ZUI4REJRUkRZWEowWkdRQ0J3OFBGZ1lmQXdVSVEyaGxZMnR2ZFhRZUIwVnVZV0pzWldSbkh3Um5GZ0llQjA5dVEyeHBZMnNGbHl4eVpYUjFjbTRnVm1Gc2FXUmhkR1ZKZEdWdGMxUnZRMmhsWTJ0UGRYUlBjbEYxYjNSbEtIc2lRMnh2YzJWQ2RYUjBiMjVVWlhoMElqb2lRMnh2YzJVaUxDSkJiR1Z5ZEUxbGMzTmhaMlZVYVhSc1pTSTZJa0ZzWlhKMElFMWxjM05oWjJVaUxDSkRhR1ZqYTI5MWRGTjBZWFJsUlc1MWJTSTZleUpKYm5aaGJHbGtJam9pU1c1MllXeHBaQ0lzSWxGMWIzUmhZbXhsVDI1c2VTSTZJbEYxYjNSaFlteGxUMjVzZVNJc0lrOXlaR1Z5WVdKc1pVOXViSGtpT2lKUGNtUmxjbUZpYkdWUGJteDVJaXdpVDNKa1pYSmhZbXhsUVc1a1VYVnZkR0ZpYkdVaU9pSlBjbVJsY21GaWJHVkJibVJSZFc5MFlXSnNaU0lzSWs1dmRFOXlaR1Z5WVdKc1pVRnVaRkYxYjNSaFlteGxJam9pVG05MFQzSmtaWEpoWW14bFFXNWtVWFZ2ZEdGaWJHVWlMQ0pPYjNSUGNtUmxjbUZpYkdWQmJtUlJkVzkwWVdKc1pWZHBkR2hKYm5aaGJHbGtJam9pVG05MFQzSmtaWEpoWW14bFFXNWtVWFZ2ZEdGaWJHVlhhWFJvU1c1MllXeHBaQ0lzSWtabGQwOXlaR1Z5WVdKc1pVOXViSGtpT2lKR1pYZFBjbVJsY21GaWJHVlBibXg1SWl3aVJtVjNUM0prWlhKaFlteGxRVzVrUm1WM1VYVnZkR0ZpYkdVaU9pSkdaWGRQY21SbGNtRmliR1ZCYm1SR1pYZFJkVzkwWVdKc1pTSXNJa1psZDFGMWIzUmhZbXhsVDI1c2VWZHBkR2hKYm5aaGJHbGtJam9pUm1WM1VYVnZkR0ZpYkdWUGJteDVWMmwwYUVsdWRtRnNhV1FpTENKR1pYZFBjbVJsY21GaWJHVlBibXg1VjJsMGFFbHVkbUZzYVdRaU9pSkdaWGRQY21SbGNtRmliR1ZQYm14NVYybDBhRWx1ZG1Gc2FXUWlMQ0pHWlhkUGNtUmxjbUZpYkdWQmJtUkdaWGRSZFc5MFlXSnNaVmRwZEdoSmJuWmhiR2xrSWpvaVJtVjNUM0prWlhKaFlteGxRVzVrUm1WM1VYVnZkR0ZpYkdWWGFYUm9TVzUyWVd4cFpDSXNJa1psZDA5eVpHVnlZV0pzWlVGdVpFRnNiRkYxYjNSaFlteGxJam9pUm1WM1QzSmtaWEpoWW14bFFXNWtRV3hzVVhWdmRHRmliR1VpTENKQmJHeFBjbVJsY21GaWJHVkJibVJHWlhkUmRXOTBZV0pzWlNJNklrRnNiRTl5WkdWeVlXSnNaVUZ1WkVabGQxRjFiM1JoWW14bEluMHNJa2wwWlcxVGRHRjBaVVZ1ZFcwaU9uc2lTVzUyWVd4cFpDSTZJa2x1ZG1Gc2FXUWlMQ0pSZFc5MFlXSnNaVTl1YkhraU9pSlJkVzkwWVdKc1pVOXViSGtpTENKUGNtUmxjbUZpYkdWUGJteDVJam9pVDNKa1pYSmhZbXhsVDI1c2VTSXNJazl5WkdWeVlXSnNaVUZ1WkZGMWIzUmhZbXhsSWpvaVQzSmtaWEpoWW14bFFXNWtVWFZ2ZEdGaWJHVWlMQ0pPYjNSUGNtUmxjbUZpYkdWQmJtUlJkVzkwWVdKc1pTSTZJazV2ZEU5eVpHVnlZV0pzWlVGdVpGRjFiM1JoWW14bElpd2lUbTkwVDNKa1pYSmhZbXhsUVc1a1VYVnZkR0ZpYkdWWGFYUm9TVzUyWVd4cFpDSTZJazV2ZEU5eVpHVnlZV0pzWlVGdVpGRjFiM1JoWW14bFYybDBhRWx1ZG1Gc2FXUWlMQ0pHWlhkUGNtUmxjbUZpYkdWUGJteDVJam9pUm1WM1QzSmtaWEpoWW14bFQyNXNlU0lzSWtabGQwOXlaR1Z5WVdKc1pVRnVaRVpsZDFGMWIzUmhZbXhsSWpvaVJtVjNUM0prWlhKaFlteGxRVzVrUm1WM1VYVnZkR0ZpYkdVaUxDSkdaWGRSZFc5MFlXSnNaVTl1YkhsWGFYUm9TVzUyWVd4cFpDSTZJa1psZDFGMWIzUmhZbXhsVDI1c2VWZHBkR2hKYm5aaGJHbGtJaXdpUm1WM1QzSmtaWEpoWW14bFQyNXNlVmRwZEdoSmJuWmhiR2xrSWpvaVJtVjNUM0prWlhKaFlteGxUMjVzZVZkcGRHaEpiblpoYkdsa0lpd2lSbVYzVDNKa1pYSmhZbXhsUVc1a1JtVjNVWFZ2ZEdGaWJHVlhhWFJvU1c1MllXeHBaQ0k2SWtabGQwOXlaR1Z5WVdKc1pVRnVaRVpsZDFGMWIzUmhZbXhsVjJsMGFFbHVkbUZzYVdRaUxDSkdaWGRQY21SbGNtRmliR1ZCYm1SQmJHeFJkVzkwWVdKc1pTSTZJa1psZDA5eVpHVnlZV0pzWlVGdVpFRnNiRkYxYjNSaFlteGxJaXdpUVd4c1QzSmtaWEpoWW14bFFXNWtSbVYzVVhWdmRHRmliR1VpT2lKQmJHeFBjbVJsY21GaWJHVkJibVJHWlhkUmRXOTBZV0pzWlNKOUxDSm9aRzVHYVdWc1pGTmxiR1ZqZEdWa1QzSmtaWEpKZEdWdFEyaGxZMnR2ZFhSVGRHRjBaWE5EYkdsbGJuUkpaQ0k2SWtOdmJuUmxiblJRYkdGalpVaHZiR1JsY2tSbFptRjFiSFJmUTJGeWRFOTJaWEoyYVdWM1h6TmZhR1J1Um1sbGJHUlRaV3hsWTNSbFpFOXlaR1Z5U1hSbGJVTm9aV05yYjNWMFUzUmhkR1Z6SWl3aWFHUnVSbWxsYkdSVFpXeGxZM1JsWkVsMFpXMUpaSE5EYkdsbGJuUkpaQ0k2SWtOdmJuUmxiblJRYkdGalpVaHZiR1JsY2tSbFptRjFiSFJmUTJGeWRFOTJaWEoyYVdWM1h6TmZhR1J1Um1sbGJHUlRaV3hsWTNSbFpFbDBaVzFKWkhNaUxDSlBjbVJsY2xObGJHVmpkR1ZrVUhKdlpIVmpkSE1pT2pFc0lrTnZibVpwY20xaGRHbHZibFJwZEd4bFVtVnpiM1Z5WTJVaU9pSkRiMjVtYVhKdFlYUnBiMjRpTENKUWNtOWpaV1ZrUW5WMGRHOXVWR1Y0ZENJNklsQnliMk5sWldRaUxDSlFjbTlqWldWa1FuVjBkRzl1UTJGc2JHSmhZMnNpT2lKV1lXeHBaR0YwWlVsMFpXMXpWRzlEYUdWamEwOTFkRTl5VVhWdmRHVWlMQ0pKYm5aaGJHbGtTWFJsYlhOVFpXeGxZM1JsWkVadmNrTm9aV05yYjNWMFVtVnpiM1Z5WTJVaU9pSlVhR1Z5WlNCaGNtVWdjMjl0WlNCcGJuWmhiR2xrSUdsMFpXMXpJR05vYjNObGJpQm1iM0lnWTJobFkydHZkWFFpTENKT2IwOXlaR1Z5WVdKc1pVbDBaVzF6VTJWc1pXTjBaV1JHYjNKRGFHVmphMjkxZEZKbGMyOTFjbU5sSWpvaVRtOGdkbUZzYVdRZ2IzSmtaWEpoWW14bElHbDBaVzF6SUdGeVpTQmphRzl6Wlc0Z1ptOXlJRzl5WkdWeUlIQnliMk5sYzNNaUxDSk9iMUYxYjNSaFlteGxTWFJsYlhOVFpXeGxZM1JsWkVadmNrTm9aV05yYjNWMFVtVnpiM1Z5WTJVaU9pSk9ieUIyWVd4cFpDQnhkVzkwWVdKc1pTQnBkR1Z0Y3lCaGNtVWdZMmh2YzJWdUlHWnZjaUJ4ZFc5MFpTQndjbTlqWlhOeklpd2lUM0prWlhKaFlteGxRVzVrVG05dVQzSmtaWEpoWW14bFNYUmxiWE5UWld4bFkzUmxaRVp2Y2tOb1pXTnJiM1YwVW1WemIzVnlZMlVpT2lKWmIzVWdZMkZ1SUdWcGRHaGxjaUFuY0hKdlkyVmxaQ2NnZDJsMGFDQnZjbVJsY2lCd2NtOWpaWE56SUc5bUlIUm9aU0J2Y21SbGNtRmliR1VnYVhSbGJYTWdiM0lnWldScGRDQjBhR1VnYm05dUxXOXlaR1Z5WVdKc1pTQnBkR1Z0Y3lJc0lsRjFiM1JoWW14bFFXNWtUbTl1VVhWdmRHRmliR1ZKZEdWdGMxTmxiR1ZqZEdWa1JtOXlRMmhsWTJ0dmRYUlNaWE52ZFhKalpTSTZJbGx2ZFNCallXNGdaV2wwYUdWeUlDZHdjbTlqWldWa0p5QjNhWFJvSUhGMWIzUmxJSEJ5YjJObGMzTWdiMllnZEdobElIRjFiM1JoWW14bElHbDBaVzF6SUc5eUlHVmthWFFnZEdobElHNXZiaTF4ZFc5MFlXSnNaU0JwZEdWdGN5SXNJbEYxYjNSbFUyVnNaV04wWldSUWNtOWtkV04wY3lJNk1pd2lUbTlKZEdWdGMxTmxiR1ZqZEdWa0lqb2lUbThnU1hSbGJYTWdVMlZzWldOMFpXUXVJRkJzWldGelpTQmphRzl2YzJVZ2IyNWxJQ2h2Y2lrZ2JXOXlaU0JwZEdWdGN5QjBieUJ3WlhKbWIzSnRJSFJvWlNCaFkzUnBiMjR1SWl3aVEyRnlkRUZqZEdsdmJrUmxiR1YwWlZObGJHVmpkR1ZrVUhKdlpIVmpkSE1pT2pVc0lsZHBjMmhNYVhOMFFXTjBhVzl1YzBSbGJHVjBaVk5sYkdWamRHVmtVSEp2WkhWamRITWlPaklzSWtSbGJHVjBaVU52Ym1acGNtMWhkR2x2YmsxbGMzTmhaMlZTWlhOdmRYSmpaU0k2SWp4d1BrUnZJSGx2ZFNCeVpXRnNiSGtnZDJGdWRDQjBieUJrWld4bGRHVWdkR2hwY3lCcGRHVnRLSE1wUHp3dmNENGlMQ0pFWld4bGRHVkRiMjVtYVhKdFlYUnBiMjVPYjBKMWRIUnZibEpsYzI5MWNtTmxJam9pVG04aUxDSkVaV3hsZEdWRGIyNW1hWEp0WVhScGIyNVpaWE5DZFhSMGIyNVNaWE52ZFhKalpTSTZJbGxsY3lJc0lrUmxiR1YwWlVOdmJtWnBjbTFoZEdsdmJraGxZV1JsY2xSbGVIUlNaWE52ZFhKalpTSTZJa1JsYkdWMFpTSXNJa05oY25SQlkzUnBiMjRpT2pFc0lrTm9aV05yYjNWMFFuVjBkRzl1VTJOeWFYQjBJanB1ZFd4c0xDSkRhR1ZqYTI5MWRGTmxjWFZsYm1OcGJtZEJibVJRY21sdFpYSlFiM0IxY0UxbGMzTmhaMlZJWldGa1pYSWlPaUlpTENKRGFHVmphMjkxZEZObGNYVmxibU5wYm1kQmJtUlFjbWx0WlhKUWIzQjFjRTFsYzNOaFoyVklaV0ZrWlhKSmJtWnZjbTFoZEdsdmJpSTZJa2wwSUdseklHNXZkQ0J3YjNOemFXSnNaU0IwYnlCamFHVmphMjkxZENBdklIRjFiM1JsSUhObGNYVmxibU5wYm1jZ2NtVmhZM1JwYjI1eklIZHBkR2h2ZFhRZ2NISnBiV1Z5Y3lCM2FHbGphQ0JoY21VZ1lYTnpiMk5wWVhSbFpDQjBieUJ6Wld4bFkzUmxaQ0J6WlhGMVpXNWphVzVuSUdsMFpXMXpJR2x1SUhSb2FYTWdiM0prWlhJNklEd3ZZbkkrUEM5aWNqNGlMQ0pEYUdWamEyOTFkRk5sY1hWbGJtTnBibWRCYm1SUWNtbHRaWEpRYjNCMWNFMWxjM05oWjJWR2IyOTBaWEpKYm1admNtMWhkR2x2YmlJNklpSXNJa05vWldOcmIzVjBVMlZ4ZFdWdVkybHVaMEZ1WkZCeWFXMWxjbEJ2Y0hWd1RXVnpjMkZuWlVOc2IzTmxRblYwZEc5dVZHVjRkQ0k2SWlJc0lrTm9aV05yYjNWMFUyVnhkV1Z1WTJsdVowRnVaRkJ5YVcxbGNsQnZjSFZ3Um05eWJXRjBUV1Z6YzJGblpTSTZJaUlzSWtOb1pXTnJiM1YwVUhKcGJXVnlRV3h2Ym1WUWIzQjFjRTFsYzNOaFoyVkRiRzl6WlVKMWRIUnZibFJsZUhRaU9pSWlMQ0pEYUdWamEyOTFkRkJ5YVcxbGNrRnNiMjVsVUc5d2RYQk5aWE56WVdkbElqb2lVSEpwYldWeUlHRnNiMjVsSUdOaGJtNXZkQ0JpWlNCamFHVmphMlZrSUc5MWRDNGdVR3hsWVhObElITmxiR1ZqZENCaGRHeGxZWE4wSUc5dVpTQmhjM052WTJsaGRHVmtJSE5sY1hWbGJtTnBibWNnU1hSbGJTNGlMQ0pEYUdWamEyOTFkRkJ5YVcxbGNrRnNiMjVsVUc5d2RYQk5aWE56WVdkbFNHVmhaR1Z5SWpvaVVHeGxZWE5sSUU1dmRHVWlMQ0pDWVhKRGIyUmxWbUZzYVdSaGRHbHZibEJ2Y0hWd1EyeHZjMlZDZFhSMGIyNVVaWGgwSWpvaVQyc2lMQ0pDWVhKRGIyUmxWbUZzYVdSaGRHbHZibEJ2Y0hWd1RXVnpjMkZuWlNJNklrSmhjbU52WkdVZ1ptOXlJRk5sYkdWamRHVmtJRWwwWlcwZ2FYTWdhVzUyWVd4cFpDSXNJa0poY2tOdlpHVldZV3hwWkdGMGFXOXVVRzl3ZFhCTlpYTnpZV2RsU0dWaFpHVnlJam9pVUd4bFlYTmxJRTV2ZEdVaUxDSlRZVzFsUkdGNVJHVnNhWFpsY25sV1lXeHBaR0YwYVc5dVVHOXdkWEJIYjBKaFkydENkWFIwYjI1VVpYaDBJam9pVjJGcGRDQjFiblJwYkNCaGJHd2dUM0prWlhKeklHRnlaU0JtYVc1cGMyaGxaQ0IwYnlCVGFHbHdJRzl1WTJVaUxDSlRZVzFsUkdGNVJHVnNhWFpsY25sV1lXeHBaR0YwYVc5dVVHOXdkWEJEYUdWamEyOTFkRUoxZEhSdmJsUmxlSFFpT2lKRGFHVmphMjkxZENCVFlXMWxJRVJoZVNCUGJHbG5iM01nVDI1c2VTSXNJbE5oYldWRVlYbEVaV3hwZG1WeWVWWmhiR2xrWVhScGIyNVFiM0IxY0UxbGMzTmhaMlZJWldGa1pYSWlPaUpRYkdWaGMyVWdjMlZzWldOMElpd2lVMkZ0WlVSaGVVUmxiR2wyWlhKNVZtRnNhV1JoZEdsdmJsQnZjSFZ3VFdWemMyRm5aVVJsYzJOeWFYQjBhVzl1SWpvaVdXOTFjaUJqWVhKMElHTnZiblJoYVc1eklITmhiV1VnWkdGNUlHOXNhV2R2Y3l3Z2QyaHBZMmdnYm1WbFpDQjBieUJpWlNCamFHVmphMlZrSUc5MWRDQnpaWEJsY21GMFpXeDVJR2x1SUc5eVpHVnlJSFJ2SUdWdWMzVnlaU0IwYUdVZ1ptRnpkR1Z6ZENCa1pXeHBkbVZ5ZVM0Z1ZHaGxJRzkwYUdWeUlHbDBaVzF6SUhkcGJHd2dZbVVnZDJGcGRHbHVaeUJwYmlCNWIzVnlJR05oY25RZ2QyaGxiaUI1YjNVZ2NtVjBkWEp1SUd4aGRHVnlMaUE4YzNCaGJpQmpiR0Z6Y3oxY0luUnZiMngwYVhCZlpHbGhiRzluWENJZ2RHbDBiR1U5WENKRmVIQnNZV2x1SUdKMWRIUnZiaUJrWlhOamNtbHdkR2x2YmlCb1pYSmxJRzl1YkhsY0lpQStQQzl6Y0dGdVBpSXNJbEpsZFhObFpFbDBaVzF6Vm1Gc2FXUmhkR2x2YmxCdmNIVndRMnh2YzJWQ2RYUjBiMjVVWlhoMElqb2lUMnNpTENKU1pYVnpaV1JKZEdWdGMxWmhiR2xrWVhScGIyNVFiM0IxY0UxbGMzTmhaMlVpT2lKUGIzQnpJQ0VnVTI5dFpTQnZjaUJoYkd3Z2IyWWdjMlZzWldOMFpXUWdjbVYxYzJWa0lHbDBaVzBuY3lCdmNtbG5hVzVoYkNCamIyNTBZV2x1WlhKeklHRnlaU0JsZUhCcGNtVmtMaUJaYjNWeUlHTmhjblFnZDJsc2JDQmlaU0IxY0dSaGRHVmtJR0YxZEc5dFlYUnBZMkZzYkhrZ1lXNWtJR05oY25RZ2QybHNiQ0JpWlNCeVpXeHZZV1JsWkM0Z1JYaHdhWEpsWkNCcGRHVnRJRTVoYldWeklHRnlaU0F0UGlJc0lsSmxkWE5sWkVsMFpXMXpWbUZzYVdSaGRHbHZibEJ2Y0hWd1RXVnpjMkZuWlVobFlXUmxjaUk2SWxCc1pXRnpaU0JPYjNSbElpd2lSWGh3YVhKbFpGQnlhVzFsY2xCdmNIVndRMnh2YzJWQ2RYUjBiMjVVWlhoMElqb2lUMnNpTENKRmVIQnBjbVZrVUhKcGJXVnlVRzl3ZFhCTlpYTnpZV2RsVkdWNGRDSTZJbEJ5YVcxbGNpQnBjeUJsZUhCcGNtVmtJR1p2Y2lCMGFHVWdiMjVsSUc5bUlIUm9aU0J6Wld4bGRHVmtJSE5sY1hWbGJtTnBibWNnYVhSbGJTNGdjR3hsWVhObElITmxiR1ZqZENCaGJtOTBhR1Z5SUhCeWFXMWxjaUJ2Y2lCdmNtUmxjaUJ1WlhjZ2NISnBiV1Z5TGlJc0lrVjRjR2x5WldSUWNtbHRaWEpRYjNCMWNFMWxjM05oWjJWSVpXRmtaWEpVWlhoMElqb2lVR3hsYzJVZ1RtOTBaU0lzSWtOaGNuUlFZV2RsVlZKTUlqb2lMMlZ1TDJOaGNuUXVZWE53ZUNJc0lrMXBibWx0ZFcxUWJHRjBaVk5oYlhCc1pYTlFaWEpEYUdWamEyOTFkQ0k2TkRnc0lsQnNZWFJsVTJGdGNHeGxRMjkxYm5RaU9tNTFiR3dzSWtselUybHVaMnhsVUd4aGRHVlhhWFJvVm1Gc2FXUlRZVzF3YkdWRGIzVnVkQ0k2Wm1Gc2MyVXNJazFwYmxCc1lYUmxVMkZ0Y0d4bGMxQnZjSFZ3Um05eWJXRjBUV1Z6YzJGblpTSTZJaUlzSWsxcGJsQnNZWFJsVTJGdGNHeGxjMUJ2Y0hWd1JtOXliV0YwVFdWemMyRm5aVU5zYjNObFFuVjBkRzl1VkdWNGRDSTZJaUlzSWsxcGJsQnNZWFJsVTJGdGNHeGxjMUJ2Y0hWd1JtOXliV0YwVFdWemMyRm5aVWhsWVdSbGNpSTZJaUlzSWsxaGVHbHRkVzFPZFcxaVpYSlBabEJzWVhSbGMxQmxja05vWldOcmIzVjBJam96TENKUWJHRjBaWE5EYjNWdWRFWnZja04xY25KbGJuUlBjbVJsY2lJNmJuVnNiQ3dpVFdGNGFXMTFiVkJzWVhSbGMxQmxja05vWldOcmIzVjBVRzl3ZFhCR2IzSnRZWFJOWlhOellXZGxJam9pVFdGNGFXMTFiU0F6SUhCc1lYUmxjeUJoY21VZ1pXeHBaMmxpYkdVZ2RHOGdZMmhsWTJ0dmRYUWdjR1Z5SUc5eVpHVnlJR1p2Y2lCd2JHRjBaU0J6WlhGMVpXNWphVzVuSUdsMFpXMXpMaUJRYkdWaGMyVWdiVzlrYVdaNUlIbHZkWElnYzJWc1pXTjBhVzl1SUdGalkyOXlaR2x1WjJ4NUxpSXNJazFoZUdsdGRXMVFiR0YwWlhOUVpYSkRhR1ZqYTI5MWRGQnZjSFZ3Um05eWJXRjBUV1Z6YzJGblpVTnNiM05sUW5WMGRHOXVWR1Y0ZENJNklrOXJJaXdpVFdGNGFXMTFiVkJzWVhSbGMxQmxja05vWldOcmIzVjBSbTl5YldGMFRXVnpjMkZuWlVobFlXUmxjaUk2SWxCc1pXRnpaU0JPYjNSbElpd2lVRzl6ZEVKaFkydEZiR1Z0Wlc1MFZXNXBjWFZsU1dRaU9pSmpkR3d3TUNSamRHd3dNQ1JqZEd3d01DUkRiMjUwWlc1MFVHeGhZMlZJYjJ4a1pYSkVaV1poZFd4MEpFTmhjblJQZG1WeWRtbGxkMTh6Skd4dWEwTm9aV05yYjNWMElpd2lSWFpsYm5SQmNtZDFiV1Z1ZENJNklpSjlMQ0IwYUdsektUdGtBaEFQRHhZRUh3VUZEUzlsYmk5allYSjBMbUZ6Y0hnZkF3VUVRMkZ5ZEdSa0FoSVBEeFlDSHdNRkNFTm9aV05yYjNWMEZnSWZEQVdYTEhKbGRIVnliaUJXWVd4cFpHRjBaVWwwWlcxelZHOURhR1ZqYTA5MWRFOXlVWFZ2ZEdVb2V5SkRiRzl6WlVKMWRIUnZibFJsZUhRaU9pSkRiRzl6WlNJc0lrRnNaWEowVFdWemMyRm5aVlJwZEd4bElqb2lRV3hsY25RZ1RXVnpjMkZuWlNJc0lrTm9aV05yYjNWMFUzUmhkR1ZGYm5WdElqcDdJa2x1ZG1Gc2FXUWlPaUpKYm5aaGJHbGtJaXdpVVhWdmRHRmliR1ZQYm14NUlqb2lVWFZ2ZEdGaWJHVlBibXg1SWl3aVQzSmtaWEpoWW14bFQyNXNlU0k2SWs5eVpHVnlZV0pzWlU5dWJIa2lMQ0pQY21SbGNtRmliR1ZCYm1SUmRXOTBZV0pzWlNJNklrOXlaR1Z5WVdKc1pVRnVaRkYxYjNSaFlteGxJaXdpVG05MFQzSmtaWEpoWW14bFFXNWtVWFZ2ZEdGaWJHVWlPaUpPYjNSUGNtUmxjbUZpYkdWQmJtUlJkVzkwWVdKc1pTSXNJazV2ZEU5eVpHVnlZV0pzWlVGdVpGRjFiM1JoWW14bFYybDBhRWx1ZG1Gc2FXUWlPaUpPYjNSUGNtUmxjbUZpYkdWQmJtUlJkVzkwWVdKc1pWZHBkR2hKYm5aaGJHbGtJaXdpUm1WM1QzSmtaWEpoWW14bFQyNXNlU0k2SWtabGQwOXlaR1Z5WVdKc1pVOXViSGtpTENKR1pYZFBjbVJsY21GaWJHVkJibVJHWlhkUmRXOTBZV0pzWlNJNklrWmxkMDl5WkdWeVlXSnNaVUZ1WkVabGQxRjFiM1JoWW14bElpd2lSbVYzVVhWdmRHRmliR1ZQYm14NVYybDBhRWx1ZG1Gc2FXUWlPaUpHWlhkUmRXOTBZV0pzWlU5dWJIbFhhWFJvU1c1MllXeHBaQ0lzSWtabGQwOXlaR1Z5WVdKc1pVOXViSGxYYVhSb1NXNTJZV3hwWkNJNklrWmxkMDl5WkdWeVlXSnNaVTl1YkhsWGFYUm9TVzUyWVd4cFpDSXNJa1psZDA5eVpHVnlZV0pzWlVGdVpFWmxkMUYxYjNSaFlteGxWMmwwYUVsdWRtRnNhV1FpT2lKR1pYZFBjbVJsY21GaWJHVkJibVJHWlhkUmRXOTBZV0pzWlZkcGRHaEpiblpoYkdsa0lpd2lSbVYzVDNKa1pYSmhZbXhsUVc1a1FXeHNVWFZ2ZEdGaWJHVWlPaUpHWlhkUGNtUmxjbUZpYkdWQmJtUkJiR3hSZFc5MFlXSnNaU0lzSWtGc2JFOXlaR1Z5WVdKc1pVRnVaRVpsZDFGMWIzUmhZbXhsSWpvaVFXeHNUM0prWlhKaFlteGxRVzVrUm1WM1VYVnZkR0ZpYkdVaWZTd2lTWFJsYlZOMFlYUmxSVzUxYlNJNmV5SkpiblpoYkdsa0lqb2lTVzUyWVd4cFpDSXNJbEYxYjNSaFlteGxUMjVzZVNJNklsRjFiM1JoWW14bFQyNXNlU0lzSWs5eVpHVnlZV0pzWlU5dWJIa2lPaUpQY21SbGNtRmliR1ZQYm14NUlpd2lUM0prWlhKaFlteGxRVzVrVVhWdmRHRmliR1VpT2lKUGNtUmxjbUZpYkdWQmJtUlJkVzkwWVdKc1pTSXNJazV2ZEU5eVpHVnlZV0pzWlVGdVpGRjFiM1JoWW14bElqb2lUbTkwVDNKa1pYSmhZbXhsUVc1a1VYVnZkR0ZpYkdVaUxDSk9iM1JQY21SbGNtRmliR1ZCYm1SUmRXOTBZV0pzWlZkcGRHaEpiblpoYkdsa0lqb2lUbTkwVDNKa1pYSmhZbXhsUVc1a1VYVnZkR0ZpYkdWWGFYUm9TVzUyWVd4cFpDSXNJa1psZDA5eVpHVnlZV0pzWlU5dWJIa2lPaUpHWlhkUGNtUmxjbUZpYkdWUGJteDVJaXdpUm1WM1QzSmtaWEpoWW14bFFXNWtSbVYzVVhWdmRHRmliR1VpT2lKR1pYZFBjbVJsY21GaWJHVkJibVJHWlhkUmRXOTBZV0pzWlNJc0lrWmxkMUYxYjNSaFlteGxUMjVzZVZkcGRHaEpiblpoYkdsa0lqb2lSbVYzVVhWdmRHRmliR1ZQYm14NVYybDBhRWx1ZG1Gc2FXUWlMQ0pHWlhkUGNtUmxjbUZpYkdWUGJteDVWMmwwYUVsdWRtRnNhV1FpT2lKR1pYZFBjbVJsY21GaWJHVlBibXg1VjJsMGFFbHVkbUZzYVdRaUxDSkdaWGRQY21SbGNtRmliR1ZCYm1SR1pYZFJkVzkwWVdKc1pWZHBkR2hKYm5aaGJHbGtJam9pUm1WM1QzSmtaWEpoWW14bFFXNWtSbVYzVVhWdmRHRmliR1ZYYVhSb1NXNTJZV3hwWkNJc0lrWmxkMDl5WkdWeVlXSnNaVUZ1WkVGc2JGRjFiM1JoWW14bElqb2lSbVYzVDNKa1pYSmhZbXhsUVc1a1FXeHNVWFZ2ZEdGaWJHVWlMQ0pCYkd4UGNtUmxjbUZpYkdWQmJtUkdaWGRSZFc5MFlXSnNaU0k2SWtGc2JFOXlaR1Z5WVdKc1pVRnVaRVpsZDFGMWIzUmhZbXhsSW4wc0ltaGtia1pwWld4a1UyVnNaV04wWldSUGNtUmxja2wwWlcxRGFHVmphMjkxZEZOMFlYUmxjME5zYVdWdWRFbGtJam9pUTI5dWRHVnVkRkJzWVdObFNHOXNaR1Z5UkdWbVlYVnNkRjlEWVhKMFQzWmxjblpwWlhkZk0xOW9aRzVHYVdWc1pGTmxiR1ZqZEdWa1QzSmtaWEpKZEdWdFEyaGxZMnR2ZFhSVGRHRjBaWE1pTENKb1pHNUdhV1ZzWkZObGJHVmpkR1ZrU1hSbGJVbGtjME5zYVdWdWRFbGtJam9pUTI5dWRHVnVkRkJzWVdObFNHOXNaR1Z5UkdWbVlYVnNkRjlEWVhKMFQzWmxjblpwWlhkZk0xOW9aRzVHYVdWc1pGTmxiR1ZqZEdWa1NYUmxiVWxrY3lJc0lrOXlaR1Z5VTJWc1pXTjBaV1JRY205a2RXTjBjeUk2TVN3aVEyOXVabWx5YldGMGFXOXVWR2wwYkdWU1pYTnZkWEpqWlNJNklrTnZibVpwY20xaGRHbHZiaUlzSWxCeWIyTmxaV1JDZFhSMGIyNVVaWGgwSWpvaVVISnZZMlZsWkNJc0lsQnliMk5sWldSQ2RYUjBiMjVEWVd4c1ltRmpheUk2SWxaaGJHbGtZWFJsU1hSbGJYTlViME5vWldOclQzVjBUM0pSZFc5MFpTSXNJa2x1ZG1Gc2FXUkpkR1Z0YzFObGJHVmpkR1ZrUm05eVEyaGxZMnR2ZFhSU1pYTnZkWEpqWlNJNklsUm9aWEpsSUdGeVpTQnpiMjFsSUdsdWRtRnNhV1FnYVhSbGJYTWdZMmh2YzJWdUlHWnZjaUJqYUdWamEyOTFkQ0lzSWs1dlQzSmtaWEpoWW14bFNYUmxiWE5UWld4bFkzUmxaRVp2Y2tOb1pXTnJiM1YwVW1WemIzVnlZMlVpT2lKT2J5QjJZV3hwWkNCdmNtUmxjbUZpYkdVZ2FYUmxiWE1nWVhKbElHTm9iM05sYmlCbWIzSWdiM0prWlhJZ2NISnZZMlZ6Y3lJc0lrNXZVWFZ2ZEdGaWJHVkpkR1Z0YzFObGJHVmpkR1ZrUm05eVEyaGxZMnR2ZFhSU1pYTnZkWEpqWlNJNklrNXZJSFpoYkdsa0lIRjFiM1JoWW14bElHbDBaVzF6SUdGeVpTQmphRzl6Wlc0Z1ptOXlJSEYxYjNSbElIQnliMk5sYzNNaUxDSlBjbVJsY21GaWJHVkJibVJPYjI1UGNtUmxjbUZpYkdWSmRHVnRjMU5sYkdWamRHVmtSbTl5UTJobFkydHZkWFJTWlhOdmRYSmpaU0k2SWxsdmRTQmpZVzRnWldsMGFHVnlJQ2R3Y205alpXVmtKeUIzYVhSb0lHOXlaR1Z5SUhCeWIyTmxjM01nYjJZZ2RHaGxJRzl5WkdWeVlXSnNaU0JwZEdWdGN5QnZjaUJsWkdsMElIUm9aU0J1YjI0dGIzSmtaWEpoWW14bElHbDBaVzF6SWl3aVVYVnZkR0ZpYkdWQmJtUk9iMjVSZFc5MFlXSnNaVWwwWlcxelUyVnNaV04wWldSR2IzSkRhR1ZqYTI5MWRGSmxjMjkxY21ObElqb2lXVzkxSUdOaGJpQmxhWFJvWlhJZ0ozQnliMk5sWldRbklIZHBkR2dnY1hWdmRHVWdjSEp2WTJWemN5QnZaaUIwYUdVZ2NYVnZkR0ZpYkdVZ2FYUmxiWE1nYjNJZ1pXUnBkQ0IwYUdVZ2JtOXVMWEYxYjNSaFlteGxJR2wwWlcxeklpd2lVWFZ2ZEdWVFpXeGxZM1JsWkZCeWIyUjFZM1J6SWpveUxDSk9iMGwwWlcxelUyVnNaV04wWldRaU9pSk9ieUJKZEdWdGN5QlRaV3hsWTNSbFpDNGdVR3hsWVhObElHTm9iMjl6WlNCdmJtVWdLRzl5S1NCdGIzSmxJR2wwWlcxeklIUnZJSEJsY21admNtMGdkR2hsSUdGamRHbHZiaTRpTENKRFlYSjBRV04wYVc5dVJHVnNaWFJsVTJWc1pXTjBaV1JRY205a2RXTjBjeUk2TlN3aVYybHphRXhwYzNSQlkzUnBiMjV6UkdWc1pYUmxVMlZzWldOMFpXUlFjbTlrZFdOMGN5STZNaXdpUkdWc1pYUmxRMjl1Wm1seWJXRjBhVzl1VFdWemMyRm5aVkpsYzI5MWNtTmxJam9pUEhBK1JHOGdlVzkxSUhKbFlXeHNlU0IzWVc1MElIUnZJR1JsYkdWMFpTQjBhR2x6SUdsMFpXMG9jeWsvUEM5d1BpSXNJa1JsYkdWMFpVTnZibVpwY20xaGRHbHZiazV2UW5WMGRHOXVVbVZ6YjNWeVkyVWlPaUpPYnlJc0lrUmxiR1YwWlVOdmJtWnBjbTFoZEdsdmJsbGxjMEoxZEhSdmJsSmxjMjkxY21ObElqb2lXV1Z6SWl3aVJHVnNaWFJsUTI5dVptbHliV0YwYVc5dVNHVmhaR1Z5VkdWNGRGSmxjMjkxY21ObElqb2lSR1ZzWlhSbElpd2lRMkZ5ZEVGamRHbHZiaUk2TVN3aVEyaGxZMnR2ZFhSQ2RYUjBiMjVUWTNKcGNIUWlPbTUxYkd3c0lrTm9aV05yYjNWMFUyVnhkV1Z1WTJsdVowRnVaRkJ5YVcxbGNsQnZjSFZ3VFdWemMyRm5aVWhsWVdSbGNpSTZJaUlzSWtOb1pXTnJiM1YwVTJWeGRXVnVZMmx1WjBGdVpGQnlhVzFsY2xCdmNIVndUV1Z6YzJGblpVaGxZV1JsY2tsdVptOXliV0YwYVc5dUlqb2lTWFFnYVhNZ2JtOTBJSEJ2YzNOcFlteGxJSFJ2SUdOb1pXTnJiM1YwSUM4Z2NYVnZkR1VnYzJWeGRXVnVZMmx1WnlCeVpXRmpkR2x2Ym5NZ2QybDBhRzkxZENCd2NtbHRaWEp6SUhkb2FXTm9JR0Z5WlNCaGMzTnZZMmxoZEdWa0lIUnZJSE5sYkdWamRHVmtJSE5sY1hWbGJtTnBibWNnYVhSbGJYTWdhVzRnZEdocGN5QnZjbVJsY2pvZ1BDOWljajQ4TDJKeVBpSXNJa05vWldOcmIzVjBVMlZ4ZFdWdVkybHVaMEZ1WkZCeWFXMWxjbEJ2Y0hWd1RXVnpjMkZuWlVadmIzUmxja2x1Wm05eWJXRjBhVzl1SWpvaUlpd2lRMmhsWTJ0dmRYUlRaWEYxWlc1amFXNW5RVzVrVUhKcGJXVnlVRzl3ZFhCTlpYTnpZV2RsUTJ4dmMyVkNkWFIwYjI1VVpYaDBJam9pSWl3aVEyaGxZMnR2ZFhSVFpYRjFaVzVqYVc1blFXNWtVSEpwYldWeVVHOXdkWEJHYjNKdFlYUk5aWE56WVdkbElqb2lJaXdpUTJobFkydHZkWFJRY21sdFpYSkJiRzl1WlZCdmNIVndUV1Z6YzJGblpVTnNiM05sUW5WMGRHOXVWR1Y0ZENJNklpSXNJa05vWldOcmIzVjBVSEpwYldWeVFXeHZibVZRYjNCMWNFMWxjM05oWjJVaU9pSlFjbWx0WlhJZ1lXeHZibVVnWTJGdWJtOTBJR0psSUdOb1pXTnJaV1FnYjNWMExpQlFiR1ZoYzJVZ2MyVnNaV04wSUdGMGJHVmhjM1FnYjI1bElHRnpjMjlqYVdGMFpXUWdjMlZ4ZFdWdVkybHVaeUJKZEdWdExpSXNJa05vWldOcmIzVjBVSEpwYldWeVFXeHZibVZRYjNCMWNFMWxjM05oWjJWSVpXRmtaWElpT2lKUWJHVmhjMlVnVG05MFpTSXNJa0poY2tOdlpHVldZV3hwWkdGMGFXOXVVRzl3ZFhCRGJHOXpaVUoxZEhSdmJsUmxlSFFpT2lKUGF5SXNJa0poY2tOdlpHVldZV3hwWkdGMGFXOXVVRzl3ZFhCTlpYTnpZV2RsSWpvaVFtRnlZMjlrWlNCbWIzSWdVMlZzWldOMFpXUWdTWFJsYlNCcGN5QnBiblpoYkdsa0lpd2lRbUZ5UTI5a1pWWmhiR2xrWVhScGIyNVFiM0IxY0UxbGMzTmhaMlZJWldGa1pYSWlPaUpRYkdWaGMyVWdUbTkwWlNJc0lsTmhiV1ZFWVhsRVpXeHBkbVZ5ZVZaaGJHbGtZWFJwYjI1UWIzQjFjRWR2UW1GamEwSjFkSFJ2YmxSbGVIUWlPaUpYWVdsMElIVnVkR2xzSUdGc2JDQlBjbVJsY25NZ1lYSmxJR1pwYm1semFHVmtJSFJ2SUZOb2FYQWdiMjVqWlNJc0lsTmhiV1ZFWVhsRVpXeHBkbVZ5ZVZaaGJHbGtZWFJwYjI1UWIzQjFjRU5vWldOcmIzVjBRblYwZEc5dVZHVjRkQ0k2SWtOb1pXTnJiM1YwSUZOaGJXVWdSR0Y1SUU5c2FXZHZjeUJQYm14NUlpd2lVMkZ0WlVSaGVVUmxiR2wyWlhKNVZtRnNhV1JoZEdsdmJsQnZjSFZ3VFdWemMyRm5aVWhsWVdSbGNpSTZJbEJzWldGelpTQnpaV3hsWTNRaUxDSlRZVzFsUkdGNVJHVnNhWFpsY25sV1lXeHBaR0YwYVc5dVVHOXdkWEJOWlhOellXZGxSR1Z6WTNKcGNIUnBiMjRpT2lKWmIzVnlJR05oY25RZ1kyOXVkR0ZwYm5NZ2MyRnRaU0JrWVhrZ2IyeHBaMjl6TENCM2FHbGphQ0J1WldWa0lIUnZJR0psSUdOb1pXTnJaV1FnYjNWMElITmxjR1Z5WVhSbGJIa2dhVzRnYjNKa1pYSWdkRzhnWlc1emRYSmxJSFJvWlNCbVlYTjBaWE4wSUdSbGJHbDJaWEo1TGlCVWFHVWdiM1JvWlhJZ2FYUmxiWE1nZDJsc2JDQmlaU0IzWVdsMGFXNW5JR2x1SUhsdmRYSWdZMkZ5ZENCM2FHVnVJSGx2ZFNCeVpYUjFjbTRnYkdGMFpYSXVJRHh6Y0dGdUlHTnNZWE56UFZ3aWRHOXZiSFJwY0Y5a2FXRnNiMmRjSWlCMGFYUnNaVDFjSWtWNGNHeGhhVzRnWW5WMGRHOXVJR1JsYzJOeWFYQjBhVzl1SUdobGNtVWdiMjVzZVZ3aUlENDhMM053WVc0K0lpd2lVbVYxYzJWa1NYUmxiWE5XWVd4cFpHRjBhVzl1VUc5d2RYQkRiRzl6WlVKMWRIUnZibFJsZUhRaU9pSlBheUlzSWxKbGRYTmxaRWwwWlcxelZtRnNhV1JoZEdsdmJsQnZjSFZ3VFdWemMyRm5aU0k2SWs5dmNITWdJU0JUYjIxbElHOXlJR0ZzYkNCdlppQnpaV3hsWTNSbFpDQnlaWFZ6WldRZ2FYUmxiU2R6SUc5eWFXZHBibUZzSUdOdmJuUmhhVzVsY25NZ1lYSmxJR1Y0Y0dseVpXUXVJRmx2ZFhJZ1kyRnlkQ0IzYVd4c0lHSmxJSFZ3WkdGMFpXUWdZWFYwYjIxaGRHbGpZV3hzZVNCaGJtUWdZMkZ5ZENCM2FXeHNJR0psSUhKbGJHOWhaR1ZrTGlCRmVIQnBjbVZrSUdsMFpXMGdUbUZ0WlhNZ1lYSmxJQzArSWl3aVVtVjFjMlZrU1hSbGJYTldZV3hwWkdGMGFXOXVVRzl3ZFhCTlpYTnpZV2RsU0dWaFpHVnlJam9pVUd4bFlYTmxJRTV2ZEdVaUxDSkZlSEJwY21Wa1VISnBiV1Z5VUc5d2RYQkRiRzl6WlVKMWRIUnZibFJsZUhRaU9pSlBheUlzSWtWNGNHbHlaV1JRY21sdFpYSlFiM0IxY0UxbGMzTmhaMlZVWlhoMElqb2lVSEpwYldWeUlHbHpJR1Y0Y0dseVpXUWdabTl5SUhSb1pTQnZibVVnYjJZZ2RHaGxJSE5sYkdWMFpXUWdjMlZ4ZFdWdVkybHVaeUJwZEdWdExpQndiR1ZoYzJVZ2MyVnNaV04wSUdGdWIzUm9aWElnY0hKcGJXVnlJRzl5SUc5eVpHVnlJRzVsZHlCd2NtbHRaWEl1SWl3aVJYaHdhWEpsWkZCeWFXMWxjbEJ2Y0hWd1RXVnpjMkZuWlVobFlXUmxjbFJsZUhRaU9pSlFiR1Z6WlNCT2IzUmxJaXdpUTJGeWRGQmhaMlZWVWt3aU9pSXZaVzR2WTJGeWRDNWhjM0I0SWl3aVRXbHVhVzExYlZCc1lYUmxVMkZ0Y0d4bGMxQmxja05vWldOcmIzVjBJam8wT0N3aVVHeGhkR1ZUWVcxd2JHVkRiM1Z1ZENJNmJuVnNiQ3dpU1hOVGFXNW5iR1ZRYkdGMFpWZHBkR2hXWVd4cFpGTmhiWEJzWlVOdmRXNTBJanBtWVd4elpTd2lUV2x1VUd4aGRHVlRZVzF3YkdWelVHOXdkWEJHYjNKdFlYUk5aWE56WVdkbElqb2lJaXdpVFdsdVVHeGhkR1ZUWVcxd2JHVnpVRzl3ZFhCR2IzSnRZWFJOWlhOellXZGxRMnh2YzJWQ2RYUjBiMjVVWlhoMElqb2lJaXdpVFdsdVVHeGhkR1ZUWVcxd2JHVnpVRzl3ZFhCR2IzSnRZWFJOWlhOellXZGxTR1ZoWkdWeUlqb2lJaXdpVFdGNGFXMTFiVTUxYldKbGNrOW1VR3hoZEdWelVHVnlRMmhsWTJ0dmRYUWlPak1zSWxCc1lYUmxjME52ZFc1MFJtOXlRM1Z5Y21WdWRFOXlaR1Z5SWpwdWRXeHNMQ0pOWVhocGJYVnRVR3hoZEdWelVHVnlRMmhsWTJ0dmRYUlFiM0IxY0VadmNtMWhkRTFsYzNOaFoyVWlPaUpOWVhocGJYVnRJRE1nY0d4aGRHVnpJR0Z5WlNCbGJHbG5hV0pzWlNCMGJ5QmphR1ZqYTI5MWRDQndaWElnYjNKa1pYSWdabTl5SUhCc1lYUmxJSE5sY1hWbGJtTnBibWNnYVhSbGJYTXVJRkJzWldGelpTQnRiMlJwWm5rZ2VXOTFjaUJ6Wld4bFkzUnBiMjRnWVdOamIzSmthVzVuYkhrdUlpd2lUV0Y0YVcxMWJWQnNZWFJsYzFCbGNrTm9aV05yYjNWMFVHOXdkWEJHYjNKdFlYUk5aWE56WVdkbFEyeHZjMlZDZFhSMGIyNVVaWGgwSWpvaVQyc2lMQ0pOWVhocGJYVnRVR3hoZEdWelVHVnlRMmhsWTJ0dmRYUkdiM0p0WVhSTlpYTnpZV2RsU0dWaFpHVnlJam9pVUd4bFlYTmxJRTV2ZEdVaUxDSlFiM04wUW1GamEwVnNaVzFsYm5SVmJtbHhkV1ZKWkNJNkltTjBiREF3SkdOMGJEQXdKR04wYkRBd0pFTnZiblJsYm5SUWJHRmpaVWh2YkdSbGNrUmxabUYxYkhRa1EyRnlkRTkyWlhKMmFXVjNYek1rYkc1clEyaGxZMnR2ZFhRaUxDSkZkbVZ1ZEVGeVozVnRaVzUwSWpvaUluMHNJSFJvYVhNcE8yUUNFZzlrRmdnQ0FROWtGZ0ptRDJRV0FnSUNEeFVCYmtOdmJuUmxiblJRYkdGalpVaHZiR1JsY2tSbFptRjFiSFJmVFdGemRHVnlVR3hoWTJWb2IyeGtaWEpmVW1WeGRXbHlaVlZ6WlhKTWIyZHBibDgxWDNCdWJFUnlZV2RoWW14bFYybHVaRzkzUTI5dWRHVnVkRjlKYm14cGJtVk5aWE56WVdkbFEyOXVkR0ZwYm1WeVpBSUREMlFXQW1ZUER4WUNIZ3RzWW14SVpXRmtUR2x1WlFVUFEyOXVkR0ZqZENCQlpHUnlaWE56WkJZTUFoQVBGUUZyUTI5dWRHVnVkRkJzWVdObFNHOXNaR1Z5UkdWbVlYVnNkRjlOWVhOMFpYSlFiR0ZqWldodmJHUmxjbDlEYUdGdVoyVkJaR1J5WlhOelh6WmZjRzVzUkhKaFoyRmliR1ZYYVc1a2IzZERiMjUwWlc1MFgwbHViR2x1WlUxbGMzTmhaMlZEYjI1MFlXbHVaWEprQWhFUFpCWUNBZ0VQWkJZcUFnRVBGZ0lmQXdVUVEyOXVkR0ZqZENCQlpHUnlaWE56T21RQ0F3OFBGZ0lmQkdka0ZnSUNBUTlrRmdJQ0FROFBGZ0lmQXdVRlZHbDBiR1ZrWkFJRkQyUVdBZ0lCRDJRV0FnSUJEdzhXQmg4REJRbEdhWEp6ZEc1aGJXVWZCd1VYSUhKbGNYVnBjbVZrUm1sbGJHUkRhR0Z5WVdOMFpYSWZDQUlDWkdRQ0J3OWtGZ0lDQVE5a0ZnSUNBUThQRmdZZkF3VUlUR0Z6ZEc1aGJXVWZCd1VYSUhKbGNYVnBjbVZrUm1sbGJHUkRhR0Z5WVdOMFpYSWZDQUlDWkdRQ0NROFBGZ0lmQkdka0ZnSUNBUTlrRmdJQ0FROFBGZ0lmQXdVTVEyOXRjR0Z1ZVNCT1lXMWxaR1FDQ3c4UEZnSWZCR2RrRmdJQ0FROWtGZ0lDQVE4UEZnSWZBd1VMUkdWd1lYSjBiV1Z1ZENCa1pBSU5EdzhXQWg4RVoyUVdBZ0lCRDJRV0FnSUJEdzhXQWg4REJRWkhjbTkxY0NCa1pBSVBEdzhXQWg4RVoyUVdBZ0lCRDJRV0FnSUJEdzhXQmg4REJRNVRkSEpsWlhRZ1FXUmtjbVZ6Y3g4SEJSY2djbVZ4ZFdseVpXUkdhV1ZzWkVOb1lYSmhZM1JsY2g4SUFnSmtaQUlSRHc4V0FoOEVaMlFXQWdJQkQyUVdBZ0lCRHc4V0JoOERCUkJUZEhKbFpYUWdRV1JrY21WemN5QXlId2NGRnlCeVpYRjFhWEpsWkVacFpXeGtRMmhoY21GamRHVnlId2dDQW1Sa0FoTVBEeFlDSHdSblpCWUNBZ0VQWkJZQ0FnRVBEeFlDSHdNRkVGTjBjbVZsZENCQlpHUnlaWE56SUROa1pBSVZEdzhXQWg4RVoyUVdBZ0lCRDJRV0FnSUJEdzhXQmg4REJRUkRhWFI1SHdjRkZ5QnlaWEYxYVhKbFpFWnBaV3hrUTJoaGNtRmpkR1Z5SHdnQ0FtUmtBaGNQRHhZQ0h3Um5aQllFQWdFUFpCWUNBZ0VQRHhZR0h3TUZCME52ZFc1MGNua2ZCd1VYSUhKbGNYVnBjbVZrUm1sbGJHUkRhR0Z5WVdOMFpYSWZDQUlDWkdRQ0JROFFEeFlHSGcxRVlYUmhWR1Y0ZEVacFpXeGtCUXREYjNWdWRISjVUbUZ0WlI0T1JHRjBZVlpoYkhWbFJtbGxiR1FGQmtsemIwdGxlUjRMWHlGRVlYUmhRbTkxYm1SbkZnSWVDRzl1WTJoaGJtZGxCYklCWTI5MWJuUnllVU5vWVc1blpXUW9KMU5sYkdWamRDNHVMaWNzSjFSeWRXVW5MQ2REYjI1MFpXNTBVR3hoWTJWSWIyeGtaWEpFWldaaGRXeDBYMDFoYzNSbGNsQnNZV05sYUc5c1pHVnlYME5vWVc1blpVRmtaSEpsYzNOZk5sOWtaR3hEYjNWdWRISjVKeXduUTI5dWRHVnVkRkJzWVdObFNHOXNaR1Z5UkdWbVlYVnNkRjlOWVhOMFpYSlFiR0ZqWldodmJHUmxjbDlEYUdGdVoyVkJaR1J5WlhOelh6WmZaR1JzVTNSaGRHVW5LUkFWK2dFSlUyVnNaV04wTGk0dUMwRm1aMmhoYm1semRHRnVEVUZzWVc1a0lFbHpiR0Z1WkhNSFFXeGlZVzVwWVFkQmJHZGxjbWxoRGtGdFpYSnBZMkZ1SUZOaGJXOWhCMEZ1Wkc5eWNtRUdRVzVuYjJ4aENFRnVaM1ZwYkd4aENrRnVkR0Z5WTNScFkyRVRRVzUwYVdkMVlTQmhibVFnUW1GeVluVmtZUWxCY21kbGJuUnBibUVIUVhKdFpXNXBZUVZCY25WaVlRbEJkWE4wY21Gc2FXRUhRWFZ6ZEhKcFlRcEJlbVZ5WW1GcGFtRnVCMEpoYUdGdFlYTUhRbUZvY21GcGJncENZVzVuYkdGa1pYTm9DRUpoY21KaFpHOXpCMEpsYkdGeWRYTUhRbVZzWjJsMWJRWkNaV3hwZW1VRlFtVnVhVzRIUW1WeWJYVmtZUVpDYUhWMFlXNGZRbTlzYVhacFlTd2dVR3gxY21sdVlYUnBiMjVoYkNCVGRHRjBaU0J2WmlCQ2IyNWhhWEpsTENCVGFXNTBJRVYxYzNSaGRHbDFjeUJoYm1RZ1UyRmlZUlpDYjNOdWFXRWdZVzVrSUVobGNucGxaMjkyYVc1aENFSnZkSE4zWVc1aERVSnZkWFpsZENCSmMyeGhibVFHUW5KaGVtbHNIa0p5YVhScGMyZ2dTVzVrYVdGdUlFOWpaV0Z1SUZSbGNuSnBkRzl5ZVJGQ2NuVnVaV2tnUkdGeWRYTnpZV3hoYlFoQ2RXeG5ZWEpwWVF4Q2RYSnJhVzVoSUVaaGMyOEhRblZ5ZFc1a2FRaERZVzFpYjJScFlRaERZVzFsY205dmJnWkRZVzVoWkdFS1EyRndaU0JXWlhKa1pRNURZWGx0WVc0Z1NYTnNZVzVrY3hoRFpXNTBjbUZzSUVGbWNtbGpZVzRnVW1Wd2RXSnNhV01FUTJoaFpBVkRhR2xzWlFWRGFHbHVZUkJEYUhKcGMzUnRZWE1nU1hOc1lXNWtGME52WTI5eklDaExaV1ZzYVc1bktTQkpjMnhoYm1SekNFTnZiRzl0WW1saEIwTnZiVzl5YjNNRlEyOXVaMjhsUTI5dVoyOHNJSFJvWlNCRVpXMXZZM0poZEdsaklGSmxjSFZpYkdsaklHOW1JSFJvWlF4RGIyOXJJRWx6YkdGdVpITUtRMjl6ZEdFZ1VtbGpZUTVEdzdSMFpTQmtKMGwyYjJseVpRZERjbTloZEdsaEJFTjFZbUVJUTNWeVljT25ZVzhHUTNsd2NuVnpEa042WldOb0lGSmxjSFZpYkdsakIwUmxibTFoY21zSVJHcHBZbTkxZEdrSVJHOXRhVzVwWTJFU1JHOXRhVzVwWTJGdUlGSmxjSFZpYkdsakIwVmpkV0ZrYjNJRlJXZDVjSFFMUld3Z1UyRnNkbUZrYjNJUlJYRjFZWFJ2Y21saGJDQkhkV2x1WldFSFJYSnBkSEpsWVFkRmMzUnZibWxoQ0VWMGFHbHZjR2xoRzBaaGJHdHNZVzVrSUVsemJHRnVaSE1nS0UxaGJIWnBibUZ6S1ExR1lYSnZaU0JKYzJ4aGJtUnpCRVpwYW1rSFJtbHViR0Z1WkFaR2NtRnVZMlVOUm5KbGJtTm9JRWQxYVdGdVlSQkdjbVZ1WTJnZ1VHOXNlVzVsYzJsaEcwWnlaVzVqYUNCVGIzVjBhR1Z5YmlCVVpYSnlhWFJ2Y21sbGN3VkhZV0p2YmdaSFlXMWlhV0VIUjJWdmNtZHBZUWRIWlhKdFlXNTVCVWRvWVc1aENVZHBZbkpoYkhSaGNnWkhjbVZsWTJVSlIzSmxaVzVzWVc1a0IwZHlaVzVoWkdFS1IzVmhaR1ZzYjNWd1pRUkhkV0Z0Q1VkMVlYUmxiV0ZzWVFoSGRXVnlibk5sZVFaSGRXbHVaV0VOUjNWcGJtVmhMVUpwYzNOaGRRWkhkWGxoYm1FRlNHRnBkR2toU0dWaGNtUWdTWE5zWVc1a0lHRnVaQ0JOWTBSdmJtRnNaQ0JKYzJ4aGJtUnpIVWh2YkhrZ1UyVmxJQ2hXWVhScFkyRnVJRU5wZEhrZ1UzUmhkR1VwQ0VodmJtUjFjbUZ6Q1VodmJtY2dTMjl1WndkSWRXNW5ZWEo1QjBsalpXeGhibVFGU1c1a2FXRUpTVzVrYjI1bGMybGhHVWx5WVc0c0lFbHpiR0Z0YVdNZ1VtVndkV0pzYVdNZ2IyWUVTWEpoY1FkSmNtVnNZVzVrQzBsemJHVWdiMllnVFdGdUJrbHpjbUZsYkFWSmRHRnNlUWRLWVcxaGFXTmhCVXBoY0dGdUJrcGxjbk5sZVFaS2IzSmtZVzRLUzJGNllXdG9jM1JoYmdWTFpXNTVZUWhMYVhKcFltRjBhU1pMYjNKbFlTd2dSR1Z0YjJOeVlYUnBZeUJRWlc5d2JHVW5jeUJTWlhCMVlteHBZeUJ2WmhKTGIzSmxZU3dnVW1Wd2RXSnNhV01nYjJZR1MzVjNZV2wwQ2t0NWNtZDVlbk4wWVc0Z1RHRnZJRkJsYjNCc1pTZHpJRVJsYlc5amNtRjBhV01nVW1Wd2RXSnNhV01HVEdGMGRtbGhCMHhsWW1GdWIyNEhUR1Z6YjNSb2J3ZE1hV0psY21saEJVeHBZbmxoRFV4cFpXTm9kR1Z1YzNSbGFXNEpUR2wwYUhWaGJtbGhDa3gxZUdWdFltOTFjbWNGVFdGallXOHFUV0ZqWldSdmJtbGhMQ0IwYUdVZ1ptOXliV1Z5SUZsMVoyOXpiR0YySUZKbGNIVmliR2xqSUc5bUNrMWhaR0ZuWVhOallYSUdUV0ZzWVhkcENFMWhiR0Y1YzJsaENFMWhiR1JwZG1WekJFMWhiR2tGVFdGc2RHRVFUV0Z5YzJoaGJHd2dTWE5zWVc1a2N3cE5ZWEowYVc1cGNYVmxDazFoZFhKcGRHRnVhV0VKVFdGMWNtbDBhWFZ6QjAxaGVXOTBkR1VHVFdWNGFXTnZIMDFwWTNKdmJtVnphV0VzSUVabFpHVnlZWFJsWkNCVGRHRjBaWE1nYjJZVVRXOXNaRzkyWVN3Z1VtVndkV0pzYVdNZ2IyWUdUVzl1WVdOdkNFMXZibWR2YkdsaENrMXZiblJsYm1WbmNtOEtUVzl1ZEhObGNuSmhkQWROYjNKdlkyTnZDazF2ZW1GdFltbHhkV1VIVFhsaGJtMWhjZ2RPWVcxcFltbGhCVTVoZFhKMUJVNWxjR0ZzQzA1bGRHaGxjbXhoYm1SekRVNWxkeUJEWVd4bFpHOXVhV0VMVG1WM0lGcGxZV3hoYm1RSlRtbGpZWEpoWjNWaEJVNXBaMlZ5QjA1cFoyVnlhV0VFVG1sMVpRNU9iM0ptYjJ4cklFbHpiR0Z1WkJoT2IzSjBhR1Z5YmlCTllYSnBZVzVoSUVsemJHRnVaSE1HVG05eWQyRjVCRTl0WVc0SVVHRnJhWE4wWVc0RlVHRnNZWFVmVUdGc1pYTjBhVzVwWVc0Z1ZHVnljbWwwYjNKNUxDQlBZMk4xY0dsbFpBWlFZVzVoYldFUVVHRndkV0VnVG1WM0lFZDFhVzVsWVFoUVlYSmhaM1ZoZVFSUVpYSjFDMUJvYVd4cGNIQnBibVZ6Q0ZCcGRHTmhhWEp1QmxCdmJHRnVaQWhRYjNKMGRXZGhiQXRRZFdWeWRHOGdVbWxqYndWUllYUmhjZ2hTdzZsMWJtbHZiZ2RTYjIxaGJtbGhFbEoxYzNOcFlXNGdSbVZrWlhKaGRHbHZiZ1pTZDJGdVpHRVJVMkZwYm5RZ1FtRnlkR2pEcVd4bGJYa3NVMkZwYm5RZ1NHVnNaVzVoTENCQmMyTmxibk5wYjI0Z1lXNWtJRlJ5YVhOMFlXNGdaR0VnUTNWdWFHRVZVMkZwYm5RZ1MybDBkSE1nWVc1a0lFNWxkbWx6QzFOaGFXNTBJRXgxWTJsaEdsTmhhVzUwSUUxaGNuUnBiaUFvUm5KbGJtTm9JSEJoY25RcEdWTmhhVzUwSUZCcFpYSnlaU0JoYm1RZ1RXbHhkV1ZzYjI0Z1UyRnBiblFnVm1sdVkyVnVkQ0JoYm1RZ2RHaGxJRWR5Wlc1aFpHbHVaWE1GVTJGdGIyRUtVMkZ1SUUxaGNtbHVieFZUWVc4Z1ZHOXRaU0JoYm1RZ1VISnBibU5wY0dVTVUyRjFaR2tnUVhKaFltbGhCMU5sYm1WbllXd0dVMlZ5WW1saENsTmxlV05vWld4c1pYTU1VMmxsY25KaElFeGxiMjVsQ1ZOcGJtZGhjRzl5WlJsVGFXNTBJRTFoWVhKMFpXNGdLRVIxZEdOb0lIQmhjblFwQ0ZOc2IzWmhhMmxoQ0ZOc2IzWmxibWxoRDFOdmJHOXRiMjRnU1hOc1lXNWtjd2RUYjIxaGJHbGhERk52ZFhSb0lFRm1jbWxqWVN4VGIzVjBhQ0JIWlc5eVoybGhJR0Z1WkNCMGFHVWdVMjkxZEdnZ1UyRnVaSGRwWTJnZ1NYTnNZVzVrY3d0VGIzVjBhQ0JUZFdSaGJnVlRjR0ZwYmdsVGNta2dUR0Z1YTJFRlUzVmtZVzRJVTNWeWFXNWhiV1VXVTNaaGJHSmhjbVFnWVc1a0lFcGhiaUJOWVhsbGJnbFRkMkY2YVd4aGJtUUdVM2RsWkdWdUMxTjNhWFI2WlhKc1lXNWtGRk41Y21saGJpQkJjbUZpSUZKbGNIVmliR2xqR1ZSaGFYZGhiaXdnVUhKdmRtbHVZMlVnYjJZZ1EyaHBibUVLVkdGcWFXdHBjM1JoYmh4VVlXNTZZVzVwWVN3Z1ZXNXBkR1ZrSUZKbGNIVmliR2xqSUc5bUNGUm9ZV2xzWVc1a0MxUnBiVzl5TFV4bGMzUmxCRlJ2WjI4SFZHOXJaV3hoZFFWVWIyNW5ZUk5VY21sdWFXUmhaQ0JoYm1RZ1ZHOWlZV2R2QjFSMWJtbHphV0VHVkhWeWEyVjVERlIxY210dFpXNXBjM1JoYmhoVWRYSnJjeUJoYm1RZ1EyRnBZMjl6SUVsemJHRnVaSE1HVkhWMllXeDFCbFZuWVc1a1lRZFZhM0poYVc1bEZGVnVhWFJsWkNCQmNtRmlJRVZ0YVhKaGRHVnpEbFZ1YVhSbFpDQkxhVzVuWkc5dERWVnVhWFJsWkNCVGRHRjBaWE1rVlc1cGRHVmtJRk4wWVhSbGN5Qk5hVzV2Y2lCUGRYUnNlV2x1WnlCSmMyeGhibVJ6QjFWeWRXZDFZWGtLVlhwaVpXdHBjM1JoYmdkV1lXNTFZWFIxSVZabGJtVjZkV1ZzWVN3Z1FtOXNhWFpoY21saGJpQlNaWEIxWW14cFl5QnZaZ2hXYVdWMElFNWhiUmRXYVhKbmFXNGdTWE5zWVc1a2N5d2dRbkpwZEdsemFCUldhWEpuYVc0Z1NYTnNZVzVrY3l3Z1ZTNVRMaEZYWVd4c2FYTWdZVzVrSUVaMWRIVnVZUTVYWlhOMFpYSnVJRk5oYUdGeVlRVlpaVzFsYmdaYVlXMWlhV0VJV21sdFltRmlkMlVWK2dFQk1BSkJSZ0pCV0FKQlRBSkVXZ0pCVXdKQlJBSkJUd0pCU1FKQlVRSkJSd0pCVWdKQlRRSkJWd0pCVlFKQlZBSkJXZ0pDVXdKQ1NBSkNSQUpDUWdKQ1dRSkNSUUpDV2dKQ1NnSkNUUUpDVkFKQ1R3SkNVUUpDUVFKQ1Z3SkNWZ0pDVWdKSlR3SkNUZ0pDUndKQ1JnSkNTUUpMU0FKRFRRSkRRUUpEVmdKTFdRSkRSZ0pVUkFKRFRBSkRUZ0pEV0FKRFF3SkRUd0pMVFFKRFJ3SkRSQUpEU3dKRFVnSkRTUUpJVWdKRFZRSkRWd0pEV1FKRFdnSkVTd0pFU2dKRVRRSkVUd0pGUXdKRlJ3SlRWZ0pIVVFKRlVnSkZSUUpGVkFKR1N3SkdUd0pHU2dKR1NRSkdVZ0pIUmdKUVJnSlVSZ0pIUVFKSFRRSkhSUUpFUlFKSFNBSkhTUUpIVWdKSFRBSkhSQUpIVUFKSFZRSkhWQUpIUndKSFRnSkhWd0pIV1FKSVZBSklUUUpXUVFKSVRnSklTd0pJVlFKSlV3SkpUZ0pKUkFKSlVnSkpVUUpKUlFKSlRRSkpUQUpKVkFKS1RRSktVQUpLUlFKS1R3SkxXZ0pMUlFKTFNRSkxVQUpMVWdKTFZ3SkxSd0pNUVFKTVZnSk1RZ0pNVXdKTVVnSk1XUUpNU1FKTVZBSk1WUUpOVHdKTlN3Sk5Sd0pOVndKTldRSk5WZ0pOVEFKTlZBSk5TQUpOVVFKTlVnSk5WUUpaVkFKTldBSkdUUUpOUkFKTlF3Sk5UZ0pOUlFKTlV3Sk5RUUpOV2dKTlRRSk9RUUpPVWdKT1VBSk9UQUpPUXdKT1dnSk9TUUpPUlFKT1J3Sk9WUUpPUmdKTlVBSk9Ud0pQVFFKUVN3SlFWd0pRVXdKUVFRSlFSd0pRV1FKUVJRSlFTQUpRVGdKUVRBSlFWQUpRVWdKUlFRSlNSUUpTVHdKU1ZRSlNWd0pDVEFKVFNBSkxUZ0pNUXdKTlJnSlFUUUpXUXdKWFV3SlRUUUpUVkFKVFFRSlRUZ0pTVXdKVFF3SlRUQUpUUndKVFdBSlRTd0pUU1FKVFFnSlRUd0phUVFKSFV3SlRVd0pGVXdKTVN3SlRSQUpUVWdKVFNnSlRXZ0pUUlFKRFNBSlRXUUpVVndKVVNnSlVXZ0pVU0FKVVRBSlVSd0pVU3dKVVR3SlVWQUpVVGdKVVVnSlVUUUpVUXdKVVZnSlZSd0pWUVFKQlJRSkhRZ0pWVXdKVlRRSlZXUUpWV2dKV1ZRSldSUUpXVGdKV1J3SldTUUpYUmdKRlNBSlpSUUphVFFKYVZ4UXJBL29CWjJkbloyZG5aMmRuWjJkbloyZG5aMmRuWjJkbloyZG5aMmRuWjJkbloyZG5aMmRuWjJkbloyZG5aMmRuWjJkbloyZG5aMmRuWjJkbloyZG5aMmRuWjJkbloyZG5aMmRuWjJkbloyZG5aMmRuWjJkbloyZG5aMmRuWjJkbloyZG5aMmRuWjJkbloyZG5aMmRuWjJkbloyZG5aMmRuWjJkbloyZG5aMmRuWjJkbloyZG5aMmRuWjJkbloyZG5aMmRuWjJkbloyZG5aMmRuWjJkbloyZG5aMmRuWjJkbloyZG5aMmRuWjJkbloyZG5aMmRuWjJkbloyZG5aMmRuWjJkbloyZG5aMmRuWjJkbloyZG5aMmRuWjJkbloyZG5aMmRuWjJkbloyZG5aMmRuWjJkbloyZG5aMmRuWjJkbloyZG5aMmRuWjJkbloyZG5aMlJrQWhrUER4WUNId1JuWkJZRUFnRVBaQllDQWdFUER4WUNId01GRUZOMFlYUmxJQzhnVUhKdmRtbHVZMlZrWkFJRkR4QVBGZ1lmRGdVSlUzUmhkR1ZPWVcxbEh3OEZDRk4wWVhSbFMyVjVIeEJuRmdJZkVRVlZUMjVEYUdGdVoyVlRkR0YwWlNnblEyOXVkR1Z1ZEZCc1lXTmxTRzlzWkdWeVJHVm1ZWFZzZEY5TllYTjBaWEpRYkdGalpXaHZiR1JsY2w5RGFHRnVaMlZCWkdSeVpYTnpYelpmWkdSc1UzUmhkR1VuS1JBVkpBbFRaV3hsWTNRdUxpNGJRVzVrWVcxaGJpQmhibVFnVG1samIySmhjaUJKYzJ4aGJtUnpEa0Z1WkdoeVlTQlFjbUZrWlhOb0VVRnlkVzVoWTJoaGJDQlFjbUZrWlhOb0JVRnpjMkZ0QlVKcGFHRnlDa05vWVc1a2FXZGhjbWdNUTJob1lYUjBhWE5uWVhKb0ZrUmhaSEpoSUdGdVpDQk9ZV2RoY2lCSVlYWmxiR2tOUkdGdFlXNGdZVzVrSUVScGRRVkVaV3hvYVFOSGIyRUhSM1ZxWVhKaGRBZElZWEo1WVc1aEVFaHBiV0ZqYUdGc0lGQnlZV1JsYzJnUlNtRnRiWFVnWVc1a0lFdGhjMmh0YVhJSlNtaGhjbXRvWVc1a0NVdGhjbTVoZEdGcllRWkxaWEpoYkdFTFRHRnJjMmhoWkhkbFpYQU9UV0ZrYUhsaElGQnlZV1JsYzJnTFRXRm9ZWEpoYzJoMGNtRUhUV0Z1YVhCMWNnbE5aV2RvWVd4aGVXRUhUV2w2YjNKaGJRaE9ZV2RoYkdGdVpBWlBjbWx6YzJFTFVHOXVaR2xqYUdWeWNua0dVSFZ1YW1GaUNWSmhhbUZ6ZEdoaGJnWlRhV3RyYVcwS1ZHRnRhV3dnVG1Ga2RRZFVjbWx3ZFhKaERWVjBkR0Z5SUZCeVlXUmxjMmdMVlhSMFlYSmhhMmhoYm1RTFYyVnpkQ0JDWlc1bllXd1ZKQUV3QlVsT0xVRk9CVWxPTFVGUUJVbE9MVUZTQlVsT0xVRlRCVWxPTFVKU0JVbE9MVU5JQlVsT0xVTlVCVWxPTFVST0JVbE9MVVJFQlVsT0xVUk1CVWxPTFVkQkJVbE9MVWRLQlVsT0xVaFNCVWxPTFVoUUJVbE9MVXBMQlVsT0xVcElCVWxPTFV0QkJVbE9MVXRNQlVsT0xVeEVCVWxPTFUxUUJVbE9MVTFJQlVsT0xVMU9CVWxPTFUxTUJVbE9MVTFhQlVsT0xVNU1CVWxPTFU5U0JVbE9MVkJaQlVsT0xWQkNCVWxPTFZKS0JVbE9MVk5MQlVsT0xWUk9CVWxPTFZSU0JVbE9MVlZRQlVsT0xWVlVCVWxPTFZkQ0ZDc0RKR2RuWjJkbloyZG5aMmRuWjJkbloyZG5aMmRuWjJkbloyZG5aMmRuWjJkbloyZG5aMlJrQWhzUER4WUNId1JuWkJZRUFnRVBaQllDQWdFUER4WUdId01GQzFCdmMzUmhiQ0JEYjJSbEh3Y0ZGeUJ5WlhGMWFYSmxaRVpwWld4a1EyaGhjbUZqZEdWeUh3Z0NBbVJrQWdNUFpCWUNBZ01QRDJRV0FoNE9iM0pwWjJsdVlXd3RkR2wwYkdVRkdsQnNaV0Z6WlNCbGJuUmxjaUIyWVd4cFpDQjZhWEJqYjJSbFpBSWREdzhXQWg4RVoyUVdBZ0lCRDJRV0FnSUJEdzhXQWg4REJRVkZiV0ZwYkdSa0FoOFBEeFlDSHdSblpCWUNBZ0VQWkJZQ0FnRVBEeFlDSHdNRkJWQm9iMjVsWkdRQ0lROFBGZ0lmQkdka0ZnSUNBUTlrRmdJQ0FROFBGZ0lmQXdVRFJYaDBaR1FDSXc4UEZnSWZCR2RrRmdJQ0FROWtGZ0lDQVE4UEZnSWZBd1VHVFc5aWFXeGxaR1FDSlE4UEZnSWZCR2RrRmdJQ0FROWtGZ0lDQVE4UEZnSWZBd1VEUm1GNFpHUUNKdzhQRmdJZkJHZGtGZ0lDQVE5a0ZnSUNBUThQRmdJZkF3VUpVbVZqYVhCcFpXNTBaR1FDS1E4UEZnSWZCR2RrRmdRQ0FROWtGZ0lDQVE4UEZnWWZBd1VJVkdsdFpYcHZibVVmQndVWElISmxjWFZwY21Wa1JtbGxiR1JEYUdGeVlXTjBaWElmQ0FJQ1pHUUNCUThRRHhZR0h3NEZDMFJwYzNCc1lYbE9ZVzFsSHc4RkFrbGtIeEJuWkJBVmlBRUpVMlZzWldOMExpNHVLQ2hWVkVNdE1USTZNREFwSUVsdWRHVnlibUYwYVc5dVlXd2dSR0YwWlNCTWFXNWxJRmRsYzNRcEtGVlVReTB4TVRvd01Da2dRMjl2Y21ScGJtRjBaV1FnVlc1cGRtVnljMkZzSUZScGJXVXRNVEVjS0ZWVVF5MHhNRG93TUNrZ1FXeGxkWFJwWVc0Z1NYTnNZVzVrY3hJb1ZWUkRMVEV3T2pBd0tTQklZWGRoYVdrZEtGVlVReTB3T1Rvek1Da2dUV0Z5Y1hWbGMyRnpJRWx6YkdGdVpITVNLRlZVUXkwd09Ub3dNQ2tnUVd4aGMydGhLU2hWVkVNdE1EazZNREFwSUVOdmIzSmthVzVoZEdWa0lGVnVhWFpsY25OaGJDQlVhVzFsTFRBNUd5aFZWRU10TURnNk1EQXBJRUpoYW1FZ1EyRnNhV1p2Y201cFlTa29WVlJETFRBNE9qQXdLU0JEYjI5eVpHbHVZWFJsWkNCVmJtbDJaWEp6WVd3Z1ZHbHRaUzB3T0NZb1ZWUkRMVEE0T2pBd0tTQlFZV05wWm1saklGUnBiV1VnS0ZWVElDWWdRMkZ1WVdSaEtSTW9WVlJETFRBM09qQXdLU0JCY21sNmIyNWhKeWhWVkVNdE1EYzZNREFwSUVOb2FXaDFZV2gxWVN3Z1RHRWdVR0Y2TENCTllYcGhkR3hoYmljb1ZWUkRMVEEzT2pBd0tTQk5iM1Z1ZEdGcGJpQlVhVzFsSUNoVlV5QW1JRU5oYm1Ga1lTa2JLRlZVUXkwd05qb3dNQ2tnUTJWdWRISmhiQ0JCYldWeWFXTmhKaWhWVkVNdE1EWTZNREFwSUVObGJuUnlZV3dnVkdsdFpTQW9WVk1nSmlCRFlXNWhaR0VwR1NoVlZFTXRNRFk2TURBcElFVmhjM1JsY2lCSmMyeGhibVF2S0ZWVVF5MHdOam93TUNrZ1IzVmhaR0ZzWVdwaGNtRXNJRTFsZUdsamJ5QkRhWFI1TENCTmIyNTBaWEp5WlhrWUtGVlVReTB3Tmpvd01Da2dVMkZ6YTJGMFkyaGxkMkZ1S3loVlZFTXRNRFU2TURBcElFSnZaMjkwWVN3Z1RHbHRZU3dnVVhWcGRHOHNJRkpwYnlCQ2NtRnVZMjhVS0ZWVVF5MHdOVG93TUNrZ1EyaGxkSFZ0WVd3bUtGVlVReTB3TlRvd01Da2dSV0Z6ZEdWeWJpQlVhVzFsSUNoVlV5QW1JRU5oYm1Ga1lTa1JLRlZVUXkwd05Ub3dNQ2tnU0dGcGRHa1NLRlZVUXkwd05Ub3dNQ2tnU0dGMllXNWhHaWhWVkVNdE1EVTZNREFwSUVsdVpHbGhibUVnS0VWaGMzUXBGQ2hWVkVNdE1EUTZNREFwSUVGemRXNWphVzl1SWloVlZFTXRNRFE2TURBcElFRjBiR0Z1ZEdsaklGUnBiV1VnS0VOaGJtRmtZU2tUS0ZWVVF5MHdORG93TUNrZ1EyRnlZV05oY3hJb1ZWUkRMVEEwT2pBd0tTQkRkV2xoWW1Fd0tGVlVReTB3TkRvd01Da2dSMlZ2Y21kbGRHOTNiaXdnVEdFZ1VHRjZMQ0JOWVc1aGRYTXNJRk5oYmlCS2RXRnVGQ2hWVkVNdE1EUTZNREFwSUZOaGJuUnBZV2R2SENoVlZFTXRNRFE2TURBcElGUjFjbXR6SUdGdVpDQkRZV2xqYjNNWUtGVlVReTB3TXpvek1Da2dUbVYzWm05MWJtUnNZVzVrRlNoVlZFTXRNRE02TURBcElFRnlZV2QxWVdsdVlSUW9WVlJETFRBek9qQXdLU0JDY21GemFXeHBZUjRvVlZSRExUQXpPakF3S1NCRFlYbGxibTVsTENCR2IzSjBZV3hsZW1FZ0tGVlVReTB3TXpvd01Da2dRMmwwZVNCdlppQkNkV1Z1YjNNZ1FXbHlaWE1WS0ZWVVF5MHdNem93TUNrZ1IzSmxaVzVzWVc1a0ZpaFZWRU10TURNNk1EQXBJRTF2Ym5SbGRtbGtaVzhZS0ZWVVF5MHdNem93TUNrZ1VIVnVkR0VnUVhKbGJtRnpKU2hWVkVNdE1ETTZNREFwSUZOaGFXNTBJRkJwWlhKeVpTQmhibVFnVFdseGRXVnNiMjRVS0ZWVVF5MHdNem93TUNrZ1UyRnNkbUZrYjNJcEtGVlVReTB3TWpvd01Da2dRMjl2Y21ScGJtRjBaV1FnVlc1cGRtVnljMkZzSUZScGJXVXRNREllS0ZWVVF5MHdNam93TUNrZ1RXbGtMVUYwYkdGdWRHbGpJQzBnVDJ4a0VpaFZWRU10TURFNk1EQXBJRUY2YjNKbGN4b29WVlJETFRBeE9qQXdLU0JEWVdKdklGWmxjbVJsSUVsekxpQW9WVlJES1NCRGIyOXlaR2x1WVhSbFpDQlZibWwyWlhKellXd2dWR2x0WlJZb1ZWUkRLekF3T2pBd0tTQkRZWE5oWW14aGJtTmhMU2hWVkVNck1EQTZNREFwSUVSMVlteHBiaXdnUldScGJtSjFjbWRvTENCTWFYTmliMjRzSUV4dmJtUnZiaDhvVlZSREt6QXdPakF3S1NCTmIyNXliM1pwWVN3Z1VtVjVhMnBoZG1sclBDaFZWRU1yTURFNk1EQXBJRUZ0YzNSbGNtUmhiU3dnUW1WeWJHbHVMQ0JDWlhKdUxDQlNiMjFsTENCVGRHOWphMmh2Ykcwc0lGWnBaVzV1WVQwb1ZWUkRLekF4T2pBd0tTQkNaV3huY21Ga1pTd2dRbkpoZEdsemJHRjJZU3dnUW5Wa1lYQmxjM1FzSUV4cWRXSnNhbUZ1WVN3Z1VISmhaM1ZsTHloVlZFTXJNREU2TURBcElFSnlkWE56Wld4ekxDQkRiM0JsYm1oaFoyVnVMQ0JOWVdSeWFXUXNJRkJoY21sekxDaFZWRU1yTURFNk1EQXBJRk5oY21GcVpYWnZMQ0JUYTI5d2FtVXNJRmRoY25OaGR5d2dXbUZuY21WaUh5aFZWRU1yTURFNk1EQXBJRmRsYzNRZ1EyVnVkSEpoYkNCQlpuSnBZMkVVS0ZWVVF5c3dNVG93TUNrZ1YybHVaR2h2WldzUktGVlVReXN3TWpvd01Da2dRVzF0WVc0ZEtGVlVReXN3TWpvd01Da2dRWFJvWlc1ekxDQkNkV05vWVhKbGMzUVNLRlZVUXlzd01qb3dNQ2tnUW1WcGNuVjBFU2hWVkVNck1ESTZNREFwSUVOaGFYSnZGQ2hWVkVNck1ESTZNREFwSUVOb2FYTnBibUYxRkNoVlZFTXJNREk2TURBcElFUmhiV0Z6WTNWekdDaFZWRU1yTURJNk1EQXBJRWRoZW1Fc0lFaGxZbkp2Ymh3b1ZWUkRLekF5T2pBd0tTQklZWEpoY21Vc0lGQnlaWFJ2Y21saE9TaFZWRU1yTURJNk1EQXBJRWhsYkhOcGJtdHBMQ0JMZVdsMkxDQlNhV2RoTENCVGIyWnBZU3dnVkdGc2JHbHViaXdnVm1sc2JtbDFjeFVvVlZSREt6QXlPakF3S1NCS1pYSjFjMkZzWlcwWEtGVlVReXN3TWpvd01Da2dTMkZzYVc1cGJtZHlZV1FUS0ZWVVF5c3dNam93TUNrZ1ZISnBjRzlzYVJNb1ZWUkRLekF6T2pBd0tTQkNZV2RvWkdGa0ZDaFZWRU1yTURNNk1EQXBJRWx6ZEdGdVluVnNHaWhWVkVNck1ETTZNREFwSUV0MWQyRnBkQ3dnVW1sNVlXUm9FU2hWVkVNck1ETTZNREFwSUUxcGJuTnJMU2hWVkVNck1ETTZNREFwSUUxdmMyTnZkeXdnVTNRdUlGQmxkR1Z5YzJKMWNtY3NJRlp2YkdkdlozSmhaQk1vVlZSREt6QXpPakF3S1NCT1lXbHliMkpwRWloVlZFTXJNRE02TXpBcElGUmxhSEpoYmgwb1ZWUkRLekEwT2pBd0tTQkJZblVnUkdoaFlta3NJRTExYzJOaGRDQW9WVlJES3pBME9qQXdLU0JCYzNSeVlXdG9ZVzRzSUZWc2VXRnViM1p6YXhBb1ZWUkRLekEwT2pBd0tTQkNZV3QxR3loVlZFTXJNRFE2TURBcElFbDZhR1YyYzJzc0lGTmhiV0Z5WVJZb1ZWUkRLekEwT2pBd0tTQlFiM0owSUV4dmRXbHpFeWhWVkVNck1EUTZNREFwSUZOaGNtRjBiM1lUS0ZWVVF5c3dORG93TUNrZ1ZHSnBiR2x6YVJNb1ZWUkRLekEwT2pBd0tTQlpaWEpsZG1GdUVTaFZWRU1yTURRNk16QXBJRXRoWW5Wc0hpaFZWRU1yTURVNk1EQXBJRUZ6YUdkaFltRjBMQ0JVWVhOb2EyVnVkQmdvVlZSREt6QTFPakF3S1NCRmEyRjBaWEpwYm1KMWNtY2VLRlZVUXlzd05Ub3dNQ2tnU1hOc1lXMWhZbUZrTENCTFlYSmhZMmhwTHloVlZFTXJNRFU2TXpBcElFTm9aVzV1WVdrc0lFdHZiR3RoZEdFc0lFMTFiV0poYVN3Z1RtVjNJRVJsYkdocEh5aFZWRU1yTURVNk16QXBJRk55YVNCS1lYbGhkMkZ5WkdWdVpYQjFjbUVWS0ZWVVF5c3dOVG8wTlNrZ1MyRjBhRzFoYm1SMUVpaFZWRU1yTURZNk1EQXBJRUZ6ZEdGdVlSRW9WVlJES3pBMk9qQXdLU0JFYUdGcllSQW9WVlJES3pBMk9qQXdLU0JQYlhOckhDaFZWRU1yTURZNk16QXBJRmxoYm1kdmJpQW9VbUZ1WjI5dmJpa2pLRlZVUXlzd056b3dNQ2tnUW1GdVoydHZheXdnU0dGdWIya3NJRXBoYTJGeWRHRWlLRlZVUXlzd056b3dNQ2tnUW1GeWJtRjFiQ3dnUjI5eWJtOHRRV3gwWVhsemF4QW9WVlJES3pBM09qQXdLU0JJYjNaa0Z5aFZWRU1yTURjNk1EQXBJRXR5WVhOdWIzbGhjbk5yRnloVlZFTXJNRGM2TURBcElFNXZkbTl6YVdKcGNuTnJFU2hWVkVNck1EYzZNREFwSUZSdmJYTnJNU2hWVkVNck1EZzZNREFwSUVKbGFXcHBibWNzSUVOb2IyNW5jV2x1Wnl3Z1NHOXVaeUJMYjI1bkxDQlZjblZ0Y1drVEtGVlVReXN3T0Rvd01Da2dTWEpyZFhSemF5TW9WVlJES3pBNE9qQXdLU0JMZFdGc1lTQk1kVzF3ZFhJc0lGTnBibWRoY0c5eVpSRW9WVlJES3pBNE9qQXdLU0JRWlhKMGFCSW9WVlJES3pBNE9qQXdLU0JVWVdsd1pXa1hLRlZVUXlzd09Eb3dNQ2tnVld4aFlXNWlZV0YwWVhJVktGVlVReXN3T0Rvek1Da2dVSGx2Ym1kNVlXNW5FU2hWVkVNck1EZzZORFVwSUVWMVkyeGhFU2hWVkVNck1EazZNREFwSUVOb2FYUmhJU2hWVkVNck1EazZNREFwSUU5ellXdGhMQ0JUWVhCd2IzSnZMQ0JVYjJ0NWJ4RW9WVlJES3pBNU9qQXdLU0JUWlc5MWJCTW9WVlJES3pBNU9qQXdLU0JaWVd0MWRITnJGQ2hWVkVNck1EazZNekFwSUVGa1pXeGhhV1JsRWloVlZFTXJNRGs2TXpBcElFUmhjbmRwYmhRb1ZWUkRLekV3T2pBd0tTQkNjbWx6WW1GdVpTY29WVlJES3pFd09qQXdLU0JEWVc1aVpYSnlZU3dnVFdWc1ltOTFjbTVsTENCVGVXUnVaWGtlS0ZWVVF5c3hNRG93TUNrZ1IzVmhiU3dnVUc5eWRDQk5iM0psYzJKNUVpaFZWRU1yTVRBNk1EQXBJRWh2WW1GeWRCY29WVlJES3pFd09qQXdLU0JXYkdGa2FYWnZjM1J2YXh3b1ZWUkRLekV3T2pNd0tTQk1iM0prSUVodmQyVWdTWE5zWVc1a0h5aFZWRU1yTVRFNk1EQXBJRUp2ZFdkaGFXNTJhV3hzWlNCSmMyeGhibVFXS0ZWVVF5c3hNVG93TUNrZ1EyaHZhM1Z5WkdGcmFCTW9WVlJES3pFeE9qQXdLU0JOWVdkaFpHRnVHaWhWVkVNck1URTZNREFwSUU1dmNtWnZiR3NnU1hOc1lXNWtGQ2hWVkVNck1URTZNREFwSUZOaGEyaGhiR2x1SmloVlZFTXJNVEU2TURBcElGTnZiRzl0YjI0Z1NYTXVMQ0JPWlhjZ1EyRnNaV1J2Ym1saExDaFZWRU1yTVRJNk1EQXBJRUZ1WVdSNWNpd2dVR1YwY205d1lYWnNiM1p6YXkxTFlXMWphR0YwYzJ0NUlDaFZWRU1yTVRJNk1EQXBJRUYxWTJ0c1lXNWtMQ0JYWld4c2FXNW5kRzl1S1NoVlZFTXJNVEk2TURBcElFTnZiM0prYVc1aGRHVmtJRlZ1YVhabGNuTmhiQ0JVYVcxbEt6RXlFQ2hWVkVNck1USTZNREFwSUVacGFta3FLRlZVUXlzeE1qb3dNQ2tnVUdWMGNtOXdZWFpzYjNaemF5MUxZVzFqYUdGMGMydDVJQzBnVDJ4a0d5aFZWRU1yTVRJNk5EVXBJRU5vWVhSb1lXMGdTWE5zWVc1a2N5a29WVlJES3pFek9qQXdLU0JEYjI5eVpHbHVZWFJsWkNCVmJtbDJaWEp6WVd3Z1ZHbHRaU3N4TXhZb1ZWUkRLekV6T2pBd0tTQk9kV3QxSjJGc2IyWmhFU2hWVkVNck1UTTZNREFwSUZOaGJXOWhIU2hWVkVNck1UUTZNREFwSUV0cGNtbDBhVzFoZEdrZ1NYTnNZVzVrRllnQkFUQVdSR0YwWld4cGJtVWdVM1JoYm1SaGNtUWdWR2x0WlFaVlZFTXRNVEVXUVd4bGRYUnBZVzRnVTNSaGJtUmhjbVFnVkdsdFpSWklZWGRoYVdsaGJpQlRkR0Z1WkdGeVpDQlVhVzFsRjAxaGNuRjFaWE5oY3lCVGRHRnVaR0Z5WkNCVWFXMWxGVUZzWVhOcllXNGdVM1JoYm1SaGNtUWdWR2x0WlFaVlZFTXRNRGtlVUdGamFXWnBZeUJUZEdGdVpHRnlaQ0JVYVcxbElDaE5aWGhwWTI4cEJsVlVReTB3T0JWUVlXTnBabWxqSUZOMFlXNWtZWEprSUZScGJXVVpWVk1nVFc5MWJuUmhhVzRnVTNSaGJtUmhjbVFnVkdsdFpSOU5iM1Z1ZEdGcGJpQlRkR0Z1WkdGeVpDQlVhVzFsSUNoTlpYaHBZMjhwRmsxdmRXNTBZV2x1SUZOMFlXNWtZWEprSUZScGJXVWRRMlZ1ZEhKaGJDQkJiV1Z5YVdOaElGTjBZVzVrWVhKa0lGUnBiV1VWUTJWdWRISmhiQ0JUZEdGdVpHRnlaQ0JVYVcxbEcwVmhjM1JsY2lCSmMyeGhibVFnVTNSaGJtUmhjbVFnVkdsdFpSNURaVzUwY21Gc0lGTjBZVzVrWVhKa0lGUnBiV1VnS0UxbGVHbGpieWtjUTJGdVlXUmhJRU5sYm5SeVlXd2dVM1JoYm1SaGNtUWdWR2x0WlJoVFFTQlFZV05wWm1saklGTjBZVzVrWVhKa0lGUnBiV1VlUldGemRHVnliaUJUZEdGdVpHRnlaQ0JVYVcxbElDaE5aWGhwWTI4cEZVVmhjM1JsY200Z1UzUmhibVJoY21RZ1ZHbHRaUk5JWVdsMGFTQlRkR0Z1WkdGeVpDQlVhVzFsRWtOMVltRWdVM1JoYm1SaGNtUWdWR2x0WlJoVlV5QkZZWE4wWlhKdUlGTjBZVzVrWVhKa0lGUnBiV1VXVUdGeVlXZDFZWGtnVTNSaGJtUmhjbVFnVkdsdFpSWkJkR3hoYm5ScFl5QlRkR0Z1WkdGeVpDQlVhVzFsRjFabGJtVjZkV1ZzWVNCVGRHRnVaR0Z5WkNCVWFXMWxIME5sYm5SeVlXd2dRbkpoZW1sc2FXRnVJRk4wWVc1a1lYSmtJRlJwYldVWVUwRWdWMlZ6ZEdWeWJpQlRkR0Z1WkdGeVpDQlVhVzFsR0ZCaFkybG1hV01nVTBFZ1UzUmhibVJoY21RZ1ZHbHRaUjVVZFhKcmN5QkJibVFnUTJGcFkyOXpJRk4wWVc1a1lYSmtJRlJwYldVYVRtVjNabTkxYm1Sc1lXNWtJRk4wWVc1a1lYSmtJRlJwYldVWFZHOWpZVzUwYVc1eklGTjBZVzVrWVhKa0lGUnBiV1VlUlM0Z1UyOTFkR2dnUVcxbGNtbGpZU0JUZEdGdVpHRnlaQ0JVYVcxbEdGTkJJRVZoYzNSbGNtNGdVM1JoYm1SaGNtUWdWR2x0WlJkQmNtZGxiblJwYm1FZ1UzUmhibVJoY21RZ1ZHbHRaUmRIY21WbGJteGhibVFnVTNSaGJtUmhjbVFnVkdsdFpSaE5iMjUwWlhacFpHVnZJRk4wWVc1a1lYSmtJRlJwYldVWVRXRm5ZV3hzWVc1bGN5QlRkR0Z1WkdGeVpDQlVhVzFsR2xOaGFXNTBJRkJwWlhKeVpTQlRkR0Z1WkdGeVpDQlVhVzFsRTBKaGFHbGhJRk4wWVc1a1lYSmtJRlJwYldVR1ZWUkRMVEF5R2sxcFpDMUJkR3hoYm5ScFl5QlRkR0Z1WkdGeVpDQlVhVzFsRkVGNmIzSmxjeUJUZEdGdVpHRnlaQ0JVYVcxbEdFTmhjR1VnVm1WeVpHVWdVM1JoYm1SaGNtUWdWR2x0WlFOVlZFTVZUVzl5YjJOamJ5QlRkR0Z1WkdGeVpDQlVhVzFsRVVkTlZDQlRkR0Z1WkdGeVpDQlVhVzFsRjBkeVpXVnVkMmxqYUNCVGRHRnVaR0Z5WkNCVWFXMWxGMWN1SUVWMWNtOXdaU0JUZEdGdVpHRnlaQ0JVYVcxbEhFTmxiblJ5WVd3Z1JYVnliM0JsSUZOMFlXNWtZWEprSUZScGJXVVZVbTl0WVc1alpTQlRkR0Z1WkdGeVpDQlVhVzFsSGtObGJuUnlZV3dnUlhWeWIzQmxZVzRnVTNSaGJtUmhjbVFnVkdsdFpSOVhMaUJEWlc1MGNtRnNJRUZtY21sallTQlRkR0Z1WkdGeVpDQlVhVzFsRlU1aGJXbGlhV0VnVTNSaGJtUmhjbVFnVkdsdFpSUktiM0prWVc0Z1UzUmhibVJoY21RZ1ZHbHRaUkZIVkVJZ1UzUmhibVJoY21RZ1ZHbHRaUmxOYVdSa2JHVWdSV0Z6ZENCVGRHRnVaR0Z5WkNCVWFXMWxFMFZuZVhCMElGTjBZVzVrWVhKa0lGUnBiV1VYUlM0Z1JYVnliM0JsSUZOMFlXNWtZWEprSUZScGJXVVRVM2x5YVdFZ1UzUmhibVJoY21RZ1ZHbHRaUmRYWlhOMElFSmhibXNnVTNSaGJtUmhjbVFnVkdsdFpScFRiM1YwYUNCQlpuSnBZMkVnVTNSaGJtUmhjbVFnVkdsdFpSRkdURVVnVTNSaGJtUmhjbVFnVkdsdFpSUkpjM0poWld3Z1UzUmhibVJoY21RZ1ZHbHRaUmxMWVd4cGJtbHVaM0poWkNCVGRHRnVaR0Z5WkNCVWFXMWxFMHhwWW5saElGTjBZVzVrWVhKa0lGUnBiV1VVUVhKaFltbGpJRk4wWVc1a1lYSmtJRlJwYldVVVZIVnlhMlY1SUZOMFlXNWtZWEprSUZScGJXVVNRWEpoWWlCVGRHRnVaR0Z5WkNCVWFXMWxGVUpsYkdGeWRYTWdVM1JoYm1SaGNtUWdWR2x0WlJWU2RYTnphV0Z1SUZOMFlXNWtZWEprSUZScGJXVVhSUzRnUVdaeWFXTmhJRk4wWVc1a1lYSmtJRlJwYldVU1NYSmhiaUJUZEdGdVpHRnlaQ0JVYVcxbEZVRnlZV0pwWVc0Z1UzUmhibVJoY21RZ1ZHbHRaUmRCYzNSeVlXdG9ZVzRnVTNSaGJtUmhjbVFnVkdsdFpSaEJlbVZ5WW1GcGFtRnVJRk4wWVc1a1lYSmtJRlJwYldVU1VuVnpjMmxoSUZScGJXVWdXbTl1WlNBekYwMWhkWEpwZEdsMWN5QlRkR0Z1WkdGeVpDQlVhVzFsRlZOaGNtRjBiM1lnVTNSaGJtUmhjbVFnVkdsdFpSWkhaVzl5WjJsaGJpQlRkR0Z1WkdGeVpDQlVhVzFsRmtOaGRXTmhjM1Z6SUZOMFlXNWtZWEprSUZScGJXVVpRV1puYUdGdWFYTjBZVzRnVTNSaGJtUmhjbVFnVkdsdFpSZFhaWE4wSUVGemFXRWdVM1JoYm1SaGNtUWdWR2x0WlJwRmEyRjBaWEpwYm1KMWNtY2dVM1JoYm1SaGNtUWdWR2x0WlJaUVlXdHBjM1JoYmlCVGRHRnVaR0Z5WkNCVWFXMWxFMGx1WkdsaElGTjBZVzVrWVhKa0lGUnBiV1VYVTNKcElFeGhibXRoSUZOMFlXNWtZWEprSUZScGJXVVRUbVZ3WVd3Z1UzUmhibVJoY21RZ1ZHbHRaUnBEWlc1MGNtRnNJRUZ6YVdFZ1UzUmhibVJoY21RZ1ZHbHRaUmhDWVc1bmJHRmtaWE5vSUZOMFlXNWtZWEprSUZScGJXVVNUMjF6YXlCVGRHRnVaR0Z5WkNCVWFXMWxGVTE1WVc1dFlYSWdVM1JoYm1SaGNtUWdWR2x0WlJWVFJTQkJjMmxoSUZOMFlXNWtZWEprSUZScGJXVVRRV3gwWVdrZ1UzUmhibVJoY21RZ1ZHbHRaUmxYTGlCTmIyNW5iMnhwWVNCVGRHRnVaR0Z5WkNCVWFXMWxHRTV2Y25Sb0lFRnphV0VnVTNSaGJtUmhjbVFnVkdsdFpSMU9MaUJEWlc1MGNtRnNJRUZ6YVdFZ1UzUmhibVJoY21RZ1ZHbHRaUk5VYjIxemF5QlRkR0Z1WkdGeVpDQlVhVzFsRTBOb2FXNWhJRk4wWVc1a1lYSmtJRlJwYldVZFRtOXlkR2dnUVhOcFlTQkZZWE4wSUZOMFlXNWtZWEprSUZScGJXVVhVMmx1WjJGd2IzSmxJRk4wWVc1a1lYSmtJRlJwYldVYVZ5NGdRWFZ6ZEhKaGJHbGhJRk4wWVc1a1lYSmtJRlJwYldVVVZHRnBjR1ZwSUZOMFlXNWtZWEprSUZScGJXVVpWV3hoWVc1aVlXRjBZWElnVTNSaGJtUmhjbVFnVkdsdFpSbE9iM0owYUNCTGIzSmxZU0JUZEdGdVpHRnlaQ0JVYVcxbEhFRjFjeUJEWlc1MGNtRnNJRmN1SUZOMFlXNWtZWEprSUZScGJXVVpWSEpoYm5OaVlXbHJZV3dnVTNSaGJtUmhjbVFnVkdsdFpSTlViMnQ1YnlCVGRHRnVaR0Z5WkNCVWFXMWxFMHR2Y21WaElGTjBZVzVrWVhKa0lGUnBiV1VWV1dGcmRYUnpheUJUZEdGdVpHRnlaQ0JVYVcxbEhFTmxiaTRnUVhWemRISmhiR2xoSUZOMFlXNWtZWEprSUZScGJXVVpRVlZUSUVObGJuUnlZV3dnVTNSaGJtUmhjbVFnVkdsdFpScEZMaUJCZFhOMGNtRnNhV0VnVTNSaGJtUmhjbVFnVkdsdFpSbEJWVk1nUldGemRHVnliaUJUZEdGdVpHRnlaQ0JVYVcxbEdsZGxjM1FnVUdGamFXWnBZeUJUZEdGdVpHRnlaQ0JVYVcxbEZsUmhjMjFoYm1saElGTjBZVzVrWVhKa0lGUnBiV1VaVm14aFpHbDJiM04wYjJzZ1UzUmhibVJoY21RZ1ZHbHRaUmRNYjNKa0lFaHZkMlVnVTNSaGJtUmhjbVFnVkdsdFpScENiM1ZuWVdsdWRtbHNiR1VnVTNSaGJtUmhjbVFnVkdsdFpSTlNkWE56YVdFZ1ZHbHRaU0JhYjI1bElERXdGVTFoWjJGa1lXNGdVM1JoYm1SaGNtUWdWR2x0WlJWT2IzSm1iMnhySUZOMFlXNWtZWEprSUZScGJXVVdVMkZyYUdGc2FXNGdVM1JoYm1SaGNtUWdWR2x0WlIxRFpXNTBjbUZzSUZCaFkybG1hV01nVTNSaGJtUmhjbVFnVkdsdFpSTlNkWE56YVdFZ1ZHbHRaU0JhYjI1bElERXhHVTVsZHlCYVpXRnNZVzVrSUZOMFlXNWtZWEprSUZScGJXVUdWVlJES3pFeUVrWnBhbWtnVTNSaGJtUmhjbVFnVkdsdFpSZExZVzFqYUdGMGEyRWdVM1JoYm1SaGNtUWdWR2x0WlIxRGFHRjBhR0Z0SUVsemJHRnVaSE1nVTNSaGJtUmhjbVFnVkdsdFpRWlZWRU1yTVRNVFZHOXVaMkVnVTNSaGJtUmhjbVFnVkdsdFpSTlRZVzF2WVNCVGRHRnVaR0Z5WkNCVWFXMWxHa3hwYm1VZ1NYTnNZVzVrY3lCVGRHRnVaR0Z5WkNCVWFXMWxGQ3NEaUFGbloyZG5aMmRuWjJkbloyZG5aMmRuWjJkbloyZG5aMmRuWjJkbloyZG5aMmRuWjJkbloyZG5aMmRuWjJkbloyZG5aMmRuWjJkbloyZG5aMmRuWjJkbloyZG5aMmRuWjJkbloyZG5aMmRuWjJkbloyZG5aMmRuWjJkbloyZG5aMmRuWjJkbloyZG5aMmRuWjJkbloyZG5aMmRuWjJkbloyZG5aMmRuWjJkbloyZG5aMmRuWjJkblpHUUNFdzlrRmdJQ0FROWtGaFFDQVE4V0FoOERCUkpQZEdobGNpQkpibVp2Y20xaGRHbHZianBrQWdNUFpCWUVBZ0VQWkJZQ0FnRVBGZ0lmQXdVTlJHbHlaV04wUW1sc2JHbHVaMlFDQmc4VkEweERiMjUwWlc1MFVHeGhZMlZJYjJ4a1pYSkVaV1poZFd4MFgwMWhjM1JsY2xCc1lXTmxhRzlzWkdWeVgwTm9ZVzVuWlVGa1pISmxjM05mTmw5amFHSkVhWEpsWTNSQ2FXeHNhVzVuSDBScGNtVmpkQ0JDYVd4c2FXNW5JRWx1Wm05eWJXRjBhVzl1SUZSbGVIUWZSR2x5WldOMElFSnBiR3hwYm1jZ1NXNXpkSEoxWTNScGIyNGdWR1Y0ZEdRQ0JROWtGZ1lDQVE5a0ZnSUNBUThQRmdJZkF3VVJRbWxzYkdsdVowRm5aVzVqZVU1aGJXVmtaQUlGRHhBUEZnSWZFR2RrWkJZQVpBSUhEeFlDSHdSbkZnSm1EeFVCTjA1dklHRm5aVzVqYVdWeklHNWhiV1VnWm05MWJtUXNJRkJzWldGelpTQmpiMjUwWVdOMElHTjFjM1J2YldWeUlITjFjSEJ2Y25Sa0FnY1BaQllFQWdFUFpCWUNBZ0VQRHhZQ0h3TUZDazltWm1salpVNWhiV1ZrWkFJRkR4QVBGZ0lmRUdka1pCWUFaQUlKRDJRV0FnSUJEMlFXQWdJQkR3OFdBaDhEQlE5UGRHaGxja0ZuWlc1amVVbHVabTlrWkFJTEQyUVdBZ0lCRDJRV0FnSUJEdzhXQWg4REJROVpiM1Z5UTI5dWRHRmpkRTVoYldWa1pBSU5EMlFXQWdJQkQyUVdBZ0lCRHc4V0FoOERCUXhEYjI1MFlXTjBVR2h2Ym1Wa1pBSVBEdzhXQWg4RVoyUVdCQUlCRDJRV0FnSUJEdzhXQWg4REJSQkJaR1JwZEdsdmJtRnNJRVZ0WVdsc1pHUUNCUThQRmdJZkMyaGtaQUlSRHc4V0FoOEVaMlFXQkFJQkQyUVdBZ0lCRHc4V0JoOERCUlJRY21salpVRm5jbVZsYldWdWRFNTFiV0psY2g4SEJSY2djbVZ4ZFdseVpXUkdhV1ZzWkVOb1lYSmhZM1JsY2g4SUFnSmtaQUlGRHc4V0FoOERCUVZ3Y21salpXUmtBaE1QRHhZQ0h3Um5aQllFQWdFUFpCWUNBZ0VQRmdJZkF3VUlRMkZ0Y0dGcFoyNWtBZ1VQRUE4V0FoOFFaMlFQRmdKbUFnRVdBaEFGQ2s1bGQzTk1aWFIwWlhJRkZWTjFZbk5qY21saVpWUnZUbVYzYzB4bGRIUmxjbWNRQlFaVGRYSjJaWGtGQmxOMWNuWmxlV2NXQUdRQ0ZROFBGZ0lmQXdVRVUyRjJaV1JrQWhjUFpCWUNBZ0VQRmdJZkF3VWNLaUJVYUdWelpTQm1hV1ZzWkhNZ1lYSmxJRzFoYm1SaGRHOXllV1FDR1E5a0ZnSUNBUThXQWg4RFpXUUNCUTlrRmdKbUR3OFdBaDhOQlJOTmVTQkJZMk52ZFc1MElGTmxkSFJwYm1kelpCWVVBZ01QRmdJZkF3VVBRV05qYjNWdWRDQkVaWFJoYVd4elpBSUZEeFlDSHdNRkRFRmpZMjkxYm5RZ1RtOHVPbVFDQnc4V0FoOERCUVF4T0RRMlpBSUpEeFlDSHdNRkMwTnZiblJoWTNRZ1NVUTZaQUlMRHhZQ0h3TUZDek14TVRBd01EQXpNalU1WkFJTkR4WUNId01GQ2xOdmJHUlVieUJKUkRwa0FnOFBGZ0lmQXdVRlpXMXdkSGxrQWhFUFpCWUVBZ0VQRmdJZkF3VmlVSEpwWTJVZ1FXZHlaV1Z0Wlc1MElFNXZMam9nUEhOd1lXNGdZMnhoYzNNOUluUnZiMngwYVhCZmFXTnZiaUlnZEdsMGJHVTlJblJ2YjJ4MGFYQWdabTl5SUhCeWFXTmxJR0ZuY21WbGJXVnVkQ0J1ZFcxaVpYSWlQand2YzNCaGJqNWtBZ01QRmdJZkF3VUZjSEpwWTJWa0FoTVBaQllRQWdFUEZnSWZBd1VOVEc5bmFXNGdSR1YwWVdsc2MyUUNBdzhXQWg4REJRaFhaV0pzYjJkcGJtUUNCUThXQWg4REJSWndiblJsYzNRd01ERkFaWFZ5YjJacGJuTXVZMjl0WkFJSkQyUVdBZ0lCRHc4V0JoOERCUkZEZFhKeVpXNTBJRkJoYzNOM2IzSmtPaDhIQlJjZ2NtVnhkV2x5WldSR2FXVnNaRU5vWVhKaFkzUmxjaDhJQWdKa1pBSUxEMlFXQWdJQkR4WUNId01GRFU1bGR5QlFZWE56ZDI5eVpEcGtBZzBQWkJZQ0FnRVBEeFlHSHdNRkVFTnZibVpwY20wZ1VHRnpjM2R2Y21RZkJ3VVhJSEpsY1hWcGNtVmtSbWxsYkdSRGFHRnlZV04wWlhJZkNBSUNaR1FDRHc5a0ZnWm1EeFVCYUVOdmJuUmxiblJRYkdGalpVaHZiR1JsY2tSbFptRjFiSFJmVFdGemRHVnlVR3hoWTJWb2IyeGtaWEpmZFdOTmVVRmpZMjkxYm5SVFpYUjBhVzVuYzE4M1gzWnpRMmhoYm1kbFVHRnpjM2R2Y21SZlpXTnZiVlpoYkdsa1lYUnBiMjVUZFcxdFlYSjVaQUlCRHc4V0FoNFBWbUZzYVdSaGRHbHZia2R5YjNWd0JRNURhR0Z1WjJWUVlYTnpkMjl5WkdSa0FnSVBGUUZvUTI5dWRHVnVkRkJzWVdObFNHOXNaR1Z5UkdWbVlYVnNkRjlOWVhOMFpYSlFiR0ZqWldodmJHUmxjbDkxWTAxNVFXTmpiM1Z1ZEZObGRIUnBibWR6WHpkZmRuTkRhR0Z1WjJWUVlYTnpkMjl5WkY5bFkyOXRWbUZzYVdSaGRHbHZibE4xYlcxaGNubGtBaEFQRlFGeFEyOXVkR1Z1ZEZCc1lXTmxTRzlzWkdWeVJHVm1ZWFZzZEY5TllYTjBaWEpRYkdGalpXaHZiR1JsY2w5MVkwMTVRV05qYjNWdWRGTmxkSFJwYm1kelh6ZGZjRzVzUkhKaFoyRmliR1ZYYVc1a2IzZERiMjUwWlc1MFgwbHViR2x1WlUxbGMzTmhaMlZEYjI1MFlXbHVaWEprQWhVUER4WUNId01GQkZOaGRtVmtaQUlIRDJRV0FtWVBEeFlDSHcwRkVVUnliM0JpYjNnZ1RHOWpZWFJwYjI1elpCWUtBZ01QRmdJZkF3VVRVMlZzWldOMElIbHZkWElnWkhKdmNHSnZlR1FDQlE4V0FoOERCU1ZFYVhOd2JHRjVJRVJ5YjNCQ2IzaGxjeUJwYmlBeU1DQk5hV3hsSUhKaGJtZGxJRzltWkFJSER3OFdBaDhEQlFZMU5qQXdOREprWkFJSUR4VUJhVU52Ym5SbGJuUlFiR0ZqWlVodmJHUmxja1JsWm1GMWJIUmZUV0Z6ZEdWeVVHeGhZMlZvYjJ4a1pYSmZkV05FY205d1FtOTRaWE5mT0Y5d2JteEVjbUZuWVdKc1pWZHBibVJ2ZDBOdmJuUmxiblJmU1c1c2FXNWxUV1Z6YzJGblpVTnZiblJoYVc1bGNtUUNDUThQRmdJZkJHaGtGZ1lDQVE4V0FoNEZWbUZzZFdWa1pBSUREeFlDSHhRRlEzc2lSR2x6ZEdGdVkyVkpibEpoWkdsMWN5STZNakFzSWxWdWFYUlBaa1JwYzNSaGJtTmxJam95TENKSmJtbDBhV0ZzVFdGd1dtOXZiVXhsZG1Wc0lqb3hOWDFrQWdjUEZnSWVDMThoU1hSbGJVTnZkVzUwQXYvLy8vOFBaQUlWRDJRV0FtWVBaQllDWmc4VkFhWUdkbUZ5SUhOb2IzZFFjbTluY21WemMwSmhja0ZtZEdWeVBUSXdNRHNOQ25aaGNpQnRaWE56WVdkbFVISnZaM0psYzNOQ1lYSTlKMUJzWldGelpTQjNZV2wwTGk0dUp6c05DblpoY2lCd2NtOW5jbVZ6YzBKaGNsUnBkR3hsUFNkUWJHVmhjMlVnZDJGcGRDNHVMaWM3RFFwMllYSWdjSEp2WjNKbGMzTkNZWEpEWVc1alpXeENkWFIwYjI1VVpYaDBQU2REWVc1alpXd25PdzBLZG1GeUlHRnNaWEowVFdWemMyRm5aVUoxZEhSdmJsUmxlSFE5SjA5ckp6c05DblpoY2lCaGJHVnlkRTFsYzNOaFoyVlVhWFJzWlQwblFXeGxjblFnVFdWemMyRm5aU2M3RFFwMllYSWdiM0JsY205dVUybDBaVlZ5YkQwbkp6c05DblpoY2lCamRYSnlaVzUwVTJsMFpVTnZaR1U5SjBWQ1JTYzdEUXAyWVhJZ2MzVmlSRzl0WVdsdVBTZFJRU2M3RFFwMllYSWdjRzl5ZEU1MWJXSmxjajBuT0RFbk93MEtkbUZ5SUhCeVpVeHZZV1JKYldGblpVeHBjM1E5V3ljdlkzTnpMMlY0ZEM5cWNYVmxjbmwwYUdWdFpYTXZhVzFoWjJWekwzVnBMV0puWDJkc1lYTnpYelUxWHpGak1XTXhZMTh4ZURRd01DNXdibWNuWFRzTkNuWmhjaUJ3Y21samFXNW5SR1YwWVdsc2MwTnNiM05sUW5WMGRHOXVWR1Y0ZEQwblEyeHZjMlVuT3cwS2RtRnlJRUZrWkVKMWRIUnZibEpsYzI5MWNtTmxWR1Y0ZENBOUlDZEJaR1FuT3cwS2RtRnlJRU5oYm1ObGJFSjFkSFJ2YmxKbGMyOTFjbU5sVkdWNGRDQTlJQ2REWVc1alpXd25PdzBLZG1GeUlFTnNiM05sUW5WMGRHOXVVbVZ6YjNWeVkyVlVaWGgwSUQwZ0owTnNiM05sSnpzTkNuWmhjaUJUWVhabFFuVjBkRzl1VW1WemIzVnlZMlZVWlhoMElEMGdKMU5oZG1Vbk93MEtkbUZ5SUU1dlFuVjBkRzl1VW1WemIzVnlZMlZVWlhoMElEMGdKMDV2SnpzTkNuWmhjaUJaWlhOQ2RYUjBiMjVTWlhOdmRYSmpaVlJsZUhRZ1BTQW5XV1Z6SnpzTkNuWmhjaUJVYUdsamEwSnZlRU5zYjNObFZHVjRkRkpsYzI5MWNtTmxJRDBnSjI5eUlFVnpZeUJMWlhrbk93MEtkbUZ5SUZSb2FXTnJRbTk0UTJ4dmMyVk1hVzVyVW1WemIzVnlZMlVnUFNBblkyeHZjMlVuT3cwS2RtRnlJR1JsY0d4dmVXMWxiblJGYm5acGNtOXViV1Z1ZENBOUlDZFJRU2M3RFFwa1pPLzlPTHEvV1JYN0hPdlJ5V3JFaXAvcENrRmJvNTZGcWxxZEJ6R0Z3dlJyIiBDb3JyZWxhdGlvbkJpbmRpbmc9IiIgVXJsRW5jb2RlPSJUcnVlIiAvPg0KICAgICAgICA8Rm9ybVBvc3RQYXJhbWV0ZXIgTmFtZT0iY3RsMDAkY3RsMDAkY3RsMDAkQ29udGVudFBsYWNlSG9sZGVyRGVmYXVsdCRUb3BMb2dnZWRJbl8xJGhkblNjcmVlbkFyZWEiIFZhbHVlPSJ7eyRISURERU4xLmN0bDAwJGN0bDAwJGN0bDAwJENvbnRlbnRQbGFjZUhvbGRlckRlZmF1bHQkVG9wTG9nZ2VkSW5fMSRoZG5TY3JlZW5BcmVhfX0iIFJlY29yZGVkVmFsdWU9IiIgQ29ycmVsYXRpb25CaW5kaW5nPSIiIFVybEVuY29kZT0iVHJ1ZSIgLz4NCiAgICAgICAgPEZvcm1Qb3N0UGFyYW1ldGVyIE5hbWU9ImN0bDAwJGN0bDAwJGN0bDAwJENvbnRlbnRQbGFjZUhvbGRlckRlZmF1bHQkQ2FydE92ZXJ2aWV3XzMkaGRuRmllbGRTZWxlY3RlZE9yZGVySXRlbUNoZWNrb3V0U3RhdGVzIiBWYWx1ZT0ie3skSElEREVOMS5jdGwwMCRjdGwwMCRjdGwwMCRDb250ZW50UGxhY2VIb2xkZXJEZWZhdWx0JENhcnRPdmVydmlld18zJGhkbkZpZWxkU2VsZWN0ZWRPcmRlckl0ZW1DaGVja291dFN0YXRlc319IiBSZWNvcmRlZFZhbHVlPSIiIENvcnJlbGF0aW9uQmluZGluZz0iIiBVcmxFbmNvZGU9IlRydWUiIC8+DQogICAgICAgIDxGb3JtUG9zdFBhcmFtZXRlciBOYW1lPSJjdGwwMCRjdGwwMCRjdGwwMCRDb250ZW50UGxhY2VIb2xkZXJEZWZhdWx0JENhcnRPdmVydmlld18zJGhkbkZpZWxkQ29tcGxldGVDYXJ0Q2hlY2tvdXRTdGF0ZUVudW1zIiBWYWx1ZT0ie3skSElEREVOMS5jdGwwMCRjdGwwMCRjdGwwMCRDb250ZW50UGxhY2VIb2xkZXJEZWZhdWx0JENhcnRPdmVydmlld18zJGhkbkZpZWxkQ29tcGxldGVDYXJ0Q2hlY2tvdXRTdGF0ZUVudW1zfX0iIFJlY29yZGVkVmFsdWU9IiIgQ29ycmVsYXRpb25CaW5kaW5nPSIiIFVybEVuY29kZT0iVHJ1ZSIgLz4NCiAgICAgICAgPEZvcm1Qb3N0UGFyYW1ldGVyIE5hbWU9ImN0bDAwJGN0bDAwJGN0bDAwJENvbnRlbnRQbGFjZUhvbGRlckRlZmF1bHQkQ2FydE92ZXJ2aWV3XzMkaGRuRmllbGRTZWxlY3RlZEl0ZW1JZHMiIFZhbHVlPSJ7eyRISURERU4xLmN0bDAwJGN0bDAwJGN0bDAwJENvbnRlbnRQbGFjZUhvbGRlckRlZmF1bHQkQ2FydE92ZXJ2aWV3XzMkaGRuRmllbGRTZWxlY3RlZEl0ZW1JZHN9fSIgUmVjb3JkZWRWYWx1ZT0iIiBDb3JyZWxhdGlvbkJpbmRpbmc9IiIgVXJsRW5jb2RlPSJUcnVlIiAvPg0KICAgICAgICA8Rm9ybVBvc3RQYXJhbWV0ZXIgTmFtZT0iY3RsMDAkY3RsMDAkY3RsMDAkQ29udGVudFBsYWNlSG9sZGVyRGVmYXVsdCRDYXJ0T3ZlcnZpZXdfMyRoZG5TY3JlZW5BcmVhIiBWYWx1ZT0ie3skSElEREVOMS5jdGwwMCRjdGwwMCRjdGwwMCRDb250ZW50UGxhY2VIb2xkZXJEZWZhdWx0JENhcnRPdmVydmlld18zJGhkblNjcmVlbkFyZWF9fSIgUmVjb3JkZWRWYWx1ZT0iIiBDb3JyZWxhdGlvbkJpbmRpbmc9IiIgVXJsRW5jb2RlPSJUcnVlIiAvPg0KICAgICAgICA8Rm9ybVBvc3RQYXJhbWV0ZXIgTmFtZT0iY3RsMDAkY3RsMDAkY3RsMDAkQ29udGVudFBsYWNlSG9sZGVyRGVmYXVsdCRNYXN0ZXJQbGFjZWhvbGRlciRSZXF1aXJlVXNlckxvZ2luXzUkaGRuU2NyZWVuQXJlYSIgVmFsdWU9Int7JEhJRERFTjEuY3RsMDAkY3RsMDAkY3RsMDAkQ29udGVudFBsYWNlSG9sZGVyRGVmYXVsdCRNYXN0ZXJQbGFjZWhvbGRlciRSZXF1aXJlVXNlckxvZ2luXzUkaGRuU2NyZWVuQXJlYX19IiBSZWNvcmRlZFZhbHVlPSIiIENvcnJlbGF0aW9uQmluZGluZz0iIiBVcmxFbmNvZGU9IlRydWUiIC8+DQogICAgICAgIDxGb3JtUG9zdFBhcmFtZXRlciBOYW1lPSJjdGwwMCRjdGwwMCRjdGwwMCRDb250ZW50UGxhY2VIb2xkZXJEZWZhdWx0JE1hc3RlclBsYWNlaG9sZGVyJENoYW5nZUFkZHJlc3NfNiRoZG5TdGF0ZUtleSIgVmFsdWU9Int7JEhJRERFTjEuY3RsMDAkY3RsMDAkY3RsMDAkQ29udGVudFBsYWNlSG9sZGVyRGVmYXVsdCRNYXN0ZXJQbGFjZWhvbGRlciRDaGFuZ2VBZGRyZXNzXzYkaGRuU3RhdGVLZXl9fSIgUmVjb3JkZWRWYWx1ZT0iSU4tS0EiIENvcnJlbGF0aW9uQmluZGluZz0iIiBVcmxFbmNvZGU9IlRydWUiIC8+DQogICAgICAgIDxGb3JtUG9zdFBhcmFtZXRlciBOYW1lPSJjdGwwMCRjdGwwMCRjdGwwMCRDb250ZW50UGxhY2VIb2xkZXJEZWZhdWx0JE1hc3RlclBsYWNlaG9sZGVyJENoYW5nZUFkZHJlc3NfNiRoZG5CaWxsaW5nQWdlbmNpZXMiIFZhbHVlPSJ7eyRISURERU4xLmN0bDAwJGN0bDAwJGN0bDAwJENvbnRlbnRQbGFjZUhvbGRlckRlZmF1bHQkTWFzdGVyUGxhY2Vob2xkZXIkQ2hhbmdlQWRkcmVzc182JGhkbkJpbGxpbmdBZ2VuY2llc319IiBSZWNvcmRlZFZhbHVlPSIiIENvcnJlbGF0aW9uQmluZGluZz0iIiBVcmxFbmNvZGU9IlRydWUiIC8+DQogICAgICAgIDxGb3JtUG9zdFBhcmFtZXRlciBOYW1lPSJjdGwwMCRjdGwwMCRjdGwwMCRDb250ZW50UGxhY2VIb2xkZXJEZWZhdWx0JE1hc3RlclBsYWNlaG9sZGVyJENoYW5nZUFkZHJlc3NfNiRoZG5Db250YWN0QWRkcmVzcyIgVmFsdWU9Int7JEhJRERFTjEuY3RsMDAkY3RsMDAkY3RsMDAkQ29udGVudFBsYWNlSG9sZGVyRGVmYXVsdCRNYXN0ZXJQbGFjZWhvbGRlciRDaGFuZ2VBZGRyZXNzXzYkaGRuQ29udGFjdEFkZHJlc3N9fSIgUmVjb3JkZWRWYWx1ZT0iIiBDb3JyZWxhdGlvbkJpbmRpbmc9IiIgVXJsRW5jb2RlPSJUcnVlIiAvPg0KICAgICAgICA8Rm9ybVBvc3RQYXJhbWV0ZXIgTmFtZT0iY3RsMDAkY3RsMDAkY3RsMDAkQ29udGVudFBsYWNlSG9sZGVyRGVmYXVsdCRNYXN0ZXJQbGFjZWhvbGRlciRDaGFuZ2VBZGRyZXNzXzYkaGRuQmlsbGluZ0FnZW5jeUlkIiBWYWx1ZT0ie3skSElEREVOMS5jdGwwMCRjdGwwMCRjdGwwMCRDb250ZW50UGxhY2VIb2xkZXJEZWZhdWx0JE1hc3RlclBsYWNlaG9sZGVyJENoYW5nZUFkZHJlc3NfNiRoZG5CaWxsaW5nQWdlbmN5SWR9fSIgUmVjb3JkZWRWYWx1ZT0iIiBDb3JyZWxhdGlvbkJpbmRpbmc9IiIgVXJsRW5jb2RlPSJUcnVlIiAvPg0KICAgICAgICA8Rm9ybVBvc3RQYXJhbWV0ZXIgTmFtZT0iY3RsMDAkY3RsMDAkY3RsMDAkQ29udGVudFBsYWNlSG9sZGVyRGVmYXVsdCRNYXN0ZXJQbGFjZWhvbGRlciRDaGFuZ2VBZGRyZXNzXzYkaGRuQmlsbGluZ0FnZW5jeU5hbWUiIFZhbHVlPSJ7eyRISURERU4xLmN0bDAwJGN0bDAwJGN0bDAwJENvbnRlbnRQbGFjZUhvbGRlckRlZmF1bHQkTWFzdGVyUGxhY2Vob2xkZXIkQ2hhbmdlQWRkcmVzc182JGhkbkJpbGxpbmdBZ2VuY3lOYW1lfX0iIFJlY29yZGVkVmFsdWU9IiIgQ29ycmVsYXRpb25CaW5kaW5nPSIiIFVybEVuY29kZT0iVHJ1ZSIgLz4NCiAgICAgICAgPEZvcm1Qb3N0UGFyYW1ldGVyIE5hbWU9ImN0bDAwJGN0bDAwJGN0bDAwJENvbnRlbnRQbGFjZUhvbGRlckRlZmF1bHQkTWFzdGVyUGxhY2Vob2xkZXIkQ2hhbmdlQWRkcmVzc182JGhkbk9mZmljZU5hbWUiIFZhbHVlPSJ7eyRISURERU4xLmN0bDAwJGN0bDAwJGN0bDAwJENvbnRlbnRQbGFjZUhvbGRlckRlZmF1bHQkTWFzdGVyUGxhY2Vob2xkZXIkQ2hhbmdlQWRkcmVzc182JGhkbk9mZmljZU5hbWV9fSIgUmVjb3JkZWRWYWx1ZT0iIiBDb3JyZWxhdGlvbkJpbmRpbmc9IiIgVXJsRW5jb2RlPSJUcnVlIiAvPg0KICAgICAgICA8Rm9ybVBvc3RQYXJhbWV0ZXIgTmFtZT0iY3RsMDAkY3RsMDAkY3RsMDAkQ29udGVudFBsYWNlSG9sZGVyRGVmYXVsdCRNYXN0ZXJQbGFjZWhvbGRlciRDaGFuZ2VBZGRyZXNzXzYkdHh0VGl0bGUiIFZhbHVlPSJNUiIgUmVjb3JkZWRWYWx1ZT0iTVIiIENvcnJlbGF0aW9uQmluZGluZz0ie3tGb3JtUG9zdFBhcmFtMS5jdGwwMCRjdGwwMCRjdGwwMCRDb250ZW50UGxhY2VIb2xkZXJEZWZhdWx0JE1hc3RlclBsYWNlaG9sZGVyJENoYW5nZUFkZHJlc3NfNiR0eHRUaXRsZX19IiBVcmxFbmNvZGU9IlRydWUiIC8+DQogICAgICAgIDxGb3JtUG9zdFBhcmFtZXRlciBOYW1lPSJjdGwwMCRjdGwwMCRjdGwwMCRDb250ZW50UGxhY2VIb2xkZXJEZWZhdWx0JE1hc3RlclBsYWNlaG9sZGVyJENoYW5nZUFkZHJlc3NfNiR0eHRGaXJzdG5hbWUiIFZhbHVlPSJwbnRlc3RmMDAxIiBSZWNvcmRlZFZhbHVlPSJwbnRlc3RmMDAxIiBDb3JyZWxhdGlvbkJpbmRpbmc9Int7Rm9ybVBvc3RQYXJhbTIuY3RsMDAkY3RsMDAkY3RsMDAkQ29udGVudFBsYWNlSG9sZGVyRGVmYXVsdCRNYXN0ZXJQbGFjZWhvbGRlciRDaGFuZ2VBZGRyZXNzXzYkdHh0Rmlyc3RuYW1lfX0iIFVybEVuY29kZT0iVHJ1ZSIgLz4NCiAgICAgICAgPEZvcm1Qb3N0UGFyYW1ldGVyIE5hbWU9ImN0bDAwJGN0bDAwJGN0bDAwJENvbnRlbnRQbGFjZUhvbGRlckRlZmF1bHQkTWFzdGVyUGxhY2Vob2xkZXIkQ2hhbmdlQWRkcmVzc182JHR4dExhc3RuYW1lIiBWYWx1ZT0icG50ZXN0bDAwMSIgUmVjb3JkZWRWYWx1ZT0icG50ZXN0bDAwMSIgQ29ycmVsYXRpb25CaW5kaW5nPSJ7e0Zvcm1Qb3N0UGFyYW0zLmN0bDAwJGN0bDAwJGN0bDAwJENvbnRlbnRQbGFjZUhvbGRlckRlZmF1bHQkTWFzdGVyUGxhY2Vob2xkZXIkQ2hhbmdlQWRkcmVzc182JHR4dExhc3RuYW1lfX0iIFVybEVuY29kZT0iVHJ1ZSIgLz4NCiAgICAgICAgPEZvcm1Qb3N0UGFyYW1ldGVyIE5hbWU9ImN0bDAwJGN0bDAwJGN0bDAwJENvbnRlbnRQbGFjZUhvbGRlckRlZmF1bHQkTWFzdGVyUGxhY2Vob2xkZXIkQ2hhbmdlQWRkcmVzc182JHR4dENvbXBhbnkiIFZhbHVlPSJFdXJvZmlucyIgUmVjb3JkZWRWYWx1ZT0iRXVyb2ZpbnMiIENvcnJlbGF0aW9uQmluZGluZz0ie3tGb3JtUG9zdFBhcmFtNC5jdGwwMCRjdGwwMCRjdGwwMCRDb250ZW50UGxhY2VIb2xkZXJEZWZhdWx0JE1hc3RlclBsYWNlaG9sZGVyJENoYW5nZUFkZHJlc3NfNiR0eHRDb21wYW55fX0iIFVybEVuY29kZT0iVHJ1ZSIgLz4NCiAgICAgICAgPEZvcm1Qb3N0UGFyYW1ldGVyIE5hbWU9ImN0bDAwJGN0bDAwJGN0bDAwJENvbnRlbnRQbGFjZUhvbGRlckRlZmF1bHQkTWFzdGVyUGxhY2Vob2xkZXIkQ2hhbmdlQWRkcmVzc182JHR4dERlcGFydG1lbnQiIFZhbHVlPSJJVCIgUmVjb3JkZWRWYWx1ZT0iSVQiIENvcnJlbGF0aW9uQmluZGluZz0ie3tGb3JtUG9zdFBhcmFtNS5jdGwwMCRjdGwwMCRjdGwwMCRDb250ZW50UGxhY2VIb2xkZXJEZWZhdWx0JE1hc3RlclBsYWNlaG9sZGVyJENoYW5nZUFkZHJlc3NfNiR0eHREZXBhcnRtZW50fX0iIFVybEVuY29kZT0iVHJ1ZSIgLz4NCiAgICAgICAgPEZvcm1Qb3N0UGFyYW1ldGVyIE5hbWU9ImN0bDAwJGN0bDAwJGN0bDAwJENvbnRlbnRQbGFjZUhvbGRlckRlZmF1bHQkTWFzdGVyUGxhY2Vob2xkZXIkQ2hhbmdlQWRkcmVzc182JHR4dEdyb3VwIiBWYWx1ZT0iR3JvdXAiIFJlY29yZGVkVmFsdWU9Ikdyb3VwIiBDb3JyZWxhdGlvbkJpbmRpbmc9Int7Rm9ybVBvc3RQYXJhbTYuY3RsMDAkY3RsMDAkY3RsMDAkQ29udGVudFBsYWNlSG9sZGVyRGVmYXVsdCRNYXN0ZXJQbGFjZWhvbGRlciRDaGFuZ2VBZGRyZXNzXzYkdHh0R3JvdXB9fSIgVXJsRW5jb2RlPSJUcnVlIiAvPg0KICAgICAgICA8Rm9ybVBvc3RQYXJhbWV0ZXIgTmFtZT0iY3RsMDAkY3RsMDAkY3RsMDAkQ29udGVudFBsYWNlSG9sZGVyRGVmYXVsdCRNYXN0ZXJQbGFjZWhvbGRlciRDaGFuZ2VBZGRyZXNzXzYkdHh0U3RyZWV0IiBWYWx1ZT0iU3RyZWV0MDAxIiBSZWNvcmRlZFZhbHVlPSJTdHJlZXQwMDEiIENvcnJlbGF0aW9uQmluZGluZz0ie3tGb3JtUG9zdFBhcmFtNy5jdGwwMCRjdGwwMCRjdGwwMCRDb250ZW50UGxhY2VIb2xkZXJEZWZhdWx0JE1hc3RlclBsYWNlaG9sZGVyJENoYW5nZUFkZHJlc3NfNiR0eHRTdHJlZXR9fSIgVXJsRW5jb2RlPSJUcnVlIiAvPg0KICAgICAgICA8Rm9ybVBvc3RQYXJhbWV0ZXIgTmFtZT0iY3RsMDAkY3RsMDAkY3RsMDAkQ29udGVudFBsYWNlSG9sZGVyRGVmYXVsdCRNYXN0ZXJQbGFjZWhvbGRlciRDaGFuZ2VBZGRyZXNzXzYkdHh0U3RyZWV0MiIgVmFsdWU9IlN0cmVldDAwMSIgUmVjb3JkZWRWYWx1ZT0iU3RyZWV0MDAxIiBDb3JyZWxhdGlvbkJpbmRpbmc9Int7Rm9ybVBvc3RQYXJhbTguY3RsMDAkY3RsMDAkY3RsMDAkQ29udGVudFBsYWNlSG9sZGVyRGVmYXVsdCRNYXN0ZXJQbGFjZWhvbGRlciRDaGFuZ2VBZGRyZXNzXzYkdHh0U3RyZWV0Mn19IiBVcmxFbmNvZGU9IlRydWUiIC8+DQogICAgICAgIDxGb3JtUG9zdFBhcmFtZXRlciBOYW1lPSJjdGwwMCRjdGwwMCRjdGwwMCRDb250ZW50UGxhY2VIb2xkZXJEZWZhdWx0JE1hc3RlclBsYWNlaG9sZGVyJENoYW5nZUFkZHJlc3NfNiR0eHRTdHJlZXQzIiBWYWx1ZT0iU3RyZWV0MDAxIiBSZWNvcmRlZFZhbHVlPSJTdHJlZXQwMDEiIENvcnJlbGF0aW9uQmluZGluZz0ie3tGb3JtUG9zdFBhcmFtOS5jdGwwMCRjdGwwMCRjdGwwMCRDb250ZW50UGxhY2VIb2xkZXJEZWZhdWx0JE1hc3RlclBsYWNlaG9sZGVyJENoYW5nZUFkZHJlc3NfNiR0eHRTdHJlZXQzfX0iIFVybEVuY29kZT0iVHJ1ZSIgLz4NCiAgICAgICAgPEZvcm1Qb3N0UGFyYW1ldGVyIE5hbWU9ImN0bDAwJGN0bDAwJGN0bDAwJENvbnRlbnRQbGFjZUhvbGRlckRlZmF1bHQkTWFzdGVyUGxhY2Vob2xkZXIkQ2hhbmdlQWRkcmVzc182JHR4dENpdHkiIFZhbHVlPSJDaXR5MDAxIiBSZWNvcmRlZFZhbHVlPSJDaXR5MDAxIiBDb3JyZWxhdGlvbkJpbmRpbmc9Int7Rm9ybVBvc3RQYXJhbTEwLmN0bDAwJGN0bDAwJGN0bDAwJENvbnRlbnRQbGFjZUhvbGRlckRlZmF1bHQkTWFzdGVyUGxhY2Vob2xkZXIkQ2hhbmdlQWRkcmVzc182JHR4dENpdHl9fSIgVXJsRW5jb2RlPSJUcnVlIiAvPg0KICAgICAgICA8Rm9ybVBvc3RQYXJhbWV0ZXIgTmFtZT0iY3RsMDAkY3RsMDAkY3RsMDAkQ29udGVudFBsYWNlSG9sZGVyRGVmYXVsdCRNYXN0ZXJQbGFjZWhvbGRlciRDaGFuZ2VBZGRyZXNzXzYkZGRsQ291bnRyeSIgVmFsdWU9IklOIiBSZWNvcmRlZFZhbHVlPSJJTiIgQ29ycmVsYXRpb25CaW5kaW5nPSJ7e0Zvcm1Qb3N0UGFyYW0xNy5jdGwwMCRjdGwwMCRjdGwwMCRDb250ZW50UGxhY2VIb2xkZXJEZWZhdWx0JE1hc3RlclBsYWNlaG9sZGVyJENoYW5nZUFkZHJlc3NfNiRkZGxDb3VudHJ5fX0iIFVybEVuY29kZT0iVHJ1ZSIgLz4NCiAgICAgICAgPEZvcm1Qb3N0UGFyYW1ldGVyIE5hbWU9ImN0bDAwJGN0bDAwJGN0bDAwJENvbnRlbnRQbGFjZUhvbGRlckRlZmF1bHQkTWFzdGVyUGxhY2Vob2xkZXIkQ2hhbmdlQWRkcmVzc182JGRkbFN0YXRlIiBWYWx1ZT0iSU4tS0EiIFJlY29yZGVkVmFsdWU9IklOLUtBIiBDb3JyZWxhdGlvbkJpbmRpbmc9Int7Rm9ybVBvc3RQYXJhbTE4LmN0bDAwJGN0bDAwJGN0bDAwJENvbnRlbnRQbGFjZUhvbGRlckRlZmF1bHQkTWFzdGVyUGxhY2Vob2xkZXIkQ2hhbmdlQWRkcmVzc182JGRkbFN0YXRlfX0iIFVybEVuY29kZT0iVHJ1ZSIgLz4NCiAgICAgICAgPEZvcm1Qb3N0UGFyYW1ldGVyIE5hbWU9ImN0bDAwJGN0bDAwJGN0bDAwJENvbnRlbnRQbGFjZUhvbGRlckRlZmF1bHQkTWFzdGVyUGxhY2Vob2xkZXIkQ2hhbmdlQWRkcmVzc182JHR4dFBvc3RhbENvZGUiIFZhbHVlPSI1NjAwNDIiIFJlY29yZGVkVmFsdWU9IjU2MDA0MiIgQ29ycmVsYXRpb25CaW5kaW5nPSJ7e0Zvcm1Qb3N0UGFyYW0xMS5jdGwwMCRjdGwwMCRjdGwwMCRDb250ZW50UGxhY2VIb2xkZXJEZWZhdWx0JE1hc3RlclBsYWNlaG9sZGVyJENoYW5nZUFkZHJlc3NfNiR0eHRQb3N0YWxDb2RlfX0iIFVybEVuY29kZT0iVHJ1ZSIgLz4NCiAgICAgICAgPEZvcm1Qb3N0UGFyYW1ldGVyIE5hbWU9ImN0bDAwJGN0bDAwJGN0bDAwJENvbnRlbnRQbGFjZUhvbGRlckRlZmF1bHQkTWFzdGVyUGxhY2Vob2xkZXIkQ2hhbmdlQWRkcmVzc182JHR4dEVtYWlsIiBWYWx1ZT0icG50ZXN0MDAxQGV1cm9maW5zLmNvbSIgUmVjb3JkZWRWYWx1ZT0icG50ZXN0MDAxQGV1cm9maW5zLmNvbSIgQ29ycmVsYXRpb25CaW5kaW5nPSJ7e0Zvcm1Qb3N0UGFyYW0xMi5jdGwwMCRjdGwwMCRjdGwwMCRDb250ZW50UGxhY2VIb2xkZXJEZWZhdWx0JE1hc3RlclBsYWNlaG9sZGVyJENoYW5nZUFkZHJlc3NfNiR0eHRFbWFpbH19IiBVcmxFbmNvZGU9IlRydWUiIC8+DQogICAgICAgIDxGb3JtUG9zdFBhcmFtZXRlciBOYW1lPSJjdGwwMCRjdGwwMCRjdGwwMCRDb250ZW50UGxhY2VIb2xkZXJEZWZhdWx0JE1hc3RlclBsYWNlaG9sZGVyJENoYW5nZUFkZHJlc3NfNiR0eHRUZWxlcGhvbmUiIFZhbHVlPSI5NzM5NTY1NjU2IiBSZWNvcmRlZFZhbHVlPSI5NzM5NTY1NjU2IiBDb3JyZWxhdGlvbkJpbmRpbmc9Int7Rm9ybVBvc3RQYXJhbTEzLmN0bDAwJGN0bDAwJGN0bDAwJENvbnRlbnRQbGFjZUhvbGRlckRlZmF1bHQkTWFzdGVyUGxhY2Vob2xkZXIkQ2hhbmdlQWRkcmVzc182JHR4dFRlbGVwaG9uZX19IiBVcmxFbmNvZGU9IlRydWUiIC8+DQogICAgICAgIDxGb3JtUG9zdFBhcmFtZXRlciBOYW1lPSJjdGwwMCRjdGwwMCRjdGwwMCRDb250ZW50UGxhY2VIb2xkZXJEZWZhdWx0JE1hc3RlclBsYWNlaG9sZGVyJENoYW5nZUFkZHJlc3NfNiR0eHRUZWxlcGhvbmVFeHRlbnNpb24iIFZhbHVlPSIiIFJlY29yZGVkVmFsdWU9IiIgQ29ycmVsYXRpb25CaW5kaW5nPSIiIFVybEVuY29kZT0iVHJ1ZSIgLz4NCiAgICAgICAgPEZvcm1Qb3N0UGFyYW1ldGVyIE5hbWU9ImN0bDAwJGN0bDAwJGN0bDAwJENvbnRlbnRQbGFjZUhvbGRlckRlZmF1bHQkTWFzdGVyUGxhY2Vob2xkZXIkQ2hhbmdlQWRkcmVzc182JHR4dE1vYmlsZSIgVmFsdWU9Ijk3Mzk1NjU2NTYiIFJlY29yZGVkVmFsdWU9Ijk3Mzk1NjU2NTYiIENvcnJlbGF0aW9uQmluZGluZz0ie3tGb3JtUG9zdFBhcmFtMTQuY3RsMDAkY3RsMDAkY3RsMDAkQ29udGVudFBsYWNlSG9sZGVyRGVmYXVsdCRNYXN0ZXJQbGFjZWhvbGRlciRDaGFuZ2VBZGRyZXNzXzYkdHh0TW9iaWxlfX0iIFVybEVuY29kZT0iVHJ1ZSIgLz4NCiAgICAgICAgPEZvcm1Qb3N0UGFyYW1ldGVyIE5hbWU9ImN0bDAwJGN0bDAwJGN0bDAwJENvbnRlbnRQbGFjZUhvbGRlckRlZmF1bHQkTWFzdGVyUGxhY2Vob2xkZXIkQ2hhbmdlQWRkcmVzc182JHR4dEZheCIgVmFsdWU9IjEyMyIgUmVjb3JkZWRWYWx1ZT0iMTIzIiBDb3JyZWxhdGlvbkJpbmRpbmc9Int7Rm9ybVBvc3RQYXJhbTE1LmN0bDAwJGN0bDAwJGN0bDAwJENvbnRlbnRQbGFjZUhvbGRlckRlZmF1bHQkTWFzdGVyUGxhY2Vob2xkZXIkQ2hhbmdlQWRkcmVzc182JHR4dEZheH19IiBVcmxFbmNvZGU9IlRydWUiIC8+DQogICAgICAgIDxGb3JtUG9zdFBhcmFtZXRlciBOYW1lPSJjdGwwMCRjdGwwMCRjdGwwMCRDb250ZW50UGxhY2VIb2xkZXJEZWZhdWx0JE1hc3RlclBsYWNlaG9sZGVyJENoYW5nZUFkZHJlc3NfNiR0eHRSZWNpcGllbnQiIFZhbHVlPSIiIFJlY29yZGVkVmFsdWU9IiIgQ29ycmVsYXRpb25CaW5kaW5nPSIiIFVybEVuY29kZT0iVHJ1ZSIgLz4NCiAgICAgICAgPEZvcm1Qb3N0UGFyYW1ldGVyIE5hbWU9ImN0bDAwJGN0bDAwJGN0bDAwJENvbnRlbnRQbGFjZUhvbGRlckRlZmF1bHQkTWFzdGVyUGxhY2Vob2xkZXIkQ2hhbmdlQWRkcmVzc182JGRkbFRpbWV6b25lIiBWYWx1ZT0iSW5kaWEgU3RhbmRhcmQgVGltZSIgUmVjb3JkZWRWYWx1ZT0iSW5kaWEgU3RhbmRhcmQgVGltZSIgQ29ycmVsYXRpb25CaW5kaW5nPSJ7e0Zvcm1Qb3N0UGFyYW0xOS5jdGwwMCRjdGwwMCRjdGwwMCRDb250ZW50UGxhY2VIb2xkZXJEZWZhdWx0JE1hc3RlclBsYWNlaG9sZGVyJENoYW5nZUFkZHJlc3NfNiRkZGxUaW1lem9uZX19IiBVcmxFbmNvZGU9IlRydWUiIC8+DQogICAgICAgIDxGb3JtUG9zdFBhcmFtZXRlciBOYW1lPSJjdGwwMCRjdGwwMCRjdGwwMCRDb250ZW50UGxhY2VIb2xkZXJEZWZhdWx0JE1hc3RlclBsYWNlaG9sZGVyJENoYW5nZUFkZHJlc3NfNiRoZG5TY3JlZW5BcmVhIiBWYWx1ZT0ie3skSElEREVOMS5jdGwwMCRjdGwwMCRjdGwwMCRDb250ZW50UGxhY2VIb2xkZXJEZWZhdWx0JE1hc3RlclBsYWNlaG9sZGVyJENoYW5nZUFkZHJlc3NfNiRoZG5TY3JlZW5BcmVhfX0iIFJlY29yZGVkVmFsdWU9IiIgQ29ycmVsYXRpb25CaW5kaW5nPSIiIFVybEVuY29kZT0iVHJ1ZSIgLz4NCiAgICAgICAgPEZvcm1Qb3N0UGFyYW1ldGVyIE5hbWU9ImN0bDAwJGN0bDAwJGN0bDAwJENvbnRlbnRQbGFjZUhvbGRlckRlZmF1bHQkTWFzdGVyUGxhY2Vob2xkZXIkdWNNeUFjY291bnRTZXR0aW5nc183JHR4dFdlYmxvZ2luVmFsdWUiIFZhbHVlPSJwbnRlc3QwMDFAZXVyb2ZpbnMuY29tIiBSZWNvcmRlZFZhbHVlPSJwbnRlc3QwMDFAZXVyb2ZpbnMuY29tIiBDb3JyZWxhdGlvbkJpbmRpbmc9Int7Rm9ybVBvc3RQYXJhbTE2LmN0bDAwJGN0bDAwJGN0bDAwJENvbnRlbnRQbGFjZUhvbGRlckRlZmF1bHQkTWFzdGVyUGxhY2Vob2xkZXIkdWNNeUFjY291bnRTZXR0aW5nc183JHR4dFdlYmxvZ2luVmFsdWV9fSIgVXJsRW5jb2RlPSJUcnVlIiAvPg0KICAgICAgICA8Rm9ybVBvc3RQYXJhbWV0ZXIgTmFtZT0iY3RsMDAkY3RsMDAkY3RsMDAkQ29udGVudFBsYWNlSG9sZGVyRGVmYXVsdCRNYXN0ZXJQbGFjZWhvbGRlciR1Y015QWNjb3VudFNldHRpbmdzXzckdHh0Q3VycmVudFBhc3N3b3JkIiBWYWx1ZT0iIiBSZWNvcmRlZFZhbHVlPSIiIENvcnJlbGF0aW9uQmluZGluZz0iIiBVcmxFbmNvZGU9IlRydWUiIC8+DQogICAgICAgIDxGb3JtUG9zdFBhcmFtZXRlciBOYW1lPSJjdGwwMCRjdGwwMCRjdGwwMCRDb250ZW50UGxhY2VIb2xkZXJEZWZhdWx0JE1hc3RlclBsYWNlaG9sZGVyJHVjTXlBY2NvdW50U2V0dGluZ3NfNyR0eHROZXdQYXNzd29yZCIgVmFsdWU9IiIgUmVjb3JkZWRWYWx1ZT0iIiBDb3JyZWxhdGlvbkJpbmRpbmc9IiIgVXJsRW5jb2RlPSJUcnVlIiAvPg0KICAgICAgICA8Rm9ybVBvc3RQYXJhbWV0ZXIgTmFtZT0iY3RsMDAkY3RsMDAkY3RsMDAkQ29udGVudFBsYWNlSG9sZGVyRGVmYXVsdCRNYXN0ZXJQbGFjZWhvbGRlciR1Y015QWNjb3VudFNldHRpbmdzXzckdHh0Q29uZmlybVBhc3N3b3JkIiBWYWx1ZT0iIiBSZWNvcmRlZFZhbHVlPSIiIENvcnJlbGF0aW9uQmluZGluZz0iIiBVcmxFbmNvZGU9IlRydWUiIC8+DQogICAgICAgIDxGb3JtUG9zdFBhcmFtZXRlciBOYW1lPSJjdGwwMCRjdGwwMCRjdGwwMCRDb250ZW50UGxhY2VIb2xkZXJEZWZhdWx0JE1hc3RlclBsYWNlaG9sZGVyJHVjTXlBY2NvdW50U2V0dGluZ3NfNyR2c0NoYW5nZVBhc3N3b3JkJGhkblZhbGlkYXRpb25SZXN1bHQiIFZhbHVlPSJ7eyRISURERU4xLmN0bDAwJGN0bDAwJGN0bDAwJENvbnRlbnRQbGFjZUhvbGRlckRlZmF1bHQkTWFzdGVyUGxhY2Vob2xkZXIkdWNNeUFjY291bnRTZXR0aW5nc183JHZzQ2hhbmdlUGFzc3dvcmQkaGRuVmFsaWRhdGlvblJlc3VsdH19IiBSZWNvcmRlZFZhbHVlPSIiIENvcnJlbGF0aW9uQmluZGluZz0iIiBVcmxFbmNvZGU9IlRydWUiIC8+DQogICAgICAgIDxGb3JtUG9zdFBhcmFtZXRlciBOYW1lPSJjdGwwMCRjdGwwMCRjdGwwMCRDb250ZW50UGxhY2VIb2xkZXJEZWZhdWx0JE1hc3RlclBsYWNlaG9sZGVyJHVjTXlBY2NvdW50U2V0dGluZ3NfNyRoZG5TY3JlZW5BcmVhIiBWYWx1ZT0ie3skSElEREVOMS5jdGwwMCRjdGwwMCRjdGwwMCRDb250ZW50UGxhY2VIb2xkZXJEZWZhdWx0JE1hc3RlclBsYWNlaG9sZGVyJHVjTXlBY2NvdW50U2V0dGluZ3NfNyRoZG5TY3JlZW5BcmVhfX0iIFJlY29yZGVkVmFsdWU9IiIgQ29ycmVsYXRpb25CaW5kaW5nPSIiIFVybEVuY29kZT0iVHJ1ZSIgLz4NCiAgICAgICAgPEZvcm1Qb3N0UGFyYW1ldGVyIE5hbWU9ImN0bDAwJGN0bDAwJGN0bDAwJENvbnRlbnRQbGFjZUhvbGRlckRlZmF1bHQkTWFzdGVyUGxhY2Vob2xkZXIkdWNEcm9wQm94ZXNfOCRoZG5fQ29udGVudFBsYWNlSG9sZGVyRGVmYXVsdF9NYXN0ZXJQbGFjZWhvbGRlcl91Y0Ryb3BCb3hlc184X3BubERyYWdhYmxlV2luZG93Q29udGVudF9TdGFuZEFsb25lSWQiIFZhbHVlPSJ7eyRISURERU4xLmN0bDAwJGN0bDAwJGN0bDAwJENvbnRlbnRQbGFjZUhvbGRlckRlZmF1bHQkTWFzdGVyUGxhY2Vob2xkZXIkdWNEcm9wQm94ZXNfOCRoZG5fQ29udGVudFBsYWNlSG9sZGVyRGVmYXVsdF9NYXN0ZXJQbGFjZWhvbGRlcl91Y0Ryb3BCb3hlc184X3BubERyYWdhYmxlV2luZG93Q29udGVudF9TdGFuZEFsb25lSWR9fSIgUmVjb3JkZWRWYWx1ZT0iU3RhbmRBbG9uZVNhdmUiIENvcnJlbGF0aW9uQmluZGluZz0iIiBVcmxFbmNvZGU9IlRydWUiIC8+DQogICAgICAgIDxGb3JtUG9zdFBhcmFtZXRlciBOYW1lPSJjdGwwMCRjdGwwMCRjdGwwMCRDb250ZW50UGxhY2VIb2xkZXJEZWZhdWx0JE1hc3RlclBsYWNlaG9sZGVyJHVjRHJvcEJveGVzXzgkaGRuU2NyZWVuQXJlYSIgVmFsdWU9Int7JEhJRERFTjEuY3RsMDAkY3RsMDAkY3RsMDAkQ29udGVudFBsYWNlSG9sZGVyRGVmYXVsdCRNYXN0ZXJQbGFjZWhvbGRlciR1Y0Ryb3BCb3hlc184JGhkblNjcmVlbkFyZWF9fSIgUmVjb3JkZWRWYWx1ZT0iIiBDb3JyZWxhdGlvbkJpbmRpbmc9IiIgVXJsRW5jb2RlPSJUcnVlIiAvPg0KICAgICAgICA8Rm9ybVBvc3RQYXJhbWV0ZXIgTmFtZT0iY3RsMDAkY3RsMDAkY3RsMDAkQ29udGVudFBsYWNlSG9sZGVyRGVmYXVsdCRoZG5DYW5Jbml0aWFsaXplQ3VsdHVyZSIgVmFsdWU9Int7JEhJRERFTjEuY3RsMDAkY3RsMDAkY3RsMDAkQ29udGVudFBsYWNlSG9sZGVyRGVmYXVsdCRoZG5DYW5Jbml0aWFsaXplQ3VsdHVyZX19IiBSZWNvcmRlZFZhbHVlPSJmYWxzZSIgQ29ycmVsYXRpb25CaW5kaW5nPSIiIFVybEVuY29kZT0iVHJ1ZSIgLz4NCiAgICAgICAgPEZvcm1Qb3N0UGFyYW1ldGVyIE5hbWU9ImN0bDAwJGN0bDAwJGN0bDAwJENvbnRlbnRQbGFjZUhvbGRlckRlZmF1bHQkaGRuRWNvbURyYWdEcm9wSnNvbiIgVmFsdWU9Int7JEhJRERFTjEuY3RsMDAkY3RsMDAkY3RsMDAkQ29udGVudFBsYWNlSG9sZGVyRGVmYXVsdCRoZG5FY29tRHJhZ0Ryb3BKc29ufX0iIFJlY29yZGVkVmFsdWU9IiIgQ29ycmVsYXRpb25CaW5kaW5nPSIiIFVybEVuY29kZT0iVHJ1ZSIgLz4NCiAgICAgICAgPEZvcm1Qb3N0UGFyYW1ldGVyIE5hbWU9ImN0bDAwJGN0bDAwJGN0bDAwJENvbnRlbnRQbGFjZUhvbGRlckRlZmF1bHQkaGRuQ3VycmVudFBhZ2VJZGVudGl0eSIgVmFsdWU9Int7JEhJRERFTjEuY3RsMDAkY3RsMDAkY3RsMDAkQ29udGVudFBsYWNlSG9sZGVyRGVmYXVsdCRoZG5DdXJyZW50UGFnZUlkZW50aXR5fX0iIFJlY29yZGVkVmFsdWU9IjExMzYiIENvcnJlbGF0aW9uQmluZGluZz0iIiBVcmxFbmNvZGU9IlRydWUiIC8+DQogICAgICAgIDxGb3JtUG9zdFBhcmFtZXRlciBOYW1lPSJjdGwwMCRjdGwwMCRjdGwwMCRDb250ZW50UGxhY2VIb2xkZXJEZWZhdWx0JGhkblNjcm9sbFlQb3NpdGlvbiIgVmFsdWU9Int7JEhJRERFTjEuY3RsMDAkY3RsMDAkY3RsMDAkQ29udGVudFBsYWNlSG9sZGVyRGVmYXVsdCRoZG5TY3JvbGxZUG9zaXRpb259fSIgUmVjb3JkZWRWYWx1ZT0iMCIgQ29ycmVsYXRpb25CaW5kaW5nPSIiIFVybEVuY29kZT0iVHJ1ZSIgLz4NCiAgICAgICAgPEZvcm1Qb3N0UGFyYW1ldGVyIE5hbWU9Il9fVklFV1NUQVRFR0VORVJBVE9SIiBWYWx1ZT0ie3skSElEREVOMS5fX1ZJRVdTVEFURUdFTkVSQVRPUn19IiBSZWNvcmRlZFZhbHVlPSJDQTBCMDMzNCIgQ29ycmVsYXRpb25CaW5kaW5nPSIiIFVybEVuY29kZT0iVHJ1ZSIgLz4NCiAgICAgIDwvRm9ybVBvc3RIdHRwQm9keT4NCiAgICA8L1JlcXVlc3Q+DQogICAgPENvbW1lbnQgQ29tbWVudFRleHQ9IkNsaWNrX0hvbWUgUGFnZSIgLz4NCiAgICA8UmVxdWVzdCBNZXRob2Q9IkdFVCIgR3VpZD0iNmVmMGFkYmMtZTJkMS00ODBkLThjMTUtMDk0ZWJkMzc5OGY5IiBWZXJzaW9uPSIxLjEiIFVybD0iaHR0cDovL2luMDFhcHYxMTo4MS9lbi9ob21lLmFzcHgiIFRoaW5rVGltZT0iNCIgVGltZW91dD0iMzAwIiBQYXJzZURlcGVuZGVudFJlcXVlc3RzPSJUcnVlIiBGb2xsb3dSZWRpcmVjdHM9IlRydWUiIFJlY29yZFJlc3VsdD0iVHJ1ZSIgQ2FjaGU9IkZhbHNlIiBSZXNwb25zZVRpbWVHb2FsPSIwIiBFbmNvZGluZz0idXRmLTgiIEV4cGVjdGVkSHR0cFN0YXR1c0NvZGU9IjAiIEV4cGVjdGVkUmVzcG9uc2VVcmw9IiIgUmVwb3J0aW5nTmFtZT0iIiBJZ25vcmVIdHRwU3RhdHVzQ29kZT0iRmFsc2UiPg0KICAgICAgPEhlYWRlcnM+DQogICAgICAgIDxIZWFkZXIgTmFtZT0iUmVmZXJlciIgVmFsdWU9Imh0dHA6Ly9pbjAxYXB2MTE6ODEvZW4vbXlwcmVmZXJlbmNlcy5hc3B4IiAvPg0KICAgICAgPC9IZWFkZXJzPg0KICAgICAgPEV4dHJhY3Rpb25SdWxlcz4NCiAgICAgICAgPEV4dHJhY3Rpb25SdWxlIENsYXNzbmFtZT0iTWljcm9zb2Z0LlZpc3VhbFN0dWRpby5UZXN0VG9vbHMuV2ViVGVzdGluZy5SdWxlcy5FeHRyYWN0SGlkZGVuRmllbGRzLCBNaWNyb3NvZnQuVmlzdWFsU3R1ZGlvLlF1YWxpdHlUb29scy5XZWJUZXN0RnJhbWV3b3JrLCBWZXJzaW9uPTEwLjAuMC4wLCBDdWx0dXJlPW5ldXRyYWwsIFB1YmxpY0tleVRva2VuPWIwM2Y1ZjdmMTFkNTBhM2EiIFZhcmlhYmxlTmFtZT0iMSIgRGlzcGxheU5hbWU9IkV4dHJhY3QgSGlkZGVuIEZpZWxkcyIgRGVzY3JpcHRpb249IkV4dHJhY3QgYWxsIGhpZGRlbiBmaWVsZHMgZnJvbSB0aGUgcmVzcG9uc2UgYW5kIHBsYWNlIHRoZW0gaW50byB0aGUgdGVzdCBjb250ZXh0LiI+DQogICAgICAgICAgPFJ1bGVQYXJhbWV0ZXJzPg0KICAgICAgICAgICAgPFJ1bGVQYXJhbWV0ZXIgTmFtZT0iUmVxdWlyZWQiIFZhbHVlPSJUcnVlIiAvPg0KICAgICAgICAgICAgPFJ1bGVQYXJhbWV0ZXIgTmFtZT0iSHRtbERlY29kZSIgVmFsdWU9IlRydWUiIC8+DQogICAgICAgICAgPC9SdWxlUGFyYW1ldGVycz4NCiAgICAgICAgPC9FeHRyYWN0aW9uUnVsZT4NCiAgICAgIDwvRXh0cmFjdGlvblJ1bGVzPg0KICAgIDwvUmVxdWVzdD4NCiAgICA8Q29tbWVudCBDb21tZW50VGV4dD0iQ2xpY2tfTG9nb3V0IiAvPg0KICAgIDxSZXF1ZXN0IE1ldGhvZD0iUE9TVCIgR3VpZD0iMmMxMDRlNzctMWI1My00MjE4LWExN2QtOTk1NzFiNGU5NGY3IiBWZXJzaW9uPSIxLjEiIFVybD0iaHR0cDovL2luMDFhcHYxMTo4MS9lbi9ob21lLmFzcHgiIFRoaW5rVGltZT0iMCIgVGltZW91dD0iMzAwIiBQYXJzZURlcGVuZGVudFJlcXVlc3RzPSJUcnVlIiBGb2xsb3dSZWRpcmVjdHM9IlRydWUiIFJlY29yZFJlc3VsdD0iVHJ1ZSIgQ2FjaGU9IkZhbHNlIiBSZXNwb25zZVRpbWVHb2FsPSIwIiBFbmNvZGluZz0idXRmLTgiIEV4cGVjdGVkSHR0cFN0YXR1c0NvZGU9IjAiIEV4cGVjdGVkUmVzcG9uc2VVcmw9Imh0dHA6Ly9pbjAxYXB2MTE6ODEvZW4vY2hlY2tvdXQvc3RlcDEuYXNweD9tc2c9NSIgUmVwb3J0aW5nTmFtZT0iIiBJZ25vcmVIdHRwU3RhdHVzQ29kZT0iRmFsc2UiPg0KICAgICAgPERlcGVuZGVudFJlcXVlc3RzPg0KICAgICAgICA8UmVxdWVzdCBNZXRob2Q9IlBPU1QiIEd1aWQ9IjI2NTMwMTdiLWVjMzctNDU3Yy1hMTcwLTE5MDI1NDFiZWY5MSIgVmVyc2lvbj0iMS4xIiBVcmw9Imh0dHA6Ly9pbjAxYXB2MTE6ODEvU2VydmljZXMvRWNvbVNlcnZpY2VzLmFzbXgvR2V0U3RhdGVzIiBUaGlua1RpbWU9IjAiIFRpbWVvdXQ9IjMwMCIgUGFyc2VEZXBlbmRlbnRSZXF1ZXN0cz0iVHJ1ZSIgRm9sbG93UmVkaXJlY3RzPSJUcnVlIiBSZWNvcmRSZXN1bHQ9IlRydWUiIENhY2hlPSJGYWxzZSIgUmVzcG9uc2VUaW1lR29hbD0iMCIgRW5jb2Rpbmc9InV0Zi04IiBFeHBlY3RlZEh0dHBTdGF0dXNDb2RlPSIwIiBFeHBlY3RlZFJlc3BvbnNlVXJsPSIiIFJlcG9ydGluZ05hbWU9IiIgSWdub3JlSHR0cFN0YXR1c0NvZGU9IkZhbHNlIj4NCiAgICAgICAgICA8SGVhZGVycz4NCiAgICAgICAgICAgIDxIZWFkZXIgTmFtZT0iQWNjZXB0IiBWYWx1ZT0iYXBwbGljYXRpb24vanNvbiwgdGV4dC9qYXZhc2NyaXB0LCAqLyo7IHE9MC4wMSIgLz4NCiAgICAgICAgICAgIDxIZWFkZXIgTmFtZT0iWC1SZXF1ZXN0ZWQtV2l0aCIgVmFsdWU9IlhNTEh0dHBSZXF1ZXN0IiAvPg0KICAgICAgICAgICAgPEhlYWRlciBOYW1lPSJSZWZlcmVyIiBWYWx1ZT0iaHR0cDovL2luMDFhcHYxMTo4MS9lbi9jaGVja291dC9zdGVwMS5hc3B4P21zZz01IiAvPg0KICAgICAgICAgIDwvSGVhZGVycz4NCiAgICAgICAgICA8U3RyaW5nSHR0cEJvZHkgQ29udGVudFR5cGU9ImFwcGxpY2F0aW9uL2pzb247IGNoYXJzZXQ9dXRmLTgiIEluc2VydEJ5dGVPcmRlck1hcms9IkZhbHNlIj5ld0FpQUcwQVpRQjBBR2dBYndCa0FGQUFZUUJ5QUdFQWJRQmxBSFFBWlFCeUFITUFJZ0E2QUhzQUlnQnBBSE1BYndCTEFHVUFlUUFpQURvQUlnQlZBRk1BSWdBc0FDSUFkUUJ3QUdRQVlRQjBBR1VBUXdCdkFHOEFhd0JwQUdVQVJnQnZBSElBUXdCdkFIVUFiZ0IwQUhJQWVRQWlBRG9BZEFCeUFIVUFaUUFzQUNJQVZRQnRBR0lBY2dCaEFHTUFid0JPQUc4QVpBQmxBRWtBWkFBaUFEb0FJZ0F4QURFQU1nQTVBQ0lBTEFBaUFFTUFiQUJ2QUhNQVpRQlFBSElBYndCbkFISUFaUUJ6QUhNQVR3QnVBRk1BZFFCakFHTUFaUUJ6QUhNQUlnQTZBR1lBWVFCc0FITUFaUUFzQUNJQVF3QmhBRzRBVXdCb0FHOEFkd0JRQUhJQWJ3Qm5BSElBWlFCekFITUFRZ0JoQUhJQUlnQTZBR1lBWVFCc0FITUFaUUI5QUgwQTwvU3RyaW5nSHR0cEJvZHk+DQogICAgICAgIDwvUmVxdWVzdD4NCiAgICAgICAgPFJlcXVlc3QgTWV0aG9kPSJQT1NUIiBHdWlkPSIzOGQ2ZTkzNS03ZjFiLTQxYzUtYTg4Zi1kN2NkZTAwZTI1OWQiIFZlcnNpb249IjEuMSIgVXJsPSJodHRwOi8vaW4wMWFwdjExOjgxL1NlcnZpY2VzL0Vjb21TZXJ2aWNlcy5hc214L0dldFN0YXRlcyIgVGhpbmtUaW1lPSIwIiBUaW1lb3V0PSIzMDAiIFBhcnNlRGVwZW5kZW50UmVxdWVzdHM9IlRydWUiIEZvbGxvd1JlZGlyZWN0cz0iVHJ1ZSIgUmVjb3JkUmVzdWx0PSJUcnVlIiBDYWNoZT0iRmFsc2UiIFJlc3BvbnNlVGltZUdvYWw9IjAiIEVuY29kaW5nPSJ1dGYtOCIgRXhwZWN0ZWRIdHRwU3RhdHVzQ29kZT0iMCIgRXhwZWN0ZWRSZXNwb25zZVVybD0iIiBSZXBvcnRpbmdOYW1lPSIiIElnbm9yZUh0dHBTdGF0dXNDb2RlPSJGYWxzZSI+DQogICAgICAgICAgPEhlYWRlcnM+DQogICAgICAgICAgICA8SGVhZGVyIE5hbWU9IkFjY2VwdCIgVmFsdWU9ImFwcGxpY2F0aW9uL2pzb24sIHRleHQvamF2YXNjcmlwdCwgKi8qOyBxPTAuMDEiIC8+DQogICAgICAgICAgICA8SGVhZGVyIE5hbWU9IlgtUmVxdWVzdGVkLVdpdGgiIFZhbHVlPSJYTUxIdHRwUmVxdWVzdCIgLz4NCiAgICAgICAgICAgIDxIZWFkZXIgTmFtZT0iUmVmZXJlciIgVmFsdWU9Imh0dHA6Ly9pbjAxYXB2MTE6ODEvZW4vY2hlY2tvdXQvc3RlcDEuYXNweD9tc2c9NSIgLz4NCiAgICAgICAgICA8L0hlYWRlcnM+DQogICAgICAgICAgPFN0cmluZ0h0dHBCb2R5IENvbnRlbnRUeXBlPSJhcHBsaWNhdGlvbi9qc29uOyBjaGFyc2V0PXV0Zi04IiBJbnNlcnRCeXRlT3JkZXJNYXJrPSJGYWxzZSI+ZXdBaUFHMEFaUUIwQUdnQWJ3QmtBRkFBWVFCeUFHRUFiUUJsQUhRQVpRQnlBSE1BSWdBNkFIc0FJZ0JwQUhNQWJ3QkxBR1VBZVFBaUFEb0FJZ0JWQUZNQUlnQXNBQ0lBZFFCd0FHUUFZUUIwQUdVQVF3QnZBRzhBYXdCcEFHVUFSZ0J2QUhJQVF3QnZBSFVBYmdCMEFISUFlUUFpQURvQVpnQmhBR3dBY3dCbEFDd0FJZ0JWQUcwQVlnQnlBR0VBWXdCdkFFNEFid0JrQUdVQVNRQmtBQ0lBT2dBaUFERUFNUUF5QURrQUlnQXNBQ0lBUXdCc0FHOEFjd0JsQUZBQWNnQnZBR2NBY2dCbEFITUFjd0JQQUc0QVV3QjFBR01BWXdCbEFITUFjd0FpQURvQVpnQmhBR3dBY3dCbEFDd0FJZ0JEQUdFQWJnQlRBR2dBYndCM0FGQUFjZ0J2QUdjQWNnQmxBSE1BY3dCQ0FHRUFjZ0FpQURvQVpnQmhBR3dBY3dCbEFIMEFmUUE9PC9TdHJpbmdIdHRwQm9keT4NCiAgICAgICAgPC9SZXF1ZXN0Pg0KICAgICAgPC9EZXBlbmRlbnRSZXF1ZXN0cz4NCiAgICAgIDxIZWFkZXJzPg0KICAgICAgICA8SGVhZGVyIE5hbWU9IlJlZmVyZXIiIFZhbHVlPSJodHRwOi8vaW4wMWFwdjExOjgxL2VuL2hvbWUuYXNweCIgLz4NCiAgICAgIDwvSGVhZGVycz4NCiAgICAgIDxGb3JtUG9zdEh0dHBCb2R5Pg0KICAgICAgICA8Rm9ybVBvc3RQYXJhbWV0ZXIgTmFtZT0iX19FVkVOVFRBUkdFVCIgVmFsdWU9Int7JEhJRERFTjEuX19FVkVOVFRBUkdFVH19IiBSZWNvcmRlZFZhbHVlPSJjdGwwMCRjdGwwMCRjdGwwMCRDb250ZW50UGxhY2VIb2xkZXJEZWZhdWx0JE1hc3RlclBsYWNlaG9sZGVyJEhvbWVMb2dnZWRJbl82JGxuYkhvbWVMb2dnZWRJbkxvZ291dCIgQ29ycmVsYXRpb25CaW5kaW5nPSIiIFVybEVuY29kZT0iVHJ1ZSIgLz4NCiAgICAgICAgPEZvcm1Qb3N0UGFyYW1ldGVyIE5hbWU9Il9fRVZFTlRBUkdVTUVOVCIgVmFsdWU9Int7JEhJRERFTjEuX19FVkVOVEFSR1VNRU5UfX0iIFJlY29yZGVkVmFsdWU9IiIgQ29ycmVsYXRpb25CaW5kaW5nPSIiIFVybEVuY29kZT0iVHJ1ZSIgLz4NCiAgICAgICAgPEZvcm1Qb3N0UGFyYW1ldGVyIE5hbWU9Il9fVklFV1NUQVRFIiBWYWx1ZT0ie3skSElEREVOMS5fX1ZJRVdTVEFURX19IiBSZWNvcmRlZFZhbHVlPSIvd0VQRHdVRU5UTTRNUTlrRmdKbUQyUVdBbVlQWkJZQ1pnOWtGZ0ptRDJRV0FnSUREeFlHSGdadmJteHZZV1FGUDJsbUtIUjVjR1Z2WmlCUGJrSmhZMnRDZFhSMGIyNURiR2xqYXlBOVBTQWlablZ1WTNScGIyNGlLU0JQYmtKaFkydENkWFIwYjI1RGJHbGpheWdwT3g0S2IyNXdZV2RsYzJodmR3VlRhV1lnS0dWMlpXNTBMbkJsY25OcGMzUmxaQ0FtSmlCMGVYQmxiMllnVDI1Q1lXTnJRblYwZEc5dVEyeHBZMnNnUFQwZ0ltWjFibU4wYVc5dUlpa2dUMjVDWVdOclFuVjBkRzl1UTJ4cFkyc29LVHNlQ0c5dWRXNXNiMkZrWlJZQ0FnRVFaR1FXQ2dJSUQyUVdBbVlQWkJZU0FnSVBGUUZYUTI5dWRHVnVkRkJzWVdObFNHOXNaR1Z5UkdWbVlYVnNkRjlVYjNCTWIyZG5aV1JKYmw4eFgzQnViRVJ5WVdkaFlteGxWMmx1Wkc5M1EyOXVkR1Z1ZEY5SmJteHBibVZOWlhOellXZGxRMjl1ZEdGcGJtVnlaQUlERDJRV0FnSUJEdzhXQWg0RVZHVjRkQVVHVEc5bmIzVjBaR1FDQlE4UEZnSWVCMVpwYzJsaWJHVm5aQllDQWdFUER4WUdIZ3RPWVhacFoyRjBaVlZ5YkFVVWZpOWhaRzFwYmk5M1pXeGpiMjFsTG1GemNIZ2ZBd1VPUVdSdGFXNXBjM1J5WVhScGIyNGZCR2RrWkFJSER3OFdBaDhFWjJRV0JnSUJEeFlDSHdNRkJVaGxiR3h2WkFJRER4WUNId01GRlhCdWRHVnpkR1l3TURFZ2NHNTBaWE4wYkRBd01XUUNCUThXQWg0SmFXNXVaWEpvZEcxc0JRMUJZMk52ZFc1MElFbEVJRG9nWkFJSkQyUVdDQUlCRHhZQ0h3TUZBeW9xS21RQ0F3OFBGZ0lmQTJWa1pBSUZEdzhXQWg4REJSRW9ZbVZqYjIxbElIbHZkWEp6Wld4bUtXUmtBZ2NQRmdJZkF3VURLaW9xWkFJTkR3OFdBaDhFWjJRV0FnSUJEdzhXQkI4REJReE5lU0JFWVhOb1ltOWhjbVFmQkdka1pBSVBEdzhXQWg4RVoyUVdBZ0lCRHc4V0NCNElRM056UTJ4aGMzTUZEV1ZtUTI5c2IzSlBjbUZ1WjJVZkF3VUpUWGtnVDNKa1pYSnpIZ1JmSVZOQ0FnSWZCR2RrWkFJUkR3OFdBaDhFWjJRV0FnSUJEdzhXQkI4REJReE5lU0JCWkdSeVpYTnpaWE1mQkdka1pBSVREdzhXQWg4RVoyUVdBZ0lCRHc4V0JCOERCUTVOZVNCUWNtVm1aWEpsYm1ObGN4OEVaMlJrQWdvUFpCWUNaZzhQRmdJZkJHaGtGZ1lDQXc4UEZnSWZCUVVqTDJWdUwyTm9aV05yYjNWMEwzTjBaWEF4TG1GemNIZy9ibTlrWlVsa1BURXhNamRrWkFJRkR3OWtGZ0llQkdoeVpXWUZBU05rQWdrUEQyUVdBaDRGZEdsMGJHVUZCVXh2WjJsdUZnZ0NBUThQRmdZZkF3VUdSVzFoYVd3Nkh3Y0ZGeUJ5WlhGMWFYSmxaRVpwWld4a1EyaGhjbUZqZEdWeUh3Z0NBbVJrQWdrUER4WUdId01GQTNzd2ZSOEhCUmNnY21WeGRXbHlaV1JHYVdWc1pFTm9ZWEpoWTNSbGNoOElBZ0prWkFJUkR3OFdBaDhGQlJjdlpXNHZabTl5WjI5MGNHRnpjM2R2Y21RdVlYTndlR1JrQWhNUER4WUNId1VGSXk5bGJpOWphR1ZqYTI5MWRDOXpkR1Z3TVM1aGMzQjRQMjV2WkdWSlpEMHhNVEkzWkdRQ0RBOWtGZ0ptRDJRV0RBSUlEdzhXQkI4SEJRMWpZWEowTFdsamIyNUdkV3hzSHdnQ0FtUVdBZ0lCRHc4V0FoOEZCUTB2Wlc0dlkyRnlkQzVoYzNCNFpHUUNDZzhXQWg4REJRazRJRWwwWlcwb2N5bGtBZ3dQRmdJZkF3VU1OeTQ1TXpZc01EQWc0b0tzWkFJT0R3OFdBaDhFWjJRV0NBSUJEMlFXQWdJQkR4WUNId01GRUV4aGMzUWdZV1JrWldRZ2FYUmxiWE5rQWdNUEZnSWZCZ1hiRFR4a2FYWWdZMnhoYzNNOUoyeGxablFuUGprMmQyVnNiQ0JCWjJGeUlGQnNZWFJsUEM5a2FYWStQR1JwZGlCamJHRnpjejBuY21sbmFIUW5QanhoSUdoeVpXWTlKeU1uSUc5dVkyeHBZMnM5SjFOb2IzZEVhV0ZzYjJjb0lqeHdQa1J2SUhsdmRTQnlaV0ZzYkhrZ2QyRnVkQ0IwYnlCa1pXeGxkR1VnZEdocGN5QnBkR1Z0S0hNcFB6d3ZjRDRpTEhzaVJHbGhiRzluUTJ4aGMzTWlPaUlpTENKSVpXbG5hSFFpT2lKaGRYUnZJaXdpVFc5a1lXd2lPblJ5ZFdVc0lsQnZjMmwwYVc5dUlqb2lZMlZ1ZEdWeUlpd2lWMmxrZEdnaU9pSXpNREFpTENKRGJHOXpZV0pzWlNJNmRISjFaU3dpVkdsMGJHVWlPaUpFWld4bGRHVWlMQ0pDZFhSMGIyNHhWR1Y0ZENJNklsbGxjeUlzSWtKMWRIUnZiakpVWlhoMElqb2lUbThpTENKQ2RYUjBiMjR4UTJGc2JHSmhZMnNpT2lKRVpXeGxkR1ZQY21SbGNrbDBaVzBpTENKQ2RYUjBiMjR5UTJGc2JHSmhZMnNpT201MWJHd3NJa0oxZEhSdmJqRkRZV3hzWW1GamExQmhjbUZ0WlhSbGNuTWlPaUo3WENKSlpGd2lPak0yTWpRMU1uMGlMQ0pDZFhSMGIyNHlRMkZzYkdKaFkydFFZWEpoYldWMFpYSnpJanB1ZFd4c0xDSlNaWE5wZW1GaWJHVWlPbVpoYkhObExDSkVjbUZuWjJGaWJHVWlPbVpoYkhObExDSkJkWFJ2VDNCbGJpSTZabUZzYzJVc0lrRndjR1Z1WkZSdklqb2lZbTlrZVNJc0lrMWhlRWhsYVdkb2RDSTZOREF3TENKTllYaFhhV1IwYUNJNk16QXdMQ0pOYVc1SVpXbG5hSFFpT2pFMU1Dd2lUV2x1VjJsa2RHZ2lPakUxTUgwcE95YytlRHd2WVQ0OEwyUnBkajROQ2p4a2FYWWdZMnhoYzNNOUoyeGxablFuUGprMmQyVnNiQ0JCWjJGeUlGQnNZWFJsUEM5a2FYWStQR1JwZGlCamJHRnpjejBuY21sbmFIUW5QanhoSUdoeVpXWTlKeU1uSUc5dVkyeHBZMnM5SjFOb2IzZEVhV0ZzYjJjb0lqeHdQa1J2SUhsdmRTQnlaV0ZzYkhrZ2QyRnVkQ0IwYnlCa1pXeGxkR1VnZEdocGN5QnBkR1Z0S0hNcFB6d3ZjRDRpTEhzaVJHbGhiRzluUTJ4aGMzTWlPaUlpTENKSVpXbG5hSFFpT2lKaGRYUnZJaXdpVFc5a1lXd2lPblJ5ZFdVc0lsQnZjMmwwYVc5dUlqb2lZMlZ1ZEdWeUlpd2lWMmxrZEdnaU9pSXpNREFpTENKRGJHOXpZV0pzWlNJNmRISjFaU3dpVkdsMGJHVWlPaUpFWld4bGRHVWlMQ0pDZFhSMGIyNHhWR1Y0ZENJNklsbGxjeUlzSWtKMWRIUnZiakpVWlhoMElqb2lUbThpTENKQ2RYUjBiMjR4UTJGc2JHSmhZMnNpT2lKRVpXeGxkR1ZQY21SbGNrbDBaVzBpTENKQ2RYUjBiMjR5UTJGc2JHSmhZMnNpT201MWJHd3NJa0oxZEhSdmJqRkRZV3hzWW1GamExQmhjbUZ0WlhSbGNuTWlPaUo3WENKSlpGd2lPak0yTWpRMU1IMGlMQ0pDZFhSMGIyNHlRMkZzYkdKaFkydFFZWEpoYldWMFpYSnpJanB1ZFd4c0xDSlNaWE5wZW1GaWJHVWlPbVpoYkhObExDSkVjbUZuWjJGaWJHVWlPbVpoYkhObExDSkJkWFJ2VDNCbGJpSTZabUZzYzJVc0lrRndjR1Z1WkZSdklqb2lZbTlrZVNJc0lrMWhlRWhsYVdkb2RDSTZOREF3TENKTllYaFhhV1IwYUNJNk16QXdMQ0pOYVc1SVpXbG5hSFFpT2pFMU1Dd2lUV2x1VjJsa2RHZ2lPakUxTUgwcE95YytlRHd2WVQ0OEwyUnBkajROQ2p4a2FYWWdZMnhoYzNNOUoyeGxablFuUGprMmQyVnNiQ0JCWjJGeUlGQnNZWFJsUEM5a2FYWStQR1JwZGlCamJHRnpjejBuY21sbmFIUW5QanhoSUdoeVpXWTlKeU1uSUc5dVkyeHBZMnM5SjFOb2IzZEVhV0ZzYjJjb0lqeHdQa1J2SUhsdmRTQnlaV0ZzYkhrZ2QyRnVkQ0IwYnlCa1pXeGxkR1VnZEdocGN5QnBkR1Z0S0hNcFB6d3ZjRDRpTEhzaVJHbGhiRzluUTJ4aGMzTWlPaUlpTENKSVpXbG5hSFFpT2lKaGRYUnZJaXdpVFc5a1lXd2lPblJ5ZFdVc0lsQnZjMmwwYVc5dUlqb2lZMlZ1ZEdWeUlpd2lWMmxrZEdnaU9pSXpNREFpTENKRGJHOXpZV0pzWlNJNmRISjFaU3dpVkdsMGJHVWlPaUpFWld4bGRHVWlMQ0pDZFhSMGIyNHhWR1Y0ZENJNklsbGxjeUlzSWtKMWRIUnZiakpVWlhoMElqb2lUbThpTENKQ2RYUjBiMjR4UTJGc2JHSmhZMnNpT2lKRVpXeGxkR1ZQY21SbGNrbDBaVzBpTENKQ2RYUjBiMjR5UTJGc2JHSmhZMnNpT201MWJHd3NJa0oxZEhSdmJqRkRZV3hzWW1GamExQmhjbUZ0WlhSbGNuTWlPaUo3WENKSlpGd2lPak0yTWpRME9YMGlMQ0pDZFhSMGIyNHlRMkZzYkdKaFkydFFZWEpoYldWMFpYSnpJanB1ZFd4c0xDSlNaWE5wZW1GaWJHVWlPbVpoYkhObExDSkVjbUZuWjJGaWJHVWlPbVpoYkhObExDSkJkWFJ2VDNCbGJpSTZabUZzYzJVc0lrRndjR1Z1WkZSdklqb2lZbTlrZVNJc0lrMWhlRWhsYVdkb2RDSTZOREF3TENKTllYaFhhV1IwYUNJNk16QXdMQ0pOYVc1SVpXbG5hSFFpT2pFMU1Dd2lUV2x1VjJsa2RHZ2lPakUxTUgwcE95YytlRHd2WVQ0OEwyUnBkajROQ21RQ0JROFBGZ1FmQlFVTkwyVnVMMk5oY25RdVlYTndlQjhEQlFSRFlYSjBaR1FDQnc4UEZnWWZBd1VJUTJobFkydHZkWFFlQjBWdVlXSnNaV1JuSHdSbkZnSWVCMDl1UTJ4cFkyc0ZseXh5WlhSMWNtNGdWbUZzYVdSaGRHVkpkR1Z0YzFSdlEyaGxZMnRQZFhSUGNsRjFiM1JsS0hzaVEyeHZjMlZDZFhSMGIyNVVaWGgwSWpvaVEyeHZjMlVpTENKQmJHVnlkRTFsYzNOaFoyVlVhWFJzWlNJNklrRnNaWEowSUUxbGMzTmhaMlVpTENKRGFHVmphMjkxZEZOMFlYUmxSVzUxYlNJNmV5SkpiblpoYkdsa0lqb2lTVzUyWVd4cFpDSXNJbEYxYjNSaFlteGxUMjVzZVNJNklsRjFiM1JoWW14bFQyNXNlU0lzSWs5eVpHVnlZV0pzWlU5dWJIa2lPaUpQY21SbGNtRmliR1ZQYm14NUlpd2lUM0prWlhKaFlteGxRVzVrVVhWdmRHRmliR1VpT2lKUGNtUmxjbUZpYkdWQmJtUlJkVzkwWVdKc1pTSXNJazV2ZEU5eVpHVnlZV0pzWlVGdVpGRjFiM1JoWW14bElqb2lUbTkwVDNKa1pYSmhZbXhsUVc1a1VYVnZkR0ZpYkdVaUxDSk9iM1JQY21SbGNtRmliR1ZCYm1SUmRXOTBZV0pzWlZkcGRHaEpiblpoYkdsa0lqb2lUbTkwVDNKa1pYSmhZbXhsUVc1a1VYVnZkR0ZpYkdWWGFYUm9TVzUyWVd4cFpDSXNJa1psZDA5eVpHVnlZV0pzWlU5dWJIa2lPaUpHWlhkUGNtUmxjbUZpYkdWUGJteDVJaXdpUm1WM1QzSmtaWEpoWW14bFFXNWtSbVYzVVhWdmRHRmliR1VpT2lKR1pYZFBjbVJsY21GaWJHVkJibVJHWlhkUmRXOTBZV0pzWlNJc0lrWmxkMUYxYjNSaFlteGxUMjVzZVZkcGRHaEpiblpoYkdsa0lqb2lSbVYzVVhWdmRHRmliR1ZQYm14NVYybDBhRWx1ZG1Gc2FXUWlMQ0pHWlhkUGNtUmxjbUZpYkdWUGJteDVWMmwwYUVsdWRtRnNhV1FpT2lKR1pYZFBjbVJsY21GaWJHVlBibXg1VjJsMGFFbHVkbUZzYVdRaUxDSkdaWGRQY21SbGNtRmliR1ZCYm1SR1pYZFJkVzkwWVdKc1pWZHBkR2hKYm5aaGJHbGtJam9pUm1WM1QzSmtaWEpoWW14bFFXNWtSbVYzVVhWdmRHRmliR1ZYYVhSb1NXNTJZV3hwWkNJc0lrWmxkMDl5WkdWeVlXSnNaVUZ1WkVGc2JGRjFiM1JoWW14bElqb2lSbVYzVDNKa1pYSmhZbXhsUVc1a1FXeHNVWFZ2ZEdGaWJHVWlMQ0pCYkd4UGNtUmxjbUZpYkdWQmJtUkdaWGRSZFc5MFlXSnNaU0k2SWtGc2JFOXlaR1Z5WVdKc1pVRnVaRVpsZDFGMWIzUmhZbXhsSW4wc0lrbDBaVzFUZEdGMFpVVnVkVzBpT25zaVNXNTJZV3hwWkNJNklrbHVkbUZzYVdRaUxDSlJkVzkwWVdKc1pVOXViSGtpT2lKUmRXOTBZV0pzWlU5dWJIa2lMQ0pQY21SbGNtRmliR1ZQYm14NUlqb2lUM0prWlhKaFlteGxUMjVzZVNJc0lrOXlaR1Z5WVdKc1pVRnVaRkYxYjNSaFlteGxJam9pVDNKa1pYSmhZbXhsUVc1a1VYVnZkR0ZpYkdVaUxDSk9iM1JQY21SbGNtRmliR1ZCYm1SUmRXOTBZV0pzWlNJNklrNXZkRTl5WkdWeVlXSnNaVUZ1WkZGMWIzUmhZbXhsSWl3aVRtOTBUM0prWlhKaFlteGxRVzVrVVhWdmRHRmliR1ZYYVhSb1NXNTJZV3hwWkNJNklrNXZkRTl5WkdWeVlXSnNaVUZ1WkZGMWIzUmhZbXhsVjJsMGFFbHVkbUZzYVdRaUxDSkdaWGRQY21SbGNtRmliR1ZQYm14NUlqb2lSbVYzVDNKa1pYSmhZbXhsVDI1c2VTSXNJa1psZDA5eVpHVnlZV0pzWlVGdVpFWmxkMUYxYjNSaFlteGxJam9pUm1WM1QzSmtaWEpoWW14bFFXNWtSbVYzVVhWdmRHRmliR1VpTENKR1pYZFJkVzkwWVdKc1pVOXViSGxYYVhSb1NXNTJZV3hwWkNJNklrWmxkMUYxYjNSaFlteGxUMjVzZVZkcGRHaEpiblpoYkdsa0lpd2lSbVYzVDNKa1pYSmhZbXhsVDI1c2VWZHBkR2hKYm5aaGJHbGtJam9pUm1WM1QzSmtaWEpoWW14bFQyNXNlVmRwZEdoSmJuWmhiR2xrSWl3aVJtVjNUM0prWlhKaFlteGxRVzVrUm1WM1VYVnZkR0ZpYkdWWGFYUm9TVzUyWVd4cFpDSTZJa1psZDA5eVpHVnlZV0pzWlVGdVpFWmxkMUYxYjNSaFlteGxWMmwwYUVsdWRtRnNhV1FpTENKR1pYZFBjbVJsY21GaWJHVkJibVJCYkd4UmRXOTBZV0pzWlNJNklrWmxkMDl5WkdWeVlXSnNaVUZ1WkVGc2JGRjFiM1JoWW14bElpd2lRV3hzVDNKa1pYSmhZbXhsUVc1a1JtVjNVWFZ2ZEdGaWJHVWlPaUpCYkd4UGNtUmxjbUZpYkdWQmJtUkdaWGRSZFc5MFlXSnNaU0o5TENKb1pHNUdhV1ZzWkZObGJHVmpkR1ZrVDNKa1pYSkpkR1Z0UTJobFkydHZkWFJUZEdGMFpYTkRiR2xsYm5SSlpDSTZJa052Ym5SbGJuUlFiR0ZqWlVodmJHUmxja1JsWm1GMWJIUmZRMkZ5ZEU5MlpYSjJhV1YzWHpOZmFHUnVSbWxsYkdSVFpXeGxZM1JsWkU5eVpHVnlTWFJsYlVOb1pXTnJiM1YwVTNSaGRHVnpJaXdpYUdSdVJtbGxiR1JUWld4bFkzUmxaRWwwWlcxSlpITkRiR2xsYm5SSlpDSTZJa052Ym5SbGJuUlFiR0ZqWlVodmJHUmxja1JsWm1GMWJIUmZRMkZ5ZEU5MlpYSjJhV1YzWHpOZmFHUnVSbWxsYkdSVFpXeGxZM1JsWkVsMFpXMUpaSE1pTENKUGNtUmxjbE5sYkdWamRHVmtVSEp2WkhWamRITWlPakVzSWtOdmJtWnBjbTFoZEdsdmJsUnBkR3hsVW1WemIzVnlZMlVpT2lKRGIyNW1hWEp0WVhScGIyNGlMQ0pRY205alpXVmtRblYwZEc5dVZHVjRkQ0k2SWxCeWIyTmxaV1FpTENKUWNtOWpaV1ZrUW5WMGRHOXVRMkZzYkdKaFkyc2lPaUpXWVd4cFpHRjBaVWwwWlcxelZHOURhR1ZqYTA5MWRFOXlVWFZ2ZEdVaUxDSkpiblpoYkdsa1NYUmxiWE5UWld4bFkzUmxaRVp2Y2tOb1pXTnJiM1YwVW1WemIzVnlZMlVpT2lKVWFHVnlaU0JoY21VZ2MyOXRaU0JwYm5aaGJHbGtJR2wwWlcxeklHTm9iM05sYmlCbWIzSWdZMmhsWTJ0dmRYUWlMQ0pPYjA5eVpHVnlZV0pzWlVsMFpXMXpVMlZzWldOMFpXUkdiM0pEYUdWamEyOTFkRkpsYzI5MWNtTmxJam9pVG04Z2RtRnNhV1FnYjNKa1pYSmhZbXhsSUdsMFpXMXpJR0Z5WlNCamFHOXpaVzRnWm05eUlHOXlaR1Z5SUhCeWIyTmxjM01pTENKT2IxRjFiM1JoWW14bFNYUmxiWE5UWld4bFkzUmxaRVp2Y2tOb1pXTnJiM1YwVW1WemIzVnlZMlVpT2lKT2J5QjJZV3hwWkNCeGRXOTBZV0pzWlNCcGRHVnRjeUJoY21VZ1kyaHZjMlZ1SUdadmNpQnhkVzkwWlNCd2NtOWpaWE56SWl3aVQzSmtaWEpoWW14bFFXNWtUbTl1VDNKa1pYSmhZbXhsU1hSbGJYTlRaV3hsWTNSbFpFWnZja05vWldOcmIzVjBVbVZ6YjNWeVkyVWlPaUpaYjNVZ1kyRnVJR1ZwZEdobGNpQW5jSEp2WTJWbFpDY2dkMmwwYUNCdmNtUmxjaUJ3Y205alpYTnpJRzltSUhSb1pTQnZjbVJsY21GaWJHVWdhWFJsYlhNZ2IzSWdaV1JwZENCMGFHVWdibTl1TFc5eVpHVnlZV0pzWlNCcGRHVnRjeUlzSWxGMWIzUmhZbXhsUVc1a1RtOXVVWFZ2ZEdGaWJHVkpkR1Z0YzFObGJHVmpkR1ZrUm05eVEyaGxZMnR2ZFhSU1pYTnZkWEpqWlNJNklsbHZkU0JqWVc0Z1pXbDBhR1Z5SUNkd2NtOWpaV1ZrSnlCM2FYUm9JSEYxYjNSbElIQnliMk5sYzNNZ2IyWWdkR2hsSUhGMWIzUmhZbXhsSUdsMFpXMXpJRzl5SUdWa2FYUWdkR2hsSUc1dmJpMXhkVzkwWVdKc1pTQnBkR1Z0Y3lJc0lsRjFiM1JsVTJWc1pXTjBaV1JRY205a2RXTjBjeUk2TWl3aVRtOUpkR1Z0YzFObGJHVmpkR1ZrSWpvaVRtOGdTWFJsYlhNZ1UyVnNaV04wWldRdUlGQnNaV0Z6WlNCamFHOXZjMlVnYjI1bElDaHZjaWtnYlc5eVpTQnBkR1Z0Y3lCMGJ5QndaWEptYjNKdElIUm9aU0JoWTNScGIyNHVJaXdpUTJGeWRFRmpkR2x2YmtSbGJHVjBaVk5sYkdWamRHVmtVSEp2WkhWamRITWlPalVzSWxkcGMyaE1hWE4wUVdOMGFXOXVjMFJsYkdWMFpWTmxiR1ZqZEdWa1VISnZaSFZqZEhNaU9qSXNJa1JsYkdWMFpVTnZibVpwY20xaGRHbHZiazFsYzNOaFoyVlNaWE52ZFhKalpTSTZJanh3UGtSdklIbHZkU0J5WldGc2JIa2dkMkZ1ZENCMGJ5QmtaV3hsZEdVZ2RHaHBjeUJwZEdWdEtITXBQend2Y0Q0aUxDSkVaV3hsZEdWRGIyNW1hWEp0WVhScGIyNU9iMEoxZEhSdmJsSmxjMjkxY21ObElqb2lUbThpTENKRVpXeGxkR1ZEYjI1bWFYSnRZWFJwYjI1WlpYTkNkWFIwYjI1U1pYTnZkWEpqWlNJNklsbGxjeUlzSWtSbGJHVjBaVU52Ym1acGNtMWhkR2x2YmtobFlXUmxjbFJsZUhSU1pYTnZkWEpqWlNJNklrUmxiR1YwWlNJc0lrTmhjblJCWTNScGIyNGlPakVzSWtOb1pXTnJiM1YwUW5WMGRHOXVVMk55YVhCMElqcHVkV3hzTENKRGFHVmphMjkxZEZObGNYVmxibU5wYm1kQmJtUlFjbWx0WlhKUWIzQjFjRTFsYzNOaFoyVklaV0ZrWlhJaU9pSWlMQ0pEYUdWamEyOTFkRk5sY1hWbGJtTnBibWRCYm1SUWNtbHRaWEpRYjNCMWNFMWxjM05oWjJWSVpXRmtaWEpKYm1admNtMWhkR2x2YmlJNklrbDBJR2x6SUc1dmRDQndiM056YVdKc1pTQjBieUJqYUdWamEyOTFkQ0F2SUhGMWIzUmxJSE5sY1hWbGJtTnBibWNnY21WaFkzUnBiMjV6SUhkcGRHaHZkWFFnY0hKcGJXVnljeUIzYUdsamFDQmhjbVVnWVhOemIyTnBZWFJsWkNCMGJ5QnpaV3hsWTNSbFpDQnpaWEYxWlc1amFXNW5JR2wwWlcxeklHbHVJSFJvYVhNZ2IzSmtaWEk2SUR3dlluSStQQzlpY2o0aUxDSkRhR1ZqYTI5MWRGTmxjWFZsYm1OcGJtZEJibVJRY21sdFpYSlFiM0IxY0UxbGMzTmhaMlZHYjI5MFpYSkpibVp2Y20xaGRHbHZiaUk2SWlJc0lrTm9aV05yYjNWMFUyVnhkV1Z1WTJsdVowRnVaRkJ5YVcxbGNsQnZjSFZ3VFdWemMyRm5aVU5zYjNObFFuVjBkRzl1VkdWNGRDSTZJaUlzSWtOb1pXTnJiM1YwVTJWeGRXVnVZMmx1WjBGdVpGQnlhVzFsY2xCdmNIVndSbTl5YldGMFRXVnpjMkZuWlNJNklpSXNJa05vWldOcmIzVjBVSEpwYldWeVFXeHZibVZRYjNCMWNFMWxjM05oWjJWRGJHOXpaVUoxZEhSdmJsUmxlSFFpT2lJaUxDSkRhR1ZqYTI5MWRGQnlhVzFsY2tGc2IyNWxVRzl3ZFhCTlpYTnpZV2RsSWpvaVVISnBiV1Z5SUdGc2IyNWxJR05oYm01dmRDQmlaU0JqYUdWamEyVmtJRzkxZEM0Z1VHeGxZWE5sSUhObGJHVmpkQ0JoZEd4bFlYTjBJRzl1WlNCaGMzTnZZMmxoZEdWa0lITmxjWFZsYm1OcGJtY2dTWFJsYlM0aUxDSkRhR1ZqYTI5MWRGQnlhVzFsY2tGc2IyNWxVRzl3ZFhCTlpYTnpZV2RsU0dWaFpHVnlJam9pVUd4bFlYTmxJRTV2ZEdVaUxDSkNZWEpEYjJSbFZtRnNhV1JoZEdsdmJsQnZjSFZ3UTJ4dmMyVkNkWFIwYjI1VVpYaDBJam9pVDJzaUxDSkNZWEpEYjJSbFZtRnNhV1JoZEdsdmJsQnZjSFZ3VFdWemMyRm5aU0k2SWtKaGNtTnZaR1VnWm05eUlGTmxiR1ZqZEdWa0lFbDBaVzBnYVhNZ2FXNTJZV3hwWkNJc0lrSmhja052WkdWV1lXeHBaR0YwYVc5dVVHOXdkWEJOWlhOellXZGxTR1ZoWkdWeUlqb2lVR3hsWVhObElFNXZkR1VpTENKVFlXMWxSR0Y1UkdWc2FYWmxjbmxXWVd4cFpHRjBhVzl1VUc5d2RYQkhiMEpoWTJ0Q2RYUjBiMjVVWlhoMElqb2lWMkZwZENCMWJuUnBiQ0JoYkd3Z1QzSmtaWEp6SUdGeVpTQm1hVzVwYzJobFpDQjBieUJUYUdsd0lHOXVZMlVpTENKVFlXMWxSR0Y1UkdWc2FYWmxjbmxXWVd4cFpHRjBhVzl1VUc5d2RYQkRhR1ZqYTI5MWRFSjFkSFJ2YmxSbGVIUWlPaUpEYUdWamEyOTFkQ0JUWVcxbElFUmhlU0JQYkdsbmIzTWdUMjVzZVNJc0lsTmhiV1ZFWVhsRVpXeHBkbVZ5ZVZaaGJHbGtZWFJwYjI1UWIzQjFjRTFsYzNOaFoyVklaV0ZrWlhJaU9pSlFiR1ZoYzJVZ2MyVnNaV04wSWl3aVUyRnRaVVJoZVVSbGJHbDJaWEo1Vm1Gc2FXUmhkR2x2YmxCdmNIVndUV1Z6YzJGblpVUmxjMk55YVhCMGFXOXVJam9pV1c5MWNpQmpZWEowSUdOdmJuUmhhVzV6SUhOaGJXVWdaR0Y1SUc5c2FXZHZjeXdnZDJocFkyZ2dibVZsWkNCMGJ5QmlaU0JqYUdWamEyVmtJRzkxZENCelpYQmxjbUYwWld4NUlHbHVJRzl5WkdWeUlIUnZJR1Z1YzNWeVpTQjBhR1VnWm1GemRHVnpkQ0JrWld4cGRtVnllUzRnVkdobElHOTBhR1Z5SUdsMFpXMXpJSGRwYkd3Z1ltVWdkMkZwZEdsdVp5QnBiaUI1YjNWeUlHTmhjblFnZDJobGJpQjViM1VnY21WMGRYSnVJR3hoZEdWeUxpQThjM0JoYmlCamJHRnpjejFjSW5SdmIyeDBhWEJmWkdsaGJHOW5YQ0lnZEdsMGJHVTlYQ0pGZUhCc1lXbHVJR0oxZEhSdmJpQmtaWE5qY21sd2RHbHZiaUJvWlhKbElHOXViSGxjSWlBK1BDOXpjR0Z1UGlJc0lsSmxkWE5sWkVsMFpXMXpWbUZzYVdSaGRHbHZibEJ2Y0hWd1EyeHZjMlZDZFhSMGIyNVVaWGgwSWpvaVQyc2lMQ0pTWlhWelpXUkpkR1Z0YzFaaGJHbGtZWFJwYjI1UWIzQjFjRTFsYzNOaFoyVWlPaUpQYjNCeklDRWdVMjl0WlNCdmNpQmhiR3dnYjJZZ2MyVnNaV04wWldRZ2NtVjFjMlZrSUdsMFpXMG5jeUJ2Y21sbmFXNWhiQ0JqYjI1MFlXbHVaWEp6SUdGeVpTQmxlSEJwY21Wa0xpQlpiM1Z5SUdOaGNuUWdkMmxzYkNCaVpTQjFjR1JoZEdWa0lHRjFkRzl0WVhScFkyRnNiSGtnWVc1a0lHTmhjblFnZDJsc2JDQmlaU0J5Wld4dllXUmxaQzRnUlhod2FYSmxaQ0JwZEdWdElFNWhiV1Z6SUdGeVpTQXRQaUlzSWxKbGRYTmxaRWwwWlcxelZtRnNhV1JoZEdsdmJsQnZjSFZ3VFdWemMyRm5aVWhsWVdSbGNpSTZJbEJzWldGelpTQk9iM1JsSWl3aVJYaHdhWEpsWkZCeWFXMWxjbEJ2Y0hWd1EyeHZjMlZDZFhSMGIyNVVaWGgwSWpvaVQyc2lMQ0pGZUhCcGNtVmtVSEpwYldWeVVHOXdkWEJOWlhOellXZGxWR1Y0ZENJNklsQnlhVzFsY2lCcGN5QmxlSEJwY21Wa0lHWnZjaUIwYUdVZ2IyNWxJRzltSUhSb1pTQnpaV3hsZEdWa0lITmxjWFZsYm1OcGJtY2dhWFJsYlM0Z2NHeGxZWE5sSUhObGJHVmpkQ0JoYm05MGFHVnlJSEJ5YVcxbGNpQnZjaUJ2Y21SbGNpQnVaWGNnY0hKcGJXVnlMaUlzSWtWNGNHbHlaV1JRY21sdFpYSlFiM0IxY0UxbGMzTmhaMlZJWldGa1pYSlVaWGgwSWpvaVVHeGxjMlVnVG05MFpTSXNJa05oY25SUVlXZGxWVkpNSWpvaUwyVnVMMk5oY25RdVlYTndlQ0lzSWsxcGJtbHRkVzFRYkdGMFpWTmhiWEJzWlhOUVpYSkRhR1ZqYTI5MWRDSTZORGdzSWxCc1lYUmxVMkZ0Y0d4bFEyOTFiblFpT201MWJHd3NJa2x6VTJsdVoyeGxVR3hoZEdWWGFYUm9WbUZzYVdSVFlXMXdiR1ZEYjNWdWRDSTZabUZzYzJVc0lrMXBibEJzWVhSbFUyRnRjR3hsYzFCdmNIVndSbTl5YldGMFRXVnpjMkZuWlNJNklpSXNJazFwYmxCc1lYUmxVMkZ0Y0d4bGMxQnZjSFZ3Um05eWJXRjBUV1Z6YzJGblpVTnNiM05sUW5WMGRHOXVWR1Y0ZENJNklpSXNJazFwYmxCc1lYUmxVMkZ0Y0d4bGMxQnZjSFZ3Um05eWJXRjBUV1Z6YzJGblpVaGxZV1JsY2lJNklpSXNJazFoZUdsdGRXMU9kVzFpWlhKUFpsQnNZWFJsYzFCbGNrTm9aV05yYjNWMElqb3pMQ0pRYkdGMFpYTkRiM1Z1ZEVadmNrTjFjbkpsYm5SUGNtUmxjaUk2Ym5Wc2JDd2lUV0Y0YVcxMWJWQnNZWFJsYzFCbGNrTm9aV05yYjNWMFVHOXdkWEJHYjNKdFlYUk5aWE56WVdkbElqb2lUV0Y0YVcxMWJTQXpJSEJzWVhSbGN5QmhjbVVnWld4cFoybGliR1VnZEc4Z1kyaGxZMnR2ZFhRZ2NHVnlJRzl5WkdWeUlHWnZjaUJ3YkdGMFpTQnpaWEYxWlc1amFXNW5JR2wwWlcxekxpQlFiR1ZoYzJVZ2JXOWthV1o1SUhsdmRYSWdjMlZzWldOMGFXOXVJR0ZqWTI5eVpHbHVaMng1TGlJc0lrMWhlR2x0ZFcxUWJHRjBaWE5RWlhKRGFHVmphMjkxZEZCdmNIVndSbTl5YldGMFRXVnpjMkZuWlVOc2IzTmxRblYwZEc5dVZHVjRkQ0k2SWs5cklpd2lUV0Y0YVcxMWJWQnNZWFJsYzFCbGNrTm9aV05yYjNWMFJtOXliV0YwVFdWemMyRm5aVWhsWVdSbGNpSTZJbEJzWldGelpTQk9iM1JsSWl3aVVHOXpkRUpoWTJ0RmJHVnRaVzUwVlc1cGNYVmxTV1FpT2lKamRHd3dNQ1JqZEd3d01DUmpkR3d3TUNSRGIyNTBaVzUwVUd4aFkyVkliMnhrWlhKRVpXWmhkV3gwSkVOaGNuUlBkbVZ5ZG1sbGQxOHpKR3h1YTBOb1pXTnJiM1YwSWl3aVJYWmxiblJCY21kMWJXVnVkQ0k2SWlKOUxDQjBhR2x6S1R0a0FoQVBEeFlFSHdVRkRTOWxiaTlqWVhKMExtRnpjSGdmQXdVRVEyRnlkR1JrQWhJUER4WUNId01GQ0VOb1pXTnJiM1YwRmdJZkRBV1hMSEpsZEhWeWJpQldZV3hwWkdGMFpVbDBaVzF6Vkc5RGFHVmphMDkxZEU5eVVYVnZkR1VvZXlKRGJHOXpaVUoxZEhSdmJsUmxlSFFpT2lKRGJHOXpaU0lzSWtGc1pYSjBUV1Z6YzJGblpWUnBkR3hsSWpvaVFXeGxjblFnVFdWemMyRm5aU0lzSWtOb1pXTnJiM1YwVTNSaGRHVkZiblZ0SWpwN0lrbHVkbUZzYVdRaU9pSkpiblpoYkdsa0lpd2lVWFZ2ZEdGaWJHVlBibXg1SWpvaVVYVnZkR0ZpYkdWUGJteDVJaXdpVDNKa1pYSmhZbXhsVDI1c2VTSTZJazl5WkdWeVlXSnNaVTl1YkhraUxDSlBjbVJsY21GaWJHVkJibVJSZFc5MFlXSnNaU0k2SWs5eVpHVnlZV0pzWlVGdVpGRjFiM1JoWW14bElpd2lUbTkwVDNKa1pYSmhZbXhsUVc1a1VYVnZkR0ZpYkdVaU9pSk9iM1JQY21SbGNtRmliR1ZCYm1SUmRXOTBZV0pzWlNJc0lrNXZkRTl5WkdWeVlXSnNaVUZ1WkZGMWIzUmhZbXhsVjJsMGFFbHVkbUZzYVdRaU9pSk9iM1JQY21SbGNtRmliR1ZCYm1SUmRXOTBZV0pzWlZkcGRHaEpiblpoYkdsa0lpd2lSbVYzVDNKa1pYSmhZbXhsVDI1c2VTSTZJa1psZDA5eVpHVnlZV0pzWlU5dWJIa2lMQ0pHWlhkUGNtUmxjbUZpYkdWQmJtUkdaWGRSZFc5MFlXSnNaU0k2SWtabGQwOXlaR1Z5WVdKc1pVRnVaRVpsZDFGMWIzUmhZbXhsSWl3aVJtVjNVWFZ2ZEdGaWJHVlBibXg1VjJsMGFFbHVkbUZzYVdRaU9pSkdaWGRSZFc5MFlXSnNaVTl1YkhsWGFYUm9TVzUyWVd4cFpDSXNJa1psZDA5eVpHVnlZV0pzWlU5dWJIbFhhWFJvU1c1MllXeHBaQ0k2SWtabGQwOXlaR1Z5WVdKc1pVOXViSGxYYVhSb1NXNTJZV3hwWkNJc0lrWmxkMDl5WkdWeVlXSnNaVUZ1WkVabGQxRjFiM1JoWW14bFYybDBhRWx1ZG1Gc2FXUWlPaUpHWlhkUGNtUmxjbUZpYkdWQmJtUkdaWGRSZFc5MFlXSnNaVmRwZEdoSmJuWmhiR2xrSWl3aVJtVjNUM0prWlhKaFlteGxRVzVrUVd4c1VYVnZkR0ZpYkdVaU9pSkdaWGRQY21SbGNtRmliR1ZCYm1SQmJHeFJkVzkwWVdKc1pTSXNJa0ZzYkU5eVpHVnlZV0pzWlVGdVpFWmxkMUYxYjNSaFlteGxJam9pUVd4c1QzSmtaWEpoWW14bFFXNWtSbVYzVVhWdmRHRmliR1VpZlN3aVNYUmxiVk4wWVhSbFJXNTFiU0k2ZXlKSmJuWmhiR2xrSWpvaVNXNTJZV3hwWkNJc0lsRjFiM1JoWW14bFQyNXNlU0k2SWxGMWIzUmhZbXhsVDI1c2VTSXNJazl5WkdWeVlXSnNaVTl1YkhraU9pSlBjbVJsY21GaWJHVlBibXg1SWl3aVQzSmtaWEpoWW14bFFXNWtVWFZ2ZEdGaWJHVWlPaUpQY21SbGNtRmliR1ZCYm1SUmRXOTBZV0pzWlNJc0lrNXZkRTl5WkdWeVlXSnNaVUZ1WkZGMWIzUmhZbXhsSWpvaVRtOTBUM0prWlhKaFlteGxRVzVrVVhWdmRHRmliR1VpTENKT2IzUlBjbVJsY21GaWJHVkJibVJSZFc5MFlXSnNaVmRwZEdoSmJuWmhiR2xrSWpvaVRtOTBUM0prWlhKaFlteGxRVzVrVVhWdmRHRmliR1ZYYVhSb1NXNTJZV3hwWkNJc0lrWmxkMDl5WkdWeVlXSnNaVTl1YkhraU9pSkdaWGRQY21SbGNtRmliR1ZQYm14NUlpd2lSbVYzVDNKa1pYSmhZbXhsUVc1a1JtVjNVWFZ2ZEdGaWJHVWlPaUpHWlhkUGNtUmxjbUZpYkdWQmJtUkdaWGRSZFc5MFlXSnNaU0lzSWtabGQxRjFiM1JoWW14bFQyNXNlVmRwZEdoSmJuWmhiR2xrSWpvaVJtVjNVWFZ2ZEdGaWJHVlBibXg1VjJsMGFFbHVkbUZzYVdRaUxDSkdaWGRQY21SbGNtRmliR1ZQYm14NVYybDBhRWx1ZG1Gc2FXUWlPaUpHWlhkUGNtUmxjbUZpYkdWUGJteDVWMmwwYUVsdWRtRnNhV1FpTENKR1pYZFBjbVJsY21GaWJHVkJibVJHWlhkUmRXOTBZV0pzWlZkcGRHaEpiblpoYkdsa0lqb2lSbVYzVDNKa1pYSmhZbXhsUVc1a1JtVjNVWFZ2ZEdGaWJHVlhhWFJvU1c1MllXeHBaQ0lzSWtabGQwOXlaR1Z5WVdKc1pVRnVaRUZzYkZGMWIzUmhZbXhsSWpvaVJtVjNUM0prWlhKaFlteGxRVzVrUVd4c1VYVnZkR0ZpYkdVaUxDSkJiR3hQY21SbGNtRmliR1ZCYm1SR1pYZFJkVzkwWVdKc1pTSTZJa0ZzYkU5eVpHVnlZV0pzWlVGdVpFWmxkMUYxYjNSaFlteGxJbjBzSW1oa2JrWnBaV3hrVTJWc1pXTjBaV1JQY21SbGNrbDBaVzFEYUdWamEyOTFkRk4wWVhSbGMwTnNhV1Z1ZEVsa0lqb2lRMjl1ZEdWdWRGQnNZV05sU0c5c1pHVnlSR1ZtWVhWc2RGOURZWEowVDNabGNuWnBaWGRmTTE5b1pHNUdhV1ZzWkZObGJHVmpkR1ZrVDNKa1pYSkpkR1Z0UTJobFkydHZkWFJUZEdGMFpYTWlMQ0pvWkc1R2FXVnNaRk5sYkdWamRHVmtTWFJsYlVsa2MwTnNhV1Z1ZEVsa0lqb2lRMjl1ZEdWdWRGQnNZV05sU0c5c1pHVnlSR1ZtWVhWc2RGOURZWEowVDNabGNuWnBaWGRmTTE5b1pHNUdhV1ZzWkZObGJHVmpkR1ZrU1hSbGJVbGtjeUlzSWs5eVpHVnlVMlZzWldOMFpXUlFjbTlrZFdOMGN5STZNU3dpUTI5dVptbHliV0YwYVc5dVZHbDBiR1ZTWlhOdmRYSmpaU0k2SWtOdmJtWnBjbTFoZEdsdmJpSXNJbEJ5YjJObFpXUkNkWFIwYjI1VVpYaDBJam9pVUhKdlkyVmxaQ0lzSWxCeWIyTmxaV1JDZFhSMGIyNURZV3hzWW1GamF5STZJbFpoYkdsa1lYUmxTWFJsYlhOVWIwTm9aV05yVDNWMFQzSlJkVzkwWlNJc0lrbHVkbUZzYVdSSmRHVnRjMU5sYkdWamRHVmtSbTl5UTJobFkydHZkWFJTWlhOdmRYSmpaU0k2SWxSb1pYSmxJR0Z5WlNCemIyMWxJR2x1ZG1Gc2FXUWdhWFJsYlhNZ1kyaHZjMlZ1SUdadmNpQmphR1ZqYTI5MWRDSXNJazV2VDNKa1pYSmhZbXhsU1hSbGJYTlRaV3hsWTNSbFpFWnZja05vWldOcmIzVjBVbVZ6YjNWeVkyVWlPaUpPYnlCMllXeHBaQ0J2Y21SbGNtRmliR1VnYVhSbGJYTWdZWEpsSUdOb2IzTmxiaUJtYjNJZ2IzSmtaWElnY0hKdlkyVnpjeUlzSWs1dlVYVnZkR0ZpYkdWSmRHVnRjMU5sYkdWamRHVmtSbTl5UTJobFkydHZkWFJTWlhOdmRYSmpaU0k2SWs1dklIWmhiR2xrSUhGMWIzUmhZbXhsSUdsMFpXMXpJR0Z5WlNCamFHOXpaVzRnWm05eUlIRjFiM1JsSUhCeWIyTmxjM01pTENKUGNtUmxjbUZpYkdWQmJtUk9iMjVQY21SbGNtRmliR1ZKZEdWdGMxTmxiR1ZqZEdWa1JtOXlRMmhsWTJ0dmRYUlNaWE52ZFhKalpTSTZJbGx2ZFNCallXNGdaV2wwYUdWeUlDZHdjbTlqWldWa0p5QjNhWFJvSUc5eVpHVnlJSEJ5YjJObGMzTWdiMllnZEdobElHOXlaR1Z5WVdKc1pTQnBkR1Z0Y3lCdmNpQmxaR2wwSUhSb1pTQnViMjR0YjNKa1pYSmhZbXhsSUdsMFpXMXpJaXdpVVhWdmRHRmliR1ZCYm1ST2IyNVJkVzkwWVdKc1pVbDBaVzF6VTJWc1pXTjBaV1JHYjNKRGFHVmphMjkxZEZKbGMyOTFjbU5sSWpvaVdXOTFJR05oYmlCbGFYUm9aWElnSjNCeWIyTmxaV1FuSUhkcGRHZ2djWFZ2ZEdVZ2NISnZZMlZ6Y3lCdlppQjBhR1VnY1hWdmRHRmliR1VnYVhSbGJYTWdiM0lnWldScGRDQjBhR1VnYm05dUxYRjFiM1JoWW14bElHbDBaVzF6SWl3aVVYVnZkR1ZUWld4bFkzUmxaRkJ5YjJSMVkzUnpJam95TENKT2IwbDBaVzF6VTJWc1pXTjBaV1FpT2lKT2J5QkpkR1Z0Y3lCVFpXeGxZM1JsWkM0Z1VHeGxZWE5sSUdOb2IyOXpaU0J2Ym1VZ0tHOXlLU0J0YjNKbElHbDBaVzF6SUhSdklIQmxjbVp2Y20wZ2RHaGxJR0ZqZEdsdmJpNGlMQ0pEWVhKMFFXTjBhVzl1UkdWc1pYUmxVMlZzWldOMFpXUlFjbTlrZFdOMGN5STZOU3dpVjJsemFFeHBjM1JCWTNScGIyNXpSR1ZzWlhSbFUyVnNaV04wWldSUWNtOWtkV04wY3lJNk1pd2lSR1ZzWlhSbFEyOXVabWx5YldGMGFXOXVUV1Z6YzJGblpWSmxjMjkxY21ObElqb2lQSEErUkc4Z2VXOTFJSEpsWVd4c2VTQjNZVzUwSUhSdklHUmxiR1YwWlNCMGFHbHpJR2wwWlcwb2N5ay9QQzl3UGlJc0lrUmxiR1YwWlVOdmJtWnBjbTFoZEdsdmJrNXZRblYwZEc5dVVtVnpiM1Z5WTJVaU9pSk9ieUlzSWtSbGJHVjBaVU52Ym1acGNtMWhkR2x2YmxsbGMwSjFkSFJ2YmxKbGMyOTFjbU5sSWpvaVdXVnpJaXdpUkdWc1pYUmxRMjl1Wm1seWJXRjBhVzl1U0dWaFpHVnlWR1Y0ZEZKbGMyOTFjbU5sSWpvaVJHVnNaWFJsSWl3aVEyRnlkRUZqZEdsdmJpSTZNU3dpUTJobFkydHZkWFJDZFhSMGIyNVRZM0pwY0hRaU9tNTFiR3dzSWtOb1pXTnJiM1YwVTJWeGRXVnVZMmx1WjBGdVpGQnlhVzFsY2xCdmNIVndUV1Z6YzJGblpVaGxZV1JsY2lJNklpSXNJa05vWldOcmIzVjBVMlZ4ZFdWdVkybHVaMEZ1WkZCeWFXMWxjbEJ2Y0hWd1RXVnpjMkZuWlVobFlXUmxja2x1Wm05eWJXRjBhVzl1SWpvaVNYUWdhWE1nYm05MElIQnZjM05wWW14bElIUnZJR05vWldOcmIzVjBJQzhnY1hWdmRHVWdjMlZ4ZFdWdVkybHVaeUJ5WldGamRHbHZibk1nZDJsMGFHOTFkQ0J3Y21sdFpYSnpJSGRvYVdOb0lHRnlaU0JoYzNOdlkybGhkR1ZrSUhSdklITmxiR1ZqZEdWa0lITmxjWFZsYm1OcGJtY2dhWFJsYlhNZ2FXNGdkR2hwY3lCdmNtUmxjam9nUEM5aWNqNDhMMkp5UGlJc0lrTm9aV05yYjNWMFUyVnhkV1Z1WTJsdVowRnVaRkJ5YVcxbGNsQnZjSFZ3VFdWemMyRm5aVVp2YjNSbGNrbHVabTl5YldGMGFXOXVJam9pSWl3aVEyaGxZMnR2ZFhSVFpYRjFaVzVqYVc1blFXNWtVSEpwYldWeVVHOXdkWEJOWlhOellXZGxRMnh2YzJWQ2RYUjBiMjVVWlhoMElqb2lJaXdpUTJobFkydHZkWFJUWlhGMVpXNWphVzVuUVc1a1VISnBiV1Z5VUc5d2RYQkdiM0p0WVhSTlpYTnpZV2RsSWpvaUlpd2lRMmhsWTJ0dmRYUlFjbWx0WlhKQmJHOXVaVkJ2Y0hWd1RXVnpjMkZuWlVOc2IzTmxRblYwZEc5dVZHVjRkQ0k2SWlJc0lrTm9aV05yYjNWMFVISnBiV1Z5UVd4dmJtVlFiM0IxY0UxbGMzTmhaMlVpT2lKUWNtbHRaWElnWVd4dmJtVWdZMkZ1Ym05MElHSmxJR05vWldOclpXUWdiM1YwTGlCUWJHVmhjMlVnYzJWc1pXTjBJR0YwYkdWaGMzUWdiMjVsSUdGemMyOWphV0YwWldRZ2MyVnhkV1Z1WTJsdVp5QkpkR1Z0TGlJc0lrTm9aV05yYjNWMFVISnBiV1Z5UVd4dmJtVlFiM0IxY0UxbGMzTmhaMlZJWldGa1pYSWlPaUpRYkdWaGMyVWdUbTkwWlNJc0lrSmhja052WkdWV1lXeHBaR0YwYVc5dVVHOXdkWEJEYkc5elpVSjFkSFJ2YmxSbGVIUWlPaUpQYXlJc0lrSmhja052WkdWV1lXeHBaR0YwYVc5dVVHOXdkWEJOWlhOellXZGxJam9pUW1GeVkyOWtaU0JtYjNJZ1UyVnNaV04wWldRZ1NYUmxiU0JwY3lCcGJuWmhiR2xrSWl3aVFtRnlRMjlrWlZaaGJHbGtZWFJwYjI1UWIzQjFjRTFsYzNOaFoyVklaV0ZrWlhJaU9pSlFiR1ZoYzJVZ1RtOTBaU0lzSWxOaGJXVkVZWGxFWld4cGRtVnllVlpoYkdsa1lYUnBiMjVRYjNCMWNFZHZRbUZqYTBKMWRIUnZibFJsZUhRaU9pSlhZV2wwSUhWdWRHbHNJR0ZzYkNCUGNtUmxjbk1nWVhKbElHWnBibWx6YUdWa0lIUnZJRk5vYVhBZ2IyNWpaU0lzSWxOaGJXVkVZWGxFWld4cGRtVnllVlpoYkdsa1lYUnBiMjVRYjNCMWNFTm9aV05yYjNWMFFuVjBkRzl1VkdWNGRDSTZJa05vWldOcmIzVjBJRk5oYldVZ1JHRjVJRTlzYVdkdmN5QlBibXg1SWl3aVUyRnRaVVJoZVVSbGJHbDJaWEo1Vm1Gc2FXUmhkR2x2YmxCdmNIVndUV1Z6YzJGblpVaGxZV1JsY2lJNklsQnNaV0Z6WlNCelpXeGxZM1FpTENKVFlXMWxSR0Y1UkdWc2FYWmxjbmxXWVd4cFpHRjBhVzl1VUc5d2RYQk5aWE56WVdkbFJHVnpZM0pwY0hScGIyNGlPaUpaYjNWeUlHTmhjblFnWTI5dWRHRnBibk1nYzJGdFpTQmtZWGtnYjJ4cFoyOXpMQ0IzYUdsamFDQnVaV1ZrSUhSdklHSmxJR05vWldOclpXUWdiM1YwSUhObGNHVnlZWFJsYkhrZ2FXNGdiM0prWlhJZ2RHOGdaVzV6ZFhKbElIUm9aU0JtWVhOMFpYTjBJR1JsYkdsMlpYSjVMaUJVYUdVZ2IzUm9aWElnYVhSbGJYTWdkMmxzYkNCaVpTQjNZV2wwYVc1bklHbHVJSGx2ZFhJZ1kyRnlkQ0IzYUdWdUlIbHZkU0J5WlhSMWNtNGdiR0YwWlhJdUlEeHpjR0Z1SUdOc1lYTnpQVndpZEc5dmJIUnBjRjlrYVdGc2IyZGNJaUIwYVhSc1pUMWNJa1Y0Y0d4aGFXNGdZblYwZEc5dUlHUmxjMk55YVhCMGFXOXVJR2hsY21VZ2IyNXNlVndpSUQ0OEwzTndZVzQrSWl3aVVtVjFjMlZrU1hSbGJYTldZV3hwWkdGMGFXOXVVRzl3ZFhCRGJHOXpaVUoxZEhSdmJsUmxlSFFpT2lKUGF5SXNJbEpsZFhObFpFbDBaVzF6Vm1Gc2FXUmhkR2x2YmxCdmNIVndUV1Z6YzJGblpTSTZJazl2Y0hNZ0lTQlRiMjFsSUc5eUlHRnNiQ0J2WmlCelpXeGxZM1JsWkNCeVpYVnpaV1FnYVhSbGJTZHpJRzl5YVdkcGJtRnNJR052Ym5SaGFXNWxjbk1nWVhKbElHVjRjR2x5WldRdUlGbHZkWElnWTJGeWRDQjNhV3hzSUdKbElIVndaR0YwWldRZ1lYVjBiMjFoZEdsallXeHNlU0JoYm1RZ1kyRnlkQ0IzYVd4c0lHSmxJSEpsYkc5aFpHVmtMaUJGZUhCcGNtVmtJR2wwWlcwZ1RtRnRaWE1nWVhKbElDMCtJaXdpVW1WMWMyVmtTWFJsYlhOV1lXeHBaR0YwYVc5dVVHOXdkWEJOWlhOellXZGxTR1ZoWkdWeUlqb2lVR3hsWVhObElFNXZkR1VpTENKRmVIQnBjbVZrVUhKcGJXVnlVRzl3ZFhCRGJHOXpaVUoxZEhSdmJsUmxlSFFpT2lKUGF5SXNJa1Y0Y0dseVpXUlFjbWx0WlhKUWIzQjFjRTFsYzNOaFoyVlVaWGgwSWpvaVVISnBiV1Z5SUdseklHVjRjR2x5WldRZ1ptOXlJSFJvWlNCdmJtVWdiMllnZEdobElITmxiR1YwWldRZ2MyVnhkV1Z1WTJsdVp5QnBkR1Z0TGlCd2JHVmhjMlVnYzJWc1pXTjBJR0Z1YjNSb1pYSWdjSEpwYldWeUlHOXlJRzl5WkdWeUlHNWxkeUJ3Y21sdFpYSXVJaXdpUlhod2FYSmxaRkJ5YVcxbGNsQnZjSFZ3VFdWemMyRm5aVWhsWVdSbGNsUmxlSFFpT2lKUWJHVnpaU0JPYjNSbElpd2lRMkZ5ZEZCaFoyVlZVa3dpT2lJdlpXNHZZMkZ5ZEM1aGMzQjRJaXdpVFdsdWFXMTFiVkJzWVhSbFUyRnRjR3hsYzFCbGNrTm9aV05yYjNWMElqbzBPQ3dpVUd4aGRHVlRZVzF3YkdWRGIzVnVkQ0k2Ym5Wc2JDd2lTWE5UYVc1bmJHVlFiR0YwWlZkcGRHaFdZV3hwWkZOaGJYQnNaVU52ZFc1MElqcG1ZV3h6WlN3aVRXbHVVR3hoZEdWVFlXMXdiR1Z6VUc5d2RYQkdiM0p0WVhSTlpYTnpZV2RsSWpvaUlpd2lUV2x1VUd4aGRHVlRZVzF3YkdWelVHOXdkWEJHYjNKdFlYUk5aWE56WVdkbFEyeHZjMlZDZFhSMGIyNVVaWGgwSWpvaUlpd2lUV2x1VUd4aGRHVlRZVzF3YkdWelVHOXdkWEJHYjNKdFlYUk5aWE56WVdkbFNHVmhaR1Z5SWpvaUlpd2lUV0Y0YVcxMWJVNTFiV0psY2s5bVVHeGhkR1Z6VUdWeVEyaGxZMnR2ZFhRaU9qTXNJbEJzWVhSbGMwTnZkVzUwUm05eVEzVnljbVZ1ZEU5eVpHVnlJanB1ZFd4c0xDSk5ZWGhwYlhWdFVHeGhkR1Z6VUdWeVEyaGxZMnR2ZFhSUWIzQjFjRVp2Y20xaGRFMWxjM05oWjJVaU9pSk5ZWGhwYlhWdElETWdjR3hoZEdWeklHRnlaU0JsYkdsbmFXSnNaU0IwYnlCamFHVmphMjkxZENCd1pYSWdiM0prWlhJZ1ptOXlJSEJzWVhSbElITmxjWFZsYm1OcGJtY2dhWFJsYlhNdUlGQnNaV0Z6WlNCdGIyUnBabmtnZVc5MWNpQnpaV3hsWTNScGIyNGdZV05qYjNKa2FXNW5iSGt1SWl3aVRXRjRhVzExYlZCc1lYUmxjMUJsY2tOb1pXTnJiM1YwVUc5d2RYQkdiM0p0WVhSTlpYTnpZV2RsUTJ4dmMyVkNkWFIwYjI1VVpYaDBJam9pVDJzaUxDSk5ZWGhwYlhWdFVHeGhkR1Z6VUdWeVEyaGxZMnR2ZFhSR2IzSnRZWFJOWlhOellXZGxTR1ZoWkdWeUlqb2lVR3hsWVhObElFNXZkR1VpTENKUWIzTjBRbUZqYTBWc1pXMWxiblJWYm1seGRXVkpaQ0k2SW1OMGJEQXdKR04wYkRBd0pHTjBiREF3SkVOdmJuUmxiblJRYkdGalpVaHZiR1JsY2tSbFptRjFiSFFrUTJGeWRFOTJaWEoyYVdWM1h6TWtiRzVyUTJobFkydHZkWFFpTENKRmRtVnVkRUZ5WjNWdFpXNTBJam9pSW4wc0lIUm9hWE1wTzJRQ0VnOWtGZ1lDQXc5a0ZnSm1EdzhXQWg0TGJHSnNTR1ZoWkV4cGJtVUZDazE1SUZCeWIyWnBiR1ZrRmdnQ0FnOFZBV3BEYjI1MFpXNTBVR3hoWTJWSWIyeGtaWEpFWldaaGRXeDBYMDFoYzNSbGNsQnNZV05sYUc5c1pHVnlYMGh2YldWTWIyZG5aV1JKYmw4MlgzQnViRVJ5WVdkaFlteGxWMmx1Wkc5M1EyOXVkR1Z1ZEY5SmJteHBibVZOWlhOellXZGxRMjl1ZEdGcGJtVnlaQUlERHc4V0FoOEVaMlFXQkFJQkR4WUNId01GQlVobGJHeHZaQUlERHhZQ0h3TUZGWEJ1ZEdWemRHWXdNREVnY0c1MFpYTjBiREF3TVdRQ0JROWtGZ2dDQVE4V0FoOERaV1FDQXc4UEZnSWZBMlZrWkFJRkR3OFdBaDhEQlJFb1ltVmpiMjFsSUhsdmRYSnpaV3htS1dSa0FnY1BGZ0lmQTJWa0Fna1BaQllJQWdFUFpCWUNBZ0VQRHhZR0h3Y0ZEV1ZtUTI5c2IzSlBjbUZ1WjJVZkF3VUlUWGxQY21SbGNuTWZDQUlDWkdRQ0F3OFBGZ0lmQXdVTVRYa2dSR0Z6YUdKdllYSmtaR1FDQlE4UEZnUWZCUVVVZmk5aFpHMXBiaTkzWld4amIyMWxMbUZ6Y0hnZkF3VU9RV1J0YVc1cGMzUnlZWFJwYjI1a1pBSUhEdzhXQWg4REJRWk1iMmR2ZFhSa1pBSUZEMlFXQW1ZUER4WUVIdzBGQlV4dloybHVId1JvWkJZRUFnVVBEeFlDSHdVRkl5OWxiaTlqYUdWamEyOTFkQzl6ZEdWd01TNWhjM0I0UDI1dlpHVkpaRDB4TVRJM1pHUUNCdzlrRmdZQ0FROFBGZ1lmQXdVR1JXMWhhV3c2SHdjRkZ5QnlaWEYxYVhKbFpFWnBaV3hrUTJoaGNtRmpkR1Z5SHdnQ0FtUmtBZ2tQRHhZR0h3TUZBM3N3ZlI4SEJSY2djbVZ4ZFdseVpXUkdhV1ZzWkVOb1lYSmhZM1JsY2g4SUFnSmtaQUlURHc4V0FoOEZCUmN2Wlc0dlptOXlaMjkwY0dGemMzZHZjbVF1WVhOd2VHUmtBZ2NQWkJZQ1pnOFBGZ0lmRFFVS1RtVmxaQ0JJWld4d1AyUVdCQUlDRHhVQmJVTnZiblJsYm5SUWJHRmpaVWh2YkdSbGNrUmxabUYxYkhSZlRXRnpkR1Z5VUd4aFkyVm9iMnhrWlhKZlEzVnpkRzl0WlhKVGRYQndiM0owWHpoZmNHNXNSSEpoWjJGaWJHVlhhVzVrYjNkRGIyNTBaVzUwWDBsdWJHbHVaVTFsYzNOaFoyVkRiMjUwWVdsdVpYSmtBZ01QWkJZSUFnRVBGZ0lmQXdVUVEzVnpkRzl0WlhJZ1UzVndjRzl5ZEdRQ0F3OFBGZ0lmQXdVUUt6UTVJRGd3T1RJZ09ESTRPU0EzTjJSa0FnVVBEeFlDSHdNRmFEeGhJR2h5WldZOUlpOWxiaTlsZFhKdlptbHVjeTF0ZDJjdGIzQmxjbTl1TDNObGNuWnBZMlV0WTJWdWRHVnlMMk52Ym5SaFkzUXRkWE12WjJ4dlltRnNMV1JwY21WamRHOXllUzVoYzNCNElqNUdjbVZsSUhCb2IyNWxJRzUxYldKbGNuTThMMkUrWkdRQ0J3OFBGZ1FmQXdWRVBHRWdhSEpsWmowaWJXRnBiSFJ2T25OMWNIQnZjblF0WlhWQVpYVnliMlpwYm5NdVkyOXRJajV6ZFhCd2IzSjBMV1YxUUdWMWNtOW1hVzV6TG1OdmJUd3ZZVDRmQlFWTGJXRnBiSFJ2T2p4aElHaHlaV1k5SW0xaGFXeDBienB6ZFhCd2IzSjBMV1YxUUdWMWNtOW1hVzV6TG1OdmJTSStjM1Z3Y0c5eWRDMWxkVUJsZFhKdlptbHVjeTVqYjIwOEwyRStaR1FDRlE5a0ZnSm1EMlFXQW1ZUEZRR21CblpoY2lCemFHOTNVSEp2WjNKbGMzTkNZWEpCWm5SbGNqMHlNREE3RFFwMllYSWdiV1Z6YzJGblpWQnliMmR5WlhOelFtRnlQU2RRYkdWaGMyVWdkMkZwZEM0dUxpYzdEUXAyWVhJZ2NISnZaM0psYzNOQ1lYSlVhWFJzWlQwblVHeGxZWE5sSUhkaGFYUXVMaTRuT3cwS2RtRnlJSEJ5YjJkeVpYTnpRbUZ5UTJGdVkyVnNRblYwZEc5dVZHVjRkRDBuUTJGdVkyVnNKenNOQ25aaGNpQmhiR1Z5ZEUxbGMzTmhaMlZDZFhSMGIyNVVaWGgwUFNkUGF5YzdEUXAyWVhJZ1lXeGxjblJOWlhOellXZGxWR2wwYkdVOUowRnNaWEowSUUxbGMzTmhaMlVuT3cwS2RtRnlJRzl3WlhKdmJsTnBkR1ZWY213OUp5YzdEUXAyWVhJZ1kzVnljbVZ1ZEZOcGRHVkRiMlJsUFNkRlFrVW5PdzBLZG1GeUlITjFZa1J2YldGcGJqMG5VVUVuT3cwS2RtRnlJSEJ2Y25ST2RXMWlaWEk5SnpneEp6c05DblpoY2lCd2NtVk1iMkZrU1cxaFoyVk1hWE4wUFZzbkwyTnpjeTlsZUhRdmFuRjFaWEo1ZEdobGJXVnpMMmx0WVdkbGN5OTFhUzFpWjE5bmJHRnpjMTgxTlY4eFl6RmpNV05mTVhnME1EQXVjRzVuSjEwN0RRcDJZWElnY0hKcFkybHVaMFJsZEdGcGJITkRiRzl6WlVKMWRIUnZibFJsZUhROUowTnNiM05sSnpzTkNuWmhjaUJCWkdSQ2RYUjBiMjVTWlhOdmRYSmpaVlJsZUhRZ1BTQW5RV1JrSnpzTkNuWmhjaUJEWVc1alpXeENkWFIwYjI1U1pYTnZkWEpqWlZSbGVIUWdQU0FuUTJGdVkyVnNKenNOQ25aaGNpQkRiRzl6WlVKMWRIUnZibEpsYzI5MWNtTmxWR1Y0ZENBOUlDZERiRzl6WlNjN0RRcDJZWElnVTJGMlpVSjFkSFJ2YmxKbGMyOTFjbU5sVkdWNGRDQTlJQ2RUWVhabEp6c05DblpoY2lCT2IwSjFkSFJ2YmxKbGMyOTFjbU5sVkdWNGRDQTlJQ2RPYnljN0RRcDJZWElnV1dWelFuVjBkRzl1VW1WemIzVnlZMlZVWlhoMElEMGdKMWxsY3ljN0RRcDJZWElnVkdocFkydENiM2hEYkc5elpWUmxlSFJTWlhOdmRYSmpaU0E5SUNkdmNpQkZjMk1nUzJWNUp6c05DblpoY2lCVWFHbGphMEp2ZUVOc2IzTmxUR2x1YTFKbGMyOTFjbU5sSUQwZ0oyTnNiM05sSnpzTkNuWmhjaUJrWlhCc2IzbHRaVzUwUlc1MmFYSnZibTFsYm5RZ1BTQW5VVUVuT3cwS1pHUzYwZll6b3dUMldHM20rRHNSNkk3UlpFMGpkMXRrOW9CNlMxeHJPSzNvSlE9PSIgQ29ycmVsYXRpb25CaW5kaW5nPSIiIFVybEVuY29kZT0iVHJ1ZSIgLz4NCiAgICAgICAgPEZvcm1Qb3N0UGFyYW1ldGVyIE5hbWU9ImN0bDAwJGN0bDAwJGN0bDAwJENvbnRlbnRQbGFjZUhvbGRlckRlZmF1bHQkVG9wTG9nZ2VkSW5fMSRoZG5TY3JlZW5BcmVhIiBWYWx1ZT0ie3skSElEREVOMS5jdGwwMCRjdGwwMCRjdGwwMCRDb250ZW50UGxhY2VIb2xkZXJEZWZhdWx0JFRvcExvZ2dlZEluXzEkaGRuU2NyZWVuQXJlYX19IiBSZWNvcmRlZFZhbHVlPSIiIENvcnJlbGF0aW9uQmluZGluZz0iIiBVcmxFbmNvZGU9IlRydWUiIC8+DQogICAgICAgIDxGb3JtUG9zdFBhcmFtZXRlciBOYW1lPSJjdGwwMCRjdGwwMCRjdGwwMCRDb250ZW50UGxhY2VIb2xkZXJEZWZhdWx0JENhcnRPdmVydmlld18zJGhkbkZpZWxkU2VsZWN0ZWRPcmRlckl0ZW1DaGVja291dFN0YXRlcyIgVmFsdWU9Int7JEhJRERFTjEuY3RsMDAkY3RsMDAkY3RsMDAkQ29udGVudFBsYWNlSG9sZGVyRGVmYXVsdCRDYXJ0T3ZlcnZpZXdfMyRoZG5GaWVsZFNlbGVjdGVkT3JkZXJJdGVtQ2hlY2tvdXRTdGF0ZXN9fSIgUmVjb3JkZWRWYWx1ZT0iIiBDb3JyZWxhdGlvbkJpbmRpbmc9IiIgVXJsRW5jb2RlPSJUcnVlIiAvPg0KICAgICAgICA8Rm9ybVBvc3RQYXJhbWV0ZXIgTmFtZT0iY3RsMDAkY3RsMDAkY3RsMDAkQ29udGVudFBsYWNlSG9sZGVyRGVmYXVsdCRDYXJ0T3ZlcnZpZXdfMyRoZG5GaWVsZENvbXBsZXRlQ2FydENoZWNrb3V0U3RhdGVFbnVtcyIgVmFsdWU9Int7JEhJRERFTjEuY3RsMDAkY3RsMDAkY3RsMDAkQ29udGVudFBsYWNlSG9sZGVyRGVmYXVsdCRDYXJ0T3ZlcnZpZXdfMyRoZG5GaWVsZENvbXBsZXRlQ2FydENoZWNrb3V0U3RhdGVFbnVtc319IiBSZWNvcmRlZFZhbHVlPSIiIENvcnJlbGF0aW9uQmluZGluZz0iIiBVcmxFbmNvZGU9IlRydWUiIC8+DQogICAgICAgIDxGb3JtUG9zdFBhcmFtZXRlciBOYW1lPSJjdGwwMCRjdGwwMCRjdGwwMCRDb250ZW50UGxhY2VIb2xkZXJEZWZhdWx0JENhcnRPdmVydmlld18zJGhkbkZpZWxkU2VsZWN0ZWRJdGVtSWRzIiBWYWx1ZT0ie3skSElEREVOMS5jdGwwMCRjdGwwMCRjdGwwMCRDb250ZW50UGxhY2VIb2xkZXJEZWZhdWx0JENhcnRPdmVydmlld18zJGhkbkZpZWxkU2VsZWN0ZWRJdGVtSWRzfX0iIFJlY29yZGVkVmFsdWU9IiIgQ29ycmVsYXRpb25CaW5kaW5nPSIiIFVybEVuY29kZT0iVHJ1ZSIgLz4NCiAgICAgICAgPEZvcm1Qb3N0UGFyYW1ldGVyIE5hbWU9ImN0bDAwJGN0bDAwJGN0bDAwJENvbnRlbnRQbGFjZUhvbGRlckRlZmF1bHQkQ2FydE92ZXJ2aWV3XzMkaGRuU2NyZWVuQXJlYSIgVmFsdWU9Int7JEhJRERFTjEuY3RsMDAkY3RsMDAkY3RsMDAkQ29udGVudFBsYWNlSG9sZGVyRGVmYXVsdCRDYXJ0T3ZlcnZpZXdfMyRoZG5TY3JlZW5BcmVhfX0iIFJlY29yZGVkVmFsdWU9IiIgQ29ycmVsYXRpb25CaW5kaW5nPSIiIFVybEVuY29kZT0iVHJ1ZSIgLz4NCiAgICAgICAgPEZvcm1Qb3N0UGFyYW1ldGVyIE5hbWU9ImN0bDAwJGN0bDAwJGN0bDAwJENvbnRlbnRQbGFjZUhvbGRlckRlZmF1bHQkTWFzdGVyUGxhY2Vob2xkZXIkSG9tZUxvZ2dlZEluXzYkaGRuU2NyZWVuQXJlYSIgVmFsdWU9Int7JEhJRERFTjEuY3RsMDAkY3RsMDAkY3RsMDAkQ29udGVudFBsYWNlSG9sZGVyRGVmYXVsdCRNYXN0ZXJQbGFjZWhvbGRlciRIb21lTG9nZ2VkSW5fNiRoZG5TY3JlZW5BcmVhfX0iIFJlY29yZGVkVmFsdWU9IiIgQ29ycmVsYXRpb25CaW5kaW5nPSIiIFVybEVuY29kZT0iVHJ1ZSIgLz4NCiAgICAgICAgPEZvcm1Qb3N0UGFyYW1ldGVyIE5hbWU9ImN0bDAwJGN0bDAwJGN0bDAwJENvbnRlbnRQbGFjZUhvbGRlckRlZmF1bHQkTWFzdGVyUGxhY2Vob2xkZXIkQ3VzdG9tZXJTdXBwb3J0XzgkaGRuU2NyZWVuQXJlYSIgVmFsdWU9Int7JEhJRERFTjEuY3RsMDAkY3RsMDAkY3RsMDAkQ29udGVudFBsYWNlSG9sZGVyRGVmYXVsdCRNYXN0ZXJQbGFjZWhvbGRlciRDdXN0b21lclN1cHBvcnRfOCRoZG5TY3JlZW5BcmVhfX0iIFJlY29yZGVkVmFsdWU9IiIgQ29ycmVsYXRpb25CaW5kaW5nPSIiIFVybEVuY29kZT0iVHJ1ZSIgLz4NCiAgICAgICAgPEZvcm1Qb3N0UGFyYW1ldGVyIE5hbWU9ImN0bDAwJGN0bDAwJGN0bDAwJENvbnRlbnRQbGFjZUhvbGRlckRlZmF1bHQkaGRuQ2FuSW5pdGlhbGl6ZUN1bHR1cmUiIFZhbHVlPSJ7eyRISURERU4xLmN0bDAwJGN0bDAwJGN0bDAwJENvbnRlbnRQbGFjZUhvbGRlckRlZmF1bHQkaGRuQ2FuSW5pdGlhbGl6ZUN1bHR1cmV9fSIgUmVjb3JkZWRWYWx1ZT0iZmFsc2UiIENvcnJlbGF0aW9uQmluZGluZz0iIiBVcmxFbmNvZGU9IlRydWUiIC8+DQogICAgICAgIDxGb3JtUG9zdFBhcmFtZXRlciBOYW1lPSJjdGwwMCRjdGwwMCRjdGwwMCRDb250ZW50UGxhY2VIb2xkZXJEZWZhdWx0JGhkbkVjb21EcmFnRHJvcEpzb24iIFZhbHVlPSJ7eyRISURERU4xLmN0bDAwJGN0bDAwJGN0bDAwJENvbnRlbnRQbGFjZUhvbGRlckRlZmF1bHQkaGRuRWNvbURyYWdEcm9wSnNvbn19IiBSZWNvcmRlZFZhbHVlPSIiIENvcnJlbGF0aW9uQmluZGluZz0iIiBVcmxFbmNvZGU9IlRydWUiIC8+DQogICAgICAgIDxGb3JtUG9zdFBhcmFtZXRlciBOYW1lPSJjdGwwMCRjdGwwMCRjdGwwMCRDb250ZW50UGxhY2VIb2xkZXJEZWZhdWx0JGhkbkN1cnJlbnRQYWdlSWRlbnRpdHkiIFZhbHVlPSJ7eyRISURERU4xLmN0bDAwJGN0bDAwJGN0bDAwJENvbnRlbnRQbGFjZUhvbGRlckRlZmF1bHQkaGRuQ3VycmVudFBhZ2VJZGVudGl0eX19IiBSZWNvcmRlZFZhbHVlPSIxMTI3IiBDb3JyZWxhdGlvbkJpbmRpbmc9IiIgVXJsRW5jb2RlPSJUcnVlIiAvPg0KICAgICAgICA8Rm9ybVBvc3RQYXJhbWV0ZXIgTmFtZT0iY3RsMDAkY3RsMDAkY3RsMDAkQ29udGVudFBsYWNlSG9sZGVyRGVmYXVsdCRoZG5TY3JvbGxZUG9zaXRpb24iIFZhbHVlPSJ7eyRISURERU4xLmN0bDAwJGN0bDAwJGN0bDAwJENvbnRlbnRQbGFjZUhvbGRlckRlZmF1bHQkaGRuU2Nyb2xsWVBvc2l0aW9ufX0iIFJlY29yZGVkVmFsdWU9IjAiIENvcnJlbGF0aW9uQmluZGluZz0iIiBVcmxFbmNvZGU9IlRydWUiIC8+DQogICAgICAgIDxGb3JtUG9zdFBhcmFtZXRlciBOYW1lPSJfX1ZJRVdTVEFURUdFTkVSQVRPUiIgVmFsdWU9Int7JEhJRERFTjEuX19WSUVXU1RBVEVHRU5FUkFUT1J9fSIgUmVjb3JkZWRWYWx1ZT0iQ0EwQjAzMzQiIENvcnJlbGF0aW9uQmluZGluZz0iIiBVcmxFbmNvZGU9IlRydWUiIC8+DQogICAgICA8L0Zvcm1Qb3N0SHR0cEJvZHk+DQogICAgPC9SZXF1ZXN0Pg0KICA8L0l0ZW1zPg0KICA8VmFsaWRhdGlvblJ1bGVzPg0KICAgIDxWYWxpZGF0aW9uUnVsZSBDbGFzc25hbWU9Ik1pY3Jvc29mdC5WaXN1YWxTdHVkaW8uVGVzdFRvb2xzLldlYlRlc3RpbmcuUnVsZXMuVmFsaWRhdGVSZXNwb25zZVVybCwgTWljcm9zb2Z0LlZpc3VhbFN0dWRpby5RdWFsaXR5VG9vbHMuV2ViVGVzdEZyYW1ld29yaywgVmVyc2lvbj0xMC4wLjAuMCwgQ3VsdHVyZT1uZXV0cmFsLCBQdWJsaWNLZXlUb2tlbj1iMDNmNWY3ZjExZDUwYTNhIiBEaXNwbGF5TmFtZT0iUmVzcG9uc2UgVVJMIiBEZXNjcmlwdGlvbj0iVmFsaWRhdGVzIHRoYXQgdGhlIHJlc3BvbnNlIFVSTCBhZnRlciByZWRpcmVjdHMgYXJlIGZvbGxvd2VkIGlzIHRoZSBzYW1lIGFzIHRoZSByZWNvcmRlZCByZXNwb25zZSBVUkwuICBRdWVyeVN0cmluZyBwYXJhbWV0ZXJzIGFyZSBpZ25vcmVkLiIgTGV2ZWw9IkxvdyIgRXhlY3R1aW9uT3JkZXI9IkJlZm9yZURlcGVuZGVudHMiIC8+DQogICAgPFZhbGlkYXRpb25SdWxlIENsYXNzbmFtZT0iTWljcm9zb2Z0LlZpc3VhbFN0dWRpby5UZXN0VG9vbHMuV2ViVGVzdGluZy5SdWxlcy5WYWxpZGF0aW9uUnVsZVJlc3BvbnNlVGltZUdvYWwsIE1pY3Jvc29mdC5WaXN1YWxTdHVkaW8uUXVhbGl0eVRvb2xzLldlYlRlc3RGcmFtZXdvcmssIFZlcnNpb249MTAuMC4wLjAsIEN1bHR1cmU9bmV1dHJhbCwgUHVibGljS2V5VG9rZW49YjAzZjVmN2YxMWQ1MGEzYSIgRGlzcGxheU5hbWU9IlJlc3BvbnNlIFRpbWUgR29hbCIgRGVzY3JpcHRpb249IlZhbGlkYXRlcyB0aGF0IHRoZSByZXNwb25zZSB0aW1lIGZvciB0aGUgcmVxdWVzdCBpcyBsZXNzIHRoYW4gb3IgZXF1YWwgdG8gdGhlIHJlc3BvbnNlIHRpbWUgZ29hbCBhcyBzcGVjaWZpZWQgb24gdGhlIHJlcXVlc3QuICBSZXNwb25zZSB0aW1lIGdvYWxzIG9mIHplcm8gd2lsbCBiZSBpZ25vcmVkLiIgTGV2ZWw9IkxvdyIgRXhlY3R1aW9uT3JkZXI9IkFmdGVyRGVwZW5kZW50cyI+DQogICAgICA8UnVsZVBhcmFtZXRlcnM+DQogICAgICAgIDxSdWxlUGFyYW1ldGVyIE5hbWU9IlRvbGVyYW5jZSIgVmFsdWU9IjAiIC8+DQogICAgICA8L1J1bGVQYXJhbWV0ZXJzPg0KICAgIDwvVmFsaWRhdGlvblJ1bGU+DQogIDwvVmFsaWRhdGlvblJ1bGVzPg0KPC9XZWJUZXN0Pg==">
      <Execution id="fbccbe2c-8f05-4eb7-967d-bbeded14254e" />
    </WebTest>
  </TestDefinitions>
  <TestLists>
    <TestList name="Results Not in a List" id="8c84fa94-04c1-424b-9868-57a2d4851a1d" />
    <TestList name="All Loaded Results" id="19431567-8539-422a-85d7-44ee4e166bda" />
  </TestLists>
  <TestEntries>
    <TestEntry isTransparent="false" testId="8d2b5e93-3d0d-40b8-a1d5-93fedbb910c1" executionId="fbccbe2c-8f05-4eb7-967d-bbeded14254e" testListId="8c84fa94-04c1-424b-9868-57a2d4851a1d" />
  </TestEntries>
  <Results>
    <WebTestResult executionId="fbccbe2c-8f05-4eb7-967d-bbeded14254e" testId="8d2b5e93-3d0d-40b8-a1d5-93fedbb910c1" testName="E-Com-NotWorking" computerName="IN01APVT127" duration="00:00:07.7767051" startTime="2017-07-13T11:24:30.4025207+05:30" endTime="2017-07-13T11:24:48.7711937+05:30" testType="4e7599fa-5ecb-43e9-a887-cd63cf72d207" outcome="Failed" testListId="8c84fa94-04c1-424b-9868-57a2d4851a1d" relativeResultsDirectory="fbccbe2c-8f05-4eb7-967d-bbeded14254e">
      <Output>
        <ErrorInfo>
          <Message>4 primary requests, 0 dependant requests and 0 conditional rules failed</Message>
        </ErrorInfo>
      </Output>
      <ResultFiles>
        <ResultFile path="E-Com-NotWorking.webtestResult" />
      </ResultFiles>
      <TestSettings name="Local" id="5e0ec486-8390-4d47-996a-582ca480c912">
        <Description>These are default test settings for a local test run.</Description>
        <Deployment runDeploymentRoot="adm_imga_IN01APVT127 2017-07-13 11_24_29">
          <DeploymentItem filename="C:\Performance_Training\Custom_Parameter\Plugin2\bin\Debug\Plugin2.dll" />
          <DeploymentItem filename="C:\Performance_Training\Demo_Project\Demo_Reference\bin\Debug\Demo_Reference.dll" />
          <DeploymentItem filename="C:\Performance_Training\Custom_Parameter\Custom_Parameter\bin\Debug\Custom_Parameter.dll" />
        </Deployment>
        <Execution>
          <TestTypeSpecific>
            <UnitTestRunConfig testTypeId="13cdc9d9-ddb5-4fa4-a97d-d965ccfc6d4b">
              <AssemblyResolution>
                <TestDirectory useLoadContext="true" />
              </AssemblyResolution>
            </UnitTestRunConfig>
            <WebTestRunConfiguration testTypeId="4e7599fa-5ecb-43e9-a887-cd63cf72d207">
              <Browser name="Internet Explorer 9.0" MaxConnections="6">
                <Headers>
                  <Header name="User-Agent" value="Mozilla/5.0 (compatible; MSIE 9.0; Windows NT 6.1; Trident/5.0)" />
                  <Header name="Accept" value="*/*" />
                  <Header name="Accept-Language" value="{{$IEAcceptLanguage}}" />
                  <Header name="Accept-Encoding" value="GZIP" />
                </Headers>
              </Browser>
            </WebTestRunConfiguration>
          </TestTypeSpecific>
          <AgentRule name="LocalMachineDefaultRole">
          </AgentRule>
        </Execution>
        <Properties>
          <Property name="TestSettingsUIType" value="UnitTest" />
        </Properties>
      </TestSettings>
      <WebTestResultFilePath>adm_imga_IN01APVT127 2017-07-13 11_24_29\In\fbccbe2c-8f05-4eb7-967d-bbeded14254e\E-Com-NotWorking.webtestResult</WebTestResultFilePath>
    </WebTestResult>
  </Results>
</TestRun>