<?xml version="1.0" encoding="UTF-8"?>
<TestRun id="527c09f6-11b2-4f38-bce1-4c2b51cd2a6b" name="adm_imga@IN01APVT127 2017-07-13 10:34:13" runUser="ES-AREA1\adm_imga" xmlns="http://microsoft.com/schemas/VisualStudio/TeamTest/2010">
  <TestSettings name="Local" id="5e0ec486-8390-4d47-996a-582ca480c912">
    <Description>These are default test settings for a local test run.</Description>
    <Deployment runDeploymentRoot="adm_imga_IN01APVT127 2017-07-13 10_34_13">
      <DeploymentItem filename="C:\Performance_Training\Custom_Parameter\Plugin2\bin\Debug\Plugin2.dll" />
      <DeploymentItem filename="C:\Performance_Training\Demo_Project\Demo_Reference\bin\Debug\Demo_Reference.dll" />
      <DeploymentItem filename="C:\Performance_Training\Custom_Parameter\Custom_Parameter\bin\Debug\Custom_Parameter.dll" />
    </Deployment>
    <Execution>
      <TestTypeSpecific>
        <UnitTestRunConfig testTypeId="13cdc9d9-ddb5-4fa4-a97d-d965ccfc6d4b">
          <AssemblyResolution>
            <TestDirectory useLoadContext="true" />
          </AssemblyResolution>
        </UnitTestRunConfig>
        <WebTestRunConfiguration testTypeId="4e7599fa-5ecb-43e9-a887-cd63cf72d207">
          <Browser name="Internet Explorer 9.0" MaxConnections="6">
            <Headers>
              <Header name="User-Agent" value="Mozilla/5.0 (compatible; MSIE 9.0; Windows NT 6.1; Trident/5.0)" />
              <Header name="Accept" value="*/*" />
              <Header name="Accept-Language" value="{{$IEAcceptLanguage}}" />
              <Header name="Accept-Encoding" value="GZIP" />
            </Headers>
          </Browser>
        </WebTestRunConfiguration>
      </TestTypeSpecific>
      <AgentRule name="LocalMachineDefaultRole">
      </AgentRule>
    </Execution>
    <Properties>
      <Property name="TestSettingsUIType" value="UnitTest" />
    </Properties>
  </TestSettings>
  <Times creation="2017-07-13T10:34:13.8278264+05:30" queuing="2017-07-13T10:34:15.8672342+05:30" start="2017-07-13T10:34:16.0137635+05:30" finish="2017-07-13T10:34:34.5399680+05:30" />
  <ResultSummary outcome="Failed">
    <Counters total="1" executed="1" error="0" failed="1" timeout="0" aborted="0" inconclusive="0" passedButRunAborted="0" notRunnable="0" notExecuted="0" disconnected="0" warning="0" passed="0" completed="0" inProgress="0" pending="0" />
  </ResultSummary>
  <TestDefinitions>
    <WebTest name="E-Com" storage="c:\performance_training\demo_project\demo_project\e-com.webtest" id="96e89e18-9e76-454d-8013-42a084c29e3c" persistedWebTest="77u/PD94bWwgdmVyc2lvbj0iMS4wIiBlbmNvZGluZz0iVVRGLTgiIHN0YW5kYWxvbmU9InllcyI/Pg0KPFdlYlRlc3QgTmFtZT0iRS1Db20iIElkPSI5NmU4OWUxOC05ZTc2LTQ1NGQtODAxMy00MmEwODRjMjllM2MiIE93bmVyPSIiIFByaW9yaXR5PSIyMTQ3NDgzNjQ3IiBFbmFibGVkPSJUcnVlIiBDc3NQcm9qZWN0U3RydWN0dXJlPSIiIENzc0l0ZXJhdGlvbj0iIiBUaW1lb3V0PSIwIiBXb3JrSXRlbUlkcz0iIiB4bWxucz0iaHR0cDovL21pY3Jvc29mdC5jb20vc2NoZW1hcy9WaXN1YWxTdHVkaW8vVGVhbVRlc3QvMjAxMCIgRGVzY3JpcHRpb249IiIgQ3JlZGVudGlhbFVzZXJOYW1lPSIiIENyZWRlbnRpYWxQYXNzd29yZD0iIiBQcmVBdXRoZW50aWNhdGU9IlRydWUiIFByb3h5PSJkZWZhdWx0IiBTdG9wT25FcnJvcj0iRmFsc2UiIFJlY29yZGVkUmVzdWx0RmlsZT0iV2ViVGVzdDEuYWFiODZiMTktZmQ0My00ZWNlLThlNDktNzdhY2ZiNzc1NjZkLnJlYy53ZWJ0ZXN0cmVzdWx0IiBSZXN1bHRzTG9jYWxlPSIiPg0KICA8SXRlbXM+DQogICAgPENvbW1lbnQgQ29tbWVudFRleHQ9IkxhdW5jaEFwcCIgLz4NCiAgICA8UmVxdWVzdCBNZXRob2Q9IkdFVCIgR3VpZD0iMzNlNjRkOWUtMjg0Zi00ODkwLTg1NDMtMDQxZWMwOTcwNGRlIiBWZXJzaW9uPSIxLjEiIFVybD0iaHR0cDovL2luMDFhcHYxMTo4MS9lbi9ob21lLmFzcHgiIFRoaW5rVGltZT0iMTgiIFRpbWVvdXQ9IjMwMCIgUGFyc2VEZXBlbmRlbnRSZXF1ZXN0cz0iVHJ1ZSIgRm9sbG93UmVkaXJlY3RzPSJUcnVlIiBSZWNvcmRSZXN1bHQ9IlRydWUiIENhY2hlPSJGYWxzZSIgUmVzcG9uc2VUaW1lR29hbD0iMCIgRW5jb2Rpbmc9InV0Zi04IiBFeHBlY3RlZEh0dHBTdGF0dXNDb2RlPSIwIiBFeHBlY3RlZFJlc3BvbnNlVXJsPSIiIFJlcG9ydGluZ05hbWU9IiIgSWdub3JlSHR0cFN0YXR1c0NvZGU9IkZhbHNlIj4NCiAgICAgIDxFeHRyYWN0aW9uUnVsZXM+DQogICAgICAgIDxFeHRyYWN0aW9uUnVsZSBDbGFzc25hbWU9Ik1pY3Jvc29mdC5WaXN1YWxTdHVkaW8uVGVzdFRvb2xzLldlYlRlc3RpbmcuUnVsZXMuRXh0cmFjdEhpZGRlbkZpZWxkcywgTWljcm9zb2Z0LlZpc3VhbFN0dWRpby5RdWFsaXR5VG9vbHMuV2ViVGVzdEZyYW1ld29yaywgVmVyc2lvbj0xMC4wLjAuMCwgQ3VsdHVyZT1uZXV0cmFsLCBQdWJsaWNLZXlUb2tlbj1iMDNmNWY3ZjExZDUwYTNhIiBWYXJpYWJsZU5hbWU9IjEiIERpc3BsYXlOYW1lPSJFeHRyYWN0IEhpZGRlbiBGaWVsZHMiIERlc2NyaXB0aW9uPSJFeHRyYWN0IGFsbCBoaWRkZW4gZmllbGRzIGZyb20gdGhlIHJlc3BvbnNlIGFuZCBwbGFjZSB0aGVtIGludG8gdGhlIHRlc3QgY29udGV4dC4iPg0KICAgICAgICAgIDxSdWxlUGFyYW1ldGVycz4NCiAgICAgICAgICAgIDxSdWxlUGFyYW1ldGVyIE5hbWU9IlJlcXVpcmVkIiBWYWx1ZT0iVHJ1ZSIgLz4NCiAgICAgICAgICAgIDxSdWxlUGFyYW1ldGVyIE5hbWU9Ikh0bWxEZWNvZGUiIFZhbHVlPSJUcnVlIiAvPg0KICAgICAgICAgIDwvUnVsZVBhcmFtZXRlcnM+DQogICAgICAgIDwvRXh0cmFjdGlvblJ1bGU+DQogICAgICA8L0V4dHJhY3Rpb25SdWxlcz4NCiAgICAgIDxDb3JyZWxhdGlvbkV4dHJhY3Rpb25SdWxlcz4NCiAgICAgICAgPEV4dHJhY3Rpb25SdWxlIENsYXNzbmFtZT0iTWljcm9zb2Z0LlZpc3VhbFN0dWRpby5UZXN0VG9vbHMuV2ViVGVzdGluZy5SdWxlcy5FeHRyYWN0Rm9ybUZpZWxkLCBNaWNyb3NvZnQuVmlzdWFsU3R1ZGlvLlF1YWxpdHlUb29scy5XZWJUZXN0RnJhbWV3b3JrLCBWZXJzaW9uPTEwLjAuMC4wLCBDdWx0dXJlPW5ldXRyYWwsIFB1YmxpY0tleVRva2VuPWIwM2Y1ZjdmMTFkNTBhM2EiIFZhcmlhYmxlTmFtZT0iRm9ybVBvc3RQYXJhbTMzLmN0bDAwJGN0bDAwJGN0bDAwJENvbnRlbnRQbGFjZUhvbGRlckRlZmF1bHQkTWFzdGVyUGxhY2Vob2xkZXIkSG9tZUxvZ2dlZE91dF83JGJ0bkhvbWVTdWJtaXQiIERpc3BsYXlOYW1lPSIiIERlc2NyaXB0aW9uPSIiPg0KICAgICAgICAgIDxSdWxlUGFyYW1ldGVycz4NCiAgICAgICAgICAgIDxSdWxlUGFyYW1ldGVyIE5hbWU9Ik5hbWUiIFZhbHVlPSJDb250ZW50UGxhY2VIb2xkZXJEZWZhdWx0X01hc3RlclBsYWNlaG9sZGVyX0hvbWVMb2dnZWRPdXRfN19idG5Ib21lU3VibWl0IiAvPg0KICAgICAgICAgICAgPFJ1bGVQYXJhbWV0ZXIgTmFtZT0iSHRtbERlY29kZSIgVmFsdWU9IlRydWUiIC8+DQogICAgICAgICAgICA8UnVsZVBhcmFtZXRlciBOYW1lPSJSZXF1aXJlZCIgVmFsdWU9IkZhbHNlIiAvPg0KICAgICAgICAgICAgPFJ1bGVQYXJhbWV0ZXIgTmFtZT0iSW5kZXgiIFZhbHVlPSIwIiAvPg0KICAgICAgICAgIDwvUnVsZVBhcmFtZXRlcnM+DQogICAgICAgIDwvRXh0cmFjdGlvblJ1bGU+DQogICAgICA8L0NvcnJlbGF0aW9uRXh0cmFjdGlvblJ1bGVzPg0KICAgIDwvUmVxdWVzdD4NCiAgICA8Q29tbWVudCBDb21tZW50VGV4dD0iTG9naW4iIC8+DQogICAgPFJlcXVlc3QgTWV0aG9kPSJQT1NUIiBHdWlkPSJkZmNiNjdlNC04MTdhLTQwNTAtYTM2Zi03Mjg5MmNjZjg5MzMiIFZlcnNpb249IjEuMSIgVXJsPSJodHRwOi8vaW4wMWFwdjExOjgxL2VuL2hvbWUuYXNweCIgVGhpbmtUaW1lPSIxMyIgVGltZW91dD0iMzAwIiBQYXJzZURlcGVuZGVudFJlcXVlc3RzPSJUcnVlIiBGb2xsb3dSZWRpcmVjdHM9IlRydWUiIFJlY29yZFJlc3VsdD0iVHJ1ZSIgQ2FjaGU9IkZhbHNlIiBSZXNwb25zZVRpbWVHb2FsPSIwIiBFbmNvZGluZz0idXRmLTgiIEV4cGVjdGVkSHR0cFN0YXR1c0NvZGU9IjAiIEV4cGVjdGVkUmVzcG9uc2VVcmw9IiIgUmVwb3J0aW5nTmFtZT0iIiBJZ25vcmVIdHRwU3RhdHVzQ29kZT0iRmFsc2UiPg0KICAgICAgPEhlYWRlcnM+DQogICAgICAgIDxIZWFkZXIgTmFtZT0iUmVmZXJlciIgVmFsdWU9Imh0dHA6Ly9pbjAxYXB2MTE6ODEvZW4vaG9tZS5hc3B4IiAvPg0KICAgICAgPC9IZWFkZXJzPg0KICAgICAgPEV4dHJhY3Rpb25SdWxlcz4NCiAgICAgICAgPEV4dHJhY3Rpb25SdWxlIENsYXNzbmFtZT0iTWljcm9zb2Z0LlZpc3VhbFN0dWRpby5UZXN0VG9vbHMuV2ViVGVzdGluZy5SdWxlcy5FeHRyYWN0SGlkZGVuRmllbGRzLCBNaWNyb3NvZnQuVmlzdWFsU3R1ZGlvLlF1YWxpdHlUb29scy5XZWJUZXN0RnJhbWV3b3JrLCBWZXJzaW9uPTEwLjAuMC4wLCBDdWx0dXJlPW5ldXRyYWwsIFB1YmxpY0tleVRva2VuPWIwM2Y1ZjdmMTFkNTBhM2EiIFZhcmlhYmxlTmFtZT0iMSIgRGlzcGxheU5hbWU9IkV4dHJhY3QgSGlkZGVuIEZpZWxkcyIgRGVzY3JpcHRpb249IkV4dHJhY3QgYWxsIGhpZGRlbiBmaWVsZHMgZnJvbSB0aGUgcmVzcG9uc2UgYW5kIHBsYWNlIHRoZW0gaW50byB0aGUgdGVzdCBjb250ZXh0LiI+DQogICAgICAgICAgPFJ1bGVQYXJhbWV0ZXJzPg0KICAgICAgICAgICAgPFJ1bGVQYXJhbWV0ZXIgTmFtZT0iUmVxdWlyZWQiIFZhbHVlPSJUcnVlIiAvPg0KICAgICAgICAgICAgPFJ1bGVQYXJhbWV0ZXIgTmFtZT0iSHRtbERlY29kZSIgVmFsdWU9IlRydWUiIC8+DQogICAgICAgICAgPC9SdWxlUGFyYW1ldGVycz4NCiAgICAgICAgPC9FeHRyYWN0aW9uUnVsZT4NCiAgICAgIDwvRXh0cmFjdGlvblJ1bGVzPg0KICAgICAgPEZvcm1Qb3N0SHR0cEJvZHk+DQogICAgICAgIDxGb3JtUG9zdFBhcmFtZXRlciBOYW1lPSJfX0VWRU5UVEFSR0VUIiBWYWx1ZT0ie3skSElEREVOMS5fX0VWRU5UVEFSR0VUfX0iIFJlY29yZGVkVmFsdWU9IiIgQ29ycmVsYXRpb25CaW5kaW5nPSIiIFVybEVuY29kZT0iVHJ1ZSIgLz4NCiAgICAgICAgPEZvcm1Qb3N0UGFyYW1ldGVyIE5hbWU9Il9fRVZFTlRBUkdVTUVOVCIgVmFsdWU9Int7JEhJRERFTjEuX19FVkVOVEFSR1VNRU5UfX0iIFJlY29yZGVkVmFsdWU9IiIgQ29ycmVsYXRpb25CaW5kaW5nPSIiIFVybEVuY29kZT0iVHJ1ZSIgLz4NCiAgICAgICAgPEZvcm1Qb3N0UGFyYW1ldGVyIE5hbWU9Il9fVklFV1NUQVRFIiBWYWx1ZT0ie3skSElEREVOMS5fX1ZJRVdTVEFURX19IiBSZWNvcmRlZFZhbHVlPSIvd0VQRHdVRU5UTTRNUTlrRmdKbUQyUVdBbVlQWkJZQ1pnOWtGZ0ptRDJRV0FnSUREeFlHSGdadmJteHZZV1FGUDJsbUtIUjVjR1Z2WmlCUGJrSmhZMnRDZFhSMGIyNURiR2xqYXlBOVBTQWlablZ1WTNScGIyNGlLU0JQYmtKaFkydENkWFIwYjI1RGJHbGpheWdwT3g0S2IyNXdZV2RsYzJodmR3VlRhV1lnS0dWMlpXNTBMbkJsY25OcGMzUmxaQ0FtSmlCMGVYQmxiMllnVDI1Q1lXTnJRblYwZEc5dVEyeHBZMnNnUFQwZ0ltWjFibU4wYVc5dUlpa2dUMjVDWVdOclFuVjBkRzl1UTJ4cFkyc29LVHNlQ0c5dWRXNXNiMkZrWlJZQ0FnRVFaR1FXQ2dJSUQyUVdBbVlQRHhZQ0hnZFdhWE5wWW14bGFHUmtBZ29QWkJZQ1pnOWtGZ29DQWc4VkFWaERiMjUwWlc1MFVHeGhZMlZJYjJ4a1pYSkVaV1poZFd4MFgxUnZjRXh2WjJkbFpFOTFkRjh5WDNCdWJFUnlZV2RoWW14bFYybHVaRzkzUTI5dWRHVnVkRjlKYm14cGJtVk5aWE56WVdkbFEyOXVkR0ZwYm1WeVpBSUREdzhXQkI0RVZHVjRkQVVPUTNKbFlYUmxJRUZqWTI5MWJuUWVDMDVoZG1sbllYUmxWWEpzQlNNdlpXNHZZMmhsWTJ0dmRYUXZjM1JsY0RFdVlYTndlRDl1YjJSbFNXUTlNVEV5TjJSa0FnVVBEeFlDSHdRRkJVeHZaMmx1RmdJZUJHaHlaV1lGQVNOa0FnY1BGZ0lmQkFVTlIzVmxjM1FnUVdOamIzVnVkR1FDQ1E4UFpCWUNIZ1YwYVhSc1pRVUZURzluYVc0V0RnSUJEdzhXQmg4RUJRWkZiV0ZwYkRvZUNFTnpjME5zWVhOekJSY2djbVZ4ZFdseVpXUkdhV1ZzWkVOb1lYSmhZM1JsY2g0RVh5RlRRZ0lDWkdRQ0NROFBGZ1lmQkFVSlVHRnpjM2R2Y21RNkh3Z0ZGeUJ5WlhGMWFYSmxaRVpwWld4a1EyaGhjbUZqZEdWeUh3a0NBbVJrQWc4UFpCWUNBZ01QRHhZQ0h3UUZFV3RsWlhBZ2JXVWdiRzluWjJWa0lHbHVaR1FDRVE4UEZnUWZCUVVYTDJWdUwyWnZjbWR2ZEhCaGMzTjNiM0prTG1GemNIZ2ZCQVVRUm05eVoyOTBJRkJoYzNOM2IzSmtQMlJrQWhNUER4WUVId1VGSXk5bGJpOWphR1ZqYTI5MWRDOXpkR1Z3TVM1aGMzQjRQMjV2WkdWSlpEMHhNVEkzSHdRRkRrTnlaV0YwWlNCQlkyTnZkVzUwWkdRQ0ZROFBGZ0lmQkFVRlRHOW5hVzVrWkFJWEQyUVdCbVlQRlFGUlEyOXVkR1Z1ZEZCc1lXTmxTRzlzWkdWeVJHVm1ZWFZzZEY5VWIzQk1iMmRuWldSUGRYUmZNbDkyYzBOb1pXTnJiM1YwVkc5d1RHOW5hVzVmWldOdmJWWmhiR2xrWVhScGIyNVRkVzF0WVhKNVpBSUJEdzhXQWg0UFZtRnNhV1JoZEdsdmJrZHliM1Z3QlFwMloxUnZjRXh2WjJsdVpHUUNBZzhWQVZGRGIyNTBaVzUwVUd4aFkyVkliMnhrWlhKRVpXWmhkV3gwWDFSdmNFeHZaMmRsWkU5MWRGOHlYM1p6UTJobFkydHZkWFJVYjNCTWIyZHBibDlsWTI5dFZtRnNhV1JoZEdsdmJsTjFiVzFoY25sa0Fnd1BaQllDWmc5a0Znd0NDQThQRmdRZkNBVUpZMkZ5ZEMxcFkyOXVId2tDQW1RV0FnSUJEdzhXQWg4RkJRMHZaVzR2WTJGeWRDNWhjM0I0WkdRQ0NnOFdBaDhFQlFrd0lFbDBaVzBvY3lsa0Fnd1BGZ0lmQkdWa0FnNFBaQllHQWdFUFpCWUNBZ0VQRmdJZkJBVVFUR0Z6ZENCaFpHUmxaQ0JwZEdWdGMyUUNCUThQRmdJZkJBVUVRMkZ5ZEdSa0FnY1BEeFlDSHdRRkNFTm9aV05yYjNWMEZnSWVCMDl1UTJ4cFkyc0ZseXh5WlhSMWNtNGdWbUZzYVdSaGRHVkpkR1Z0YzFSdlEyaGxZMnRQZFhSUGNsRjFiM1JsS0hzaVEyeHZjMlZDZFhSMGIyNVVaWGgwSWpvaVEyeHZjMlVpTENKQmJHVnlkRTFsYzNOaFoyVlVhWFJzWlNJNklrRnNaWEowSUUxbGMzTmhaMlVpTENKRGFHVmphMjkxZEZOMFlYUmxSVzUxYlNJNmV5SkpiblpoYkdsa0lqb2lTVzUyWVd4cFpDSXNJbEYxYjNSaFlteGxUMjVzZVNJNklsRjFiM1JoWW14bFQyNXNlU0lzSWs5eVpHVnlZV0pzWlU5dWJIa2lPaUpQY21SbGNtRmliR1ZQYm14NUlpd2lUM0prWlhKaFlteGxRVzVrVVhWdmRHRmliR1VpT2lKUGNtUmxjbUZpYkdWQmJtUlJkVzkwWVdKc1pTSXNJazV2ZEU5eVpHVnlZV0pzWlVGdVpGRjFiM1JoWW14bElqb2lUbTkwVDNKa1pYSmhZbXhsUVc1a1VYVnZkR0ZpYkdVaUxDSk9iM1JQY21SbGNtRmliR1ZCYm1SUmRXOTBZV0pzWlZkcGRHaEpiblpoYkdsa0lqb2lUbTkwVDNKa1pYSmhZbXhsUVc1a1VYVnZkR0ZpYkdWWGFYUm9TVzUyWVd4cFpDSXNJa1psZDA5eVpHVnlZV0pzWlU5dWJIa2lPaUpHWlhkUGNtUmxjbUZpYkdWUGJteDVJaXdpUm1WM1QzSmtaWEpoWW14bFFXNWtSbVYzVVhWdmRHRmliR1VpT2lKR1pYZFBjbVJsY21GaWJHVkJibVJHWlhkUmRXOTBZV0pzWlNJc0lrWmxkMUYxYjNSaFlteGxUMjVzZVZkcGRHaEpiblpoYkdsa0lqb2lSbVYzVVhWdmRHRmliR1ZQYm14NVYybDBhRWx1ZG1Gc2FXUWlMQ0pHWlhkUGNtUmxjbUZpYkdWUGJteDVWMmwwYUVsdWRtRnNhV1FpT2lKR1pYZFBjbVJsY21GaWJHVlBibXg1VjJsMGFFbHVkbUZzYVdRaUxDSkdaWGRQY21SbGNtRmliR1ZCYm1SR1pYZFJkVzkwWVdKc1pWZHBkR2hKYm5aaGJHbGtJam9pUm1WM1QzSmtaWEpoWW14bFFXNWtSbVYzVVhWdmRHRmliR1ZYYVhSb1NXNTJZV3hwWkNJc0lrWmxkMDl5WkdWeVlXSnNaVUZ1WkVGc2JGRjFiM1JoWW14bElqb2lSbVYzVDNKa1pYSmhZbXhsUVc1a1FXeHNVWFZ2ZEdGaWJHVWlMQ0pCYkd4UGNtUmxjbUZpYkdWQmJtUkdaWGRSZFc5MFlXSnNaU0k2SWtGc2JFOXlaR1Z5WVdKc1pVRnVaRVpsZDFGMWIzUmhZbXhsSW4wc0lrbDBaVzFUZEdGMFpVVnVkVzBpT25zaVNXNTJZV3hwWkNJNklrbHVkbUZzYVdRaUxDSlJkVzkwWVdKc1pVOXViSGtpT2lKUmRXOTBZV0pzWlU5dWJIa2lMQ0pQY21SbGNtRmliR1ZQYm14NUlqb2lUM0prWlhKaFlteGxUMjVzZVNJc0lrOXlaR1Z5WVdKc1pVRnVaRkYxYjNSaFlteGxJam9pVDNKa1pYSmhZbXhsUVc1a1VYVnZkR0ZpYkdVaUxDSk9iM1JQY21SbGNtRmliR1ZCYm1SUmRXOTBZV0pzWlNJNklrNXZkRTl5WkdWeVlXSnNaVUZ1WkZGMWIzUmhZbXhsSWl3aVRtOTBUM0prWlhKaFlteGxRVzVrVVhWdmRHRmliR1ZYYVhSb1NXNTJZV3hwWkNJNklrNXZkRTl5WkdWeVlXSnNaVUZ1WkZGMWIzUmhZbXhsVjJsMGFFbHVkbUZzYVdRaUxDSkdaWGRQY21SbGNtRmliR1ZQYm14NUlqb2lSbVYzVDNKa1pYSmhZbXhsVDI1c2VTSXNJa1psZDA5eVpHVnlZV0pzWlVGdVpFWmxkMUYxYjNSaFlteGxJam9pUm1WM1QzSmtaWEpoWW14bFFXNWtSbVYzVVhWdmRHRmliR1VpTENKR1pYZFJkVzkwWVdKc1pVOXViSGxYYVhSb1NXNTJZV3hwWkNJNklrWmxkMUYxYjNSaFlteGxUMjVzZVZkcGRHaEpiblpoYkdsa0lpd2lSbVYzVDNKa1pYSmhZbXhsVDI1c2VWZHBkR2hKYm5aaGJHbGtJam9pUm1WM1QzSmtaWEpoWW14bFQyNXNlVmRwZEdoSmJuWmhiR2xrSWl3aVJtVjNUM0prWlhKaFlteGxRVzVrUm1WM1VYVnZkR0ZpYkdWWGFYUm9TVzUyWVd4cFpDSTZJa1psZDA5eVpHVnlZV0pzWlVGdVpFWmxkMUYxYjNSaFlteGxWMmwwYUVsdWRtRnNhV1FpTENKR1pYZFBjbVJsY21GaWJHVkJibVJCYkd4UmRXOTBZV0pzWlNJNklrWmxkMDl5WkdWeVlXSnNaVUZ1WkVGc2JGRjFiM1JoWW14bElpd2lRV3hzVDNKa1pYSmhZbXhsUVc1a1JtVjNVWFZ2ZEdGaWJHVWlPaUpCYkd4UGNtUmxjbUZpYkdWQmJtUkdaWGRSZFc5MFlXSnNaU0o5TENKb1pHNUdhV1ZzWkZObGJHVmpkR1ZrVDNKa1pYSkpkR1Z0UTJobFkydHZkWFJUZEdGMFpYTkRiR2xsYm5SSlpDSTZJa052Ym5SbGJuUlFiR0ZqWlVodmJHUmxja1JsWm1GMWJIUmZRMkZ5ZEU5MlpYSjJhV1YzWHpOZmFHUnVSbWxsYkdSVFpXeGxZM1JsWkU5eVpHVnlTWFJsYlVOb1pXTnJiM1YwVTNSaGRHVnpJaXdpYUdSdVJtbGxiR1JUWld4bFkzUmxaRWwwWlcxSlpITkRiR2xsYm5SSlpDSTZJa052Ym5SbGJuUlFiR0ZqWlVodmJHUmxja1JsWm1GMWJIUmZRMkZ5ZEU5MlpYSjJhV1YzWHpOZmFHUnVSbWxsYkdSVFpXeGxZM1JsWkVsMFpXMUpaSE1pTENKUGNtUmxjbE5sYkdWamRHVmtVSEp2WkhWamRITWlPakVzSWtOdmJtWnBjbTFoZEdsdmJsUnBkR3hsVW1WemIzVnlZMlVpT2lKRGIyNW1hWEp0WVhScGIyNGlMQ0pRY205alpXVmtRblYwZEc5dVZHVjRkQ0k2SWxCeWIyTmxaV1FpTENKUWNtOWpaV1ZrUW5WMGRHOXVRMkZzYkdKaFkyc2lPaUpXWVd4cFpHRjBaVWwwWlcxelZHOURhR1ZqYTA5MWRFOXlVWFZ2ZEdVaUxDSkpiblpoYkdsa1NYUmxiWE5UWld4bFkzUmxaRVp2Y2tOb1pXTnJiM1YwVW1WemIzVnlZMlVpT2lKVWFHVnlaU0JoY21VZ2MyOXRaU0JwYm5aaGJHbGtJR2wwWlcxeklHTm9iM05sYmlCbWIzSWdZMmhsWTJ0dmRYUWlMQ0pPYjA5eVpHVnlZV0pzWlVsMFpXMXpVMlZzWldOMFpXUkdiM0pEYUdWamEyOTFkRkpsYzI5MWNtTmxJam9pVG04Z2RtRnNhV1FnYjNKa1pYSmhZbXhsSUdsMFpXMXpJR0Z5WlNCamFHOXpaVzRnWm05eUlHOXlaR1Z5SUhCeWIyTmxjM01pTENKT2IxRjFiM1JoWW14bFNYUmxiWE5UWld4bFkzUmxaRVp2Y2tOb1pXTnJiM1YwVW1WemIzVnlZMlVpT2lKT2J5QjJZV3hwWkNCeGRXOTBZV0pzWlNCcGRHVnRjeUJoY21VZ1kyaHZjMlZ1SUdadmNpQnhkVzkwWlNCd2NtOWpaWE56SWl3aVQzSmtaWEpoWW14bFFXNWtUbTl1VDNKa1pYSmhZbXhsU1hSbGJYTlRaV3hsWTNSbFpFWnZja05vWldOcmIzVjBVbVZ6YjNWeVkyVWlPaUpaYjNVZ1kyRnVJR1ZwZEdobGNpQW5jSEp2WTJWbFpDY2dkMmwwYUNCdmNtUmxjaUJ3Y205alpYTnpJRzltSUhSb1pTQnZjbVJsY21GaWJHVWdhWFJsYlhNZ2IzSWdaV1JwZENCMGFHVWdibTl1TFc5eVpHVnlZV0pzWlNCcGRHVnRjeUlzSWxGMWIzUmhZbXhsUVc1a1RtOXVVWFZ2ZEdGaWJHVkpkR1Z0YzFObGJHVmpkR1ZrUm05eVEyaGxZMnR2ZFhSU1pYTnZkWEpqWlNJNklsbHZkU0JqWVc0Z1pXbDBhR1Z5SUNkd2NtOWpaV1ZrSnlCM2FYUm9JSEYxYjNSbElIQnliMk5sYzNNZ2IyWWdkR2hsSUhGMWIzUmhZbXhsSUdsMFpXMXpJRzl5SUdWa2FYUWdkR2hsSUc1dmJpMXhkVzkwWVdKc1pTQnBkR1Z0Y3lJc0lsRjFiM1JsVTJWc1pXTjBaV1JRY205a2RXTjBjeUk2TWl3aVRtOUpkR1Z0YzFObGJHVmpkR1ZrSWpvaVRtOGdTWFJsYlhNZ1UyVnNaV04wWldRdUlGQnNaV0Z6WlNCamFHOXZjMlVnYjI1bElDaHZjaWtnYlc5eVpTQnBkR1Z0Y3lCMGJ5QndaWEptYjNKdElIUm9aU0JoWTNScGIyNHVJaXdpUTJGeWRFRmpkR2x2YmtSbGJHVjBaVk5sYkdWamRHVmtVSEp2WkhWamRITWlPalVzSWxkcGMyaE1hWE4wUVdOMGFXOXVjMFJsYkdWMFpWTmxiR1ZqZEdWa1VISnZaSFZqZEhNaU9qSXNJa1JsYkdWMFpVTnZibVpwY20xaGRHbHZiazFsYzNOaFoyVlNaWE52ZFhKalpTSTZJanh3UGtSdklIbHZkU0J5WldGc2JIa2dkMkZ1ZENCMGJ5QmtaV3hsZEdVZ2RHaHBjeUJwZEdWdEtITXBQend2Y0Q0aUxDSkVaV3hsZEdWRGIyNW1hWEp0WVhScGIyNU9iMEoxZEhSdmJsSmxjMjkxY21ObElqb2lUbThpTENKRVpXeGxkR1ZEYjI1bWFYSnRZWFJwYjI1WlpYTkNkWFIwYjI1U1pYTnZkWEpqWlNJNklsbGxjeUlzSWtSbGJHVjBaVU52Ym1acGNtMWhkR2x2YmtobFlXUmxjbFJsZUhSU1pYTnZkWEpqWlNJNklrUmxiR1YwWlNJc0lrTmhjblJCWTNScGIyNGlPakVzSWtOb1pXTnJiM1YwUW5WMGRHOXVVMk55YVhCMElqcHVkV3hzTENKRGFHVmphMjkxZEZObGNYVmxibU5wYm1kQmJtUlFjbWx0WlhKUWIzQjFjRTFsYzNOaFoyVklaV0ZrWlhJaU9pSWlMQ0pEYUdWamEyOTFkRk5sY1hWbGJtTnBibWRCYm1SUWNtbHRaWEpRYjNCMWNFMWxjM05oWjJWSVpXRmtaWEpKYm1admNtMWhkR2x2YmlJNklrbDBJR2x6SUc1dmRDQndiM056YVdKc1pTQjBieUJqYUdWamEyOTFkQ0F2SUhGMWIzUmxJSE5sY1hWbGJtTnBibWNnY21WaFkzUnBiMjV6SUhkcGRHaHZkWFFnY0hKcGJXVnljeUIzYUdsamFDQmhjbVVnWVhOemIyTnBZWFJsWkNCMGJ5QnpaV3hsWTNSbFpDQnpaWEYxWlc1amFXNW5JR2wwWlcxeklHbHVJSFJvYVhNZ2IzSmtaWEk2SUR3dlluSStQQzlpY2o0aUxDSkRhR1ZqYTI5MWRGTmxjWFZsYm1OcGJtZEJibVJRY21sdFpYSlFiM0IxY0UxbGMzTmhaMlZHYjI5MFpYSkpibVp2Y20xaGRHbHZiaUk2SWlJc0lrTm9aV05yYjNWMFUyVnhkV1Z1WTJsdVowRnVaRkJ5YVcxbGNsQnZjSFZ3VFdWemMyRm5aVU5zYjNObFFuVjBkRzl1VkdWNGRDSTZJaUlzSWtOb1pXTnJiM1YwVTJWeGRXVnVZMmx1WjBGdVpGQnlhVzFsY2xCdmNIVndSbTl5YldGMFRXVnpjMkZuWlNJNklpSXNJa05vWldOcmIzVjBVSEpwYldWeVFXeHZibVZRYjNCMWNFMWxjM05oWjJWRGJHOXpaVUoxZEhSdmJsUmxlSFFpT2lJaUxDSkRhR1ZqYTI5MWRGQnlhVzFsY2tGc2IyNWxVRzl3ZFhCTlpYTnpZV2RsSWpvaVVISnBiV1Z5SUdGc2IyNWxJR05oYm01dmRDQmlaU0JqYUdWamEyVmtJRzkxZEM0Z1VHeGxZWE5sSUhObGJHVmpkQ0JoZEd4bFlYTjBJRzl1WlNCaGMzTnZZMmxoZEdWa0lITmxjWFZsYm1OcGJtY2dTWFJsYlM0aUxDSkRhR1ZqYTI5MWRGQnlhVzFsY2tGc2IyNWxVRzl3ZFhCTlpYTnpZV2RsU0dWaFpHVnlJam9pVUd4bFlYTmxJRTV2ZEdVaUxDSkNZWEpEYjJSbFZtRnNhV1JoZEdsdmJsQnZjSFZ3UTJ4dmMyVkNkWFIwYjI1VVpYaDBJam9pVDJzaUxDSkNZWEpEYjJSbFZtRnNhV1JoZEdsdmJsQnZjSFZ3VFdWemMyRm5aU0k2SWtKaGNtTnZaR1VnWm05eUlGTmxiR1ZqZEdWa0lFbDBaVzBnYVhNZ2FXNTJZV3hwWkNJc0lrSmhja052WkdWV1lXeHBaR0YwYVc5dVVHOXdkWEJOWlhOellXZGxTR1ZoWkdWeUlqb2lVR3hsWVhObElFNXZkR1VpTENKVFlXMWxSR0Y1UkdWc2FYWmxjbmxXWVd4cFpHRjBhVzl1VUc5d2RYQkhiMEpoWTJ0Q2RYUjBiMjVVWlhoMElqb2lWMkZwZENCMWJuUnBiQ0JoYkd3Z1QzSmtaWEp6SUdGeVpTQm1hVzVwYzJobFpDQjBieUJUYUdsd0lHOXVZMlVpTENKVFlXMWxSR0Y1UkdWc2FYWmxjbmxXWVd4cFpHRjBhVzl1VUc5d2RYQkRhR1ZqYTI5MWRFSjFkSFJ2YmxSbGVIUWlPaUpEYUdWamEyOTFkQ0JUWVcxbElFUmhlU0JQYkdsbmIzTWdUMjVzZVNJc0lsTmhiV1ZFWVhsRVpXeHBkbVZ5ZVZaaGJHbGtZWFJwYjI1UWIzQjFjRTFsYzNOaFoyVklaV0ZrWlhJaU9pSlFiR1ZoYzJVZ2MyVnNaV04wSWl3aVUyRnRaVVJoZVVSbGJHbDJaWEo1Vm1Gc2FXUmhkR2x2YmxCdmNIVndUV1Z6YzJGblpVUmxjMk55YVhCMGFXOXVJam9pV1c5MWNpQmpZWEowSUdOdmJuUmhhVzV6SUhOaGJXVWdaR0Y1SUc5c2FXZHZjeXdnZDJocFkyZ2dibVZsWkNCMGJ5QmlaU0JqYUdWamEyVmtJRzkxZENCelpYQmxjbUYwWld4NUlHbHVJRzl5WkdWeUlIUnZJR1Z1YzNWeVpTQjBhR1VnWm1GemRHVnpkQ0JrWld4cGRtVnllUzRnVkdobElHOTBhR1Z5SUdsMFpXMXpJSGRwYkd3Z1ltVWdkMkZwZEdsdVp5QnBiaUI1YjNWeUlHTmhjblFnZDJobGJpQjViM1VnY21WMGRYSnVJR3hoZEdWeUxpQThjM0JoYmlCamJHRnpjejFjSW5SdmIyeDBhWEJmWkdsaGJHOW5YQ0lnZEdsMGJHVTlYQ0pGZUhCc1lXbHVJR0oxZEhSdmJpQmtaWE5qY21sd2RHbHZiaUJvWlhKbElHOXViSGxjSWlBK1BDOXpjR0Z1UGlJc0lsSmxkWE5sWkVsMFpXMXpWbUZzYVdSaGRHbHZibEJ2Y0hWd1EyeHZjMlZDZFhSMGIyNVVaWGgwSWpvaVQyc2lMQ0pTWlhWelpXUkpkR1Z0YzFaaGJHbGtZWFJwYjI1UWIzQjFjRTFsYzNOaFoyVWlPaUpQYjNCeklDRWdVMjl0WlNCdmNpQmhiR3dnYjJZZ2MyVnNaV04wWldRZ2NtVjFjMlZrSUdsMFpXMG5jeUJ2Y21sbmFXNWhiQ0JqYjI1MFlXbHVaWEp6SUdGeVpTQmxlSEJwY21Wa0xpQlpiM1Z5SUdOaGNuUWdkMmxzYkNCaVpTQjFjR1JoZEdWa0lHRjFkRzl0WVhScFkyRnNiSGtnWVc1a0lHTmhjblFnZDJsc2JDQmlaU0J5Wld4dllXUmxaQzRnUlhod2FYSmxaQ0JwZEdWdElFNWhiV1Z6SUdGeVpTQXRQaUlzSWxKbGRYTmxaRWwwWlcxelZtRnNhV1JoZEdsdmJsQnZjSFZ3VFdWemMyRm5aVWhsWVdSbGNpSTZJbEJzWldGelpTQk9iM1JsSWl3aVJYaHdhWEpsWkZCeWFXMWxjbEJ2Y0hWd1EyeHZjMlZDZFhSMGIyNVVaWGgwSWpvaVQyc2lMQ0pGZUhCcGNtVmtVSEpwYldWeVVHOXdkWEJOWlhOellXZGxWR1Y0ZENJNklsQnlhVzFsY2lCcGN5QmxlSEJwY21Wa0lHWnZjaUIwYUdVZ2IyNWxJRzltSUhSb1pTQnpaV3hsZEdWa0lITmxjWFZsYm1OcGJtY2dhWFJsYlM0Z2NHeGxZWE5sSUhObGJHVmpkQ0JoYm05MGFHVnlJSEJ5YVcxbGNpQnZjaUJ2Y21SbGNpQnVaWGNnY0hKcGJXVnlMaUlzSWtWNGNHbHlaV1JRY21sdFpYSlFiM0IxY0UxbGMzTmhaMlZJWldGa1pYSlVaWGgwSWpvaVVHeGxjMlVnVG05MFpTSXNJa05oY25SUVlXZGxWVkpNSWpvaUwyVnVMMk5oY25RdVlYTndlQ0lzSWsxcGJtbHRkVzFRYkdGMFpWTmhiWEJzWlhOUVpYSkRhR1ZqYTI5MWRDSTZORGdzSWxCc1lYUmxVMkZ0Y0d4bFEyOTFiblFpT201MWJHd3NJa2x6VTJsdVoyeGxVR3hoZEdWWGFYUm9WbUZzYVdSVFlXMXdiR1ZEYjNWdWRDSTZabUZzYzJVc0lrMXBibEJzWVhSbFUyRnRjR3hsYzFCdmNIVndSbTl5YldGMFRXVnpjMkZuWlNJNklpSXNJazFwYmxCc1lYUmxVMkZ0Y0d4bGMxQnZjSFZ3Um05eWJXRjBUV1Z6YzJGblpVTnNiM05sUW5WMGRHOXVWR1Y0ZENJNklpSXNJazFwYmxCc1lYUmxVMkZ0Y0d4bGMxQnZjSFZ3Um05eWJXRjBUV1Z6YzJGblpVaGxZV1JsY2lJNklpSXNJazFoZUdsdGRXMU9kVzFpWlhKUFpsQnNZWFJsYzFCbGNrTm9aV05yYjNWMElqb3pMQ0pRYkdGMFpYTkRiM1Z1ZEVadmNrTjFjbkpsYm5SUGNtUmxjaUk2Ym5Wc2JDd2lUV0Y0YVcxMWJWQnNZWFJsYzFCbGNrTm9aV05yYjNWMFVHOXdkWEJHYjNKdFlYUk5aWE56WVdkbElqb2lUV0Y0YVcxMWJTQXpJSEJzWVhSbGN5QmhjbVVnWld4cFoybGliR1VnZEc4Z1kyaGxZMnR2ZFhRZ2NHVnlJRzl5WkdWeUlHWnZjaUJ3YkdGMFpTQnpaWEYxWlc1amFXNW5JR2wwWlcxekxpQlFiR1ZoYzJVZ2JXOWthV1o1SUhsdmRYSWdjMlZzWldOMGFXOXVJR0ZqWTI5eVpHbHVaMng1TGlJc0lrMWhlR2x0ZFcxUWJHRjBaWE5RWlhKRGFHVmphMjkxZEZCdmNIVndSbTl5YldGMFRXVnpjMkZuWlVOc2IzTmxRblYwZEc5dVZHVjRkQ0k2SWs5cklpd2lUV0Y0YVcxMWJWQnNZWFJsYzFCbGNrTm9aV05yYjNWMFJtOXliV0YwVFdWemMyRm5aVWhsWVdSbGNpSTZJbEJzWldGelpTQk9iM1JsSWl3aVVHOXpkRUpoWTJ0RmJHVnRaVzUwVlc1cGNYVmxTV1FpT2lKamRHd3dNQ1JqZEd3d01DUmpkR3d3TUNSRGIyNTBaVzUwVUd4aFkyVkliMnhrWlhKRVpXWmhkV3gwSkVOaGNuUlBkbVZ5ZG1sbGQxOHpKR3h1YTBOb1pXTnJiM1YwSWl3aVJYWmxiblJCY21kMWJXVnVkQ0k2SWlKOUxDQjBhR2x6S1R0a0FoQVBEeFlFSHdVRkRTOWxiaTlqWVhKMExtRnpjSGdmQkFVRVEyRnlkR1JrQWhJUER4WUdId1FGQ0VOb1pXTnJiM1YwSGdkRmJtRmliR1ZrYUI4RGFCWUNId3NGbHl4eVpYUjFjbTRnVm1Gc2FXUmhkR1ZKZEdWdGMxUnZRMmhsWTJ0UGRYUlBjbEYxYjNSbEtIc2lRMnh2YzJWQ2RYUjBiMjVVWlhoMElqb2lRMnh2YzJVaUxDSkJiR1Z5ZEUxbGMzTmhaMlZVYVhSc1pTSTZJa0ZzWlhKMElFMWxjM05oWjJVaUxDSkRhR1ZqYTI5MWRGTjBZWFJsUlc1MWJTSTZleUpKYm5aaGJHbGtJam9pU1c1MllXeHBaQ0lzSWxGMWIzUmhZbXhsVDI1c2VTSTZJbEYxYjNSaFlteGxUMjVzZVNJc0lrOXlaR1Z5WVdKc1pVOXViSGtpT2lKUGNtUmxjbUZpYkdWUGJteDVJaXdpVDNKa1pYSmhZbXhsUVc1a1VYVnZkR0ZpYkdVaU9pSlBjbVJsY21GaWJHVkJibVJSZFc5MFlXSnNaU0lzSWs1dmRFOXlaR1Z5WVdKc1pVRnVaRkYxYjNSaFlteGxJam9pVG05MFQzSmtaWEpoWW14bFFXNWtVWFZ2ZEdGaWJHVWlMQ0pPYjNSUGNtUmxjbUZpYkdWQmJtUlJkVzkwWVdKc1pWZHBkR2hKYm5aaGJHbGtJam9pVG05MFQzSmtaWEpoWW14bFFXNWtVWFZ2ZEdGaWJHVlhhWFJvU1c1MllXeHBaQ0lzSWtabGQwOXlaR1Z5WVdKc1pVOXViSGtpT2lKR1pYZFBjbVJsY21GaWJHVlBibXg1SWl3aVJtVjNUM0prWlhKaFlteGxRVzVrUm1WM1VYVnZkR0ZpYkdVaU9pSkdaWGRQY21SbGNtRmliR1ZCYm1SR1pYZFJkVzkwWVdKc1pTSXNJa1psZDFGMWIzUmhZbXhsVDI1c2VWZHBkR2hKYm5aaGJHbGtJam9pUm1WM1VYVnZkR0ZpYkdWUGJteDVWMmwwYUVsdWRtRnNhV1FpTENKR1pYZFBjbVJsY21GaWJHVlBibXg1VjJsMGFFbHVkbUZzYVdRaU9pSkdaWGRQY21SbGNtRmliR1ZQYm14NVYybDBhRWx1ZG1Gc2FXUWlMQ0pHWlhkUGNtUmxjbUZpYkdWQmJtUkdaWGRSZFc5MFlXSnNaVmRwZEdoSmJuWmhiR2xrSWpvaVJtVjNUM0prWlhKaFlteGxRVzVrUm1WM1VYVnZkR0ZpYkdWWGFYUm9TVzUyWVd4cFpDSXNJa1psZDA5eVpHVnlZV0pzWlVGdVpFRnNiRkYxYjNSaFlteGxJam9pUm1WM1QzSmtaWEpoWW14bFFXNWtRV3hzVVhWdmRHRmliR1VpTENKQmJHeFBjbVJsY21GaWJHVkJibVJHWlhkUmRXOTBZV0pzWlNJNklrRnNiRTl5WkdWeVlXSnNaVUZ1WkVabGQxRjFiM1JoWW14bEluMHNJa2wwWlcxVGRHRjBaVVZ1ZFcwaU9uc2lTVzUyWVd4cFpDSTZJa2x1ZG1Gc2FXUWlMQ0pSZFc5MFlXSnNaVTl1YkhraU9pSlJkVzkwWVdKc1pVOXViSGtpTENKUGNtUmxjbUZpYkdWUGJteDVJam9pVDNKa1pYSmhZbXhsVDI1c2VTSXNJazl5WkdWeVlXSnNaVUZ1WkZGMWIzUmhZbXhsSWpvaVQzSmtaWEpoWW14bFFXNWtVWFZ2ZEdGaWJHVWlMQ0pPYjNSUGNtUmxjbUZpYkdWQmJtUlJkVzkwWVdKc1pTSTZJazV2ZEU5eVpHVnlZV0pzWlVGdVpGRjFiM1JoWW14bElpd2lUbTkwVDNKa1pYSmhZbXhsUVc1a1VYVnZkR0ZpYkdWWGFYUm9TVzUyWVd4cFpDSTZJazV2ZEU5eVpHVnlZV0pzWlVGdVpGRjFiM1JoWW14bFYybDBhRWx1ZG1Gc2FXUWlMQ0pHWlhkUGNtUmxjbUZpYkdWUGJteDVJam9pUm1WM1QzSmtaWEpoWW14bFQyNXNlU0lzSWtabGQwOXlaR1Z5WVdKc1pVRnVaRVpsZDFGMWIzUmhZbXhsSWpvaVJtVjNUM0prWlhKaFlteGxRVzVrUm1WM1VYVnZkR0ZpYkdVaUxDSkdaWGRSZFc5MFlXSnNaVTl1YkhsWGFYUm9TVzUyWVd4cFpDSTZJa1psZDFGMWIzUmhZbXhsVDI1c2VWZHBkR2hKYm5aaGJHbGtJaXdpUm1WM1QzSmtaWEpoWW14bFQyNXNlVmRwZEdoSmJuWmhiR2xrSWpvaVJtVjNUM0prWlhKaFlteGxUMjVzZVZkcGRHaEpiblpoYkdsa0lpd2lSbVYzVDNKa1pYSmhZbXhsUVc1a1JtVjNVWFZ2ZEdGaWJHVlhhWFJvU1c1MllXeHBaQ0k2SWtabGQwOXlaR1Z5WVdKc1pVRnVaRVpsZDFGMWIzUmhZbXhsVjJsMGFFbHVkbUZzYVdRaUxDSkdaWGRQY21SbGNtRmliR1ZCYm1SQmJHeFJkVzkwWVdKc1pTSTZJa1psZDA5eVpHVnlZV0pzWlVGdVpFRnNiRkYxYjNSaFlteGxJaXdpUVd4c1QzSmtaWEpoWW14bFFXNWtSbVYzVVhWdmRHRmliR1VpT2lKQmJHeFBjbVJsY21GaWJHVkJibVJHWlhkUmRXOTBZV0pzWlNKOUxDSm9aRzVHYVdWc1pGTmxiR1ZqZEdWa1QzSmtaWEpKZEdWdFEyaGxZMnR2ZFhSVGRHRjBaWE5EYkdsbGJuUkpaQ0k2SWtOdmJuUmxiblJRYkdGalpVaHZiR1JsY2tSbFptRjFiSFJmUTJGeWRFOTJaWEoyYVdWM1h6TmZhR1J1Um1sbGJHUlRaV3hsWTNSbFpFOXlaR1Z5U1hSbGJVTm9aV05yYjNWMFUzUmhkR1Z6SWl3aWFHUnVSbWxsYkdSVFpXeGxZM1JsWkVsMFpXMUpaSE5EYkdsbGJuUkpaQ0k2SWtOdmJuUmxiblJRYkdGalpVaHZiR1JsY2tSbFptRjFiSFJmUTJGeWRFOTJaWEoyYVdWM1h6TmZhR1J1Um1sbGJHUlRaV3hsWTNSbFpFbDBaVzFKWkhNaUxDSlBjbVJsY2xObGJHVmpkR1ZrVUhKdlpIVmpkSE1pT2pFc0lrTnZibVpwY20xaGRHbHZibFJwZEd4bFVtVnpiM1Z5WTJVaU9pSkRiMjVtYVhKdFlYUnBiMjRpTENKUWNtOWpaV1ZrUW5WMGRHOXVWR1Y0ZENJNklsQnliMk5sWldRaUxDSlFjbTlqWldWa1FuVjBkRzl1UTJGc2JHSmhZMnNpT2lKV1lXeHBaR0YwWlVsMFpXMXpWRzlEYUdWamEwOTFkRTl5VVhWdmRHVWlMQ0pKYm5aaGJHbGtTWFJsYlhOVFpXeGxZM1JsWkVadmNrTm9aV05yYjNWMFVtVnpiM1Z5WTJVaU9pSlVhR1Z5WlNCaGNtVWdjMjl0WlNCcGJuWmhiR2xrSUdsMFpXMXpJR05vYjNObGJpQm1iM0lnWTJobFkydHZkWFFpTENKT2IwOXlaR1Z5WVdKc1pVbDBaVzF6VTJWc1pXTjBaV1JHYjNKRGFHVmphMjkxZEZKbGMyOTFjbU5sSWpvaVRtOGdkbUZzYVdRZ2IzSmtaWEpoWW14bElHbDBaVzF6SUdGeVpTQmphRzl6Wlc0Z1ptOXlJRzl5WkdWeUlIQnliMk5sYzNNaUxDSk9iMUYxYjNSaFlteGxTWFJsYlhOVFpXeGxZM1JsWkVadmNrTm9aV05yYjNWMFVtVnpiM1Z5WTJVaU9pSk9ieUIyWVd4cFpDQnhkVzkwWVdKc1pTQnBkR1Z0Y3lCaGNtVWdZMmh2YzJWdUlHWnZjaUJ4ZFc5MFpTQndjbTlqWlhOeklpd2lUM0prWlhKaFlteGxRVzVrVG05dVQzSmtaWEpoWW14bFNYUmxiWE5UWld4bFkzUmxaRVp2Y2tOb1pXTnJiM1YwVW1WemIzVnlZMlVpT2lKWmIzVWdZMkZ1SUdWcGRHaGxjaUFuY0hKdlkyVmxaQ2NnZDJsMGFDQnZjbVJsY2lCd2NtOWpaWE56SUc5bUlIUm9aU0J2Y21SbGNtRmliR1VnYVhSbGJYTWdiM0lnWldScGRDQjBhR1VnYm05dUxXOXlaR1Z5WVdKc1pTQnBkR1Z0Y3lJc0lsRjFiM1JoWW14bFFXNWtUbTl1VVhWdmRHRmliR1ZKZEdWdGMxTmxiR1ZqZEdWa1JtOXlRMmhsWTJ0dmRYUlNaWE52ZFhKalpTSTZJbGx2ZFNCallXNGdaV2wwYUdWeUlDZHdjbTlqWldWa0p5QjNhWFJvSUhGMWIzUmxJSEJ5YjJObGMzTWdiMllnZEdobElIRjFiM1JoWW14bElHbDBaVzF6SUc5eUlHVmthWFFnZEdobElHNXZiaTF4ZFc5MFlXSnNaU0JwZEdWdGN5SXNJbEYxYjNSbFUyVnNaV04wWldSUWNtOWtkV04wY3lJNk1pd2lUbTlKZEdWdGMxTmxiR1ZqZEdWa0lqb2lUbThnU1hSbGJYTWdVMlZzWldOMFpXUXVJRkJzWldGelpTQmphRzl2YzJVZ2IyNWxJQ2h2Y2lrZ2JXOXlaU0JwZEdWdGN5QjBieUJ3WlhKbWIzSnRJSFJvWlNCaFkzUnBiMjR1SWl3aVEyRnlkRUZqZEdsdmJrUmxiR1YwWlZObGJHVmpkR1ZrVUhKdlpIVmpkSE1pT2pVc0lsZHBjMmhNYVhOMFFXTjBhVzl1YzBSbGJHVjBaVk5sYkdWamRHVmtVSEp2WkhWamRITWlPaklzSWtSbGJHVjBaVU52Ym1acGNtMWhkR2x2YmsxbGMzTmhaMlZTWlhOdmRYSmpaU0k2SWp4d1BrUnZJSGx2ZFNCeVpXRnNiSGtnZDJGdWRDQjBieUJrWld4bGRHVWdkR2hwY3lCcGRHVnRLSE1wUHp3dmNENGlMQ0pFWld4bGRHVkRiMjVtYVhKdFlYUnBiMjVPYjBKMWRIUnZibEpsYzI5MWNtTmxJam9pVG04aUxDSkVaV3hsZEdWRGIyNW1hWEp0WVhScGIyNVpaWE5DZFhSMGIyNVNaWE52ZFhKalpTSTZJbGxsY3lJc0lrUmxiR1YwWlVOdmJtWnBjbTFoZEdsdmJraGxZV1JsY2xSbGVIUlNaWE52ZFhKalpTSTZJa1JsYkdWMFpTSXNJa05oY25SQlkzUnBiMjRpT2pFc0lrTm9aV05yYjNWMFFuVjBkRzl1VTJOeWFYQjBJanB1ZFd4c0xDSkRhR1ZqYTI5MWRGTmxjWFZsYm1OcGJtZEJibVJRY21sdFpYSlFiM0IxY0UxbGMzTmhaMlZJWldGa1pYSWlPaUlpTENKRGFHVmphMjkxZEZObGNYVmxibU5wYm1kQmJtUlFjbWx0WlhKUWIzQjFjRTFsYzNOaFoyVklaV0ZrWlhKSmJtWnZjbTFoZEdsdmJpSTZJa2wwSUdseklHNXZkQ0J3YjNOemFXSnNaU0IwYnlCamFHVmphMjkxZENBdklIRjFiM1JsSUhObGNYVmxibU5wYm1jZ2NtVmhZM1JwYjI1eklIZHBkR2h2ZFhRZ2NISnBiV1Z5Y3lCM2FHbGphQ0JoY21VZ1lYTnpiMk5wWVhSbFpDQjBieUJ6Wld4bFkzUmxaQ0J6WlhGMVpXNWphVzVuSUdsMFpXMXpJR2x1SUhSb2FYTWdiM0prWlhJNklEd3ZZbkkrUEM5aWNqNGlMQ0pEYUdWamEyOTFkRk5sY1hWbGJtTnBibWRCYm1SUWNtbHRaWEpRYjNCMWNFMWxjM05oWjJWR2IyOTBaWEpKYm1admNtMWhkR2x2YmlJNklpSXNJa05vWldOcmIzVjBVMlZ4ZFdWdVkybHVaMEZ1WkZCeWFXMWxjbEJ2Y0hWd1RXVnpjMkZuWlVOc2IzTmxRblYwZEc5dVZHVjRkQ0k2SWlJc0lrTm9aV05yYjNWMFUyVnhkV1Z1WTJsdVowRnVaRkJ5YVcxbGNsQnZjSFZ3Um05eWJXRjBUV1Z6YzJGblpTSTZJaUlzSWtOb1pXTnJiM1YwVUhKcGJXVnlRV3h2Ym1WUWIzQjFjRTFsYzNOaFoyVkRiRzl6WlVKMWRIUnZibFJsZUhRaU9pSWlMQ0pEYUdWamEyOTFkRkJ5YVcxbGNrRnNiMjVsVUc5d2RYQk5aWE56WVdkbElqb2lVSEpwYldWeUlHRnNiMjVsSUdOaGJtNXZkQ0JpWlNCamFHVmphMlZrSUc5MWRDNGdVR3hsWVhObElITmxiR1ZqZENCaGRHeGxZWE4wSUc5dVpTQmhjM052WTJsaGRHVmtJSE5sY1hWbGJtTnBibWNnU1hSbGJTNGlMQ0pEYUdWamEyOTFkRkJ5YVcxbGNrRnNiMjVsVUc5d2RYQk5aWE56WVdkbFNHVmhaR1Z5SWpvaVVHeGxZWE5sSUU1dmRHVWlMQ0pDWVhKRGIyUmxWbUZzYVdSaGRHbHZibEJ2Y0hWd1EyeHZjMlZDZFhSMGIyNVVaWGgwSWpvaVQyc2lMQ0pDWVhKRGIyUmxWbUZzYVdSaGRHbHZibEJ2Y0hWd1RXVnpjMkZuWlNJNklrSmhjbU52WkdVZ1ptOXlJRk5sYkdWamRHVmtJRWwwWlcwZ2FYTWdhVzUyWVd4cFpDSXNJa0poY2tOdlpHVldZV3hwWkdGMGFXOXVVRzl3ZFhCTlpYTnpZV2RsU0dWaFpHVnlJam9pVUd4bFlYTmxJRTV2ZEdVaUxDSlRZVzFsUkdGNVJHVnNhWFpsY25sV1lXeHBaR0YwYVc5dVVHOXdkWEJIYjBKaFkydENkWFIwYjI1VVpYaDBJam9pVjJGcGRDQjFiblJwYkNCaGJHd2dUM0prWlhKeklHRnlaU0JtYVc1cGMyaGxaQ0IwYnlCVGFHbHdJRzl1WTJVaUxDSlRZVzFsUkdGNVJHVnNhWFpsY25sV1lXeHBaR0YwYVc5dVVHOXdkWEJEYUdWamEyOTFkRUoxZEhSdmJsUmxlSFFpT2lKRGFHVmphMjkxZENCVFlXMWxJRVJoZVNCUGJHbG5iM01nVDI1c2VTSXNJbE5oYldWRVlYbEVaV3hwZG1WeWVWWmhiR2xrWVhScGIyNVFiM0IxY0UxbGMzTmhaMlZJWldGa1pYSWlPaUpRYkdWaGMyVWdjMlZzWldOMElpd2lVMkZ0WlVSaGVVUmxiR2wyWlhKNVZtRnNhV1JoZEdsdmJsQnZjSFZ3VFdWemMyRm5aVVJsYzJOeWFYQjBhVzl1SWpvaVdXOTFjaUJqWVhKMElHTnZiblJoYVc1eklITmhiV1VnWkdGNUlHOXNhV2R2Y3l3Z2QyaHBZMmdnYm1WbFpDQjBieUJpWlNCamFHVmphMlZrSUc5MWRDQnpaWEJsY21GMFpXeDVJR2x1SUc5eVpHVnlJSFJ2SUdWdWMzVnlaU0IwYUdVZ1ptRnpkR1Z6ZENCa1pXeHBkbVZ5ZVM0Z1ZHaGxJRzkwYUdWeUlHbDBaVzF6SUhkcGJHd2dZbVVnZDJGcGRHbHVaeUJwYmlCNWIzVnlJR05oY25RZ2QyaGxiaUI1YjNVZ2NtVjBkWEp1SUd4aGRHVnlMaUE4YzNCaGJpQmpiR0Z6Y3oxY0luUnZiMngwYVhCZlpHbGhiRzluWENJZ2RHbDBiR1U5WENKRmVIQnNZV2x1SUdKMWRIUnZiaUJrWlhOamNtbHdkR2x2YmlCb1pYSmxJRzl1YkhsY0lpQStQQzl6Y0dGdVBpSXNJbEpsZFhObFpFbDBaVzF6Vm1Gc2FXUmhkR2x2YmxCdmNIVndRMnh2YzJWQ2RYUjBiMjVVWlhoMElqb2lUMnNpTENKU1pYVnpaV1JKZEdWdGMxWmhiR2xrWVhScGIyNVFiM0IxY0UxbGMzTmhaMlVpT2lKUGIzQnpJQ0VnVTI5dFpTQnZjaUJoYkd3Z2IyWWdjMlZzWldOMFpXUWdjbVYxYzJWa0lHbDBaVzBuY3lCdmNtbG5hVzVoYkNCamIyNTBZV2x1WlhKeklHRnlaU0JsZUhCcGNtVmtMaUJaYjNWeUlHTmhjblFnZDJsc2JDQmlaU0IxY0dSaGRHVmtJR0YxZEc5dFlYUnBZMkZzYkhrZ1lXNWtJR05oY25RZ2QybHNiQ0JpWlNCeVpXeHZZV1JsWkM0Z1JYaHdhWEpsWkNCcGRHVnRJRTVoYldWeklHRnlaU0F0UGlJc0lsSmxkWE5sWkVsMFpXMXpWbUZzYVdSaGRHbHZibEJ2Y0hWd1RXVnpjMkZuWlVobFlXUmxjaUk2SWxCc1pXRnpaU0JPYjNSbElpd2lSWGh3YVhKbFpGQnlhVzFsY2xCdmNIVndRMnh2YzJWQ2RYUjBiMjVVWlhoMElqb2lUMnNpTENKRmVIQnBjbVZrVUhKcGJXVnlVRzl3ZFhCTlpYTnpZV2RsVkdWNGRDSTZJbEJ5YVcxbGNpQnBjeUJsZUhCcGNtVmtJR1p2Y2lCMGFHVWdiMjVsSUc5bUlIUm9aU0J6Wld4bGRHVmtJSE5sY1hWbGJtTnBibWNnYVhSbGJTNGdjR3hsWVhObElITmxiR1ZqZENCaGJtOTBhR1Z5SUhCeWFXMWxjaUJ2Y2lCdmNtUmxjaUJ1WlhjZ2NISnBiV1Z5TGlJc0lrVjRjR2x5WldSUWNtbHRaWEpRYjNCMWNFMWxjM05oWjJWSVpXRmtaWEpVWlhoMElqb2lVR3hsYzJVZ1RtOTBaU0lzSWtOaGNuUlFZV2RsVlZKTUlqb2lMMlZ1TDJOaGNuUXVZWE53ZUNJc0lrMXBibWx0ZFcxUWJHRjBaVk5oYlhCc1pYTlFaWEpEYUdWamEyOTFkQ0k2TkRnc0lsQnNZWFJsVTJGdGNHeGxRMjkxYm5RaU9tNTFiR3dzSWtselUybHVaMnhsVUd4aGRHVlhhWFJvVm1Gc2FXUlRZVzF3YkdWRGIzVnVkQ0k2Wm1Gc2MyVXNJazFwYmxCc1lYUmxVMkZ0Y0d4bGMxQnZjSFZ3Um05eWJXRjBUV1Z6YzJGblpTSTZJaUlzSWsxcGJsQnNZWFJsVTJGdGNHeGxjMUJ2Y0hWd1JtOXliV0YwVFdWemMyRm5aVU5zYjNObFFuVjBkRzl1VkdWNGRDSTZJaUlzSWsxcGJsQnNZWFJsVTJGdGNHeGxjMUJ2Y0hWd1JtOXliV0YwVFdWemMyRm5aVWhsWVdSbGNpSTZJaUlzSWsxaGVHbHRkVzFPZFcxaVpYSlBabEJzWVhSbGMxQmxja05vWldOcmIzVjBJam96TENKUWJHRjBaWE5EYjNWdWRFWnZja04xY25KbGJuUlBjbVJsY2lJNmJuVnNiQ3dpVFdGNGFXMTFiVkJzWVhSbGMxQmxja05vWldOcmIzVjBVRzl3ZFhCR2IzSnRZWFJOWlhOellXZGxJam9pVFdGNGFXMTFiU0F6SUhCc1lYUmxjeUJoY21VZ1pXeHBaMmxpYkdVZ2RHOGdZMmhsWTJ0dmRYUWdjR1Z5SUc5eVpHVnlJR1p2Y2lCd2JHRjBaU0J6WlhGMVpXNWphVzVuSUdsMFpXMXpMaUJRYkdWaGMyVWdiVzlrYVdaNUlIbHZkWElnYzJWc1pXTjBhVzl1SUdGalkyOXlaR2x1WjJ4NUxpSXNJazFoZUdsdGRXMVFiR0YwWlhOUVpYSkRhR1ZqYTI5MWRGQnZjSFZ3Um05eWJXRjBUV1Z6YzJGblpVTnNiM05sUW5WMGRHOXVWR1Y0ZENJNklrOXJJaXdpVFdGNGFXMTFiVkJzWVhSbGMxQmxja05vWldOcmIzVjBSbTl5YldGMFRXVnpjMkZuWlVobFlXUmxjaUk2SWxCc1pXRnpaU0JPYjNSbElpd2lVRzl6ZEVKaFkydEZiR1Z0Wlc1MFZXNXBjWFZsU1dRaU9pSmpkR3d3TUNSamRHd3dNQ1JqZEd3d01DUkRiMjUwWlc1MFVHeGhZMlZJYjJ4a1pYSkVaV1poZFd4MEpFTmhjblJQZG1WeWRtbGxkMTh6Skd4dWEwTm9aV05yYjNWMElpd2lSWFpsYm5SQmNtZDFiV1Z1ZENJNklpSjlMQ0IwYUdsektUdGtBaElQWkJZR0FnTVBaQllDWmc4UEZnSWZBMmhrWkFJRkQyUVdBbVlQRHhZQ0hndHNZbXhJWldGa1RHbHVaUVVGVEc5bmFXNWtGZ2dDQWc4VkFXdERiMjUwWlc1MFVHeGhZMlZJYjJ4a1pYSkVaV1poZFd4MFgwMWhjM1JsY2xCc1lXTmxhRzlzWkdWeVgwaHZiV1ZNYjJkblpXUlBkWFJmTjE5d2JteEVjbUZuWVdKc1pWZHBibVJ2ZDBOdmJuUmxiblJmU1c1c2FXNWxUV1Z6YzJGblpVTnZiblJoYVc1bGNtUUNBdzhXQWg4RUJRbE9aWGNnZFhObGNqOWtBZ1VQRHhZRUh3UUZEa055WldGMFpTQkJZMk52ZFc1MEh3VUZJeTlsYmk5amFHVmphMjkxZEM5emRHVndNUzVoYzNCNFAyNXZaR1ZKWkQweE1USTNaR1FDQnc5a0Znd0NBUThQRmdZZkJBVUdSVzFoYVd3Nkh3Z0ZGeUJ5WlhGMWFYSmxaRVpwWld4a1EyaGhjbUZqZEdWeUh3a0NBbVJrQWdrUER4WUdId1FGQ1ZCaGMzTjNiM0prT2g4SUJSY2djbVZ4ZFdseVpXUkdhV1ZzWkVOb1lYSmhZM1JsY2g4SkFnSmtaQUlQRHc4V0FoOEVCUVZNYjJkcGJtUmtBaEVQWkJZQ0FnTVBEeFlDSHdRRkVXdGxaWEFnYldVZ2JHOW5aMlZrSUdsdVpHUUNFdzhQRmdRZkJRVVhMMlZ1TDJadmNtZHZkSEJoYzNOM2IzSmtMbUZ6Y0hnZkJBVVFSbTl5WjI5MElGQmhjM04zYjNKa1AyUmtBaFVQWkJZR1pnOFZBV1ZEYjI1MFpXNTBVR3hoWTJWSWIyeGtaWEpFWldaaGRXeDBYMDFoYzNSbGNsQnNZV05sYUc5c1pHVnlYMGh2YldWTWIyZG5aV1JQZFhSZk4xOTJjME5vWldOcmIzVjBTRzl0WlV4dloybHVYMlZqYjIxV1lXeHBaR0YwYVc5dVUzVnRiV0Z5ZVdRQ0FROFBGZ0lmQ2dVTGRtZEliMjFsVEc5bmFXNWtaQUlDRHhVQlpVTnZiblJsYm5SUWJHRmpaVWh2YkdSbGNrUmxabUYxYkhSZlRXRnpkR1Z5VUd4aFkyVm9iMnhrWlhKZlNHOXRaVXh2WjJkbFpFOTFkRjgzWDNaelEyaGxZMnR2ZFhSSWIyMWxURzluYVc1ZlpXTnZiVlpoYkdsa1lYUnBiMjVUZFcxdFlYSjVaQUlIRDJRV0FtWVBEeFlDSHcwRkNrNWxaV1FnU0dWc2NEOWtGZ1FDQWc4VkFXMURiMjUwWlc1MFVHeGhZMlZJYjJ4a1pYSkVaV1poZFd4MFgwMWhjM1JsY2xCc1lXTmxhRzlzWkdWeVgwTjFjM1J2YldWeVUzVndjRzl5ZEY4NFgzQnViRVJ5WVdkaFlteGxWMmx1Wkc5M1EyOXVkR1Z1ZEY5SmJteHBibVZOWlhOellXZGxRMjl1ZEdGcGJtVnlaQUlERDJRV0NBSUJEeFlDSHdRRkVFTjFjM1J2YldWeUlGTjFjSEJ2Y25Sa0FnTVBEeFlDSHdRRkVDczBPU0E0TURreUlEZ3lPRGtnTnpka1pBSUZEdzhXQWg4RUJXZzhZU0JvY21WbVBTSXZaVzR2WlhWeWIyWnBibk10YlhkbkxXOXdaWEp2Ymk5elpYSjJhV05sTFdObGJuUmxjaTlqYjI1MFlXTjBMWFZ6TDJkc2IySmhiQzFrYVhKbFkzUnZjbmt1WVhOd2VDSStSbkpsWlNCd2FHOXVaU0J1ZFcxaVpYSnpQQzloUG1Sa0FnY1BEeFlFSHdRRlJEeGhJR2h5WldZOUltMWhhV3gwYnpwemRYQndiM0owTFdWMVFHVjFjbTltYVc1ekxtTnZiU0krYzNWd2NHOXlkQzFsZFVCbGRYSnZabWx1Y3k1amIyMDhMMkUrSHdVRlMyMWhhV3gwYnpvOFlTQm9jbVZtUFNKdFlXbHNkRzg2YzNWd2NHOXlkQzFsZFVCbGRYSnZabWx1Y3k1amIyMGlQbk4xY0hCdmNuUXRaWFZBWlhWeWIyWnBibk11WTI5dFBDOWhQbVJrQWhVUFpCWUNaZzlrRmdKbUR4VUJwZ1oyWVhJZ2MyaHZkMUJ5YjJkeVpYTnpRbUZ5UVdaMFpYSTlNakF3T3cwS2RtRnlJRzFsYzNOaFoyVlFjbTluY21WemMwSmhjajBuVUd4bFlYTmxJSGRoYVhRdUxpNG5PdzBLZG1GeUlIQnliMmR5WlhOelFtRnlWR2wwYkdVOUoxQnNaV0Z6WlNCM1lXbDBMaTR1SnpzTkNuWmhjaUJ3Y205bmNtVnpjMEpoY2tOaGJtTmxiRUoxZEhSdmJsUmxlSFE5SjBOaGJtTmxiQ2M3RFFwMllYSWdZV3hsY25STlpYTnpZV2RsUW5WMGRHOXVWR1Y0ZEQwblQyc25PdzBLZG1GeUlHRnNaWEowVFdWemMyRm5aVlJwZEd4bFBTZEJiR1Z5ZENCTlpYTnpZV2RsSnpzTkNuWmhjaUJ2Y0dWeWIyNVRhWFJsVlhKc1BTY25PdzBLZG1GeUlHTjFjbkpsYm5SVGFYUmxRMjlrWlQwblJVSkZKenNOQ25aaGNpQnpkV0pFYjIxaGFXNDlKMUZCSnpzTkNuWmhjaUJ3YjNKMFRuVnRZbVZ5UFNjNE1TYzdEUXAyWVhJZ2NISmxURzloWkVsdFlXZGxUR2x6ZEQxYkp5OWpjM012WlhoMEwycHhkV1Z5ZVhSb1pXMWxjeTlwYldGblpYTXZkV2t0WW1kZloyeGhjM05mTlRWZk1XTXhZekZqWHpGNE5EQXdMbkJ1WnlkZE93MEtkbUZ5SUhCeWFXTnBibWRFWlhSaGFXeHpRMnh2YzJWQ2RYUjBiMjVVWlhoMFBTZERiRzl6WlNjN0RRcDJZWElnUVdSa1FuVjBkRzl1VW1WemIzVnlZMlZVWlhoMElEMGdKMEZrWkNjN0RRcDJZWElnUTJGdVkyVnNRblYwZEc5dVVtVnpiM1Z5WTJWVVpYaDBJRDBnSjBOaGJtTmxiQ2M3RFFwMllYSWdRMnh2YzJWQ2RYUjBiMjVTWlhOdmRYSmpaVlJsZUhRZ1BTQW5RMnh2YzJVbk93MEtkbUZ5SUZOaGRtVkNkWFIwYjI1U1pYTnZkWEpqWlZSbGVIUWdQU0FuVTJGMlpTYzdEUXAyWVhJZ1RtOUNkWFIwYjI1U1pYTnZkWEpqWlZSbGVIUWdQU0FuVG04bk93MEtkbUZ5SUZsbGMwSjFkSFJ2YmxKbGMyOTFjbU5sVkdWNGRDQTlJQ2RaWlhNbk93MEtkbUZ5SUZSb2FXTnJRbTk0UTJ4dmMyVlVaWGgwVW1WemIzVnlZMlVnUFNBbmIzSWdSWE5qSUV0bGVTYzdEUXAyWVhJZ1ZHaHBZMnRDYjNoRGJHOXpaVXhwYm10U1pYTnZkWEpqWlNBOUlDZGpiRzl6WlNjN0RRcDJZWElnWkdWd2JHOTViV1Z1ZEVWdWRtbHliMjV0Wlc1MElEMGdKMUZCSnpzTkNtUVlBUVVlWDE5RGIyNTBjbTlzYzFKbGNYVnBjbVZRYjNOMFFtRmphMHRsZVY5ZkZnSUZUV04wYkRBd0pHTjBiREF3SkdOMGJEQXdKRU52Ym5SbGJuUlFiR0ZqWlVodmJHUmxja1JsWm1GMWJIUWtWRzl3VEc5bloyVmtUM1YwWHpJa1kyaGlWRzl3UzJWbGNFeHZaMmRsWkVsdUJXQmpkR3d3TUNSamRHd3dNQ1JqZEd3d01DUkRiMjUwWlc1MFVHeGhZMlZJYjJ4a1pYSkVaV1poZFd4MEpFMWhjM1JsY2xCc1lXTmxhRzlzWkdWeUpFaHZiV1ZNYjJkblpXUlBkWFJmTnlSallraHZiV1ZMWldWd1RHOW5aMlZrU1dSRi8ySlJGSDBTVGhrUmZJZG4rN1QrOTQ2UTUzZ3FEQ1N2YWx3d0JrbkZWUT09IiBDb3JyZWxhdGlvbkJpbmRpbmc9IiIgVXJsRW5jb2RlPSJUcnVlIiAvPg0KICAgICAgICA8Rm9ybVBvc3RQYXJhbWV0ZXIgTmFtZT0iY3RsMDAkY3RsMDAkY3RsMDAkQ29udGVudFBsYWNlSG9sZGVyRGVmYXVsdCRUb3BMb2dnZWRPdXRfMiRoZG5TY3JlZW5BcmVhIiBWYWx1ZT0ie3skSElEREVOMS5jdGwwMCRjdGwwMCRjdGwwMCRDb250ZW50UGxhY2VIb2xkZXJEZWZhdWx0JFRvcExvZ2dlZE91dF8yJGhkblNjcmVlbkFyZWF9fSIgUmVjb3JkZWRWYWx1ZT0iIiBDb3JyZWxhdGlvbkJpbmRpbmc9IiIgVXJsRW5jb2RlPSJUcnVlIiAvPg0KICAgICAgICA8Rm9ybVBvc3RQYXJhbWV0ZXIgTmFtZT0iY3RsMDAkY3RsMDAkY3RsMDAkQ29udGVudFBsYWNlSG9sZGVyRGVmYXVsdCRDYXJ0T3ZlcnZpZXdfMyRoZG5GaWVsZFNlbGVjdGVkT3JkZXJJdGVtQ2hlY2tvdXRTdGF0ZXMiIFZhbHVlPSJ7eyRISURERU4xLmN0bDAwJGN0bDAwJGN0bDAwJENvbnRlbnRQbGFjZUhvbGRlckRlZmF1bHQkQ2FydE92ZXJ2aWV3XzMkaGRuRmllbGRTZWxlY3RlZE9yZGVySXRlbUNoZWNrb3V0U3RhdGVzfX0iIFJlY29yZGVkVmFsdWU9IiIgQ29ycmVsYXRpb25CaW5kaW5nPSIiIFVybEVuY29kZT0iVHJ1ZSIgLz4NCiAgICAgICAgPEZvcm1Qb3N0UGFyYW1ldGVyIE5hbWU9ImN0bDAwJGN0bDAwJGN0bDAwJENvbnRlbnRQbGFjZUhvbGRlckRlZmF1bHQkQ2FydE92ZXJ2aWV3XzMkaGRuRmllbGRDb21wbGV0ZUNhcnRDaGVja291dFN0YXRlRW51bXMiIFZhbHVlPSJ7eyRISURERU4xLmN0bDAwJGN0bDAwJGN0bDAwJENvbnRlbnRQbGFjZUhvbGRlckRlZmF1bHQkQ2FydE92ZXJ2aWV3XzMkaGRuRmllbGRDb21wbGV0ZUNhcnRDaGVja291dFN0YXRlRW51bXN9fSIgUmVjb3JkZWRWYWx1ZT0iIiBDb3JyZWxhdGlvbkJpbmRpbmc9IiIgVXJsRW5jb2RlPSJUcnVlIiAvPg0KICAgICAgICA8Rm9ybVBvc3RQYXJhbWV0ZXIgTmFtZT0iY3RsMDAkY3RsMDAkY3RsMDAkQ29udGVudFBsYWNlSG9sZGVyRGVmYXVsdCRDYXJ0T3ZlcnZpZXdfMyRoZG5GaWVsZFNlbGVjdGVkSXRlbUlkcyIgVmFsdWU9Int7JEhJRERFTjEuY3RsMDAkY3RsMDAkY3RsMDAkQ29udGVudFBsYWNlSG9sZGVyRGVmYXVsdCRDYXJ0T3ZlcnZpZXdfMyRoZG5GaWVsZFNlbGVjdGVkSXRlbUlkc319IiBSZWNvcmRlZFZhbHVlPSIiIENvcnJlbGF0aW9uQmluZGluZz0iIiBVcmxFbmNvZGU9IlRydWUiIC8+DQogICAgICAgIDxGb3JtUG9zdFBhcmFtZXRlciBOYW1lPSJjdGwwMCRjdGwwMCRjdGwwMCRDb250ZW50UGxhY2VIb2xkZXJEZWZhdWx0JENhcnRPdmVydmlld18zJGhkblNjcmVlbkFyZWEiIFZhbHVlPSJ7eyRISURERU4xLmN0bDAwJGN0bDAwJGN0bDAwJENvbnRlbnRQbGFjZUhvbGRlckRlZmF1bHQkQ2FydE92ZXJ2aWV3XzMkaGRuU2NyZWVuQXJlYX19IiBSZWNvcmRlZFZhbHVlPSIiIENvcnJlbGF0aW9uQmluZGluZz0iIiBVcmxFbmNvZGU9IlRydWUiIC8+DQogICAgICAgIDxGb3JtUG9zdFBhcmFtZXRlciBOYW1lPSJjdGwwMCRjdGwwMCRjdGwwMCRDb250ZW50UGxhY2VIb2xkZXJEZWZhdWx0JE1hc3RlclBsYWNlaG9sZGVyJEhvbWVMb2dnZWRPdXRfNyR0eHRIb21lTG9naW4iIFZhbHVlPSJwbnRlc3QwMDFAZXVyb2ZpbnMuY29tIiBSZWNvcmRlZFZhbHVlPSJwbnRlc3QwMDFAZXVyb2ZpbnMuY29tIiBDb3JyZWxhdGlvbkJpbmRpbmc9IiIgVXJsRW5jb2RlPSJUcnVlIiAvPg0KICAgICAgICA8Rm9ybVBvc3RQYXJhbWV0ZXIgTmFtZT0iY3RsMDAkY3RsMDAkY3RsMDAkQ29udGVudFBsYWNlSG9sZGVyRGVmYXVsdCRNYXN0ZXJQbGFjZWhvbGRlciRIb21lTG9nZ2VkT3V0XzckdHh0SG9tZVBhc3N3b3JkIiBWYWx1ZT0icG50ZXN0MDAxIiBSZWNvcmRlZFZhbHVlPSJwbnRlc3QwMDEiIENvcnJlbGF0aW9uQmluZGluZz0iIiBVcmxFbmNvZGU9IlRydWUiIC8+DQogICAgICAgIDxGb3JtUG9zdFBhcmFtZXRlciBOYW1lPSJjdGwwMCRjdGwwMCRjdGwwMCRDb250ZW50UGxhY2VIb2xkZXJEZWZhdWx0JE1hc3RlclBsYWNlaG9sZGVyJEhvbWVMb2dnZWRPdXRfNyRidG5Ib21lU3VibWl0IiBWYWx1ZT0iTG9naW4iIFJlY29yZGVkVmFsdWU9IkxvZ2luIiBDb3JyZWxhdGlvbkJpbmRpbmc9Int7Rm9ybVBvc3RQYXJhbTMzLmN0bDAwJGN0bDAwJGN0bDAwJENvbnRlbnRQbGFjZUhvbGRlckRlZmF1bHQkTWFzdGVyUGxhY2Vob2xkZXIkSG9tZUxvZ2dlZE91dF83JGJ0bkhvbWVTdWJtaXR9fSIgVXJsRW5jb2RlPSJUcnVlIiAvPg0KICAgICAgICA8Rm9ybVBvc3RQYXJhbWV0ZXIgTmFtZT0iY3RsMDAkY3RsMDAkY3RsMDAkQ29udGVudFBsYWNlSG9sZGVyRGVmYXVsdCRNYXN0ZXJQbGFjZWhvbGRlciRIb21lTG9nZ2VkT3V0XzckdnNDaGVja291dEhvbWVMb2dpbiRoZG5WYWxpZGF0aW9uUmVzdWx0IiBWYWx1ZT0ie3skSElEREVOMS5jdGwwMCRjdGwwMCRjdGwwMCRDb250ZW50UGxhY2VIb2xkZXJEZWZhdWx0JE1hc3RlclBsYWNlaG9sZGVyJEhvbWVMb2dnZWRPdXRfNyR2c0NoZWNrb3V0SG9tZUxvZ2luJGhkblZhbGlkYXRpb25SZXN1bHR9fSIgUmVjb3JkZWRWYWx1ZT0iIiBDb3JyZWxhdGlvbkJpbmRpbmc9IiIgVXJsRW5jb2RlPSJUcnVlIiAvPg0KICAgICAgICA8Rm9ybVBvc3RQYXJhbWV0ZXIgTmFtZT0iY3RsMDAkY3RsMDAkY3RsMDAkQ29udGVudFBsYWNlSG9sZGVyRGVmYXVsdCRNYXN0ZXJQbGFjZWhvbGRlciRIb21lTG9nZ2VkT3V0XzckaGRuU2NyZWVuQXJlYSIgVmFsdWU9Int7JEhJRERFTjEuY3RsMDAkY3RsMDAkY3RsMDAkQ29udGVudFBsYWNlSG9sZGVyRGVmYXVsdCRNYXN0ZXJQbGFjZWhvbGRlciRIb21lTG9nZ2VkT3V0XzckaGRuU2NyZWVuQXJlYX19IiBSZWNvcmRlZFZhbHVlPSIiIENvcnJlbGF0aW9uQmluZGluZz0iIiBVcmxFbmNvZGU9IlRydWUiIC8+DQogICAgICAgIDxGb3JtUG9zdFBhcmFtZXRlciBOYW1lPSJjdGwwMCRjdGwwMCRjdGwwMCRDb250ZW50UGxhY2VIb2xkZXJEZWZhdWx0JE1hc3RlclBsYWNlaG9sZGVyJEN1c3RvbWVyU3VwcG9ydF84JGhkblNjcmVlbkFyZWEiIFZhbHVlPSJ7eyRISURERU4xLmN0bDAwJGN0bDAwJGN0bDAwJENvbnRlbnRQbGFjZUhvbGRlckRlZmF1bHQkTWFzdGVyUGxhY2Vob2xkZXIkQ3VzdG9tZXJTdXBwb3J0XzgkaGRuU2NyZWVuQXJlYX19IiBSZWNvcmRlZFZhbHVlPSIiIENvcnJlbGF0aW9uQmluZGluZz0iIiBVcmxFbmNvZGU9IlRydWUiIC8+DQogICAgICAgIDxGb3JtUG9zdFBhcmFtZXRlciBOYW1lPSJjdGwwMCRjdGwwMCRjdGwwMCRDb250ZW50UGxhY2VIb2xkZXJEZWZhdWx0JGhkbkNhbkluaXRpYWxpemVDdWx0dXJlIiBWYWx1ZT0ie3skSElEREVOMS5jdGwwMCRjdGwwMCRjdGwwMCRDb250ZW50UGxhY2VIb2xkZXJEZWZhdWx0JGhkbkNhbkluaXRpYWxpemVDdWx0dXJlfX0iIFJlY29yZGVkVmFsdWU9ImZhbHNlIiBDb3JyZWxhdGlvbkJpbmRpbmc9IiIgVXJsRW5jb2RlPSJUcnVlIiAvPg0KICAgICAgICA8Rm9ybVBvc3RQYXJhbWV0ZXIgTmFtZT0iY3RsMDAkY3RsMDAkY3RsMDAkQ29udGVudFBsYWNlSG9sZGVyRGVmYXVsdCRoZG5FY29tRHJhZ0Ryb3BKc29uIiBWYWx1ZT0ie3skSElEREVOMS5jdGwwMCRjdGwwMCRjdGwwMCRDb250ZW50UGxhY2VIb2xkZXJEZWZhdWx0JGhkbkVjb21EcmFnRHJvcEpzb259fSIgUmVjb3JkZWRWYWx1ZT0iIiBDb3JyZWxhdGlvbkJpbmRpbmc9IiIgVXJsRW5jb2RlPSJUcnVlIiAvPg0KICAgICAgICA8Rm9ybVBvc3RQYXJhbWV0ZXIgTmFtZT0iY3RsMDAkY3RsMDAkY3RsMDAkQ29udGVudFBsYWNlSG9sZGVyRGVmYXVsdCRoZG5DdXJyZW50UGFnZUlkZW50aXR5IiBWYWx1ZT0ie3skSElEREVOMS5jdGwwMCRjdGwwMCRjdGwwMCRDb250ZW50UGxhY2VIb2xkZXJEZWZhdWx0JGhkbkN1cnJlbnRQYWdlSWRlbnRpdHl9fSIgUmVjb3JkZWRWYWx1ZT0iMTEyNyIgQ29ycmVsYXRpb25CaW5kaW5nPSIiIFVybEVuY29kZT0iVHJ1ZSIgLz4NCiAgICAgICAgPEZvcm1Qb3N0UGFyYW1ldGVyIE5hbWU9ImN0bDAwJGN0bDAwJGN0bDAwJENvbnRlbnRQbGFjZUhvbGRlckRlZmF1bHQkaGRuU2Nyb2xsWVBvc2l0aW9uIiBWYWx1ZT0ie3skSElEREVOMS5jdGwwMCRjdGwwMCRjdGwwMCRDb250ZW50UGxhY2VIb2xkZXJEZWZhdWx0JGhkblNjcm9sbFlQb3NpdGlvbn19IiBSZWNvcmRlZFZhbHVlPSIwIiBDb3JyZWxhdGlvbkJpbmRpbmc9IiIgVXJsRW5jb2RlPSJUcnVlIiAvPg0KICAgICAgICA8Rm9ybVBvc3RQYXJhbWV0ZXIgTmFtZT0iX19WSUVXU1RBVEVHRU5FUkFUT1IiIFZhbHVlPSJ7eyRISURERU4xLl9fVklFV1NUQVRFR0VORVJBVE9SfX0iIFJlY29yZGVkVmFsdWU9IkNBMEIwMzM0IiBDb3JyZWxhdGlvbkJpbmRpbmc9IiIgVXJsRW5jb2RlPSJUcnVlIiAvPg0KICAgICAgPC9Gb3JtUG9zdEh0dHBCb2R5Pg0KICAgIDwvUmVxdWVzdD4NCiAgICA8Q29tbWVudCBDb21tZW50VGV4dD0iQ2xpY2tfTXkgQWRkcmVzcyIgLz4NCiAgICA8UmVxdWVzdCBNZXRob2Q9IlBPU1QiIEd1aWQ9Ijc3ODUxMzAwLWE3YjUtNGJkNC1hYzliLTcxYzJkOTQwOWRjOCIgVmVyc2lvbj0iMS4xIiBVcmw9Imh0dHA6Ly9pbjAxYXB2MTE6ODEvZW4vaG9tZS5hc3B4IiBUaGlua1RpbWU9IjAiIFRpbWVvdXQ9IjMwMCIgUGFyc2VEZXBlbmRlbnRSZXF1ZXN0cz0iVHJ1ZSIgRm9sbG93UmVkaXJlY3RzPSJUcnVlIiBSZWNvcmRSZXN1bHQ9IlRydWUiIENhY2hlPSJGYWxzZSIgUmVzcG9uc2VUaW1lR29hbD0iMCIgRW5jb2Rpbmc9InV0Zi04IiBFeHBlY3RlZEh0dHBTdGF0dXNDb2RlPSIwIiBFeHBlY3RlZFJlc3BvbnNlVXJsPSJodHRwOi8vaW4wMWFwdjExOjgxL2VuL2hvbWUuYXNweCIgUmVwb3J0aW5nTmFtZT0iIiBJZ25vcmVIdHRwU3RhdHVzQ29kZT0iRmFsc2UiPg0KICAgICAgPERlcGVuZGVudFJlcXVlc3RzPg0KICAgICAgICA8UmVxdWVzdCBNZXRob2Q9IkdFVCIgR3VpZD0iYzc2NTVjN2UtMWE2NS00MGE3LWEwNGYtZjhiNWU2MDAwNmVjIiBWZXJzaW9uPSIxLjEiIFVybD0iaHR0cHM6Ly9mb250cy5nb29nbGVhcGlzLmNvbS9jc3MiIFRoaW5rVGltZT0iMiIgVGltZW91dD0iMzAwIiBQYXJzZURlcGVuZGVudFJlcXVlc3RzPSJUcnVlIiBGb2xsb3dSZWRpcmVjdHM9IlRydWUiIFJlY29yZFJlc3VsdD0iVHJ1ZSIgQ2FjaGU9IkZhbHNlIiBSZXNwb25zZVRpbWVHb2FsPSIwIiBFbmNvZGluZz0idXRmLTgiIEV4cGVjdGVkSHR0cFN0YXR1c0NvZGU9IjAiIEV4cGVjdGVkUmVzcG9uc2VVcmw9IiIgUmVwb3J0aW5nTmFtZT0iIiBJZ25vcmVIdHRwU3RhdHVzQ29kZT0iRmFsc2UiPg0KICAgICAgICAgIDxIZWFkZXJzPg0KICAgICAgICAgICAgPEhlYWRlciBOYW1lPSJSZWZlcmVyIiBWYWx1ZT0iaHR0cDovL2luMDFhcHYxMTo4MS9lbi9teWFkZHJlc3Nlcy5hc3B4IiAvPg0KICAgICAgICAgIDwvSGVhZGVycz4NCiAgICAgICAgICA8UXVlcnlTdHJpbmdQYXJhbWV0ZXJzPg0KICAgICAgICAgICAgPFF1ZXJ5U3RyaW5nUGFyYW1ldGVyIE5hbWU9ImZhbWlseSIgVmFsdWU9IlJvYm90bzozMDAsNDAwLDUwMCw3MDA/RWNvbVZlcnNpb24lM2Q4LjAuNzguMjEiIFJlY29yZGVkVmFsdWU9IlJvYm90bzozMDAsNDAwLDUwMCw3MDA/RWNvbVZlcnNpb24lM2Q4LjAuNzguMjEiIENvcnJlbGF0aW9uQmluZGluZz0iIiBVcmxFbmNvZGU9IkZhbHNlIiBVc2VUb0dyb3VwUmVzdWx0cz0iRmFsc2UiIC8+DQogICAgICAgICAgPC9RdWVyeVN0cmluZ1BhcmFtZXRlcnM+DQogICAgICAgIDwvUmVxdWVzdD4NCiAgICAgICAgPFJlcXVlc3QgTWV0aG9kPSJHRVQiIEd1aWQ9Ijk5ZjI4ZmY1LTYzNGItNGI1NS04NmFjLWVmMmU3ZDM1NDVhNSIgVmVyc2lvbj0iMS4xIiBVcmw9Imh0dHBzOi8vY3NpLmdzdGF0aWMuY29tL2NzaSIgVGhpbmtUaW1lPSI3IiBUaW1lb3V0PSIzMDAiIFBhcnNlRGVwZW5kZW50UmVxdWVzdHM9IlRydWUiIEZvbGxvd1JlZGlyZWN0cz0iVHJ1ZSIgUmVjb3JkUmVzdWx0PSJUcnVlIiBDYWNoZT0iRmFsc2UiIFJlc3BvbnNlVGltZUdvYWw9IjAiIEVuY29kaW5nPSJ1dGYtOCIgRXhwZWN0ZWRIdHRwU3RhdHVzQ29kZT0iMCIgRXhwZWN0ZWRSZXNwb25zZVVybD0iIiBSZXBvcnRpbmdOYW1lPSIiIElnbm9yZUh0dHBTdGF0dXNDb2RlPSJGYWxzZSI+DQogICAgICAgICAgPEhlYWRlcnM+DQogICAgICAgICAgICA8SGVhZGVyIE5hbWU9IlJlZmVyZXIiIFZhbHVlPSJodHRwOi8vaW4wMWFwdjExOjgxL2VuL215YWRkcmVzc2VzLmFzcHgiIC8+DQogICAgICAgICAgPC9IZWFkZXJzPg0KICAgICAgICAgIDxRdWVyeVN0cmluZ1BhcmFtZXRlcnM+DQogICAgICAgICAgICA8UXVlcnlTdHJpbmdQYXJhbWV0ZXIgTmFtZT0idiIgVmFsdWU9IjIiIFJlY29yZGVkVmFsdWU9IjIiIENvcnJlbGF0aW9uQmluZGluZz0iIiBVcmxFbmNvZGU9IkZhbHNlIiBVc2VUb0dyb3VwUmVzdWx0cz0iRmFsc2UiIC8+DQogICAgICAgICAgICA8UXVlcnlTdHJpbmdQYXJhbWV0ZXIgTmFtZT0icyIgVmFsdWU9Im1hcHNhcGkzIiBSZWNvcmRlZFZhbHVlPSJtYXBzYXBpMyIgQ29ycmVsYXRpb25CaW5kaW5nPSIiIFVybEVuY29kZT0iRmFsc2UiIFVzZVRvR3JvdXBSZXN1bHRzPSJGYWxzZSIgLz4NCiAgICAgICAgICAgIDxRdWVyeVN0cmluZ1BhcmFtZXRlciBOYW1lPSJ2M3YiIFZhbHVlPSIyOS4xMCIgUmVjb3JkZWRWYWx1ZT0iMjkuMTAiIENvcnJlbGF0aW9uQmluZGluZz0iIiBVcmxFbmNvZGU9IkZhbHNlIiBVc2VUb0dyb3VwUmVzdWx0cz0iRmFsc2UiIC8+DQogICAgICAgICAgICA8UXVlcnlTdHJpbmdQYXJhbWV0ZXIgTmFtZT0iYWN0aW9uIiBWYWx1ZT0iYXBpYm9vdDIiIFJlY29yZGVkVmFsdWU9ImFwaWJvb3QyIiBDb3JyZWxhdGlvbkJpbmRpbmc9IiIgVXJsRW5jb2RlPSJGYWxzZSIgVXNlVG9Hcm91cFJlc3VsdHM9IkZhbHNlIiAvPg0KICAgICAgICAgICAgPFF1ZXJ5U3RyaW5nUGFyYW1ldGVyIE5hbWU9ImUiIFZhbHVlPSIxMF8xXzAsMTBfMl8wIiBSZWNvcmRlZFZhbHVlPSIxMF8xXzAsMTBfMl8wIiBDb3JyZWxhdGlvbkJpbmRpbmc9IiIgVXJsRW5jb2RlPSJGYWxzZSIgVXNlVG9Hcm91cFJlc3VsdHM9IkZhbHNlIiAvPg0KICAgICAgICAgICAgPFF1ZXJ5U3RyaW5nUGFyYW1ldGVyIE5hbWU9InJ0IiBWYWx1ZT0ibWFpbi44IiBSZWNvcmRlZFZhbHVlPSJtYWluLjgiIENvcnJlbGF0aW9uQmluZGluZz0iIiBVcmxFbmNvZGU9IkZhbHNlIiBVc2VUb0dyb3VwUmVzdWx0cz0iRmFsc2UiIC8+DQogICAgICAgICAgPC9RdWVyeVN0cmluZ1BhcmFtZXRlcnM+DQogICAgICAgIDwvUmVxdWVzdD4NCiAgICAgIDwvRGVwZW5kZW50UmVxdWVzdHM+DQogICAgICA8SGVhZGVycz4NCiAgICAgICAgPEhlYWRlciBOYW1lPSJSZWZlcmVyIiBWYWx1ZT0iaHR0cDovL2luMDFhcHYxMTo4MS9lbi9ob21lLmFzcHgiIC8+DQogICAgICA8L0hlYWRlcnM+DQogICAgICA8RXh0cmFjdGlvblJ1bGVzPg0KICAgICAgICA8RXh0cmFjdGlvblJ1bGUgQ2xhc3NuYW1lPSJNaWNyb3NvZnQuVmlzdWFsU3R1ZGlvLlRlc3RUb29scy5XZWJUZXN0aW5nLlJ1bGVzLkV4dHJhY3RIaWRkZW5GaWVsZHMsIE1pY3Jvc29mdC5WaXN1YWxTdHVkaW8uUXVhbGl0eVRvb2xzLldlYlRlc3RGcmFtZXdvcmssIFZlcnNpb249MTAuMC4wLjAsIEN1bHR1cmU9bmV1dHJhbCwgUHVibGljS2V5VG9rZW49YjAzZjVmN2YxMWQ1MGEzYSIgVmFyaWFibGVOYW1lPSIxIiBEaXNwbGF5TmFtZT0iRXh0cmFjdCBIaWRkZW4gRmllbGRzIiBEZXNjcmlwdGlvbj0iRXh0cmFjdCBhbGwgaGlkZGVuIGZpZWxkcyBmcm9tIHRoZSByZXNwb25zZSBhbmQgcGxhY2UgdGhlbSBpbnRvIHRoZSB0ZXN0IGNvbnRleHQuIj4NCiAgICAgICAgICA8UnVsZVBhcmFtZXRlcnM+DQogICAgICAgICAgICA8UnVsZVBhcmFtZXRlciBOYW1lPSJSZXF1aXJlZCIgVmFsdWU9IlRydWUiIC8+DQogICAgICAgICAgICA8UnVsZVBhcmFtZXRlciBOYW1lPSJIdG1sRGVjb2RlIiBWYWx1ZT0iVHJ1ZSIgLz4NCiAgICAgICAgICA8L1J1bGVQYXJhbWV0ZXJzPg0KICAgICAgICA8L0V4dHJhY3Rpb25SdWxlPg0KICAgICAgPC9FeHRyYWN0aW9uUnVsZXM+DQogICAgICA8Q29ycmVsYXRpb25FeHRyYWN0aW9uUnVsZXM+DQogICAgICAgIDxFeHRyYWN0aW9uUnVsZSBDbGFzc25hbWU9Ik1pY3Jvc29mdC5WaXN1YWxTdHVkaW8uVGVzdFRvb2xzLldlYlRlc3RpbmcuUnVsZXMuRXh0cmFjdEZvcm1GaWVsZCwgTWljcm9zb2Z0LlZpc3VhbFN0dWRpby5RdWFsaXR5VG9vbHMuV2ViVGVzdEZyYW1ld29yaywgVmVyc2lvbj0xMC4wLjAuMCwgQ3VsdHVyZT1uZXV0cmFsLCBQdWJsaWNLZXlUb2tlbj1iMDNmNWY3ZjExZDUwYTNhIiBWYXJpYWJsZU5hbWU9IkZvcm1Qb3N0UGFyYW0zMS5jdGwwMCRjdGwwMCRjdGwwMCRDb250ZW50UGxhY2VIb2xkZXJEZWZhdWx0JE1hc3RlclBsYWNlaG9sZGVyJEFkZHJlc3NMaXN0XzUkZ3ZBZGRyZXNzTGlzdCRjdGwwMiRyZGJ0blNlbGVjdEFkZHJlc3MiIERpc3BsYXlOYW1lPSIiIERlc2NyaXB0aW9uPSIiPg0KICAgICAgICAgIDxSdWxlUGFyYW1ldGVycz4NCiAgICAgICAgICAgIDxSdWxlUGFyYW1ldGVyIE5hbWU9Ik5hbWUiIFZhbHVlPSJDb250ZW50UGxhY2VIb2xkZXJEZWZhdWx0X01hc3RlclBsYWNlaG9sZGVyX0FkZHJlc3NMaXN0XzVfZ3ZBZGRyZXNzTGlzdF9yZGJ0blNlbGVjdEFkZHJlc3NfMCIgLz4NCiAgICAgICAgICAgIDxSdWxlUGFyYW1ldGVyIE5hbWU9Ikh0bWxEZWNvZGUiIFZhbHVlPSJUcnVlIiAvPg0KICAgICAgICAgICAgPFJ1bGVQYXJhbWV0ZXIgTmFtZT0iUmVxdWlyZWQiIFZhbHVlPSJGYWxzZSIgLz4NCiAgICAgICAgICAgIDxSdWxlUGFyYW1ldGVyIE5hbWU9IkluZGV4IiBWYWx1ZT0iMCIgLz4NCiAgICAgICAgICA8L1J1bGVQYXJhbWV0ZXJzPg0KICAgICAgICA8L0V4dHJhY3Rpb25SdWxlPg0KICAgICAgICA8RXh0cmFjdGlvblJ1bGUgQ2xhc3NuYW1lPSJNaWNyb3NvZnQuVmlzdWFsU3R1ZGlvLlRlc3RUb29scy5XZWJUZXN0aW5nLlJ1bGVzLkV4dHJhY3RGb3JtRmllbGQsIE1pY3Jvc29mdC5WaXN1YWxTdHVkaW8uUXVhbGl0eVRvb2xzLldlYlRlc3RGcmFtZXdvcmssIFZlcnNpb249MTAuMC4wLjAsIEN1bHR1cmU9bmV1dHJhbCwgUHVibGljS2V5VG9rZW49YjAzZjVmN2YxMWQ1MGEzYSIgVmFyaWFibGVOYW1lPSJGb3JtUG9zdFBhcmFtMzIuY3RsMDAkY3RsMDAkY3RsMDAkQ29udGVudFBsYWNlSG9sZGVyRGVmYXVsdCRNYXN0ZXJQbGFjZWhvbGRlciRBZGRyZXNzTGlzdF82JGd2QWRkcmVzc0xpc3QkY3RsMDIkcmRidG5TZWxlY3RBZGRyZXNzIiBEaXNwbGF5TmFtZT0iIiBEZXNjcmlwdGlvbj0iIj4NCiAgICAgICAgICA8UnVsZVBhcmFtZXRlcnM+DQogICAgICAgICAgICA8UnVsZVBhcmFtZXRlciBOYW1lPSJOYW1lIiBWYWx1ZT0iQ29udGVudFBsYWNlSG9sZGVyRGVmYXVsdF9NYXN0ZXJQbGFjZWhvbGRlcl9BZGRyZXNzTGlzdF82X2d2QWRkcmVzc0xpc3RfcmRidG5TZWxlY3RBZGRyZXNzXzAiIC8+DQogICAgICAgICAgICA8UnVsZVBhcmFtZXRlciBOYW1lPSJIdG1sRGVjb2RlIiBWYWx1ZT0iVHJ1ZSIgLz4NCiAgICAgICAgICAgIDxSdWxlUGFyYW1ldGVyIE5hbWU9IlJlcXVpcmVkIiBWYWx1ZT0iRmFsc2UiIC8+DQogICAgICAgICAgICA8UnVsZVBhcmFtZXRlciBOYW1lPSJJbmRleCIgVmFsdWU9IjAiIC8+DQogICAgICAgICAgPC9SdWxlUGFyYW1ldGVycz4NCiAgICAgICAgPC9FeHRyYWN0aW9uUnVsZT4NCiAgICAgIDwvQ29ycmVsYXRpb25FeHRyYWN0aW9uUnVsZXM+DQogICAgICA8Rm9ybVBvc3RIdHRwQm9keT4NCiAgICAgICAgPEZvcm1Qb3N0UGFyYW1ldGVyIE5hbWU9Il9fRVZFTlRUQVJHRVQiIFZhbHVlPSJ7eyRISURERU4xLl9fRVZFTlRUQVJHRVR9fSIgUmVjb3JkZWRWYWx1ZT0iY3RsMDAkY3RsMDAkY3RsMDAkQ29udGVudFBsYWNlSG9sZGVyRGVmYXVsdCRUb3BMb2dnZWRJbl8xJGxuYlRvcExvZ2dlZEluTXlBZGRyZXNzZXMiIENvcnJlbGF0aW9uQmluZGluZz0iIiBVcmxFbmNvZGU9IlRydWUiIC8+DQogICAgICAgIDxGb3JtUG9zdFBhcmFtZXRlciBOYW1lPSJfX0VWRU5UQVJHVU1FTlQiIFZhbHVlPSJ7eyRISURERU4xLl9fRVZFTlRBUkdVTUVOVH19IiBSZWNvcmRlZFZhbHVlPSIiIENvcnJlbGF0aW9uQmluZGluZz0iIiBVcmxFbmNvZGU9IlRydWUiIC8+DQogICAgICAgIDxGb3JtUG9zdFBhcmFtZXRlciBOYW1lPSJfX1ZJRVdTVEFURSIgVmFsdWU9Int7JEhJRERFTjEuX19WSUVXU1RBVEV9fSIgUmVjb3JkZWRWYWx1ZT0iL3dFUER3VUVOVE00TVE5a0ZnSm1EMlFXQW1ZUFpCWUNaZzlrRmdKbUQyUVdBZ0lERHhZR0hnWnZibXh2WVdRRlAybG1LSFI1Y0dWdlppQlBia0poWTJ0Q2RYUjBiMjVEYkdsamF5QTlQU0FpWm5WdVkzUnBiMjRpS1NCUGJrSmhZMnRDZFhSMGIyNURiR2xqYXlncE94NEtiMjV3WVdkbGMyaHZkd1ZUYVdZZ0tHVjJaVzUwTG5CbGNuTnBjM1JsWkNBbUppQjBlWEJsYjJZZ1QyNUNZV05yUW5WMGRHOXVRMnhwWTJzZ1BUMGdJbVoxYm1OMGFXOXVJaWtnVDI1Q1lXTnJRblYwZEc5dVEyeHBZMnNvS1RzZUNHOXVkVzVzYjJGa1pSWUNBZ0VRWkdRV0NnSUlEMlFXQW1ZUFpCWVNBZ0lQRlFGWFEyOXVkR1Z1ZEZCc1lXTmxTRzlzWkdWeVJHVm1ZWFZzZEY5VWIzQk1iMmRuWldSSmJsOHhYM0J1YkVSeVlXZGhZbXhsVjJsdVpHOTNRMjl1ZEdWdWRGOUpibXhwYm1WTlpYTnpZV2RsUTI5dWRHRnBibVZ5WkFJREQyUVdBZ0lCRHc4V0FoNEVWR1Y0ZEFVR1RHOW5iM1YwWkdRQ0JROFBGZ0llQjFacGMybGliR1ZuWkJZQ0FnRVBEeFlHSGd0T1lYWnBaMkYwWlZWeWJBVVVmaTloWkcxcGJpOTNaV3hqYjIxbExtRnpjSGdmQXdVT1FXUnRhVzVwYzNSeVlYUnBiMjRmQkdka1pBSUhEdzhXQWg4RVoyUVdCZ0lCRHhZQ0h3TUZCVWhsYkd4dlpBSUREeFlDSHdNRkZYQnVkR1Z6ZEdZd01ERWdjRzUwWlhOMGJEQXdNV1FDQlE4V0FoNEphVzV1WlhKb2RHMXNCUTFCWTJOdmRXNTBJRWxFSURvZ1pBSUpEMlFXQ0FJQkR4WUNId01GQXlvcUttUUNBdzhQRmdJZkEyVmtaQUlGRHc4V0FoOERCUkVvWW1WamIyMWxJSGx2ZFhKelpXeG1LV1JrQWdjUEZnSWZBd1VES2lvcVpBSU5EdzhXQWg4RVoyUVdBZ0lCRHc4V0JCOERCUXhOZVNCRVlYTm9ZbTloY21RZkJHZGtaQUlQRHc4V0FoOEVaMlFXQWdJQkR3OFdDQjRJUTNOelEyeGhjM01GRFdWbVEyOXNiM0pQY21GdVoyVWZBd1VKVFhrZ1QzSmtaWEp6SGdSZklWTkNBZ0lmQkdka1pBSVJEdzhXQWg4RVoyUVdBZ0lCRHc4V0JCOERCUXhOZVNCQlpHUnlaWE56WlhNZkJHZGtaQUlURHc4V0FoOEVaMlFXQWdJQkR3OFdCQjhEQlE1TmVTQlFjbVZtWlhKbGJtTmxjeDhFWjJSa0Fnb1BaQllDWmc4UEZnSWZCR2hrRmdZQ0F3OFBGZ0lmQlFVakwyVnVMMk5vWldOcmIzVjBMM04wWlhBeExtRnpjSGcvYm05a1pVbGtQVEV4TWpka1pBSUZEdzlrRmdJZUJHaHlaV1lGQVNOa0Fna1BEMlFXQWg0RmRHbDBiR1VGQlV4dloybHVGZ2dDQVE4UEZnWWZBd1VHUlcxaGFXdzZId2NGRnlCeVpYRjFhWEpsWkVacFpXeGtRMmhoY21GamRHVnlId2dDQW1Sa0Fna1BEeFlHSHdNRkEzc3dmUjhIQlJjZ2NtVnhkV2x5WldSR2FXVnNaRU5vWVhKaFkzUmxjaDhJQWdKa1pBSVJEdzhXQWg4RkJSY3ZaVzR2Wm05eVoyOTBjR0Z6YzNkdmNtUXVZWE53ZUdSa0FoTVBEeFlDSHdVRkl5OWxiaTlqYUdWamEyOTFkQzl6ZEdWd01TNWhjM0I0UDI1dlpHVkpaRDB4TVRJM1pHUUNEQTlrRmdKbUQyUVdEQUlJRHc4V0JCOEhCUTFqWVhKMExXbGpiMjVHZFd4c0h3Z0NBbVFXQWdJQkR3OFdBaDhGQlEwdlpXNHZZMkZ5ZEM1aGMzQjRaR1FDQ2c4V0FoOERCUWt4SUVsMFpXMG9jeWxrQWd3UEZnSWZBd1VLT1RreUxEQXdJT0tDckdRQ0RnOFBGZ0lmQkdka0ZnZ0NBUTlrRmdJQ0FROFdBaDhEQlJCTVlYTjBJR0ZrWkdWa0lHbDBaVzF6WkFJRER4WUNId1lGeVFROFpHbDJJR05zWVhOelBTZHNaV1owSno0NU5uZGxiR3dnUVdkaGNpQlFiR0YwWlR3dlpHbDJQanhrYVhZZ1kyeGhjM005SjNKcFoyaDBKejQ4WVNCb2NtVm1QU2NqSnlCdmJtTnNhV05yUFNkVGFHOTNSR2xoYkc5bktDSThjRDVFYnlCNWIzVWdjbVZoYkd4NUlIZGhiblFnZEc4Z1pHVnNaWFJsSUhSb2FYTWdhWFJsYlNoektUODhMM0ErSWl4N0lrUnBZV3h2WjBOc1lYTnpJam9pSWl3aVNHVnBaMmgwSWpvaVlYVjBieUlzSWsxdlpHRnNJanAwY25WbExDSlFiM05wZEdsdmJpSTZJbU5sYm5SbGNpSXNJbGRwWkhSb0lqb2lNekF3SWl3aVEyeHZjMkZpYkdVaU9uUnlkV1VzSWxScGRHeGxJam9pUkdWc1pYUmxJaXdpUW5WMGRHOXVNVlJsZUhRaU9pSlpaWE1pTENKQ2RYUjBiMjR5VkdWNGRDSTZJazV2SWl3aVFuVjBkRzl1TVVOaGJHeGlZV05ySWpvaVJHVnNaWFJsVDNKa1pYSkpkR1Z0SWl3aVFuVjBkRzl1TWtOaGJHeGlZV05ySWpwdWRXeHNMQ0pDZFhSMGIyNHhRMkZzYkdKaFkydFFZWEpoYldWMFpYSnpJam9pZTF3aVNXUmNJam96TmpJME16bDlJaXdpUW5WMGRHOXVNa05oYkd4aVlXTnJVR0Z5WVcxbGRHVnljeUk2Ym5Wc2JDd2lVbVZ6YVhwaFlteGxJanBtWVd4elpTd2lSSEpoWjJkaFlteGxJanBtWVd4elpTd2lRWFYwYjA5d1pXNGlPbVpoYkhObExDSkJjSEJsYm1SVWJ5STZJbUp2WkhraUxDSk5ZWGhJWldsbmFIUWlPalF3TUN3aVRXRjRWMmxrZEdnaU9qTXdNQ3dpVFdsdVNHVnBaMmgwSWpveE5UQXNJazFwYmxkcFpIUm9Jam94TlRCOUtUc25Qbmc4TDJFK1BDOWthWFkrRFFwa0FnVVBEeFlFSHdVRkRTOWxiaTlqWVhKMExtRnpjSGdmQXdVRVEyRnlkR1JrQWdjUER4WUdId01GQ0VOb1pXTnJiM1YwSGdkRmJtRmliR1ZrWng4RVp4WUNIZ2RQYmtOc2FXTnJCWmNzY21WMGRYSnVJRlpoYkdsa1lYUmxTWFJsYlhOVWIwTm9aV05yVDNWMFQzSlJkVzkwWlNoN0lrTnNiM05sUW5WMGRHOXVWR1Y0ZENJNklrTnNiM05sSWl3aVFXeGxjblJOWlhOellXZGxWR2wwYkdVaU9pSkJiR1Z5ZENCTlpYTnpZV2RsSWl3aVEyaGxZMnR2ZFhSVGRHRjBaVVZ1ZFcwaU9uc2lTVzUyWVd4cFpDSTZJa2x1ZG1Gc2FXUWlMQ0pSZFc5MFlXSnNaVTl1YkhraU9pSlJkVzkwWVdKc1pVOXViSGtpTENKUGNtUmxjbUZpYkdWUGJteDVJam9pVDNKa1pYSmhZbXhsVDI1c2VTSXNJazl5WkdWeVlXSnNaVUZ1WkZGMWIzUmhZbXhsSWpvaVQzSmtaWEpoWW14bFFXNWtVWFZ2ZEdGaWJHVWlMQ0pPYjNSUGNtUmxjbUZpYkdWQmJtUlJkVzkwWVdKc1pTSTZJazV2ZEU5eVpHVnlZV0pzWlVGdVpGRjFiM1JoWW14bElpd2lUbTkwVDNKa1pYSmhZbXhsUVc1a1VYVnZkR0ZpYkdWWGFYUm9TVzUyWVd4cFpDSTZJazV2ZEU5eVpHVnlZV0pzWlVGdVpGRjFiM1JoWW14bFYybDBhRWx1ZG1Gc2FXUWlMQ0pHWlhkUGNtUmxjbUZpYkdWUGJteDVJam9pUm1WM1QzSmtaWEpoWW14bFQyNXNlU0lzSWtabGQwOXlaR1Z5WVdKc1pVRnVaRVpsZDFGMWIzUmhZbXhsSWpvaVJtVjNUM0prWlhKaFlteGxRVzVrUm1WM1VYVnZkR0ZpYkdVaUxDSkdaWGRSZFc5MFlXSnNaVTl1YkhsWGFYUm9TVzUyWVd4cFpDSTZJa1psZDFGMWIzUmhZbXhsVDI1c2VWZHBkR2hKYm5aaGJHbGtJaXdpUm1WM1QzSmtaWEpoWW14bFQyNXNlVmRwZEdoSmJuWmhiR2xrSWpvaVJtVjNUM0prWlhKaFlteGxUMjVzZVZkcGRHaEpiblpoYkdsa0lpd2lSbVYzVDNKa1pYSmhZbXhsUVc1a1JtVjNVWFZ2ZEdGaWJHVlhhWFJvU1c1MllXeHBaQ0k2SWtabGQwOXlaR1Z5WVdKc1pVRnVaRVpsZDFGMWIzUmhZbXhsVjJsMGFFbHVkbUZzYVdRaUxDSkdaWGRQY21SbGNtRmliR1ZCYm1SQmJHeFJkVzkwWVdKc1pTSTZJa1psZDA5eVpHVnlZV0pzWlVGdVpFRnNiRkYxYjNSaFlteGxJaXdpUVd4c1QzSmtaWEpoWW14bFFXNWtSbVYzVVhWdmRHRmliR1VpT2lKQmJHeFBjbVJsY21GaWJHVkJibVJHWlhkUmRXOTBZV0pzWlNKOUxDSkpkR1Z0VTNSaGRHVkZiblZ0SWpwN0lrbHVkbUZzYVdRaU9pSkpiblpoYkdsa0lpd2lVWFZ2ZEdGaWJHVlBibXg1SWpvaVVYVnZkR0ZpYkdWUGJteDVJaXdpVDNKa1pYSmhZbXhsVDI1c2VTSTZJazl5WkdWeVlXSnNaVTl1YkhraUxDSlBjbVJsY21GaWJHVkJibVJSZFc5MFlXSnNaU0k2SWs5eVpHVnlZV0pzWlVGdVpGRjFiM1JoWW14bElpd2lUbTkwVDNKa1pYSmhZbXhsUVc1a1VYVnZkR0ZpYkdVaU9pSk9iM1JQY21SbGNtRmliR1ZCYm1SUmRXOTBZV0pzWlNJc0lrNXZkRTl5WkdWeVlXSnNaVUZ1WkZGMWIzUmhZbXhsVjJsMGFFbHVkbUZzYVdRaU9pSk9iM1JQY21SbGNtRmliR1ZCYm1SUmRXOTBZV0pzWlZkcGRHaEpiblpoYkdsa0lpd2lSbVYzVDNKa1pYSmhZbXhsVDI1c2VTSTZJa1psZDA5eVpHVnlZV0pzWlU5dWJIa2lMQ0pHWlhkUGNtUmxjbUZpYkdWQmJtUkdaWGRSZFc5MFlXSnNaU0k2SWtabGQwOXlaR1Z5WVdKc1pVRnVaRVpsZDFGMWIzUmhZbXhsSWl3aVJtVjNVWFZ2ZEdGaWJHVlBibXg1VjJsMGFFbHVkbUZzYVdRaU9pSkdaWGRSZFc5MFlXSnNaVTl1YkhsWGFYUm9TVzUyWVd4cFpDSXNJa1psZDA5eVpHVnlZV0pzWlU5dWJIbFhhWFJvU1c1MllXeHBaQ0k2SWtabGQwOXlaR1Z5WVdKc1pVOXViSGxYYVhSb1NXNTJZV3hwWkNJc0lrWmxkMDl5WkdWeVlXSnNaVUZ1WkVabGQxRjFiM1JoWW14bFYybDBhRWx1ZG1Gc2FXUWlPaUpHWlhkUGNtUmxjbUZpYkdWQmJtUkdaWGRSZFc5MFlXSnNaVmRwZEdoSmJuWmhiR2xrSWl3aVJtVjNUM0prWlhKaFlteGxRVzVrUVd4c1VYVnZkR0ZpYkdVaU9pSkdaWGRQY21SbGNtRmliR1ZCYm1SQmJHeFJkVzkwWVdKc1pTSXNJa0ZzYkU5eVpHVnlZV0pzWlVGdVpFWmxkMUYxYjNSaFlteGxJam9pUVd4c1QzSmtaWEpoWW14bFFXNWtSbVYzVVhWdmRHRmliR1VpZlN3aWFHUnVSbWxsYkdSVFpXeGxZM1JsWkU5eVpHVnlTWFJsYlVOb1pXTnJiM1YwVTNSaGRHVnpRMnhwWlc1MFNXUWlPaUpEYjI1MFpXNTBVR3hoWTJWSWIyeGtaWEpFWldaaGRXeDBYME5oY25SUGRtVnlkbWxsZDE4elgyaGtia1pwWld4a1UyVnNaV04wWldSUGNtUmxja2wwWlcxRGFHVmphMjkxZEZOMFlYUmxjeUlzSW1oa2JrWnBaV3hrVTJWc1pXTjBaV1JKZEdWdFNXUnpRMnhwWlc1MFNXUWlPaUpEYjI1MFpXNTBVR3hoWTJWSWIyeGtaWEpFWldaaGRXeDBYME5oY25SUGRtVnlkbWxsZDE4elgyaGtia1pwWld4a1UyVnNaV04wWldSSmRHVnRTV1J6SWl3aVQzSmtaWEpUWld4bFkzUmxaRkJ5YjJSMVkzUnpJam94TENKRGIyNW1hWEp0WVhScGIyNVVhWFJzWlZKbGMyOTFjbU5sSWpvaVEyOXVabWx5YldGMGFXOXVJaXdpVUhKdlkyVmxaRUoxZEhSdmJsUmxlSFFpT2lKUWNtOWpaV1ZrSWl3aVVISnZZMlZsWkVKMWRIUnZia05oYkd4aVlXTnJJam9pVm1Gc2FXUmhkR1ZKZEdWdGMxUnZRMmhsWTJ0UGRYUlBjbEYxYjNSbElpd2lTVzUyWVd4cFpFbDBaVzF6VTJWc1pXTjBaV1JHYjNKRGFHVmphMjkxZEZKbGMyOTFjbU5sSWpvaVZHaGxjbVVnWVhKbElITnZiV1VnYVc1MllXeHBaQ0JwZEdWdGN5QmphRzl6Wlc0Z1ptOXlJR05vWldOcmIzVjBJaXdpVG05UGNtUmxjbUZpYkdWSmRHVnRjMU5sYkdWamRHVmtSbTl5UTJobFkydHZkWFJTWlhOdmRYSmpaU0k2SWs1dklIWmhiR2xrSUc5eVpHVnlZV0pzWlNCcGRHVnRjeUJoY21VZ1kyaHZjMlZ1SUdadmNpQnZjbVJsY2lCd2NtOWpaWE56SWl3aVRtOVJkVzkwWVdKc1pVbDBaVzF6VTJWc1pXTjBaV1JHYjNKRGFHVmphMjkxZEZKbGMyOTFjbU5sSWpvaVRtOGdkbUZzYVdRZ2NYVnZkR0ZpYkdVZ2FYUmxiWE1nWVhKbElHTm9iM05sYmlCbWIzSWdjWFZ2ZEdVZ2NISnZZMlZ6Y3lJc0lrOXlaR1Z5WVdKc1pVRnVaRTV2Yms5eVpHVnlZV0pzWlVsMFpXMXpVMlZzWldOMFpXUkdiM0pEYUdWamEyOTFkRkpsYzI5MWNtTmxJam9pV1c5MUlHTmhiaUJsYVhSb1pYSWdKM0J5YjJObFpXUW5JSGRwZEdnZ2IzSmtaWElnY0hKdlkyVnpjeUJ2WmlCMGFHVWdiM0prWlhKaFlteGxJR2wwWlcxeklHOXlJR1ZrYVhRZ2RHaGxJRzV2YmkxdmNtUmxjbUZpYkdVZ2FYUmxiWE1pTENKUmRXOTBZV0pzWlVGdVpFNXZibEYxYjNSaFlteGxTWFJsYlhOVFpXeGxZM1JsWkVadmNrTm9aV05yYjNWMFVtVnpiM1Z5WTJVaU9pSlpiM1VnWTJGdUlHVnBkR2hsY2lBbmNISnZZMlZsWkNjZ2QybDBhQ0J4ZFc5MFpTQndjbTlqWlhOeklHOW1JSFJvWlNCeGRXOTBZV0pzWlNCcGRHVnRjeUJ2Y2lCbFpHbDBJSFJvWlNCdWIyNHRjWFZ2ZEdGaWJHVWdhWFJsYlhNaUxDSlJkVzkwWlZObGJHVmpkR1ZrVUhKdlpIVmpkSE1pT2pJc0lrNXZTWFJsYlhOVFpXeGxZM1JsWkNJNklrNXZJRWwwWlcxeklGTmxiR1ZqZEdWa0xpQlFiR1ZoYzJVZ1kyaHZiM05sSUc5dVpTQW9iM0lwSUcxdmNtVWdhWFJsYlhNZ2RHOGdjR1Z5Wm05eWJTQjBhR1VnWVdOMGFXOXVMaUlzSWtOaGNuUkJZM1JwYjI1RVpXeGxkR1ZUWld4bFkzUmxaRkJ5YjJSMVkzUnpJam8xTENKWGFYTm9UR2x6ZEVGamRHbHZibk5FWld4bGRHVlRaV3hsWTNSbFpGQnliMlIxWTNSeklqb3lMQ0pFWld4bGRHVkRiMjVtYVhKdFlYUnBiMjVOWlhOellXZGxVbVZ6YjNWeVkyVWlPaUk4Y0Q1RWJ5QjViM1VnY21WaGJHeDVJSGRoYm5RZ2RHOGdaR1ZzWlhSbElIUm9hWE1nYVhSbGJTaHpLVDg4TDNBK0lpd2lSR1ZzWlhSbFEyOXVabWx5YldGMGFXOXVUbTlDZFhSMGIyNVNaWE52ZFhKalpTSTZJazV2SWl3aVJHVnNaWFJsUTI5dVptbHliV0YwYVc5dVdXVnpRblYwZEc5dVVtVnpiM1Z5WTJVaU9pSlpaWE1pTENKRVpXeGxkR1ZEYjI1bWFYSnRZWFJwYjI1SVpXRmtaWEpVWlhoMFVtVnpiM1Z5WTJVaU9pSkVaV3hsZEdVaUxDSkRZWEowUVdOMGFXOXVJam94TENKRGFHVmphMjkxZEVKMWRIUnZibE5qY21sd2RDSTZiblZzYkN3aVEyaGxZMnR2ZFhSVFpYRjFaVzVqYVc1blFXNWtVSEpwYldWeVVHOXdkWEJOWlhOellXZGxTR1ZoWkdWeUlqb2lJaXdpUTJobFkydHZkWFJUWlhGMVpXNWphVzVuUVc1a1VISnBiV1Z5VUc5d2RYQk5aWE56WVdkbFNHVmhaR1Z5U1c1bWIzSnRZWFJwYjI0aU9pSkpkQ0JwY3lCdWIzUWdjRzl6YzJsaWJHVWdkRzhnWTJobFkydHZkWFFnTHlCeGRXOTBaU0J6WlhGMVpXNWphVzVuSUhKbFlXTjBhVzl1Y3lCM2FYUm9iM1YwSUhCeWFXMWxjbk1nZDJocFkyZ2dZWEpsSUdGemMyOWphV0YwWldRZ2RHOGdjMlZzWldOMFpXUWdjMlZ4ZFdWdVkybHVaeUJwZEdWdGN5QnBiaUIwYUdseklHOXlaR1Z5T2lBOEwySnlQand2WW5JK0lpd2lRMmhsWTJ0dmRYUlRaWEYxWlc1amFXNW5RVzVrVUhKcGJXVnlVRzl3ZFhCTlpYTnpZV2RsUm05dmRHVnlTVzVtYjNKdFlYUnBiMjRpT2lJaUxDSkRhR1ZqYTI5MWRGTmxjWFZsYm1OcGJtZEJibVJRY21sdFpYSlFiM0IxY0UxbGMzTmhaMlZEYkc5elpVSjFkSFJ2YmxSbGVIUWlPaUlpTENKRGFHVmphMjkxZEZObGNYVmxibU5wYm1kQmJtUlFjbWx0WlhKUWIzQjFjRVp2Y20xaGRFMWxjM05oWjJVaU9pSWlMQ0pEYUdWamEyOTFkRkJ5YVcxbGNrRnNiMjVsVUc5d2RYQk5aWE56WVdkbFEyeHZjMlZDZFhSMGIyNVVaWGgwSWpvaUlpd2lRMmhsWTJ0dmRYUlFjbWx0WlhKQmJHOXVaVkJ2Y0hWd1RXVnpjMkZuWlNJNklsQnlhVzFsY2lCaGJHOXVaU0JqWVc1dWIzUWdZbVVnWTJobFkydGxaQ0J2ZFhRdUlGQnNaV0Z6WlNCelpXeGxZM1FnWVhSc1pXRnpkQ0J2Ym1VZ1lYTnpiMk5wWVhSbFpDQnpaWEYxWlc1amFXNW5JRWwwWlcwdUlpd2lRMmhsWTJ0dmRYUlFjbWx0WlhKQmJHOXVaVkJ2Y0hWd1RXVnpjMkZuWlVobFlXUmxjaUk2SWxCc1pXRnpaU0JPYjNSbElpd2lRbUZ5UTI5a1pWWmhiR2xrWVhScGIyNVFiM0IxY0VOc2IzTmxRblYwZEc5dVZHVjRkQ0k2SWs5cklpd2lRbUZ5UTI5a1pWWmhiR2xrWVhScGIyNVFiM0IxY0UxbGMzTmhaMlVpT2lKQ1lYSmpiMlJsSUdadmNpQlRaV3hsWTNSbFpDQkpkR1Z0SUdseklHbHVkbUZzYVdRaUxDSkNZWEpEYjJSbFZtRnNhV1JoZEdsdmJsQnZjSFZ3VFdWemMyRm5aVWhsWVdSbGNpSTZJbEJzWldGelpTQk9iM1JsSWl3aVUyRnRaVVJoZVVSbGJHbDJaWEo1Vm1Gc2FXUmhkR2x2YmxCdmNIVndSMjlDWVdOclFuVjBkRzl1VkdWNGRDSTZJbGRoYVhRZ2RXNTBhV3dnWVd4c0lFOXlaR1Z5Y3lCaGNtVWdabWx1YVhOb1pXUWdkRzhnVTJocGNDQnZibU5sSWl3aVUyRnRaVVJoZVVSbGJHbDJaWEo1Vm1Gc2FXUmhkR2x2YmxCdmNIVndRMmhsWTJ0dmRYUkNkWFIwYjI1VVpYaDBJam9pUTJobFkydHZkWFFnVTJGdFpTQkVZWGtnVDJ4cFoyOXpJRTl1YkhraUxDSlRZVzFsUkdGNVJHVnNhWFpsY25sV1lXeHBaR0YwYVc5dVVHOXdkWEJOWlhOellXZGxTR1ZoWkdWeUlqb2lVR3hsWVhObElITmxiR1ZqZENJc0lsTmhiV1ZFWVhsRVpXeHBkbVZ5ZVZaaGJHbGtZWFJwYjI1UWIzQjFjRTFsYzNOaFoyVkVaWE5qY21sd2RHbHZiaUk2SWxsdmRYSWdZMkZ5ZENCamIyNTBZV2x1Y3lCellXMWxJR1JoZVNCdmJHbG5iM01zSUhkb2FXTm9JRzVsWldRZ2RHOGdZbVVnWTJobFkydGxaQ0J2ZFhRZ2MyVndaWEpoZEdWc2VTQnBiaUJ2Y21SbGNpQjBieUJsYm5OMWNtVWdkR2hsSUdaaGMzUmxjM1FnWkdWc2FYWmxjbmt1SUZSb1pTQnZkR2hsY2lCcGRHVnRjeUIzYVd4c0lHSmxJSGRoYVhScGJtY2dhVzRnZVc5MWNpQmpZWEowSUhkb1pXNGdlVzkxSUhKbGRIVnliaUJzWVhSbGNpNGdQSE53WVc0Z1kyeGhjM005WENKMGIyOXNkR2x3WDJScFlXeHZaMXdpSUhScGRHeGxQVndpUlhod2JHRnBiaUJpZFhSMGIyNGdaR1Z6WTNKcGNIUnBiMjRnYUdWeVpTQnZibXg1WENJZ1Bqd3ZjM0JoYmo0aUxDSlNaWFZ6WldSSmRHVnRjMVpoYkdsa1lYUnBiMjVRYjNCMWNFTnNiM05sUW5WMGRHOXVWR1Y0ZENJNklrOXJJaXdpVW1WMWMyVmtTWFJsYlhOV1lXeHBaR0YwYVc5dVVHOXdkWEJOWlhOellXZGxJam9pVDI5d2N5QWhJRk52YldVZ2IzSWdZV3hzSUc5bUlITmxiR1ZqZEdWa0lISmxkWE5sWkNCcGRHVnRKM01nYjNKcFoybHVZV3dnWTI5dWRHRnBibVZ5Y3lCaGNtVWdaWGh3YVhKbFpDNGdXVzkxY2lCallYSjBJSGRwYkd3Z1ltVWdkWEJrWVhSbFpDQmhkWFJ2YldGMGFXTmhiR3g1SUdGdVpDQmpZWEowSUhkcGJHd2dZbVVnY21Wc2IyRmtaV1F1SUVWNGNHbHlaV1FnYVhSbGJTQk9ZVzFsY3lCaGNtVWdMVDRpTENKU1pYVnpaV1JKZEdWdGMxWmhiR2xrWVhScGIyNVFiM0IxY0UxbGMzTmhaMlZJWldGa1pYSWlPaUpRYkdWaGMyVWdUbTkwWlNJc0lrVjRjR2x5WldSUWNtbHRaWEpRYjNCMWNFTnNiM05sUW5WMGRHOXVWR1Y0ZENJNklrOXJJaXdpUlhod2FYSmxaRkJ5YVcxbGNsQnZjSFZ3VFdWemMyRm5aVlJsZUhRaU9pSlFjbWx0WlhJZ2FYTWdaWGh3YVhKbFpDQm1iM0lnZEdobElHOXVaU0J2WmlCMGFHVWdjMlZzWlhSbFpDQnpaWEYxWlc1amFXNW5JR2wwWlcwdUlIQnNaV0Z6WlNCelpXeGxZM1FnWVc1dmRHaGxjaUJ3Y21sdFpYSWdiM0lnYjNKa1pYSWdibVYzSUhCeWFXMWxjaTRpTENKRmVIQnBjbVZrVUhKcGJXVnlVRzl3ZFhCTlpYTnpZV2RsU0dWaFpHVnlWR1Y0ZENJNklsQnNaWE5sSUU1dmRHVWlMQ0pEWVhKMFVHRm5aVlZTVENJNklpOWxiaTlqWVhKMExtRnpjSGdpTENKTmFXNXBiWFZ0VUd4aGRHVlRZVzF3YkdWelVHVnlRMmhsWTJ0dmRYUWlPalE0TENKUWJHRjBaVk5oYlhCc1pVTnZkVzUwSWpwdWRXeHNMQ0pKYzFOcGJtZHNaVkJzWVhSbFYybDBhRlpoYkdsa1UyRnRjR3hsUTI5MWJuUWlPbVpoYkhObExDSk5hVzVRYkdGMFpWTmhiWEJzWlhOUWIzQjFjRVp2Y20xaGRFMWxjM05oWjJVaU9pSWlMQ0pOYVc1UWJHRjBaVk5oYlhCc1pYTlFiM0IxY0VadmNtMWhkRTFsYzNOaFoyVkRiRzl6WlVKMWRIUnZibFJsZUhRaU9pSWlMQ0pOYVc1UWJHRjBaVk5oYlhCc1pYTlFiM0IxY0VadmNtMWhkRTFsYzNOaFoyVklaV0ZrWlhJaU9pSWlMQ0pOWVhocGJYVnRUblZ0WW1WeVQyWlFiR0YwWlhOUVpYSkRhR1ZqYTI5MWRDSTZNeXdpVUd4aGRHVnpRMjkxYm5SR2IzSkRkWEp5Wlc1MFQzSmtaWElpT201MWJHd3NJazFoZUdsdGRXMVFiR0YwWlhOUVpYSkRhR1ZqYTI5MWRGQnZjSFZ3Um05eWJXRjBUV1Z6YzJGblpTSTZJazFoZUdsdGRXMGdNeUJ3YkdGMFpYTWdZWEpsSUdWc2FXZHBZbXhsSUhSdklHTm9aV05yYjNWMElIQmxjaUJ2Y21SbGNpQm1iM0lnY0d4aGRHVWdjMlZ4ZFdWdVkybHVaeUJwZEdWdGN5NGdVR3hsWVhObElHMXZaR2xtZVNCNWIzVnlJSE5sYkdWamRHbHZiaUJoWTJOdmNtUnBibWRzZVM0aUxDSk5ZWGhwYlhWdFVHeGhkR1Z6VUdWeVEyaGxZMnR2ZFhSUWIzQjFjRVp2Y20xaGRFMWxjM05oWjJWRGJHOXpaVUoxZEhSdmJsUmxlSFFpT2lKUGF5SXNJazFoZUdsdGRXMVFiR0YwWlhOUVpYSkRhR1ZqYTI5MWRFWnZjbTFoZEUxbGMzTmhaMlZJWldGa1pYSWlPaUpRYkdWaGMyVWdUbTkwWlNJc0lsQnZjM1JDWVdOclJXeGxiV1Z1ZEZWdWFYRjFaVWxrSWpvaVkzUnNNREFrWTNSc01EQWtZM1JzTURBa1EyOXVkR1Z1ZEZCc1lXTmxTRzlzWkdWeVJHVm1ZWFZzZENSRFlYSjBUM1psY25acFpYZGZNeVJzYm10RGFHVmphMjkxZENJc0lrVjJaVzUwUVhKbmRXMWxiblFpT2lJaWZTd2dkR2hwY3lrN1pBSVFEdzhXQkI4RkJRMHZaVzR2WTJGeWRDNWhjM0I0SHdNRkJFTmhjblJrWkFJU0R3OFdBaDhEQlFoRGFHVmphMjkxZEJZQ0h3d0ZseXh5WlhSMWNtNGdWbUZzYVdSaGRHVkpkR1Z0YzFSdlEyaGxZMnRQZFhSUGNsRjFiM1JsS0hzaVEyeHZjMlZDZFhSMGIyNVVaWGgwSWpvaVEyeHZjMlVpTENKQmJHVnlkRTFsYzNOaFoyVlVhWFJzWlNJNklrRnNaWEowSUUxbGMzTmhaMlVpTENKRGFHVmphMjkxZEZOMFlYUmxSVzUxYlNJNmV5SkpiblpoYkdsa0lqb2lTVzUyWVd4cFpDSXNJbEYxYjNSaFlteGxUMjVzZVNJNklsRjFiM1JoWW14bFQyNXNlU0lzSWs5eVpHVnlZV0pzWlU5dWJIa2lPaUpQY21SbGNtRmliR1ZQYm14NUlpd2lUM0prWlhKaFlteGxRVzVrVVhWdmRHRmliR1VpT2lKUGNtUmxjbUZpYkdWQmJtUlJkVzkwWVdKc1pTSXNJazV2ZEU5eVpHVnlZV0pzWlVGdVpGRjFiM1JoWW14bElqb2lUbTkwVDNKa1pYSmhZbXhsUVc1a1VYVnZkR0ZpYkdVaUxDSk9iM1JQY21SbGNtRmliR1ZCYm1SUmRXOTBZV0pzWlZkcGRHaEpiblpoYkdsa0lqb2lUbTkwVDNKa1pYSmhZbXhsUVc1a1VYVnZkR0ZpYkdWWGFYUm9TVzUyWVd4cFpDSXNJa1psZDA5eVpHVnlZV0pzWlU5dWJIa2lPaUpHWlhkUGNtUmxjbUZpYkdWUGJteDVJaXdpUm1WM1QzSmtaWEpoWW14bFFXNWtSbVYzVVhWdmRHRmliR1VpT2lKR1pYZFBjbVJsY21GaWJHVkJibVJHWlhkUmRXOTBZV0pzWlNJc0lrWmxkMUYxYjNSaFlteGxUMjVzZVZkcGRHaEpiblpoYkdsa0lqb2lSbVYzVVhWdmRHRmliR1ZQYm14NVYybDBhRWx1ZG1Gc2FXUWlMQ0pHWlhkUGNtUmxjbUZpYkdWUGJteDVWMmwwYUVsdWRtRnNhV1FpT2lKR1pYZFBjbVJsY21GaWJHVlBibXg1VjJsMGFFbHVkbUZzYVdRaUxDSkdaWGRQY21SbGNtRmliR1ZCYm1SR1pYZFJkVzkwWVdKc1pWZHBkR2hKYm5aaGJHbGtJam9pUm1WM1QzSmtaWEpoWW14bFFXNWtSbVYzVVhWdmRHRmliR1ZYYVhSb1NXNTJZV3hwWkNJc0lrWmxkMDl5WkdWeVlXSnNaVUZ1WkVGc2JGRjFiM1JoWW14bElqb2lSbVYzVDNKa1pYSmhZbXhsUVc1a1FXeHNVWFZ2ZEdGaWJHVWlMQ0pCYkd4UGNtUmxjbUZpYkdWQmJtUkdaWGRSZFc5MFlXSnNaU0k2SWtGc2JFOXlaR1Z5WVdKc1pVRnVaRVpsZDFGMWIzUmhZbXhsSW4wc0lrbDBaVzFUZEdGMFpVVnVkVzBpT25zaVNXNTJZV3hwWkNJNklrbHVkbUZzYVdRaUxDSlJkVzkwWVdKc1pVOXViSGtpT2lKUmRXOTBZV0pzWlU5dWJIa2lMQ0pQY21SbGNtRmliR1ZQYm14NUlqb2lUM0prWlhKaFlteGxUMjVzZVNJc0lrOXlaR1Z5WVdKc1pVRnVaRkYxYjNSaFlteGxJam9pVDNKa1pYSmhZbXhsUVc1a1VYVnZkR0ZpYkdVaUxDSk9iM1JQY21SbGNtRmliR1ZCYm1SUmRXOTBZV0pzWlNJNklrNXZkRTl5WkdWeVlXSnNaVUZ1WkZGMWIzUmhZbXhsSWl3aVRtOTBUM0prWlhKaFlteGxRVzVrVVhWdmRHRmliR1ZYYVhSb1NXNTJZV3hwWkNJNklrNXZkRTl5WkdWeVlXSnNaVUZ1WkZGMWIzUmhZbXhsVjJsMGFFbHVkbUZzYVdRaUxDSkdaWGRQY21SbGNtRmliR1ZQYm14NUlqb2lSbVYzVDNKa1pYSmhZbXhsVDI1c2VTSXNJa1psZDA5eVpHVnlZV0pzWlVGdVpFWmxkMUYxYjNSaFlteGxJam9pUm1WM1QzSmtaWEpoWW14bFFXNWtSbVYzVVhWdmRHRmliR1VpTENKR1pYZFJkVzkwWVdKc1pVOXViSGxYYVhSb1NXNTJZV3hwWkNJNklrWmxkMUYxYjNSaFlteGxUMjVzZVZkcGRHaEpiblpoYkdsa0lpd2lSbVYzVDNKa1pYSmhZbXhsVDI1c2VWZHBkR2hKYm5aaGJHbGtJam9pUm1WM1QzSmtaWEpoWW14bFQyNXNlVmRwZEdoSmJuWmhiR2xrSWl3aVJtVjNUM0prWlhKaFlteGxRVzVrUm1WM1VYVnZkR0ZpYkdWWGFYUm9TVzUyWVd4cFpDSTZJa1psZDA5eVpHVnlZV0pzWlVGdVpFWmxkMUYxYjNSaFlteGxWMmwwYUVsdWRtRnNhV1FpTENKR1pYZFBjbVJsY21GaWJHVkJibVJCYkd4UmRXOTBZV0pzWlNJNklrWmxkMDl5WkdWeVlXSnNaVUZ1WkVGc2JGRjFiM1JoWW14bElpd2lRV3hzVDNKa1pYSmhZbXhsUVc1a1JtVjNVWFZ2ZEdGaWJHVWlPaUpCYkd4UGNtUmxjbUZpYkdWQmJtUkdaWGRSZFc5MFlXSnNaU0o5TENKb1pHNUdhV1ZzWkZObGJHVmpkR1ZrVDNKa1pYSkpkR1Z0UTJobFkydHZkWFJUZEdGMFpYTkRiR2xsYm5SSlpDSTZJa052Ym5SbGJuUlFiR0ZqWlVodmJHUmxja1JsWm1GMWJIUmZRMkZ5ZEU5MlpYSjJhV1YzWHpOZmFHUnVSbWxsYkdSVFpXeGxZM1JsWkU5eVpHVnlTWFJsYlVOb1pXTnJiM1YwVTNSaGRHVnpJaXdpYUdSdVJtbGxiR1JUWld4bFkzUmxaRWwwWlcxSlpITkRiR2xsYm5SSlpDSTZJa052Ym5SbGJuUlFiR0ZqWlVodmJHUmxja1JsWm1GMWJIUmZRMkZ5ZEU5MlpYSjJhV1YzWHpOZmFHUnVSbWxsYkdSVFpXeGxZM1JsWkVsMFpXMUpaSE1pTENKUGNtUmxjbE5sYkdWamRHVmtVSEp2WkhWamRITWlPakVzSWtOdmJtWnBjbTFoZEdsdmJsUnBkR3hsVW1WemIzVnlZMlVpT2lKRGIyNW1hWEp0WVhScGIyNGlMQ0pRY205alpXVmtRblYwZEc5dVZHVjRkQ0k2SWxCeWIyTmxaV1FpTENKUWNtOWpaV1ZrUW5WMGRHOXVRMkZzYkdKaFkyc2lPaUpXWVd4cFpHRjBaVWwwWlcxelZHOURhR1ZqYTA5MWRFOXlVWFZ2ZEdVaUxDSkpiblpoYkdsa1NYUmxiWE5UWld4bFkzUmxaRVp2Y2tOb1pXTnJiM1YwVW1WemIzVnlZMlVpT2lKVWFHVnlaU0JoY21VZ2MyOXRaU0JwYm5aaGJHbGtJR2wwWlcxeklHTm9iM05sYmlCbWIzSWdZMmhsWTJ0dmRYUWlMQ0pPYjA5eVpHVnlZV0pzWlVsMFpXMXpVMlZzWldOMFpXUkdiM0pEYUdWamEyOTFkRkpsYzI5MWNtTmxJam9pVG04Z2RtRnNhV1FnYjNKa1pYSmhZbXhsSUdsMFpXMXpJR0Z5WlNCamFHOXpaVzRnWm05eUlHOXlaR1Z5SUhCeWIyTmxjM01pTENKT2IxRjFiM1JoWW14bFNYUmxiWE5UWld4bFkzUmxaRVp2Y2tOb1pXTnJiM1YwVW1WemIzVnlZMlVpT2lKT2J5QjJZV3hwWkNCeGRXOTBZV0pzWlNCcGRHVnRjeUJoY21VZ1kyaHZjMlZ1SUdadmNpQnhkVzkwWlNCd2NtOWpaWE56SWl3aVQzSmtaWEpoWW14bFFXNWtUbTl1VDNKa1pYSmhZbXhsU1hSbGJYTlRaV3hsWTNSbFpFWnZja05vWldOcmIzVjBVbVZ6YjNWeVkyVWlPaUpaYjNVZ1kyRnVJR1ZwZEdobGNpQW5jSEp2WTJWbFpDY2dkMmwwYUNCdmNtUmxjaUJ3Y205alpYTnpJRzltSUhSb1pTQnZjbVJsY21GaWJHVWdhWFJsYlhNZ2IzSWdaV1JwZENCMGFHVWdibTl1TFc5eVpHVnlZV0pzWlNCcGRHVnRjeUlzSWxGMWIzUmhZbXhsUVc1a1RtOXVVWFZ2ZEdGaWJHVkpkR1Z0YzFObGJHVmpkR1ZrUm05eVEyaGxZMnR2ZFhSU1pYTnZkWEpqWlNJNklsbHZkU0JqWVc0Z1pXbDBhR1Z5SUNkd2NtOWpaV1ZrSnlCM2FYUm9JSEYxYjNSbElIQnliMk5sYzNNZ2IyWWdkR2hsSUhGMWIzUmhZbXhsSUdsMFpXMXpJRzl5SUdWa2FYUWdkR2hsSUc1dmJpMXhkVzkwWVdKc1pTQnBkR1Z0Y3lJc0lsRjFiM1JsVTJWc1pXTjBaV1JRY205a2RXTjBjeUk2TWl3aVRtOUpkR1Z0YzFObGJHVmpkR1ZrSWpvaVRtOGdTWFJsYlhNZ1UyVnNaV04wWldRdUlGQnNaV0Z6WlNCamFHOXZjMlVnYjI1bElDaHZjaWtnYlc5eVpTQnBkR1Z0Y3lCMGJ5QndaWEptYjNKdElIUm9aU0JoWTNScGIyNHVJaXdpUTJGeWRFRmpkR2x2YmtSbGJHVjBaVk5sYkdWamRHVmtVSEp2WkhWamRITWlPalVzSWxkcGMyaE1hWE4wUVdOMGFXOXVjMFJsYkdWMFpWTmxiR1ZqZEdWa1VISnZaSFZqZEhNaU9qSXNJa1JsYkdWMFpVTnZibVpwY20xaGRHbHZiazFsYzNOaFoyVlNaWE52ZFhKalpTSTZJanh3UGtSdklIbHZkU0J5WldGc2JIa2dkMkZ1ZENCMGJ5QmtaV3hsZEdVZ2RHaHBjeUJwZEdWdEtITXBQend2Y0Q0aUxDSkVaV3hsZEdWRGIyNW1hWEp0WVhScGIyNU9iMEoxZEhSdmJsSmxjMjkxY21ObElqb2lUbThpTENKRVpXeGxkR1ZEYjI1bWFYSnRZWFJwYjI1WlpYTkNkWFIwYjI1U1pYTnZkWEpqWlNJNklsbGxjeUlzSWtSbGJHVjBaVU52Ym1acGNtMWhkR2x2YmtobFlXUmxjbFJsZUhSU1pYTnZkWEpqWlNJNklrUmxiR1YwWlNJc0lrTmhjblJCWTNScGIyNGlPakVzSWtOb1pXTnJiM1YwUW5WMGRHOXVVMk55YVhCMElqcHVkV3hzTENKRGFHVmphMjkxZEZObGNYVmxibU5wYm1kQmJtUlFjbWx0WlhKUWIzQjFjRTFsYzNOaFoyVklaV0ZrWlhJaU9pSWlMQ0pEYUdWamEyOTFkRk5sY1hWbGJtTnBibWRCYm1SUWNtbHRaWEpRYjNCMWNFMWxjM05oWjJWSVpXRmtaWEpKYm1admNtMWhkR2x2YmlJNklrbDBJR2x6SUc1dmRDQndiM056YVdKc1pTQjBieUJqYUdWamEyOTFkQ0F2SUhGMWIzUmxJSE5sY1hWbGJtTnBibWNnY21WaFkzUnBiMjV6SUhkcGRHaHZkWFFnY0hKcGJXVnljeUIzYUdsamFDQmhjbVVnWVhOemIyTnBZWFJsWkNCMGJ5QnpaV3hsWTNSbFpDQnpaWEYxWlc1amFXNW5JR2wwWlcxeklHbHVJSFJvYVhNZ2IzSmtaWEk2SUR3dlluSStQQzlpY2o0aUxDSkRhR1ZqYTI5MWRGTmxjWFZsYm1OcGJtZEJibVJRY21sdFpYSlFiM0IxY0UxbGMzTmhaMlZHYjI5MFpYSkpibVp2Y20xaGRHbHZiaUk2SWlJc0lrTm9aV05yYjNWMFUyVnhkV1Z1WTJsdVowRnVaRkJ5YVcxbGNsQnZjSFZ3VFdWemMyRm5aVU5zYjNObFFuVjBkRzl1VkdWNGRDSTZJaUlzSWtOb1pXTnJiM1YwVTJWeGRXVnVZMmx1WjBGdVpGQnlhVzFsY2xCdmNIVndSbTl5YldGMFRXVnpjMkZuWlNJNklpSXNJa05vWldOcmIzVjBVSEpwYldWeVFXeHZibVZRYjNCMWNFMWxjM05oWjJWRGJHOXpaVUoxZEhSdmJsUmxlSFFpT2lJaUxDSkRhR1ZqYTI5MWRGQnlhVzFsY2tGc2IyNWxVRzl3ZFhCTlpYTnpZV2RsSWpvaVVISnBiV1Z5SUdGc2IyNWxJR05oYm01dmRDQmlaU0JqYUdWamEyVmtJRzkxZEM0Z1VHeGxZWE5sSUhObGJHVmpkQ0JoZEd4bFlYTjBJRzl1WlNCaGMzTnZZMmxoZEdWa0lITmxjWFZsYm1OcGJtY2dTWFJsYlM0aUxDSkRhR1ZqYTI5MWRGQnlhVzFsY2tGc2IyNWxVRzl3ZFhCTlpYTnpZV2RsU0dWaFpHVnlJam9pVUd4bFlYTmxJRTV2ZEdVaUxDSkNZWEpEYjJSbFZtRnNhV1JoZEdsdmJsQnZjSFZ3UTJ4dmMyVkNkWFIwYjI1VVpYaDBJam9pVDJzaUxDSkNZWEpEYjJSbFZtRnNhV1JoZEdsdmJsQnZjSFZ3VFdWemMyRm5aU0k2SWtKaGNtTnZaR1VnWm05eUlGTmxiR1ZqZEdWa0lFbDBaVzBnYVhNZ2FXNTJZV3hwWkNJc0lrSmhja052WkdWV1lXeHBaR0YwYVc5dVVHOXdkWEJOWlhOellXZGxTR1ZoWkdWeUlqb2lVR3hsWVhObElFNXZkR1VpTENKVFlXMWxSR0Y1UkdWc2FYWmxjbmxXWVd4cFpHRjBhVzl1VUc5d2RYQkhiMEpoWTJ0Q2RYUjBiMjVVWlhoMElqb2lWMkZwZENCMWJuUnBiQ0JoYkd3Z1QzSmtaWEp6SUdGeVpTQm1hVzVwYzJobFpDQjBieUJUYUdsd0lHOXVZMlVpTENKVFlXMWxSR0Y1UkdWc2FYWmxjbmxXWVd4cFpHRjBhVzl1VUc5d2RYQkRhR1ZqYTI5MWRFSjFkSFJ2YmxSbGVIUWlPaUpEYUdWamEyOTFkQ0JUWVcxbElFUmhlU0JQYkdsbmIzTWdUMjVzZVNJc0lsTmhiV1ZFWVhsRVpXeHBkbVZ5ZVZaaGJHbGtZWFJwYjI1UWIzQjFjRTFsYzNOaFoyVklaV0ZrWlhJaU9pSlFiR1ZoYzJVZ2MyVnNaV04wSWl3aVUyRnRaVVJoZVVSbGJHbDJaWEo1Vm1Gc2FXUmhkR2x2YmxCdmNIVndUV1Z6YzJGblpVUmxjMk55YVhCMGFXOXVJam9pV1c5MWNpQmpZWEowSUdOdmJuUmhhVzV6SUhOaGJXVWdaR0Y1SUc5c2FXZHZjeXdnZDJocFkyZ2dibVZsWkNCMGJ5QmlaU0JqYUdWamEyVmtJRzkxZENCelpYQmxjbUYwWld4NUlHbHVJRzl5WkdWeUlIUnZJR1Z1YzNWeVpTQjBhR1VnWm1GemRHVnpkQ0JrWld4cGRtVnllUzRnVkdobElHOTBhR1Z5SUdsMFpXMXpJSGRwYkd3Z1ltVWdkMkZwZEdsdVp5QnBiaUI1YjNWeUlHTmhjblFnZDJobGJpQjViM1VnY21WMGRYSnVJR3hoZEdWeUxpQThjM0JoYmlCamJHRnpjejFjSW5SdmIyeDBhWEJmWkdsaGJHOW5YQ0lnZEdsMGJHVTlYQ0pGZUhCc1lXbHVJR0oxZEhSdmJpQmtaWE5qY21sd2RHbHZiaUJvWlhKbElHOXViSGxjSWlBK1BDOXpjR0Z1UGlJc0lsSmxkWE5sWkVsMFpXMXpWbUZzYVdSaGRHbHZibEJ2Y0hWd1EyeHZjMlZDZFhSMGIyNVVaWGgwSWpvaVQyc2lMQ0pTWlhWelpXUkpkR1Z0YzFaaGJHbGtZWFJwYjI1UWIzQjFjRTFsYzNOaFoyVWlPaUpQYjNCeklDRWdVMjl0WlNCdmNpQmhiR3dnYjJZZ2MyVnNaV04wWldRZ2NtVjFjMlZrSUdsMFpXMG5jeUJ2Y21sbmFXNWhiQ0JqYjI1MFlXbHVaWEp6SUdGeVpTQmxlSEJwY21Wa0xpQlpiM1Z5SUdOaGNuUWdkMmxzYkNCaVpTQjFjR1JoZEdWa0lHRjFkRzl0WVhScFkyRnNiSGtnWVc1a0lHTmhjblFnZDJsc2JDQmlaU0J5Wld4dllXUmxaQzRnUlhod2FYSmxaQ0JwZEdWdElFNWhiV1Z6SUdGeVpTQXRQaUlzSWxKbGRYTmxaRWwwWlcxelZtRnNhV1JoZEdsdmJsQnZjSFZ3VFdWemMyRm5aVWhsWVdSbGNpSTZJbEJzWldGelpTQk9iM1JsSWl3aVJYaHdhWEpsWkZCeWFXMWxjbEJ2Y0hWd1EyeHZjMlZDZFhSMGIyNVVaWGgwSWpvaVQyc2lMQ0pGZUhCcGNtVmtVSEpwYldWeVVHOXdkWEJOWlhOellXZGxWR1Y0ZENJNklsQnlhVzFsY2lCcGN5QmxlSEJwY21Wa0lHWnZjaUIwYUdVZ2IyNWxJRzltSUhSb1pTQnpaV3hsZEdWa0lITmxjWFZsYm1OcGJtY2dhWFJsYlM0Z2NHeGxZWE5sSUhObGJHVmpkQ0JoYm05MGFHVnlJSEJ5YVcxbGNpQnZjaUJ2Y21SbGNpQnVaWGNnY0hKcGJXVnlMaUlzSWtWNGNHbHlaV1JRY21sdFpYSlFiM0IxY0UxbGMzTmhaMlZJWldGa1pYSlVaWGgwSWpvaVVHeGxjMlVnVG05MFpTSXNJa05oY25SUVlXZGxWVkpNSWpvaUwyVnVMMk5oY25RdVlYTndlQ0lzSWsxcGJtbHRkVzFRYkdGMFpWTmhiWEJzWlhOUVpYSkRhR1ZqYTI5MWRDSTZORGdzSWxCc1lYUmxVMkZ0Y0d4bFEyOTFiblFpT201MWJHd3NJa2x6VTJsdVoyeGxVR3hoZEdWWGFYUm9WbUZzYVdSVFlXMXdiR1ZEYjNWdWRDSTZabUZzYzJVc0lrMXBibEJzWVhSbFUyRnRjR3hsYzFCdmNIVndSbTl5YldGMFRXVnpjMkZuWlNJNklpSXNJazFwYmxCc1lYUmxVMkZ0Y0d4bGMxQnZjSFZ3Um05eWJXRjBUV1Z6YzJGblpVTnNiM05sUW5WMGRHOXVWR1Y0ZENJNklpSXNJazFwYmxCc1lYUmxVMkZ0Y0d4bGMxQnZjSFZ3Um05eWJXRjBUV1Z6YzJGblpVaGxZV1JsY2lJNklpSXNJazFoZUdsdGRXMU9kVzFpWlhKUFpsQnNZWFJsYzFCbGNrTm9aV05yYjNWMElqb3pMQ0pRYkdGMFpYTkRiM1Z1ZEVadmNrTjFjbkpsYm5SUGNtUmxjaUk2Ym5Wc2JDd2lUV0Y0YVcxMWJWQnNZWFJsYzFCbGNrTm9aV05yYjNWMFVHOXdkWEJHYjNKdFlYUk5aWE56WVdkbElqb2lUV0Y0YVcxMWJTQXpJSEJzWVhSbGN5QmhjbVVnWld4cFoybGliR1VnZEc4Z1kyaGxZMnR2ZFhRZ2NHVnlJRzl5WkdWeUlHWnZjaUJ3YkdGMFpTQnpaWEYxWlc1amFXNW5JR2wwWlcxekxpQlFiR1ZoYzJVZ2JXOWthV1o1SUhsdmRYSWdjMlZzWldOMGFXOXVJR0ZqWTI5eVpHbHVaMng1TGlJc0lrMWhlR2x0ZFcxUWJHRjBaWE5RWlhKRGFHVmphMjkxZEZCdmNIVndSbTl5YldGMFRXVnpjMkZuWlVOc2IzTmxRblYwZEc5dVZHVjRkQ0k2SWs5cklpd2lUV0Y0YVcxMWJWQnNZWFJsYzFCbGNrTm9aV05yYjNWMFJtOXliV0YwVFdWemMyRm5aVWhsWVdSbGNpSTZJbEJzWldGelpTQk9iM1JsSWl3aVVHOXpkRUpoWTJ0RmJHVnRaVzUwVlc1cGNYVmxTV1FpT2lKamRHd3dNQ1JqZEd3d01DUmpkR3d3TUNSRGIyNTBaVzUwVUd4aFkyVkliMnhrWlhKRVpXWmhkV3gwSkVOaGNuUlBkbVZ5ZG1sbGQxOHpKR3h1YTBOb1pXTnJiM1YwSWl3aVJYWmxiblJCY21kMWJXVnVkQ0k2SWlKOUxDQjBhR2x6S1R0a0FoSVBaQllHQWdNUFpCWUNaZzhQRmdJZUMyeGliRWhsWVdSTWFXNWxCUXBOZVNCUWNtOW1hV3hsWkJZSUFnSVBGUUZxUTI5dWRHVnVkRkJzWVdObFNHOXNaR1Z5UkdWbVlYVnNkRjlOWVhOMFpYSlFiR0ZqWldodmJHUmxjbDlJYjIxbFRHOW5aMlZrU1c1Zk5sOXdibXhFY21GbllXSnNaVmRwYm1SdmQwTnZiblJsYm5SZlNXNXNhVzVsVFdWemMyRm5aVU52Ym5SaGFXNWxjbVFDQXc4UEZnSWZCR2RrRmdRQ0FROFdBaDhEQlFWSVpXeHNiMlFDQXc4V0FoOERCUlZ3Ym5SbGMzUm1NREF4SUhCdWRHVnpkR3d3TURGa0FnVVBaQllJQWdFUEZnSWZBMlZrQWdNUER4WUNId05sWkdRQ0JROFBGZ0lmQXdVUktHSmxZMjl0WlNCNWIzVnljMlZzWmlsa1pBSUhEeFlDSHdObFpBSUpEMlFXQ0FJQkQyUVdBZ0lCRHc4V0JoOEhCUTFsWmtOdmJHOXlUM0poYm1kbEh3TUZDRTE1VDNKa1pYSnpId2dDQW1Sa0FnTVBEeFlDSHdNRkRFMTVJRVJoYzJoaWIyRnlaR1JrQWdVUER4WUVId1VGRkg0dllXUnRhVzR2ZDJWc1kyOXRaUzVoYzNCNEh3TUZEa0ZrYldsdWFYTjBjbUYwYVc5dVpHUUNCdzhQRmdJZkF3VUdURzluYjNWMFpHUUNCUTlrRmdKbUR3OFdCQjhOQlFWTWIyZHBiaDhFYUdRV0JBSUZEdzhXQWg4RkJTTXZaVzR2WTJobFkydHZkWFF2YzNSbGNERXVZWE53ZUQ5dWIyUmxTV1E5TVRFeU4yUmtBZ2NQWkJZR0FnRVBEeFlHSHdNRkJrVnRZV2xzT2g4SEJSY2djbVZ4ZFdseVpXUkdhV1ZzWkVOb1lYSmhZM1JsY2g4SUFnSmtaQUlKRHc4V0JoOERCUU43TUgwZkJ3VVhJSEpsY1hWcGNtVmtSbWxsYkdSRGFHRnlZV04wWlhJZkNBSUNaR1FDRXc4UEZnSWZCUVVYTDJWdUwyWnZjbWR2ZEhCaGMzTjNiM0prTG1GemNIaGtaQUlIRDJRV0FtWVBEeFlDSHcwRkNrNWxaV1FnU0dWc2NEOWtGZ1FDQWc4VkFXMURiMjUwWlc1MFVHeGhZMlZJYjJ4a1pYSkVaV1poZFd4MFgwMWhjM1JsY2xCc1lXTmxhRzlzWkdWeVgwTjFjM1J2YldWeVUzVndjRzl5ZEY4NFgzQnViRVJ5WVdkaFlteGxWMmx1Wkc5M1EyOXVkR1Z1ZEY5SmJteHBibVZOWlhOellXZGxRMjl1ZEdGcGJtVnlaQUlERDJRV0NBSUJEeFlDSHdNRkVFTjFjM1J2YldWeUlGTjFjSEJ2Y25Sa0FnTVBEeFlDSHdNRkVDczBPU0E0TURreUlEZ3lPRGtnTnpka1pBSUZEdzhXQWg4REJXZzhZU0JvY21WbVBTSXZaVzR2WlhWeWIyWnBibk10YlhkbkxXOXdaWEp2Ymk5elpYSjJhV05sTFdObGJuUmxjaTlqYjI1MFlXTjBMWFZ6TDJkc2IySmhiQzFrYVhKbFkzUnZjbmt1WVhOd2VDSStSbkpsWlNCd2FHOXVaU0J1ZFcxaVpYSnpQQzloUG1Sa0FnY1BEeFlFSHdNRlJEeGhJR2h5WldZOUltMWhhV3gwYnpwemRYQndiM0owTFdWMVFHVjFjbTltYVc1ekxtTnZiU0krYzNWd2NHOXlkQzFsZFVCbGRYSnZabWx1Y3k1amIyMDhMMkUrSHdVRlMyMWhhV3gwYnpvOFlTQm9jbVZtUFNKdFlXbHNkRzg2YzNWd2NHOXlkQzFsZFVCbGRYSnZabWx1Y3k1amIyMGlQbk4xY0hCdmNuUXRaWFZBWlhWeWIyWnBibk11WTI5dFBDOWhQbVJrQWhVUFpCWUNaZzlrRmdKbUR4VUJwZ1oyWVhJZ2MyaHZkMUJ5YjJkeVpYTnpRbUZ5UVdaMFpYSTlNakF3T3cwS2RtRnlJRzFsYzNOaFoyVlFjbTluY21WemMwSmhjajBuVUd4bFlYTmxJSGRoYVhRdUxpNG5PdzBLZG1GeUlIQnliMmR5WlhOelFtRnlWR2wwYkdVOUoxQnNaV0Z6WlNCM1lXbDBMaTR1SnpzTkNuWmhjaUJ3Y205bmNtVnpjMEpoY2tOaGJtTmxiRUoxZEhSdmJsUmxlSFE5SjBOaGJtTmxiQ2M3RFFwMllYSWdZV3hsY25STlpYTnpZV2RsUW5WMGRHOXVWR1Y0ZEQwblQyc25PdzBLZG1GeUlHRnNaWEowVFdWemMyRm5aVlJwZEd4bFBTZEJiR1Z5ZENCTlpYTnpZV2RsSnpzTkNuWmhjaUJ2Y0dWeWIyNVRhWFJsVlhKc1BTY25PdzBLZG1GeUlHTjFjbkpsYm5SVGFYUmxRMjlrWlQwblJVSkZKenNOQ25aaGNpQnpkV0pFYjIxaGFXNDlKMUZCSnpzTkNuWmhjaUJ3YjNKMFRuVnRZbVZ5UFNjNE1TYzdEUXAyWVhJZ2NISmxURzloWkVsdFlXZGxUR2x6ZEQxYkp5OWpjM012WlhoMEwycHhkV1Z5ZVhSb1pXMWxjeTlwYldGblpYTXZkV2t0WW1kZloyeGhjM05mTlRWZk1XTXhZekZqWHpGNE5EQXdMbkJ1WnlkZE93MEtkbUZ5SUhCeWFXTnBibWRFWlhSaGFXeHpRMnh2YzJWQ2RYUjBiMjVVWlhoMFBTZERiRzl6WlNjN0RRcDJZWElnUVdSa1FuVjBkRzl1VW1WemIzVnlZMlZVWlhoMElEMGdKMEZrWkNjN0RRcDJZWElnUTJGdVkyVnNRblYwZEc5dVVtVnpiM1Z5WTJWVVpYaDBJRDBnSjBOaGJtTmxiQ2M3RFFwMllYSWdRMnh2YzJWQ2RYUjBiMjVTWlhOdmRYSmpaVlJsZUhRZ1BTQW5RMnh2YzJVbk93MEtkbUZ5SUZOaGRtVkNkWFIwYjI1U1pYTnZkWEpqWlZSbGVIUWdQU0FuVTJGMlpTYzdEUXAyWVhJZ1RtOUNkWFIwYjI1U1pYTnZkWEpqWlZSbGVIUWdQU0FuVG04bk93MEtkbUZ5SUZsbGMwSjFkSFJ2YmxKbGMyOTFjbU5sVkdWNGRDQTlJQ2RaWlhNbk93MEtkbUZ5SUZSb2FXTnJRbTk0UTJ4dmMyVlVaWGgwVW1WemIzVnlZMlVnUFNBbmIzSWdSWE5qSUV0bGVTYzdEUXAyWVhJZ1ZHaHBZMnRDYjNoRGJHOXpaVXhwYm10U1pYTnZkWEpqWlNBOUlDZGpiRzl6WlNjN0RRcDJZWElnWkdWd2JHOTViV1Z1ZEVWdWRtbHliMjV0Wlc1MElEMGdKMUZCSnpzTkNtUms1Qm1RV2FpY05KeUZxTWJSU3ZtcE4zU2tHUG1WYy9vdEM2N0VUOG91NDVrPSIgQ29ycmVsYXRpb25CaW5kaW5nPSIiIFVybEVuY29kZT0iVHJ1ZSIgLz4NCiAgICAgICAgPEZvcm1Qb3N0UGFyYW1ldGVyIE5hbWU9ImN0bDAwJGN0bDAwJGN0bDAwJENvbnRlbnRQbGFjZUhvbGRlckRlZmF1bHQkVG9wTG9nZ2VkSW5fMSRoZG5TY3JlZW5BcmVhIiBWYWx1ZT0ie3skSElEREVOMS5jdGwwMCRjdGwwMCRjdGwwMCRDb250ZW50UGxhY2VIb2xkZXJEZWZhdWx0JFRvcExvZ2dlZEluXzEkaGRuU2NyZWVuQXJlYX19IiBSZWNvcmRlZFZhbHVlPSIiIENvcnJlbGF0aW9uQmluZGluZz0iIiBVcmxFbmNvZGU9IlRydWUiIC8+DQogICAgICAgIDxGb3JtUG9zdFBhcmFtZXRlciBOYW1lPSJjdGwwMCRjdGwwMCRjdGwwMCRDb250ZW50UGxhY2VIb2xkZXJEZWZhdWx0JENhcnRPdmVydmlld18zJGhkbkZpZWxkU2VsZWN0ZWRPcmRlckl0ZW1DaGVja291dFN0YXRlcyIgVmFsdWU9Int7JEhJRERFTjEuY3RsMDAkY3RsMDAkY3RsMDAkQ29udGVudFBsYWNlSG9sZGVyRGVmYXVsdCRDYXJ0T3ZlcnZpZXdfMyRoZG5GaWVsZFNlbGVjdGVkT3JkZXJJdGVtQ2hlY2tvdXRTdGF0ZXN9fSIgUmVjb3JkZWRWYWx1ZT0iIiBDb3JyZWxhdGlvbkJpbmRpbmc9IiIgVXJsRW5jb2RlPSJUcnVlIiAvPg0KICAgICAgICA8Rm9ybVBvc3RQYXJhbWV0ZXIgTmFtZT0iY3RsMDAkY3RsMDAkY3RsMDAkQ29udGVudFBsYWNlSG9sZGVyRGVmYXVsdCRDYXJ0T3ZlcnZpZXdfMyRoZG5GaWVsZENvbXBsZXRlQ2FydENoZWNrb3V0U3RhdGVFbnVtcyIgVmFsdWU9Int7JEhJRERFTjEuY3RsMDAkY3RsMDAkY3RsMDAkQ29udGVudFBsYWNlSG9sZGVyRGVmYXVsdCRDYXJ0T3ZlcnZpZXdfMyRoZG5GaWVsZENvbXBsZXRlQ2FydENoZWNrb3V0U3RhdGVFbnVtc319IiBSZWNvcmRlZFZhbHVlPSIiIENvcnJlbGF0aW9uQmluZGluZz0iIiBVcmxFbmNvZGU9IlRydWUiIC8+DQogICAgICAgIDxGb3JtUG9zdFBhcmFtZXRlciBOYW1lPSJjdGwwMCRjdGwwMCRjdGwwMCRDb250ZW50UGxhY2VIb2xkZXJEZWZhdWx0JENhcnRPdmVydmlld18zJGhkbkZpZWxkU2VsZWN0ZWRJdGVtSWRzIiBWYWx1ZT0ie3skSElEREVOMS5jdGwwMCRjdGwwMCRjdGwwMCRDb250ZW50UGxhY2VIb2xkZXJEZWZhdWx0JENhcnRPdmVydmlld18zJGhkbkZpZWxkU2VsZWN0ZWRJdGVtSWRzfX0iIFJlY29yZGVkVmFsdWU9IiIgQ29ycmVsYXRpb25CaW5kaW5nPSIiIFVybEVuY29kZT0iVHJ1ZSIgLz4NCiAgICAgICAgPEZvcm1Qb3N0UGFyYW1ldGVyIE5hbWU9ImN0bDAwJGN0bDAwJGN0bDAwJENvbnRlbnRQbGFjZUhvbGRlckRlZmF1bHQkQ2FydE92ZXJ2aWV3XzMkaGRuU2NyZWVuQXJlYSIgVmFsdWU9Int7JEhJRERFTjEuY3RsMDAkY3RsMDAkY3RsMDAkQ29udGVudFBsYWNlSG9sZGVyRGVmYXVsdCRDYXJ0T3ZlcnZpZXdfMyRoZG5TY3JlZW5BcmVhfX0iIFJlY29yZGVkVmFsdWU9IiIgQ29ycmVsYXRpb25CaW5kaW5nPSIiIFVybEVuY29kZT0iVHJ1ZSIgLz4NCiAgICAgICAgPEZvcm1Qb3N0UGFyYW1ldGVyIE5hbWU9ImN0bDAwJGN0bDAwJGN0bDAwJENvbnRlbnRQbGFjZUhvbGRlckRlZmF1bHQkTWFzdGVyUGxhY2Vob2xkZXIkSG9tZUxvZ2dlZEluXzYkaGRuU2NyZWVuQXJlYSIgVmFsdWU9Int7JEhJRERFTjEuY3RsMDAkY3RsMDAkY3RsMDAkQ29udGVudFBsYWNlSG9sZGVyRGVmYXVsdCRNYXN0ZXJQbGFjZWhvbGRlciRIb21lTG9nZ2VkSW5fNiRoZG5TY3JlZW5BcmVhfX0iIFJlY29yZGVkVmFsdWU9IiIgQ29ycmVsYXRpb25CaW5kaW5nPSIiIFVybEVuY29kZT0iVHJ1ZSIgLz4NCiAgICAgICAgPEZvcm1Qb3N0UGFyYW1ldGVyIE5hbWU9ImN0bDAwJGN0bDAwJGN0bDAwJENvbnRlbnRQbGFjZUhvbGRlckRlZmF1bHQkTWFzdGVyUGxhY2Vob2xkZXIkQ3VzdG9tZXJTdXBwb3J0XzgkaGRuU2NyZWVuQXJlYSIgVmFsdWU9Int7JEhJRERFTjEuY3RsMDAkY3RsMDAkY3RsMDAkQ29udGVudFBsYWNlSG9sZGVyRGVmYXVsdCRNYXN0ZXJQbGFjZWhvbGRlciRDdXN0b21lclN1cHBvcnRfOCRoZG5TY3JlZW5BcmVhfX0iIFJlY29yZGVkVmFsdWU9IiIgQ29ycmVsYXRpb25CaW5kaW5nPSIiIFVybEVuY29kZT0iVHJ1ZSIgLz4NCiAgICAgICAgPEZvcm1Qb3N0UGFyYW1ldGVyIE5hbWU9ImN0bDAwJGN0bDAwJGN0bDAwJENvbnRlbnRQbGFjZUhvbGRlckRlZmF1bHQkaGRuQ2FuSW5pdGlhbGl6ZUN1bHR1cmUiIFZhbHVlPSJ7eyRISURERU4xLmN0bDAwJGN0bDAwJGN0bDAwJENvbnRlbnRQbGFjZUhvbGRlckRlZmF1bHQkaGRuQ2FuSW5pdGlhbGl6ZUN1bHR1cmV9fSIgUmVjb3JkZWRWYWx1ZT0iZmFsc2UiIENvcnJlbGF0aW9uQmluZGluZz0iIiBVcmxFbmNvZGU9IlRydWUiIC8+DQogICAgICAgIDxGb3JtUG9zdFBhcmFtZXRlciBOYW1lPSJjdGwwMCRjdGwwMCRjdGwwMCRDb250ZW50UGxhY2VIb2xkZXJEZWZhdWx0JGhkbkVjb21EcmFnRHJvcEpzb24iIFZhbHVlPSJ7eyRISURERU4xLmN0bDAwJGN0bDAwJGN0bDAwJENvbnRlbnRQbGFjZUhvbGRlckRlZmF1bHQkaGRuRWNvbURyYWdEcm9wSnNvbn19IiBSZWNvcmRlZFZhbHVlPSIiIENvcnJlbGF0aW9uQmluZGluZz0iIiBVcmxFbmNvZGU9IlRydWUiIC8+DQogICAgICAgIDxGb3JtUG9zdFBhcmFtZXRlciBOYW1lPSJjdGwwMCRjdGwwMCRjdGwwMCRDb250ZW50UGxhY2VIb2xkZXJEZWZhdWx0JGhkbkN1cnJlbnRQYWdlSWRlbnRpdHkiIFZhbHVlPSJ7eyRISURERU4xLmN0bDAwJGN0bDAwJGN0bDAwJENvbnRlbnRQbGFjZUhvbGRlckRlZmF1bHQkaGRuQ3VycmVudFBhZ2VJZGVudGl0eX19IiBSZWNvcmRlZFZhbHVlPSIxMTI3IiBDb3JyZWxhdGlvbkJpbmRpbmc9IiIgVXJsRW5jb2RlPSJUcnVlIiAvPg0KICAgICAgICA8Rm9ybVBvc3RQYXJhbWV0ZXIgTmFtZT0iY3RsMDAkY3RsMDAkY3RsMDAkQ29udGVudFBsYWNlSG9sZGVyRGVmYXVsdCRoZG5TY3JvbGxZUG9zaXRpb24iIFZhbHVlPSJ7eyRISURERU4xLmN0bDAwJGN0bDAwJGN0bDAwJENvbnRlbnRQbGFjZUhvbGRlckRlZmF1bHQkaGRuU2Nyb2xsWVBvc2l0aW9ufX0iIFJlY29yZGVkVmFsdWU9IjAiIENvcnJlbGF0aW9uQmluZGluZz0iIiBVcmxFbmNvZGU9IlRydWUiIC8+DQogICAgICAgIDxGb3JtUG9zdFBhcmFtZXRlciBOYW1lPSJfX1ZJRVdTVEFURUdFTkVSQVRPUiIgVmFsdWU9Int7JEhJRERFTjEuX19WSUVXU1RBVEVHRU5FUkFUT1J9fSIgUmVjb3JkZWRWYWx1ZT0iQ0EwQjAzMzQiIENvcnJlbGF0aW9uQmluZGluZz0iIiBVcmxFbmNvZGU9IlRydWUiIC8+DQogICAgICA8L0Zvcm1Qb3N0SHR0cEJvZHk+DQogICAgPC9SZXF1ZXN0Pg0KICAgIDxDb21tZW50IENvbW1lbnRUZXh0PSJDbGlja19NeSBPcmRlcnMiIC8+DQogICAgPFJlcXVlc3QgTWV0aG9kPSJQT1NUIiBHdWlkPSJkNDcwOTQ5ZS04ODFlLTQzYjMtYjlkNi02N2QyYmE5ZWE1ZWQiIFZlcnNpb249IjEuMSIgVXJsPSJodHRwOi8vaW4wMWFwdjExOjgxL2VuL215YWRkcmVzc2VzLmFzcHgiIFRoaW5rVGltZT0iMCIgVGltZW91dD0iMzAwIiBQYXJzZURlcGVuZGVudFJlcXVlc3RzPSJUcnVlIiBGb2xsb3dSZWRpcmVjdHM9IlRydWUiIFJlY29yZFJlc3VsdD0iVHJ1ZSIgQ2FjaGU9IkZhbHNlIiBSZXNwb25zZVRpbWVHb2FsPSIwIiBFbmNvZGluZz0idXRmLTgiIEV4cGVjdGVkSHR0cFN0YXR1c0NvZGU9IjAiIEV4cGVjdGVkUmVzcG9uc2VVcmw9Imh0dHA6Ly9pbjAxYXB2MTE6ODEvZW4vbXlvcmRlcnMuYXNweCIgUmVwb3J0aW5nTmFtZT0iIiBJZ25vcmVIdHRwU3RhdHVzQ29kZT0iRmFsc2UiPg0KICAgICAgPEhlYWRlcnM+DQogICAgICAgIDxIZWFkZXIgTmFtZT0iUmVmZXJlciIgVmFsdWU9Imh0dHA6Ly9pbjAxYXB2MTE6ODEvZW4vbXlhZGRyZXNzZXMuYXNweCIgLz4NCiAgICAgIDwvSGVhZGVycz4NCiAgICAgIDxFeHRyYWN0aW9uUnVsZXM+DQogICAgICAgIDxFeHRyYWN0aW9uUnVsZSBDbGFzc25hbWU9Ik1pY3Jvc29mdC5WaXN1YWxTdHVkaW8uVGVzdFRvb2xzLldlYlRlc3RpbmcuUnVsZXMuRXh0cmFjdEhpZGRlbkZpZWxkcywgTWljcm9zb2Z0LlZpc3VhbFN0dWRpby5RdWFsaXR5VG9vbHMuV2ViVGVzdEZyYW1ld29yaywgVmVyc2lvbj0xMC4wLjAuMCwgQ3VsdHVyZT1uZXV0cmFsLCBQdWJsaWNLZXlUb2tlbj1iMDNmNWY3ZjExZDUwYTNhIiBWYXJpYWJsZU5hbWU9IjEiIERpc3BsYXlOYW1lPSJFeHRyYWN0IEhpZGRlbiBGaWVsZHMiIERlc2NyaXB0aW9uPSJFeHRyYWN0IGFsbCBoaWRkZW4gZmllbGRzIGZyb20gdGhlIHJlc3BvbnNlIGFuZCBwbGFjZSB0aGVtIGludG8gdGhlIHRlc3QgY29udGV4dC4iPg0KICAgICAgICAgIDxSdWxlUGFyYW1ldGVycz4NCiAgICAgICAgICAgIDxSdWxlUGFyYW1ldGVyIE5hbWU9IlJlcXVpcmVkIiBWYWx1ZT0iVHJ1ZSIgLz4NCiAgICAgICAgICAgIDxSdWxlUGFyYW1ldGVyIE5hbWU9Ikh0bWxEZWNvZGUiIFZhbHVlPSJUcnVlIiAvPg0KICAgICAgICAgIDwvUnVsZVBhcmFtZXRlcnM+DQogICAgICAgIDwvRXh0cmFjdGlvblJ1bGU+DQogICAgICA8L0V4dHJhY3Rpb25SdWxlcz4NCiAgICAgIDxDb3JyZWxhdGlvbkV4dHJhY3Rpb25SdWxlcz4NCiAgICAgICAgPEV4dHJhY3Rpb25SdWxlIENsYXNzbmFtZT0iTWljcm9zb2Z0LlZpc3VhbFN0dWRpby5UZXN0VG9vbHMuV2ViVGVzdGluZy5SdWxlcy5FeHRyYWN0Rm9ybUZpZWxkLCBNaWNyb3NvZnQuVmlzdWFsU3R1ZGlvLlF1YWxpdHlUb29scy5XZWJUZXN0RnJhbWV3b3JrLCBWZXJzaW9uPTEwLjAuMC4wLCBDdWx0dXJlPW5ldXRyYWwsIFB1YmxpY0tleVRva2VuPWIwM2Y1ZjdmMTFkNTBhM2EiIFZhcmlhYmxlTmFtZT0iRm9ybVBvc3RQYXJhbTIwLmN0bDAwJGN0bDAwJGN0bDAwJENvbnRlbnRQbGFjZUhvbGRlckRlZmF1bHQkTWFzdGVyUGxhY2Vob2xkZXIkTXlPcmRlcnNTZWFyY2hfNiR1Y015T3JkZXJTaW1wbGVTZWFyY2gkdHh0RGF0ZUZyb20iIERpc3BsYXlOYW1lPSIiIERlc2NyaXB0aW9uPSIiPg0KICAgICAgICAgIDxSdWxlUGFyYW1ldGVycz4NCiAgICAgICAgICAgIDxSdWxlUGFyYW1ldGVyIE5hbWU9Ik5hbWUiIFZhbHVlPSJDb250ZW50UGxhY2VIb2xkZXJEZWZhdWx0X01hc3RlclBsYWNlaG9sZGVyX015T3JkZXJzU2VhcmNoXzZfdWNNeU9yZGVyU2ltcGxlU2VhcmNoX3R4dERhdGVGcm9tIiAvPg0KICAgICAgICAgICAgPFJ1bGVQYXJhbWV0ZXIgTmFtZT0iSHRtbERlY29kZSIgVmFsdWU9IlRydWUiIC8+DQogICAgICAgICAgICA8UnVsZVBhcmFtZXRlciBOYW1lPSJSZXF1aXJlZCIgVmFsdWU9IkZhbHNlIiAvPg0KICAgICAgICAgICAgPFJ1bGVQYXJhbWV0ZXIgTmFtZT0iSW5kZXgiIFZhbHVlPSIwIiAvPg0KICAgICAgICAgIDwvUnVsZVBhcmFtZXRlcnM+DQogICAgICAgIDwvRXh0cmFjdGlvblJ1bGU+DQogICAgICAgIDxFeHRyYWN0aW9uUnVsZSBDbGFzc25hbWU9Ik1pY3Jvc29mdC5WaXN1YWxTdHVkaW8uVGVzdFRvb2xzLldlYlRlc3RpbmcuUnVsZXMuRXh0cmFjdEZvcm1GaWVsZCwgTWljcm9zb2Z0LlZpc3VhbFN0dWRpby5RdWFsaXR5VG9vbHMuV2ViVGVzdEZyYW1ld29yaywgVmVyc2lvbj0xMC4wLjAuMCwgQ3VsdHVyZT1uZXV0cmFsLCBQdWJsaWNLZXlUb2tlbj1iMDNmNWY3ZjExZDUwYTNhIiBWYXJpYWJsZU5hbWU9IkZvcm1Qb3N0UGFyYW0yMS5jdGwwMCRjdGwwMCRjdGwwMCRDb250ZW50UGxhY2VIb2xkZXJEZWZhdWx0JE1hc3RlclBsYWNlaG9sZGVyJE15T3JkZXJzU2VhcmNoXzYkdWNNeU9yZGVyU2ltcGxlU2VhcmNoJHR4dERhdGVUbyIgRGlzcGxheU5hbWU9IiIgRGVzY3JpcHRpb249IiI+DQogICAgICAgICAgPFJ1bGVQYXJhbWV0ZXJzPg0KICAgICAgICAgICAgPFJ1bGVQYXJhbWV0ZXIgTmFtZT0iTmFtZSIgVmFsdWU9IkNvbnRlbnRQbGFjZUhvbGRlckRlZmF1bHRfTWFzdGVyUGxhY2Vob2xkZXJfTXlPcmRlcnNTZWFyY2hfNl91Y015T3JkZXJTaW1wbGVTZWFyY2hfdHh0RGF0ZVRvIiAvPg0KICAgICAgICAgICAgPFJ1bGVQYXJhbWV0ZXIgTmFtZT0iSHRtbERlY29kZSIgVmFsdWU9IlRydWUiIC8+DQogICAgICAgICAgICA8UnVsZVBhcmFtZXRlciBOYW1lPSJSZXF1aXJlZCIgVmFsdWU9IkZhbHNlIiAvPg0KICAgICAgICAgICAgPFJ1bGVQYXJhbWV0ZXIgTmFtZT0iSW5kZXgiIFZhbHVlPSIwIiAvPg0KICAgICAgICAgIDwvUnVsZVBhcmFtZXRlcnM+DQogICAgICAgIDwvRXh0cmFjdGlvblJ1bGU+DQogICAgICAgIDxFeHRyYWN0aW9uUnVsZSBDbGFzc25hbWU9Ik1pY3Jvc29mdC5WaXN1YWxTdHVkaW8uVGVzdFRvb2xzLldlYlRlc3RpbmcuUnVsZXMuRXh0cmFjdEZvcm1GaWVsZCwgTWljcm9zb2Z0LlZpc3VhbFN0dWRpby5RdWFsaXR5VG9vbHMuV2ViVGVzdEZyYW1ld29yaywgVmVyc2lvbj0xMC4wLjAuMCwgQ3VsdHVyZT1uZXV0cmFsLCBQdWJsaWNLZXlUb2tlbj1iMDNmNWY3ZjExZDUwYTNhIiBWYXJpYWJsZU5hbWU9IkZvcm1Qb3N0UGFyYW0yMi5jdGwwMCRjdGwwMCRjdGwwMCRDb250ZW50UGxhY2VIb2xkZXJEZWZhdWx0JE1hc3RlclBsYWNlaG9sZGVyJE15T3JkZXJzU2VhcmNoXzYkdWNNeU9yZGVyQWR2YW5jZWRTZWFyY2gkdHh0QWR2YW5jZWRTZWFyY2hEYXRlRnJvbSIgRGlzcGxheU5hbWU9IiIgRGVzY3JpcHRpb249IiI+DQogICAgICAgICAgPFJ1bGVQYXJhbWV0ZXJzPg0KICAgICAgICAgICAgPFJ1bGVQYXJhbWV0ZXIgTmFtZT0iTmFtZSIgVmFsdWU9IkNvbnRlbnRQbGFjZUhvbGRlckRlZmF1bHRfTWFzdGVyUGxhY2Vob2xkZXJfTXlPcmRlcnNTZWFyY2hfNl91Y015T3JkZXJBZHZhbmNlZFNlYXJjaF90eHRBZHZhbmNlZFNlYXJjaERhdGVGcm9tIiAvPg0KICAgICAgICAgICAgPFJ1bGVQYXJhbWV0ZXIgTmFtZT0iSHRtbERlY29kZSIgVmFsdWU9IlRydWUiIC8+DQogICAgICAgICAgICA8UnVsZVBhcmFtZXRlciBOYW1lPSJSZXF1aXJlZCIgVmFsdWU9IkZhbHNlIiAvPg0KICAgICAgICAgICAgPFJ1bGVQYXJhbWV0ZXIgTmFtZT0iSW5kZXgiIFZhbHVlPSIwIiAvPg0KICAgICAgICAgIDwvUnVsZVBhcmFtZXRlcnM+DQogICAgICAgIDwvRXh0cmFjdGlvblJ1bGU+DQogICAgICAgIDxFeHRyYWN0aW9uUnVsZSBDbGFzc25hbWU9Ik1pY3Jvc29mdC5WaXN1YWxTdHVkaW8uVGVzdFRvb2xzLldlYlRlc3RpbmcuUnVsZXMuRXh0cmFjdEZvcm1GaWVsZCwgTWljcm9zb2Z0LlZpc3VhbFN0dWRpby5RdWFsaXR5VG9vbHMuV2ViVGVzdEZyYW1ld29yaywgVmVyc2lvbj0xMC4wLjAuMCwgQ3VsdHVyZT1uZXV0cmFsLCBQdWJsaWNLZXlUb2tlbj1iMDNmNWY3ZjExZDUwYTNhIiBWYXJpYWJsZU5hbWU9IkZvcm1Qb3N0UGFyYW0yMy5jdGwwMCRjdGwwMCRjdGwwMCRDb250ZW50UGxhY2VIb2xkZXJEZWZhdWx0JE1hc3RlclBsYWNlaG9sZGVyJE15T3JkZXJzU2VhcmNoXzYkdWNNeU9yZGVyQWR2YW5jZWRTZWFyY2gkdHh0QWR2YW5jZWRTZWFyY2hEYXRlVG8iIERpc3BsYXlOYW1lPSIiIERlc2NyaXB0aW9uPSIiPg0KICAgICAgICAgIDxSdWxlUGFyYW1ldGVycz4NCiAgICAgICAgICAgIDxSdWxlUGFyYW1ldGVyIE5hbWU9Ik5hbWUiIFZhbHVlPSJDb250ZW50UGxhY2VIb2xkZXJEZWZhdWx0X01hc3RlclBsYWNlaG9sZGVyX015T3JkZXJzU2VhcmNoXzZfdWNNeU9yZGVyQWR2YW5jZWRTZWFyY2hfdHh0QWR2YW5jZWRTZWFyY2hEYXRlVG8iIC8+DQogICAgICAgICAgICA8UnVsZVBhcmFtZXRlciBOYW1lPSJIdG1sRGVjb2RlIiBWYWx1ZT0iVHJ1ZSIgLz4NCiAgICAgICAgICAgIDxSdWxlUGFyYW1ldGVyIE5hbWU9IlJlcXVpcmVkIiBWYWx1ZT0iRmFsc2UiIC8+DQogICAgICAgICAgICA8UnVsZVBhcmFtZXRlciBOYW1lPSJJbmRleCIgVmFsdWU9IjAiIC8+DQogICAgICAgICAgPC9SdWxlUGFyYW1ldGVycz4NCiAgICAgICAgPC9FeHRyYWN0aW9uUnVsZT4NCiAgICAgICAgPEV4dHJhY3Rpb25SdWxlIENsYXNzbmFtZT0iTWljcm9zb2Z0LlZpc3VhbFN0dWRpby5UZXN0VG9vbHMuV2ViVGVzdGluZy5SdWxlcy5FeHRyYWN0VGV4dCwgTWljcm9zb2Z0LlZpc3VhbFN0dWRpby5RdWFsaXR5VG9vbHMuV2ViVGVzdEZyYW1ld29yaywgVmVyc2lvbj0xMC4wLjAuMCwgQ3VsdHVyZT1uZXV0cmFsLCBQdWJsaWNLZXlUb2tlbj1iMDNmNWY3ZjExZDUwYTNhIiBWYXJpYWJsZU5hbWU9IkZvcm1Qb3N0UGFyYW0yNC5jdGwwMCRjdGwwMCRjdGwwMCRDb250ZW50UGxhY2VIb2xkZXJEZWZhdWx0JE1hc3RlclBsYWNlaG9sZGVyJE15T3JkZXJzU2VhcmNoXzYkdWNNeU9yZGVyU2ltcGxlU2VhcmNoJHNpbXBsZVNlYXJjaGRkbFR5cGUiIERpc3BsYXlOYW1lPSIiIERlc2NyaXB0aW9uPSIiPg0KICAgICAgICAgIDxSdWxlUGFyYW1ldGVycz4NCiAgICAgICAgICAgIDxSdWxlUGFyYW1ldGVyIE5hbWU9IlN0YXJ0c1dpdGgiIFZhbHVlPSJsdWU9JnF1b3Q7IiAvPg0KICAgICAgICAgICAgPFJ1bGVQYXJhbWV0ZXIgTmFtZT0iRW5kc1dpdGgiIFZhbHVlPSImcXVvdDsmZ3Q7QWxsIiAvPg0KICAgICAgICAgICAgPFJ1bGVQYXJhbWV0ZXIgTmFtZT0iSW5kZXgiIFZhbHVlPSI0IiAvPg0KICAgICAgICAgICAgPFJ1bGVQYXJhbWV0ZXIgTmFtZT0iSWdub3JlQ2FzZSIgVmFsdWU9IkZhbHNlIiAvPg0KICAgICAgICAgICAgPFJ1bGVQYXJhbWV0ZXIgTmFtZT0iVXNlUmVndWxhckV4cHJlc3Npb24iIFZhbHVlPSJGYWxzZSIgLz4NCiAgICAgICAgICAgIDxSdWxlUGFyYW1ldGVyIE5hbWU9Ikh0bWxEZWNvZGUiIFZhbHVlPSJUcnVlIiAvPg0KICAgICAgICAgICAgPFJ1bGVQYXJhbWV0ZXIgTmFtZT0iUmVxdWlyZWQiIFZhbHVlPSJGYWxzZSIgLz4NCiAgICAgICAgICA8L1J1bGVQYXJhbWV0ZXJzPg0KICAgICAgICA8L0V4dHJhY3Rpb25SdWxlPg0KICAgICAgICA8RXh0cmFjdGlvblJ1bGUgQ2xhc3NuYW1lPSJNaWNyb3NvZnQuVmlzdWFsU3R1ZGlvLlRlc3RUb29scy5XZWJUZXN0aW5nLlJ1bGVzLkV4dHJhY3RUZXh0LCBNaWNyb3NvZnQuVmlzdWFsU3R1ZGlvLlF1YWxpdHlUb29scy5XZWJUZXN0RnJhbWV3b3JrLCBWZXJzaW9uPTEwLjAuMC4wLCBDdWx0dXJlPW5ldXRyYWwsIFB1YmxpY0tleVRva2VuPWIwM2Y1ZjdmMTFkNTBhM2EiIFZhcmlhYmxlTmFtZT0iRm9ybVBvc3RQYXJhbTI1LmN0bDAwJGN0bDAwJGN0bDAwJENvbnRlbnRQbGFjZUhvbGRlckRlZmF1bHQkTWFzdGVyUGxhY2Vob2xkZXIkTXlPcmRlcnNTZWFyY2hfNiR1Y015T3JkZXJTaW1wbGVTZWFyY2gkc2ltcGxlU2VhcmNoZGRsRW50cmllcyIgRGlzcGxheU5hbWU9IiIgRGVzY3JpcHRpb249IiI+DQogICAgICAgICAgPFJ1bGVQYXJhbWV0ZXJzPg0KICAgICAgICAgICAgPFJ1bGVQYXJhbWV0ZXIgTmFtZT0iU3RhcnRzV2l0aCIgVmFsdWU9Imx1ZT0mcXVvdDsiIC8+DQogICAgICAgICAgICA8UnVsZVBhcmFtZXRlciBOYW1lPSJFbmRzV2l0aCIgVmFsdWU9IiZxdW90OyZndDsxMDAiIC8+DQogICAgICAgICAgICA8UnVsZVBhcmFtZXRlciBOYW1lPSJJbmRleCIgVmFsdWU9IjE1IiAvPg0KICAgICAgICAgICAgPFJ1bGVQYXJhbWV0ZXIgTmFtZT0iSWdub3JlQ2FzZSIgVmFsdWU9IkZhbHNlIiAvPg0KICAgICAgICAgICAgPFJ1bGVQYXJhbWV0ZXIgTmFtZT0iVXNlUmVndWxhckV4cHJlc3Npb24iIFZhbHVlPSJGYWxzZSIgLz4NCiAgICAgICAgICAgIDxSdWxlUGFyYW1ldGVyIE5hbWU9Ikh0bWxEZWNvZGUiIFZhbHVlPSJUcnVlIiAvPg0KICAgICAgICAgICAgPFJ1bGVQYXJhbWV0ZXIgTmFtZT0iUmVxdWlyZWQiIFZhbHVlPSJGYWxzZSIgLz4NCiAgICAgICAgICA8L1J1bGVQYXJhbWV0ZXJzPg0KICAgICAgICA8L0V4dHJhY3Rpb25SdWxlPg0KICAgICAgICA8RXh0cmFjdGlvblJ1bGUgQ2xhc3NuYW1lPSJNaWNyb3NvZnQuVmlzdWFsU3R1ZGlvLlRlc3RUb29scy5XZWJUZXN0aW5nLlJ1bGVzLkV4dHJhY3RUZXh0LCBNaWNyb3NvZnQuVmlzdWFsU3R1ZGlvLlF1YWxpdHlUb29scy5XZWJUZXN0RnJhbWV3b3JrLCBWZXJzaW9uPTEwLjAuMC4wLCBDdWx0dXJlPW5ldXRyYWwsIFB1YmxpY0tleVRva2VuPWIwM2Y1ZjdmMTFkNTBhM2EiIFZhcmlhYmxlTmFtZT0iRm9ybVBvc3RQYXJhbTI2LmN0bDAwJGN0bDAwJGN0bDAwJENvbnRlbnRQbGFjZUhvbGRlckRlZmF1bHQkTWFzdGVyUGxhY2Vob2xkZXIkTXlPcmRlcnNTZWFyY2hfNiR1Y015T3JkZXJBZHZhbmNlZFNlYXJjaCRkZGxBZHZhbmNlZFNlYXJjaFR5cGVzIiBEaXNwbGF5TmFtZT0iIiBEZXNjcmlwdGlvbj0iIj4NCiAgICAgICAgICA8UnVsZVBhcmFtZXRlcnM+DQogICAgICAgICAgICA8UnVsZVBhcmFtZXRlciBOYW1lPSJTdGFydHNXaXRoIiBWYWx1ZT0ibHVlPSZxdW90OyIgLz4NCiAgICAgICAgICAgIDxSdWxlUGFyYW1ldGVyIE5hbWU9IkVuZHNXaXRoIiBWYWx1ZT0iJnF1b3Q7Jmd0O0FsbCIgLz4NCiAgICAgICAgICAgIDxSdWxlUGFyYW1ldGVyIE5hbWU9IkluZGV4IiBWYWx1ZT0iNCIgLz4NCiAgICAgICAgICAgIDxSdWxlUGFyYW1ldGVyIE5hbWU9Iklnbm9yZUNhc2UiIFZhbHVlPSJGYWxzZSIgLz4NCiAgICAgICAgICAgIDxSdWxlUGFyYW1ldGVyIE5hbWU9IlVzZVJlZ3VsYXJFeHByZXNzaW9uIiBWYWx1ZT0iRmFsc2UiIC8+DQogICAgICAgICAgICA8UnVsZVBhcmFtZXRlciBOYW1lPSJIdG1sRGVjb2RlIiBWYWx1ZT0iVHJ1ZSIgLz4NCiAgICAgICAgICAgIDxSdWxlUGFyYW1ldGVyIE5hbWU9IlJlcXVpcmVkIiBWYWx1ZT0iRmFsc2UiIC8+DQogICAgICAgICAgPC9SdWxlUGFyYW1ldGVycz4NCiAgICAgICAgPC9FeHRyYWN0aW9uUnVsZT4NCiAgICAgICAgPEV4dHJhY3Rpb25SdWxlIENsYXNzbmFtZT0iTWljcm9zb2Z0LlZpc3VhbFN0dWRpby5UZXN0VG9vbHMuV2ViVGVzdGluZy5SdWxlcy5FeHRyYWN0VGV4dCwgTWljcm9zb2Z0LlZpc3VhbFN0dWRpby5RdWFsaXR5VG9vbHMuV2ViVGVzdEZyYW1ld29yaywgVmVyc2lvbj0xMC4wLjAuMCwgQ3VsdHVyZT1uZXV0cmFsLCBQdWJsaWNLZXlUb2tlbj1iMDNmNWY3ZjExZDUwYTNhIiBWYXJpYWJsZU5hbWU9IkZvcm1Qb3N0UGFyYW0yNy5jdGwwMCRjdGwwMCRjdGwwMCRDb250ZW50UGxhY2VIb2xkZXJEZWZhdWx0JE1hc3RlclBsYWNlaG9sZGVyJE15T3JkZXJzU2VhcmNoXzYkdWNNeU9yZGVyQWR2YW5jZWRTZWFyY2gkZGRsQWR2YW5jZWRTZWFyY2hTYWxlc0l0ZW1UeXBlcyIgRGlzcGxheU5hbWU9IiIgRGVzY3JpcHRpb249IiI+DQogICAgICAgICAgPFJ1bGVQYXJhbWV0ZXJzPg0KICAgICAgICAgICAgPFJ1bGVQYXJhbWV0ZXIgTmFtZT0iU3RhcnRzV2l0aCIgVmFsdWU9Imx1ZT0mcXVvdDsiIC8+DQogICAgICAgICAgICA8UnVsZVBhcmFtZXRlciBOYW1lPSJFbmRzV2l0aCIgVmFsdWU9IiZxdW90OyZndDtBbGwiIC8+DQogICAgICAgICAgICA8UnVsZVBhcmFtZXRlciBOYW1lPSJJbmRleCIgVmFsdWU9IjQiIC8+DQogICAgICAgICAgICA8UnVsZVBhcmFtZXRlciBOYW1lPSJJZ25vcmVDYXNlIiBWYWx1ZT0iRmFsc2UiIC8+DQogICAgICAgICAgICA8UnVsZVBhcmFtZXRlciBOYW1lPSJVc2VSZWd1bGFyRXhwcmVzc2lvbiIgVmFsdWU9IkZhbHNlIiAvPg0KICAgICAgICAgICAgPFJ1bGVQYXJhbWV0ZXIgTmFtZT0iSHRtbERlY29kZSIgVmFsdWU9IlRydWUiIC8+DQogICAgICAgICAgICA8UnVsZVBhcmFtZXRlciBOYW1lPSJSZXF1aXJlZCIgVmFsdWU9IkZhbHNlIiAvPg0KICAgICAgICAgIDwvUnVsZVBhcmFtZXRlcnM+DQogICAgICAgIDwvRXh0cmFjdGlvblJ1bGU+DQogICAgICAgIDxFeHRyYWN0aW9uUnVsZSBDbGFzc25hbWU9Ik1pY3Jvc29mdC5WaXN1YWxTdHVkaW8uVGVzdFRvb2xzLldlYlRlc3RpbmcuUnVsZXMuRXh0cmFjdFRleHQsIE1pY3Jvc29mdC5WaXN1YWxTdHVkaW8uUXVhbGl0eVRvb2xzLldlYlRlc3RGcmFtZXdvcmssIFZlcnNpb249MTAuMC4wLjAsIEN1bHR1cmU9bmV1dHJhbCwgUHVibGljS2V5VG9rZW49YjAzZjVmN2YxMWQ1MGEzYSIgVmFyaWFibGVOYW1lPSJGb3JtUG9zdFBhcmFtMjguY3RsMDAkY3RsMDAkY3RsMDAkQ29udGVudFBsYWNlSG9sZGVyRGVmYXVsdCRNYXN0ZXJQbGFjZWhvbGRlciRNeU9yZGVyc1NlYXJjaF82JHVjTXlPcmRlckFkdmFuY2VkU2VhcmNoJGRkbEFkdmFuY2VkU2VhcmNoT3JkZXJTdGF0dXMiIERpc3BsYXlOYW1lPSIiIERlc2NyaXB0aW9uPSIiPg0KICAgICAgICAgIDxSdWxlUGFyYW1ldGVycz4NCiAgICAgICAgICAgIDxSdWxlUGFyYW1ldGVyIE5hbWU9IlN0YXJ0c1dpdGgiIFZhbHVlPSJsdWU9JnF1b3Q7IiAvPg0KICAgICAgICAgICAgPFJ1bGVQYXJhbWV0ZXIgTmFtZT0iRW5kc1dpdGgiIFZhbHVlPSImcXVvdDsmZ3Q7QWxsIiAvPg0KICAgICAgICAgICAgPFJ1bGVQYXJhbWV0ZXIgTmFtZT0iSW5kZXgiIFZhbHVlPSI0IiAvPg0KICAgICAgICAgICAgPFJ1bGVQYXJhbWV0ZXIgTmFtZT0iSWdub3JlQ2FzZSIgVmFsdWU9IkZhbHNlIiAvPg0KICAgICAgICAgICAgPFJ1bGVQYXJhbWV0ZXIgTmFtZT0iVXNlUmVndWxhckV4cHJlc3Npb24iIFZhbHVlPSJGYWxzZSIgLz4NCiAgICAgICAgICAgIDxSdWxlUGFyYW1ldGVyIE5hbWU9Ikh0bWxEZWNvZGUiIFZhbHVlPSJUcnVlIiAvPg0KICAgICAgICAgICAgPFJ1bGVQYXJhbWV0ZXIgTmFtZT0iUmVxdWlyZWQiIFZhbHVlPSJGYWxzZSIgLz4NCiAgICAgICAgICA8L1J1bGVQYXJhbWV0ZXJzPg0KICAgICAgICA8L0V4dHJhY3Rpb25SdWxlPg0KICAgICAgICA8RXh0cmFjdGlvblJ1bGUgQ2xhc3NuYW1lPSJNaWNyb3NvZnQuVmlzdWFsU3R1ZGlvLlRlc3RUb29scy5XZWJUZXN0aW5nLlJ1bGVzLkV4dHJhY3RUZXh0LCBNaWNyb3NvZnQuVmlzdWFsU3R1ZGlvLlF1YWxpdHlUb29scy5XZWJUZXN0RnJhbWV3b3JrLCBWZXJzaW9uPTEwLjAuMC4wLCBDdWx0dXJlPW5ldXRyYWwsIFB1YmxpY0tleVRva2VuPWIwM2Y1ZjdmMTFkNTBhM2EiIFZhcmlhYmxlTmFtZT0iRm9ybVBvc3RQYXJhbTI5LmN0bDAwJGN0bDAwJGN0bDAwJENvbnRlbnRQbGFjZUhvbGRlckRlZmF1bHQkTWFzdGVyUGxhY2Vob2xkZXIkTXlPcmRlcnNTZWFyY2hfNiR1Y015T3JkZXJBZHZhbmNlZFNlYXJjaCRkZGxBZHZhbmNlZFNlYXJjaEdyb3VwIiBEaXNwbGF5TmFtZT0iIiBEZXNjcmlwdGlvbj0iIj4NCiAgICAgICAgICA8UnVsZVBhcmFtZXRlcnM+DQogICAgICAgICAgICA8UnVsZVBhcmFtZXRlciBOYW1lPSJTdGFydHNXaXRoIiBWYWx1ZT0ibHVlPSZxdW90OyIgLz4NCiAgICAgICAgICAgIDxSdWxlUGFyYW1ldGVyIE5hbWU9IkVuZHNXaXRoIiBWYWx1ZT0iJnF1b3Q7Jmd0O0FsbCIgLz4NCiAgICAgICAgICAgIDxSdWxlUGFyYW1ldGVyIE5hbWU9IkluZGV4IiBWYWx1ZT0iNCIgLz4NCiAgICAgICAgICAgIDxSdWxlUGFyYW1ldGVyIE5hbWU9Iklnbm9yZUNhc2UiIFZhbHVlPSJGYWxzZSIgLz4NCiAgICAgICAgICAgIDxSdWxlUGFyYW1ldGVyIE5hbWU9IlVzZVJlZ3VsYXJFeHByZXNzaW9uIiBWYWx1ZT0iRmFsc2UiIC8+DQogICAgICAgICAgICA8UnVsZVBhcmFtZXRlciBOYW1lPSJIdG1sRGVjb2RlIiBWYWx1ZT0iVHJ1ZSIgLz4NCiAgICAgICAgICAgIDxSdWxlUGFyYW1ldGVyIE5hbWU9IlJlcXVpcmVkIiBWYWx1ZT0iRmFsc2UiIC8+DQogICAgICAgICAgPC9SdWxlUGFyYW1ldGVycz4NCiAgICAgICAgPC9FeHRyYWN0aW9uUnVsZT4NCiAgICAgICAgPEV4dHJhY3Rpb25SdWxlIENsYXNzbmFtZT0iTWljcm9zb2Z0LlZpc3VhbFN0dWRpby5UZXN0VG9vbHMuV2ViVGVzdGluZy5SdWxlcy5FeHRyYWN0VGV4dCwgTWljcm9zb2Z0LlZpc3VhbFN0dWRpby5RdWFsaXR5VG9vbHMuV2ViVGVzdEZyYW1ld29yaywgVmVyc2lvbj0xMC4wLjAuMCwgQ3VsdHVyZT1uZXV0cmFsLCBQdWJsaWNLZXlUb2tlbj1iMDNmNWY3ZjExZDUwYTNhIiBWYXJpYWJsZU5hbWU9IkZvcm1Qb3N0UGFyYW0zMC5jdGwwMCRjdGwwMCRjdGwwMCRDb250ZW50UGxhY2VIb2xkZXJEZWZhdWx0JE1hc3RlclBsYWNlaG9sZGVyJE15T3JkZXJzU2VhcmNoXzYkdWNNeU9yZGVyQWR2YW5jZWRTZWFyY2gkZGRsQWR2YW5jZWRTZWFyY2hFbnRyaWVzIiBEaXNwbGF5TmFtZT0iIiBEZXNjcmlwdGlvbj0iIj4NCiAgICAgICAgICA8UnVsZVBhcmFtZXRlcnM+DQogICAgICAgICAgICA8UnVsZVBhcmFtZXRlciBOYW1lPSJTdGFydHNXaXRoIiBWYWx1ZT0ibHVlPSZxdW90OyIgLz4NCiAgICAgICAgICAgIDxSdWxlUGFyYW1ldGVyIE5hbWU9IkVuZHNXaXRoIiBWYWx1ZT0iJnF1b3Q7Jmd0OzEwMCIgLz4NCiAgICAgICAgICAgIDxSdWxlUGFyYW1ldGVyIE5hbWU9IkluZGV4IiBWYWx1ZT0iMTUiIC8+DQogICAgICAgICAgICA8UnVsZVBhcmFtZXRlciBOYW1lPSJJZ25vcmVDYXNlIiBWYWx1ZT0iRmFsc2UiIC8+DQogICAgICAgICAgICA8UnVsZVBhcmFtZXRlciBOYW1lPSJVc2VSZWd1bGFyRXhwcmVzc2lvbiIgVmFsdWU9IkZhbHNlIiAvPg0KICAgICAgICAgICAgPFJ1bGVQYXJhbWV0ZXIgTmFtZT0iSHRtbERlY29kZSIgVmFsdWU9IlRydWUiIC8+DQogICAgICAgICAgICA8UnVsZVBhcmFtZXRlciBOYW1lPSJSZXF1aXJlZCIgVmFsdWU9IkZhbHNlIiAvPg0KICAgICAgICAgIDwvUnVsZVBhcmFtZXRlcnM+DQogICAgICAgIDwvRXh0cmFjdGlvblJ1bGU+DQogICAgICA8L0NvcnJlbGF0aW9uRXh0cmFjdGlvblJ1bGVzPg0KICAgICAgPEZvcm1Qb3N0SHR0cEJvZHk+DQogICAgICAgIDxGb3JtUG9zdFBhcmFtZXRlciBOYW1lPSJfX0VWRU5UVEFSR0VUIiBWYWx1ZT0ie3skSElEREVOMS5fX0VWRU5UVEFSR0VUfX0iIFJlY29yZGVkVmFsdWU9ImN0bDAwJGN0bDAwJGN0bDAwJENvbnRlbnRQbGFjZUhvbGRlckRlZmF1bHQkVG9wTG9nZ2VkSW5fMSRsbmJUb3BMb2dnZWRJbk15T3JkZXJzIiBDb3JyZWxhdGlvbkJpbmRpbmc9IiIgVXJsRW5jb2RlPSJUcnVlIiAvPg0KICAgICAgICA8Rm9ybVBvc3RQYXJhbWV0ZXIgTmFtZT0iX19FVkVOVEFSR1VNRU5UIiBWYWx1ZT0ie3skSElEREVOMS5fX0VWRU5UQVJHVU1FTlR9fSIgUmVjb3JkZWRWYWx1ZT0iIiBDb3JyZWxhdGlvbkJpbmRpbmc9IiIgVXJsRW5jb2RlPSJUcnVlIiAvPg0KICAgICAgICA8Rm9ybVBvc3RQYXJhbWV0ZXIgTmFtZT0iX19WSUVXU1RBVEUiIFZhbHVlPSJ7eyRISURERU4xLl9fVklFV1NUQVRFfX0iIFJlY29yZGVkVmFsdWU9Ii93RVBEd1VFTlRNNE1ROWtGZ0ptRDJRV0FtWVBaQllDWmc5a0ZnSm1EMlFXQWdJRER4WUdIZ1p2Ym14dllXUUZQMmxtS0hSNWNHVnZaaUJQYmtKaFkydENkWFIwYjI1RGJHbGpheUE5UFNBaVpuVnVZM1JwYjI0aUtTQlBia0poWTJ0Q2RYUjBiMjVEYkdsamF5Z3BPeDRLYjI1d1lXZGxjMmh2ZHdWVGFXWWdLR1YyWlc1MExuQmxjbk5wYzNSbFpDQW1KaUIwZVhCbGIyWWdUMjVDWVdOclFuVjBkRzl1UTJ4cFkyc2dQVDBnSW1aMWJtTjBhVzl1SWlrZ1QyNUNZV05yUW5WMGRHOXVRMnhwWTJzb0tUc2VDRzl1ZFc1c2IyRmtaUllDQWdFUVpHUVdDZ0lJRDJRV0FtWVBaQllTQWdJUEZRRlhRMjl1ZEdWdWRGQnNZV05sU0c5c1pHVnlSR1ZtWVhWc2RGOVViM0JNYjJkblpXUkpibDh4WDNCdWJFUnlZV2RoWW14bFYybHVaRzkzUTI5dWRHVnVkRjlKYm14cGJtVk5aWE56WVdkbFEyOXVkR0ZwYm1WeVpBSUREMlFXQWdJQkR3OFdBaDRFVkdWNGRBVUdURzluYjNWMFpHUUNCUThQRmdJZUIxWnBjMmxpYkdWblpCWUNBZ0VQRHhZR0hndE9ZWFpwWjJGMFpWVnliQVVVZmk5aFpHMXBiaTkzWld4amIyMWxMbUZ6Y0hnZkF3VU9RV1J0YVc1cGMzUnlZWFJwYjI0ZkJHZGtaQUlIRHc4V0FoOEVaMlFXQmdJQkR4WUNId01GQlVobGJHeHZaQUlERHhZQ0h3TUZGWEJ1ZEdWemRHWXdNREVnY0c1MFpYTjBiREF3TVdRQ0JROFdBaDRKYVc1dVpYSm9kRzFzQlExQlkyTnZkVzUwSUVsRUlEb2daQUlKRDJRV0NBSUJEeFlDSHdNRkF5b3FLbVFDQXc4UEZnSWZBMlZrWkFJRkR3OFdBaDhEQlJFb1ltVmpiMjFsSUhsdmRYSnpaV3htS1dSa0FnY1BGZ0lmQXdVREtpb3FaQUlORHc4V0FoOEVaMlFXQWdJQkR3OFdCQjhEQlF4TmVTQkVZWE5vWW05aGNtUWZCR2RrWkFJUER3OFdBaDhFWjJRV0FnSUJEdzhXQ0I0SVEzTnpRMnhoYzNNRkRXVm1RMjlzYjNKUGNtRnVaMlVmQXdVSlRYa2dUM0prWlhKekhnUmZJVk5DQWdJZkJHZGtaQUlSRHc4V0FoOEVaMlFXQWdJQkR3OFdCQjhEQlF4TmVTQkJaR1J5WlhOelpYTWZCR2RrWkFJVER3OFdBaDhFWjJRV0FnSUJEdzhXQkI4REJRNU5lU0JRY21WbVpYSmxibU5sY3g4RVoyUmtBZ29QWkJZQ1pnOFBGZ0lmQkdoa0ZnWUNBdzhQRmdJZkJRVWpMMlZ1TDJOb1pXTnJiM1YwTDNOMFpYQXhMbUZ6Y0hnL2JtOWtaVWxrUFRFek1qbGtaQUlGRHc5a0ZnSWVCR2h5WldZRkFTTmtBZ2tQRDJRV0FoNEZkR2wwYkdVRkJVeHZaMmx1RmdnQ0FROFBGZ1lmQXdVR1JXMWhhV3c2SHdjRkZ5QnlaWEYxYVhKbFpFWnBaV3hrUTJoaGNtRmpkR1Z5SHdnQ0FtUmtBZ2tQRHhZR0h3TUZBM3N3ZlI4SEJSY2djbVZ4ZFdseVpXUkdhV1ZzWkVOb1lYSmhZM1JsY2g4SUFnSmtaQUlSRHc4V0FoOEZCUmN2Wlc0dlptOXlaMjkwY0dGemMzZHZjbVF1WVhOd2VHUmtBaE1QRHhZQ0h3VUZJeTlsYmk5amFHVmphMjkxZEM5emRHVndNUzVoYzNCNFAyNXZaR1ZKWkQweE16STVaR1FDREE5a0ZnSm1EMlFXREFJSUR3OFdCQjhIQlExallYSjBMV2xqYjI1R2RXeHNId2dDQW1RV0FnSUJEdzhXQWg4RkJRMHZaVzR2WTJGeWRDNWhjM0I0WkdRQ0NnOFdBaDhEQlFreElFbDBaVzBvY3lsa0Fnd1BGZ0lmQXdVS09Ua3lMREF3SU9LQ3JHUUNEZzhQRmdJZkJHZGtGZ2dDQVE5a0ZnSUNBUThXQWg4REJSQk1ZWE4wSUdGa1pHVmtJR2wwWlcxelpBSUREeFlDSHdZRnlRUThaR2wySUdOc1lYTnpQU2RzWldaMEp6NDVObmRsYkd3Z1FXZGhjaUJRYkdGMFpUd3ZaR2wyUGp4a2FYWWdZMnhoYzNNOUozSnBaMmgwSno0OFlTQm9jbVZtUFNjakp5QnZibU5zYVdOclBTZFRhRzkzUkdsaGJHOW5LQ0k4Y0Q1RWJ5QjViM1VnY21WaGJHeDVJSGRoYm5RZ2RHOGdaR1ZzWlhSbElIUm9hWE1nYVhSbGJTaHpLVDg4TDNBK0lpeDdJa1JwWVd4dlowTnNZWE56SWpvaUlpd2lTR1ZwWjJoMElqb2lZWFYwYnlJc0lrMXZaR0ZzSWpwMGNuVmxMQ0pRYjNOcGRHbHZiaUk2SW1ObGJuUmxjaUlzSWxkcFpIUm9Jam9pTXpBd0lpd2lRMnh2YzJGaWJHVWlPblJ5ZFdVc0lsUnBkR3hsSWpvaVJHVnNaWFJsSWl3aVFuVjBkRzl1TVZSbGVIUWlPaUpaWlhNaUxDSkNkWFIwYjI0eVZHVjRkQ0k2SWs1dklpd2lRblYwZEc5dU1VTmhiR3hpWVdOcklqb2lSR1ZzWlhSbFQzSmtaWEpKZEdWdElpd2lRblYwZEc5dU1rTmhiR3hpWVdOcklqcHVkV3hzTENKQ2RYUjBiMjR4UTJGc2JHSmhZMnRRWVhKaGJXVjBaWEp6SWpvaWUxd2lTV1JjSWpvek5qSTBNemw5SWl3aVFuVjBkRzl1TWtOaGJHeGlZV05yVUdGeVlXMWxkR1Z5Y3lJNmJuVnNiQ3dpVW1WemFYcGhZbXhsSWpwbVlXeHpaU3dpUkhKaFoyZGhZbXhsSWpwbVlXeHpaU3dpUVhWMGIwOXdaVzRpT21aaGJITmxMQ0pCY0hCbGJtUlVieUk2SW1KdlpIa2lMQ0pOWVhoSVpXbG5hSFFpT2pRd01Dd2lUV0Y0VjJsa2RHZ2lPak13TUN3aVRXbHVTR1ZwWjJoMElqb3hOVEFzSWsxcGJsZHBaSFJvSWpveE5UQjlLVHNuUG5nOEwyRStQQzlrYVhZK0RRcGtBZ1VQRHhZRUh3VUZEUzlsYmk5allYSjBMbUZ6Y0hnZkF3VUVRMkZ5ZEdSa0FnY1BEeFlHSHdNRkNFTm9aV05yYjNWMEhnZEZibUZpYkdWa1p4OEVaeFlDSGdkUGJrTnNhV05yQlpjc2NtVjBkWEp1SUZaaGJHbGtZWFJsU1hSbGJYTlViME5vWldOclQzVjBUM0pSZFc5MFpTaDdJa05zYjNObFFuVjBkRzl1VkdWNGRDSTZJa05zYjNObElpd2lRV3hsY25STlpYTnpZV2RsVkdsMGJHVWlPaUpCYkdWeWRDQk5aWE56WVdkbElpd2lRMmhsWTJ0dmRYUlRkR0YwWlVWdWRXMGlPbnNpU1c1MllXeHBaQ0k2SWtsdWRtRnNhV1FpTENKUmRXOTBZV0pzWlU5dWJIa2lPaUpSZFc5MFlXSnNaVTl1YkhraUxDSlBjbVJsY21GaWJHVlBibXg1SWpvaVQzSmtaWEpoWW14bFQyNXNlU0lzSWs5eVpHVnlZV0pzWlVGdVpGRjFiM1JoWW14bElqb2lUM0prWlhKaFlteGxRVzVrVVhWdmRHRmliR1VpTENKT2IzUlBjbVJsY21GaWJHVkJibVJSZFc5MFlXSnNaU0k2SWs1dmRFOXlaR1Z5WVdKc1pVRnVaRkYxYjNSaFlteGxJaXdpVG05MFQzSmtaWEpoWW14bFFXNWtVWFZ2ZEdGaWJHVlhhWFJvU1c1MllXeHBaQ0k2SWs1dmRFOXlaR1Z5WVdKc1pVRnVaRkYxYjNSaFlteGxWMmwwYUVsdWRtRnNhV1FpTENKR1pYZFBjbVJsY21GaWJHVlBibXg1SWpvaVJtVjNUM0prWlhKaFlteGxUMjVzZVNJc0lrWmxkMDl5WkdWeVlXSnNaVUZ1WkVabGQxRjFiM1JoWW14bElqb2lSbVYzVDNKa1pYSmhZbXhsUVc1a1JtVjNVWFZ2ZEdGaWJHVWlMQ0pHWlhkUmRXOTBZV0pzWlU5dWJIbFhhWFJvU1c1MllXeHBaQ0k2SWtabGQxRjFiM1JoWW14bFQyNXNlVmRwZEdoSmJuWmhiR2xrSWl3aVJtVjNUM0prWlhKaFlteGxUMjVzZVZkcGRHaEpiblpoYkdsa0lqb2lSbVYzVDNKa1pYSmhZbXhsVDI1c2VWZHBkR2hKYm5aaGJHbGtJaXdpUm1WM1QzSmtaWEpoWW14bFFXNWtSbVYzVVhWdmRHRmliR1ZYYVhSb1NXNTJZV3hwWkNJNklrWmxkMDl5WkdWeVlXSnNaVUZ1WkVabGQxRjFiM1JoWW14bFYybDBhRWx1ZG1Gc2FXUWlMQ0pHWlhkUGNtUmxjbUZpYkdWQmJtUkJiR3hSZFc5MFlXSnNaU0k2SWtabGQwOXlaR1Z5WVdKc1pVRnVaRUZzYkZGMWIzUmhZbXhsSWl3aVFXeHNUM0prWlhKaFlteGxRVzVrUm1WM1VYVnZkR0ZpYkdVaU9pSkJiR3hQY21SbGNtRmliR1ZCYm1SR1pYZFJkVzkwWVdKc1pTSjlMQ0pKZEdWdFUzUmhkR1ZGYm5WdElqcDdJa2x1ZG1Gc2FXUWlPaUpKYm5aaGJHbGtJaXdpVVhWdmRHRmliR1ZQYm14NUlqb2lVWFZ2ZEdGaWJHVlBibXg1SWl3aVQzSmtaWEpoWW14bFQyNXNlU0k2SWs5eVpHVnlZV0pzWlU5dWJIa2lMQ0pQY21SbGNtRmliR1ZCYm1SUmRXOTBZV0pzWlNJNklrOXlaR1Z5WVdKc1pVRnVaRkYxYjNSaFlteGxJaXdpVG05MFQzSmtaWEpoWW14bFFXNWtVWFZ2ZEdGaWJHVWlPaUpPYjNSUGNtUmxjbUZpYkdWQmJtUlJkVzkwWVdKc1pTSXNJazV2ZEU5eVpHVnlZV0pzWlVGdVpGRjFiM1JoWW14bFYybDBhRWx1ZG1Gc2FXUWlPaUpPYjNSUGNtUmxjbUZpYkdWQmJtUlJkVzkwWVdKc1pWZHBkR2hKYm5aaGJHbGtJaXdpUm1WM1QzSmtaWEpoWW14bFQyNXNlU0k2SWtabGQwOXlaR1Z5WVdKc1pVOXViSGtpTENKR1pYZFBjbVJsY21GaWJHVkJibVJHWlhkUmRXOTBZV0pzWlNJNklrWmxkMDl5WkdWeVlXSnNaVUZ1WkVabGQxRjFiM1JoWW14bElpd2lSbVYzVVhWdmRHRmliR1ZQYm14NVYybDBhRWx1ZG1Gc2FXUWlPaUpHWlhkUmRXOTBZV0pzWlU5dWJIbFhhWFJvU1c1MllXeHBaQ0lzSWtabGQwOXlaR1Z5WVdKc1pVOXViSGxYYVhSb1NXNTJZV3hwWkNJNklrWmxkMDl5WkdWeVlXSnNaVTl1YkhsWGFYUm9TVzUyWVd4cFpDSXNJa1psZDA5eVpHVnlZV0pzWlVGdVpFWmxkMUYxYjNSaFlteGxWMmwwYUVsdWRtRnNhV1FpT2lKR1pYZFBjbVJsY21GaWJHVkJibVJHWlhkUmRXOTBZV0pzWlZkcGRHaEpiblpoYkdsa0lpd2lSbVYzVDNKa1pYSmhZbXhsUVc1a1FXeHNVWFZ2ZEdGaWJHVWlPaUpHWlhkUGNtUmxjbUZpYkdWQmJtUkJiR3hSZFc5MFlXSnNaU0lzSWtGc2JFOXlaR1Z5WVdKc1pVRnVaRVpsZDFGMWIzUmhZbXhsSWpvaVFXeHNUM0prWlhKaFlteGxRVzVrUm1WM1VYVnZkR0ZpYkdVaWZTd2lhR1J1Um1sbGJHUlRaV3hsWTNSbFpFOXlaR1Z5U1hSbGJVTm9aV05yYjNWMFUzUmhkR1Z6UTJ4cFpXNTBTV1FpT2lKRGIyNTBaVzUwVUd4aFkyVkliMnhrWlhKRVpXWmhkV3gwWDBOaGNuUlBkbVZ5ZG1sbGQxOHpYMmhrYmtacFpXeGtVMlZzWldOMFpXUlBjbVJsY2tsMFpXMURhR1ZqYTI5MWRGTjBZWFJsY3lJc0ltaGtia1pwWld4a1UyVnNaV04wWldSSmRHVnRTV1J6UTJ4cFpXNTBTV1FpT2lKRGIyNTBaVzUwVUd4aFkyVkliMnhrWlhKRVpXWmhkV3gwWDBOaGNuUlBkbVZ5ZG1sbGQxOHpYMmhrYmtacFpXeGtVMlZzWldOMFpXUkpkR1Z0U1dSeklpd2lUM0prWlhKVFpXeGxZM1JsWkZCeWIyUjFZM1J6SWpveExDSkRiMjVtYVhKdFlYUnBiMjVVYVhSc1pWSmxjMjkxY21ObElqb2lRMjl1Wm1seWJXRjBhVzl1SWl3aVVISnZZMlZsWkVKMWRIUnZibFJsZUhRaU9pSlFjbTlqWldWa0lpd2lVSEp2WTJWbFpFSjFkSFJ2YmtOaGJHeGlZV05ySWpvaVZtRnNhV1JoZEdWSmRHVnRjMVJ2UTJobFkydFBkWFJQY2xGMWIzUmxJaXdpU1c1MllXeHBaRWwwWlcxelUyVnNaV04wWldSR2IzSkRhR1ZqYTI5MWRGSmxjMjkxY21ObElqb2lWR2hsY21VZ1lYSmxJSE52YldVZ2FXNTJZV3hwWkNCcGRHVnRjeUJqYUc5elpXNGdabTl5SUdOb1pXTnJiM1YwSWl3aVRtOVBjbVJsY21GaWJHVkpkR1Z0YzFObGJHVmpkR1ZrUm05eVEyaGxZMnR2ZFhSU1pYTnZkWEpqWlNJNklrNXZJSFpoYkdsa0lHOXlaR1Z5WVdKc1pTQnBkR1Z0Y3lCaGNtVWdZMmh2YzJWdUlHWnZjaUJ2Y21SbGNpQndjbTlqWlhOeklpd2lUbTlSZFc5MFlXSnNaVWwwWlcxelUyVnNaV04wWldSR2IzSkRhR1ZqYTI5MWRGSmxjMjkxY21ObElqb2lUbThnZG1Gc2FXUWdjWFZ2ZEdGaWJHVWdhWFJsYlhNZ1lYSmxJR05vYjNObGJpQm1iM0lnY1hWdmRHVWdjSEp2WTJWemN5SXNJazl5WkdWeVlXSnNaVUZ1WkU1dmJrOXlaR1Z5WVdKc1pVbDBaVzF6VTJWc1pXTjBaV1JHYjNKRGFHVmphMjkxZEZKbGMyOTFjbU5sSWpvaVdXOTFJR05oYmlCbGFYUm9aWElnSjNCeWIyTmxaV1FuSUhkcGRHZ2diM0prWlhJZ2NISnZZMlZ6Y3lCdlppQjBhR1VnYjNKa1pYSmhZbXhsSUdsMFpXMXpJRzl5SUdWa2FYUWdkR2hsSUc1dmJpMXZjbVJsY21GaWJHVWdhWFJsYlhNaUxDSlJkVzkwWVdKc1pVRnVaRTV2YmxGMWIzUmhZbXhsU1hSbGJYTlRaV3hsWTNSbFpFWnZja05vWldOcmIzVjBVbVZ6YjNWeVkyVWlPaUpaYjNVZ1kyRnVJR1ZwZEdobGNpQW5jSEp2WTJWbFpDY2dkMmwwYUNCeGRXOTBaU0J3Y205alpYTnpJRzltSUhSb1pTQnhkVzkwWVdKc1pTQnBkR1Z0Y3lCdmNpQmxaR2wwSUhSb1pTQnViMjR0Y1hWdmRHRmliR1VnYVhSbGJYTWlMQ0pSZFc5MFpWTmxiR1ZqZEdWa1VISnZaSFZqZEhNaU9qSXNJazV2U1hSbGJYTlRaV3hsWTNSbFpDSTZJazV2SUVsMFpXMXpJRk5sYkdWamRHVmtMaUJRYkdWaGMyVWdZMmh2YjNObElHOXVaU0FvYjNJcElHMXZjbVVnYVhSbGJYTWdkRzhnY0dWeVptOXliU0IwYUdVZ1lXTjBhVzl1TGlJc0lrTmhjblJCWTNScGIyNUVaV3hsZEdWVFpXeGxZM1JsWkZCeWIyUjFZM1J6SWpvMUxDSlhhWE5vVEdsemRFRmpkR2x2Ym5ORVpXeGxkR1ZUWld4bFkzUmxaRkJ5YjJSMVkzUnpJam95TENKRVpXeGxkR1ZEYjI1bWFYSnRZWFJwYjI1TlpYTnpZV2RsVW1WemIzVnlZMlVpT2lJOGNENUVieUI1YjNVZ2NtVmhiR3g1SUhkaGJuUWdkRzhnWkdWc1pYUmxJSFJvYVhNZ2FYUmxiU2h6S1Q4OEwzQStJaXdpUkdWc1pYUmxRMjl1Wm1seWJXRjBhVzl1VG05Q2RYUjBiMjVTWlhOdmRYSmpaU0k2SWs1dklpd2lSR1ZzWlhSbFEyOXVabWx5YldGMGFXOXVXV1Z6UW5WMGRHOXVVbVZ6YjNWeVkyVWlPaUpaWlhNaUxDSkVaV3hsZEdWRGIyNW1hWEp0WVhScGIyNUlaV0ZrWlhKVVpYaDBVbVZ6YjNWeVkyVWlPaUpFWld4bGRHVWlMQ0pEWVhKMFFXTjBhVzl1SWpveExDSkRhR1ZqYTI5MWRFSjFkSFJ2YmxOamNtbHdkQ0k2Ym5Wc2JDd2lRMmhsWTJ0dmRYUlRaWEYxWlc1amFXNW5RVzVrVUhKcGJXVnlVRzl3ZFhCTlpYTnpZV2RsU0dWaFpHVnlJam9pSWl3aVEyaGxZMnR2ZFhSVFpYRjFaVzVqYVc1blFXNWtVSEpwYldWeVVHOXdkWEJOWlhOellXZGxTR1ZoWkdWeVNXNW1iM0p0WVhScGIyNGlPaUpKZENCcGN5QnViM1FnY0c5emMybGliR1VnZEc4Z1kyaGxZMnR2ZFhRZ0x5QnhkVzkwWlNCelpYRjFaVzVqYVc1bklISmxZV04wYVc5dWN5QjNhWFJvYjNWMElIQnlhVzFsY25NZ2QyaHBZMmdnWVhKbElHRnpjMjlqYVdGMFpXUWdkRzhnYzJWc1pXTjBaV1FnYzJWeGRXVnVZMmx1WnlCcGRHVnRjeUJwYmlCMGFHbHpJRzl5WkdWeU9pQThMMkp5UGp3dlluSStJaXdpUTJobFkydHZkWFJUWlhGMVpXNWphVzVuUVc1a1VISnBiV1Z5VUc5d2RYQk5aWE56WVdkbFJtOXZkR1Z5U1c1bWIzSnRZWFJwYjI0aU9pSWlMQ0pEYUdWamEyOTFkRk5sY1hWbGJtTnBibWRCYm1SUWNtbHRaWEpRYjNCMWNFMWxjM05oWjJWRGJHOXpaVUoxZEhSdmJsUmxlSFFpT2lJaUxDSkRhR1ZqYTI5MWRGTmxjWFZsYm1OcGJtZEJibVJRY21sdFpYSlFiM0IxY0VadmNtMWhkRTFsYzNOaFoyVWlPaUlpTENKRGFHVmphMjkxZEZCeWFXMWxja0ZzYjI1bFVHOXdkWEJOWlhOellXZGxRMnh2YzJWQ2RYUjBiMjVVWlhoMElqb2lJaXdpUTJobFkydHZkWFJRY21sdFpYSkJiRzl1WlZCdmNIVndUV1Z6YzJGblpTSTZJbEJ5YVcxbGNpQmhiRzl1WlNCallXNXViM1FnWW1VZ1kyaGxZMnRsWkNCdmRYUXVJRkJzWldGelpTQnpaV3hsWTNRZ1lYUnNaV0Z6ZENCdmJtVWdZWE56YjJOcFlYUmxaQ0J6WlhGMVpXNWphVzVuSUVsMFpXMHVJaXdpUTJobFkydHZkWFJRY21sdFpYSkJiRzl1WlZCdmNIVndUV1Z6YzJGblpVaGxZV1JsY2lJNklsQnNaV0Z6WlNCT2IzUmxJaXdpUW1GeVEyOWtaVlpoYkdsa1lYUnBiMjVRYjNCMWNFTnNiM05sUW5WMGRHOXVWR1Y0ZENJNklrOXJJaXdpUW1GeVEyOWtaVlpoYkdsa1lYUnBiMjVRYjNCMWNFMWxjM05oWjJVaU9pSkNZWEpqYjJSbElHWnZjaUJUWld4bFkzUmxaQ0JKZEdWdElHbHpJR2x1ZG1Gc2FXUWlMQ0pDWVhKRGIyUmxWbUZzYVdSaGRHbHZibEJ2Y0hWd1RXVnpjMkZuWlVobFlXUmxjaUk2SWxCc1pXRnpaU0JPYjNSbElpd2lVMkZ0WlVSaGVVUmxiR2wyWlhKNVZtRnNhV1JoZEdsdmJsQnZjSFZ3UjI5Q1lXTnJRblYwZEc5dVZHVjRkQ0k2SWxkaGFYUWdkVzUwYVd3Z1lXeHNJRTl5WkdWeWN5QmhjbVVnWm1sdWFYTm9aV1FnZEc4Z1UyaHBjQ0J2Ym1ObElpd2lVMkZ0WlVSaGVVUmxiR2wyWlhKNVZtRnNhV1JoZEdsdmJsQnZjSFZ3UTJobFkydHZkWFJDZFhSMGIyNVVaWGgwSWpvaVEyaGxZMnR2ZFhRZ1UyRnRaU0JFWVhrZ1QyeHBaMjl6SUU5dWJIa2lMQ0pUWVcxbFJHRjVSR1ZzYVhabGNubFdZV3hwWkdGMGFXOXVVRzl3ZFhCTlpYTnpZV2RsU0dWaFpHVnlJam9pVUd4bFlYTmxJSE5sYkdWamRDSXNJbE5oYldWRVlYbEVaV3hwZG1WeWVWWmhiR2xrWVhScGIyNVFiM0IxY0UxbGMzTmhaMlZFWlhOamNtbHdkR2x2YmlJNklsbHZkWElnWTJGeWRDQmpiMjUwWVdsdWN5QnpZVzFsSUdSaGVTQnZiR2xuYjNNc0lIZG9hV05vSUc1bFpXUWdkRzhnWW1VZ1kyaGxZMnRsWkNCdmRYUWdjMlZ3WlhKaGRHVnNlU0JwYmlCdmNtUmxjaUIwYnlCbGJuTjFjbVVnZEdobElHWmhjM1JsYzNRZ1pHVnNhWFpsY25rdUlGUm9aU0J2ZEdobGNpQnBkR1Z0Y3lCM2FXeHNJR0psSUhkaGFYUnBibWNnYVc0Z2VXOTFjaUJqWVhKMElIZG9aVzRnZVc5MUlISmxkSFZ5YmlCc1lYUmxjaTRnUEhOd1lXNGdZMnhoYzNNOVhDSjBiMjlzZEdsd1gyUnBZV3h2WjF3aUlIUnBkR3hsUFZ3aVJYaHdiR0ZwYmlCaWRYUjBiMjRnWkdWelkzSnBjSFJwYjI0Z2FHVnlaU0J2Ym14NVhDSWdQand2YzNCaGJqNGlMQ0pTWlhWelpXUkpkR1Z0YzFaaGJHbGtZWFJwYjI1UWIzQjFjRU5zYjNObFFuVjBkRzl1VkdWNGRDSTZJazlySWl3aVVtVjFjMlZrU1hSbGJYTldZV3hwWkdGMGFXOXVVRzl3ZFhCTlpYTnpZV2RsSWpvaVQyOXdjeUFoSUZOdmJXVWdiM0lnWVd4c0lHOW1JSE5sYkdWamRHVmtJSEpsZFhObFpDQnBkR1Z0SjNNZ2IzSnBaMmx1WVd3Z1kyOXVkR0ZwYm1WeWN5QmhjbVVnWlhod2FYSmxaQzRnV1c5MWNpQmpZWEowSUhkcGJHd2dZbVVnZFhCa1lYUmxaQ0JoZFhSdmJXRjBhV05oYkd4NUlHRnVaQ0JqWVhKMElIZHBiR3dnWW1VZ2NtVnNiMkZrWldRdUlFVjRjR2x5WldRZ2FYUmxiU0JPWVcxbGN5QmhjbVVnTFQ0aUxDSlNaWFZ6WldSSmRHVnRjMVpoYkdsa1lYUnBiMjVRYjNCMWNFMWxjM05oWjJWSVpXRmtaWElpT2lKUWJHVmhjMlVnVG05MFpTSXNJa1Y0Y0dseVpXUlFjbWx0WlhKUWIzQjFjRU5zYjNObFFuVjBkRzl1VkdWNGRDSTZJazlySWl3aVJYaHdhWEpsWkZCeWFXMWxjbEJ2Y0hWd1RXVnpjMkZuWlZSbGVIUWlPaUpRY21sdFpYSWdhWE1nWlhod2FYSmxaQ0JtYjNJZ2RHaGxJRzl1WlNCdlppQjBhR1VnYzJWc1pYUmxaQ0J6WlhGMVpXNWphVzVuSUdsMFpXMHVJSEJzWldGelpTQnpaV3hsWTNRZ1lXNXZkR2hsY2lCd2NtbHRaWElnYjNJZ2IzSmtaWElnYm1WM0lIQnlhVzFsY2k0aUxDSkZlSEJwY21Wa1VISnBiV1Z5VUc5d2RYQk5aWE56WVdkbFNHVmhaR1Z5VkdWNGRDSTZJbEJzWlhObElFNXZkR1VpTENKRFlYSjBVR0ZuWlZWU1RDSTZJaTlsYmk5allYSjBMbUZ6Y0hnaUxDSk5hVzVwYlhWdFVHeGhkR1ZUWVcxd2JHVnpVR1Z5UTJobFkydHZkWFFpT2pRNExDSlFiR0YwWlZOaGJYQnNaVU52ZFc1MElqcHVkV3hzTENKSmMxTnBibWRzWlZCc1lYUmxWMmwwYUZaaGJHbGtVMkZ0Y0d4bFEyOTFiblFpT21aaGJITmxMQ0pOYVc1UWJHRjBaVk5oYlhCc1pYTlFiM0IxY0VadmNtMWhkRTFsYzNOaFoyVWlPaUlpTENKTmFXNVFiR0YwWlZOaGJYQnNaWE5RYjNCMWNFWnZjbTFoZEUxbGMzTmhaMlZEYkc5elpVSjFkSFJ2YmxSbGVIUWlPaUlpTENKTmFXNVFiR0YwWlZOaGJYQnNaWE5RYjNCMWNFWnZjbTFoZEUxbGMzTmhaMlZJWldGa1pYSWlPaUlpTENKTllYaHBiWFZ0VG5WdFltVnlUMlpRYkdGMFpYTlFaWEpEYUdWamEyOTFkQ0k2TXl3aVVHeGhkR1Z6UTI5MWJuUkdiM0pEZFhKeVpXNTBUM0prWlhJaU9tNTFiR3dzSWsxaGVHbHRkVzFRYkdGMFpYTlFaWEpEYUdWamEyOTFkRkJ2Y0hWd1JtOXliV0YwVFdWemMyRm5aU0k2SWsxaGVHbHRkVzBnTXlCd2JHRjBaWE1nWVhKbElHVnNhV2RwWW14bElIUnZJR05vWldOcmIzVjBJSEJsY2lCdmNtUmxjaUJtYjNJZ2NHeGhkR1VnYzJWeGRXVnVZMmx1WnlCcGRHVnRjeTRnVUd4bFlYTmxJRzF2WkdsbWVTQjViM1Z5SUhObGJHVmpkR2x2YmlCaFkyTnZjbVJwYm1kc2VTNGlMQ0pOWVhocGJYVnRVR3hoZEdWelVHVnlRMmhsWTJ0dmRYUlFiM0IxY0VadmNtMWhkRTFsYzNOaFoyVkRiRzl6WlVKMWRIUnZibFJsZUhRaU9pSlBheUlzSWsxaGVHbHRkVzFRYkdGMFpYTlFaWEpEYUdWamEyOTFkRVp2Y20xaGRFMWxjM05oWjJWSVpXRmtaWElpT2lKUWJHVmhjMlVnVG05MFpTSXNJbEJ2YzNSQ1lXTnJSV3hsYldWdWRGVnVhWEYxWlVsa0lqb2lZM1JzTURBa1kzUnNNREFrWTNSc01EQWtRMjl1ZEdWdWRGQnNZV05sU0c5c1pHVnlSR1ZtWVhWc2RDUkRZWEowVDNabGNuWnBaWGRmTXlSc2JtdERhR1ZqYTI5MWRDSXNJa1YyWlc1MFFYSm5kVzFsYm5RaU9pSWlmU3dnZEdocGN5azdaQUlRRHc4V0JCOEZCUTB2Wlc0dlkyRnlkQzVoYzNCNEh3TUZCRU5oY25Sa1pBSVNEdzhXQWg4REJRaERhR1ZqYTI5MWRCWUNId3dGbHl4eVpYUjFjbTRnVm1Gc2FXUmhkR1ZKZEdWdGMxUnZRMmhsWTJ0UGRYUlBjbEYxYjNSbEtIc2lRMnh2YzJWQ2RYUjBiMjVVWlhoMElqb2lRMnh2YzJVaUxDSkJiR1Z5ZEUxbGMzTmhaMlZVYVhSc1pTSTZJa0ZzWlhKMElFMWxjM05oWjJVaUxDSkRhR1ZqYTI5MWRGTjBZWFJsUlc1MWJTSTZleUpKYm5aaGJHbGtJam9pU1c1MllXeHBaQ0lzSWxGMWIzUmhZbXhsVDI1c2VTSTZJbEYxYjNSaFlteGxUMjVzZVNJc0lrOXlaR1Z5WVdKc1pVOXViSGtpT2lKUGNtUmxjbUZpYkdWUGJteDVJaXdpVDNKa1pYSmhZbXhsUVc1a1VYVnZkR0ZpYkdVaU9pSlBjbVJsY21GaWJHVkJibVJSZFc5MFlXSnNaU0lzSWs1dmRFOXlaR1Z5WVdKc1pVRnVaRkYxYjNSaFlteGxJam9pVG05MFQzSmtaWEpoWW14bFFXNWtVWFZ2ZEdGaWJHVWlMQ0pPYjNSUGNtUmxjbUZpYkdWQmJtUlJkVzkwWVdKc1pWZHBkR2hKYm5aaGJHbGtJam9pVG05MFQzSmtaWEpoWW14bFFXNWtVWFZ2ZEdGaWJHVlhhWFJvU1c1MllXeHBaQ0lzSWtabGQwOXlaR1Z5WVdKc1pVOXViSGtpT2lKR1pYZFBjbVJsY21GaWJHVlBibXg1SWl3aVJtVjNUM0prWlhKaFlteGxRVzVrUm1WM1VYVnZkR0ZpYkdVaU9pSkdaWGRQY21SbGNtRmliR1ZCYm1SR1pYZFJkVzkwWVdKc1pTSXNJa1psZDFGMWIzUmhZbXhsVDI1c2VWZHBkR2hKYm5aaGJHbGtJam9pUm1WM1VYVnZkR0ZpYkdWUGJteDVWMmwwYUVsdWRtRnNhV1FpTENKR1pYZFBjbVJsY21GaWJHVlBibXg1VjJsMGFFbHVkbUZzYVdRaU9pSkdaWGRQY21SbGNtRmliR1ZQYm14NVYybDBhRWx1ZG1Gc2FXUWlMQ0pHWlhkUGNtUmxjbUZpYkdWQmJtUkdaWGRSZFc5MFlXSnNaVmRwZEdoSmJuWmhiR2xrSWpvaVJtVjNUM0prWlhKaFlteGxRVzVrUm1WM1VYVnZkR0ZpYkdWWGFYUm9TVzUyWVd4cFpDSXNJa1psZDA5eVpHVnlZV0pzWlVGdVpFRnNiRkYxYjNSaFlteGxJam9pUm1WM1QzSmtaWEpoWW14bFFXNWtRV3hzVVhWdmRHRmliR1VpTENKQmJHeFBjbVJsY21GaWJHVkJibVJHWlhkUmRXOTBZV0pzWlNJNklrRnNiRTl5WkdWeVlXSnNaVUZ1WkVabGQxRjFiM1JoWW14bEluMHNJa2wwWlcxVGRHRjBaVVZ1ZFcwaU9uc2lTVzUyWVd4cFpDSTZJa2x1ZG1Gc2FXUWlMQ0pSZFc5MFlXSnNaVTl1YkhraU9pSlJkVzkwWVdKc1pVOXViSGtpTENKUGNtUmxjbUZpYkdWUGJteDVJam9pVDNKa1pYSmhZbXhsVDI1c2VTSXNJazl5WkdWeVlXSnNaVUZ1WkZGMWIzUmhZbXhsSWpvaVQzSmtaWEpoWW14bFFXNWtVWFZ2ZEdGaWJHVWlMQ0pPYjNSUGNtUmxjbUZpYkdWQmJtUlJkVzkwWVdKc1pTSTZJazV2ZEU5eVpHVnlZV0pzWlVGdVpGRjFiM1JoWW14bElpd2lUbTkwVDNKa1pYSmhZbXhsUVc1a1VYVnZkR0ZpYkdWWGFYUm9TVzUyWVd4cFpDSTZJazV2ZEU5eVpHVnlZV0pzWlVGdVpGRjFiM1JoWW14bFYybDBhRWx1ZG1Gc2FXUWlMQ0pHWlhkUGNtUmxjbUZpYkdWUGJteDVJam9pUm1WM1QzSmtaWEpoWW14bFQyNXNlU0lzSWtabGQwOXlaR1Z5WVdKc1pVRnVaRVpsZDFGMWIzUmhZbXhsSWpvaVJtVjNUM0prWlhKaFlteGxRVzVrUm1WM1VYVnZkR0ZpYkdVaUxDSkdaWGRSZFc5MFlXSnNaVTl1YkhsWGFYUm9TVzUyWVd4cFpDSTZJa1psZDFGMWIzUmhZbXhsVDI1c2VWZHBkR2hKYm5aaGJHbGtJaXdpUm1WM1QzSmtaWEpoWW14bFQyNXNlVmRwZEdoSmJuWmhiR2xrSWpvaVJtVjNUM0prWlhKaFlteGxUMjVzZVZkcGRHaEpiblpoYkdsa0lpd2lSbVYzVDNKa1pYSmhZbXhsUVc1a1JtVjNVWFZ2ZEdGaWJHVlhhWFJvU1c1MllXeHBaQ0k2SWtabGQwOXlaR1Z5WVdKc1pVRnVaRVpsZDFGMWIzUmhZbXhsVjJsMGFFbHVkbUZzYVdRaUxDSkdaWGRQY21SbGNtRmliR1ZCYm1SQmJHeFJkVzkwWVdKc1pTSTZJa1psZDA5eVpHVnlZV0pzWlVGdVpFRnNiRkYxYjNSaFlteGxJaXdpUVd4c1QzSmtaWEpoWW14bFFXNWtSbVYzVVhWdmRHRmliR1VpT2lKQmJHeFBjbVJsY21GaWJHVkJibVJHWlhkUmRXOTBZV0pzWlNKOUxDSm9aRzVHYVdWc1pGTmxiR1ZqZEdWa1QzSmtaWEpKZEdWdFEyaGxZMnR2ZFhSVGRHRjBaWE5EYkdsbGJuUkpaQ0k2SWtOdmJuUmxiblJRYkdGalpVaHZiR1JsY2tSbFptRjFiSFJmUTJGeWRFOTJaWEoyYVdWM1h6TmZhR1J1Um1sbGJHUlRaV3hsWTNSbFpFOXlaR1Z5U1hSbGJVTm9aV05yYjNWMFUzUmhkR1Z6SWl3aWFHUnVSbWxsYkdSVFpXeGxZM1JsWkVsMFpXMUpaSE5EYkdsbGJuUkpaQ0k2SWtOdmJuUmxiblJRYkdGalpVaHZiR1JsY2tSbFptRjFiSFJmUTJGeWRFOTJaWEoyYVdWM1h6TmZhR1J1Um1sbGJHUlRaV3hsWTNSbFpFbDBaVzFKWkhNaUxDSlBjbVJsY2xObGJHVmpkR1ZrVUhKdlpIVmpkSE1pT2pFc0lrTnZibVpwY20xaGRHbHZibFJwZEd4bFVtVnpiM1Z5WTJVaU9pSkRiMjVtYVhKdFlYUnBiMjRpTENKUWNtOWpaV1ZrUW5WMGRHOXVWR1Y0ZENJNklsQnliMk5sWldRaUxDSlFjbTlqWldWa1FuVjBkRzl1UTJGc2JHSmhZMnNpT2lKV1lXeHBaR0YwWlVsMFpXMXpWRzlEYUdWamEwOTFkRTl5VVhWdmRHVWlMQ0pKYm5aaGJHbGtTWFJsYlhOVFpXeGxZM1JsWkVadmNrTm9aV05yYjNWMFVtVnpiM1Z5WTJVaU9pSlVhR1Z5WlNCaGNtVWdjMjl0WlNCcGJuWmhiR2xrSUdsMFpXMXpJR05vYjNObGJpQm1iM0lnWTJobFkydHZkWFFpTENKT2IwOXlaR1Z5WVdKc1pVbDBaVzF6VTJWc1pXTjBaV1JHYjNKRGFHVmphMjkxZEZKbGMyOTFjbU5sSWpvaVRtOGdkbUZzYVdRZ2IzSmtaWEpoWW14bElHbDBaVzF6SUdGeVpTQmphRzl6Wlc0Z1ptOXlJRzl5WkdWeUlIQnliMk5sYzNNaUxDSk9iMUYxYjNSaFlteGxTWFJsYlhOVFpXeGxZM1JsWkVadmNrTm9aV05yYjNWMFVtVnpiM1Z5WTJVaU9pSk9ieUIyWVd4cFpDQnhkVzkwWVdKc1pTQnBkR1Z0Y3lCaGNtVWdZMmh2YzJWdUlHWnZjaUJ4ZFc5MFpTQndjbTlqWlhOeklpd2lUM0prWlhKaFlteGxRVzVrVG05dVQzSmtaWEpoWW14bFNYUmxiWE5UWld4bFkzUmxaRVp2Y2tOb1pXTnJiM1YwVW1WemIzVnlZMlVpT2lKWmIzVWdZMkZ1SUdWcGRHaGxjaUFuY0hKdlkyVmxaQ2NnZDJsMGFDQnZjbVJsY2lCd2NtOWpaWE56SUc5bUlIUm9aU0J2Y21SbGNtRmliR1VnYVhSbGJYTWdiM0lnWldScGRDQjBhR1VnYm05dUxXOXlaR1Z5WVdKc1pTQnBkR1Z0Y3lJc0lsRjFiM1JoWW14bFFXNWtUbTl1VVhWdmRHRmliR1ZKZEdWdGMxTmxiR1ZqZEdWa1JtOXlRMmhsWTJ0dmRYUlNaWE52ZFhKalpTSTZJbGx2ZFNCallXNGdaV2wwYUdWeUlDZHdjbTlqWldWa0p5QjNhWFJvSUhGMWIzUmxJSEJ5YjJObGMzTWdiMllnZEdobElIRjFiM1JoWW14bElHbDBaVzF6SUc5eUlHVmthWFFnZEdobElHNXZiaTF4ZFc5MFlXSnNaU0JwZEdWdGN5SXNJbEYxYjNSbFUyVnNaV04wWldSUWNtOWtkV04wY3lJNk1pd2lUbTlKZEdWdGMxTmxiR1ZqZEdWa0lqb2lUbThnU1hSbGJYTWdVMlZzWldOMFpXUXVJRkJzWldGelpTQmphRzl2YzJVZ2IyNWxJQ2h2Y2lrZ2JXOXlaU0JwZEdWdGN5QjBieUJ3WlhKbWIzSnRJSFJvWlNCaFkzUnBiMjR1SWl3aVEyRnlkRUZqZEdsdmJrUmxiR1YwWlZObGJHVmpkR1ZrVUhKdlpIVmpkSE1pT2pVc0lsZHBjMmhNYVhOMFFXTjBhVzl1YzBSbGJHVjBaVk5sYkdWamRHVmtVSEp2WkhWamRITWlPaklzSWtSbGJHVjBaVU52Ym1acGNtMWhkR2x2YmsxbGMzTmhaMlZTWlhOdmRYSmpaU0k2SWp4d1BrUnZJSGx2ZFNCeVpXRnNiSGtnZDJGdWRDQjBieUJrWld4bGRHVWdkR2hwY3lCcGRHVnRLSE1wUHp3dmNENGlMQ0pFWld4bGRHVkRiMjVtYVhKdFlYUnBiMjVPYjBKMWRIUnZibEpsYzI5MWNtTmxJam9pVG04aUxDSkVaV3hsZEdWRGIyNW1hWEp0WVhScGIyNVpaWE5DZFhSMGIyNVNaWE52ZFhKalpTSTZJbGxsY3lJc0lrUmxiR1YwWlVOdmJtWnBjbTFoZEdsdmJraGxZV1JsY2xSbGVIUlNaWE52ZFhKalpTSTZJa1JsYkdWMFpTSXNJa05oY25SQlkzUnBiMjRpT2pFc0lrTm9aV05yYjNWMFFuVjBkRzl1VTJOeWFYQjBJanB1ZFd4c0xDSkRhR1ZqYTI5MWRGTmxjWFZsYm1OcGJtZEJibVJRY21sdFpYSlFiM0IxY0UxbGMzTmhaMlZJWldGa1pYSWlPaUlpTENKRGFHVmphMjkxZEZObGNYVmxibU5wYm1kQmJtUlFjbWx0WlhKUWIzQjFjRTFsYzNOaFoyVklaV0ZrWlhKSmJtWnZjbTFoZEdsdmJpSTZJa2wwSUdseklHNXZkQ0J3YjNOemFXSnNaU0IwYnlCamFHVmphMjkxZENBdklIRjFiM1JsSUhObGNYVmxibU5wYm1jZ2NtVmhZM1JwYjI1eklIZHBkR2h2ZFhRZ2NISnBiV1Z5Y3lCM2FHbGphQ0JoY21VZ1lYTnpiMk5wWVhSbFpDQjBieUJ6Wld4bFkzUmxaQ0J6WlhGMVpXNWphVzVuSUdsMFpXMXpJR2x1SUhSb2FYTWdiM0prWlhJNklEd3ZZbkkrUEM5aWNqNGlMQ0pEYUdWamEyOTFkRk5sY1hWbGJtTnBibWRCYm1SUWNtbHRaWEpRYjNCMWNFMWxjM05oWjJWR2IyOTBaWEpKYm1admNtMWhkR2x2YmlJNklpSXNJa05vWldOcmIzVjBVMlZ4ZFdWdVkybHVaMEZ1WkZCeWFXMWxjbEJ2Y0hWd1RXVnpjMkZuWlVOc2IzTmxRblYwZEc5dVZHVjRkQ0k2SWlJc0lrTm9aV05yYjNWMFUyVnhkV1Z1WTJsdVowRnVaRkJ5YVcxbGNsQnZjSFZ3Um05eWJXRjBUV1Z6YzJGblpTSTZJaUlzSWtOb1pXTnJiM1YwVUhKcGJXVnlRV3h2Ym1WUWIzQjFjRTFsYzNOaFoyVkRiRzl6WlVKMWRIUnZibFJsZUhRaU9pSWlMQ0pEYUdWamEyOTFkRkJ5YVcxbGNrRnNiMjVsVUc5d2RYQk5aWE56WVdkbElqb2lVSEpwYldWeUlHRnNiMjVsSUdOaGJtNXZkQ0JpWlNCamFHVmphMlZrSUc5MWRDNGdVR3hsWVhObElITmxiR1ZqZENCaGRHeGxZWE4wSUc5dVpTQmhjM052WTJsaGRHVmtJSE5sY1hWbGJtTnBibWNnU1hSbGJTNGlMQ0pEYUdWamEyOTFkRkJ5YVcxbGNrRnNiMjVsVUc5d2RYQk5aWE56WVdkbFNHVmhaR1Z5SWpvaVVHeGxZWE5sSUU1dmRHVWlMQ0pDWVhKRGIyUmxWbUZzYVdSaGRHbHZibEJ2Y0hWd1EyeHZjMlZDZFhSMGIyNVVaWGgwSWpvaVQyc2lMQ0pDWVhKRGIyUmxWbUZzYVdSaGRHbHZibEJ2Y0hWd1RXVnpjMkZuWlNJNklrSmhjbU52WkdVZ1ptOXlJRk5sYkdWamRHVmtJRWwwWlcwZ2FYTWdhVzUyWVd4cFpDSXNJa0poY2tOdlpHVldZV3hwWkdGMGFXOXVVRzl3ZFhCTlpYTnpZV2RsU0dWaFpHVnlJam9pVUd4bFlYTmxJRTV2ZEdVaUxDSlRZVzFsUkdGNVJHVnNhWFpsY25sV1lXeHBaR0YwYVc5dVVHOXdkWEJIYjBKaFkydENkWFIwYjI1VVpYaDBJam9pVjJGcGRDQjFiblJwYkNCaGJHd2dUM0prWlhKeklHRnlaU0JtYVc1cGMyaGxaQ0IwYnlCVGFHbHdJRzl1WTJVaUxDSlRZVzFsUkdGNVJHVnNhWFpsY25sV1lXeHBaR0YwYVc5dVVHOXdkWEJEYUdWamEyOTFkRUoxZEhSdmJsUmxlSFFpT2lKRGFHVmphMjkxZENCVFlXMWxJRVJoZVNCUGJHbG5iM01nVDI1c2VTSXNJbE5oYldWRVlYbEVaV3hwZG1WeWVWWmhiR2xrWVhScGIyNVFiM0IxY0UxbGMzTmhaMlZJWldGa1pYSWlPaUpRYkdWaGMyVWdjMlZzWldOMElpd2lVMkZ0WlVSaGVVUmxiR2wyWlhKNVZtRnNhV1JoZEdsdmJsQnZjSFZ3VFdWemMyRm5aVVJsYzJOeWFYQjBhVzl1SWpvaVdXOTFjaUJqWVhKMElHTnZiblJoYVc1eklITmhiV1VnWkdGNUlHOXNhV2R2Y3l3Z2QyaHBZMmdnYm1WbFpDQjBieUJpWlNCamFHVmphMlZrSUc5MWRDQnpaWEJsY21GMFpXeDVJR2x1SUc5eVpHVnlJSFJ2SUdWdWMzVnlaU0IwYUdVZ1ptRnpkR1Z6ZENCa1pXeHBkbVZ5ZVM0Z1ZHaGxJRzkwYUdWeUlHbDBaVzF6SUhkcGJHd2dZbVVnZDJGcGRHbHVaeUJwYmlCNWIzVnlJR05oY25RZ2QyaGxiaUI1YjNVZ2NtVjBkWEp1SUd4aGRHVnlMaUE4YzNCaGJpQmpiR0Z6Y3oxY0luUnZiMngwYVhCZlpHbGhiRzluWENJZ2RHbDBiR1U5WENKRmVIQnNZV2x1SUdKMWRIUnZiaUJrWlhOamNtbHdkR2x2YmlCb1pYSmxJRzl1YkhsY0lpQStQQzl6Y0dGdVBpSXNJbEpsZFhObFpFbDBaVzF6Vm1Gc2FXUmhkR2x2YmxCdmNIVndRMnh2YzJWQ2RYUjBiMjVVWlhoMElqb2lUMnNpTENKU1pYVnpaV1JKZEdWdGMxWmhiR2xrWVhScGIyNVFiM0IxY0UxbGMzTmhaMlVpT2lKUGIzQnpJQ0VnVTI5dFpTQnZjaUJoYkd3Z2IyWWdjMlZzWldOMFpXUWdjbVYxYzJWa0lHbDBaVzBuY3lCdmNtbG5hVzVoYkNCamIyNTBZV2x1WlhKeklHRnlaU0JsZUhCcGNtVmtMaUJaYjNWeUlHTmhjblFnZDJsc2JDQmlaU0IxY0dSaGRHVmtJR0YxZEc5dFlYUnBZMkZzYkhrZ1lXNWtJR05oY25RZ2QybHNiQ0JpWlNCeVpXeHZZV1JsWkM0Z1JYaHdhWEpsWkNCcGRHVnRJRTVoYldWeklHRnlaU0F0UGlJc0lsSmxkWE5sWkVsMFpXMXpWbUZzYVdSaGRHbHZibEJ2Y0hWd1RXVnpjMkZuWlVobFlXUmxjaUk2SWxCc1pXRnpaU0JPYjNSbElpd2lSWGh3YVhKbFpGQnlhVzFsY2xCdmNIVndRMnh2YzJWQ2RYUjBiMjVVWlhoMElqb2lUMnNpTENKRmVIQnBjbVZrVUhKcGJXVnlVRzl3ZFhCTlpYTnpZV2RsVkdWNGRDSTZJbEJ5YVcxbGNpQnBjeUJsZUhCcGNtVmtJR1p2Y2lCMGFHVWdiMjVsSUc5bUlIUm9aU0J6Wld4bGRHVmtJSE5sY1hWbGJtTnBibWNnYVhSbGJTNGdjR3hsWVhObElITmxiR1ZqZENCaGJtOTBhR1Z5SUhCeWFXMWxjaUJ2Y2lCdmNtUmxjaUJ1WlhjZ2NISnBiV1Z5TGlJc0lrVjRjR2x5WldSUWNtbHRaWEpRYjNCMWNFMWxjM05oWjJWSVpXRmtaWEpVWlhoMElqb2lVR3hsYzJVZ1RtOTBaU0lzSWtOaGNuUlFZV2RsVlZKTUlqb2lMMlZ1TDJOaGNuUXVZWE53ZUNJc0lrMXBibWx0ZFcxUWJHRjBaVk5oYlhCc1pYTlFaWEpEYUdWamEyOTFkQ0k2TkRnc0lsQnNZWFJsVTJGdGNHeGxRMjkxYm5RaU9tNTFiR3dzSWtselUybHVaMnhsVUd4aGRHVlhhWFJvVm1Gc2FXUlRZVzF3YkdWRGIzVnVkQ0k2Wm1Gc2MyVXNJazFwYmxCc1lYUmxVMkZ0Y0d4bGMxQnZjSFZ3Um05eWJXRjBUV1Z6YzJGblpTSTZJaUlzSWsxcGJsQnNZWFJsVTJGdGNHeGxjMUJ2Y0hWd1JtOXliV0YwVFdWemMyRm5aVU5zYjNObFFuVjBkRzl1VkdWNGRDSTZJaUlzSWsxcGJsQnNZWFJsVTJGdGNHeGxjMUJ2Y0hWd1JtOXliV0YwVFdWemMyRm5aVWhsWVdSbGNpSTZJaUlzSWsxaGVHbHRkVzFPZFcxaVpYSlBabEJzWVhSbGMxQmxja05vWldOcmIzVjBJam96TENKUWJHRjBaWE5EYjNWdWRFWnZja04xY25KbGJuUlBjbVJsY2lJNmJuVnNiQ3dpVFdGNGFXMTFiVkJzWVhSbGMxQmxja05vWldOcmIzVjBVRzl3ZFhCR2IzSnRZWFJOWlhOellXZGxJam9pVFdGNGFXMTFiU0F6SUhCc1lYUmxjeUJoY21VZ1pXeHBaMmxpYkdVZ2RHOGdZMmhsWTJ0dmRYUWdjR1Z5SUc5eVpHVnlJR1p2Y2lCd2JHRjBaU0J6WlhGMVpXNWphVzVuSUdsMFpXMXpMaUJRYkdWaGMyVWdiVzlrYVdaNUlIbHZkWElnYzJWc1pXTjBhVzl1SUdGalkyOXlaR2x1WjJ4NUxpSXNJazFoZUdsdGRXMVFiR0YwWlhOUVpYSkRhR1ZqYTI5MWRGQnZjSFZ3Um05eWJXRjBUV1Z6YzJGblpVTnNiM05sUW5WMGRHOXVWR1Y0ZENJNklrOXJJaXdpVFdGNGFXMTFiVkJzWVhSbGMxQmxja05vWldOcmIzVjBSbTl5YldGMFRXVnpjMkZuWlVobFlXUmxjaUk2SWxCc1pXRnpaU0JPYjNSbElpd2lVRzl6ZEVKaFkydEZiR1Z0Wlc1MFZXNXBjWFZsU1dRaU9pSmpkR3d3TUNSamRHd3dNQ1JqZEd3d01DUkRiMjUwWlc1MFVHeGhZMlZJYjJ4a1pYSkVaV1poZFd4MEpFTmhjblJQZG1WeWRtbGxkMTh6Skd4dWEwTm9aV05yYjNWMElpd2lSWFpsYm5SQmNtZDFiV1Z1ZENJNklpSjlMQ0IwYUdsektUdGtBaElQWkJZS0FnRVBaQllDWmc4UEZnSWVDMnhpYkVobFlXUk1hVzVsQlJCVGFHbHdjR2x1WnlCQlpHUnlaWE56WkJZTUFnWVBGZ0lmQXdWQlEyaHZiM05sSUc5dVpTQnZaaUI1YjNWeUlHVjRhWE4wYVc1bklGTm9hWEJ3YVc1bklFRmtaSEpsYzNNZ2IzSWdZM0psWVhSbElHRWdibVYzSUc5dVpTNWtBZ2dQWkJZQ0FnTVBaQllDQWdFUEZnSWZBd1VvUTJobFkyc2dhV1lnZVc5MUlHUnZJRzV2ZENCM2FYTm9JSFJ2SUdoaGRtVWdVR2xqYXkxVmNHUUNDZzhQRmdJZkJHaGtGaFlDQkE4VkFSVkRhRzl2YzJVZ1VHbGpheTFWY0NCdmNIUnBiMjVrQWdZUEZRRUZVM0JsWldSa0FnZ1BGUUlHVG05eWJXRnNHQ0JFWlhOcGNtVmtJRU52Ykd4bFkzUnBiMjRnUkdGMFpXUUNDZzhWQVJkRVpYTnBjbVZrSUVOdmJHeGxZM1JwYjI0Z1ZHbHRaV1FDQ3c4UUR4WUNIZ3RmSVVSaGRHRkNiM1Z1Wkdka1pCWUFaQUlQRHc4V0FoNE1SWEp5YjNKTlpYTnpZV2RsQlJ4UWJHVmhjMlVnWTJodmIzTmxJRkJwWTJzdFZYQWdiM0IwYVc5dVpHUUNFUThQRmdJZkR3VW1VR3hsWVhObElITmxiR1ZqZENBZ1pHVnphWEpsWkNCamIyeHNaV04wYVc5dUlHUmhkR1ZrWkFJVER3OFdBaDhQQlNaSmJuWmhiR2xrSUdSbGMybHlaV1FnWTI5c2JHVmpkR2x2YmlCa1lYUmxJR1p2Y20xaGRHUmtBaFVQRHhZQ0h3OEZVVk52Y25KNUxGZGxJRU5oYmlCdWIzUWdjSEp2ZG1sa1pTQlFhV05yTFZWd0lITmxjblpwWTJVZ2IyNGdjMlZzWldOMFpXUWdaR0YwWlM1UWJHVmhjMlVnYzJWc1pXTjBJRzkwYUdWeUlHUmhlV1JrQWhjUFpCWUVaZzhWQVhaRGIyNTBaVzUwVUd4aFkyVkliMnhrWlhKRVpXWmhkV3gwWDAxaGMzUmxjbEJzWVdObGFHOXNaR1Z5WDBGa1pISmxjM05NYVhOMFh6VmZZMjl0VUdsamExVndRV1JrY21WemMwOXdkR2x2Ym5OZmRuTlFhV05yVlhCUGNIUnBiMjVmWldOdmJWWmhiR2xrWVhScGIyNVRkVzF0WVhKNVpBSUNEeFVCZGtOdmJuUmxiblJRYkdGalpVaHZiR1JsY2tSbFptRjFiSFJmVFdGemRHVnlVR3hoWTJWb2IyeGtaWEpmUVdSa2NtVnpjMHhwYzNSZk5WOWpiMjFRYVdOclZYQkJaR1J5WlhOelQzQjBhVzl1YzE5MmMxQnBZMnRWY0U5d2RHbHZibDlsWTI5dFZtRnNhV1JoZEdsdmJsTjFiVzFoY25sa0FoNFBGUUdCQVVOdmJuUmxiblJRYkdGalpVaHZiR1JsY2tSbFptRjFiSFJmVFdGemRHVnlVR3hoWTJWb2IyeGtaWEpmUVdSa2NtVnpjMHhwYzNSZk5WOWpiMjFRYVdOclZYQkJaR1J5WlhOelQzQjBhVzl1YzE5d2JteEVjbUZuWVdKc1pWZHBibVJ2ZDBOdmJuUmxiblJmU1c1c2FXNWxUV1Z6YzJGblpVTnZiblJoYVc1bGNtUUNEQTg4S3dBUkF3QVBGZ1llRTFWelpVRmpZMlZ6YzJsaWJHVklaV0ZrWlhKbkh3NW5IZ3RmSVVsMFpXMURiM1Z1ZEFJQlpBRVFGZ0FXQUJZQURCUXJBQUFXQW1ZUFpCWUdaZzhQRmdRZURGUmhZbXhsVTJWamRHbHZiZ3NxS1ZONWMzUmxiUzVYWldJdVZVa3VWMlZpUTI5dWRISnZiSE11VkdGaWJHVlNiM2RUWldOMGFXOXVBQjhFYUdSa0FnRVBaQllDWmc5a0ZnSUNBUTlrRmdZQ0FROWtGZ0lDQVE4UUQyUVdBaDRIYjI1amJHbGphd1d0RFZObGJHVmpkRk5wYm1kc1pWSmhaR2x2WW5WMGRHOXVLSFJvYVhNdWFXUXBPeUJQYmxObGJHVmpkRUZrWkhKbGMzTW9KME52Ym5SbGJuUlFiR0ZqWlVodmJHUmxja1JsWm1GMWJIUmZUV0Z6ZEdWeVVHeGhZMlZvYjJ4a1pYSmZRV1JrY21WemMweHBjM1JmTlY5d2JteEVjbUZuWVdKc1pWZHBibVJ2ZDBOdmJuUmxiblFuTENjekp5d25VMmhwY0hCcGJtY25MQ2Q3WENJa2FXUmNJanBjSWpGY0lpeGNJbEJ5YVdObFFXZHlaV1Z0Wlc1MFRuVnRZbVZ5WENJNmJuVnNiQ3hjSWxaaGRFbGtSWGgwWENJNmJuVnNiQ3hjSWtGa1pHbDBhVzl1WVd4RmJXRnBiSE5jSWpwdWRXeHNMRndpUVdSa2NtVnpjMUpsWmx3aU9sd2lNekV4TURBd01ETXlOakJjSWl4Y0lrRmtaSEpsYzNOVWVYQmxSVzUxYlZ3aU9qTXNYQ0pEWVc1RlpHbDBRV1JrY21WemMxd2lPblJ5ZFdVc1hDSkRhWFI1WENJNlhDSkRhWFI1TURBeFhDSXNYQ0pEYjNWdWRISjVYQ0k2ZTF3aUpHbGtYQ0k2WENJeVhDSXNYQ0pCYkd4dmQxWmhkRVY0Wlcxd2RGd2lPbVpoYkhObExGd2lRMjkxYm5SeWVVNWhiV1ZjSWpwdWRXeHNMRndpU1c1emRHRnVZMlZUZEdGMGRYTkZiblZ0WENJNk1DeGNJa2x6YjB0bGVWd2lPbTUxYkd3c1hDSk1ZVzVuZFdGblpWd2lPbTUxYkd3c1hDSlNaV2RwYjI1Y0lqcHVkV3hzTEZ3aVUyaHZkME4xYzNSdmJVWnBaV3hrTVZ3aU9tWmhiSE5sTEZ3aVUyaHZkME4xYzNSdmJVWnBaV3hrTWx3aU9tWmhiSE5sTEZ3aVUyaHZkMVpoZEZ3aU9tWmhiSE5sTEZ3aVUybDBaVndpT201MWJHd3NYQ0pUZEdGMFpYTmNJanB1ZFd4c0xGd2lWbVZ5YzJsdmJsd2lPakFzWENKTVlXSnZjbUYwYjNKcFpYTmNJanB1ZFd4c0xGd2lTWE5XWVhSSlpFMWhibVJoZEc5eWVWd2lPbVpoYkhObExGd2lXbWx3UTI5a1pWSmxaMlY0WENJNmJuVnNiQ3hjSWtsa1hDSTZNQ3hjSWtselNHRnlaRVJsYkdWMFpXUmNJanBtWVd4elpYMHNYQ0pEZFhOMGIyMUdhV1ZzWkRGY0lqcHVkV3hzTEZ3aVEzVnpkRzl0Um1sbGJHUXlYQ0k2Ym5Wc2JDeGNJa1Z0WVdsc1hDSTZYQ0p3Ym5SbGMzUXdNREZBWlhWeWIyWnBibk11WTI5dFhDSXNYQ0pHWVhoY0lqcGNJakV5TTF3aUxGd2lSbWx5YzNST1lXMWxYQ0k2WENKd2JuUmxjM1JtTURBeFhDSXNYQ0pKYm5OMFlXNWpaVk4wWVhSMWMwVnVkVzFjSWpvd0xGd2lTWE5FWldaaGRXeDBYQ0k2ZEhKMVpTeGNJa2x6UldOdmJVOXViSGxjSWpwMGNuVmxMRndpVEdGemRFNWhiV1ZjSWpwY0luQnVkR1Z6ZEd3d01ERmNJaXhjSWt4cGJtVXhYQ0k2WENKRmRYSnZabWx1YzF3aUxGd2lUR2x1WlRKY0lqcGNJa2xVWENJc1hDSk1hVzVsTTF3aU9sd2lSM0p2ZFhCY0lpeGNJazF2WW1sc1pWd2lPbHdpT1Rjek9UVTJOVFkxTmx3aUxGd2lVR2h2Ym1WY0lqcGNJamszTXprMU5qVTJOVFpjSWl4Y0lsQm9iMjVsVG05RmVIUmNJanB1ZFd4c0xGd2lVbVZqYVhCcFpXNTBYQ0k2Ym5Wc2JDeGNJbE4wWVhSbFhDSTZlMXdpSkdsa1hDSTZYQ0l6WENJc1hDSkRiM1Z1ZEhKNVhDSTZiblZzYkN4Y0lrbHVjM1JoYm1ObFUzUmhkSFZ6Ulc1MWJWd2lPakFzWENKVGRHRjBaVXRsZVZ3aU9tNTFiR3dzWENKVGRHRjBaVTVoYldWY0lqcHVkV3hzTEZ3aVZtVnljMmx2Ymx3aU9qQXNYQ0pKWkZ3aU9qQXNYQ0pKYzBoaGNtUkVaV3hsZEdWa1hDSTZabUZzYzJWOUxGd2lVM1J5WldWMFhDSTZYQ0pUZEhKbFpYUXdNREZjSWl4Y0lsTjBjbVZsZERKY0lqcGNJbE4wY21WbGREQXdNVndpTEZ3aVUzUnlaV1YwTTF3aU9sd2lVM1J5WldWME1EQXhYQ0lzWENKVWFYUnNaVndpT2x3aVRWSmNJaXhjSWxaaGRFbGtYQ0k2Ym5Wc2JDeGNJbGRsWW5OcGRHVmNJanB1ZFd4c0xGd2lXbWx3WENJNlhDSTFOakF3TkRKY0lpeGNJa2x6Vm1Gc2FXUmhkR1ZrWENJNmRISjFaU3hjSWt4aGRHbDBkV1JsWENJNmJuVnNiQ3hjSWt4dmJtZHBkSFZrWlZ3aU9tNTFiR3dzWENKSmMwVjRhWE4wYVc1blFtbHNiRlJ2WENJNlptRnNjMlVzWENKSmMxSmxZV1JQYm14NVhDSTZabUZzYzJVc1hDSkpjMDl5WkdWeVEyOXdlVndpT21aaGJITmxMRndpU1dSY0lqb3hNalUzT1RNc1hDSkpjMGhoY21SRVpXeGxkR1ZrWENJNlptRnNjMlY5Snl3blEyOXVkR1Z1ZEZCc1lXTmxTRzlzWkdWeVJHVm1ZWFZzZEY5TllYTjBaWEpRYkdGalpXaHZiR1JsY2w5QlpHUnlaWE56VEdsemRGODFYMmhrYmxObGJHVmpkR1ZrUVdSa2NtVnpjMGxrSnl3blEyOXVkR1Z1ZEZCc1lXTmxTRzlzWkdWeVJHVm1ZWFZzZEY5TllYTjBaWEpRYkdGalpXaHZiR1JsY2w5b1pHNUJaR1J5WlhOelRHbHpkRk5sYkdWamRHVmtRV1JrY21WemMwbGtYMU5vYVhCd2FXNW5KeWs3WkdSa0FnTVBaQllDQWdFUEZnSWVBMlp2Y2dWY1EyOXVkR1Z1ZEZCc1lXTmxTRzlzWkdWeVJHVm1ZWFZzZEY5TllYTjBaWEpRYkdGalpXaHZiR1JsY2w5QlpHUnlaWE56VEdsemRGODFYMmQyUVdSa2NtVnpjMHhwYzNSZmNtUmlkRzVUWld4bFkzUkJaR1J5WlhOelh6QVdBZ0lCRHhZQ0h3TUZ0UUZ3Ym5SbGMzUm1NREF4SmlNeE5qQTdjRzUwWlhOMGJEQXdNU1lqTVRZd096eGljaTgrUlhWeWIyWnBibk04WW5JdlBrbFVQR0p5THo1SGNtOTFjRHhpY2k4K1UzUnlaV1YwTURBeFBHSnlMejVEYVhSNU1EQXhMRHhpY2k4K05UWXdNRFF5SmlNeE5qQTdTVzVrYVdFbUl6RTJNRHM4WW5JdlBqazNNemsxTmpVMk5UWThZbkl2UG5CdWRHVnpkREF3TVVCbGRYSnZabWx1Y3k1amIyMDhZbkl2UGpNeE1UQXdNREF6TWpZd0ppTXhOakE3WkFJRkQyUVdCZ0lCRHc4V0FoOERCUVpFWld4bGRHVVdBaDhUQlprVFUyaHZkMFJwWVd4dlp5Z2lQSEErUkc4Z2VXOTFJSEpsWVd4c2VTQjNZVzUwSUhSdklHUmxiR1YwWlNCMGFHbHpJR2wwWlcwb2N5ay9QQzl3UGlJc2V5SkVhV0ZzYjJkRGJHRnpjeUk2SWlJc0lraGxhV2RvZENJNkltRjFkRzhpTENKTmIyUmhiQ0k2ZEhKMVpTd2lVRzl6YVhScGIyNGlPaUpqWlc1MFpYSWlMQ0pYYVdSMGFDSTZJak13TUNJc0lrTnNiM05oWW14bElqcDBjblZsTENKVWFYUnNaU0k2SWtSbGJHVjBaU0lzSWtKMWRIUnZiakZVWlhoMElqb2lXV1Z6SWl3aVFuVjBkRzl1TWxSbGVIUWlPaUpPYnlJc0lrSjFkSFJ2YmpGRFlXeHNZbUZqYXlJNklrOXVSR1ZzWlhSbFFXUmtjbVZ6Y3lJc0lrSjFkSFJ2YmpKRFlXeHNZbUZqYXlJNmJuVnNiQ3dpUW5WMGRHOXVNVU5oYkd4aVlXTnJVR0Z5WVcxbGRHVnljeUk2SW50Y0lrTnNhV1Z1ZEZkcGJtUnZkME52Ym5SbGJuUkpaRndpT2x3aVEyOXVkR1Z1ZEZCc1lXTmxTRzlzWkdWeVJHVm1ZWFZzZEY5TllYTjBaWEpRYkdGalpXaHZiR1JsY2w5QlpHUnlaWE56VEdsemRGODFYM0J1YkVSeVlXZGhZbXhsVjJsdVpHOTNRMjl1ZEdWdWRGd2lMRndpUVdSa2NtVnpjMVI1Y0dWRmJuVnRYQ0k2WENKVGFHbHdjR2x1WjF3aUxGd2lTbk52YmtWa2FYUkJaR1J5WlhOelhDSTZlMXdpSkdsa1hDSTZYQ0l4WENJc1hDSlFjbWxqWlVGbmNtVmxiV1Z1ZEU1MWJXSmxjbHdpT201MWJHd3NYQ0pXWVhSSlpFVjRkRndpT201MWJHd3NYQ0pCWkdScGRHbHZibUZzUlcxaGFXeHpYQ0k2Ym5Wc2JDeGNJa0ZrWkhKbGMzTlNaV1pjSWpwY0lqTXhNVEF3TURBek1qWXdYQ0lzWENKQlpHUnlaWE56Vkhsd1pVVnVkVzFjSWpvekxGd2lRMkZ1UldScGRFRmtaSEpsYzNOY0lqcDBjblZsTEZ3aVEybDBlVndpT2x3aVEybDBlVEF3TVZ3aUxGd2lRMjkxYm5SeWVWd2lPbnRjSWlScFpGd2lPbHdpTWx3aUxGd2lRV3hzYjNkV1lYUkZlR1Z0Y0hSY0lqcG1ZV3h6WlN4Y0lrTnZkVzUwY25sT1lXMWxYQ0k2Ym5Wc2JDeGNJa2x1YzNSaGJtTmxVM1JoZEhWelJXNTFiVndpT2pBc1hDSkpjMjlMWlhsY0lqcHVkV3hzTEZ3aVRHRnVaM1ZoWjJWY0lqcHVkV3hzTEZ3aVVtVm5hVzl1WENJNmJuVnNiQ3hjSWxOb2IzZERkWE4wYjIxR2FXVnNaREZjSWpwbVlXeHpaU3hjSWxOb2IzZERkWE4wYjIxR2FXVnNaREpjSWpwbVlXeHpaU3hjSWxOb2IzZFdZWFJjSWpwbVlXeHpaU3hjSWxOcGRHVmNJanB1ZFd4c0xGd2lVM1JoZEdWelhDSTZiblZzYkN4Y0lsWmxjbk5wYjI1Y0lqb3dMRndpVEdGaWIzSmhkRzl5YVdWelhDSTZiblZzYkN4Y0lrbHpWbUYwU1dSTllXNWtZWFJ2Y25sY0lqcG1ZV3h6WlN4Y0lscHBjRU52WkdWU1pXZGxlRndpT201MWJHd3NYQ0pKWkZ3aU9qQXNYQ0pKYzBoaGNtUkVaV3hsZEdWa1hDSTZabUZzYzJWOUxGd2lRM1Z6ZEc5dFJtbGxiR1F4WENJNmJuVnNiQ3hjSWtOMWMzUnZiVVpwWld4a01sd2lPbTUxYkd3c1hDSkZiV0ZwYkZ3aU9sd2ljRzUwWlhOME1EQXhRR1YxY205bWFXNXpMbU52YlZ3aUxGd2lSbUY0WENJNlhDSXhNak5jSWl4Y0lrWnBjbk4wVG1GdFpWd2lPbHdpY0c1MFpYTjBaakF3TVZ3aUxGd2lTVzV6ZEdGdVkyVlRkR0YwZFhORmJuVnRYQ0k2TUN4Y0lrbHpSR1ZtWVhWc2RGd2lPblJ5ZFdVc1hDSkpjMFZqYjIxUGJteDVYQ0k2ZEhKMVpTeGNJa3hoYzNST1lXMWxYQ0k2WENKd2JuUmxjM1JzTURBeFhDSXNYQ0pNYVc1bE1Wd2lPbHdpUlhWeWIyWnBibk5jSWl4Y0lreHBibVV5WENJNlhDSkpWRndpTEZ3aVRHbHVaVE5jSWpwY0lrZHliM1Z3WENJc1hDSk5iMkpwYkdWY0lqcGNJamszTXprMU5qVTJOVFpjSWl4Y0lsQm9iMjVsWENJNlhDSTVOek01TlRZMU5qVTJYQ0lzWENKUWFHOXVaVTV2UlhoMFhDSTZiblZzYkN4Y0lsSmxZMmx3YVdWdWRGd2lPbTUxYkd3c1hDSlRkR0YwWlZ3aU9udGNJaVJwWkZ3aU9sd2lNMXdpTEZ3aVEyOTFiblJ5ZVZ3aU9tNTFiR3dzWENKSmJuTjBZVzVqWlZOMFlYUjFjMFZ1ZFcxY0lqb3dMRndpVTNSaGRHVkxaWGxjSWpwdWRXeHNMRndpVTNSaGRHVk9ZVzFsWENJNmJuVnNiQ3hjSWxabGNuTnBiMjVjSWpvd0xGd2lTV1JjSWpvd0xGd2lTWE5JWVhKa1JHVnNaWFJsWkZ3aU9tWmhiSE5sZlN4Y0lsTjBjbVZsZEZ3aU9sd2lVM1J5WldWME1EQXhYQ0lzWENKVGRISmxaWFF5WENJNlhDSlRkSEpsWlhRd01ERmNJaXhjSWxOMGNtVmxkRE5jSWpwY0lsTjBjbVZsZERBd01Wd2lMRndpVkdsMGJHVmNJanBjSWsxU1hDSXNYQ0pXWVhSSlpGd2lPbTUxYkd3c1hDSlhaV0p6YVhSbFhDSTZiblZzYkN4Y0lscHBjRndpT2x3aU5UWXdNRFF5WENJc1hDSkpjMVpoYkdsa1lYUmxaRndpT25SeWRXVXNYQ0pNWVhScGRIVmtaVndpT201MWJHd3NYQ0pNYjI1bmFYUjFaR1ZjSWpwdWRXeHNMRndpU1hORmVHbHpkR2x1WjBKcGJHeFViMXdpT21aaGJITmxMRndpU1hOU1pXRmtUMjVzZVZ3aU9tWmhiSE5sTEZ3aVNYTlBjbVJsY2tOdmNIbGNJanBtWVd4elpTeGNJa2xrWENJNk1USTFOemt6TEZ3aVNYTklZWEprUkdWc1pYUmxaRndpT21aaGJITmxmU3hjSWtoa2JsTmxiR1ZqZEdWa1FXUmtjbVZ6YzBsa1EyeHBaVzUwU1dSY0lqcGNJa052Ym5SbGJuUlFiR0ZqWlVodmJHUmxja1JsWm1GMWJIUmZUV0Z6ZEdWeVVHeGhZMlZvYjJ4a1pYSmZRV1JrY21WemMweHBjM1JmTlY5b1pHNVRaV3hsWTNSbFpFRmtaSEpsYzNOSlpGd2lMRndpVjJsdVpHOTNVMlZzWldOMFpXUkJaR1J5WlhOelNHbGtaR1Z1Um1sbGJHUkRiR2xsYm5SSlpGd2lPbHdpUTI5dWRHVnVkRkJzWVdObFNHOXNaR1Z5UkdWbVlYVnNkRjlOWVhOMFpYSlFiR0ZqWldodmJHUmxjbDlvWkc1QlpHUnlaWE56VEdsemRGTmxiR1ZqZEdWa1FXUmtjbVZ6YzBsa1gxTm9hWEJ3YVc1blhDSXNYQ0pIY21sMGRHVnlUV1Z6YzJGblpVaGxZV1JsY2x3aU9sd2lSR1ZzWlhSbFpGd2lMRndpUjNKcGRIUmxjazFsYzNOaFoyVkRiMjUwWlc1MFZHVjRkRndpT2x3aVUzVmpZMlZ6YzJaMWJHeDVJRVJsYkdWMFpXUmNJaXhjSWtKcGJHeHBibWRCWkdSeVpYTnpRMjkxYm5SY0lqb3hMRndpUkdsellXSnNaVUZrWkhKbGMzTlRhMmx3Um05eVRYVnNkR2x3YkdWQ2FXeHNhVzVuWENJNmRISjFaWDBpTENKQ2RYUjBiMjR5UTJGc2JHSmhZMnRRWVhKaGJXVjBaWEp6SWpwdWRXeHNMQ0pTWlhOcGVtRmliR1VpT21aaGJITmxMQ0pFY21GbloyRmliR1VpT21aaGJITmxMQ0pCZFhSdlQzQmxiaUk2Wm1Gc2MyVXNJa0Z3Y0dWdVpGUnZJam9pWW05a2VTSXNJazFoZUVobGFXZG9kQ0k2TkRBd0xDSk5ZWGhYYVdSMGFDSTZNekF3TENKTmFXNUlaV2xuYUhRaU9qRTFNQ3dpVFdsdVYybGtkR2dpT2pFMU1IMHBPeUJ5WlhSMWNtNGdabUZzYzJVN1pBSUREdzhXQWg4REJRUkRiM0I1RmdJZkV3VzNEazl1UVdSa1RtVjNRV1JrY21WemN5Z25RMjl1ZEdWdWRGQnNZV05sU0c5c1pHVnlSR1ZtWVhWc2RGOU5ZWE4wWlhKUWJHRmpaV2h2YkdSbGNsOUJaR1J5WlhOelRHbHpkRjgxWDNCdWJFRmtaSEpsYzNORWFXRnNiMmNuTENkVGFHbHdjR2x1Wnljc0ozdGNJaVJwWkZ3aU9sd2lNVndpTEZ3aVVISnBZMlZCWjNKbFpXMWxiblJPZFcxaVpYSmNJanB1ZFd4c0xGd2lWbUYwU1dSRmVIUmNJanB1ZFd4c0xGd2lRV1JrYVhScGIyNWhiRVZ0WVdsc2Mxd2lPbTUxYkd3c1hDSkJaR1J5WlhOelVtVm1YQ0k2Ym5Wc2JDeGNJa0ZrWkhKbGMzTlVlWEJsUlc1MWJWd2lPak1zWENKRFlXNUZaR2wwUVdSa2NtVnpjMXdpT25SeWRXVXNYQ0pEYVhSNVhDSTZYQ0pEYVhSNU1EQXhYQ0lzWENKRGIzVnVkSEo1WENJNmUxd2lKR2xrWENJNlhDSXlYQ0lzWENKQmJHeHZkMVpoZEVWNFpXMXdkRndpT25SeWRXVXNYQ0pEYjNWdWRISjVUbUZ0WlZ3aU9sd2lTVzVrYVdGY0lpeGNJa2x1YzNSaGJtTmxVM1JoZEhWelJXNTFiVndpT2pBc1hDSkpjMjlMWlhsY0lqcGNJa2xPWENJc1hDSk1ZVzVuZFdGblpWd2lPbnRjSWlScFpGd2lPbHdpTTF3aUxGd2lRMjlrWlZ3aU9sd2laVzVjSWl4Y0lrTjFiSFIxY21WRGIyUmxYQ0k2WENKbGJpMVZVMXdpTEZ3aVNXMWhaMlZRWVhSb1hDSTZYQ0l2YVcxaFoyVnpMMlpzWVdkekwxVlRMbWRwWmx3aUxGd2lTVzV6ZEdGdVkyVlRkR0YwZFhORmJuVnRYQ0k2TUN4Y0lrNWhiV1ZjSWpwY0lrVnVaMnhwYzJoY0lpeGNJbE52Y25SUGNtUmxjbHdpT2pFc1hDSldaWEp6YVc5dVhDSTZNQ3hjSWtsa1hDSTZNU3hjSWtselNHRnlaRVJsYkdWMFpXUmNJanBtWVd4elpYMHNYQ0pTWldkcGIyNWNJanB1ZFd4c0xGd2lVMmh2ZDBOMWMzUnZiVVpwWld4a01Wd2lPbVpoYkhObExGd2lVMmh2ZDBOMWMzUnZiVVpwWld4a01sd2lPbVpoYkhObExGd2lVMmh2ZDFaaGRGd2lPbVpoYkhObExGd2lVMmwwWlZ3aU9tNTFiR3dzWENKVGRHRjBaWE5jSWpwdWRXeHNMRndpVm1WeWMybHZibHdpT2pFd0xGd2lUR0ZpYjNKaGRHOXlhV1Z6WENJNmJuVnNiQ3hjSWtselZtRjBTV1JOWVc1a1lYUnZjbmxjSWpwbVlXeHpaU3hjSWxwcGNFTnZaR1ZTWldkbGVGd2lPbHdpWGx4Y1hGeGtlelo5SkZ3aUxGd2lTV1JjSWpvM055eGNJa2x6U0dGeVpFUmxiR1YwWldSY0lqcG1ZV3h6Wlgwc1hDSkRkWE4wYjIxR2FXVnNaREZjSWpwdWRXeHNMRndpUTNWemRHOXRSbWxsYkdReVhDSTZiblZzYkN4Y0lrVnRZV2xzWENJNlhDSndiblJsYzNRd01ERkFaWFZ5YjJacGJuTXVZMjl0WENJc1hDSkdZWGhjSWpwY0lqRXlNMXdpTEZ3aVJtbHljM1JPWVcxbFhDSTZYQ0p3Ym5SbGMzUm1NREF4WENJc1hDSkpibk4wWVc1alpWTjBZWFIxYzBWdWRXMWNJam93TEZ3aVNYTkVaV1poZFd4MFhDSTZabUZzYzJVc1hDSkpjMFZqYjIxUGJteDVYQ0k2ZEhKMVpTeGNJa3hoYzNST1lXMWxYQ0k2WENKd2JuUmxjM1JzTURBeFhDSXNYQ0pNYVc1bE1Wd2lPbHdpUlhWeWIyWnBibk5jSWl4Y0lreHBibVV5WENJNlhDSkpWRndpTEZ3aVRHbHVaVE5jSWpwY0lrZHliM1Z3WENJc1hDSk5iMkpwYkdWY0lqcGNJamszTXprMU5qVTJOVFpjSWl4Y0lsQm9iMjVsWENJNlhDSTVOek01TlRZMU5qVTJYQ0lzWENKUWFHOXVaVTV2UlhoMFhDSTZiblZzYkN4Y0lsSmxZMmx3YVdWdWRGd2lPbTUxYkd3c1hDSlRkR0YwWlZ3aU9udGNJaVJwWkZ3aU9sd2lORndpTEZ3aVEyOTFiblJ5ZVZ3aU9tNTFiR3dzWENKSmJuTjBZVzVqWlZOMFlYUjFjMFZ1ZFcxY0lqb3dMRndpVTNSaGRHVkxaWGxjSWpwY0lrbE9MVXRCWENJc1hDSlRkR0YwWlU1aGJXVmNJanBjSWt0aGNtNWhkR0ZyWVZ3aUxGd2lWbVZ5YzJsdmJsd2lPakFzWENKSlpGd2lPakUxTURFc1hDSkpjMGhoY21SRVpXeGxkR1ZrWENJNlptRnNjMlY5TEZ3aVUzUnlaV1YwWENJNlhDSlRkSEpsWlhRd01ERmNJaXhjSWxOMGNtVmxkREpjSWpwY0lsTjBjbVZsZERBd01Wd2lMRndpVTNSeVpXVjBNMXdpT2x3aVUzUnlaV1YwTURBeFhDSXNYQ0pVYVhSc1pWd2lPbHdpVFZKY0lpeGNJbFpoZEVsa1hDSTZiblZzYkN4Y0lsZGxZbk5wZEdWY0lqcHVkV3hzTEZ3aVdtbHdYQ0k2WENJMU5qQXdOREpjSWl4Y0lrbHpWbUZzYVdSaGRHVmtYQ0k2ZEhKMVpTeGNJa3hoZEdsMGRXUmxYQ0k2Ym5Wc2JDeGNJa3h2Ym1kcGRIVmtaVndpT201MWJHd3NYQ0pKYzBWNGFYTjBhVzVuUW1sc2JGUnZYQ0k2Wm1Gc2MyVXNYQ0pKYzFKbFlXUlBibXg1WENJNlptRnNjMlVzWENKSmMwOXlaR1Z5UTI5d2VWd2lPbVpoYkhObExGd2lTV1JjSWpvd0xGd2lTWE5JWVhKa1JHVnNaWFJsWkZ3aU9tWmhiSE5sZlNjc0owTnZiblJsYm5SUWJHRmpaVWh2YkdSbGNrUmxabUYxYkhSZlRXRnpkR1Z5VUd4aFkyVm9iMnhrWlhKZmFHUnVRV1JrY21WemMweHBjM1JUWld4bFkzUmxaRUZrWkhKbGMzTkpaRjlUYUdsd2NHbHVaeWNzSjFOaGRtVmtKeXduVTNWalkyVnpjMloxYkd4NUlFTnZjR2xsWkNjcE95QnlaWFIxY200Z1ptRnNjMlU3WkFJRkR3OFdBaDhEQlFSRlpHbDBGZ0lmRXdXd0RVOXVSV1JwZEVGa1pISmxjM01vSjBOdmJuUmxiblJRYkdGalpVaHZiR1JsY2tSbFptRjFiSFJmVFdGemRHVnlVR3hoWTJWb2IyeGtaWEpmUVdSa2NtVnpjMHhwYzNSZk5WOXdibXhCWkdSeVpYTnpSR2xoYkc5bkp5d25VMmhwY0hCcGJtY25MQ2Q3WENJa2FXUmNJanBjSWpGY0lpeGNJbEJ5YVdObFFXZHlaV1Z0Wlc1MFRuVnRZbVZ5WENJNmJuVnNiQ3hjSWxaaGRFbGtSWGgwWENJNmJuVnNiQ3hjSWtGa1pHbDBhVzl1WVd4RmJXRnBiSE5jSWpwdWRXeHNMRndpUVdSa2NtVnpjMUpsWmx3aU9sd2lNekV4TURBd01ETXlOakJjSWl4Y0lrRmtaSEpsYzNOVWVYQmxSVzUxYlZ3aU9qTXNYQ0pEWVc1RlpHbDBRV1JrY21WemMxd2lPblJ5ZFdVc1hDSkRhWFI1WENJNlhDSkRhWFI1TURBeFhDSXNYQ0pEYjNWdWRISjVYQ0k2ZTF3aUpHbGtYQ0k2WENJeVhDSXNYQ0pCYkd4dmQxWmhkRVY0Wlcxd2RGd2lPbVpoYkhObExGd2lRMjkxYm5SeWVVNWhiV1ZjSWpwdWRXeHNMRndpU1c1emRHRnVZMlZUZEdGMGRYTkZiblZ0WENJNk1DeGNJa2x6YjB0bGVWd2lPbTUxYkd3c1hDSk1ZVzVuZFdGblpWd2lPbTUxYkd3c1hDSlNaV2RwYjI1Y0lqcHVkV3hzTEZ3aVUyaHZkME4xYzNSdmJVWnBaV3hrTVZ3aU9tWmhiSE5sTEZ3aVUyaHZkME4xYzNSdmJVWnBaV3hrTWx3aU9tWmhiSE5sTEZ3aVUyaHZkMVpoZEZ3aU9tWmhiSE5sTEZ3aVUybDBaVndpT201MWJHd3NYQ0pUZEdGMFpYTmNJanB1ZFd4c0xGd2lWbVZ5YzJsdmJsd2lPakFzWENKTVlXSnZjbUYwYjNKcFpYTmNJanB1ZFd4c0xGd2lTWE5XWVhSSlpFMWhibVJoZEc5eWVWd2lPbVpoYkhObExGd2lXbWx3UTI5a1pWSmxaMlY0WENJNmJuVnNiQ3hjSWtsa1hDSTZNQ3hjSWtselNHRnlaRVJsYkdWMFpXUmNJanBtWVd4elpYMHNYQ0pEZFhOMGIyMUdhV1ZzWkRGY0lqcHVkV3hzTEZ3aVEzVnpkRzl0Um1sbGJHUXlYQ0k2Ym5Wc2JDeGNJa1Z0WVdsc1hDSTZYQ0p3Ym5SbGMzUXdNREZBWlhWeWIyWnBibk11WTI5dFhDSXNYQ0pHWVhoY0lqcGNJakV5TTF3aUxGd2lSbWx5YzNST1lXMWxYQ0k2WENKd2JuUmxjM1JtTURBeFhDSXNYQ0pKYm5OMFlXNWpaVk4wWVhSMWMwVnVkVzFjSWpvd0xGd2lTWE5FWldaaGRXeDBYQ0k2ZEhKMVpTeGNJa2x6UldOdmJVOXViSGxjSWpwMGNuVmxMRndpVEdGemRFNWhiV1ZjSWpwY0luQnVkR1Z6ZEd3d01ERmNJaXhjSWt4cGJtVXhYQ0k2WENKRmRYSnZabWx1YzF3aUxGd2lUR2x1WlRKY0lqcGNJa2xVWENJc1hDSk1hVzVsTTF3aU9sd2lSM0p2ZFhCY0lpeGNJazF2WW1sc1pWd2lPbHdpT1Rjek9UVTJOVFkxTmx3aUxGd2lVR2h2Ym1WY0lqcGNJamszTXprMU5qVTJOVFpjSWl4Y0lsQm9iMjVsVG05RmVIUmNJanB1ZFd4c0xGd2lVbVZqYVhCcFpXNTBYQ0k2Ym5Wc2JDeGNJbE4wWVhSbFhDSTZlMXdpSkdsa1hDSTZYQ0l6WENJc1hDSkRiM1Z1ZEhKNVhDSTZiblZzYkN4Y0lrbHVjM1JoYm1ObFUzUmhkSFZ6Ulc1MWJWd2lPakFzWENKVGRHRjBaVXRsZVZ3aU9tNTFiR3dzWENKVGRHRjBaVTVoYldWY0lqcHVkV3hzTEZ3aVZtVnljMmx2Ymx3aU9qQXNYQ0pKWkZ3aU9qQXNYQ0pKYzBoaGNtUkVaV3hsZEdWa1hDSTZabUZzYzJWOUxGd2lVM1J5WldWMFhDSTZYQ0pUZEhKbFpYUXdNREZjSWl4Y0lsTjBjbVZsZERKY0lqcGNJbE4wY21WbGREQXdNVndpTEZ3aVUzUnlaV1YwTTF3aU9sd2lVM1J5WldWME1EQXhYQ0lzWENKVWFYUnNaVndpT2x3aVRWSmNJaXhjSWxaaGRFbGtYQ0k2Ym5Wc2JDeGNJbGRsWW5OcGRHVmNJanB1ZFd4c0xGd2lXbWx3WENJNlhDSTFOakF3TkRKY0lpeGNJa2x6Vm1Gc2FXUmhkR1ZrWENJNmRISjFaU3hjSWt4aGRHbDBkV1JsWENJNmJuVnNiQ3hjSWt4dmJtZHBkSFZrWlZ3aU9tNTFiR3dzWENKSmMwVjRhWE4wYVc1blFtbHNiRlJ2WENJNlptRnNjMlVzWENKSmMxSmxZV1JQYm14NVhDSTZabUZzYzJVc1hDSkpjMDl5WkdWeVEyOXdlVndpT21aaGJITmxMRndpU1dSY0lqb3hNalUzT1RNc1hDSkpjMGhoY21SRVpXeGxkR1ZrWENJNlptRnNjMlY5Snl3blEyOXVkR1Z1ZEZCc1lXTmxTRzlzWkdWeVJHVm1ZWFZzZEY5TllYTjBaWEpRYkdGalpXaHZiR1JsY2w5QlpHUnlaWE56VEdsemRGODFYMmhrYmxObGJHVmpkR1ZrUVdSa2NtVnpjMGxrSnl3blEyOXVkR1Z1ZEZCc1lXTmxTRzlzWkdWeVJHVm1ZWFZzZEY5TllYTjBaWEpRYkdGalpXaHZiR1JsY2w5b1pHNUJaR1J5WlhOelRHbHpkRk5sYkdWamRHVmtRV1JrY21WemMwbGtYMU5vYVhCd2FXNW5KeXdnWm1Gc2MyVXNKMU5oZG1Wa0p5d25VM1ZqWTJWemMyWjFiR3g1SUVWa2FYUmxaQ2NwT3lCeVpYUjFjbTRnWm1Gc2MyVTdaQUlDRHc4V0FoOEVhR1JrQWcwUEZRRnBRMjl1ZEdWdWRGQnNZV05sU0c5c1pHVnlSR1ZtWVhWc2RGOU5ZWE4wWlhKUWJHRmpaV2h2YkdSbGNsOUJaR1J5WlhOelRHbHpkRjgxWDNCdWJFUnlZV2RoWW14bFYybHVaRzkzUTI5dWRHVnVkRjlKYm14cGJtVk5aWE56WVdkbFEyOXVkR0ZwYm1WeVpBSU9EeFlDSHdvRkdrRmtaQ0JoSUc1bGR5QnphR2x3Y0dsdVp5QmhaR1J5WlhOekZnSUNBUThQRmdJZkF3VVBRV1JrSUc1bGR5QmhaR1J5WlhOekZnSWZFd1dxQ2s5dVFXUmtUbVYzUVdSa2NtVnpjeWduUTI5dWRHVnVkRkJzWVdObFNHOXNaR1Z5UkdWbVlYVnNkRjlOWVhOMFpYSlFiR0ZqWldodmJHUmxjbDlCWkdSeVpYTnpUR2x6ZEY4MVgzQnViRUZrWkhKbGMzTkVhV0ZzYjJjbkxDZFRhR2x3Y0dsdVp5Y3NKM3NpSkdsa0lqb2lNU0lzSWxCeWFXTmxRV2R5WldWdFpXNTBUblZ0WW1WeUlqcHVkV3hzTENKV1lYUkpaRVY0ZENJNmJuVnNiQ3dpUVdSa2FYUnBiMjVoYkVWdFlXbHNjeUk2Ym5Wc2JDd2lRV1JrY21WemMxSmxaaUk2Ym5Wc2JDd2lRV1JrY21WemMxUjVjR1ZGYm5WdElqb3dMQ0pEWVc1RlpHbDBRV1JrY21WemN5STZabUZzYzJVc0lrTnBkSGtpT201MWJHd3NJa052ZFc1MGNua2lPbnNpSkdsa0lqb2lNaUlzSWtGc2JHOTNWbUYwUlhobGJYQjBJanBtWVd4elpTd2lRMjkxYm5SeWVVNWhiV1VpT201MWJHd3NJa2x1YzNSaGJtTmxVM1JoZEhWelJXNTFiU0k2TUN3aVNYTnZTMlY1SWpwdWRXeHNMQ0pNWVc1bmRXRm5aU0k2Ym5Wc2JDd2lVbVZuYVc5dUlqcHVkV3hzTENKVGFHOTNRM1Z6ZEc5dFJtbGxiR1F4SWpwbVlXeHpaU3dpVTJodmQwTjFjM1J2YlVacFpXeGtNaUk2Wm1Gc2MyVXNJbE5vYjNkV1lYUWlPbVpoYkhObExDSlRhWFJsSWpwdWRXeHNMQ0pUZEdGMFpYTWlPbTUxYkd3c0lsWmxjbk5wYjI0aU9qQXNJa3hoWW05eVlYUnZjbWxsY3lJNmJuVnNiQ3dpU1hOV1lYUkpaRTFoYm1SaGRHOXllU0k2Wm1Gc2MyVXNJbHBwY0VOdlpHVlNaV2RsZUNJNmJuVnNiQ3dpU1dRaU9qQXNJa2x6U0dGeVpFUmxiR1YwWldRaU9tWmhiSE5sZlN3aVEzVnpkRzl0Um1sbGJHUXhJanB1ZFd4c0xDSkRkWE4wYjIxR2FXVnNaRElpT201MWJHd3NJa1Z0WVdsc0lqcHVkV3hzTENKR1lYZ2lPbTUxYkd3c0lrWnBjbk4wVG1GdFpTSTZiblZzYkN3aVNXNXpkR0Z1WTJWVGRHRjBkWE5GYm5WdElqb3dMQ0pKYzBSbFptRjFiSFFpT21aaGJITmxMQ0pKYzBWamIyMVBibXg1SWpwbVlXeHpaU3dpVEdGemRFNWhiV1VpT201MWJHd3NJa3hwYm1VeElqcHVkV3hzTENKTWFXNWxNaUk2Ym5Wc2JDd2lUR2x1WlRNaU9tNTFiR3dzSWsxdlltbHNaU0k2Ym5Wc2JDd2lVR2h2Ym1VaU9tNTFiR3dzSWxCb2IyNWxUbTlGZUhRaU9tNTFiR3dzSWxKbFkybHdhV1Z1ZENJNmJuVnNiQ3dpVTNSaGRHVWlPbnNpSkdsa0lqb2lNeUlzSWtOdmRXNTBjbmtpT201MWJHd3NJa2x1YzNSaGJtTmxVM1JoZEhWelJXNTFiU0k2TUN3aVUzUmhkR1ZMWlhraU9tNTFiR3dzSWxOMFlYUmxUbUZ0WlNJNmJuVnNiQ3dpVm1WeWMybHZiaUk2TUN3aVNXUWlPakFzSWtselNHRnlaRVJsYkdWMFpXUWlPbVpoYkhObGZTd2lVM1J5WldWMElqcHVkV3hzTENKVGRISmxaWFF5SWpwdWRXeHNMQ0pUZEhKbFpYUXpJanB1ZFd4c0xDSlVhWFJzWlNJNmJuVnNiQ3dpVm1GMFNXUWlPbTUxYkd3c0lsZGxZbk5wZEdVaU9tNTFiR3dzSWxwcGNDSTZiblZzYkN3aVNYTldZV3hwWkdGMFpXUWlPbVpoYkhObExDSk1ZWFJwZEhWa1pTSTZiblZzYkN3aVRHOXVaMmwwZFdSbElqcHVkV3hzTENKSmMwVjRhWE4wYVc1blFtbHNiRlJ2SWpwbVlXeHpaU3dpU1hOU1pXRmtUMjVzZVNJNlptRnNjMlVzSWtselQzSmtaWEpEYjNCNUlqcG1ZV3h6WlN3aVNXUWlPakFzSWtselNHRnlaRVJsYkdWMFpXUWlPbVpoYkhObGZTY3NKME52Ym5SbGJuUlFiR0ZqWlVodmJHUmxja1JsWm1GMWJIUmZUV0Z6ZEdWeVVHeGhZMlZvYjJ4a1pYSmZhR1J1UVdSa2NtVnpjMHhwYzNSVFpXeGxZM1JsWkVGa1pISmxjM05KWkY5VGFHbHdjR2x1WnljcE95QnlaWFIxY200Z1ptRnNjMlU3WkFJREQyUVdBbVlQRHhZQ0h3MEZEMEpwYkd4cGJtY2dRV1JrY21WemMyUVdEQUlHRHhZQ0h3TUZRRU5vYjI5elpTQnZibVVnYjJZZ2VXOTFjaUJsZUdsemRHbHVaeUJDYVd4c2FXNW5JRUZrWkhKbGMzTWdiM0lnWTNKbFlYUmxJR0VnYm1WM0lHOXVaUzVrQWdnUFpCWUNBZ01QWkJZQ0FnRVBGZ0lmQXdVb1EyaGxZMnNnYVdZZ2VXOTFJR1J2SUc1dmRDQjNhWE5vSUhSdklHaGhkbVVnVUdsamF5MVZjR1FDQ2c4UEZnSWZCR2hrRmhZQ0JBOFZBUlZEYUc5dmMyVWdVR2xqYXkxVmNDQnZjSFJwYjI1a0FnWVBGUUVGVTNCbFpXUmtBZ2dQRlFJR1RtOXliV0ZzR0NCRVpYTnBjbVZrSUVOdmJHeGxZM1JwYjI0Z1JHRjBaV1FDQ2c4VkFSZEVaWE5wY21Wa0lFTnZiR3hsWTNScGIyNGdWR2x0WldRQ0N3OFFEeFlDSHc1blpHUVdBR1FDRHc4UEZnSWZEd1VjVUd4bFlYTmxJR05vYjI5elpTQlFhV05yTFZWd0lHOXdkR2x2Ym1Sa0FoRVBEeFlDSHc4RkpsQnNaV0Z6WlNCelpXeGxZM1FnSUdSbGMybHlaV1FnWTI5c2JHVmpkR2x2YmlCa1lYUmxaR1FDRXc4UEZnSWZEd1VtU1c1MllXeHBaQ0JrWlhOcGNtVmtJR052Ykd4bFkzUnBiMjRnWkdGMFpTQm1iM0p0WVhSa1pBSVZEdzhXQWg4UEJWRlRiM0p5ZVN4WFpTQkRZVzRnYm05MElIQnliM1pwWkdVZ1VHbGpheTFWY0NCelpYSjJhV05sSUc5dUlITmxiR1ZqZEdWa0lHUmhkR1V1VUd4bFlYTmxJSE5sYkdWamRDQnZkR2hsY2lCa1lYbGtaQUlYRDJRV0JHWVBGUUYyUTI5dWRHVnVkRkJzWVdObFNHOXNaR1Z5UkdWbVlYVnNkRjlOWVhOMFpYSlFiR0ZqWldodmJHUmxjbDlCWkdSeVpYTnpUR2x6ZEY4MlgyTnZiVkJwWTJ0VmNFRmtaSEpsYzNOUGNIUnBiMjV6WDNaelVHbGphMVZ3VDNCMGFXOXVYMlZqYjIxV1lXeHBaR0YwYVc5dVUzVnRiV0Z5ZVdRQ0FnOFZBWFpEYjI1MFpXNTBVR3hoWTJWSWIyeGtaWEpFWldaaGRXeDBYMDFoYzNSbGNsQnNZV05sYUc5c1pHVnlYMEZrWkhKbGMzTk1hWE4wWHpaZlkyOXRVR2xqYTFWd1FXUmtjbVZ6YzA5d2RHbHZibk5mZG5OUWFXTnJWWEJQY0hScGIyNWZaV052YlZaaGJHbGtZWFJwYjI1VGRXMXRZWEo1WkFJZUR4VUJnUUZEYjI1MFpXNTBVR3hoWTJWSWIyeGtaWEpFWldaaGRXeDBYMDFoYzNSbGNsQnNZV05sYUc5c1pHVnlYMEZrWkhKbGMzTk1hWE4wWHpaZlkyOXRVR2xqYTFWd1FXUmtjbVZ6YzA5d2RHbHZibk5mY0c1c1JISmhaMkZpYkdWWGFXNWtiM2REYjI1MFpXNTBYMGx1YkdsdVpVMWxjM05oWjJWRGIyNTBZV2x1WlhKa0Fnd1BQQ3NBRVFNQUR4WUdIeEJuSHc1bkh4RUNBV1FCRUJZQUZnQVdBQXdVS3dBQUZnSm1EMlFXQm1ZUER4WUVIeElMS3dRQUh3Um9aR1FDQVE5a0ZnSm1EMlFXQWdJQkQyUVdCZ0lCRDJRV0FnSUJEeEFQWkJZQ0h4TUZxdzFUWld4bFkzUlRhVzVuYkdWU1lXUnBiMkoxZEhSdmJpaDBhR2x6TG1sa0tUc2dUMjVUWld4bFkzUkJaR1J5WlhOektDZERiMjUwWlc1MFVHeGhZMlZJYjJ4a1pYSkVaV1poZFd4MFgwMWhjM1JsY2xCc1lXTmxhRzlzWkdWeVgwRmtaSEpsYzNOTWFYTjBYelpmY0c1c1JISmhaMkZpYkdWWGFXNWtiM2REYjI1MFpXNTBKeXduTWljc0owSnBiR3hwYm1jbkxDZDdYQ0lrYVdSY0lqcGNJakZjSWl4Y0lsQnlhV05sUVdkeVpXVnRaVzUwVG5WdFltVnlYQ0k2Ym5Wc2JDeGNJbFpoZEVsa1JYaDBYQ0k2Ym5Wc2JDeGNJa0ZrWkdsMGFXOXVZV3hGYldGcGJITmNJanB1ZFd4c0xGd2lRV1JrY21WemMxSmxabHdpT2x3aU16RXhNREF3TURNeU5qRmNJaXhjSWtGa1pISmxjM05VZVhCbFJXNTFiVndpT2pJc1hDSkRZVzVGWkdsMFFXUmtjbVZ6YzF3aU9uUnlkV1VzWENKRGFYUjVYQ0k2WENKRGFYUjVNREF4WENJc1hDSkRiM1Z1ZEhKNVhDSTZlMXdpSkdsa1hDSTZYQ0l5WENJc1hDSkJiR3h2ZDFaaGRFVjRaVzF3ZEZ3aU9tWmhiSE5sTEZ3aVEyOTFiblJ5ZVU1aGJXVmNJanB1ZFd4c0xGd2lTVzV6ZEdGdVkyVlRkR0YwZFhORmJuVnRYQ0k2TUN4Y0lrbHpiMHRsZVZ3aU9tNTFiR3dzWENKTVlXNW5kV0ZuWlZ3aU9tNTFiR3dzWENKU1pXZHBiMjVjSWpwdWRXeHNMRndpVTJodmQwTjFjM1J2YlVacFpXeGtNVndpT21aaGJITmxMRndpVTJodmQwTjFjM1J2YlVacFpXeGtNbHdpT21aaGJITmxMRndpVTJodmQxWmhkRndpT21aaGJITmxMRndpVTJsMFpWd2lPbTUxYkd3c1hDSlRkR0YwWlhOY0lqcHVkV3hzTEZ3aVZtVnljMmx2Ymx3aU9qQXNYQ0pNWVdKdmNtRjBiM0pwWlhOY0lqcHVkV3hzTEZ3aVNYTldZWFJKWkUxaGJtUmhkRzl5ZVZ3aU9tWmhiSE5sTEZ3aVdtbHdRMjlrWlZKbFoyVjRYQ0k2Ym5Wc2JDeGNJa2xrWENJNk1DeGNJa2x6U0dGeVpFUmxiR1YwWldSY0lqcG1ZV3h6Wlgwc1hDSkRkWE4wYjIxR2FXVnNaREZjSWpwdWRXeHNMRndpUTNWemRHOXRSbWxsYkdReVhDSTZiblZzYkN4Y0lrVnRZV2xzWENJNlhDSndiblJsYzNRd01ERkFaWFZ5YjJacGJuTXVZMjl0WENJc1hDSkdZWGhjSWpwY0lqRXlNMXdpTEZ3aVJtbHljM1JPWVcxbFhDSTZYQ0p3Ym5SbGMzUm1NREF4WENJc1hDSkpibk4wWVc1alpWTjBZWFIxYzBWdWRXMWNJam93TEZ3aVNYTkVaV1poZFd4MFhDSTZkSEoxWlN4Y0lrbHpSV052YlU5dWJIbGNJanAwY25WbExGd2lUR0Z6ZEU1aGJXVmNJanBjSW5CdWRHVnpkR3d3TURGY0lpeGNJa3hwYm1VeFhDSTZYQ0pGZFhKdlptbHVjMXdpTEZ3aVRHbHVaVEpjSWpwY0lrbFVYQ0lzWENKTWFXNWxNMXdpT2x3aVIzSnZkWEJjSWl4Y0lrMXZZbWxzWlZ3aU9sd2lPVGN6T1RVMk5UWTFObHdpTEZ3aVVHaHZibVZjSWpwY0lqazNNemsxTmpVMk5UWmNJaXhjSWxCb2IyNWxUbTlGZUhSY0lqcHVkV3hzTEZ3aVVtVmphWEJwWlc1MFhDSTZiblZzYkN4Y0lsTjBZWFJsWENJNmUxd2lKR2xrWENJNlhDSXpYQ0lzWENKRGIzVnVkSEo1WENJNmJuVnNiQ3hjSWtsdWMzUmhibU5sVTNSaGRIVnpSVzUxYlZ3aU9qQXNYQ0pUZEdGMFpVdGxlVndpT201MWJHd3NYQ0pUZEdGMFpVNWhiV1ZjSWpwdWRXeHNMRndpVm1WeWMybHZibHdpT2pBc1hDSkpaRndpT2pBc1hDSkpjMGhoY21SRVpXeGxkR1ZrWENJNlptRnNjMlY5TEZ3aVUzUnlaV1YwWENJNlhDSlRkSEpsWlhRd01ERmNJaXhjSWxOMGNtVmxkREpjSWpwY0lsTjBjbVZsZERBd01Wd2lMRndpVTNSeVpXVjBNMXdpT2x3aVUzUnlaV1YwTURBeFhDSXNYQ0pVYVhSc1pWd2lPbHdpVFZKY0lpeGNJbFpoZEVsa1hDSTZiblZzYkN4Y0lsZGxZbk5wZEdWY0lqcHVkV3hzTEZ3aVdtbHdYQ0k2WENJMU5qQXdOREpjSWl4Y0lrbHpWbUZzYVdSaGRHVmtYQ0k2ZEhKMVpTeGNJa3hoZEdsMGRXUmxYQ0k2Ym5Wc2JDeGNJa3h2Ym1kcGRIVmtaVndpT201MWJHd3NYQ0pKYzBWNGFYTjBhVzVuUW1sc2JGUnZYQ0k2Wm1Gc2MyVXNYQ0pKYzFKbFlXUlBibXg1WENJNlptRnNjMlVzWENKSmMwOXlaR1Z5UTI5d2VWd2lPbVpoYkhObExGd2lTV1JjSWpveE1qVTNPVFFzWENKSmMwaGhjbVJFWld4bGRHVmtYQ0k2Wm1Gc2MyVjlKeXduUTI5dWRHVnVkRkJzWVdObFNHOXNaR1Z5UkdWbVlYVnNkRjlOWVhOMFpYSlFiR0ZqWldodmJHUmxjbDlCWkdSeVpYTnpUR2x6ZEY4MlgyaGtibE5sYkdWamRHVmtRV1JrY21WemMwbGtKeXduUTI5dWRHVnVkRkJzWVdObFNHOXNaR1Z5UkdWbVlYVnNkRjlOWVhOMFpYSlFiR0ZqWldodmJHUmxjbDlvWkc1QlpHUnlaWE56VEdsemRGTmxiR1ZqZEdWa1FXUmtjbVZ6YzBsa1gwSnBiR3hwYm1jbktUdGtaR1FDQXc5a0ZnSUNBUThXQWg4VUJWeERiMjUwWlc1MFVHeGhZMlZJYjJ4a1pYSkVaV1poZFd4MFgwMWhjM1JsY2xCc1lXTmxhRzlzWkdWeVgwRmtaSEpsYzNOTWFYTjBYelpmWjNaQlpHUnlaWE56VEdsemRGOXlaR0owYmxObGJHVmpkRUZrWkhKbGMzTmZNQllDQWdFUEZnSWZBd1h0QVUxU0ppTXhOakE3Y0c1MFpYTjBaakF3TVNZak1UWXdPM0J1ZEdWemRHd3dNREVtSXpFMk1EczhZbkl2UGtWMWNtOW1hVzV6UEdKeUx6NUpWRHhpY2k4K1IzSnZkWEE4WW5JdlBsTjBjbVZsZERBd01UeGljaTgrVTNSeVpXVjBNREF4UEdKeUx6NVRkSEpsWlhRd01ERThZbkl2UGtOcGRIa3dNREVzUEdKeUx6NUxZWEp1WVhSaGEyRW1JekUyTURzOFluSXZQalUyTURBME1pWWpNVFl3TzBsdVpHbGhKaU14TmpBN1BHSnlMejQ1TnpNNU5UWTFOalUyUEdKeUx6NXdiblJsYzNRd01ERkFaWFZ5YjJacGJuTXVZMjl0UEdKeUx6NHpNVEV3TURBd016STJNU1lqTVRZd08yUUNCUTlrRmdZQ0FROFBGZ0lmQXdVR1JHVnNaWFJsRmdJZkV3V1hFMU5vYjNkRWFXRnNiMmNvSWp4d1BrUnZJSGx2ZFNCeVpXRnNiSGtnZDJGdWRDQjBieUJrWld4bGRHVWdkR2hwY3lCcGRHVnRLSE1wUHp3dmNENGlMSHNpUkdsaGJHOW5RMnhoYzNNaU9pSWlMQ0pJWldsbmFIUWlPaUpoZFhSdklpd2lUVzlrWVd3aU9uUnlkV1VzSWxCdmMybDBhVzl1SWpvaVkyVnVkR1Z5SWl3aVYybGtkR2dpT2lJek1EQWlMQ0pEYkc5ellXSnNaU0k2ZEhKMVpTd2lWR2wwYkdVaU9pSkVaV3hsZEdVaUxDSkNkWFIwYjI0eFZHVjRkQ0k2SWxsbGN5SXNJa0oxZEhSdmJqSlVaWGgwSWpvaVRtOGlMQ0pDZFhSMGIyNHhRMkZzYkdKaFkyc2lPaUpQYmtSbGJHVjBaVUZrWkhKbGMzTWlMQ0pDZFhSMGIyNHlRMkZzYkdKaFkyc2lPbTUxYkd3c0lrSjFkSFJ2YmpGRFlXeHNZbUZqYTFCaGNtRnRaWFJsY25NaU9pSjdYQ0pEYkdsbGJuUlhhVzVrYjNkRGIyNTBaVzUwU1dSY0lqcGNJa052Ym5SbGJuUlFiR0ZqWlVodmJHUmxja1JsWm1GMWJIUmZUV0Z6ZEdWeVVHeGhZMlZvYjJ4a1pYSmZRV1JrY21WemMweHBjM1JmTmw5d2JteEVjbUZuWVdKc1pWZHBibVJ2ZDBOdmJuUmxiblJjSWl4Y0lrRmtaSEpsYzNOVWVYQmxSVzUxYlZ3aU9sd2lRbWxzYkdsdVoxd2lMRndpU25OdmJrVmthWFJCWkdSeVpYTnpYQ0k2ZTF3aUpHbGtYQ0k2WENJeFhDSXNYQ0pRY21salpVRm5jbVZsYldWdWRFNTFiV0psY2x3aU9tNTFiR3dzWENKV1lYUkpaRVY0ZEZ3aU9tNTFiR3dzWENKQlpHUnBkR2x2Ym1Gc1JXMWhhV3h6WENJNmJuVnNiQ3hjSWtGa1pISmxjM05TWldaY0lqcGNJak14TVRBd01EQXpNall4WENJc1hDSkJaR1J5WlhOelZIbHdaVVZ1ZFcxY0lqb3lMRndpUTJGdVJXUnBkRUZrWkhKbGMzTmNJanAwY25WbExGd2lRMmwwZVZ3aU9sd2lRMmwwZVRBd01Wd2lMRndpUTI5MWJuUnllVndpT250Y0lpUnBaRndpT2x3aU1sd2lMRndpUVd4c2IzZFdZWFJGZUdWdGNIUmNJanBtWVd4elpTeGNJa052ZFc1MGNubE9ZVzFsWENJNmJuVnNiQ3hjSWtsdWMzUmhibU5sVTNSaGRIVnpSVzUxYlZ3aU9qQXNYQ0pKYzI5TFpYbGNJanB1ZFd4c0xGd2lUR0Z1WjNWaFoyVmNJanB1ZFd4c0xGd2lVbVZuYVc5dVhDSTZiblZzYkN4Y0lsTm9iM2REZFhOMGIyMUdhV1ZzWkRGY0lqcG1ZV3h6WlN4Y0lsTm9iM2REZFhOMGIyMUdhV1ZzWkRKY0lqcG1ZV3h6WlN4Y0lsTm9iM2RXWVhSY0lqcG1ZV3h6WlN4Y0lsTnBkR1ZjSWpwdWRXeHNMRndpVTNSaGRHVnpYQ0k2Ym5Wc2JDeGNJbFpsY25OcGIyNWNJam93TEZ3aVRHRmliM0poZEc5eWFXVnpYQ0k2Ym5Wc2JDeGNJa2x6Vm1GMFNXUk5ZVzVrWVhSdmNubGNJanBtWVd4elpTeGNJbHBwY0VOdlpHVlNaV2RsZUZ3aU9tNTFiR3dzWENKSlpGd2lPakFzWENKSmMwaGhjbVJFWld4bGRHVmtYQ0k2Wm1Gc2MyVjlMRndpUTNWemRHOXRSbWxsYkdReFhDSTZiblZzYkN4Y0lrTjFjM1J2YlVacFpXeGtNbHdpT201MWJHd3NYQ0pGYldGcGJGd2lPbHdpY0c1MFpYTjBNREF4UUdWMWNtOW1hVzV6TG1OdmJWd2lMRndpUm1GNFhDSTZYQ0l4TWpOY0lpeGNJa1pwY25OMFRtRnRaVndpT2x3aWNHNTBaWE4wWmpBd01Wd2lMRndpU1c1emRHRnVZMlZUZEdGMGRYTkZiblZ0WENJNk1DeGNJa2x6UkdWbVlYVnNkRndpT25SeWRXVXNYQ0pKYzBWamIyMVBibXg1WENJNmRISjFaU3hjSWt4aGMzUk9ZVzFsWENJNlhDSndiblJsYzNSc01EQXhYQ0lzWENKTWFXNWxNVndpT2x3aVJYVnliMlpwYm5OY0lpeGNJa3hwYm1VeVhDSTZYQ0pKVkZ3aUxGd2lUR2x1WlROY0lqcGNJa2R5YjNWd1hDSXNYQ0pOYjJKcGJHVmNJanBjSWprM016azFOalUyTlRaY0lpeGNJbEJvYjI1bFhDSTZYQ0k1TnpNNU5UWTFOalUyWENJc1hDSlFhRzl1WlU1dlJYaDBYQ0k2Ym5Wc2JDeGNJbEpsWTJsd2FXVnVkRndpT201MWJHd3NYQ0pUZEdGMFpWd2lPbnRjSWlScFpGd2lPbHdpTTF3aUxGd2lRMjkxYm5SeWVWd2lPbTUxYkd3c1hDSkpibk4wWVc1alpWTjBZWFIxYzBWdWRXMWNJam93TEZ3aVUzUmhkR1ZMWlhsY0lqcHVkV3hzTEZ3aVUzUmhkR1ZPWVcxbFhDSTZiblZzYkN4Y0lsWmxjbk5wYjI1Y0lqb3dMRndpU1dSY0lqb3dMRndpU1hOSVlYSmtSR1ZzWlhSbFpGd2lPbVpoYkhObGZTeGNJbE4wY21WbGRGd2lPbHdpVTNSeVpXVjBNREF4WENJc1hDSlRkSEpsWlhReVhDSTZYQ0pUZEhKbFpYUXdNREZjSWl4Y0lsTjBjbVZsZEROY0lqcGNJbE4wY21WbGREQXdNVndpTEZ3aVZHbDBiR1ZjSWpwY0lrMVNYQ0lzWENKV1lYUkpaRndpT201MWJHd3NYQ0pYWldKemFYUmxYQ0k2Ym5Wc2JDeGNJbHBwY0Z3aU9sd2lOVFl3TURReVhDSXNYQ0pKYzFaaGJHbGtZWFJsWkZ3aU9uUnlkV1VzWENKTVlYUnBkSFZrWlZ3aU9tNTFiR3dzWENKTWIyNW5hWFIxWkdWY0lqcHVkV3hzTEZ3aVNYTkZlR2x6ZEdsdVowSnBiR3hVYjF3aU9tWmhiSE5sTEZ3aVNYTlNaV0ZrVDI1c2VWd2lPbVpoYkhObExGd2lTWE5QY21SbGNrTnZjSGxjSWpwbVlXeHpaU3hjSWtsa1hDSTZNVEkxTnprMExGd2lTWE5JWVhKa1JHVnNaWFJsWkZ3aU9tWmhiSE5sZlN4Y0lraGtibE5sYkdWamRHVmtRV1JrY21WemMwbGtRMnhwWlc1MFNXUmNJanBjSWtOdmJuUmxiblJRYkdGalpVaHZiR1JsY2tSbFptRjFiSFJmVFdGemRHVnlVR3hoWTJWb2IyeGtaWEpmUVdSa2NtVnpjMHhwYzNSZk5sOW9aRzVUWld4bFkzUmxaRUZrWkhKbGMzTkpaRndpTEZ3aVYybHVaRzkzVTJWc1pXTjBaV1JCWkdSeVpYTnpTR2xrWkdWdVJtbGxiR1JEYkdsbGJuUkpaRndpT2x3aVEyOXVkR1Z1ZEZCc1lXTmxTRzlzWkdWeVJHVm1ZWFZzZEY5TllYTjBaWEpRYkdGalpXaHZiR1JsY2w5b1pHNUJaR1J5WlhOelRHbHpkRk5sYkdWamRHVmtRV1JrY21WemMwbGtYMEpwYkd4cGJtZGNJaXhjSWtkeWFYUjBaWEpOWlhOellXZGxTR1ZoWkdWeVhDSTZYQ0pFWld4bGRHVmtYQ0lzWENKSGNtbDBkR1Z5VFdWemMyRm5aVU52Ym5SbGJuUlVaWGgwWENJNlhDSlRkV05qWlhOelpuVnNiSGtnUkdWc1pYUmxaRndpTEZ3aVFtbHNiR2x1WjBGa1pISmxjM05EYjNWdWRGd2lPakVzWENKRWFYTmhZbXhsUVdSa2NtVnpjMU5yYVhCR2IzSk5kV3gwYVhCc1pVSnBiR3hwYm1kY0lqcDBjblZsZlNJc0lrSjFkSFJ2YmpKRFlXeHNZbUZqYTFCaGNtRnRaWFJsY25NaU9tNTFiR3dzSWxKbGMybDZZV0pzWlNJNlptRnNjMlVzSWtSeVlXZG5ZV0pzWlNJNlptRnNjMlVzSWtGMWRHOVBjR1Z1SWpwbVlXeHpaU3dpUVhCd1pXNWtWRzhpT2lKaWIyUjVJaXdpVFdGNFNHVnBaMmgwSWpvME1EQXNJazFoZUZkcFpIUm9Jam96TURBc0lrMXBia2hsYVdkb2RDSTZNVFV3TENKTmFXNVhhV1IwYUNJNk1UVXdmU2s3SUhKbGRIVnliaUJtWVd4elpUdGtBZ01QRHhZQ0h3TUZCRU52Y0hrV0FoOFRCYlVPVDI1QlpHUk9aWGRCWkdSeVpYTnpLQ2REYjI1MFpXNTBVR3hoWTJWSWIyeGtaWEpFWldaaGRXeDBYMDFoYzNSbGNsQnNZV05sYUc5c1pHVnlYMEZrWkhKbGMzTk1hWE4wWHpaZmNHNXNRV1JrY21WemMwUnBZV3h2Wnljc0owSnBiR3hwYm1jbkxDZDdYQ0lrYVdSY0lqcGNJakZjSWl4Y0lsQnlhV05sUVdkeVpXVnRaVzUwVG5WdFltVnlYQ0k2Ym5Wc2JDeGNJbFpoZEVsa1JYaDBYQ0k2Ym5Wc2JDeGNJa0ZrWkdsMGFXOXVZV3hGYldGcGJITmNJanB1ZFd4c0xGd2lRV1JrY21WemMxSmxabHdpT201MWJHd3NYQ0pCWkdSeVpYTnpWSGx3WlVWdWRXMWNJam95TEZ3aVEyRnVSV1JwZEVGa1pISmxjM05jSWpwMGNuVmxMRndpUTJsMGVWd2lPbHdpUTJsMGVUQXdNVndpTEZ3aVEyOTFiblJ5ZVZ3aU9udGNJaVJwWkZ3aU9sd2lNbHdpTEZ3aVFXeHNiM2RXWVhSRmVHVnRjSFJjSWpwMGNuVmxMRndpUTI5MWJuUnllVTVoYldWY0lqcGNJa2x1WkdsaFhDSXNYQ0pKYm5OMFlXNWpaVk4wWVhSMWMwVnVkVzFjSWpvd0xGd2lTWE52UzJWNVhDSTZYQ0pKVGx3aUxGd2lUR0Z1WjNWaFoyVmNJanA3WENJa2FXUmNJanBjSWpOY0lpeGNJa052WkdWY0lqcGNJbVZ1WENJc1hDSkRkV3gwZFhKbFEyOWtaVndpT2x3aVpXNHRWVk5jSWl4Y0lrbHRZV2RsVUdGMGFGd2lPbHdpTDJsdFlXZGxjeTltYkdGbmN5OVZVeTVuYVdaY0lpeGNJa2x1YzNSaGJtTmxVM1JoZEhWelJXNTFiVndpT2pBc1hDSk9ZVzFsWENJNlhDSkZibWRzYVhOb1hDSXNYQ0pUYjNKMFQzSmtaWEpjSWpveExGd2lWbVZ5YzJsdmJsd2lPakFzWENKSlpGd2lPakVzWENKSmMwaGhjbVJFWld4bGRHVmtYQ0k2Wm1Gc2MyVjlMRndpVW1WbmFXOXVYQ0k2Ym5Wc2JDeGNJbE5vYjNkRGRYTjBiMjFHYVdWc1pERmNJanBtWVd4elpTeGNJbE5vYjNkRGRYTjBiMjFHYVdWc1pESmNJanBtWVd4elpTeGNJbE5vYjNkV1lYUmNJanBtWVd4elpTeGNJbE5wZEdWY0lqcHVkV3hzTEZ3aVUzUmhkR1Z6WENJNmJuVnNiQ3hjSWxabGNuTnBiMjVjSWpveE1DeGNJa3hoWW05eVlYUnZjbWxsYzF3aU9tNTFiR3dzWENKSmMxWmhkRWxrVFdGdVpHRjBiM0o1WENJNlptRnNjMlVzWENKYWFYQkRiMlJsVW1WblpYaGNJanBjSWw1Y1hGeGNaSHMyZlNSY0lpeGNJa2xrWENJNk56Y3NYQ0pKYzBoaGNtUkVaV3hsZEdWa1hDSTZabUZzYzJWOUxGd2lRM1Z6ZEc5dFJtbGxiR1F4WENJNmJuVnNiQ3hjSWtOMWMzUnZiVVpwWld4a01sd2lPbTUxYkd3c1hDSkZiV0ZwYkZ3aU9sd2ljRzUwWlhOME1EQXhRR1YxY205bWFXNXpMbU52YlZ3aUxGd2lSbUY0WENJNlhDSXhNak5jSWl4Y0lrWnBjbk4wVG1GdFpWd2lPbHdpY0c1MFpYTjBaakF3TVZ3aUxGd2lTVzV6ZEdGdVkyVlRkR0YwZFhORmJuVnRYQ0k2TUN4Y0lrbHpSR1ZtWVhWc2RGd2lPbVpoYkhObExGd2lTWE5GWTI5dFQyNXNlVndpT25SeWRXVXNYQ0pNWVhOMFRtRnRaVndpT2x3aWNHNTBaWE4wYkRBd01Wd2lMRndpVEdsdVpURmNJanBjSWtWMWNtOW1hVzV6WENJc1hDSk1hVzVsTWx3aU9sd2lTVlJjSWl4Y0lreHBibVV6WENJNlhDSkhjbTkxY0Z3aUxGd2lUVzlpYVd4bFhDSTZYQ0k1TnpNNU5UWTFOalUyWENJc1hDSlFhRzl1WlZ3aU9sd2lPVGN6T1RVMk5UWTFObHdpTEZ3aVVHaHZibVZPYjBWNGRGd2lPbTUxYkd3c1hDSlNaV05wY0dsbGJuUmNJanB1ZFd4c0xGd2lVM1JoZEdWY0lqcDdYQ0lrYVdSY0lqcGNJalJjSWl4Y0lrTnZkVzUwY25sY0lqcHVkV3hzTEZ3aVNXNXpkR0Z1WTJWVGRHRjBkWE5GYm5WdFhDSTZNQ3hjSWxOMFlYUmxTMlY1WENJNlhDSkpUaTFMUVZ3aUxGd2lVM1JoZEdWT1lXMWxYQ0k2WENKTFlYSnVZWFJoYTJGY0lpeGNJbFpsY25OcGIyNWNJam93TEZ3aVNXUmNJam94TlRBeExGd2lTWE5JWVhKa1JHVnNaWFJsWkZ3aU9tWmhiSE5sZlN4Y0lsTjBjbVZsZEZ3aU9sd2lVM1J5WldWME1EQXhYQ0lzWENKVGRISmxaWFF5WENJNlhDSlRkSEpsWlhRd01ERmNJaXhjSWxOMGNtVmxkRE5jSWpwY0lsTjBjbVZsZERBd01Wd2lMRndpVkdsMGJHVmNJanBjSWsxU1hDSXNYQ0pXWVhSSlpGd2lPbTUxYkd3c1hDSlhaV0p6YVhSbFhDSTZiblZzYkN4Y0lscHBjRndpT2x3aU5UWXdNRFF5WENJc1hDSkpjMVpoYkdsa1lYUmxaRndpT25SeWRXVXNYQ0pNWVhScGRIVmtaVndpT201MWJHd3NYQ0pNYjI1bmFYUjFaR1ZjSWpwdWRXeHNMRndpU1hORmVHbHpkR2x1WjBKcGJHeFViMXdpT21aaGJITmxMRndpU1hOU1pXRmtUMjVzZVZ3aU9tWmhiSE5sTEZ3aVNYTlBjbVJsY2tOdmNIbGNJanBtWVd4elpTeGNJa2xrWENJNk1DeGNJa2x6U0dGeVpFUmxiR1YwWldSY0lqcG1ZV3h6WlgwbkxDZERiMjUwWlc1MFVHeGhZMlZJYjJ4a1pYSkVaV1poZFd4MFgwMWhjM1JsY2xCc1lXTmxhRzlzWkdWeVgyaGtia0ZrWkhKbGMzTk1hWE4wVTJWc1pXTjBaV1JCWkdSeVpYTnpTV1JmUW1sc2JHbHVaeWNzSjFOaGRtVmtKeXduVTNWalkyVnpjMloxYkd4NUlFTnZjR2xsWkNjcE95QnlaWFIxY200Z1ptRnNjMlU3WkFJRkR3OFdBaDhEQlFSRlpHbDBGZ0lmRXdXdURVOXVSV1JwZEVGa1pISmxjM01vSjBOdmJuUmxiblJRYkdGalpVaHZiR1JsY2tSbFptRjFiSFJmVFdGemRHVnlVR3hoWTJWb2IyeGtaWEpmUVdSa2NtVnpjMHhwYzNSZk5sOXdibXhCWkdSeVpYTnpSR2xoYkc5bkp5d25RbWxzYkdsdVp5Y3NKM3RjSWlScFpGd2lPbHdpTVZ3aUxGd2lVSEpwWTJWQlozSmxaVzFsYm5ST2RXMWlaWEpjSWpwdWRXeHNMRndpVm1GMFNXUkZlSFJjSWpwdWRXeHNMRndpUVdSa2FYUnBiMjVoYkVWdFlXbHNjMXdpT201MWJHd3NYQ0pCWkdSeVpYTnpVbVZtWENJNlhDSXpNVEV3TURBd016STJNVndpTEZ3aVFXUmtjbVZ6YzFSNWNHVkZiblZ0WENJNk1peGNJa05oYmtWa2FYUkJaR1J5WlhOelhDSTZkSEoxWlN4Y0lrTnBkSGxjSWpwY0lrTnBkSGt3TURGY0lpeGNJa052ZFc1MGNubGNJanA3WENJa2FXUmNJanBjSWpKY0lpeGNJa0ZzYkc5M1ZtRjBSWGhsYlhCMFhDSTZabUZzYzJVc1hDSkRiM1Z1ZEhKNVRtRnRaVndpT201MWJHd3NYQ0pKYm5OMFlXNWpaVk4wWVhSMWMwVnVkVzFjSWpvd0xGd2lTWE52UzJWNVhDSTZiblZzYkN4Y0lreGhibWQxWVdkbFhDSTZiblZzYkN4Y0lsSmxaMmx2Ymx3aU9tNTFiR3dzWENKVGFHOTNRM1Z6ZEc5dFJtbGxiR1F4WENJNlptRnNjMlVzWENKVGFHOTNRM1Z6ZEc5dFJtbGxiR1F5WENJNlptRnNjMlVzWENKVGFHOTNWbUYwWENJNlptRnNjMlVzWENKVGFYUmxYQ0k2Ym5Wc2JDeGNJbE4wWVhSbGMxd2lPbTUxYkd3c1hDSldaWEp6YVc5dVhDSTZNQ3hjSWt4aFltOXlZWFJ2Y21sbGMxd2lPbTUxYkd3c1hDSkpjMVpoZEVsa1RXRnVaR0YwYjNKNVhDSTZabUZzYzJVc1hDSmFhWEJEYjJSbFVtVm5aWGhjSWpwdWRXeHNMRndpU1dSY0lqb3dMRndpU1hOSVlYSmtSR1ZzWlhSbFpGd2lPbVpoYkhObGZTeGNJa04xYzNSdmJVWnBaV3hrTVZ3aU9tNTFiR3dzWENKRGRYTjBiMjFHYVdWc1pESmNJanB1ZFd4c0xGd2lSVzFoYVd4Y0lqcGNJbkJ1ZEdWemREQXdNVUJsZFhKdlptbHVjeTVqYjIxY0lpeGNJa1poZUZ3aU9sd2lNVEl6WENJc1hDSkdhWEp6ZEU1aGJXVmNJanBjSW5CdWRHVnpkR1l3TURGY0lpeGNJa2x1YzNSaGJtTmxVM1JoZEhWelJXNTFiVndpT2pBc1hDSkpjMFJsWm1GMWJIUmNJanAwY25WbExGd2lTWE5GWTI5dFQyNXNlVndpT25SeWRXVXNYQ0pNWVhOMFRtRnRaVndpT2x3aWNHNTBaWE4wYkRBd01Wd2lMRndpVEdsdVpURmNJanBjSWtWMWNtOW1hVzV6WENJc1hDSk1hVzVsTWx3aU9sd2lTVlJjSWl4Y0lreHBibVV6WENJNlhDSkhjbTkxY0Z3aUxGd2lUVzlpYVd4bFhDSTZYQ0k1TnpNNU5UWTFOalUyWENJc1hDSlFhRzl1WlZ3aU9sd2lPVGN6T1RVMk5UWTFObHdpTEZ3aVVHaHZibVZPYjBWNGRGd2lPbTUxYkd3c1hDSlNaV05wY0dsbGJuUmNJanB1ZFd4c0xGd2lVM1JoZEdWY0lqcDdYQ0lrYVdSY0lqcGNJak5jSWl4Y0lrTnZkVzUwY25sY0lqcHVkV3hzTEZ3aVNXNXpkR0Z1WTJWVGRHRjBkWE5GYm5WdFhDSTZNQ3hjSWxOMFlYUmxTMlY1WENJNmJuVnNiQ3hjSWxOMFlYUmxUbUZ0WlZ3aU9tNTFiR3dzWENKV1pYSnphVzl1WENJNk1DeGNJa2xrWENJNk1DeGNJa2x6U0dGeVpFUmxiR1YwWldSY0lqcG1ZV3h6Wlgwc1hDSlRkSEpsWlhSY0lqcGNJbE4wY21WbGREQXdNVndpTEZ3aVUzUnlaV1YwTWx3aU9sd2lVM1J5WldWME1EQXhYQ0lzWENKVGRISmxaWFF6WENJNlhDSlRkSEpsWlhRd01ERmNJaXhjSWxScGRHeGxYQ0k2WENKTlVsd2lMRndpVm1GMFNXUmNJanB1ZFd4c0xGd2lWMlZpYzJsMFpWd2lPbTUxYkd3c1hDSmFhWEJjSWpwY0lqVTJNREEwTWx3aUxGd2lTWE5XWVd4cFpHRjBaV1JjSWpwMGNuVmxMRndpVEdGMGFYUjFaR1ZjSWpwdWRXeHNMRndpVEc5dVoybDBkV1JsWENJNmJuVnNiQ3hjSWtselJYaHBjM1JwYm1kQ2FXeHNWRzljSWpwbVlXeHpaU3hjSWtselVtVmhaRTl1YkhsY0lqcG1ZV3h6WlN4Y0lrbHpUM0prWlhKRGIzQjVYQ0k2Wm1Gc2MyVXNYQ0pKWkZ3aU9qRXlOVGM1TkN4Y0lrbHpTR0Z5WkVSbGJHVjBaV1JjSWpwbVlXeHpaWDBuTENkRGIyNTBaVzUwVUd4aFkyVkliMnhrWlhKRVpXWmhkV3gwWDAxaGMzUmxjbEJzWVdObGFHOXNaR1Z5WDBGa1pISmxjM05NYVhOMFh6WmZhR1J1VTJWc1pXTjBaV1JCWkdSeVpYTnpTV1FuTENkRGIyNTBaVzUwVUd4aFkyVkliMnhrWlhKRVpXWmhkV3gwWDAxaGMzUmxjbEJzWVdObGFHOXNaR1Z5WDJoa2JrRmtaSEpsYzNOTWFYTjBVMlZzWldOMFpXUkJaR1J5WlhOelNXUmZRbWxzYkdsdVp5Y3NJR1poYkhObExDZFRZWFpsWkNjc0oxTjFZMk5sYzNObWRXeHNlU0JGWkdsMFpXUW5LVHNnY21WMGRYSnVJR1poYkhObE8yUUNBZzhQRmdJZkJHaGtaQUlORHhVQmFVTnZiblJsYm5SUWJHRmpaVWh2YkdSbGNrUmxabUYxYkhSZlRXRnpkR1Z5VUd4aFkyVm9iMnhrWlhKZlFXUmtjbVZ6YzB4cGMzUmZObDl3Ym14RWNtRm5ZV0pzWlZkcGJtUnZkME52Ym5SbGJuUmZTVzVzYVc1bFRXVnpjMkZuWlVOdmJuUmhhVzVsY21RQ0RnOFdBaDhLQlJsQlpHUWdZU0J1WlhjZ1ltbHNiR2x1WnlCaFpHUnlaWE56RmdJQ0FROFBGZ0lmQXdVUFFXUmtJRzVsZHlCaFpHUnlaWE56RmdJZkV3V29Dazl1UVdSa1RtVjNRV1JrY21WemN5Z25RMjl1ZEdWdWRGQnNZV05sU0c5c1pHVnlSR1ZtWVhWc2RGOU5ZWE4wWlhKUWJHRmpaV2h2YkdSbGNsOUJaR1J5WlhOelRHbHpkRjgyWDNCdWJFRmtaSEpsYzNORWFXRnNiMmNuTENkQ2FXeHNhVzVuSnl3bmV5SWthV1FpT2lJeElpd2lVSEpwWTJWQlozSmxaVzFsYm5ST2RXMWlaWElpT201MWJHd3NJbFpoZEVsa1JYaDBJanB1ZFd4c0xDSkJaR1JwZEdsdmJtRnNSVzFoYVd4eklqcHVkV3hzTENKQlpHUnlaWE56VW1WbUlqcHVkV3hzTENKQlpHUnlaWE56Vkhsd1pVVnVkVzBpT2pBc0lrTmhia1ZrYVhSQlpHUnlaWE56SWpwbVlXeHpaU3dpUTJsMGVTSTZiblZzYkN3aVEyOTFiblJ5ZVNJNmV5SWthV1FpT2lJeUlpd2lRV3hzYjNkV1lYUkZlR1Z0Y0hRaU9tWmhiSE5sTENKRGIzVnVkSEo1VG1GdFpTSTZiblZzYkN3aVNXNXpkR0Z1WTJWVGRHRjBkWE5GYm5WdElqb3dMQ0pKYzI5TFpYa2lPbTUxYkd3c0lreGhibWQxWVdkbElqcHVkV3hzTENKU1pXZHBiMjRpT201MWJHd3NJbE5vYjNkRGRYTjBiMjFHYVdWc1pERWlPbVpoYkhObExDSlRhRzkzUTNWemRHOXRSbWxsYkdReUlqcG1ZV3h6WlN3aVUyaHZkMVpoZENJNlptRnNjMlVzSWxOcGRHVWlPbTUxYkd3c0lsTjBZWFJsY3lJNmJuVnNiQ3dpVm1WeWMybHZiaUk2TUN3aVRHRmliM0poZEc5eWFXVnpJanB1ZFd4c0xDSkpjMVpoZEVsa1RXRnVaR0YwYjNKNUlqcG1ZV3h6WlN3aVdtbHdRMjlrWlZKbFoyVjRJanB1ZFd4c0xDSkpaQ0k2TUN3aVNYTklZWEprUkdWc1pYUmxaQ0k2Wm1Gc2MyVjlMQ0pEZFhOMGIyMUdhV1ZzWkRFaU9tNTFiR3dzSWtOMWMzUnZiVVpwWld4a01pSTZiblZzYkN3aVJXMWhhV3dpT201MWJHd3NJa1poZUNJNmJuVnNiQ3dpUm1seWMzUk9ZVzFsSWpwdWRXeHNMQ0pKYm5OMFlXNWpaVk4wWVhSMWMwVnVkVzBpT2pBc0lrbHpSR1ZtWVhWc2RDSTZabUZzYzJVc0lrbHpSV052YlU5dWJIa2lPbVpoYkhObExDSk1ZWE4wVG1GdFpTSTZiblZzYkN3aVRHbHVaVEVpT201MWJHd3NJa3hwYm1VeUlqcHVkV3hzTENKTWFXNWxNeUk2Ym5Wc2JDd2lUVzlpYVd4bElqcHVkV3hzTENKUWFHOXVaU0k2Ym5Wc2JDd2lVR2h2Ym1WT2IwVjRkQ0k2Ym5Wc2JDd2lVbVZqYVhCcFpXNTBJanB1ZFd4c0xDSlRkR0YwWlNJNmV5SWthV1FpT2lJeklpd2lRMjkxYm5SeWVTSTZiblZzYkN3aVNXNXpkR0Z1WTJWVGRHRjBkWE5GYm5WdElqb3dMQ0pUZEdGMFpVdGxlU0k2Ym5Wc2JDd2lVM1JoZEdWT1lXMWxJanB1ZFd4c0xDSldaWEp6YVc5dUlqb3dMQ0pKWkNJNk1Dd2lTWE5JWVhKa1JHVnNaWFJsWkNJNlptRnNjMlY5TENKVGRISmxaWFFpT201MWJHd3NJbE4wY21WbGRESWlPbTUxYkd3c0lsTjBjbVZsZERNaU9tNTFiR3dzSWxScGRHeGxJanB1ZFd4c0xDSldZWFJKWkNJNmJuVnNiQ3dpVjJWaWMybDBaU0k2Ym5Wc2JDd2lXbWx3SWpwdWRXeHNMQ0pKYzFaaGJHbGtZWFJsWkNJNlptRnNjMlVzSWt4aGRHbDBkV1JsSWpwdWRXeHNMQ0pNYjI1bmFYUjFaR1VpT201MWJHd3NJa2x6UlhocGMzUnBibWRDYVd4c1ZHOGlPbVpoYkhObExDSkpjMUpsWVdSUGJteDVJanBtWVd4elpTd2lTWE5QY21SbGNrTnZjSGtpT21aaGJITmxMQ0pKWkNJNk1Dd2lTWE5JWVhKa1JHVnNaWFJsWkNJNlptRnNjMlY5Snl3blEyOXVkR1Z1ZEZCc1lXTmxTRzlzWkdWeVJHVm1ZWFZzZEY5TllYTjBaWEpRYkdGalpXaHZiR1JsY2w5b1pHNUJaR1J5WlhOelRHbHpkRk5sYkdWamRHVmtRV1JrY21WemMwbGtYMEpwYkd4cGJtY25LVHNnY21WMGRYSnVJR1poYkhObE8yUUNCUTlrRmdKbUR3OFdBaDhOQlJGRWNtOXdZbTk0SUV4dlkyRjBhVzl1YzJRV0NnSUREeFlDSHdNRkUxTmxiR1ZqZENCNWIzVnlJR1J5YjNCaWIzaGtBZ1VQRmdJZkF3VWxSR2x6Y0d4aGVTQkVjbTl3UW05NFpYTWdhVzRnTWpBZ1RXbHNaU0J5WVc1blpTQnZabVFDQnc4UEZnSWZBd1VHTlRZd01EUXlaR1FDQ0E4VkFXbERiMjUwWlc1MFVHeGhZMlZJYjJ4a1pYSkVaV1poZFd4MFgwMWhjM1JsY2xCc1lXTmxhRzlzWkdWeVgzVmpSSEp2Y0VKdmVHVnpYemRmY0c1c1JISmhaMkZpYkdWWGFXNWtiM2REYjI1MFpXNTBYMGx1YkdsdVpVMWxjM05oWjJWRGIyNTBZV2x1WlhKa0Fna1BEeFlDSHdSb1pCWUdBZ0VQRmdJZUJWWmhiSFZsWkdRQ0F3OFdBaDhWQlVON0lrUnBjM1JoYm1ObFNXNVNZV1JwZFhNaU9qSXdMQ0pWYm1sMFQyWkVhWE4wWVc1alpTSTZNaXdpU1c1cGRHbGhiRTFoY0ZwdmIyMU1aWFpsYkNJNk1UVjlaQUlIRHhZQ0h4RUMvLy8vL3c5a0FnY1BaQllDWmc4UEZnSWZCR2hrRmdRQ0NnOWtGZ0lDQ3c4UVpHUVdBR1FDREE4OEt3QVJBZ0VRRmdBV0FCWUFEQlFyQUFCa0Fna1BaQllDWmc5a0ZnUUNBdzlrRmdKbUR4VUJObE52YldVZ2RtRnNhV1JoZEdsdmJpQnBjM04xWlNCdlkyTjFjbk11SUZCc1pXRnpaU0JqYUdWamF5QjViM1Z5SUdsdWNIVjBMbVFDQlE4UEZnSWZBd1VJVTJGMlpWUmxjM1JrWkFJVkQyUVdBbVlQWkJZQ1pnOFZBYVlHZG1GeUlITm9iM2RRY205bmNtVnpjMEpoY2tGbWRHVnlQVEl3TURzTkNuWmhjaUJ0WlhOellXZGxVSEp2WjNKbGMzTkNZWEk5SjFCc1pXRnpaU0IzWVdsMExpNHVKenNOQ25aaGNpQndjbTluY21WemMwSmhjbFJwZEd4bFBTZFFiR1ZoYzJVZ2QyRnBkQzR1TGljN0RRcDJZWElnY0hKdlozSmxjM05DWVhKRFlXNWpaV3hDZFhSMGIyNVVaWGgwUFNkRFlXNWpaV3duT3cwS2RtRnlJR0ZzWlhKMFRXVnpjMkZuWlVKMWRIUnZibFJsZUhROUowOXJKenNOQ25aaGNpQmhiR1Z5ZEUxbGMzTmhaMlZVYVhSc1pUMG5RV3hsY25RZ1RXVnpjMkZuWlNjN0RRcDJZWElnYjNCbGNtOXVVMmwwWlZWeWJEMG5KenNOQ25aaGNpQmpkWEp5Wlc1MFUybDBaVU52WkdVOUowVkNSU2M3RFFwMllYSWdjM1ZpUkc5dFlXbHVQU2RSUVNjN0RRcDJZWElnY0c5eWRFNTFiV0psY2owbk9ERW5PdzBLZG1GeUlIQnlaVXh2WVdSSmJXRm5aVXhwYzNROVd5Y3ZZM056TDJWNGRDOXFjWFZsY25sMGFHVnRaWE12YVcxaFoyVnpMM1ZwTFdKblgyZHNZWE56WHpVMVh6RmpNV014WTE4eGVEUXdNQzV3Ym1jblhUc05DblpoY2lCd2NtbGphVzVuUkdWMFlXbHNjME5zYjNObFFuVjBkRzl1VkdWNGREMG5RMnh2YzJVbk93MEtkbUZ5SUVGa1pFSjFkSFJ2YmxKbGMyOTFjbU5sVkdWNGRDQTlJQ2RCWkdRbk93MEtkbUZ5SUVOaGJtTmxiRUoxZEhSdmJsSmxjMjkxY21ObFZHVjRkQ0E5SUNkRFlXNWpaV3duT3cwS2RtRnlJRU5zYjNObFFuVjBkRzl1VW1WemIzVnlZMlZVWlhoMElEMGdKME5zYjNObEp6c05DblpoY2lCVFlYWmxRblYwZEc5dVVtVnpiM1Z5WTJWVVpYaDBJRDBnSjFOaGRtVW5PdzBLZG1GeUlFNXZRblYwZEc5dVVtVnpiM1Z5WTJWVVpYaDBJRDBnSjA1dkp6c05DblpoY2lCWlpYTkNkWFIwYjI1U1pYTnZkWEpqWlZSbGVIUWdQU0FuV1dWekp6c05DblpoY2lCVWFHbGphMEp2ZUVOc2IzTmxWR1Y0ZEZKbGMyOTFjbU5sSUQwZ0oyOXlJRVZ6WXlCTFpYa25PdzBLZG1GeUlGUm9hV05yUW05NFEyeHZjMlZNYVc1clVtVnpiM1Z5WTJVZ1BTQW5ZMnh2YzJVbk93MEtkbUZ5SUdSbGNHeHZlVzFsYm5SRmJuWnBjbTl1YldWdWRDQTlJQ2RSUVNjN0RRcGtHQVFGSGw5ZlEyOXVkSEp2YkhOU1pYRjFhWEpsVUc5emRFSmhZMnRMWlhsZlh4WUNCWEpqZEd3d01DUmpkR3d3TUNSamRHd3dNQ1JEYjI1MFpXNTBVR3hoWTJWSWIyeGtaWEpFWldaaGRXeDBKRTFoYzNSbGNsQnNZV05sYUc5c1pHVnlKRUZrWkhKbGMzTk1hWE4wWHpVa1ozWkJaR1J5WlhOelRHbHpkQ1JqZEd3d01pUnlaR0owYmxObGJHVmpkRUZrWkhKbGMzTUZjbU4wYkRBd0pHTjBiREF3SkdOMGJEQXdKRU52Ym5SbGJuUlFiR0ZqWlVodmJHUmxja1JsWm1GMWJIUWtUV0Z6ZEdWeVVHeGhZMlZvYjJ4a1pYSWtRV1JrY21WemMweHBjM1JmTmlSbmRrRmtaSEpsYzNOTWFYTjBKR04wYkRBeUpISmtZblJ1VTJWc1pXTjBRV1JrY21WemN3VlpZM1JzTURBa1kzUnNNREFrWTNSc01EQWtRMjl1ZEdWdWRGQnNZV05sU0c5c1pHVnlSR1ZtWVhWc2RDUk5ZWE4wWlhKUWJHRmpaV2h2YkdSbGNpUkJaR1J5WlhOelRHbHpkRjg0SkdkMlFXUmtjbVZ6YzB4cGMzUVBaMlFGV1dOMGJEQXdKR04wYkRBd0pHTjBiREF3SkVOdmJuUmxiblJRYkdGalpVaHZiR1JsY2tSbFptRjFiSFFrVFdGemRHVnlVR3hoWTJWb2IyeGtaWElrUVdSa2NtVnpjMHhwYzNSZk5pUm5ka0ZrWkhKbGMzTk1hWE4wRHp3ckFBd0JDQUlCWkFWWlkzUnNNREFrWTNSc01EQWtZM1JzTURBa1EyOXVkR1Z1ZEZCc1lXTmxTRzlzWkdWeVJHVm1ZWFZzZENSTllYTjBaWEpRYkdGalpXaHZiR1JsY2lSQlpHUnlaWE56VEdsemRGODFKR2QyUVdSa2NtVnpjMHhwYzNRUFBDc0FEQUVJQWdGa0xoRW5YM2Y4bTQ2VmlHZXdEaXQyVzg1ZXRHelVXTElhb3lPQlVXMG9wb0k9IiBDb3JyZWxhdGlvbkJpbmRpbmc9IiIgVXJsRW5jb2RlPSJUcnVlIiAvPg0KICAgICAgICA8Rm9ybVBvc3RQYXJhbWV0ZXIgTmFtZT0iY3RsMDAkY3RsMDAkY3RsMDAkQ29udGVudFBsYWNlSG9sZGVyRGVmYXVsdCRUb3BMb2dnZWRJbl8xJGhkblNjcmVlbkFyZWEiIFZhbHVlPSJ7eyRISURERU4xLmN0bDAwJGN0bDAwJGN0bDAwJENvbnRlbnRQbGFjZUhvbGRlckRlZmF1bHQkVG9wTG9nZ2VkSW5fMSRoZG5TY3JlZW5BcmVhfX0iIFJlY29yZGVkVmFsdWU9IiIgQ29ycmVsYXRpb25CaW5kaW5nPSIiIFVybEVuY29kZT0iVHJ1ZSIgLz4NCiAgICAgICAgPEZvcm1Qb3N0UGFyYW1ldGVyIE5hbWU9ImN0bDAwJGN0bDAwJGN0bDAwJENvbnRlbnRQbGFjZUhvbGRlckRlZmF1bHQkQ2FydE92ZXJ2aWV3XzMkaGRuRmllbGRTZWxlY3RlZE9yZGVySXRlbUNoZWNrb3V0U3RhdGVzIiBWYWx1ZT0ie3skSElEREVOMS5jdGwwMCRjdGwwMCRjdGwwMCRDb250ZW50UGxhY2VIb2xkZXJEZWZhdWx0JENhcnRPdmVydmlld18zJGhkbkZpZWxkU2VsZWN0ZWRPcmRlckl0ZW1DaGVja291dFN0YXRlc319IiBSZWNvcmRlZFZhbHVlPSIiIENvcnJlbGF0aW9uQmluZGluZz0iIiBVcmxFbmNvZGU9IlRydWUiIC8+DQogICAgICAgIDxGb3JtUG9zdFBhcmFtZXRlciBOYW1lPSJjdGwwMCRjdGwwMCRjdGwwMCRDb250ZW50UGxhY2VIb2xkZXJEZWZhdWx0JENhcnRPdmVydmlld18zJGhkbkZpZWxkQ29tcGxldGVDYXJ0Q2hlY2tvdXRTdGF0ZUVudW1zIiBWYWx1ZT0ie3skSElEREVOMS5jdGwwMCRjdGwwMCRjdGwwMCRDb250ZW50UGxhY2VIb2xkZXJEZWZhdWx0JENhcnRPdmVydmlld18zJGhkbkZpZWxkQ29tcGxldGVDYXJ0Q2hlY2tvdXRTdGF0ZUVudW1zfX0iIFJlY29yZGVkVmFsdWU9IiIgQ29ycmVsYXRpb25CaW5kaW5nPSIiIFVybEVuY29kZT0iVHJ1ZSIgLz4NCiAgICAgICAgPEZvcm1Qb3N0UGFyYW1ldGVyIE5hbWU9ImN0bDAwJGN0bDAwJGN0bDAwJENvbnRlbnRQbGFjZUhvbGRlckRlZmF1bHQkQ2FydE92ZXJ2aWV3XzMkaGRuRmllbGRTZWxlY3RlZEl0ZW1JZHMiIFZhbHVlPSJ7eyRISURERU4xLmN0bDAwJGN0bDAwJGN0bDAwJENvbnRlbnRQbGFjZUhvbGRlckRlZmF1bHQkQ2FydE92ZXJ2aWV3XzMkaGRuRmllbGRTZWxlY3RlZEl0ZW1JZHN9fSIgUmVjb3JkZWRWYWx1ZT0iIiBDb3JyZWxhdGlvbkJpbmRpbmc9IiIgVXJsRW5jb2RlPSJUcnVlIiAvPg0KICAgICAgICA8Rm9ybVBvc3RQYXJhbWV0ZXIgTmFtZT0iY3RsMDAkY3RsMDAkY3RsMDAkQ29udGVudFBsYWNlSG9sZGVyRGVmYXVsdCRDYXJ0T3ZlcnZpZXdfMyRoZG5TY3JlZW5BcmVhIiBWYWx1ZT0ie3skSElEREVOMS5jdGwwMCRjdGwwMCRjdGwwMCRDb250ZW50UGxhY2VIb2xkZXJEZWZhdWx0JENhcnRPdmVydmlld18zJGhkblNjcmVlbkFyZWF9fSIgUmVjb3JkZWRWYWx1ZT0iIiBDb3JyZWxhdGlvbkJpbmRpbmc9IiIgVXJsRW5jb2RlPSJUcnVlIiAvPg0KICAgICAgICA8Rm9ybVBvc3RQYXJhbWV0ZXIgTmFtZT0iY3RsMDAkY3RsMDAkY3RsMDAkQ29udGVudFBsYWNlSG9sZGVyRGVmYXVsdCRNYXN0ZXJQbGFjZWhvbGRlciRBZGRyZXNzTGlzdF81JGhkbkFkZHJlc3NUeXBlRW51bSIgVmFsdWU9Int7JEhJRERFTjEuY3RsMDAkY3RsMDAkY3RsMDAkQ29udGVudFBsYWNlSG9sZGVyRGVmYXVsdCRNYXN0ZXJQbGFjZWhvbGRlciRBZGRyZXNzTGlzdF81JGhkbkFkZHJlc3NUeXBlRW51bX19IiBSZWNvcmRlZFZhbHVlPSJTaGlwcGluZyIgQ29ycmVsYXRpb25CaW5kaW5nPSIiIFVybEVuY29kZT0iVHJ1ZSIgLz4NCiAgICAgICAgPEZvcm1Qb3N0UGFyYW1ldGVyIE5hbWU9ImN0bDAwJGN0bDAwJGN0bDAwJENvbnRlbnRQbGFjZUhvbGRlckRlZmF1bHQkTWFzdGVyUGxhY2Vob2xkZXIkQWRkcmVzc0xpc3RfNSRoZG5TZWxlY3RlZEFkZHJlc3NJZCIgVmFsdWU9Int7JEhJRERFTjEuY3RsMDAkY3RsMDAkY3RsMDAkQ29udGVudFBsYWNlSG9sZGVyRGVmYXVsdCRNYXN0ZXJQbGFjZWhvbGRlciRBZGRyZXNzTGlzdF81JGhkblNlbGVjdGVkQWRkcmVzc0lkfX0iIFJlY29yZGVkVmFsdWU9IjEyNTc5MyIgQ29ycmVsYXRpb25CaW5kaW5nPSIiIFVybEVuY29kZT0iVHJ1ZSIgLz4NCiAgICAgICAgPEZvcm1Qb3N0UGFyYW1ldGVyIE5hbWU9ImN0bDAwJGN0bDAwJGN0bDAwJENvbnRlbnRQbGFjZUhvbGRlckRlZmF1bHQkTWFzdGVyUGxhY2Vob2xkZXIkQWRkcmVzc0xpc3RfNSRndkFkZHJlc3NMaXN0JGN0bDAyJHJkYnRuU2VsZWN0QWRkcmVzcyIgVmFsdWU9InJkYnRuU2VsZWN0QWRkcmVzcyIgUmVjb3JkZWRWYWx1ZT0icmRidG5TZWxlY3RBZGRyZXNzIiBDb3JyZWxhdGlvbkJpbmRpbmc9Int7Rm9ybVBvc3RQYXJhbTMxLmN0bDAwJGN0bDAwJGN0bDAwJENvbnRlbnRQbGFjZUhvbGRlckRlZmF1bHQkTWFzdGVyUGxhY2Vob2xkZXIkQWRkcmVzc0xpc3RfNSRndkFkZHJlc3NMaXN0JGN0bDAyJHJkYnRuU2VsZWN0QWRkcmVzc319IiBVcmxFbmNvZGU9IlRydWUiIC8+DQogICAgICAgIDxGb3JtUG9zdFBhcmFtZXRlciBOYW1lPSJjdGwwMCRjdGwwMCRjdGwwMCRDb250ZW50UGxhY2VIb2xkZXJEZWZhdWx0JE1hc3RlclBsYWNlaG9sZGVyJEFkZHJlc3NMaXN0XzUkaGRuX0NvbnRlbnRQbGFjZUhvbGRlckRlZmF1bHRfTWFzdGVyUGxhY2Vob2xkZXJfQWRkcmVzc0xpc3RfNV9wbmxEcmFnYWJsZVdpbmRvd0NvbnRlbnRfR2V0RGF0YVF1ZXJ5IiBWYWx1ZT0ie3skSElEREVOMS5jdGwwMCRjdGwwMCRjdGwwMCRDb250ZW50UGxhY2VIb2xkZXJEZWZhdWx0JE1hc3RlclBsYWNlaG9sZGVyJEFkZHJlc3NMaXN0XzUkaGRuX0NvbnRlbnRQbGFjZUhvbGRlckRlZmF1bHRfTWFzdGVyUGxhY2Vob2xkZXJfQWRkcmVzc0xpc3RfNV9wbmxEcmFnYWJsZVdpbmRvd0NvbnRlbnRfR2V0RGF0YVF1ZXJ5fX0iIFJlY29yZGVkVmFsdWU9InsmcXVvdDtBZGRyZXNzVHlwZUVudW0mcXVvdDs6JnF1b3Q7U2hpcHBpbmcmcXVvdDssJnF1b3Q7Q29udHJvbE5hbWUmcXVvdDs6JnF1b3Q7QWRkcmVzc0xpc3QmcXVvdDssJnF1b3Q7QWN0aW9uJnF1b3Q7OiZxdW90O0dldERhdGEmcXVvdDssJnF1b3Q7U2VsZWN0ZWRBZGRyZXNzSWQmcXVvdDs6MTI1NzkzLCZxdW90O1dpbmRvd1NlbGVjdGVkQWRkcmVzc0hpZGRlbkZpZWxkQ2xpZW50SWQmcXVvdDs6JnF1b3Q7Q29udGVudFBsYWNlSG9sZGVyRGVmYXVsdF9NYXN0ZXJQbGFjZWhvbGRlcl9oZG5BZGRyZXNzTGlzdFNlbGVjdGVkQWRkcmVzc0lkX1NoaXBwaW5nJnF1b3Q7fSIgQ29ycmVsYXRpb25CaW5kaW5nPSIiIFVybEVuY29kZT0iVHJ1ZSIgLz4NCiAgICAgICAgPEZvcm1Qb3N0UGFyYW1ldGVyIE5hbWU9ImN0bDAwJGN0bDAwJGN0bDAwJENvbnRlbnRQbGFjZUhvbGRlckRlZmF1bHQkTWFzdGVyUGxhY2Vob2xkZXIkQWRkcmVzc0xpc3RfNSRoZG5fQ29udGVudFBsYWNlSG9sZGVyRGVmYXVsdF9NYXN0ZXJQbGFjZWhvbGRlcl9BZGRyZXNzTGlzdF81X3BubERyYWdhYmxlV2luZG93Q29udGVudF9TdGFuZEFsb25lSWQiIFZhbHVlPSJ7eyRISURERU4xLmN0bDAwJGN0bDAwJGN0bDAwJENvbnRlbnRQbGFjZUhvbGRlckRlZmF1bHQkTWFzdGVyUGxhY2Vob2xkZXIkQWRkcmVzc0xpc3RfNSRoZG5fQ29udGVudFBsYWNlSG9sZGVyRGVmYXVsdF9NYXN0ZXJQbGFjZWhvbGRlcl9BZGRyZXNzTGlzdF81X3BubERyYWdhYmxlV2luZG93Q29udGVudF9TdGFuZEFsb25lSWR9fSIgUmVjb3JkZWRWYWx1ZT0iU3RhbmRBbG9uZVNhdmUiIENvcnJlbGF0aW9uQmluZGluZz0iIiBVcmxFbmNvZGU9IlRydWUiIC8+DQogICAgICAgIDxGb3JtUG9zdFBhcmFtZXRlciBOYW1lPSJjdGwwMCRjdGwwMCRjdGwwMCRDb250ZW50UGxhY2VIb2xkZXJEZWZhdWx0JE1hc3RlclBsYWNlaG9sZGVyJEFkZHJlc3NMaXN0XzUkaGRuU2NyZWVuQXJlYSIgVmFsdWU9Int7JEhJRERFTjEuY3RsMDAkY3RsMDAkY3RsMDAkQ29udGVudFBsYWNlSG9sZGVyRGVmYXVsdCRNYXN0ZXJQbGFjZWhvbGRlciRBZGRyZXNzTGlzdF81JGhkblNjcmVlbkFyZWF9fSIgUmVjb3JkZWRWYWx1ZT0iIiBDb3JyZWxhdGlvbkJpbmRpbmc9IiIgVXJsRW5jb2RlPSJUcnVlIiAvPg0KICAgICAgICA8Rm9ybVBvc3RQYXJhbWV0ZXIgTmFtZT0iY3RsMDAkY3RsMDAkY3RsMDAkQ29udGVudFBsYWNlSG9sZGVyRGVmYXVsdCRNYXN0ZXJQbGFjZWhvbGRlciRoZG5BZGRyZXNzTGlzdFNlbGVjdGVkQWRkcmVzc0lkX1NoaXBwaW5nIiBWYWx1ZT0ie3skSElEREVOMS5jdGwwMCRjdGwwMCRjdGwwMCRDb250ZW50UGxhY2VIb2xkZXJEZWZhdWx0JE1hc3RlclBsYWNlaG9sZGVyJGhkbkFkZHJlc3NMaXN0U2VsZWN0ZWRBZGRyZXNzSWRfU2hpcHBpbmd9fSIgUmVjb3JkZWRWYWx1ZT0iMTI1NzkzIiBDb3JyZWxhdGlvbkJpbmRpbmc9IiIgVXJsRW5jb2RlPSJUcnVlIiAvPg0KICAgICAgICA8Rm9ybVBvc3RQYXJhbWV0ZXIgTmFtZT0iY3RsMDAkY3RsMDAkY3RsMDAkQ29udGVudFBsYWNlSG9sZGVyRGVmYXVsdCRNYXN0ZXJQbGFjZWhvbGRlciRBZGRyZXNzTGlzdF82JGhkbkFkZHJlc3NUeXBlRW51bSIgVmFsdWU9Int7JEhJRERFTjEuY3RsMDAkY3RsMDAkY3RsMDAkQ29udGVudFBsYWNlSG9sZGVyRGVmYXVsdCRNYXN0ZXJQbGFjZWhvbGRlciRBZGRyZXNzTGlzdF82JGhkbkFkZHJlc3NUeXBlRW51bX19IiBSZWNvcmRlZFZhbHVlPSJCaWxsaW5nIiBDb3JyZWxhdGlvbkJpbmRpbmc9IiIgVXJsRW5jb2RlPSJUcnVlIiAvPg0KICAgICAgICA8Rm9ybVBvc3RQYXJhbWV0ZXIgTmFtZT0iY3RsMDAkY3RsMDAkY3RsMDAkQ29udGVudFBsYWNlSG9sZGVyRGVmYXVsdCRNYXN0ZXJQbGFjZWhvbGRlciRBZGRyZXNzTGlzdF82JGhkblNlbGVjdGVkQWRkcmVzc0lkIiBWYWx1ZT0ie3skSElEREVOMS5jdGwwMCRjdGwwMCRjdGwwMCRDb250ZW50UGxhY2VIb2xkZXJEZWZhdWx0JE1hc3RlclBsYWNlaG9sZGVyJEFkZHJlc3NMaXN0XzYkaGRuU2VsZWN0ZWRBZGRyZXNzSWR9fSIgUmVjb3JkZWRWYWx1ZT0iMTI1Nzk0IiBDb3JyZWxhdGlvbkJpbmRpbmc9IiIgVXJsRW5jb2RlPSJUcnVlIiAvPg0KICAgICAgICA8Rm9ybVBvc3RQYXJhbWV0ZXIgTmFtZT0iY3RsMDAkY3RsMDAkY3RsMDAkQ29udGVudFBsYWNlSG9sZGVyRGVmYXVsdCRNYXN0ZXJQbGFjZWhvbGRlciRBZGRyZXNzTGlzdF82JGd2QWRkcmVzc0xpc3QkY3RsMDIkcmRidG5TZWxlY3RBZGRyZXNzIiBWYWx1ZT0icmRidG5TZWxlY3RBZGRyZXNzIiBSZWNvcmRlZFZhbHVlPSJyZGJ0blNlbGVjdEFkZHJlc3MiIENvcnJlbGF0aW9uQmluZGluZz0ie3tGb3JtUG9zdFBhcmFtMzIuY3RsMDAkY3RsMDAkY3RsMDAkQ29udGVudFBsYWNlSG9sZGVyRGVmYXVsdCRNYXN0ZXJQbGFjZWhvbGRlciRBZGRyZXNzTGlzdF82JGd2QWRkcmVzc0xpc3QkY3RsMDIkcmRidG5TZWxlY3RBZGRyZXNzfX0iIFVybEVuY29kZT0iVHJ1ZSIgLz4NCiAgICAgICAgPEZvcm1Qb3N0UGFyYW1ldGVyIE5hbWU9ImN0bDAwJGN0bDAwJGN0bDAwJENvbnRlbnRQbGFjZUhvbGRlckRlZmF1bHQkTWFzdGVyUGxhY2Vob2xkZXIkQWRkcmVzc0xpc3RfNiRoZG5fQ29udGVudFBsYWNlSG9sZGVyRGVmYXVsdF9NYXN0ZXJQbGFjZWhvbGRlcl9BZGRyZXNzTGlzdF82X3BubERyYWdhYmxlV2luZG93Q29udGVudF9HZXREYXRhUXVlcnkiIFZhbHVlPSJ7eyRISURERU4xLmN0bDAwJGN0bDAwJGN0bDAwJENvbnRlbnRQbGFjZUhvbGRlckRlZmF1bHQkTWFzdGVyUGxhY2Vob2xkZXIkQWRkcmVzc0xpc3RfNiRoZG5fQ29udGVudFBsYWNlSG9sZGVyRGVmYXVsdF9NYXN0ZXJQbGFjZWhvbGRlcl9BZGRyZXNzTGlzdF82X3BubERyYWdhYmxlV2luZG93Q29udGVudF9HZXREYXRhUXVlcnl9fSIgUmVjb3JkZWRWYWx1ZT0ieyZxdW90O0FkZHJlc3NUeXBlRW51bSZxdW90OzomcXVvdDtCaWxsaW5nJnF1b3Q7LCZxdW90O0NvbnRyb2xOYW1lJnF1b3Q7OiZxdW90O0FkZHJlc3NMaXN0JnF1b3Q7LCZxdW90O0FjdGlvbiZxdW90OzomcXVvdDtHZXREYXRhJnF1b3Q7LCZxdW90O1NlbGVjdGVkQWRkcmVzc0lkJnF1b3Q7OjEyNTc5NCwmcXVvdDtXaW5kb3dTZWxlY3RlZEFkZHJlc3NIaWRkZW5GaWVsZENsaWVudElkJnF1b3Q7OiZxdW90O0NvbnRlbnRQbGFjZUhvbGRlckRlZmF1bHRfTWFzdGVyUGxhY2Vob2xkZXJfaGRuQWRkcmVzc0xpc3RTZWxlY3RlZEFkZHJlc3NJZF9CaWxsaW5nJnF1b3Q7fSIgQ29ycmVsYXRpb25CaW5kaW5nPSIiIFVybEVuY29kZT0iVHJ1ZSIgLz4NCiAgICAgICAgPEZvcm1Qb3N0UGFyYW1ldGVyIE5hbWU9ImN0bDAwJGN0bDAwJGN0bDAwJENvbnRlbnRQbGFjZUhvbGRlckRlZmF1bHQkTWFzdGVyUGxhY2Vob2xkZXIkQWRkcmVzc0xpc3RfNiRoZG5fQ29udGVudFBsYWNlSG9sZGVyRGVmYXVsdF9NYXN0ZXJQbGFjZWhvbGRlcl9BZGRyZXNzTGlzdF82X3BubERyYWdhYmxlV2luZG93Q29udGVudF9TdGFuZEFsb25lSWQiIFZhbHVlPSJ7eyRISURERU4xLmN0bDAwJGN0bDAwJGN0bDAwJENvbnRlbnRQbGFjZUhvbGRlckRlZmF1bHQkTWFzdGVyUGxhY2Vob2xkZXIkQWRkcmVzc0xpc3RfNiRoZG5fQ29udGVudFBsYWNlSG9sZGVyRGVmYXVsdF9NYXN0ZXJQbGFjZWhvbGRlcl9BZGRyZXNzTGlzdF82X3BubERyYWdhYmxlV2luZG93Q29udGVudF9TdGFuZEFsb25lSWR9fSIgUmVjb3JkZWRWYWx1ZT0iU3RhbmRBbG9uZVNhdmUiIENvcnJlbGF0aW9uQmluZGluZz0iIiBVcmxFbmNvZGU9IlRydWUiIC8+DQogICAgICAgIDxGb3JtUG9zdFBhcmFtZXRlciBOYW1lPSJjdGwwMCRjdGwwMCRjdGwwMCRDb250ZW50UGxhY2VIb2xkZXJEZWZhdWx0JE1hc3RlclBsYWNlaG9sZGVyJEFkZHJlc3NMaXN0XzYkaGRuU2NyZWVuQXJlYSIgVmFsdWU9Int7JEhJRERFTjEuY3RsMDAkY3RsMDAkY3RsMDAkQ29udGVudFBsYWNlSG9sZGVyRGVmYXVsdCRNYXN0ZXJQbGFjZWhvbGRlciRBZGRyZXNzTGlzdF82JGhkblNjcmVlbkFyZWF9fSIgUmVjb3JkZWRWYWx1ZT0iIiBDb3JyZWxhdGlvbkJpbmRpbmc9IiIgVXJsRW5jb2RlPSJUcnVlIiAvPg0KICAgICAgICA8Rm9ybVBvc3RQYXJhbWV0ZXIgTmFtZT0iY3RsMDAkY3RsMDAkY3RsMDAkQ29udGVudFBsYWNlSG9sZGVyRGVmYXVsdCRNYXN0ZXJQbGFjZWhvbGRlciRoZG5BZGRyZXNzTGlzdFNlbGVjdGVkQWRkcmVzc0lkX0JpbGxpbmciIFZhbHVlPSJ7eyRISURERU4xLmN0bDAwJGN0bDAwJGN0bDAwJENvbnRlbnRQbGFjZUhvbGRlckRlZmF1bHQkTWFzdGVyUGxhY2Vob2xkZXIkaGRuQWRkcmVzc0xpc3RTZWxlY3RlZEFkZHJlc3NJZF9CaWxsaW5nfX0iIFJlY29yZGVkVmFsdWU9IjEyNTc5NCIgQ29ycmVsYXRpb25CaW5kaW5nPSIiIFVybEVuY29kZT0iVHJ1ZSIgLz4NCiAgICAgICAgPEZvcm1Qb3N0UGFyYW1ldGVyIE5hbWU9ImN0bDAwJGN0bDAwJGN0bDAwJENvbnRlbnRQbGFjZUhvbGRlckRlZmF1bHQkTWFzdGVyUGxhY2Vob2xkZXIkdWNEcm9wQm94ZXNfNyRoZG5fQ29udGVudFBsYWNlSG9sZGVyRGVmYXVsdF9NYXN0ZXJQbGFjZWhvbGRlcl91Y0Ryb3BCb3hlc183X3BubERyYWdhYmxlV2luZG93Q29udGVudF9TdGFuZEFsb25lSWQiIFZhbHVlPSJ7eyRISURERU4xLmN0bDAwJGN0bDAwJGN0bDAwJENvbnRlbnRQbGFjZUhvbGRlckRlZmF1bHQkTWFzdGVyUGxhY2Vob2xkZXIkdWNEcm9wQm94ZXNfNyRoZG5fQ29udGVudFBsYWNlSG9sZGVyRGVmYXVsdF9NYXN0ZXJQbGFjZWhvbGRlcl91Y0Ryb3BCb3hlc183X3BubERyYWdhYmxlV2luZG93Q29udGVudF9TdGFuZEFsb25lSWR9fSIgUmVjb3JkZWRWYWx1ZT0iU3RhbmRBbG9uZVNhdmUiIENvcnJlbGF0aW9uQmluZGluZz0iIiBVcmxFbmNvZGU9IlRydWUiIC8+DQogICAgICAgIDxGb3JtUG9zdFBhcmFtZXRlciBOYW1lPSJjdGwwMCRjdGwwMCRjdGwwMCRDb250ZW50UGxhY2VIb2xkZXJEZWZhdWx0JE1hc3RlclBsYWNlaG9sZGVyJHVjRHJvcEJveGVzXzckaGRuU2NyZWVuQXJlYSIgVmFsdWU9Int7JEhJRERFTjEuY3RsMDAkY3RsMDAkY3RsMDAkQ29udGVudFBsYWNlSG9sZGVyRGVmYXVsdCRNYXN0ZXJQbGFjZWhvbGRlciR1Y0Ryb3BCb3hlc183JGhkblNjcmVlbkFyZWF9fSIgUmVjb3JkZWRWYWx1ZT0iIiBDb3JyZWxhdGlvbkJpbmRpbmc9IiIgVXJsRW5jb2RlPSJUcnVlIiAvPg0KICAgICAgICA8Rm9ybVBvc3RQYXJhbWV0ZXIgTmFtZT0iY3RsMDAkY3RsMDAkY3RsMDAkQ29udGVudFBsYWNlSG9sZGVyRGVmYXVsdCRNYXN0ZXJQbGFjZWhvbGRlciRoZG5BZGRyZXNzTGlzdFNlbGVjdGVkQWRkcmVzc0lkX1BpY2tVcCIgVmFsdWU9Int7JEhJRERFTjEuY3RsMDAkY3RsMDAkY3RsMDAkQ29udGVudFBsYWNlSG9sZGVyRGVmYXVsdCRNYXN0ZXJQbGFjZWhvbGRlciRoZG5BZGRyZXNzTGlzdFNlbGVjdGVkQWRkcmVzc0lkX1BpY2tVcH19IiBSZWNvcmRlZFZhbHVlPSIiIENvcnJlbGF0aW9uQmluZGluZz0iIiBVcmxFbmNvZGU9IlRydWUiIC8+DQogICAgICAgIDxGb3JtUG9zdFBhcmFtZXRlciBOYW1lPSJjdGwwMCRjdGwwMCRjdGwwMCRDb250ZW50UGxhY2VIb2xkZXJEZWZhdWx0JE1hc3RlclBsYWNlaG9sZGVyJHVjU2F2ZUJ1dHRvbl85JGhkbl9Db250ZW50UGxhY2VIb2xkZXJEZWZhdWx0X01hc3RlclBsYWNlaG9sZGVyX3VjU2F2ZUJ1dHRvbl85X3BubERyYWdhYmxlV2luZG93Q29udGVudF9TdGFuZEFsb25lSWQiIFZhbHVlPSJ7eyRISURERU4xLmN0bDAwJGN0bDAwJGN0bDAwJENvbnRlbnRQbGFjZUhvbGRlckRlZmF1bHQkTWFzdGVyUGxhY2Vob2xkZXIkdWNTYXZlQnV0dG9uXzkkaGRuX0NvbnRlbnRQbGFjZUhvbGRlckRlZmF1bHRfTWFzdGVyUGxhY2Vob2xkZXJfdWNTYXZlQnV0dG9uXzlfcG5sRHJhZ2FibGVXaW5kb3dDb250ZW50X1N0YW5kQWxvbmVJZH19IiBSZWNvcmRlZFZhbHVlPSJTdGFuZEFsb25lU2F2ZSIgQ29ycmVsYXRpb25CaW5kaW5nPSIiIFVybEVuY29kZT0iVHJ1ZSIgLz4NCiAgICAgICAgPEZvcm1Qb3N0UGFyYW1ldGVyIE5hbWU9ImN0bDAwJGN0bDAwJGN0bDAwJENvbnRlbnRQbGFjZUhvbGRlckRlZmF1bHQkTWFzdGVyUGxhY2Vob2xkZXIkdWNTYXZlQnV0dG9uXzkkaGRuU2NyZWVuQXJlYSIgVmFsdWU9Int7JEhJRERFTjEuY3RsMDAkY3RsMDAkY3RsMDAkQ29udGVudFBsYWNlSG9sZGVyRGVmYXVsdCRNYXN0ZXJQbGFjZWhvbGRlciR1Y1NhdmVCdXR0b25fOSRoZG5TY3JlZW5BcmVhfX0iIFJlY29yZGVkVmFsdWU9IiIgQ29ycmVsYXRpb25CaW5kaW5nPSIiIFVybEVuY29kZT0iVHJ1ZSIgLz4NCiAgICAgICAgPEZvcm1Qb3N0UGFyYW1ldGVyIE5hbWU9ImN0bDAwJGN0bDAwJGN0bDAwJENvbnRlbnRQbGFjZUhvbGRlckRlZmF1bHQkaGRuQ2FuSW5pdGlhbGl6ZUN1bHR1cmUiIFZhbHVlPSJ7eyRISURERU4xLmN0bDAwJGN0bDAwJGN0bDAwJENvbnRlbnRQbGFjZUhvbGRlckRlZmF1bHQkaGRuQ2FuSW5pdGlhbGl6ZUN1bHR1cmV9fSIgUmVjb3JkZWRWYWx1ZT0iZmFsc2UiIENvcnJlbGF0aW9uQmluZGluZz0iIiBVcmxFbmNvZGU9IlRydWUiIC8+DQogICAgICAgIDxGb3JtUG9zdFBhcmFtZXRlciBOYW1lPSJjdGwwMCRjdGwwMCRjdGwwMCRDb250ZW50UGxhY2VIb2xkZXJEZWZhdWx0JGhkbkVjb21EcmFnRHJvcEpzb24iIFZhbHVlPSJ7eyRISURERU4xLmN0bDAwJGN0bDAwJGN0bDAwJENvbnRlbnRQbGFjZUhvbGRlckRlZmF1bHQkaGRuRWNvbURyYWdEcm9wSnNvbn19IiBSZWNvcmRlZFZhbHVlPSIiIENvcnJlbGF0aW9uQmluZGluZz0iIiBVcmxFbmNvZGU9IlRydWUiIC8+DQogICAgICAgIDxGb3JtUG9zdFBhcmFtZXRlciBOYW1lPSJjdGwwMCRjdGwwMCRjdGwwMCRDb250ZW50UGxhY2VIb2xkZXJEZWZhdWx0JGhkbkN1cnJlbnRQYWdlSWRlbnRpdHkiIFZhbHVlPSJ7eyRISURERU4xLmN0bDAwJGN0bDAwJGN0bDAwJENvbnRlbnRQbGFjZUhvbGRlckRlZmF1bHQkaGRuQ3VycmVudFBhZ2VJZGVudGl0eX19IiBSZWNvcmRlZFZhbHVlPSIxMzI5IiBDb3JyZWxhdGlvbkJpbmRpbmc9IiIgVXJsRW5jb2RlPSJUcnVlIiAvPg0KICAgICAgICA8Rm9ybVBvc3RQYXJhbWV0ZXIgTmFtZT0iY3RsMDAkY3RsMDAkY3RsMDAkQ29udGVudFBsYWNlSG9sZGVyRGVmYXVsdCRoZG5TY3JvbGxZUG9zaXRpb24iIFZhbHVlPSJ7eyRISURERU4xLmN0bDAwJGN0bDAwJGN0bDAwJENvbnRlbnRQbGFjZUhvbGRlckRlZmF1bHQkaGRuU2Nyb2xsWVBvc2l0aW9ufX0iIFJlY29yZGVkVmFsdWU9IjAiIENvcnJlbGF0aW9uQmluZGluZz0iIiBVcmxFbmNvZGU9IlRydWUiIC8+DQogICAgICAgIDxGb3JtUG9zdFBhcmFtZXRlciBOYW1lPSJfX1ZJRVdTVEFURUdFTkVSQVRPUiIgVmFsdWU9Int7JEhJRERFTjEuX19WSUVXU1RBVEVHRU5FUkFUT1J9fSIgUmVjb3JkZWRWYWx1ZT0iQ0EwQjAzMzQiIENvcnJlbGF0aW9uQmluZGluZz0iIiBVcmxFbmNvZGU9IlRydWUiIC8+DQogICAgICA8L0Zvcm1Qb3N0SHR0cEJvZHk+DQogICAgPC9SZXF1ZXN0Pg0KICAgIDxSZXF1ZXN0IE1ldGhvZD0iR0VUIiBHdWlkPSJiZTg4NDQyMi1lODk1LTQ1ODAtYjM5YS1iNjgwZDQ0ODE2OTUiIFZlcnNpb249IjEuMSIgVXJsPSJodHRwOi8vaW4wMWFwdjExOjgxL2FwaS9NeU9yZGVycy9HZXRSZXNvdXJjZXMiIFRoaW5rVGltZT0iNSIgVGltZW91dD0iMzAwIiBQYXJzZURlcGVuZGVudFJlcXVlc3RzPSJUcnVlIiBGb2xsb3dSZWRpcmVjdHM9IlRydWUiIFJlY29yZFJlc3VsdD0iVHJ1ZSIgQ2FjaGU9IkZhbHNlIiBSZXNwb25zZVRpbWVHb2FsPSIwIiBFbmNvZGluZz0idXRmLTgiIEV4cGVjdGVkSHR0cFN0YXR1c0NvZGU9IjAiIEV4cGVjdGVkUmVzcG9uc2VVcmw9IiIgUmVwb3J0aW5nTmFtZT0iIiBJZ25vcmVIdHRwU3RhdHVzQ29kZT0iRmFsc2UiPg0KICAgICAgPEhlYWRlcnM+DQogICAgICAgIDxIZWFkZXIgTmFtZT0iQ29udGVudC1UeXBlIiBWYWx1ZT0iYXBwbGljYXRpb24vanNvbjsgY2hhcnNldD11dGYtOCIgLz4NCiAgICAgICAgPEhlYWRlciBOYW1lPSJBY2NlcHQiIFZhbHVlPSJhcHBsaWNhdGlvbi9qc29uLCB0ZXh0L2phdmFzY3JpcHQsICovKjsgcT0wLjAxIiAvPg0KICAgICAgICA8SGVhZGVyIE5hbWU9IlgtUmVxdWVzdGVkLVdpdGgiIFZhbHVlPSJYTUxIdHRwUmVxdWVzdCIgLz4NCiAgICAgICAgPEhlYWRlciBOYW1lPSJSZWZlcmVyIiBWYWx1ZT0iaHR0cDovL2luMDFhcHYxMTo4MS9lbi9teW9yZGVycy5hc3B4IiAvPg0KICAgICAgPC9IZWFkZXJzPg0KICAgICAgPFF1ZXJ5U3RyaW5nUGFyYW1ldGVycz4NCiAgICAgICAgPFF1ZXJ5U3RyaW5nUGFyYW1ldGVyIE5hbWU9IiIgVmFsdWU9IiIgUmVjb3JkZWRWYWx1ZT0iIiBDb3JyZWxhdGlvbkJpbmRpbmc9IiIgVXJsRW5jb2RlPSJGYWxzZSIgVXNlVG9Hcm91cFJlc3VsdHM9IkZhbHNlIiAvPg0KICAgICAgPC9RdWVyeVN0cmluZ1BhcmFtZXRlcnM+DQogICAgPC9SZXF1ZXN0Pg0KICAgIDxDb21tZW50IENvbW1lbnRUZXh0PSJDbGlja19NeSBEYXNoYm9hcmQiIC8+DQogICAgPFJlcXVlc3QgTWV0aG9kPSJQT1NUIiBHdWlkPSI5OWVlNmU5NS0yOGQyLTRlNzItOGI0MC05ZGVhNzI1NDNmOWQiIFZlcnNpb249IjEuMSIgVXJsPSJodHRwOi8vaW4wMWFwdjExOjgxL2VuL215b3JkZXJzLmFzcHgiIFRoaW5rVGltZT0iMCIgVGltZW91dD0iMzAwIiBQYXJzZURlcGVuZGVudFJlcXVlc3RzPSJUcnVlIiBGb2xsb3dSZWRpcmVjdHM9IlRydWUiIFJlY29yZFJlc3VsdD0iVHJ1ZSIgQ2FjaGU9IkZhbHNlIiBSZXNwb25zZVRpbWVHb2FsPSIwIiBFbmNvZGluZz0idXRmLTgiIEV4cGVjdGVkSHR0cFN0YXR1c0NvZGU9IjAiIEV4cGVjdGVkUmVzcG9uc2VVcmw9Imh0dHA6Ly9pbjAxYXB2MTE6ODEvZW4vZGFzaGJvYXJkLmFzcHgiIFJlcG9ydGluZ05hbWU9IiIgSWdub3JlSHR0cFN0YXR1c0NvZGU9IkZhbHNlIj4NCiAgICAgIDxEZXBlbmRlbnRSZXF1ZXN0cz4NCiAgICAgICAgPFJlcXVlc3QgTWV0aG9kPSJHRVQiIEd1aWQ9IjA2ZTY0YmZjLTUwMjctNGViOS1iNTcwLTUyOTJjYTIwZWZiZSIgVmVyc2lvbj0iMS4xIiBVcmw9Imh0dHBzOi8vZm9udHMuZ29vZ2xlYXBpcy5jb20vY3NzIiBUaGlua1RpbWU9IjAiIFRpbWVvdXQ9IjMwMCIgUGFyc2VEZXBlbmRlbnRSZXF1ZXN0cz0iVHJ1ZSIgRm9sbG93UmVkaXJlY3RzPSJUcnVlIiBSZWNvcmRSZXN1bHQ9IlRydWUiIENhY2hlPSJGYWxzZSIgUmVzcG9uc2VUaW1lR29hbD0iMCIgRW5jb2Rpbmc9InV0Zi04IiBFeHBlY3RlZEh0dHBTdGF0dXNDb2RlPSIwIiBFeHBlY3RlZFJlc3BvbnNlVXJsPSIiIFJlcG9ydGluZ05hbWU9IiIgSWdub3JlSHR0cFN0YXR1c0NvZGU9IkZhbHNlIj4NCiAgICAgICAgICA8SGVhZGVycz4NCiAgICAgICAgICAgIDxIZWFkZXIgTmFtZT0iUmVmZXJlciIgVmFsdWU9Imh0dHA6Ly9pbjAxYXB2MTE6ODEvZW4vZGFzaGJvYXJkLmFzcHgiIC8+DQogICAgICAgICAgPC9IZWFkZXJzPg0KICAgICAgICAgIDxRdWVyeVN0cmluZ1BhcmFtZXRlcnM+DQogICAgICAgICAgICA8UXVlcnlTdHJpbmdQYXJhbWV0ZXIgTmFtZT0iZmFtaWx5IiBWYWx1ZT0iUm9ib3RvOjMwMCw0MDAsNTAwLDcwMD9FY29tVmVyc2lvbiUzZDguMC43OC4yMSIgUmVjb3JkZWRWYWx1ZT0iUm9ib3RvOjMwMCw0MDAsNTAwLDcwMD9FY29tVmVyc2lvbiUzZDguMC43OC4yMSIgQ29ycmVsYXRpb25CaW5kaW5nPSIiIFVybEVuY29kZT0iRmFsc2UiIFVzZVRvR3JvdXBSZXN1bHRzPSJGYWxzZSIgLz4NCiAgICAgICAgICA8L1F1ZXJ5U3RyaW5nUGFyYW1ldGVycz4NCiAgICAgICAgPC9SZXF1ZXN0Pg0KICAgICAgICA8UmVxdWVzdCBNZXRob2Q9IkdFVCIgR3VpZD0iNDdlYjBjOTEtMThkNy00OTU5LWI4OWQtYWE2YmZlNDFmYmE4IiBWZXJzaW9uPSIxLjEiIFVybD0iaHR0cHM6Ly9jc2kuZ3N0YXRpYy5jb20vY3NpIiBUaGlua1RpbWU9IjYiIFRpbWVvdXQ9IjMwMCIgUGFyc2VEZXBlbmRlbnRSZXF1ZXN0cz0iVHJ1ZSIgRm9sbG93UmVkaXJlY3RzPSJUcnVlIiBSZWNvcmRSZXN1bHQ9IlRydWUiIENhY2hlPSJGYWxzZSIgUmVzcG9uc2VUaW1lR29hbD0iMCIgRW5jb2Rpbmc9InV0Zi04IiBFeHBlY3RlZEh0dHBTdGF0dXNDb2RlPSIwIiBFeHBlY3RlZFJlc3BvbnNlVXJsPSIiIFJlcG9ydGluZ05hbWU9IiIgSWdub3JlSHR0cFN0YXR1c0NvZGU9IkZhbHNlIj4NCiAgICAgICAgICA8SGVhZGVycz4NCiAgICAgICAgICAgIDxIZWFkZXIgTmFtZT0iUmVmZXJlciIgVmFsdWU9Imh0dHA6Ly9pbjAxYXB2MTE6ODEvZW4vZGFzaGJvYXJkLmFzcHgiIC8+DQogICAgICAgICAgPC9IZWFkZXJzPg0KICAgICAgICAgIDxRdWVyeVN0cmluZ1BhcmFtZXRlcnM+DQogICAgICAgICAgICA8UXVlcnlTdHJpbmdQYXJhbWV0ZXIgTmFtZT0idiIgVmFsdWU9IjIiIFJlY29yZGVkVmFsdWU9IjIiIENvcnJlbGF0aW9uQmluZGluZz0iIiBVcmxFbmNvZGU9IkZhbHNlIiBVc2VUb0dyb3VwUmVzdWx0cz0iRmFsc2UiIC8+DQogICAgICAgICAgICA8UXVlcnlTdHJpbmdQYXJhbWV0ZXIgTmFtZT0icyIgVmFsdWU9Im1hcHNhcGkzIiBSZWNvcmRlZFZhbHVlPSJtYXBzYXBpMyIgQ29ycmVsYXRpb25CaW5kaW5nPSIiIFVybEVuY29kZT0iRmFsc2UiIFVzZVRvR3JvdXBSZXN1bHRzPSJGYWxzZSIgLz4NCiAgICAgICAgICAgIDxRdWVyeVN0cmluZ1BhcmFtZXRlciBOYW1lPSJ2M3YiIFZhbHVlPSIyOS4xMCIgUmVjb3JkZWRWYWx1ZT0iMjkuMTAiIENvcnJlbGF0aW9uQmluZGluZz0iIiBVcmxFbmNvZGU9IkZhbHNlIiBVc2VUb0dyb3VwUmVzdWx0cz0iRmFsc2UiIC8+DQogICAgICAgICAgICA8UXVlcnlTdHJpbmdQYXJhbWV0ZXIgTmFtZT0iYWN0aW9uIiBWYWx1ZT0iYXBpYm9vdDIiIFJlY29yZGVkVmFsdWU9ImFwaWJvb3QyIiBDb3JyZWxhdGlvbkJpbmRpbmc9IiIgVXJsRW5jb2RlPSJGYWxzZSIgVXNlVG9Hcm91cFJlc3VsdHM9IkZhbHNlIiAvPg0KICAgICAgICAgICAgPFF1ZXJ5U3RyaW5nUGFyYW1ldGVyIE5hbWU9ImUiIFZhbHVlPSIxMF8xXzAsMTBfMl8wIiBSZWNvcmRlZFZhbHVlPSIxMF8xXzAsMTBfMl8wIiBDb3JyZWxhdGlvbkJpbmRpbmc9IiIgVXJsRW5jb2RlPSJGYWxzZSIgVXNlVG9Hcm91cFJlc3VsdHM9IkZhbHNlIiAvPg0KICAgICAgICAgICAgPFF1ZXJ5U3RyaW5nUGFyYW1ldGVyIE5hbWU9InJ0IiBWYWx1ZT0ibWFpbi44IiBSZWNvcmRlZFZhbHVlPSJtYWluLjgiIENvcnJlbGF0aW9uQmluZGluZz0iIiBVcmxFbmNvZGU9IkZhbHNlIiBVc2VUb0dyb3VwUmVzdWx0cz0iRmFsc2UiIC8+DQogICAgICAgICAgPC9RdWVyeVN0cmluZ1BhcmFtZXRlcnM+DQogICAgICAgIDwvUmVxdWVzdD4NCiAgICAgIDwvRGVwZW5kZW50UmVxdWVzdHM+DQogICAgICA8SGVhZGVycz4NCiAgICAgICAgPEhlYWRlciBOYW1lPSJSZWZlcmVyIiBWYWx1ZT0iaHR0cDovL2luMDFhcHYxMTo4MS9lbi9teW9yZGVycy5hc3B4IiAvPg0KICAgICAgPC9IZWFkZXJzPg0KICAgICAgPEV4dHJhY3Rpb25SdWxlcz4NCiAgICAgICAgPEV4dHJhY3Rpb25SdWxlIENsYXNzbmFtZT0iTWljcm9zb2Z0LlZpc3VhbFN0dWRpby5UZXN0VG9vbHMuV2ViVGVzdGluZy5SdWxlcy5FeHRyYWN0SGlkZGVuRmllbGRzLCBNaWNyb3NvZnQuVmlzdWFsU3R1ZGlvLlF1YWxpdHlUb29scy5XZWJUZXN0RnJhbWV3b3JrLCBWZXJzaW9uPTEwLjAuMC4wLCBDdWx0dXJlPW5ldXRyYWwsIFB1YmxpY0tleVRva2VuPWIwM2Y1ZjdmMTFkNTBhM2EiIFZhcmlhYmxlTmFtZT0iMSIgRGlzcGxheU5hbWU9IkV4dHJhY3QgSGlkZGVuIEZpZWxkcyIgRGVzY3JpcHRpb249IkV4dHJhY3QgYWxsIGhpZGRlbiBmaWVsZHMgZnJvbSB0aGUgcmVzcG9uc2UgYW5kIHBsYWNlIHRoZW0gaW50byB0aGUgdGVzdCBjb250ZXh0LiI+DQogICAgICAgICAgPFJ1bGVQYXJhbWV0ZXJzPg0KICAgICAgICAgICAgPFJ1bGVQYXJhbWV0ZXIgTmFtZT0iUmVxdWlyZWQiIFZhbHVlPSJUcnVlIiAvPg0KICAgICAgICAgICAgPFJ1bGVQYXJhbWV0ZXIgTmFtZT0iSHRtbERlY29kZSIgVmFsdWU9IlRydWUiIC8+DQogICAgICAgICAgPC9SdWxlUGFyYW1ldGVycz4NCiAgICAgICAgPC9FeHRyYWN0aW9uUnVsZT4NCiAgICAgIDwvRXh0cmFjdGlvblJ1bGVzPg0KICAgICAgPENvcnJlbGF0aW9uRXh0cmFjdGlvblJ1bGVzPg0KICAgICAgICA8RXh0cmFjdGlvblJ1bGUgQ2xhc3NuYW1lPSJNaWNyb3NvZnQuVmlzdWFsU3R1ZGlvLlRlc3RUb29scy5XZWJUZXN0aW5nLlJ1bGVzLkV4dHJhY3RGb3JtRmllbGQsIE1pY3Jvc29mdC5WaXN1YWxTdHVkaW8uUXVhbGl0eVRvb2xzLldlYlRlc3RGcmFtZXdvcmssIFZlcnNpb249MTAuMC4wLjAsIEN1bHR1cmU9bmV1dHJhbCwgUHVibGljS2V5VG9rZW49YjAzZjVmN2YxMWQ1MGEzYSIgVmFyaWFibGVOYW1lPSJGb3JtUG9zdFBhcmFtMS5jdGwwMCRjdGwwMCRjdGwwMCRDb250ZW50UGxhY2VIb2xkZXJEZWZhdWx0JE1hc3RlclBsYWNlaG9sZGVyJENoYW5nZUFkZHJlc3NfNiR0eHRUaXRsZSIgRGlzcGxheU5hbWU9IiIgRGVzY3JpcHRpb249IiI+DQogICAgICAgICAgPFJ1bGVQYXJhbWV0ZXJzPg0KICAgICAgICAgICAgPFJ1bGVQYXJhbWV0ZXIgTmFtZT0iTmFtZSIgVmFsdWU9IkNvbnRlbnRQbGFjZUhvbGRlckRlZmF1bHRfTWFzdGVyUGxhY2Vob2xkZXJfQ2hhbmdlQWRkcmVzc182X3R4dFRpdGxlIiAvPg0KICAgICAgICAgICAgPFJ1bGVQYXJhbWV0ZXIgTmFtZT0iSHRtbERlY29kZSIgVmFsdWU9IlRydWUiIC8+DQogICAgICAgICAgICA8UnVsZVBhcmFtZXRlciBOYW1lPSJSZXF1aXJlZCIgVmFsdWU9IkZhbHNlIiAvPg0KICAgICAgICAgICAgPFJ1bGVQYXJhbWV0ZXIgTmFtZT0iSW5kZXgiIFZhbHVlPSIwIiAvPg0KICAgICAgICAgIDwvUnVsZVBhcmFtZXRlcnM+DQogICAgICAgIDwvRXh0cmFjdGlvblJ1bGU+DQogICAgICAgIDxFeHRyYWN0aW9uUnVsZSBDbGFzc25hbWU9Ik1pY3Jvc29mdC5WaXN1YWxTdHVkaW8uVGVzdFRvb2xzLldlYlRlc3RpbmcuUnVsZXMuRXh0cmFjdEZvcm1GaWVsZCwgTWljcm9zb2Z0LlZpc3VhbFN0dWRpby5RdWFsaXR5VG9vbHMuV2ViVGVzdEZyYW1ld29yaywgVmVyc2lvbj0xMC4wLjAuMCwgQ3VsdHVyZT1uZXV0cmFsLCBQdWJsaWNLZXlUb2tlbj1iMDNmNWY3ZjExZDUwYTNhIiBWYXJpYWJsZU5hbWU9IkZvcm1Qb3N0UGFyYW0yLmN0bDAwJGN0bDAwJGN0bDAwJENvbnRlbnRQbGFjZUhvbGRlckRlZmF1bHQkTWFzdGVyUGxhY2Vob2xkZXIkQ2hhbmdlQWRkcmVzc182JHR4dEZpcnN0bmFtZSIgRGlzcGxheU5hbWU9IiIgRGVzY3JpcHRpb249IiI+DQogICAgICAgICAgPFJ1bGVQYXJhbWV0ZXJzPg0KICAgICAgICAgICAgPFJ1bGVQYXJhbWV0ZXIgTmFtZT0iTmFtZSIgVmFsdWU9IkNvbnRlbnRQbGFjZUhvbGRlckRlZmF1bHRfTWFzdGVyUGxhY2Vob2xkZXJfQ2hhbmdlQWRkcmVzc182X3R4dEZpcnN0bmFtZSIgLz4NCiAgICAgICAgICAgIDxSdWxlUGFyYW1ldGVyIE5hbWU9Ikh0bWxEZWNvZGUiIFZhbHVlPSJUcnVlIiAvPg0KICAgICAgICAgICAgPFJ1bGVQYXJhbWV0ZXIgTmFtZT0iUmVxdWlyZWQiIFZhbHVlPSJGYWxzZSIgLz4NCiAgICAgICAgICAgIDxSdWxlUGFyYW1ldGVyIE5hbWU9IkluZGV4IiBWYWx1ZT0iMCIgLz4NCiAgICAgICAgICA8L1J1bGVQYXJhbWV0ZXJzPg0KICAgICAgICA8L0V4dHJhY3Rpb25SdWxlPg0KICAgICAgICA8RXh0cmFjdGlvblJ1bGUgQ2xhc3NuYW1lPSJNaWNyb3NvZnQuVmlzdWFsU3R1ZGlvLlRlc3RUb29scy5XZWJUZXN0aW5nLlJ1bGVzLkV4dHJhY3RGb3JtRmllbGQsIE1pY3Jvc29mdC5WaXN1YWxTdHVkaW8uUXVhbGl0eVRvb2xzLldlYlRlc3RGcmFtZXdvcmssIFZlcnNpb249MTAuMC4wLjAsIEN1bHR1cmU9bmV1dHJhbCwgUHVibGljS2V5VG9rZW49YjAzZjVmN2YxMWQ1MGEzYSIgVmFyaWFibGVOYW1lPSJGb3JtUG9zdFBhcmFtMy5jdGwwMCRjdGwwMCRjdGwwMCRDb250ZW50UGxhY2VIb2xkZXJEZWZhdWx0JE1hc3RlclBsYWNlaG9sZGVyJENoYW5nZUFkZHJlc3NfNiR0eHRMYXN0bmFtZSIgRGlzcGxheU5hbWU9IiIgRGVzY3JpcHRpb249IiI+DQogICAgICAgICAgPFJ1bGVQYXJhbWV0ZXJzPg0KICAgICAgICAgICAgPFJ1bGVQYXJhbWV0ZXIgTmFtZT0iTmFtZSIgVmFsdWU9IkNvbnRlbnRQbGFjZUhvbGRlckRlZmF1bHRfTWFzdGVyUGxhY2Vob2xkZXJfQ2hhbmdlQWRkcmVzc182X3R4dExhc3RuYW1lIiAvPg0KICAgICAgICAgICAgPFJ1bGVQYXJhbWV0ZXIgTmFtZT0iSHRtbERlY29kZSIgVmFsdWU9IlRydWUiIC8+DQogICAgICAgICAgICA8UnVsZVBhcmFtZXRlciBOYW1lPSJSZXF1aXJlZCIgVmFsdWU9IkZhbHNlIiAvPg0KICAgICAgICAgICAgPFJ1bGVQYXJhbWV0ZXIgTmFtZT0iSW5kZXgiIFZhbHVlPSIwIiAvPg0KICAgICAgICAgIDwvUnVsZVBhcmFtZXRlcnM+DQogICAgICAgIDwvRXh0cmFjdGlvblJ1bGU+DQogICAgICAgIDxFeHRyYWN0aW9uUnVsZSBDbGFzc25hbWU9Ik1pY3Jvc29mdC5WaXN1YWxTdHVkaW8uVGVzdFRvb2xzLldlYlRlc3RpbmcuUnVsZXMuRXh0cmFjdEZvcm1GaWVsZCwgTWljcm9zb2Z0LlZpc3VhbFN0dWRpby5RdWFsaXR5VG9vbHMuV2ViVGVzdEZyYW1ld29yaywgVmVyc2lvbj0xMC4wLjAuMCwgQ3VsdHVyZT1uZXV0cmFsLCBQdWJsaWNLZXlUb2tlbj1iMDNmNWY3ZjExZDUwYTNhIiBWYXJpYWJsZU5hbWU9IkZvcm1Qb3N0UGFyYW00LmN0bDAwJGN0bDAwJGN0bDAwJENvbnRlbnRQbGFjZUhvbGRlckRlZmF1bHQkTWFzdGVyUGxhY2Vob2xkZXIkQ2hhbmdlQWRkcmVzc182JHR4dENvbXBhbnkiIERpc3BsYXlOYW1lPSIiIERlc2NyaXB0aW9uPSIiPg0KICAgICAgICAgIDxSdWxlUGFyYW1ldGVycz4NCiAgICAgICAgICAgIDxSdWxlUGFyYW1ldGVyIE5hbWU9Ik5hbWUiIFZhbHVlPSJDb250ZW50UGxhY2VIb2xkZXJEZWZhdWx0X01hc3RlclBsYWNlaG9sZGVyX0NoYW5nZUFkZHJlc3NfNl90eHRDb21wYW55IiAvPg0KICAgICAgICAgICAgPFJ1bGVQYXJhbWV0ZXIgTmFtZT0iSHRtbERlY29kZSIgVmFsdWU9IlRydWUiIC8+DQogICAgICAgICAgICA8UnVsZVBhcmFtZXRlciBOYW1lPSJSZXF1aXJlZCIgVmFsdWU9IkZhbHNlIiAvPg0KICAgICAgICAgICAgPFJ1bGVQYXJhbWV0ZXIgTmFtZT0iSW5kZXgiIFZhbHVlPSIwIiAvPg0KICAgICAgICAgIDwvUnVsZVBhcmFtZXRlcnM+DQogICAgICAgIDwvRXh0cmFjdGlvblJ1bGU+DQogICAgICAgIDxFeHRyYWN0aW9uUnVsZSBDbGFzc25hbWU9Ik1pY3Jvc29mdC5WaXN1YWxTdHVkaW8uVGVzdFRvb2xzLldlYlRlc3RpbmcuUnVsZXMuRXh0cmFjdEZvcm1GaWVsZCwgTWljcm9zb2Z0LlZpc3VhbFN0dWRpby5RdWFsaXR5VG9vbHMuV2ViVGVzdEZyYW1ld29yaywgVmVyc2lvbj0xMC4wLjAuMCwgQ3VsdHVyZT1uZXV0cmFsLCBQdWJsaWNLZXlUb2tlbj1iMDNmNWY3ZjExZDUwYTNhIiBWYXJpYWJsZU5hbWU9IkZvcm1Qb3N0UGFyYW01LmN0bDAwJGN0bDAwJGN0bDAwJENvbnRlbnRQbGFjZUhvbGRlckRlZmF1bHQkTWFzdGVyUGxhY2Vob2xkZXIkQ2hhbmdlQWRkcmVzc182JHR4dERlcGFydG1lbnQiIERpc3BsYXlOYW1lPSIiIERlc2NyaXB0aW9uPSIiPg0KICAgICAgICAgIDxSdWxlUGFyYW1ldGVycz4NCiAgICAgICAgICAgIDxSdWxlUGFyYW1ldGVyIE5hbWU9Ik5hbWUiIFZhbHVlPSJDb250ZW50UGxhY2VIb2xkZXJEZWZhdWx0X01hc3RlclBsYWNlaG9sZGVyX0NoYW5nZUFkZHJlc3NfNl90eHREZXBhcnRtZW50IiAvPg0KICAgICAgICAgICAgPFJ1bGVQYXJhbWV0ZXIgTmFtZT0iSHRtbERlY29kZSIgVmFsdWU9IlRydWUiIC8+DQogICAgICAgICAgICA8UnVsZVBhcmFtZXRlciBOYW1lPSJSZXF1aXJlZCIgVmFsdWU9IkZhbHNlIiAvPg0KICAgICAgICAgICAgPFJ1bGVQYXJhbWV0ZXIgTmFtZT0iSW5kZXgiIFZhbHVlPSIwIiAvPg0KICAgICAgICAgIDwvUnVsZVBhcmFtZXRlcnM+DQogICAgICAgIDwvRXh0cmFjdGlvblJ1bGU+DQogICAgICAgIDxFeHRyYWN0aW9uUnVsZSBDbGFzc25hbWU9Ik1pY3Jvc29mdC5WaXN1YWxTdHVkaW8uVGVzdFRvb2xzLldlYlRlc3RpbmcuUnVsZXMuRXh0cmFjdEZvcm1GaWVsZCwgTWljcm9zb2Z0LlZpc3VhbFN0dWRpby5RdWFsaXR5VG9vbHMuV2ViVGVzdEZyYW1ld29yaywgVmVyc2lvbj0xMC4wLjAuMCwgQ3VsdHVyZT1uZXV0cmFsLCBQdWJsaWNLZXlUb2tlbj1iMDNmNWY3ZjExZDUwYTNhIiBWYXJpYWJsZU5hbWU9IkZvcm1Qb3N0UGFyYW02LmN0bDAwJGN0bDAwJGN0bDAwJENvbnRlbnRQbGFjZUhvbGRlckRlZmF1bHQkTWFzdGVyUGxhY2Vob2xkZXIkQ2hhbmdlQWRkcmVzc182JHR4dEdyb3VwIiBEaXNwbGF5TmFtZT0iIiBEZXNjcmlwdGlvbj0iIj4NCiAgICAgICAgICA8UnVsZVBhcmFtZXRlcnM+DQogICAgICAgICAgICA8UnVsZVBhcmFtZXRlciBOYW1lPSJOYW1lIiBWYWx1ZT0iQ29udGVudFBsYWNlSG9sZGVyRGVmYXVsdF9NYXN0ZXJQbGFjZWhvbGRlcl9DaGFuZ2VBZGRyZXNzXzZfdHh0R3JvdXAiIC8+DQogICAgICAgICAgICA8UnVsZVBhcmFtZXRlciBOYW1lPSJIdG1sRGVjb2RlIiBWYWx1ZT0iVHJ1ZSIgLz4NCiAgICAgICAgICAgIDxSdWxlUGFyYW1ldGVyIE5hbWU9IlJlcXVpcmVkIiBWYWx1ZT0iRmFsc2UiIC8+DQogICAgICAgICAgICA8UnVsZVBhcmFtZXRlciBOYW1lPSJJbmRleCIgVmFsdWU9IjAiIC8+DQogICAgICAgICAgPC9SdWxlUGFyYW1ldGVycz4NCiAgICAgICAgPC9FeHRyYWN0aW9uUnVsZT4NCiAgICAgICAgPEV4dHJhY3Rpb25SdWxlIENsYXNzbmFtZT0iTWljcm9zb2Z0LlZpc3VhbFN0dWRpby5UZXN0VG9vbHMuV2ViVGVzdGluZy5SdWxlcy5FeHRyYWN0Rm9ybUZpZWxkLCBNaWNyb3NvZnQuVmlzdWFsU3R1ZGlvLlF1YWxpdHlUb29scy5XZWJUZXN0RnJhbWV3b3JrLCBWZXJzaW9uPTEwLjAuMC4wLCBDdWx0dXJlPW5ldXRyYWwsIFB1YmxpY0tleVRva2VuPWIwM2Y1ZjdmMTFkNTBhM2EiIFZhcmlhYmxlTmFtZT0iRm9ybVBvc3RQYXJhbTcuY3RsMDAkY3RsMDAkY3RsMDAkQ29udGVudFBsYWNlSG9sZGVyRGVmYXVsdCRNYXN0ZXJQbGFjZWhvbGRlciRDaGFuZ2VBZGRyZXNzXzYkdHh0U3RyZWV0IiBEaXNwbGF5TmFtZT0iIiBEZXNjcmlwdGlvbj0iIj4NCiAgICAgICAgICA8UnVsZVBhcmFtZXRlcnM+DQogICAgICAgICAgICA8UnVsZVBhcmFtZXRlciBOYW1lPSJOYW1lIiBWYWx1ZT0iQ29udGVudFBsYWNlSG9sZGVyRGVmYXVsdF9NYXN0ZXJQbGFjZWhvbGRlcl9DaGFuZ2VBZGRyZXNzXzZfdHh0U3RyZWV0IiAvPg0KICAgICAgICAgICAgPFJ1bGVQYXJhbWV0ZXIgTmFtZT0iSHRtbERlY29kZSIgVmFsdWU9IlRydWUiIC8+DQogICAgICAgICAgICA8UnVsZVBhcmFtZXRlciBOYW1lPSJSZXF1aXJlZCIgVmFsdWU9IkZhbHNlIiAvPg0KICAgICAgICAgICAgPFJ1bGVQYXJhbWV0ZXIgTmFtZT0iSW5kZXgiIFZhbHVlPSIwIiAvPg0KICAgICAgICAgIDwvUnVsZVBhcmFtZXRlcnM+DQogICAgICAgIDwvRXh0cmFjdGlvblJ1bGU+DQogICAgICAgIDxFeHRyYWN0aW9uUnVsZSBDbGFzc25hbWU9Ik1pY3Jvc29mdC5WaXN1YWxTdHVkaW8uVGVzdFRvb2xzLldlYlRlc3RpbmcuUnVsZXMuRXh0cmFjdEZvcm1GaWVsZCwgTWljcm9zb2Z0LlZpc3VhbFN0dWRpby5RdWFsaXR5VG9vbHMuV2ViVGVzdEZyYW1ld29yaywgVmVyc2lvbj0xMC4wLjAuMCwgQ3VsdHVyZT1uZXV0cmFsLCBQdWJsaWNLZXlUb2tlbj1iMDNmNWY3ZjExZDUwYTNhIiBWYXJpYWJsZU5hbWU9IkZvcm1Qb3N0UGFyYW04LmN0bDAwJGN0bDAwJGN0bDAwJENvbnRlbnRQbGFjZUhvbGRlckRlZmF1bHQkTWFzdGVyUGxhY2Vob2xkZXIkQ2hhbmdlQWRkcmVzc182JHR4dFN0cmVldDIiIERpc3BsYXlOYW1lPSIiIERlc2NyaXB0aW9uPSIiPg0KICAgICAgICAgIDxSdWxlUGFyYW1ldGVycz4NCiAgICAgICAgICAgIDxSdWxlUGFyYW1ldGVyIE5hbWU9Ik5hbWUiIFZhbHVlPSJDb250ZW50UGxhY2VIb2xkZXJEZWZhdWx0X01hc3RlclBsYWNlaG9sZGVyX0NoYW5nZUFkZHJlc3NfNl90eHRTdHJlZXQyIiAvPg0KICAgICAgICAgICAgPFJ1bGVQYXJhbWV0ZXIgTmFtZT0iSHRtbERlY29kZSIgVmFsdWU9IlRydWUiIC8+DQogICAgICAgICAgICA8UnVsZVBhcmFtZXRlciBOYW1lPSJSZXF1aXJlZCIgVmFsdWU9IkZhbHNlIiAvPg0KICAgICAgICAgICAgPFJ1bGVQYXJhbWV0ZXIgTmFtZT0iSW5kZXgiIFZhbHVlPSIwIiAvPg0KICAgICAgICAgIDwvUnVsZVBhcmFtZXRlcnM+DQogICAgICAgIDwvRXh0cmFjdGlvblJ1bGU+DQogICAgICAgIDxFeHRyYWN0aW9uUnVsZSBDbGFzc25hbWU9Ik1pY3Jvc29mdC5WaXN1YWxTdHVkaW8uVGVzdFRvb2xzLldlYlRlc3RpbmcuUnVsZXMuRXh0cmFjdEZvcm1GaWVsZCwgTWljcm9zb2Z0LlZpc3VhbFN0dWRpby5RdWFsaXR5VG9vbHMuV2ViVGVzdEZyYW1ld29yaywgVmVyc2lvbj0xMC4wLjAuMCwgQ3VsdHVyZT1uZXV0cmFsLCBQdWJsaWNLZXlUb2tlbj1iMDNmNWY3ZjExZDUwYTNhIiBWYXJpYWJsZU5hbWU9IkZvcm1Qb3N0UGFyYW05LmN0bDAwJGN0bDAwJGN0bDAwJENvbnRlbnRQbGFjZUhvbGRlckRlZmF1bHQkTWFzdGVyUGxhY2Vob2xkZXIkQ2hhbmdlQWRkcmVzc182JHR4dFN0cmVldDMiIERpc3BsYXlOYW1lPSIiIERlc2NyaXB0aW9uPSIiPg0KICAgICAgICAgIDxSdWxlUGFyYW1ldGVycz4NCiAgICAgICAgICAgIDxSdWxlUGFyYW1ldGVyIE5hbWU9Ik5hbWUiIFZhbHVlPSJDb250ZW50UGxhY2VIb2xkZXJEZWZhdWx0X01hc3RlclBsYWNlaG9sZGVyX0NoYW5nZUFkZHJlc3NfNl90eHRTdHJlZXQzIiAvPg0KICAgICAgICAgICAgPFJ1bGVQYXJhbWV0ZXIgTmFtZT0iSHRtbERlY29kZSIgVmFsdWU9IlRydWUiIC8+DQogICAgICAgICAgICA8UnVsZVBhcmFtZXRlciBOYW1lPSJSZXF1aXJlZCIgVmFsdWU9IkZhbHNlIiAvPg0KICAgICAgICAgICAgPFJ1bGVQYXJhbWV0ZXIgTmFtZT0iSW5kZXgiIFZhbHVlPSIwIiAvPg0KICAgICAgICAgIDwvUnVsZVBhcmFtZXRlcnM+DQogICAgICAgIDwvRXh0cmFjdGlvblJ1bGU+DQogICAgICAgIDxFeHRyYWN0aW9uUnVsZSBDbGFzc25hbWU9Ik1pY3Jvc29mdC5WaXN1YWxTdHVkaW8uVGVzdFRvb2xzLldlYlRlc3RpbmcuUnVsZXMuRXh0cmFjdEZvcm1GaWVsZCwgTWljcm9zb2Z0LlZpc3VhbFN0dWRpby5RdWFsaXR5VG9vbHMuV2ViVGVzdEZyYW1ld29yaywgVmVyc2lvbj0xMC4wLjAuMCwgQ3VsdHVyZT1uZXV0cmFsLCBQdWJsaWNLZXlUb2tlbj1iMDNmNWY3ZjExZDUwYTNhIiBWYXJpYWJsZU5hbWU9IkZvcm1Qb3N0UGFyYW0xMC5jdGwwMCRjdGwwMCRjdGwwMCRDb250ZW50UGxhY2VIb2xkZXJEZWZhdWx0JE1hc3RlclBsYWNlaG9sZGVyJENoYW5nZUFkZHJlc3NfNiR0eHRDaXR5IiBEaXNwbGF5TmFtZT0iIiBEZXNjcmlwdGlvbj0iIj4NCiAgICAgICAgICA8UnVsZVBhcmFtZXRlcnM+DQogICAgICAgICAgICA8UnVsZVBhcmFtZXRlciBOYW1lPSJOYW1lIiBWYWx1ZT0iQ29udGVudFBsYWNlSG9sZGVyRGVmYXVsdF9NYXN0ZXJQbGFjZWhvbGRlcl9DaGFuZ2VBZGRyZXNzXzZfdHh0Q2l0eSIgLz4NCiAgICAgICAgICAgIDxSdWxlUGFyYW1ldGVyIE5hbWU9Ikh0bWxEZWNvZGUiIFZhbHVlPSJUcnVlIiAvPg0KICAgICAgICAgICAgPFJ1bGVQYXJhbWV0ZXIgTmFtZT0iUmVxdWlyZWQiIFZhbHVlPSJGYWxzZSIgLz4NCiAgICAgICAgICAgIDxSdWxlUGFyYW1ldGVyIE5hbWU9IkluZGV4IiBWYWx1ZT0iMCIgLz4NCiAgICAgICAgICA8L1J1bGVQYXJhbWV0ZXJzPg0KICAgICAgICA8L0V4dHJhY3Rpb25SdWxlPg0KICAgICAgICA8RXh0cmFjdGlvblJ1bGUgQ2xhc3NuYW1lPSJNaWNyb3NvZnQuVmlzdWFsU3R1ZGlvLlRlc3RUb29scy5XZWJUZXN0aW5nLlJ1bGVzLkV4dHJhY3RGb3JtRmllbGQsIE1pY3Jvc29mdC5WaXN1YWxTdHVkaW8uUXVhbGl0eVRvb2xzLldlYlRlc3RGcmFtZXdvcmssIFZlcnNpb249MTAuMC4wLjAsIEN1bHR1cmU9bmV1dHJhbCwgUHVibGljS2V5VG9rZW49YjAzZjVmN2YxMWQ1MGEzYSIgVmFyaWFibGVOYW1lPSJGb3JtUG9zdFBhcmFtMTEuY3RsMDAkY3RsMDAkY3RsMDAkQ29udGVudFBsYWNlSG9sZGVyRGVmYXVsdCRNYXN0ZXJQbGFjZWhvbGRlciRDaGFuZ2VBZGRyZXNzXzYkdHh0UG9zdGFsQ29kZSIgRGlzcGxheU5hbWU9IiIgRGVzY3JpcHRpb249IiI+DQogICAgICAgICAgPFJ1bGVQYXJhbWV0ZXJzPg0KICAgICAgICAgICAgPFJ1bGVQYXJhbWV0ZXIgTmFtZT0iTmFtZSIgVmFsdWU9IkNvbnRlbnRQbGFjZUhvbGRlckRlZmF1bHRfTWFzdGVyUGxhY2Vob2xkZXJfQ2hhbmdlQWRkcmVzc182X3R4dFBvc3RhbENvZGUiIC8+DQogICAgICAgICAgICA8UnVsZVBhcmFtZXRlciBOYW1lPSJIdG1sRGVjb2RlIiBWYWx1ZT0iVHJ1ZSIgLz4NCiAgICAgICAgICAgIDxSdWxlUGFyYW1ldGVyIE5hbWU9IlJlcXVpcmVkIiBWYWx1ZT0iRmFsc2UiIC8+DQogICAgICAgICAgICA8UnVsZVBhcmFtZXRlciBOYW1lPSJJbmRleCIgVmFsdWU9IjAiIC8+DQogICAgICAgICAgPC9SdWxlUGFyYW1ldGVycz4NCiAgICAgICAgPC9FeHRyYWN0aW9uUnVsZT4NCiAgICAgICAgPEV4dHJhY3Rpb25SdWxlIENsYXNzbmFtZT0iTWljcm9zb2Z0LlZpc3VhbFN0dWRpby5UZXN0VG9vbHMuV2ViVGVzdGluZy5SdWxlcy5FeHRyYWN0Rm9ybUZpZWxkLCBNaWNyb3NvZnQuVmlzdWFsU3R1ZGlvLlF1YWxpdHlUb29scy5XZWJUZXN0RnJhbWV3b3JrLCBWZXJzaW9uPTEwLjAuMC4wLCBDdWx0dXJlPW5ldXRyYWwsIFB1YmxpY0tleVRva2VuPWIwM2Y1ZjdmMTFkNTBhM2EiIFZhcmlhYmxlTmFtZT0iRm9ybVBvc3RQYXJhbTEyLmN0bDAwJGN0bDAwJGN0bDAwJENvbnRlbnRQbGFjZUhvbGRlckRlZmF1bHQkTWFzdGVyUGxhY2Vob2xkZXIkQ2hhbmdlQWRkcmVzc182JHR4dEVtYWlsIiBEaXNwbGF5TmFtZT0iIiBEZXNjcmlwdGlvbj0iIj4NCiAgICAgICAgICA8UnVsZVBhcmFtZXRlcnM+DQogICAgICAgICAgICA8UnVsZVBhcmFtZXRlciBOYW1lPSJOYW1lIiBWYWx1ZT0iQ29udGVudFBsYWNlSG9sZGVyRGVmYXVsdF9NYXN0ZXJQbGFjZWhvbGRlcl9DaGFuZ2VBZGRyZXNzXzZfdHh0RW1haWwiIC8+DQogICAgICAgICAgICA8UnVsZVBhcmFtZXRlciBOYW1lPSJIdG1sRGVjb2RlIiBWYWx1ZT0iVHJ1ZSIgLz4NCiAgICAgICAgICAgIDxSdWxlUGFyYW1ldGVyIE5hbWU9IlJlcXVpcmVkIiBWYWx1ZT0iRmFsc2UiIC8+DQogICAgICAgICAgICA8UnVsZVBhcmFtZXRlciBOYW1lPSJJbmRleCIgVmFsdWU9IjAiIC8+DQogICAgICAgICAgPC9SdWxlUGFyYW1ldGVycz4NCiAgICAgICAgPC9FeHRyYWN0aW9uUnVsZT4NCiAgICAgICAgPEV4dHJhY3Rpb25SdWxlIENsYXNzbmFtZT0iTWljcm9zb2Z0LlZpc3VhbFN0dWRpby5UZXN0VG9vbHMuV2ViVGVzdGluZy5SdWxlcy5FeHRyYWN0Rm9ybUZpZWxkLCBNaWNyb3NvZnQuVmlzdWFsU3R1ZGlvLlF1YWxpdHlUb29scy5XZWJUZXN0RnJhbWV3b3JrLCBWZXJzaW9uPTEwLjAuMC4wLCBDdWx0dXJlPW5ldXRyYWwsIFB1YmxpY0tleVRva2VuPWIwM2Y1ZjdmMTFkNTBhM2EiIFZhcmlhYmxlTmFtZT0iRm9ybVBvc3RQYXJhbTEzLmN0bDAwJGN0bDAwJGN0bDAwJENvbnRlbnRQbGFjZUhvbGRlckRlZmF1bHQkTWFzdGVyUGxhY2Vob2xkZXIkQ2hhbmdlQWRkcmVzc182JHR4dFRlbGVwaG9uZSIgRGlzcGxheU5hbWU9IiIgRGVzY3JpcHRpb249IiI+DQogICAgICAgICAgPFJ1bGVQYXJhbWV0ZXJzPg0KICAgICAgICAgICAgPFJ1bGVQYXJhbWV0ZXIgTmFtZT0iTmFtZSIgVmFsdWU9IkNvbnRlbnRQbGFjZUhvbGRlckRlZmF1bHRfTWFzdGVyUGxhY2Vob2xkZXJfQ2hhbmdlQWRkcmVzc182X3R4dFRlbGVwaG9uZSIgLz4NCiAgICAgICAgICAgIDxSdWxlUGFyYW1ldGVyIE5hbWU9Ikh0bWxEZWNvZGUiIFZhbHVlPSJUcnVlIiAvPg0KICAgICAgICAgICAgPFJ1bGVQYXJhbWV0ZXIgTmFtZT0iUmVxdWlyZWQiIFZhbHVlPSJGYWxzZSIgLz4NCiAgICAgICAgICAgIDxSdWxlUGFyYW1ldGVyIE5hbWU9IkluZGV4IiBWYWx1ZT0iMCIgLz4NCiAgICAgICAgICA8L1J1bGVQYXJhbWV0ZXJzPg0KICAgICAgICA8L0V4dHJhY3Rpb25SdWxlPg0KICAgICAgICA8RXh0cmFjdGlvblJ1bGUgQ2xhc3NuYW1lPSJNaWNyb3NvZnQuVmlzdWFsU3R1ZGlvLlRlc3RUb29scy5XZWJUZXN0aW5nLlJ1bGVzLkV4dHJhY3RGb3JtRmllbGQsIE1pY3Jvc29mdC5WaXN1YWxTdHVkaW8uUXVhbGl0eVRvb2xzLldlYlRlc3RGcmFtZXdvcmssIFZlcnNpb249MTAuMC4wLjAsIEN1bHR1cmU9bmV1dHJhbCwgUHVibGljS2V5VG9rZW49YjAzZjVmN2YxMWQ1MGEzYSIgVmFyaWFibGVOYW1lPSJGb3JtUG9zdFBhcmFtMTQuY3RsMDAkY3RsMDAkY3RsMDAkQ29udGVudFBsYWNlSG9sZGVyRGVmYXVsdCRNYXN0ZXJQbGFjZWhvbGRlciRDaGFuZ2VBZGRyZXNzXzYkdHh0TW9iaWxlIiBEaXNwbGF5TmFtZT0iIiBEZXNjcmlwdGlvbj0iIj4NCiAgICAgICAgICA8UnVsZVBhcmFtZXRlcnM+DQogICAgICAgICAgICA8UnVsZVBhcmFtZXRlciBOYW1lPSJOYW1lIiBWYWx1ZT0iQ29udGVudFBsYWNlSG9sZGVyRGVmYXVsdF9NYXN0ZXJQbGFjZWhvbGRlcl9DaGFuZ2VBZGRyZXNzXzZfdHh0TW9iaWxlIiAvPg0KICAgICAgICAgICAgPFJ1bGVQYXJhbWV0ZXIgTmFtZT0iSHRtbERlY29kZSIgVmFsdWU9IlRydWUiIC8+DQogICAgICAgICAgICA8UnVsZVBhcmFtZXRlciBOYW1lPSJSZXF1aXJlZCIgVmFsdWU9IkZhbHNlIiAvPg0KICAgICAgICAgICAgPFJ1bGVQYXJhbWV0ZXIgTmFtZT0iSW5kZXgiIFZhbHVlPSIwIiAvPg0KICAgICAgICAgIDwvUnVsZVBhcmFtZXRlcnM+DQogICAgICAgIDwvRXh0cmFjdGlvblJ1bGU+DQogICAgICAgIDxFeHRyYWN0aW9uUnVsZSBDbGFzc25hbWU9Ik1pY3Jvc29mdC5WaXN1YWxTdHVkaW8uVGVzdFRvb2xzLldlYlRlc3RpbmcuUnVsZXMuRXh0cmFjdEZvcm1GaWVsZCwgTWljcm9zb2Z0LlZpc3VhbFN0dWRpby5RdWFsaXR5VG9vbHMuV2ViVGVzdEZyYW1ld29yaywgVmVyc2lvbj0xMC4wLjAuMCwgQ3VsdHVyZT1uZXV0cmFsLCBQdWJsaWNLZXlUb2tlbj1iMDNmNWY3ZjExZDUwYTNhIiBWYXJpYWJsZU5hbWU9IkZvcm1Qb3N0UGFyYW0xNS5jdGwwMCRjdGwwMCRjdGwwMCRDb250ZW50UGxhY2VIb2xkZXJEZWZhdWx0JE1hc3RlclBsYWNlaG9sZGVyJENoYW5nZUFkZHJlc3NfNiR0eHRGYXgiIERpc3BsYXlOYW1lPSIiIERlc2NyaXB0aW9uPSIiPg0KICAgICAgICAgIDxSdWxlUGFyYW1ldGVycz4NCiAgICAgICAgICAgIDxSdWxlUGFyYW1ldGVyIE5hbWU9Ik5hbWUiIFZhbHVlPSJDb250ZW50UGxhY2VIb2xkZXJEZWZhdWx0X01hc3RlclBsYWNlaG9sZGVyX0NoYW5nZUFkZHJlc3NfNl90eHRGYXgiIC8+DQogICAgICAgICAgICA8UnVsZVBhcmFtZXRlciBOYW1lPSJIdG1sRGVjb2RlIiBWYWx1ZT0iVHJ1ZSIgLz4NCiAgICAgICAgICAgIDxSdWxlUGFyYW1ldGVyIE5hbWU9IlJlcXVpcmVkIiBWYWx1ZT0iRmFsc2UiIC8+DQogICAgICAgICAgICA8UnVsZVBhcmFtZXRlciBOYW1lPSJJbmRleCIgVmFsdWU9IjAiIC8+DQogICAgICAgICAgPC9SdWxlUGFyYW1ldGVycz4NCiAgICAgICAgPC9FeHRyYWN0aW9uUnVsZT4NCiAgICAgICAgPEV4dHJhY3Rpb25SdWxlIENsYXNzbmFtZT0iTWljcm9zb2Z0LlZpc3VhbFN0dWRpby5UZXN0VG9vbHMuV2ViVGVzdGluZy5SdWxlcy5FeHRyYWN0Rm9ybUZpZWxkLCBNaWNyb3NvZnQuVmlzdWFsU3R1ZGlvLlF1YWxpdHlUb29scy5XZWJUZXN0RnJhbWV3b3JrLCBWZXJzaW9uPTEwLjAuMC4wLCBDdWx0dXJlPW5ldXRyYWwsIFB1YmxpY0tleVRva2VuPWIwM2Y1ZjdmMTFkNTBhM2EiIFZhcmlhYmxlTmFtZT0iRm9ybVBvc3RQYXJhbTE2LmN0bDAwJGN0bDAwJGN0bDAwJENvbnRlbnRQbGFjZUhvbGRlckRlZmF1bHQkTWFzdGVyUGxhY2Vob2xkZXIkdWNNeUFjY291bnRTZXR0aW5nc183JHR4dFdlYmxvZ2luVmFsdWUiIERpc3BsYXlOYW1lPSIiIERlc2NyaXB0aW9uPSIiPg0KICAgICAgICAgIDxSdWxlUGFyYW1ldGVycz4NCiAgICAgICAgICAgIDxSdWxlUGFyYW1ldGVyIE5hbWU9Ik5hbWUiIFZhbHVlPSJDb250ZW50UGxhY2VIb2xkZXJEZWZhdWx0X01hc3RlclBsYWNlaG9sZGVyX3VjTXlBY2NvdW50U2V0dGluZ3NfN190eHRXZWJsb2dpblZhbHVlIiAvPg0KICAgICAgICAgICAgPFJ1bGVQYXJhbWV0ZXIgTmFtZT0iSHRtbERlY29kZSIgVmFsdWU9IlRydWUiIC8+DQogICAgICAgICAgICA8UnVsZVBhcmFtZXRlciBOYW1lPSJSZXF1aXJlZCIgVmFsdWU9IkZhbHNlIiAvPg0KICAgICAgICAgICAgPFJ1bGVQYXJhbWV0ZXIgTmFtZT0iSW5kZXgiIFZhbHVlPSIwIiAvPg0KICAgICAgICAgIDwvUnVsZVBhcmFtZXRlcnM+DQogICAgICAgIDwvRXh0cmFjdGlvblJ1bGU+DQogICAgICAgIDxFeHRyYWN0aW9uUnVsZSBDbGFzc25hbWU9Ik1pY3Jvc29mdC5WaXN1YWxTdHVkaW8uVGVzdFRvb2xzLldlYlRlc3RpbmcuUnVsZXMuRXh0cmFjdFRleHQsIE1pY3Jvc29mdC5WaXN1YWxTdHVkaW8uUXVhbGl0eVRvb2xzLldlYlRlc3RGcmFtZXdvcmssIFZlcnNpb249MTAuMC4wLjAsIEN1bHR1cmU9bmV1dHJhbCwgUHVibGljS2V5VG9rZW49YjAzZjVmN2YxMWQ1MGEzYSIgVmFyaWFibGVOYW1lPSJGb3JtUG9zdFBhcmFtMTcuY3RsMDAkY3RsMDAkY3RsMDAkQ29udGVudFBsYWNlSG9sZGVyRGVmYXVsdCRNYXN0ZXJQbGFjZWhvbGRlciRDaGFuZ2VBZGRyZXNzXzYkZGRsQ291bnRyeSIgRGlzcGxheU5hbWU9IiIgRGVzY3JpcHRpb249IiI+DQogICAgICAgICAgPFJ1bGVQYXJhbWV0ZXJzPg0KICAgICAgICAgICAgPFJ1bGVQYXJhbWV0ZXIgTmFtZT0iU3RhcnRzV2l0aCIgVmFsdWU9Imx1ZT0mcXVvdDsiIC8+DQogICAgICAgICAgICA8UnVsZVBhcmFtZXRlciBOYW1lPSJFbmRzV2l0aCIgVmFsdWU9IiZxdW90OyZndDtJbmQiIC8+DQogICAgICAgICAgICA8UnVsZVBhcmFtZXRlciBOYW1lPSJJbmRleCIgVmFsdWU9IjExOCIgLz4NCiAgICAgICAgICAgIDxSdWxlUGFyYW1ldGVyIE5hbWU9Iklnbm9yZUNhc2UiIFZhbHVlPSJGYWxzZSIgLz4NCiAgICAgICAgICAgIDxSdWxlUGFyYW1ldGVyIE5hbWU9IlVzZVJlZ3VsYXJFeHByZXNzaW9uIiBWYWx1ZT0iRmFsc2UiIC8+DQogICAgICAgICAgICA8UnVsZVBhcmFtZXRlciBOYW1lPSJIdG1sRGVjb2RlIiBWYWx1ZT0iVHJ1ZSIgLz4NCiAgICAgICAgICAgIDxSdWxlUGFyYW1ldGVyIE5hbWU9IlJlcXVpcmVkIiBWYWx1ZT0iRmFsc2UiIC8+DQogICAgICAgICAgPC9SdWxlUGFyYW1ldGVycz4NCiAgICAgICAgPC9FeHRyYWN0aW9uUnVsZT4NCiAgICAgICAgPEV4dHJhY3Rpb25SdWxlIENsYXNzbmFtZT0iTWljcm9zb2Z0LlZpc3VhbFN0dWRpby5UZXN0VG9vbHMuV2ViVGVzdGluZy5SdWxlcy5FeHRyYWN0VGV4dCwgTWljcm9zb2Z0LlZpc3VhbFN0dWRpby5RdWFsaXR5VG9vbHMuV2ViVGVzdEZyYW1ld29yaywgVmVyc2lvbj0xMC4wLjAuMCwgQ3VsdHVyZT1uZXV0cmFsLCBQdWJsaWNLZXlUb2tlbj1iMDNmNWY3ZjExZDUwYTNhIiBWYXJpYWJsZU5hbWU9IkZvcm1Qb3N0UGFyYW0xOC5jdGwwMCRjdGwwMCRjdGwwMCRDb250ZW50UGxhY2VIb2xkZXJEZWZhdWx0JE1hc3RlclBsYWNlaG9sZGVyJENoYW5nZUFkZHJlc3NfNiRkZGxTdGF0ZSIgRGlzcGxheU5hbWU9IiIgRGVzY3JpcHRpb249IiI+DQogICAgICAgICAgPFJ1bGVQYXJhbWV0ZXJzPg0KICAgICAgICAgICAgPFJ1bGVQYXJhbWV0ZXIgTmFtZT0iU3RhcnRzV2l0aCIgVmFsdWU9Imx1ZT0mcXVvdDsiIC8+DQogICAgICAgICAgICA8UnVsZVBhcmFtZXRlciBOYW1lPSJFbmRzV2l0aCIgVmFsdWU9IiZxdW90OyAvJmd0OyYjeEQ7IiAvPg0KICAgICAgICAgICAgPFJ1bGVQYXJhbWV0ZXIgTmFtZT0iSW5kZXgiIFZhbHVlPSIzIiAvPg0KICAgICAgICAgICAgPFJ1bGVQYXJhbWV0ZXIgTmFtZT0iSWdub3JlQ2FzZSIgVmFsdWU9IkZhbHNlIiAvPg0KICAgICAgICAgICAgPFJ1bGVQYXJhbWV0ZXIgTmFtZT0iVXNlUmVndWxhckV4cHJlc3Npb24iIFZhbHVlPSJGYWxzZSIgLz4NCiAgICAgICAgICAgIDxSdWxlUGFyYW1ldGVyIE5hbWU9Ikh0bWxEZWNvZGUiIFZhbHVlPSJUcnVlIiAvPg0KICAgICAgICAgICAgPFJ1bGVQYXJhbWV0ZXIgTmFtZT0iUmVxdWlyZWQiIFZhbHVlPSJGYWxzZSIgLz4NCiAgICAgICAgICA8L1J1bGVQYXJhbWV0ZXJzPg0KICAgICAgICA8L0V4dHJhY3Rpb25SdWxlPg0KICAgICAgICA8RXh0cmFjdGlvblJ1bGUgQ2xhc3NuYW1lPSJNaWNyb3NvZnQuVmlzdWFsU3R1ZGlvLlRlc3RUb29scy5XZWJUZXN0aW5nLlJ1bGVzLkV4dHJhY3RUZXh0LCBNaWNyb3NvZnQuVmlzdWFsU3R1ZGlvLlF1YWxpdHlUb29scy5XZWJUZXN0RnJhbWV3b3JrLCBWZXJzaW9uPTEwLjAuMC4wLCBDdWx0dXJlPW5ldXRyYWwsIFB1YmxpY0tleVRva2VuPWIwM2Y1ZjdmMTFkNTBhM2EiIFZhcmlhYmxlTmFtZT0iRm9ybVBvc3RQYXJhbTE5LmN0bDAwJGN0bDAwJGN0bDAwJENvbnRlbnRQbGFjZUhvbGRlckRlZmF1bHQkTWFzdGVyUGxhY2Vob2xkZXIkQ2hhbmdlQWRkcmVzc182JGRkbFRpbWV6b25lIiBEaXNwbGF5TmFtZT0iIiBEZXNjcmlwdGlvbj0iIj4NCiAgICAgICAgICA8UnVsZVBhcmFtZXRlcnM+DQogICAgICAgICAgICA8UnVsZVBhcmFtZXRlciBOYW1lPSJTdGFydHNXaXRoIiBWYWx1ZT0ibHVlPSZxdW90OyIgLz4NCiAgICAgICAgICAgIDxSdWxlUGFyYW1ldGVyIE5hbWU9IkVuZHNXaXRoIiBWYWx1ZT0iJnF1b3Q7Jmd0OyhVVCIgLz4NCiAgICAgICAgICAgIDxSdWxlUGFyYW1ldGVyIE5hbWU9IkluZGV4IiBWYWx1ZT0iMzkzIiAvPg0KICAgICAgICAgICAgPFJ1bGVQYXJhbWV0ZXIgTmFtZT0iSWdub3JlQ2FzZSIgVmFsdWU9IkZhbHNlIiAvPg0KICAgICAgICAgICAgPFJ1bGVQYXJhbWV0ZXIgTmFtZT0iVXNlUmVndWxhckV4cHJlc3Npb24iIFZhbHVlPSJGYWxzZSIgLz4NCiAgICAgICAgICAgIDxSdWxlUGFyYW1ldGVyIE5hbWU9Ikh0bWxEZWNvZGUiIFZhbHVlPSJUcnVlIiAvPg0KICAgICAgICAgICAgPFJ1bGVQYXJhbWV0ZXIgTmFtZT0iUmVxdWlyZWQiIFZhbHVlPSJGYWxzZSIgLz4NCiAgICAgICAgICA8L1J1bGVQYXJhbWV0ZXJzPg0KICAgICAgICA8L0V4dHJhY3Rpb25SdWxlPg0KICAgICAgPC9Db3JyZWxhdGlvbkV4dHJhY3Rpb25SdWxlcz4NCiAgICAgIDxGb3JtUG9zdEh0dHBCb2R5Pg0KICAgICAgICA8Rm9ybVBvc3RQYXJhbWV0ZXIgTmFtZT0iX19FVkVOVFRBUkdFVCIgVmFsdWU9Int7JEhJRERFTjEuX19FVkVOVFRBUkdFVH19IiBSZWNvcmRlZFZhbHVlPSJjdGwwMCRjdGwwMCRjdGwwMCRDb250ZW50UGxhY2VIb2xkZXJEZWZhdWx0JFRvcExvZ2dlZEluXzEkbG5iVG9wTG9nZ2VkSW5NeURhc2hib2FyZCIgQ29ycmVsYXRpb25CaW5kaW5nPSIiIFVybEVuY29kZT0iVHJ1ZSIgLz4NCiAgICAgICAgPEZvcm1Qb3N0UGFyYW1ldGVyIE5hbWU9Il9fRVZFTlRBUkdVTUVOVCIgVmFsdWU9Int7JEhJRERFTjEuX19FVkVOVEFSR1VNRU5UfX0iIFJlY29yZGVkVmFsdWU9IiIgQ29ycmVsYXRpb25CaW5kaW5nPSIiIFVybEVuY29kZT0iVHJ1ZSIgLz4NCiAgICAgICAgPEZvcm1Qb3N0UGFyYW1ldGVyIE5hbWU9Il9fVklFV1NUQVRFIiBWYWx1ZT0ie3skSElEREVOMS5fX1ZJRVdTVEFURX19IiBSZWNvcmRlZFZhbHVlPSJzN0R3aHo4RXpUd1BOcnBmRnpZUzZYL1BpR0gwdnY3OGpsVUhHL0Q2ZHdQa0svUENyM043cy9QZXBKUVJYNkwvZk1sdEZ5MVc5RkdtNEs0TlpyR2lmME52a1QzUmhTcmVrK0pnWVNkazhiWS9YQnN5U1ZjTTRtVC92Wmp6cVZQWXQyQ21wSXNHc2oyVkZ0MVgrVTFYdTlWMncrbUliSmNXNWJFRlVDTlRoZGpUWFVUZ3I5cFQ2T2hZWktjNU5VZml1dmcreGswSVU3MHBjUmgvWVJucEh6NTBCU0pGQnB1bUthMkJLeWEyL0FqRFpNbWlyc09LM2JVWUVtYStuc0NUL2crQmVzNG1paGI0dmMzbWJMTWk5WmY1ak16VlZzSTZ3K2lSUkM0VC9wbzVYL1M4dDgvelk3WGFaNjVWbTI4KzZtMk5XZ2o2MDRGWnJzY3lJME5jeTNTcWQzdGxodzd6MkJkWEtnWlhKSmVPajV4ZzY1c21nTEpid0FpZS8rYWNuTDhaYm1SanhIdDNMeHgzUVZ5bmdCSk9ORnJNb3NEbENRTnhVYU13UHh2dGFsOXorRmJibnBPSWJwQ21YbDZCNnZiaUZLbm5hMTRxTzBjSTFFZ1FXL0c5VEpYa1MxZTNIajVWSlNNOUpFK1NlZUZRRUdFT3FJNTcwNGVYTUhBSGtFcVdXWVViQk5ES2NWWmxpcGc0MXlKU2dwdE9KM0J3a3VlVTJ0LzRGT3ZKWW45b1RTemtnUDBrSVhReFpuczN6amNJeTN4YUhoU0JHVTh0Wk14WlJMVXZRY3FoaGNFbi9qUXBwSXpTdFEvbnNEWC9Nd0pnTTdpdlhGd3pPK2FHNm9mT3dhUGRwWEl1L1NXNk51NEVJVDQ2dlAxL1J1KzNiS1VTc0pkQ3pBQjl4Njd6Qm1hcjhJc3VnZlBjbnQ5LytmaXVTLzlMV2wyNmFQTUJ6MjZIZUp3U0o3cEpCS0xqL3dTaTYwU0NCbHZuc2s0QlM2cHlVWlVBdk5OZmY2eFJ5M3ZBa1loNWhnUjRmSTJIOXZod1JCTGQrbGFlQmQ2cEE1ZWtZWUY2STYrd1M3UHhTc3FBMTJxRHZtRWFsQ2gyUWlFK2RkR080OTM2eFVzYmR5SEVTbVM5am1KNUd6amJlNERpRTNSelhIR0FkT3RTeG5RU0tTL0JQdm93RTkySVloTnBGVU12V0JsK3BESWpxRTc0OFdmajlNZDQ4NTh0b01KMXBuN2plZDR3dXN5UE9yZkFCVVFob2FCRS9oaW5xemRBeEMxemNISjhwTVFxanFsWWw4SVpVdjBZSE1QWE9QcXVKeXRGODEyRUtETnZ2K2pDYzhoR2NoWngwbXRpYlRCa0JEQ1pqNno0UWR0VTUxNHkzTmhEZndOaFRIeFlaSUs5bHRYZGFKWlBaK3NFaVV3cERZRkRZSHkxWVRGNGFLL3V3YTFTUVlpVjEySDdJOHUwSXBUVlY4akQyYkJTZzhFSjNZWjdtSzM4QjVpaWdwa0dsVXoxL2s3OWU4SW1FODdKVTlBdUhhYmxrc2tiejZheDMzWTVVQWQzOWo2WDVVWTI5YWc2K1hkUlJxL3hQL3ptQktJcGdEb2lJTjE0K1lhb2x5MHdsOXRPSzdYUFpzTG13Q2dQNVZEZEMyaVgxNnBVdVEvRnpPNThlZjRTZ05iamZTazhXSlgxWTRYUm4vamY0Wk5DK2Y0cEtnNjJkalRlMUN3eFFsaUxzS1FFdG9VZUVEdW0zdHZ3OEE2MmJ2ZlllcE1MNUdqWEltVzhjcDRlQzdGRlRlQ0RYUkNLSE43bi90NldPUWU2M1FsV3o4YkgzSDVsbE5qdjVIcnhjVURvZFlmMlJRakhJYThmUUJUQlp4a01haG1DUC83ODBYUE9OWTVhTk4vdnJRQVFxMUNZOThrZGlCVE9xSWFWTTBTdDNid0U2Tm9SdmtGcFMvVWhDd1d5cHZVemRjZXppWGdzd2JUbUF6R3lIaDVHd3Y0N3krRXdrZEZRaXc5UXRKTWxJYjBEQnlpaEF2YXh5cHRxUmFyYUtPQlJCRHB1dnRmZGtNa01qQkxrRTUyYUg4Sit4anZrcVRWTHY2eGxnM29wazdBK3BEbk93MWRVa2VZT2M2L0YxeWhNQXRoU1FTNy9HdWxYM3hkUEhVdjhXYXBRbFZhZDBDcGhycFU5MGV6ajM5ZURQNlZtOHErTTVwRUtoMkdZQklEMmpGTkRZUTJRTkRzU1RTbkQzVC9pbTRzUDZsOXRzaGRUbHBqTFdSRjVPajRCNk5TbTE4RlorRlBVaWZmZXlQaWRGM3ZSSHFQbTV3K3QzeTMyVzh0WjRSMGNCZCt2dGpTZzBGeHNGMjFxa2s1TDFqNkRiQmZUNy9lVHhwdFpwU0pQcG9ieU1LOUNiS3J3RytyVENNSFhlSk1oMWM0UVZVWXRhMjJTUmdyVTZnNGU0YjlhWGlUejZWZlB0RTdwUFdkRGttcmhoUTdVVDArTTJBV3lCZHZJWjlyRUV1WlJlOTRHeExGVzdHM3ZiRXBPY0JENENDcC9JZEpPOXdWak8zYnltYXFLaThxNUFiVnJKb1Fhd05HajNPUW5RdmZxdDdKTVBiQVJ3SGlJTnFmZGd1bXExYlBKb0xjU201cGhmeG5GWnlDOVdzUHF0TlorV1E5U1hMd0wxNks1b0dHQW8zR3dBd2MvTEZsZkVxSnZDYWpTait2dksvdmdWUFdrRGpDTXhPcXR3OE5IUkN3VlphNEpDSHN4K1N1VUdsQXhsSW5tSnB0NnFZVjVMM3IxQmNMby8zbTYzTElreXNhYW1POUh0WkttWWJyUTc2UGtxTVA1dkpCaVA5ZDVsYlJ2WWp1bHpBaU50UFA2VlI1N2pSUFJYL3AwemRQQXlWNVhTVW12SHE3bGRZRjlyMDVVUkRIN2RqdDd0TXdQd2ZZSmM5ekZkYTFkOUp2ZTlTbTdZMitZbW10UzRVb0xrSXhHSVZGUmJaNzNLeFExb29ZMWJGbjNIRFlHN2ZlcU1sRG80Szg1VWJ2OE9hZ3RIZWNaRE1qanhORXVvQm1TcVdLcWFjVDZJRzYzbzBpRzVDcTlweGVkS3dJM2VNeGJEU1ZBdmJrRGtYN0lpWmQva3o3aUJ3clhNOHlvSUQrT09sSXJYUUhjQUoxdHVSaUlRVHdxYVFiMGtHOHRRL0tBbi8yT2tJY1JRbkF1RUJOK3hEbE5NMDVoUFBjSTJvelYxM0w3VFh2enFJZHZXZDVzS0E5NEpKN2Q2T1poL1NDNGVEUDNWUlliakVqdHBOWVQ3eUV5bXk2ZG9FNW5QeVVyaDFtNzFia3BlK1JWZ1BUQ0l3bDBqeDB3MzVzN1pka1BaMjVRNTVidFZoc2VxeUxucjNmRHhPT1lseWoxczllSWZpK2hMeXZ0QmMxVjlnaFQ4OGdCNzdEWWswZ3dKb0t3NnQ1UE9GMlRhWWUzL3JTQWZncjRkSHRucU15bmZ4ZlJIWXljSm5MY3g0KzFpVnJsaVF3YWhuSUJpQkdTVEpuVkZPeWREZWVHSFRQWm0zZUpLN1JwZ2V4Z1hrb2xxSzlHM0t6alR2RDdocTI5ZjF1aFBJQWIzUnhxT2lmU3gyc1dTdEI4TGxKUFVKUFpGbytHWHdvQ1NyV1ZST2MxcUNsbk0rVzAyams3cWw1aGh6KzU5Rk5ub3hYVGxORUVtMFF4RklVc3VnQS9ueE1WRmdaNVkrUkI5aEVMeDFQT1JyWHhRRHVMWVc2bFpoNFBxOXFabnU4Y0dDUjZKUmdNRUV2VGwyU3RsWGVVZzRNemJMWndTaG1BQnM1NHhtSE5jcGdNdTFYK3BDQWdldGszbDlwbmNkUHBuZWVocC9ZODI2Zkd4MGdhejBBT1ZJcVhpdmljSVFKN08xcTcybGJrKyt2MFFHZXpoTHUwM2RhUUlKNTNOamh3Q2E5bnlMZ2ZTS2pUY0hHUUl4ODR4N0lYYnRualY1VkZCR3lYUjhlT09IWlJtZENPZkxaZUdwM3hpeGtjMlNTclQ4R1Z3VWhQVWZvbDljWDBjUldBNGlmKzlEdmtVQXJlQU5LWW84SlgvdFgydjJjZm85RU1hOWxrcVdoNThRTWQ1NFVjVGdZSkt4OC96RmR4Y0VEb1E2UXQ2dERlU1VNSHBjR3gvaVdOeXJqdzg4MTl5K2FNa1gwb2FaODRNUlFSQjlva2lxcy9nczRYeGlmZkp3Yk1RRVREVVZHazdYQlZLK1RsTlVTOFlyUkM5Ni9wS0M4VXArZVRwdzZmM1BVT2Rvanh2Qzk5TzJOeFN2eXFJVXFXc09md3NpOEltQVE2aXEzdXJzWUk2ZTNNaEVQMjluUmdROVdoZGhDL2FLVUhXVEM5ZExjMXI1L29XVjZyelU5V3AzaE9aSVBTUVhvbVJJVGpEOGtvQkZLZkZ3MHpaQ29qWmhSS0FnNEpXaW54QjYweVc4ZTUrd3dVaVVtQVpyYWZUc2phckRyUlU5Q0x2Q1hlWVlFdEp1NGxkaGhzWllERGp1M3NlRmYwMFJ3QkswdkF0UkduMUJjQ0dpdGhSemw0WjVuWVc0bjJJb1ZNMEtJT2JBbEkrc0pud0RZMEdkMS94cmJBQkJmS204d2Z0aEFrMkNESjJJUHRTS3Z6eGNHVEJTMjQ2RzdtditDMmJvQUlaS3N3MHZOQ2ZXSTlxMSt3Q2plaDJYQnk5a1dwTVZKKzh6aEsvWTJCN2VRTDNINmcyZlZNZFZETXFPSUxCVUhCQ2NlaklEb2dXUXJqdTc0UlVXNFY2WGFON2g0Wis5eENuamw3cWU0R2tVcGZWVzR3RkZvY1krT2I2Q1JtYmlmUkpoZElMN0RmdkQ3Y1J5YzM4bC9uRzdRaVUrbUl6VGNuWFZtZmlmSHprU2o4SXZkSXhScHNQK2RHMHJ4bXBkOG5leVNJWmttR3ZiRDBMNUlxMUZLSkxCUTZDeW9jT2Z4S0dENTlqb1c4Z3d2VGNCZ205Q05XcUYvQVE2eGZOMXhUVHNJUVBXL21lZnB3Sm1kWlhLMU1xM2QzTGoxZ05MYVk4MHhydGpUcEFzU0crbG9odGdjVzR3SVZOSSs3U2VXOUJ6YnVMQlVXeE9tY2xMZDVPM0dhclJvR0Q3MnJla0d5aWo4d2pRSVBTT2t4NUxHUkRvRXExc05UYXN2MEgzL1lPQkY4TmNwVW10eTNOSFN2UlptLzJVY1doRnVOYm9vV0thNkhUYTJVTzY3ZXhXNzlzem1mSms3RDVlSk5TVnlYdzJSK0p1L0lBY2g5N1BWM1dqTVNueHFvSWJpWEo0WHk1czlub1dpb0tyNDR5cVgrZmZ0U2oxQTROazlJZ0RHK21sdXBkNnNnQkIyd2owQlVFamFlbUFYME5tVStCOS80TjdCcEoyUHE5ZXUwMTJDQ0w1bUc4cVZSWDlSTkJUeU1PYWlxRVZZb2RHSkxGUkRmcCs1RzNBa3JzTHNCK0p4RGN4VXNMN3cwdVJZdVhWcW14YWtJNUo0cVJ2RjZ3dVh1WGJ5RUJUdzR6STd1VEF5dzJZQkFCUC83SUNLMGdyREphWC9DdnZ3OGRjcERiVUIvU3Z5QjYweVdqVTZhVHlRYWJTdDVvb1JrbFZ0czlHeVVnekFuUWxwKzFhYUNmMERXcXViZExZR1RjL042ZkVJbjJjNVMrcFZ3WG01eVZqOXhqM3FQakh4dmhaU0lpTHZLdGtGSms3YzVJYThwOXNGQUlVMklSclAvMUUvVy9oMHpoRjR3SlZpS2MwQ2NwUElYYUkvcUFLTW8wODV6WUcwdmdGSXBKVysvNVpvMWZucEJGRVYyNWIrRXprcnByVkZFcTRpZGpQbWorSUNlOUYvdTkwV1dkN0p4Zk5EbUlhQ0ovZTlZazFaQjlxSXNQcmpjdXNjaEVvdFkyUkYyV3ZoWXE2UUhUUGI4b0g3dFNsVjlpY2FmNnNCelhLa2hlTW4vUzNxSEI2MnBETU9GeVFaNjFtOTljZlk2ZTNhNFRibGxhblJnMlRiY3FJTi80eDRsM1Z0TzBoTU11QWFUWFNTQWFQTnRXRzJ1Y212STUwU3VXQXZnUVBNeWp2VFFIemNmdkhmYXpXdkhpc1FlQ3JaZHlrUjhZQ0lKSnE1MEhUQnQrOURaRTYrYkhBcm92VHZGTCtnazBjNlh3RkFOMTM4U00rMTJ0aFN4ay9mM05TZ2d5ZGMvUVB0YWVablRRdjZVT29sRmMyTTZFb2ZzWTNFeStVQnhhK1prekM5WXFXSVJCeHdhaG9JNzBUb3dWeXFBUVdPZ001YktacjAzUFdUUHcwYTFvK2ZhTlM4aVRnS1RDQy9YdUoyaGZXamRibVFoa0VCeWNEMmdYajRSZ1h3YlBERnVOTHhvZTgrWmxHK1VqUlp5VU5hMTVtUHVaSTZrQWtZcFlQQVFyRzNFM09RcnM3WEQ3MnpYZ1dTYVBoT1RicWYvZTFTRTA0Y2FpMEUrVTJDRVptOTFUWldlS3hyM3hHR29vVE1BTTMyL0xZZVluOHl5RG9scnRPN1RzZUprbFZyNHVLcFBqWFlTOTk3RmxsR0ZIdG9QakN1a3FqVWoyM1Y2VzJlWFZJUW1SbVpRczUwOU9DRW9IK1VOS01RcGtXTVRaSE5xemxEbkVjN21MSldhakgreW10QXB2VjFYMjJvM0xEeFJ5MlMxZ3huVWhVbE9mckZyUnhMajkrZVBlL0V6TERFOWlBeUpYYUFzS1A2VUVZM3pWTmg3Yno3ajRhbmo0aHZnN2cyeFRJSStHcXV0WTFqcDluOGJvL1A1Q2o3Q1U0bDR1OGQ2VC80QU0weHNGbHhucTVNY2tpbHlnaG1NSnRoakpxQ1JzMWxxSzRML244TXByWERRTzFDQ2Q1NThYUWF6TnAzbWJpK25YaUdpcjhXd2NKREtnSXp1QVBGVWgybzYxa0NPQWViUW1oa205Qm5Sa1RjWGRIcG5VcFg0dTFmR3NjVFNBTmxoQzUyRytoZW9IMEVqSHA1d2NacFFIUUdXczVocGpsenNzVjYrY200QTdtYit1WHcwV3ZUd1cxb3FsWTRXOXRIRjRHdkw0TDhFV3kxdTZiVStaMmJPNDI1S05ndksxWHd1OE55M2xSaFdKMlZ1M0JLL0s0eTlYNk4vcWM4MCswQnY2WWo5S21jd3hYclV2UzFJSS9zbFdQM1pQNDBjVEpDNU8ycHBGc3N5WmhPclFncVBHWEQ4NzBDZ1ZVRzBzQnRJRHF5eTk5di9ZQU1oZ3ZDTWx3aHBlT1dOWGtuckJpcmkrN1R3ZmVveE8xTVphMlhLNEhJZVU1VDhXZ3o3SDloZHFHQU5SQUhVaUFITXZMbk5zamNUUlZvem0xbW1IVXJ3R2NDeml3ME5NandFbFVNV2hjcUtSTVNId1EzWGVUMXdmUEpNYzJLMW56QlpUTzJjNmlNMi9IQXZMaVlHejNnYUpqOUYxblNuOU4wdUQyZG54UHFaZ0ZpTGVDSnd2cmxBVEZqSENIbVVaNnN4NHpjU1huNVVHcVhiSE1acDBjMWhzZU03bWlKSlhQbWg2dGR5azlYTlI4LzRQSHoxakRBeGJMa3NYVXVSaE1iK2FJUE5sZU5yWjVibFpURVV0Z1didjdVaWNZREtRWHhoVE9iY0JJTyswRm54UFZUQ2VaaGRyWmE1azlSOXFwT2g0cEwrQkZhZGtNQVBhL3Z6cGdiN1JrdVZKbU5UTGh1dDlFdDFZVWZMUFQvV2FTdldyRVB1UDI2OVlwTExZMzQxS2NONXV5U3lBWjZDeGhBSm55dTA0U3M4Z0JwSXI4b2RISjd3cXFMYjd0SmtNUzUxR3NQNU9FRnpVS1JMK1NlK2dEdjZoVTJTZkgxdzRseUxtQVJFN1ZQWmtoUXZYY3VPTTVYTVF3MWFPYldDd01KREFiRmVjZk41RU1lT2VoMTNkUWNZT1lJNTJjNUtDWEZMekNFVmNubWN4TEJCV21mSjZncm8rek92MXFhTHRucE0zbSt5SmVLUHVnL1ZaNGNxUFBYWEZrY2lsNjFDV3Fkb0ozSndDaEdtbGdsdlMwRGVXcGxpbWNWMVI0d0hPcVh2NnlWSFFKU3pmaWhpQ3JsaHo0bmlRcTRGWUFITXE5RkROdmFJM1plWWpQQzlHOUYvNW5ES3JKWHZ4L2JUczBweXNheW5pdUNIdlhsaUdUZUZhc3lkeDk3SHpkODdZSXlab002b01xbGEwcS9rcWZsVm9yMGo1ZnBhUU1POVZ5OEk1MGloT3orbi9JMnY3b2dWR0s5VkRHNWxRYTNPbTdWM0p3bExMVUplbjgySjJjRkd6TUl0YmtaYzFhdTlrZWEwbm1lM3hQbmV2Tm5FME1acXRLcHMxOEw4TkMzYmp1NTdSaUFxekE4eU9maVpHQnQ0a0FTV09sUUZNS3hTTUMzU2ZIVzZEMS9lUGNyYmNsTG10QjZBU1pLTU9MWFFjRndMY29XZTk0SXdUUlc1bklCM3BERzlDcWd0SkVQdURlcnRjdDFSRGtyeklKZ2dWLzdOYy9ZQStoMFhFSUMybXlYSmovL0g5cTFvNkJkcDdzeU5HQkVvS0JzMjNoaStYbS9nQzZkVG9FMmwxbDBRUEFQcmR3NVRkQTAyRm1FQzVqSXpZYTVOdkhINFB4ZXgzSUY3RFFQMWVpbmVQdmJTYU9pR1dSdGtOak9mSjZHUTZkRzk1VFVPUWtFTHQ0dHFaUnQyNlRzcWhrYy9hTGJueWZZM20vNCtuK1BLNm9CQVVlYk5vWjVaYUdITWprYys5bU5ZWEV4b3VHek5PaHpmLzYzdU0zN2dudmFwUTN1ZHQzZGZzV0FwVVlUbk5MZnhNRG1uNTRLSEtoeCtJeTVLR2d0eDcyNCtjSlRrbmNmRzRGc0J3bnpWanIwRkZXNk16T0VMZmFOam9LQ1RqK05vM01lMXpFZlhmRzg3bHc2dVpyY2VHa1poaWpGWVFOUWJ5ckJyd0hPMWcyd1o4M3U4R3hQZXlzUm9GQ0MvVHdCY1FuejF0RmZnRXBkTUpUSWpBV0MrcFptUmFIWHg1dSs0R0NDNzhwazE2UjFxNmVYR2MzOVMzdnllOVpDOFR5YUkzWFlLZFl4YWtnTmw0bVJFaStiUHdVMXBwY0J1dGt4cW1mYVE4aS9XU1NUWWFwdlZjN28vUXBGYUtmMkZRekRhMUFFZW1nRjJWUER6Q3J3U3pjUlE1aVIrc0JFV3d4S2RrK3pud1NWSjJxanNGendYYlNPUXVxU0piWDFEVDJLdGhnTUJaK2hWTkEvcldXMUhLNkNBa204UDA5WXBkY1l2N3U4Z05KbzFDZ1dpSUZmVmk2YUtnM1BDRHBQNHFFY3FDbU1xUzlnSWQwYTFqenZBSEs1cm44UHoyc2toTm13S1dMUFhxOWdHd3VIV0gzRzVodXpKRFFMVVFIczlLT3hLMWd2enhjck40SkNqRDZZSVdDQnhHY1MxM01YM0h2bmxmNkNUYVlzdTM5QmdBUVpiWHVzd1M5M2xWU3A1MXVmUktxcHkrd2xMc05sam1TTFRER2RmcDR3YlZCQ3BVQzNkTTJEQVEvUmtyZk1Ic2RURDFCRnNORkE3L2pDcGwzQ3p4LzBqSW9ncVM2RStMTlc3UGNmU3lhb3R6YmJiL0xqMVJYUG85a3QrUlcxdHF4QzN5LzgrMithZ3JqMHllOFM4Yk9qTHdQSVFabnJRSTZuWVRZNFR2T1MvL2JmUmdRN043cjV4djFwUHA0ZXZvM1plMVloZDZBY0JhclhXUzJxYkNJZVJaWUZEdzR5Wi9LL2QvMmxFOGlQZXN5NXFKL2FWVjA2RmJMcDNlYkRmMTc3WFJ2Z3ZaTXV2R3MxWDhaRlJ5cHA4NlVqY083Q25SL2EzcjJBQUlDR3Q4blJ2RW1zdkJ2eDhkZTNYdmhEMGhORkNVRlY1K0RHYXlIcWtQOFVlNnhHZkJHNU1wU3J1ZDFKOWVYL3ovWU5MMzB3eVptQ29tVWJyR2xJQmZVRFkwcDV3N2JTSHRxM25tLzFOUjczbkRTaGxvdzJCYnN6TGlhMUZMUEN2ckU2STlMT1c2TVRVd1Q1Yng3L08rT0FnWEtpUlpPOXh3VDZLUHVZcFNWZ1NMTXViWUxwTmt2NThCM0hqRjlNVTRmZjlhV0c3aVBydndPRDU5L1lkVEJKQTJyOUUvQmtyVlFCeFZaaWQwSm1tSEVuVFJFRlJOZ2dpWDViSStkeFdkeEZlWFE4WVNpTzhUNFBJNllQM3Rtc3lONkYxbTRwcDc3VnJkY2E4dG1lWmhEUEsrS3YxcUJ4Q2dGVHpxZTlYRWt6dUlkK0x4eHNNcUZWbllKTXVEOGZTaExCTThONkc3MTJwSTk5b2VWT1YvNW5yNGhRdTY0RmVKSFg2ZmN4WDB5WjV6NmFzOTlYOEVoUG5JaFo5MWJic0VFYXU5VmtpVnNsQ3RJNFJTOERLcldYQUJ2V3huempMRWkzMVF0MTJYTHdZL2N3SXRueVhWZVdsVGNKeWJnVGttdUJiemNoRXpDazg1eFJHeVpiK0M3azg3cDRUcFJaSHJLb0RPU0ZQZVZZcXl5TVJUeUdxd0ZpNUJRWlQ1ZE1PWUFJRjBDbVp3WGI1SU4zNVc4Mlh4b01CZmU1TEZZMEVGVWdFNHFsTzRFNDV4Vnd3WFpDdmVrbWZPcnVWTFR5bzM1Zk9kWmpZWmRNb1VQVVAydjdRb1I0VVdoak9sSDA5L1AzekI2WnVXaEs5K3ZJRUc5dmFQbmNvaDYvUFUybTg1eTFHOUlsT2Y0a0dudUpGelpycmdyb0F6Ykp0cm5Zc2I1d0RlQlNpVVdwbTZzcXdBOG83UFFXNHROeG5qYnF0WlUwU0FLT3c5WlRaY054RzFmT0M4MzM3alpQdXdqUUtacWhSNmpieUJ1ZjNXaTdKY2svalVwZ2oyRXdscUtyTFdrOTBFOUQ0U3hwTmsxZXJ0Rmdkd0pYODJsWWxhSTZHdXJGOVZYWFAyV0lBV3hmV0I3SnNrQ0RDbDRocEdDbXd6alZZeWZ5Ymx6TnJhUDlJdmdvWW1pc1h4V2hsKzlLeG93dUYwL2NvMkdzQTlSbkpRd3V3azZpYTVXNVZQRTFKZFAxaHRZWUNvZEdwOGUra0xZeTF4bDArNndUQjM3WVduOW1PNUU1TkU3bDQrajZGakZsSEF0L2xzNVN6V29nOGVaUWpBQkwvUUNZdHlGeHBUQ0l3aSszT3U1TjM5WFdyQVljWVVCMG50UVpaUTBMRmtTT1k3NDFVTlhzcHMvVS93d3F1TWdKcVJkR2YzT0xNSEloQ1l0bzhqOG1vK0QzSysvc2pzNXVVcU92YWkva0srdGE3N09MVTF0Z3dZYkRTZ3Z4cjFlb2xmamNFSkNOcktOcHdoa3lNOGw0eUozNGw4cTh0ZlEzdVhKUG5mU1lhTkl6Tk1nQ0F6QTlFMkViTWE1UDdZNkFnVG5UL0lUVTlBZGZYTUlFWnZMN0Z4NHRSTkZiUnU1OXFjUE5Gc1ZsS2wrMDBFTWhLWWtJb0JublQzcjlTaWRzU04yUGF5U2FNVmVvZld3amNrRXEzNm1JRXh2OUM4bmlhc3lGNGxEVGl6b0pHWENvNGt0VEdUYTJ3R2thZk1JSXM0UDhTMmluMTFJZ001bHc0L0o3K1dqUDNob0lhQnRxL1VCbnArSzNyRm1wejFxaURiRWoyY2RoVmRRNEUySGJRM2ZyeWFkejZTdjA2U3VSQjIwTE9JK2ZNeHpRdUZLT1lQbDhtR3o3K1ErY09kdVVJdVo4NEl0Rmh5bk8zaElFZWpkNVNJRjVFU1hTQ2NTcXZFWFFFbTZKUG5rcERWT2l3a3YyM1ZGYXZ2UUhQbFkxdHJiSlpDOE9McElxaDZTaUJGNnVqQWdWR3FsWU4wQ2lCMDByUHpjUURiQWMreWR2bjlGUVRCTlBaVGVkaTFjak96bUpEWmE5ODBHVmlVdmh3WGNaTFAxMWRXVks3bzdoYXI3UThmTndURzQ0QjVSaUJPdWwyS0xPZEtKSzJNcGNPc2s2Z2lQTUc3L1JacWdTYUdQU0dLN0hPRWFSbzhDY3FkV2NaaUR3eUNvTHlDbWVkL1VIT2pqMzJraFVyNWJySUFFVVlXM3crZXkyQjFjWUNDRDArVURNV1dDV1RidUIxQjdMcG4zaVlWTTFRdVNIMm5UNzUrWGdFdXlkVDQ1a29hM1QwRDRRQUtiRzFMVmtJUFVXNlNFaGM2dHo2eEtmTThzMlJEdXZHZVFabWZwMGZqTmV6eWxZNGtiQStOcjd0Q1NDSlBBV1Q0WXIwL3YvWGVFaTdkVkVUSVJyUzAzMFhCR3g0VlNZcXU4anB2M3ozalVIZzlVeEhwWUpsQ0hmWTM0OXZ0cG5YV1J2azBHeU12SS9uc3JFKzBweDQ2Mm9xMjQvaVJoVXdsZ3czeE1WeE5ab0JFUkg4dlVzS3p1OWZFaUVmRFc1THU4a2ZZVk9MbUc5Q1dXckl0UkxkN2lBbWdpbXVPcGFCcHRWU3VWZnlUd0FGTzEvY3VXdm5tT0MwazBQTFVMUXk0VDlFNXdNU1ZSSEg5N0lBTkM4L3gyWjQ0Y09PdjE4cytkaG9zK0Z3WnJlL3p4T20zQ3JPT0NMQkFnYnltby9lVmVvR0ozdk1rWmp3ek9IME0xY25KV0JKb0NFR0JUOXI2NUkzdHBCVkdMSkxhVmxqaTcvZE4zM2duLy9tSFJOWnFNR1dQbnFtVldYdDY3MHZSRWdNYWJycXpZY1QwS09zSk1QUHdsNmF0cEphK2FQWXd3aXpWdVJsNFpJWTFUMXJkc2J2d2MzMXB2ZFltc2tEeEt2QnNqTDN3MUpOUXg2RW1MallNa1RVNStvdmwvenllYnJUOUMzQ3VaODFISVpGZnJLTlFhZ3crd2pvdlV4eGk2V013V2c1NEU3UjdXbmtDOWRhcHlreTA0dlFUYlJSenlUZUNac0dCeENlazlsSFNpdFBieTRHRENuVjhHeGF4T2NqeWQrTXBTaXQ4ajcwajJsVDVOMnhlZE9YRXdHeFhlQUszSGNESldjU2E0VnhYMGJKeTFUQ0szSSs0NnRkZ2tmUnY5OW1lSktIR2E1MmYrb0Z1NjhReXBwM3dOM2dRNi8xN0ZVS09vcHBOMk9mMG15V0UvVDlTMzI3ZkxmZGZQR1NaNFpYcW0zS2FWK0JoRVF5amJ0RVhDUXlPRVhISGd0Nnp1OGpDK3llNC9ZZGMvdEpnNWZjK2JKN1E0MWQzNHAwclVWOHd3L254Tm9kY2lQcmRjN0s0LzZORGtNTHZ0Mk9nRlZQVWFNd1UzVk1NWTk3anl1VU15aXBuRzBnQ3FPZUJYcUlEdnk4UzNFeUhyU2NBUXRXd01XMTZXZ0JSMG1seGFESytqQU00ZDM5d2IzdkFDWGlrUnJzRmhmUHdPK1JpOTNOUFZidEk4akdiM2kwdHE2VTd4RGZ1UzA2aEptY2NSODlhaWgwS3BPalY3L3d0SXdudzNQczRnSUNTeDBKS216QlVGVlB6djhmTVNhak1tVzJpMStiem1jTmtOTVRFeGJkc2hVTEsyQ2RKTlIxVXhINTd4WkF4ZW4yYW5KbmMxSnZnbStMbVhMZUlXRkFka2tFeXdxNlovUERkcEdJbm1hc1JpS1JnMG9peEhId1lxVmV0Qk5TNGV6ckc2bW8rbWc1UUxsaExsWU4wK1plT2lIc2pFd1ZzRlZRRCtVaUxjekpQUDAvRVZvVUkzak1oYjBVZm5iWURlQ1R3djZBMWlOQkpmYXJPZlZ4U2xoU0JpYythT3NCeFlEdGpnY1d6bW9Wc1I2MU1FVmhnYVppbC80eDM3bTRXMkROV0pMTXBhZTV4L2poV1Bod0ZuN3QxUUVUUFR0VDMyaXl3aTNPOFZybXAxRWJpZm5BYlZJeVZYdE9XQzAyak1ERE54aHl4OWpWcG13bU8wVE1CZ0wwN21zZGJYeURicWFYTEpBV0ZmSzc2YkRUZy84cTBnNlM5V29JSTV5c1J3aEZTRXRLUDNMcjV4aU5GMHF2c3ArTlllQldBKzVNZ3czYnFaOGtDSWw4OFZvOTJGaUQ2cDNXRGNVUnZoWFY1RG9QZ2FNZExDYVR1SzZEdjlnU25sNmNZODhQWU1LUEE4eTk5VVRaaHpNWEMreXdtVy9PS3NBY0RHZThWTVFWOHoxWUxrMWVidkR1NVNvNEhoZGcyQ2FzbzZFcThWQkdlSWdhRFRybmtDdzczV0ZSYTUwSzJ3SnczTFBIbjlUUDB6dy9HWVFIeXhtWjlTWXNFOVJPYW5IVG4vTWkwd0pnOEZJZ0hqNjdkZU5Yd1ZvUU1wNGNxL1d3UXpNaldBMWJFaEpLVUZuZHhMa1I1YjNvWHFXZDJrUmxiQ1NsTmNvN3EwaE55dDJGT0J3Y294bU5RcGhJaUVTYkx4b3VybjhsS0J2NEpJVTB5ZHZxTVkwTFA3KzFjeWNTaXA0dXoxbWJMV1l6QlhLaWk4ZEowZDlZMDNBTnc1ZFIrcVJobktVdmVtV2FKQ1BvSEVzdDhQeUg3aG9ZRVB0UVptS0MvREQvbG1wbTE4czBIWkl0L1RvdzBNdktjUmR4OEVqQmg0czhTZUVjbks0dVlvcDMwMzdMeEdhdzZ2VHJPRmhLNTMzZHRIdHV3djZ6eUt2YThNck1UWVdnNEV2Z2srcVJZTWtwZVhINlVoT3NPUUlrUUF2SG5jSnJHVkhGckl3M3ZtT2hGNzJ1Zkxpay85N3NnYjdKN1Z3UXlOWHZIbGVvakpLUnEzK2R5aEhrVFlIUzEyVE9ScTc2MEdnWGdpODBBQmMvN2FnbmQxNlJkdWlNaWR5WXh4eWI2SW1ZWWl5dUswK2RZNGQ2Q2N0WUhpcEhPLzlIS2wvWVRmMjJidzgwZDh5UjVKREdOV3NmaUZtNUVYdUhaLzhGVkN3STJ0ZnBNWWk5YXUvaVhTQk1KS0ZLYjdMd1FQd1pyM0tKMWlib0RHRUJSMWNCNXhIUmxwMjZuZzEvTytQOXJZM1hmWTZLR21Nb3cxNnRtRWQ0bXI3cnVmNFpTeXlDWHV3dDM5cXZMeWxPL3ZPTGk4c092L2I3eFZvSDZrTGZMMWpDaGYzSXJUMWJZcmRPYmt3RS9tbDFlTnJxcHQvd2Z6bUNGdWMyU01Ma1dpdDVWYXFzUGRyMkNxQ2JBYWFVajJQaWZnU3crcnlSYWFLMWNlRVlMTzdoMmt1Ykczc3lka0Y2Q0hINnlSbTVKNTZkMmFtY25tdXdpU3JFSlZkUXo4TG9lMCtndGZBc1YrMGJKenZvQnBmU3pGSFBPK2YwRXhiVTk1dGhiYVd5TTdEeXdXckFJdnlBVGxHZUtsbzhRNElsbWVWcE55KzRCQzg2TEdWdkdTdzdGSzcxc2p3Q1R5SGcyN3QvcSttc1JYVmE5Y3RvbVJUL3ZhY1VNZ2srRjhSSTJxSDkxRFN1cGVOTlREdU5scS9CMi9oOVdoMGwrdmdTOU9PMk5EUzVIV0tCVExORjY2cjNkZVBwdm9MczVZVUpJZ1lxZllxQ2M4ZVpKaFh1QUc5b1FJOFQzUmdlMTFFbGNEOEZvWFB6aG9sckdIRCs3MG52cUhKYjl6V2F1NkRPZkpQdkU5VkdoQVBBbFV5cS9DTFNrM1ZJdHF1TW9mU2xlaEdwM2xqTnVZOURiSG1hdHMxd3RKaHlYS3Q4U2tuTHFudGRhNTZ0bTZwclNaaEc4MHM2WlJiY09LalpZaGtvUEgzWnZQU3ZjaTBRbG5RUkV6ZGVkdXVGcXN2R2xiWUVYNERSTHE1eVVxZERQUnNMZFVqbEs1QTM0RkRiSURPQjBCV2krNzliODlLMjlmNzJvZEx5OTcyVjVZY2tSK1lkak9Ld2JUT3lDK0pXdDllQ2tOTStJOFJRS1F2Z0t4Mm9hekR2ZFZqUE16eUpabkhhR3RsSWhWTHZJM3hZdWFRQ21DZTFkZVhWZDBzY25zd21YanNGZE5Xb3MvZ05oU2w2UDU5TEFKUldaMFJLM2RBdHVyTXF4TkdBUy9uK09QTlVId09pR3pta01kQUdhZlU3SFNYUzUzU0lRcnpHaS9LK1RnVU83VnN2aDhSMWt6V0xsSmFLQUJaUHMrUXVaYXlIa05lYksvNVRuM1pwVG9WUlM2c0ZMVDZkZFFoTzBiZ1N2YkdLYVA0VUxxYWpaK0hTNklNZHlJaVYzUkFXMkpUaDJzb1hjeElVL2VHclJjUnpVZGRNSFYrMU1uU0ZhcVdwTlVMTVJOUlZFSjM4Qm0wdFJSa1owZm1kdXA3RVFjcEptaUJWMCsvc0pLbW5GS3YxVXFIU2FzSm9VRVB2NVlkY2ozTGt5bTY1SDJDQXVjbVZqUDlFelFJMUFsQ2U0ODJSWWYzRjJFa2I0bW91cllreDVIR0k2VjdFK0x2WTk3ajVaa0oxdlNaQnlaRi9FUEd0WHNvQWROY2dhOHcycmhkaWcrMzZwdnhLRlI3d3RIdmY5WFBsSHhJdUtUVTJrMmJ1VThjTVJWa2xXRUhhV3RMNVU0cCtnK25sOFB2U0NHck84TmZONUhQcVhnZVhrSFR5blEyUmwxRlRsTXpESHo5U0hVNGpoalNCNjI3R2lMOVpXbnl3cEtpOXc4eUtRYVhUYWNvd2RnSVViNFdoRld2cUdoM0lqWmtHYUdtdEZqcXIvcUgxOU9SWVhKQ3RjR1FkblEwcEZPT2JIaXI3WDMvdXlNaytjNkNlZ1FubU5UOEVKOW5rejFycFQza1FCcC91Um5ZaHFGSGdKdVpScENJaXMxR3I3WXlKNlZ4dkRqYThDSEhGQXpxSnlUNUlOallPenBQRWh4MGZGdVNUVExNcGR2S3JEN2pCUjl1R0hkV2ZHZUhrMnBYM2NnWnpJNkIxTjRvaGo2dHdtKzNrSXhMK1JNaHRFK3FsOTJSVXMxS21GSk9OYzdHR0ZMN1R1N01xdHFZVktOeTdXZG1SV05laHlDMVQyd2JpcFlpcFdYZGowcnJ2LzFPSnFad04yRE9QOHRSZDE5eHh2Q0RBSlZpUlYyL3pnd2MybWNDZ1doLzQ3b0ExSFgwUC9LUHVRUjIwYXBRVnFUZWNMTi9QOFQxMlo3SWtBSjNtQjdJV1VVV3liSDF4QXFUejVvTUVhd2RDZlpHZk11YTFSYThpTU1QOGx1RkMzRW5IYVloT1ZLRGNkQkt0cFNXTjBZbVVOZ0d6ckxUdGs3Q2ZsaUFUdzB3WjJWcmx2L3NMc20wNGd0bEN2cnRFWTYrL0l2dk1PY21Gcm9wNVJQU3V6MnlVT2FaaUFxSGt6K1ZuQzRXNnExTnhHRHo1dkZmSFZlK0VyeWh5WVlPNjlUT1pMRWVUZXB0cE1GSVcrTG5PKzRyZFE0QVltOFp3T25nM2xwRjF2eDR6djdkQXV5aFhTSFI2UVUvb3JGYUwrSmx4eUpqY3g1dlcyNEdjeVJPaU40YWI0TjVKK0hOQ2J3aklHYmtUWk11NDk4TFNNY1Bqa3k3K3JhRm92TkZRK0g4R2RlbFhhN3dQL2xGSVNVYWdMa0dzOG1pQ21YWmlDb3d4K2xNYzFJLyswTXdtZFBlNmIyT3hVd1g4NEF1K0VLSnhIYTZ1REd2eEExcTlOKzZncEdwYnJaZWJFSmJoYStUZXhNY0pyb1JHMDhIb0cyV0JlVVBORWJvZzRrazBYMzFDWWdpT1J1WXg3N1hCOTlrL2M1UDltWTlWa3FIeXpKSk5mNmdWK0krWHQ3RnBLZXpOT09jT29VaDY2cnFLcVU2R3I4enZyWkNoZHFnb2RKOG02dUFMWWEvQ3RBcm1KRWdLUC92VHZvQzIydEg0aTNWOWV6RXJBZVphYk8wZ3ZIczUvTklxNk9kZU1WTVlDSkNIa0ZuZ3p2RTZ3Y1Z0N0UxMXhKTEZEN1prNTRWeW84ZVE0L1RIR2EwZ1V4R2R5d3VPWG1kaVl1eHpqOEhtait4YzBQeFo3enpxMDVvVmN3Mng0SWtGR0o0OUV0V3B5ckRKUHFiR0lRQXN0UnNUK05XazJOamZqWVI2SDc1S0s3ajdrTGkxV0NmMmtGU1ZhUWNtSTExVjdtNjlnRkUyVkszYnBpa1R0WTVwWVdPMGxzSEMzeFB5Z2p4LzVOTE9QTnFqeVZaMzNMaXJpZFhuM0Qwa20vZ29KMmYyQnp4eUNydURjclp3cjJSTktycEFkMmtuaU9RZUJkNzNOYXc1WTUwS0NzdnYxVVVwNTVNcW8wYzdhYzdPSkp6RkRqOWhnV1Z0SkdVaUg3NVpCK2JSTWdSYUFEaFdTbi9XTmpYdzQyeWJZNGQwNUdEdzBHbVdZZXZtMUJHZkFoZDZScWZDZFZjSS9uNkx1OXpiUXlibWVPTUVmTGhJSHM5ODlVZDlIQ0dqR1FrN0k1dmpQaE1YQXJZdHcyK0FqN0s5cnNVQWt5czl6Slhlamx0NExOaFRndldOeEFxLy9Qbm5WanBGYkM1VmZDbXdIV0c0NUxGTTJJbmlzbytNOG14MjhFb1lXaXB6NDNvOVN5QTY4b3RCUDhRUDdteGNTSVMzT3ZwWWFPY2hEb1YxdGpqYUlPM0k4QXN6bTEvazY3aVljbGM2b043b1B3elZsYU41Q25oRWdDaGh2djNXZDBaUDhhME5vQVIxcjQ1UmkvT3R6N0lINWY2NkdqeVdSNGpxVHVqN2pCeGRodlpOYnBXZUZna1Zxa0pzSmRwQWgzQ1pZZC9WMlFnWGFlaHpmS1ZSYzA0ZkdMOEVobll2WTd0b3Z0bnVkUTNYYkt0NGtXNnZnNHltbkc4akQvcDRCOHdVbGh2a0xvNHRNOThLaUFadFQyY3lac29SMXZhT1RBaXdDRmNIMUNpODlnL0h1L09nU3F2TXkzenhnT2tlaGovZ2hEdkxXbXppWnY5T0RkZnk5NCtRdGxHZVVLSnYvd0dJZElzZzgyMHNHUlVSMVpoNW16WjBGeUF3T0tPY0h2RStKVVlxell2QUt6MHQyY2xZa3BjOW5PeVk4aDB3bUNHeUlVYk1GZTc5VkpNUEM4UkVSVmNROWhTZUladE1ucnNvMjJIb0pCYTh6SDJ1NEI4aXVJVzhmUXIydjlHZHk1R1ZjcTFTN1dKelUwZHppaDJTRWxsNXRBU1I0SmNxL3U5dHpoUktzdGNteXBRODJsb3gybCtMQUtOK2RFVTF0eEFqNGc3elFseTVoVWJiNFZOdU9GZFN2aVYrc045ZXNVOFZhRC9RTnZjampQblZmdGp0d0tVMithWWJNdnByaStScExYaGNzN3JvdnpSYUhsbjdTQ3dQZDdvYlVtNmJ5ZERvN2xVOGJ5Slhmb1NJR0tBZVFIQkhLVGtkZGFUNElrL3FBY3BpVU5tSUNsSWtMWTJFaFpWaGh0RjNPODFIOXQwZVpYcENGdjZQT3RhQTJkMW0rZFlkYjIyRU5FY3VpSldGUGVGb2ordVpiR1h5WEtPd25RSkxqcGxha291NWVuSXlqMUd5UEhndDRoQXNKMU51ZkJnL1lSNTNtNllDUlBYWk9lYlFEU3BQYWg4eklBWjZ2MkhRSUZQNjFkeHYrZC9UYjlZUzBaem14SjJ2dm52RGxvaThDaGN1LzB6THU4ZFM5dko4a1hla1JGQW9pbFJYRDR6YVZvcVNoTy9hK1JBK0FpcUhORWJaNklxeHR0R2RhamtDQWFENFVISTZKejQ1K2pENXB2VDdvSElBRnJjRTQrdWpTb2JIME5BMm5BeFpHZnVxTGFpM3FqdS9xc2ZaTjlCREJXSGtJZzFnSCtxRWQ2SW8xemFGWUszTTMwb04waFNSWll4czhXNXArTXl3Y2ZWMWp1WE9QcTYwdHIrcktYTDNBWG5Ba3FqblExTjhhdkwyamFMaDU1RlZDRktsZ2lreVdhY2Q0R0oyNW5sRldrL2l5emhrc0tRMnJrU1dZMG5MdHZQTFo0OEp0RnRwU25jLzVCb1ZTZHBXQ240U0RKa3pPekUyc2RnYTlFUGVWTWx4UEZjczNPd3R1NjZFdytCRi96OEk2b1l0YkFHQTE4U0JnUHNqMnJZNVlEM0hiSFdKRWRlZGF1c1dudGEzQlJXM2ZzOUVDdWovU3ZhdkI2TEtwWksyMlU5UzBzZlVKY01kZ3FSK2FmMFRJTjVmaGZPckZTaHU2K1I2TEV5bFJRZ3NKTFBnSWlQbTNqT3lia3d2bHlYVDA0V0xtUFl6cDdDaDNlU3kyQ2xyTE1ndElra2UxUWQ5Z1lyRHFaUjZTUUZodFFlT0VvT2svNkFLN3dWaGVNTUhIb1dQeS9rUkVmWWpjL29RbWtXSWhXdjZ4MXJldDhFOHNwbk9rSUIvRnhyVDFBYW9vNE4vdnNzSVF6L0orV3BGZ3BYMG9DenZkM3JUcUU1aHc3U2R4N0dOTmFxOHo3VEQ0VW0vYlRBOWlkZ1kxTzYwSTBnclVxZVJoQ3hyMm4wcFFGQXBON3NkY29TVm1uYWljOWlUT1FvWFR2OFFUb1BwU254cThLNk01K2dvS3ZtQTBxaW5FZm1MVDZKbUhsRmJkOWpTd3JaZlVDSmllNWM0NDZTVEVxMmw5RGN4NkdSemsvbmcrekN6cHphUG1SUm0wTDd0b25XaFZ5ZjYxOUlTRnZFaGxHNXdoaWxHRkZNRG1wSjVMNWdGaG5lUkVKZWFBYXBSZzl0dmYySEttTk9qQit0N3NGL2Yzb0VLeGVzMEZSOVBjcEtObzZxa2FheGtacFpNR21NRHhyNWVYSStOMldnOXVoQjMxR2ZVcnJxQXFFZEN1VGRZWVdPL0c1SEszbVFsOVpXVHVzUEpQVFkyWmM2TkdLcVlqQTlwNVI3Qm1NVkZFd3NyallmYXlxb0txMERXVWQxcUNyWnJUbnEzR0FucDJUVjlUUUpGWHpCb2ZvdU0wZHhPOThidTY3anM1cEpkK3RIb0dzdG8zMW90b0xneUlyOVVkaFo3V2g4K2hIdENLbE1SbFR0QkFFUnNoaW9KV3VZOHRqbWFKMk9jZ05JWkh5Sy9tQmJQZnJya3BtQ1NVc3BqakI3a3NuYWJzamR6MENnUzRUeU1hQnVvbWNRUk55Y29naFEwNG9IcDFQYlpzdGs1eUZMQzNManIxMzdaR2NPeG9uTE9PV1VyVndickcxaHBUSjRibWVtZWxSRVB5b0ovbzBCaDFLL2N4MG43a21zTjRoRGhBSnRIaGNESHliSC80NEJ2a1YzZ3A5WUEwRUpsTUs2TytxS040U3lZc1IzeTJmR3F2eEdDVzNVQXgxTU9nZmtSRVdEQzFXeWlDQ1hIOEVva0Y1cElyVUpldEx2Y1dkZnYyN0d2SWMvcDVDVGRPNmpBR3dYZU9Da2hkWW5zQm1QOEJqdFFYdG5MLzg2Y3h0b2xsNURodVZRRk1FbjJwS3o1Nms1K2tUTjU4YjE4Z1E1NlhQMGpjcDFwU3YzU3hteE5RQlN5RTR6eDFxdHR0ZWZFUGdPbDJKcUE3V0pCbjE3ejFFVkl3eFZFQmRtdStlUXB3WlBqdzVTRFZEZG1sOG1kQU05R1lSemZ0YnNUaFo1RTF3QjAwS1U4c1hFaUkxWC9scEJNNFVWdldnQzlPc291emc2azBtOENJRG13Q2U3MkNyS1BVTUZoQ0o1Z2NsV1pjL3dPMXoweGdsYWlFb0lGbkpabkZLNVlXaEwwS2xuWVg4S0xET085RVNvM2JwckZnb0Q3TWdycm1kWXVGcVA0U2h5QnJWYmV6QW9MVjE4WGlFelNJcXZlZEpScVA3SmVDL1k3K3MzZW40cjRkMDl1N2J2N3BnL0h3SFRoRlhHVWdiOG9DQ0oycGxKUGFFU0V2VWNUOGdCL2FRMTBLc3BjSUFrUTZ1azhMTmRXRjlORDYrYXdmVUhqU3AyM1pZd1pzS1NpYmxjNE93WHZPYjhEb0hSMkFCenZsb2xBdUc4VlNRVlJGWWlPYVRmZklvWmdGb3llOGlPdUNZblFPaHV5NDh3bzZsU05BTmNiNGxiYWV4dXRNL0V4Q3lQQVdHR1V5K1RkQ21VYkR6c0xHME9abUY1UmF2ZHlWUjhYek1yaEZwRi9ndmhWQWJKb1Z0YTVsZDRqSXUrSlVUZDBENVVYSFIvMXFmUWViTWtQaVJKbUttdU9qVklmSk1LL3plWjFPOGNTSmVaTUNFTTYySFFobGhJdHZteVZ1TjJIWDVZQ2E1QnE4RHBYNXBUUlpJbnhVdFZqb0hZek1peDQ2WmZldkRGT2Fpb095Y1JkckNKb1daVkVaRkgyc3AxQ011OUlwQ2cxdnR4WEd5MGhqYVVvMWozb3kycDByTHBwTWNaejN2RU9sSlBmU1JxR2NYYmwwL3BvUkE4cW8rLzZNUW1LRHVMcHNRWThMWDJ4VGFmbnU0M29BaVFjeTZXWDh1dHVmRHI1VVBaQnlIa25vRTJ5dEM1Q1hpaGFQWnF5emEvRHZVNDJiaTZzdFhPdUxNcy91SEhWMU8vS1JYNjByTkFIZ1c1MGNCS1dXMFVjS3dLWlZwQWxxNVpDbnBlNFNMa0wrWVp0Z3pjLzNrblVJcmlaVzc4R2prdUh2aVkrR1dsOHFXYWQwaWoveTg2RU9NeXBybmk3Tjl3M3B1bkdFckJYM29qay9iM2lmanRrOXhnejZMblllRVNlRjBkcEJZem1yQXNnSEpnaFlSeFRYZlAzV24xNmlKT09RY0Z6L0djbG1Rd2hwV0MxU3VyMXJ3OWxBSHR3RHhnUjM3dkpZYjdZZHFtOXY0TTh4T05taWpzN3dBdXdoeEJnYXlYRytiQU1WSGw2SFlYZFFBSGVZcVE1Wk5jc2hwRFY4ODE5QWFqaExqOGFsVVo0Sm5qZzBMNjZCWGhXd3FvRThzekR4UWY5bjFHTVdwZ0lYSHZjTFpTbVFodzQrbGE2Uytqc1JsdFFuUTVoTVpIc0VSN0xoSDY5VjRQdVo2OVQ0aVRZZHZyL2pQSEVUaGdLTDlqcFFwajNMZ20wU1h0dlk5Mis5cDZZVkZLWkF6TExnc25CdlJqVDVUQndIbWMvZVZscFovbWNXdldMT1VnS2h0TWVrVjgzcFE5MlpST3cxeHVreCtUTGZGSU15NC9BdjByeHlhWDFCN1JhTmNRZnp3Q0lSdnNqWnd4VlZkTkFkNVo0RE1BUlhjS3FnRWNZNjRRWEoyTWNUdmk5b3hyem02aGMrN21peG02QldDNWVULzJLTzFBQjlpTEFHb1MvSFU1cmh0ck5ZbzdvTWcvWGhNUkNCbTI5eFBwMitMbmpjZGg2MXJQdE5LZWpZK0VWQnFpU3ArMWk3L0QyVzFTRXdVbGZnSy9HSVJHY2RseTBrd3lxMDE0cjB1NXd0WDVkNWh4T0ZzYWZnR1ZmbVgwbVFVeUliY2NON2lGaGRITXI4ODBpWGdIa01zSkJ4NHBBa2pXR0xFV1VHa3pURGRzUEYyRGk4b25qeWtkMUJWeUt6c1hZcjdQK0xnS0NMTkEyZVVkKytuVWJ0NVpzQXZOSVBjRzJxQUsrL3dxaXJsSDI2bWxLeTFHeWtGSlRjQURJZWpHRWtEZVlobDZjem1JM3VxcXhFQXpnSEMxN0JkRUhjLzBLdktQQWVVeHpWaENqWkJTQmJqVk9MNUNFWk5LbE83SmtvQXVVOE00ZlRERjRwdWNtRitjTHIvcWFJYk9oblFiTHJFeUx3VURoOWVsUmVyeEZGbzRpaGhZdE9UL1ozR0JXSGRXU3NKb1d0QVVIR0Qyb2ExM0xKcUlMWlRwVG1hWUhuYzNvcVhtUGlUT2RjUU1lR09MZTlRVHlEcERQTDRLVFdHZktVVzh3RUFZajM2WVZmZVl2dUtOTXpuOVRabEdjWnNaOWdQNHBKNm0zK21sYWE3R0lmMTcwd1NJOXkxMUQzbzZqdjI5Nmd4bFMyU2JmUVlDMWt6VGVBa01tNVB2aEladTBYRkhSWGswQnBHelZoaTZvVEUwMGpqTGpyQzA2d1BRbXRHeXpqVDdLUWV3eHpTbytmd0lyb00xRjdzd2NDY0plZEdsRjI5V1lyYXNLNHk3cFNwclgrUkcvay80cEp0ZWVZQy9yb0luS0VGclJEYXFPeHQvNlR6TENoc1EyS1J6cGhYTHRYR1RqaVBhRjIzN3ZKY3hxTkd5MTFsNzYzN0QwdzBHV3VzWVVjbWYzdGVUWG5lYXppa3l0cDVPWlh4cHFncW84YVB1bWxpUkZYd1ZnaEJWWFdwL2pscDhzdldaZ1lOM3BjV2tJRDhyQUFTajN6OXZFeTJ2eVFzSTRoREQ5STA0bkZOU010bXFpY2JoTHduT3BSb1QzTGpiY2xBeXF6bVBud2FOYUpLWFlnbVdORFU0d0xvSDMxWTZ3VFBObXUwbEZaaVA1OVFJMlZOdHY4ZXk5WHUxVndlNkYzaDlhSkhwZmxnZ2xvYi9EYXNOM0k4OEpDczAzRGdtQ0lib2Q1TzBLd3pFbFdqeGdnYVNsMENGZkdFWEhhSmNYbm5yYnYrVnBJUTU2M3hPcGZWSEhQRXJyMTgrL1lWR1pHRllTWHBjdTdIY0c3cVozWCtxOEovaTJ0V25ZYVpxRzFNRytMOTRKNkU5azMzeCtHUm84bUo3L2JKcmNTczZVNkpZSzZMTFpUK29qQ09FSytDZTdvYnRSWmE1S3NYRzZUaXllVytqMkQ3dzBCa3BheDhyMTZka2V6d3ZiSEtOL1pTVEpydDZZcHRWNjYyYzZLVEJNblFvRjdZNVlPMTJhY3VHSkZWcCtsMmNOMEZhbjNYbWxXZ1B5RjU5MDlUdzZTT2Z4d3MvaExZNVdqSHo0cTBCdktYRmV0b3VzNEhpOGxkL0RMNTlka01aZnk1YVdWejZRcXBXMjg4Y092Y05CU2lOZ2tGMFZnZU95Q3RuOXlKdjh0d2duZk9Jd3N1aklBZnNUaVlYdDdkN2hpdExJc2svaXh6bHJrSE5zZitELy85WFVLMllpbWtsaDBiQThVdUUyQnpvN0lZNFB3dlFpeTFhL2ZLTnVLdndlQ29tSXIweUV4NlRFY2RvRk9UdE9SN2tKQUVGeWw3bWNCMlJGOVoxM1dGL3p1OHZLSEcyRHRMdFJMMW5JUVVPVjBJTTBxbUNCYW5SNDNDWjhDSWtaZ29zeE9uTXI1S1BmeG9oUnNxditad2V2OGt2SU41SW9pbFBQMWRJUkJYY1dkcmZxY0lTbkxERnVMOUlaa05SaGY4OXhiQVd2MDhYTWVMMG9pMWRJR1dTQzBpKzZRWkg1bWFoYWxpaTQvRG9qWEJKWDB2T0dmQUhySVU0RFpTY0cyQTdwNFhOYmFnNm5WUGZ6RVZXSlNXSVFRaFVpc1ZwV2NRN0ZUY3pZOW92OCtmdjlvRFVYZ3IySlovbHJWRFF3WWl0RUMybVlaWEZIYjIyUkViNXFNSk83ZDVnSUxhalVCblRuWW5jaHdWbUFBMGhOMEsyRUthUmNXQlZ3d1FmOXBIaHZISVozcDNweXdYWkU4TGFIWk1IK2xaNXg3RC9qbE5PWVc5R0d3UlJ5a1diSnRIY2JidVRzTnp6MnFLUDR3cFR6bzNkOHV6ZHlUa1JTVnBGM3hnRTFwaTdHZ3RNTnIybGNmWnVwSTRxSHpIYXBYcmxyQ3RPN3hBcUJycXcxL0F2RllnQys1SFkwTXVMbDRDbTE3U2I4NmtkcE9UNlJQOGpCdTNYMzlIS28vbTMvelJWMHFFRVRlZjFOY002M0Y0TDFHaHlBMkZaTXpKNjVpc0xzd2FKaWhJUlJ2RWZLSFF0ZkdEVkJZVzJjTXBMbDNCMU1Jdy9YZHRSa1g1WmVBajR0N1kvV2NrQlVXQ2k2MU9rZDBNWXVJSFF3cGNEaGpqcmJWd0I0UVYrTXdERTIrMmZhT3hJVVdnV2o2KzlKNVczMmZFNThQeUVocTdYMVVXaXRIOVhhc1B3cE1VT0RrNk9WemxPNThneS83WXArVGxaTVA3OEY1V0cySG1FWWpNVTJpTTNWODJnVmovN05CWXQ2amRMQTI4N21iZkd2bVNzOWRJd0V3K3RmWlhKNmtGTkZZU3dHSGp2cVE3TzVJVnBsN1c0QmdqMVM1cXJQZVFtSW42eHVUSDhXVVNTM1I0VVd2bHo1Z1NwZVlrbDd6TUJQK3VpREtaV2trZ21qbGdlOGFoMVVTY2tOVGJvSnlZdTBjNmo0Yk9XR0NRbFhuTWpwekpQN29TM2ZjcDV3amFyZG5zcjRocDAyWEs0cDlRQnIrWkhyd3NQT1FCMDYvSVZBQmlQOE1oNXNmMnNzbTArTDE3OUgzOVdhSVZJRjlLc2l3SmYzZVAweEZKbWM3UUMybWRyMHgxR3lpVHBJNjFVRWlLbEkxTmJwS2FBSGh0dm5YWmhQbTBBYWdnTndLQUova0hacVloaW1xNVFhSFA5L0FLVUlYK3dIM05rV2t1NUk1amRxVkh2YWNXU1VUSmJFY1JCSmQ2QXNoSXdzSnlpUWdTSTRISHRIa3JMdkJzeWdCekkrMzJQc1NQdkV6bUVyVEJ6VThYYVdjVUhNY3p6TnZ3eEhZd0Vac0t6cVlXZ2w1VEJiNTV0VTBNRHEwTmNwZjNPODN3N1I2ekNzU1MrSndFaXphZnBzRGJseFpuWEJoVGJydFJGQzFzNy9EWkFUTzVDQ25WUEJXRmdsbFdHdGYwaUxqK1J6MWd1cFpxSEd5Tkk2T01kRHdkM1Y2ZWpPQ2hWUmt4aTI2Y3pRcmQxVHd1U29tTGR1TGUybDhVcUVGTFpyMEU4SEpuNDErd1JwMjdCV3Bja29XRGVET3pEWmhtcHplSHV5dUV4VUZxcW9XaGNKZUwvalRKNkJ0amVsRnhiVlR5SXorTGZsQUdaM2VuTUc2TVJ2MWw0OTdocFNqa214WWFrWUtWZXNKSFVjNE1DUEZlT3VNc05FUE1IR3RxRUluME1zSi9VZVRoK3QzVEFNVm55d3pyV0x4d2UrSjdXek5YUU9TM3Q1MVlSaWQyQ0lNa1pYeUV0L25ENGo1RlppVG1HNTJ1U2ZJVUNadEFFT1kzYUFuamVSUzlxNXY4ZXIrR0Y4QWl4dlYzckVITFFrNVpWOXUzRGFMNEdzd0JZOWczSkd4YitxTE1BaUl4elU4aU9zak9BRVZkd1ppQTloelZhVVZ1M2xmdU5xR0lWV0hVcFh6a29acS92K2RFYTV4Yys5WFVYenRtbEI4V0VCT3Y5bGMwK1ZlK3RsbjJUejNwOFlqcjlrUmtpdC9reHpIc283M2FIM2c5WVNEVnhteGFqY3BUUmJRV3BIUWxVMVFKL09MTFlJVlV5V21SWVZ2VXdWSG50OE9USW5tbGRtTWJmdTlCb1hCYXpGell6Mjk3T1kxVE5aU0ltSGRGN2JnUHEvdGtEOFZxcWNkK295bnBUaHQrV3J1M2RybFlOSkxLRVVPRmxUazF6Y2x4TEhucDRCTXV6TzZRU2F2SXpwYVhUb0ZMdTdYZWt2TkcyMGphZ2pCVmdWaEtTV3lNNlRNam5RbXVwVzZiWkQrRk91V1JUbHJpSytHU0FpRFZudnp3SG9DQ2tvMlI5ZVVKbVJ0czdTV1p4T1NIeGp1WDh5djBrM214VTgycTlKRGp4NGJhU1F3YjRxSUM2NVoxMkd1KytaOHhPdVlUYjRsbUdLUUd4L1gwbE5ZUVpSQTlKQjhsWGVPaTNmd0pNS3JmRXVxYzVWb3pIc05tVDdEdWY3MWQxUVg3VTNwYnhwTytrbDRQemdZelBBMytPQUdqY0I0dTM0OFoyaEJuZCtLOTh5YXJuL2d0b2VsWWRSbkRhbU1NUkNzTmRtR3BKMy9OdExqM1JKY2tNc3lzQUFTMHFiN0VTekc2TEUzQ29XQzVUNWtuQTY4VkpZR0kzSUIwZ1hJcVdFTjNmQk80K1d0NzhTN25tVUdQRkR5VWpiMXowRTF6SHVnUStESkFHc3g5dHhzK2h0WFF3UGc3R0J0S3JHKzJRUkpHSlJxQmlwQ29sVERneDhYTDk2aHVkekF5dCtYODJjdEpxRjFucXhDd25ZLzFSd3c5bHcvTVk2MjVGT2ZxS1hGdU5SNkNVNDFvS3VOcG1ieGQ2MVVudXpvTi9tSEtOMnErOWh6Q2NqdzNKaXk3cWtWRXUwOHdOM1I5MEd1SFd0NGZjamVQcHhnYSs0NFJ3ZFZNbm5wcmc4UlJMUWtMajAxSFdNSXY1Z1BzNnFzM3BSTWdPOWVJU2UzbkZxVXBiY3gycnhxcnB6NmpmR0N0S3NheDlGTkVIOHNnRjVieDNPSWgxa0FPMUROV0JaaGNzWkJEZGF0NHY3eXdwK250bVRWbHdBUUg5amllK3ovcHNiTFNtczZ3d0docExoYjR4L0NjOGdidUNZK2ZxaWZCYzExaHNkUW5UUEtJdyttMnFLalAvUWsvQTh4VmV6aGtJSVI3VHJ0bjlnWkkyalBLVmNsRk1xK1FFaGJkYUdVQTVzZER5RjhSYWRGU3FacDFrZVlhVVcxU1RSdkFNWTRUeENTeFQ1cWhQNGNMY2ljN1IxdENtKzZjQ1ZJdnhIWE5pa1A3enEyT0RjeFIwblZCaDZBV0VXazJMOG5XMTVvTzNXR3gyZU1sUmVWWTV2Y1dMNkFzQUhWemJOSUQ0ZUMydEFzWXpUelZmeEVxQ1MyS3hTa1Q4a1l5dTNPc09XSVgxc3dvUXpxUmE4S2o4YmhZK1kvcFAwU0Y0L2NEZ0xmQ2lwQVhBYU1FWFlPNEtqemtIWnl5ekR1bUJzcTFWcndseFFWUzl3OGVuMzNsaEQxdzZtc1Y4ZklVdHFiK3NqRitYWFBpdjhFcHhhcTVYbG9kTkFjV3lnM09pNSthVHB4cElMNWxQdEtMQ1hrcVA1VWJ1dDNGbGhoQUxLSk5kUERjQ2RiZWpYem8zRGpZQnZDRUl1bXNHckI4aU00Zm9OdkFTQjF0UitremZ1Tm1IbG9lR0xiNFd4dmNjRDNKMXBML2pmS3NpMXNidEg2SjQzaG1QWDBHc1pXTEdYbzNQQ05PSldNS28zaVJXcXVLeUg5RFl6YitGTkNxZmVBeEhUM3hvTmNPR2kxc2pJRDVETUh2dENFQXlSM09YWlJDbkMrR1pCN3BuVEJYVGZRem5YdmFXVWNJSE1zc2gyZjd3bGtqQ1NFVDhlaWJCL0hnQmV3VE4ybk1PWk9SR2Q3MkVHZ0hHYTJkU1F6SEJaMStpd2RLN1lOL2VTN1kvVmFmekVKYStPSGN4cjlwRkhaOExRdEVqUDBLSHUzNkF0cE9tWnN4YVd0SjNJd3RGVlNBdGFybVR6Y3VzNFk3USsvS0p5YlhLbDRGT3VoOXdJNmx6Qko2UFNVeWJhMm9reU1xWjhkSUdjTDJMSHFwWWhXYXlOM1k2KzFURVErNFZRR0VKK012ZFhPaDBuaFVmcEppL09UdmNNMzBHdHBRWE9ncHNBeEhaNVl3czhWRHdjTGJTT0M3NHBodVoyYkVPZXVjZHZ3NGhGNG1hZHYrRjNxcTBvUEdwbTIxUFVpbERDUGpZMGFrbUhHWnRIdzE4ZHN1cWhDWDlxdFJoS01RSXlHQWdoN1plMmYwcU90NTdnUlBJbXpHMVVyR1ZTT1VtK0FsZzlLTW16YXpUYU9FYTljUVJDNTBhYkFBbS9tMWkwZmNzcWgwT3hHdE9BUFNpOTVMOVlsRFpMY2FUSUMycUlFRUplMExaTDhVSXA3VXhiVzhiUS9yQkQ1Q2k0Z05sRTBqZGw4eVM3ek9OYVZRcDFDUFg1TG1Bb255cDZPWEtQRFl4SE56bWJRVElhT1RRR05mSjdISzVVZ3NFdU0yd1BrdkRYL2tPN2ErMWZJVzRVUURLM2tVb1VnUUUzaXN5ZmlaRytWT1JQNHk1QjA1S1VZeWl2WXlRYlZpcU1GelF2bVhqNG04NitVbDVVcjgvRldVbnRydytLdXhBYXM5OXhKOHczZDhXdUdUandRN2lpTStjeTZmNERQNUt3MHNPTDRGYURqdFRiNUZpL2tCT25vYnFWSFlQeWFuNEx6cnJIY0k3QXdvMDFKdThEcmlyazNhWEEzVVpwMU1mOEdueFlkNGI3aHZRZW91QnB6a0pzUTJ4am0vcWhhcHgzZFR5dVpLR1grWjhEb1dNMndwd3Z2U0dvMm5nczZtbE1Mamx5blVSRTRQY0FSb0kvRlYyUGpGbDM2c09Ca0YyU0xML1FFT0hGTGJLK0cwZjlWVUk5NWlxRVpDRU9mcHBTWU9BczNCT3RBTDVKR2MycjF5Nkt0RHJNYWY0eTdkRTRKZGQ4OU5ORzJteEpTWGdHRUxuakQ1SXo1M3NkdUk5WVdjMTVMMVNudlN5RnNHNlRWVEZrNHo3b292UTVKN0IvSTBBM3E1SDVEbG44NVorajlyVm5SaHN0NHBteEZqYWFkaUdXbkNVWk9ndnFpOTNiYjhtWWhBYkVHZ3RMZWFzZ2VrendVRlJwWVNmOTljV3NaaU4yOUV6aURQNC9RVVkrTHkrcWswaCtCM0pzc283OTFZWGV0cFQ3WVVUOHhqbVlDS1RiSUxQcmpQWGlSVUtaeDhHaXdBeHl0RmcyVmJHclM5WmdZQnkzeGl0Q0lWQ0dsRnZLS2JJNTM3aU9CTmpSbGVEam1KWVU2NldWU1NSSEZOZWVJVWNBZXlwMHJ6SVZlUzRqZEJzckxHUUQydkRqVlBIRVdkT0lwd1I1TkhrS04yZEEyN25RbDhlRExORGFKdTVsMlNMOVlWM3lNN21hdTBHZDdYUUhNYVhzaW03NUFUejBLcUZoaFFCcFRrTUIyYmtXSGdlMEZFUTU0Zll5MGFnUG5xN29iT3g1amFYbGx0bFVmc1RMVWVTOHQxTEV1ek9TZk83Sm40cytHTzRPdGVra2k1ejhYYVJqOGJ2MUtZek5rYnUrTkQxeGp2K3dvUVpXZVdIRFExMTVEUXU1SVIwdklLS3BQNzV2SEVaVjNrYWdUb1AxYytnT21kazRoOEcrOUJrcGJ1UjdnRHJkMkJXYTVZbDhaaDVWdS93a0tCdi84RFhONCt0ODBURk9maEUwbnlJY0F2U1VxeCtmbnkzck1Pai9vYzVDMVRza3FxaHlyZ1NyamlvK1VXVlMvY0xKUVo3bm5ER3FQc2M1c3JBSjh2N0VTaUU2eHM4TDlLMjdJTllJa1VKZjRwdnZxOUp2WmdlNGZodGtKbDlCWWQveTI2c2pHS3kyQWh0a1g5YXpaL3hzYTNIazFxTGthZTFBSjFKZ2ZTbWVVeWFuRzkzMmY5b2JsUkdkdWs1NFFMNm8zZE90YS9Gb2c2eitxSlZqSmp5d1JzTndLb0E5YTVFZi9Tend2bUdOVkZpSlFieVdVdjBaVmVxR05FZTk5dFRUL05TQjBnOWMwT0k0ZDNWdlNoN2hYNUk2WkV3OGxHMndyUEdrSzIyVTk3YjdCSlAzV0F2eHljV05pSE9Id0tYNDdhL3RHbStGYXc3dFlPdUp0WG93a1lmM280QmNYOEEyNDdOdlk2b3FrTG5ZbVpGdWhzQWloK0ViRXY2MVl5QzFJR1JTNzEvVGpBK3h0NkJlRG9USDVzT0VIQlZXdW14WnBQV2JjekZBWUtmU0dKd3RHVDdtSWlXWU1tSXFiWFB5cWl3TEFYZ1JBWWo2OE43SmF6ZXRrdWJ3Z00zTnd3U1ZJYi9WSTJIQ0N1RnB2d21VWFd3NlQ3RXFxanhNVGdwbThwVk9zUHA0Z2drcWZUendHWi9oMU1ZM2NYMzNScDZRemVodHpzMEhGaFd5ekxkMHVkOFZNNEt5NjVYNU1xQVc5NHZDenk1YyszNldSbGV4c2pMZitNaGNSNUYwQ0dCdDV0aUs3R3dreVoxUXd4eXAyWnlhS2cwc0U0VVlvWk1SZEZPUE5ibkxEYzhCcGtTTGl1QTFVZTh5SVIvekwvQTZCQXpmT2JsbmhSWmxFeE1CbTZWUUpnSHNrT1J1dUVtUnpVaTE5NHRjdXZLZE40WG10M0VLMEIzTFo3UEpiRUthZFVHUzIyQXk0Z2tlVkpUTGQ1Q2xRRUp6c3NtYnpGNVVjMEVnWVRBM0lMSEk5TjBPY2RWM0Qva2xhZElUWEFxcjFhVFlyV2dFQ2dNMzY4VVI0WDk4b3R3SmEzajJmMnRHME1aWFVIWUJIaEs2WmthalZLcXJrVjVTajNyRStqanpsRVpiNEN6OFFLRERCZWlpZ00zQTg0UGxnc3BzYiszTW1ubnpBRTkydm0yV0NLSkw4RllhTUdLdXJuek1zckM5ZFBocGVZRHJ6N3RGdzgvcnF5RFg5YitGNjZBQmdPTE5WQlFhaDAwaUd3QVR0UThPdURxbGlTT1RuT1dBbG53UkZYT2pxakpQbUJYN3ZSa0tEM0RBdzZXUkFRRStEWkd2U1hKRnRQM3Q0aUQ5ZFVkOXVybFpDbmZLUUVDN2ZjRjVaQkdyaWlJNENCZGFlRG5aRkRBckxNOVY1TlYvWXgyc3JXYThuUXU3U0hoenp4dVE5YW9GdlJ6TWNlQ3BiUnlsdFBieTRzVmZJd2lOSlN3UFhaanF3TWFJTzhDRmUzS3h6czJESVg0bWQrNXpUcjh2N3J1WHgybE0zd1hOUVUvSG1UZlAzL3g5SEJBcTFwenFwRCtvRFQrdStHTVVHaUkvbmo2SmQrZ2Y0S3pDQ0gyRkFGeXRrUTM0SGtvZEZBTnl3a3J4bVdLV0FMdGt0T3dVNUtNY1dHTHYrNlFyU0pGN2kxOVNZelRZaDJKVlpEQzM3T3hDVG15enlBR3FySWNFdmtYL1Z2QUpkTDZ1U01KaVQza0ZIZGJGeHErNnY5UjN2c1phMkdJUVNoUGdrMWZkV2dIMzcxRmlNaXdkUlFyMms2S1N6dlBiQ3NVWDBEUDFzZlduNG1rK3J2YXhER1BzcFJqZlJ0MkNtM3NuOU1qSHlsOGJlUGNGRW1kSkdrUUM5OUxkL2NLY0dYeUtLOFNEWW1qQzBzaEdpdkhlc2todlVlTWNad3Mrc3lWWWJWZll0Y0p2T1FKVkVtckdmMDdkRGlIckVZcGMyV3grdkYrdVFnSDh3QkpMNkxockFqZnc4R2RQTEdkN0ZCUEVRZGxSblc3ZmxXSWZZMFFtRkQxQUNvZjBKS1lSREpMS0dpTHYzV2FQemVwRU5NT1V6SFZZU2hLbktNck5hK2J2TEVmZFJLV1hSYU5YSnJ1eUtpQmJTNTZQRDVvWU1iUVJ5YiswZlFsQVFaSzBxaThScTdJb1VSWWhKUmd4VEVBNlh4dG5sMWFrR0ZJb0RRR0VXMktNditvNHZ5WEJlMGNmeU56b1VVZmMrcFIrYTZ3eUxjUDlLOU5oUkxERE1LTlpuSE1vZENqUnVKTE9tUTB2SHVkL01YbDB1WW94NkdNYlhBMG9oUE5IQ2tlOEtNcWt0QXYrUWVyNExZeXl6ZjkwTmh6bGF4K1ZxV2VUTWhyK2VlOUFzWm1VNnovNUVtTnpyTXNHNkxycjJsMjdmbjY2REhGSGFqd2lXdlhMUDNpeUs3SndCZzF5Z3NDWjdQSjdzZEUxSGViKy9VUFpMVjRaMVJ4dVMrR21CTW0zRGpJTHp1eFdvdFlMc0hLU0RyQmtPZ0V5K2ZHUUxQNDJQK3AyT3YyVFM3MTViWm5SWFpEaWxUY3FxWGluUGwzMCs3NC9YWkhwN3JjcXZIVEV3ZEh1cnZDT3BVRDZlS0c5OCtNcFRHSjVtcFdySFE1TXN5TnRvV3I2RG1FNG9ZZ1VWbGxYOTVnNjJxTEtHZkVzckdmVUZ0WlJ6aTRXNXRGS09MRkx1aWs0eXZkZWdzQ3JjbkxaaG14NjFoTXRxOXBYVXYvcjhIeE9tV2xVY29BTS9peUFZYkZXL00rYkxYT3RSUDlqaDl6Ykl6WUxJMGx6ZFJxaDJYQ1ovREdZKzRTemxYL2c0RmI3Vm9xSm1XLytLeTZ2cW5OaVNKYUQ4L3hxVFVNb0EwdElxajV2cHF2WE5nUlp6dk5ON2dkQWJYNU5IMTJ0cVZsZGcyRHdxMk5pcGNYYklCcTU1ZjB2VThjTGhKTHN1OTIvSlgvT3c3Y2lWZHRpaDg3d3pTcmtxYlhuSU1VMEc0ckxyWFpJTVExOWI4eUhzNnFlb29MWTM4ZmJTN2Joa3dhdE5VVnpCKzVrSlhhNDJlNytGMnJYaXNjNzB4NGJOSkVmdURUUU5QSWd0Y0FmWjVmL3JIRng4Wlc4TytKME9jTlIzM20zNE1xbjYyaDcybmhoVERmeWxzSkdjdjRHSUVjQ2ozYmlaV0gxUkNwQW9Sd0RETVYzTi9OY0RaeWRLUzRPSHRLZnE1UUJORkVFZHBhTW9nOTFUTUtkdjlad1lKY2t0dzJ6RHlhMUVHVy9sSG9pTmQrcUY1b2N0YnVoRkh5YU5oaEgvMHYvUjhmZWJQeHZZdVFBSXF0TkR5ZmJHb0RyYmFqaWwwSlAwelQxYjhndit0YWt0aWhPcmx1b1V0aEVtd3BObVVkZmo4UHRSU3dzaHZSazEraE4rNTBZdm9UTXZ2Z3Q4aXRUdWFZYURJUDhoZzVtM1Q1ZmVTSHlreHlzdW40QzZueE1memgvdjBNV1laSUhiTmc3MS9lWkFIaXR0N1R1VUNYK0s0QkZYK3VJQTA1d3RRZUpYY3h5dHhEYmFYcFJ2ZmhMTWE0SGcrYzJrMjk0S3ZaWVRFckVBaENJN3pDUmRMdndxQk9CT1FDMUxNbnBIYzYwbC9lVXk3UzdQbTdyNnRSYzcvZHBKSlR0ZTQ3YWx0N0NhS281WkxvY2p6ci8zVzFBcGJBS1RyUVlCa0tYV1ZubFRQOUkwLy90WmJnMWZtdHJ0K25MbWJRNEdyMGxEK2xPeGZJUThPL1lzbExIbjF3aUFjQ3VGU1o2b0ZlWkZMSFBkVFE5ZTJuSllQMnBGQit5cm8rM2VBOTlRM0hJWjV6WWo5QkN2VlV0ZXBZSTg3a1pzN3QrREsxWE92WWYwRjZ1WDhJTlMrZTE0UmlmZnVEVUFFM25ZSUZrcEtKMlVJZnVWMXAvOEhRWnAzblF5ak1hcEVid2EwSEt2WTRWWEJTNENXT1F5SDF6cjBraDZ3YTNWTkRVYXEwVXZGVnhoTHR2aVlnYmhHSWQxMkNRS2NMaFdhMDBlWEErdDcyVkt0VW9HY0d1NU1lWHBaLzh5a1NuV09raXJSWjlUaE12UXpJd2plVTNSQ2JBdUc1dVlxcmRXeVArN3Q5RU04ZFIrUUNVMWdaS01paUtxZ2hmNzZ5NDdLSGNiZDhDWmdDdkNLdm9naUswa2NyK1BiYWJDU0ZpMHlPMzdaWTJNME91Um5SUlRMcUVnRjFoVGcxb2tZL0h3VGVPZElyRkd4QTBNM2RZVlo1ZXJrYVd5TXo2L0k0S3JmelI1eGszS29GSlErVVlQVk5LcllEM0ttZlIzUnQyR2V6QmpkcVNFSmtiSEZ5b05yNWJzdkZsd1VFelZCY3p5Y0ViL0RUa1NraGhscGM3aWpsUEVEN1J4cW9FSkptR0tGWFhDdVpXbUV4UG5vM0JPSVIyRVBDNktQSHRZZEtmR1FJcjc1NFBiZmV5V3VFZHFZOWRTODRsbTRWWnhib2lDU0hhV21OZVJDWUdPcCtJTVcyUXlXaXZocEc5L2lWcE5KTGI1anlGbVd3dXhRSDJiNDlDOHdhUkVjZDNNekFncmFvU09VMzVqc0pURUlmNWE5MnQ2S0RZdXkraEs4d3Z2VDRRNitndFZ4NFdtY2Zad3Q5VWtuK2M1RjFzbG84UUlVU1p5M2xoQnNMWVpya2V1QVN0WEZuYXZrMEdRWUtiYUtxWTA3Tmdwc1JXY1ZLZDEzdkg4Yy9obVY5bWJxeWJEVjZ2blY1dmNnbmlWUzF6NGxybWtOcXlhaTUxc1lTNkZnZDF1ZlkrbjNOd0c3VGJzN1VnSHB0YTF6cVN6cXZ1NmtIWkhKU0VRbVA5anZmTzJhc0FRNnpReGtIVU9nSEFWTFhEYmU2V2Z0UkNHUkNFbWIyQS9TcDRHWmsrMXpUaGxJUW5RSlc3Y2o4MUtCeW85QlJaRTJKUFk1VXhKWEJENHI5Mm5lakRBNW9JQXdZU1dRT08zTzhoRGp4dXVVQ3lsU0FBUm9zcXFxYnlMZWtSUEdmeFN1NWpYK1I0elNLL3pIcFZzV2dnbE5JTmV3R3c3M3NMeTQ3Z2VocHl5bjRDbVI3QWd6Rktnd1JlZDZ5RUZ6UEpwSVp4dUF6bHBBNE5UbzJBTHhPZVJxQlBRYXJrVENGN3ppeG1KQkY3aTdNNDBndFRNa3BGbW03NEsxZ3ExSWQ4WlJacThLM2pjMitoaTErYWR5QTgvakhGTUtXRkF0NE1LeWZQWUVTTGtrOHJsNGJNbXRMR05DU2xRWXhVNTZZZ0t6dEx3ZzJSSkR3R2MyZmpvL0tPYmxKaW1ERFpZMnZFV2JhNE9UeHpkb1l2VGxBVlJCK2w4Ym8vN3F4dmVmRlZjTTBkZGEwUUhnYVMzMGp4bmlmdkJIMXhrdnVzUGZxbENnWjVwWUtGcFRFOTVmRHNNUkRxQUUrOFpLNkpoVVJuM0N2d2ZNV3NGRU5icjF4WkloVjdvT2ZHUmk4bjZIL2czSDAyS0YxcGNYZ3pMRVdaTWVPT2Z1ZGk0aVlvekh2S2ZmY1BFZDM3RXBVZlp3THh3VjFhNFU1QkpUNXIyZkY0SStVV3dFS3dEOW1NMmFiR2FvRjkwQWFTYUorTUd4b2dSOVJOR2Fod0FaQXBnelVxZVM4ZmU1N21Lak1YWkl1QXAyN0VnMTUvVkxQbndwMzAydy9BOWx4aVh5d2ZDR0hyay96aVUrcm82NG9WeXpiSGd1SDdTcFNYYXJmeWxFUW9tQS9VQit0NEdQMDZ3OW5jOUdWRy9uUmtQbnpVQSt6Rm5wTGg3V2htWCtRQzBFcDRlU2NUL045L2lWVWtaRTNtY2dvVk9VWWFDYTdSN29oMTRqNFN5TE5TNlNURmlwTWRUVEFsMGQ1MkZBbXNRWnN0YlFKaXBlaDhMRWd2NGkwcU1CNkljL0FRL2N4Y3lyM3pxazBZTU9UQmNybnlPcUQwZno3d1NDSjU3eHlPZGE5aHlIcncwcDRLcVo0R2FSaG5UTlV3M2dQN1ZlRVZmYTdJdksxYnFLeDF2YjltSENsdEJTREEvTDBPN1dESkZwZm53R0ZkZUFLMXpvekE2anMwMUUvOG5GSzhHY1ZuUng4dUlVb3dWYUtlL0x4KzRhMFZwM0V2anF3Q1BzUWlxTXorVHJ3NDVkeDlvUnF1eWZ5bjREd1duakxQNVozRk0xWkl1d2tFajBTYU9KUEtqampIU1ZycUIrV3NLL1ZGd0hYRmdnelNCMDF6UGozODZQQnlNRnRZNzNSbXZWdmVHWHp3OElIYkpWaWNMYmsvd0FleE8vREhiTFJzMjVLV2FOMHk3Qk0wSjAwdlZ2dk80YXhBYlZwbEVPTFgxWGtVa1JySDJ3WHgrbDl5aDZvWDlQVlVCSEQ3eHczbWVtOHUzUUJta1N6Tm5PUFBBZXhJU1pETFFTOVRES3pzUVhQRjBGK21jRmJmcUhQQkRSOHN2UjlIK0dkb3R2dTNuMW8yYUNlV0I1Z3JQNkViMXExdDBxMWluTlFlNUlxdDU4Uk9kalgxUkZOR1BpcE9ZYWYrenZma0U4SGpRWmZQVG9RdkJQelNSamFuanpNVHh0RFN2cXBCYWtuWFBOTjNZNHBabEtZMzRWTnNhRDNTRjlhU242SmVuQmFJLzZWUFVCcUd1empWSTBDVExWMElIbFdsRjZEb0pUWnRYWENvdytFek5YTDJVc2J1TDFxNzA2VVhuZVFyN2pMbXhJTER6bFViekhjK2ZQODFiQkczcVRjOG1SbVNzQkNCaTY1ZEJVVmJtTHpwazA2ZmlpeU9MaTA4NWVFN0VtNmZIZ3BKTURlbGYyTjRhWEJmTHZ1VXF6b2VDZGhWODgvOGM2NUNvaCtGSUx1ZTg5Q0ozbDl2ajFkNm5kZUJPSE9yOERXYW5ncmFzb2NIYlRHc044NTJZZFJTT2ZTQTRySzd2TmZWbTRsRXJGOGYzblVJWUg2YVFhVXNkT1luN2Z6ZFhrK3BNRkZ4YkZaV1BZb1JTU3dob2RjT28ySHJ3UkFsdVFMNENxRVZSRFBpc2xKZk1leTJhekkxUEVtalUzanF2blZVOEZTMnBsL01Kc0xqb1M5djZGblNNMTRjTEw2R3BjelVUR1Q5SnNoSFcwSUIycHZYUzJORzFyN0RTenBMbVpSUkVvQTV0bVI4YXIwUXg2c05hckE5U2hoZjBZUkUzNDE4aFBvbW1rZVNpN3Z5S1FJR2ZYQkRzSkZ5bEUvMFFxRGdmQWpmaE43b1paaGR6bTg4Nko2M1VsUFlzMmhNZW82ZkZOcDRhbENvWnlOaVZWTT0iIENvcnJlbGF0aW9uQmluZGluZz0iIiBVcmxFbmNvZGU9IlRydWUiIC8+DQogICAgICAgIDxGb3JtUG9zdFBhcmFtZXRlciBOYW1lPSJjdGwwMCRjdGwwMCRjdGwwMCRDb250ZW50UGxhY2VIb2xkZXJEZWZhdWx0JFRvcExvZ2dlZEluXzEkaGRuU2NyZWVuQXJlYSIgVmFsdWU9Int7JEhJRERFTjEuY3RsMDAkY3RsMDAkY3RsMDAkQ29udGVudFBsYWNlSG9sZGVyRGVmYXVsdCRUb3BMb2dnZWRJbl8xJGhkblNjcmVlbkFyZWF9fSIgUmVjb3JkZWRWYWx1ZT0iIiBDb3JyZWxhdGlvbkJpbmRpbmc9IiIgVXJsRW5jb2RlPSJUcnVlIiAvPg0KICAgICAgICA8Rm9ybVBvc3RQYXJhbWV0ZXIgTmFtZT0iY3RsMDAkY3RsMDAkY3RsMDAkQ29udGVudFBsYWNlSG9sZGVyRGVmYXVsdCRDYXJ0T3ZlcnZpZXdfMyRoZG5GaWVsZFNlbGVjdGVkT3JkZXJJdGVtQ2hlY2tvdXRTdGF0ZXMiIFZhbHVlPSJ7eyRISURERU4xLmN0bDAwJGN0bDAwJGN0bDAwJENvbnRlbnRQbGFjZUhvbGRlckRlZmF1bHQkQ2FydE92ZXJ2aWV3XzMkaGRuRmllbGRTZWxlY3RlZE9yZGVySXRlbUNoZWNrb3V0U3RhdGVzfX0iIFJlY29yZGVkVmFsdWU9IiIgQ29ycmVsYXRpb25CaW5kaW5nPSIiIFVybEVuY29kZT0iVHJ1ZSIgLz4NCiAgICAgICAgPEZvcm1Qb3N0UGFyYW1ldGVyIE5hbWU9ImN0bDAwJGN0bDAwJGN0bDAwJENvbnRlbnRQbGFjZUhvbGRlckRlZmF1bHQkQ2FydE92ZXJ2aWV3XzMkaGRuRmllbGRDb21wbGV0ZUNhcnRDaGVja291dFN0YXRlRW51bXMiIFZhbHVlPSJ7eyRISURERU4xLmN0bDAwJGN0bDAwJGN0bDAwJENvbnRlbnRQbGFjZUhvbGRlckRlZmF1bHQkQ2FydE92ZXJ2aWV3XzMkaGRuRmllbGRDb21wbGV0ZUNhcnRDaGVja291dFN0YXRlRW51bXN9fSIgUmVjb3JkZWRWYWx1ZT0iIiBDb3JyZWxhdGlvbkJpbmRpbmc9IiIgVXJsRW5jb2RlPSJUcnVlIiAvPg0KICAgICAgICA8Rm9ybVBvc3RQYXJhbWV0ZXIgTmFtZT0iY3RsMDAkY3RsMDAkY3RsMDAkQ29udGVudFBsYWNlSG9sZGVyRGVmYXVsdCRDYXJ0T3ZlcnZpZXdfMyRoZG5GaWVsZFNlbGVjdGVkSXRlbUlkcyIgVmFsdWU9Int7JEhJRERFTjEuY3RsMDAkY3RsMDAkY3RsMDAkQ29udGVudFBsYWNlSG9sZGVyRGVmYXVsdCRDYXJ0T3ZlcnZpZXdfMyRoZG5GaWVsZFNlbGVjdGVkSXRlbUlkc319IiBSZWNvcmRlZFZhbHVlPSIiIENvcnJlbGF0aW9uQmluZGluZz0iIiBVcmxFbmNvZGU9IlRydWUiIC8+DQogICAgICAgIDxGb3JtUG9zdFBhcmFtZXRlciBOYW1lPSJjdGwwMCRjdGwwMCRjdGwwMCRDb250ZW50UGxhY2VIb2xkZXJEZWZhdWx0JENhcnRPdmVydmlld18zJGhkblNjcmVlbkFyZWEiIFZhbHVlPSJ7eyRISURERU4xLmN0bDAwJGN0bDAwJGN0bDAwJENvbnRlbnRQbGFjZUhvbGRlckRlZmF1bHQkQ2FydE92ZXJ2aWV3XzMkaGRuU2NyZWVuQXJlYX19IiBSZWNvcmRlZFZhbHVlPSIiIENvcnJlbGF0aW9uQmluZGluZz0iIiBVcmxFbmNvZGU9IlRydWUiIC8+DQogICAgICAgIDxGb3JtUG9zdFBhcmFtZXRlciBOYW1lPSJjdGwwMCRjdGwwMCRjdGwwMCRDb250ZW50UGxhY2VIb2xkZXJEZWZhdWx0JE1hc3RlclBsYWNlaG9sZGVyJFJlcXVpcmVVc2VyTG9naW5fNSRoZG5TY3JlZW5BcmVhIiBWYWx1ZT0ie3skSElEREVOMS5jdGwwMCRjdGwwMCRjdGwwMCRDb250ZW50UGxhY2VIb2xkZXJEZWZhdWx0JE1hc3RlclBsYWNlaG9sZGVyJFJlcXVpcmVVc2VyTG9naW5fNSRoZG5TY3JlZW5BcmVhfX0iIFJlY29yZGVkVmFsdWU9IiIgQ29ycmVsYXRpb25CaW5kaW5nPSIiIFVybEVuY29kZT0iVHJ1ZSIgLz4NCiAgICAgICAgPEZvcm1Qb3N0UGFyYW1ldGVyIE5hbWU9ImN0bDAwJGN0bDAwJGN0bDAwJENvbnRlbnRQbGFjZUhvbGRlckRlZmF1bHQkTWFzdGVyUGxhY2Vob2xkZXIkTXlPcmRlcnNTZWFyY2hfNiRoZG5IYXNPcmRlclF1ZXJpZXMiIFZhbHVlPSJ7eyRISURERU4xLmN0bDAwJGN0bDAwJGN0bDAwJENvbnRlbnRQbGFjZUhvbGRlckRlZmF1bHQkTWFzdGVyUGxhY2Vob2xkZXIkTXlPcmRlcnNTZWFyY2hfNiRoZG5IYXNPcmRlclF1ZXJpZXN9fSIgUmVjb3JkZWRWYWx1ZT0iZmFsc2UiIENvcnJlbGF0aW9uQmluZGluZz0iIiBVcmxFbmNvZGU9IlRydWUiIC8+DQogICAgICAgIDxGb3JtUG9zdFBhcmFtZXRlciBOYW1lPSJjdGwwMCRjdGwwMCRjdGwwMCRDb250ZW50UGxhY2VIb2xkZXJEZWZhdWx0JE1hc3RlclBsYWNlaG9sZGVyJE15T3JkZXJzU2VhcmNoXzYkdWNNeU9yZGVyU2ltcGxlU2VhcmNoJHNpbXBsZVNlYXJjaGRkbFR5cGUiIFZhbHVlPSItMSIgUmVjb3JkZWRWYWx1ZT0iLTEiIENvcnJlbGF0aW9uQmluZGluZz0ie3tGb3JtUG9zdFBhcmFtMjQuY3RsMDAkY3RsMDAkY3RsMDAkQ29udGVudFBsYWNlSG9sZGVyRGVmYXVsdCRNYXN0ZXJQbGFjZWhvbGRlciRNeU9yZGVyc1NlYXJjaF82JHVjTXlPcmRlclNpbXBsZVNlYXJjaCRzaW1wbGVTZWFyY2hkZGxUeXBlfX0iIFVybEVuY29kZT0iVHJ1ZSIgLz4NCiAgICAgICAgPEZvcm1Qb3N0UGFyYW1ldGVyIE5hbWU9ImN0bDAwJGN0bDAwJGN0bDAwJENvbnRlbnRQbGFjZUhvbGRlckRlZmF1bHQkTWFzdGVyUGxhY2Vob2xkZXIkTXlPcmRlcnNTZWFyY2hfNiR1Y015T3JkZXJTaW1wbGVTZWFyY2gkdHh0RGF0ZUZyb20iIFZhbHVlPSIwMS8xMy8yMDE3IiBSZWNvcmRlZFZhbHVlPSIwMS8xMy8yMDE3IiBDb3JyZWxhdGlvbkJpbmRpbmc9Int7Rm9ybVBvc3RQYXJhbTIwLmN0bDAwJGN0bDAwJGN0bDAwJENvbnRlbnRQbGFjZUhvbGRlckRlZmF1bHQkTWFzdGVyUGxhY2Vob2xkZXIkTXlPcmRlcnNTZWFyY2hfNiR1Y015T3JkZXJTaW1wbGVTZWFyY2gkdHh0RGF0ZUZyb219fSIgVXJsRW5jb2RlPSJUcnVlIiAvPg0KICAgICAgICA8Rm9ybVBvc3RQYXJhbWV0ZXIgTmFtZT0iY3RsMDAkY3RsMDAkY3RsMDAkQ29udGVudFBsYWNlSG9sZGVyRGVmYXVsdCRNYXN0ZXJQbGFjZWhvbGRlciRNeU9yZGVyc1NlYXJjaF82JHVjTXlPcmRlclNpbXBsZVNlYXJjaCR0eHREYXRlVG8iIFZhbHVlPSIwNy8xMy8yMDE3IiBSZWNvcmRlZFZhbHVlPSIwNy8xMy8yMDE3IiBDb3JyZWxhdGlvbkJpbmRpbmc9Int7Rm9ybVBvc3RQYXJhbTIxLmN0bDAwJGN0bDAwJGN0bDAwJENvbnRlbnRQbGFjZUhvbGRlckRlZmF1bHQkTWFzdGVyUGxhY2Vob2xkZXIkTXlPcmRlcnNTZWFyY2hfNiR1Y015T3JkZXJTaW1wbGVTZWFyY2gkdHh0RGF0ZVRvfX0iIFVybEVuY29kZT0iVHJ1ZSIgLz4NCiAgICAgICAgPEZvcm1Qb3N0UGFyYW1ldGVyIE5hbWU9ImN0bDAwJGN0bDAwJGN0bDAwJENvbnRlbnRQbGFjZUhvbGRlckRlZmF1bHQkTWFzdGVyUGxhY2Vob2xkZXIkTXlPcmRlcnNTZWFyY2hfNiR1Y015T3JkZXJTaW1wbGVTZWFyY2gkdHh0SXRlbU5hbWUiIFZhbHVlPSIiIFJlY29yZGVkVmFsdWU9IiIgQ29ycmVsYXRpb25CaW5kaW5nPSIiIFVybEVuY29kZT0iVHJ1ZSIgLz4NCiAgICAgICAgPEZvcm1Qb3N0UGFyYW1ldGVyIE5hbWU9ImN0bDAwJGN0bDAwJGN0bDAwJENvbnRlbnRQbGFjZUhvbGRlckRlZmF1bHQkTWFzdGVyUGxhY2Vob2xkZXIkTXlPcmRlcnNTZWFyY2hfNiR1Y015T3JkZXJTaW1wbGVTZWFyY2gkdHh0WW91ck9yZGVySWQiIFZhbHVlPSIiIFJlY29yZGVkVmFsdWU9IiIgQ29ycmVsYXRpb25CaW5kaW5nPSIiIFVybEVuY29kZT0iVHJ1ZSIgLz4NCiAgICAgICAgPEZvcm1Qb3N0UGFyYW1ldGVyIE5hbWU9ImN0bDAwJGN0bDAwJGN0bDAwJENvbnRlbnRQbGFjZUhvbGRlckRlZmF1bHQkTWFzdGVyUGxhY2Vob2xkZXIkTXlPcmRlcnNTZWFyY2hfNiR1Y015T3JkZXJTaW1wbGVTZWFyY2gkdHh0T3JkZXJJZCIgVmFsdWU9IiIgUmVjb3JkZWRWYWx1ZT0iIiBDb3JyZWxhdGlvbkJpbmRpbmc9IiIgVXJsRW5jb2RlPSJUcnVlIiAvPg0KICAgICAgICA8Rm9ybVBvc3RQYXJhbWV0ZXIgTmFtZT0iY3RsMDAkY3RsMDAkY3RsMDAkQ29udGVudFBsYWNlSG9sZGVyRGVmYXVsdCRNYXN0ZXJQbGFjZWhvbGRlciRNeU9yZGVyc1NlYXJjaF82JHVjTXlPcmRlclNpbXBsZVNlYXJjaCRzaW1wbGVTZWFyY2hkZGxFbnRyaWVzIiBWYWx1ZT0iMTAwIiBSZWNvcmRlZFZhbHVlPSIxMDAiIENvcnJlbGF0aW9uQmluZGluZz0ie3tGb3JtUG9zdFBhcmFtMjUuY3RsMDAkY3RsMDAkY3RsMDAkQ29udGVudFBsYWNlSG9sZGVyRGVmYXVsdCRNYXN0ZXJQbGFjZWhvbGRlciRNeU9yZGVyc1NlYXJjaF82JHVjTXlPcmRlclNpbXBsZVNlYXJjaCRzaW1wbGVTZWFyY2hkZGxFbnRyaWVzfX0iIFVybEVuY29kZT0iVHJ1ZSIgLz4NCiAgICAgICAgPEZvcm1Qb3N0UGFyYW1ldGVyIE5hbWU9ImN0bDAwJGN0bDAwJGN0bDAwJENvbnRlbnRQbGFjZUhvbGRlckRlZmF1bHQkTWFzdGVyUGxhY2Vob2xkZXIkTXlPcmRlcnNTZWFyY2hfNiR1Y015T3JkZXJTaW1wbGVTZWFyY2gkdnNTaW1wbGVTZWFyY2gkaGRuVmFsaWRhdGlvblJlc3VsdCIgVmFsdWU9Int7JEhJRERFTjEuY3RsMDAkY3RsMDAkY3RsMDAkQ29udGVudFBsYWNlSG9sZGVyRGVmYXVsdCRNYXN0ZXJQbGFjZWhvbGRlciRNeU9yZGVyc1NlYXJjaF82JHVjTXlPcmRlclNpbXBsZVNlYXJjaCR2c1NpbXBsZVNlYXJjaCRoZG5WYWxpZGF0aW9uUmVzdWx0fX0iIFJlY29yZGVkVmFsdWU9IiIgQ29ycmVsYXRpb25CaW5kaW5nPSIiIFVybEVuY29kZT0iVHJ1ZSIgLz4NCiAgICAgICAgPEZvcm1Qb3N0UGFyYW1ldGVyIE5hbWU9ImN0bDAwJGN0bDAwJGN0bDAwJENvbnRlbnRQbGFjZUhvbGRlckRlZmF1bHQkTWFzdGVyUGxhY2Vob2xkZXIkTXlPcmRlcnNTZWFyY2hfNiR1Y015T3JkZXJTaW1wbGVTZWFyY2gkaGRuU2NyZWVuQXJlYSIgVmFsdWU9Int7JEhJRERFTjEuY3RsMDAkY3RsMDAkY3RsMDAkQ29udGVudFBsYWNlSG9sZGVyRGVmYXVsdCRNYXN0ZXJQbGFjZWhvbGRlciRNeU9yZGVyc1NlYXJjaF82JHVjTXlPcmRlclNpbXBsZVNlYXJjaCRoZG5TY3JlZW5BcmVhfX0iIFJlY29yZGVkVmFsdWU9IiIgQ29ycmVsYXRpb25CaW5kaW5nPSIiIFVybEVuY29kZT0iVHJ1ZSIgLz4NCiAgICAgICAgPEZvcm1Qb3N0UGFyYW1ldGVyIE5hbWU9ImN0bDAwJGN0bDAwJGN0bDAwJENvbnRlbnRQbGFjZUhvbGRlckRlZmF1bHQkTWFzdGVyUGxhY2Vob2xkZXIkTXlPcmRlcnNTZWFyY2hfNiR1Y015T3JkZXJBZHZhbmNlZFNlYXJjaCRoZG5TYWxlc0l0ZW1UeXBlcyIgVmFsdWU9Int7JEhJRERFTjEuY3RsMDAkY3RsMDAkY3RsMDAkQ29udGVudFBsYWNlSG9sZGVyRGVmYXVsdCRNYXN0ZXJQbGFjZWhvbGRlciRNeU9yZGVyc1NlYXJjaF82JHVjTXlPcmRlckFkdmFuY2VkU2VhcmNoJGhkblNhbGVzSXRlbVR5cGVzfX0iIFJlY29yZGVkVmFsdWU9Ilt7JnF1b3Q7JGlkJnF1b3Q7OiZxdW90OzEmcXVvdDssJnF1b3Q7QnVzaW5lc3NVbml0JnF1b3Q7OnsmcXVvdDskaWQmcXVvdDs6JnF1b3Q7MiZxdW90OywmcXVvdDtCdUljb24mcXVvdDs6JnF1b3Q7L2ltYWdlcy91c2VyY29udHJvbHMvaWNvbnMvYnUvc2VxX3NtYWxsLmdpZiZxdW90OywmcXVvdDtCdUtleSZxdW90OzomcXVvdDtTRVEmcXVvdDssJnF1b3Q7QnVOYW1lJnF1b3Q7OiZxdW90O0N1c3RvbSBETkEgU2VxdWVuY2luZyZxdW90OywmcXVvdDtCdXNpbmVzc1VuaXRFbnVtJnF1b3Q7OjIsJnF1b3Q7RGlzdHJpYnV0b3JSZXNwb25zaWJpbGl0aWVzJnF1b3Q7Om51bGwsJnF1b3Q7SGFzTGltc1N5c3RlbSZxdW90OzpmYWxzZSwmcXVvdDtJbnN0YW5jZVN0YXR1c0VudW0mcXVvdDs6MCwmcXVvdDtTYWxlc0l0ZW1UeXBlcyZxdW90OzpudWxsLCZxdW90O1NpdGUmcXVvdDs6bnVsbCwmcXVvdDtWZXJzaW9uJnF1b3Q7OjEsJnF1b3Q7QnVQcm9kdWN0aW9uRGV0YWlsc1VybCZxdW90OzpudWxsLCZxdW90O0lkJnF1b3Q7OjIsJnF1b3Q7SXNIYXJkRGVsZXRlZCZxdW90OzpmYWxzZX0sJnF1b3Q7UHJvZHVjdENhdGVnb3J5RW51bSZxdW90OzoxLCZxdW90O09yZGVyV2l6YXJkVHlwZUVudW0mcXVvdDs6MTIsJnF1b3Q7SW5zdGFuY2VTdGF0dXNFbnVtJnF1b3Q7OjAsJnF1b3Q7Q2FuT3JkZXJXaGVuTm9QcmljZSZxdW90Ozp0cnVlLCZxdW90O0NhblF1b3RlV2hlbk5vUHJpY2UmcXVvdDs6ZmFsc2UsJnF1b3Q7Q2FuUXVvdGVXaXRoUHJpY2UmcXVvdDs6dHJ1ZSwmcXVvdDtDYW5TaGlwT25EcnlJY2UmcXVvdDs6ZmFsc2UsJnF1b3Q7Q29udHJvbFBhdGgmcXVvdDs6JnF1b3Q7flxcdXNlcmNvbnRyb2xzXFxDb3JlXFxDb250YWluZXJcXE9yZGVyaW5nXFxDYXRhbG9ndWVQcm9kdWN0c1xcQ2F0YWxvZ3VlUHJvZHVjdC5hc2N4JnF1b3Q7LCZxdW90O0lzU3RhbmRBbG9uZUl0ZW0mcXVvdDs6ZmFsc2UsJnF1b3Q7TmFtZSZxdW90OzomcXVvdDtBZGRyZXNzIFN0aWNrZXIgRUJFJnF1b3Q7LCZxdW90O09yZGVyaW5nUGFnZVBhdGgmcXVvdDs6JnF1b3Q7aW50TGlua1NJVF9BZGRyZXNzU3RpY2tlciZxdW90OywmcXVvdDtSZXF1aXJlUGh5c2ljYWxTaGlwbWVudCZxdW90Ozp0cnVlLCZxdW90O1NpdEtleSZxdW90OzomcXVvdDtBZGRyZXNzU3RpY2tlciZxdW90OywmcXVvdDtWZXJzaW9uJnF1b3Q7OjgsJnF1b3Q7V2FpdEZvckNhbmNlbGxhdGlvblBlcmlvZCZxdW90OzowLCZxdW90O1hzZFBhdGgmcXVvdDs6JnF1b3Q7aHR0cHM6Ly9zZXJ2aWNlcy5ldXJvZmluc2dlbm9taWNzLmNvbS9TY2hlbWFzL0Vjb20vUFNEL0NhdGFsb2d1ZVByb2R1Y3RzVjIuMi54c2QmcXVvdDssJnF1b3Q7TmVlZHNCaW9TYWZldHkmcXVvdDs6dHJ1ZSwmcXVvdDtDYW5HdWVzdENoZWNrb3V0JnF1b3Q7OmZhbHNlLCZxdW90O0Rpc2FsbG93UXVhbnRpdHlDaGFuZ2UmcXVvdDs6ZmFsc2UsJnF1b3Q7RGlzYWxsb3dFZGl0SW5DYXJ0JnF1b3Q7OmZhbHNlLCZxdW90O1Jlc291cmNlUHJlZml4JnF1b3Q7Om51bGwsJnF1b3Q7UHJvZHVjdGlvbk9yZGVyR3JvdXAmcXVvdDs6eyZxdW90OyRpZCZxdW90OzomcXVvdDszJnF1b3Q7LCZxdW90O05hbWUmcXVvdDs6JnF1b3Q7Q2F0JnF1b3Q7LCZxdW90O1htbEJ1c2luZXNzVW5pdCZxdW90OzomcXVvdDtEbmFTZXF1ZW5jaW5nQ2F0YWxvZ3VlJnF1b3Q7LCZxdW90O0lkJnF1b3Q7OjEsJnF1b3Q7SXNIYXJkRGVsZXRlZCZxdW90OzpmYWxzZX0sJnF1b3Q7U3BzYyZxdW90OzpudWxsLCZxdW90O0VDbGFzcyZxdW90OzpudWxsLCZxdW90O0lkJnF1b3Q7OjQ2LCZxdW90O0lzSGFyZERlbGV0ZWQmcXVvdDs6ZmFsc2V9LHsmcXVvdDskaWQmcXVvdDs6JnF1b3Q7NCZxdW90OywmcXVvdDtCdXNpbmVzc1VuaXQmcXVvdDs6eyZxdW90OyRpZCZxdW90OzomcXVvdDs1JnF1b3Q7LCZxdW90O0J1SWNvbiZxdW90OzomcXVvdDsvaW1hZ2VzL3VzZXJjb250cm9scy9pY29ucy9idS9zZXFfc21hbGwuZ2lmJnF1b3Q7LCZxdW90O0J1S2V5JnF1b3Q7OiZxdW90O1NFUSZxdW90OywmcXVvdDtCdU5hbWUmcXVvdDs6JnF1b3Q7Q3VzdG9tIEROQSBTZXF1ZW5jaW5nJnF1b3Q7LCZxdW90O0J1c2luZXNzVW5pdEVudW0mcXVvdDs6MiwmcXVvdDtEaXN0cmlidXRvclJlc3BvbnNpYmlsaXRpZXMmcXVvdDs6bnVsbCwmcXVvdDtIYXNMaW1zU3lzdGVtJnF1b3Q7OmZhbHNlLCZxdW90O0luc3RhbmNlU3RhdHVzRW51bSZxdW90OzowLCZxdW90O1NhbGVzSXRlbVR5cGVzJnF1b3Q7Om51bGwsJnF1b3Q7U2l0ZSZxdW90OzpudWxsLCZxdW90O1ZlcnNpb24mcXVvdDs6MSwmcXVvdDtCdVByb2R1Y3Rpb25EZXRhaWxzVXJsJnF1b3Q7Om51bGwsJnF1b3Q7SWQmcXVvdDs6MiwmcXVvdDtJc0hhcmREZWxldGVkJnF1b3Q7OmZhbHNlfSwmcXVvdDtQcm9kdWN0Q2F0ZWdvcnlFbnVtJnF1b3Q7OjEsJnF1b3Q7T3JkZXJXaXphcmRUeXBlRW51bSZxdW90OzoxMiwmcXVvdDtJbnN0YW5jZVN0YXR1c0VudW0mcXVvdDs6MCwmcXVvdDtDYW5PcmRlcldoZW5Ob1ByaWNlJnF1b3Q7OnRydWUsJnF1b3Q7Q2FuUXVvdGVXaGVuTm9QcmljZSZxdW90Ozp0cnVlLCZxdW90O0NhblF1b3RlV2l0aFByaWNlJnF1b3Q7OnRydWUsJnF1b3Q7Q2FuU2hpcE9uRHJ5SWNlJnF1b3Q7OmZhbHNlLCZxdW90O0NvbnRyb2xQYXRoJnF1b3Q7OiZxdW90O35cXHVzZXJjb250cm9sc1xcQ29yZVxcQ29udGFpbmVyXFxPcmRlcmluZ1xcQ2F0YWxvZ3VlUHJvZHVjdHNcXENhdGFsb2d1ZVByb2R1Y3QuYXNjeCZxdW90OywmcXVvdDtJc1N0YW5kQWxvbmVJdGVtJnF1b3Q7OmZhbHNlLCZxdW90O05hbWUmcXVvdDs6JnF1b3Q7OTZ3ZWxsIEFnYXIgUGxhdGUmcXVvdDssJnF1b3Q7T3JkZXJpbmdQYWdlUGF0aCZxdW90OzomcXVvdDtpbnRMaW5rU0lUX0FnYXJQbGF0ZSZxdW90OywmcXVvdDtSZXF1aXJlUGh5c2ljYWxTaGlwbWVudCZxdW90Ozp0cnVlLCZxdW90O1NpdEtleSZxdW90OzomcXVvdDtBZ2FyUGxhdGUmcXVvdDssJnF1b3Q7VmVyc2lvbiZxdW90OzoyOSwmcXVvdDtXYWl0Rm9yQ2FuY2VsbGF0aW9uUGVyaW9kJnF1b3Q7OjAsJnF1b3Q7WHNkUGF0aCZxdW90OzomcXVvdDtodHRwczovL3NlcnZpY2VzLmV1cm9maW5zZ2Vub21pY3MuY29tL1NjaGVtYXMvRWNvbS9QU0QvQ2F0YWxvZ3VlUHJvZHVjdHNWMi4yLnhzZCZxdW90OywmcXVvdDtOZWVkc0Jpb1NhZmV0eSZxdW90Ozp0cnVlLCZxdW90O0Nhbkd1ZXN0Q2hlY2tvdXQmcXVvdDs6dHJ1ZSwmcXVvdDtEaXNhbGxvd1F1YW50aXR5Q2hhbmdlJnF1b3Q7OmZhbHNlLCZxdW90O0Rpc2FsbG93RWRpdEluQ2FydCZxdW90Ozp0cnVlLCZxdW90O1Jlc291cmNlUHJlZml4JnF1b3Q7OiZxdW90OyZxdW90OywmcXVvdDtQcm9kdWN0aW9uT3JkZXJHcm91cCZxdW90Ozp7JnF1b3Q7JHJlZiZxdW90OzomcXVvdDszJnF1b3Q7fSwmcXVvdDtTcHNjJnF1b3Q7OiZxdW90OyZxdW90OywmcXVvdDtFQ2xhc3MmcXVvdDs6JnF1b3Q7JnF1b3Q7LCZxdW90O0lkJnF1b3Q7OjQ4LCZxdW90O0lzSGFyZERlbGV0ZWQmcXVvdDs6ZmFsc2V9LHsmcXVvdDskaWQmcXVvdDs6JnF1b3Q7NiZxdW90OywmcXVvdDtCdXNpbmVzc1VuaXQmcXVvdDs6eyZxdW90OyRpZCZxdW90OzomcXVvdDs3JnF1b3Q7LCZxdW90O0J1SWNvbiZxdW90OzomcXVvdDsvaW1hZ2VzL3VzZXJjb250cm9scy9pY29ucy9idS9zZXFfc21hbGwuZ2lmJnF1b3Q7LCZxdW90O0J1S2V5JnF1b3Q7OiZxdW90O1NFUSZxdW90OywmcXVvdDtCdU5hbWUmcXVvdDs6JnF1b3Q7Q3VzdG9tIEROQSBTZXF1ZW5jaW5nJnF1b3Q7LCZxdW90O0J1c2luZXNzVW5pdEVudW0mcXVvdDs6MiwmcXVvdDtEaXN0cmlidXRvclJlc3BvbnNpYmlsaXRpZXMmcXVvdDs6bnVsbCwmcXVvdDtIYXNMaW1zU3lzdGVtJnF1b3Q7OmZhbHNlLCZxdW90O0luc3RhbmNlU3RhdHVzRW51bSZxdW90OzowLCZxdW90O1NhbGVzSXRlbVR5cGVzJnF1b3Q7Om51bGwsJnF1b3Q7U2l0ZSZxdW90OzpudWxsLCZxdW90O1ZlcnNpb24mcXVvdDs6MSwmcXVvdDtCdVByb2R1Y3Rpb25EZXRhaWxzVXJsJnF1b3Q7Om51bGwsJnF1b3Q7SWQmcXVvdDs6MiwmcXVvdDtJc0hhcmREZWxldGVkJnF1b3Q7OmZhbHNlfSwmcXVvdDtQcm9kdWN0Q2F0ZWdvcnlFbnVtJnF1b3Q7OjEsJnF1b3Q7T3JkZXJXaXphcmRUeXBlRW51bSZxdW90Ozo4LCZxdW90O0luc3RhbmNlU3RhdHVzRW51bSZxdW90OzowLCZxdW90O0Nhbk9yZGVyV2hlbk5vUHJpY2UmcXVvdDs6dHJ1ZSwmcXVvdDtDYW5RdW90ZVdoZW5Ob1ByaWNlJnF1b3Q7OmZhbHNlLCZxdW90O0NhblF1b3RlV2l0aFByaWNlJnF1b3Q7OmZhbHNlLCZxdW90O0NhblNoaXBPbkRyeUljZSZxdW90OzpmYWxzZSwmcXVvdDtDb250cm9sUGF0aCZxdW90OzomcXVvdDtoZ2hqZyZxdW90OywmcXVvdDtJc1N0YW5kQWxvbmVJdGVtJnF1b3Q7OmZhbHNlLCZxdW90O05hbWUmcXVvdDs6JnF1b3Q7QmFyY29kZXMmcXVvdDssJnF1b3Q7T3JkZXJpbmdQYWdlUGF0aCZxdW90OzomcXVvdDtpbnRMaW5rU0lUX0JhckNvZGVzJnF1b3Q7LCZxdW90O1JlcXVpcmVQaHlzaWNhbFNoaXBtZW50JnF1b3Q7OnRydWUsJnF1b3Q7U2l0S2V5JnF1b3Q7OiZxdW90O0JhckNvZGVzJnF1b3Q7LCZxdW90O1ZlcnNpb24mcXVvdDs6NCwmcXVvdDtXYWl0Rm9yQ2FuY2VsbGF0aW9uUGVyaW9kJnF1b3Q7OjAsJnF1b3Q7WHNkUGF0aCZxdW90OzomcXVvdDtodHRwczovL3NlcnZpY2VzLmV1cm9maW5zZ2Vub21pY3MuY29tL1NjaGVtYXMvRWNvbS9QU0QvU2VxdWVuY2luZ1YyLjIueHNkJnF1b3Q7LCZxdW90O05lZWRzQmlvU2FmZXR5JnF1b3Q7OmZhbHNlLCZxdW90O0Nhbkd1ZXN0Q2hlY2tvdXQmcXVvdDs6ZmFsc2UsJnF1b3Q7RGlzYWxsb3dRdWFudGl0eUNoYW5nZSZxdW90OzpmYWxzZSwmcXVvdDtEaXNhbGxvd0VkaXRJbkNhcnQmcXVvdDs6ZmFsc2UsJnF1b3Q7UmVzb3VyY2VQcmVmaXgmcXVvdDs6bnVsbCwmcXVvdDtQcm9kdWN0aW9uT3JkZXJHcm91cCZxdW90OzpudWxsLCZxdW90O1Nwc2MmcXVvdDs6bnVsbCwmcXVvdDtFQ2xhc3MmcXVvdDs6bnVsbCwmcXVvdDtJZCZxdW90OzoyMiwmcXVvdDtJc0hhcmREZWxldGVkJnF1b3Q7OmZhbHNlfSx7JnF1b3Q7JGlkJnF1b3Q7OiZxdW90OzgmcXVvdDssJnF1b3Q7QnVzaW5lc3NVbml0JnF1b3Q7OnsmcXVvdDskaWQmcXVvdDs6JnF1b3Q7OSZxdW90OywmcXVvdDtCdUljb24mcXVvdDs6JnF1b3Q7L2ltYWdlcy91c2VyY29udHJvbHMvaWNvbnMvYnUvc2VxX3NtYWxsLmdpZiZxdW90OywmcXVvdDtCdUtleSZxdW90OzomcXVvdDtTRVEmcXVvdDssJnF1b3Q7QnVOYW1lJnF1b3Q7OiZxdW90O0N1c3RvbSBETkEgU2VxdWVuY2luZyZxdW90OywmcXVvdDtCdXNpbmVzc1VuaXRFbnVtJnF1b3Q7OjIsJnF1b3Q7RGlzdHJpYnV0b3JSZXNwb25zaWJpbGl0aWVzJnF1b3Q7Om51bGwsJnF1b3Q7SGFzTGltc1N5c3RlbSZxdW90OzpmYWxzZSwmcXVvdDtJbnN0YW5jZVN0YXR1c0VudW0mcXVvdDs6MCwmcXVvdDtTYWxlc0l0ZW1UeXBlcyZxdW90OzpudWxsLCZxdW90O1NpdGUmcXVvdDs6bnVsbCwmcXVvdDtWZXJzaW9uJnF1b3Q7OjEsJnF1b3Q7QnVQcm9kdWN0aW9uRGV0YWlsc1VybCZxdW90OzpudWxsLCZxdW90O0lkJnF1b3Q7OjIsJnF1b3Q7SXNIYXJkRGVsZXRlZCZxdW90OzpmYWxzZX0sJnF1b3Q7UHJvZHVjdENhdGVnb3J5RW51bSZxdW90OzoxLCZxdW90O09yZGVyV2l6YXJkVHlwZUVudW0mcXVvdDs6MTIsJnF1b3Q7SW5zdGFuY2VTdGF0dXNFbnVtJnF1b3Q7OjAsJnF1b3Q7Q2FuT3JkZXJXaGVuTm9QcmljZSZxdW90Ozp0cnVlLCZxdW90O0NhblF1b3RlV2hlbk5vUHJpY2UmcXVvdDs6ZmFsc2UsJnF1b3Q7Q2FuUXVvdGVXaXRoUHJpY2UmcXVvdDs6ZmFsc2UsJnF1b3Q7Q2FuU2hpcE9uRHJ5SWNlJnF1b3Q7OmZhbHNlLCZxdW90O0NvbnRyb2xQYXRoJnF1b3Q7OiZxdW90O35cXHVzZXJjb250cm9sc1xcQ29yZVxcQ29udGFpbmVyXFxPcmRlcmluZ1xcQ2F0YWxvZ3VlUHJvZHVjdHNcXENhdGFsb2d1ZVByb2R1Y3QuYXNjeCZxdW90OywmcXVvdDtJc1N0YW5kQWxvbmVJdGVtJnF1b3Q7OmZhbHNlLCZxdW90O05hbWUmcXVvdDs6JnF1b3Q7OC1DYXAgU3RyaXBzJnF1b3Q7LCZxdW90O09yZGVyaW5nUGFnZVBhdGgmcXVvdDs6JnF1b3Q7aW50TGlua1NJVF9DYXBTdHJpcHMmcXVvdDssJnF1b3Q7UmVxdWlyZVBoeXNpY2FsU2hpcG1lbnQmcXVvdDs6dHJ1ZSwmcXVvdDtTaXRLZXkmcXVvdDs6JnF1b3Q7Q2FwU3RyaXBzJnF1b3Q7LCZxdW90O1ZlcnNpb24mcXVvdDs6NCwmcXVvdDtXYWl0Rm9yQ2FuY2VsbGF0aW9uUGVyaW9kJnF1b3Q7OjAsJnF1b3Q7WHNkUGF0aCZxdW90OzomcXVvdDtodHRwczovL3NlcnZpY2VzLmV1cm9maW5zZ2Vub21pY3MuY29tL1NjaGVtYXMvRWNvbS9QU0QvQ2F0YWxvZ3VlUHJvZHVjdHNWMi4yLnhzZCZxdW90OywmcXVvdDtOZWVkc0Jpb1NhZmV0eSZxdW90Ozp0cnVlLCZxdW90O0Nhbkd1ZXN0Q2hlY2tvdXQmcXVvdDs6ZmFsc2UsJnF1b3Q7RGlzYWxsb3dRdWFudGl0eUNoYW5nZSZxdW90OzpmYWxzZSwmcXVvdDtEaXNhbGxvd0VkaXRJbkNhcnQmcXVvdDs6ZmFsc2UsJnF1b3Q7UmVzb3VyY2VQcmVmaXgmcXVvdDs6bnVsbCwmcXVvdDtQcm9kdWN0aW9uT3JkZXJHcm91cCZxdW90Ozp7JnF1b3Q7JHJlZiZxdW90OzomcXVvdDszJnF1b3Q7fSwmcXVvdDtTcHNjJnF1b3Q7Om51bGwsJnF1b3Q7RUNsYXNzJnF1b3Q7Om51bGwsJnF1b3Q7SWQmcXVvdDs6NDksJnF1b3Q7SXNIYXJkRGVsZXRlZCZxdW90OzpmYWxzZX0seyZxdW90OyRpZCZxdW90OzomcXVvdDsxMCZxdW90OywmcXVvdDtCdXNpbmVzc1VuaXQmcXVvdDs6eyZxdW90OyRpZCZxdW90OzomcXVvdDsxMSZxdW90OywmcXVvdDtCdUljb24mcXVvdDs6JnF1b3Q7L2ltYWdlcy91c2VyY29udHJvbHMvaWNvbnMvYnUvb2xpZ29fc21hbGwuZ2lmJnF1b3Q7LCZxdW90O0J1S2V5JnF1b3Q7OiZxdW90O09saWdvcyZxdW90OywmcXVvdDtCdU5hbWUmcXVvdDs6JnF1b3Q7RE5BICZhbXA7IFJOQSBPbGlnb251Y2xlb3RpZGVzJnF1b3Q7LCZxdW90O0J1c2luZXNzVW5pdEVudW0mcXVvdDs6MSwmcXVvdDtEaXN0cmlidXRvclJlc3BvbnNpYmlsaXRpZXMmcXVvdDs6bnVsbCwmcXVvdDtIYXNMaW1zU3lzdGVtJnF1b3Q7OmZhbHNlLCZxdW90O0luc3RhbmNlU3RhdHVzRW51bSZxdW90OzowLCZxdW90O1NhbGVzSXRlbVR5cGVzJnF1b3Q7Om51bGwsJnF1b3Q7U2l0ZSZxdW90OzpudWxsLCZxdW90O1ZlcnNpb24mcXVvdDs6MSwmcXVvdDtCdVByb2R1Y3Rpb25EZXRhaWxzVXJsJnF1b3Q7Om51bGwsJnF1b3Q7SWQmcXVvdDs6MSwmcXVvdDtJc0hhcmREZWxldGVkJnF1b3Q7OmZhbHNlfSwmcXVvdDtQcm9kdWN0Q2F0ZWdvcnlFbnVtJnF1b3Q7OjEsJnF1b3Q7T3JkZXJXaXphcmRUeXBlRW51bSZxdW90Ozo0LCZxdW90O0luc3RhbmNlU3RhdHVzRW51bSZxdW90OzowLCZxdW90O0Nhbk9yZGVyV2hlbk5vUHJpY2UmcXVvdDs6dHJ1ZSwmcXVvdDtDYW5RdW90ZVdoZW5Ob1ByaWNlJnF1b3Q7OmZhbHNlLCZxdW90O0NhblF1b3RlV2l0aFByaWNlJnF1b3Q7OmZhbHNlLCZxdW90O0NhblNoaXBPbkRyeUljZSZxdW90OzpmYWxzZSwmcXVvdDtDb250cm9sUGF0aCZxdW90OzomcXVvdDt+XFx1c2VyY29udHJvbHNcXENvcmVcXENvbnRhaW5lclxcT3JkZXJpbmdcXE9saWdvc1xcRnVsbHlDdXN0b21pc2VkSW5UdWJlcy5hc2N4JnF1b3Q7LCZxdW90O0lzU3RhbmRBbG9uZUl0ZW0mcXVvdDs6ZmFsc2UsJnF1b3Q7TmFtZSZxdW90OzomcXVvdDtDaGltZXJpY3MmcXVvdDssJnF1b3Q7T3JkZXJpbmdQYWdlUGF0aCZxdW90OzomcXVvdDtpbnRMaW5rU0lUX0NoaW1lcmljcyZxdW90OywmcXVvdDtSZXF1aXJlUGh5c2ljYWxTaGlwbWVudCZxdW90Ozp0cnVlLCZxdW90O1NpdEtleSZxdW90OzomcXVvdDtDaGltZXJpY3MmcXVvdDssJnF1b3Q7VmVyc2lvbiZxdW90Ozo1LCZxdW90O1dhaXRGb3JDYW5jZWxsYXRpb25QZXJpb2QmcXVvdDs6MzAsJnF1b3Q7WHNkUGF0aCZxdW90OzomcXVvdDtodHRwczovL3NlcnZpY2VzLmV1cm9maW5zZ2Vub21pY3MuY29tL1NjaGVtYXMvRWNvbS9QU0QvT2xpZ29WNC4xLnhzZCZxdW90OywmcXVvdDtOZWVkc0Jpb1NhZmV0eSZxdW90Ozp0cnVlLCZxdW90O0Nhbkd1ZXN0Q2hlY2tvdXQmcXVvdDs6ZmFsc2UsJnF1b3Q7RGlzYWxsb3dRdWFudGl0eUNoYW5nZSZxdW90OzpmYWxzZSwmcXVvdDtEaXNhbGxvd0VkaXRJbkNhcnQmcXVvdDs6ZmFsc2UsJnF1b3Q7UmVzb3VyY2VQcmVmaXgmcXVvdDs6JnF1b3Q7JnF1b3Q7LCZxdW90O1Byb2R1Y3Rpb25PcmRlckdyb3VwJnF1b3Q7Om51bGwsJnF1b3Q7U3BzYyZxdW90OzomcXVvdDsmcXVvdDssJnF1b3Q7RUNsYXNzJnF1b3Q7OiZxdW90OyZxdW90OywmcXVvdDtJZCZxdW90OzoyNywmcXVvdDtJc0hhcmREZWxldGVkJnF1b3Q7OmZhbHNlfSx7JnF1b3Q7JGlkJnF1b3Q7OiZxdW90OzEyJnF1b3Q7LCZxdW90O0J1c2luZXNzVW5pdCZxdW90Ozp7JnF1b3Q7JGlkJnF1b3Q7OiZxdW90OzEzJnF1b3Q7LCZxdW90O0J1SWNvbiZxdW90OzomcXVvdDsvaW1hZ2VzL3VzZXJjb250cm9scy9pY29ucy9idS9vbGlnb19zbWFsbC5naWYmcXVvdDssJnF1b3Q7QnVLZXkmcXVvdDs6JnF1b3Q7T2xpZ29zJnF1b3Q7LCZxdW90O0J1TmFtZSZxdW90OzomcXVvdDtETkEgJmFtcDsgUk5BIE9saWdvbnVjbGVvdGlkZXMmcXVvdDssJnF1b3Q7QnVzaW5lc3NVbml0RW51bSZxdW90OzoxLCZxdW90O0Rpc3RyaWJ1dG9yUmVzcG9uc2liaWxpdGllcyZxdW90OzpudWxsLCZxdW90O0hhc0xpbXNTeXN0ZW0mcXVvdDs6ZmFsc2UsJnF1b3Q7SW5zdGFuY2VTdGF0dXNFbnVtJnF1b3Q7OjAsJnF1b3Q7U2FsZXNJdGVtVHlwZXMmcXVvdDs6bnVsbCwmcXVvdDtTaXRlJnF1b3Q7Om51bGwsJnF1b3Q7VmVyc2lvbiZxdW90OzoxLCZxdW90O0J1UHJvZHVjdGlvbkRldGFpbHNVcmwmcXVvdDs6bnVsbCwmcXVvdDtJZCZxdW90OzoxLCZxdW90O0lzSGFyZERlbGV0ZWQmcXVvdDs6ZmFsc2V9LCZxdW90O1Byb2R1Y3RDYXRlZ29yeUVudW0mcXVvdDs6MSwmcXVvdDtPcmRlcldpemFyZFR5cGVFbnVtJnF1b3Q7OjMsJnF1b3Q7SW5zdGFuY2VTdGF0dXNFbnVtJnF1b3Q7OjAsJnF1b3Q7Q2FuT3JkZXJXaGVuTm9QcmljZSZxdW90Ozp0cnVlLCZxdW90O0NhblF1b3RlV2hlbk5vUHJpY2UmcXVvdDs6ZmFsc2UsJnF1b3Q7Q2FuUXVvdGVXaXRoUHJpY2UmcXVvdDs6ZmFsc2UsJnF1b3Q7Q2FuU2hpcE9uRHJ5SWNlJnF1b3Q7OmZhbHNlLCZxdW90O0NvbnRyb2xQYXRoJnF1b3Q7OiZxdW90O35cXHVzZXJjb250cm9sc1xcQ29yZVxcQ29udGFpbmVyXFxPcmRlcmluZ1xcT2xpZ29zXFxTZW1pQ3VzdG9taXNlZEluVHViZXMuYXNjeCZxdW90OywmcXVvdDtJc1N0YW5kQWxvbmVJdGVtJnF1b3Q7OmZhbHNlLCZxdW90O05hbWUmcXVvdDs6JnF1b3Q7Q2xvbmluZyBPbGlnbyZxdW90OywmcXVvdDtPcmRlcmluZ1BhZ2VQYXRoJnF1b3Q7OiZxdW90O2ludExpbmtTSVRfQ2xvbmluZ09saWdvJnF1b3Q7LCZxdW90O1JlcXVpcmVQaHlzaWNhbFNoaXBtZW50JnF1b3Q7OnRydWUsJnF1b3Q7U2l0S2V5JnF1b3Q7OiZxdW90O0Nsb25pbmdPbGlnbyZxdW90OywmcXVvdDtWZXJzaW9uJnF1b3Q7OjQsJnF1b3Q7V2FpdEZvckNhbmNlbGxhdGlvblBlcmlvZCZxdW90OzozMCwmcXVvdDtYc2RQYXRoJnF1b3Q7OiZxdW90O2h0dHBzOi8vc2VydmljZXMuZXVyb2ZpbnNnZW5vbWljcy5jb20vU2NoZW1hcy9FY29tL1BTRC9PbGlnb1Y0LjEueHNkJnF1b3Q7LCZxdW90O05lZWRzQmlvU2FmZXR5JnF1b3Q7OnRydWUsJnF1b3Q7Q2FuR3Vlc3RDaGVja291dCZxdW90OzpmYWxzZSwmcXVvdDtEaXNhbGxvd1F1YW50aXR5Q2hhbmdlJnF1b3Q7OmZhbHNlLCZxdW90O0Rpc2FsbG93RWRpdEluQ2FydCZxdW90Ozp0cnVlLCZxdW90O1Jlc291cmNlUHJlZml4JnF1b3Q7OiZxdW90OyZxdW90OywmcXVvdDtQcm9kdWN0aW9uT3JkZXJHcm91cCZxdW90OzpudWxsLCZxdW90O1Nwc2MmcXVvdDs6JnF1b3Q7JnF1b3Q7LCZxdW90O0VDbGFzcyZxdW90OzomcXVvdDsmcXVvdDssJnF1b3Q7SWQmcXVvdDs6NiwmcXVvdDtJc0hhcmREZWxldGVkJnF1b3Q7OmZhbHNlfSx7JnF1b3Q7JGlkJnF1b3Q7OiZxdW90OzE0JnF1b3Q7LCZxdW90O0J1c2luZXNzVW5pdCZxdW90Ozp7JnF1b3Q7JGlkJnF1b3Q7OiZxdW90OzE1JnF1b3Q7LCZxdW90O0J1SWNvbiZxdW90OzomcXVvdDsvaW1hZ2VzL3VzZXJjb250cm9scy9pY29ucy9idS9tb2xiaW9sX3NtYWxsLmdpZiZxdW90OywmcXVvdDtCdUtleSZxdW90OzomcXVvdDtHU1kmcXVvdDssJnF1b3Q7QnVOYW1lJnF1b3Q7OiZxdW90O01vbGVjdWxhciBCaW9sb2d5JnF1b3Q7LCZxdW90O0J1c2luZXNzVW5pdEVudW0mcXVvdDs6NSwmcXVvdDtEaXN0cmlidXRvclJlc3BvbnNpYmlsaXRpZXMmcXVvdDs6bnVsbCwmcXVvdDtIYXNMaW1zU3lzdGVtJnF1b3Q7OmZhbHNlLCZxdW90O0luc3RhbmNlU3RhdHVzRW51bSZxdW90OzowLCZxdW90O1NhbGVzSXRlbVR5cGVzJnF1b3Q7Om51bGwsJnF1b3Q7U2l0ZSZxdW90OzpudWxsLCZxdW90O1ZlcnNpb24mcXVvdDs6MCwmcXVvdDtCdVByb2R1Y3Rpb25EZXRhaWxzVXJsJnF1b3Q7Om51bGwsJnF1b3Q7SWQmcXVvdDs6NSwmcXVvdDtJc0hhcmREZWxldGVkJnF1b3Q7OmZhbHNlfSwmcXVvdDtQcm9kdWN0Q2F0ZWdvcnlFbnVtJnF1b3Q7OjEsJnF1b3Q7T3JkZXJXaXphcmRUeXBlRW51bSZxdW90OzoyMSwmcXVvdDtJbnN0YW5jZVN0YXR1c0VudW0mcXVvdDs6MCwmcXVvdDtDYW5PcmRlcldoZW5Ob1ByaWNlJnF1b3Q7OnRydWUsJnF1b3Q7Q2FuUXVvdGVXaGVuTm9QcmljZSZxdW90Ozp0cnVlLCZxdW90O0NhblF1b3RlV2l0aFByaWNlJnF1b3Q7OnRydWUsJnF1b3Q7Q2FuU2hpcE9uRHJ5SWNlJnF1b3Q7OnRydWUsJnF1b3Q7Q29udHJvbFBhdGgmcXVvdDs6JnF1b3Q7flxcdXNlcmNvbnRyb2xzXFxDb3JlXFxNb2xlY3VsYXJCaW9sb2d5XFx1Y01vbGVjdWxhckJpb2xvZ3lTZXJ2aWNlcy5hc2N4JnF1b3Q7LCZxdW90O0lzU3RhbmRBbG9uZUl0ZW0mcXVvdDs6ZmFsc2UsJnF1b3Q7TmFtZSZxdW90OzomcXVvdDtDbG9uaW5nU2VydmljZSZxdW90OywmcXVvdDtPcmRlcmluZ1BhZ2VQYXRoJnF1b3Q7OiZxdW90O2ludExpbmtTSVRfQ2xvbmluZ1NlcnZpY2UmcXVvdDssJnF1b3Q7UmVxdWlyZVBoeXNpY2FsU2hpcG1lbnQmcXVvdDs6ZmFsc2UsJnF1b3Q7U2l0S2V5JnF1b3Q7OiZxdW90O0Nsb25pbmdTZXJ2aWNlJnF1b3Q7LCZxdW90O1ZlcnNpb24mcXVvdDs6MiwmcXVvdDtXYWl0Rm9yQ2FuY2VsbGF0aW9uUGVyaW9kJnF1b3Q7OjAsJnF1b3Q7WHNkUGF0aCZxdW90OzomcXVvdDtodHRwczovL3NlcnZpY2VzLmV1cm9maW5zZ2Vub21pY3MuY29tL1NjaGVtYXMvRWNvbS9QU0QvTW9sQmlvbFNlcnZpY2VzVjEuMi54c2QmcXVvdDssJnF1b3Q7TmVlZHNCaW9TYWZldHkmcXVvdDs6ZmFsc2UsJnF1b3Q7Q2FuR3Vlc3RDaGVja291dCZxdW90OzpmYWxzZSwmcXVvdDtEaXNhbGxvd1F1YW50aXR5Q2hhbmdlJnF1b3Q7OmZhbHNlLCZxdW90O0Rpc2FsbG93RWRpdEluQ2FydCZxdW90OzpmYWxzZSwmcXVvdDtSZXNvdXJjZVByZWZpeCZxdW90OzpudWxsLCZxdW90O1Byb2R1Y3Rpb25PcmRlckdyb3VwJnF1b3Q7Om51bGwsJnF1b3Q7U3BzYyZxdW90OzpudWxsLCZxdW90O0VDbGFzcyZxdW90OzpudWxsLCZxdW90O0lkJnF1b3Q7OjcxLCZxdW90O0lzSGFyZERlbGV0ZWQmcXVvdDs6ZmFsc2V9LHsmcXVvdDskaWQmcXVvdDs6JnF1b3Q7MTYmcXVvdDssJnF1b3Q7QnVzaW5lc3NVbml0JnF1b3Q7OnsmcXVvdDskaWQmcXVvdDs6JnF1b3Q7MTcmcXVvdDssJnF1b3Q7QnVJY29uJnF1b3Q7OiZxdW90Oy9pbWFnZXMvdXNlcmNvbnRyb2xzL2ljb25zL2J1L3NlcV9zbWFsbC5naWYmcXVvdDssJnF1b3Q7QnVLZXkmcXVvdDs6JnF1b3Q7U0VRJnF1b3Q7LCZxdW90O0J1TmFtZSZxdW90OzomcXVvdDtDdXN0b20gRE5BIFNlcXVlbmNpbmcmcXVvdDssJnF1b3Q7QnVzaW5lc3NVbml0RW51bSZxdW90OzoyLCZxdW90O0Rpc3RyaWJ1dG9yUmVzcG9uc2liaWxpdGllcyZxdW90OzpudWxsLCZxdW90O0hhc0xpbXNTeXN0ZW0mcXVvdDs6ZmFsc2UsJnF1b3Q7SW5zdGFuY2VTdGF0dXNFbnVtJnF1b3Q7OjAsJnF1b3Q7U2FsZXNJdGVtVHlwZXMmcXVvdDs6bnVsbCwmcXVvdDtTaXRlJnF1b3Q7Om51bGwsJnF1b3Q7VmVyc2lvbiZxdW90OzoxLCZxdW90O0J1UHJvZHVjdGlvbkRldGFpbHNVcmwmcXVvdDs6bnVsbCwmcXVvdDtJZCZxdW90OzoyLCZxdW90O0lzSGFyZERlbGV0ZWQmcXVvdDs6ZmFsc2V9LCZxdW90O1Byb2R1Y3RDYXRlZ29yeUVudW0mcXVvdDs6MCwmcXVvdDtPcmRlcldpemFyZFR5cGVFbnVtJnF1b3Q7OjgsJnF1b3Q7SW5zdGFuY2VTdGF0dXNFbnVtJnF1b3Q7OjAsJnF1b3Q7Q2FuT3JkZXJXaGVuTm9QcmljZSZxdW90Ozp0cnVlLCZxdW90O0NhblF1b3RlV2hlbk5vUHJpY2UmcXVvdDs6ZmFsc2UsJnF1b3Q7Q2FuUXVvdGVXaXRoUHJpY2UmcXVvdDs6ZmFsc2UsJnF1b3Q7Q2FuU2hpcE9uRHJ5SWNlJnF1b3Q7OmZhbHNlLCZxdW90O0NvbnRyb2xQYXRoJnF1b3Q7Om51bGwsJnF1b3Q7SXNTdGFuZEFsb25lSXRlbSZxdW90OzpmYWxzZSwmcXVvdDtOYW1lJnF1b3Q7OiZxdW90O0NvbnN1bWFibGVzJnF1b3Q7LCZxdW90O09yZGVyaW5nUGFnZVBhdGgmcXVvdDs6bnVsbCwmcXVvdDtSZXF1aXJlUGh5c2ljYWxTaGlwbWVudCZxdW90Ozp0cnVlLCZxdW90O1NpdEtleSZxdW90OzomcXVvdDtDb25zdW1hYmxlcyZxdW90OywmcXVvdDtWZXJzaW9uJnF1b3Q7OjMsJnF1b3Q7V2FpdEZvckNhbmNlbGxhdGlvblBlcmlvZCZxdW90OzowLCZxdW90O1hzZFBhdGgmcXVvdDs6JnF1b3Q7aHR0cHM6Ly9zZXJ2aWNlcy5ldXJvZmluc2dlbm9taWNzLmNvbS9TY2hlbWFzL0Vjb20vUFNEL1NlcXVlbmNpbmdWMi4yLnhzZCZxdW90OywmcXVvdDtOZWVkc0Jpb1NhZmV0eSZxdW90OzpmYWxzZSwmcXVvdDtDYW5HdWVzdENoZWNrb3V0JnF1b3Q7OmZhbHNlLCZxdW90O0Rpc2FsbG93UXVhbnRpdHlDaGFuZ2UmcXVvdDs6ZmFsc2UsJnF1b3Q7RGlzYWxsb3dFZGl0SW5DYXJ0JnF1b3Q7OmZhbHNlLCZxdW90O1Jlc291cmNlUHJlZml4JnF1b3Q7Om51bGwsJnF1b3Q7UHJvZHVjdGlvbk9yZGVyR3JvdXAmcXVvdDs6bnVsbCwmcXVvdDtTcHNjJnF1b3Q7Om51bGwsJnF1b3Q7RUNsYXNzJnF1b3Q7Om51bGwsJnF1b3Q7SWQmcXVvdDs6MjMsJnF1b3Q7SXNIYXJkRGVsZXRlZCZxdW90OzpmYWxzZX0seyZxdW90OyRpZCZxdW90OzomcXVvdDsxOCZxdW90OywmcXVvdDtCdXNpbmVzc1VuaXQmcXVvdDs6eyZxdW90OyRpZCZxdW90OzomcXVvdDsxOSZxdW90OywmcXVvdDtCdUljb24mcXVvdDs6JnF1b3Q7L2ltYWdlcy91c2VyY29udHJvbHMvaWNvbnMvYnUvb2xpZ29fc21hbGwuZ2lmJnF1b3Q7LCZxdW90O0J1S2V5JnF1b3Q7OiZxdW90O09saWdvcyZxdW90OywmcXVvdDtCdU5hbWUmcXVvdDs6JnF1b3Q7RE5BICZhbXA7IFJOQSBPbGlnb251Y2xlb3RpZGVzJnF1b3Q7LCZxdW90O0J1c2luZXNzVW5pdEVudW0mcXVvdDs6MSwmcXVvdDtEaXN0cmlidXRvclJlc3BvbnNpYmlsaXRpZXMmcXVvdDs6bnVsbCwmcXVvdDtIYXNMaW1zU3lzdGVtJnF1b3Q7OmZhbHNlLCZxdW90O0luc3RhbmNlU3RhdHVzRW51bSZxdW90OzowLCZxdW90O1NhbGVzSXRlbVR5cGVzJnF1b3Q7Om51bGwsJnF1b3Q7U2l0ZSZxdW90OzpudWxsLCZxdW90O1ZlcnNpb24mcXVvdDs6MSwmcXVvdDtCdVByb2R1Y3Rpb25EZXRhaWxzVXJsJnF1b3Q7Om51bGwsJnF1b3Q7SWQmcXVvdDs6MSwmcXVvdDtJc0hhcmREZWxldGVkJnF1b3Q7OmZhbHNlfSwmcXVvdDtQcm9kdWN0Q2F0ZWdvcnlFbnVtJnF1b3Q7OjEsJnF1b3Q7T3JkZXJXaXphcmRUeXBlRW51bSZxdW90Ozo0LCZxdW90O0luc3RhbmNlU3RhdHVzRW51bSZxdW90OzowLCZxdW90O0Nhbk9yZGVyV2hlbk5vUHJpY2UmcXVvdDs6dHJ1ZSwmcXVvdDtDYW5RdW90ZVdoZW5Ob1ByaWNlJnF1b3Q7OmZhbHNlLCZxdW90O0NhblF1b3RlV2l0aFByaWNlJnF1b3Q7OnRydWUsJnF1b3Q7Q2FuU2hpcE9uRHJ5SWNlJnF1b3Q7OmZhbHNlLCZxdW90O0NvbnRyb2xQYXRoJnF1b3Q7OiZxdW90O35cXHVzZXJjb250cm9sc1xcQ29yZVxcQ29udGFpbmVyXFxPcmRlcmluZ1xcT2xpZ29zXFxGdWxseUN1c3RvbWlzZWRJblR1YmVzLmFzY3gmcXVvdDssJnF1b3Q7SXNTdGFuZEFsb25lSXRlbSZxdW90OzpmYWxzZSwmcXVvdDtOYW1lJnF1b3Q7OiZxdW90O0N1c3RvbSBETkEgT2xpZ28mcXVvdDssJnF1b3Q7T3JkZXJpbmdQYWdlUGF0aCZxdW90OzomcXVvdDtpbnRMaW5rU0lUX0N1c3RvbUROQU9saWdvJnF1b3Q7LCZxdW90O1JlcXVpcmVQaHlzaWNhbFNoaXBtZW50JnF1b3Q7OnRydWUsJnF1b3Q7U2l0S2V5JnF1b3Q7OiZxdW90O0N1c3RvbUROQU9saWdvJnF1b3Q7LCZxdW90O1ZlcnNpb24mcXVvdDs6MTAsJnF1b3Q7V2FpdEZvckNhbmNlbGxhdGlvblBlcmlvZCZxdW90OzozMCwmcXVvdDtYc2RQYXRoJnF1b3Q7OiZxdW90O2h0dHBzOi8vc2VydmljZXMuZXVyb2ZpbnNnZW5vbWljcy5jb20vU2NoZW1hcy9FY29tL1BTRC9PbGlnb1Y0LjEueHNkJnF1b3Q7LCZxdW90O05lZWRzQmlvU2FmZXR5JnF1b3Q7OnRydWUsJnF1b3Q7Q2FuR3Vlc3RDaGVja291dCZxdW90Ozp0cnVlLCZxdW90O0Rpc2FsbG93UXVhbnRpdHlDaGFuZ2UmcXVvdDs6dHJ1ZSwmcXVvdDtEaXNhbGxvd0VkaXRJbkNhcnQmcXVvdDs6ZmFsc2UsJnF1b3Q7UmVzb3VyY2VQcmVmaXgmcXVvdDs6JnF1b3Q7JnF1b3Q7LCZxdW90O1Byb2R1Y3Rpb25PcmRlckdyb3VwJnF1b3Q7Om51bGwsJnF1b3Q7U3BzYyZxdW90OzomcXVvdDsmcXVvdDssJnF1b3Q7RUNsYXNzJnF1b3Q7OiZxdW90OyZxdW90OywmcXVvdDtJZCZxdW90Ozo5LCZxdW90O0lzSGFyZERlbGV0ZWQmcXVvdDs6ZmFsc2V9LHsmcXVvdDskaWQmcXVvdDs6JnF1b3Q7MjAmcXVvdDssJnF1b3Q7QnVzaW5lc3NVbml0JnF1b3Q7OnsmcXVvdDskaWQmcXVvdDs6JnF1b3Q7MjEmcXVvdDssJnF1b3Q7QnVJY29uJnF1b3Q7OiZxdW90Oy9pbWFnZXMvdXNlcmNvbnRyb2xzL2ljb25zL2J1L29saWdvX3NtYWxsLmdpZiZxdW90OywmcXVvdDtCdUtleSZxdW90OzomcXVvdDtPbGlnb3MmcXVvdDssJnF1b3Q7QnVOYW1lJnF1b3Q7OiZxdW90O0ROQSAmYW1wOyBSTkEgT2xpZ29udWNsZW90aWRlcyZxdW90OywmcXVvdDtCdXNpbmVzc1VuaXRFbnVtJnF1b3Q7OjEsJnF1b3Q7RGlzdHJpYnV0b3JSZXNwb25zaWJpbGl0aWVzJnF1b3Q7Om51bGwsJnF1b3Q7SGFzTGltc1N5c3RlbSZxdW90OzpmYWxzZSwmcXVvdDtJbnN0YW5jZVN0YXR1c0VudW0mcXVvdDs6MCwmcXVvdDtTYWxlc0l0ZW1UeXBlcyZxdW90OzpudWxsLCZxdW90O1NpdGUmcXVvdDs6bnVsbCwmcXVvdDtWZXJzaW9uJnF1b3Q7OjEsJnF1b3Q7QnVQcm9kdWN0aW9uRGV0YWlsc1VybCZxdW90OzpudWxsLCZxdW90O0lkJnF1b3Q7OjEsJnF1b3Q7SXNIYXJkRGVsZXRlZCZxdW90OzpmYWxzZX0sJnF1b3Q7UHJvZHVjdENhdGVnb3J5RW51bSZxdW90OzoxLCZxdW90O09yZGVyV2l6YXJkVHlwZUVudW0mcXVvdDs6NCwmcXVvdDtJbnN0YW5jZVN0YXR1c0VudW0mcXVvdDs6MCwmcXVvdDtDYW5PcmRlcldoZW5Ob1ByaWNlJnF1b3Q7OnRydWUsJnF1b3Q7Q2FuUXVvdGVXaGVuTm9QcmljZSZxdW90Ozp0cnVlLCZxdW90O0NhblF1b3RlV2l0aFByaWNlJnF1b3Q7OnRydWUsJnF1b3Q7Q2FuU2hpcE9uRHJ5SWNlJnF1b3Q7OmZhbHNlLCZxdW90O0NvbnRyb2xQYXRoJnF1b3Q7OiZxdW90O35cXHVzZXJjb250cm9sc1xcQ29yZVxcQ29udGFpbmVyXFxPcmRlcmluZ1xcT2xpZ29zXFxGdWxseUN1c3RvbWlzZWRJblR1YmVzLmFzY3gmcXVvdDssJnF1b3Q7SXNTdGFuZEFsb25lSXRlbSZxdW90OzpmYWxzZSwmcXVvdDtOYW1lJnF1b3Q7OiZxdW90O0N1c3RvbUxOQU9saWdvcyZxdW90OywmcXVvdDtPcmRlcmluZ1BhZ2VQYXRoJnF1b3Q7OiZxdW90O2ludExpbmtTSVRfQ3VzdG9tTE5BT2xpZ29zJnF1b3Q7LCZxdW90O1JlcXVpcmVQaHlzaWNhbFNoaXBtZW50JnF1b3Q7OnRydWUsJnF1b3Q7U2l0S2V5JnF1b3Q7OiZxdW90O0N1c3RvbUxOQU9saWdvcyZxdW90OywmcXVvdDtWZXJzaW9uJnF1b3Q7OjMsJnF1b3Q7V2FpdEZvckNhbmNlbGxhdGlvblBlcmlvZCZxdW90OzozMCwmcXVvdDtYc2RQYXRoJnF1b3Q7OiZxdW90O2h0dHBzOi8vc2VydmljZXMuZXVyb2ZpbnNnZW5vbWljcy5jb20vU2NoZW1hcy9FY29tL1BTRC9PbGlnb1Y0LjEueHNkJnF1b3Q7LCZxdW90O05lZWRzQmlvU2FmZXR5JnF1b3Q7OnRydWUsJnF1b3Q7Q2FuR3Vlc3RDaGVja291dCZxdW90Ozp0cnVlLCZxdW90O0Rpc2FsbG93UXVhbnRpdHlDaGFuZ2UmcXVvdDs6dHJ1ZSwmcXVvdDtEaXNhbGxvd0VkaXRJbkNhcnQmcXVvdDs6ZmFsc2UsJnF1b3Q7UmVzb3VyY2VQcmVmaXgmcXVvdDs6bnVsbCwmcXVvdDtQcm9kdWN0aW9uT3JkZXJHcm91cCZxdW90OzpudWxsLCZxdW90O1Nwc2MmcXVvdDs6bnVsbCwmcXVvdDtFQ2xhc3MmcXVvdDs6bnVsbCwmcXVvdDtJZCZxdW90Ozo2NCwmcXVvdDtJc0hhcmREZWxldGVkJnF1b3Q7OmZhbHNlfSx7JnF1b3Q7JGlkJnF1b3Q7OiZxdW90OzIyJnF1b3Q7LCZxdW90O0J1c2luZXNzVW5pdCZxdW90Ozp7JnF1b3Q7JGlkJnF1b3Q7OiZxdW90OzIzJnF1b3Q7LCZxdW90O0J1SWNvbiZxdW90OzomcXVvdDsvaW1hZ2VzL3VzZXJjb250cm9scy9pY29ucy9idS9vbGlnb19zbWFsbC5naWYmcXVvdDssJnF1b3Q7QnVLZXkmcXVvdDs6JnF1b3Q7T2xpZ29zJnF1b3Q7LCZxdW90O0J1TmFtZSZxdW90OzomcXVvdDtETkEgJmFtcDsgUk5BIE9saWdvbnVjbGVvdGlkZXMmcXVvdDssJnF1b3Q7QnVzaW5lc3NVbml0RW51bSZxdW90OzoxLCZxdW90O0Rpc3RyaWJ1dG9yUmVzcG9uc2liaWxpdGllcyZxdW90OzpudWxsLCZxdW90O0hhc0xpbXNTeXN0ZW0mcXVvdDs6ZmFsc2UsJnF1b3Q7SW5zdGFuY2VTdGF0dXNFbnVtJnF1b3Q7OjAsJnF1b3Q7U2FsZXNJdGVtVHlwZXMmcXVvdDs6bnVsbCwmcXVvdDtTaXRlJnF1b3Q7Om51bGwsJnF1b3Q7VmVyc2lvbiZxdW90OzoxLCZxdW90O0J1UHJvZHVjdGlvbkRldGFpbHNVcmwmcXVvdDs6bnVsbCwmcXVvdDtJZCZxdW90OzoxLCZxdW90O0lzSGFyZERlbGV0ZWQmcXVvdDs6ZmFsc2V9LCZxdW90O1Byb2R1Y3RDYXRlZ29yeUVudW0mcXVvdDs6MSwmcXVvdDtPcmRlcldpemFyZFR5cGVFbnVtJnF1b3Q7OjUsJnF1b3Q7SW5zdGFuY2VTdGF0dXNFbnVtJnF1b3Q7OjAsJnF1b3Q7Q2FuT3JkZXJXaGVuTm9QcmljZSZxdW90Ozp0cnVlLCZxdW90O0NhblF1b3RlV2hlbk5vUHJpY2UmcXVvdDs6ZmFsc2UsJnF1b3Q7Q2FuUXVvdGVXaXRoUHJpY2UmcXVvdDs6dHJ1ZSwmcXVvdDtDYW5TaGlwT25EcnlJY2UmcXVvdDs6ZmFsc2UsJnF1b3Q7Q29udHJvbFBhdGgmcXVvdDs6JnF1b3Q7flxcdXNlcmNvbnRyb2xzXFxDb3JlXFxDb250YWluZXJcXE9yZGVyaW5nXFxPbGlnb3NcXFBsYXRlT2xpZ29zLmFzY3gmcXVvdDssJnF1b3Q7SXNTdGFuZEFsb25lSXRlbSZxdW90OzpmYWxzZSwmcXVvdDtOYW1lJnF1b3Q7OiZxdW90O0N1c3RvbSBQbGF0ZSBPbGlnb3MmcXVvdDssJnF1b3Q7T3JkZXJpbmdQYWdlUGF0aCZxdW90OzomcXVvdDtpbnRMaW5rU0lUX0N1c3RvbVBsYXRlT2xpZ28mcXVvdDssJnF1b3Q7UmVxdWlyZVBoeXNpY2FsU2hpcG1lbnQmcXVvdDs6dHJ1ZSwmcXVvdDtTaXRLZXkmcXVvdDs6JnF1b3Q7Q3VzdG9tUGxhdGVPbGlnbyZxdW90OywmcXVvdDtWZXJzaW9uJnF1b3Q7OjQsJnF1b3Q7V2FpdEZvckNhbmNlbGxhdGlvblBlcmlvZCZxdW90OzozMCwmcXVvdDtYc2RQYXRoJnF1b3Q7OiZxdW90O2h0dHBzOi8vc2VydmljZXMuZXVyb2ZpbnNnZW5vbWljcy5jb20vU2NoZW1hcy9FY29tL1BTRC9PbGlnb1Y0LjEueHNkJnF1b3Q7LCZxdW90O05lZWRzQmlvU2FmZXR5JnF1b3Q7OnRydWUsJnF1b3Q7Q2FuR3Vlc3RDaGVja291dCZxdW90OzpmYWxzZSwmcXVvdDtEaXNhbGxvd1F1YW50aXR5Q2hhbmdlJnF1b3Q7OmZhbHNlLCZxdW90O0Rpc2FsbG93RWRpdEluQ2FydCZxdW90OzpmYWxzZSwmcXVvdDtSZXNvdXJjZVByZWZpeCZxdW90OzomcXVvdDsmcXVvdDssJnF1b3Q7UHJvZHVjdGlvbk9yZGVyR3JvdXAmcXVvdDs6bnVsbCwmcXVvdDtTcHNjJnF1b3Q7OiZxdW90OyZxdW90OywmcXVvdDtFQ2xhc3MmcXVvdDs6JnF1b3Q7JnF1b3Q7LCZxdW90O0lkJnF1b3Q7OjEyLCZxdW90O0lzSGFyZERlbGV0ZWQmcXVvdDs6ZmFsc2V9LHsmcXVvdDskaWQmcXVvdDs6JnF1b3Q7MjQmcXVvdDssJnF1b3Q7QnVzaW5lc3NVbml0JnF1b3Q7OnsmcXVvdDskaWQmcXVvdDs6JnF1b3Q7MjUmcXVvdDssJnF1b3Q7QnVJY29uJnF1b3Q7OiZxdW90Oy9pbWFnZXMvdXNlcmNvbnRyb2xzL2ljb25zL2J1L29saWdvX3NtYWxsLmdpZiZxdW90OywmcXVvdDtCdUtleSZxdW90OzomcXVvdDtPbGlnb3MmcXVvdDssJnF1b3Q7QnVOYW1lJnF1b3Q7OiZxdW90O0ROQSAmYW1wOyBSTkEgT2xpZ29udWNsZW90aWRlcyZxdW90OywmcXVvdDtCdXNpbmVzc1VuaXRFbnVtJnF1b3Q7OjEsJnF1b3Q7RGlzdHJpYnV0b3JSZXNwb25zaWJpbGl0aWVzJnF1b3Q7Om51bGwsJnF1b3Q7SGFzTGltc1N5c3RlbSZxdW90OzpmYWxzZSwmcXVvdDtJbnN0YW5jZVN0YXR1c0VudW0mcXVvdDs6MCwmcXVvdDtTYWxlc0l0ZW1UeXBlcyZxdW90OzpudWxsLCZxdW90O1NpdGUmcXVvdDs6bnVsbCwmcXVvdDtWZXJzaW9uJnF1b3Q7OjEsJnF1b3Q7QnVQcm9kdWN0aW9uRGV0YWlsc1VybCZxdW90OzpudWxsLCZxdW90O0lkJnF1b3Q7OjEsJnF1b3Q7SXNIYXJkRGVsZXRlZCZxdW90OzpmYWxzZX0sJnF1b3Q7UHJvZHVjdENhdGVnb3J5RW51bSZxdW90OzoxLCZxdW90O09yZGVyV2l6YXJkVHlwZUVudW0mcXVvdDs6NCwmcXVvdDtJbnN0YW5jZVN0YXR1c0VudW0mcXVvdDs6MCwmcXVvdDtDYW5PcmRlcldoZW5Ob1ByaWNlJnF1b3Q7OnRydWUsJnF1b3Q7Q2FuUXVvdGVXaGVuTm9QcmljZSZxdW90Ozp0cnVlLCZxdW90O0NhblF1b3RlV2l0aFByaWNlJnF1b3Q7OnRydWUsJnF1b3Q7Q2FuU2hpcE9uRHJ5SWNlJnF1b3Q7OmZhbHNlLCZxdW90O0NvbnRyb2xQYXRoJnF1b3Q7OiZxdW90O35cXHVzZXJjb250cm9sc1xcQ29yZVxcQ29udGFpbmVyXFxPcmRlcmluZ1xcT2xpZ29zXFxGdWxseUN1c3RvbWlzZWRJblR1YmVzLmFzY3gmcXVvdDssJnF1b3Q7SXNTdGFuZEFsb25lSXRlbSZxdW90OzpmYWxzZSwmcXVvdDtOYW1lJnF1b3Q7OiZxdW90O0N1c3RvbSBSTkEgT2xpZ28mcXVvdDssJnF1b3Q7T3JkZXJpbmdQYWdlUGF0aCZxdW90OzomcXVvdDtpbnRMaW5rU0lUX0N1c3RvbVJOQU9saWdvJnF1b3Q7LCZxdW90O1JlcXVpcmVQaHlzaWNhbFNoaXBtZW50JnF1b3Q7OnRydWUsJnF1b3Q7U2l0S2V5JnF1b3Q7OiZxdW90O0N1c3RvbVJOQU9saWdvJnF1b3Q7LCZxdW90O1ZlcnNpb24mcXVvdDs6NiwmcXVvdDtXYWl0Rm9yQ2FuY2VsbGF0aW9uUGVyaW9kJnF1b3Q7OjMwLCZxdW90O1hzZFBhdGgmcXVvdDs6JnF1b3Q7aHR0cHM6Ly9zZXJ2aWNlcy5ldXJvZmluc2dlbm9taWNzLmNvbS9TY2hlbWFzL0Vjb20vUFNEL09saWdvVjQuMS54c2QmcXVvdDssJnF1b3Q7TmVlZHNCaW9TYWZldHkmcXVvdDs6dHJ1ZSwmcXVvdDtDYW5HdWVzdENoZWNrb3V0JnF1b3Q7OnRydWUsJnF1b3Q7RGlzYWxsb3dRdWFudGl0eUNoYW5nZSZxdW90Ozp0cnVlLCZxdW90O0Rpc2FsbG93RWRpdEluQ2FydCZxdW90OzpmYWxzZSwmcXVvdDtSZXNvdXJjZVByZWZpeCZxdW90OzomcXVvdDsmcXVvdDssJnF1b3Q7UHJvZHVjdGlvbk9yZGVyR3JvdXAmcXVvdDs6bnVsbCwmcXVvdDtTcHNjJnF1b3Q7OiZxdW90OyZxdW90OywmcXVvdDtFQ2xhc3MmcXVvdDs6JnF1b3Q7JnF1b3Q7LCZxdW90O0lkJnF1b3Q7OjEwLCZxdW90O0lzSGFyZERlbGV0ZWQmcXVvdDs6ZmFsc2V9LHsmcXVvdDskaWQmcXVvdDs6JnF1b3Q7MjYmcXVvdDssJnF1b3Q7QnVzaW5lc3NVbml0JnF1b3Q7OnsmcXVvdDskaWQmcXVvdDs6JnF1b3Q7MjcmcXVvdDssJnF1b3Q7QnVJY29uJnF1b3Q7OiZxdW90Oy9pbWFnZXMvdXNlcmNvbnRyb2xzL2ljb25zL2J1L29saWdvX3NtYWxsLmdpZiZxdW90OywmcXVvdDtCdUtleSZxdW90OzomcXVvdDtPbGlnb3MmcXVvdDssJnF1b3Q7QnVOYW1lJnF1b3Q7OiZxdW90O0ROQSAmYW1wOyBSTkEgT2xpZ29udWNsZW90aWRlcyZxdW90OywmcXVvdDtCdXNpbmVzc1VuaXRFbnVtJnF1b3Q7OjEsJnF1b3Q7RGlzdHJpYnV0b3JSZXNwb25zaWJpbGl0aWVzJnF1b3Q7Om51bGwsJnF1b3Q7SGFzTGltc1N5c3RlbSZxdW90OzpmYWxzZSwmcXVvdDtJbnN0YW5jZVN0YXR1c0VudW0mcXVvdDs6MCwmcXVvdDtTYWxlc0l0ZW1UeXBlcyZxdW90OzpudWxsLCZxdW90O1NpdGUmcXVvdDs6bnVsbCwmcXVvdDtWZXJzaW9uJnF1b3Q7OjEsJnF1b3Q7QnVQcm9kdWN0aW9uRGV0YWlsc1VybCZxdW90OzpudWxsLCZxdW90O0lkJnF1b3Q7OjEsJnF1b3Q7SXNIYXJkRGVsZXRlZCZxdW90OzpmYWxzZX0sJnF1b3Q7UHJvZHVjdENhdGVnb3J5RW51bSZxdW90OzoxLCZxdW90O09yZGVyV2l6YXJkVHlwZUVudW0mcXVvdDs6MTAsJnF1b3Q7SW5zdGFuY2VTdGF0dXNFbnVtJnF1b3Q7OjAsJnF1b3Q7Q2FuT3JkZXJXaGVuTm9QcmljZSZxdW90Ozp0cnVlLCZxdW90O0NhblF1b3RlV2hlbk5vUHJpY2UmcXVvdDs6ZmFsc2UsJnF1b3Q7Q2FuUXVvdGVXaXRoUHJpY2UmcXVvdDs6dHJ1ZSwmcXVvdDtDYW5TaGlwT25EcnlJY2UmcXVvdDs6ZmFsc2UsJnF1b3Q7Q29udHJvbFBhdGgmcXVvdDs6JnF1b3Q7flxcdXNlcmNvbnRyb2xzXFxDb3JlXFxDb250YWluZXJcXE9yZGVyaW5nXFxPbGlnb3NcXGNjRG91YmxlU3RyYW5kZWRUdWJlT2xpZ29zLmFzY3gmcXVvdDssJnF1b3Q7SXNTdGFuZEFsb25lSXRlbSZxdW90OzpmYWxzZSwmcXVvdDtOYW1lJnF1b3Q7OiZxdW90O0N1c3RvbSBzaVJOQSZxdW90OywmcXVvdDtPcmRlcmluZ1BhZ2VQYXRoJnF1b3Q7OiZxdW90O2ludExpbmtTSVRfQ3VzdG9tc2lSTkEmcXVvdDssJnF1b3Q7UmVxdWlyZVBoeXNpY2FsU2hpcG1lbnQmcXVvdDs6dHJ1ZSwmcXVvdDtTaXRLZXkmcXVvdDs6JnF1b3Q7Q3VzdG9tc2lSTkEmcXVvdDssJnF1b3Q7VmVyc2lvbiZxdW90Ozo0LCZxdW90O1dhaXRGb3JDYW5jZWxsYXRpb25QZXJpb2QmcXVvdDs6MzAsJnF1b3Q7WHNkUGF0aCZxdW90OzomcXVvdDtodHRwczovL3NlcnZpY2VzLmV1cm9maW5zZ2Vub21pY3MuY29tL1NjaGVtYXMvRWNvbS9QU0QvT2xpZ29WNC4xLnhzZCZxdW90OywmcXVvdDtOZWVkc0Jpb1NhZmV0eSZxdW90Ozp0cnVlLCZxdW90O0Nhbkd1ZXN0Q2hlY2tvdXQmcXVvdDs6ZmFsc2UsJnF1b3Q7RGlzYWxsb3dRdWFudGl0eUNoYW5nZSZxdW90OzpmYWxzZSwmcXVvdDtEaXNhbGxvd0VkaXRJbkNhcnQmcXVvdDs6ZmFsc2UsJnF1b3Q7UmVzb3VyY2VQcmVmaXgmcXVvdDs6JnF1b3Q7JnF1b3Q7LCZxdW90O1Byb2R1Y3Rpb25PcmRlckdyb3VwJnF1b3Q7Om51bGwsJnF1b3Q7U3BzYyZxdW90OzomcXVvdDsmcXVvdDssJnF1b3Q7RUNsYXNzJnF1b3Q7OiZxdW90OyZxdW90OywmcXVvdDtJZCZxdW90OzoxMywmcXVvdDtJc0hhcmREZWxldGVkJnF1b3Q7OmZhbHNlfSx7JnF1b3Q7JGlkJnF1b3Q7OiZxdW90OzI4JnF1b3Q7LCZxdW90O0J1c2luZXNzVW5pdCZxdW90Ozp7JnF1b3Q7JGlkJnF1b3Q7OiZxdW90OzI5JnF1b3Q7LCZxdW90O0J1SWNvbiZxdW90OzomcXVvdDsvaW1hZ2VzL3VzZXJjb250cm9scy9pY29ucy9idS9zZXFfc21hbGwuZ2lmJnF1b3Q7LCZxdW90O0J1S2V5JnF1b3Q7OiZxdW90O1NFUSZxdW90OywmcXVvdDtCdU5hbWUmcXVvdDs6JnF1b3Q7Q3VzdG9tIEROQSBTZXF1ZW5jaW5nJnF1b3Q7LCZxdW90O0J1c2luZXNzVW5pdEVudW0mcXVvdDs6MiwmcXVvdDtEaXN0cmlidXRvclJlc3BvbnNpYmlsaXRpZXMmcXVvdDs6bnVsbCwmcXVvdDtIYXNMaW1zU3lzdGVtJnF1b3Q7OmZhbHNlLCZxdW90O0luc3RhbmNlU3RhdHVzRW51bSZxdW90OzowLCZxdW90O1NhbGVzSXRlbVR5cGVzJnF1b3Q7Om51bGwsJnF1b3Q7U2l0ZSZxdW90OzpudWxsLCZxdW90O1ZlcnNpb24mcXVvdDs6MSwmcXVvdDtCdVByb2R1Y3Rpb25EZXRhaWxzVXJsJnF1b3Q7Om51bGwsJnF1b3Q7SWQmcXVvdDs6MiwmcXVvdDtJc0hhcmREZWxldGVkJnF1b3Q7OmZhbHNlfSwmcXVvdDtQcm9kdWN0Q2F0ZWdvcnlFbnVtJnF1b3Q7OjEsJnF1b3Q7T3JkZXJXaXphcmRUeXBlRW51bSZxdW90OzoxMiwmcXVvdDtJbnN0YW5jZVN0YXR1c0VudW0mcXVvdDs6MCwmcXVvdDtDYW5PcmRlcldoZW5Ob1ByaWNlJnF1b3Q7OnRydWUsJnF1b3Q7Q2FuUXVvdGVXaGVuTm9QcmljZSZxdW90Ozp0cnVlLCZxdW90O0NhblF1b3RlV2l0aFByaWNlJnF1b3Q7OnRydWUsJnF1b3Q7Q2FuU2hpcE9uRHJ5SWNlJnF1b3Q7OmZhbHNlLCZxdW90O0NvbnRyb2xQYXRoJnF1b3Q7OiZxdW90O35cXHVzZXJjb250cm9sc1xcQ29yZVxcQ29udGFpbmVyXFxPcmRlcmluZ1xcQ2F0YWxvZ3VlUHJvZHVjdHNcXENhdGFsb2d1ZVByb2R1Y3QuYXNjeCZxdW90OywmcXVvdDtJc1N0YW5kQWxvbmVJdGVtJnF1b3Q7OmZhbHNlLCZxdW90O05hbWUmcXVvdDs6JnF1b3Q7REhMU2hpcHBpbmcgS2l0JnF1b3Q7LCZxdW90O09yZGVyaW5nUGFnZVBhdGgmcXVvdDs6JnF1b3Q7aW50TGlua1NJVF9ESExTaGlwcGluZ0tpdCZxdW90OywmcXVvdDtSZXF1aXJlUGh5c2ljYWxTaGlwbWVudCZxdW90Ozp0cnVlLCZxdW90O1NpdEtleSZxdW90OzomcXVvdDtESExTaGlwcGluZ0tpdCZxdW90OywmcXVvdDtWZXJzaW9uJnF1b3Q7OjQsJnF1b3Q7V2FpdEZvckNhbmNlbGxhdGlvblBlcmlvZCZxdW90OzowLCZxdW90O1hzZFBhdGgmcXVvdDs6JnF1b3Q7aHR0cHM6Ly9zZXJ2aWNlcy5ldXJvZmluc2dlbm9taWNzLmNvbS9TY2hlbWFzL0Vjb20vUFNEL0NhdGFsb2d1ZVByb2R1Y3RzVjIuMy54c2QmcXVvdDssJnF1b3Q7TmVlZHNCaW9TYWZldHkmcXVvdDs6ZmFsc2UsJnF1b3Q7Q2FuR3Vlc3RDaGVja291dCZxdW90OzpmYWxzZSwmcXVvdDtEaXNhbGxvd1F1YW50aXR5Q2hhbmdlJnF1b3Q7OmZhbHNlLCZxdW90O0Rpc2FsbG93RWRpdEluQ2FydCZxdW90OzpmYWxzZSwmcXVvdDtSZXNvdXJjZVByZWZpeCZxdW90OzpudWxsLCZxdW90O1Byb2R1Y3Rpb25PcmRlckdyb3VwJnF1b3Q7OnsmcXVvdDskcmVmJnF1b3Q7OiZxdW90OzMmcXVvdDt9LCZxdW90O1Nwc2MmcXVvdDs6bnVsbCwmcXVvdDtFQ2xhc3MmcXVvdDs6bnVsbCwmcXVvdDtJZCZxdW90Ozo4MiwmcXVvdDtJc0hhcmREZWxldGVkJnF1b3Q7OmZhbHNlfSx7JnF1b3Q7JGlkJnF1b3Q7OiZxdW90OzMwJnF1b3Q7LCZxdW90O0J1c2luZXNzVW5pdCZxdW90Ozp7JnF1b3Q7JGlkJnF1b3Q7OiZxdW90OzMxJnF1b3Q7LCZxdW90O0J1SWNvbiZxdW90OzomcXVvdDsvaW1hZ2VzL3VzZXJjb250cm9scy9pY29ucy9idS9ldm9fc21hbGwuZ2lmJnF1b3Q7LCZxdW90O0J1S2V5JnF1b3Q7OiZxdW90O0VWTyZxdW90OywmcXVvdDtCdU5hbWUmcXVvdDs6JnF1b3Q7RVZPY2FyZCZxdW90OywmcXVvdDtCdXNpbmVzc1VuaXRFbnVtJnF1b3Q7OjYsJnF1b3Q7RGlzdHJpYnV0b3JSZXNwb25zaWJpbGl0aWVzJnF1b3Q7Om51bGwsJnF1b3Q7SGFzTGltc1N5c3RlbSZxdW90OzpmYWxzZSwmcXVvdDtJbnN0YW5jZVN0YXR1c0VudW0mcXVvdDs6MCwmcXVvdDtTYWxlc0l0ZW1UeXBlcyZxdW90OzpudWxsLCZxdW90O1NpdGUmcXVvdDs6bnVsbCwmcXVvdDtWZXJzaW9uJnF1b3Q7OjEsJnF1b3Q7QnVQcm9kdWN0aW9uRGV0YWlsc1VybCZxdW90OzpudWxsLCZxdW90O0lkJnF1b3Q7OjYsJnF1b3Q7SXNIYXJkRGVsZXRlZCZxdW90OzpmYWxzZX0sJnF1b3Q7UHJvZHVjdENhdGVnb3J5RW51bSZxdW90OzoxLCZxdW90O09yZGVyV2l6YXJkVHlwZUVudW0mcXVvdDs6MTMsJnF1b3Q7SW5zdGFuY2VTdGF0dXNFbnVtJnF1b3Q7OjAsJnF1b3Q7Q2FuT3JkZXJXaGVuTm9QcmljZSZxdW90Ozp0cnVlLCZxdW90O0NhblF1b3RlV2hlbk5vUHJpY2UmcXVvdDs6dHJ1ZSwmcXVvdDtDYW5RdW90ZVdpdGhQcmljZSZxdW90Ozp0cnVlLCZxdW90O0NhblNoaXBPbkRyeUljZSZxdW90OzpmYWxzZSwmcXVvdDtDb250cm9sUGF0aCZxdW90OzomcXVvdDt0ZXN0JnF1b3Q7LCZxdW90O0lzU3RhbmRBbG9uZUl0ZW0mcXVvdDs6dHJ1ZSwmcXVvdDtOYW1lJnF1b3Q7OiZxdW90O0VWT2NhcmQgT3JkZXImcXVvdDssJnF1b3Q7T3JkZXJpbmdQYWdlUGF0aCZxdW90OzomcXVvdDtpbnRMaW5rU0lUX0VWT29yZGVyJnF1b3Q7LCZxdW90O1JlcXVpcmVQaHlzaWNhbFNoaXBtZW50JnF1b3Q7OnRydWUsJnF1b3Q7U2l0S2V5JnF1b3Q7OiZxdW90O0VWT29yZGVyJnF1b3Q7LCZxdW90O1ZlcnNpb24mcXVvdDs6NCwmcXVvdDtXYWl0Rm9yQ2FuY2VsbGF0aW9uUGVyaW9kJnF1b3Q7OjAsJnF1b3Q7WHNkUGF0aCZxdW90OzomcXVvdDtodHRwczovL3NlcnZpY2VzLmV1cm9maW5zZ2Vub21pY3MuY29tL3NjaGVtYXMvRWNvbS9QU0QvRXZvQ2FyZFYxLjAueHNkJnF1b3Q7LCZxdW90O05lZWRzQmlvU2FmZXR5JnF1b3Q7OmZhbHNlLCZxdW90O0Nhbkd1ZXN0Q2hlY2tvdXQmcXVvdDs6ZmFsc2UsJnF1b3Q7RGlzYWxsb3dRdWFudGl0eUNoYW5nZSZxdW90OzpmYWxzZSwmcXVvdDtEaXNhbGxvd0VkaXRJbkNhcnQmcXVvdDs6ZmFsc2UsJnF1b3Q7UmVzb3VyY2VQcmVmaXgmcXVvdDs6bnVsbCwmcXVvdDtQcm9kdWN0aW9uT3JkZXJHcm91cCZxdW90OzpudWxsLCZxdW90O1Nwc2MmcXVvdDs6bnVsbCwmcXVvdDtFQ2xhc3MmcXVvdDs6bnVsbCwmcXVvdDtJZCZxdW90OzozMiwmcXVvdDtJc0hhcmREZWxldGVkJnF1b3Q7OmZhbHNlfSx7JnF1b3Q7JGlkJnF1b3Q7OiZxdW90OzMyJnF1b3Q7LCZxdW90O0J1c2luZXNzVW5pdCZxdW90Ozp7JnF1b3Q7JGlkJnF1b3Q7OiZxdW90OzMzJnF1b3Q7LCZxdW90O0J1SWNvbiZxdW90OzomcXVvdDsvaW1hZ2VzL3VzZXJjb250cm9scy9pY29ucy9idS9ldm9fc21hbGwuZ2lmJnF1b3Q7LCZxdW90O0J1S2V5JnF1b3Q7OiZxdW90O0VWTyZxdW90OywmcXVvdDtCdU5hbWUmcXVvdDs6JnF1b3Q7RVZPY2FyZCZxdW90OywmcXVvdDtCdXNpbmVzc1VuaXRFbnVtJnF1b3Q7OjYsJnF1b3Q7RGlzdHJpYnV0b3JSZXNwb25zaWJpbGl0aWVzJnF1b3Q7Om51bGwsJnF1b3Q7SGFzTGltc1N5c3RlbSZxdW90OzpmYWxzZSwmcXVvdDtJbnN0YW5jZVN0YXR1c0VudW0mcXVvdDs6MCwmcXVvdDtTYWxlc0l0ZW1UeXBlcyZxdW90OzpudWxsLCZxdW90O1NpdGUmcXVvdDs6bnVsbCwmcXVvdDtWZXJzaW9uJnF1b3Q7OjEsJnF1b3Q7QnVQcm9kdWN0aW9uRGV0YWlsc1VybCZxdW90OzpudWxsLCZxdW90O0lkJnF1b3Q7OjYsJnF1b3Q7SXNIYXJkRGVsZXRlZCZxdW90OzpmYWxzZX0sJnF1b3Q7UHJvZHVjdENhdGVnb3J5RW51bSZxdW90OzoxLCZxdW90O09yZGVyV2l6YXJkVHlwZUVudW0mcXVvdDs6MTcsJnF1b3Q7SW5zdGFuY2VTdGF0dXNFbnVtJnF1b3Q7OjAsJnF1b3Q7Q2FuT3JkZXJXaGVuTm9QcmljZSZxdW90Ozp0cnVlLCZxdW90O0NhblF1b3RlV2hlbk5vUHJpY2UmcXVvdDs6dHJ1ZSwmcXVvdDtDYW5RdW90ZVdpdGhQcmljZSZxdW90Ozp0cnVlLCZxdW90O0NhblNoaXBPbkRyeUljZSZxdW90OzpmYWxzZSwmcXVvdDtDb250cm9sUGF0aCZxdW90OzomcXVvdDt0ZXN0JnF1b3Q7LCZxdW90O0lzU3RhbmRBbG9uZUl0ZW0mcXVvdDs6dHJ1ZSwmcXVvdDtOYW1lJnF1b3Q7OiZxdW90O0VWT2NhcmQgUmVmaWxsJnF1b3Q7LCZxdW90O09yZGVyaW5nUGFnZVBhdGgmcXVvdDs6JnF1b3Q7aW50TGlua1NJVF9FVk9yZWZpbGwmcXVvdDssJnF1b3Q7UmVxdWlyZVBoeXNpY2FsU2hpcG1lbnQmcXVvdDs6ZmFsc2UsJnF1b3Q7U2l0S2V5JnF1b3Q7OiZxdW90O0VWT3JlZmlsbCZxdW90OywmcXVvdDtWZXJzaW9uJnF1b3Q7OjUsJnF1b3Q7V2FpdEZvckNhbmNlbGxhdGlvblBlcmlvZCZxdW90OzowLCZxdW90O1hzZFBhdGgmcXVvdDs6JnF1b3Q7aHR0cHM6Ly9zZXJ2aWNlcy5ldXJvZmluc2dlbm9taWNzLmNvbS9zY2hlbWFzL0Vjb20vUFNEL0V2b0NhcmRWMS4wLnhzZCZxdW90OywmcXVvdDtOZWVkc0Jpb1NhZmV0eSZxdW90OzpmYWxzZSwmcXVvdDtDYW5HdWVzdENoZWNrb3V0JnF1b3Q7OmZhbHNlLCZxdW90O0Rpc2FsbG93UXVhbnRpdHlDaGFuZ2UmcXVvdDs6ZmFsc2UsJnF1b3Q7RGlzYWxsb3dFZGl0SW5DYXJ0JnF1b3Q7OmZhbHNlLCZxdW90O1Jlc291cmNlUHJlZml4JnF1b3Q7Om51bGwsJnF1b3Q7UHJvZHVjdGlvbk9yZGVyR3JvdXAmcXVvdDs6bnVsbCwmcXVvdDtTcHNjJnF1b3Q7Om51bGwsJnF1b3Q7RUNsYXNzJnF1b3Q7Om51bGwsJnF1b3Q7SWQmcXVvdDs6NTUsJnF1b3Q7SXNIYXJkRGVsZXRlZCZxdW90OzpmYWxzZX0seyZxdW90OyRpZCZxdW90OzomcXVvdDszNCZxdW90OywmcXVvdDtCdXNpbmVzc1VuaXQmcXVvdDs6eyZxdW90OyRpZCZxdW90OzomcXVvdDszNSZxdW90OywmcXVvdDtCdUljb24mcXVvdDs6JnF1b3Q7L2ltYWdlcy91c2VyY29udHJvbHMvaWNvbnMvYnUvc2VxX3NtYWxsLmdpZiZxdW90OywmcXVvdDtCdUtleSZxdW90OzomcXVvdDtTRVEmcXVvdDssJnF1b3Q7QnVOYW1lJnF1b3Q7OiZxdW90O0N1c3RvbSBETkEgU2VxdWVuY2luZyZxdW90OywmcXVvdDtCdXNpbmVzc1VuaXRFbnVtJnF1b3Q7OjIsJnF1b3Q7RGlzdHJpYnV0b3JSZXNwb25zaWJpbGl0aWVzJnF1b3Q7Om51bGwsJnF1b3Q7SGFzTGltc1N5c3RlbSZxdW90OzpmYWxzZSwmcXVvdDtJbnN0YW5jZVN0YXR1c0VudW0mcXVvdDs6MCwmcXVvdDtTYWxlc0l0ZW1UeXBlcyZxdW90OzpudWxsLCZxdW90O1NpdGUmcXVvdDs6bnVsbCwmcXVvdDtWZXJzaW9uJnF1b3Q7OjEsJnF1b3Q7QnVQcm9kdWN0aW9uRGV0YWlsc1VybCZxdW90OzpudWxsLCZxdW90O0lkJnF1b3Q7OjIsJnF1b3Q7SXNIYXJkRGVsZXRlZCZxdW90OzpmYWxzZX0sJnF1b3Q7UHJvZHVjdENhdGVnb3J5RW51bSZxdW90OzowLCZxdW90O09yZGVyV2l6YXJkVHlwZUVudW0mcXVvdDs6NiwmcXVvdDtJbnN0YW5jZVN0YXR1c0VudW0mcXVvdDs6MCwmcXVvdDtDYW5PcmRlcldoZW5Ob1ByaWNlJnF1b3Q7OnRydWUsJnF1b3Q7Q2FuUXVvdGVXaGVuTm9QcmljZSZxdW90OzpmYWxzZSwmcXVvdDtDYW5RdW90ZVdpdGhQcmljZSZxdW90OzpmYWxzZSwmcXVvdDtDYW5TaGlwT25EcnlJY2UmcXVvdDs6ZmFsc2UsJnF1b3Q7Q29udHJvbFBhdGgmcXVvdDs6bnVsbCwmcXVvdDtJc1N0YW5kQWxvbmVJdGVtJnF1b3Q7OmZhbHNlLCZxdW90O05hbWUmcXVvdDs6JnF1b3Q7RXhwcmVzcyBQbGF0ZSZxdW90OywmcXVvdDtPcmRlcmluZ1BhZ2VQYXRoJnF1b3Q7Om51bGwsJnF1b3Q7UmVxdWlyZVBoeXNpY2FsU2hpcG1lbnQmcXVvdDs6dHJ1ZSwmcXVvdDtTaXRLZXkmcXVvdDs6JnF1b3Q7RXhwcmVzc1BsYXRlJnF1b3Q7LCZxdW90O1ZlcnNpb24mcXVvdDs6MywmcXVvdDtXYWl0Rm9yQ2FuY2VsbGF0aW9uUGVyaW9kJnF1b3Q7OjAsJnF1b3Q7WHNkUGF0aCZxdW90OzomcXVvdDtodHRwczovL3NlcnZpY2VzLmV1cm9maW5zZ2Vub21pY3MuY29tL1NjaGVtYXMvRWNvbS9QU0QvU2VxdWVuY2luZ1YyLjcueHNkJnF1b3Q7LCZxdW90O05lZWRzQmlvU2FmZXR5JnF1b3Q7OmZhbHNlLCZxdW90O0Nhbkd1ZXN0Q2hlY2tvdXQmcXVvdDs6ZmFsc2UsJnF1b3Q7RGlzYWxsb3dRdWFudGl0eUNoYW5nZSZxdW90OzpmYWxzZSwmcXVvdDtEaXNhbGxvd0VkaXRJbkNhcnQmcXVvdDs6ZmFsc2UsJnF1b3Q7UmVzb3VyY2VQcmVmaXgmcXVvdDs6bnVsbCwmcXVvdDtQcm9kdWN0aW9uT3JkZXJHcm91cCZxdW90OzpudWxsLCZxdW90O1Nwc2MmcXVvdDs6bnVsbCwmcXVvdDtFQ2xhc3MmcXVvdDs6bnVsbCwmcXVvdDtJZCZxdW90OzoyMCwmcXVvdDtJc0hhcmREZWxldGVkJnF1b3Q7OmZhbHNlfSx7JnF1b3Q7JGlkJnF1b3Q7OiZxdW90OzM2JnF1b3Q7LCZxdW90O0J1c2luZXNzVW5pdCZxdW90Ozp7JnF1b3Q7JGlkJnF1b3Q7OiZxdW90OzM3JnF1b3Q7LCZxdW90O0J1SWNvbiZxdW90OzomcXVvdDsvaW1hZ2VzL3VzZXJjb250cm9scy9pY29ucy9idS9zZXFfc21hbGwuZ2lmJnF1b3Q7LCZxdW90O0J1S2V5JnF1b3Q7OiZxdW90O1NFUSZxdW90OywmcXVvdDtCdU5hbWUmcXVvdDs6JnF1b3Q7Q3VzdG9tIEROQSBTZXF1ZW5jaW5nJnF1b3Q7LCZxdW90O0J1c2luZXNzVW5pdEVudW0mcXVvdDs6MiwmcXVvdDtEaXN0cmlidXRvclJlc3BvbnNpYmlsaXRpZXMmcXVvdDs6bnVsbCwmcXVvdDtIYXNMaW1zU3lzdGVtJnF1b3Q7OmZhbHNlLCZxdW90O0luc3RhbmNlU3RhdHVzRW51bSZxdW90OzowLCZxdW90O1NhbGVzSXRlbVR5cGVzJnF1b3Q7Om51bGwsJnF1b3Q7U2l0ZSZxdW90OzpudWxsLCZxdW90O1ZlcnNpb24mcXVvdDs6MSwmcXVvdDtCdVByb2R1Y3Rpb25EZXRhaWxzVXJsJnF1b3Q7Om51bGwsJnF1b3Q7SWQmcXVvdDs6MiwmcXVvdDtJc0hhcmREZWxldGVkJnF1b3Q7OmZhbHNlfSwmcXVvdDtQcm9kdWN0Q2F0ZWdvcnlFbnVtJnF1b3Q7OjEsJnF1b3Q7T3JkZXJXaXphcmRUeXBlRW51bSZxdW90OzoxMiwmcXVvdDtJbnN0YW5jZVN0YXR1c0VudW0mcXVvdDs6MCwmcXVvdDtDYW5PcmRlcldoZW5Ob1ByaWNlJnF1b3Q7OnRydWUsJnF1b3Q7Q2FuUXVvdGVXaGVuTm9QcmljZSZxdW90OzpmYWxzZSwmcXVvdDtDYW5RdW90ZVdpdGhQcmljZSZxdW90OzpmYWxzZSwmcXVvdDtDYW5TaGlwT25EcnlJY2UmcXVvdDs6ZmFsc2UsJnF1b3Q7Q29udHJvbFBhdGgmcXVvdDs6JnF1b3Q7flxcdXNlcmNvbnRyb2xzXFxDb3JlXFxDb250YWluZXJcXE9yZGVyaW5nXFxDYXRhbG9ndWVQcm9kdWN0c1xcQ2F0YWxvZ3VlUHJvZHVjdC5hc2N4JnF1b3Q7LCZxdW90O0lzU3RhbmRBbG9uZUl0ZW0mcXVvdDs6ZmFsc2UsJnF1b3Q7TmFtZSZxdW90OzomcXVvdDtGbGV4UGFjayZxdW90OywmcXVvdDtPcmRlcmluZ1BhZ2VQYXRoJnF1b3Q7OiZxdW90O2ludExpbmtTSVRfRmxleFBhY2smcXVvdDssJnF1b3Q7UmVxdWlyZVBoeXNpY2FsU2hpcG1lbnQmcXVvdDs6dHJ1ZSwmcXVvdDtTaXRLZXkmcXVvdDs6JnF1b3Q7RmxleFBhY2smcXVvdDssJnF1b3Q7VmVyc2lvbiZxdW90OzoyLCZxdW90O1dhaXRGb3JDYW5jZWxsYXRpb25QZXJpb2QmcXVvdDs6MCwmcXVvdDtYc2RQYXRoJnF1b3Q7OiZxdW90O2h0dHBzOi8vc2VydmljZXMuZXVyb2ZpbnNnZW5vbWljcy5jb20vU2NoZW1hcy9FY29tL1BTRC9DYXRhbG9ndWVQcm9kdWN0c1YyLjIueHNkJnF1b3Q7LCZxdW90O05lZWRzQmlvU2FmZXR5JnF1b3Q7OnRydWUsJnF1b3Q7Q2FuR3Vlc3RDaGVja291dCZxdW90Ozp0cnVlLCZxdW90O0Rpc2FsbG93UXVhbnRpdHlDaGFuZ2UmcXVvdDs6ZmFsc2UsJnF1b3Q7RGlzYWxsb3dFZGl0SW5DYXJ0JnF1b3Q7OmZhbHNlLCZxdW90O1Jlc291cmNlUHJlZml4JnF1b3Q7Om51bGwsJnF1b3Q7UHJvZHVjdGlvbk9yZGVyR3JvdXAmcXVvdDs6eyZxdW90OyRyZWYmcXVvdDs6JnF1b3Q7MyZxdW90O30sJnF1b3Q7U3BzYyZxdW90OzpudWxsLCZxdW90O0VDbGFzcyZxdW90OzpudWxsLCZxdW90O0lkJnF1b3Q7OjgzLCZxdW90O0lzSGFyZERlbGV0ZWQmcXVvdDs6ZmFsc2V9LHsmcXVvdDskaWQmcXVvdDs6JnF1b3Q7MzgmcXVvdDssJnF1b3Q7QnVzaW5lc3NVbml0JnF1b3Q7OnsmcXVvdDskaWQmcXVvdDs6JnF1b3Q7MzkmcXVvdDssJnF1b3Q7QnVJY29uJnF1b3Q7OiZxdW90Oy9pbWFnZXMvdXNlcmNvbnRyb2xzL2ljb25zL2J1L3NlcV9zbWFsbC5naWYmcXVvdDssJnF1b3Q7QnVLZXkmcXVvdDs6JnF1b3Q7U0VRJnF1b3Q7LCZxdW90O0J1TmFtZSZxdW90OzomcXVvdDtDdXN0b20gRE5BIFNlcXVlbmNpbmcmcXVvdDssJnF1b3Q7QnVzaW5lc3NVbml0RW51bSZxdW90OzoyLCZxdW90O0Rpc3RyaWJ1dG9yUmVzcG9uc2liaWxpdGllcyZxdW90OzpudWxsLCZxdW90O0hhc0xpbXNTeXN0ZW0mcXVvdDs6ZmFsc2UsJnF1b3Q7SW5zdGFuY2VTdGF0dXNFbnVtJnF1b3Q7OjAsJnF1b3Q7U2FsZXNJdGVtVHlwZXMmcXVvdDs6bnVsbCwmcXVvdDtTaXRlJnF1b3Q7Om51bGwsJnF1b3Q7VmVyc2lvbiZxdW90OzoxLCZxdW90O0J1UHJvZHVjdGlvbkRldGFpbHNVcmwmcXVvdDs6bnVsbCwmcXVvdDtJZCZxdW90OzoyLCZxdW90O0lzSGFyZERlbGV0ZWQmcXVvdDs6ZmFsc2V9LCZxdW90O1Byb2R1Y3RDYXRlZ29yeUVudW0mcXVvdDs6MSwmcXVvdDtPcmRlcldpemFyZFR5cGVFbnVtJnF1b3Q7OjEyLCZxdW90O0luc3RhbmNlU3RhdHVzRW51bSZxdW90OzowLCZxdW90O0Nhbk9yZGVyV2hlbk5vUHJpY2UmcXVvdDs6dHJ1ZSwmcXVvdDtDYW5RdW90ZVdoZW5Ob1ByaWNlJnF1b3Q7OmZhbHNlLCZxdW90O0NhblF1b3RlV2l0aFByaWNlJnF1b3Q7OmZhbHNlLCZxdW90O0NhblNoaXBPbkRyeUljZSZxdW90OzpmYWxzZSwmcXVvdDtDb250cm9sUGF0aCZxdW90OzomcXVvdDt+XFx1c2VyY29udHJvbHNcXENvcmVcXENvbnRhaW5lclxcT3JkZXJpbmdcXENhdGFsb2d1ZVByb2R1Y3RzXFxDYXRhbG9ndWVQcm9kdWN0LmFzY3gmcXVvdDssJnF1b3Q7SXNTdGFuZEFsb25lSXRlbSZxdW90OzpmYWxzZSwmcXVvdDtOYW1lJnF1b3Q7OiZxdW90O0ZvbGRpbmdLaXQmcXVvdDssJnF1b3Q7T3JkZXJpbmdQYWdlUGF0aCZxdW90OzomcXVvdDtpbnRMaW5rU0lUX0ZvbGRpbmdLaXQmcXVvdDssJnF1b3Q7UmVxdWlyZVBoeXNpY2FsU2hpcG1lbnQmcXVvdDs6dHJ1ZSwmcXVvdDtTaXRLZXkmcXVvdDs6JnF1b3Q7Rm9sZGluZ0tpdCZxdW90OywmcXVvdDtWZXJzaW9uJnF1b3Q7OjIsJnF1b3Q7V2FpdEZvckNhbmNlbGxhdGlvblBlcmlvZCZxdW90OzowLCZxdW90O1hzZFBhdGgmcXVvdDs6JnF1b3Q7aHR0cHM6Ly9zZXJ2aWNlcy5ldXJvZmluc2dlbm9taWNzLmNvbS9TY2hlbWFzL0Vjb20vUFNEL0NhdGFsb2d1ZVByb2R1Y3RzVjIuMi54c2QmcXVvdDssJnF1b3Q7TmVlZHNCaW9TYWZldHkmcXVvdDs6ZmFsc2UsJnF1b3Q7Q2FuR3Vlc3RDaGVja291dCZxdW90OzpmYWxzZSwmcXVvdDtEaXNhbGxvd1F1YW50aXR5Q2hhbmdlJnF1b3Q7OmZhbHNlLCZxdW90O0Rpc2FsbG93RWRpdEluQ2FydCZxdW90OzpmYWxzZSwmcXVvdDtSZXNvdXJjZVByZWZpeCZxdW90OzpudWxsLCZxdW90O1Byb2R1Y3Rpb25PcmRlckdyb3VwJnF1b3Q7OnsmcXVvdDskcmVmJnF1b3Q7OiZxdW90OzMmcXVvdDt9LCZxdW90O1Nwc2MmcXVvdDs6bnVsbCwmcXVvdDtFQ2xhc3MmcXVvdDs6bnVsbCwmcXVvdDtJZCZxdW90Ozo4NCwmcXVvdDtJc0hhcmREZWxldGVkJnF1b3Q7OmZhbHNlfSx7JnF1b3Q7JGlkJnF1b3Q7OiZxdW90OzQwJnF1b3Q7LCZxdW90O0J1c2luZXNzVW5pdCZxdW90Ozp7JnF1b3Q7JGlkJnF1b3Q7OiZxdW90OzQxJnF1b3Q7LCZxdW90O0J1SWNvbiZxdW90OzomcXVvdDsvaW1hZ2VzL3VzZXJjb250cm9scy9pY29ucy9idS9zZXFfc21hbGwuZ2lmJnF1b3Q7LCZxdW90O0J1S2V5JnF1b3Q7OiZxdW90O1NFUSZxdW90OywmcXVvdDtCdU5hbWUmcXVvdDs6JnF1b3Q7Q3VzdG9tIEROQSBTZXF1ZW5jaW5nJnF1b3Q7LCZxdW90O0J1c2luZXNzVW5pdEVudW0mcXVvdDs6MiwmcXVvdDtEaXN0cmlidXRvclJlc3BvbnNpYmlsaXRpZXMmcXVvdDs6bnVsbCwmcXVvdDtIYXNMaW1zU3lzdGVtJnF1b3Q7OmZhbHNlLCZxdW90O0luc3RhbmNlU3RhdHVzRW51bSZxdW90OzowLCZxdW90O1NhbGVzSXRlbVR5cGVzJnF1b3Q7Om51bGwsJnF1b3Q7U2l0ZSZxdW90OzpudWxsLCZxdW90O1ZlcnNpb24mcXVvdDs6MSwmcXVvdDtCdVByb2R1Y3Rpb25EZXRhaWxzVXJsJnF1b3Q7Om51bGwsJnF1b3Q7SWQmcXVvdDs6MiwmcXVvdDtJc0hhcmREZWxldGVkJnF1b3Q7OmZhbHNlfSwmcXVvdDtQcm9kdWN0Q2F0ZWdvcnlFbnVtJnF1b3Q7OjEsJnF1b3Q7T3JkZXJXaXphcmRUeXBlRW51bSZxdW90OzoxMiwmcXVvdDtJbnN0YW5jZVN0YXR1c0VudW0mcXVvdDs6MCwmcXVvdDtDYW5PcmRlcldoZW5Ob1ByaWNlJnF1b3Q7OnRydWUsJnF1b3Q7Q2FuUXVvdGVXaGVuTm9QcmljZSZxdW90OzpmYWxzZSwmcXVvdDtDYW5RdW90ZVdpdGhQcmljZSZxdW90OzpmYWxzZSwmcXVvdDtDYW5TaGlwT25EcnlJY2UmcXVvdDs6ZmFsc2UsJnF1b3Q7Q29udHJvbFBhdGgmcXVvdDs6JnF1b3Q7flxcdXNlcmNvbnRyb2xzXFxDb3JlXFxDb250YWluZXJcXE9yZGVyaW5nXFxDYXRhbG9ndWVQcm9kdWN0c1xcQ2F0YWxvZ3VlUHJvZHVjdC5hc2N4JnF1b3Q7LCZxdW90O0lzU3RhbmRBbG9uZUl0ZW0mcXVvdDs6ZmFsc2UsJnF1b3Q7TmFtZSZxdW90OzomcXVvdDtGcmVlIEJhcmNvZGUgTGFiZWxzJnF1b3Q7LCZxdW90O09yZGVyaW5nUGFnZVBhdGgmcXVvdDs6JnF1b3Q7aW50TGlua1NJVF9GcmVlQmFyY29kZXMmcXVvdDssJnF1b3Q7UmVxdWlyZVBoeXNpY2FsU2hpcG1lbnQmcXVvdDs6dHJ1ZSwmcXVvdDtTaXRLZXkmcXVvdDs6JnF1b3Q7RnJlZUJhcmNvZGVzJnF1b3Q7LCZxdW90O1ZlcnNpb24mcXVvdDs6NSwmcXVvdDtXYWl0Rm9yQ2FuY2VsbGF0aW9uUGVyaW9kJnF1b3Q7OjAsJnF1b3Q7WHNkUGF0aCZxdW90OzomcXVvdDtodHRwczovL3NlcnZpY2VzLmV1cm9maW5zZ2Vub21pY3MuY29tL1NjaGVtYXMvRWNvbS9QU0QvQ2F0YWxvZ3VlUHJvZHVjdHNWMi4yLnhzZCZxdW90OywmcXVvdDtOZWVkc0Jpb1NhZmV0eSZxdW90OzpmYWxzZSwmcXVvdDtDYW5HdWVzdENoZWNrb3V0JnF1b3Q7OmZhbHNlLCZxdW90O0Rpc2FsbG93UXVhbnRpdHlDaGFuZ2UmcXVvdDs6ZmFsc2UsJnF1b3Q7RGlzYWxsb3dFZGl0SW5DYXJ0JnF1b3Q7OnRydWUsJnF1b3Q7UmVzb3VyY2VQcmVmaXgmcXVvdDs6JnF1b3Q7JnF1b3Q7LCZxdW90O1Byb2R1Y3Rpb25PcmRlckdyb3VwJnF1b3Q7OnsmcXVvdDskcmVmJnF1b3Q7OiZxdW90OzMmcXVvdDt9LCZxdW90O1Nwc2MmcXVvdDs6JnF1b3Q7JnF1b3Q7LCZxdW90O0VDbGFzcyZxdW90OzomcXVvdDsmcXVvdDssJnF1b3Q7SWQmcXVvdDs6NDEsJnF1b3Q7SXNIYXJkRGVsZXRlZCZxdW90OzpmYWxzZX0seyZxdW90OyRpZCZxdW90OzomcXVvdDs0MiZxdW90OywmcXVvdDtCdXNpbmVzc1VuaXQmcXVvdDs6eyZxdW90OyRpZCZxdW90OzomcXVvdDs0MyZxdW90OywmcXVvdDtCdUljb24mcXVvdDs6JnF1b3Q7L2ltYWdlcy91c2VyY29udHJvbHMvaWNvbnMvYnUvc2VxX3NtYWxsLmdpZiZxdW90OywmcXVvdDtCdUtleSZxdW90OzomcXVvdDtTRVEmcXVvdDssJnF1b3Q7QnVOYW1lJnF1b3Q7OiZxdW90O0N1c3RvbSBETkEgU2VxdWVuY2luZyZxdW90OywmcXVvdDtCdXNpbmVzc1VuaXRFbnVtJnF1b3Q7OjIsJnF1b3Q7RGlzdHJpYnV0b3JSZXNwb25zaWJpbGl0aWVzJnF1b3Q7Om51bGwsJnF1b3Q7SGFzTGltc1N5c3RlbSZxdW90OzpmYWxzZSwmcXVvdDtJbnN0YW5jZVN0YXR1c0VudW0mcXVvdDs6MCwmcXVvdDtTYWxlc0l0ZW1UeXBlcyZxdW90OzpudWxsLCZxdW90O1NpdGUmcXVvdDs6bnVsbCwmcXVvdDtWZXJzaW9uJnF1b3Q7OjEsJnF1b3Q7QnVQcm9kdWN0aW9uRGV0YWlsc1VybCZxdW90OzpudWxsLCZxdW90O0lkJnF1b3Q7OjIsJnF1b3Q7SXNIYXJkRGVsZXRlZCZxdW90OzpmYWxzZX0sJnF1b3Q7UHJvZHVjdENhdGVnb3J5RW51bSZxdW90OzoxLCZxdW90O09yZGVyV2l6YXJkVHlwZUVudW0mcXVvdDs6MTIsJnF1b3Q7SW5zdGFuY2VTdGF0dXNFbnVtJnF1b3Q7OjAsJnF1b3Q7Q2FuT3JkZXJXaGVuTm9QcmljZSZxdW90Ozp0cnVlLCZxdW90O0NhblF1b3RlV2hlbk5vUHJpY2UmcXVvdDs6ZmFsc2UsJnF1b3Q7Q2FuUXVvdGVXaXRoUHJpY2UmcXVvdDs6ZmFsc2UsJnF1b3Q7Q2FuU2hpcE9uRHJ5SWNlJnF1b3Q7OmZhbHNlLCZxdW90O0NvbnRyb2xQYXRoJnF1b3Q7OiZxdW90O35cXHVzZXJjb250cm9sc1xcQ29yZVxcQ29udGFpbmVyXFxPcmRlcmluZ1xcQ2F0YWxvZ3VlUHJvZHVjdHNcXENhdGFsb2d1ZVByb2R1Y3QuYXNjeCZxdW90OywmcXVvdDtJc1N0YW5kQWxvbmVJdGVtJnF1b3Q7OmZhbHNlLCZxdW90O05hbWUmcXVvdDs6JnF1b3Q7RnJlZSBTYW1wbGUgQmFnJnF1b3Q7LCZxdW90O09yZGVyaW5nUGFnZVBhdGgmcXVvdDs6JnF1b3Q7aW50TGlua1NJVF9GcmVlU2FtcGxlQmFnJnF1b3Q7LCZxdW90O1JlcXVpcmVQaHlzaWNhbFNoaXBtZW50JnF1b3Q7OnRydWUsJnF1b3Q7U2l0S2V5JnF1b3Q7OiZxdW90O0ZyZWVTYW1wbGVCYWcmcXVvdDssJnF1b3Q7VmVyc2lvbiZxdW90OzozLCZxdW90O1dhaXRGb3JDYW5jZWxsYXRpb25QZXJpb2QmcXVvdDs6MCwmcXVvdDtYc2RQYXRoJnF1b3Q7OiZxdW90O2h0dHBzOi8vc2VydmljZXMuZXVyb2ZpbnNnZW5vbWljcy5jb20vU2NoZW1hcy9FY29tL1BTRC9DYXRhbG9ndWVQcm9kdWN0c1YyLjIueHNkJnF1b3Q7LCZxdW90O05lZWRzQmlvU2FmZXR5JnF1b3Q7OmZhbHNlLCZxdW90O0Nhbkd1ZXN0Q2hlY2tvdXQmcXVvdDs6ZmFsc2UsJnF1b3Q7RGlzYWxsb3dRdWFudGl0eUNoYW5nZSZxdW90OzpmYWxzZSwmcXVvdDtEaXNhbGxvd0VkaXRJbkNhcnQmcXVvdDs6ZmFsc2UsJnF1b3Q7UmVzb3VyY2VQcmVmaXgmcXVvdDs6bnVsbCwmcXVvdDtQcm9kdWN0aW9uT3JkZXJHcm91cCZxdW90Ozp7JnF1b3Q7JHJlZiZxdW90OzomcXVvdDszJnF1b3Q7fSwmcXVvdDtTcHNjJnF1b3Q7Om51bGwsJnF1b3Q7RUNsYXNzJnF1b3Q7Om51bGwsJnF1b3Q7SWQmcXVvdDs6NDUsJnF1b3Q7SXNIYXJkRGVsZXRlZCZxdW90OzpmYWxzZX0seyZxdW90OyRpZCZxdW90OzomcXVvdDs0NCZxdW90OywmcXVvdDtCdXNpbmVzc1VuaXQmcXVvdDs6eyZxdW90OyRpZCZxdW90OzomcXVvdDs0NSZxdW90OywmcXVvdDtCdUljb24mcXVvdDs6JnF1b3Q7L2ltYWdlcy91c2VyY29udHJvbHMvaWNvbnMvYnUvbW9sYmlvbF9zbWFsbC5naWYmcXVvdDssJnF1b3Q7QnVLZXkmcXVvdDs6JnF1b3Q7R1NZJnF1b3Q7LCZxdW90O0J1TmFtZSZxdW90OzomcXVvdDtNb2xlY3VsYXIgQmlvbG9neSZxdW90OywmcXVvdDtCdXNpbmVzc1VuaXRFbnVtJnF1b3Q7OjUsJnF1b3Q7RGlzdHJpYnV0b3JSZXNwb25zaWJpbGl0aWVzJnF1b3Q7Om51bGwsJnF1b3Q7SGFzTGltc1N5c3RlbSZxdW90OzpmYWxzZSwmcXVvdDtJbnN0YW5jZVN0YXR1c0VudW0mcXVvdDs6MCwmcXVvdDtTYWxlc0l0ZW1UeXBlcyZxdW90OzpudWxsLCZxdW90O1NpdGUmcXVvdDs6bnVsbCwmcXVvdDtWZXJzaW9uJnF1b3Q7OjAsJnF1b3Q7QnVQcm9kdWN0aW9uRGV0YWlsc1VybCZxdW90OzpudWxsLCZxdW90O0lkJnF1b3Q7OjUsJnF1b3Q7SXNIYXJkRGVsZXRlZCZxdW90OzpmYWxzZX0sJnF1b3Q7UHJvZHVjdENhdGVnb3J5RW51bSZxdW90OzoxLCZxdW90O09yZGVyV2l6YXJkVHlwZUVudW0mcXVvdDs6MTUsJnF1b3Q7SW5zdGFuY2VTdGF0dXNFbnVtJnF1b3Q7OjAsJnF1b3Q7Q2FuT3JkZXJXaGVuTm9QcmljZSZxdW90OzpmYWxzZSwmcXVvdDtDYW5RdW90ZVdoZW5Ob1ByaWNlJnF1b3Q7OnRydWUsJnF1b3Q7Q2FuUXVvdGVXaXRoUHJpY2UmcXVvdDs6dHJ1ZSwmcXVvdDtDYW5TaGlwT25EcnlJY2UmcXVvdDs6ZmFsc2UsJnF1b3Q7Q29udHJvbFBhdGgmcXVvdDs6JnF1b3Q7flxcdXNlcmNvbnRyb2xzXFxDb3JlXFxDb250YWluZXJcXE9yZGVyaW5nXFxHZW5lc1xcR2VuZUZyYWdtZW50XFxjY0dlbmVGcmFnbWVudC5hc2N4JnF1b3Q7LCZxdW90O0lzU3RhbmRBbG9uZUl0ZW0mcXVvdDs6ZmFsc2UsJnF1b3Q7TmFtZSZxdW90OzomcXVvdDtHZW5lIEZyYWdtZW50JnF1b3Q7LCZxdW90O09yZGVyaW5nUGFnZVBhdGgmcXVvdDs6JnF1b3Q7aW50TGlua1NJVF9HZW5lRnJhZ21lbnQmcXVvdDssJnF1b3Q7UmVxdWlyZVBoeXNpY2FsU2hpcG1lbnQmcXVvdDs6dHJ1ZSwmcXVvdDtTaXRLZXkmcXVvdDs6JnF1b3Q7R2VuZUZyYWdtZW50JnF1b3Q7LCZxdW90O1ZlcnNpb24mcXVvdDs6NywmcXVvdDtXYWl0Rm9yQ2FuY2VsbGF0aW9uUGVyaW9kJnF1b3Q7OjE1LCZxdW90O1hzZFBhdGgmcXVvdDs6JnF1b3Q7aHR0cHM6Ly9zZXJ2aWNlcy5ldXJvZmluc2dlbm9taWNzLmNvbS9zY2hlbWFzL0Vjb20vUFNEL0dlbmVWMS4zLnhzZCZxdW90OywmcXVvdDtOZWVkc0Jpb1NhZmV0eSZxdW90Ozp0cnVlLCZxdW90O0Nhbkd1ZXN0Q2hlY2tvdXQmcXVvdDs6ZmFsc2UsJnF1b3Q7RGlzYWxsb3dRdWFudGl0eUNoYW5nZSZxdW90OzpmYWxzZSwmcXVvdDtEaXNhbGxvd0VkaXRJbkNhcnQmcXVvdDs6ZmFsc2UsJnF1b3Q7UmVzb3VyY2VQcmVmaXgmcXVvdDs6bnVsbCwmcXVvdDtQcm9kdWN0aW9uT3JkZXJHcm91cCZxdW90OzpudWxsLCZxdW90O1Nwc2MmcXVvdDs6bnVsbCwmcXVvdDtFQ2xhc3MmcXVvdDs6bnVsbCwmcXVvdDtJZCZxdW90OzoxNCwmcXVvdDtJc0hhcmREZWxldGVkJnF1b3Q7OmZhbHNlfSx7JnF1b3Q7JGlkJnF1b3Q7OiZxdW90OzQ2JnF1b3Q7LCZxdW90O0J1c2luZXNzVW5pdCZxdW90Ozp7JnF1b3Q7JGlkJnF1b3Q7OiZxdW90OzQ3JnF1b3Q7LCZxdW90O0J1SWNvbiZxdW90OzomcXVvdDsvaW1hZ2VzL3VzZXJjb250cm9scy9pY29ucy9idS9tb2xiaW9sX3NtYWxsLmdpZiZxdW90OywmcXVvdDtCdUtleSZxdW90OzomcXVvdDtHU1kmcXVvdDssJnF1b3Q7QnVOYW1lJnF1b3Q7OiZxdW90O01vbGVjdWxhciBCaW9sb2d5JnF1b3Q7LCZxdW90O0J1c2luZXNzVW5pdEVudW0mcXVvdDs6NSwmcXVvdDtEaXN0cmlidXRvclJlc3BvbnNpYmlsaXRpZXMmcXVvdDs6bnVsbCwmcXVvdDtIYXNMaW1zU3lzdGVtJnF1b3Q7OmZhbHNlLCZxdW90O0luc3RhbmNlU3RhdHVzRW51bSZxdW90OzowLCZxdW90O1NhbGVzSXRlbVR5cGVzJnF1b3Q7Om51bGwsJnF1b3Q7U2l0ZSZxdW90OzpudWxsLCZxdW90O1ZlcnNpb24mcXVvdDs6MCwmcXVvdDtCdVByb2R1Y3Rpb25EZXRhaWxzVXJsJnF1b3Q7Om51bGwsJnF1b3Q7SWQmcXVvdDs6NSwmcXVvdDtJc0hhcmREZWxldGVkJnF1b3Q7OmZhbHNlfSwmcXVvdDtQcm9kdWN0Q2F0ZWdvcnlFbnVtJnF1b3Q7OjEsJnF1b3Q7T3JkZXJXaXphcmRUeXBlRW51bSZxdW90OzoyLCZxdW90O0luc3RhbmNlU3RhdHVzRW51bSZxdW90OzowLCZxdW90O0Nhbk9yZGVyV2hlbk5vUHJpY2UmcXVvdDs6dHJ1ZSwmcXVvdDtDYW5RdW90ZVdoZW5Ob1ByaWNlJnF1b3Q7OmZhbHNlLCZxdW90O0NhblF1b3RlV2l0aFByaWNlJnF1b3Q7OnRydWUsJnF1b3Q7Q2FuU2hpcE9uRHJ5SWNlJnF1b3Q7OnRydWUsJnF1b3Q7Q29udHJvbFBhdGgmcXVvdDs6JnF1b3Q7aGhoJnF1b3Q7LCZxdW90O0lzU3RhbmRBbG9uZUl0ZW0mcXVvdDs6ZmFsc2UsJnF1b3Q7TmFtZSZxdW90OzomcXVvdDtHZW5lcyZxdW90OywmcXVvdDtPcmRlcmluZ1BhZ2VQYXRoJnF1b3Q7OiZxdW90O2ludExpbmtTSVRfR2VuZXMmcXVvdDssJnF1b3Q7UmVxdWlyZVBoeXNpY2FsU2hpcG1lbnQmcXVvdDs6dHJ1ZSwmcXVvdDtTaXRLZXkmcXVvdDs6JnF1b3Q7R2VuZXMmcXVvdDssJnF1b3Q7VmVyc2lvbiZxdW90OzoxMywmcXVvdDtXYWl0Rm9yQ2FuY2VsbGF0aW9uUGVyaW9kJnF1b3Q7OjE1LCZxdW90O1hzZFBhdGgmcXVvdDs6JnF1b3Q7ZHNmZHNmZHNmJnF1b3Q7LCZxdW90O05lZWRzQmlvU2FmZXR5JnF1b3Q7OnRydWUsJnF1b3Q7Q2FuR3Vlc3RDaGVja291dCZxdW90Ozp0cnVlLCZxdW90O0Rpc2FsbG93UXVhbnRpdHlDaGFuZ2UmcXVvdDs6ZmFsc2UsJnF1b3Q7RGlzYWxsb3dFZGl0SW5DYXJ0JnF1b3Q7OmZhbHNlLCZxdW90O1Jlc291cmNlUHJlZml4JnF1b3Q7OiZxdW90OyZxdW90OywmcXVvdDtQcm9kdWN0aW9uT3JkZXJHcm91cCZxdW90OzpudWxsLCZxdW90O1Nwc2MmcXVvdDs6JnF1b3Q7JnF1b3Q7LCZxdW90O0VDbGFzcyZxdW90OzomcXVvdDsmcXVvdDssJnF1b3Q7SWQmcXVvdDs6MSwmcXVvdDtJc0hhcmREZWxldGVkJnF1b3Q7OmZhbHNlfSx7JnF1b3Q7JGlkJnF1b3Q7OiZxdW90OzQ4JnF1b3Q7LCZxdW90O0J1c2luZXNzVW5pdCZxdW90Ozp7JnF1b3Q7JGlkJnF1b3Q7OiZxdW90OzQ5JnF1b3Q7LCZxdW90O0J1SWNvbiZxdW90OzomcXVvdDsvaW1hZ2VzL3VzZXJjb250cm9scy9pY29ucy9idS9tb2xiaW9sX3NtYWxsLmdpZiZxdW90OywmcXVvdDtCdUtleSZxdW90OzomcXVvdDtHU1kmcXVvdDssJnF1b3Q7QnVOYW1lJnF1b3Q7OiZxdW90O01vbGVjdWxhciBCaW9sb2d5JnF1b3Q7LCZxdW90O0J1c2luZXNzVW5pdEVudW0mcXVvdDs6NSwmcXVvdDtEaXN0cmlidXRvclJlc3BvbnNpYmlsaXRpZXMmcXVvdDs6bnVsbCwmcXVvdDtIYXNMaW1zU3lzdGVtJnF1b3Q7OmZhbHNlLCZxdW90O0luc3RhbmNlU3RhdHVzRW51bSZxdW90OzowLCZxdW90O1NhbGVzSXRlbVR5cGVzJnF1b3Q7Om51bGwsJnF1b3Q7U2l0ZSZxdW90OzpudWxsLCZxdW90O1ZlcnNpb24mcXVvdDs6MCwmcXVvdDtCdVByb2R1Y3Rpb25EZXRhaWxzVXJsJnF1b3Q7Om51bGwsJnF1b3Q7SWQmcXVvdDs6NSwmcXVvdDtJc0hhcmREZWxldGVkJnF1b3Q7OmZhbHNlfSwmcXVvdDtQcm9kdWN0Q2F0ZWdvcnlFbnVtJnF1b3Q7OjEsJnF1b3Q7T3JkZXJXaXphcmRUeXBlRW51bSZxdW90OzoxNSwmcXVvdDtJbnN0YW5jZVN0YXR1c0VudW0mcXVvdDs6MCwmcXVvdDtDYW5PcmRlcldoZW5Ob1ByaWNlJnF1b3Q7OmZhbHNlLCZxdW90O0NhblF1b3RlV2hlbk5vUHJpY2UmcXVvdDs6ZmFsc2UsJnF1b3Q7Q2FuUXVvdGVXaXRoUHJpY2UmcXVvdDs6dHJ1ZSwmcXVvdDtDYW5TaGlwT25EcnlJY2UmcXVvdDs6ZmFsc2UsJnF1b3Q7Q29udHJvbFBhdGgmcXVvdDs6JnF1b3Q7flxcdXNlcmNvbnRyb2xzXFxDb3JlXFxDb250YWluZXJcXE9yZGVyaW5nXFxHZW5lc1xcR2VuZUZyYWdtZW50XFxjY0dlbmVGcmFnbWVudC5hc2N4JnF1b3Q7LCZxdW90O0lzU3RhbmRBbG9uZUl0ZW0mcXVvdDs6ZmFsc2UsJnF1b3Q7TmFtZSZxdW90OzomcXVvdDtzeW50aGVzaXMmcXVvdDssJnF1b3Q7T3JkZXJpbmdQYWdlUGF0aCZxdW90OzomcXVvdDtpbnRMaW5rU0lUX0dlbmVzeW50aGVzaXMmcXVvdDssJnF1b3Q7UmVxdWlyZVBoeXNpY2FsU2hpcG1lbnQmcXVvdDs6dHJ1ZSwmcXVvdDtTaXRLZXkmcXVvdDs6JnF1b3Q7R2VuZXN5bnRoZXNpcyZxdW90OywmcXVvdDtWZXJzaW9uJnF1b3Q7OjQsJnF1b3Q7V2FpdEZvckNhbmNlbGxhdGlvblBlcmlvZCZxdW90OzoxNSwmcXVvdDtYc2RQYXRoJnF1b3Q7OiZxdW90O2h0dHBzOi8vc2VydmljZXMuZXVyb2ZpbnNnZW5vbWljcy5jb20vc2NoZW1hcy9FY29tL1BTRC9HZW5lVjEuMi54c2QmcXVvdDssJnF1b3Q7TmVlZHNCaW9TYWZldHkmcXVvdDs6dHJ1ZSwmcXVvdDtDYW5HdWVzdENoZWNrb3V0JnF1b3Q7OmZhbHNlLCZxdW90O0Rpc2FsbG93UXVhbnRpdHlDaGFuZ2UmcXVvdDs6ZmFsc2UsJnF1b3Q7RGlzYWxsb3dFZGl0SW5DYXJ0JnF1b3Q7OmZhbHNlLCZxdW90O1Jlc291cmNlUHJlZml4JnF1b3Q7OiZxdW90OyZxdW90OywmcXVvdDtQcm9kdWN0aW9uT3JkZXJHcm91cCZxdW90OzpudWxsLCZxdW90O1Nwc2MmcXVvdDs6JnF1b3Q7JnF1b3Q7LCZxdW90O0VDbGFzcyZxdW90OzomcXVvdDsmcXVvdDssJnF1b3Q7SWQmcXVvdDs6NzksJnF1b3Q7SXNIYXJkRGVsZXRlZCZxdW90OzpmYWxzZX0seyZxdW90OyRpZCZxdW90OzomcXVvdDs1MCZxdW90OywmcXVvdDtCdXNpbmVzc1VuaXQmcXVvdDs6eyZxdW90OyRpZCZxdW90OzomcXVvdDs1MSZxdW90OywmcXVvdDtCdUljb24mcXVvdDs6JnF1b3Q7L2ltYWdlcy91c2VyY29udHJvbHMvaWNvbnMvYnUvc2VxX3NtYWxsLmdpZiZxdW90OywmcXVvdDtCdUtleSZxdW90OzomcXVvdDtTRVEmcXVvdDssJnF1b3Q7QnVOYW1lJnF1b3Q7OiZxdW90O0N1c3RvbSBETkEgU2VxdWVuY2luZyZxdW90OywmcXVvdDtCdXNpbmVzc1VuaXRFbnVtJnF1b3Q7OjIsJnF1b3Q7RGlzdHJpYnV0b3JSZXNwb25zaWJpbGl0aWVzJnF1b3Q7Om51bGwsJnF1b3Q7SGFzTGltc1N5c3RlbSZxdW90OzpmYWxzZSwmcXVvdDtJbnN0YW5jZVN0YXR1c0VudW0mcXVvdDs6MCwmcXVvdDtTYWxlc0l0ZW1UeXBlcyZxdW90OzpudWxsLCZxdW90O1NpdGUmcXVvdDs6bnVsbCwmcXVvdDtWZXJzaW9uJnF1b3Q7OjEsJnF1b3Q7QnVQcm9kdWN0aW9uRGV0YWlsc1VybCZxdW90OzpudWxsLCZxdW90O0lkJnF1b3Q7OjIsJnF1b3Q7SXNIYXJkRGVsZXRlZCZxdW90OzpmYWxzZX0sJnF1b3Q7UHJvZHVjdENhdGVnb3J5RW51bSZxdW90OzowLCZxdW90O09yZGVyV2l6YXJkVHlwZUVudW0mcXVvdDs6OCwmcXVvdDtJbnN0YW5jZVN0YXR1c0VudW0mcXVvdDs6MCwmcXVvdDtDYW5PcmRlcldoZW5Ob1ByaWNlJnF1b3Q7OnRydWUsJnF1b3Q7Q2FuUXVvdGVXaGVuTm9QcmljZSZxdW90OzpmYWxzZSwmcXVvdDtDYW5RdW90ZVdpdGhQcmljZSZxdW90OzpmYWxzZSwmcXVvdDtDYW5TaGlwT25EcnlJY2UmcXVvdDs6ZmFsc2UsJnF1b3Q7Q29udHJvbFBhdGgmcXVvdDs6bnVsbCwmcXVvdDtJc1N0YW5kQWxvbmVJdGVtJnF1b3Q7OmZhbHNlLCZxdW90O05hbWUmcXVvdDs6JnF1b3Q7S2l0cyZxdW90OywmcXVvdDtPcmRlcmluZ1BhZ2VQYXRoJnF1b3Q7Om51bGwsJnF1b3Q7UmVxdWlyZVBoeXNpY2FsU2hpcG1lbnQmcXVvdDs6dHJ1ZSwmcXVvdDtTaXRLZXkmcXVvdDs6JnF1b3Q7S2l0cyZxdW90OywmcXVvdDtWZXJzaW9uJnF1b3Q7OjMsJnF1b3Q7V2FpdEZvckNhbmNlbGxhdGlvblBlcmlvZCZxdW90OzowLCZxdW90O1hzZFBhdGgmcXVvdDs6JnF1b3Q7aHR0cHM6Ly9zZXJ2aWNlcy5ldXJvZmluc2dlbm9taWNzLmNvbS9TY2hlbWFzL0Vjb20vUFNEL1NlcXVlbmNpbmdWMi4yLnhzZCZxdW90OywmcXVvdDtOZWVkc0Jpb1NhZmV0eSZxdW90OzpmYWxzZSwmcXVvdDtDYW5HdWVzdENoZWNrb3V0JnF1b3Q7OmZhbHNlLCZxdW90O0Rpc2FsbG93UXVhbnRpdHlDaGFuZ2UmcXVvdDs6ZmFsc2UsJnF1b3Q7RGlzYWxsb3dFZGl0SW5DYXJ0JnF1b3Q7OmZhbHNlLCZxdW90O1Jlc291cmNlUHJlZml4JnF1b3Q7Om51bGwsJnF1b3Q7UHJvZHVjdGlvbk9yZGVyR3JvdXAmcXVvdDs6bnVsbCwmcXVvdDtTcHNjJnF1b3Q7Om51bGwsJnF1b3Q7RUNsYXNzJnF1b3Q7Om51bGwsJnF1b3Q7SWQmcXVvdDs6MjQsJnF1b3Q7SXNIYXJkRGVsZXRlZCZxdW90OzpmYWxzZX0seyZxdW90OyRpZCZxdW90OzomcXVvdDs1MiZxdW90OywmcXVvdDtCdXNpbmVzc1VuaXQmcXVvdDs6eyZxdW90OyRpZCZxdW90OzomcXVvdDs1MyZxdW90OywmcXVvdDtCdUljb24mcXVvdDs6JnF1b3Q7L2ltYWdlcy91c2VyY29udHJvbHMvaWNvbnMvYnUvb2xpZ29fc21hbGwuZ2lmJnF1b3Q7LCZxdW90O0J1S2V5JnF1b3Q7OiZxdW90O09saWdvcyZxdW90OywmcXVvdDtCdU5hbWUmcXVvdDs6JnF1b3Q7RE5BICZhbXA7IFJOQSBPbGlnb251Y2xlb3RpZGVzJnF1b3Q7LCZxdW90O0J1c2luZXNzVW5pdEVudW0mcXVvdDs6MSwmcXVvdDtEaXN0cmlidXRvclJlc3BvbnNpYmlsaXRpZXMmcXVvdDs6bnVsbCwmcXVvdDtIYXNMaW1zU3lzdGVtJnF1b3Q7OmZhbHNlLCZxdW90O0luc3RhbmNlU3RhdHVzRW51bSZxdW90OzowLCZxdW90O1NhbGVzSXRlbVR5cGVzJnF1b3Q7Om51bGwsJnF1b3Q7U2l0ZSZxdW90OzpudWxsLCZxdW90O1ZlcnNpb24mcXVvdDs6MSwmcXVvdDtCdVByb2R1Y3Rpb25EZXRhaWxzVXJsJnF1b3Q7Om51bGwsJnF1b3Q7SWQmcXVvdDs6MSwmcXVvdDtJc0hhcmREZWxldGVkJnF1b3Q7OmZhbHNlfSwmcXVvdDtQcm9kdWN0Q2F0ZWdvcnlFbnVtJnF1b3Q7OjEsJnF1b3Q7T3JkZXJXaXphcmRUeXBlRW51bSZxdW90OzozLCZxdW90O0luc3RhbmNlU3RhdHVzRW51bSZxdW90OzowLCZxdW90O0Nhbk9yZGVyV2hlbk5vUHJpY2UmcXVvdDs6dHJ1ZSwmcXVvdDtDYW5RdW90ZVdoZW5Ob1ByaWNlJnF1b3Q7OmZhbHNlLCZxdW90O0NhblF1b3RlV2l0aFByaWNlJnF1b3Q7OmZhbHNlLCZxdW90O0NhblNoaXBPbkRyeUljZSZxdW90OzpmYWxzZSwmcXVvdDtDb250cm9sUGF0aCZxdW90OzomcXVvdDt+XFx1c2VyY29udHJvbHNcXENvcmVcXENvbnRhaW5lclxcT3JkZXJpbmdcXE9saWdvc1xcU2VtaUN1c3RvbWlzZWRJblR1YmVzLmFzY3gmcXVvdDssJnF1b3Q7SXNTdGFuZEFsb25lSXRlbSZxdW90OzpmYWxzZSwmcXVvdDtOYW1lJnF1b3Q7OiZxdW90O0xpZ2h0Q3ljbGVyIFByb2JlcyZxdW90OywmcXVvdDtPcmRlcmluZ1BhZ2VQYXRoJnF1b3Q7OiZxdW90O2ludExpbmtTSVRfTENQcm9iZSZxdW90OywmcXVvdDtSZXF1aXJlUGh5c2ljYWxTaGlwbWVudCZxdW90Ozp0cnVlLCZxdW90O1NpdEtleSZxdW90OzomcXVvdDtMQ1Byb2JlJnF1b3Q7LCZxdW90O1ZlcnNpb24mcXVvdDs6MiwmcXVvdDtXYWl0Rm9yQ2FuY2VsbGF0aW9uUGVyaW9kJnF1b3Q7OjAsJnF1b3Q7WHNkUGF0aCZxdW90OzomcXVvdDtodHRwczovL3NlcnZpY2VzLmV1cm9maW5zZ2Vub21pY3MuY29tL1NjaGVtYXMvRWNvbS9QU0QvT2xpZ29WNC4xLnhzZCZxdW90OywmcXVvdDtOZWVkc0Jpb1NhZmV0eSZxdW90Ozp0cnVlLCZxdW90O0Nhbkd1ZXN0Q2hlY2tvdXQmcXVvdDs6ZmFsc2UsJnF1b3Q7RGlzYWxsb3dRdWFudGl0eUNoYW5nZSZxdW90OzpmYWxzZSwmcXVvdDtEaXNhbGxvd0VkaXRJbkNhcnQmcXVvdDs6ZmFsc2UsJnF1b3Q7UmVzb3VyY2VQcmVmaXgmcXVvdDs6bnVsbCwmcXVvdDtQcm9kdWN0aW9uT3JkZXJHcm91cCZxdW90OzpudWxsLCZxdW90O1Nwc2MmcXVvdDs6bnVsbCwmcXVvdDtFQ2xhc3MmcXVvdDs6bnVsbCwmcXVvdDtJZCZxdW90Ozo4MCwmcXVvdDtJc0hhcmREZWxldGVkJnF1b3Q7OmZhbHNlfSx7JnF1b3Q7JGlkJnF1b3Q7OiZxdW90OzU0JnF1b3Q7LCZxdW90O0J1c2luZXNzVW5pdCZxdW90Ozp7JnF1b3Q7JGlkJnF1b3Q7OiZxdW90OzU1JnF1b3Q7LCZxdW90O0J1SWNvbiZxdW90OzomcXVvdDsvaW1hZ2VzL3VzZXJjb250cm9scy9pY29ucy9idS9vbGlnb19zbWFsbC5naWYmcXVvdDssJnF1b3Q7QnVLZXkmcXVvdDs6JnF1b3Q7T2xpZ29zJnF1b3Q7LCZxdW90O0J1TmFtZSZxdW90OzomcXVvdDtETkEgJmFtcDsgUk5BIE9saWdvbnVjbGVvdGlkZXMmcXVvdDssJnF1b3Q7QnVzaW5lc3NVbml0RW51bSZxdW90OzoxLCZxdW90O0Rpc3RyaWJ1dG9yUmVzcG9uc2liaWxpdGllcyZxdW90OzpudWxsLCZxdW90O0hhc0xpbXNTeXN0ZW0mcXVvdDs6ZmFsc2UsJnF1b3Q7SW5zdGFuY2VTdGF0dXNFbnVtJnF1b3Q7OjAsJnF1b3Q7U2FsZXNJdGVtVHlwZXMmcXVvdDs6bnVsbCwmcXVvdDtTaXRlJnF1b3Q7Om51bGwsJnF1b3Q7VmVyc2lvbiZxdW90OzoxLCZxdW90O0J1UHJvZHVjdGlvbkRldGFpbHNVcmwmcXVvdDs6bnVsbCwmcXVvdDtJZCZxdW90OzoxLCZxdW90O0lzSGFyZERlbGV0ZWQmcXVvdDs6ZmFsc2V9LCZxdW90O1Byb2R1Y3RDYXRlZ29yeUVudW0mcXVvdDs6MSwmcXVvdDtPcmRlcldpemFyZFR5cGVFbnVtJnF1b3Q7OjMsJnF1b3Q7SW5zdGFuY2VTdGF0dXNFbnVtJnF1b3Q7OjAsJnF1b3Q7Q2FuT3JkZXJXaGVuTm9QcmljZSZxdW90Ozp0cnVlLCZxdW90O0NhblF1b3RlV2hlbk5vUHJpY2UmcXVvdDs6ZmFsc2UsJnF1b3Q7Q2FuUXVvdGVXaXRoUHJpY2UmcXVvdDs6dHJ1ZSwmcXVvdDtDYW5TaGlwT25EcnlJY2UmcXVvdDs6ZmFsc2UsJnF1b3Q7Q29udHJvbFBhdGgmcXVvdDs6JnF1b3Q7flxcdXNlcmNvbnRyb2xzXFxDb3JlXFxDb250YWluZXJcXE9yZGVyaW5nXFxPbGlnb3NcXFNlbWlDdXN0b21pc2VkSW5UdWJlcy5hc2N4JnF1b3Q7LCZxdW90O0lzU3RhbmRBbG9uZUl0ZW0mcXVvdDs6ZmFsc2UsJnF1b3Q7TmFtZSZxdW90OzomcXVvdDtMb25nbWVyIE9saWdvJnF1b3Q7LCZxdW90O09yZGVyaW5nUGFnZVBhdGgmcXVvdDs6JnF1b3Q7aW50TGlua1NJVF9Mb25nbWVyT2xpZ28mcXVvdDssJnF1b3Q7UmVxdWlyZVBoeXNpY2FsU2hpcG1lbnQmcXVvdDs6dHJ1ZSwmcXVvdDtTaXRLZXkmcXVvdDs6JnF1b3Q7TG9uZ21lck9saWdvJnF1b3Q7LCZxdW90O1ZlcnNpb24mcXVvdDs6MywmcXVvdDtXYWl0Rm9yQ2FuY2VsbGF0aW9uUGVyaW9kJnF1b3Q7OjMwLCZxdW90O1hzZFBhdGgmcXVvdDs6JnF1b3Q7aHR0cHM6Ly9zZXJ2aWNlcy5ldXJvZmluc2dlbm9taWNzLmNvbS9TY2hlbWFzL0Vjb20vUFNEL09saWdvVjQuMS54c2QmcXVvdDssJnF1b3Q7TmVlZHNCaW9TYWZldHkmcXVvdDs6ZmFsc2UsJnF1b3Q7Q2FuR3Vlc3RDaGVja291dCZxdW90OzpmYWxzZSwmcXVvdDtEaXNhbGxvd1F1YW50aXR5Q2hhbmdlJnF1b3Q7OmZhbHNlLCZxdW90O0Rpc2FsbG93RWRpdEluQ2FydCZxdW90OzpmYWxzZSwmcXVvdDtSZXNvdXJjZVByZWZpeCZxdW90OzpudWxsLCZxdW90O1Byb2R1Y3Rpb25PcmRlckdyb3VwJnF1b3Q7Om51bGwsJnF1b3Q7U3BzYyZxdW90OzpudWxsLCZxdW90O0VDbGFzcyZxdW90OzpudWxsLCZxdW90O0lkJnF1b3Q7OjE1LCZxdW90O0lzSGFyZERlbGV0ZWQmcXVvdDs6ZmFsc2V9LHsmcXVvdDskaWQmcXVvdDs6JnF1b3Q7NTYmcXVvdDssJnF1b3Q7QnVzaW5lc3NVbml0JnF1b3Q7OnsmcXVvdDskaWQmcXVvdDs6JnF1b3Q7NTcmcXVvdDssJnF1b3Q7QnVJY29uJnF1b3Q7OiZxdW90Oy9pbWFnZXMvdXNlcmNvbnRyb2xzL2ljb25zL2J1L29saWdvX3NtYWxsLmdpZiZxdW90OywmcXVvdDtCdUtleSZxdW90OzomcXVvdDtPbGlnb3MmcXVvdDssJnF1b3Q7QnVOYW1lJnF1b3Q7OiZxdW90O0ROQSAmYW1wOyBSTkEgT2xpZ29udWNsZW90aWRlcyZxdW90OywmcXVvdDtCdXNpbmVzc1VuaXRFbnVtJnF1b3Q7OjEsJnF1b3Q7RGlzdHJpYnV0b3JSZXNwb25zaWJpbGl0aWVzJnF1b3Q7Om51bGwsJnF1b3Q7SGFzTGltc1N5c3RlbSZxdW90OzpmYWxzZSwmcXVvdDtJbnN0YW5jZVN0YXR1c0VudW0mcXVvdDs6MCwmcXVvdDtTYWxlc0l0ZW1UeXBlcyZxdW90OzpudWxsLCZxdW90O1NpdGUmcXVvdDs6bnVsbCwmcXVvdDtWZXJzaW9uJnF1b3Q7OjEsJnF1b3Q7QnVQcm9kdWN0aW9uRGV0YWlsc1VybCZxdW90OzpudWxsLCZxdW90O0lkJnF1b3Q7OjEsJnF1b3Q7SXNIYXJkRGVsZXRlZCZxdW90OzpmYWxzZX0sJnF1b3Q7UHJvZHVjdENhdGVnb3J5RW51bSZxdW90OzoxLCZxdW90O09yZGVyV2l6YXJkVHlwZUVudW0mcXVvdDs6MywmcXVvdDtJbnN0YW5jZVN0YXR1c0VudW0mcXVvdDs6MCwmcXVvdDtDYW5PcmRlcldoZW5Ob1ByaWNlJnF1b3Q7OnRydWUsJnF1b3Q7Q2FuUXVvdGVXaGVuTm9QcmljZSZxdW90OzpmYWxzZSwmcXVvdDtDYW5RdW90ZVdpdGhQcmljZSZxdW90OzpmYWxzZSwmcXVvdDtDYW5TaGlwT25EcnlJY2UmcXVvdDs6ZmFsc2UsJnF1b3Q7Q29udHJvbFBhdGgmcXVvdDs6JnF1b3Q7flxcdXNlcmNvbnRyb2xzXFxDb3JlXFxDb250YWluZXJcXE9yZGVyaW5nXFxPbGlnb3NcXFNlbWlDdXN0b21pc2VkSW5UdWJlcy5hc2N4JnF1b3Q7LCZxdW90O0lzU3RhbmRBbG9uZUl0ZW0mcXVvdDs6ZmFsc2UsJnF1b3Q7TmFtZSZxdW90OzomcXVvdDtNR0JQcm9iZSZxdW90OywmcXVvdDtPcmRlcmluZ1BhZ2VQYXRoJnF1b3Q7OiZxdW90O2ludExpbmtTSVRfTUdCUHJvYmUmcXVvdDssJnF1b3Q7UmVxdWlyZVBoeXNpY2FsU2hpcG1lbnQmcXVvdDs6dHJ1ZSwmcXVvdDtTaXRLZXkmcXVvdDs6JnF1b3Q7TUdCUHJvYmUmcXVvdDssJnF1b3Q7VmVyc2lvbiZxdW90Ozo3LCZxdW90O1dhaXRGb3JDYW5jZWxsYXRpb25QZXJpb2QmcXVvdDs6MSwmcXVvdDtYc2RQYXRoJnF1b3Q7OiZxdW90O2h0dHBzOi8vc2VydmljZXMuZXVyb2ZpbnNnZW5vbWljcy5jb20vU2NoZW1hcy9FY29tL1BTRC9PbGlnb1Y0LjEueHNkJnF1b3Q7LCZxdW90O05lZWRzQmlvU2FmZXR5JnF1b3Q7OnRydWUsJnF1b3Q7Q2FuR3Vlc3RDaGVja291dCZxdW90OzpmYWxzZSwmcXVvdDtEaXNhbGxvd1F1YW50aXR5Q2hhbmdlJnF1b3Q7OmZhbHNlLCZxdW90O0Rpc2FsbG93RWRpdEluQ2FydCZxdW90Ozp0cnVlLCZxdW90O1Jlc291cmNlUHJlZml4JnF1b3Q7OiZxdW90OyZxdW90OywmcXVvdDtQcm9kdWN0aW9uT3JkZXJHcm91cCZxdW90OzpudWxsLCZxdW90O1Nwc2MmcXVvdDs6JnF1b3Q7JnF1b3Q7LCZxdW90O0VDbGFzcyZxdW90OzomcXVvdDsmcXVvdDssJnF1b3Q7SWQmcXVvdDs6NzIsJnF1b3Q7SXNIYXJkRGVsZXRlZCZxdW90OzpmYWxzZX0seyZxdW90OyRpZCZxdW90OzomcXVvdDs1OCZxdW90OywmcXVvdDtCdXNpbmVzc1VuaXQmcXVvdDs6eyZxdW90OyRpZCZxdW90OzomcXVvdDs1OSZxdW90OywmcXVvdDtCdUljb24mcXVvdDs6JnF1b3Q7L2ltYWdlcy91c2VyY29udHJvbHMvaWNvbnMvYnUvc2VxX3NtYWxsLmdpZiZxdW90OywmcXVvdDtCdUtleSZxdW90OzomcXVvdDtTRVEmcXVvdDssJnF1b3Q7QnVOYW1lJnF1b3Q7OiZxdW90O0N1c3RvbSBETkEgU2VxdWVuY2luZyZxdW90OywmcXVvdDtCdXNpbmVzc1VuaXRFbnVtJnF1b3Q7OjIsJnF1b3Q7RGlzdHJpYnV0b3JSZXNwb25zaWJpbGl0aWVzJnF1b3Q7Om51bGwsJnF1b3Q7SGFzTGltc1N5c3RlbSZxdW90OzpmYWxzZSwmcXVvdDtJbnN0YW5jZVN0YXR1c0VudW0mcXVvdDs6MCwmcXVvdDtTYWxlc0l0ZW1UeXBlcyZxdW90OzpudWxsLCZxdW90O1NpdGUmcXVvdDs6bnVsbCwmcXVvdDtWZXJzaW9uJnF1b3Q7OjEsJnF1b3Q7QnVQcm9kdWN0aW9uRGV0YWlsc1VybCZxdW90OzpudWxsLCZxdW90O0lkJnF1b3Q7OjIsJnF1b3Q7SXNIYXJkRGVsZXRlZCZxdW90OzpmYWxzZX0sJnF1b3Q7UHJvZHVjdENhdGVnb3J5RW51bSZxdW90OzoyLCZxdW90O09yZGVyV2l6YXJkVHlwZUVudW0mcXVvdDs6MjAsJnF1b3Q7SW5zdGFuY2VTdGF0dXNFbnVtJnF1b3Q7OjAsJnF1b3Q7Q2FuT3JkZXJXaGVuTm9QcmljZSZxdW90Ozp0cnVlLCZxdW90O0NhblF1b3RlV2hlbk5vUHJpY2UmcXVvdDs6dHJ1ZSwmcXVvdDtDYW5RdW90ZVdpdGhQcmljZSZxdW90Ozp0cnVlLCZxdW90O0NhblNoaXBPbkRyeUljZSZxdW90OzpmYWxzZSwmcXVvdDtDb250cm9sUGF0aCZxdW90OzpudWxsLCZxdW90O0lzU3RhbmRBbG9uZUl0ZW0mcXVvdDs6ZmFsc2UsJnF1b3Q7TmFtZSZxdW90OzomcXVvdDtNaXgyU2VxJnF1b3Q7LCZxdW90O09yZGVyaW5nUGFnZVBhdGgmcXVvdDs6bnVsbCwmcXVvdDtSZXF1aXJlUGh5c2ljYWxTaGlwbWVudCZxdW90OzpmYWxzZSwmcXVvdDtTaXRLZXkmcXVvdDs6JnF1b3Q7TWl4MlNlcSZxdW90OywmcXVvdDtWZXJzaW9uJnF1b3Q7OjIsJnF1b3Q7V2FpdEZvckNhbmNlbGxhdGlvblBlcmlvZCZxdW90OzowLCZxdW90O1hzZFBhdGgmcXVvdDs6JnF1b3Q7aHR0cHM6Ly9zZXJ2aWNlcy5ldXJvZmluc2dlbm9taWNzLmNvbS9TY2hlbWFzL0Vjb20vUFNEL01peDJTZXFWMS4xLnhzZCZxdW90OywmcXVvdDtOZWVkc0Jpb1NhZmV0eSZxdW90OzpmYWxzZSwmcXVvdDtDYW5HdWVzdENoZWNrb3V0JnF1b3Q7OnRydWUsJnF1b3Q7RGlzYWxsb3dRdWFudGl0eUNoYW5nZSZxdW90OzpmYWxzZSwmcXVvdDtEaXNhbGxvd0VkaXRJbkNhcnQmcXVvdDs6ZmFsc2UsJnF1b3Q7UmVzb3VyY2VQcmVmaXgmcXVvdDs6bnVsbCwmcXVvdDtQcm9kdWN0aW9uT3JkZXJHcm91cCZxdW90Ozp7JnF1b3Q7JGlkJnF1b3Q7OiZxdW90OzYwJnF1b3Q7LCZxdW90O05hbWUmcXVvdDs6JnF1b3Q7TWl4MlNlcSZxdW90OywmcXVvdDtYbWxCdXNpbmVzc1VuaXQmcXVvdDs6JnF1b3Q7TWl4MlNlcSZxdW90OywmcXVvdDtJZCZxdW90Ozo0LCZxdW90O0lzSGFyZERlbGV0ZWQmcXVvdDs6ZmFsc2V9LCZxdW90O1Nwc2MmcXVvdDs6bnVsbCwmcXVvdDtFQ2xhc3MmcXVvdDs6bnVsbCwmcXVvdDtJZCZxdW90Ozo2NywmcXVvdDtJc0hhcmREZWxldGVkJnF1b3Q7OmZhbHNlfSx7JnF1b3Q7JGlkJnF1b3Q7OiZxdW90OzYxJnF1b3Q7LCZxdW90O0J1c2luZXNzVW5pdCZxdW90Ozp7JnF1b3Q7JGlkJnF1b3Q7OiZxdW90OzYyJnF1b3Q7LCZxdW90O0J1SWNvbiZxdW90OzomcXVvdDsvaW1hZ2VzL3VzZXJjb250cm9scy9pY29ucy9idS9zZXFfc21hbGwuZ2lmJnF1b3Q7LCZxdW90O0J1S2V5JnF1b3Q7OiZxdW90O1NFUSZxdW90OywmcXVvdDtCdU5hbWUmcXVvdDs6JnF1b3Q7Q3VzdG9tIEROQSBTZXF1ZW5jaW5nJnF1b3Q7LCZxdW90O0J1c2luZXNzVW5pdEVudW0mcXVvdDs6MiwmcXVvdDtEaXN0cmlidXRvclJlc3BvbnNpYmlsaXRpZXMmcXVvdDs6bnVsbCwmcXVvdDtIYXNMaW1zU3lzdGVtJnF1b3Q7OmZhbHNlLCZxdW90O0luc3RhbmNlU3RhdHVzRW51bSZxdW90OzowLCZxdW90O1NhbGVzSXRlbVR5cGVzJnF1b3Q7Om51bGwsJnF1b3Q7U2l0ZSZxdW90OzpudWxsLCZxdW90O1ZlcnNpb24mcXVvdDs6MSwmcXVvdDtCdVByb2R1Y3Rpb25EZXRhaWxzVXJsJnF1b3Q7Om51bGwsJnF1b3Q7SWQmcXVvdDs6MiwmcXVvdDtJc0hhcmREZWxldGVkJnF1b3Q7OmZhbHNlfSwmcXVvdDtQcm9kdWN0Q2F0ZWdvcnlFbnVtJnF1b3Q7OjIsJnF1b3Q7T3JkZXJXaXphcmRUeXBlRW51bSZxdW90OzoyMCwmcXVvdDtJbnN0YW5jZVN0YXR1c0VudW0mcXVvdDs6MCwmcXVvdDtDYW5PcmRlcldoZW5Ob1ByaWNlJnF1b3Q7OnRydWUsJnF1b3Q7Q2FuUXVvdGVXaGVuTm9QcmljZSZxdW90Ozp0cnVlLCZxdW90O0NhblF1b3RlV2l0aFByaWNlJnF1b3Q7OnRydWUsJnF1b3Q7Q2FuU2hpcE9uRHJ5SWNlJnF1b3Q7OmZhbHNlLCZxdW90O0NvbnRyb2xQYXRoJnF1b3Q7OiZxdW90O35cXHVzZXJjb250cm9sc1xcQ29yZVxcQ29udGFpbmVyXFxPcmRlcmluZ1xcQ2F0YWxvZ3VlUHJvZHVjdHNcXENhdGFsb2d1ZVByb2R1Y3QuYXNjeCZxdW90OywmcXVvdDtJc1N0YW5kQWxvbmVJdGVtJnF1b3Q7OmZhbHNlLCZxdW90O05hbWUmcXVvdDs6JnF1b3Q7TWl4MlNlcSBLaXQmcXVvdDssJnF1b3Q7T3JkZXJpbmdQYWdlUGF0aCZxdW90OzomcXVvdDtpbnRMaW5rU0lUX01peDJTZXFLaXQmcXVvdDssJnF1b3Q7UmVxdWlyZVBoeXNpY2FsU2hpcG1lbnQmcXVvdDs6ZmFsc2UsJnF1b3Q7U2l0S2V5JnF1b3Q7OiZxdW90O01peDJTZXFLaXQmcXVvdDssJnF1b3Q7VmVyc2lvbiZxdW90Ozo0LCZxdW90O1dhaXRGb3JDYW5jZWxsYXRpb25QZXJpb2QmcXVvdDs6MCwmcXVvdDtYc2RQYXRoJnF1b3Q7OiZxdW90O2h0dHBzOi8vc2VydmljZXMuZXVyb2ZpbnNnZW5vbWljcy5jb20vU2NoZW1hcy9FY29tL1BTRC9DYXRhbG9ndWVQcm9kdWN0c1YyLjIueHNkJnF1b3Q7LCZxdW90O05lZWRzQmlvU2FmZXR5JnF1b3Q7OmZhbHNlLCZxdW90O0Nhbkd1ZXN0Q2hlY2tvdXQmcXVvdDs6dHJ1ZSwmcXVvdDtEaXNhbGxvd1F1YW50aXR5Q2hhbmdlJnF1b3Q7OmZhbHNlLCZxdW90O0Rpc2FsbG93RWRpdEluQ2FydCZxdW90OzpmYWxzZSwmcXVvdDtSZXNvdXJjZVByZWZpeCZxdW90OzomcXVvdDsmcXVvdDssJnF1b3Q7UHJvZHVjdGlvbk9yZGVyR3JvdXAmcXVvdDs6eyZxdW90OyRyZWYmcXVvdDs6JnF1b3Q7MyZxdW90O30sJnF1b3Q7U3BzYyZxdW90OzomcXVvdDsmcXVvdDssJnF1b3Q7RUNsYXNzJnF1b3Q7OiZxdW90OyZxdW90OywmcXVvdDtJZCZxdW90Ozo2OCwmcXVvdDtJc0hhcmREZWxldGVkJnF1b3Q7OmZhbHNlfSx7JnF1b3Q7JGlkJnF1b3Q7OiZxdW90OzYzJnF1b3Q7LCZxdW90O0J1c2luZXNzVW5pdCZxdW90Ozp7JnF1b3Q7JGlkJnF1b3Q7OiZxdW90OzY0JnF1b3Q7LCZxdW90O0J1SWNvbiZxdW90OzomcXVvdDsvaW1hZ2VzL3VzZXJjb250cm9scy9pY29ucy9idS9vbGlnb19zbWFsbC5naWYmcXVvdDssJnF1b3Q7QnVLZXkmcXVvdDs6JnF1b3Q7T2xpZ29zJnF1b3Q7LCZxdW90O0J1TmFtZSZxdW90OzomcXVvdDtETkEgJmFtcDsgUk5BIE9saWdvbnVjbGVvdGlkZXMmcXVvdDssJnF1b3Q7QnVzaW5lc3NVbml0RW51bSZxdW90OzoxLCZxdW90O0Rpc3RyaWJ1dG9yUmVzcG9uc2liaWxpdGllcyZxdW90OzpudWxsLCZxdW90O0hhc0xpbXNTeXN0ZW0mcXVvdDs6ZmFsc2UsJnF1b3Q7SW5zdGFuY2VTdGF0dXNFbnVtJnF1b3Q7OjAsJnF1b3Q7U2FsZXNJdGVtVHlwZXMmcXVvdDs6bnVsbCwmcXVvdDtTaXRlJnF1b3Q7Om51bGwsJnF1b3Q7VmVyc2lvbiZxdW90OzoxLCZxdW90O0J1UHJvZHVjdGlvbkRldGFpbHNVcmwmcXVvdDs6bnVsbCwmcXVvdDtJZCZxdW90OzoxLCZxdW90O0lzSGFyZERlbGV0ZWQmcXVvdDs6ZmFsc2V9LCZxdW90O1Byb2R1Y3RDYXRlZ29yeUVudW0mcXVvdDs6MSwmcXVvdDtPcmRlcldpemFyZFR5cGVFbnVtJnF1b3Q7OjMsJnF1b3Q7SW5zdGFuY2VTdGF0dXNFbnVtJnF1b3Q7OjAsJnF1b3Q7Q2FuT3JkZXJXaGVuTm9QcmljZSZxdW90Ozp0cnVlLCZxdW90O0NhblF1b3RlV2hlbk5vUHJpY2UmcXVvdDs6ZmFsc2UsJnF1b3Q7Q2FuUXVvdGVXaXRoUHJpY2UmcXVvdDs6ZmFsc2UsJnF1b3Q7Q2FuU2hpcE9uRHJ5SWNlJnF1b3Q7OmZhbHNlLCZxdW90O0NvbnRyb2xQYXRoJnF1b3Q7OiZxdW90O35cXHVzZXJjb250cm9sc1xcQ29yZVxcQ29udGFpbmVyXFxPcmRlcmluZ1xcT2xpZ29zXFxTZW1pQ3VzdG9taXNlZEluVHViZXMuYXNjeCZxdW90OywmcXVvdDtJc1N0YW5kQWxvbmVJdGVtJnF1b3Q7OmZhbHNlLCZxdW90O05hbWUmcXVvdDs6JnF1b3Q7TW9sZWN1bGFyIEJlYWNvbiZxdW90OywmcXVvdDtPcmRlcmluZ1BhZ2VQYXRoJnF1b3Q7OiZxdW90O2ludExpbmtTSVRfTW9sQmVhY29uJnF1b3Q7LCZxdW90O1JlcXVpcmVQaHlzaWNhbFNoaXBtZW50JnF1b3Q7OnRydWUsJnF1b3Q7U2l0S2V5JnF1b3Q7OiZxdW90O01vbEJlYWNvbiZxdW90OywmcXVvdDtWZXJzaW9uJnF1b3Q7OjMsJnF1b3Q7V2FpdEZvckNhbmNlbGxhdGlvblBlcmlvZCZxdW90OzozMCwmcXVvdDtYc2RQYXRoJnF1b3Q7OiZxdW90O2h0dHBzOi8vc2VydmljZXMuZXVyb2ZpbnNnZW5vbWljcy5jb20vU2NoZW1hcy9FY29tL1BTRC9PbGlnb1Y0LjEueHNkJnF1b3Q7LCZxdW90O05lZWRzQmlvU2FmZXR5JnF1b3Q7OmZhbHNlLCZxdW90O0Nhbkd1ZXN0Q2hlY2tvdXQmcXVvdDs6ZmFsc2UsJnF1b3Q7RGlzYWxsb3dRdWFudGl0eUNoYW5nZSZxdW90OzpmYWxzZSwmcXVvdDtEaXNhbGxvd0VkaXRJbkNhcnQmcXVvdDs6ZmFsc2UsJnF1b3Q7UmVzb3VyY2VQcmVmaXgmcXVvdDs6bnVsbCwmcXVvdDtQcm9kdWN0aW9uT3JkZXJHcm91cCZxdW90OzpudWxsLCZxdW90O1Nwc2MmcXVvdDs6bnVsbCwmcXVvdDtFQ2xhc3MmcXVvdDs6bnVsbCwmcXVvdDtJZCZxdW90OzoyOSwmcXVvdDtJc0hhcmREZWxldGVkJnF1b3Q7OmZhbHNlfSx7JnF1b3Q7JGlkJnF1b3Q7OiZxdW90OzY1JnF1b3Q7LCZxdW90O0J1c2luZXNzVW5pdCZxdW90Ozp7JnF1b3Q7JGlkJnF1b3Q7OiZxdW90OzY2JnF1b3Q7LCZxdW90O0J1SWNvbiZxdW90OzomcXVvdDsvaW1hZ2VzL3VzZXJjb250cm9scy9pY29ucy9idS9vbGlnb19zbWFsbC5naWYmcXVvdDssJnF1b3Q7QnVLZXkmcXVvdDs6JnF1b3Q7T2xpZ29zJnF1b3Q7LCZxdW90O0J1TmFtZSZxdW90OzomcXVvdDtETkEgJmFtcDsgUk5BIE9saWdvbnVjbGVvdGlkZXMmcXVvdDssJnF1b3Q7QnVzaW5lc3NVbml0RW51bSZxdW90OzoxLCZxdW90O0Rpc3RyaWJ1dG9yUmVzcG9uc2liaWxpdGllcyZxdW90OzpudWxsLCZxdW90O0hhc0xpbXNTeXN0ZW0mcXVvdDs6ZmFsc2UsJnF1b3Q7SW5zdGFuY2VTdGF0dXNFbnVtJnF1b3Q7OjAsJnF1b3Q7U2FsZXNJdGVtVHlwZXMmcXVvdDs6bnVsbCwmcXVvdDtTaXRlJnF1b3Q7Om51bGwsJnF1b3Q7VmVyc2lvbiZxdW90OzoxLCZxdW90O0J1UHJvZHVjdGlvbkRldGFpbHNVcmwmcXVvdDs6bnVsbCwmcXVvdDtJZCZxdW90OzoxLCZxdW90O0lzSGFyZERlbGV0ZWQmcXVvdDs6ZmFsc2V9LCZxdW90O1Byb2R1Y3RDYXRlZ29yeUVudW0mcXVvdDs6MSwmcXVvdDtPcmRlcldpemFyZFR5cGVFbnVtJnF1b3Q7OjQsJnF1b3Q7SW5zdGFuY2VTdGF0dXNFbnVtJnF1b3Q7OjAsJnF1b3Q7Q2FuT3JkZXJXaGVuTm9QcmljZSZxdW90Ozp0cnVlLCZxdW90O0NhblF1b3RlV2hlbk5vUHJpY2UmcXVvdDs6ZmFsc2UsJnF1b3Q7Q2FuUXVvdGVXaXRoUHJpY2UmcXVvdDs6dHJ1ZSwmcXVvdDtDYW5TaGlwT25EcnlJY2UmcXVvdDs6ZmFsc2UsJnF1b3Q7Q29udHJvbFBhdGgmcXVvdDs6JnF1b3Q7flxcdXNlcmNvbnRyb2xzXFxDb3JlXFxDb250YWluZXJcXE9yZGVyaW5nXFxPbGlnb3NcXEZ1bGx5Q3VzdG9taXNlZEluVHViZXMuYXNjeCZxdW90OywmcXVvdDtJc1N0YW5kQWxvbmVJdGVtJnF1b3Q7OmZhbHNlLCZxdW90O05hbWUmcXVvdDs6JnF1b3Q7TkdTZ3JhZGUgT2xpZ28mcXVvdDssJnF1b3Q7T3JkZXJpbmdQYWdlUGF0aCZxdW90OzomcXVvdDtpbnRMaW5rU0lUX05HU2dyYWRlT2xpZ28mcXVvdDssJnF1b3Q7UmVxdWlyZVBoeXNpY2FsU2hpcG1lbnQmcXVvdDs6dHJ1ZSwmcXVvdDtTaXRLZXkmcXVvdDs6JnF1b3Q7TkdTZ3JhZGVPbGlnbyZxdW90OywmcXVvdDtWZXJzaW9uJnF1b3Q7OjMsJnF1b3Q7V2FpdEZvckNhbmNlbGxhdGlvblBlcmlvZCZxdW90OzozMCwmcXVvdDtYc2RQYXRoJnF1b3Q7OiZxdW90O2h0dHBzOi8vc2VydmljZXMuZXVyb2ZpbnNnZW5vbWljcy5jb20vU2NoZW1hcy9FY29tL1BTRC9PbGlnb1Y0LjEueHNkJnF1b3Q7LCZxdW90O05lZWRzQmlvU2FmZXR5JnF1b3Q7OnRydWUsJnF1b3Q7Q2FuR3Vlc3RDaGVja291dCZxdW90OzpmYWxzZSwmcXVvdDtEaXNhbGxvd1F1YW50aXR5Q2hhbmdlJnF1b3Q7OmZhbHNlLCZxdW90O0Rpc2FsbG93RWRpdEluQ2FydCZxdW90OzpmYWxzZSwmcXVvdDtSZXNvdXJjZVByZWZpeCZxdW90OzpudWxsLCZxdW90O1Byb2R1Y3Rpb25PcmRlckdyb3VwJnF1b3Q7Om51bGwsJnF1b3Q7U3BzYyZxdW90OzpudWxsLCZxdW90O0VDbGFzcyZxdW90OzpudWxsLCZxdW90O0lkJnF1b3Q7OjExLCZxdW90O0lzSGFyZERlbGV0ZWQmcXVvdDs6ZmFsc2V9LHsmcXVvdDskaWQmcXVvdDs6JnF1b3Q7NjcmcXVvdDssJnF1b3Q7QnVzaW5lc3NVbml0JnF1b3Q7OnsmcXVvdDskaWQmcXVvdDs6JnF1b3Q7NjgmcXVvdDssJnF1b3Q7QnVJY29uJnF1b3Q7OiZxdW90Oy9pbWFnZXMvdXNlcmNvbnRyb2xzL2ljb25zL2J1L29saWdvX3NtYWxsLmdpZiZxdW90OywmcXVvdDtCdUtleSZxdW90OzomcXVvdDtPbGlnb3MmcXVvdDssJnF1b3Q7QnVOYW1lJnF1b3Q7OiZxdW90O0ROQSAmYW1wOyBSTkEgT2xpZ29udWNsZW90aWRlcyZxdW90OywmcXVvdDtCdXNpbmVzc1VuaXRFbnVtJnF1b3Q7OjEsJnF1b3Q7RGlzdHJpYnV0b3JSZXNwb25zaWJpbGl0aWVzJnF1b3Q7Om51bGwsJnF1b3Q7SGFzTGltc1N5c3RlbSZxdW90OzpmYWxzZSwmcXVvdDtJbnN0YW5jZVN0YXR1c0VudW0mcXVvdDs6MCwmcXVvdDtTYWxlc0l0ZW1UeXBlcyZxdW90OzpudWxsLCZxdW90O1NpdGUmcXVvdDs6bnVsbCwmcXVvdDtWZXJzaW9uJnF1b3Q7OjEsJnF1b3Q7QnVQcm9kdWN0aW9uRGV0YWlsc1VybCZxdW90OzpudWxsLCZxdW90O0lkJnF1b3Q7OjEsJnF1b3Q7SXNIYXJkRGVsZXRlZCZxdW90OzpmYWxzZX0sJnF1b3Q7UHJvZHVjdENhdGVnb3J5RW51bSZxdW90OzoxLCZxdW90O09yZGVyV2l6YXJkVHlwZUVudW0mcXVvdDs6NSwmcXVvdDtJbnN0YW5jZVN0YXR1c0VudW0mcXVvdDs6MCwmcXVvdDtDYW5PcmRlcldoZW5Ob1ByaWNlJnF1b3Q7OnRydWUsJnF1b3Q7Q2FuUXVvdGVXaGVuTm9QcmljZSZxdW90OzpmYWxzZSwmcXVvdDtDYW5RdW90ZVdpdGhQcmljZSZxdW90OzpmYWxzZSwmcXVvdDtDYW5TaGlwT25EcnlJY2UmcXVvdDs6ZmFsc2UsJnF1b3Q7Q29udHJvbFBhdGgmcXVvdDs6JnF1b3Q7flxcdXNlcmNvbnRyb2xzXFxDb3JlXFxDb250YWluZXJcXE9yZGVyaW5nXFxPbGlnb3NcXFBsYXRlT2xpZ29zLmFzY3gmcXVvdDssJnF1b3Q7SXNTdGFuZEFsb25lSXRlbSZxdW90OzpmYWxzZSwmcXVvdDtOYW1lJnF1b3Q7OiZxdW90O05HU2dyYWRlIE9saWdvIFBsYXRlcyZxdW90OywmcXVvdDtPcmRlcmluZ1BhZ2VQYXRoJnF1b3Q7OiZxdW90O2ludExpbmtTSVRfTkdTZ3JhZGVQbGF0ZSZxdW90OywmcXVvdDtSZXF1aXJlUGh5c2ljYWxTaGlwbWVudCZxdW90Ozp0cnVlLCZxdW90O1NpdEtleSZxdW90OzomcXVvdDtOR1NncmFkZVBsYXRlJnF1b3Q7LCZxdW90O1ZlcnNpb24mcXVvdDs6MywmcXVvdDtXYWl0Rm9yQ2FuY2VsbGF0aW9uUGVyaW9kJnF1b3Q7OjMwLCZxdW90O1hzZFBhdGgmcXVvdDs6JnF1b3Q7aHR0cHM6Ly9zZXJ2aWNlcy5ldXJvZmluc2dlbm9taWNzLmNvbS9TY2hlbWFzL0Vjb20vUFNEL09saWdvVjQuMS54c2QmcXVvdDssJnF1b3Q7TmVlZHNCaW9TYWZldHkmcXVvdDs6ZmFsc2UsJnF1b3Q7Q2FuR3Vlc3RDaGVja291dCZxdW90OzpmYWxzZSwmcXVvdDtEaXNhbGxvd1F1YW50aXR5Q2hhbmdlJnF1b3Q7OmZhbHNlLCZxdW90O0Rpc2FsbG93RWRpdEluQ2FydCZxdW90OzpmYWxzZSwmcXVvdDtSZXNvdXJjZVByZWZpeCZxdW90OzpudWxsLCZxdW90O1Byb2R1Y3Rpb25PcmRlckdyb3VwJnF1b3Q7Om51bGwsJnF1b3Q7U3BzYyZxdW90OzpudWxsLCZxdW90O0VDbGFzcyZxdW90OzpudWxsLCZxdW90O0lkJnF1b3Q7OjMwLCZxdW90O0lzSGFyZERlbGV0ZWQmcXVvdDs6ZmFsc2V9LHsmcXVvdDskaWQmcXVvdDs6JnF1b3Q7NjkmcXVvdDssJnF1b3Q7QnVzaW5lc3NVbml0JnF1b3Q7OnsmcXVvdDskaWQmcXVvdDs6JnF1b3Q7NzAmcXVvdDssJnF1b3Q7QnVJY29uJnF1b3Q7OiZxdW90Oy9pbWFnZXMvdXNlcmNvbnRyb2xzL2ljb25zL2J1L25nc19zbWFsbC5naWYmcXVvdDssJnF1b3Q7QnVLZXkmcXVvdDs6JnF1b3Q7TkdTJnF1b3Q7LCZxdW90O0J1TmFtZSZxdW90OzomcXVvdDtOZXh0IEdlbmVyYXRpb24gU2VxdWVuY2luZyZxdW90OywmcXVvdDtCdXNpbmVzc1VuaXRFbnVtJnF1b3Q7OjQsJnF1b3Q7RGlzdHJpYnV0b3JSZXNwb25zaWJpbGl0aWVzJnF1b3Q7Om51bGwsJnF1b3Q7SGFzTGltc1N5c3RlbSZxdW90OzpmYWxzZSwmcXVvdDtJbnN0YW5jZVN0YXR1c0VudW0mcXVvdDs6MCwmcXVvdDtTYWxlc0l0ZW1UeXBlcyZxdW90OzpudWxsLCZxdW90O1NpdGUmcXVvdDs6bnVsbCwmcXVvdDtWZXJzaW9uJnF1b3Q7OjAsJnF1b3Q7QnVQcm9kdWN0aW9uRGV0YWlsc1VybCZxdW90OzpudWxsLCZxdW90O0lkJnF1b3Q7OjQsJnF1b3Q7SXNIYXJkRGVsZXRlZCZxdW90OzpmYWxzZX0sJnF1b3Q7UHJvZHVjdENhdGVnb3J5RW51bSZxdW90OzoyLCZxdW90O09yZGVyV2l6YXJkVHlwZUVudW0mcXVvdDs6NywmcXVvdDtJbnN0YW5jZVN0YXR1c0VudW0mcXVvdDs6MCwmcXVvdDtDYW5PcmRlcldoZW5Ob1ByaWNlJnF1b3Q7OnRydWUsJnF1b3Q7Q2FuUXVvdGVXaGVuTm9QcmljZSZxdW90OzpmYWxzZSwmcXVvdDtDYW5RdW90ZVdpdGhQcmljZSZxdW90OzpmYWxzZSwmcXVvdDtDYW5TaGlwT25EcnlJY2UmcXVvdDs6ZmFsc2UsJnF1b3Q7Q29udHJvbFBhdGgmcXVvdDs6bnVsbCwmcXVvdDtJc1N0YW5kQWxvbmVJdGVtJnF1b3Q7OmZhbHNlLCZxdW90O05hbWUmcXVvdDs6JnF1b3Q7TmdzIFJmaSZxdW90OywmcXVvdDtPcmRlcmluZ1BhZ2VQYXRoJnF1b3Q7OiZxdW90O2ludExpbmtTSVRfTmdzUmZpJnF1b3Q7LCZxdW90O1JlcXVpcmVQaHlzaWNhbFNoaXBtZW50JnF1b3Q7OnRydWUsJnF1b3Q7U2l0S2V5JnF1b3Q7OiZxdW90O05nc1JmaSZxdW90OywmcXVvdDtWZXJzaW9uJnF1b3Q7OjIsJnF1b3Q7V2FpdEZvckNhbmNlbGxhdGlvblBlcmlvZCZxdW90OzowLCZxdW90O1hzZFBhdGgmcXVvdDs6JnF1b3Q7aHR0cHM6Ly9zZXJ2aWNlcy5ldXJvZmluc2dlbm9taWNzLmNvbS9zY2hlbWFzL0Vjb20vUFNEL05HU1JmaVYxLjEueHNkJnF1b3Q7LCZxdW90O05lZWRzQmlvU2FmZXR5JnF1b3Q7OmZhbHNlLCZxdW90O0Nhbkd1ZXN0Q2hlY2tvdXQmcXVvdDs6ZmFsc2UsJnF1b3Q7RGlzYWxsb3dRdWFudGl0eUNoYW5nZSZxdW90OzpmYWxzZSwmcXVvdDtEaXNhbGxvd0VkaXRJbkNhcnQmcXVvdDs6ZmFsc2UsJnF1b3Q7UmVzb3VyY2VQcmVmaXgmcXVvdDs6bnVsbCwmcXVvdDtQcm9kdWN0aW9uT3JkZXJHcm91cCZxdW90OzpudWxsLCZxdW90O1Nwc2MmcXVvdDs6bnVsbCwmcXVvdDtFQ2xhc3MmcXVvdDs6bnVsbCwmcXVvdDtJZCZxdW90Ozo0LCZxdW90O0lzSGFyZERlbGV0ZWQmcXVvdDs6ZmFsc2V9LHsmcXVvdDskaWQmcXVvdDs6JnF1b3Q7NzEmcXVvdDssJnF1b3Q7QnVzaW5lc3NVbml0JnF1b3Q7OnsmcXVvdDskaWQmcXVvdDs6JnF1b3Q7NzImcXVvdDssJnF1b3Q7QnVJY29uJnF1b3Q7OiZxdW90Oy9pbWFnZXMvdXNlcmNvbnRyb2xzL2ljb25zL2J1L3NlcV9zbWFsbC5naWYmcXVvdDssJnF1b3Q7QnVLZXkmcXVvdDs6JnF1b3Q7U0VRJnF1b3Q7LCZxdW90O0J1TmFtZSZxdW90OzomcXVvdDtDdXN0b20gRE5BIFNlcXVlbmNpbmcmcXVvdDssJnF1b3Q7QnVzaW5lc3NVbml0RW51bSZxdW90OzoyLCZxdW90O0Rpc3RyaWJ1dG9yUmVzcG9uc2liaWxpdGllcyZxdW90OzpudWxsLCZxdW90O0hhc0xpbXNTeXN0ZW0mcXVvdDs6ZmFsc2UsJnF1b3Q7SW5zdGFuY2VTdGF0dXNFbnVtJnF1b3Q7OjAsJnF1b3Q7U2FsZXNJdGVtVHlwZXMmcXVvdDs6bnVsbCwmcXVvdDtTaXRlJnF1b3Q7Om51bGwsJnF1b3Q7VmVyc2lvbiZxdW90OzoxLCZxdW90O0J1UHJvZHVjdGlvbkRldGFpbHNVcmwmcXVvdDs6bnVsbCwmcXVvdDtJZCZxdW90OzoyLCZxdW90O0lzSGFyZERlbGV0ZWQmcXVvdDs6ZmFsc2V9LCZxdW90O1Byb2R1Y3RDYXRlZ29yeUVudW0mcXVvdDs6MSwmcXVvdDtPcmRlcldpemFyZFR5cGVFbnVtJnF1b3Q7OjE0LCZxdW90O0luc3RhbmNlU3RhdHVzRW51bSZxdW90OzowLCZxdW90O0Nhbk9yZGVyV2hlbk5vUHJpY2UmcXVvdDs6dHJ1ZSwmcXVvdDtDYW5RdW90ZVdoZW5Ob1ByaWNlJnF1b3Q7OmZhbHNlLCZxdW90O0NhblF1b3RlV2l0aFByaWNlJnF1b3Q7OmZhbHNlLCZxdW90O0NhblNoaXBPbkRyeUljZSZxdW90OzpmYWxzZSwmcXVvdDtDb250cm9sUGF0aCZxdW90OzomcXVvdDtOQSZxdW90OywmcXVvdDtJc1N0YW5kQWxvbmVJdGVtJnF1b3Q7OmZhbHNlLCZxdW90O05hbWUmcXVvdDs6JnF1b3Q7T3JkZXJlZCBQcmltZXImcXVvdDssJnF1b3Q7T3JkZXJpbmdQYWdlUGF0aCZxdW90OzomcXVvdDtpbnRMaW5rU0lUX09yZGVyZWRQcmltZXImcXVvdDssJnF1b3Q7UmVxdWlyZVBoeXNpY2FsU2hpcG1lbnQmcXVvdDs6ZmFsc2UsJnF1b3Q7U2l0S2V5JnF1b3Q7OiZxdW90O09yZGVyZWRQcmltZXImcXVvdDssJnF1b3Q7VmVyc2lvbiZxdW90Ozo1LCZxdW90O1dhaXRGb3JDYW5jZWxsYXRpb25QZXJpb2QmcXVvdDs6MCwmcXVvdDtYc2RQYXRoJnF1b3Q7OiZxdW90O2h0dHBzOi8vc2VydmljZXMuZXVyb2ZpbnNnZW5vbWljcy5jb20vU2NoZW1hcy9FY29tL1BTRC9TZXF1ZW5jaW5nUHJpbWVyVjEuMy54c2QmcXVvdDssJnF1b3Q7TmVlZHNCaW9TYWZldHkmcXVvdDs6ZmFsc2UsJnF1b3Q7Q2FuR3Vlc3RDaGVja291dCZxdW90OzpmYWxzZSwmcXVvdDtEaXNhbGxvd1F1YW50aXR5Q2hhbmdlJnF1b3Q7OmZhbHNlLCZxdW90O0Rpc2FsbG93RWRpdEluQ2FydCZxdW90OzpmYWxzZSwmcXVvdDtSZXNvdXJjZVByZWZpeCZxdW90OzpudWxsLCZxdW90O1Byb2R1Y3Rpb25PcmRlckdyb3VwJnF1b3Q7Om51bGwsJnF1b3Q7U3BzYyZxdW90OzpudWxsLCZxdW90O0VDbGFzcyZxdW90OzpudWxsLCZxdW90O0lkJnF1b3Q7OjU0LCZxdW90O0lzSGFyZERlbGV0ZWQmcXVvdDs6ZmFsc2V9LHsmcXVvdDskaWQmcXVvdDs6JnF1b3Q7NzMmcXVvdDssJnF1b3Q7QnVzaW5lc3NVbml0JnF1b3Q7OnsmcXVvdDskaWQmcXVvdDs6JnF1b3Q7NzQmcXVvdDssJnF1b3Q7QnVJY29uJnF1b3Q7OiZxdW90Oy9pbWFnZXMvdXNlcmNvbnRyb2xzL2ljb25zL2J1L3NlcV9zbWFsbC5naWYmcXVvdDssJnF1b3Q7QnVLZXkmcXVvdDs6JnF1b3Q7U0VRJnF1b3Q7LCZxdW90O0J1TmFtZSZxdW90OzomcXVvdDtDdXN0b20gRE5BIFNlcXVlbmNpbmcmcXVvdDssJnF1b3Q7QnVzaW5lc3NVbml0RW51bSZxdW90OzoyLCZxdW90O0Rpc3RyaWJ1dG9yUmVzcG9uc2liaWxpdGllcyZxdW90OzpudWxsLCZxdW90O0hhc0xpbXNTeXN0ZW0mcXVvdDs6ZmFsc2UsJnF1b3Q7SW5zdGFuY2VTdGF0dXNFbnVtJnF1b3Q7OjAsJnF1b3Q7U2FsZXNJdGVtVHlwZXMmcXVvdDs6bnVsbCwmcXVvdDtTaXRlJnF1b3Q7Om51bGwsJnF1b3Q7VmVyc2lvbiZxdW90OzoxLCZxdW90O0J1UHJvZHVjdGlvbkRldGFpbHNVcmwmcXVvdDs6bnVsbCwmcXVvdDtJZCZxdW90OzoyLCZxdW90O0lzSGFyZERlbGV0ZWQmcXVvdDs6ZmFsc2V9LCZxdW90O1Byb2R1Y3RDYXRlZ29yeUVudW0mcXVvdDs6MSwmcXVvdDtPcmRlcldpemFyZFR5cGVFbnVtJnF1b3Q7OjEyLCZxdW90O0luc3RhbmNlU3RhdHVzRW51bSZxdW90OzowLCZxdW90O0Nhbk9yZGVyV2hlbk5vUHJpY2UmcXVvdDs6dHJ1ZSwmcXVvdDtDYW5RdW90ZVdoZW5Ob1ByaWNlJnF1b3Q7OnRydWUsJnF1b3Q7Q2FuUXVvdGVXaXRoUHJpY2UmcXVvdDs6dHJ1ZSwmcXVvdDtDYW5TaGlwT25EcnlJY2UmcXVvdDs6ZmFsc2UsJnF1b3Q7Q29udHJvbFBhdGgmcXVvdDs6JnF1b3Q7flxcdXNlcmNvbnRyb2xzXFxDb3JlXFxDb250YWluZXJcXE9yZGVyaW5nXFxDYXRhbG9ndWVQcm9kdWN0c1xcQ2F0YWxvZ3VlUHJvZHVjdC5hc2N4JnF1b3Q7LCZxdW90O0lzU3RhbmRBbG9uZUl0ZW0mcXVvdDs6ZmFsc2UsJnF1b3Q7TmFtZSZxdW90OzomcXVvdDtPdmVybmlnaHRTaGlwcGluZ0tpdCZxdW90OywmcXVvdDtPcmRlcmluZ1BhZ2VQYXRoJnF1b3Q7OiZxdW90O2ludExpbmtTSVRfT3Zlcm5pZ2h0U2hpcHBpbmdLaXQmcXVvdDssJnF1b3Q7UmVxdWlyZVBoeXNpY2FsU2hpcG1lbnQmcXVvdDs6dHJ1ZSwmcXVvdDtTaXRLZXkmcXVvdDs6JnF1b3Q7T3Zlcm5pZ2h0U2hpcHBpbmdLaXQmcXVvdDssJnF1b3Q7VmVyc2lvbiZxdW90OzoxLCZxdW90O1dhaXRGb3JDYW5jZWxsYXRpb25QZXJpb2QmcXVvdDs6MzAsJnF1b3Q7WHNkUGF0aCZxdW90OzomcXVvdDtodHRwczovL3NlcnZpY2VzLmV1cm9maW5zZ2Vub21pY3MuY29tL1NjaGVtYXMvRWNvbS9QU0QvQ2F0YWxvZ3VlUHJvZHVjdHNWMi4yLnhzZCZxdW90OywmcXVvdDtOZWVkc0Jpb1NhZmV0eSZxdW90Ozp0cnVlLCZxdW90O0Nhbkd1ZXN0Q2hlY2tvdXQmcXVvdDs6ZmFsc2UsJnF1b3Q7RGlzYWxsb3dRdWFudGl0eUNoYW5nZSZxdW90OzpmYWxzZSwmcXVvdDtEaXNhbGxvd0VkaXRJbkNhcnQmcXVvdDs6ZmFsc2UsJnF1b3Q7UmVzb3VyY2VQcmVmaXgmcXVvdDs6JnF1b3Q7JnF1b3Q7LCZxdW90O1Byb2R1Y3Rpb25PcmRlckdyb3VwJnF1b3Q7OnsmcXVvdDskcmVmJnF1b3Q7OiZxdW90OzMmcXVvdDt9LCZxdW90O1Nwc2MmcXVvdDs6JnF1b3Q7JnF1b3Q7LCZxdW90O0VDbGFzcyZxdW90OzomcXVvdDsmcXVvdDssJnF1b3Q7SWQmcXVvdDs6OTAsJnF1b3Q7SXNIYXJkRGVsZXRlZCZxdW90OzpmYWxzZX0seyZxdW90OyRpZCZxdW90OzomcXVvdDs3NSZxdW90OywmcXVvdDtCdXNpbmVzc1VuaXQmcXVvdDs6eyZxdW90OyRpZCZxdW90OzomcXVvdDs3NiZxdW90OywmcXVvdDtCdUljb24mcXVvdDs6JnF1b3Q7L2ltYWdlcy91c2VyY29udHJvbHMvaWNvbnMvYnUvc2VxX3NtYWxsLmdpZiZxdW90OywmcXVvdDtCdUtleSZxdW90OzomcXVvdDtTRVEmcXVvdDssJnF1b3Q7QnVOYW1lJnF1b3Q7OiZxdW90O0N1c3RvbSBETkEgU2VxdWVuY2luZyZxdW90OywmcXVvdDtCdXNpbmVzc1VuaXRFbnVtJnF1b3Q7OjIsJnF1b3Q7RGlzdHJpYnV0b3JSZXNwb25zaWJpbGl0aWVzJnF1b3Q7Om51bGwsJnF1b3Q7SGFzTGltc1N5c3RlbSZxdW90OzpmYWxzZSwmcXVvdDtJbnN0YW5jZVN0YXR1c0VudW0mcXVvdDs6MCwmcXVvdDtTYWxlc0l0ZW1UeXBlcyZxdW90OzpudWxsLCZxdW90O1NpdGUmcXVvdDs6bnVsbCwmcXVvdDtWZXJzaW9uJnF1b3Q7OjEsJnF1b3Q7QnVQcm9kdWN0aW9uRGV0YWlsc1VybCZxdW90OzpudWxsLCZxdW90O0lkJnF1b3Q7OjIsJnF1b3Q7SXNIYXJkRGVsZXRlZCZxdW90OzpmYWxzZX0sJnF1b3Q7UHJvZHVjdENhdGVnb3J5RW51bSZxdW90OzoxLCZxdW90O09yZGVyV2l6YXJkVHlwZUVudW0mcXVvdDs6MTIsJnF1b3Q7SW5zdGFuY2VTdGF0dXNFbnVtJnF1b3Q7OjAsJnF1b3Q7Q2FuT3JkZXJXaGVuTm9QcmljZSZxdW90Ozp0cnVlLCZxdW90O0NhblF1b3RlV2hlbk5vUHJpY2UmcXVvdDs6ZmFsc2UsJnF1b3Q7Q2FuUXVvdGVXaXRoUHJpY2UmcXVvdDs6ZmFsc2UsJnF1b3Q7Q2FuU2hpcE9uRHJ5SWNlJnF1b3Q7OmZhbHNlLCZxdW90O0NvbnRyb2xQYXRoJnF1b3Q7OiZxdW90O35cXHVzZXJjb250cm9sc1xcQ29yZVxcQ29udGFpbmVyXFxPcmRlcmluZ1xcQ2F0YWxvZ3VlUHJvZHVjdHNcXENhdGFsb2d1ZVByb2R1Y3QuYXNjeCZxdW90OywmcXVvdDtJc1N0YW5kQWxvbmVJdGVtJnF1b3Q7OmZhbHNlLCZxdW90O05hbWUmcXVvdDs6JnF1b3Q7OTZ3ZWxsIFBDUiBQbGF0ZSZxdW90OywmcXVvdDtPcmRlcmluZ1BhZ2VQYXRoJnF1b3Q7OiZxdW90O2ludExpbmtTSVRfUENSUGxhdGUmcXVvdDssJnF1b3Q7UmVxdWlyZVBoeXNpY2FsU2hpcG1lbnQmcXVvdDs6dHJ1ZSwmcXVvdDtTaXRLZXkmcXVvdDs6JnF1b3Q7UENSUGxhdGUmcXVvdDssJnF1b3Q7VmVyc2lvbiZxdW90Ozo0LCZxdW90O1dhaXRGb3JDYW5jZWxsYXRpb25QZXJpb2QmcXVvdDs6MCwmcXVvdDtYc2RQYXRoJnF1b3Q7OiZxdW90O2h0dHBzOi8vc2VydmljZXMuZXVyb2ZpbnNnZW5vbWljcy5jb20vU2NoZW1hcy9FY29tL1BTRC9DYXRhbG9ndWVQcm9kdWN0c1YyLjIueHNkJnF1b3Q7LCZxdW90O05lZWRzQmlvU2FmZXR5JnF1b3Q7OmZhbHNlLCZxdW90O0Nhbkd1ZXN0Q2hlY2tvdXQmcXVvdDs6ZmFsc2UsJnF1b3Q7RGlzYWxsb3dRdWFudGl0eUNoYW5nZSZxdW90OzpmYWxzZSwmcXVvdDtEaXNhbGxvd0VkaXRJbkNhcnQmcXVvdDs6ZmFsc2UsJnF1b3Q7UmVzb3VyY2VQcmVmaXgmcXVvdDs6JnF1b3Q7JnF1b3Q7LCZxdW90O1Byb2R1Y3Rpb25PcmRlckdyb3VwJnF1b3Q7OnsmcXVvdDskcmVmJnF1b3Q7OiZxdW90OzMmcXVvdDt9LCZxdW90O1Nwc2MmcXVvdDs6JnF1b3Q7JnF1b3Q7LCZxdW90O0VDbGFzcyZxdW90OzomcXVvdDsmcXVvdDssJnF1b3Q7SWQmcXVvdDs6NDcsJnF1b3Q7SXNIYXJkRGVsZXRlZCZxdW90OzpmYWxzZX0seyZxdW90OyRpZCZxdW90OzomcXVvdDs3NyZxdW90OywmcXVvdDtCdXNpbmVzc1VuaXQmcXVvdDs6eyZxdW90OyRpZCZxdW90OzomcXVvdDs3OCZxdW90OywmcXVvdDtCdUljb24mcXVvdDs6JnF1b3Q7L2ltYWdlcy91c2VyY29udHJvbHMvaWNvbnMvYnUvb2xpZ29fc21hbGwuZ2lmJnF1b3Q7LCZxdW90O0J1S2V5JnF1b3Q7OiZxdW90O09saWdvcyZxdW90OywmcXVvdDtCdU5hbWUmcXVvdDs6JnF1b3Q7RE5BICZhbXA7IFJOQSBPbGlnb251Y2xlb3RpZGVzJnF1b3Q7LCZxdW90O0J1c2luZXNzVW5pdEVudW0mcXVvdDs6MSwmcXVvdDtEaXN0cmlidXRvclJlc3BvbnNpYmlsaXRpZXMmcXVvdDs6bnVsbCwmcXVvdDtIYXNMaW1zU3lzdGVtJnF1b3Q7OmZhbHNlLCZxdW90O0luc3RhbmNlU3RhdHVzRW51bSZxdW90OzowLCZxdW90O1NhbGVzSXRlbVR5cGVzJnF1b3Q7Om51bGwsJnF1b3Q7U2l0ZSZxdW90OzpudWxsLCZxdW90O1ZlcnNpb24mcXVvdDs6MSwmcXVvdDtCdVByb2R1Y3Rpb25EZXRhaWxzVXJsJnF1b3Q7Om51bGwsJnF1b3Q7SWQmcXVvdDs6MSwmcXVvdDtJc0hhcmREZWxldGVkJnF1b3Q7OmZhbHNlfSwmcXVvdDtQcm9kdWN0Q2F0ZWdvcnlFbnVtJnF1b3Q7OjEsJnF1b3Q7T3JkZXJXaXphcmRUeXBlRW51bSZxdW90OzozLCZxdW90O0luc3RhbmNlU3RhdHVzRW51bSZxdW90OzowLCZxdW90O0Nhbk9yZGVyV2hlbk5vUHJpY2UmcXVvdDs6dHJ1ZSwmcXVvdDtDYW5RdW90ZVdoZW5Ob1ByaWNlJnF1b3Q7OnRydWUsJnF1b3Q7Q2FuUXVvdGVXaXRoUHJpY2UmcXVvdDs6ZmFsc2UsJnF1b3Q7Q2FuU2hpcE9uRHJ5SWNlJnF1b3Q7OmZhbHNlLCZxdW90O0NvbnRyb2xQYXRoJnF1b3Q7OiZxdW90O35cXHVzZXJjb250cm9sc1xcQ29yZVxcQ29udGFpbmVyXFxPcmRlcmluZ1xcT2xpZ29zXFxTZW1pQ3VzdG9taXNlZEluVHViZXMuYXNjeCZxdW90OywmcXVvdDtJc1N0YW5kQWxvbmVJdGVtJnF1b3Q7OmZhbHNlLCZxdW90O05hbWUmcXVvdDs6JnF1b3Q7UENSIFByaW1lciZxdW90OywmcXVvdDtPcmRlcmluZ1BhZ2VQYXRoJnF1b3Q7OiZxdW90O2ludExpbmtTSVRfUENSUHJpbWVyJnF1b3Q7LCZxdW90O1JlcXVpcmVQaHlzaWNhbFNoaXBtZW50JnF1b3Q7OnRydWUsJnF1b3Q7U2l0S2V5JnF1b3Q7OiZxdW90O1BDUlByaW1lciZxdW90OywmcXVvdDtWZXJzaW9uJnF1b3Q7OjYsJnF1b3Q7V2FpdEZvckNhbmNlbGxhdGlvblBlcmlvZCZxdW90OzoxNSwmcXVvdDtYc2RQYXRoJnF1b3Q7OiZxdW90O2h0dHBzOi8vc2VydmljZXMuZXVyb2ZpbnNnZW5vbWljcy5jb20vU2NoZW1hcy9FY29tL1BTRC9PbGlnb1Y0LjEueHNkJnF1b3Q7LCZxdW90O05lZWRzQmlvU2FmZXR5JnF1b3Q7OnRydWUsJnF1b3Q7Q2FuR3Vlc3RDaGVja291dCZxdW90Ozp0cnVlLCZxdW90O0Rpc2FsbG93UXVhbnRpdHlDaGFuZ2UmcXVvdDs6ZmFsc2UsJnF1b3Q7RGlzYWxsb3dFZGl0SW5DYXJ0JnF1b3Q7OmZhbHNlLCZxdW90O1Jlc291cmNlUHJlZml4JnF1b3Q7Om51bGwsJnF1b3Q7UHJvZHVjdGlvbk9yZGVyR3JvdXAmcXVvdDs6bnVsbCwmcXVvdDtTcHNjJnF1b3Q7Om51bGwsJnF1b3Q7RUNsYXNzJnF1b3Q7Om51bGwsJnF1b3Q7SWQmcXVvdDs6NywmcXVvdDtJc0hhcmREZWxldGVkJnF1b3Q7OmZhbHNlfSx7JnF1b3Q7JGlkJnF1b3Q7OiZxdW90Ozc5JnF1b3Q7LCZxdW90O0J1c2luZXNzVW5pdCZxdW90Ozp7JnF1b3Q7JGlkJnF1b3Q7OiZxdW90OzgwJnF1b3Q7LCZxdW90O0J1SWNvbiZxdW90OzomcXVvdDsvaW1hZ2VzL3VzZXJjb250cm9scy9pY29ucy9idS9vbGlnb19zbWFsbC5naWYmcXVvdDssJnF1b3Q7QnVLZXkmcXVvdDs6JnF1b3Q7T2xpZ29zJnF1b3Q7LCZxdW90O0J1TmFtZSZxdW90OzomcXVvdDtETkEgJmFtcDsgUk5BIE9saWdvbnVjbGVvdGlkZXMmcXVvdDssJnF1b3Q7QnVzaW5lc3NVbml0RW51bSZxdW90OzoxLCZxdW90O0Rpc3RyaWJ1dG9yUmVzcG9uc2liaWxpdGllcyZxdW90OzpudWxsLCZxdW90O0hhc0xpbXNTeXN0ZW0mcXVvdDs6ZmFsc2UsJnF1b3Q7SW5zdGFuY2VTdGF0dXNFbnVtJnF1b3Q7OjAsJnF1b3Q7U2FsZXNJdGVtVHlwZXMmcXVvdDs6bnVsbCwmcXVvdDtTaXRlJnF1b3Q7Om51bGwsJnF1b3Q7VmVyc2lvbiZxdW90OzoxLCZxdW90O0J1UHJvZHVjdGlvbkRldGFpbHNVcmwmcXVvdDs6bnVsbCwmcXVvdDtJZCZxdW90OzoxLCZxdW90O0lzSGFyZERlbGV0ZWQmcXVvdDs6ZmFsc2V9LCZxdW90O1Byb2R1Y3RDYXRlZ29yeUVudW0mcXVvdDs6MSwmcXVvdDtPcmRlcldpemFyZFR5cGVFbnVtJnF1b3Q7OjUsJnF1b3Q7SW5zdGFuY2VTdGF0dXNFbnVtJnF1b3Q7OjAsJnF1b3Q7Q2FuT3JkZXJXaGVuTm9QcmljZSZxdW90Ozp0cnVlLCZxdW90O0NhblF1b3RlV2hlbk5vUHJpY2UmcXVvdDs6ZmFsc2UsJnF1b3Q7Q2FuUXVvdGVXaXRoUHJpY2UmcXVvdDs6ZmFsc2UsJnF1b3Q7Q2FuU2hpcE9uRHJ5SWNlJnF1b3Q7OmZhbHNlLCZxdW90O0NvbnRyb2xQYXRoJnF1b3Q7OiZxdW90O35cXHVzZXJjb250cm9sc1xcQ29yZVxcQ29udGFpbmVyXFxPcmRlcmluZ1xcT2xpZ29zXFxQbGF0ZU9saWdvcy5hc2N4JnF1b3Q7LCZxdW90O0lzU3RhbmRBbG9uZUl0ZW0mcXVvdDs6ZmFsc2UsJnF1b3Q7TmFtZSZxdW90OzomcXVvdDtQQ1IgUHJpbWVyIFBsYXRlJnF1b3Q7LCZxdW90O09yZGVyaW5nUGFnZVBhdGgmcXVvdDs6JnF1b3Q7aW50TGlua1NJVF9QQ1JQcmltZXJQbGF0ZSZxdW90OywmcXVvdDtSZXF1aXJlUGh5c2ljYWxTaGlwbWVudCZxdW90Ozp0cnVlLCZxdW90O1NpdEtleSZxdW90OzomcXVvdDtQQ1JQcmltZXJQbGF0ZSZxdW90OywmcXVvdDtWZXJzaW9uJnF1b3Q7OjQsJnF1b3Q7V2FpdEZvckNhbmNlbGxhdGlvblBlcmlvZCZxdW90OzozMCwmcXVvdDtYc2RQYXRoJnF1b3Q7OiZxdW90O2h0dHBzOi8vc2VydmljZXMuZXVyb2ZpbnNnZW5vbWljcy5jb20vU2NoZW1hcy9FY29tL1BTRC9PbGlnb1Y0LjEueHNkJnF1b3Q7LCZxdW90O05lZWRzQmlvU2FmZXR5JnF1b3Q7OmZhbHNlLCZxdW90O0Nhbkd1ZXN0Q2hlY2tvdXQmcXVvdDs6ZmFsc2UsJnF1b3Q7RGlzYWxsb3dRdWFudGl0eUNoYW5nZSZxdW90OzpmYWxzZSwmcXVvdDtEaXNhbGxvd0VkaXRJbkNhcnQmcXVvdDs6dHJ1ZSwmcXVvdDtSZXNvdXJjZVByZWZpeCZxdW90OzomcXVvdDsmcXVvdDssJnF1b3Q7UHJvZHVjdGlvbk9yZGVyR3JvdXAmcXVvdDs6bnVsbCwmcXVvdDtTcHNjJnF1b3Q7OiZxdW90OyZxdW90OywmcXVvdDtFQ2xhc3MmcXVvdDs6JnF1b3Q7JnF1b3Q7LCZxdW90O0lkJnF1b3Q7Ojg1LCZxdW90O0lzSGFyZERlbGV0ZWQmcXVvdDs6ZmFsc2V9LHsmcXVvdDskaWQmcXVvdDs6JnF1b3Q7ODEmcXVvdDssJnF1b3Q7QnVzaW5lc3NVbml0JnF1b3Q7OnsmcXVvdDskaWQmcXVvdDs6JnF1b3Q7ODImcXVvdDssJnF1b3Q7QnVJY29uJnF1b3Q7OiZxdW90Oy9pbWFnZXMvdXNlcmNvbnRyb2xzL2ljb25zL2J1L21vbGJpb2xfc21hbGwuZ2lmJnF1b3Q7LCZxdW90O0J1S2V5JnF1b3Q7OiZxdW90O0dTWSZxdW90OywmcXVvdDtCdU5hbWUmcXVvdDs6JnF1b3Q7TW9sZWN1bGFyIEJpb2xvZ3kmcXVvdDssJnF1b3Q7QnVzaW5lc3NVbml0RW51bSZxdW90Ozo1LCZxdW90O0Rpc3RyaWJ1dG9yUmVzcG9uc2liaWxpdGllcyZxdW90OzpudWxsLCZxdW90O0hhc0xpbXNTeXN0ZW0mcXVvdDs6ZmFsc2UsJnF1b3Q7SW5zdGFuY2VTdGF0dXNFbnVtJnF1b3Q7OjAsJnF1b3Q7U2FsZXNJdGVtVHlwZXMmcXVvdDs6bnVsbCwmcXVvdDtTaXRlJnF1b3Q7Om51bGwsJnF1b3Q7VmVyc2lvbiZxdW90OzowLCZxdW90O0J1UHJvZHVjdGlvbkRldGFpbHNVcmwmcXVvdDs6bnVsbCwmcXVvdDtJZCZxdW90Ozo1LCZxdW90O0lzSGFyZERlbGV0ZWQmcXVvdDs6ZmFsc2V9LCZxdW90O1Byb2R1Y3RDYXRlZ29yeUVudW0mcXVvdDs6MSwmcXVvdDtPcmRlcldpemFyZFR5cGVFbnVtJnF1b3Q7OjIxLCZxdW90O0luc3RhbmNlU3RhdHVzRW51bSZxdW90OzowLCZxdW90O0Nhbk9yZGVyV2hlbk5vUHJpY2UmcXVvdDs6dHJ1ZSwmcXVvdDtDYW5RdW90ZVdoZW5Ob1ByaWNlJnF1b3Q7OnRydWUsJnF1b3Q7Q2FuUXVvdGVXaXRoUHJpY2UmcXVvdDs6dHJ1ZSwmcXVvdDtDYW5TaGlwT25EcnlJY2UmcXVvdDs6dHJ1ZSwmcXVvdDtDb250cm9sUGF0aCZxdW90OzomcXVvdDt+XFx1c2VyY29udHJvbHNcXENvcmVcXE1vbGVjdWxhckJpb2xvZ3lcXHVjTW9sZWN1bGFyQmlvbG9neVNlcnZpY2VzLmFzY3gmcXVvdDssJnF1b3Q7SXNTdGFuZEFsb25lSXRlbSZxdW90OzpmYWxzZSwmcXVvdDtOYW1lJnF1b3Q7OiZxdW90O1BsYXNtaWRQcmVwJnF1b3Q7LCZxdW90O09yZGVyaW5nUGFnZVBhdGgmcXVvdDs6JnF1b3Q7aW50TGlua1NJVF9QbGFzbWlkUHJlcCZxdW90OywmcXVvdDtSZXF1aXJlUGh5c2ljYWxTaGlwbWVudCZxdW90OzpmYWxzZSwmcXVvdDtTaXRLZXkmcXVvdDs6JnF1b3Q7UGxhc21pZFByZXAmcXVvdDssJnF1b3Q7VmVyc2lvbiZxdW90OzoyLCZxdW90O1dhaXRGb3JDYW5jZWxsYXRpb25QZXJpb2QmcXVvdDs6MCwmcXVvdDtYc2RQYXRoJnF1b3Q7OiZxdW90O2h0dHBzOi8vc2VydmljZXMuZXVyb2ZpbnNnZW5vbWljcy5jb20vU2NoZW1hcy9FY29tL1BTRC9Nb2xCaW9sU2VydmljZXNWMS4yLnhzZCZxdW90OywmcXVvdDtOZWVkc0Jpb1NhZmV0eSZxdW90OzpmYWxzZSwmcXVvdDtDYW5HdWVzdENoZWNrb3V0JnF1b3Q7OmZhbHNlLCZxdW90O0Rpc2FsbG93UXVhbnRpdHlDaGFuZ2UmcXVvdDs6ZmFsc2UsJnF1b3Q7RGlzYWxsb3dFZGl0SW5DYXJ0JnF1b3Q7OmZhbHNlLCZxdW90O1Jlc291cmNlUHJlZml4JnF1b3Q7Om51bGwsJnF1b3Q7UHJvZHVjdGlvbk9yZGVyR3JvdXAmcXVvdDs6bnVsbCwmcXVvdDtTcHNjJnF1b3Q7Om51bGwsJnF1b3Q7RUNsYXNzJnF1b3Q7Om51bGwsJnF1b3Q7SWQmcXVvdDs6NzAsJnF1b3Q7SXNIYXJkRGVsZXRlZCZxdW90OzpmYWxzZX0seyZxdW90OyRpZCZxdW90OzomcXVvdDs4MyZxdW90OywmcXVvdDtCdXNpbmVzc1VuaXQmcXVvdDs6eyZxdW90OyRpZCZxdW90OzomcXVvdDs4NCZxdW90OywmcXVvdDtCdUljb24mcXVvdDs6JnF1b3Q7L2ltYWdlcy91c2VyY29udHJvbHMvaWNvbnMvYnUvc2VxX3NtYWxsLmdpZiZxdW90OywmcXVvdDtCdUtleSZxdW90OzomcXVvdDtTRVEmcXVvdDssJnF1b3Q7QnVOYW1lJnF1b3Q7OiZxdW90O0N1c3RvbSBETkEgU2VxdWVuY2luZyZxdW90OywmcXVvdDtCdXNpbmVzc1VuaXRFbnVtJnF1b3Q7OjIsJnF1b3Q7RGlzdHJpYnV0b3JSZXNwb25zaWJpbGl0aWVzJnF1b3Q7Om51bGwsJnF1b3Q7SGFzTGltc1N5c3RlbSZxdW90OzpmYWxzZSwmcXVvdDtJbnN0YW5jZVN0YXR1c0VudW0mcXVvdDs6MCwmcXVvdDtTYWxlc0l0ZW1UeXBlcyZxdW90OzpudWxsLCZxdW90O1NpdGUmcXVvdDs6bnVsbCwmcXVvdDtWZXJzaW9uJnF1b3Q7OjEsJnF1b3Q7QnVQcm9kdWN0aW9uRGV0YWlsc1VybCZxdW90OzpudWxsLCZxdW90O0lkJnF1b3Q7OjIsJnF1b3Q7SXNIYXJkRGVsZXRlZCZxdW90OzpmYWxzZX0sJnF1b3Q7UHJvZHVjdENhdGVnb3J5RW51bSZxdW90OzoxLCZxdW90O09yZGVyV2l6YXJkVHlwZUVudW0mcXVvdDs6MTIsJnF1b3Q7SW5zdGFuY2VTdGF0dXNFbnVtJnF1b3Q7OjAsJnF1b3Q7Q2FuT3JkZXJXaGVuTm9QcmljZSZxdW90Ozp0cnVlLCZxdW90O0NhblF1b3RlV2hlbk5vUHJpY2UmcXVvdDs6ZmFsc2UsJnF1b3Q7Q2FuUXVvdGVXaXRoUHJpY2UmcXVvdDs6ZmFsc2UsJnF1b3Q7Q2FuU2hpcE9uRHJ5SWNlJnF1b3Q7OmZhbHNlLCZxdW90O0NvbnRyb2xQYXRoJnF1b3Q7OiZxdW90O35cXHVzZXJjb250cm9sc1xcQ29yZVxcQ29udGFpbmVyXFxPcmRlcmluZ1xcQ2F0YWxvZ3VlUHJvZHVjdHNcXENhdGFsb2d1ZVByb2R1Y3QuYXNjeCZxdW90OywmcXVvdDtJc1N0YW5kQWxvbmVJdGVtJnF1b3Q7OmZhbHNlLCZxdW90O05hbWUmcXVvdDs6JnF1b3Q7QWRoZXNpdmUgUGxhc3RpYyBGb2lsJnF1b3Q7LCZxdW90O09yZGVyaW5nUGFnZVBhdGgmcXVvdDs6JnF1b3Q7aW50TGlua1NJVF9QbGFzdGljRm9pbCZxdW90OywmcXVvdDtSZXF1aXJlUGh5c2ljYWxTaGlwbWVudCZxdW90Ozp0cnVlLCZxdW90O1NpdEtleSZxdW90OzomcXVvdDtQbGFzdGljRm9pbCZxdW90OywmcXVvdDtWZXJzaW9uJnF1b3Q7OjMsJnF1b3Q7V2FpdEZvckNhbmNlbGxhdGlvblBlcmlvZCZxdW90OzowLCZxdW90O1hzZFBhdGgmcXVvdDs6JnF1b3Q7aHR0cHM6Ly9zZXJ2aWNlcy5ldXJvZmluc2dlbm9taWNzLmNvbS9TY2hlbWFzL0Vjb20vUFNEL0NhdGFsb2d1ZVByb2R1Y3RzVjIuMi54c2QmcXVvdDssJnF1b3Q7TmVlZHNCaW9TYWZldHkmcXVvdDs6ZmFsc2UsJnF1b3Q7Q2FuR3Vlc3RDaGVja291dCZxdW90OzpmYWxzZSwmcXVvdDtEaXNhbGxvd1F1YW50aXR5Q2hhbmdlJnF1b3Q7OmZhbHNlLCZxdW90O0Rpc2FsbG93RWRpdEluQ2FydCZxdW90OzpmYWxzZSwmcXVvdDtSZXNvdXJjZVByZWZpeCZxdW90OzpudWxsLCZxdW90O1Byb2R1Y3Rpb25PcmRlckdyb3VwJnF1b3Q7OnsmcXVvdDskcmVmJnF1b3Q7OiZxdW90OzMmcXVvdDt9LCZxdW90O1Nwc2MmcXVvdDs6bnVsbCwmcXVvdDtFQ2xhc3MmcXVvdDs6bnVsbCwmcXVvdDtJZCZxdW90Ozo1MCwmcXVvdDtJc0hhcmREZWxldGVkJnF1b3Q7OmZhbHNlfSx7JnF1b3Q7JGlkJnF1b3Q7OiZxdW90Ozg1JnF1b3Q7LCZxdW90O0J1c2luZXNzVW5pdCZxdW90Ozp7JnF1b3Q7JGlkJnF1b3Q7OiZxdW90Ozg2JnF1b3Q7LCZxdW90O0J1SWNvbiZxdW90OzomcXVvdDsvaW1hZ2VzL3VzZXJjb250cm9scy9pY29ucy9idS9zZXFfc21hbGwuZ2lmJnF1b3Q7LCZxdW90O0J1S2V5JnF1b3Q7OiZxdW90O1NFUSZxdW90OywmcXVvdDtCdU5hbWUmcXVvdDs6JnF1b3Q7Q3VzdG9tIEROQSBTZXF1ZW5jaW5nJnF1b3Q7LCZxdW90O0J1c2luZXNzVW5pdEVudW0mcXVvdDs6MiwmcXVvdDtEaXN0cmlidXRvclJlc3BvbnNpYmlsaXRpZXMmcXVvdDs6bnVsbCwmcXVvdDtIYXNMaW1zU3lzdGVtJnF1b3Q7OmZhbHNlLCZxdW90O0luc3RhbmNlU3RhdHVzRW51bSZxdW90OzowLCZxdW90O1NhbGVzSXRlbVR5cGVzJnF1b3Q7Om51bGwsJnF1b3Q7U2l0ZSZxdW90OzpudWxsLCZxdW90O1ZlcnNpb24mcXVvdDs6MSwmcXVvdDtCdVByb2R1Y3Rpb25EZXRhaWxzVXJsJnF1b3Q7Om51bGwsJnF1b3Q7SWQmcXVvdDs6MiwmcXVvdDtJc0hhcmREZWxldGVkJnF1b3Q7OmZhbHNlfSwmcXVvdDtQcm9kdWN0Q2F0ZWdvcnlFbnVtJnF1b3Q7OjEsJnF1b3Q7T3JkZXJXaXphcmRUeXBlRW51bSZxdW90OzoxMiwmcXVvdDtJbnN0YW5jZVN0YXR1c0VudW0mcXVvdDs6MCwmcXVvdDtDYW5PcmRlcldoZW5Ob1ByaWNlJnF1b3Q7OnRydWUsJnF1b3Q7Q2FuUXVvdGVXaGVuTm9QcmljZSZxdW90OzpmYWxzZSwmcXVvdDtDYW5RdW90ZVdpdGhQcmljZSZxdW90OzpmYWxzZSwmcXVvdDtDYW5TaGlwT25EcnlJY2UmcXVvdDs6ZmFsc2UsJnF1b3Q7Q29udHJvbFBhdGgmcXVvdDs6JnF1b3Q7flxcdXNlcmNvbnRyb2xzXFxDb3JlXFxDb250YWluZXJcXE9yZGVyaW5nXFxDYXRhbG9ndWVQcm9kdWN0c1xcQ2F0YWxvZ3VlUHJvZHVjdC5hc2N4JnF1b3Q7LCZxdW90O0lzU3RhbmRBbG9uZUl0ZW0mcXVvdDs6ZmFsc2UsJnF1b3Q7TmFtZSZxdW90OzomcXVvdDtQbGF0ZSBTYW1wbGUgQm94JnF1b3Q7LCZxdW90O09yZGVyaW5nUGFnZVBhdGgmcXVvdDs6JnF1b3Q7aW50TGlua1NJVF9QbGF0ZUJveCZxdW90OywmcXVvdDtSZXF1aXJlUGh5c2ljYWxTaGlwbWVudCZxdW90Ozp0cnVlLCZxdW90O1NpdEtleSZxdW90OzomcXVvdDtQbGF0ZUJveCZxdW90OywmcXVvdDtWZXJzaW9uJnF1b3Q7OjMsJnF1b3Q7V2FpdEZvckNhbmNlbGxhdGlvblBlcmlvZCZxdW90OzowLCZxdW90O1hzZFBhdGgmcXVvdDs6JnF1b3Q7aHR0cHM6Ly9zZXJ2aWNlcy5ldXJvZmluc2dlbm9taWNzLmNvbS9TY2hlbWFzL0Vjb20vUFNEL0NhdGFsb2d1ZVByb2R1Y3RzVjIuMi54c2QmcXVvdDssJnF1b3Q7TmVlZHNCaW9TYWZldHkmcXVvdDs6ZmFsc2UsJnF1b3Q7Q2FuR3Vlc3RDaGVja291dCZxdW90OzpmYWxzZSwmcXVvdDtEaXNhbGxvd1F1YW50aXR5Q2hhbmdlJnF1b3Q7OmZhbHNlLCZxdW90O0Rpc2FsbG93RWRpdEluQ2FydCZxdW90OzpmYWxzZSwmcXVvdDtSZXNvdXJjZVByZWZpeCZxdW90OzpudWxsLCZxdW90O1Byb2R1Y3Rpb25PcmRlckdyb3VwJnF1b3Q7OnsmcXVvdDskcmVmJnF1b3Q7OiZxdW90OzMmcXVvdDt9LCZxdW90O1Nwc2MmcXVvdDs6bnVsbCwmcXVvdDtFQ2xhc3MmcXVvdDs6bnVsbCwmcXVvdDtJZCZxdW90Ozo1MSwmcXVvdDtJc0hhcmREZWxldGVkJnF1b3Q7OmZhbHNlfSx7JnF1b3Q7JGlkJnF1b3Q7OiZxdW90Ozg3JnF1b3Q7LCZxdW90O0J1c2luZXNzVW5pdCZxdW90Ozp7JnF1b3Q7JGlkJnF1b3Q7OiZxdW90Ozg4JnF1b3Q7LCZxdW90O0J1SWNvbiZxdW90OzomcXVvdDsvaW1hZ2VzL3VzZXJjb250cm9scy9pY29ucy9idS9zZXFfc21hbGwuZ2lmJnF1b3Q7LCZxdW90O0J1S2V5JnF1b3Q7OiZxdW90O1NFUSZxdW90OywmcXVvdDtCdU5hbWUmcXVvdDs6JnF1b3Q7Q3VzdG9tIEROQSBTZXF1ZW5jaW5nJnF1b3Q7LCZxdW90O0J1c2luZXNzVW5pdEVudW0mcXVvdDs6MiwmcXVvdDtEaXN0cmlidXRvclJlc3BvbnNpYmlsaXRpZXMmcXVvdDs6bnVsbCwmcXVvdDtIYXNMaW1zU3lzdGVtJnF1b3Q7OmZhbHNlLCZxdW90O0luc3RhbmNlU3RhdHVzRW51bSZxdW90OzowLCZxdW90O1NhbGVzSXRlbVR5cGVzJnF1b3Q7Om51bGwsJnF1b3Q7U2l0ZSZxdW90OzpudWxsLCZxdW90O1ZlcnNpb24mcXVvdDs6MSwmcXVvdDtCdVByb2R1Y3Rpb25EZXRhaWxzVXJsJnF1b3Q7Om51bGwsJnF1b3Q7SWQmcXVvdDs6MiwmcXVvdDtJc0hhcmREZWxldGVkJnF1b3Q7OmZhbHNlfSwmcXVvdDtQcm9kdWN0Q2F0ZWdvcnlFbnVtJnF1b3Q7OjEsJnF1b3Q7T3JkZXJXaXphcmRUeXBlRW51bSZxdW90OzoxMiwmcXVvdDtJbnN0YW5jZVN0YXR1c0VudW0mcXVvdDs6MCwmcXVvdDtDYW5PcmRlcldoZW5Ob1ByaWNlJnF1b3Q7OnRydWUsJnF1b3Q7Q2FuUXVvdGVXaGVuTm9QcmljZSZxdW90OzpmYWxzZSwmcXVvdDtDYW5RdW90ZVdpdGhQcmljZSZxdW90OzpmYWxzZSwmcXVvdDtDYW5TaGlwT25EcnlJY2UmcXVvdDs6ZmFsc2UsJnF1b3Q7Q29udHJvbFBhdGgmcXVvdDs6JnF1b3Q7flxcdXNlcmNvbnRyb2xzXFxDb3JlXFxDb250YWluZXJcXE9yZGVyaW5nXFxDYXRhbG9ndWVQcm9kdWN0c1xcQ2F0YWxvZ3VlUHJvZHVjdC5hc2N4JnF1b3Q7LCZxdW90O0lzU3RhbmRBbG9uZUl0ZW0mcXVvdDs6ZmFsc2UsJnF1b3Q7TmFtZSZxdW90OzomcXVvdDtQcmVwYWlkIFBsYXRlIENvdXBvbiZxdW90OywmcXVvdDtPcmRlcmluZ1BhZ2VQYXRoJnF1b3Q7OiZxdW90O2ludExpbmtTSVRfUGxhdGVDb3Vwb24mcXVvdDssJnF1b3Q7UmVxdWlyZVBoeXNpY2FsU2hpcG1lbnQmcXVvdDs6dHJ1ZSwmcXVvdDtTaXRLZXkmcXVvdDs6JnF1b3Q7UGxhdGVDb3Vwb24mcXVvdDssJnF1b3Q7VmVyc2lvbiZxdW90OzozLCZxdW90O1dhaXRGb3JDYW5jZWxsYXRpb25QZXJpb2QmcXVvdDs6MzAsJnF1b3Q7WHNkUGF0aCZxdW90OzomcXVvdDtodHRwczovL3NlcnZpY2VzLmV1cm9maW5zZ2Vub21pY3MuY29tL1NjaGVtYXMvRWNvbS9QU0QvQ2F0YWxvZ3VlUHJvZHVjdHNWMi4yLnhzZCZxdW90OywmcXVvdDtOZWVkc0Jpb1NhZmV0eSZxdW90OzpmYWxzZSwmcXVvdDtDYW5HdWVzdENoZWNrb3V0JnF1b3Q7OmZhbHNlLCZxdW90O0Rpc2FsbG93UXVhbnRpdHlDaGFuZ2UmcXVvdDs6ZmFsc2UsJnF1b3Q7RGlzYWxsb3dFZGl0SW5DYXJ0JnF1b3Q7OmZhbHNlLCZxdW90O1Jlc291cmNlUHJlZml4JnF1b3Q7Om51bGwsJnF1b3Q7UHJvZHVjdGlvbk9yZGVyR3JvdXAmcXVvdDs6eyZxdW90OyRyZWYmcXVvdDs6JnF1b3Q7MyZxdW90O30sJnF1b3Q7U3BzYyZxdW90OzpudWxsLCZxdW90O0VDbGFzcyZxdW90OzpudWxsLCZxdW90O0lkJnF1b3Q7OjQwLCZxdW90O0lzSGFyZERlbGV0ZWQmcXVvdDs6ZmFsc2V9LHsmcXVvdDskaWQmcXVvdDs6JnF1b3Q7ODkmcXVvdDssJnF1b3Q7QnVzaW5lc3NVbml0JnF1b3Q7OnsmcXVvdDskaWQmcXVvdDs6JnF1b3Q7OTAmcXVvdDssJnF1b3Q7QnVJY29uJnF1b3Q7OiZxdW90Oy9pbWFnZXMvdXNlcmNvbnRyb2xzL2ljb25zL2J1L3NlcV9zbWFsbC5naWYmcXVvdDssJnF1b3Q7QnVLZXkmcXVvdDs6JnF1b3Q7U0VRJnF1b3Q7LCZxdW90O0J1TmFtZSZxdW90OzomcXVvdDtDdXN0b20gRE5BIFNlcXVlbmNpbmcmcXVvdDssJnF1b3Q7QnVzaW5lc3NVbml0RW51bSZxdW90OzoyLCZxdW90O0Rpc3RyaWJ1dG9yUmVzcG9uc2liaWxpdGllcyZxdW90OzpudWxsLCZxdW90O0hhc0xpbXNTeXN0ZW0mcXVvdDs6ZmFsc2UsJnF1b3Q7SW5zdGFuY2VTdGF0dXNFbnVtJnF1b3Q7OjAsJnF1b3Q7U2FsZXNJdGVtVHlwZXMmcXVvdDs6bnVsbCwmcXVvdDtTaXRlJnF1b3Q7Om51bGwsJnF1b3Q7VmVyc2lvbiZxdW90OzoxLCZxdW90O0J1UHJvZHVjdGlvbkRldGFpbHNVcmwmcXVvdDs6bnVsbCwmcXVvdDtJZCZxdW90OzoyLCZxdW90O0lzSGFyZERlbGV0ZWQmcXVvdDs6ZmFsc2V9LCZxdW90O1Byb2R1Y3RDYXRlZ29yeUVudW0mcXVvdDs6MSwmcXVvdDtPcmRlcldpemFyZFR5cGVFbnVtJnF1b3Q7OjEyLCZxdW90O0luc3RhbmNlU3RhdHVzRW51bSZxdW90OzowLCZxdW90O0Nhbk9yZGVyV2hlbk5vUHJpY2UmcXVvdDs6dHJ1ZSwmcXVvdDtDYW5RdW90ZVdoZW5Ob1ByaWNlJnF1b3Q7OmZhbHNlLCZxdW90O0NhblF1b3RlV2l0aFByaWNlJnF1b3Q7OmZhbHNlLCZxdW90O0NhblNoaXBPbkRyeUljZSZxdW90OzpmYWxzZSwmcXVvdDtDb250cm9sUGF0aCZxdW90OzomcXVvdDt+XFx1c2VyY29udHJvbHNcXENvcmVcXENvbnRhaW5lclxcT3JkZXJpbmdcXENhdGFsb2d1ZVByb2R1Y3RzXFxDYXRhbG9ndWVQcm9kdWN0LmFzY3gmcXVvdDssJnF1b3Q7SXNTdGFuZEFsb25lSXRlbSZxdW90OzpmYWxzZSwmcXVvdDtOYW1lJnF1b3Q7OiZxdW90O1ByZXBhaWQgUGxhdGUgS2l0IENsb25lcyZxdW90OywmcXVvdDtPcmRlcmluZ1BhZ2VQYXRoJnF1b3Q7OiZxdW90O2ludExpbmtTSVRfUGxhdGVLaXRDbG9uZSZxdW90OywmcXVvdDtSZXF1aXJlUGh5c2ljYWxTaGlwbWVudCZxdW90Ozp0cnVlLCZxdW90O1NpdEtleSZxdW90OzomcXVvdDtQbGF0ZUtpdENsb25lJnF1b3Q7LCZxdW90O1ZlcnNpb24mcXVvdDs6MywmcXVvdDtXYWl0Rm9yQ2FuY2VsbGF0aW9uUGVyaW9kJnF1b3Q7OjMwLCZxdW90O1hzZFBhdGgmcXVvdDs6JnF1b3Q7aHR0cHM6Ly9zZXJ2aWNlcy5ldXJvZmluc2dlbm9taWNzLmNvbS9TY2hlbWFzL0Vjb20vUFNEL0NhdGFsb2d1ZVByb2R1Y3RzVjIuMi54c2QmcXVvdDssJnF1b3Q7TmVlZHNCaW9TYWZldHkmcXVvdDs6ZmFsc2UsJnF1b3Q7Q2FuR3Vlc3RDaGVja291dCZxdW90OzpmYWxzZSwmcXVvdDtEaXNhbGxvd1F1YW50aXR5Q2hhbmdlJnF1b3Q7OmZhbHNlLCZxdW90O0Rpc2FsbG93RWRpdEluQ2FydCZxdW90OzpmYWxzZSwmcXVvdDtSZXNvdXJjZVByZWZpeCZxdW90OzpudWxsLCZxdW90O1Byb2R1Y3Rpb25PcmRlckdyb3VwJnF1b3Q7OnsmcXVvdDskcmVmJnF1b3Q7OiZxdW90OzMmcXVvdDt9LCZxdW90O1Nwc2MmcXVvdDs6bnVsbCwmcXVvdDtFQ2xhc3MmcXVvdDs6bnVsbCwmcXVvdDtJZCZxdW90OzozOSwmcXVvdDtJc0hhcmREZWxldGVkJnF1b3Q7OmZhbHNlfSx7JnF1b3Q7JGlkJnF1b3Q7OiZxdW90OzkxJnF1b3Q7LCZxdW90O0J1c2luZXNzVW5pdCZxdW90Ozp7JnF1b3Q7JGlkJnF1b3Q7OiZxdW90OzkyJnF1b3Q7LCZxdW90O0J1SWNvbiZxdW90OzomcXVvdDsvaW1hZ2VzL3VzZXJjb250cm9scy9pY29ucy9idS9zZXFfc21hbGwuZ2lmJnF1b3Q7LCZxdW90O0J1S2V5JnF1b3Q7OiZxdW90O1NFUSZxdW90OywmcXVvdDtCdU5hbWUmcXVvdDs6JnF1b3Q7Q3VzdG9tIEROQSBTZXF1ZW5jaW5nJnF1b3Q7LCZxdW90O0J1c2luZXNzVW5pdEVudW0mcXVvdDs6MiwmcXVvdDtEaXN0cmlidXRvclJlc3BvbnNpYmlsaXRpZXMmcXVvdDs6bnVsbCwmcXVvdDtIYXNMaW1zU3lzdGVtJnF1b3Q7OmZhbHNlLCZxdW90O0luc3RhbmNlU3RhdHVzRW51bSZxdW90OzowLCZxdW90O1NhbGVzSXRlbVR5cGVzJnF1b3Q7Om51bGwsJnF1b3Q7U2l0ZSZxdW90OzpudWxsLCZxdW90O1ZlcnNpb24mcXVvdDs6MSwmcXVvdDtCdVByb2R1Y3Rpb25EZXRhaWxzVXJsJnF1b3Q7Om51bGwsJnF1b3Q7SWQmcXVvdDs6MiwmcXVvdDtJc0hhcmREZWxldGVkJnF1b3Q7OmZhbHNlfSwmcXVvdDtQcm9kdWN0Q2F0ZWdvcnlFbnVtJnF1b3Q7OjEsJnF1b3Q7T3JkZXJXaXphcmRUeXBlRW51bSZxdW90OzoxMiwmcXVvdDtJbnN0YW5jZVN0YXR1c0VudW0mcXVvdDs6MCwmcXVvdDtDYW5PcmRlcldoZW5Ob1ByaWNlJnF1b3Q7OnRydWUsJnF1b3Q7Q2FuUXVvdGVXaGVuTm9QcmljZSZxdW90Ozp0cnVlLCZxdW90O0NhblF1b3RlV2l0aFByaWNlJnF1b3Q7OnRydWUsJnF1b3Q7Q2FuU2hpcE9uRHJ5SWNlJnF1b3Q7OmZhbHNlLCZxdW90O0NvbnRyb2xQYXRoJnF1b3Q7OiZxdW90O35cXHVzZXJjb250cm9sc1xcQ29yZVxcQ29udGFpbmVyXFxPcmRlcmluZ1xcQ2F0YWxvZ3VlUHJvZHVjdHNcXENhdGFsb2d1ZVByb2R1Y3QuYXNjeCZxdW90OywmcXVvdDtJc1N0YW5kQWxvbmVJdGVtJnF1b3Q7OmZhbHNlLCZxdW90O05hbWUmcXVvdDs6JnF1b3Q7UHJlcGFpZCBQbGF0ZSBLaXQgRE5BJnF1b3Q7LCZxdW90O09yZGVyaW5nUGFnZVBhdGgmcXVvdDs6JnF1b3Q7aW50TGlua1NJVF9QbGF0ZUtpdEROQSZxdW90OywmcXVvdDtSZXF1aXJlUGh5c2ljYWxTaGlwbWVudCZxdW90Ozp0cnVlLCZxdW90O1NpdEtleSZxdW90OzomcXVvdDtQbGF0ZUtpdEROQSZxdW90OywmcXVvdDtWZXJzaW9uJnF1b3Q7OjUsJnF1b3Q7V2FpdEZvckNhbmNlbGxhdGlvblBlcmlvZCZxdW90OzozMCwmcXVvdDtYc2RQYXRoJnF1b3Q7OiZxdW90O2h0dHBzOi8vc2VydmljZXMuZXVyb2ZpbnNnZW5vbWljcy5jb20vU2NoZW1hcy9FY29tL1BTRC9DYXRhbG9ndWVQcm9kdWN0c1YyLjIueHNkJnF1b3Q7LCZxdW90O05lZWRzQmlvU2FmZXR5JnF1b3Q7OnRydWUsJnF1b3Q7Q2FuR3Vlc3RDaGVja291dCZxdW90OzpmYWxzZSwmcXVvdDtEaXNhbGxvd1F1YW50aXR5Q2hhbmdlJnF1b3Q7OmZhbHNlLCZxdW90O0Rpc2FsbG93RWRpdEluQ2FydCZxdW90OzpmYWxzZSwmcXVvdDtSZXNvdXJjZVByZWZpeCZxdW90OzpudWxsLCZxdW90O1Byb2R1Y3Rpb25PcmRlckdyb3VwJnF1b3Q7OnsmcXVvdDskcmVmJnF1b3Q7OiZxdW90OzMmcXVvdDt9LCZxdW90O1Nwc2MmcXVvdDs6bnVsbCwmcXVvdDtFQ2xhc3MmcXVvdDs6bnVsbCwmcXVvdDtJZCZxdW90OzozNywmcXVvdDtJc0hhcmREZWxldGVkJnF1b3Q7OmZhbHNlfSx7JnF1b3Q7JGlkJnF1b3Q7OiZxdW90OzkzJnF1b3Q7LCZxdW90O0J1c2luZXNzVW5pdCZxdW90Ozp7JnF1b3Q7JGlkJnF1b3Q7OiZxdW90Ozk0JnF1b3Q7LCZxdW90O0J1SWNvbiZxdW90OzomcXVvdDsvaW1hZ2VzL3VzZXJjb250cm9scy9pY29ucy9idS9zZXFfc21hbGwuZ2lmJnF1b3Q7LCZxdW90O0J1S2V5JnF1b3Q7OiZxdW90O1NFUSZxdW90OywmcXVvdDtCdU5hbWUmcXVvdDs6JnF1b3Q7Q3VzdG9tIEROQSBTZXF1ZW5jaW5nJnF1b3Q7LCZxdW90O0J1c2luZXNzVW5pdEVudW0mcXVvdDs6MiwmcXVvdDtEaXN0cmlidXRvclJlc3BvbnNpYmlsaXRpZXMmcXVvdDs6bnVsbCwmcXVvdDtIYXNMaW1zU3lzdGVtJnF1b3Q7OmZhbHNlLCZxdW90O0luc3RhbmNlU3RhdHVzRW51bSZxdW90OzowLCZxdW90O1NhbGVzSXRlbVR5cGVzJnF1b3Q7Om51bGwsJnF1b3Q7U2l0ZSZxdW90OzpudWxsLCZxdW90O1ZlcnNpb24mcXVvdDs6MSwmcXVvdDtCdVByb2R1Y3Rpb25EZXRhaWxzVXJsJnF1b3Q7Om51bGwsJnF1b3Q7SWQmcXVvdDs6MiwmcXVvdDtJc0hhcmREZWxldGVkJnF1b3Q7OmZhbHNlfSwmcXVvdDtQcm9kdWN0Q2F0ZWdvcnlFbnVtJnF1b3Q7OjEsJnF1b3Q7T3JkZXJXaXphcmRUeXBlRW51bSZxdW90OzoxMiwmcXVvdDtJbnN0YW5jZVN0YXR1c0VudW0mcXVvdDs6MCwmcXVvdDtDYW5PcmRlcldoZW5Ob1ByaWNlJnF1b3Q7OnRydWUsJnF1b3Q7Q2FuUXVvdGVXaGVuTm9QcmljZSZxdW90Ozp0cnVlLCZxdW90O0NhblF1b3RlV2l0aFByaWNlJnF1b3Q7OnRydWUsJnF1b3Q7Q2FuU2hpcE9uRHJ5SWNlJnF1b3Q7OmZhbHNlLCZxdW90O0NvbnRyb2xQYXRoJnF1b3Q7OiZxdW90O35cXHVzZXJjb250cm9sc1xcQ29yZVxcQ29udGFpbmVyXFxPcmRlcmluZ1xcQ2F0YWxvZ3VlUHJvZHVjdHNcXENhdGFsb2d1ZVByb2R1Y3QuYXNjeCZxdW90OywmcXVvdDtJc1N0YW5kQWxvbmVJdGVtJnF1b3Q7OmZhbHNlLCZxdW90O05hbWUmcXVvdDs6JnF1b3Q7UGxhdGVLaXRNaXgmcXVvdDssJnF1b3Q7T3JkZXJpbmdQYWdlUGF0aCZxdW90OzomcXVvdDtpbnRMaW5rU0lUX1BsYXRlS2l0TWl4JnF1b3Q7LCZxdW90O1JlcXVpcmVQaHlzaWNhbFNoaXBtZW50JnF1b3Q7OnRydWUsJnF1b3Q7U2l0S2V5JnF1b3Q7OiZxdW90O1BsYXRlS2l0TWl4JnF1b3Q7LCZxdW90O1ZlcnNpb24mcXVvdDs6MiwmcXVvdDtXYWl0Rm9yQ2FuY2VsbGF0aW9uUGVyaW9kJnF1b3Q7OjMwLCZxdW90O1hzZFBhdGgmcXVvdDs6JnF1b3Q7aHR0cHM6Ly9zZXJ2aWNlcy5ldXJvZmluc2dlbm9taWNzLmNvbS9TY2hlbWFzL0Vjb20vUFNEL0NhdGFsb2d1ZVByb2R1Y3RzVjIuMi54c2QmcXVvdDssJnF1b3Q7TmVlZHNCaW9TYWZldHkmcXVvdDs6dHJ1ZSwmcXVvdDtDYW5HdWVzdENoZWNrb3V0JnF1b3Q7OmZhbHNlLCZxdW90O0Rpc2FsbG93UXVhbnRpdHlDaGFuZ2UmcXVvdDs6ZmFsc2UsJnF1b3Q7RGlzYWxsb3dFZGl0SW5DYXJ0JnF1b3Q7OmZhbHNlLCZxdW90O1Jlc291cmNlUHJlZml4JnF1b3Q7OiZxdW90OyZxdW90OywmcXVvdDtQcm9kdWN0aW9uT3JkZXJHcm91cCZxdW90Ozp7JnF1b3Q7JHJlZiZxdW90OzomcXVvdDszJnF1b3Q7fSwmcXVvdDtTcHNjJnF1b3Q7Om51bGwsJnF1b3Q7RUNsYXNzJnF1b3Q7Om51bGwsJnF1b3Q7SWQmcXVvdDs6ODYsJnF1b3Q7SXNIYXJkRGVsZXRlZCZxdW90OzpmYWxzZX0seyZxdW90OyRpZCZxdW90OzomcXVvdDs5NSZxdW90OywmcXVvdDtCdXNpbmVzc1VuaXQmcXVvdDs6eyZxdW90OyRpZCZxdW90OzomcXVvdDs5NiZxdW90OywmcXVvdDtCdUljb24mcXVvdDs6JnF1b3Q7L2ltYWdlcy91c2VyY29udHJvbHMvaWNvbnMvYnUvc2VxX3NtYWxsLmdpZiZxdW90OywmcXVvdDtCdUtleSZxdW90OzomcXVvdDtTRVEmcXVvdDssJnF1b3Q7QnVOYW1lJnF1b3Q7OiZxdW90O0N1c3RvbSBETkEgU2VxdWVuY2luZyZxdW90OywmcXVvdDtCdXNpbmVzc1VuaXRFbnVtJnF1b3Q7OjIsJnF1b3Q7RGlzdHJpYnV0b3JSZXNwb25zaWJpbGl0aWVzJnF1b3Q7Om51bGwsJnF1b3Q7SGFzTGltc1N5c3RlbSZxdW90OzpmYWxzZSwmcXVvdDtJbnN0YW5jZVN0YXR1c0VudW0mcXVvdDs6MCwmcXVvdDtTYWxlc0l0ZW1UeXBlcyZxdW90OzpudWxsLCZxdW90O1NpdGUmcXVvdDs6bnVsbCwmcXVvdDtWZXJzaW9uJnF1b3Q7OjEsJnF1b3Q7QnVQcm9kdWN0aW9uRGV0YWlsc1VybCZxdW90OzpudWxsLCZxdW90O0lkJnF1b3Q7OjIsJnF1b3Q7SXNIYXJkRGVsZXRlZCZxdW90OzpmYWxzZX0sJnF1b3Q7UHJvZHVjdENhdGVnb3J5RW51bSZxdW90OzoxLCZxdW90O09yZGVyV2l6YXJkVHlwZUVudW0mcXVvdDs6MTIsJnF1b3Q7SW5zdGFuY2VTdGF0dXNFbnVtJnF1b3Q7OjAsJnF1b3Q7Q2FuT3JkZXJXaGVuTm9QcmljZSZxdW90Ozp0cnVlLCZxdW90O0NhblF1b3RlV2hlbk5vUHJpY2UmcXVvdDs6dHJ1ZSwmcXVvdDtDYW5RdW90ZVdpdGhQcmljZSZxdW90Ozp0cnVlLCZxdW90O0NhblNoaXBPbkRyeUljZSZxdW90OzpmYWxzZSwmcXVvdDtDb250cm9sUGF0aCZxdW90OzomcXVvdDt+XFx1c2VyY29udHJvbHNcXENvcmVcXENvbnRhaW5lclxcT3JkZXJpbmdcXENhdGFsb2d1ZVByb2R1Y3RzXFxDYXRhbG9ndWVQcm9kdWN0LmFzY3gmcXVvdDssJnF1b3Q7SXNTdGFuZEFsb25lSXRlbSZxdW90OzpmYWxzZSwmcXVvdDtOYW1lJnF1b3Q7OiZxdW90O1BsYXRlS2l0T04mcXVvdDssJnF1b3Q7T3JkZXJpbmdQYWdlUGF0aCZxdW90OzomcXVvdDtpbnRMaW5rU0lUX1BsYXRlS2l0T04mcXVvdDssJnF1b3Q7UmVxdWlyZVBoeXNpY2FsU2hpcG1lbnQmcXVvdDs6dHJ1ZSwmcXVvdDtTaXRLZXkmcXVvdDs6JnF1b3Q7UGxhdGVLaXRPTiZxdW90OywmcXVvdDtWZXJzaW9uJnF1b3Q7OjMsJnF1b3Q7V2FpdEZvckNhbmNlbGxhdGlvblBlcmlvZCZxdW90OzozMCwmcXVvdDtYc2RQYXRoJnF1b3Q7OiZxdW90O2h0dHBzOi8vc2VydmljZXMuZXVyb2ZpbnNnZW5vbWljcy5jb20vU2NoZW1hcy9FY29tL1BTRC9DYXRhbG9ndWVQcm9kdWN0c1YyLjIueHNkJnF1b3Q7LCZxdW90O05lZWRzQmlvU2FmZXR5JnF1b3Q7OnRydWUsJnF1b3Q7Q2FuR3Vlc3RDaGVja291dCZxdW90OzpmYWxzZSwmcXVvdDtEaXNhbGxvd1F1YW50aXR5Q2hhbmdlJnF1b3Q7OmZhbHNlLCZxdW90O0Rpc2FsbG93RWRpdEluQ2FydCZxdW90OzpmYWxzZSwmcXVvdDtSZXNvdXJjZVByZWZpeCZxdW90OzomcXVvdDsmcXVvdDssJnF1b3Q7UHJvZHVjdGlvbk9yZGVyR3JvdXAmcXVvdDs6eyZxdW90OyRyZWYmcXVvdDs6JnF1b3Q7MyZxdW90O30sJnF1b3Q7U3BzYyZxdW90OzomcXVvdDsmcXVvdDssJnF1b3Q7RUNsYXNzJnF1b3Q7OiZxdW90OyZxdW90OywmcXVvdDtJZCZxdW90Ozo4OSwmcXVvdDtJc0hhcmREZWxldGVkJnF1b3Q7OmZhbHNlfSx7JnF1b3Q7JGlkJnF1b3Q7OiZxdW90Ozk3JnF1b3Q7LCZxdW90O0J1c2luZXNzVW5pdCZxdW90Ozp7JnF1b3Q7JGlkJnF1b3Q7OiZxdW90Ozk4JnF1b3Q7LCZxdW90O0J1SWNvbiZxdW90OzomcXVvdDsvaW1hZ2VzL3VzZXJjb250cm9scy9pY29ucy9idS9zZXFfc21hbGwuZ2lmJnF1b3Q7LCZxdW90O0J1S2V5JnF1b3Q7OiZxdW90O1NFUSZxdW90OywmcXVvdDtCdU5hbWUmcXVvdDs6JnF1b3Q7Q3VzdG9tIEROQSBTZXF1ZW5jaW5nJnF1b3Q7LCZxdW90O0J1c2luZXNzVW5pdEVudW0mcXVvdDs6MiwmcXVvdDtEaXN0cmlidXRvclJlc3BvbnNpYmlsaXRpZXMmcXVvdDs6bnVsbCwmcXVvdDtIYXNMaW1zU3lzdGVtJnF1b3Q7OmZhbHNlLCZxdW90O0luc3RhbmNlU3RhdHVzRW51bSZxdW90OzowLCZxdW90O1NhbGVzSXRlbVR5cGVzJnF1b3Q7Om51bGwsJnF1b3Q7U2l0ZSZxdW90OzpudWxsLCZxdW90O1ZlcnNpb24mcXVvdDs6MSwmcXVvdDtCdVByb2R1Y3Rpb25EZXRhaWxzVXJsJnF1b3Q7Om51bGwsJnF1b3Q7SWQmcXVvdDs6MiwmcXVvdDtJc0hhcmREZWxldGVkJnF1b3Q7OmZhbHNlfSwmcXVvdDtQcm9kdWN0Q2F0ZWdvcnlFbnVtJnF1b3Q7OjEsJnF1b3Q7T3JkZXJXaXphcmRUeXBlRW51bSZxdW90OzoxMiwmcXVvdDtJbnN0YW5jZVN0YXR1c0VudW0mcXVvdDs6MCwmcXVvdDtDYW5PcmRlcldoZW5Ob1ByaWNlJnF1b3Q7OnRydWUsJnF1b3Q7Q2FuUXVvdGVXaGVuTm9QcmljZSZxdW90Ozp0cnVlLCZxdW90O0NhblF1b3RlV2l0aFByaWNlJnF1b3Q7OnRydWUsJnF1b3Q7Q2FuU2hpcE9uRHJ5SWNlJnF1b3Q7OmZhbHNlLCZxdW90O0NvbnRyb2xQYXRoJnF1b3Q7OiZxdW90O35cXHVzZXJjb250cm9sc1xcQ29yZVxcQ29udGFpbmVyXFxPcmRlcmluZ1xcQ2F0YWxvZ3VlUHJvZHVjdHNcXENhdGFsb2d1ZVByb2R1Y3QuYXNjeCZxdW90OywmcXVvdDtJc1N0YW5kQWxvbmVJdGVtJnF1b3Q7OmZhbHNlLCZxdW90O05hbWUmcXVvdDs6JnF1b3Q7UHJlcGFpZCBQbGF0ZSBLaXQgUENSJnF1b3Q7LCZxdW90O09yZGVyaW5nUGFnZVBhdGgmcXVvdDs6JnF1b3Q7aW50TGlua1NJVF9QbGF0ZUtpdFBDUiZxdW90OywmcXVvdDtSZXF1aXJlUGh5c2ljYWxTaGlwbWVudCZxdW90Ozp0cnVlLCZxdW90O1NpdEtleSZxdW90OzomcXVvdDtQbGF0ZUtpdFBDUiZxdW90OywmcXVvdDtWZXJzaW9uJnF1b3Q7OjQsJnF1b3Q7V2FpdEZvckNhbmNlbGxhdGlvblBlcmlvZCZxdW90OzozMCwmcXVvdDtYc2RQYXRoJnF1b3Q7OiZxdW90O2h0dHBzOi8vc2VydmljZXMuZXVyb2ZpbnNnZW5vbWljcy5jb20vU2NoZW1hcy9FY29tL1BTRC9DYXRhbG9ndWVQcm9kdWN0c1YyLjIueHNkJnF1b3Q7LCZxdW90O05lZWRzQmlvU2FmZXR5JnF1b3Q7OnRydWUsJnF1b3Q7Q2FuR3Vlc3RDaGVja291dCZxdW90OzpmYWxzZSwmcXVvdDtEaXNhbGxvd1F1YW50aXR5Q2hhbmdlJnF1b3Q7OmZhbHNlLCZxdW90O0Rpc2FsbG93RWRpdEluQ2FydCZxdW90OzpmYWxzZSwmcXVvdDtSZXNvdXJjZVByZWZpeCZxdW90OzpudWxsLCZxdW90O1Byb2R1Y3Rpb25PcmRlckdyb3VwJnF1b3Q7OnsmcXVvdDskcmVmJnF1b3Q7OiZxdW90OzMmcXVvdDt9LCZxdW90O1Nwc2MmcXVvdDs6bnVsbCwmcXVvdDtFQ2xhc3MmcXVvdDs6bnVsbCwmcXVvdDtJZCZxdW90OzozOCwmcXVvdDtJc0hhcmREZWxldGVkJnF1b3Q7OmZhbHNlfSx7JnF1b3Q7JGlkJnF1b3Q7OiZxdW90Ozk5JnF1b3Q7LCZxdW90O0J1c2luZXNzVW5pdCZxdW90Ozp7JnF1b3Q7JGlkJnF1b3Q7OiZxdW90OzEwMCZxdW90OywmcXVvdDtCdUljb24mcXVvdDs6JnF1b3Q7L2ltYWdlcy91c2VyY29udHJvbHMvaWNvbnMvYnUvc2VxX3NtYWxsLmdpZiZxdW90OywmcXVvdDtCdUtleSZxdW90OzomcXVvdDtTRVEmcXVvdDssJnF1b3Q7QnVOYW1lJnF1b3Q7OiZxdW90O0N1c3RvbSBETkEgU2VxdWVuY2luZyZxdW90OywmcXVvdDtCdXNpbmVzc1VuaXRFbnVtJnF1b3Q7OjIsJnF1b3Q7RGlzdHJpYnV0b3JSZXNwb25zaWJpbGl0aWVzJnF1b3Q7Om51bGwsJnF1b3Q7SGFzTGltc1N5c3RlbSZxdW90OzpmYWxzZSwmcXVvdDtJbnN0YW5jZVN0YXR1c0VudW0mcXVvdDs6MCwmcXVvdDtTYWxlc0l0ZW1UeXBlcyZxdW90OzpudWxsLCZxdW90O1NpdGUmcXVvdDs6bnVsbCwmcXVvdDtWZXJzaW9uJnF1b3Q7OjEsJnF1b3Q7QnVQcm9kdWN0aW9uRGV0YWlsc1VybCZxdW90OzpudWxsLCZxdW90O0lkJnF1b3Q7OjIsJnF1b3Q7SXNIYXJkRGVsZXRlZCZxdW90OzpmYWxzZX0sJnF1b3Q7UHJvZHVjdENhdGVnb3J5RW51bSZxdW90OzoyLCZxdW90O09yZGVyV2l6YXJkVHlwZUVudW0mcXVvdDs6NiwmcXVvdDtJbnN0YW5jZVN0YXR1c0VudW0mcXVvdDs6MCwmcXVvdDtDYW5PcmRlcldoZW5Ob1ByaWNlJnF1b3Q7OnRydWUsJnF1b3Q7Q2FuUXVvdGVXaGVuTm9QcmljZSZxdW90Ozp0cnVlLCZxdW90O0NhblF1b3RlV2l0aFByaWNlJnF1b3Q7OnRydWUsJnF1b3Q7Q2FuU2hpcE9uRHJ5SWNlJnF1b3Q7OmZhbHNlLCZxdW90O0NvbnRyb2xQYXRoJnF1b3Q7OiZxdW90O35cXHVzZXJjb250cm9sc1xcQ29yZVxcQ29udGFpbmVyXFxPcmRlcmluZ1xcU2VxdWVuY2luZ1xcUGxhdGVcXGNjUGxhdGVTZXF1ZW5jaW5nLmFzY3gmcXVvdDssJnF1b3Q7SXNTdGFuZEFsb25lSXRlbSZxdW90OzpmYWxzZSwmcXVvdDtOYW1lJnF1b3Q7OiZxdW90Ozk2d2VsbCBQbGF0ZSBTZXF1ZW5jaW5nJnF1b3Q7LCZxdW90O09yZGVyaW5nUGFnZVBhdGgmcXVvdDs6JnF1b3Q7aW50TGlua1NJVF9QbGF0ZVNlcXVlbmNpbmcmcXVvdDssJnF1b3Q7UmVxdWlyZVBoeXNpY2FsU2hpcG1lbnQmcXVvdDs6ZmFsc2UsJnF1b3Q7U2l0S2V5JnF1b3Q7OiZxdW90O1BsYXRlU2VxdWVuY2luZyZxdW90OywmcXVvdDtWZXJzaW9uJnF1b3Q7OjYsJnF1b3Q7V2FpdEZvckNhbmNlbGxhdGlvblBlcmlvZCZxdW90OzowLCZxdW90O1hzZFBhdGgmcXVvdDs6JnF1b3Q7aHR0cHM6Ly9zZXJ2aWNlcy5ldXJvZmluc2dlbm9taWNzLmNvbS9TY2hlbWFzL0Vjb20vUFNEL1NlcXVlbmNpbmdWMi43LnhzZCZxdW90OywmcXVvdDtOZWVkc0Jpb1NhZmV0eSZxdW90Ozp0cnVlLCZxdW90O0Nhbkd1ZXN0Q2hlY2tvdXQmcXVvdDs6ZmFsc2UsJnF1b3Q7RGlzYWxsb3dRdWFudGl0eUNoYW5nZSZxdW90OzpmYWxzZSwmcXVvdDtEaXNhbGxvd0VkaXRJbkNhcnQmcXVvdDs6ZmFsc2UsJnF1b3Q7UmVzb3VyY2VQcmVmaXgmcXVvdDs6JnF1b3Q7JnF1b3Q7LCZxdW90O1Byb2R1Y3Rpb25PcmRlckdyb3VwJnF1b3Q7Om51bGwsJnF1b3Q7U3BzYyZxdW90OzomcXVvdDsmcXVvdDssJnF1b3Q7RUNsYXNzJnF1b3Q7OiZxdW90OyZxdW90OywmcXVvdDtJZCZxdW90Ozo2MiwmcXVvdDtJc0hhcmREZWxldGVkJnF1b3Q7OmZhbHNlfSx7JnF1b3Q7JGlkJnF1b3Q7OiZxdW90OzEwMSZxdW90OywmcXVvdDtCdXNpbmVzc1VuaXQmcXVvdDs6eyZxdW90OyRpZCZxdW90OzomcXVvdDsxMDImcXVvdDssJnF1b3Q7QnVJY29uJnF1b3Q7OiZxdW90Oy9pbWFnZXMvdXNlcmNvbnRyb2xzL2ljb25zL2J1L3NlcV9zbWFsbC5naWYmcXVvdDssJnF1b3Q7QnVLZXkmcXVvdDs6JnF1b3Q7U0VRJnF1b3Q7LCZxdW90O0J1TmFtZSZxdW90OzomcXVvdDtDdXN0b20gRE5BIFNlcXVlbmNpbmcmcXVvdDssJnF1b3Q7QnVzaW5lc3NVbml0RW51bSZxdW90OzoyLCZxdW90O0Rpc3RyaWJ1dG9yUmVzcG9uc2liaWxpdGllcyZxdW90OzpudWxsLCZxdW90O0hhc0xpbXNTeXN0ZW0mcXVvdDs6ZmFsc2UsJnF1b3Q7SW5zdGFuY2VTdGF0dXNFbnVtJnF1b3Q7OjAsJnF1b3Q7U2FsZXNJdGVtVHlwZXMmcXVvdDs6bnVsbCwmcXVvdDtTaXRlJnF1b3Q7Om51bGwsJnF1b3Q7VmVyc2lvbiZxdW90OzoxLCZxdW90O0J1UHJvZHVjdGlvbkRldGFpbHNVcmwmcXVvdDs6bnVsbCwmcXVvdDtJZCZxdW90OzoyLCZxdW90O0lzSGFyZERlbGV0ZWQmcXVvdDs6ZmFsc2V9LCZxdW90O1Byb2R1Y3RDYXRlZ29yeUVudW0mcXVvdDs6MSwmcXVvdDtPcmRlcldpemFyZFR5cGVFbnVtJnF1b3Q7OjEyLCZxdW90O0luc3RhbmNlU3RhdHVzRW51bSZxdW90OzowLCZxdW90O0Nhbk9yZGVyV2hlbk5vUHJpY2UmcXVvdDs6dHJ1ZSwmcXVvdDtDYW5RdW90ZVdoZW5Ob1ByaWNlJnF1b3Q7OmZhbHNlLCZxdW90O0NhblF1b3RlV2l0aFByaWNlJnF1b3Q7OmZhbHNlLCZxdW90O0NhblNoaXBPbkRyeUljZSZxdW90OzpmYWxzZSwmcXVvdDtDb250cm9sUGF0aCZxdW90OzomcXVvdDt+XFx1c2VyY29udHJvbHNcXENvcmVcXENvbnRhaW5lclxcT3JkZXJpbmdcXENhdGFsb2d1ZVByb2R1Y3RzXFxDYXRhbG9ndWVQcm9kdWN0LmFzY3gmcXVvdDssJnF1b3Q7SXNTdGFuZEFsb25lSXRlbSZxdW90OzpmYWxzZSwmcXVvdDtOYW1lJnF1b3Q7OiZxdW90O1ByZXBhaWQgQmFyY29kZXMmcXVvdDssJnF1b3Q7T3JkZXJpbmdQYWdlUGF0aCZxdW90OzomcXVvdDtpbnRMaW5rU0lUX1ByZXBhaWRCYXJjb2RlcyZxdW90OywmcXVvdDtSZXF1aXJlUGh5c2ljYWxTaGlwbWVudCZxdW90Ozp0cnVlLCZxdW90O1NpdEtleSZxdW90OzomcXVvdDtQcmVwYWlkQmFyY29kZXMmcXVvdDssJnF1b3Q7VmVyc2lvbiZxdW90OzozLCZxdW90O1dhaXRGb3JDYW5jZWxsYXRpb25QZXJpb2QmcXVvdDs6MzAsJnF1b3Q7WHNkUGF0aCZxdW90OzomcXVvdDtodHRwczovL3NlcnZpY2VzLmV1cm9maW5zZ2Vub21pY3MuY29tL1NjaGVtYXMvRWNvbS9QU0QvQ2F0YWxvZ3VlUHJvZHVjdHNWMi4yLnhzZCZxdW90OywmcXVvdDtOZWVkc0Jpb1NhZmV0eSZxdW90OzpmYWxzZSwmcXVvdDtDYW5HdWVzdENoZWNrb3V0JnF1b3Q7OmZhbHNlLCZxdW90O0Rpc2FsbG93UXVhbnRpdHlDaGFuZ2UmcXVvdDs6ZmFsc2UsJnF1b3Q7RGlzYWxsb3dFZGl0SW5DYXJ0JnF1b3Q7OmZhbHNlLCZxdW90O1Jlc291cmNlUHJlZml4JnF1b3Q7Om51bGwsJnF1b3Q7UHJvZHVjdGlvbk9yZGVyR3JvdXAmcXVvdDs6eyZxdW90OyRyZWYmcXVvdDs6JnF1b3Q7MyZxdW90O30sJnF1b3Q7U3BzYyZxdW90OzpudWxsLCZxdW90O0VDbGFzcyZxdW90OzpudWxsLCZxdW90O0lkJnF1b3Q7OjMzLCZxdW90O0lzSGFyZERlbGV0ZWQmcXVvdDs6ZmFsc2V9LHsmcXVvdDskaWQmcXVvdDs6JnF1b3Q7MTAzJnF1b3Q7LCZxdW90O0J1c2luZXNzVW5pdCZxdW90Ozp7JnF1b3Q7JGlkJnF1b3Q7OiZxdW90OzEwNCZxdW90OywmcXVvdDtCdUljb24mcXVvdDs6JnF1b3Q7L2ltYWdlcy91c2VyY29udHJvbHMvaWNvbnMvYnUvc2VxX3NtYWxsLmdpZiZxdW90OywmcXVvdDtCdUtleSZxdW90OzomcXVvdDtTRVEmcXVvdDssJnF1b3Q7QnVOYW1lJnF1b3Q7OiZxdW90O0N1c3RvbSBETkEgU2VxdWVuY2luZyZxdW90OywmcXVvdDtCdXNpbmVzc1VuaXRFbnVtJnF1b3Q7OjIsJnF1b3Q7RGlzdHJpYnV0b3JSZXNwb25zaWJpbGl0aWVzJnF1b3Q7Om51bGwsJnF1b3Q7SGFzTGltc1N5c3RlbSZxdW90OzpmYWxzZSwmcXVvdDtJbnN0YW5jZVN0YXR1c0VudW0mcXVvdDs6MCwmcXVvdDtTYWxlc0l0ZW1UeXBlcyZxdW90OzpudWxsLCZxdW90O1NpdGUmcXVvdDs6bnVsbCwmcXVvdDtWZXJzaW9uJnF1b3Q7OjEsJnF1b3Q7QnVQcm9kdWN0aW9uRGV0YWlsc1VybCZxdW90OzpudWxsLCZxdW90O0lkJnF1b3Q7OjIsJnF1b3Q7SXNIYXJkRGVsZXRlZCZxdW90OzpmYWxzZX0sJnF1b3Q7UHJvZHVjdENhdGVnb3J5RW51bSZxdW90OzoyLCZxdW90O09yZGVyV2l6YXJkVHlwZUVudW0mcXVvdDs6MTksJnF1b3Q7SW5zdGFuY2VTdGF0dXNFbnVtJnF1b3Q7OjAsJnF1b3Q7Q2FuT3JkZXJXaGVuTm9QcmljZSZxdW90Ozp0cnVlLCZxdW90O0NhblF1b3RlV2hlbk5vUHJpY2UmcXVvdDs6dHJ1ZSwmcXVvdDtDYW5RdW90ZVdpdGhQcmljZSZxdW90Ozp0cnVlLCZxdW90O0NhblNoaXBPbkRyeUljZSZxdW90OzpmYWxzZSwmcXVvdDtDb250cm9sUGF0aCZxdW90OzomcXVvdDt+XFx1c2VyY29udHJvbHNcXENvcmVcXENvbnRhaW5lclxcT3JkZXJpbmdcXFNlcXVlbmNpbmdcXFR1YmVcXGNjU2VxVHViZU9yZGVyaW5nLmFzY3gmcXVvdDssJnF1b3Q7SXNTdGFuZEFsb25lSXRlbSZxdW90OzpmYWxzZSwmcXVvdDtOYW1lJnF1b3Q7OiZxdW90O1ByaW1lciBXYWxraW5nJnF1b3Q7LCZxdW90O09yZGVyaW5nUGFnZVBhdGgmcXVvdDs6JnF1b3Q7aW50TGlua1NJVF9QcmltZXJXYWxraW5nJnF1b3Q7LCZxdW90O1JlcXVpcmVQaHlzaWNhbFNoaXBtZW50JnF1b3Q7OmZhbHNlLCZxdW90O1NpdEtleSZxdW90OzomcXVvdDtQcmltZXJXYWxraW5nJnF1b3Q7LCZxdW90O1ZlcnNpb24mcXVvdDs6MiwmcXVvdDtXYWl0Rm9yQ2FuY2VsbGF0aW9uUGVyaW9kJnF1b3Q7OjAsJnF1b3Q7WHNkUGF0aCZxdW90OzomcXVvdDtodHRwczovL3NlcnZpY2VzLmV1cm9maW5zZ2Vub21pY3MuY29tL1NjaGVtYXMvRWNvbS9QU0QvU2VxdWVuY2luZ1YyLjcueHNkJnF1b3Q7LCZxdW90O05lZWRzQmlvU2FmZXR5JnF1b3Q7OmZhbHNlLCZxdW90O0Nhbkd1ZXN0Q2hlY2tvdXQmcXVvdDs6dHJ1ZSwmcXVvdDtEaXNhbGxvd1F1YW50aXR5Q2hhbmdlJnF1b3Q7OmZhbHNlLCZxdW90O0Rpc2FsbG93RWRpdEluQ2FydCZxdW90OzpmYWxzZSwmcXVvdDtSZXNvdXJjZVByZWZpeCZxdW90OzpudWxsLCZxdW90O1Byb2R1Y3Rpb25PcmRlckdyb3VwJnF1b3Q7Om51bGwsJnF1b3Q7U3BzYyZxdW90OzpudWxsLCZxdW90O0VDbGFzcyZxdW90OzpudWxsLCZxdW90O0lkJnF1b3Q7OjY5LCZxdW90O0lzSGFyZERlbGV0ZWQmcXVvdDs6ZmFsc2V9LHsmcXVvdDskaWQmcXVvdDs6JnF1b3Q7MTA1JnF1b3Q7LCZxdW90O0J1c2luZXNzVW5pdCZxdW90Ozp7JnF1b3Q7JGlkJnF1b3Q7OiZxdW90OzEwNiZxdW90OywmcXVvdDtCdUljb24mcXVvdDs6JnF1b3Q7L2ltYWdlcy91c2VyY29udHJvbHMvaWNvbnMvYnUvb2xpZ29fc21hbGwuZ2lmJnF1b3Q7LCZxdW90O0J1S2V5JnF1b3Q7OiZxdW90O09saWdvcyZxdW90OywmcXVvdDtCdU5hbWUmcXVvdDs6JnF1b3Q7RE5BICZhbXA7IFJOQSBPbGlnb251Y2xlb3RpZGVzJnF1b3Q7LCZxdW90O0J1c2luZXNzVW5pdEVudW0mcXVvdDs6MSwmcXVvdDtEaXN0cmlidXRvclJlc3BvbnNpYmlsaXRpZXMmcXVvdDs6bnVsbCwmcXVvdDtIYXNMaW1zU3lzdGVtJnF1b3Q7OmZhbHNlLCZxdW90O0luc3RhbmNlU3RhdHVzRW51bSZxdW90OzowLCZxdW90O1NhbGVzSXRlbVR5cGVzJnF1b3Q7Om51bGwsJnF1b3Q7U2l0ZSZxdW90OzpudWxsLCZxdW90O1ZlcnNpb24mcXVvdDs6MSwmcXVvdDtCdVByb2R1Y3Rpb25EZXRhaWxzVXJsJnF1b3Q7Om51bGwsJnF1b3Q7SWQmcXVvdDs6MSwmcXVvdDtJc0hhcmREZWxldGVkJnF1b3Q7OmZhbHNlfSwmcXVvdDtQcm9kdWN0Q2F0ZWdvcnlFbnVtJnF1b3Q7OjEsJnF1b3Q7T3JkZXJXaXphcmRUeXBlRW51bSZxdW90OzozLCZxdW90O0luc3RhbmNlU3RhdHVzRW51bSZxdW90OzowLCZxdW90O0Nhbk9yZGVyV2hlbk5vUHJpY2UmcXVvdDs6dHJ1ZSwmcXVvdDtDYW5RdW90ZVdoZW5Ob1ByaWNlJnF1b3Q7OnRydWUsJnF1b3Q7Q2FuUXVvdGVXaXRoUHJpY2UmcXVvdDs6dHJ1ZSwmcXVvdDtDYW5TaGlwT25EcnlJY2UmcXVvdDs6dHJ1ZSwmcXVvdDtDb250cm9sUGF0aCZxdW90OzomcXVvdDt+XFx1c2VyY29udHJvbHNcXENvcmVcXENvbnRhaW5lclxcT3JkZXJpbmdcXE9saWdvc1xcU2VtaUN1c3RvbWlzZWRJblR1YmVzLmFzY3gmcXVvdDssJnF1b3Q7SXNTdGFuZEFsb25lSXRlbSZxdW90OzpmYWxzZSwmcXVvdDtOYW1lJnF1b3Q7OiZxdW90O3FQQ1IgUHJvYmUmcXVvdDssJnF1b3Q7T3JkZXJpbmdQYWdlUGF0aCZxdW90OzomcXVvdDtpbnRMaW5rU0lUX3FQQ1JQcm9iZSZxdW90OywmcXVvdDtSZXF1aXJlUGh5c2ljYWxTaGlwbWVudCZxdW90Ozp0cnVlLCZxdW90O1NpdEtleSZxdW90OzomcXVvdDtxUENSUHJvYmUmcXVvdDssJnF1b3Q7VmVyc2lvbiZxdW90OzozLCZxdW90O1dhaXRGb3JDYW5jZWxsYXRpb25QZXJpb2QmcXVvdDs6MzAsJnF1b3Q7WHNkUGF0aCZxdW90OzomcXVvdDtodHRwczovL3NlcnZpY2VzLmV1cm9maW5zZ2Vub21pY3MuY29tL1NjaGVtYXMvRWNvbS9QU0QvT2xpZ29WNC4xLnhzZCZxdW90OywmcXVvdDtOZWVkc0Jpb1NhZmV0eSZxdW90Ozp0cnVlLCZxdW90O0Nhbkd1ZXN0Q2hlY2tvdXQmcXVvdDs6ZmFsc2UsJnF1b3Q7RGlzYWxsb3dRdWFudGl0eUNoYW5nZSZxdW90OzpmYWxzZSwmcXVvdDtEaXNhbGxvd0VkaXRJbkNhcnQmcXVvdDs6ZmFsc2UsJnF1b3Q7UmVzb3VyY2VQcmVmaXgmcXVvdDs6bnVsbCwmcXVvdDtQcm9kdWN0aW9uT3JkZXJHcm91cCZxdW90OzpudWxsLCZxdW90O1Nwc2MmcXVvdDs6bnVsbCwmcXVvdDtFQ2xhc3MmcXVvdDs6bnVsbCwmcXVvdDtJZCZxdW90Ozo4LCZxdW90O0lzSGFyZERlbGV0ZWQmcXVvdDs6ZmFsc2V9LHsmcXVvdDskaWQmcXVvdDs6JnF1b3Q7MTA3JnF1b3Q7LCZxdW90O0J1c2luZXNzVW5pdCZxdW90Ozp7JnF1b3Q7JGlkJnF1b3Q7OiZxdW90OzEwOCZxdW90OywmcXVvdDtCdUljb24mcXVvdDs6JnF1b3Q7L2ltYWdlcy91c2VyY29udHJvbHMvaWNvbnMvYnUvb2xpZ29fc21hbGwuZ2lmJnF1b3Q7LCZxdW90O0J1S2V5JnF1b3Q7OiZxdW90O09saWdvcyZxdW90OywmcXVvdDtCdU5hbWUmcXVvdDs6JnF1b3Q7RE5BICZhbXA7IFJOQSBPbGlnb251Y2xlb3RpZGVzJnF1b3Q7LCZxdW90O0J1c2luZXNzVW5pdEVudW0mcXVvdDs6MSwmcXVvdDtEaXN0cmlidXRvclJlc3BvbnNpYmlsaXRpZXMmcXVvdDs6bnVsbCwmcXVvdDtIYXNMaW1zU3lzdGVtJnF1b3Q7OmZhbHNlLCZxdW90O0luc3RhbmNlU3RhdHVzRW51bSZxdW90OzowLCZxdW90O1NhbGVzSXRlbVR5cGVzJnF1b3Q7Om51bGwsJnF1b3Q7U2l0ZSZxdW90OzpudWxsLCZxdW90O1ZlcnNpb24mcXVvdDs6MSwmcXVvdDtCdVByb2R1Y3Rpb25EZXRhaWxzVXJsJnF1b3Q7Om51bGwsJnF1b3Q7SWQmcXVvdDs6MSwmcXVvdDtJc0hhcmREZWxldGVkJnF1b3Q7OmZhbHNlfSwmcXVvdDtQcm9kdWN0Q2F0ZWdvcnlFbnVtJnF1b3Q7OjEsJnF1b3Q7T3JkZXJXaXphcmRUeXBlRW51bSZxdW90OzozLCZxdW90O0luc3RhbmNlU3RhdHVzRW51bSZxdW90OzowLCZxdW90O0Nhbk9yZGVyV2hlbk5vUHJpY2UmcXVvdDs6dHJ1ZSwmcXVvdDtDYW5RdW90ZVdoZW5Ob1ByaWNlJnF1b3Q7OmZhbHNlLCZxdW90O0NhblF1b3RlV2l0aFByaWNlJnF1b3Q7OmZhbHNlLCZxdW90O0NhblNoaXBPbkRyeUljZSZxdW90OzpmYWxzZSwmcXVvdDtDb250cm9sUGF0aCZxdW90OzomcXVvdDt+XFx1c2VyY29udHJvbHNcXENvcmVcXENvbnRhaW5lclxcT3JkZXJpbmdcXE9saWdvc1xcU2VtaUN1c3RvbWlzZWRJblR1YmVzLmFzY3gmcXVvdDssJnF1b3Q7SXNTdGFuZEFsb25lSXRlbSZxdW90OzpmYWxzZSwmcXVvdDtOYW1lJnF1b3Q7OiZxdW90O1F1aWNrIFByb2JlJnF1b3Q7LCZxdW90O09yZGVyaW5nUGFnZVBhdGgmcXVvdDs6JnF1b3Q7aW50TGlua1NJVF9RdWlja1Byb2JlJnF1b3Q7LCZxdW90O1JlcXVpcmVQaHlzaWNhbFNoaXBtZW50JnF1b3Q7OnRydWUsJnF1b3Q7U2l0S2V5JnF1b3Q7OiZxdW90O1F1aWNrUHJvYmUmcXVvdDssJnF1b3Q7VmVyc2lvbiZxdW90OzozLCZxdW90O1dhaXRGb3JDYW5jZWxsYXRpb25QZXJpb2QmcXVvdDs6MzAsJnF1b3Q7WHNkUGF0aCZxdW90OzomcXVvdDtodHRwczovL3NlcnZpY2VzLmV1cm9maW5zZ2Vub21pY3MuY29tL1NjaGVtYXMvRWNvbS9QU0QvT2xpZ29WNC4xLnhzZCZxdW90OywmcXVvdDtOZWVkc0Jpb1NhZmV0eSZxdW90OzpmYWxzZSwmcXVvdDtDYW5HdWVzdENoZWNrb3V0JnF1b3Q7OmZhbHNlLCZxdW90O0Rpc2FsbG93UXVhbnRpdHlDaGFuZ2UmcXVvdDs6ZmFsc2UsJnF1b3Q7RGlzYWxsb3dFZGl0SW5DYXJ0JnF1b3Q7OmZhbHNlLCZxdW90O1Jlc291cmNlUHJlZml4JnF1b3Q7Om51bGwsJnF1b3Q7UHJvZHVjdGlvbk9yZGVyR3JvdXAmcXVvdDs6bnVsbCwmcXVvdDtTcHNjJnF1b3Q7Om51bGwsJnF1b3Q7RUNsYXNzJnF1b3Q7Om51bGwsJnF1b3Q7SWQmcXVvdDs6MjgsJnF1b3Q7SXNIYXJkRGVsZXRlZCZxdW90OzpmYWxzZX0seyZxdW90OyRpZCZxdW90OzomcXVvdDsxMDkmcXVvdDssJnF1b3Q7QnVzaW5lc3NVbml0JnF1b3Q7OnsmcXVvdDskaWQmcXVvdDs6JnF1b3Q7MTEwJnF1b3Q7LCZxdW90O0J1SWNvbiZxdW90OzomcXVvdDsvaW1hZ2VzL3VzZXJjb250cm9scy9pY29ucy9idS9zZXFfc21hbGwuZ2lmJnF1b3Q7LCZxdW90O0J1S2V5JnF1b3Q7OiZxdW90O1NFUSZxdW90OywmcXVvdDtCdU5hbWUmcXVvdDs6JnF1b3Q7Q3VzdG9tIEROQSBTZXF1ZW5jaW5nJnF1b3Q7LCZxdW90O0J1c2luZXNzVW5pdEVudW0mcXVvdDs6MiwmcXVvdDtEaXN0cmlidXRvclJlc3BvbnNpYmlsaXRpZXMmcXVvdDs6bnVsbCwmcXVvdDtIYXNMaW1zU3lzdGVtJnF1b3Q7OmZhbHNlLCZxdW90O0luc3RhbmNlU3RhdHVzRW51bSZxdW90OzowLCZxdW90O1NhbGVzSXRlbVR5cGVzJnF1b3Q7Om51bGwsJnF1b3Q7U2l0ZSZxdW90OzpudWxsLCZxdW90O1ZlcnNpb24mcXVvdDs6MSwmcXVvdDtCdVByb2R1Y3Rpb25EZXRhaWxzVXJsJnF1b3Q7Om51bGwsJnF1b3Q7SWQmcXVvdDs6MiwmcXVvdDtJc0hhcmREZWxldGVkJnF1b3Q7OmZhbHNlfSwmcXVvdDtQcm9kdWN0Q2F0ZWdvcnlFbnVtJnF1b3Q7OjIsJnF1b3Q7T3JkZXJXaXphcmRUeXBlRW51bSZxdW90Ozo5LCZxdW90O0luc3RhbmNlU3RhdHVzRW51bSZxdW90OzowLCZxdW90O0Nhbk9yZGVyV2hlbk5vUHJpY2UmcXVvdDs6dHJ1ZSwmcXVvdDtDYW5RdW90ZVdoZW5Ob1ByaWNlJnF1b3Q7OmZhbHNlLCZxdW90O0NhblF1b3RlV2l0aFByaWNlJnF1b3Q7OnRydWUsJnF1b3Q7Q2FuU2hpcE9uRHJ5SWNlJnF1b3Q7OmZhbHNlLCZxdW90O0NvbnRyb2xQYXRoJnF1b3Q7OiZxdW90O2FzZGF3ZCZxdW90OywmcXVvdDtJc1N0YW5kQWxvbmVJdGVtJnF1b3Q7OmZhbHNlLCZxdW90O05hbWUmcXVvdDs6JnF1b3Q7UmVhZHkgVG8gTG9hZCZxdW90OywmcXVvdDtPcmRlcmluZ1BhZ2VQYXRoJnF1b3Q7OiZxdW90O2ludExpbmtTSVRfUmVhZHlUb0xvYWQmcXVvdDssJnF1b3Q7UmVxdWlyZVBoeXNpY2FsU2hpcG1lbnQmcXVvdDs6dHJ1ZSwmcXVvdDtTaXRLZXkmcXVvdDs6JnF1b3Q7UmVhZHlUb0xvYWQmcXVvdDssJnF1b3Q7VmVyc2lvbiZxdW90Ozo1LCZxdW90O1dhaXRGb3JDYW5jZWxsYXRpb25QZXJpb2QmcXVvdDs6MCwmcXVvdDtYc2RQYXRoJnF1b3Q7OiZxdW90O2h0dHBzOi8vc2VydmljZXMuZXVyb2ZpbnNnZW5vbWljcy5jb20vU2NoZW1hcy9FY29tL1BTRC9TZXF1ZW5jaW5nVjIuNy54c2QmcXVvdDssJnF1b3Q7TmVlZHNCaW9TYWZldHkmcXVvdDs6ZmFsc2UsJnF1b3Q7Q2FuR3Vlc3RDaGVja291dCZxdW90OzpmYWxzZSwmcXVvdDtEaXNhbGxvd1F1YW50aXR5Q2hhbmdlJnF1b3Q7OmZhbHNlLCZxdW90O0Rpc2FsbG93RWRpdEluQ2FydCZxdW90Ozp0cnVlLCZxdW90O1Jlc291cmNlUHJlZml4JnF1b3Q7OiZxdW90OyZxdW90OywmcXVvdDtQcm9kdWN0aW9uT3JkZXJHcm91cCZxdW90OzpudWxsLCZxdW90O1Nwc2MmcXVvdDs6JnF1b3Q7JnF1b3Q7LCZxdW90O0VDbGFzcyZxdW90OzomcXVvdDsmcXVvdDssJnF1b3Q7SWQmcXVvdDs6MTcsJnF1b3Q7SXNIYXJkRGVsZXRlZCZxdW90OzpmYWxzZX0seyZxdW90OyRpZCZxdW90OzomcXVvdDsxMTEmcXVvdDssJnF1b3Q7QnVzaW5lc3NVbml0JnF1b3Q7OnsmcXVvdDskaWQmcXVvdDs6JnF1b3Q7MTEyJnF1b3Q7LCZxdW90O0J1SWNvbiZxdW90OzomcXVvdDsvaW1hZ2VzL3VzZXJjb250cm9scy9pY29ucy9idS9zZXFfc21hbGwuZ2lmJnF1b3Q7LCZxdW90O0J1S2V5JnF1b3Q7OiZxdW90O1NFUSZxdW90OywmcXVvdDtCdU5hbWUmcXVvdDs6JnF1b3Q7Q3VzdG9tIEROQSBTZXF1ZW5jaW5nJnF1b3Q7LCZxdW90O0J1c2luZXNzVW5pdEVudW0mcXVvdDs6MiwmcXVvdDtEaXN0cmlidXRvclJlc3BvbnNpYmlsaXRpZXMmcXVvdDs6bnVsbCwmcXVvdDtIYXNMaW1zU3lzdGVtJnF1b3Q7OmZhbHNlLCZxdW90O0luc3RhbmNlU3RhdHVzRW51bSZxdW90OzowLCZxdW90O1NhbGVzSXRlbVR5cGVzJnF1b3Q7Om51bGwsJnF1b3Q7U2l0ZSZxdW90OzpudWxsLCZxdW90O1ZlcnNpb24mcXVvdDs6MSwmcXVvdDtCdVByb2R1Y3Rpb25EZXRhaWxzVXJsJnF1b3Q7Om51bGwsJnF1b3Q7SWQmcXVvdDs6MiwmcXVvdDtJc0hhcmREZWxldGVkJnF1b3Q7OmZhbHNlfSwmcXVvdDtQcm9kdWN0Q2F0ZWdvcnlFbnVtJnF1b3Q7OjIsJnF1b3Q7T3JkZXJXaXphcmRUeXBlRW51bSZxdW90Ozo2LCZxdW90O0luc3RhbmNlU3RhdHVzRW51bSZxdW90OzowLCZxdW90O0Nhbk9yZGVyV2hlbk5vUHJpY2UmcXVvdDs6dHJ1ZSwmcXVvdDtDYW5RdW90ZVdoZW5Ob1ByaWNlJnF1b3Q7OmZhbHNlLCZxdW90O0NhblF1b3RlV2l0aFByaWNlJnF1b3Q7OmZhbHNlLCZxdW90O0NhblNoaXBPbkRyeUljZSZxdW90OzpmYWxzZSwmcXVvdDtDb250cm9sUGF0aCZxdW90OzomcXVvdDt+XFx1c2VyY29udHJvbHNcXENvcmVcXENvbnRhaW5lclxcT3JkZXJpbmdcXFNlcXVlbmNpbmdcXFBsYXRlXFxjY1BsYXRlU2VxdWVuY2luZy5hc2N4JnF1b3Q7LCZxdW90O0lzU3RhbmRBbG9uZUl0ZW0mcXVvdDs6ZmFsc2UsJnF1b3Q7TmFtZSZxdW90OzomcXVvdDtSZWFkeSB0byBMb2FkIFBsYXRlJnF1b3Q7LCZxdW90O09yZGVyaW5nUGFnZVBhdGgmcXVvdDs6JnF1b3Q7aW50TGlua1NJVF9SZWFkeVRvTG9hZFBsYXRlJnF1b3Q7LCZxdW90O1JlcXVpcmVQaHlzaWNhbFNoaXBtZW50JnF1b3Q7OmZhbHNlLCZxdW90O1NpdEtleSZxdW90OzomcXVvdDtSZWFkeVRvTG9hZFBsYXRlJnF1b3Q7LCZxdW90O1ZlcnNpb24mcXVvdDs6MywmcXVvdDtXYWl0Rm9yQ2FuY2VsbGF0aW9uUGVyaW9kJnF1b3Q7OjAsJnF1b3Q7WHNkUGF0aCZxdW90OzomcXVvdDtodHRwczovL3NlcnZpY2VzLmV1cm9maW5zZ2Vub21pY3MuY29tL1NjaGVtYXMvRWNvbS9QU0QvU2VxdWVuY2luZ1YyLjcueHNkJnF1b3Q7LCZxdW90O05lZWRzQmlvU2FmZXR5JnF1b3Q7OnRydWUsJnF1b3Q7Q2FuR3Vlc3RDaGVja291dCZxdW90OzpmYWxzZSwmcXVvdDtEaXNhbGxvd1F1YW50aXR5Q2hhbmdlJnF1b3Q7OmZhbHNlLCZxdW90O0Rpc2FsbG93RWRpdEluQ2FydCZxdW90OzpmYWxzZSwmcXVvdDtSZXNvdXJjZVByZWZpeCZxdW90OzpudWxsLCZxdW90O1Byb2R1Y3Rpb25PcmRlckdyb3VwJnF1b3Q7Om51bGwsJnF1b3Q7U3BzYyZxdW90OzpudWxsLCZxdW90O0VDbGFzcyZxdW90OzpudWxsLCZxdW90O0lkJnF1b3Q7OjY2LCZxdW90O0lzSGFyZERlbGV0ZWQmcXVvdDs6ZmFsc2V9LHsmcXVvdDskaWQmcXVvdDs6JnF1b3Q7MTEzJnF1b3Q7LCZxdW90O0J1c2luZXNzVW5pdCZxdW90Ozp7JnF1b3Q7JGlkJnF1b3Q7OiZxdW90OzExNCZxdW90OywmcXVvdDtCdUljb24mcXVvdDs6JnF1b3Q7L2ltYWdlcy91c2VyY29udHJvbHMvaWNvbnMvYnUvc2VxX3NtYWxsLmdpZiZxdW90OywmcXVvdDtCdUtleSZxdW90OzomcXVvdDtTRVEmcXVvdDssJnF1b3Q7QnVOYW1lJnF1b3Q7OiZxdW90O0N1c3RvbSBETkEgU2VxdWVuY2luZyZxdW90OywmcXVvdDtCdXNpbmVzc1VuaXRFbnVtJnF1b3Q7OjIsJnF1b3Q7RGlzdHJpYnV0b3JSZXNwb25zaWJpbGl0aWVzJnF1b3Q7Om51bGwsJnF1b3Q7SGFzTGltc1N5c3RlbSZxdW90OzpmYWxzZSwmcXVvdDtJbnN0YW5jZVN0YXR1c0VudW0mcXVvdDs6MCwmcXVvdDtTYWxlc0l0ZW1UeXBlcyZxdW90OzpudWxsLCZxdW90O1NpdGUmcXVvdDs6bnVsbCwmcXVvdDtWZXJzaW9uJnF1b3Q7OjEsJnF1b3Q7QnVQcm9kdWN0aW9uRGV0YWlsc1VybCZxdW90OzpudWxsLCZxdW90O0lkJnF1b3Q7OjIsJnF1b3Q7SXNIYXJkRGVsZXRlZCZxdW90OzpmYWxzZX0sJnF1b3Q7UHJvZHVjdENhdGVnb3J5RW51bSZxdW90OzoyLCZxdW90O09yZGVyV2l6YXJkVHlwZUVudW0mcXVvdDs6OSwmcXVvdDtJbnN0YW5jZVN0YXR1c0VudW0mcXVvdDs6MCwmcXVvdDtDYW5PcmRlcldoZW5Ob1ByaWNlJnF1b3Q7OnRydWUsJnF1b3Q7Q2FuUXVvdGVXaGVuTm9QcmljZSZxdW90OzpmYWxzZSwmcXVvdDtDYW5RdW90ZVdpdGhQcmljZSZxdW90OzpmYWxzZSwmcXVvdDtDYW5TaGlwT25EcnlJY2UmcXVvdDs6ZmFsc2UsJnF1b3Q7Q29udHJvbFBhdGgmcXVvdDs6JnF1b3Q7flxcdXNlcmNvbnRyb2xzXFxDb3JlXFxDb250YWluZXJcXE9yZGVyaW5nXFxTZXF1ZW5jaW5nXFxUdWJlXFxjY1NlcVR1YmVPcmRlcmluZy5hc2N4JnF1b3Q7LCZxdW90O0lzU3RhbmRBbG9uZUl0ZW0mcXVvdDs6ZmFsc2UsJnF1b3Q7TmFtZSZxdW90OzomcXVvdDtSZWFkeSBUbyBMb2FkIFR1YmUmcXVvdDssJnF1b3Q7T3JkZXJpbmdQYWdlUGF0aCZxdW90OzomcXVvdDtpbnRMaW5rU0lUX1JlYWR5VG9Mb2FkVHViZSZxdW90OywmcXVvdDtSZXF1aXJlUGh5c2ljYWxTaGlwbWVudCZxdW90OzpmYWxzZSwmcXVvdDtTaXRLZXkmcXVvdDs6JnF1b3Q7UmVhZHlUb0xvYWRUdWJlJnF1b3Q7LCZxdW90O1ZlcnNpb24mcXVvdDs6NSwmcXVvdDtXYWl0Rm9yQ2FuY2VsbGF0aW9uUGVyaW9kJnF1b3Q7OjAsJnF1b3Q7WHNkUGF0aCZxdW90OzomcXVvdDtodHRwczovL3NlcnZpY2VzLmV1cm9maW5zZ2Vub21pY3MuY29tL1NjaGVtYXMvRWNvbS9QU0QvU2VxdWVuY2luZ1YyLjcueHNkJnF1b3Q7LCZxdW90O05lZWRzQmlvU2FmZXR5JnF1b3Q7OnRydWUsJnF1b3Q7Q2FuR3Vlc3RDaGVja291dCZxdW90OzpmYWxzZSwmcXVvdDtEaXNhbGxvd1F1YW50aXR5Q2hhbmdlJnF1b3Q7OmZhbHNlLCZxdW90O0Rpc2FsbG93RWRpdEluQ2FydCZxdW90OzpmYWxzZSwmcXVvdDtSZXNvdXJjZVByZWZpeCZxdW90OzpudWxsLCZxdW90O1Byb2R1Y3Rpb25PcmRlckdyb3VwJnF1b3Q7Om51bGwsJnF1b3Q7U3BzYyZxdW90OzpudWxsLCZxdW90O0VDbGFzcyZxdW90OzpudWxsLCZxdW90O0lkJnF1b3Q7OjY1LCZxdW90O0lzSGFyZERlbGV0ZWQmcXVvdDs6ZmFsc2V9LHsmcXVvdDskaWQmcXVvdDs6JnF1b3Q7MTE1JnF1b3Q7LCZxdW90O0J1c2luZXNzVW5pdCZxdW90Ozp7JnF1b3Q7JGlkJnF1b3Q7OiZxdW90OzExNiZxdW90OywmcXVvdDtCdUljb24mcXVvdDs6JnF1b3Q7L2ltYWdlcy91c2VyY29udHJvbHMvaWNvbnMvYnUvc2VxX3NtYWxsLmdpZiZxdW90OywmcXVvdDtCdUtleSZxdW90OzomcXVvdDtTRVEmcXVvdDssJnF1b3Q7QnVOYW1lJnF1b3Q7OiZxdW90O0N1c3RvbSBETkEgU2VxdWVuY2luZyZxdW90OywmcXVvdDtCdXNpbmVzc1VuaXRFbnVtJnF1b3Q7OjIsJnF1b3Q7RGlzdHJpYnV0b3JSZXNwb25zaWJpbGl0aWVzJnF1b3Q7Om51bGwsJnF1b3Q7SGFzTGltc1N5c3RlbSZxdW90OzpmYWxzZSwmcXVvdDtJbnN0YW5jZVN0YXR1c0VudW0mcXVvdDs6MCwmcXVvdDtTYWxlc0l0ZW1UeXBlcyZxdW90OzpudWxsLCZxdW90O1NpdGUmcXVvdDs6bnVsbCwmcXVvdDtWZXJzaW9uJnF1b3Q7OjEsJnF1b3Q7QnVQcm9kdWN0aW9uRGV0YWlsc1VybCZxdW90OzpudWxsLCZxdW90O0lkJnF1b3Q7OjIsJnF1b3Q7SXNIYXJkRGVsZXRlZCZxdW90OzpmYWxzZX0sJnF1b3Q7UHJvZHVjdENhdGVnb3J5RW51bSZxdW90OzoxLCZxdW90O09yZGVyV2l6YXJkVHlwZUVudW0mcXVvdDs6MTIsJnF1b3Q7SW5zdGFuY2VTdGF0dXNFbnVtJnF1b3Q7OjAsJnF1b3Q7Q2FuT3JkZXJXaGVuTm9QcmljZSZxdW90Ozp0cnVlLCZxdW90O0NhblF1b3RlV2hlbk5vUHJpY2UmcXVvdDs6ZmFsc2UsJnF1b3Q7Q2FuUXVvdGVXaXRoUHJpY2UmcXVvdDs6ZmFsc2UsJnF1b3Q7Q2FuU2hpcE9uRHJ5SWNlJnF1b3Q7OmZhbHNlLCZxdW90O0NvbnRyb2xQYXRoJnF1b3Q7OiZxdW90O35cXHVzZXJjb250cm9sc1xcQ29yZVxcQ29udGFpbmVyXFxPcmRlcmluZ1xcQ2F0YWxvZ3VlUHJvZHVjdHNcXENhdGFsb2d1ZVByb2R1Y3QuYXNjeCZxdW90OywmcXVvdDtJc1N0YW5kQWxvbmVJdGVtJnF1b3Q7OmZhbHNlLCZxdW90O05hbWUmcXVvdDs6JnF1b3Q7SGFuZHkgU2FtcGxlIEJhZyZxdW90OywmcXVvdDtPcmRlcmluZ1BhZ2VQYXRoJnF1b3Q7OiZxdW90O2ludExpbmtTSVRfU2FtcGxlQmFnJnF1b3Q7LCZxdW90O1JlcXVpcmVQaHlzaWNhbFNoaXBtZW50JnF1b3Q7OnRydWUsJnF1b3Q7U2l0S2V5JnF1b3Q7OiZxdW90O1NhbXBsZUJhZyZxdW90OywmcXVvdDtWZXJzaW9uJnF1b3Q7OjMsJnF1b3Q7V2FpdEZvckNhbmNlbGxhdGlvblBlcmlvZCZxdW90OzowLCZxdW90O1hzZFBhdGgmcXVvdDs6JnF1b3Q7aHR0cHM6Ly9zZXJ2aWNlcy5ldXJvZmluc2dlbm9taWNzLmNvbS9TY2hlbWFzL0Vjb20vUFNEL0NhdGFsb2d1ZVByb2R1Y3RzVjIuMi54c2QmcXVvdDssJnF1b3Q7TmVlZHNCaW9TYWZldHkmcXVvdDs6ZmFsc2UsJnF1b3Q7Q2FuR3Vlc3RDaGVja291dCZxdW90OzpmYWxzZSwmcXVvdDtEaXNhbGxvd1F1YW50aXR5Q2hhbmdlJnF1b3Q7OmZhbHNlLCZxdW90O0Rpc2FsbG93RWRpdEluQ2FydCZxdW90OzpmYWxzZSwmcXVvdDtSZXNvdXJjZVByZWZpeCZxdW90OzpudWxsLCZxdW90O1Byb2R1Y3Rpb25PcmRlckdyb3VwJnF1b3Q7OnsmcXVvdDskcmVmJnF1b3Q7OiZxdW90OzMmcXVvdDt9LCZxdW90O1Nwc2MmcXVvdDs6bnVsbCwmcXVvdDtFQ2xhc3MmcXVvdDs6bnVsbCwmcXVvdDtJZCZxdW90Ozo0NCwmcXVvdDtJc0hhcmREZWxldGVkJnF1b3Q7OmZhbHNlfSx7JnF1b3Q7JGlkJnF1b3Q7OiZxdW90OzExNyZxdW90OywmcXVvdDtCdXNpbmVzc1VuaXQmcXVvdDs6eyZxdW90OyRpZCZxdW90OzomcXVvdDsxMTgmcXVvdDssJnF1b3Q7QnVJY29uJnF1b3Q7OiZxdW90Oy9pbWFnZXMvdXNlcmNvbnRyb2xzL2ljb25zL2J1L3NlcV9zbWFsbC5naWYmcXVvdDssJnF1b3Q7QnVLZXkmcXVvdDs6JnF1b3Q7U0VRJnF1b3Q7LCZxdW90O0J1TmFtZSZxdW90OzomcXVvdDtDdXN0b20gRE5BIFNlcXVlbmNpbmcmcXVvdDssJnF1b3Q7QnVzaW5lc3NVbml0RW51bSZxdW90OzoyLCZxdW90O0Rpc3RyaWJ1dG9yUmVzcG9uc2liaWxpdGllcyZxdW90OzpudWxsLCZxdW90O0hhc0xpbXNTeXN0ZW0mcXVvdDs6ZmFsc2UsJnF1b3Q7SW5zdGFuY2VTdGF0dXNFbnVtJnF1b3Q7OjAsJnF1b3Q7U2FsZXNJdGVtVHlwZXMmcXVvdDs6bnVsbCwmcXVvdDtTaXRlJnF1b3Q7Om51bGwsJnF1b3Q7VmVyc2lvbiZxdW90OzoxLCZxdW90O0J1UHJvZHVjdGlvbkRldGFpbHNVcmwmcXVvdDs6bnVsbCwmcXVvdDtJZCZxdW90OzoyLCZxdW90O0lzSGFyZERlbGV0ZWQmcXVvdDs6ZmFsc2V9LCZxdW90O1Byb2R1Y3RDYXRlZ29yeUVudW0mcXVvdDs6MSwmcXVvdDtPcmRlcldpemFyZFR5cGVFbnVtJnF1b3Q7OjEyLCZxdW90O0luc3RhbmNlU3RhdHVzRW51bSZxdW90OzowLCZxdW90O0Nhbk9yZGVyV2hlbk5vUHJpY2UmcXVvdDs6dHJ1ZSwmcXVvdDtDYW5RdW90ZVdoZW5Ob1ByaWNlJnF1b3Q7OmZhbHNlLCZxdW90O0NhblF1b3RlV2l0aFByaWNlJnF1b3Q7OmZhbHNlLCZxdW90O0NhblNoaXBPbkRyeUljZSZxdW90OzpmYWxzZSwmcXVvdDtDb250cm9sUGF0aCZxdW90OzomcXVvdDt+XFx1c2VyY29udHJvbHNcXENvcmVcXENvbnRhaW5lclxcT3JkZXJpbmdcXENhdGFsb2d1ZVByb2R1Y3RzXFxDYXRhbG9ndWVQcm9kdWN0LmFzY3gmcXVvdDssJnF1b3Q7SXNTdGFuZEFsb25lSXRlbSZxdW90OzpmYWxzZSwmcXVvdDtOYW1lJnF1b3Q7OiZxdW90O1NhbXBsZSBCb3ggVHViZXMmcXVvdDssJnF1b3Q7T3JkZXJpbmdQYWdlUGF0aCZxdW90OzomcXVvdDtpbnRMaW5rU0lUX1NhbXBsZUJveCZxdW90OywmcXVvdDtSZXF1aXJlUGh5c2ljYWxTaGlwbWVudCZxdW90Ozp0cnVlLCZxdW90O1NpdEtleSZxdW90OzomcXVvdDtTYW1wbGVCb3gmcXVvdDssJnF1b3Q7VmVyc2lvbiZxdW90OzozLCZxdW90O1dhaXRGb3JDYW5jZWxsYXRpb25QZXJpb2QmcXVvdDs6MCwmcXVvdDtYc2RQYXRoJnF1b3Q7OiZxdW90O2h0dHBzOi8vc2VydmljZXMuZXVyb2ZpbnNnZW5vbWljcy5jb20vU2NoZW1hcy9FY29tL1BTRC9DYXRhbG9ndWVQcm9kdWN0c1YyLjIueHNkJnF1b3Q7LCZxdW90O05lZWRzQmlvU2FmZXR5JnF1b3Q7OmZhbHNlLCZxdW90O0Nhbkd1ZXN0Q2hlY2tvdXQmcXVvdDs6ZmFsc2UsJnF1b3Q7RGlzYWxsb3dRdWFudGl0eUNoYW5nZSZxdW90OzpmYWxzZSwmcXVvdDtEaXNhbGxvd0VkaXRJbkNhcnQmcXVvdDs6ZmFsc2UsJnF1b3Q7UmVzb3VyY2VQcmVmaXgmcXVvdDs6bnVsbCwmcXVvdDtQcm9kdWN0aW9uT3JkZXJHcm91cCZxdW90Ozp7JnF1b3Q7JHJlZiZxdW90OzomcXVvdDszJnF1b3Q7fSwmcXVvdDtTcHNjJnF1b3Q7Om51bGwsJnF1b3Q7RUNsYXNzJnF1b3Q7Om51bGwsJnF1b3Q7SWQmcXVvdDs6NDIsJnF1b3Q7SXNIYXJkRGVsZXRlZCZxdW90OzpmYWxzZX0seyZxdW90OyRpZCZxdW90OzomcXVvdDsxMTkmcXVvdDssJnF1b3Q7QnVzaW5lc3NVbml0JnF1b3Q7OnsmcXVvdDskaWQmcXVvdDs6JnF1b3Q7MTIwJnF1b3Q7LCZxdW90O0J1SWNvbiZxdW90OzomcXVvdDsvaW1hZ2VzL3VzZXJjb250cm9scy9pY29ucy9idS9zZXFfc21hbGwuZ2lmJnF1b3Q7LCZxdW90O0J1S2V5JnF1b3Q7OiZxdW90O1NFUSZxdW90OywmcXVvdDtCdU5hbWUmcXVvdDs6JnF1b3Q7Q3VzdG9tIEROQSBTZXF1ZW5jaW5nJnF1b3Q7LCZxdW90O0J1c2luZXNzVW5pdEVudW0mcXVvdDs6MiwmcXVvdDtEaXN0cmlidXRvclJlc3BvbnNpYmlsaXRpZXMmcXVvdDs6bnVsbCwmcXVvdDtIYXNMaW1zU3lzdGVtJnF1b3Q7OmZhbHNlLCZxdW90O0luc3RhbmNlU3RhdHVzRW51bSZxdW90OzowLCZxdW90O1NhbGVzSXRlbVR5cGVzJnF1b3Q7Om51bGwsJnF1b3Q7U2l0ZSZxdW90OzpudWxsLCZxdW90O1ZlcnNpb24mcXVvdDs6MSwmcXVvdDtCdVByb2R1Y3Rpb25EZXRhaWxzVXJsJnF1b3Q7Om51bGwsJnF1b3Q7SWQmcXVvdDs6MiwmcXVvdDtJc0hhcmREZWxldGVkJnF1b3Q7OmZhbHNlfSwmcXVvdDtQcm9kdWN0Q2F0ZWdvcnlFbnVtJnF1b3Q7OjEsJnF1b3Q7T3JkZXJXaXphcmRUeXBlRW51bSZxdW90OzoxMiwmcXVvdDtJbnN0YW5jZVN0YXR1c0VudW0mcXVvdDs6MCwmcXVvdDtDYW5PcmRlcldoZW5Ob1ByaWNlJnF1b3Q7OnRydWUsJnF1b3Q7Q2FuUXVvdGVXaGVuTm9QcmljZSZxdW90OzpmYWxzZSwmcXVvdDtDYW5RdW90ZVdpdGhQcmljZSZxdW90OzpmYWxzZSwmcXVvdDtDYW5TaGlwT25EcnlJY2UmcXVvdDs6ZmFsc2UsJnF1b3Q7Q29udHJvbFBhdGgmcXVvdDs6JnF1b3Q7flxcdXNlcmNvbnRyb2xzXFxDb3JlXFxDb250YWluZXJcXE9yZGVyaW5nXFxDYXRhbG9ndWVQcm9kdWN0c1xcQ2F0YWxvZ3VlUHJvZHVjdC5hc2N4JnF1b3Q7LCZxdW90O0lzU3RhbmRBbG9uZUl0ZW0mcXVvdDs6ZmFsc2UsJnF1b3Q7TmFtZSZxdW90OzomcXVvdDtTY2FmZm9sZCBETkE2JnF1b3Q7LCZxdW90O09yZGVyaW5nUGFnZVBhdGgmcXVvdDs6JnF1b3Q7aW50TGlua1NJVF9TY2FmZm9sZEROQTYmcXVvdDssJnF1b3Q7UmVxdWlyZVBoeXNpY2FsU2hpcG1lbnQmcXVvdDs6dHJ1ZSwmcXVvdDtTaXRLZXkmcXVvdDs6JnF1b3Q7U2NhZmZvbGRETkE2JnF1b3Q7LCZxdW90O1ZlcnNpb24mcXVvdDs6MywmcXVvdDtXYWl0Rm9yQ2FuY2VsbGF0aW9uUGVyaW9kJnF1b3Q7OjMwLCZxdW90O1hzZFBhdGgmcXVvdDs6JnF1b3Q7aHR0cHM6Ly9zZXJ2aWNlcy5ldXJvZmluc2dlbm9taWNzLmNvbS9TY2hlbWFzL0Vjb20vUFNEL0NhdGFsb2d1ZVByb2R1Y3RzVjIuMi54c2QmcXVvdDssJnF1b3Q7TmVlZHNCaW9TYWZldHkmcXVvdDs6ZmFsc2UsJnF1b3Q7Q2FuR3Vlc3RDaGVja291dCZxdW90OzpmYWxzZSwmcXVvdDtEaXNhbGxvd1F1YW50aXR5Q2hhbmdlJnF1b3Q7OmZhbHNlLCZxdW90O0Rpc2FsbG93RWRpdEluQ2FydCZxdW90OzpmYWxzZSwmcXVvdDtSZXNvdXJjZVByZWZpeCZxdW90OzpudWxsLCZxdW90O1Byb2R1Y3Rpb25PcmRlckdyb3VwJnF1b3Q7OnsmcXVvdDskcmVmJnF1b3Q7OiZxdW90OzMmcXVvdDt9LCZxdW90O1Nwc2MmcXVvdDs6bnVsbCwmcXVvdDtFQ2xhc3MmcXVvdDs6bnVsbCwmcXVvdDtJZCZxdW90Ozo3OCwmcXVvdDtJc0hhcmREZWxldGVkJnF1b3Q7OmZhbHNlfSx7JnF1b3Q7JGlkJnF1b3Q7OiZxdW90OzEyMSZxdW90OywmcXVvdDtCdXNpbmVzc1VuaXQmcXVvdDs6eyZxdW90OyRpZCZxdW90OzomcXVvdDsxMjImcXVvdDssJnF1b3Q7QnVJY29uJnF1b3Q7OiZxdW90Oy9pbWFnZXMvdXNlcmNvbnRyb2xzL2ljb25zL2J1L3NlcV9zbWFsbC5naWYmcXVvdDssJnF1b3Q7QnVLZXkmcXVvdDs6JnF1b3Q7U0VRJnF1b3Q7LCZxdW90O0J1TmFtZSZxdW90OzomcXVvdDtDdXN0b20gRE5BIFNlcXVlbmNpbmcmcXVvdDssJnF1b3Q7QnVzaW5lc3NVbml0RW51bSZxdW90OzoyLCZxdW90O0Rpc3RyaWJ1dG9yUmVzcG9uc2liaWxpdGllcyZxdW90OzpudWxsLCZxdW90O0hhc0xpbXNTeXN0ZW0mcXVvdDs6ZmFsc2UsJnF1b3Q7SW5zdGFuY2VTdGF0dXNFbnVtJnF1b3Q7OjAsJnF1b3Q7U2FsZXNJdGVtVHlwZXMmcXVvdDs6bnVsbCwmcXVvdDtTaXRlJnF1b3Q7Om51bGwsJnF1b3Q7VmVyc2lvbiZxdW90OzoxLCZxdW90O0J1UHJvZHVjdGlvbkRldGFpbHNVcmwmcXVvdDs6bnVsbCwmcXVvdDtJZCZxdW90OzoyLCZxdW90O0lzSGFyZERlbGV0ZWQmcXVvdDs6ZmFsc2V9LCZxdW90O1Byb2R1Y3RDYXRlZ29yeUVudW0mcXVvdDs6MSwmcXVvdDtPcmRlcldpemFyZFR5cGVFbnVtJnF1b3Q7OjEyLCZxdW90O0luc3RhbmNlU3RhdHVzRW51bSZxdW90OzowLCZxdW90O0Nhbk9yZGVyV2hlbk5vUHJpY2UmcXVvdDs6dHJ1ZSwmcXVvdDtDYW5RdW90ZVdoZW5Ob1ByaWNlJnF1b3Q7OmZhbHNlLCZxdW90O0NhblF1b3RlV2l0aFByaWNlJnF1b3Q7OmZhbHNlLCZxdW90O0NhblNoaXBPbkRyeUljZSZxdW90OzpmYWxzZSwmcXVvdDtDb250cm9sUGF0aCZxdW90OzomcXVvdDt+XFx1c2VyY29udHJvbHNcXENvcmVcXENvbnRhaW5lclxcT3JkZXJpbmdcXENhdGFsb2d1ZVByb2R1Y3RzXFxDYXRhbG9ndWVQcm9kdWN0LmFzY3gmcXVvdDssJnF1b3Q7SXNTdGFuZEFsb25lSXRlbSZxdW90OzpmYWxzZSwmcXVvdDtOYW1lJnF1b3Q7OiZxdW90O1NjYWZmb2xkIEROQSZxdW90OywmcXVvdDtPcmRlcmluZ1BhZ2VQYXRoJnF1b3Q7OiZxdW90O2ludExpbmtTSVRfU2NhZmZvbGRETkE3JnF1b3Q7LCZxdW90O1JlcXVpcmVQaHlzaWNhbFNoaXBtZW50JnF1b3Q7OnRydWUsJnF1b3Q7U2l0S2V5JnF1b3Q7OiZxdW90O1NjYWZmb2xkRE5BNyZxdW90OywmcXVvdDtWZXJzaW9uJnF1b3Q7OjIsJnF1b3Q7V2FpdEZvckNhbmNlbGxhdGlvblBlcmlvZCZxdW90OzozMCwmcXVvdDtYc2RQYXRoJnF1b3Q7OiZxdW90O2h0dHBzOi8vc2VydmljZXMuZXVyb2ZpbnNnZW5vbWljcy5jb20vU2NoZW1hcy9FY29tL1BTRC9DYXRhbG9ndWVQcm9kdWN0c1YyLjIueHNkJnF1b3Q7LCZxdW90O05lZWRzQmlvU2FmZXR5JnF1b3Q7OmZhbHNlLCZxdW90O0Nhbkd1ZXN0Q2hlY2tvdXQmcXVvdDs6ZmFsc2UsJnF1b3Q7RGlzYWxsb3dRdWFudGl0eUNoYW5nZSZxdW90OzpmYWxzZSwmcXVvdDtEaXNhbGxvd0VkaXRJbkNhcnQmcXVvdDs6ZmFsc2UsJnF1b3Q7UmVzb3VyY2VQcmVmaXgmcXVvdDs6bnVsbCwmcXVvdDtQcm9kdWN0aW9uT3JkZXJHcm91cCZxdW90Ozp7JnF1b3Q7JHJlZiZxdW90OzomcXVvdDszJnF1b3Q7fSwmcXVvdDtTcHNjJnF1b3Q7Om51bGwsJnF1b3Q7RUNsYXNzJnF1b3Q7Om51bGwsJnF1b3Q7SWQmcXVvdDs6NzUsJnF1b3Q7SXNIYXJkRGVsZXRlZCZxdW90OzpmYWxzZX0seyZxdW90OyRpZCZxdW90OzomcXVvdDsxMjMmcXVvdDssJnF1b3Q7QnVzaW5lc3NVbml0JnF1b3Q7OnsmcXVvdDskaWQmcXVvdDs6JnF1b3Q7MTI0JnF1b3Q7LCZxdW90O0J1SWNvbiZxdW90OzomcXVvdDsvaW1hZ2VzL3VzZXJjb250cm9scy9pY29ucy9idS9zZXFfc21hbGwuZ2lmJnF1b3Q7LCZxdW90O0J1S2V5JnF1b3Q7OiZxdW90O1NFUSZxdW90OywmcXVvdDtCdU5hbWUmcXVvdDs6JnF1b3Q7Q3VzdG9tIEROQSBTZXF1ZW5jaW5nJnF1b3Q7LCZxdW90O0J1c2luZXNzVW5pdEVudW0mcXVvdDs6MiwmcXVvdDtEaXN0cmlidXRvclJlc3BvbnNpYmlsaXRpZXMmcXVvdDs6bnVsbCwmcXVvdDtIYXNMaW1zU3lzdGVtJnF1b3Q7OmZhbHNlLCZxdW90O0luc3RhbmNlU3RhdHVzRW51bSZxdW90OzowLCZxdW90O1NhbGVzSXRlbVR5cGVzJnF1b3Q7Om51bGwsJnF1b3Q7U2l0ZSZxdW90OzpudWxsLCZxdW90O1ZlcnNpb24mcXVvdDs6MSwmcXVvdDtCdVByb2R1Y3Rpb25EZXRhaWxzVXJsJnF1b3Q7Om51bGwsJnF1b3Q7SWQmcXVvdDs6MiwmcXVvdDtJc0hhcmREZWxldGVkJnF1b3Q7OmZhbHNlfSwmcXVvdDtQcm9kdWN0Q2F0ZWdvcnlFbnVtJnF1b3Q7OjEsJnF1b3Q7T3JkZXJXaXphcmRUeXBlRW51bSZxdW90OzoxMiwmcXVvdDtJbnN0YW5jZVN0YXR1c0VudW0mcXVvdDs6MCwmcXVvdDtDYW5PcmRlcldoZW5Ob1ByaWNlJnF1b3Q7OnRydWUsJnF1b3Q7Q2FuUXVvdGVXaGVuTm9QcmljZSZxdW90OzpmYWxzZSwmcXVvdDtDYW5RdW90ZVdpdGhQcmljZSZxdW90OzpmYWxzZSwmcXVvdDtDYW5TaGlwT25EcnlJY2UmcXVvdDs6ZmFsc2UsJnF1b3Q7Q29udHJvbFBhdGgmcXVvdDs6JnF1b3Q7flxcdXNlcmNvbnRyb2xzXFxDb3JlXFxDb250YWluZXJcXE9yZGVyaW5nXFxDYXRhbG9ndWVQcm9kdWN0c1xcQ2F0YWxvZ3VlUHJvZHVjdC5hc2N4JnF1b3Q7LCZxdW90O0lzU3RhbmRBbG9uZUl0ZW0mcXVvdDs6ZmFsc2UsJnF1b3Q7TmFtZSZxdW90OzomcXVvdDtTY2FmZm9sZCBETkE4JnF1b3Q7LCZxdW90O09yZGVyaW5nUGFnZVBhdGgmcXVvdDs6JnF1b3Q7aW50TGlua1NJVF9TY2FmZm9sZEROQTgmcXVvdDssJnF1b3Q7UmVxdWlyZVBoeXNpY2FsU2hpcG1lbnQmcXVvdDs6dHJ1ZSwmcXVvdDtTaXRLZXkmcXVvdDs6JnF1b3Q7U2NhZmZvbGRETkE4JnF1b3Q7LCZxdW90O1ZlcnNpb24mcXVvdDs6MywmcXVvdDtXYWl0Rm9yQ2FuY2VsbGF0aW9uUGVyaW9kJnF1b3Q7OjMwLCZxdW90O1hzZFBhdGgmcXVvdDs6JnF1b3Q7aHR0cHM6Ly9zZXJ2aWNlcy5ldXJvZmluc2dlbm9taWNzLmNvbS9TY2hlbWFzL0Vjb20vUFNEL0NhdGFsb2d1ZVByb2R1Y3RzVjIuMi54c2QmcXVvdDssJnF1b3Q7TmVlZHNCaW9TYWZldHkmcXVvdDs6ZmFsc2UsJnF1b3Q7Q2FuR3Vlc3RDaGVja291dCZxdW90OzpmYWxzZSwmcXVvdDtEaXNhbGxvd1F1YW50aXR5Q2hhbmdlJnF1b3Q7OmZhbHNlLCZxdW90O0Rpc2FsbG93RWRpdEluQ2FydCZxdW90OzpmYWxzZSwmcXVvdDtSZXNvdXJjZVByZWZpeCZxdW90OzpudWxsLCZxdW90O1Byb2R1Y3Rpb25PcmRlckdyb3VwJnF1b3Q7OnsmcXVvdDskcmVmJnF1b3Q7OiZxdW90OzMmcXVvdDt9LCZxdW90O1Nwc2MmcXVvdDs6bnVsbCwmcXVvdDtFQ2xhc3MmcXVvdDs6bnVsbCwmcXVvdDtJZCZxdW90Ozo3NywmcXVvdDtJc0hhcmREZWxldGVkJnF1b3Q7OmZhbHNlfSx7JnF1b3Q7JGlkJnF1b3Q7OiZxdW90OzEyNSZxdW90OywmcXVvdDtCdXNpbmVzc1VuaXQmcXVvdDs6eyZxdW90OyRpZCZxdW90OzomcXVvdDsxMjYmcXVvdDssJnF1b3Q7QnVJY29uJnF1b3Q7OiZxdW90Oy9pbWFnZXMvdXNlcmNvbnRyb2xzL2ljb25zL2J1L3NlcV9zbWFsbC5naWYmcXVvdDssJnF1b3Q7QnVLZXkmcXVvdDs6JnF1b3Q7U0VRJnF1b3Q7LCZxdW90O0J1TmFtZSZxdW90OzomcXVvdDtDdXN0b20gRE5BIFNlcXVlbmNpbmcmcXVvdDssJnF1b3Q7QnVzaW5lc3NVbml0RW51bSZxdW90OzoyLCZxdW90O0Rpc3RyaWJ1dG9yUmVzcG9uc2liaWxpdGllcyZxdW90OzpudWxsLCZxdW90O0hhc0xpbXNTeXN0ZW0mcXVvdDs6ZmFsc2UsJnF1b3Q7SW5zdGFuY2VTdGF0dXNFbnVtJnF1b3Q7OjAsJnF1b3Q7U2FsZXNJdGVtVHlwZXMmcXVvdDs6bnVsbCwmcXVvdDtTaXRlJnF1b3Q7Om51bGwsJnF1b3Q7VmVyc2lvbiZxdW90OzoxLCZxdW90O0J1UHJvZHVjdGlvbkRldGFpbHNVcmwmcXVvdDs6bnVsbCwmcXVvdDtJZCZxdW90OzoyLCZxdW90O0lzSGFyZERlbGV0ZWQmcXVvdDs6ZmFsc2V9LCZxdW90O1Byb2R1Y3RDYXRlZ29yeUVudW0mcXVvdDs6MSwmcXVvdDtPcmRlcldpemFyZFR5cGVFbnVtJnF1b3Q7OjEyLCZxdW90O0luc3RhbmNlU3RhdHVzRW51bSZxdW90OzowLCZxdW90O0Nhbk9yZGVyV2hlbk5vUHJpY2UmcXVvdDs6dHJ1ZSwmcXVvdDtDYW5RdW90ZVdoZW5Ob1ByaWNlJnF1b3Q7OmZhbHNlLCZxdW90O0NhblF1b3RlV2l0aFByaWNlJnF1b3Q7OmZhbHNlLCZxdW90O0NhblNoaXBPbkRyeUljZSZxdW90OzpmYWxzZSwmcXVvdDtDb250cm9sUGF0aCZxdW90OzomcXVvdDt+XFx1c2VyY29udHJvbHNcXENvcmVcXENvbnRhaW5lclxcT3JkZXJpbmdcXENhdGFsb2d1ZVByb2R1Y3RzXFxDYXRhbG9ndWVQcm9kdWN0LmFzY3gmcXVvdDssJnF1b3Q7SXNTdGFuZEFsb25lSXRlbSZxdW90OzpmYWxzZSwmcXVvdDtOYW1lJnF1b3Q7OiZxdW90O1NjYWZmb2xkRE5BR2VsJnF1b3Q7LCZxdW90O09yZGVyaW5nUGFnZVBhdGgmcXVvdDs6JnF1b3Q7aW50TGlua1NJVF9TY2FmZm9sZEROQUdlbCZxdW90OywmcXVvdDtSZXF1aXJlUGh5c2ljYWxTaGlwbWVudCZxdW90Ozp0cnVlLCZxdW90O1NpdEtleSZxdW90OzomcXVvdDtTY2FmZm9sZEROQUdlbCZxdW90OywmcXVvdDtWZXJzaW9uJnF1b3Q7OjIsJnF1b3Q7V2FpdEZvckNhbmNlbGxhdGlvblBlcmlvZCZxdW90OzozMCwmcXVvdDtYc2RQYXRoJnF1b3Q7OiZxdW90O2h0dHBzOi8vc2VydmljZXMuZXVyb2ZpbnNnZW5vbWljcy5jb20vU2NoZW1hcy9FY29tL1BTRC9DYXRhbG9ndWVQcm9kdWN0c1YyLjIueHNkJnF1b3Q7LCZxdW90O05lZWRzQmlvU2FmZXR5JnF1b3Q7OmZhbHNlLCZxdW90O0Nhbkd1ZXN0Q2hlY2tvdXQmcXVvdDs6ZmFsc2UsJnF1b3Q7RGlzYWxsb3dRdWFudGl0eUNoYW5nZSZxdW90OzpmYWxzZSwmcXVvdDtEaXNhbGxvd0VkaXRJbkNhcnQmcXVvdDs6ZmFsc2UsJnF1b3Q7UmVzb3VyY2VQcmVmaXgmcXVvdDs6bnVsbCwmcXVvdDtQcm9kdWN0aW9uT3JkZXJHcm91cCZxdW90Ozp7JnF1b3Q7JHJlZiZxdW90OzomcXVvdDszJnF1b3Q7fSwmcXVvdDtTcHNjJnF1b3Q7Om51bGwsJnF1b3Q7RUNsYXNzJnF1b3Q7Om51bGwsJnF1b3Q7SWQmcXVvdDs6NzYsJnF1b3Q7SXNIYXJkRGVsZXRlZCZxdW90OzpmYWxzZX0seyZxdW90OyRpZCZxdW90OzomcXVvdDsxMjcmcXVvdDssJnF1b3Q7QnVzaW5lc3NVbml0JnF1b3Q7OnsmcXVvdDskaWQmcXVvdDs6JnF1b3Q7MTI4JnF1b3Q7LCZxdW90O0J1SWNvbiZxdW90OzomcXVvdDsvaW1hZ2VzL3VzZXJjb250cm9scy9pY29ucy9idS9zZXFfc21hbGwuZ2lmJnF1b3Q7LCZxdW90O0J1S2V5JnF1b3Q7OiZxdW90O1NFUSZxdW90OywmcXVvdDtCdU5hbWUmcXVvdDs6JnF1b3Q7Q3VzdG9tIEROQSBTZXF1ZW5jaW5nJnF1b3Q7LCZxdW90O0J1c2luZXNzVW5pdEVudW0mcXVvdDs6MiwmcXVvdDtEaXN0cmlidXRvclJlc3BvbnNpYmlsaXRpZXMmcXVvdDs6bnVsbCwmcXVvdDtIYXNMaW1zU3lzdGVtJnF1b3Q7OmZhbHNlLCZxdW90O0luc3RhbmNlU3RhdHVzRW51bSZxdW90OzowLCZxdW90O1NhbGVzSXRlbVR5cGVzJnF1b3Q7Om51bGwsJnF1b3Q7U2l0ZSZxdW90OzpudWxsLCZxdW90O1ZlcnNpb24mcXVvdDs6MSwmcXVvdDtCdVByb2R1Y3Rpb25EZXRhaWxzVXJsJnF1b3Q7Om51bGwsJnF1b3Q7SWQmcXVvdDs6MiwmcXVvdDtJc0hhcmREZWxldGVkJnF1b3Q7OmZhbHNlfSwmcXVvdDtQcm9kdWN0Q2F0ZWdvcnlFbnVtJnF1b3Q7OjEsJnF1b3Q7T3JkZXJXaXphcmRUeXBlRW51bSZxdW90OzoxMiwmcXVvdDtJbnN0YW5jZVN0YXR1c0VudW0mcXVvdDs6MCwmcXVvdDtDYW5PcmRlcldoZW5Ob1ByaWNlJnF1b3Q7OnRydWUsJnF1b3Q7Q2FuUXVvdGVXaGVuTm9QcmljZSZxdW90OzpmYWxzZSwmcXVvdDtDYW5RdW90ZVdpdGhQcmljZSZxdW90OzpmYWxzZSwmcXVvdDtDYW5TaGlwT25EcnlJY2UmcXVvdDs6ZmFsc2UsJnF1b3Q7Q29udHJvbFBhdGgmcXVvdDs6JnF1b3Q7flxcdXNlcmNvbnRyb2xzXFxDb3JlXFxDb250YWluZXJcXE9yZGVyaW5nXFxDYXRhbG9ndWVQcm9kdWN0c1xcQ2F0YWxvZ3VlUHJvZHVjdC5hc2N4JnF1b3Q7LCZxdW90O0lzU3RhbmRBbG9uZUl0ZW0mcXVvdDs6ZmFsc2UsJnF1b3Q7TmFtZSZxdW90OzomcXVvdDtETkEgT3JpZ2FtaSBGb2xkaW5nIEJ1ZmZlciZxdW90OywmcXVvdDtPcmRlcmluZ1BhZ2VQYXRoJnF1b3Q7OiZxdW90O2ludExpbmtTSVRfU2NhZmZvbGRLaXQmcXVvdDssJnF1b3Q7UmVxdWlyZVBoeXNpY2FsU2hpcG1lbnQmcXVvdDs6dHJ1ZSwmcXVvdDtTaXRLZXkmcXVvdDs6JnF1b3Q7U2NhZmZvbGRLaXQmcXVvdDssJnF1b3Q7VmVyc2lvbiZxdW90OzoyLCZxdW90O1dhaXRGb3JDYW5jZWxsYXRpb25QZXJpb2QmcXVvdDs6MzAsJnF1b3Q7WHNkUGF0aCZxdW90OzomcXVvdDtodHRwczovL3NlcnZpY2VzLmV1cm9maW5zZ2Vub21pY3MuY29tL1NjaGVtYXMvRWNvbS9QU0QvQ2F0YWxvZ3VlUHJvZHVjdHNWMi4yLnhzZCZxdW90OywmcXVvdDtOZWVkc0Jpb1NhZmV0eSZxdW90OzpmYWxzZSwmcXVvdDtDYW5HdWVzdENoZWNrb3V0JnF1b3Q7OmZhbHNlLCZxdW90O0Rpc2FsbG93UXVhbnRpdHlDaGFuZ2UmcXVvdDs6ZmFsc2UsJnF1b3Q7RGlzYWxsb3dFZGl0SW5DYXJ0JnF1b3Q7OmZhbHNlLCZxdW90O1Jlc291cmNlUHJlZml4JnF1b3Q7Om51bGwsJnF1b3Q7UHJvZHVjdGlvbk9yZGVyR3JvdXAmcXVvdDs6eyZxdW90OyRyZWYmcXVvdDs6JnF1b3Q7MyZxdW90O30sJnF1b3Q7U3BzYyZxdW90OzpudWxsLCZxdW90O0VDbGFzcyZxdW90OzpudWxsLCZxdW90O0lkJnF1b3Q7OjgxLCZxdW90O0lzSGFyZERlbGV0ZWQmcXVvdDs6ZmFsc2V9LHsmcXVvdDskaWQmcXVvdDs6JnF1b3Q7MTI5JnF1b3Q7LCZxdW90O0J1c2luZXNzVW5pdCZxdW90Ozp7JnF1b3Q7JGlkJnF1b3Q7OiZxdW90OzEzMCZxdW90OywmcXVvdDtCdUljb24mcXVvdDs6JnF1b3Q7L2ltYWdlcy91c2VyY29udHJvbHMvaWNvbnMvYnUvc2VxX3NtYWxsLmdpZiZxdW90OywmcXVvdDtCdUtleSZxdW90OzomcXVvdDtTRVEmcXVvdDssJnF1b3Q7QnVOYW1lJnF1b3Q7OiZxdW90O0N1c3RvbSBETkEgU2VxdWVuY2luZyZxdW90OywmcXVvdDtCdXNpbmVzc1VuaXRFbnVtJnF1b3Q7OjIsJnF1b3Q7RGlzdHJpYnV0b3JSZXNwb25zaWJpbGl0aWVzJnF1b3Q7Om51bGwsJnF1b3Q7SGFzTGltc1N5c3RlbSZxdW90OzpmYWxzZSwmcXVvdDtJbnN0YW5jZVN0YXR1c0VudW0mcXVvdDs6MCwmcXVvdDtTYWxlc0l0ZW1UeXBlcyZxdW90OzpudWxsLCZxdW90O1NpdGUmcXVvdDs6bnVsbCwmcXVvdDtWZXJzaW9uJnF1b3Q7OjEsJnF1b3Q7QnVQcm9kdWN0aW9uRGV0YWlsc1VybCZxdW90OzpudWxsLCZxdW90O0lkJnF1b3Q7OjIsJnF1b3Q7SXNIYXJkRGVsZXRlZCZxdW90OzpmYWxzZX0sJnF1b3Q7UHJvZHVjdENhdGVnb3J5RW51bSZxdW90OzoyLCZxdW90O09yZGVyV2l6YXJkVHlwZUVudW0mcXVvdDs6MTQsJnF1b3Q7SW5zdGFuY2VTdGF0dXNFbnVtJnF1b3Q7OjAsJnF1b3Q7Q2FuT3JkZXJXaGVuTm9QcmljZSZxdW90Ozp0cnVlLCZxdW90O0NhblF1b3RlV2hlbk5vUHJpY2UmcXVvdDs6ZmFsc2UsJnF1b3Q7Q2FuUXVvdGVXaXRoUHJpY2UmcXVvdDs6ZmFsc2UsJnF1b3Q7Q2FuU2hpcE9uRHJ5SWNlJnF1b3Q7OmZhbHNlLCZxdW90O0NvbnRyb2xQYXRoJnF1b3Q7OiZxdW90O3Rlc3QmcXVvdDssJnF1b3Q7SXNTdGFuZEFsb25lSXRlbSZxdW90OzpmYWxzZSwmcXVvdDtOYW1lJnF1b3Q7OiZxdW90O1NlbnQgUHJpbWVyJnF1b3Q7LCZxdW90O09yZGVyaW5nUGFnZVBhdGgmcXVvdDs6JnF1b3Q7aW50TGlua1NJVF9TZW50UHJpbWVyJnF1b3Q7LCZxdW90O1JlcXVpcmVQaHlzaWNhbFNoaXBtZW50JnF1b3Q7OmZhbHNlLCZxdW90O1NpdEtleSZxdW90OzomcXVvdDtTZW50UHJpbWVyJnF1b3Q7LCZxdW90O1ZlcnNpb24mcXVvdDs6OCwmcXVvdDtXYWl0Rm9yQ2FuY2VsbGF0aW9uUGVyaW9kJnF1b3Q7OjAsJnF1b3Q7WHNkUGF0aCZxdW90OzomcXVvdDtodHRwczovL3NlcnZpY2VzLmV1cm9maW5zZ2Vub21pY3MuY29tL1NjaGVtYXMvRWNvbS9QU0QvU2VxdWVuY2luZ1ByaW1lclYxLjMueHNkJnF1b3Q7LCZxdW90O05lZWRzQmlvU2FmZXR5JnF1b3Q7OmZhbHNlLCZxdW90O0Nhbkd1ZXN0Q2hlY2tvdXQmcXVvdDs6ZmFsc2UsJnF1b3Q7RGlzYWxsb3dRdWFudGl0eUNoYW5nZSZxdW90OzpmYWxzZSwmcXVvdDtEaXNhbGxvd0VkaXRJbkNhcnQmcXVvdDs6ZmFsc2UsJnF1b3Q7UmVzb3VyY2VQcmVmaXgmcXVvdDs6bnVsbCwmcXVvdDtQcm9kdWN0aW9uT3JkZXJHcm91cCZxdW90OzpudWxsLCZxdW90O1Nwc2MmcXVvdDs6bnVsbCwmcXVvdDtFQ2xhc3MmcXVvdDs6bnVsbCwmcXVvdDtJZCZxdW90Ozo1MywmcXVvdDtJc0hhcmREZWxldGVkJnF1b3Q7OmZhbHNlfSx7JnF1b3Q7JGlkJnF1b3Q7OiZxdW90OzEzMSZxdW90OywmcXVvdDtCdXNpbmVzc1VuaXQmcXVvdDs6eyZxdW90OyRpZCZxdW90OzomcXVvdDsxMzImcXVvdDssJnF1b3Q7QnVJY29uJnF1b3Q7OiZxdW90Oy9pbWFnZXMvdXNlcmNvbnRyb2xzL2ljb25zL2J1L29saWdvX3NtYWxsLmdpZiZxdW90OywmcXVvdDtCdUtleSZxdW90OzomcXVvdDtPbGlnb3MmcXVvdDssJnF1b3Q7QnVOYW1lJnF1b3Q7OiZxdW90O0ROQSAmYW1wOyBSTkEgT2xpZ29udWNsZW90aWRlcyZxdW90OywmcXVvdDtCdXNpbmVzc1VuaXRFbnVtJnF1b3Q7OjEsJnF1b3Q7RGlzdHJpYnV0b3JSZXNwb25zaWJpbGl0aWVzJnF1b3Q7Om51bGwsJnF1b3Q7SGFzTGltc1N5c3RlbSZxdW90OzpmYWxzZSwmcXVvdDtJbnN0YW5jZVN0YXR1c0VudW0mcXVvdDs6MCwmcXVvdDtTYWxlc0l0ZW1UeXBlcyZxdW90OzpudWxsLCZxdW90O1NpdGUmcXVvdDs6bnVsbCwmcXVvdDtWZXJzaW9uJnF1b3Q7OjEsJnF1b3Q7QnVQcm9kdWN0aW9uRGV0YWlsc1VybCZxdW90OzpudWxsLCZxdW90O0lkJnF1b3Q7OjEsJnF1b3Q7SXNIYXJkRGVsZXRlZCZxdW90OzpmYWxzZX0sJnF1b3Q7UHJvZHVjdENhdGVnb3J5RW51bSZxdW90OzoxLCZxdW90O09yZGVyV2l6YXJkVHlwZUVudW0mcXVvdDs6MywmcXVvdDtJbnN0YW5jZVN0YXR1c0VudW0mcXVvdDs6MCwmcXVvdDtDYW5PcmRlcldoZW5Ob1ByaWNlJnF1b3Q7OnRydWUsJnF1b3Q7Q2FuUXVvdGVXaGVuTm9QcmljZSZxdW90OzpmYWxzZSwmcXVvdDtDYW5RdW90ZVdpdGhQcmljZSZxdW90OzpmYWxzZSwmcXVvdDtDYW5TaGlwT25EcnlJY2UmcXVvdDs6ZmFsc2UsJnF1b3Q7Q29udHJvbFBhdGgmcXVvdDs6JnF1b3Q7flxcdXNlcmNvbnRyb2xzXFxDb3JlXFxDb250YWluZXJcXE9yZGVyaW5nXFxPbGlnb3NcXFNlbWlDdXN0b21pc2VkSW5UdWJlcy5hc2N4JnF1b3Q7LCZxdW90O0lzU3RhbmRBbG9uZUl0ZW0mcXVvdDs6ZmFsc2UsJnF1b3Q7TmFtZSZxdW90OzomcXVvdDtTZXEgUHJpbWVyJnF1b3Q7LCZxdW90O09yZGVyaW5nUGFnZVBhdGgmcXVvdDs6JnF1b3Q7aW50TGlua1NJVF9TZXFQcmltZXImcXVvdDssJnF1b3Q7UmVxdWlyZVBoeXNpY2FsU2hpcG1lbnQmcXVvdDs6dHJ1ZSwmcXVvdDtTaXRLZXkmcXVvdDs6JnF1b3Q7U2VxUHJpbWVyJnF1b3Q7LCZxdW90O1ZlcnNpb24mcXVvdDs6MiwmcXVvdDtXYWl0Rm9yQ2FuY2VsbGF0aW9uUGVyaW9kJnF1b3Q7OjMwLCZxdW90O1hzZFBhdGgmcXVvdDs6JnF1b3Q7aHR0cHM6Ly9zZXJ2aWNlcy5ldXJvZmluc2dlbm9taWNzLmNvbS9TY2hlbWFzL0Vjb20vUFNEL09saWdvVjQuMS54c2QmcXVvdDssJnF1b3Q7TmVlZHNCaW9TYWZldHkmcXVvdDs6ZmFsc2UsJnF1b3Q7Q2FuR3Vlc3RDaGVja291dCZxdW90OzpmYWxzZSwmcXVvdDtEaXNhbGxvd1F1YW50aXR5Q2hhbmdlJnF1b3Q7OmZhbHNlLCZxdW90O0Rpc2FsbG93RWRpdEluQ2FydCZxdW90OzpmYWxzZSwmcXVvdDtSZXNvdXJjZVByZWZpeCZxdW90OzpudWxsLCZxdW90O1Byb2R1Y3Rpb25PcmRlckdyb3VwJnF1b3Q7Om51bGwsJnF1b3Q7U3BzYyZxdW90OzpudWxsLCZxdW90O0VDbGFzcyZxdW90OzpudWxsLCZxdW90O0lkJnF1b3Q7OjUsJnF1b3Q7SXNIYXJkRGVsZXRlZCZxdW90OzpmYWxzZX0seyZxdW90OyRpZCZxdW90OzomcXVvdDsxMzMmcXVvdDssJnF1b3Q7QnVzaW5lc3NVbml0JnF1b3Q7OnsmcXVvdDskaWQmcXVvdDs6JnF1b3Q7MTM0JnF1b3Q7LCZxdW90O0J1SWNvbiZxdW90OzomcXVvdDsvaW1hZ2VzL3VzZXJjb250cm9scy9pY29ucy9idS9vbGlnb19zbWFsbC5naWYmcXVvdDssJnF1b3Q7QnVLZXkmcXVvdDs6JnF1b3Q7T2xpZ29zJnF1b3Q7LCZxdW90O0J1TmFtZSZxdW90OzomcXVvdDtETkEgJmFtcDsgUk5BIE9saWdvbnVjbGVvdGlkZXMmcXVvdDssJnF1b3Q7QnVzaW5lc3NVbml0RW51bSZxdW90OzoxLCZxdW90O0Rpc3RyaWJ1dG9yUmVzcG9uc2liaWxpdGllcyZxdW90OzpudWxsLCZxdW90O0hhc0xpbXNTeXN0ZW0mcXVvdDs6ZmFsc2UsJnF1b3Q7SW5zdGFuY2VTdGF0dXNFbnVtJnF1b3Q7OjAsJnF1b3Q7U2FsZXNJdGVtVHlwZXMmcXVvdDs6bnVsbCwmcXVvdDtTaXRlJnF1b3Q7Om51bGwsJnF1b3Q7VmVyc2lvbiZxdW90OzoxLCZxdW90O0J1UHJvZHVjdGlvbkRldGFpbHNVcmwmcXVvdDs6bnVsbCwmcXVvdDtJZCZxdW90OzoxLCZxdW90O0lzSGFyZERlbGV0ZWQmcXVvdDs6ZmFsc2V9LCZxdW90O1Byb2R1Y3RDYXRlZ29yeUVudW0mcXVvdDs6MiwmcXVvdDtPcmRlcldpemFyZFR5cGVFbnVtJnF1b3Q7OjUsJnF1b3Q7SW5zdGFuY2VTdGF0dXNFbnVtJnF1b3Q7OjAsJnF1b3Q7Q2FuT3JkZXJXaGVuTm9QcmljZSZxdW90Ozp0cnVlLCZxdW90O0NhblF1b3RlV2hlbk5vUHJpY2UmcXVvdDs6ZmFsc2UsJnF1b3Q7Q2FuUXVvdGVXaXRoUHJpY2UmcXVvdDs6dHJ1ZSwmcXVvdDtDYW5TaGlwT25EcnlJY2UmcXVvdDs6ZmFsc2UsJnF1b3Q7Q29udHJvbFBhdGgmcXVvdDs6JnF1b3Q7flxcdXNlcmNvbnRyb2xzXFxDb3JlXFxDb250YWluZXJcXE9yZGVyaW5nXFxPbGlnb3NcXFBsYXRlT2xpZ29zLmFzY3gmcXVvdDssJnF1b3Q7SXNTdGFuZEFsb25lSXRlbSZxdW90OzpmYWxzZSwmcXVvdDtOYW1lJnF1b3Q7OiZxdW90O1NlcVByaW1lclBsYXRlJnF1b3Q7LCZxdW90O09yZGVyaW5nUGFnZVBhdGgmcXVvdDs6JnF1b3Q7aW50TGlua1NJVF9TZXFQcmltZXJQbGF0ZSZxdW90OywmcXVvdDtSZXF1aXJlUGh5c2ljYWxTaGlwbWVudCZxdW90Ozp0cnVlLCZxdW90O1NpdEtleSZxdW90OzomcXVvdDtTZXFQcmltZXJQbGF0ZSZxdW90OywmcXVvdDtWZXJzaW9uJnF1b3Q7OjUsJnF1b3Q7V2FpdEZvckNhbmNlbGxhdGlvblBlcmlvZCZxdW90OzozMCwmcXVvdDtYc2RQYXRoJnF1b3Q7OiZxdW90O2h0dHBzOi8vc2VydmljZXMuZXVyb2ZpbnNnZW5vbWljcy5jb20vU2NoZW1hcy9FY29tL1BTRC9PbGlnb1Y0LjEueHNkJnF1b3Q7LCZxdW90O05lZWRzQmlvU2FmZXR5JnF1b3Q7OmZhbHNlLCZxdW90O0Nhbkd1ZXN0Q2hlY2tvdXQmcXVvdDs6ZmFsc2UsJnF1b3Q7RGlzYWxsb3dRdWFudGl0eUNoYW5nZSZxdW90OzpmYWxzZSwmcXVvdDtEaXNhbGxvd0VkaXRJbkNhcnQmcXVvdDs6dHJ1ZSwmcXVvdDtSZXNvdXJjZVByZWZpeCZxdW90OzomcXVvdDsmcXVvdDssJnF1b3Q7UHJvZHVjdGlvbk9yZGVyR3JvdXAmcXVvdDs6bnVsbCwmcXVvdDtTcHNjJnF1b3Q7OiZxdW90OyZxdW90OywmcXVvdDtFQ2xhc3MmcXVvdDs6JnF1b3Q7JnF1b3Q7LCZxdW90O0lkJnF1b3Q7Ojc0LCZxdW90O0lzSGFyZERlbGV0ZWQmcXVvdDs6ZmFsc2V9LHsmcXVvdDskaWQmcXVvdDs6JnF1b3Q7MTM1JnF1b3Q7LCZxdW90O0J1c2luZXNzVW5pdCZxdW90Ozp7JnF1b3Q7JGlkJnF1b3Q7OiZxdW90OzEzNiZxdW90OywmcXVvdDtCdUljb24mcXVvdDs6JnF1b3Q7L2ltYWdlcy91c2VyY29udHJvbHMvaWNvbnMvYnUvc2VxX3NtYWxsLmdpZiZxdW90OywmcXVvdDtCdUtleSZxdW90OzomcXVvdDtTRVEmcXVvdDssJnF1b3Q7QnVOYW1lJnF1b3Q7OiZxdW90O0N1c3RvbSBETkEgU2VxdWVuY2luZyZxdW90OywmcXVvdDtCdXNpbmVzc1VuaXRFbnVtJnF1b3Q7OjIsJnF1b3Q7RGlzdHJpYnV0b3JSZXNwb25zaWJpbGl0aWVzJnF1b3Q7Om51bGwsJnF1b3Q7SGFzTGltc1N5c3RlbSZxdW90OzpmYWxzZSwmcXVvdDtJbnN0YW5jZVN0YXR1c0VudW0mcXVvdDs6MCwmcXVvdDtTYWxlc0l0ZW1UeXBlcyZxdW90OzpudWxsLCZxdW90O1NpdGUmcXVvdDs6bnVsbCwmcXVvdDtWZXJzaW9uJnF1b3Q7OjEsJnF1b3Q7QnVQcm9kdWN0aW9uRGV0YWlsc1VybCZxdW90OzpudWxsLCZxdW90O0lkJnF1b3Q7OjIsJnF1b3Q7SXNIYXJkRGVsZXRlZCZxdW90OzpmYWxzZX0sJnF1b3Q7UHJvZHVjdENhdGVnb3J5RW51bSZxdW90OzoxLCZxdW90O09yZGVyV2l6YXJkVHlwZUVudW0mcXVvdDs6MTEsJnF1b3Q7SW5zdGFuY2VTdGF0dXNFbnVtJnF1b3Q7OjAsJnF1b3Q7Q2FuT3JkZXJXaGVuTm9QcmljZSZxdW90Ozp0cnVlLCZxdW90O0NhblF1b3RlV2hlbk5vUHJpY2UmcXVvdDs6ZmFsc2UsJnF1b3Q7Q2FuUXVvdGVXaXRoUHJpY2UmcXVvdDs6ZmFsc2UsJnF1b3Q7Q2FuU2hpcE9uRHJ5SWNlJnF1b3Q7OmZhbHNlLCZxdW90O0NvbnRyb2xQYXRoJnF1b3Q7OiZxdW90O35cXHVzZXJjb250cm9sc1xcQ29yZVxcQ29udGFpbmVyXFxPcmRlcmluZ1xcUHJvamVjdHNcXFByb2plY3RPcmRlci5hc2N4JnF1b3Q7LCZxdW90O0lzU3RhbmRBbG9uZUl0ZW0mcXVvdDs6ZmFsc2UsJnF1b3Q7TmFtZSZxdW90OzomcXVvdDtTZXF1ZW5jaW5nUHJvamVjdCZxdW90OywmcXVvdDtPcmRlcmluZ1BhZ2VQYXRoJnF1b3Q7OiZxdW90O2ludExpbmtTSVRfU2VxdWVuY2luZ1Byb2plY3QmcXVvdDssJnF1b3Q7UmVxdWlyZVBoeXNpY2FsU2hpcG1lbnQmcXVvdDs6dHJ1ZSwmcXVvdDtTaXRLZXkmcXVvdDs6JnF1b3Q7U2VxdWVuY2luZ1Byb2plY3QmcXVvdDssJnF1b3Q7VmVyc2lvbiZxdW90Ozo3LCZxdW90O1dhaXRGb3JDYW5jZWxsYXRpb25QZXJpb2QmcXVvdDs6MCwmcXVvdDtYc2RQYXRoJnF1b3Q7OiZxdW90O2h0dHBzOi8vc2VydmljZXMuZXVyb2ZpbnNnZW5vbWljcy5jb20vc2NoZW1hcy9FY29tL1BTRC9Qcm9qZWN0T3JkZXJWMi4zLnhzZCZxdW90OywmcXVvdDtOZWVkc0Jpb1NhZmV0eSZxdW90Ozp0cnVlLCZxdW90O0Nhbkd1ZXN0Q2hlY2tvdXQmcXVvdDs6ZmFsc2UsJnF1b3Q7RGlzYWxsb3dRdWFudGl0eUNoYW5nZSZxdW90OzpmYWxzZSwmcXVvdDtEaXNhbGxvd0VkaXRJbkNhcnQmcXVvdDs6ZmFsc2UsJnF1b3Q7UmVzb3VyY2VQcmVmaXgmcXVvdDs6bnVsbCwmcXVvdDtQcm9kdWN0aW9uT3JkZXJHcm91cCZxdW90OzpudWxsLCZxdW90O1Nwc2MmcXVvdDs6bnVsbCwmcXVvdDtFQ2xhc3MmcXVvdDs6bnVsbCwmcXVvdDtJZCZxdW90OzoyNSwmcXVvdDtJc0hhcmREZWxldGVkJnF1b3Q7OmZhbHNlfSx7JnF1b3Q7JGlkJnF1b3Q7OiZxdW90OzEzNyZxdW90OywmcXVvdDtCdXNpbmVzc1VuaXQmcXVvdDs6eyZxdW90OyRpZCZxdW90OzomcXVvdDsxMzgmcXVvdDssJnF1b3Q7QnVJY29uJnF1b3Q7OiZxdW90Oy9pbWFnZXMvdXNlcmNvbnRyb2xzL2ljb25zL2J1L3NlcV9zbWFsbC5naWYmcXVvdDssJnF1b3Q7QnVLZXkmcXVvdDs6JnF1b3Q7U0VRJnF1b3Q7LCZxdW90O0J1TmFtZSZxdW90OzomcXVvdDtDdXN0b20gRE5BIFNlcXVlbmNpbmcmcXVvdDssJnF1b3Q7QnVzaW5lc3NVbml0RW51bSZxdW90OzoyLCZxdW90O0Rpc3RyaWJ1dG9yUmVzcG9uc2liaWxpdGllcyZxdW90OzpudWxsLCZxdW90O0hhc0xpbXNTeXN0ZW0mcXVvdDs6ZmFsc2UsJnF1b3Q7SW5zdGFuY2VTdGF0dXNFbnVtJnF1b3Q7OjAsJnF1b3Q7U2FsZXNJdGVtVHlwZXMmcXVvdDs6bnVsbCwmcXVvdDtTaXRlJnF1b3Q7Om51bGwsJnF1b3Q7VmVyc2lvbiZxdW90OzoxLCZxdW90O0J1UHJvZHVjdGlvbkRldGFpbHNVcmwmcXVvdDs6bnVsbCwmcXVvdDtJZCZxdW90OzoyLCZxdW90O0lzSGFyZERlbGV0ZWQmcXVvdDs6ZmFsc2V9LCZxdW90O1Byb2R1Y3RDYXRlZ29yeUVudW0mcXVvdDs6MiwmcXVvdDtPcmRlcldpemFyZFR5cGVFbnVtJnF1b3Q7OjYsJnF1b3Q7SW5zdGFuY2VTdGF0dXNFbnVtJnF1b3Q7OjAsJnF1b3Q7Q2FuT3JkZXJXaGVuTm9QcmljZSZxdW90Ozp0cnVlLCZxdW90O0NhblF1b3RlV2hlbk5vUHJpY2UmcXVvdDs6ZmFsc2UsJnF1b3Q7Q2FuUXVvdGVXaXRoUHJpY2UmcXVvdDs6dHJ1ZSwmcXVvdDtDYW5TaGlwT25EcnlJY2UmcXVvdDs6ZmFsc2UsJnF1b3Q7Q29udHJvbFBhdGgmcXVvdDs6JnF1b3Q7flxcdXNlcmNvbnRyb2xzXFxDb3JlXFxDb250YWluZXJcXE9yZGVyaW5nXFxTZXF1ZW5jaW5nXFxQbGF0ZVxcY2NQbGF0ZVNlcXVlbmNpbmcuYXNjeCZxdW90OywmcXVvdDtJc1N0YW5kQWxvbmVJdGVtJnF1b3Q7OmZhbHNlLCZxdW90O05hbWUmcXVvdDs6JnF1b3Q7U2hvcnRTZXFQbGF0ZSZxdW90OywmcXVvdDtPcmRlcmluZ1BhZ2VQYXRoJnF1b3Q7OiZxdW90O2ludExpbmtTSVRfU2hvcnRTZXFQbGF0ZSZxdW90OywmcXVvdDtSZXF1aXJlUGh5c2ljYWxTaGlwbWVudCZxdW90OzpmYWxzZSwmcXVvdDtTaXRLZXkmcXVvdDs6JnF1b3Q7U2hvcnRTZXFQbGF0ZSZxdW90OywmcXVvdDtWZXJzaW9uJnF1b3Q7OjMsJnF1b3Q7V2FpdEZvckNhbmNlbGxhdGlvblBlcmlvZCZxdW90OzowLCZxdW90O1hzZFBhdGgmcXVvdDs6JnF1b3Q7aHR0cHM6Ly9zZXJ2aWNlcy5ldXJvZmluc2dlbm9taWNzLmNvbS9TY2hlbWFzL0Vjb20vUFNEL1NlcXVlbmNpbmdWMi43LnhzZCZxdW90OywmcXVvdDtOZWVkc0Jpb1NhZmV0eSZxdW90Ozp0cnVlLCZxdW90O0Nhbkd1ZXN0Q2hlY2tvdXQmcXVvdDs6ZmFsc2UsJnF1b3Q7RGlzYWxsb3dRdWFudGl0eUNoYW5nZSZxdW90OzpmYWxzZSwmcXVvdDtEaXNhbGxvd0VkaXRJbkNhcnQmcXVvdDs6ZmFsc2UsJnF1b3Q7UmVzb3VyY2VQcmVmaXgmcXVvdDs6JnF1b3Q7JnF1b3Q7LCZxdW90O1Byb2R1Y3Rpb25PcmRlckdyb3VwJnF1b3Q7Om51bGwsJnF1b3Q7U3BzYyZxdW90OzpudWxsLCZxdW90O0VDbGFzcyZxdW90OzpudWxsLCZxdW90O0lkJnF1b3Q7OjczLCZxdW90O0lzSGFyZERlbGV0ZWQmcXVvdDs6ZmFsc2V9LHsmcXVvdDskaWQmcXVvdDs6JnF1b3Q7MTM5JnF1b3Q7LCZxdW90O0J1c2luZXNzVW5pdCZxdW90Ozp7JnF1b3Q7JGlkJnF1b3Q7OiZxdW90OzE0MCZxdW90OywmcXVvdDtCdUljb24mcXVvdDs6JnF1b3Q7L2ltYWdlcy91c2VyY29udHJvbHMvaWNvbnMvYnUvc2VxX3NtYWxsLmdpZiZxdW90OywmcXVvdDtCdUtleSZxdW90OzomcXVvdDtTRVEmcXVvdDssJnF1b3Q7QnVOYW1lJnF1b3Q7OiZxdW90O0N1c3RvbSBETkEgU2VxdWVuY2luZyZxdW90OywmcXVvdDtCdXNpbmVzc1VuaXRFbnVtJnF1b3Q7OjIsJnF1b3Q7RGlzdHJpYnV0b3JSZXNwb25zaWJpbGl0aWVzJnF1b3Q7Om51bGwsJnF1b3Q7SGFzTGltc1N5c3RlbSZxdW90OzpmYWxzZSwmcXVvdDtJbnN0YW5jZVN0YXR1c0VudW0mcXVvdDs6MCwmcXVvdDtTYWxlc0l0ZW1UeXBlcyZxdW90OzpudWxsLCZxdW90O1NpdGUmcXVvdDs6bnVsbCwmcXVvdDtWZXJzaW9uJnF1b3Q7OjEsJnF1b3Q7QnVQcm9kdWN0aW9uRGV0YWlsc1VybCZxdW90OzpudWxsLCZxdW90O0lkJnF1b3Q7OjIsJnF1b3Q7SXNIYXJkRGVsZXRlZCZxdW90OzpmYWxzZX0sJnF1b3Q7UHJvZHVjdENhdGVnb3J5RW51bSZxdW90OzoxLCZxdW90O09yZGVyV2l6YXJkVHlwZUVudW0mcXVvdDs6MTIsJnF1b3Q7SW5zdGFuY2VTdGF0dXNFbnVtJnF1b3Q7OjAsJnF1b3Q7Q2FuT3JkZXJXaGVuTm9QcmljZSZxdW90Ozp0cnVlLCZxdW90O0NhblF1b3RlV2hlbk5vUHJpY2UmcXVvdDs6dHJ1ZSwmcXVvdDtDYW5RdW90ZVdpdGhQcmljZSZxdW90OzpmYWxzZSwmcXVvdDtDYW5TaGlwT25EcnlJY2UmcXVvdDs6ZmFsc2UsJnF1b3Q7Q29udHJvbFBhdGgmcXVvdDs6JnF1b3Q7flxcdXNlcmNvbnRyb2xzXFxDb3JlXFxDb250YWluZXJcXE9yZGVyaW5nXFxDYXRhbG9ndWVQcm9kdWN0c1xcQ2F0YWxvZ3VlUHJvZHVjdC5hc2N4JnF1b3Q7LCZxdW90O0lzU3RhbmRBbG9uZUl0ZW0mcXVvdDs6ZmFsc2UsJnF1b3Q7TmFtZSZxdW90OzomcXVvdDtTbWFydFNlcSBLaXQmcXVvdDssJnF1b3Q7T3JkZXJpbmdQYWdlUGF0aCZxdW90OzomcXVvdDtpbnRMaW5rU0lUX1NtYXJ0U2VxS2l0JnF1b3Q7LCZxdW90O1JlcXVpcmVQaHlzaWNhbFNoaXBtZW50JnF1b3Q7OnRydWUsJnF1b3Q7U2l0S2V5JnF1b3Q7OiZxdW90O1NtYXJ0U2VxS2l0JnF1b3Q7LCZxdW90O1ZlcnNpb24mcXVvdDs6NSwmcXVvdDtXYWl0Rm9yQ2FuY2VsbGF0aW9uUGVyaW9kJnF1b3Q7OjMwLCZxdW90O1hzZFBhdGgmcXVvdDs6JnF1b3Q7aHR0cHM6Ly9zZXJ2aWNlcy5ldXJvZmluc2dlbm9taWNzLmNvbS9TY2hlbWFzL0Vjb20vUFNEL0NhdGFsb2d1ZVByb2R1Y3RzVjIuMi54c2QmcXVvdDssJnF1b3Q7TmVlZHNCaW9TYWZldHkmcXVvdDs6dHJ1ZSwmcXVvdDtDYW5HdWVzdENoZWNrb3V0JnF1b3Q7OmZhbHNlLCZxdW90O0Rpc2FsbG93UXVhbnRpdHlDaGFuZ2UmcXVvdDs6ZmFsc2UsJnF1b3Q7RGlzYWxsb3dFZGl0SW5DYXJ0JnF1b3Q7OmZhbHNlLCZxdW90O1Jlc291cmNlUHJlZml4JnF1b3Q7OiZxdW90OyZxdW90OywmcXVvdDtQcm9kdWN0aW9uT3JkZXJHcm91cCZxdW90Ozp7JnF1b3Q7JHJlZiZxdW90OzomcXVvdDszJnF1b3Q7fSwmcXVvdDtTcHNjJnF1b3Q7Om51bGwsJnF1b3Q7RUNsYXNzJnF1b3Q7Om51bGwsJnF1b3Q7SWQmcXVvdDs6MzQsJnF1b3Q7SXNIYXJkRGVsZXRlZCZxdW90OzpmYWxzZX0seyZxdW90OyRpZCZxdW90OzomcXVvdDsxNDEmcXVvdDssJnF1b3Q7QnVzaW5lc3NVbml0JnF1b3Q7OnsmcXVvdDskaWQmcXVvdDs6JnF1b3Q7MTQyJnF1b3Q7LCZxdW90O0J1SWNvbiZxdW90OzomcXVvdDsvaW1hZ2VzL3VzZXJjb250cm9scy9pY29ucy9idS9zZXFfc21hbGwuZ2lmJnF1b3Q7LCZxdW90O0J1S2V5JnF1b3Q7OiZxdW90O1NFUSZxdW90OywmcXVvdDtCdU5hbWUmcXVvdDs6JnF1b3Q7Q3VzdG9tIEROQSBTZXF1ZW5jaW5nJnF1b3Q7LCZxdW90O0J1c2luZXNzVW5pdEVudW0mcXVvdDs6MiwmcXVvdDtEaXN0cmlidXRvclJlc3BvbnNpYmlsaXRpZXMmcXVvdDs6bnVsbCwmcXVvdDtIYXNMaW1zU3lzdGVtJnF1b3Q7OmZhbHNlLCZxdW90O0luc3RhbmNlU3RhdHVzRW51bSZxdW90OzowLCZxdW90O1NhbGVzSXRlbVR5cGVzJnF1b3Q7Om51bGwsJnF1b3Q7U2l0ZSZxdW90OzpudWxsLCZxdW90O1ZlcnNpb24mcXVvdDs6MSwmcXVvdDtCdVByb2R1Y3Rpb25EZXRhaWxzVXJsJnF1b3Q7Om51bGwsJnF1b3Q7SWQmcXVvdDs6MiwmcXVvdDtJc0hhcmREZWxldGVkJnF1b3Q7OmZhbHNlfSwmcXVvdDtQcm9kdWN0Q2F0ZWdvcnlFbnVtJnF1b3Q7OjEsJnF1b3Q7T3JkZXJXaXphcmRUeXBlRW51bSZxdW90OzoxMiwmcXVvdDtJbnN0YW5jZVN0YXR1c0VudW0mcXVvdDs6MCwmcXVvdDtDYW5PcmRlcldoZW5Ob1ByaWNlJnF1b3Q7OnRydWUsJnF1b3Q7Q2FuUXVvdGVXaGVuTm9QcmljZSZxdW90OzpmYWxzZSwmcXVvdDtDYW5RdW90ZVdpdGhQcmljZSZxdW90OzpmYWxzZSwmcXVvdDtDYW5TaGlwT25EcnlJY2UmcXVvdDs6ZmFsc2UsJnF1b3Q7Q29udHJvbFBhdGgmcXVvdDs6JnF1b3Q7flxcdXNlcmNvbnRyb2xzXFxDb3JlXFxDb250YWluZXJcXE9yZGVyaW5nXFxDYXRhbG9ndWVQcm9kdWN0c1xcQ2F0YWxvZ3VlUHJvZHVjdC5hc2N4JnF1b3Q7LCZxdW90O0lzU3RhbmRBbG9uZUl0ZW0mcXVvdDs6ZmFsc2UsJnF1b3Q7TmFtZSZxdW90OzomcXVvdDtTbWFydFNlcSBDYXAgUGFkJnF1b3Q7LCZxdW90O09yZGVyaW5nUGFnZVBhdGgmcXVvdDs6JnF1b3Q7aW50TGlua1NJVF9TbWFydFNlcUxpZHMmcXVvdDssJnF1b3Q7UmVxdWlyZVBoeXNpY2FsU2hpcG1lbnQmcXVvdDs6dHJ1ZSwmcXVvdDtTaXRLZXkmcXVvdDs6JnF1b3Q7U21hcnRTZXFMaWRzJnF1b3Q7LCZxdW90O1ZlcnNpb24mcXVvdDs6NywmcXVvdDtXYWl0Rm9yQ2FuY2VsbGF0aW9uUGVyaW9kJnF1b3Q7OjAsJnF1b3Q7WHNkUGF0aCZxdW90OzomcXVvdDtodHRwczovL3NlcnZpY2VzLmV1cm9maW5zZ2Vub21pY3MuY29tL1NjaGVtYXMvRWNvbS9QU0QvQ2F0YWxvZ3VlUHJvZHVjdHNWMi4yLnhzZCZxdW90OywmcXVvdDtOZWVkc0Jpb1NhZmV0eSZxdW90OzpmYWxzZSwmcXVvdDtDYW5HdWVzdENoZWNrb3V0JnF1b3Q7OmZhbHNlLCZxdW90O0Rpc2FsbG93UXVhbnRpdHlDaGFuZ2UmcXVvdDs6ZmFsc2UsJnF1b3Q7RGlzYWxsb3dFZGl0SW5DYXJ0JnF1b3Q7OmZhbHNlLCZxdW90O1Jlc291cmNlUHJlZml4JnF1b3Q7Om51bGwsJnF1b3Q7UHJvZHVjdGlvbk9yZGVyR3JvdXAmcXVvdDs6eyZxdW90OyRyZWYmcXVvdDs6JnF1b3Q7MyZxdW90O30sJnF1b3Q7U3BzYyZxdW90OzpudWxsLCZxdW90O0VDbGFzcyZxdW90OzpudWxsLCZxdW90O0lkJnF1b3Q7OjM2LCZxdW90O0lzSGFyZERlbGV0ZWQmcXVvdDs6ZmFsc2V9LHsmcXVvdDskaWQmcXVvdDs6JnF1b3Q7MTQzJnF1b3Q7LCZxdW90O0J1c2luZXNzVW5pdCZxdW90Ozp7JnF1b3Q7JGlkJnF1b3Q7OiZxdW90OzE0NCZxdW90OywmcXVvdDtCdUljb24mcXVvdDs6JnF1b3Q7L2ltYWdlcy91c2VyY29udHJvbHMvaWNvbnMvYnUvc2VxX3NtYWxsLmdpZiZxdW90OywmcXVvdDtCdUtleSZxdW90OzomcXVvdDtTRVEmcXVvdDssJnF1b3Q7QnVOYW1lJnF1b3Q7OiZxdW90O0N1c3RvbSBETkEgU2VxdWVuY2luZyZxdW90OywmcXVvdDtCdXNpbmVzc1VuaXRFbnVtJnF1b3Q7OjIsJnF1b3Q7RGlzdHJpYnV0b3JSZXNwb25zaWJpbGl0aWVzJnF1b3Q7Om51bGwsJnF1b3Q7SGFzTGltc1N5c3RlbSZxdW90OzpmYWxzZSwmcXVvdDtJbnN0YW5jZVN0YXR1c0VudW0mcXVvdDs6MCwmcXVvdDtTYWxlc0l0ZW1UeXBlcyZxdW90OzpudWxsLCZxdW90O1NpdGUmcXVvdDs6bnVsbCwmcXVvdDtWZXJzaW9uJnF1b3Q7OjEsJnF1b3Q7QnVQcm9kdWN0aW9uRGV0YWlsc1VybCZxdW90OzpudWxsLCZxdW90O0lkJnF1b3Q7OjIsJnF1b3Q7SXNIYXJkRGVsZXRlZCZxdW90OzpmYWxzZX0sJnF1b3Q7UHJvZHVjdENhdGVnb3J5RW51bSZxdW90OzoxLCZxdW90O09yZGVyV2l6YXJkVHlwZUVudW0mcXVvdDs6MTIsJnF1b3Q7SW5zdGFuY2VTdGF0dXNFbnVtJnF1b3Q7OjAsJnF1b3Q7Q2FuT3JkZXJXaGVuTm9QcmljZSZxdW90Ozp0cnVlLCZxdW90O0NhblF1b3RlV2hlbk5vUHJpY2UmcXVvdDs6dHJ1ZSwmcXVvdDtDYW5RdW90ZVdpdGhQcmljZSZxdW90Ozp0cnVlLCZxdW90O0NhblNoaXBPbkRyeUljZSZxdW90OzpmYWxzZSwmcXVvdDtDb250cm9sUGF0aCZxdW90OzomcXVvdDt+XFx1c2VyY29udHJvbHNcXENvcmVcXENvbnRhaW5lclxcT3JkZXJpbmdcXENhdGFsb2d1ZVByb2R1Y3RzXFxDYXRhbG9ndWVQcm9kdWN0LmFzY3gmcXVvdDssJnF1b3Q7SXNTdGFuZEFsb25lSXRlbSZxdW90OzpmYWxzZSwmcXVvdDtOYW1lJnF1b3Q7OiZxdW90O1NtYXJ0U2VxIFJhY2smcXVvdDssJnF1b3Q7T3JkZXJpbmdQYWdlUGF0aCZxdW90OzomcXVvdDtpbnRMaW5rU0lUX1NtYXJ0U2VxUmFjayZxdW90OywmcXVvdDtSZXF1aXJlUGh5c2ljYWxTaGlwbWVudCZxdW90Ozp0cnVlLCZxdW90O1NpdEtleSZxdW90OzomcXVvdDtTbWFydFNlcVJhY2smcXVvdDssJnF1b3Q7VmVyc2lvbiZxdW90Ozo0LCZxdW90O1dhaXRGb3JDYW5jZWxsYXRpb25QZXJpb2QmcXVvdDs6MCwmcXVvdDtYc2RQYXRoJnF1b3Q7OiZxdW90O2h0dHBzOi8vc2VydmljZXMuZXVyb2ZpbnNnZW5vbWljcy5jb20vU2NoZW1hcy9FY29tL1BTRC9DYXRhbG9ndWVQcm9kdWN0c1YyLjIueHNkJnF1b3Q7LCZxdW90O05lZWRzQmlvU2FmZXR5JnF1b3Q7OmZhbHNlLCZxdW90O0Nhbkd1ZXN0Q2hlY2tvdXQmcXVvdDs6ZmFsc2UsJnF1b3Q7RGlzYWxsb3dRdWFudGl0eUNoYW5nZSZxdW90OzpmYWxzZSwmcXVvdDtEaXNhbGxvd0VkaXRJbkNhcnQmcXVvdDs6ZmFsc2UsJnF1b3Q7UmVzb3VyY2VQcmVmaXgmcXVvdDs6bnVsbCwmcXVvdDtQcm9kdWN0aW9uT3JkZXJHcm91cCZxdW90Ozp7JnF1b3Q7JHJlZiZxdW90OzomcXVvdDszJnF1b3Q7fSwmcXVvdDtTcHNjJnF1b3Q7Om51bGwsJnF1b3Q7RUNsYXNzJnF1b3Q7Om51bGwsJnF1b3Q7SWQmcXVvdDs6MzUsJnF1b3Q7SXNIYXJkRGVsZXRlZCZxdW90OzpmYWxzZX0seyZxdW90OyRpZCZxdW90OzomcXVvdDsxNDUmcXVvdDssJnF1b3Q7QnVzaW5lc3NVbml0JnF1b3Q7OnsmcXVvdDskaWQmcXVvdDs6JnF1b3Q7MTQ2JnF1b3Q7LCZxdW90O0J1SWNvbiZxdW90OzomcXVvdDsvaW1hZ2VzL3VzZXJjb250cm9scy9pY29ucy9idS9uZ3Nfc21hbGwuZ2lmJnF1b3Q7LCZxdW90O0J1S2V5JnF1b3Q7OiZxdW90O05HUyZxdW90OywmcXVvdDtCdU5hbWUmcXVvdDs6JnF1b3Q7TmV4dCBHZW5lcmF0aW9uIFNlcXVlbmNpbmcmcXVvdDssJnF1b3Q7QnVzaW5lc3NVbml0RW51bSZxdW90Ozo0LCZxdW90O0Rpc3RyaWJ1dG9yUmVzcG9uc2liaWxpdGllcyZxdW90OzpudWxsLCZxdW90O0hhc0xpbXNTeXN0ZW0mcXVvdDs6ZmFsc2UsJnF1b3Q7SW5zdGFuY2VTdGF0dXNFbnVtJnF1b3Q7OjAsJnF1b3Q7U2FsZXNJdGVtVHlwZXMmcXVvdDs6bnVsbCwmcXVvdDtTaXRlJnF1b3Q7Om51bGwsJnF1b3Q7VmVyc2lvbiZxdW90OzowLCZxdW90O0J1UHJvZHVjdGlvbkRldGFpbHNVcmwmcXVvdDs6bnVsbCwmcXVvdDtJZCZxdW90Ozo0LCZxdW90O0lzSGFyZERlbGV0ZWQmcXVvdDs6ZmFsc2V9LCZxdW90O1Byb2R1Y3RDYXRlZ29yeUVudW0mcXVvdDs6MiwmcXVvdDtPcmRlcldpemFyZFR5cGVFbnVtJnF1b3Q7OjEsJnF1b3Q7SW5zdGFuY2VTdGF0dXNFbnVtJnF1b3Q7OjAsJnF1b3Q7Q2FuT3JkZXJXaGVuTm9QcmljZSZxdW90Ozp0cnVlLCZxdW90O0NhblF1b3RlV2hlbk5vUHJpY2UmcXVvdDs6dHJ1ZSwmcXVvdDtDYW5RdW90ZVdpdGhQcmljZSZxdW90Ozp0cnVlLCZxdW90O0NhblNoaXBPbkRyeUljZSZxdW90OzpmYWxzZSwmcXVvdDtDb250cm9sUGF0aCZxdW90OzomcXVvdDsxMjMmcXVvdDssJnF1b3Q7SXNTdGFuZEFsb25lSXRlbSZxdW90OzpmYWxzZSwmcXVvdDtOYW1lJnF1b3Q7OiZxdW90O1N0YW5kYXJkIFBhY2thZ2UmcXVvdDssJnF1b3Q7T3JkZXJpbmdQYWdlUGF0aCZxdW90OzomcXVvdDtpbnRMaW5rU0lUX1N0YW5kYXJkUGFja2FnZSZxdW90OywmcXVvdDtSZXF1aXJlUGh5c2ljYWxTaGlwbWVudCZxdW90Ozp0cnVlLCZxdW90O1NpdEtleSZxdW90OzomcXVvdDtTdGFuZGFyZFBhY2thZ2UmcXVvdDssJnF1b3Q7VmVyc2lvbiZxdW90Ozo0LCZxdW90O1dhaXRGb3JDYW5jZWxsYXRpb25QZXJpb2QmcXVvdDs6MCwmcXVvdDtYc2RQYXRoJnF1b3Q7OiZxdW90O2h0dHBzOi8vc2VydmljZXMuZXVyb2ZpbnNnZW5vbWljcy5jb20vc2NoZW1hcy9FY29tL1BTRC9OZ3NWMS4xLnhzZCZxdW90OywmcXVvdDtOZWVkc0Jpb1NhZmV0eSZxdW90Ozp0cnVlLCZxdW90O0Nhbkd1ZXN0Q2hlY2tvdXQmcXVvdDs6ZmFsc2UsJnF1b3Q7RGlzYWxsb3dRdWFudGl0eUNoYW5nZSZxdW90OzpmYWxzZSwmcXVvdDtEaXNhbGxvd0VkaXRJbkNhcnQmcXVvdDs6ZmFsc2UsJnF1b3Q7UmVzb3VyY2VQcmVmaXgmcXVvdDs6bnVsbCwmcXVvdDtQcm9kdWN0aW9uT3JkZXJHcm91cCZxdW90OzpudWxsLCZxdW90O1Nwc2MmcXVvdDs6bnVsbCwmcXVvdDtFQ2xhc3MmcXVvdDs6bnVsbCwmcXVvdDtJZCZxdW90OzoyLCZxdW90O0lzSGFyZERlbGV0ZWQmcXVvdDs6ZmFsc2V9LHsmcXVvdDskaWQmcXVvdDs6JnF1b3Q7MTQ3JnF1b3Q7LCZxdW90O0J1c2luZXNzVW5pdCZxdW90Ozp7JnF1b3Q7JGlkJnF1b3Q7OiZxdW90OzE0OCZxdW90OywmcXVvdDtCdUljb24mcXVvdDs6JnF1b3Q7L2ltYWdlcy91c2VyY29udHJvbHMvaWNvbnMvYnUvb2xpZ29fc21hbGwuZ2lmJnF1b3Q7LCZxdW90O0J1S2V5JnF1b3Q7OiZxdW90O09saWdvcyZxdW90OywmcXVvdDtCdU5hbWUmcXVvdDs6JnF1b3Q7RE5BICZhbXA7IFJOQSBPbGlnb251Y2xlb3RpZGVzJnF1b3Q7LCZxdW90O0J1c2luZXNzVW5pdEVudW0mcXVvdDs6MSwmcXVvdDtEaXN0cmlidXRvclJlc3BvbnNpYmlsaXRpZXMmcXVvdDs6bnVsbCwmcXVvdDtIYXNMaW1zU3lzdGVtJnF1b3Q7OmZhbHNlLCZxdW90O0luc3RhbmNlU3RhdHVzRW51bSZxdW90OzowLCZxdW90O1NhbGVzSXRlbVR5cGVzJnF1b3Q7Om51bGwsJnF1b3Q7U2l0ZSZxdW90OzpudWxsLCZxdW90O1ZlcnNpb24mcXVvdDs6MSwmcXVvdDtCdVByb2R1Y3Rpb25EZXRhaWxzVXJsJnF1b3Q7Om51bGwsJnF1b3Q7SWQmcXVvdDs6MSwmcXVvdDtJc0hhcmREZWxldGVkJnF1b3Q7OmZhbHNlfSwmcXVvdDtQcm9kdWN0Q2F0ZWdvcnlFbnVtJnF1b3Q7OjEsJnF1b3Q7T3JkZXJXaXphcmRUeXBlRW51bSZxdW90OzoxOCwmcXVvdDtJbnN0YW5jZVN0YXR1c0VudW0mcXVvdDs6MCwmcXVvdDtDYW5PcmRlcldoZW5Ob1ByaWNlJnF1b3Q7OnRydWUsJnF1b3Q7Q2FuUXVvdGVXaGVuTm9QcmljZSZxdW90Ozp0cnVlLCZxdW90O0NhblF1b3RlV2l0aFByaWNlJnF1b3Q7OmZhbHNlLCZxdW90O0NhblNoaXBPbkRyeUljZSZxdW90OzpmYWxzZSwmcXVvdDtDb250cm9sUGF0aCZxdW90OzomcXVvdDt+XFx1c2VyY29udHJvbHNcXENvcmVcXENvbnRhaW5lclxcT3JkZXJpbmdcXFN0b2NrT3JkZXJcXGNjU3RvY2tPcmRlci5hc2N4JnF1b3Q7LCZxdW90O0lzU3RhbmRBbG9uZUl0ZW0mcXVvdDs6ZmFsc2UsJnF1b3Q7TmFtZSZxdW90OzomcXVvdDtTdG9jayBPbGlnbyZxdW90OywmcXVvdDtPcmRlcmluZ1BhZ2VQYXRoJnF1b3Q7OiZxdW90O2ludExpbmtTSVRfU3RvY2tPbGlnbyZxdW90OywmcXVvdDtSZXF1aXJlUGh5c2ljYWxTaGlwbWVudCZxdW90OzpmYWxzZSwmcXVvdDtTaXRLZXkmcXVvdDs6JnF1b3Q7U3RvY2tPbGlnbyZxdW90OywmcXVvdDtWZXJzaW9uJnF1b3Q7OjQsJnF1b3Q7V2FpdEZvckNhbmNlbGxhdGlvblBlcmlvZCZxdW90OzowLCZxdW90O1hzZFBhdGgmcXVvdDs6JnF1b3Q7aHR0cHM6Ly9zZXJ2aWNlcy5ldXJvZmluc2dlbm9taWNzLmNvbS9zY2hlbWFzL2Vjb20vUFNEL09saWdvVjMuOS54c2QmcXVvdDssJnF1b3Q7TmVlZHNCaW9TYWZldHkmcXVvdDs6dHJ1ZSwmcXVvdDtDYW5HdWVzdENoZWNrb3V0JnF1b3Q7OnRydWUsJnF1b3Q7RGlzYWxsb3dRdWFudGl0eUNoYW5nZSZxdW90Ozp0cnVlLCZxdW90O0Rpc2FsbG93RWRpdEluQ2FydCZxdW90Ozp0cnVlLCZxdW90O1Jlc291cmNlUHJlZml4JnF1b3Q7OiZxdW90OyZxdW90OywmcXVvdDtQcm9kdWN0aW9uT3JkZXJHcm91cCZxdW90OzpudWxsLCZxdW90O1Nwc2MmcXVvdDs6JnF1b3Q7JnF1b3Q7LCZxdW90O0VDbGFzcyZxdW90OzomcXVvdDsmcXVvdDssJnF1b3Q7SWQmcXVvdDs6NjMsJnF1b3Q7SXNIYXJkRGVsZXRlZCZxdW90OzpmYWxzZX0seyZxdW90OyRpZCZxdW90OzomcXVvdDsxNDkmcXVvdDssJnF1b3Q7QnVzaW5lc3NVbml0JnF1b3Q7OnsmcXVvdDskaWQmcXVvdDs6JnF1b3Q7MTUwJnF1b3Q7LCZxdW90O0J1SWNvbiZxdW90OzomcXVvdDsvaW1hZ2VzL3VzZXJjb250cm9scy9pY29ucy9idS9zZXFfc21hbGwuZ2lmJnF1b3Q7LCZxdW90O0J1S2V5JnF1b3Q7OiZxdW90O1NFUSZxdW90OywmcXVvdDtCdU5hbWUmcXVvdDs6JnF1b3Q7Q3VzdG9tIEROQSBTZXF1ZW5jaW5nJnF1b3Q7LCZxdW90O0J1c2luZXNzVW5pdEVudW0mcXVvdDs6MiwmcXVvdDtEaXN0cmlidXRvclJlc3BvbnNpYmlsaXRpZXMmcXVvdDs6bnVsbCwmcXVvdDtIYXNMaW1zU3lzdGVtJnF1b3Q7OmZhbHNlLCZxdW90O0luc3RhbmNlU3RhdHVzRW51bSZxdW90OzowLCZxdW90O1NhbGVzSXRlbVR5cGVzJnF1b3Q7Om51bGwsJnF1b3Q7U2l0ZSZxdW90OzpudWxsLCZxdW90O1ZlcnNpb24mcXVvdDs6MSwmcXVvdDtCdVByb2R1Y3Rpb25EZXRhaWxzVXJsJnF1b3Q7Om51bGwsJnF1b3Q7SWQmcXVvdDs6MiwmcXVvdDtJc0hhcmREZWxldGVkJnF1b3Q7OmZhbHNlfSwmcXVvdDtQcm9kdWN0Q2F0ZWdvcnlFbnVtJnF1b3Q7OjIsJnF1b3Q7T3JkZXJXaXphcmRUeXBlRW51bSZxdW90OzoxNiwmcXVvdDtJbnN0YW5jZVN0YXR1c0VudW0mcXVvdDs6MCwmcXVvdDtDYW5PcmRlcldoZW5Ob1ByaWNlJnF1b3Q7OnRydWUsJnF1b3Q7Q2FuUXVvdGVXaGVuTm9QcmljZSZxdW90OzpmYWxzZSwmcXVvdDtDYW5RdW90ZVdpdGhQcmljZSZxdW90Ozp0cnVlLCZxdW90O0NhblNoaXBPbkRyeUljZSZxdW90OzpmYWxzZSwmcXVvdDtDb250cm9sUGF0aCZxdW90OzomcXVvdDt+XFx1c2VyY29udHJvbHNcXENvcmVcXENvbnRhaW5lclxcT3JkZXJpbmdcXFNlcXVlbmNpbmdcXFR1YmVcXGNjU2VxVHViZU9yZGVyaW5nLmFzY3gmcXVvdDssJnF1b3Q7SXNTdGFuZEFsb25lSXRlbSZxdW90OzpmYWxzZSwmcXVvdDtOYW1lJnF1b3Q7OiZxdW90O1N0cmlwZVNlcXVlbmNpbmcmcXVvdDssJnF1b3Q7T3JkZXJpbmdQYWdlUGF0aCZxdW90OzomcXVvdDtpbnRMaW5rU0lUX1N0cmlwZVNlcXVlbmNpbmcmcXVvdDssJnF1b3Q7UmVxdWlyZVBoeXNpY2FsU2hpcG1lbnQmcXVvdDs6ZmFsc2UsJnF1b3Q7U2l0S2V5JnF1b3Q7OiZxdW90O1N0cmlwZVNlcXVlbmNpbmcmcXVvdDssJnF1b3Q7VmVyc2lvbiZxdW90OzoyLCZxdW90O1dhaXRGb3JDYW5jZWxsYXRpb25QZXJpb2QmcXVvdDs6MCwmcXVvdDtYc2RQYXRoJnF1b3Q7OiZxdW90O2h0dHBzOi8vc2VydmljZXMuZXVyb2ZpbnNnZW5vbWljcy5jb20vU2NoZW1hcy9FY29tL1BTRC9TZXF1ZW5jaW5nVjIuNy54c2QmcXVvdDssJnF1b3Q7TmVlZHNCaW9TYWZldHkmcXVvdDs6ZmFsc2UsJnF1b3Q7Q2FuR3Vlc3RDaGVja291dCZxdW90OzpmYWxzZSwmcXVvdDtEaXNhbGxvd1F1YW50aXR5Q2hhbmdlJnF1b3Q7OmZhbHNlLCZxdW90O0Rpc2FsbG93RWRpdEluQ2FydCZxdW90OzpmYWxzZSwmcXVvdDtSZXNvdXJjZVByZWZpeCZxdW90OzpudWxsLCZxdW90O1Byb2R1Y3Rpb25PcmRlckdyb3VwJnF1b3Q7Om51bGwsJnF1b3Q7U3BzYyZxdW90OzpudWxsLCZxdW90O0VDbGFzcyZxdW90OzpudWxsLCZxdW90O0lkJnF1b3Q7OjYxLCZxdW90O0lzSGFyZERlbGV0ZWQmcXVvdDs6ZmFsc2V9LHsmcXVvdDskaWQmcXVvdDs6JnF1b3Q7MTUxJnF1b3Q7LCZxdW90O0J1c2luZXNzVW5pdCZxdW90Ozp7JnF1b3Q7JGlkJnF1b3Q7OiZxdW90OzE1MiZxdW90OywmcXVvdDtCdUljb24mcXVvdDs6JnF1b3Q7L2ltYWdlcy91c2VyY29udHJvbHMvaWNvbnMvYnUvc2VxX3NtYWxsLmdpZiZxdW90OywmcXVvdDtCdUtleSZxdW90OzomcXVvdDtTRVEmcXVvdDssJnF1b3Q7QnVOYW1lJnF1b3Q7OiZxdW90O0N1c3RvbSBETkEgU2VxdWVuY2luZyZxdW90OywmcXVvdDtCdXNpbmVzc1VuaXRFbnVtJnF1b3Q7OjIsJnF1b3Q7RGlzdHJpYnV0b3JSZXNwb25zaWJpbGl0aWVzJnF1b3Q7Om51bGwsJnF1b3Q7SGFzTGltc1N5c3RlbSZxdW90OzpmYWxzZSwmcXVvdDtJbnN0YW5jZVN0YXR1c0VudW0mcXVvdDs6MCwmcXVvdDtTYWxlc0l0ZW1UeXBlcyZxdW90OzpudWxsLCZxdW90O1NpdGUmcXVvdDs6bnVsbCwmcXVvdDtWZXJzaW9uJnF1b3Q7OjEsJnF1b3Q7QnVQcm9kdWN0aW9uRGV0YWlsc1VybCZxdW90OzpudWxsLCZxdW90O0lkJnF1b3Q7OjIsJnF1b3Q7SXNIYXJkRGVsZXRlZCZxdW90OzpmYWxzZX0sJnF1b3Q7UHJvZHVjdENhdGVnb3J5RW51bSZxdW90OzoxLCZxdW90O09yZGVyV2l6YXJkVHlwZUVudW0mcXVvdDs6MTIsJnF1b3Q7SW5zdGFuY2VTdGF0dXNFbnVtJnF1b3Q7OjAsJnF1b3Q7Q2FuT3JkZXJXaGVuTm9QcmljZSZxdW90Ozp0cnVlLCZxdW90O0NhblF1b3RlV2hlbk5vUHJpY2UmcXVvdDs6ZmFsc2UsJnF1b3Q7Q2FuUXVvdGVXaXRoUHJpY2UmcXVvdDs6ZmFsc2UsJnF1b3Q7Q2FuU2hpcE9uRHJ5SWNlJnF1b3Q7OmZhbHNlLCZxdW90O0NvbnRyb2xQYXRoJnF1b3Q7OiZxdW90O35cXHVzZXJjb250cm9sc1xcQ29yZVxcQ29udGFpbmVyXFxPcmRlcmluZ1xcQ2F0YWxvZ3VlUHJvZHVjdHNcXENhdGFsb2d1ZVByb2R1Y3QuYXNjeCZxdW90OywmcXVvdDtJc1N0YW5kQWxvbmVJdGVtJnF1b3Q7OmZhbHNlLCZxdW90O05hbWUmcXVvdDs6JnF1b3Q7VHViZSBCYWcmcXVvdDssJnF1b3Q7T3JkZXJpbmdQYWdlUGF0aCZxdW90OzomcXVvdDtpbnRMaW5rU0lUX1R1YmVCYWcmcXVvdDssJnF1b3Q7UmVxdWlyZVBoeXNpY2FsU2hpcG1lbnQmcXVvdDs6dHJ1ZSwmcXVvdDtTaXRLZXkmcXVvdDs6JnF1b3Q7VHViZUJhZyZxdW90OywmcXVvdDtWZXJzaW9uJnF1b3Q7OjMsJnF1b3Q7V2FpdEZvckNhbmNlbGxhdGlvblBlcmlvZCZxdW90OzowLCZxdW90O1hzZFBhdGgmcXVvdDs6JnF1b3Q7aHR0cHM6Ly9zZXJ2aWNlcy5ldXJvZmluc2dlbm9taWNzLmNvbS9TY2hlbWFzL0Vjb20vUFNEL0NhdGFsb2d1ZVByb2R1Y3RzVjIuMi54c2QmcXVvdDssJnF1b3Q7TmVlZHNCaW9TYWZldHkmcXVvdDs6ZmFsc2UsJnF1b3Q7Q2FuR3Vlc3RDaGVja291dCZxdW90OzpmYWxzZSwmcXVvdDtEaXNhbGxvd1F1YW50aXR5Q2hhbmdlJnF1b3Q7OmZhbHNlLCZxdW90O0Rpc2FsbG93RWRpdEluQ2FydCZxdW90OzpmYWxzZSwmcXVvdDtSZXNvdXJjZVByZWZpeCZxdW90OzpudWxsLCZxdW90O1Byb2R1Y3Rpb25PcmRlckdyb3VwJnF1b3Q7OnsmcXVvdDskcmVmJnF1b3Q7OiZxdW90OzMmcXVvdDt9LCZxdW90O1Nwc2MmcXVvdDs6bnVsbCwmcXVvdDtFQ2xhc3MmcXVvdDs6bnVsbCwmcXVvdDtJZCZxdW90Ozo0MywmcXVvdDtJc0hhcmREZWxldGVkJnF1b3Q7OmZhbHNlfSx7JnF1b3Q7JGlkJnF1b3Q7OiZxdW90OzE1MyZxdW90OywmcXVvdDtCdXNpbmVzc1VuaXQmcXVvdDs6eyZxdW90OyRpZCZxdW90OzomcXVvdDsxNTQmcXVvdDssJnF1b3Q7QnVJY29uJnF1b3Q7OiZxdW90Oy9pbWFnZXMvdXNlcmNvbnRyb2xzL2ljb25zL2J1L3NlcV9zbWFsbC5naWYmcXVvdDssJnF1b3Q7QnVLZXkmcXVvdDs6JnF1b3Q7U0VRJnF1b3Q7LCZxdW90O0J1TmFtZSZxdW90OzomcXVvdDtDdXN0b20gRE5BIFNlcXVlbmNpbmcmcXVvdDssJnF1b3Q7QnVzaW5lc3NVbml0RW51bSZxdW90OzoyLCZxdW90O0Rpc3RyaWJ1dG9yUmVzcG9uc2liaWxpdGllcyZxdW90OzpudWxsLCZxdW90O0hhc0xpbXNTeXN0ZW0mcXVvdDs6ZmFsc2UsJnF1b3Q7SW5zdGFuY2VTdGF0dXNFbnVtJnF1b3Q7OjAsJnF1b3Q7U2FsZXNJdGVtVHlwZXMmcXVvdDs6bnVsbCwmcXVvdDtTaXRlJnF1b3Q7Om51bGwsJnF1b3Q7VmVyc2lvbiZxdW90OzoxLCZxdW90O0J1UHJvZHVjdGlvbkRldGFpbHNVcmwmcXVvdDs6bnVsbCwmcXVvdDtJZCZxdW90OzoyLCZxdW90O0lzSGFyZERlbGV0ZWQmcXVvdDs6ZmFsc2V9LCZxdW90O1Byb2R1Y3RDYXRlZ29yeUVudW0mcXVvdDs6MSwmcXVvdDtPcmRlcldpemFyZFR5cGVFbnVtJnF1b3Q7OjEyLCZxdW90O0luc3RhbmNlU3RhdHVzRW51bSZxdW90OzowLCZxdW90O0Nhbk9yZGVyV2hlbk5vUHJpY2UmcXVvdDs6dHJ1ZSwmcXVvdDtDYW5RdW90ZVdoZW5Ob1ByaWNlJnF1b3Q7OnRydWUsJnF1b3Q7Q2FuUXVvdGVXaXRoUHJpY2UmcXVvdDs6dHJ1ZSwmcXVvdDtDYW5TaGlwT25EcnlJY2UmcXVvdDs6ZmFsc2UsJnF1b3Q7Q29udHJvbFBhdGgmcXVvdDs6JnF1b3Q7flxcdXNlcmNvbnRyb2xzXFxDb3JlXFxDb250YWluZXJcXE9yZGVyaW5nXFxDYXRhbG9ndWVQcm9kdWN0c1xcQ2F0YWxvZ3VlUHJvZHVjdC5hc2N4JnF1b3Q7LCZxdW90O0lzU3RhbmRBbG9uZUl0ZW0mcXVvdDs6ZmFsc2UsJnF1b3Q7TmFtZSZxdW90OzomcXVvdDtUdWJlTGFiZWxzJnF1b3Q7LCZxdW90O09yZGVyaW5nUGFnZVBhdGgmcXVvdDs6JnF1b3Q7aW50TGlua1NJVF9UdWJlTGFiZWxzJnF1b3Q7LCZxdW90O1JlcXVpcmVQaHlzaWNhbFNoaXBtZW50JnF1b3Q7OnRydWUsJnF1b3Q7U2l0S2V5JnF1b3Q7OiZxdW90O1R1YmVMYWJlbHMmcXVvdDssJnF1b3Q7VmVyc2lvbiZxdW90OzoyLCZxdW90O1dhaXRGb3JDYW5jZWxsYXRpb25QZXJpb2QmcXVvdDs6MzAsJnF1b3Q7WHNkUGF0aCZxdW90OzomcXVvdDtodHRwczovL3NlcnZpY2VzLmV1cm9maW5zZ2Vub21pY3MuY29tL1NjaGVtYXMvRWNvbS9QU0QvQ2F0YWxvZ3VlUHJvZHVjdHNWMi4yLnhzZCZxdW90OywmcXVvdDtOZWVkc0Jpb1NhZmV0eSZxdW90Ozp0cnVlLCZxdW90O0Nhbkd1ZXN0Q2hlY2tvdXQmcXVvdDs6ZmFsc2UsJnF1b3Q7RGlzYWxsb3dRdWFudGl0eUNoYW5nZSZxdW90OzpmYWxzZSwmcXVvdDtEaXNhbGxvd0VkaXRJbkNhcnQmcXVvdDs6ZmFsc2UsJnF1b3Q7UmVzb3VyY2VQcmVmaXgmcXVvdDs6JnF1b3Q7JnF1b3Q7LCZxdW90O1Byb2R1Y3Rpb25PcmRlckdyb3VwJnF1b3Q7OnsmcXVvdDskcmVmJnF1b3Q7OiZxdW90OzMmcXVvdDt9LCZxdW90O1Nwc2MmcXVvdDs6bnVsbCwmcXVvdDtFQ2xhc3MmcXVvdDs6bnVsbCwmcXVvdDtJZCZxdW90Ozo4NywmcXVvdDtJc0hhcmREZWxldGVkJnF1b3Q7OmZhbHNlfSx7JnF1b3Q7JGlkJnF1b3Q7OiZxdW90OzE1NSZxdW90OywmcXVvdDtCdXNpbmVzc1VuaXQmcXVvdDs6eyZxdW90OyRpZCZxdW90OzomcXVvdDsxNTYmcXVvdDssJnF1b3Q7QnVJY29uJnF1b3Q7OiZxdW90Oy9pbWFnZXMvdXNlcmNvbnRyb2xzL2ljb25zL2J1L3NlcV9zbWFsbC5naWYmcXVvdDssJnF1b3Q7QnVLZXkmcXVvdDs6JnF1b3Q7U0VRJnF1b3Q7LCZxdW90O0J1TmFtZSZxdW90OzomcXVvdDtDdXN0b20gRE5BIFNlcXVlbmNpbmcmcXVvdDssJnF1b3Q7QnVzaW5lc3NVbml0RW51bSZxdW90OzoyLCZxdW90O0Rpc3RyaWJ1dG9yUmVzcG9uc2liaWxpdGllcyZxdW90OzpudWxsLCZxdW90O0hhc0xpbXNTeXN0ZW0mcXVvdDs6ZmFsc2UsJnF1b3Q7SW5zdGFuY2VTdGF0dXNFbnVtJnF1b3Q7OjAsJnF1b3Q7U2FsZXNJdGVtVHlwZXMmcXVvdDs6bnVsbCwmcXVvdDtTaXRlJnF1b3Q7Om51bGwsJnF1b3Q7VmVyc2lvbiZxdW90OzoxLCZxdW90O0J1UHJvZHVjdGlvbkRldGFpbHNVcmwmcXVvdDs6bnVsbCwmcXVvdDtJZCZxdW90OzoyLCZxdW90O0lzSGFyZERlbGV0ZWQmcXVvdDs6ZmFsc2V9LCZxdW90O1Byb2R1Y3RDYXRlZ29yeUVudW0mcXVvdDs6MSwmcXVvdDtPcmRlcldpemFyZFR5cGVFbnVtJnF1b3Q7OjEyLCZxdW90O0luc3RhbmNlU3RhdHVzRW51bSZxdW90OzowLCZxdW90O0Nhbk9yZGVyV2hlbk5vUHJpY2UmcXVvdDs6dHJ1ZSwmcXVvdDtDYW5RdW90ZVdoZW5Ob1ByaWNlJnF1b3Q7OnRydWUsJnF1b3Q7Q2FuUXVvdGVXaXRoUHJpY2UmcXVvdDs6dHJ1ZSwmcXVvdDtDYW5TaGlwT25EcnlJY2UmcXVvdDs6ZmFsc2UsJnF1b3Q7Q29udHJvbFBhdGgmcXVvdDs6JnF1b3Q7flxcdXNlcmNvbnRyb2xzXFxDb3JlXFxDb250YWluZXJcXE9yZGVyaW5nXFxDYXRhbG9ndWVQcm9kdWN0c1xcQ2F0YWxvZ3VlUHJvZHVjdC5hc2N4JnF1b3Q7LCZxdW90O0lzU3RhbmRBbG9uZUl0ZW0mcXVvdDs6ZmFsc2UsJnF1b3Q7TmFtZSZxdW90OzomcXVvdDtUdWJlU2VxTGFiZWxzJnF1b3Q7LCZxdW90O09yZGVyaW5nUGFnZVBhdGgmcXVvdDs6JnF1b3Q7aW50TGlua1NJVF9UdWJlU2VxTGFiZWxzJnF1b3Q7LCZxdW90O1JlcXVpcmVQaHlzaWNhbFNoaXBtZW50JnF1b3Q7OnRydWUsJnF1b3Q7U2l0S2V5JnF1b3Q7OiZxdW90O1R1YmVTZXFMYWJlbHMmcXVvdDssJnF1b3Q7VmVyc2lvbiZxdW90OzoyLCZxdW90O1dhaXRGb3JDYW5jZWxsYXRpb25QZXJpb2QmcXVvdDs6MzAsJnF1b3Q7WHNkUGF0aCZxdW90OzomcXVvdDtodHRwczovL3NlcnZpY2VzLmV1cm9maW5zZ2Vub21pY3MuY29tL1NjaGVtYXMvRWNvbS9QU0QvQ2F0YWxvZ3VlUHJvZHVjdHNWMi4yLnhzZCZxdW90OywmcXVvdDtOZWVkc0Jpb1NhZmV0eSZxdW90Ozp0cnVlLCZxdW90O0Nhbkd1ZXN0Q2hlY2tvdXQmcXVvdDs6ZmFsc2UsJnF1b3Q7RGlzYWxsb3dRdWFudGl0eUNoYW5nZSZxdW90OzpmYWxzZSwmcXVvdDtEaXNhbGxvd0VkaXRJbkNhcnQmcXVvdDs6ZmFsc2UsJnF1b3Q7UmVzb3VyY2VQcmVmaXgmcXVvdDs6JnF1b3Q7JnF1b3Q7LCZxdW90O1Byb2R1Y3Rpb25PcmRlckdyb3VwJnF1b3Q7OnsmcXVvdDskcmVmJnF1b3Q7OiZxdW90OzMmcXVvdDt9LCZxdW90O1Nwc2MmcXVvdDs6bnVsbCwmcXVvdDtFQ2xhc3MmcXVvdDs6bnVsbCwmcXVvdDtJZCZxdW90Ozo4OCwmcXVvdDtJc0hhcmREZWxldGVkJnF1b3Q7OmZhbHNlfSx7JnF1b3Q7JGlkJnF1b3Q7OiZxdW90OzE1NyZxdW90OywmcXVvdDtCdXNpbmVzc1VuaXQmcXVvdDs6eyZxdW90OyRpZCZxdW90OzomcXVvdDsxNTgmcXVvdDssJnF1b3Q7QnVJY29uJnF1b3Q7OiZxdW90Oy9pbWFnZXMvdXNlcmNvbnRyb2xzL2ljb25zL2J1L3NlcV9zbWFsbC5naWYmcXVvdDssJnF1b3Q7QnVLZXkmcXVvdDs6JnF1b3Q7U0VRJnF1b3Q7LCZxdW90O0J1TmFtZSZxdW90OzomcXVvdDtDdXN0b20gRE5BIFNlcXVlbmNpbmcmcXVvdDssJnF1b3Q7QnVzaW5lc3NVbml0RW51bSZxdW90OzoyLCZxdW90O0Rpc3RyaWJ1dG9yUmVzcG9uc2liaWxpdGllcyZxdW90OzpudWxsLCZxdW90O0hhc0xpbXNTeXN0ZW0mcXVvdDs6ZmFsc2UsJnF1b3Q7SW5zdGFuY2VTdGF0dXNFbnVtJnF1b3Q7OjAsJnF1b3Q7U2FsZXNJdGVtVHlwZXMmcXVvdDs6bnVsbCwmcXVvdDtTaXRlJnF1b3Q7Om51bGwsJnF1b3Q7VmVyc2lvbiZxdW90OzoxLCZxdW90O0J1UHJvZHVjdGlvbkRldGFpbHNVcmwmcXVvdDs6bnVsbCwmcXVvdDtJZCZxdW90OzoyLCZxdW90O0lzSGFyZERlbGV0ZWQmcXVvdDs6ZmFsc2V9LCZxdW90O1Byb2R1Y3RDYXRlZ29yeUVudW0mcXVvdDs6MiwmcXVvdDtPcmRlcldpemFyZFR5cGVFbnVtJnF1b3Q7OjksJnF1b3Q7SW5zdGFuY2VTdGF0dXNFbnVtJnF1b3Q7OjAsJnF1b3Q7Q2FuT3JkZXJXaGVuTm9QcmljZSZxdW90Ozp0cnVlLCZxdW90O0NhblF1b3RlV2hlbk5vUHJpY2UmcXVvdDs6dHJ1ZSwmcXVvdDtDYW5RdW90ZVdpdGhQcmljZSZxdW90Ozp0cnVlLCZxdW90O0NhblNoaXBPbkRyeUljZSZxdW90OzpmYWxzZSwmcXVvdDtDb250cm9sUGF0aCZxdW90OzomcXVvdDt+XFx1c2VyY29udHJvbHNcXENvcmVcXENvbnRhaW5lclxcT3JkZXJpbmdcXFNlcXVlbmNpbmdcXFR1YmVcXGNjU2VxVHViZU9yZGVyaW5nLmFzY3gmcXVvdDssJnF1b3Q7SXNTdGFuZEFsb25lSXRlbSZxdW90OzpmYWxzZSwmcXVvdDtOYW1lJnF1b3Q7OiZxdW90O1ZhbHVlIFJlYWQmcXVvdDssJnF1b3Q7T3JkZXJpbmdQYWdlUGF0aCZxdW90OzomcXVvdDtpbnRMaW5rU0lUX1ZhbHVlUmVhZCZxdW90OywmcXVvdDtSZXF1aXJlUGh5c2ljYWxTaGlwbWVudCZxdW90OzpmYWxzZSwmcXVvdDtTaXRLZXkmcXVvdDs6JnF1b3Q7VmFsdWVSZWFkJnF1b3Q7LCZxdW90O1ZlcnNpb24mcXVvdDs6MTUsJnF1b3Q7V2FpdEZvckNhbmNlbGxhdGlvblBlcmlvZCZxdW90OzowLCZxdW90O1hzZFBhdGgmcXVvdDs6JnF1b3Q7aHR0cHM6Ly9zZXJ2aWNlcy5ldXJvZmluc2dlbm9taWNzLmNvbS9TY2hlbWFzL0Vjb20vUFNEL1NlcXVlbmNpbmdWMi43LnhzZCZxdW90OywmcXVvdDtOZWVkc0Jpb1NhZmV0eSZxdW90Ozp0cnVlLCZxdW90O0Nhbkd1ZXN0Q2hlY2tvdXQmcXVvdDs6ZmFsc2UsJnF1b3Q7RGlzYWxsb3dRdWFudGl0eUNoYW5nZSZxdW90OzpmYWxzZSwmcXVvdDtEaXNhbGxvd0VkaXRJbkNhcnQmcXVvdDs6ZmFsc2UsJnF1b3Q7UmVzb3VyY2VQcmVmaXgmcXVvdDs6JnF1b3Q7JnF1b3Q7LCZxdW90O1Byb2R1Y3Rpb25PcmRlckdyb3VwJnF1b3Q7OnsmcXVvdDskcmVmJnF1b3Q7OiZxdW90OzMmcXVvdDt9LCZxdW90O1Nwc2MmcXVvdDs6JnF1b3Q7JnF1b3Q7LCZxdW90O0VDbGFzcyZxdW90OzomcXVvdDsmcXVvdDssJnF1b3Q7SWQmcXVvdDs6MTYsJnF1b3Q7SXNIYXJkRGVsZXRlZCZxdW90OzpmYWxzZX1dIiBDb3JyZWxhdGlvbkJpbmRpbmc9IiIgVXJsRW5jb2RlPSJUcnVlIiAvPg0KICAgICAgICA8Rm9ybVBvc3RQYXJhbWV0ZXIgTmFtZT0iY3RsMDAkY3RsMDAkY3RsMDAkQ29udGVudFBsYWNlSG9sZGVyRGVmYXVsdCRNYXN0ZXJQbGFjZWhvbGRlciRNeU9yZGVyc1NlYXJjaF82JHVjTXlPcmRlckFkdmFuY2VkU2VhcmNoJGRkbEFkdmFuY2VkU2VhcmNoVHlwZXMiIFZhbHVlPSItMSIgUmVjb3JkZWRWYWx1ZT0iLTEiIENvcnJlbGF0aW9uQmluZGluZz0ie3tGb3JtUG9zdFBhcmFtMjYuY3RsMDAkY3RsMDAkY3RsMDAkQ29udGVudFBsYWNlSG9sZGVyRGVmYXVsdCRNYXN0ZXJQbGFjZWhvbGRlciRNeU9yZGVyc1NlYXJjaF82JHVjTXlPcmRlckFkdmFuY2VkU2VhcmNoJGRkbEFkdmFuY2VkU2VhcmNoVHlwZXN9fSIgVXJsRW5jb2RlPSJUcnVlIiAvPg0KICAgICAgICA8Rm9ybVBvc3RQYXJhbWV0ZXIgTmFtZT0iY3RsMDAkY3RsMDAkY3RsMDAkQ29udGVudFBsYWNlSG9sZGVyRGVmYXVsdCRNYXN0ZXJQbGFjZWhvbGRlciRNeU9yZGVyc1NlYXJjaF82JHVjTXlPcmRlckFkdmFuY2VkU2VhcmNoJHR4dEFkdmFuY2VkU2VhcmNoRGF0ZUZyb20iIFZhbHVlPSIwMS8xMy8yMDE3IiBSZWNvcmRlZFZhbHVlPSIwMS8xMy8yMDE3IiBDb3JyZWxhdGlvbkJpbmRpbmc9Int7Rm9ybVBvc3RQYXJhbTIyLmN0bDAwJGN0bDAwJGN0bDAwJENvbnRlbnRQbGFjZUhvbGRlckRlZmF1bHQkTWFzdGVyUGxhY2Vob2xkZXIkTXlPcmRlcnNTZWFyY2hfNiR1Y015T3JkZXJBZHZhbmNlZFNlYXJjaCR0eHRBZHZhbmNlZFNlYXJjaERhdGVGcm9tfX0iIFVybEVuY29kZT0iVHJ1ZSIgLz4NCiAgICAgICAgPEZvcm1Qb3N0UGFyYW1ldGVyIE5hbWU9ImN0bDAwJGN0bDAwJGN0bDAwJENvbnRlbnRQbGFjZUhvbGRlckRlZmF1bHQkTWFzdGVyUGxhY2Vob2xkZXIkTXlPcmRlcnNTZWFyY2hfNiR1Y015T3JkZXJBZHZhbmNlZFNlYXJjaCR0eHRBZHZhbmNlZFNlYXJjaERhdGVUbyIgVmFsdWU9IjA3LzE0LzIwMTciIFJlY29yZGVkVmFsdWU9IjA3LzE0LzIwMTciIENvcnJlbGF0aW9uQmluZGluZz0ie3tGb3JtUG9zdFBhcmFtMjMuY3RsMDAkY3RsMDAkY3RsMDAkQ29udGVudFBsYWNlSG9sZGVyRGVmYXVsdCRNYXN0ZXJQbGFjZWhvbGRlciRNeU9yZGVyc1NlYXJjaF82JHVjTXlPcmRlckFkdmFuY2VkU2VhcmNoJHR4dEFkdmFuY2VkU2VhcmNoRGF0ZVRvfX0iIFVybEVuY29kZT0iVHJ1ZSIgLz4NCiAgICAgICAgPEZvcm1Qb3N0UGFyYW1ldGVyIE5hbWU9ImN0bDAwJGN0bDAwJGN0bDAwJENvbnRlbnRQbGFjZUhvbGRlckRlZmF1bHQkTWFzdGVyUGxhY2Vob2xkZXIkTXlPcmRlcnNTZWFyY2hfNiR1Y015T3JkZXJBZHZhbmNlZFNlYXJjaCRoZG5TZWxlY3RlZFNhbGVzSXRlbVR5cGUiIFZhbHVlPSJ7eyRISURERU4xLmN0bDAwJGN0bDAwJGN0bDAwJENvbnRlbnRQbGFjZUhvbGRlckRlZmF1bHQkTWFzdGVyUGxhY2Vob2xkZXIkTXlPcmRlcnNTZWFyY2hfNiR1Y015T3JkZXJBZHZhbmNlZFNlYXJjaCRoZG5TZWxlY3RlZFNhbGVzSXRlbVR5cGV9fSIgUmVjb3JkZWRWYWx1ZT0iIiBDb3JyZWxhdGlvbkJpbmRpbmc9IiIgVXJsRW5jb2RlPSJUcnVlIiAvPg0KICAgICAgICA8Rm9ybVBvc3RQYXJhbWV0ZXIgTmFtZT0iY3RsMDAkY3RsMDAkY3RsMDAkQ29udGVudFBsYWNlSG9sZGVyRGVmYXVsdCRNYXN0ZXJQbGFjZWhvbGRlciRNeU9yZGVyc1NlYXJjaF82JHVjTXlPcmRlckFkdmFuY2VkU2VhcmNoJGRkbEFkdmFuY2VkU2VhcmNoU2FsZXNJdGVtVHlwZXMiIFZhbHVlPSItMSIgUmVjb3JkZWRWYWx1ZT0iLTEiIENvcnJlbGF0aW9uQmluZGluZz0ie3tGb3JtUG9zdFBhcmFtMjcuY3RsMDAkY3RsMDAkY3RsMDAkQ29udGVudFBsYWNlSG9sZGVyRGVmYXVsdCRNYXN0ZXJQbGFjZWhvbGRlciRNeU9yZGVyc1NlYXJjaF82JHVjTXlPcmRlckFkdmFuY2VkU2VhcmNoJGRkbEFkdmFuY2VkU2VhcmNoU2FsZXNJdGVtVHlwZXN9fSIgVXJsRW5jb2RlPSJUcnVlIiAvPg0KICAgICAgICA8Rm9ybVBvc3RQYXJhbWV0ZXIgTmFtZT0iY3RsMDAkY3RsMDAkY3RsMDAkQ29udGVudFBsYWNlSG9sZGVyRGVmYXVsdCRNYXN0ZXJQbGFjZWhvbGRlciRNeU9yZGVyc1NlYXJjaF82JHVjTXlPcmRlckFkdmFuY2VkU2VhcmNoJHR4dEFkdmFuY2VkU2VhcmNoWW91ck9yZGVySWQiIFZhbHVlPSIiIFJlY29yZGVkVmFsdWU9IiIgQ29ycmVsYXRpb25CaW5kaW5nPSIiIFVybEVuY29kZT0iVHJ1ZSIgLz4NCiAgICAgICAgPEZvcm1Qb3N0UGFyYW1ldGVyIE5hbWU9ImN0bDAwJGN0bDAwJGN0bDAwJENvbnRlbnRQbGFjZUhvbGRlckRlZmF1bHQkTWFzdGVyUGxhY2Vob2xkZXIkTXlPcmRlcnNTZWFyY2hfNiR1Y015T3JkZXJBZHZhbmNlZFNlYXJjaCRkZGxBZHZhbmNlZFNlYXJjaE9yZGVyU3RhdHVzIiBWYWx1ZT0iLTEiIFJlY29yZGVkVmFsdWU9Ii0xIiBDb3JyZWxhdGlvbkJpbmRpbmc9Int7Rm9ybVBvc3RQYXJhbTI4LmN0bDAwJGN0bDAwJGN0bDAwJENvbnRlbnRQbGFjZUhvbGRlckRlZmF1bHQkTWFzdGVyUGxhY2Vob2xkZXIkTXlPcmRlcnNTZWFyY2hfNiR1Y015T3JkZXJBZHZhbmNlZFNlYXJjaCRkZGxBZHZhbmNlZFNlYXJjaE9yZGVyU3RhdHVzfX0iIFVybEVuY29kZT0iVHJ1ZSIgLz4NCiAgICAgICAgPEZvcm1Qb3N0UGFyYW1ldGVyIE5hbWU9ImN0bDAwJGN0bDAwJGN0bDAwJENvbnRlbnRQbGFjZUhvbGRlckRlZmF1bHQkTWFzdGVyUGxhY2Vob2xkZXIkTXlPcmRlcnNTZWFyY2hfNiR1Y015T3JkZXJBZHZhbmNlZFNlYXJjaCR0eHRBZHZhbmNlZFNlYXJjaFB1cmNoYXNlT3JkZXIiIFZhbHVlPSIiIFJlY29yZGVkVmFsdWU9IiIgQ29ycmVsYXRpb25CaW5kaW5nPSIiIFVybEVuY29kZT0iVHJ1ZSIgLz4NCiAgICAgICAgPEZvcm1Qb3N0UGFyYW1ldGVyIE5hbWU9ImN0bDAwJGN0bDAwJGN0bDAwJENvbnRlbnRQbGFjZUhvbGRlckRlZmF1bHQkTWFzdGVyUGxhY2Vob2xkZXIkTXlPcmRlcnNTZWFyY2hfNiR1Y015T3JkZXJBZHZhbmNlZFNlYXJjaCR0eHRBZHZhbmNlZFNlYXJjaFByb2R1Y3ROYW1lIiBWYWx1ZT0iIiBSZWNvcmRlZFZhbHVlPSIiIENvcnJlbGF0aW9uQmluZGluZz0iIiBVcmxFbmNvZGU9IlRydWUiIC8+DQogICAgICAgIDxGb3JtUG9zdFBhcmFtZXRlciBOYW1lPSJjdGwwMCRjdGwwMCRjdGwwMCRDb250ZW50UGxhY2VIb2xkZXJEZWZhdWx0JE1hc3RlclBsYWNlaG9sZGVyJE15T3JkZXJzU2VhcmNoXzYkdWNNeU9yZGVyQWR2YW5jZWRTZWFyY2gkZGRsQWR2YW5jZWRTZWFyY2hHcm91cCIgVmFsdWU9Ii0xIiBSZWNvcmRlZFZhbHVlPSItMSIgQ29ycmVsYXRpb25CaW5kaW5nPSJ7e0Zvcm1Qb3N0UGFyYW0yOS5jdGwwMCRjdGwwMCRjdGwwMCRDb250ZW50UGxhY2VIb2xkZXJEZWZhdWx0JE1hc3RlclBsYWNlaG9sZGVyJE15T3JkZXJzU2VhcmNoXzYkdWNNeU9yZGVyQWR2YW5jZWRTZWFyY2gkZGRsQWR2YW5jZWRTZWFyY2hHcm91cH19IiBVcmxFbmNvZGU9IlRydWUiIC8+DQogICAgICAgIDxGb3JtUG9zdFBhcmFtZXRlciBOYW1lPSJjdGwwMCRjdGwwMCRjdGwwMCRDb250ZW50UGxhY2VIb2xkZXJEZWZhdWx0JE1hc3RlclBsYWNlaG9sZGVyJE15T3JkZXJzU2VhcmNoXzYkdWNNeU9yZGVyQWR2YW5jZWRTZWFyY2gkdHh0QWR2YW5jZWRTZWFyY2hPcmRlcklkIiBWYWx1ZT0iIiBSZWNvcmRlZFZhbHVlPSIiIENvcnJlbGF0aW9uQmluZGluZz0iIiBVcmxFbmNvZGU9IlRydWUiIC8+DQogICAgICAgIDxGb3JtUG9zdFBhcmFtZXRlciBOYW1lPSJjdGwwMCRjdGwwMCRjdGwwMCRDb250ZW50UGxhY2VIb2xkZXJEZWZhdWx0JE1hc3RlclBsYWNlaG9sZGVyJE15T3JkZXJzU2VhcmNoXzYkdWNNeU9yZGVyQWR2YW5jZWRTZWFyY2gkZGRsQWR2YW5jZWRTZWFyY2hFbnRyaWVzIiBWYWx1ZT0iMTAwIiBSZWNvcmRlZFZhbHVlPSIxMDAiIENvcnJlbGF0aW9uQmluZGluZz0ie3tGb3JtUG9zdFBhcmFtMzAuY3RsMDAkY3RsMDAkY3RsMDAkQ29udGVudFBsYWNlSG9sZGVyRGVmYXVsdCRNYXN0ZXJQbGFjZWhvbGRlciRNeU9yZGVyc1NlYXJjaF82JHVjTXlPcmRlckFkdmFuY2VkU2VhcmNoJGRkbEFkdmFuY2VkU2VhcmNoRW50cmllc319IiBVcmxFbmNvZGU9IlRydWUiIC8+DQogICAgICAgIDxGb3JtUG9zdFBhcmFtZXRlciBOYW1lPSJjdGwwMCRjdGwwMCRjdGwwMCRDb250ZW50UGxhY2VIb2xkZXJEZWZhdWx0JE1hc3RlclBsYWNlaG9sZGVyJE15T3JkZXJzU2VhcmNoXzYkdWNNeU9yZGVyQWR2YW5jZWRTZWFyY2gkdHh0QWR2YW5jZWRTZWFyY2hMZWdhY3lPcmRlclJlZiIgVmFsdWU9IiIgUmVjb3JkZWRWYWx1ZT0iIiBDb3JyZWxhdGlvbkJpbmRpbmc9IiIgVXJsRW5jb2RlPSJUcnVlIiAvPg0KICAgICAgICA8Rm9ybVBvc3RQYXJhbWV0ZXIgTmFtZT0iY3RsMDAkY3RsMDAkY3RsMDAkQ29udGVudFBsYWNlSG9sZGVyRGVmYXVsdCRNYXN0ZXJQbGFjZWhvbGRlciRNeU9yZGVyc1NlYXJjaF82JHVjTXlPcmRlckFkdmFuY2VkU2VhcmNoJHR4dEFkdmFuY2VkU2VhcmNoTGFiSXRlbUNvZGUiIFZhbHVlPSIiIFJlY29yZGVkVmFsdWU9IiIgQ29ycmVsYXRpb25CaW5kaW5nPSIiIFVybEVuY29kZT0iVHJ1ZSIgLz4NCiAgICAgICAgPEZvcm1Qb3N0UGFyYW1ldGVyIE5hbWU9ImN0bDAwJGN0bDAwJGN0bDAwJENvbnRlbnRQbGFjZUhvbGRlckRlZmF1bHQkTWFzdGVyUGxhY2Vob2xkZXIkTXlPcmRlcnNTZWFyY2hfNiR1Y015T3JkZXJBZHZhbmNlZFNlYXJjaCR2c0FkdmFuY2VkU2VhcmNoJGhkblZhbGlkYXRpb25SZXN1bHQiIFZhbHVlPSJ7eyRISURERU4xLmN0bDAwJGN0bDAwJGN0bDAwJENvbnRlbnRQbGFjZUhvbGRlckRlZmF1bHQkTWFzdGVyUGxhY2Vob2xkZXIkTXlPcmRlcnNTZWFyY2hfNiR1Y015T3JkZXJBZHZhbmNlZFNlYXJjaCR2c0FkdmFuY2VkU2VhcmNoJGhkblZhbGlkYXRpb25SZXN1bHR9fSIgUmVjb3JkZWRWYWx1ZT0iIiBDb3JyZWxhdGlvbkJpbmRpbmc9IiIgVXJsRW5jb2RlPSJUcnVlIiAvPg0KICAgICAgICA8Rm9ybVBvc3RQYXJhbWV0ZXIgTmFtZT0iY3RsMDAkY3RsMDAkY3RsMDAkQ29udGVudFBsYWNlSG9sZGVyRGVmYXVsdCRNYXN0ZXJQbGFjZWhvbGRlciRNeU9yZGVyc1NlYXJjaF82JHVjTXlPcmRlckFkdmFuY2VkU2VhcmNoJHR4dEFkdmFuY2VkU2VhcmNoU2F2ZUFzIiBWYWx1ZT0iIiBSZWNvcmRlZFZhbHVlPSIiIENvcnJlbGF0aW9uQmluZGluZz0iIiBVcmxFbmNvZGU9IlRydWUiIC8+DQogICAgICAgIDxGb3JtUG9zdFBhcmFtZXRlciBOYW1lPSJjdGwwMCRjdGwwMCRjdGwwMCRDb250ZW50UGxhY2VIb2xkZXJEZWZhdWx0JE1hc3RlclBsYWNlaG9sZGVyJE15T3JkZXJzU2VhcmNoXzYkdWNNeU9yZGVyQWR2YW5jZWRTZWFyY2gkaGRuU2NyZWVuQXJlYSIgVmFsdWU9Int7JEhJRERFTjEuY3RsMDAkY3RsMDAkY3RsMDAkQ29udGVudFBsYWNlSG9sZGVyRGVmYXVsdCRNYXN0ZXJQbGFjZWhvbGRlciRNeU9yZGVyc1NlYXJjaF82JHVjTXlPcmRlckFkdmFuY2VkU2VhcmNoJGhkblNjcmVlbkFyZWF9fSIgUmVjb3JkZWRWYWx1ZT0iIiBDb3JyZWxhdGlvbkJpbmRpbmc9IiIgVXJsRW5jb2RlPSJUcnVlIiAvPg0KICAgICAgICA8Rm9ybVBvc3RQYXJhbWV0ZXIgTmFtZT0iY3RsMDAkY3RsMDAkY3RsMDAkQ29udGVudFBsYWNlSG9sZGVyRGVmYXVsdCRNYXN0ZXJQbGFjZWhvbGRlciRNeU9yZGVyc1NlYXJjaF82JHVjTXlPcmRlclNlYXJjaFF1ZXJpZXMkaGRuU2NyZWVuQXJlYSIgVmFsdWU9Int7JEhJRERFTjEuY3RsMDAkY3RsMDAkY3RsMDAkQ29udGVudFBsYWNlSG9sZGVyRGVmYXVsdCRNYXN0ZXJQbGFjZWhvbGRlciRNeU9yZGVyc1NlYXJjaF82JHVjTXlPcmRlclNlYXJjaFF1ZXJpZXMkaGRuU2NyZWVuQXJlYX19IiBSZWNvcmRlZFZhbHVlPSIiIENvcnJlbGF0aW9uQmluZGluZz0iIiBVcmxFbmNvZGU9IlRydWUiIC8+DQogICAgICAgIDxGb3JtUG9zdFBhcmFtZXRlciBOYW1lPSJjdGwwMCRjdGwwMCRjdGwwMCRDb250ZW50UGxhY2VIb2xkZXJEZWZhdWx0JE1hc3RlclBsYWNlaG9sZGVyJE15T3JkZXJzU2VhcmNoXzYkaGRuU2NyZWVuQXJlYSIgVmFsdWU9Int7JEhJRERFTjEuY3RsMDAkY3RsMDAkY3RsMDAkQ29udGVudFBsYWNlSG9sZGVyRGVmYXVsdCRNYXN0ZXJQbGFjZWhvbGRlciRNeU9yZGVyc1NlYXJjaF82JGhkblNjcmVlbkFyZWF9fSIgUmVjb3JkZWRWYWx1ZT0iIiBDb3JyZWxhdGlvbkJpbmRpbmc9IiIgVXJsRW5jb2RlPSJUcnVlIiAvPg0KICAgICAgICA8Rm9ybVBvc3RQYXJhbWV0ZXIgTmFtZT0iY3RsMDAkY3RsMDAkY3RsMDAkQ29udGVudFBsYWNlSG9sZGVyRGVmYXVsdCRNYXN0ZXJQbGFjZWhvbGRlciRNeU9yZGVyc1RhYmxlXzckaGRuU2NyZWVuQXJlYSIgVmFsdWU9Int7JEhJRERFTjEuY3RsMDAkY3RsMDAkY3RsMDAkQ29udGVudFBsYWNlSG9sZGVyRGVmYXVsdCRNYXN0ZXJQbGFjZWhvbGRlciRNeU9yZGVyc1RhYmxlXzckaGRuU2NyZWVuQXJlYX19IiBSZWNvcmRlZFZhbHVlPSIiIENvcnJlbGF0aW9uQmluZGluZz0iIiBVcmxFbmNvZGU9IlRydWUiIC8+DQogICAgICAgIDxGb3JtUG9zdFBhcmFtZXRlciBOYW1lPSJjdGwwMCRjdGwwMCRjdGwwMCRDb250ZW50UGxhY2VIb2xkZXJEZWZhdWx0JGhkbkNhbkluaXRpYWxpemVDdWx0dXJlIiBWYWx1ZT0ie3skSElEREVOMS5jdGwwMCRjdGwwMCRjdGwwMCRDb250ZW50UGxhY2VIb2xkZXJEZWZhdWx0JGhkbkNhbkluaXRpYWxpemVDdWx0dXJlfX0iIFJlY29yZGVkVmFsdWU9ImZhbHNlIiBDb3JyZWxhdGlvbkJpbmRpbmc9IiIgVXJsRW5jb2RlPSJUcnVlIiAvPg0KICAgICAgICA8Rm9ybVBvc3RQYXJhbWV0ZXIgTmFtZT0iY3RsMDAkY3RsMDAkY3RsMDAkQ29udGVudFBsYWNlSG9sZGVyRGVmYXVsdCRoZG5FY29tRHJhZ0Ryb3BKc29uIiBWYWx1ZT0ie3skSElEREVOMS5jdGwwMCRjdGwwMCRjdGwwMCRDb250ZW50UGxhY2VIb2xkZXJEZWZhdWx0JGhkbkVjb21EcmFnRHJvcEpzb259fSIgUmVjb3JkZWRWYWx1ZT0iIiBDb3JyZWxhdGlvbkJpbmRpbmc9IiIgVXJsRW5jb2RlPSJUcnVlIiAvPg0KICAgICAgICA8Rm9ybVBvc3RQYXJhbWV0ZXIgTmFtZT0iY3RsMDAkY3RsMDAkY3RsMDAkQ29udGVudFBsYWNlSG9sZGVyRGVmYXVsdCRoZG5DdXJyZW50UGFnZUlkZW50aXR5IiBWYWx1ZT0ie3skSElEREVOMS5jdGwwMCRjdGwwMCRjdGwwMCRDb250ZW50UGxhY2VIb2xkZXJEZWZhdWx0JGhkbkN1cnJlbnRQYWdlSWRlbnRpdHl9fSIgUmVjb3JkZWRWYWx1ZT0iMTEzNyIgQ29ycmVsYXRpb25CaW5kaW5nPSIiIFVybEVuY29kZT0iVHJ1ZSIgLz4NCiAgICAgICAgPEZvcm1Qb3N0UGFyYW1ldGVyIE5hbWU9ImN0bDAwJGN0bDAwJGN0bDAwJENvbnRlbnRQbGFjZUhvbGRlckRlZmF1bHQkaGRuU2Nyb2xsWVBvc2l0aW9uIiBWYWx1ZT0ie3skSElEREVOMS5jdGwwMCRjdGwwMCRjdGwwMCRDb250ZW50UGxhY2VIb2xkZXJEZWZhdWx0JGhkblNjcm9sbFlQb3NpdGlvbn19IiBSZWNvcmRlZFZhbHVlPSIwIiBDb3JyZWxhdGlvbkJpbmRpbmc9IiIgVXJsRW5jb2RlPSJUcnVlIiAvPg0KICAgICAgICA8Rm9ybVBvc3RQYXJhbWV0ZXIgTmFtZT0iX19WSUVXU1RBVEVHRU5FUkFUT1IiIFZhbHVlPSJ7eyRISURERU4xLl9fVklFV1NUQVRFR0VORVJBVE9SfX0iIFJlY29yZGVkVmFsdWU9IkNBMEIwMzM0IiBDb3JyZWxhdGlvbkJpbmRpbmc9IiIgVXJsRW5jb2RlPSJUcnVlIiAvPg0KICAgICAgICA8Rm9ybVBvc3RQYXJhbWV0ZXIgTmFtZT0iX19WSUVXU1RBVEVFTkNSWVBURUQiIFZhbHVlPSJ7eyRISURERU4xLl9fVklFV1NUQVRFRU5DUllQVEVEfX0iIFJlY29yZGVkVmFsdWU9IiIgQ29ycmVsYXRpb25CaW5kaW5nPSIiIFVybEVuY29kZT0iVHJ1ZSIgLz4NCiAgICAgIDwvRm9ybVBvc3RIdHRwQm9keT4NCiAgICA8L1JlcXVlc3Q+DQogICAgPENvbW1lbnQgQ29tbWVudFRleHQ9IkNsaWNrX015IFByZWZlcmVuY2VzIiAvPg0KICAgIDxSZXF1ZXN0IE1ldGhvZD0iUE9TVCIgR3VpZD0iZDVmOTZhOWEtMDE5Yi00NjQzLWFlY2QtZWE3NDAyOTI4MDc2IiBWZXJzaW9uPSIxLjEiIFVybD0iaHR0cDovL2luMDFhcHYxMTo4MS9lbi9kYXNoYm9hcmQuYXNweCIgVGhpbmtUaW1lPSIwIiBUaW1lb3V0PSIzMDAiIFBhcnNlRGVwZW5kZW50UmVxdWVzdHM9IlRydWUiIEZvbGxvd1JlZGlyZWN0cz0iVHJ1ZSIgUmVjb3JkUmVzdWx0PSJUcnVlIiBDYWNoZT0iRmFsc2UiIFJlc3BvbnNlVGltZUdvYWw9IjAiIEVuY29kaW5nPSJ1dGYtOCIgRXhwZWN0ZWRIdHRwU3RhdHVzQ29kZT0iMCIgRXhwZWN0ZWRSZXNwb25zZVVybD0iaHR0cDovL2luMDFhcHYxMTo4MS9lbi9teXByZWZlcmVuY2VzLmFzcHgiIFJlcG9ydGluZ05hbWU9IiIgSWdub3JlSHR0cFN0YXR1c0NvZGU9IkZhbHNlIj4NCiAgICAgIDxIZWFkZXJzPg0KICAgICAgICA8SGVhZGVyIE5hbWU9IlJlZmVyZXIiIFZhbHVlPSJodHRwOi8vaW4wMWFwdjExOjgxL2VuL2Rhc2hib2FyZC5hc3B4IiAvPg0KICAgICAgPC9IZWFkZXJzPg0KICAgICAgPEZvcm1Qb3N0SHR0cEJvZHk+DQogICAgICAgIDxGb3JtUG9zdFBhcmFtZXRlciBOYW1lPSJfX0VWRU5UVEFSR0VUIiBWYWx1ZT0ie3skSElEREVOMS5fX0VWRU5UVEFSR0VUfX0iIFJlY29yZGVkVmFsdWU9ImN0bDAwJGN0bDAwJGN0bDAwJENvbnRlbnRQbGFjZUhvbGRlckRlZmF1bHQkVG9wTG9nZ2VkSW5fMSRsbmJUb3BMb2dnZWRJbk15UHJlZmVyZW5jZXMiIENvcnJlbGF0aW9uQmluZGluZz0iIiBVcmxFbmNvZGU9IlRydWUiIC8+DQogICAgICAgIDxGb3JtUG9zdFBhcmFtZXRlciBOYW1lPSJfX0VWRU5UQVJHVU1FTlQiIFZhbHVlPSJ7eyRISURERU4xLl9fRVZFTlRBUkdVTUVOVH19IiBSZWNvcmRlZFZhbHVlPSIiIENvcnJlbGF0aW9uQmluZGluZz0iIiBVcmxFbmNvZGU9IlRydWUiIC8+DQogICAgICAgIDxGb3JtUG9zdFBhcmFtZXRlciBOYW1lPSJfX1ZJRVdTVEFURSIgVmFsdWU9Int7JEhJRERFTjEuX19WSUVXU1RBVEV9fSIgUmVjb3JkZWRWYWx1ZT0iL3dFUER3VUVOVE00TVE5a0ZnSm1EMlFXQW1ZUFpCWUNaZzlrRmdKbUQyUVdBZ0lERHhZR0hnWnZibXh2WVdRRlAybG1LSFI1Y0dWdlppQlBia0poWTJ0Q2RYUjBiMjVEYkdsamF5QTlQU0FpWm5WdVkzUnBiMjRpS1NCUGJrSmhZMnRDZFhSMGIyNURiR2xqYXlncE94NEtiMjV3WVdkbGMyaHZkd1ZUYVdZZ0tHVjJaVzUwTG5CbGNuTnBjM1JsWkNBbUppQjBlWEJsYjJZZ1QyNUNZV05yUW5WMGRHOXVRMnhwWTJzZ1BUMGdJbVoxYm1OMGFXOXVJaWtnVDI1Q1lXTnJRblYwZEc5dVEyeHBZMnNvS1RzZUNHOXVkVzVzYjJGa1pSWUNBZ0VRWkdRV0NnSUlEMlFXQW1ZUFpCWVNBZ0lQRlFGWFEyOXVkR1Z1ZEZCc1lXTmxTRzlzWkdWeVJHVm1ZWFZzZEY5VWIzQk1iMmRuWldSSmJsOHhYM0J1YkVSeVlXZGhZbXhsVjJsdVpHOTNRMjl1ZEdWdWRGOUpibXhwYm1WTlpYTnpZV2RsUTI5dWRHRnBibVZ5WkFJREQyUVdBZ0lCRHc4V0FoNEVWR1Y0ZEFVR1RHOW5iM1YwWkdRQ0JROFBGZ0llQjFacGMybGliR1ZuWkJZQ0FnRVBEeFlHSGd0T1lYWnBaMkYwWlZWeWJBVVVmaTloWkcxcGJpOTNaV3hqYjIxbExtRnpjSGdmQXdVT1FXUnRhVzVwYzNSeVlYUnBiMjRmQkdka1pBSUhEdzhXQWg4RVoyUVdCZ0lCRHhZQ0h3TUZCVWhsYkd4dlpBSUREeFlDSHdNRkZYQnVkR1Z6ZEdZd01ERWdjRzUwWlhOMGJEQXdNV1FDQlE4V0FoNEphVzV1WlhKb2RHMXNCUTFCWTJOdmRXNTBJRWxFSURvZ1pBSUpEMlFXQ0FJQkR4WUNId01GQXlvcUttUUNBdzhQRmdJZkEyVmtaQUlGRHc4V0FoOERCUkVvWW1WamIyMWxJSGx2ZFhKelpXeG1LV1JrQWdjUEZnSWZBd1VES2lvcVpBSU5EdzhXQWg4RVoyUVdBZ0lCRHc4V0JCOERCUXhOZVNCRVlYTm9ZbTloY21RZkJHZGtaQUlQRHc4V0FoOEVaMlFXQWdJQkR3OFdDQjRJUTNOelEyeGhjM01GRFdWbVEyOXNiM0pQY21GdVoyVWZBd1VKVFhrZ1QzSmtaWEp6SGdSZklWTkNBZ0lmQkdka1pBSVJEdzhXQWg4RVoyUVdBZ0lCRHc4V0JCOERCUXhOZVNCQlpHUnlaWE56WlhNZkJHZGtaQUlURHc4V0FoOEVaMlFXQWdJQkR3OFdCQjhEQlE1TmVTQlFjbVZtWlhKbGJtTmxjeDhFWjJSa0Fnb1BaQllDWmc4UEZnSWZCR2hrRmdZQ0F3OFBGZ0lmQlFVakwyVnVMMk5vWldOcmIzVjBMM04wWlhBeExtRnpjSGcvYm05a1pVbGtQVEV4TXpaa1pBSUZEdzlrRmdJZUJHaHlaV1lGQVNOa0Fna1BEMlFXQWg0RmRHbDBiR1VGQlV4dloybHVGZ2dDQVE4UEZnWWZBd1VHUlcxaGFXdzZId2NGRnlCeVpYRjFhWEpsWkVacFpXeGtRMmhoY21GamRHVnlId2dDQW1Sa0Fna1BEeFlHSHdNRkEzc3dmUjhIQlJjZ2NtVnhkV2x5WldSR2FXVnNaRU5vWVhKaFkzUmxjaDhJQWdKa1pBSVJEdzhXQWg4RkJSY3ZaVzR2Wm05eVoyOTBjR0Z6YzNkdmNtUXVZWE53ZUdSa0FoTVBEeFlDSHdVRkl5OWxiaTlqYUdWamEyOTFkQzl6ZEdWd01TNWhjM0I0UDI1dlpHVkpaRDB4TVRNMlpHUUNEQTlrRmdKbUQyUVdEQUlJRHc4V0JCOEhCUTFqWVhKMExXbGpiMjVHZFd4c0h3Z0NBbVFXQWdJQkR3OFdBaDhGQlEwdlpXNHZZMkZ5ZEM1aGMzQjRaR1FDQ2c4V0FoOERCUWt4SUVsMFpXMG9jeWxrQWd3UEZnSWZBd1VLT1RreUxEQXdJT0tDckdRQ0RnOFBGZ0lmQkdka0ZnZ0NBUTlrRmdJQ0FROFdBaDhEQlJCTVlYTjBJR0ZrWkdWa0lHbDBaVzF6WkFJRER4WUNId1lGeVFROFpHbDJJR05zWVhOelBTZHNaV1owSno0NU5uZGxiR3dnUVdkaGNpQlFiR0YwWlR3dlpHbDJQanhrYVhZZ1kyeGhjM005SjNKcFoyaDBKejQ4WVNCb2NtVm1QU2NqSnlCdmJtTnNhV05yUFNkVGFHOTNSR2xoYkc5bktDSThjRDVFYnlCNWIzVWdjbVZoYkd4NUlIZGhiblFnZEc4Z1pHVnNaWFJsSUhSb2FYTWdhWFJsYlNoektUODhMM0ErSWl4N0lrUnBZV3h2WjBOc1lYTnpJam9pSWl3aVNHVnBaMmgwSWpvaVlYVjBieUlzSWsxdlpHRnNJanAwY25WbExDSlFiM05wZEdsdmJpSTZJbU5sYm5SbGNpSXNJbGRwWkhSb0lqb2lNekF3SWl3aVEyeHZjMkZpYkdVaU9uUnlkV1VzSWxScGRHeGxJam9pUkdWc1pYUmxJaXdpUW5WMGRHOXVNVlJsZUhRaU9pSlpaWE1pTENKQ2RYUjBiMjR5VkdWNGRDSTZJazV2SWl3aVFuVjBkRzl1TVVOaGJHeGlZV05ySWpvaVJHVnNaWFJsVDNKa1pYSkpkR1Z0SWl3aVFuVjBkRzl1TWtOaGJHeGlZV05ySWpwdWRXeHNMQ0pDZFhSMGIyNHhRMkZzYkdKaFkydFFZWEpoYldWMFpYSnpJam9pZTF3aVNXUmNJam96TmpJME16bDlJaXdpUW5WMGRHOXVNa05oYkd4aVlXTnJVR0Z5WVcxbGRHVnljeUk2Ym5Wc2JDd2lVbVZ6YVhwaFlteGxJanBtWVd4elpTd2lSSEpoWjJkaFlteGxJanBtWVd4elpTd2lRWFYwYjA5d1pXNGlPbVpoYkhObExDSkJjSEJsYm1SVWJ5STZJbUp2WkhraUxDSk5ZWGhJWldsbmFIUWlPalF3TUN3aVRXRjRWMmxrZEdnaU9qTXdNQ3dpVFdsdVNHVnBaMmgwSWpveE5UQXNJazFwYmxkcFpIUm9Jam94TlRCOUtUc25Qbmc4TDJFK1BDOWthWFkrRFFwa0FnVVBEeFlFSHdVRkRTOWxiaTlqWVhKMExtRnpjSGdmQXdVRVEyRnlkR1JrQWdjUER4WUdId01GQ0VOb1pXTnJiM1YwSGdkRmJtRmliR1ZrWng4RVp4WUNIZ2RQYmtOc2FXTnJCWmNzY21WMGRYSnVJRlpoYkdsa1lYUmxTWFJsYlhOVWIwTm9aV05yVDNWMFQzSlJkVzkwWlNoN0lrTnNiM05sUW5WMGRHOXVWR1Y0ZENJNklrTnNiM05sSWl3aVFXeGxjblJOWlhOellXZGxWR2wwYkdVaU9pSkJiR1Z5ZENCTlpYTnpZV2RsSWl3aVEyaGxZMnR2ZFhSVGRHRjBaVVZ1ZFcwaU9uc2lTVzUyWVd4cFpDSTZJa2x1ZG1Gc2FXUWlMQ0pSZFc5MFlXSnNaVTl1YkhraU9pSlJkVzkwWVdKc1pVOXViSGtpTENKUGNtUmxjbUZpYkdWUGJteDVJam9pVDNKa1pYSmhZbXhsVDI1c2VTSXNJazl5WkdWeVlXSnNaVUZ1WkZGMWIzUmhZbXhsSWpvaVQzSmtaWEpoWW14bFFXNWtVWFZ2ZEdGaWJHVWlMQ0pPYjNSUGNtUmxjbUZpYkdWQmJtUlJkVzkwWVdKc1pTSTZJazV2ZEU5eVpHVnlZV0pzWlVGdVpGRjFiM1JoWW14bElpd2lUbTkwVDNKa1pYSmhZbXhsUVc1a1VYVnZkR0ZpYkdWWGFYUm9TVzUyWVd4cFpDSTZJazV2ZEU5eVpHVnlZV0pzWlVGdVpGRjFiM1JoWW14bFYybDBhRWx1ZG1Gc2FXUWlMQ0pHWlhkUGNtUmxjbUZpYkdWUGJteDVJam9pUm1WM1QzSmtaWEpoWW14bFQyNXNlU0lzSWtabGQwOXlaR1Z5WVdKc1pVRnVaRVpsZDFGMWIzUmhZbXhsSWpvaVJtVjNUM0prWlhKaFlteGxRVzVrUm1WM1VYVnZkR0ZpYkdVaUxDSkdaWGRSZFc5MFlXSnNaVTl1YkhsWGFYUm9TVzUyWVd4cFpDSTZJa1psZDFGMWIzUmhZbXhsVDI1c2VWZHBkR2hKYm5aaGJHbGtJaXdpUm1WM1QzSmtaWEpoWW14bFQyNXNlVmRwZEdoSmJuWmhiR2xrSWpvaVJtVjNUM0prWlhKaFlteGxUMjVzZVZkcGRHaEpiblpoYkdsa0lpd2lSbVYzVDNKa1pYSmhZbXhsUVc1a1JtVjNVWFZ2ZEdGaWJHVlhhWFJvU1c1MllXeHBaQ0k2SWtabGQwOXlaR1Z5WVdKc1pVRnVaRVpsZDFGMWIzUmhZbXhsVjJsMGFFbHVkbUZzYVdRaUxDSkdaWGRQY21SbGNtRmliR1ZCYm1SQmJHeFJkVzkwWVdKc1pTSTZJa1psZDA5eVpHVnlZV0pzWlVGdVpFRnNiRkYxYjNSaFlteGxJaXdpUVd4c1QzSmtaWEpoWW14bFFXNWtSbVYzVVhWdmRHRmliR1VpT2lKQmJHeFBjbVJsY21GaWJHVkJibVJHWlhkUmRXOTBZV0pzWlNKOUxDSkpkR1Z0VTNSaGRHVkZiblZ0SWpwN0lrbHVkbUZzYVdRaU9pSkpiblpoYkdsa0lpd2lVWFZ2ZEdGaWJHVlBibXg1SWpvaVVYVnZkR0ZpYkdWUGJteDVJaXdpVDNKa1pYSmhZbXhsVDI1c2VTSTZJazl5WkdWeVlXSnNaVTl1YkhraUxDSlBjbVJsY21GaWJHVkJibVJSZFc5MFlXSnNaU0k2SWs5eVpHVnlZV0pzWlVGdVpGRjFiM1JoWW14bElpd2lUbTkwVDNKa1pYSmhZbXhsUVc1a1VYVnZkR0ZpYkdVaU9pSk9iM1JQY21SbGNtRmliR1ZCYm1SUmRXOTBZV0pzWlNJc0lrNXZkRTl5WkdWeVlXSnNaVUZ1WkZGMWIzUmhZbXhsVjJsMGFFbHVkbUZzYVdRaU9pSk9iM1JQY21SbGNtRmliR1ZCYm1SUmRXOTBZV0pzWlZkcGRHaEpiblpoYkdsa0lpd2lSbVYzVDNKa1pYSmhZbXhsVDI1c2VTSTZJa1psZDA5eVpHVnlZV0pzWlU5dWJIa2lMQ0pHWlhkUGNtUmxjbUZpYkdWQmJtUkdaWGRSZFc5MFlXSnNaU0k2SWtabGQwOXlaR1Z5WVdKc1pVRnVaRVpsZDFGMWIzUmhZbXhsSWl3aVJtVjNVWFZ2ZEdGaWJHVlBibXg1VjJsMGFFbHVkbUZzYVdRaU9pSkdaWGRSZFc5MFlXSnNaVTl1YkhsWGFYUm9TVzUyWVd4cFpDSXNJa1psZDA5eVpHVnlZV0pzWlU5dWJIbFhhWFJvU1c1MllXeHBaQ0k2SWtabGQwOXlaR1Z5WVdKc1pVOXViSGxYYVhSb1NXNTJZV3hwWkNJc0lrWmxkMDl5WkdWeVlXSnNaVUZ1WkVabGQxRjFiM1JoWW14bFYybDBhRWx1ZG1Gc2FXUWlPaUpHWlhkUGNtUmxjbUZpYkdWQmJtUkdaWGRSZFc5MFlXSnNaVmRwZEdoSmJuWmhiR2xrSWl3aVJtVjNUM0prWlhKaFlteGxRVzVrUVd4c1VYVnZkR0ZpYkdVaU9pSkdaWGRQY21SbGNtRmliR1ZCYm1SQmJHeFJkVzkwWVdKc1pTSXNJa0ZzYkU5eVpHVnlZV0pzWlVGdVpFWmxkMUYxYjNSaFlteGxJam9pUVd4c1QzSmtaWEpoWW14bFFXNWtSbVYzVVhWdmRHRmliR1VpZlN3aWFHUnVSbWxsYkdSVFpXeGxZM1JsWkU5eVpHVnlTWFJsYlVOb1pXTnJiM1YwVTNSaGRHVnpRMnhwWlc1MFNXUWlPaUpEYjI1MFpXNTBVR3hoWTJWSWIyeGtaWEpFWldaaGRXeDBYME5oY25SUGRtVnlkbWxsZDE4elgyaGtia1pwWld4a1UyVnNaV04wWldSUGNtUmxja2wwWlcxRGFHVmphMjkxZEZOMFlYUmxjeUlzSW1oa2JrWnBaV3hrVTJWc1pXTjBaV1JKZEdWdFNXUnpRMnhwWlc1MFNXUWlPaUpEYjI1MFpXNTBVR3hoWTJWSWIyeGtaWEpFWldaaGRXeDBYME5oY25SUGRtVnlkbWxsZDE4elgyaGtia1pwWld4a1UyVnNaV04wWldSSmRHVnRTV1J6SWl3aVQzSmtaWEpUWld4bFkzUmxaRkJ5YjJSMVkzUnpJam94TENKRGIyNW1hWEp0WVhScGIyNVVhWFJzWlZKbGMyOTFjbU5sSWpvaVEyOXVabWx5YldGMGFXOXVJaXdpVUhKdlkyVmxaRUoxZEhSdmJsUmxlSFFpT2lKUWNtOWpaV1ZrSWl3aVVISnZZMlZsWkVKMWRIUnZia05oYkd4aVlXTnJJam9pVm1Gc2FXUmhkR1ZKZEdWdGMxUnZRMmhsWTJ0UGRYUlBjbEYxYjNSbElpd2lTVzUyWVd4cFpFbDBaVzF6VTJWc1pXTjBaV1JHYjNKRGFHVmphMjkxZEZKbGMyOTFjbU5sSWpvaVZHaGxjbVVnWVhKbElITnZiV1VnYVc1MllXeHBaQ0JwZEdWdGN5QmphRzl6Wlc0Z1ptOXlJR05vWldOcmIzVjBJaXdpVG05UGNtUmxjbUZpYkdWSmRHVnRjMU5sYkdWamRHVmtSbTl5UTJobFkydHZkWFJTWlhOdmRYSmpaU0k2SWs1dklIWmhiR2xrSUc5eVpHVnlZV0pzWlNCcGRHVnRjeUJoY21VZ1kyaHZjMlZ1SUdadmNpQnZjbVJsY2lCd2NtOWpaWE56SWl3aVRtOVJkVzkwWVdKc1pVbDBaVzF6VTJWc1pXTjBaV1JHYjNKRGFHVmphMjkxZEZKbGMyOTFjbU5sSWpvaVRtOGdkbUZzYVdRZ2NYVnZkR0ZpYkdVZ2FYUmxiWE1nWVhKbElHTm9iM05sYmlCbWIzSWdjWFZ2ZEdVZ2NISnZZMlZ6Y3lJc0lrOXlaR1Z5WVdKc1pVRnVaRTV2Yms5eVpHVnlZV0pzWlVsMFpXMXpVMlZzWldOMFpXUkdiM0pEYUdWamEyOTFkRkpsYzI5MWNtTmxJam9pV1c5MUlHTmhiaUJsYVhSb1pYSWdKM0J5YjJObFpXUW5JSGRwZEdnZ2IzSmtaWElnY0hKdlkyVnpjeUJ2WmlCMGFHVWdiM0prWlhKaFlteGxJR2wwWlcxeklHOXlJR1ZrYVhRZ2RHaGxJRzV2YmkxdmNtUmxjbUZpYkdVZ2FYUmxiWE1pTENKUmRXOTBZV0pzWlVGdVpFNXZibEYxYjNSaFlteGxTWFJsYlhOVFpXeGxZM1JsWkVadmNrTm9aV05yYjNWMFVtVnpiM1Z5WTJVaU9pSlpiM1VnWTJGdUlHVnBkR2hsY2lBbmNISnZZMlZsWkNjZ2QybDBhQ0J4ZFc5MFpTQndjbTlqWlhOeklHOW1JSFJvWlNCeGRXOTBZV0pzWlNCcGRHVnRjeUJ2Y2lCbFpHbDBJSFJvWlNCdWIyNHRjWFZ2ZEdGaWJHVWdhWFJsYlhNaUxDSlJkVzkwWlZObGJHVmpkR1ZrVUhKdlpIVmpkSE1pT2pJc0lrNXZTWFJsYlhOVFpXeGxZM1JsWkNJNklrNXZJRWwwWlcxeklGTmxiR1ZqZEdWa0xpQlFiR1ZoYzJVZ1kyaHZiM05sSUc5dVpTQW9iM0lwSUcxdmNtVWdhWFJsYlhNZ2RHOGdjR1Z5Wm05eWJTQjBhR1VnWVdOMGFXOXVMaUlzSWtOaGNuUkJZM1JwYjI1RVpXeGxkR1ZUWld4bFkzUmxaRkJ5YjJSMVkzUnpJam8xTENKWGFYTm9UR2x6ZEVGamRHbHZibk5FWld4bGRHVlRaV3hsWTNSbFpGQnliMlIxWTNSeklqb3lMQ0pFWld4bGRHVkRiMjVtYVhKdFlYUnBiMjVOWlhOellXZGxVbVZ6YjNWeVkyVWlPaUk4Y0Q1RWJ5QjViM1VnY21WaGJHeDVJSGRoYm5RZ2RHOGdaR1ZzWlhSbElIUm9hWE1nYVhSbGJTaHpLVDg4TDNBK0lpd2lSR1ZzWlhSbFEyOXVabWx5YldGMGFXOXVUbTlDZFhSMGIyNVNaWE52ZFhKalpTSTZJazV2SWl3aVJHVnNaWFJsUTI5dVptbHliV0YwYVc5dVdXVnpRblYwZEc5dVVtVnpiM1Z5WTJVaU9pSlpaWE1pTENKRVpXeGxkR1ZEYjI1bWFYSnRZWFJwYjI1SVpXRmtaWEpVWlhoMFVtVnpiM1Z5WTJVaU9pSkVaV3hsZEdVaUxDSkRZWEowUVdOMGFXOXVJam94TENKRGFHVmphMjkxZEVKMWRIUnZibE5qY21sd2RDSTZiblZzYkN3aVEyaGxZMnR2ZFhSVFpYRjFaVzVqYVc1blFXNWtVSEpwYldWeVVHOXdkWEJOWlhOellXZGxTR1ZoWkdWeUlqb2lJaXdpUTJobFkydHZkWFJUWlhGMVpXNWphVzVuUVc1a1VISnBiV1Z5VUc5d2RYQk5aWE56WVdkbFNHVmhaR1Z5U1c1bWIzSnRZWFJwYjI0aU9pSkpkQ0JwY3lCdWIzUWdjRzl6YzJsaWJHVWdkRzhnWTJobFkydHZkWFFnTHlCeGRXOTBaU0J6WlhGMVpXNWphVzVuSUhKbFlXTjBhVzl1Y3lCM2FYUm9iM1YwSUhCeWFXMWxjbk1nZDJocFkyZ2dZWEpsSUdGemMyOWphV0YwWldRZ2RHOGdjMlZzWldOMFpXUWdjMlZ4ZFdWdVkybHVaeUJwZEdWdGN5QnBiaUIwYUdseklHOXlaR1Z5T2lBOEwySnlQand2WW5JK0lpd2lRMmhsWTJ0dmRYUlRaWEYxWlc1amFXNW5RVzVrVUhKcGJXVnlVRzl3ZFhCTlpYTnpZV2RsUm05dmRHVnlTVzVtYjNKdFlYUnBiMjRpT2lJaUxDSkRhR1ZqYTI5MWRGTmxjWFZsYm1OcGJtZEJibVJRY21sdFpYSlFiM0IxY0UxbGMzTmhaMlZEYkc5elpVSjFkSFJ2YmxSbGVIUWlPaUlpTENKRGFHVmphMjkxZEZObGNYVmxibU5wYm1kQmJtUlFjbWx0WlhKUWIzQjFjRVp2Y20xaGRFMWxjM05oWjJVaU9pSWlMQ0pEYUdWamEyOTFkRkJ5YVcxbGNrRnNiMjVsVUc5d2RYQk5aWE56WVdkbFEyeHZjMlZDZFhSMGIyNVVaWGgwSWpvaUlpd2lRMmhsWTJ0dmRYUlFjbWx0WlhKQmJHOXVaVkJ2Y0hWd1RXVnpjMkZuWlNJNklsQnlhVzFsY2lCaGJHOXVaU0JqWVc1dWIzUWdZbVVnWTJobFkydGxaQ0J2ZFhRdUlGQnNaV0Z6WlNCelpXeGxZM1FnWVhSc1pXRnpkQ0J2Ym1VZ1lYTnpiMk5wWVhSbFpDQnpaWEYxWlc1amFXNW5JRWwwWlcwdUlpd2lRMmhsWTJ0dmRYUlFjbWx0WlhKQmJHOXVaVkJ2Y0hWd1RXVnpjMkZuWlVobFlXUmxjaUk2SWxCc1pXRnpaU0JPYjNSbElpd2lRbUZ5UTI5a1pWWmhiR2xrWVhScGIyNVFiM0IxY0VOc2IzTmxRblYwZEc5dVZHVjRkQ0k2SWs5cklpd2lRbUZ5UTI5a1pWWmhiR2xrWVhScGIyNVFiM0IxY0UxbGMzTmhaMlVpT2lKQ1lYSmpiMlJsSUdadmNpQlRaV3hsWTNSbFpDQkpkR1Z0SUdseklHbHVkbUZzYVdRaUxDSkNZWEpEYjJSbFZtRnNhV1JoZEdsdmJsQnZjSFZ3VFdWemMyRm5aVWhsWVdSbGNpSTZJbEJzWldGelpTQk9iM1JsSWl3aVUyRnRaVVJoZVVSbGJHbDJaWEo1Vm1Gc2FXUmhkR2x2YmxCdmNIVndSMjlDWVdOclFuVjBkRzl1VkdWNGRDSTZJbGRoYVhRZ2RXNTBhV3dnWVd4c0lFOXlaR1Z5Y3lCaGNtVWdabWx1YVhOb1pXUWdkRzhnVTJocGNDQnZibU5sSWl3aVUyRnRaVVJoZVVSbGJHbDJaWEo1Vm1Gc2FXUmhkR2x2YmxCdmNIVndRMmhsWTJ0dmRYUkNkWFIwYjI1VVpYaDBJam9pUTJobFkydHZkWFFnVTJGdFpTQkVZWGtnVDJ4cFoyOXpJRTl1YkhraUxDSlRZVzFsUkdGNVJHVnNhWFpsY25sV1lXeHBaR0YwYVc5dVVHOXdkWEJOWlhOellXZGxTR1ZoWkdWeUlqb2lVR3hsWVhObElITmxiR1ZqZENJc0lsTmhiV1ZFWVhsRVpXeHBkbVZ5ZVZaaGJHbGtZWFJwYjI1UWIzQjFjRTFsYzNOaFoyVkVaWE5qY21sd2RHbHZiaUk2SWxsdmRYSWdZMkZ5ZENCamIyNTBZV2x1Y3lCellXMWxJR1JoZVNCdmJHbG5iM01zSUhkb2FXTm9JRzVsWldRZ2RHOGdZbVVnWTJobFkydGxaQ0J2ZFhRZ2MyVndaWEpoZEdWc2VTQnBiaUJ2Y21SbGNpQjBieUJsYm5OMWNtVWdkR2hsSUdaaGMzUmxjM1FnWkdWc2FYWmxjbmt1SUZSb1pTQnZkR2hsY2lCcGRHVnRjeUIzYVd4c0lHSmxJSGRoYVhScGJtY2dhVzRnZVc5MWNpQmpZWEowSUhkb1pXNGdlVzkxSUhKbGRIVnliaUJzWVhSbGNpNGdQSE53WVc0Z1kyeGhjM005WENKMGIyOXNkR2x3WDJScFlXeHZaMXdpSUhScGRHeGxQVndpUlhod2JHRnBiaUJpZFhSMGIyNGdaR1Z6WTNKcGNIUnBiMjRnYUdWeVpTQnZibXg1WENJZ1Bqd3ZjM0JoYmo0aUxDSlNaWFZ6WldSSmRHVnRjMVpoYkdsa1lYUnBiMjVRYjNCMWNFTnNiM05sUW5WMGRHOXVWR1Y0ZENJNklrOXJJaXdpVW1WMWMyVmtTWFJsYlhOV1lXeHBaR0YwYVc5dVVHOXdkWEJOWlhOellXZGxJam9pVDI5d2N5QWhJRk52YldVZ2IzSWdZV3hzSUc5bUlITmxiR1ZqZEdWa0lISmxkWE5sWkNCcGRHVnRKM01nYjNKcFoybHVZV3dnWTI5dWRHRnBibVZ5Y3lCaGNtVWdaWGh3YVhKbFpDNGdXVzkxY2lCallYSjBJSGRwYkd3Z1ltVWdkWEJrWVhSbFpDQmhkWFJ2YldGMGFXTmhiR3g1SUdGdVpDQmpZWEowSUhkcGJHd2dZbVVnY21Wc2IyRmtaV1F1SUVWNGNHbHlaV1FnYVhSbGJTQk9ZVzFsY3lCaGNtVWdMVDRpTENKU1pYVnpaV1JKZEdWdGMxWmhiR2xrWVhScGIyNVFiM0IxY0UxbGMzTmhaMlZJWldGa1pYSWlPaUpRYkdWaGMyVWdUbTkwWlNJc0lrVjRjR2x5WldSUWNtbHRaWEpRYjNCMWNFTnNiM05sUW5WMGRHOXVWR1Y0ZENJNklrOXJJaXdpUlhod2FYSmxaRkJ5YVcxbGNsQnZjSFZ3VFdWemMyRm5aVlJsZUhRaU9pSlFjbWx0WlhJZ2FYTWdaWGh3YVhKbFpDQm1iM0lnZEdobElHOXVaU0J2WmlCMGFHVWdjMlZzWlhSbFpDQnpaWEYxWlc1amFXNW5JR2wwWlcwdUlIQnNaV0Z6WlNCelpXeGxZM1FnWVc1dmRHaGxjaUJ3Y21sdFpYSWdiM0lnYjNKa1pYSWdibVYzSUhCeWFXMWxjaTRpTENKRmVIQnBjbVZrVUhKcGJXVnlVRzl3ZFhCTlpYTnpZV2RsU0dWaFpHVnlWR1Y0ZENJNklsQnNaWE5sSUU1dmRHVWlMQ0pEWVhKMFVHRm5aVlZTVENJNklpOWxiaTlqWVhKMExtRnpjSGdpTENKTmFXNXBiWFZ0VUd4aGRHVlRZVzF3YkdWelVHVnlRMmhsWTJ0dmRYUWlPalE0TENKUWJHRjBaVk5oYlhCc1pVTnZkVzUwSWpwdWRXeHNMQ0pKYzFOcGJtZHNaVkJzWVhSbFYybDBhRlpoYkdsa1UyRnRjR3hsUTI5MWJuUWlPbVpoYkhObExDSk5hVzVRYkdGMFpWTmhiWEJzWlhOUWIzQjFjRVp2Y20xaGRFMWxjM05oWjJVaU9pSWlMQ0pOYVc1UWJHRjBaVk5oYlhCc1pYTlFiM0IxY0VadmNtMWhkRTFsYzNOaFoyVkRiRzl6WlVKMWRIUnZibFJsZUhRaU9pSWlMQ0pOYVc1UWJHRjBaVk5oYlhCc1pYTlFiM0IxY0VadmNtMWhkRTFsYzNOaFoyVklaV0ZrWlhJaU9pSWlMQ0pOWVhocGJYVnRUblZ0WW1WeVQyWlFiR0YwWlhOUVpYSkRhR1ZqYTI5MWRDSTZNeXdpVUd4aGRHVnpRMjkxYm5SR2IzSkRkWEp5Wlc1MFQzSmtaWElpT201MWJHd3NJazFoZUdsdGRXMVFiR0YwWlhOUVpYSkRhR1ZqYTI5MWRGQnZjSFZ3Um05eWJXRjBUV1Z6YzJGblpTSTZJazFoZUdsdGRXMGdNeUJ3YkdGMFpYTWdZWEpsSUdWc2FXZHBZbXhsSUhSdklHTm9aV05yYjNWMElIQmxjaUJ2Y21SbGNpQm1iM0lnY0d4aGRHVWdjMlZ4ZFdWdVkybHVaeUJwZEdWdGN5NGdVR3hsWVhObElHMXZaR2xtZVNCNWIzVnlJSE5sYkdWamRHbHZiaUJoWTJOdmNtUnBibWRzZVM0aUxDSk5ZWGhwYlhWdFVHeGhkR1Z6VUdWeVEyaGxZMnR2ZFhSUWIzQjFjRVp2Y20xaGRFMWxjM05oWjJWRGJHOXpaVUoxZEhSdmJsUmxlSFFpT2lKUGF5SXNJazFoZUdsdGRXMVFiR0YwWlhOUVpYSkRhR1ZqYTI5MWRFWnZjbTFoZEUxbGMzTmhaMlZJWldGa1pYSWlPaUpRYkdWaGMyVWdUbTkwWlNJc0lsQnZjM1JDWVdOclJXeGxiV1Z1ZEZWdWFYRjFaVWxrSWpvaVkzUnNNREFrWTNSc01EQWtZM1JzTURBa1EyOXVkR1Z1ZEZCc1lXTmxTRzlzWkdWeVJHVm1ZWFZzZENSRFlYSjBUM1psY25acFpYZGZNeVJzYm10RGFHVmphMjkxZENJc0lrVjJaVzUwUVhKbmRXMWxiblFpT2lJaWZTd2dkR2hwY3lrN1pBSVFEdzhXQkI4RkJRMHZaVzR2WTJGeWRDNWhjM0I0SHdNRkJFTmhjblJrWkFJU0R3OFdBaDhEQlFoRGFHVmphMjkxZEJZQ0h3d0ZseXh5WlhSMWNtNGdWbUZzYVdSaGRHVkpkR1Z0YzFSdlEyaGxZMnRQZFhSUGNsRjFiM1JsS0hzaVEyeHZjMlZDZFhSMGIyNVVaWGgwSWpvaVEyeHZjMlVpTENKQmJHVnlkRTFsYzNOaFoyVlVhWFJzWlNJNklrRnNaWEowSUUxbGMzTmhaMlVpTENKRGFHVmphMjkxZEZOMFlYUmxSVzUxYlNJNmV5SkpiblpoYkdsa0lqb2lTVzUyWVd4cFpDSXNJbEYxYjNSaFlteGxUMjVzZVNJNklsRjFiM1JoWW14bFQyNXNlU0lzSWs5eVpHVnlZV0pzWlU5dWJIa2lPaUpQY21SbGNtRmliR1ZQYm14NUlpd2lUM0prWlhKaFlteGxRVzVrVVhWdmRHRmliR1VpT2lKUGNtUmxjbUZpYkdWQmJtUlJkVzkwWVdKc1pTSXNJazV2ZEU5eVpHVnlZV0pzWlVGdVpGRjFiM1JoWW14bElqb2lUbTkwVDNKa1pYSmhZbXhsUVc1a1VYVnZkR0ZpYkdVaUxDSk9iM1JQY21SbGNtRmliR1ZCYm1SUmRXOTBZV0pzWlZkcGRHaEpiblpoYkdsa0lqb2lUbTkwVDNKa1pYSmhZbXhsUVc1a1VYVnZkR0ZpYkdWWGFYUm9TVzUyWVd4cFpDSXNJa1psZDA5eVpHVnlZV0pzWlU5dWJIa2lPaUpHWlhkUGNtUmxjbUZpYkdWUGJteDVJaXdpUm1WM1QzSmtaWEpoWW14bFFXNWtSbVYzVVhWdmRHRmliR1VpT2lKR1pYZFBjbVJsY21GaWJHVkJibVJHWlhkUmRXOTBZV0pzWlNJc0lrWmxkMUYxYjNSaFlteGxUMjVzZVZkcGRHaEpiblpoYkdsa0lqb2lSbVYzVVhWdmRHRmliR1ZQYm14NVYybDBhRWx1ZG1Gc2FXUWlMQ0pHWlhkUGNtUmxjbUZpYkdWUGJteDVWMmwwYUVsdWRtRnNhV1FpT2lKR1pYZFBjbVJsY21GaWJHVlBibXg1VjJsMGFFbHVkbUZzYVdRaUxDSkdaWGRQY21SbGNtRmliR1ZCYm1SR1pYZFJkVzkwWVdKc1pWZHBkR2hKYm5aaGJHbGtJam9pUm1WM1QzSmtaWEpoWW14bFFXNWtSbVYzVVhWdmRHRmliR1ZYYVhSb1NXNTJZV3hwWkNJc0lrWmxkMDl5WkdWeVlXSnNaVUZ1WkVGc2JGRjFiM1JoWW14bElqb2lSbVYzVDNKa1pYSmhZbXhsUVc1a1FXeHNVWFZ2ZEdGaWJHVWlMQ0pCYkd4UGNtUmxjbUZpYkdWQmJtUkdaWGRSZFc5MFlXSnNaU0k2SWtGc2JFOXlaR1Z5WVdKc1pVRnVaRVpsZDFGMWIzUmhZbXhsSW4wc0lrbDBaVzFUZEdGMFpVVnVkVzBpT25zaVNXNTJZV3hwWkNJNklrbHVkbUZzYVdRaUxDSlJkVzkwWVdKc1pVOXViSGtpT2lKUmRXOTBZV0pzWlU5dWJIa2lMQ0pQY21SbGNtRmliR1ZQYm14NUlqb2lUM0prWlhKaFlteGxUMjVzZVNJc0lrOXlaR1Z5WVdKc1pVRnVaRkYxYjNSaFlteGxJam9pVDNKa1pYSmhZbXhsUVc1a1VYVnZkR0ZpYkdVaUxDSk9iM1JQY21SbGNtRmliR1ZCYm1SUmRXOTBZV0pzWlNJNklrNXZkRTl5WkdWeVlXSnNaVUZ1WkZGMWIzUmhZbXhsSWl3aVRtOTBUM0prWlhKaFlteGxRVzVrVVhWdmRHRmliR1ZYYVhSb1NXNTJZV3hwWkNJNklrNXZkRTl5WkdWeVlXSnNaVUZ1WkZGMWIzUmhZbXhsVjJsMGFFbHVkbUZzYVdRaUxDSkdaWGRQY21SbGNtRmliR1ZQYm14NUlqb2lSbVYzVDNKa1pYSmhZbXhsVDI1c2VTSXNJa1psZDA5eVpHVnlZV0pzWlVGdVpFWmxkMUYxYjNSaFlteGxJam9pUm1WM1QzSmtaWEpoWW14bFFXNWtSbVYzVVhWdmRHRmliR1VpTENKR1pYZFJkVzkwWVdKc1pVOXViSGxYYVhSb1NXNTJZV3hwWkNJNklrWmxkMUYxYjNSaFlteGxUMjVzZVZkcGRHaEpiblpoYkdsa0lpd2lSbVYzVDNKa1pYSmhZbXhsVDI1c2VWZHBkR2hKYm5aaGJHbGtJam9pUm1WM1QzSmtaWEpoWW14bFQyNXNlVmRwZEdoSmJuWmhiR2xrSWl3aVJtVjNUM0prWlhKaFlteGxRVzVrUm1WM1VYVnZkR0ZpYkdWWGFYUm9TVzUyWVd4cFpDSTZJa1psZDA5eVpHVnlZV0pzWlVGdVpFWmxkMUYxYjNSaFlteGxWMmwwYUVsdWRtRnNhV1FpTENKR1pYZFBjbVJsY21GaWJHVkJibVJCYkd4UmRXOTBZV0pzWlNJNklrWmxkMDl5WkdWeVlXSnNaVUZ1WkVGc2JGRjFiM1JoWW14bElpd2lRV3hzVDNKa1pYSmhZbXhsUVc1a1JtVjNVWFZ2ZEdGaWJHVWlPaUpCYkd4UGNtUmxjbUZpYkdWQmJtUkdaWGRSZFc5MFlXSnNaU0o5TENKb1pHNUdhV1ZzWkZObGJHVmpkR1ZrVDNKa1pYSkpkR1Z0UTJobFkydHZkWFJUZEdGMFpYTkRiR2xsYm5SSlpDSTZJa052Ym5SbGJuUlFiR0ZqWlVodmJHUmxja1JsWm1GMWJIUmZRMkZ5ZEU5MlpYSjJhV1YzWHpOZmFHUnVSbWxsYkdSVFpXeGxZM1JsWkU5eVpHVnlTWFJsYlVOb1pXTnJiM1YwVTNSaGRHVnpJaXdpYUdSdVJtbGxiR1JUWld4bFkzUmxaRWwwWlcxSlpITkRiR2xsYm5SSlpDSTZJa052Ym5SbGJuUlFiR0ZqWlVodmJHUmxja1JsWm1GMWJIUmZRMkZ5ZEU5MlpYSjJhV1YzWHpOZmFHUnVSbWxsYkdSVFpXeGxZM1JsWkVsMFpXMUpaSE1pTENKUGNtUmxjbE5sYkdWamRHVmtVSEp2WkhWamRITWlPakVzSWtOdmJtWnBjbTFoZEdsdmJsUnBkR3hsVW1WemIzVnlZMlVpT2lKRGIyNW1hWEp0WVhScGIyNGlMQ0pRY205alpXVmtRblYwZEc5dVZHVjRkQ0k2SWxCeWIyTmxaV1FpTENKUWNtOWpaV1ZrUW5WMGRHOXVRMkZzYkdKaFkyc2lPaUpXWVd4cFpHRjBaVWwwWlcxelZHOURhR1ZqYTA5MWRFOXlVWFZ2ZEdVaUxDSkpiblpoYkdsa1NYUmxiWE5UWld4bFkzUmxaRVp2Y2tOb1pXTnJiM1YwVW1WemIzVnlZMlVpT2lKVWFHVnlaU0JoY21VZ2MyOXRaU0JwYm5aaGJHbGtJR2wwWlcxeklHTm9iM05sYmlCbWIzSWdZMmhsWTJ0dmRYUWlMQ0pPYjA5eVpHVnlZV0pzWlVsMFpXMXpVMlZzWldOMFpXUkdiM0pEYUdWamEyOTFkRkpsYzI5MWNtTmxJam9pVG04Z2RtRnNhV1FnYjNKa1pYSmhZbXhsSUdsMFpXMXpJR0Z5WlNCamFHOXpaVzRnWm05eUlHOXlaR1Z5SUhCeWIyTmxjM01pTENKT2IxRjFiM1JoWW14bFNYUmxiWE5UWld4bFkzUmxaRVp2Y2tOb1pXTnJiM1YwVW1WemIzVnlZMlVpT2lKT2J5QjJZV3hwWkNCeGRXOTBZV0pzWlNCcGRHVnRjeUJoY21VZ1kyaHZjMlZ1SUdadmNpQnhkVzkwWlNCd2NtOWpaWE56SWl3aVQzSmtaWEpoWW14bFFXNWtUbTl1VDNKa1pYSmhZbXhsU1hSbGJYTlRaV3hsWTNSbFpFWnZja05vWldOcmIzVjBVbVZ6YjNWeVkyVWlPaUpaYjNVZ1kyRnVJR1ZwZEdobGNpQW5jSEp2WTJWbFpDY2dkMmwwYUNCdmNtUmxjaUJ3Y205alpYTnpJRzltSUhSb1pTQnZjbVJsY21GaWJHVWdhWFJsYlhNZ2IzSWdaV1JwZENCMGFHVWdibTl1TFc5eVpHVnlZV0pzWlNCcGRHVnRjeUlzSWxGMWIzUmhZbXhsUVc1a1RtOXVVWFZ2ZEdGaWJHVkpkR1Z0YzFObGJHVmpkR1ZrUm05eVEyaGxZMnR2ZFhSU1pYTnZkWEpqWlNJNklsbHZkU0JqWVc0Z1pXbDBhR1Z5SUNkd2NtOWpaV1ZrSnlCM2FYUm9JSEYxYjNSbElIQnliMk5sYzNNZ2IyWWdkR2hsSUhGMWIzUmhZbXhsSUdsMFpXMXpJRzl5SUdWa2FYUWdkR2hsSUc1dmJpMXhkVzkwWVdKc1pTQnBkR1Z0Y3lJc0lsRjFiM1JsVTJWc1pXTjBaV1JRY205a2RXTjBjeUk2TWl3aVRtOUpkR1Z0YzFObGJHVmpkR1ZrSWpvaVRtOGdTWFJsYlhNZ1UyVnNaV04wWldRdUlGQnNaV0Z6WlNCamFHOXZjMlVnYjI1bElDaHZjaWtnYlc5eVpTQnBkR1Z0Y3lCMGJ5QndaWEptYjNKdElIUm9aU0JoWTNScGIyNHVJaXdpUTJGeWRFRmpkR2x2YmtSbGJHVjBaVk5sYkdWamRHVmtVSEp2WkhWamRITWlPalVzSWxkcGMyaE1hWE4wUVdOMGFXOXVjMFJsYkdWMFpWTmxiR1ZqZEdWa1VISnZaSFZqZEhNaU9qSXNJa1JsYkdWMFpVTnZibVpwY20xaGRHbHZiazFsYzNOaFoyVlNaWE52ZFhKalpTSTZJanh3UGtSdklIbHZkU0J5WldGc2JIa2dkMkZ1ZENCMGJ5QmtaV3hsZEdVZ2RHaHBjeUJwZEdWdEtITXBQend2Y0Q0aUxDSkVaV3hsZEdWRGIyNW1hWEp0WVhScGIyNU9iMEoxZEhSdmJsSmxjMjkxY21ObElqb2lUbThpTENKRVpXeGxkR1ZEYjI1bWFYSnRZWFJwYjI1WlpYTkNkWFIwYjI1U1pYTnZkWEpqWlNJNklsbGxjeUlzSWtSbGJHVjBaVU52Ym1acGNtMWhkR2x2YmtobFlXUmxjbFJsZUhSU1pYTnZkWEpqWlNJNklrUmxiR1YwWlNJc0lrTmhjblJCWTNScGIyNGlPakVzSWtOb1pXTnJiM1YwUW5WMGRHOXVVMk55YVhCMElqcHVkV3hzTENKRGFHVmphMjkxZEZObGNYVmxibU5wYm1kQmJtUlFjbWx0WlhKUWIzQjFjRTFsYzNOaFoyVklaV0ZrWlhJaU9pSWlMQ0pEYUdWamEyOTFkRk5sY1hWbGJtTnBibWRCYm1SUWNtbHRaWEpRYjNCMWNFMWxjM05oWjJWSVpXRmtaWEpKYm1admNtMWhkR2x2YmlJNklrbDBJR2x6SUc1dmRDQndiM056YVdKc1pTQjBieUJqYUdWamEyOTFkQ0F2SUhGMWIzUmxJSE5sY1hWbGJtTnBibWNnY21WaFkzUnBiMjV6SUhkcGRHaHZkWFFnY0hKcGJXVnljeUIzYUdsamFDQmhjbVVnWVhOemIyTnBZWFJsWkNCMGJ5QnpaV3hsWTNSbFpDQnpaWEYxWlc1amFXNW5JR2wwWlcxeklHbHVJSFJvYVhNZ2IzSmtaWEk2SUR3dlluSStQQzlpY2o0aUxDSkRhR1ZqYTI5MWRGTmxjWFZsYm1OcGJtZEJibVJRY21sdFpYSlFiM0IxY0UxbGMzTmhaMlZHYjI5MFpYSkpibVp2Y20xaGRHbHZiaUk2SWlJc0lrTm9aV05yYjNWMFUyVnhkV1Z1WTJsdVowRnVaRkJ5YVcxbGNsQnZjSFZ3VFdWemMyRm5aVU5zYjNObFFuVjBkRzl1VkdWNGRDSTZJaUlzSWtOb1pXTnJiM1YwVTJWeGRXVnVZMmx1WjBGdVpGQnlhVzFsY2xCdmNIVndSbTl5YldGMFRXVnpjMkZuWlNJNklpSXNJa05vWldOcmIzVjBVSEpwYldWeVFXeHZibVZRYjNCMWNFMWxjM05oWjJWRGJHOXpaVUoxZEhSdmJsUmxlSFFpT2lJaUxDSkRhR1ZqYTI5MWRGQnlhVzFsY2tGc2IyNWxVRzl3ZFhCTlpYTnpZV2RsSWpvaVVISnBiV1Z5SUdGc2IyNWxJR05oYm01dmRDQmlaU0JqYUdWamEyVmtJRzkxZEM0Z1VHeGxZWE5sSUhObGJHVmpkQ0JoZEd4bFlYTjBJRzl1WlNCaGMzTnZZMmxoZEdWa0lITmxjWFZsYm1OcGJtY2dTWFJsYlM0aUxDSkRhR1ZqYTI5MWRGQnlhVzFsY2tGc2IyNWxVRzl3ZFhCTlpYTnpZV2RsU0dWaFpHVnlJam9pVUd4bFlYTmxJRTV2ZEdVaUxDSkNZWEpEYjJSbFZtRnNhV1JoZEdsdmJsQnZjSFZ3UTJ4dmMyVkNkWFIwYjI1VVpYaDBJam9pVDJzaUxDSkNZWEpEYjJSbFZtRnNhV1JoZEdsdmJsQnZjSFZ3VFdWemMyRm5aU0k2SWtKaGNtTnZaR1VnWm05eUlGTmxiR1ZqZEdWa0lFbDBaVzBnYVhNZ2FXNTJZV3hwWkNJc0lrSmhja052WkdWV1lXeHBaR0YwYVc5dVVHOXdkWEJOWlhOellXZGxTR1ZoWkdWeUlqb2lVR3hsWVhObElFNXZkR1VpTENKVFlXMWxSR0Y1UkdWc2FYWmxjbmxXWVd4cFpHRjBhVzl1VUc5d2RYQkhiMEpoWTJ0Q2RYUjBiMjVVWlhoMElqb2lWMkZwZENCMWJuUnBiQ0JoYkd3Z1QzSmtaWEp6SUdGeVpTQm1hVzVwYzJobFpDQjBieUJUYUdsd0lHOXVZMlVpTENKVFlXMWxSR0Y1UkdWc2FYWmxjbmxXWVd4cFpHRjBhVzl1VUc5d2RYQkRhR1ZqYTI5MWRFSjFkSFJ2YmxSbGVIUWlPaUpEYUdWamEyOTFkQ0JUWVcxbElFUmhlU0JQYkdsbmIzTWdUMjVzZVNJc0lsTmhiV1ZFWVhsRVpXeHBkbVZ5ZVZaaGJHbGtZWFJwYjI1UWIzQjFjRTFsYzNOaFoyVklaV0ZrWlhJaU9pSlFiR1ZoYzJVZ2MyVnNaV04wSWl3aVUyRnRaVVJoZVVSbGJHbDJaWEo1Vm1Gc2FXUmhkR2x2YmxCdmNIVndUV1Z6YzJGblpVUmxjMk55YVhCMGFXOXVJam9pV1c5MWNpQmpZWEowSUdOdmJuUmhhVzV6SUhOaGJXVWdaR0Y1SUc5c2FXZHZjeXdnZDJocFkyZ2dibVZsWkNCMGJ5QmlaU0JqYUdWamEyVmtJRzkxZENCelpYQmxjbUYwWld4NUlHbHVJRzl5WkdWeUlIUnZJR1Z1YzNWeVpTQjBhR1VnWm1GemRHVnpkQ0JrWld4cGRtVnllUzRnVkdobElHOTBhR1Z5SUdsMFpXMXpJSGRwYkd3Z1ltVWdkMkZwZEdsdVp5QnBiaUI1YjNWeUlHTmhjblFnZDJobGJpQjViM1VnY21WMGRYSnVJR3hoZEdWeUxpQThjM0JoYmlCamJHRnpjejFjSW5SdmIyeDBhWEJmWkdsaGJHOW5YQ0lnZEdsMGJHVTlYQ0pGZUhCc1lXbHVJR0oxZEhSdmJpQmtaWE5qY21sd2RHbHZiaUJvWlhKbElHOXViSGxjSWlBK1BDOXpjR0Z1UGlJc0lsSmxkWE5sWkVsMFpXMXpWbUZzYVdSaGRHbHZibEJ2Y0hWd1EyeHZjMlZDZFhSMGIyNVVaWGgwSWpvaVQyc2lMQ0pTWlhWelpXUkpkR1Z0YzFaaGJHbGtZWFJwYjI1UWIzQjFjRTFsYzNOaFoyVWlPaUpQYjNCeklDRWdVMjl0WlNCdmNpQmhiR3dnYjJZZ2MyVnNaV04wWldRZ2NtVjFjMlZrSUdsMFpXMG5jeUJ2Y21sbmFXNWhiQ0JqYjI1MFlXbHVaWEp6SUdGeVpTQmxlSEJwY21Wa0xpQlpiM1Z5SUdOaGNuUWdkMmxzYkNCaVpTQjFjR1JoZEdWa0lHRjFkRzl0WVhScFkyRnNiSGtnWVc1a0lHTmhjblFnZDJsc2JDQmlaU0J5Wld4dllXUmxaQzRnUlhod2FYSmxaQ0JwZEdWdElFNWhiV1Z6SUdGeVpTQXRQaUlzSWxKbGRYTmxaRWwwWlcxelZtRnNhV1JoZEdsdmJsQnZjSFZ3VFdWemMyRm5aVWhsWVdSbGNpSTZJbEJzWldGelpTQk9iM1JsSWl3aVJYaHdhWEpsWkZCeWFXMWxjbEJ2Y0hWd1EyeHZjMlZDZFhSMGIyNVVaWGgwSWpvaVQyc2lMQ0pGZUhCcGNtVmtVSEpwYldWeVVHOXdkWEJOWlhOellXZGxWR1Y0ZENJNklsQnlhVzFsY2lCcGN5QmxlSEJwY21Wa0lHWnZjaUIwYUdVZ2IyNWxJRzltSUhSb1pTQnpaV3hsZEdWa0lITmxjWFZsYm1OcGJtY2dhWFJsYlM0Z2NHeGxZWE5sSUhObGJHVmpkQ0JoYm05MGFHVnlJSEJ5YVcxbGNpQnZjaUJ2Y21SbGNpQnVaWGNnY0hKcGJXVnlMaUlzSWtWNGNHbHlaV1JRY21sdFpYSlFiM0IxY0UxbGMzTmhaMlZJWldGa1pYSlVaWGgwSWpvaVVHeGxjMlVnVG05MFpTSXNJa05oY25SUVlXZGxWVkpNSWpvaUwyVnVMMk5oY25RdVlYTndlQ0lzSWsxcGJtbHRkVzFRYkdGMFpWTmhiWEJzWlhOUVpYSkRhR1ZqYTI5MWRDSTZORGdzSWxCc1lYUmxVMkZ0Y0d4bFEyOTFiblFpT201MWJHd3NJa2x6VTJsdVoyeGxVR3hoZEdWWGFYUm9WbUZzYVdSVFlXMXdiR1ZEYjNWdWRDSTZabUZzYzJVc0lrMXBibEJzWVhSbFUyRnRjR3hsYzFCdmNIVndSbTl5YldGMFRXVnpjMkZuWlNJNklpSXNJazFwYmxCc1lYUmxVMkZ0Y0d4bGMxQnZjSFZ3Um05eWJXRjBUV1Z6YzJGblpVTnNiM05sUW5WMGRHOXVWR1Y0ZENJNklpSXNJazFwYmxCc1lYUmxVMkZ0Y0d4bGMxQnZjSFZ3Um05eWJXRjBUV1Z6YzJGblpVaGxZV1JsY2lJNklpSXNJazFoZUdsdGRXMU9kVzFpWlhKUFpsQnNZWFJsYzFCbGNrTm9aV05yYjNWMElqb3pMQ0pRYkdGMFpYTkRiM1Z1ZEVadmNrTjFjbkpsYm5SUGNtUmxjaUk2Ym5Wc2JDd2lUV0Y0YVcxMWJWQnNZWFJsYzFCbGNrTm9aV05yYjNWMFVHOXdkWEJHYjNKdFlYUk5aWE56WVdkbElqb2lUV0Y0YVcxMWJTQXpJSEJzWVhSbGN5QmhjbVVnWld4cFoybGliR1VnZEc4Z1kyaGxZMnR2ZFhRZ2NHVnlJRzl5WkdWeUlHWnZjaUJ3YkdGMFpTQnpaWEYxWlc1amFXNW5JR2wwWlcxekxpQlFiR1ZoYzJVZ2JXOWthV1o1SUhsdmRYSWdjMlZzWldOMGFXOXVJR0ZqWTI5eVpHbHVaMng1TGlJc0lrMWhlR2x0ZFcxUWJHRjBaWE5RWlhKRGFHVmphMjkxZEZCdmNIVndSbTl5YldGMFRXVnpjMkZuWlVOc2IzTmxRblYwZEc5dVZHVjRkQ0k2SWs5cklpd2lUV0Y0YVcxMWJWQnNZWFJsYzFCbGNrTm9aV05yYjNWMFJtOXliV0YwVFdWemMyRm5aVWhsWVdSbGNpSTZJbEJzWldGelpTQk9iM1JsSWl3aVVHOXpkRUpoWTJ0RmJHVnRaVzUwVlc1cGNYVmxTV1FpT2lKamRHd3dNQ1JqZEd3d01DUmpkR3d3TUNSRGIyNTBaVzUwVUd4aFkyVkliMnhrWlhKRVpXWmhkV3gwSkVOaGNuUlBkbVZ5ZG1sbGQxOHpKR3h1YTBOb1pXTnJiM1YwSWl3aVJYWmxiblJCY21kMWJXVnVkQ0k2SWlKOUxDQjBhR2x6S1R0a0FoSVBaQllJQWdFUFpCWUNaZzlrRmdJQ0FnOFZBVzVEYjI1MFpXNTBVR3hoWTJWSWIyeGtaWEpFWldaaGRXeDBYMDFoYzNSbGNsQnNZV05sYUc5c1pHVnlYMUpsY1hWcGNtVlZjMlZ5VEc5bmFXNWZOVjl3Ym14RWNtRm5ZV0pzWlZkcGJtUnZkME52Ym5SbGJuUmZTVzVzYVc1bFRXVnpjMkZuWlVOdmJuUmhhVzVsY21RQ0F3OWtGZ0ptRHc4V0FoNExiR0pzU0dWaFpFeHBibVVGRDBOdmJuUmhZM1FnUVdSa2NtVnpjMlFXREFJUUR4VUJhME52Ym5SbGJuUlFiR0ZqWlVodmJHUmxja1JsWm1GMWJIUmZUV0Z6ZEdWeVVHeGhZMlZvYjJ4a1pYSmZRMmhoYm1kbFFXUmtjbVZ6YzE4MlgzQnViRVJ5WVdkaFlteGxWMmx1Wkc5M1EyOXVkR1Z1ZEY5SmJteHBibVZOWlhOellXZGxRMjl1ZEdGcGJtVnlaQUlSRDJRV0FnSUJEMlFXS2dJQkR4WUNId01GRUVOdmJuUmhZM1FnUVdSa2NtVnpjenBrQWdNUER4WUNId1JuWkJZQ0FnRVBaQllDQWdFUER4WUNId01GQlZScGRHeGxaR1FDQlE5a0ZnSUNBUTlrRmdJQ0FROFBGZ1lmQXdVSlJtbHljM1J1WVcxbEh3Y0ZGeUJ5WlhGMWFYSmxaRVpwWld4a1EyaGhjbUZqZEdWeUh3Z0NBbVJrQWdjUFpCWUNBZ0VQWkJZQ0FnRVBEeFlHSHdNRkNFeGhjM1J1WVcxbEh3Y0ZGeUJ5WlhGMWFYSmxaRVpwWld4a1EyaGhjbUZqZEdWeUh3Z0NBbVJrQWdrUER4WUNId1JuWkJZQ0FnRVBaQllDQWdFUER4WUNId01GREVOdmJYQmhibmtnVG1GdFpXUmtBZ3NQRHhZQ0h3Um5aQllDQWdFUFpCWUNBZ0VQRHhZQ0h3TUZDMFJsY0dGeWRHMWxiblFnWkdRQ0RROFBGZ0lmQkdka0ZnSUNBUTlrRmdJQ0FROFBGZ0lmQXdVR1IzSnZkWEFnWkdRQ0R3OFBGZ0lmQkdka0ZnSUNBUTlrRmdJQ0FROFBGZ1lmQXdVT1UzUnlaV1YwSUVGa1pISmxjM01mQndVWElISmxjWFZwY21Wa1JtbGxiR1JEYUdGeVlXTjBaWElmQ0FJQ1pHUUNFUThQRmdJZkJHZGtGZ0lDQVE5a0ZnSUNBUThQRmdZZkF3VVFVM1J5WldWMElFRmtaSEpsYzNNZ01oOEhCUmNnY21WeGRXbHlaV1JHYVdWc1pFTm9ZWEpoWTNSbGNoOElBZ0prWkFJVER3OFdBaDhFWjJRV0FnSUJEMlFXQWdJQkR3OFdBaDhEQlJCVGRISmxaWFFnUVdSa2NtVnpjeUF6WkdRQ0ZROFBGZ0lmQkdka0ZnSUNBUTlrRmdJQ0FROFBGZ1lmQXdVRVEybDBlUjhIQlJjZ2NtVnhkV2x5WldSR2FXVnNaRU5vWVhKaFkzUmxjaDhJQWdKa1pBSVhEdzhXQWg4RVoyUVdCQUlCRDJRV0FnSUJEdzhXQmg4REJRZERiM1Z1ZEhKNUh3Y0ZGeUJ5WlhGMWFYSmxaRVpwWld4a1EyaGhjbUZqZEdWeUh3Z0NBbVJrQWdVUEVBOFdCaDROUkdGMFlWUmxlSFJHYVdWc1pBVUxRMjkxYm5SeWVVNWhiV1VlRGtSaGRHRldZV3gxWlVacFpXeGtCUVpKYzI5TFpYa2VDMThoUkdGMFlVSnZkVzVrWnhZQ0hnaHZibU5vWVc1blpRV3lBV052ZFc1MGNubERhR0Z1WjJWa0tDZFRaV3hsWTNRdUxpNG5MQ2RVY25WbEp5d25RMjl1ZEdWdWRGQnNZV05sU0c5c1pHVnlSR1ZtWVhWc2RGOU5ZWE4wWlhKUWJHRmpaV2h2YkdSbGNsOURhR0Z1WjJWQlpHUnlaWE56WHpaZlpHUnNRMjkxYm5SeWVTY3NKME52Ym5SbGJuUlFiR0ZqWlVodmJHUmxja1JsWm1GMWJIUmZUV0Z6ZEdWeVVHeGhZMlZvYjJ4a1pYSmZRMmhoYm1kbFFXUmtjbVZ6YzE4MlgyUmtiRk4wWVhSbEp5a1FGZm9CQ1ZObGJHVmpkQzR1TGd0QlptZG9ZVzVwYzNSaGJnMUJiR0Z1WkNCSmMyeGhibVJ6QjBGc1ltRnVhV0VIUVd4blpYSnBZUTVCYldWeWFXTmhiaUJUWVcxdllRZEJibVJ2Y25KaEJrRnVaMjlzWVFoQmJtZDFhV3hzWVFwQmJuUmhjbU4wYVdOaEUwRnVkR2xuZFdFZ1lXNWtJRUpoY21KMVpHRUpRWEpuWlc1MGFXNWhCMEZ5YldWdWFXRUZRWEoxWW1FSlFYVnpkSEpoYkdsaEIwRjFjM1J5YVdFS1FYcGxjbUpoYVdwaGJnZENZV2hoYldGekIwSmhhSEpoYVc0S1FtRnVaMnhoWkdWemFBaENZWEppWVdSdmN3ZENaV3hoY25WekIwSmxiR2RwZFcwR1FtVnNhWHBsQlVKbGJtbHVCMEpsY20xMVpHRUdRbWgxZEdGdUgwSnZiR2wyYVdFc0lGQnNkWEpwYm1GMGFXOXVZV3dnVTNSaGRHVWdiMllnUW05dVlXbHlaU3dnVTJsdWRDQkZkWE4wWVhScGRYTWdZVzVrSUZOaFltRVdRbTl6Ym1saElHRnVaQ0JJWlhKNlpXZHZkbWx1WVFoQ2IzUnpkMkZ1WVExQ2IzVjJaWFFnU1hOc1lXNWtCa0p5WVhwcGJCNUNjbWwwYVhOb0lFbHVaR2xoYmlCUFkyVmhiaUJVWlhKeWFYUnZjbmtSUW5KMWJtVnBJRVJoY25WemMyRnNZVzBJUW5Wc1oyRnlhV0VNUW5WeWEybHVZU0JHWVhOdkIwSjFjblZ1WkdrSVEyRnRZbTlrYVdFSVEyRnRaWEp2YjI0R1EyRnVZV1JoQ2tOaGNHVWdWbVZ5WkdVT1EyRjViV0Z1SUVsemJHRnVaSE1ZUTJWdWRISmhiQ0JCWm5KcFkyRnVJRkpsY0hWaWJHbGpCRU5vWVdRRlEyaHBiR1VGUTJocGJtRVFRMmh5YVhOMGJXRnpJRWx6YkdGdVpCZERiMk52Y3lBb1MyVmxiR2x1WnlrZ1NYTnNZVzVrY3doRGIyeHZiV0pwWVFkRGIyMXZjbTl6QlVOdmJtZHZKVU52Ym1kdkxDQjBhR1VnUkdWdGIyTnlZWFJwWXlCU1pYQjFZbXhwWXlCdlppQjBhR1VNUTI5dmF5QkpjMnhoYm1SekNrTnZjM1JoSUZKcFkyRU9ROE8wZEdVZ1pDZEpkbTlwY21VSFEzSnZZWFJwWVFSRGRXSmhDRU4xY21IRHAyRnZCa041Y0hKMWN3NURlbVZqYUNCU1pYQjFZbXhwWXdkRVpXNXRZWEpyQ0VScWFXSnZkWFJwQ0VSdmJXbHVhV05oRWtSdmJXbHVhV05oYmlCU1pYQjFZbXhwWXdkRlkzVmhaRzl5QlVWbmVYQjBDMFZzSUZOaGJIWmhaRzl5RVVWeGRXRjBiM0pwWVd3Z1IzVnBibVZoQjBWeWFYUnlaV0VIUlhOMGIyNXBZUWhGZEdocGIzQnBZUnRHWVd4cmJHRnVaQ0JKYzJ4aGJtUnpJQ2hOWVd4MmFXNWhjeWtOUm1GeWIyVWdTWE5zWVc1a2N3UkdhV3BwQjBacGJteGhibVFHUm5KaGJtTmxEVVp5Wlc1amFDQkhkV2xoYm1FUVJuSmxibU5vSUZCdmJIbHVaWE5wWVJ0R2NtVnVZMmdnVTI5MWRHaGxjbTRnVkdWeWNtbDBiM0pwWlhNRlIyRmliMjRHUjJGdFltbGhCMGRsYjNKbmFXRUhSMlZ5YldGdWVRVkhhR0Z1WVFsSGFXSnlZV3gwWVhJR1IzSmxaV05sQ1VkeVpXVnViR0Z1WkFkSGNtVnVZV1JoQ2tkMVlXUmxiRzkxY0dVRVIzVmhiUWxIZFdGMFpXMWhiR0VJUjNWbGNtNXpaWGtHUjNWcGJtVmhEVWQxYVc1bFlTMUNhWE56WVhVR1IzVjVZVzVoQlVoaGFYUnBJVWhsWVhKa0lFbHpiR0Z1WkNCaGJtUWdUV05FYjI1aGJHUWdTWE5zWVc1a2N4MUliMng1SUZObFpTQW9WbUYwYVdOaGJpQkRhWFI1SUZOMFlYUmxLUWhJYjI1a2RYSmhjd2xJYjI1bklFdHZibWNIU0hWdVoyRnllUWRKWTJWc1lXNWtCVWx1WkdsaENVbHVaRzl1WlhOcFlSbEpjbUZ1TENCSmMyeGhiV2xqSUZKbGNIVmliR2xqSUc5bUJFbHlZWEVIU1hKbGJHRnVaQXRKYzJ4bElHOW1JRTFoYmdaSmMzSmhaV3dGU1hSaGJIa0hTbUZ0WVdsallRVktZWEJoYmdaS1pYSnpaWGtHU205eVpHRnVDa3RoZW1GcmFITjBZVzRGUzJWdWVXRUlTMmx5YVdKaGRHa21TMjl5WldFc0lFUmxiVzlqY21GMGFXTWdVR1Z2Y0d4bEozTWdVbVZ3ZFdKc2FXTWdiMllTUzI5eVpXRXNJRkpsY0hWaWJHbGpJRzltQmt0MWQyRnBkQXBMZVhKbmVYcHpkR0Z1SUV4aGJ5QlFaVzl3YkdVbmN5QkVaVzF2WTNKaGRHbGpJRkpsY0hWaWJHbGpCa3hoZEhacFlRZE1aV0poYm05dUIweGxjMjkwYUc4SFRHbGlaWEpwWVFWTWFXSjVZUTFNYVdWamFIUmxibk4wWldsdUNVeHBkR2gxWVc1cFlRcE1kWGhsYldKdmRYSm5CVTFoWTJGdktrMWhZMlZrYjI1cFlTd2dkR2hsSUdadmNtMWxjaUJaZFdkdmMyeGhkaUJTWlhCMVlteHBZeUJ2WmdwTllXUmhaMkZ6WTJGeUJrMWhiR0YzYVFoTllXeGhlWE5wWVFoTllXeGthWFpsY3dSTllXeHBCVTFoYkhSaEVFMWhjbk5vWVd4c0lFbHpiR0Z1WkhNS1RXRnlkR2x1YVhGMVpRcE5ZWFZ5YVhSaGJtbGhDVTFoZFhKcGRHbDFjd2ROWVhsdmRIUmxCazFsZUdsamJ4OU5hV055YjI1bGMybGhMQ0JHWldSbGNtRjBaV1FnVTNSaGRHVnpJRzltRkUxdmJHUnZkbUVzSUZKbGNIVmliR2xqSUc5bUJrMXZibUZqYndoTmIyNW5iMnhwWVFwTmIyNTBaVzVsWjNKdkNrMXZiblJ6WlhKeVlYUUhUVzl5YjJOamJ3cE5iM3BoYldKcGNYVmxCMDE1WVc1dFlYSUhUbUZ0YVdKcFlRVk9ZWFZ5ZFFWT1pYQmhiQXRPWlhSb1pYSnNZVzVrY3cxT1pYY2dRMkZzWldSdmJtbGhDMDVsZHlCYVpXRnNZVzVrQ1U1cFkyRnlZV2QxWVFWT2FXZGxjZ2RPYVdkbGNtbGhCRTVwZFdVT1RtOXlabTlzYXlCSmMyeGhibVFZVG05eWRHaGxjbTRnVFdGeWFXRnVZU0JKYzJ4aGJtUnpCazV2Y25kaGVRUlBiV0Z1Q0ZCaGEybHpkR0Z1QlZCaGJHRjFIMUJoYkdWemRHbHVhV0Z1SUZSbGNuSnBkRzl5ZVN3Z1QyTmpkWEJwWldRR1VHRnVZVzFoRUZCaGNIVmhJRTVsZHlCSGRXbHVaV0VJVUdGeVlXZDFZWGtFVUdWeWRRdFFhR2xzYVhCd2FXNWxjd2hRYVhSallXbHliZ1pRYjJ4aGJtUUlVRzl5ZEhWbllXd0xVSFZsY25SdklGSnBZMjhGVVdGMFlYSUlVc09wZFc1cGIyNEhVbTl0WVc1cFlSSlNkWE56YVdGdUlFWmxaR1Z5WVhScGIyNEdVbmRoYm1SaEVWTmhhVzUwSUVKaGNuUm93NmxzWlcxNUxGTmhhVzUwSUVobGJHVnVZU3dnUVhOalpXNXphVzl1SUdGdVpDQlVjbWx6ZEdGdUlHUmhJRU4xYm1oaEZWTmhhVzUwSUV0cGRIUnpJR0Z1WkNCT1pYWnBjd3RUWVdsdWRDQk1kV05wWVJwVFlXbHVkQ0JOWVhKMGFXNGdLRVp5Wlc1amFDQndZWEowS1JsVFlXbHVkQ0JRYVdWeWNtVWdZVzVrSUUxcGNYVmxiRzl1SUZOaGFXNTBJRlpwYm1ObGJuUWdZVzVrSUhSb1pTQkhjbVZ1WVdScGJtVnpCVk5oYlc5aENsTmhiaUJOWVhKcGJtOFZVMkZ2SUZSdmJXVWdZVzVrSUZCeWFXNWphWEJsREZOaGRXUnBJRUZ5WVdKcFlRZFRaVzVsWjJGc0JsTmxjbUpwWVFwVFpYbGphR1ZzYkdWekRGTnBaWEp5WVNCTVpXOXVaUWxUYVc1bllYQnZjbVVaVTJsdWRDQk5ZV0Z5ZEdWdUlDaEVkWFJqYUNCd1lYSjBLUWhUYkc5MllXdHBZUWhUYkc5MlpXNXBZUTlUYjJ4dmJXOXVJRWx6YkdGdVpITUhVMjl0WVd4cFlReFRiM1YwYUNCQlpuSnBZMkVzVTI5MWRHZ2dSMlZ2Y21kcFlTQmhibVFnZEdobElGTnZkWFJvSUZOaGJtUjNhV05vSUVsemJHRnVaSE1MVTI5MWRHZ2dVM1ZrWVc0RlUzQmhhVzRKVTNKcElFeGhibXRoQlZOMVpHRnVDRk4xY21sdVlXMWxGbE4yWVd4aVlYSmtJR0Z1WkNCS1lXNGdUV0Y1Wlc0SlUzZGhlbWxzWVc1a0JsTjNaV1JsYmd0VGQybDBlbVZ5YkdGdVpCUlRlWEpwWVc0Z1FYSmhZaUJTWlhCMVlteHBZeGxVWVdsM1lXNHNJRkJ5YjNacGJtTmxJRzltSUVOb2FXNWhDbFJoYW1scmFYTjBZVzRjVkdGdWVtRnVhV0VzSUZWdWFYUmxaQ0JTWlhCMVlteHBZeUJ2WmdoVWFHRnBiR0Z1WkF0VWFXMXZjaTFNWlhOMFpRUlViMmR2QjFSdmEyVnNZWFVGVkc5dVoyRVRWSEpwYm1sa1lXUWdZVzVrSUZSdlltRm5id2RVZFc1cGMybGhCbFIxY210bGVReFVkWEpyYldWdWFYTjBZVzRZVkhWeWEzTWdZVzVrSUVOaGFXTnZjeUJKYzJ4aGJtUnpCbFIxZG1Gc2RRWlZaMkZ1WkdFSFZXdHlZV2x1WlJSVmJtbDBaV1FnUVhKaFlpQkZiV2x5WVhSbGN3NVZibWwwWldRZ1MybHVaMlJ2YlExVmJtbDBaV1FnVTNSaGRHVnpKRlZ1YVhSbFpDQlRkR0YwWlhNZ1RXbHViM0lnVDNWMGJIbHBibWNnU1hOc1lXNWtjd2RWY25WbmRXRjVDbFY2WW1WcmFYTjBZVzRIVm1GdWRXRjBkU0ZXWlc1bGVuVmxiR0VzSUVKdmJHbDJZWEpwWVc0Z1VtVndkV0pzYVdNZ2IyWUlWbWxsZENCT1lXMFhWbWx5WjJsdUlFbHpiR0Z1WkhNc0lFSnlhWFJwYzJnVVZtbHlaMmx1SUVsemJHRnVaSE1zSUZVdVV5NFJWMkZzYkdseklHRnVaQ0JHZFhSMWJtRU9WMlZ6ZEdWeWJpQlRZV2hoY21FRldXVnRaVzRHV21GdFltbGhDRnBwYldKaFluZGxGZm9CQVRBQ1FVWUNRVmdDUVV3Q1JGb0NRVk1DUVVRQ1FVOENRVWtDUVZFQ1FVY0NRVklDUVUwQ1FWY0NRVlVDUVZRQ1FWb0NRbE1DUWtnQ1FrUUNRa0lDUWxrQ1FrVUNRbG9DUWtvQ1FrMENRbFFDUWs4Q1FsRUNRa0VDUWxjQ1FsWUNRbElDU1U4Q1FrNENRa2NDUWtZQ1Fra0NTMGdDUTAwQ1EwRUNRMVlDUzFrQ1EwWUNWRVFDUTB3Q1EwNENRMWdDUTBNQ1EwOENTMDBDUTBjQ1EwUUNRMHNDUTFJQ1Ewa0NTRklDUTFVQ1ExY0NRMWtDUTFvQ1JFc0NSRW9DUkUwQ1JFOENSVU1DUlVjQ1UxWUNSMUVDUlZJQ1JVVUNSVlFDUmtzQ1JrOENSa29DUmtrQ1JsSUNSMFlDVUVZQ1ZFWUNSMEVDUjAwQ1IwVUNSRVVDUjBnQ1Iwa0NSMUlDUjB3Q1IwUUNSMUFDUjFVQ1IxUUNSMGNDUjA0Q1IxY0NSMWtDU0ZRQ1NFMENWa0VDU0U0Q1NFc0NTRlVDU1ZNQ1NVNENTVVFDU1ZJQ1NWRUNTVVVDU1UwQ1NVd0NTVlFDU2swQ1NsQUNTa1VDU2s4Q1Mxb0NTMFVDUzBrQ1MxQUNTMUlDUzFjQ1MwY0NURUVDVEZZQ1RFSUNURk1DVEZJQ1RGa0NURWtDVEZRQ1RGVUNUVThDVFVzQ1RVY0NUVmNDVFZrQ1RWWUNUVXdDVFZRQ1RVZ0NUVkVDVFZJQ1RWVUNXVlFDVFZnQ1JrMENUVVFDVFVNQ1RVNENUVVVDVFZNQ1RVRUNUVm9DVFUwQ1RrRUNUbElDVGxBQ1Rrd0NUa01DVGxvQ1Rra0NUa1VDVGtjQ1RsVUNUa1lDVFZBQ1RrOENUMDBDVUVzQ1VGY0NVRk1DVUVFQ1VFY0NVRmtDVUVVQ1VFZ0NVRTRDVUV3Q1VGUUNVRklDVVVFQ1VrVUNVazhDVWxVQ1VsY0NRa3dDVTBnQ1MwNENURU1DVFVZQ1VFMENWa01DVjFNQ1UwMENVMVFDVTBFQ1UwNENVbE1DVTBNQ1Uwd0NVMGNDVTFnQ1Uwc0NVMGtDVTBJQ1UwOENXa0VDUjFNQ1UxTUNSVk1DVEVzQ1UwUUNVMUlDVTBvQ1Uxb0NVMFVDUTBnQ1Uxa0NWRmNDVkVvQ1ZGb0NWRWdDVkV3Q1ZFY0NWRXNDVkU4Q1ZGUUNWRTRDVkZJQ1ZFMENWRU1DVkZZQ1ZVY0NWVUVDUVVVQ1IwSUNWVk1DVlUwQ1ZWa0NWVm9DVmxVQ1ZrVUNWazRDVmtjQ1Zra0NWMFlDUlVnQ1dVVUNXazBDV2xjVUt3UDZBV2RuWjJkbloyZG5aMmRuWjJkbloyZG5aMmRuWjJkbloyZG5aMmRuWjJkbloyZG5aMmRuWjJkbloyZG5aMmRuWjJkbloyZG5aMmRuWjJkbloyZG5aMmRuWjJkbloyZG5aMmRuWjJkbloyZG5aMmRuWjJkbloyZG5aMmRuWjJkbloyZG5aMmRuWjJkbloyZG5aMmRuWjJkbloyZG5aMmRuWjJkbloyZG5aMmRuWjJkbloyZG5aMmRuWjJkbloyZG5aMmRuWjJkbloyZG5aMmRuWjJkbloyZG5aMmRuWjJkbloyZG5aMmRuWjJkbloyZG5aMmRuWjJkbloyZG5aMmRuWjJkbloyZG5aMmRuWjJkbloyZG5aMmRuWjJkbloyZG5aMmRuWjJkbloyZG5aMmRuWjJkbloyZG5aMmRuWjJkbloyZG5aMmRuWjJkbloyZGtaQUlaRHc4V0FoOEVaMlFXQkFJQkQyUVdBZ0lCRHc4V0FoOERCUkJUZEdGMFpTQXZJRkJ5YjNacGJtTmxaR1FDQlE4UUR4WUdIdzRGQ1ZOMFlYUmxUbUZ0WlI4UEJRaFRkR0YwWlV0bGVSOFFaeFlDSHhFRlZVOXVRMmhoYm1kbFUzUmhkR1VvSjBOdmJuUmxiblJRYkdGalpVaHZiR1JsY2tSbFptRjFiSFJmVFdGemRHVnlVR3hoWTJWb2IyeGtaWEpmUTJoaGJtZGxRV1JrY21WemMxODJYMlJrYkZOMFlYUmxKeWtRRlNRSlUyVnNaV04wTGk0dUcwRnVaR0Z0WVc0Z1lXNWtJRTVwWTI5aVlYSWdTWE5zWVc1a2N3NUJibVJvY21FZ1VISmhaR1Z6YUJGQmNuVnVZV05vWVd3Z1VISmhaR1Z6YUFWQmMzTmhiUVZDYVdoaGNncERhR0Z1WkdsbllYSm9ERU5vYUdGMGRHbHpaMkZ5YUJaRVlXUnlZU0JoYm1RZ1RtRm5ZWElnU0dGMlpXeHBEVVJoYldGdUlHRnVaQ0JFYVhVRlJHVnNhR2tEUjI5aEIwZDFhbUZ5WVhRSFNHRnllV0Z1WVJCSWFXMWhZMmhoYkNCUWNtRmtaWE5vRVVwaGJXMTFJR0Z1WkNCTFlYTm9iV2x5Q1Vwb1lYSnJhR0Z1WkFsTFlYSnVZWFJoYTJFR1MyVnlZV3hoQzB4aGEzTm9ZV1IzWldWd0RrMWhaR2g1WVNCUWNtRmtaWE5vQzAxaGFHRnlZWE5vZEhKaEIwMWhibWx3ZFhJSlRXVm5hR0ZzWVhsaEIwMXBlbTl5WVcwSVRtRm5ZV3hoYm1RR1QzSnBjM05oQzFCdmJtUnBZMmhsY25KNUJsQjFibXBoWWdsU1lXcGhjM1JvWVc0R1UybHJhMmx0Q2xSaGJXbHNJRTVoWkhVSFZISnBjSFZ5WVExVmRIUmhjaUJRY21Ga1pYTm9DMVYwZEdGeVlXdG9ZVzVrQzFkbGMzUWdRbVZ1WjJGc0ZTUUJNQVZKVGkxQlRnVkpUaTFCVUFWSlRpMUJVZ1ZKVGkxQlV3VkpUaTFDVWdWSlRpMURTQVZKVGkxRFZBVkpUaTFFVGdWSlRpMUVSQVZKVGkxRVRBVkpUaTFIUVFWSlRpMUhTZ1ZKVGkxSVVnVkpUaTFJVUFWSlRpMUtTd1ZKVGkxS1NBVkpUaTFMUVFWSlRpMUxUQVZKVGkxTVJBVkpUaTFOVUFWSlRpMU5TQVZKVGkxTlRnVkpUaTFOVEFWSlRpMU5XZ1ZKVGkxT1RBVkpUaTFQVWdWSlRpMVFXUVZKVGkxUVFnVkpUaTFTU2dWSlRpMVRTd1ZKVGkxVVRnVkpUaTFVVWdWSlRpMVZVQVZKVGkxVlZBVkpUaTFYUWhRckF5Um5aMmRuWjJkbloyZG5aMmRuWjJkbloyZG5aMmRuWjJkbloyZG5aMmRuWjJkbloyZGtaQUliRHc4V0FoOEVaMlFXQkFJQkQyUVdBZ0lCRHc4V0JoOERCUXRRYjNOMFlXd2dRMjlrWlI4SEJSY2djbVZ4ZFdseVpXUkdhV1ZzWkVOb1lYSmhZM1JsY2g4SUFnSmtaQUlERDJRV0FnSUREdzlrRmdJZURtOXlhV2RwYm1Gc0xYUnBkR3hsQlJwUWJHVmhjMlVnWlc1MFpYSWdkbUZzYVdRZ2VtbHdZMjlrWldRQ0hROFBGZ0lmQkdka0ZnSUNBUTlrRmdJQ0FROFBGZ0lmQXdVRlJXMWhhV3hrWkFJZkR3OFdBaDhFWjJRV0FnSUJEMlFXQWdJQkR3OFdBaDhEQlFWUWFHOXVaV1JrQWlFUER4WUNId1JuWkJZQ0FnRVBaQllDQWdFUER4WUNId01GQTBWNGRHUmtBaU1QRHhZQ0h3Um5aQllDQWdFUFpCWUNBZ0VQRHhZQ0h3TUZCazF2WW1sc1pXUmtBaVVQRHhZQ0h3Um5aQllDQWdFUFpCWUNBZ0VQRHhZQ0h3TUZBMFpoZUdSa0FpY1BEeFlDSHdSblpCWUNBZ0VQWkJZQ0FnRVBEeFlDSHdNRkNWSmxZMmx3YVdWdWRHUmtBaWtQRHhZQ0h3Um5aQllFQWdFUFpCWUNBZ0VQRHhZR0h3TUZDRlJwYldWNmIyNWxId2NGRnlCeVpYRjFhWEpsWkVacFpXeGtRMmhoY21GamRHVnlId2dDQW1Sa0FnVVBFQThXQmg4T0JRdEVhWE53YkdGNVRtRnRaUjhQQlFKSlpCOFFaMlFRRllnQkNWTmxiR1ZqZEM0dUxpZ29WVlJETFRFeU9qQXdLU0JKYm5SbGNtNWhkR2x2Ym1Gc0lFUmhkR1VnVEdsdVpTQlhaWE4wS1NoVlZFTXRNVEU2TURBcElFTnZiM0prYVc1aGRHVmtJRlZ1YVhabGNuTmhiQ0JVYVcxbExURXhIQ2hWVkVNdE1UQTZNREFwSUVGc1pYVjBhV0Z1SUVsemJHRnVaSE1TS0ZWVVF5MHhNRG93TUNrZ1NHRjNZV2xwSFNoVlZFTXRNRGs2TXpBcElFMWhjbkYxWlhOaGN5QkpjMnhoYm1SekVpaFZWRU10TURrNk1EQXBJRUZzWVhOcllTa29WVlJETFRBNU9qQXdLU0JEYjI5eVpHbHVZWFJsWkNCVmJtbDJaWEp6WVd3Z1ZHbHRaUzB3T1Jzb1ZWUkRMVEE0T2pBd0tTQkNZV3BoSUVOaGJHbG1iM0p1YVdFcEtGVlVReTB3T0Rvd01Da2dRMjl2Y21ScGJtRjBaV1FnVlc1cGRtVnljMkZzSUZScGJXVXRNRGdtS0ZWVVF5MHdPRG93TUNrZ1VHRmphV1pwWXlCVWFXMWxJQ2hWVXlBbUlFTmhibUZrWVNrVEtGVlVReTB3Tnpvd01Da2dRWEpwZW05dVlTY29WVlJETFRBM09qQXdLU0JEYUdsb2RXRm9kV0VzSUV4aElGQmhlaXdnVFdGNllYUnNZVzRuS0ZWVVF5MHdOem93TUNrZ1RXOTFiblJoYVc0Z1ZHbHRaU0FvVlZNZ0ppQkRZVzVoWkdFcEd5aFZWRU10TURZNk1EQXBJRU5sYm5SeVlXd2dRVzFsY21sallTWW9WVlJETFRBMk9qQXdLU0JEWlc1MGNtRnNJRlJwYldVZ0tGVlRJQ1lnUTJGdVlXUmhLUmtvVlZSRExUQTJPakF3S1NCRllYTjBaWElnU1hOc1lXNWtMeWhWVkVNdE1EWTZNREFwSUVkMVlXUmhiR0ZxWVhKaExDQk5aWGhwWTI4Z1EybDBlU3dnVFc5dWRHVnljbVY1R0NoVlZFTXRNRFk2TURBcElGTmhjMnRoZEdOb1pYZGhiaXNvVlZSRExUQTFPakF3S1NCQ2IyZHZkR0VzSUV4cGJXRXNJRkYxYVhSdkxDQlNhVzhnUW5KaGJtTnZGQ2hWVkVNdE1EVTZNREFwSUVOb1pYUjFiV0ZzSmloVlZFTXRNRFU2TURBcElFVmhjM1JsY200Z1ZHbHRaU0FvVlZNZ0ppQkRZVzVoWkdFcEVTaFZWRU10TURVNk1EQXBJRWhoYVhScEVpaFZWRU10TURVNk1EQXBJRWhoZG1GdVlSb29WVlJETFRBMU9qQXdLU0JKYm1ScFlXNWhJQ2hGWVhOMEtSUW9WVlJETFRBME9qQXdLU0JCYzNWdVkybHZiaUlvVlZSRExUQTBPakF3S1NCQmRHeGhiblJwWXlCVWFXMWxJQ2hEWVc1aFpHRXBFeWhWVkVNdE1EUTZNREFwSUVOaGNtRmpZWE1TS0ZWVVF5MHdORG93TUNrZ1EzVnBZV0poTUNoVlZFTXRNRFE2TURBcElFZGxiM0puWlhSdmQyNHNJRXhoSUZCaGVpd2dUV0Z1WVhWekxDQlRZVzRnU25WaGJoUW9WVlJETFRBME9qQXdLU0JUWVc1MGFXRm5ieHdvVlZSRExUQTBPakF3S1NCVWRYSnJjeUJoYm1RZ1EyRnBZMjl6R0NoVlZFTXRNRE02TXpBcElFNWxkMlp2ZFc1a2JHRnVaQlVvVlZSRExUQXpPakF3S1NCQmNtRm5kV0ZwYm1FVUtGVlVReTB3TXpvd01Da2dRbkpoYzJsc2FXRWVLRlZVUXkwd016b3dNQ2tnUTJGNVpXNXVaU3dnUm05eWRHRnNaWHBoSUNoVlZFTXRNRE02TURBcElFTnBkSGtnYjJZZ1FuVmxibTl6SUVGcGNtVnpGU2hWVkVNdE1ETTZNREFwSUVkeVpXVnViR0Z1WkJZb1ZWUkRMVEF6T2pBd0tTQk5iMjUwWlhacFpHVnZHQ2hWVkVNdE1ETTZNREFwSUZCMWJuUmhJRUZ5Wlc1aGN5VW9WVlJETFRBek9qQXdLU0JUWVdsdWRDQlFhV1Z5Y21VZ1lXNWtJRTFwY1hWbGJHOXVGQ2hWVkVNdE1ETTZNREFwSUZOaGJIWmhaRzl5S1NoVlZFTXRNREk2TURBcElFTnZiM0prYVc1aGRHVmtJRlZ1YVhabGNuTmhiQ0JVYVcxbExUQXlIaWhWVkVNdE1ESTZNREFwSUUxcFpDMUJkR3hoYm5ScFl5QXRJRTlzWkJJb1ZWUkRMVEF4T2pBd0tTQkJlbTl5WlhNYUtGVlVReTB3TVRvd01Da2dRMkZpYnlCV1pYSmtaU0JKY3k0Z0tGVlVReWtnUTI5dmNtUnBibUYwWldRZ1ZXNXBkbVZ5YzJGc0lGUnBiV1VXS0ZWVVF5c3dNRG93TUNrZ1EyRnpZV0pzWVc1allTMG9WVlJES3pBd09qQXdLU0JFZFdKc2FXNHNJRVZrYVc1aWRYSm5hQ3dnVEdselltOXVMQ0JNYjI1a2IyNGZLRlZVUXlzd01Eb3dNQ2tnVFc5dWNtOTJhV0VzSUZKbGVXdHFZWFpwYXp3b1ZWUkRLekF4T2pBd0tTQkJiWE4wWlhKa1lXMHNJRUpsY214cGJpd2dRbVZ5Yml3Z1VtOXRaU3dnVTNSdlkydG9iMnh0TENCV2FXVnVibUU5S0ZWVVF5c3dNVG93TUNrZ1FtVnNaM0poWkdVc0lFSnlZWFJwYzJ4aGRtRXNJRUoxWkdGd1pYTjBMQ0JNYW5WaWJHcGhibUVzSUZCeVlXZDFaUzhvVlZSREt6QXhPakF3S1NCQ2NuVnpjMlZzY3l3Z1EyOXdaVzVvWVdkbGJpd2dUV0ZrY21sa0xDQlFZWEpwY3l3b1ZWUkRLekF4T2pBd0tTQlRZWEpoYW1WMmJ5d2dVMnR2Y0dwbExDQlhZWEp6WVhjc0lGcGhaM0psWWg4b1ZWUkRLekF4T2pBd0tTQlhaWE4wSUVObGJuUnlZV3dnUVdaeWFXTmhGQ2hWVkVNck1ERTZNREFwSUZkcGJtUm9iMlZyRVNoVlZFTXJNREk2TURBcElFRnRiV0Z1SFNoVlZFTXJNREk2TURBcElFRjBhR1Z1Y3l3Z1FuVmphR0Z5WlhOMEVpaFZWRU1yTURJNk1EQXBJRUpsYVhKMWRCRW9WVlJES3pBeU9qQXdLU0JEWVdseWJ4UW9WVlJES3pBeU9qQXdLU0JEYUdsemFXNWhkUlFvVlZSREt6QXlPakF3S1NCRVlXMWhjMk4xY3hnb1ZWUkRLekF5T2pBd0tTQkhZWHBoTENCSVpXSnliMjRjS0ZWVVF5c3dNam93TUNrZ1NHRnlZWEpsTENCUWNtVjBiM0pwWVRrb1ZWUkRLekF5T2pBd0tTQklaV3h6YVc1cmFTd2dTM2xwZGl3Z1VtbG5ZU3dnVTI5bWFXRXNJRlJoYkd4cGJtNHNJRlpwYkc1cGRYTVZLRlZVUXlzd01qb3dNQ2tnU21WeWRYTmhiR1Z0RnloVlZFTXJNREk2TURBcElFdGhiR2x1YVc1bmNtRmtFeWhWVkVNck1ESTZNREFwSUZSeWFYQnZiR2tUS0ZWVVF5c3dNem93TUNrZ1FtRm5hR1JoWkJRb1ZWUkRLekF6T2pBd0tTQkpjM1JoYm1KMWJCb29WVlJES3pBek9qQXdLU0JMZFhkaGFYUXNJRkpwZVdGa2FCRW9WVlJES3pBek9qQXdLU0JOYVc1emF5MG9WVlJES3pBek9qQXdLU0JOYjNOamIzY3NJRk4wTGlCUVpYUmxjbk5pZFhKbkxDQldiMnhuYjJkeVlXUVRLRlZVUXlzd016b3dNQ2tnVG1GcGNtOWlhUklvVlZSREt6QXpPak13S1NCVVpXaHlZVzRkS0ZWVVF5c3dORG93TUNrZ1FXSjFJRVJvWVdKcExDQk5kWE5qWVhRZ0tGVlVReXN3TkRvd01Da2dRWE4wY21GcmFHRnVMQ0JWYkhsaGJtOTJjMnNRS0ZWVVF5c3dORG93TUNrZ1FtRnJkUnNvVlZSREt6QTBPakF3S1NCSmVtaGxkbk5yTENCVFlXMWhjbUVXS0ZWVVF5c3dORG93TUNrZ1VHOXlkQ0JNYjNWcGN4TW9WVlJES3pBME9qQXdLU0JUWVhKaGRHOTJFeWhWVkVNck1EUTZNREFwSUZSaWFXeHBjMmtUS0ZWVVF5c3dORG93TUNrZ1dXVnlaWFpoYmhFb1ZWUkRLekEwT2pNd0tTQkxZV0oxYkI0b1ZWUkRLekExT2pBd0tTQkJjMmhuWVdKaGRDd2dWR0Z6YUd0bGJuUVlLRlZVUXlzd05Ub3dNQ2tnUld0aGRHVnlhVzVpZFhKbkhpaFZWRU1yTURVNk1EQXBJRWx6YkdGdFlXSmhaQ3dnUzJGeVlXTm9hUzhvVlZSREt6QTFPak13S1NCRGFHVnVibUZwTENCTGIyeHJZWFJoTENCTmRXMWlZV2tzSUU1bGR5QkVaV3hvYVI4b1ZWUkRLekExT2pNd0tTQlRjbWtnU21GNVlYZGhjbVJsYm1Wd2RYSmhGU2hWVkVNck1EVTZORFVwSUV0aGRHaHRZVzVrZFJJb1ZWUkRLekEyT2pBd0tTQkJjM1JoYm1FUktGVlVReXN3Tmpvd01Da2dSR2hoYTJFUUtGVlVReXN3Tmpvd01Da2dUMjF6YXh3b1ZWUkRLekEyT2pNd0tTQlpZVzVuYjI0Z0tGSmhibWR2YjI0cEl5aFZWRU1yTURjNk1EQXBJRUpoYm1kcmIyc3NJRWhoYm05cExDQktZV3RoY25SaElpaFZWRU1yTURjNk1EQXBJRUpoY201aGRXd3NJRWR2Y201dkxVRnNkR0Y1YzJzUUtGVlVReXN3Tnpvd01Da2dTRzkyWkJjb1ZWUkRLekEzT2pBd0tTQkxjbUZ6Ym05NVlYSnpheGNvVlZSREt6QTNPakF3S1NCT2IzWnZjMmxpYVhKemF4RW9WVlJES3pBM09qQXdLU0JVYjIxemF6RW9WVlJES3pBNE9qQXdLU0JDWldscWFXNW5MQ0JEYUc5dVozRnBibWNzSUVodmJtY2dTMjl1Wnl3Z1ZYSjFiWEZwRXloVlZFTXJNRGc2TURBcElFbHlhM1YwYzJzaktGVlVReXN3T0Rvd01Da2dTM1ZoYkdFZ1RIVnRjSFZ5TENCVGFXNW5ZWEJ2Y21VUktGVlVReXN3T0Rvd01Da2dVR1Z5ZEdnU0tGVlVReXN3T0Rvd01Da2dWR0ZwY0dWcEZ5aFZWRU1yTURnNk1EQXBJRlZzWVdGdVltRmhkR0Z5RlNoVlZFTXJNRGc2TXpBcElGQjViMjVuZVdGdVp4RW9WVlJES3pBNE9qUTFLU0JGZFdOc1lSRW9WVlJES3pBNU9qQXdLU0JEYUdsMFlTRW9WVlJES3pBNU9qQXdLU0JQYzJGcllTd2dVMkZ3Y0c5eWJ5d2dWRzlyZVc4UktGVlVReXN3T1Rvd01Da2dVMlZ2ZFd3VEtGVlVReXN3T1Rvd01Da2dXV0ZyZFhSemF4UW9WVlJES3pBNU9qTXdLU0JCWkdWc1lXbGtaUklvVlZSREt6QTVPak13S1NCRVlYSjNhVzRVS0ZWVVF5c3hNRG93TUNrZ1FuSnBjMkpoYm1VbktGVlVReXN4TURvd01Da2dRMkZ1WW1WeWNtRXNJRTFsYkdKdmRYSnVaU3dnVTNsa2JtVjVIaWhWVkVNck1UQTZNREFwSUVkMVlXMHNJRkJ2Y25RZ1RXOXlaWE5pZVJJb1ZWUkRLekV3T2pBd0tTQkliMkpoY25RWEtGVlVReXN4TURvd01Da2dWbXhoWkdsMmIzTjBiMnNjS0ZWVVF5c3hNRG96TUNrZ1RHOXlaQ0JJYjNkbElFbHpiR0Z1WkI4b1ZWUkRLekV4T2pBd0tTQkNiM1ZuWVdsdWRtbHNiR1VnU1hOc1lXNWtGaWhWVkVNck1URTZNREFwSUVOb2IydDFjbVJoYTJnVEtGVlVReXN4TVRvd01Da2dUV0ZuWVdSaGJob29WVlJES3pFeE9qQXdLU0JPYjNKbWIyeHJJRWx6YkdGdVpCUW9WVlJES3pFeE9qQXdLU0JUWVd0b1lXeHBiaVlvVlZSREt6RXhPakF3S1NCVGIyeHZiVzl1SUVsekxpd2dUbVYzSUVOaGJHVmtiMjVwWVN3b1ZWUkRLekV5T2pBd0tTQkJibUZrZVhJc0lGQmxkSEp2Y0dGMmJHOTJjMnN0UzJGdFkyaGhkSE5yZVNBb1ZWUkRLekV5T2pBd0tTQkJkV05yYkdGdVpDd2dWMlZzYkdsdVozUnZiaWtvVlZSREt6RXlPakF3S1NCRGIyOXlaR2x1WVhSbFpDQlZibWwyWlhKellXd2dWR2x0WlNzeE1oQW9WVlJES3pFeU9qQXdLU0JHYVdwcEtpaFZWRU1yTVRJNk1EQXBJRkJsZEhKdmNHRjJiRzkyYzJzdFMyRnRZMmhoZEhOcmVTQXRJRTlzWkJzb1ZWUkRLekV5T2pRMUtTQkRhR0YwYUdGdElFbHpiR0Z1WkhNcEtGVlVReXN4TXpvd01Da2dRMjl2Y21ScGJtRjBaV1FnVlc1cGRtVnljMkZzSUZScGJXVXJNVE1XS0ZWVVF5c3hNem93TUNrZ1RuVnJkU2RoYkc5bVlSRW9WVlJES3pFek9qQXdLU0JUWVcxdllSMG9WVlJES3pFME9qQXdLU0JMYVhKcGRHbHRZWFJwSUVsemJHRnVaQldJQVFFd0ZrUmhkR1ZzYVc1bElGTjBZVzVrWVhKa0lGUnBiV1VHVlZSRExURXhGa0ZzWlhWMGFXRnVJRk4wWVc1a1lYSmtJRlJwYldVV1NHRjNZV2xwWVc0Z1UzUmhibVJoY21RZ1ZHbHRaUmROWVhKeGRXVnpZWE1nVTNSaGJtUmhjbVFnVkdsdFpSVkJiR0Z6YTJGdUlGTjBZVzVrWVhKa0lGUnBiV1VHVlZSRExUQTVIbEJoWTJsbWFXTWdVM1JoYm1SaGNtUWdWR2x0WlNBb1RXVjRhV052S1FaVlZFTXRNRGdWVUdGamFXWnBZeUJUZEdGdVpHRnlaQ0JVYVcxbEdWVlRJRTF2ZFc1MFlXbHVJRk4wWVc1a1lYSmtJRlJwYldVZlRXOTFiblJoYVc0Z1UzUmhibVJoY21RZ1ZHbHRaU0FvVFdWNGFXTnZLUlpOYjNWdWRHRnBiaUJUZEdGdVpHRnlaQ0JVYVcxbEhVTmxiblJ5WVd3Z1FXMWxjbWxqWVNCVGRHRnVaR0Z5WkNCVWFXMWxGVU5sYm5SeVlXd2dVM1JoYm1SaGNtUWdWR2x0WlJ0RllYTjBaWElnU1hOc1lXNWtJRk4wWVc1a1lYSmtJRlJwYldVZVEyVnVkSEpoYkNCVGRHRnVaR0Z5WkNCVWFXMWxJQ2hOWlhocFkyOHBIRU5oYm1Ga1lTQkRaVzUwY21Gc0lGTjBZVzVrWVhKa0lGUnBiV1VZVTBFZ1VHRmphV1pwWXlCVGRHRnVaR0Z5WkNCVWFXMWxIa1ZoYzNSbGNtNGdVM1JoYm1SaGNtUWdWR2x0WlNBb1RXVjRhV052S1JWRllYTjBaWEp1SUZOMFlXNWtZWEprSUZScGJXVVRTR0ZwZEdrZ1UzUmhibVJoY21RZ1ZHbHRaUkpEZFdKaElGTjBZVzVrWVhKa0lGUnBiV1VZVlZNZ1JXRnpkR1Z5YmlCVGRHRnVaR0Z5WkNCVWFXMWxGbEJoY21GbmRXRjVJRk4wWVc1a1lYSmtJRlJwYldVV1FYUnNZVzUwYVdNZ1UzUmhibVJoY21RZ1ZHbHRaUmRXWlc1bGVuVmxiR0VnVTNSaGJtUmhjbVFnVkdsdFpSOURaVzUwY21Gc0lFSnlZWHBwYkdsaGJpQlRkR0Z1WkdGeVpDQlVhVzFsR0ZOQklGZGxjM1JsY200Z1UzUmhibVJoY21RZ1ZHbHRaUmhRWVdOcFptbGpJRk5CSUZOMFlXNWtZWEprSUZScGJXVWVWSFZ5YTNNZ1FXNWtJRU5oYVdOdmN5QlRkR0Z1WkdGeVpDQlVhVzFsR2s1bGQyWnZkVzVrYkdGdVpDQlRkR0Z1WkdGeVpDQlVhVzFsRjFSdlkyRnVkR2x1Y3lCVGRHRnVaR0Z5WkNCVWFXMWxIa1V1SUZOdmRYUm9JRUZ0WlhKcFkyRWdVM1JoYm1SaGNtUWdWR2x0WlJoVFFTQkZZWE4wWlhKdUlGTjBZVzVrWVhKa0lGUnBiV1VYUVhKblpXNTBhVzVoSUZOMFlXNWtZWEprSUZScGJXVVhSM0psWlc1c1lXNWtJRk4wWVc1a1lYSmtJRlJwYldVWVRXOXVkR1YyYVdSbGJ5QlRkR0Z1WkdGeVpDQlVhVzFsR0UxaFoyRnNiR0Z1WlhNZ1UzUmhibVJoY21RZ1ZHbHRaUnBUWVdsdWRDQlFhV1Z5Y21VZ1UzUmhibVJoY21RZ1ZHbHRaUk5DWVdocFlTQlRkR0Z1WkdGeVpDQlVhVzFsQmxWVVF5MHdNaHBOYVdRdFFYUnNZVzUwYVdNZ1UzUmhibVJoY21RZ1ZHbHRaUlJCZW05eVpYTWdVM1JoYm1SaGNtUWdWR2x0WlJoRFlYQmxJRlpsY21SbElGTjBZVzVrWVhKa0lGUnBiV1VEVlZSREZVMXZjbTlqWTI4Z1UzUmhibVJoY21RZ1ZHbHRaUkZIVFZRZ1UzUmhibVJoY21RZ1ZHbHRaUmRIY21WbGJuZHBZMmdnVTNSaGJtUmhjbVFnVkdsdFpSZFhMaUJGZFhKdmNHVWdVM1JoYm1SaGNtUWdWR2x0WlJ4RFpXNTBjbUZzSUVWMWNtOXdaU0JUZEdGdVpHRnlaQ0JVYVcxbEZWSnZiV0Z1WTJVZ1UzUmhibVJoY21RZ1ZHbHRaUjVEWlc1MGNtRnNJRVYxY205d1pXRnVJRk4wWVc1a1lYSmtJRlJwYldVZlZ5NGdRMlZ1ZEhKaGJDQkJabkpwWTJFZ1UzUmhibVJoY21RZ1ZHbHRaUlZPWVcxcFltbGhJRk4wWVc1a1lYSmtJRlJwYldVVVNtOXlaR0Z1SUZOMFlXNWtZWEprSUZScGJXVVJSMVJDSUZOMFlXNWtZWEprSUZScGJXVVpUV2xrWkd4bElFVmhjM1FnVTNSaGJtUmhjbVFnVkdsdFpSTkZaM2x3ZENCVGRHRnVaR0Z5WkNCVWFXMWxGMFV1SUVWMWNtOXdaU0JUZEdGdVpHRnlaQ0JVYVcxbEUxTjVjbWxoSUZOMFlXNWtZWEprSUZScGJXVVhWMlZ6ZENCQ1lXNXJJRk4wWVc1a1lYSmtJRlJwYldVYVUyOTFkR2dnUVdaeWFXTmhJRk4wWVc1a1lYSmtJRlJwYldVUlJreEZJRk4wWVc1a1lYSmtJRlJwYldVVVNYTnlZV1ZzSUZOMFlXNWtZWEprSUZScGJXVVpTMkZzYVc1cGJtZHlZV1FnVTNSaGJtUmhjbVFnVkdsdFpSTk1hV0o1WVNCVGRHRnVaR0Z5WkNCVWFXMWxGRUZ5WVdKcFl5QlRkR0Z1WkdGeVpDQlVhVzFsRkZSMWNtdGxlU0JUZEdGdVpHRnlaQ0JVYVcxbEVrRnlZV0lnVTNSaGJtUmhjbVFnVkdsdFpSVkNaV3hoY25WeklGTjBZVzVrWVhKa0lGUnBiV1VWVW5WemMybGhiaUJUZEdGdVpHRnlaQ0JVYVcxbEYwVXVJRUZtY21sallTQlRkR0Z1WkdGeVpDQlVhVzFsRWtseVlXNGdVM1JoYm1SaGNtUWdWR2x0WlJWQmNtRmlhV0Z1SUZOMFlXNWtZWEprSUZScGJXVVhRWE4wY21GcmFHRnVJRk4wWVc1a1lYSmtJRlJwYldVWVFYcGxjbUpoYVdwaGJpQlRkR0Z1WkdGeVpDQlVhVzFsRWxKMWMzTnBZU0JVYVcxbElGcHZibVVnTXhkTllYVnlhWFJwZFhNZ1UzUmhibVJoY21RZ1ZHbHRaUlZUWVhKaGRHOTJJRk4wWVc1a1lYSmtJRlJwYldVV1IyVnZjbWRwWVc0Z1UzUmhibVJoY21RZ1ZHbHRaUlpEWVhWallYTjFjeUJUZEdGdVpHRnlaQ0JVYVcxbEdVRm1aMmhoYm1semRHRnVJRk4wWVc1a1lYSmtJRlJwYldVWFYyVnpkQ0JCYzJsaElGTjBZVzVrWVhKa0lGUnBiV1VhUld0aGRHVnlhVzVpZFhKbklGTjBZVzVrWVhKa0lGUnBiV1VXVUdGcmFYTjBZVzRnVTNSaGJtUmhjbVFnVkdsdFpSTkpibVJwWVNCVGRHRnVaR0Z5WkNCVWFXMWxGMU55YVNCTVlXNXJZU0JUZEdGdVpHRnlaQ0JVYVcxbEUwNWxjR0ZzSUZOMFlXNWtZWEprSUZScGJXVWFRMlZ1ZEhKaGJDQkJjMmxoSUZOMFlXNWtZWEprSUZScGJXVVlRbUZ1WjJ4aFpHVnphQ0JUZEdGdVpHRnlaQ0JVYVcxbEVrOXRjMnNnVTNSaGJtUmhjbVFnVkdsdFpSVk5lV0Z1YldGeUlGTjBZVzVrWVhKa0lGUnBiV1VWVTBVZ1FYTnBZU0JUZEdGdVpHRnlaQ0JVYVcxbEUwRnNkR0ZwSUZOMFlXNWtZWEprSUZScGJXVVpWeTRnVFc5dVoyOXNhV0VnVTNSaGJtUmhjbVFnVkdsdFpSaE9iM0owYUNCQmMybGhJRk4wWVc1a1lYSmtJRlJwYldVZFRpNGdRMlZ1ZEhKaGJDQkJjMmxoSUZOMFlXNWtZWEprSUZScGJXVVRWRzl0YzJzZ1UzUmhibVJoY21RZ1ZHbHRaUk5EYUdsdVlTQlRkR0Z1WkdGeVpDQlVhVzFsSFU1dmNuUm9JRUZ6YVdFZ1JXRnpkQ0JUZEdGdVpHRnlaQ0JVYVcxbEYxTnBibWRoY0c5eVpTQlRkR0Z1WkdGeVpDQlVhVzFsR2xjdUlFRjFjM1J5WVd4cFlTQlRkR0Z1WkdGeVpDQlVhVzFsRkZSaGFYQmxhU0JUZEdGdVpHRnlaQ0JVYVcxbEdWVnNZV0Z1WW1GaGRHRnlJRk4wWVc1a1lYSmtJRlJwYldVWlRtOXlkR2dnUzI5eVpXRWdVM1JoYm1SaGNtUWdWR2x0WlJ4QmRYTWdRMlZ1ZEhKaGJDQlhMaUJUZEdGdVpHRnlaQ0JVYVcxbEdWUnlZVzV6WW1GcGEyRnNJRk4wWVc1a1lYSmtJRlJwYldVVFZHOXJlVzhnVTNSaGJtUmhjbVFnVkdsdFpSTkxiM0psWVNCVGRHRnVaR0Z5WkNCVWFXMWxGVmxoYTNWMGMyc2dVM1JoYm1SaGNtUWdWR2x0WlJ4RFpXNHVJRUYxYzNSeVlXeHBZU0JUZEdGdVpHRnlaQ0JVYVcxbEdVRlZVeUJEWlc1MGNtRnNJRk4wWVc1a1lYSmtJRlJwYldVYVJTNGdRWFZ6ZEhKaGJHbGhJRk4wWVc1a1lYSmtJRlJwYldVWlFWVlRJRVZoYzNSbGNtNGdVM1JoYm1SaGNtUWdWR2x0WlJwWFpYTjBJRkJoWTJsbWFXTWdVM1JoYm1SaGNtUWdWR2x0WlJaVVlYTnRZVzVwWVNCVGRHRnVaR0Z5WkNCVWFXMWxHVlpzWVdScGRtOXpkRzlySUZOMFlXNWtZWEprSUZScGJXVVhURzl5WkNCSWIzZGxJRk4wWVc1a1lYSmtJRlJwYldVYVFtOTFaMkZwYm5acGJHeGxJRk4wWVc1a1lYSmtJRlJwYldVVFVuVnpjMmxoSUZScGJXVWdXbTl1WlNBeE1CVk5ZV2RoWkdGdUlGTjBZVzVrWVhKa0lGUnBiV1VWVG05eVptOXNheUJUZEdGdVpHRnlaQ0JVYVcxbEZsTmhhMmhoYkdsdUlGTjBZVzVrWVhKa0lGUnBiV1VkUTJWdWRISmhiQ0JRWVdOcFptbGpJRk4wWVc1a1lYSmtJRlJwYldVVFVuVnpjMmxoSUZScGJXVWdXbTl1WlNBeE1SbE9aWGNnV21WaGJHRnVaQ0JUZEdGdVpHRnlaQ0JVYVcxbEJsVlVReXN4TWhKR2FXcHBJRk4wWVc1a1lYSmtJRlJwYldVWFMyRnRZMmhoZEd0aElGTjBZVzVrWVhKa0lGUnBiV1VkUTJoaGRHaGhiU0JKYzJ4aGJtUnpJRk4wWVc1a1lYSmtJRlJwYldVR1ZWUkRLekV6RTFSdmJtZGhJRk4wWVc1a1lYSmtJRlJwYldVVFUyRnRiMkVnVTNSaGJtUmhjbVFnVkdsdFpScE1hVzVsSUVsemJHRnVaSE1nVTNSaGJtUmhjbVFnVkdsdFpSUXJBNGdCWjJkbloyZG5aMmRuWjJkbloyZG5aMmRuWjJkbloyZG5aMmRuWjJkbloyZG5aMmRuWjJkbloyZG5aMmRuWjJkbloyZG5aMmRuWjJkbloyZG5aMmRuWjJkbloyZG5aMmRuWjJkbloyZG5aMmRuWjJkbloyZG5aMmRuWjJkbloyZG5aMmRuWjJkbloyZG5aMmRuWjJkbloyZG5aMmRuWjJkbloyZG5aMmRuWjJkbloyZG5aMmRuWjJSa0FoTVBaQllDQWdFUFpCWVVBZ0VQRmdJZkF3VVNUM1JvWlhJZ1NXNW1iM0p0WVhScGIyNDZaQUlERDJRV0JBSUJEMlFXQWdJQkR4WUNId01GRFVScGNtVmpkRUpwYkd4cGJtZGtBZ1lQRlFOTVEyOXVkR1Z1ZEZCc1lXTmxTRzlzWkdWeVJHVm1ZWFZzZEY5TllYTjBaWEpRYkdGalpXaHZiR1JsY2w5RGFHRnVaMlZCWkdSeVpYTnpYelpmWTJoaVJHbHlaV04wUW1sc2JHbHVaeDlFYVhKbFkzUWdRbWxzYkdsdVp5QkpibVp2Y20xaGRHbHZiaUJVWlhoMEgwUnBjbVZqZENCQ2FXeHNhVzVuSUVsdWMzUnlkV04wYVc5dUlGUmxlSFJrQWdVUFpCWUdBZ0VQWkJZQ0FnRVBEeFlDSHdNRkVVSnBiR3hwYm1kQloyVnVZM2xPWVcxbFpHUUNCUThRRHhZQ0h4Qm5aR1FXQUdRQ0J3OFdBaDhFWnhZQ1pnOFZBVGRPYnlCaFoyVnVZMmxsY3lCdVlXMWxJR1p2ZFc1a0xDQlFiR1ZoYzJVZ1kyOXVkR0ZqZENCamRYTjBiMjFsY2lCemRYQndiM0owWkFJSEQyUVdCQUlCRDJRV0FnSUJEdzhXQWg4REJRcFBabVpwWTJWT1lXMWxaR1FDQlE4UUR4WUNIeEJuWkdRV0FHUUNDUTlrRmdJQ0FROWtGZ0lDQVE4UEZnSWZBd1VQVDNSb1pYSkJaMlZ1WTNsSmJtWnZaR1FDQ3c5a0ZnSUNBUTlrRmdJQ0FROFBGZ0lmQXdVUFdXOTFja052Ym5SaFkzUk9ZVzFsWkdRQ0RROWtGZ0lDQVE5a0ZnSUNBUThQRmdJZkF3VU1RMjl1ZEdGamRGQm9iMjVsWkdRQ0R3OFBGZ0lmQkdka0ZnUUNBUTlrRmdJQ0FROFBGZ0lmQXdVUVFXUmthWFJwYjI1aGJDQkZiV0ZwYkdSa0FnVVBEeFlDSHd0b1pHUUNFUThQRmdJZkJHZGtGZ1FDQVE5a0ZnSUNBUThQRmdZZkF3VVVVSEpwWTJWQlozSmxaVzFsYm5ST2RXMWlaWElmQndVWElISmxjWFZwY21Wa1JtbGxiR1JEYUdGeVlXTjBaWElmQ0FJQ1pHUUNCUThQRmdJZkF3VUZjSEpwWTJWa1pBSVREdzhXQWg4RVoyUVdCQUlCRDJRV0FnSUJEeFlDSHdNRkNFTmhiWEJoYVdkdVpBSUZEeEFQRmdJZkVHZGtEeFlDWmdJQkZnSVFCUXBPWlhkelRHVjBkR1Z5QlJWVGRXSnpZM0pwWW1WVWIwNWxkM05NWlhSMFpYSm5FQVVHVTNWeWRtVjVCUVpUZFhKMlpYbG5GZ0JrQWhVUER4WUNId01GQkZOaGRtVmtaQUlYRDJRV0FnSUJEeFlDSHdNRkhDb2dWR2hsYzJVZ1ptbGxiR1J6SUdGeVpTQnRZVzVrWVhSdmNubGtBaGtQWkJZQ0FnRVBGZ0lmQTJWa0FnVVBaQllDWmc4UEZnSWZEUVVUVFhrZ1FXTmpiM1Z1ZENCVFpYUjBhVzVuYzJRV0ZBSUREeFlDSHdNRkQwRmpZMjkxYm5RZ1JHVjBZV2xzYzJRQ0JROFdBaDhEQlF4QlkyTnZkVzUwSUU1dkxqcGtBZ2NQRmdJZkF3VUVNVGcwTm1RQ0NROFdBaDhEQlF0RGIyNTBZV04wSUVsRU9tUUNDdzhXQWg4REJRc3pNVEV3TURBd016STFPV1FDRFE4V0FoOERCUXBUYjJ4a1ZHOGdTVVE2WkFJUER4WUNId01GQldWdGNIUjVaQUlSRDJRV0JBSUJEeFlDSHdNRllsQnlhV05sSUVGbmNtVmxiV1Z1ZENCT2J5NDZJRHh6Y0dGdUlHTnNZWE56UFNKMGIyOXNkR2x3WDJsamIyNGlJSFJwZEd4bFBTSjBiMjlzZEdsd0lHWnZjaUJ3Y21salpTQmhaM0psWlcxbGJuUWdiblZ0WW1WeUlqNDhMM053WVc0K1pBSUREeFlDSHdNRkJYQnlhV05sWkFJVEQyUVdFQUlCRHhZQ0h3TUZEVXh2WjJsdUlFUmxkR0ZwYkhOa0FnTVBGZ0lmQXdVSVYyVmliRzluYVc1a0FnVVBGZ0lmQXdVV2NHNTBaWE4wTURBeFFHVjFjbTltYVc1ekxtTnZiV1FDQ1E5a0ZnSUNBUThQRmdZZkF3VVJRM1Z5Y21WdWRDQlFZWE56ZDI5eVpEb2ZCd1VYSUhKbGNYVnBjbVZrUm1sbGJHUkRhR0Z5WVdOMFpYSWZDQUlDWkdRQ0N3OWtGZ0lDQVE4V0FoOERCUTFPWlhjZ1VHRnpjM2R2Y21RNlpBSU5EMlFXQWdJQkR3OFdCaDhEQlJCRGIyNW1hWEp0SUZCaGMzTjNiM0prSHdjRkZ5QnlaWEYxYVhKbFpFWnBaV3hrUTJoaGNtRmpkR1Z5SHdnQ0FtUmtBZzhQWkJZR1pnOFZBV2hEYjI1MFpXNTBVR3hoWTJWSWIyeGtaWEpFWldaaGRXeDBYMDFoYzNSbGNsQnNZV05sYUc5c1pHVnlYM1ZqVFhsQlkyTnZkVzUwVTJWMGRHbHVaM05mTjE5MmMwTm9ZVzVuWlZCaGMzTjNiM0prWDJWamIyMVdZV3hwWkdGMGFXOXVVM1Z0YldGeWVXUUNBUThQRmdJZUQxWmhiR2xrWVhScGIyNUhjbTkxY0FVT1EyaGhibWRsVUdGemMzZHZjbVJrWkFJQ0R4VUJhRU52Ym5SbGJuUlFiR0ZqWlVodmJHUmxja1JsWm1GMWJIUmZUV0Z6ZEdWeVVHeGhZMlZvYjJ4a1pYSmZkV05OZVVGalkyOTFiblJUWlhSMGFXNW5jMTgzWDNaelEyaGhibWRsVUdGemMzZHZjbVJmWldOdmJWWmhiR2xrWVhScGIyNVRkVzF0WVhKNVpBSVFEeFVCY1VOdmJuUmxiblJRYkdGalpVaHZiR1JsY2tSbFptRjFiSFJmVFdGemRHVnlVR3hoWTJWb2IyeGtaWEpmZFdOTmVVRmpZMjkxYm5SVFpYUjBhVzVuYzE4M1gzQnViRVJ5WVdkaFlteGxWMmx1Wkc5M1EyOXVkR1Z1ZEY5SmJteHBibVZOWlhOellXZGxRMjl1ZEdGcGJtVnlaQUlWRHc4V0FoOERCUVJUWVhabFpHUUNCdzlrRmdKbUR3OFdBaDhOQlJGRWNtOXdZbTk0SUV4dlkyRjBhVzl1YzJRV0NnSUREeFlDSHdNRkUxTmxiR1ZqZENCNWIzVnlJR1J5YjNCaWIzaGtBZ1VQRmdJZkF3VWxSR2x6Y0d4aGVTQkVjbTl3UW05NFpYTWdhVzRnTWpBZ1RXbHNaU0J5WVc1blpTQnZabVFDQnc4UEZnSWZBd1VHTlRZd01EUXlaR1FDQ0E4VkFXbERiMjUwWlc1MFVHeGhZMlZJYjJ4a1pYSkVaV1poZFd4MFgwMWhjM1JsY2xCc1lXTmxhRzlzWkdWeVgzVmpSSEp2Y0VKdmVHVnpYemhmY0c1c1JISmhaMkZpYkdWWGFXNWtiM2REYjI1MFpXNTBYMGx1YkdsdVpVMWxjM05oWjJWRGIyNTBZV2x1WlhKa0Fna1BEeFlDSHdSb1pCWUdBZ0VQRmdJZUJWWmhiSFZsWkdRQ0F3OFdBaDhVQlVON0lrUnBjM1JoYm1ObFNXNVNZV1JwZFhNaU9qSXdMQ0pWYm1sMFQyWkVhWE4wWVc1alpTSTZNaXdpU1c1cGRHbGhiRTFoY0ZwdmIyMU1aWFpsYkNJNk1UVjlaQUlIRHhZQ0hndGZJVWwwWlcxRGIzVnVkQUwvLy8vL0QyUUNGUTlrRmdKbUQyUVdBbVlQRlFHbUJuWmhjaUJ6YUc5M1VISnZaM0psYzNOQ1lYSkJablJsY2oweU1EQTdEUXAyWVhJZ2JXVnpjMkZuWlZCeWIyZHlaWE56UW1GeVBTZFFiR1ZoYzJVZ2QyRnBkQzR1TGljN0RRcDJZWElnY0hKdlozSmxjM05DWVhKVWFYUnNaVDBuVUd4bFlYTmxJSGRoYVhRdUxpNG5PdzBLZG1GeUlIQnliMmR5WlhOelFtRnlRMkZ1WTJWc1FuVjBkRzl1VkdWNGREMG5RMkZ1WTJWc0p6c05DblpoY2lCaGJHVnlkRTFsYzNOaFoyVkNkWFIwYjI1VVpYaDBQU2RQYXljN0RRcDJZWElnWVd4bGNuUk5aWE56WVdkbFZHbDBiR1U5SjBGc1pYSjBJRTFsYzNOaFoyVW5PdzBLZG1GeUlHOXdaWEp2YmxOcGRHVlZjbXc5SnljN0RRcDJZWElnWTNWeWNtVnVkRk5wZEdWRGIyUmxQU2RGUWtVbk93MEtkbUZ5SUhOMVlrUnZiV0ZwYmowblVVRW5PdzBLZG1GeUlIQnZjblJPZFcxaVpYSTlKemd4SnpzTkNuWmhjaUJ3Y21WTWIyRmtTVzFoWjJWTWFYTjBQVnNuTDJOemN5OWxlSFF2YW5GMVpYSjVkR2hsYldWekwybHRZV2RsY3k5MWFTMWlaMTluYkdGemMxODFOVjh4WXpGak1XTmZNWGcwTURBdWNHNW5KMTA3RFFwMllYSWdjSEpwWTJsdVowUmxkR0ZwYkhORGJHOXpaVUoxZEhSdmJsUmxlSFE5SjBOc2IzTmxKenNOQ25aaGNpQkJaR1JDZFhSMGIyNVNaWE52ZFhKalpWUmxlSFFnUFNBblFXUmtKenNOQ25aaGNpQkRZVzVqWld4Q2RYUjBiMjVTWlhOdmRYSmpaVlJsZUhRZ1BTQW5RMkZ1WTJWc0p6c05DblpoY2lCRGJHOXpaVUoxZEhSdmJsSmxjMjkxY21ObFZHVjRkQ0E5SUNkRGJHOXpaU2M3RFFwMllYSWdVMkYyWlVKMWRIUnZibEpsYzI5MWNtTmxWR1Y0ZENBOUlDZFRZWFpsSnpzTkNuWmhjaUJPYjBKMWRIUnZibEpsYzI5MWNtTmxWR1Y0ZENBOUlDZE9ieWM3RFFwMllYSWdXV1Z6UW5WMGRHOXVVbVZ6YjNWeVkyVlVaWGgwSUQwZ0oxbGxjeWM3RFFwMllYSWdWR2hwWTJ0Q2IzaERiRzl6WlZSbGVIUlNaWE52ZFhKalpTQTlJQ2R2Y2lCRmMyTWdTMlY1SnpzTkNuWmhjaUJVYUdsamEwSnZlRU5zYjNObFRHbHVhMUpsYzI5MWNtTmxJRDBnSjJOc2IzTmxKenNOQ25aaGNpQmtaWEJzYjNsdFpXNTBSVzUyYVhKdmJtMWxiblFnUFNBblVVRW5PdzBLWkdUY0NXcVdSMlpkZGFIUUs5cXFXUlltcXJrYmZabmQxc2JJWjZtb1dVTHBzUT09IiBDb3JyZWxhdGlvbkJpbmRpbmc9IiIgVXJsRW5jb2RlPSJUcnVlIiAvPg0KICAgICAgICA8Rm9ybVBvc3RQYXJhbWV0ZXIgTmFtZT0iY3RsMDAkY3RsMDAkY3RsMDAkQ29udGVudFBsYWNlSG9sZGVyRGVmYXVsdCRUb3BMb2dnZWRJbl8xJGhkblNjcmVlbkFyZWEiIFZhbHVlPSJ7eyRISURERU4xLmN0bDAwJGN0bDAwJGN0bDAwJENvbnRlbnRQbGFjZUhvbGRlckRlZmF1bHQkVG9wTG9nZ2VkSW5fMSRoZG5TY3JlZW5BcmVhfX0iIFJlY29yZGVkVmFsdWU9IiIgQ29ycmVsYXRpb25CaW5kaW5nPSIiIFVybEVuY29kZT0iVHJ1ZSIgLz4NCiAgICAgICAgPEZvcm1Qb3N0UGFyYW1ldGVyIE5hbWU9ImN0bDAwJGN0bDAwJGN0bDAwJENvbnRlbnRQbGFjZUhvbGRlckRlZmF1bHQkQ2FydE92ZXJ2aWV3XzMkaGRuRmllbGRTZWxlY3RlZE9yZGVySXRlbUNoZWNrb3V0U3RhdGVzIiBWYWx1ZT0ie3skSElEREVOMS5jdGwwMCRjdGwwMCRjdGwwMCRDb250ZW50UGxhY2VIb2xkZXJEZWZhdWx0JENhcnRPdmVydmlld18zJGhkbkZpZWxkU2VsZWN0ZWRPcmRlckl0ZW1DaGVja291dFN0YXRlc319IiBSZWNvcmRlZFZhbHVlPSIiIENvcnJlbGF0aW9uQmluZGluZz0iIiBVcmxFbmNvZGU9IlRydWUiIC8+DQogICAgICAgIDxGb3JtUG9zdFBhcmFtZXRlciBOYW1lPSJjdGwwMCRjdGwwMCRjdGwwMCRDb250ZW50UGxhY2VIb2xkZXJEZWZhdWx0JENhcnRPdmVydmlld18zJGhkbkZpZWxkQ29tcGxldGVDYXJ0Q2hlY2tvdXRTdGF0ZUVudW1zIiBWYWx1ZT0ie3skSElEREVOMS5jdGwwMCRjdGwwMCRjdGwwMCRDb250ZW50UGxhY2VIb2xkZXJEZWZhdWx0JENhcnRPdmVydmlld18zJGhkbkZpZWxkQ29tcGxldGVDYXJ0Q2hlY2tvdXRTdGF0ZUVudW1zfX0iIFJlY29yZGVkVmFsdWU9IiIgQ29ycmVsYXRpb25CaW5kaW5nPSIiIFVybEVuY29kZT0iVHJ1ZSIgLz4NCiAgICAgICAgPEZvcm1Qb3N0UGFyYW1ldGVyIE5hbWU9ImN0bDAwJGN0bDAwJGN0bDAwJENvbnRlbnRQbGFjZUhvbGRlckRlZmF1bHQkQ2FydE92ZXJ2aWV3XzMkaGRuRmllbGRTZWxlY3RlZEl0ZW1JZHMiIFZhbHVlPSJ7eyRISURERU4xLmN0bDAwJGN0bDAwJGN0bDAwJENvbnRlbnRQbGFjZUhvbGRlckRlZmF1bHQkQ2FydE92ZXJ2aWV3XzMkaGRuRmllbGRTZWxlY3RlZEl0ZW1JZHN9fSIgUmVjb3JkZWRWYWx1ZT0iIiBDb3JyZWxhdGlvbkJpbmRpbmc9IiIgVXJsRW5jb2RlPSJUcnVlIiAvPg0KICAgICAgICA8Rm9ybVBvc3RQYXJhbWV0ZXIgTmFtZT0iY3RsMDAkY3RsMDAkY3RsMDAkQ29udGVudFBsYWNlSG9sZGVyRGVmYXVsdCRDYXJ0T3ZlcnZpZXdfMyRoZG5TY3JlZW5BcmVhIiBWYWx1ZT0ie3skSElEREVOMS5jdGwwMCRjdGwwMCRjdGwwMCRDb250ZW50UGxhY2VIb2xkZXJEZWZhdWx0JENhcnRPdmVydmlld18zJGhkblNjcmVlbkFyZWF9fSIgUmVjb3JkZWRWYWx1ZT0iIiBDb3JyZWxhdGlvbkJpbmRpbmc9IiIgVXJsRW5jb2RlPSJUcnVlIiAvPg0KICAgICAgICA8Rm9ybVBvc3RQYXJhbWV0ZXIgTmFtZT0iY3RsMDAkY3RsMDAkY3RsMDAkQ29udGVudFBsYWNlSG9sZGVyRGVmYXVsdCRNYXN0ZXJQbGFjZWhvbGRlciRSZXF1aXJlVXNlckxvZ2luXzUkaGRuU2NyZWVuQXJlYSIgVmFsdWU9Int7JEhJRERFTjEuY3RsMDAkY3RsMDAkY3RsMDAkQ29udGVudFBsYWNlSG9sZGVyRGVmYXVsdCRNYXN0ZXJQbGFjZWhvbGRlciRSZXF1aXJlVXNlckxvZ2luXzUkaGRuU2NyZWVuQXJlYX19IiBSZWNvcmRlZFZhbHVlPSIiIENvcnJlbGF0aW9uQmluZGluZz0iIiBVcmxFbmNvZGU9IlRydWUiIC8+DQogICAgICAgIDxGb3JtUG9zdFBhcmFtZXRlciBOYW1lPSJjdGwwMCRjdGwwMCRjdGwwMCRDb250ZW50UGxhY2VIb2xkZXJEZWZhdWx0JE1hc3RlclBsYWNlaG9sZGVyJENoYW5nZUFkZHJlc3NfNiRoZG5TdGF0ZUtleSIgVmFsdWU9Int7JEhJRERFTjEuY3RsMDAkY3RsMDAkY3RsMDAkQ29udGVudFBsYWNlSG9sZGVyRGVmYXVsdCRNYXN0ZXJQbGFjZWhvbGRlciRDaGFuZ2VBZGRyZXNzXzYkaGRuU3RhdGVLZXl9fSIgUmVjb3JkZWRWYWx1ZT0iSU4tS0EiIENvcnJlbGF0aW9uQmluZGluZz0iIiBVcmxFbmNvZGU9IlRydWUiIC8+DQogICAgICAgIDxGb3JtUG9zdFBhcmFtZXRlciBOYW1lPSJjdGwwMCRjdGwwMCRjdGwwMCRDb250ZW50UGxhY2VIb2xkZXJEZWZhdWx0JE1hc3RlclBsYWNlaG9sZGVyJENoYW5nZUFkZHJlc3NfNiRoZG5CaWxsaW5nQWdlbmNpZXMiIFZhbHVlPSJ7eyRISURERU4xLmN0bDAwJGN0bDAwJGN0bDAwJENvbnRlbnRQbGFjZUhvbGRlckRlZmF1bHQkTWFzdGVyUGxhY2Vob2xkZXIkQ2hhbmdlQWRkcmVzc182JGhkbkJpbGxpbmdBZ2VuY2llc319IiBSZWNvcmRlZFZhbHVlPSIiIENvcnJlbGF0aW9uQmluZGluZz0iIiBVcmxFbmNvZGU9IlRydWUiIC8+DQogICAgICAgIDxGb3JtUG9zdFBhcmFtZXRlciBOYW1lPSJjdGwwMCRjdGwwMCRjdGwwMCRDb250ZW50UGxhY2VIb2xkZXJEZWZhdWx0JE1hc3RlclBsYWNlaG9sZGVyJENoYW5nZUFkZHJlc3NfNiRoZG5Db250YWN0QWRkcmVzcyIgVmFsdWU9Int7JEhJRERFTjEuY3RsMDAkY3RsMDAkY3RsMDAkQ29udGVudFBsYWNlSG9sZGVyRGVmYXVsdCRNYXN0ZXJQbGFjZWhvbGRlciRDaGFuZ2VBZGRyZXNzXzYkaGRuQ29udGFjdEFkZHJlc3N9fSIgUmVjb3JkZWRWYWx1ZT0iIiBDb3JyZWxhdGlvbkJpbmRpbmc9IiIgVXJsRW5jb2RlPSJUcnVlIiAvPg0KICAgICAgICA8Rm9ybVBvc3RQYXJhbWV0ZXIgTmFtZT0iY3RsMDAkY3RsMDAkY3RsMDAkQ29udGVudFBsYWNlSG9sZGVyRGVmYXVsdCRNYXN0ZXJQbGFjZWhvbGRlciRDaGFuZ2VBZGRyZXNzXzYkaGRuQmlsbGluZ0FnZW5jeUlkIiBWYWx1ZT0ie3skSElEREVOMS5jdGwwMCRjdGwwMCRjdGwwMCRDb250ZW50UGxhY2VIb2xkZXJEZWZhdWx0JE1hc3RlclBsYWNlaG9sZGVyJENoYW5nZUFkZHJlc3NfNiRoZG5CaWxsaW5nQWdlbmN5SWR9fSIgUmVjb3JkZWRWYWx1ZT0iIiBDb3JyZWxhdGlvbkJpbmRpbmc9IiIgVXJsRW5jb2RlPSJUcnVlIiAvPg0KICAgICAgICA8Rm9ybVBvc3RQYXJhbWV0ZXIgTmFtZT0iY3RsMDAkY3RsMDAkY3RsMDAkQ29udGVudFBsYWNlSG9sZGVyRGVmYXVsdCRNYXN0ZXJQbGFjZWhvbGRlciRDaGFuZ2VBZGRyZXNzXzYkaGRuQmlsbGluZ0FnZW5jeU5hbWUiIFZhbHVlPSJ7eyRISURERU4xLmN0bDAwJGN0bDAwJGN0bDAwJENvbnRlbnRQbGFjZUhvbGRlckRlZmF1bHQkTWFzdGVyUGxhY2Vob2xkZXIkQ2hhbmdlQWRkcmVzc182JGhkbkJpbGxpbmdBZ2VuY3lOYW1lfX0iIFJlY29yZGVkVmFsdWU9IiIgQ29ycmVsYXRpb25CaW5kaW5nPSIiIFVybEVuY29kZT0iVHJ1ZSIgLz4NCiAgICAgICAgPEZvcm1Qb3N0UGFyYW1ldGVyIE5hbWU9ImN0bDAwJGN0bDAwJGN0bDAwJENvbnRlbnRQbGFjZUhvbGRlckRlZmF1bHQkTWFzdGVyUGxhY2Vob2xkZXIkQ2hhbmdlQWRkcmVzc182JGhkbk9mZmljZU5hbWUiIFZhbHVlPSJ7eyRISURERU4xLmN0bDAwJGN0bDAwJGN0bDAwJENvbnRlbnRQbGFjZUhvbGRlckRlZmF1bHQkTWFzdGVyUGxhY2Vob2xkZXIkQ2hhbmdlQWRkcmVzc182JGhkbk9mZmljZU5hbWV9fSIgUmVjb3JkZWRWYWx1ZT0iIiBDb3JyZWxhdGlvbkJpbmRpbmc9IiIgVXJsRW5jb2RlPSJUcnVlIiAvPg0KICAgICAgICA8Rm9ybVBvc3RQYXJhbWV0ZXIgTmFtZT0iY3RsMDAkY3RsMDAkY3RsMDAkQ29udGVudFBsYWNlSG9sZGVyRGVmYXVsdCRNYXN0ZXJQbGFjZWhvbGRlciRDaGFuZ2VBZGRyZXNzXzYkdHh0VGl0bGUiIFZhbHVlPSJNUiIgUmVjb3JkZWRWYWx1ZT0iTVIiIENvcnJlbGF0aW9uQmluZGluZz0ie3tGb3JtUG9zdFBhcmFtMS5jdGwwMCRjdGwwMCRjdGwwMCRDb250ZW50UGxhY2VIb2xkZXJEZWZhdWx0JE1hc3RlclBsYWNlaG9sZGVyJENoYW5nZUFkZHJlc3NfNiR0eHRUaXRsZX19IiBVcmxFbmNvZGU9IlRydWUiIC8+DQogICAgICAgIDxGb3JtUG9zdFBhcmFtZXRlciBOYW1lPSJjdGwwMCRjdGwwMCRjdGwwMCRDb250ZW50UGxhY2VIb2xkZXJEZWZhdWx0JE1hc3RlclBsYWNlaG9sZGVyJENoYW5nZUFkZHJlc3NfNiR0eHRGaXJzdG5hbWUiIFZhbHVlPSJwbnRlc3RmMDAxIiBSZWNvcmRlZFZhbHVlPSJwbnRlc3RmMDAxIiBDb3JyZWxhdGlvbkJpbmRpbmc9Int7Rm9ybVBvc3RQYXJhbTIuY3RsMDAkY3RsMDAkY3RsMDAkQ29udGVudFBsYWNlSG9sZGVyRGVmYXVsdCRNYXN0ZXJQbGFjZWhvbGRlciRDaGFuZ2VBZGRyZXNzXzYkdHh0Rmlyc3RuYW1lfX0iIFVybEVuY29kZT0iVHJ1ZSIgLz4NCiAgICAgICAgPEZvcm1Qb3N0UGFyYW1ldGVyIE5hbWU9ImN0bDAwJGN0bDAwJGN0bDAwJENvbnRlbnRQbGFjZUhvbGRlckRlZmF1bHQkTWFzdGVyUGxhY2Vob2xkZXIkQ2hhbmdlQWRkcmVzc182JHR4dExhc3RuYW1lIiBWYWx1ZT0icG50ZXN0bDAwMSIgUmVjb3JkZWRWYWx1ZT0icG50ZXN0bDAwMSIgQ29ycmVsYXRpb25CaW5kaW5nPSJ7e0Zvcm1Qb3N0UGFyYW0zLmN0bDAwJGN0bDAwJGN0bDAwJENvbnRlbnRQbGFjZUhvbGRlckRlZmF1bHQkTWFzdGVyUGxhY2Vob2xkZXIkQ2hhbmdlQWRkcmVzc182JHR4dExhc3RuYW1lfX0iIFVybEVuY29kZT0iVHJ1ZSIgLz4NCiAgICAgICAgPEZvcm1Qb3N0UGFyYW1ldGVyIE5hbWU9ImN0bDAwJGN0bDAwJGN0bDAwJENvbnRlbnRQbGFjZUhvbGRlckRlZmF1bHQkTWFzdGVyUGxhY2Vob2xkZXIkQ2hhbmdlQWRkcmVzc182JHR4dENvbXBhbnkiIFZhbHVlPSJFdXJvZmlucyIgUmVjb3JkZWRWYWx1ZT0iRXVyb2ZpbnMiIENvcnJlbGF0aW9uQmluZGluZz0ie3tGb3JtUG9zdFBhcmFtNC5jdGwwMCRjdGwwMCRjdGwwMCRDb250ZW50UGxhY2VIb2xkZXJEZWZhdWx0JE1hc3RlclBsYWNlaG9sZGVyJENoYW5nZUFkZHJlc3NfNiR0eHRDb21wYW55fX0iIFVybEVuY29kZT0iVHJ1ZSIgLz4NCiAgICAgICAgPEZvcm1Qb3N0UGFyYW1ldGVyIE5hbWU9ImN0bDAwJGN0bDAwJGN0bDAwJENvbnRlbnRQbGFjZUhvbGRlckRlZmF1bHQkTWFzdGVyUGxhY2Vob2xkZXIkQ2hhbmdlQWRkcmVzc182JHR4dERlcGFydG1lbnQiIFZhbHVlPSJJVCIgUmVjb3JkZWRWYWx1ZT0iSVQiIENvcnJlbGF0aW9uQmluZGluZz0ie3tGb3JtUG9zdFBhcmFtNS5jdGwwMCRjdGwwMCRjdGwwMCRDb250ZW50UGxhY2VIb2xkZXJEZWZhdWx0JE1hc3RlclBsYWNlaG9sZGVyJENoYW5nZUFkZHJlc3NfNiR0eHREZXBhcnRtZW50fX0iIFVybEVuY29kZT0iVHJ1ZSIgLz4NCiAgICAgICAgPEZvcm1Qb3N0UGFyYW1ldGVyIE5hbWU9ImN0bDAwJGN0bDAwJGN0bDAwJENvbnRlbnRQbGFjZUhvbGRlckRlZmF1bHQkTWFzdGVyUGxhY2Vob2xkZXIkQ2hhbmdlQWRkcmVzc182JHR4dEdyb3VwIiBWYWx1ZT0iR3JvdXAiIFJlY29yZGVkVmFsdWU9Ikdyb3VwIiBDb3JyZWxhdGlvbkJpbmRpbmc9Int7Rm9ybVBvc3RQYXJhbTYuY3RsMDAkY3RsMDAkY3RsMDAkQ29udGVudFBsYWNlSG9sZGVyRGVmYXVsdCRNYXN0ZXJQbGFjZWhvbGRlciRDaGFuZ2VBZGRyZXNzXzYkdHh0R3JvdXB9fSIgVXJsRW5jb2RlPSJUcnVlIiAvPg0KICAgICAgICA8Rm9ybVBvc3RQYXJhbWV0ZXIgTmFtZT0iY3RsMDAkY3RsMDAkY3RsMDAkQ29udGVudFBsYWNlSG9sZGVyRGVmYXVsdCRNYXN0ZXJQbGFjZWhvbGRlciRDaGFuZ2VBZGRyZXNzXzYkdHh0U3RyZWV0IiBWYWx1ZT0iU3RyZWV0MDAxIiBSZWNvcmRlZFZhbHVlPSJTdHJlZXQwMDEiIENvcnJlbGF0aW9uQmluZGluZz0ie3tGb3JtUG9zdFBhcmFtNy5jdGwwMCRjdGwwMCRjdGwwMCRDb250ZW50UGxhY2VIb2xkZXJEZWZhdWx0JE1hc3RlclBsYWNlaG9sZGVyJENoYW5nZUFkZHJlc3NfNiR0eHRTdHJlZXR9fSIgVXJsRW5jb2RlPSJUcnVlIiAvPg0KICAgICAgICA8Rm9ybVBvc3RQYXJhbWV0ZXIgTmFtZT0iY3RsMDAkY3RsMDAkY3RsMDAkQ29udGVudFBsYWNlSG9sZGVyRGVmYXVsdCRNYXN0ZXJQbGFjZWhvbGRlciRDaGFuZ2VBZGRyZXNzXzYkdHh0U3RyZWV0MiIgVmFsdWU9IlN0cmVldDAwMSIgUmVjb3JkZWRWYWx1ZT0iU3RyZWV0MDAxIiBDb3JyZWxhdGlvbkJpbmRpbmc9Int7Rm9ybVBvc3RQYXJhbTguY3RsMDAkY3RsMDAkY3RsMDAkQ29udGVudFBsYWNlSG9sZGVyRGVmYXVsdCRNYXN0ZXJQbGFjZWhvbGRlciRDaGFuZ2VBZGRyZXNzXzYkdHh0U3RyZWV0Mn19IiBVcmxFbmNvZGU9IlRydWUiIC8+DQogICAgICAgIDxGb3JtUG9zdFBhcmFtZXRlciBOYW1lPSJjdGwwMCRjdGwwMCRjdGwwMCRDb250ZW50UGxhY2VIb2xkZXJEZWZhdWx0JE1hc3RlclBsYWNlaG9sZGVyJENoYW5nZUFkZHJlc3NfNiR0eHRTdHJlZXQzIiBWYWx1ZT0iU3RyZWV0MDAxIiBSZWNvcmRlZFZhbHVlPSJTdHJlZXQwMDEiIENvcnJlbGF0aW9uQmluZGluZz0ie3tGb3JtUG9zdFBhcmFtOS5jdGwwMCRjdGwwMCRjdGwwMCRDb250ZW50UGxhY2VIb2xkZXJEZWZhdWx0JE1hc3RlclBsYWNlaG9sZGVyJENoYW5nZUFkZHJlc3NfNiR0eHRTdHJlZXQzfX0iIFVybEVuY29kZT0iVHJ1ZSIgLz4NCiAgICAgICAgPEZvcm1Qb3N0UGFyYW1ldGVyIE5hbWU9ImN0bDAwJGN0bDAwJGN0bDAwJENvbnRlbnRQbGFjZUhvbGRlckRlZmF1bHQkTWFzdGVyUGxhY2Vob2xkZXIkQ2hhbmdlQWRkcmVzc182JHR4dENpdHkiIFZhbHVlPSJDaXR5MDAxIiBSZWNvcmRlZFZhbHVlPSJDaXR5MDAxIiBDb3JyZWxhdGlvbkJpbmRpbmc9Int7Rm9ybVBvc3RQYXJhbTEwLmN0bDAwJGN0bDAwJGN0bDAwJENvbnRlbnRQbGFjZUhvbGRlckRlZmF1bHQkTWFzdGVyUGxhY2Vob2xkZXIkQ2hhbmdlQWRkcmVzc182JHR4dENpdHl9fSIgVXJsRW5jb2RlPSJUcnVlIiAvPg0KICAgICAgICA8Rm9ybVBvc3RQYXJhbWV0ZXIgTmFtZT0iY3RsMDAkY3RsMDAkY3RsMDAkQ29udGVudFBsYWNlSG9sZGVyRGVmYXVsdCRNYXN0ZXJQbGFjZWhvbGRlciRDaGFuZ2VBZGRyZXNzXzYkZGRsQ291bnRyeSIgVmFsdWU9IklOIiBSZWNvcmRlZFZhbHVlPSJJTiIgQ29ycmVsYXRpb25CaW5kaW5nPSJ7e0Zvcm1Qb3N0UGFyYW0xNy5jdGwwMCRjdGwwMCRjdGwwMCRDb250ZW50UGxhY2VIb2xkZXJEZWZhdWx0JE1hc3RlclBsYWNlaG9sZGVyJENoYW5nZUFkZHJlc3NfNiRkZGxDb3VudHJ5fX0iIFVybEVuY29kZT0iVHJ1ZSIgLz4NCiAgICAgICAgPEZvcm1Qb3N0UGFyYW1ldGVyIE5hbWU9ImN0bDAwJGN0bDAwJGN0bDAwJENvbnRlbnRQbGFjZUhvbGRlckRlZmF1bHQkTWFzdGVyUGxhY2Vob2xkZXIkQ2hhbmdlQWRkcmVzc182JGRkbFN0YXRlIiBWYWx1ZT0iSU4tS0EiIFJlY29yZGVkVmFsdWU9IklOLUtBIiBDb3JyZWxhdGlvbkJpbmRpbmc9Int7Rm9ybVBvc3RQYXJhbTE4LmN0bDAwJGN0bDAwJGN0bDAwJENvbnRlbnRQbGFjZUhvbGRlckRlZmF1bHQkTWFzdGVyUGxhY2Vob2xkZXIkQ2hhbmdlQWRkcmVzc182JGRkbFN0YXRlfX0iIFVybEVuY29kZT0iVHJ1ZSIgLz4NCiAgICAgICAgPEZvcm1Qb3N0UGFyYW1ldGVyIE5hbWU9ImN0bDAwJGN0bDAwJGN0bDAwJENvbnRlbnRQbGFjZUhvbGRlckRlZmF1bHQkTWFzdGVyUGxhY2Vob2xkZXIkQ2hhbmdlQWRkcmVzc182JHR4dFBvc3RhbENvZGUiIFZhbHVlPSI1NjAwNDIiIFJlY29yZGVkVmFsdWU9IjU2MDA0MiIgQ29ycmVsYXRpb25CaW5kaW5nPSJ7e0Zvcm1Qb3N0UGFyYW0xMS5jdGwwMCRjdGwwMCRjdGwwMCRDb250ZW50UGxhY2VIb2xkZXJEZWZhdWx0JE1hc3RlclBsYWNlaG9sZGVyJENoYW5nZUFkZHJlc3NfNiR0eHRQb3N0YWxDb2RlfX0iIFVybEVuY29kZT0iVHJ1ZSIgLz4NCiAgICAgICAgPEZvcm1Qb3N0UGFyYW1ldGVyIE5hbWU9ImN0bDAwJGN0bDAwJGN0bDAwJENvbnRlbnRQbGFjZUhvbGRlckRlZmF1bHQkTWFzdGVyUGxhY2Vob2xkZXIkQ2hhbmdlQWRkcmVzc182JHR4dEVtYWlsIiBWYWx1ZT0icG50ZXN0MDAxQGV1cm9maW5zLmNvbSIgUmVjb3JkZWRWYWx1ZT0icG50ZXN0MDAxQGV1cm9maW5zLmNvbSIgQ29ycmVsYXRpb25CaW5kaW5nPSJ7e0Zvcm1Qb3N0UGFyYW0xMi5jdGwwMCRjdGwwMCRjdGwwMCRDb250ZW50UGxhY2VIb2xkZXJEZWZhdWx0JE1hc3RlclBsYWNlaG9sZGVyJENoYW5nZUFkZHJlc3NfNiR0eHRFbWFpbH19IiBVcmxFbmNvZGU9IlRydWUiIC8+DQogICAgICAgIDxGb3JtUG9zdFBhcmFtZXRlciBOYW1lPSJjdGwwMCRjdGwwMCRjdGwwMCRDb250ZW50UGxhY2VIb2xkZXJEZWZhdWx0JE1hc3RlclBsYWNlaG9sZGVyJENoYW5nZUFkZHJlc3NfNiR0eHRUZWxlcGhvbmUiIFZhbHVlPSI5NzM5NTY1NjU2IiBSZWNvcmRlZFZhbHVlPSI5NzM5NTY1NjU2IiBDb3JyZWxhdGlvbkJpbmRpbmc9Int7Rm9ybVBvc3RQYXJhbTEzLmN0bDAwJGN0bDAwJGN0bDAwJENvbnRlbnRQbGFjZUhvbGRlckRlZmF1bHQkTWFzdGVyUGxhY2Vob2xkZXIkQ2hhbmdlQWRkcmVzc182JHR4dFRlbGVwaG9uZX19IiBVcmxFbmNvZGU9IlRydWUiIC8+DQogICAgICAgIDxGb3JtUG9zdFBhcmFtZXRlciBOYW1lPSJjdGwwMCRjdGwwMCRjdGwwMCRDb250ZW50UGxhY2VIb2xkZXJEZWZhdWx0JE1hc3RlclBsYWNlaG9sZGVyJENoYW5nZUFkZHJlc3NfNiR0eHRUZWxlcGhvbmVFeHRlbnNpb24iIFZhbHVlPSIiIFJlY29yZGVkVmFsdWU9IiIgQ29ycmVsYXRpb25CaW5kaW5nPSIiIFVybEVuY29kZT0iVHJ1ZSIgLz4NCiAgICAgICAgPEZvcm1Qb3N0UGFyYW1ldGVyIE5hbWU9ImN0bDAwJGN0bDAwJGN0bDAwJENvbnRlbnRQbGFjZUhvbGRlckRlZmF1bHQkTWFzdGVyUGxhY2Vob2xkZXIkQ2hhbmdlQWRkcmVzc182JHR4dE1vYmlsZSIgVmFsdWU9Ijk3Mzk1NjU2NTYiIFJlY29yZGVkVmFsdWU9Ijk3Mzk1NjU2NTYiIENvcnJlbGF0aW9uQmluZGluZz0ie3tGb3JtUG9zdFBhcmFtMTQuY3RsMDAkY3RsMDAkY3RsMDAkQ29udGVudFBsYWNlSG9sZGVyRGVmYXVsdCRNYXN0ZXJQbGFjZWhvbGRlciRDaGFuZ2VBZGRyZXNzXzYkdHh0TW9iaWxlfX0iIFVybEVuY29kZT0iVHJ1ZSIgLz4NCiAgICAgICAgPEZvcm1Qb3N0UGFyYW1ldGVyIE5hbWU9ImN0bDAwJGN0bDAwJGN0bDAwJENvbnRlbnRQbGFjZUhvbGRlckRlZmF1bHQkTWFzdGVyUGxhY2Vob2xkZXIkQ2hhbmdlQWRkcmVzc182JHR4dEZheCIgVmFsdWU9IjEyMyIgUmVjb3JkZWRWYWx1ZT0iMTIzIiBDb3JyZWxhdGlvbkJpbmRpbmc9Int7Rm9ybVBvc3RQYXJhbTE1LmN0bDAwJGN0bDAwJGN0bDAwJENvbnRlbnRQbGFjZUhvbGRlckRlZmF1bHQkTWFzdGVyUGxhY2Vob2xkZXIkQ2hhbmdlQWRkcmVzc182JHR4dEZheH19IiBVcmxFbmNvZGU9IlRydWUiIC8+DQogICAgICAgIDxGb3JtUG9zdFBhcmFtZXRlciBOYW1lPSJjdGwwMCRjdGwwMCRjdGwwMCRDb250ZW50UGxhY2VIb2xkZXJEZWZhdWx0JE1hc3RlclBsYWNlaG9sZGVyJENoYW5nZUFkZHJlc3NfNiR0eHRSZWNpcGllbnQiIFZhbHVlPSIiIFJlY29yZGVkVmFsdWU9IiIgQ29ycmVsYXRpb25CaW5kaW5nPSIiIFVybEVuY29kZT0iVHJ1ZSIgLz4NCiAgICAgICAgPEZvcm1Qb3N0UGFyYW1ldGVyIE5hbWU9ImN0bDAwJGN0bDAwJGN0bDAwJENvbnRlbnRQbGFjZUhvbGRlckRlZmF1bHQkTWFzdGVyUGxhY2Vob2xkZXIkQ2hhbmdlQWRkcmVzc182JGRkbFRpbWV6b25lIiBWYWx1ZT0iSW5kaWEgU3RhbmRhcmQgVGltZSIgUmVjb3JkZWRWYWx1ZT0iSW5kaWEgU3RhbmRhcmQgVGltZSIgQ29ycmVsYXRpb25CaW5kaW5nPSJ7e0Zvcm1Qb3N0UGFyYW0xOS5jdGwwMCRjdGwwMCRjdGwwMCRDb250ZW50UGxhY2VIb2xkZXJEZWZhdWx0JE1hc3RlclBsYWNlaG9sZGVyJENoYW5nZUFkZHJlc3NfNiRkZGxUaW1lem9uZX19IiBVcmxFbmNvZGU9IlRydWUiIC8+DQogICAgICAgIDxGb3JtUG9zdFBhcmFtZXRlciBOYW1lPSJjdGwwMCRjdGwwMCRjdGwwMCRDb250ZW50UGxhY2VIb2xkZXJEZWZhdWx0JE1hc3RlclBsYWNlaG9sZGVyJENoYW5nZUFkZHJlc3NfNiRoZG5TY3JlZW5BcmVhIiBWYWx1ZT0ie3skSElEREVOMS5jdGwwMCRjdGwwMCRjdGwwMCRDb250ZW50UGxhY2VIb2xkZXJEZWZhdWx0JE1hc3RlclBsYWNlaG9sZGVyJENoYW5nZUFkZHJlc3NfNiRoZG5TY3JlZW5BcmVhfX0iIFJlY29yZGVkVmFsdWU9IiIgQ29ycmVsYXRpb25CaW5kaW5nPSIiIFVybEVuY29kZT0iVHJ1ZSIgLz4NCiAgICAgICAgPEZvcm1Qb3N0UGFyYW1ldGVyIE5hbWU9ImN0bDAwJGN0bDAwJGN0bDAwJENvbnRlbnRQbGFjZUhvbGRlckRlZmF1bHQkTWFzdGVyUGxhY2Vob2xkZXIkdWNNeUFjY291bnRTZXR0aW5nc183JHR4dFdlYmxvZ2luVmFsdWUiIFZhbHVlPSJwbnRlc3QwMDFAZXVyb2ZpbnMuY29tIiBSZWNvcmRlZFZhbHVlPSJwbnRlc3QwMDFAZXVyb2ZpbnMuY29tIiBDb3JyZWxhdGlvbkJpbmRpbmc9Int7Rm9ybVBvc3RQYXJhbTE2LmN0bDAwJGN0bDAwJGN0bDAwJENvbnRlbnRQbGFjZUhvbGRlckRlZmF1bHQkTWFzdGVyUGxhY2Vob2xkZXIkdWNNeUFjY291bnRTZXR0aW5nc183JHR4dFdlYmxvZ2luVmFsdWV9fSIgVXJsRW5jb2RlPSJUcnVlIiAvPg0KICAgICAgICA8Rm9ybVBvc3RQYXJhbWV0ZXIgTmFtZT0iY3RsMDAkY3RsMDAkY3RsMDAkQ29udGVudFBsYWNlSG9sZGVyRGVmYXVsdCRNYXN0ZXJQbGFjZWhvbGRlciR1Y015QWNjb3VudFNldHRpbmdzXzckdHh0Q3VycmVudFBhc3N3b3JkIiBWYWx1ZT0iIiBSZWNvcmRlZFZhbHVlPSIiIENvcnJlbGF0aW9uQmluZGluZz0iIiBVcmxFbmNvZGU9IlRydWUiIC8+DQogICAgICAgIDxGb3JtUG9zdFBhcmFtZXRlciBOYW1lPSJjdGwwMCRjdGwwMCRjdGwwMCRDb250ZW50UGxhY2VIb2xkZXJEZWZhdWx0JE1hc3RlclBsYWNlaG9sZGVyJHVjTXlBY2NvdW50U2V0dGluZ3NfNyR0eHROZXdQYXNzd29yZCIgVmFsdWU9IiIgUmVjb3JkZWRWYWx1ZT0iIiBDb3JyZWxhdGlvbkJpbmRpbmc9IiIgVXJsRW5jb2RlPSJUcnVlIiAvPg0KICAgICAgICA8Rm9ybVBvc3RQYXJhbWV0ZXIgTmFtZT0iY3RsMDAkY3RsMDAkY3RsMDAkQ29udGVudFBsYWNlSG9sZGVyRGVmYXVsdCRNYXN0ZXJQbGFjZWhvbGRlciR1Y015QWNjb3VudFNldHRpbmdzXzckdHh0Q29uZmlybVBhc3N3b3JkIiBWYWx1ZT0iIiBSZWNvcmRlZFZhbHVlPSIiIENvcnJlbGF0aW9uQmluZGluZz0iIiBVcmxFbmNvZGU9IlRydWUiIC8+DQogICAgICAgIDxGb3JtUG9zdFBhcmFtZXRlciBOYW1lPSJjdGwwMCRjdGwwMCRjdGwwMCRDb250ZW50UGxhY2VIb2xkZXJEZWZhdWx0JE1hc3RlclBsYWNlaG9sZGVyJHVjTXlBY2NvdW50U2V0dGluZ3NfNyR2c0NoYW5nZVBhc3N3b3JkJGhkblZhbGlkYXRpb25SZXN1bHQiIFZhbHVlPSJ7eyRISURERU4xLmN0bDAwJGN0bDAwJGN0bDAwJENvbnRlbnRQbGFjZUhvbGRlckRlZmF1bHQkTWFzdGVyUGxhY2Vob2xkZXIkdWNNeUFjY291bnRTZXR0aW5nc183JHZzQ2hhbmdlUGFzc3dvcmQkaGRuVmFsaWRhdGlvblJlc3VsdH19IiBSZWNvcmRlZFZhbHVlPSIiIENvcnJlbGF0aW9uQmluZGluZz0iIiBVcmxFbmNvZGU9IlRydWUiIC8+DQogICAgICAgIDxGb3JtUG9zdFBhcmFtZXRlciBOYW1lPSJjdGwwMCRjdGwwMCRjdGwwMCRDb250ZW50UGxhY2VIb2xkZXJEZWZhdWx0JE1hc3RlclBsYWNlaG9sZGVyJHVjTXlBY2NvdW50U2V0dGluZ3NfNyRoZG5TY3JlZW5BcmVhIiBWYWx1ZT0ie3skSElEREVOMS5jdGwwMCRjdGwwMCRjdGwwMCRDb250ZW50UGxhY2VIb2xkZXJEZWZhdWx0JE1hc3RlclBsYWNlaG9sZGVyJHVjTXlBY2NvdW50U2V0dGluZ3NfNyRoZG5TY3JlZW5BcmVhfX0iIFJlY29yZGVkVmFsdWU9IiIgQ29ycmVsYXRpb25CaW5kaW5nPSIiIFVybEVuY29kZT0iVHJ1ZSIgLz4NCiAgICAgICAgPEZvcm1Qb3N0UGFyYW1ldGVyIE5hbWU9ImN0bDAwJGN0bDAwJGN0bDAwJENvbnRlbnRQbGFjZUhvbGRlckRlZmF1bHQkTWFzdGVyUGxhY2Vob2xkZXIkdWNEcm9wQm94ZXNfOCRoZG5fQ29udGVudFBsYWNlSG9sZGVyRGVmYXVsdF9NYXN0ZXJQbGFjZWhvbGRlcl91Y0Ryb3BCb3hlc184X3BubERyYWdhYmxlV2luZG93Q29udGVudF9TdGFuZEFsb25lSWQiIFZhbHVlPSJ7eyRISURERU4xLmN0bDAwJGN0bDAwJGN0bDAwJENvbnRlbnRQbGFjZUhvbGRlckRlZmF1bHQkTWFzdGVyUGxhY2Vob2xkZXIkdWNEcm9wQm94ZXNfOCRoZG5fQ29udGVudFBsYWNlSG9sZGVyRGVmYXVsdF9NYXN0ZXJQbGFjZWhvbGRlcl91Y0Ryb3BCb3hlc184X3BubERyYWdhYmxlV2luZG93Q29udGVudF9TdGFuZEFsb25lSWR9fSIgUmVjb3JkZWRWYWx1ZT0iU3RhbmRBbG9uZVNhdmUiIENvcnJlbGF0aW9uQmluZGluZz0iIiBVcmxFbmNvZGU9IlRydWUiIC8+DQogICAgICAgIDxGb3JtUG9zdFBhcmFtZXRlciBOYW1lPSJjdGwwMCRjdGwwMCRjdGwwMCRDb250ZW50UGxhY2VIb2xkZXJEZWZhdWx0JE1hc3RlclBsYWNlaG9sZGVyJHVjRHJvcEJveGVzXzgkaGRuU2NyZWVuQXJlYSIgVmFsdWU9Int7JEhJRERFTjEuY3RsMDAkY3RsMDAkY3RsMDAkQ29udGVudFBsYWNlSG9sZGVyRGVmYXVsdCRNYXN0ZXJQbGFjZWhvbGRlciR1Y0Ryb3BCb3hlc184JGhkblNjcmVlbkFyZWF9fSIgUmVjb3JkZWRWYWx1ZT0iIiBDb3JyZWxhdGlvbkJpbmRpbmc9IiIgVXJsRW5jb2RlPSJUcnVlIiAvPg0KICAgICAgICA8Rm9ybVBvc3RQYXJhbWV0ZXIgTmFtZT0iY3RsMDAkY3RsMDAkY3RsMDAkQ29udGVudFBsYWNlSG9sZGVyRGVmYXVsdCRoZG5DYW5Jbml0aWFsaXplQ3VsdHVyZSIgVmFsdWU9Int7JEhJRERFTjEuY3RsMDAkY3RsMDAkY3RsMDAkQ29udGVudFBsYWNlSG9sZGVyRGVmYXVsdCRoZG5DYW5Jbml0aWFsaXplQ3VsdHVyZX19IiBSZWNvcmRlZFZhbHVlPSJmYWxzZSIgQ29ycmVsYXRpb25CaW5kaW5nPSIiIFVybEVuY29kZT0iVHJ1ZSIgLz4NCiAgICAgICAgPEZvcm1Qb3N0UGFyYW1ldGVyIE5hbWU9ImN0bDAwJGN0bDAwJGN0bDAwJENvbnRlbnRQbGFjZUhvbGRlckRlZmF1bHQkaGRuRWNvbURyYWdEcm9wSnNvbiIgVmFsdWU9Int7JEhJRERFTjEuY3RsMDAkY3RsMDAkY3RsMDAkQ29udGVudFBsYWNlSG9sZGVyRGVmYXVsdCRoZG5FY29tRHJhZ0Ryb3BKc29ufX0iIFJlY29yZGVkVmFsdWU9IiIgQ29ycmVsYXRpb25CaW5kaW5nPSIiIFVybEVuY29kZT0iVHJ1ZSIgLz4NCiAgICAgICAgPEZvcm1Qb3N0UGFyYW1ldGVyIE5hbWU9ImN0bDAwJGN0bDAwJGN0bDAwJENvbnRlbnRQbGFjZUhvbGRlckRlZmF1bHQkaGRuQ3VycmVudFBhZ2VJZGVudGl0eSIgVmFsdWU9Int7JEhJRERFTjEuY3RsMDAkY3RsMDAkY3RsMDAkQ29udGVudFBsYWNlSG9sZGVyRGVmYXVsdCRoZG5DdXJyZW50UGFnZUlkZW50aXR5fX0iIFJlY29yZGVkVmFsdWU9IjExMzYiIENvcnJlbGF0aW9uQmluZGluZz0iIiBVcmxFbmNvZGU9IlRydWUiIC8+DQogICAgICAgIDxGb3JtUG9zdFBhcmFtZXRlciBOYW1lPSJjdGwwMCRjdGwwMCRjdGwwMCRDb250ZW50UGxhY2VIb2xkZXJEZWZhdWx0JGhkblNjcm9sbFlQb3NpdGlvbiIgVmFsdWU9Int7JEhJRERFTjEuY3RsMDAkY3RsMDAkY3RsMDAkQ29udGVudFBsYWNlSG9sZGVyRGVmYXVsdCRoZG5TY3JvbGxZUG9zaXRpb259fSIgUmVjb3JkZWRWYWx1ZT0iMCIgQ29ycmVsYXRpb25CaW5kaW5nPSIiIFVybEVuY29kZT0iVHJ1ZSIgLz4NCiAgICAgICAgPEZvcm1Qb3N0UGFyYW1ldGVyIE5hbWU9Il9fVklFV1NUQVRFR0VORVJBVE9SIiBWYWx1ZT0ie3skSElEREVOMS5fX1ZJRVdTVEFURUdFTkVSQVRPUn19IiBSZWNvcmRlZFZhbHVlPSJDQTBCMDMzNCIgQ29ycmVsYXRpb25CaW5kaW5nPSIiIFVybEVuY29kZT0iVHJ1ZSIgLz4NCiAgICAgIDwvRm9ybVBvc3RIdHRwQm9keT4NCiAgICA8L1JlcXVlc3Q+DQogICAgPFJlcXVlc3QgTWV0aG9kPSJHRVQiIEd1aWQ9IjdlYTU1MjFkLTJjOGQtNDA0NS1iNjE4LTgzMWJiMzhhOWJjZSIgVmVyc2lvbj0iMS4xIiBVcmw9Imh0dHBzOi8vbWFwcy5nb29nbGVhcGlzLmNvbS9tYXBzL2FwaS9qcy9BdXRoZW50aWNhdGlvblNlcnZpY2UuQXV0aGVudGljYXRlIiBUaGlua1RpbWU9IjgiIFRpbWVvdXQ9IjMwMCIgUGFyc2VEZXBlbmRlbnRSZXF1ZXN0cz0iVHJ1ZSIgRm9sbG93UmVkaXJlY3RzPSJUcnVlIiBSZWNvcmRSZXN1bHQ9IlRydWUiIENhY2hlPSJGYWxzZSIgUmVzcG9uc2VUaW1lR29hbD0iMCIgRW5jb2Rpbmc9InV0Zi04IiBFeHBlY3RlZEh0dHBTdGF0dXNDb2RlPSIwIiBFeHBlY3RlZFJlc3BvbnNlVXJsPSIiIFJlcG9ydGluZ05hbWU9IiIgSWdub3JlSHR0cFN0YXR1c0NvZGU9IkZhbHNlIj4NCiAgICAgIDxIZWFkZXJzPg0KICAgICAgICA8SGVhZGVyIE5hbWU9IlJlZmVyZXIiIFZhbHVlPSJodHRwOi8vaW4wMWFwdjExOjgxL2VuL2Rhc2hib2FyZC5hc3B4IiAvPg0KICAgICAgPC9IZWFkZXJzPg0KICAgICAgPFF1ZXJ5U3RyaW5nUGFyYW1ldGVycz4NCiAgICAgICAgPFF1ZXJ5U3RyaW5nUGFyYW1ldGVyIE5hbWU9IiIgVmFsdWU9IjFzaHR0cCUzQSUyRiUyRmluMDFhcHYxMSUzQTgxJTJGZW4lMkZkYXNoYm9hcmQuYXNweCIgUmVjb3JkZWRWYWx1ZT0iMXNodHRwJTNBJTJGJTJGaW4wMWFwdjExJTNBODElMkZlbiUyRmRhc2hib2FyZC5hc3B4IiBDb3JyZWxhdGlvbkJpbmRpbmc9IiIgVXJsRW5jb2RlPSJGYWxzZSIgVXNlVG9Hcm91cFJlc3VsdHM9IkZhbHNlIiAvPg0KICAgICAgICA8UXVlcnlTdHJpbmdQYXJhbWV0ZXIgTmFtZT0iY2FsbGJhY2siIFZhbHVlPSJfeGRjXy5fZzgxbWcyIiBSZWNvcmRlZFZhbHVlPSJfeGRjXy5fZzgxbWcyIiBDb3JyZWxhdGlvbkJpbmRpbmc9IiIgVXJsRW5jb2RlPSJGYWxzZSIgVXNlVG9Hcm91cFJlc3VsdHM9IkZhbHNlIiAvPg0KICAgICAgICA8UXVlcnlTdHJpbmdQYXJhbWV0ZXIgTmFtZT0idG9rZW4iIFZhbHVlPSIxMzAzOTMiIFJlY29yZGVkVmFsdWU9IjEzMDM5MyIgQ29ycmVsYXRpb25CaW5kaW5nPSIiIFVybEVuY29kZT0iRmFsc2UiIFVzZVRvR3JvdXBSZXN1bHRzPSJGYWxzZSIgLz4NCiAgICAgIDwvUXVlcnlTdHJpbmdQYXJhbWV0ZXJzPg0KICAgIDwvUmVxdWVzdD4NCiAgICA8Q29tbWVudCBDb21tZW50VGV4dD0iQ2xpY2tfSG9tZSBQYWdlIiAvPg0KICAgIDxSZXF1ZXN0IE1ldGhvZD0iR0VUIiBHdWlkPSJlYmFhOWJjYi1lYTc1LTQ3MTAtYTNjOS01MjRjYjIxMmRkMTkiIFZlcnNpb249IjEuMSIgVXJsPSJodHRwOi8vaW4wMWFwdjExOjgxL2VuL2hvbWUuYXNweCIgVGhpbmtUaW1lPSI3IiBUaW1lb3V0PSIzMDAiIFBhcnNlRGVwZW5kZW50UmVxdWVzdHM9IlRydWUiIEZvbGxvd1JlZGlyZWN0cz0iVHJ1ZSIgUmVjb3JkUmVzdWx0PSJUcnVlIiBDYWNoZT0iRmFsc2UiIFJlc3BvbnNlVGltZUdvYWw9IjAiIEVuY29kaW5nPSJ1dGYtOCIgRXhwZWN0ZWRIdHRwU3RhdHVzQ29kZT0iMCIgRXhwZWN0ZWRSZXNwb25zZVVybD0iIiBSZXBvcnRpbmdOYW1lPSIiIElnbm9yZUh0dHBTdGF0dXNDb2RlPSJGYWxzZSI+DQogICAgICA8SGVhZGVycz4NCiAgICAgICAgPEhlYWRlciBOYW1lPSJSZWZlcmVyIiBWYWx1ZT0iaHR0cDovL2luMDFhcHYxMTo4MS9lbi9teXByZWZlcmVuY2VzLmFzcHgiIC8+DQogICAgICA8L0hlYWRlcnM+DQogICAgICA8RXh0cmFjdGlvblJ1bGVzPg0KICAgICAgICA8RXh0cmFjdGlvblJ1bGUgQ2xhc3NuYW1lPSJNaWNyb3NvZnQuVmlzdWFsU3R1ZGlvLlRlc3RUb29scy5XZWJUZXN0aW5nLlJ1bGVzLkV4dHJhY3RIaWRkZW5GaWVsZHMsIE1pY3Jvc29mdC5WaXN1YWxTdHVkaW8uUXVhbGl0eVRvb2xzLldlYlRlc3RGcmFtZXdvcmssIFZlcnNpb249MTAuMC4wLjAsIEN1bHR1cmU9bmV1dHJhbCwgUHVibGljS2V5VG9rZW49YjAzZjVmN2YxMWQ1MGEzYSIgVmFyaWFibGVOYW1lPSIxIiBEaXNwbGF5TmFtZT0iRXh0cmFjdCBIaWRkZW4gRmllbGRzIiBEZXNjcmlwdGlvbj0iRXh0cmFjdCBhbGwgaGlkZGVuIGZpZWxkcyBmcm9tIHRoZSByZXNwb25zZSBhbmQgcGxhY2UgdGhlbSBpbnRvIHRoZSB0ZXN0IGNvbnRleHQuIj4NCiAgICAgICAgICA8UnVsZVBhcmFtZXRlcnM+DQogICAgICAgICAgICA8UnVsZVBhcmFtZXRlciBOYW1lPSJSZXF1aXJlZCIgVmFsdWU9IlRydWUiIC8+DQogICAgICAgICAgICA8UnVsZVBhcmFtZXRlciBOYW1lPSJIdG1sRGVjb2RlIiBWYWx1ZT0iVHJ1ZSIgLz4NCiAgICAgICAgICA8L1J1bGVQYXJhbWV0ZXJzPg0KICAgICAgICA8L0V4dHJhY3Rpb25SdWxlPg0KICAgICAgPC9FeHRyYWN0aW9uUnVsZXM+DQogICAgPC9SZXF1ZXN0Pg0KICAgIDxDb21tZW50IENvbW1lbnRUZXh0PSJDbGlja19Mb2dvdXQiIC8+DQogICAgPFJlcXVlc3QgTWV0aG9kPSJQT1NUIiBHdWlkPSI3ZWQwZTBkNC02MGFjLTRjNDQtYmM1MS01MDQzMDVkYzc3YWEiIFZlcnNpb249IjEuMSIgVXJsPSJodHRwOi8vaW4wMWFwdjExOjgxL2VuL2hvbWUuYXNweCIgVGhpbmtUaW1lPSIwIiBUaW1lb3V0PSIzMDAiIFBhcnNlRGVwZW5kZW50UmVxdWVzdHM9IlRydWUiIEZvbGxvd1JlZGlyZWN0cz0iVHJ1ZSIgUmVjb3JkUmVzdWx0PSJUcnVlIiBDYWNoZT0iRmFsc2UiIFJlc3BvbnNlVGltZUdvYWw9IjAiIEVuY29kaW5nPSJ1dGYtOCIgRXhwZWN0ZWRIdHRwU3RhdHVzQ29kZT0iMCIgRXhwZWN0ZWRSZXNwb25zZVVybD0iaHR0cDovL2luMDFhcHYxMTo4MS9lbi9ob21lLmFzcHgiIFJlcG9ydGluZ05hbWU9IiIgSWdub3JlSHR0cFN0YXR1c0NvZGU9IkZhbHNlIj4NCiAgICAgIDxEZXBlbmRlbnRSZXF1ZXN0cz4NCiAgICAgICAgPFJlcXVlc3QgTWV0aG9kPSJQT1NUIiBHdWlkPSI5M2M5Mzc0OS02YmFhLTRiMGQtODZkYy1lYjdhZDRhMjE1ZmQiIFZlcnNpb249IjEuMSIgVXJsPSJodHRwOi8vaW4wMWFwdjExOjgxL1NlcnZpY2VzL0Vjb21TZXJ2aWNlcy5hc214L0dldFN0YXRlcyIgVGhpbmtUaW1lPSIwIiBUaW1lb3V0PSIzMDAiIFBhcnNlRGVwZW5kZW50UmVxdWVzdHM9IlRydWUiIEZvbGxvd1JlZGlyZWN0cz0iVHJ1ZSIgUmVjb3JkUmVzdWx0PSJUcnVlIiBDYWNoZT0iRmFsc2UiIFJlc3BvbnNlVGltZUdvYWw9IjAiIEVuY29kaW5nPSJ1dGYtOCIgRXhwZWN0ZWRIdHRwU3RhdHVzQ29kZT0iMCIgRXhwZWN0ZWRSZXNwb25zZVVybD0iIiBSZXBvcnRpbmdOYW1lPSIiIElnbm9yZUh0dHBTdGF0dXNDb2RlPSJGYWxzZSI+DQogICAgICAgICAgPEhlYWRlcnM+DQogICAgICAgICAgICA8SGVhZGVyIE5hbWU9IkFjY2VwdCIgVmFsdWU9ImFwcGxpY2F0aW9uL2pzb24sIHRleHQvamF2YXNjcmlwdCwgKi8qOyBxPTAuMDEiIC8+DQogICAgICAgICAgICA8SGVhZGVyIE5hbWU9IlgtUmVxdWVzdGVkLVdpdGgiIFZhbHVlPSJYTUxIdHRwUmVxdWVzdCIgLz4NCiAgICAgICAgICAgIDxIZWFkZXIgTmFtZT0iUmVmZXJlciIgVmFsdWU9Imh0dHA6Ly9pbjAxYXB2MTE6ODEvZW4vY2hlY2tvdXQvc3RlcDEuYXNweD9tc2c9NSIgLz4NCiAgICAgICAgICA8L0hlYWRlcnM+DQogICAgICAgICAgPFN0cmluZ0h0dHBCb2R5IENvbnRlbnRUeXBlPSJhcHBsaWNhdGlvbi9qc29uOyBjaGFyc2V0PXV0Zi04IiBJbnNlcnRCeXRlT3JkZXJNYXJrPSJGYWxzZSI+ZXdBaUFHMEFaUUIwQUdnQWJ3QmtBRkFBWVFCeUFHRUFiUUJsQUhRQVpRQnlBSE1BSWdBNkFIc0FJZ0JwQUhNQWJ3QkxBR1VBZVFBaUFEb0FJZ0JWQUZNQUlnQXNBQ0lBZFFCd0FHUUFZUUIwQUdVQVF3QnZBRzhBYXdCcEFHVUFSZ0J2QUhJQVF3QnZBSFVBYmdCMEFISUFlUUFpQURvQWRBQnlBSFVBWlFBc0FDSUFWUUJ0QUdJQWNnQmhBR01BYndCT0FHOEFaQUJsQUVrQVpBQWlBRG9BSWdBeEFERUFNZ0E1QUNJQUxBQWlBRU1BYkFCdkFITUFaUUJRQUhJQWJ3Qm5BSElBWlFCekFITUFUd0J1QUZNQWRRQmpBR01BWlFCekFITUFJZ0E2QUdZQVlRQnNBSE1BWlFBc0FDSUFRd0JoQUc0QVV3Qm9BRzhBZHdCUUFISUFid0JuQUhJQVpRQnpBSE1BUWdCaEFISUFJZ0E2QUdZQVlRQnNBSE1BWlFCOUFIMEE8L1N0cmluZ0h0dHBCb2R5Pg0KICAgICAgICA8L1JlcXVlc3Q+DQogICAgICAgIDxSZXF1ZXN0IE1ldGhvZD0iUE9TVCIgR3VpZD0iZmQzOTk3ZjktYzZkOC00Mzk3LWFmMDItZjI5ZjFmYjc1Y2ZiIiBWZXJzaW9uPSIxLjEiIFVybD0iaHR0cDovL2luMDFhcHYxMTo4MS9TZXJ2aWNlcy9FY29tU2VydmljZXMuYXNteC9HZXRTdGF0ZXMiIFRoaW5rVGltZT0iMCIgVGltZW91dD0iMzAwIiBQYXJzZURlcGVuZGVudFJlcXVlc3RzPSJUcnVlIiBGb2xsb3dSZWRpcmVjdHM9IlRydWUiIFJlY29yZFJlc3VsdD0iVHJ1ZSIgQ2FjaGU9IkZhbHNlIiBSZXNwb25zZVRpbWVHb2FsPSIwIiBFbmNvZGluZz0idXRmLTgiIEV4cGVjdGVkSHR0cFN0YXR1c0NvZGU9IjAiIEV4cGVjdGVkUmVzcG9uc2VVcmw9IiIgUmVwb3J0aW5nTmFtZT0iIiBJZ25vcmVIdHRwU3RhdHVzQ29kZT0iRmFsc2UiPg0KICAgICAgICAgIDxIZWFkZXJzPg0KICAgICAgICAgICAgPEhlYWRlciBOYW1lPSJBY2NlcHQiIFZhbHVlPSJhcHBsaWNhdGlvbi9qc29uLCB0ZXh0L2phdmFzY3JpcHQsICovKjsgcT0wLjAxIiAvPg0KICAgICAgICAgICAgPEhlYWRlciBOYW1lPSJYLVJlcXVlc3RlZC1XaXRoIiBWYWx1ZT0iWE1MSHR0cFJlcXVlc3QiIC8+DQogICAgICAgICAgICA8SGVhZGVyIE5hbWU9IlJlZmVyZXIiIFZhbHVlPSJodHRwOi8vaW4wMWFwdjExOjgxL2VuL2NoZWNrb3V0L3N0ZXAxLmFzcHg/bXNnPTUiIC8+DQogICAgICAgICAgPC9IZWFkZXJzPg0KICAgICAgICAgIDxTdHJpbmdIdHRwQm9keSBDb250ZW50VHlwZT0iYXBwbGljYXRpb24vanNvbjsgY2hhcnNldD11dGYtOCIgSW5zZXJ0Qnl0ZU9yZGVyTWFyaz0iRmFsc2UiPmV3QWlBRzBBWlFCMEFHZ0Fid0JrQUZBQVlRQnlBR0VBYlFCbEFIUUFaUUJ5QUhNQUlnQTZBSHNBSWdCcEFITUFid0JMQUdVQWVRQWlBRG9BSWdCVkFGTUFJZ0FzQUNJQWRRQndBR1FBWVFCMEFHVUFRd0J2QUc4QWF3QnBBR1VBUmdCdkFISUFRd0J2QUhVQWJnQjBBSElBZVFBaUFEb0FaZ0JoQUd3QWN3QmxBQ3dBSWdCVkFHMEFZZ0J5QUdFQVl3QnZBRTRBYndCa0FHVUFTUUJrQUNJQU9nQWlBREVBTVFBeUFEa0FJZ0FzQUNJQVF3QnNBRzhBY3dCbEFGQUFjZ0J2QUdjQWNnQmxBSE1BY3dCUEFHNEFVd0IxQUdNQVl3QmxBSE1BY3dBaUFEb0FaZ0JoQUd3QWN3QmxBQ3dBSWdCREFHRUFiZ0JUQUdnQWJ3QjNBRkFBY2dCdkFHY0FjZ0JsQUhNQWN3QkNBR0VBY2dBaUFEb0FaZ0JoQUd3QWN3QmxBSDBBZlFBPTwvU3RyaW5nSHR0cEJvZHk+DQogICAgICAgIDwvUmVxdWVzdD4NCiAgICAgIDwvRGVwZW5kZW50UmVxdWVzdHM+DQogICAgICA8SGVhZGVycz4NCiAgICAgICAgPEhlYWRlciBOYW1lPSJSZWZlcmVyIiBWYWx1ZT0iaHR0cDovL2luMDFhcHYxMTo4MS9lbi9ob21lLmFzcHgiIC8+DQogICAgICA8L0hlYWRlcnM+DQogICAgICA8Rm9ybVBvc3RIdHRwQm9keT4NCiAgICAgICAgPEZvcm1Qb3N0UGFyYW1ldGVyIE5hbWU9Il9fRVZFTlRUQVJHRVQiIFZhbHVlPSJ7eyRISURERU4xLl9fRVZFTlRUQVJHRVR9fSIgUmVjb3JkZWRWYWx1ZT0iY3RsMDAkY3RsMDAkY3RsMDAkQ29udGVudFBsYWNlSG9sZGVyRGVmYXVsdCRNYXN0ZXJQbGFjZWhvbGRlciRIb21lTG9nZ2VkSW5fNiRsbmJIb21lTG9nZ2VkSW5Mb2dvdXQiIENvcnJlbGF0aW9uQmluZGluZz0iIiBVcmxFbmNvZGU9IlRydWUiIC8+DQogICAgICAgIDxGb3JtUG9zdFBhcmFtZXRlciBOYW1lPSJfX0VWRU5UQVJHVU1FTlQiIFZhbHVlPSJ7eyRISURERU4xLl9fRVZFTlRBUkdVTUVOVH19IiBSZWNvcmRlZFZhbHVlPSIiIENvcnJlbGF0aW9uQmluZGluZz0iIiBVcmxFbmNvZGU9IlRydWUiIC8+DQogICAgICAgIDxGb3JtUG9zdFBhcmFtZXRlciBOYW1lPSJfX1ZJRVdTVEFURSIgVmFsdWU9Int7JEhJRERFTjEuX19WSUVXU1RBVEV9fSIgUmVjb3JkZWRWYWx1ZT0iL3dFUER3VUVOVE00TVE5a0ZnSm1EMlFXQW1ZUFpCWUNaZzlrRmdKbUQyUVdBZ0lERHhZR0hnWnZibXh2WVdRRlAybG1LSFI1Y0dWdlppQlBia0poWTJ0Q2RYUjBiMjVEYkdsamF5QTlQU0FpWm5WdVkzUnBiMjRpS1NCUGJrSmhZMnRDZFhSMGIyNURiR2xqYXlncE94NEtiMjV3WVdkbGMyaHZkd1ZUYVdZZ0tHVjJaVzUwTG5CbGNuTnBjM1JsWkNBbUppQjBlWEJsYjJZZ1QyNUNZV05yUW5WMGRHOXVRMnhwWTJzZ1BUMGdJbVoxYm1OMGFXOXVJaWtnVDI1Q1lXTnJRblYwZEc5dVEyeHBZMnNvS1RzZUNHOXVkVzVzYjJGa1pSWUNBZ0VRWkdRV0NnSUlEMlFXQW1ZUFpCWVNBZ0lQRlFGWFEyOXVkR1Z1ZEZCc1lXTmxTRzlzWkdWeVJHVm1ZWFZzZEY5VWIzQk1iMmRuWldSSmJsOHhYM0J1YkVSeVlXZGhZbXhsVjJsdVpHOTNRMjl1ZEdWdWRGOUpibXhwYm1WTlpYTnpZV2RsUTI5dWRHRnBibVZ5WkFJREQyUVdBZ0lCRHc4V0FoNEVWR1Y0ZEFVR1RHOW5iM1YwWkdRQ0JROFBGZ0llQjFacGMybGliR1ZuWkJZQ0FnRVBEeFlHSGd0T1lYWnBaMkYwWlZWeWJBVVVmaTloWkcxcGJpOTNaV3hqYjIxbExtRnpjSGdmQXdVT1FXUnRhVzVwYzNSeVlYUnBiMjRmQkdka1pBSUhEdzhXQWg4RVoyUVdCZ0lCRHhZQ0h3TUZCVWhsYkd4dlpBSUREeFlDSHdNRkZYQnVkR1Z6ZEdZd01ERWdjRzUwWlhOMGJEQXdNV1FDQlE4V0FoNEphVzV1WlhKb2RHMXNCUTFCWTJOdmRXNTBJRWxFSURvZ1pBSUpEMlFXQ0FJQkR4WUNId01GQXlvcUttUUNBdzhQRmdJZkEyVmtaQUlGRHc4V0FoOERCUkVvWW1WamIyMWxJSGx2ZFhKelpXeG1LV1JrQWdjUEZnSWZBd1VES2lvcVpBSU5EdzhXQWg4RVoyUVdBZ0lCRHc4V0JCOERCUXhOZVNCRVlYTm9ZbTloY21RZkJHZGtaQUlQRHc4V0FoOEVaMlFXQWdJQkR3OFdDQjRJUTNOelEyeGhjM01GRFdWbVEyOXNiM0pQY21GdVoyVWZBd1VKVFhrZ1QzSmtaWEp6SGdSZklWTkNBZ0lmQkdka1pBSVJEdzhXQWg4RVoyUVdBZ0lCRHc4V0JCOERCUXhOZVNCQlpHUnlaWE56WlhNZkJHZGtaQUlURHc4V0FoOEVaMlFXQWdJQkR3OFdCQjhEQlE1TmVTQlFjbVZtWlhKbGJtTmxjeDhFWjJSa0Fnb1BaQllDWmc4UEZnSWZCR2hrRmdZQ0F3OFBGZ0lmQlFVakwyVnVMMk5vWldOcmIzVjBMM04wWlhBeExtRnpjSGcvYm05a1pVbGtQVEV4TWpka1pBSUZEdzlrRmdJZUJHaHlaV1lGQVNOa0Fna1BEMlFXQWg0RmRHbDBiR1VGQlV4dloybHVGZ2dDQVE4UEZnWWZBd1VHUlcxaGFXdzZId2NGRnlCeVpYRjFhWEpsWkVacFpXeGtRMmhoY21GamRHVnlId2dDQW1Sa0Fna1BEeFlHSHdNRkEzc3dmUjhIQlJjZ2NtVnhkV2x5WldSR2FXVnNaRU5vWVhKaFkzUmxjaDhJQWdKa1pBSVJEdzhXQWg4RkJSY3ZaVzR2Wm05eVoyOTBjR0Z6YzNkdmNtUXVZWE53ZUdSa0FoTVBEeFlDSHdVRkl5OWxiaTlqYUdWamEyOTFkQzl6ZEdWd01TNWhjM0I0UDI1dlpHVkpaRDB4TVRJM1pHUUNEQTlrRmdKbUQyUVdEQUlJRHc4V0JCOEhCUTFqWVhKMExXbGpiMjVHZFd4c0h3Z0NBbVFXQWdJQkR3OFdBaDhGQlEwdlpXNHZZMkZ5ZEM1aGMzQjRaR1FDQ2c4V0FoOERCUWt4SUVsMFpXMG9jeWxrQWd3UEZnSWZBd1VLT1RreUxEQXdJT0tDckdRQ0RnOFBGZ0lmQkdka0ZnZ0NBUTlrRmdJQ0FROFdBaDhEQlJCTVlYTjBJR0ZrWkdWa0lHbDBaVzF6WkFJRER4WUNId1lGeVFROFpHbDJJR05zWVhOelBTZHNaV1owSno0NU5uZGxiR3dnUVdkaGNpQlFiR0YwWlR3dlpHbDJQanhrYVhZZ1kyeGhjM005SjNKcFoyaDBKejQ4WVNCb2NtVm1QU2NqSnlCdmJtTnNhV05yUFNkVGFHOTNSR2xoYkc5bktDSThjRDVFYnlCNWIzVWdjbVZoYkd4NUlIZGhiblFnZEc4Z1pHVnNaWFJsSUhSb2FYTWdhWFJsYlNoektUODhMM0ErSWl4N0lrUnBZV3h2WjBOc1lYTnpJam9pSWl3aVNHVnBaMmgwSWpvaVlYVjBieUlzSWsxdlpHRnNJanAwY25WbExDSlFiM05wZEdsdmJpSTZJbU5sYm5SbGNpSXNJbGRwWkhSb0lqb2lNekF3SWl3aVEyeHZjMkZpYkdVaU9uUnlkV1VzSWxScGRHeGxJam9pUkdWc1pYUmxJaXdpUW5WMGRHOXVNVlJsZUhRaU9pSlpaWE1pTENKQ2RYUjBiMjR5VkdWNGRDSTZJazV2SWl3aVFuVjBkRzl1TVVOaGJHeGlZV05ySWpvaVJHVnNaWFJsVDNKa1pYSkpkR1Z0SWl3aVFuVjBkRzl1TWtOaGJHeGlZV05ySWpwdWRXeHNMQ0pDZFhSMGIyNHhRMkZzYkdKaFkydFFZWEpoYldWMFpYSnpJam9pZTF3aVNXUmNJam96TmpJME16bDlJaXdpUW5WMGRHOXVNa05oYkd4aVlXTnJVR0Z5WVcxbGRHVnljeUk2Ym5Wc2JDd2lVbVZ6YVhwaFlteGxJanBtWVd4elpTd2lSSEpoWjJkaFlteGxJanBtWVd4elpTd2lRWFYwYjA5d1pXNGlPbVpoYkhObExDSkJjSEJsYm1SVWJ5STZJbUp2WkhraUxDSk5ZWGhJWldsbmFIUWlPalF3TUN3aVRXRjRWMmxrZEdnaU9qTXdNQ3dpVFdsdVNHVnBaMmgwSWpveE5UQXNJazFwYmxkcFpIUm9Jam94TlRCOUtUc25Qbmc4TDJFK1BDOWthWFkrRFFwa0FnVVBEeFlFSHdVRkRTOWxiaTlqWVhKMExtRnpjSGdmQXdVRVEyRnlkR1JrQWdjUER4WUdId01GQ0VOb1pXTnJiM1YwSGdkRmJtRmliR1ZrWng4RVp4WUNIZ2RQYmtOc2FXTnJCWmNzY21WMGRYSnVJRlpoYkdsa1lYUmxTWFJsYlhOVWIwTm9aV05yVDNWMFQzSlJkVzkwWlNoN0lrTnNiM05sUW5WMGRHOXVWR1Y0ZENJNklrTnNiM05sSWl3aVFXeGxjblJOWlhOellXZGxWR2wwYkdVaU9pSkJiR1Z5ZENCTlpYTnpZV2RsSWl3aVEyaGxZMnR2ZFhSVGRHRjBaVVZ1ZFcwaU9uc2lTVzUyWVd4cFpDSTZJa2x1ZG1Gc2FXUWlMQ0pSZFc5MFlXSnNaVTl1YkhraU9pSlJkVzkwWVdKc1pVOXViSGtpTENKUGNtUmxjbUZpYkdWUGJteDVJam9pVDNKa1pYSmhZbXhsVDI1c2VTSXNJazl5WkdWeVlXSnNaVUZ1WkZGMWIzUmhZbXhsSWpvaVQzSmtaWEpoWW14bFFXNWtVWFZ2ZEdGaWJHVWlMQ0pPYjNSUGNtUmxjbUZpYkdWQmJtUlJkVzkwWVdKc1pTSTZJazV2ZEU5eVpHVnlZV0pzWlVGdVpGRjFiM1JoWW14bElpd2lUbTkwVDNKa1pYSmhZbXhsUVc1a1VYVnZkR0ZpYkdWWGFYUm9TVzUyWVd4cFpDSTZJazV2ZEU5eVpHVnlZV0pzWlVGdVpGRjFiM1JoWW14bFYybDBhRWx1ZG1Gc2FXUWlMQ0pHWlhkUGNtUmxjbUZpYkdWUGJteDVJam9pUm1WM1QzSmtaWEpoWW14bFQyNXNlU0lzSWtabGQwOXlaR1Z5WVdKc1pVRnVaRVpsZDFGMWIzUmhZbXhsSWpvaVJtVjNUM0prWlhKaFlteGxRVzVrUm1WM1VYVnZkR0ZpYkdVaUxDSkdaWGRSZFc5MFlXSnNaVTl1YkhsWGFYUm9TVzUyWVd4cFpDSTZJa1psZDFGMWIzUmhZbXhsVDI1c2VWZHBkR2hKYm5aaGJHbGtJaXdpUm1WM1QzSmtaWEpoWW14bFQyNXNlVmRwZEdoSmJuWmhiR2xrSWpvaVJtVjNUM0prWlhKaFlteGxUMjVzZVZkcGRHaEpiblpoYkdsa0lpd2lSbVYzVDNKa1pYSmhZbXhsUVc1a1JtVjNVWFZ2ZEdGaWJHVlhhWFJvU1c1MllXeHBaQ0k2SWtabGQwOXlaR1Z5WVdKc1pVRnVaRVpsZDFGMWIzUmhZbXhsVjJsMGFFbHVkbUZzYVdRaUxDSkdaWGRQY21SbGNtRmliR1ZCYm1SQmJHeFJkVzkwWVdKc1pTSTZJa1psZDA5eVpHVnlZV0pzWlVGdVpFRnNiRkYxYjNSaFlteGxJaXdpUVd4c1QzSmtaWEpoWW14bFFXNWtSbVYzVVhWdmRHRmliR1VpT2lKQmJHeFBjbVJsY21GaWJHVkJibVJHWlhkUmRXOTBZV0pzWlNKOUxDSkpkR1Z0VTNSaGRHVkZiblZ0SWpwN0lrbHVkbUZzYVdRaU9pSkpiblpoYkdsa0lpd2lVWFZ2ZEdGaWJHVlBibXg1SWpvaVVYVnZkR0ZpYkdWUGJteDVJaXdpVDNKa1pYSmhZbXhsVDI1c2VTSTZJazl5WkdWeVlXSnNaVTl1YkhraUxDSlBjbVJsY21GaWJHVkJibVJSZFc5MFlXSnNaU0k2SWs5eVpHVnlZV0pzWlVGdVpGRjFiM1JoWW14bElpd2lUbTkwVDNKa1pYSmhZbXhsUVc1a1VYVnZkR0ZpYkdVaU9pSk9iM1JQY21SbGNtRmliR1ZCYm1SUmRXOTBZV0pzWlNJc0lrNXZkRTl5WkdWeVlXSnNaVUZ1WkZGMWIzUmhZbXhsVjJsMGFFbHVkbUZzYVdRaU9pSk9iM1JQY21SbGNtRmliR1ZCYm1SUmRXOTBZV0pzWlZkcGRHaEpiblpoYkdsa0lpd2lSbVYzVDNKa1pYSmhZbXhsVDI1c2VTSTZJa1psZDA5eVpHVnlZV0pzWlU5dWJIa2lMQ0pHWlhkUGNtUmxjbUZpYkdWQmJtUkdaWGRSZFc5MFlXSnNaU0k2SWtabGQwOXlaR1Z5WVdKc1pVRnVaRVpsZDFGMWIzUmhZbXhsSWl3aVJtVjNVWFZ2ZEdGaWJHVlBibXg1VjJsMGFFbHVkbUZzYVdRaU9pSkdaWGRSZFc5MFlXSnNaVTl1YkhsWGFYUm9TVzUyWVd4cFpDSXNJa1psZDA5eVpHVnlZV0pzWlU5dWJIbFhhWFJvU1c1MllXeHBaQ0k2SWtabGQwOXlaR1Z5WVdKc1pVOXViSGxYYVhSb1NXNTJZV3hwWkNJc0lrWmxkMDl5WkdWeVlXSnNaVUZ1WkVabGQxRjFiM1JoWW14bFYybDBhRWx1ZG1Gc2FXUWlPaUpHWlhkUGNtUmxjbUZpYkdWQmJtUkdaWGRSZFc5MFlXSnNaVmRwZEdoSmJuWmhiR2xrSWl3aVJtVjNUM0prWlhKaFlteGxRVzVrUVd4c1VYVnZkR0ZpYkdVaU9pSkdaWGRQY21SbGNtRmliR1ZCYm1SQmJHeFJkVzkwWVdKc1pTSXNJa0ZzYkU5eVpHVnlZV0pzWlVGdVpFWmxkMUYxYjNSaFlteGxJam9pUVd4c1QzSmtaWEpoWW14bFFXNWtSbVYzVVhWdmRHRmliR1VpZlN3aWFHUnVSbWxsYkdSVFpXeGxZM1JsWkU5eVpHVnlTWFJsYlVOb1pXTnJiM1YwVTNSaGRHVnpRMnhwWlc1MFNXUWlPaUpEYjI1MFpXNTBVR3hoWTJWSWIyeGtaWEpFWldaaGRXeDBYME5oY25SUGRtVnlkbWxsZDE4elgyaGtia1pwWld4a1UyVnNaV04wWldSUGNtUmxja2wwWlcxRGFHVmphMjkxZEZOMFlYUmxjeUlzSW1oa2JrWnBaV3hrVTJWc1pXTjBaV1JKZEdWdFNXUnpRMnhwWlc1MFNXUWlPaUpEYjI1MFpXNTBVR3hoWTJWSWIyeGtaWEpFWldaaGRXeDBYME5oY25SUGRtVnlkbWxsZDE4elgyaGtia1pwWld4a1UyVnNaV04wWldSSmRHVnRTV1J6SWl3aVQzSmtaWEpUWld4bFkzUmxaRkJ5YjJSMVkzUnpJam94TENKRGIyNW1hWEp0WVhScGIyNVVhWFJzWlZKbGMyOTFjbU5sSWpvaVEyOXVabWx5YldGMGFXOXVJaXdpVUhKdlkyVmxaRUoxZEhSdmJsUmxlSFFpT2lKUWNtOWpaV1ZrSWl3aVVISnZZMlZsWkVKMWRIUnZia05oYkd4aVlXTnJJam9pVm1Gc2FXUmhkR1ZKZEdWdGMxUnZRMmhsWTJ0UGRYUlBjbEYxYjNSbElpd2lTVzUyWVd4cFpFbDBaVzF6VTJWc1pXTjBaV1JHYjNKRGFHVmphMjkxZEZKbGMyOTFjbU5sSWpvaVZHaGxjbVVnWVhKbElITnZiV1VnYVc1MllXeHBaQ0JwZEdWdGN5QmphRzl6Wlc0Z1ptOXlJR05vWldOcmIzVjBJaXdpVG05UGNtUmxjbUZpYkdWSmRHVnRjMU5sYkdWamRHVmtSbTl5UTJobFkydHZkWFJTWlhOdmRYSmpaU0k2SWs1dklIWmhiR2xrSUc5eVpHVnlZV0pzWlNCcGRHVnRjeUJoY21VZ1kyaHZjMlZ1SUdadmNpQnZjbVJsY2lCd2NtOWpaWE56SWl3aVRtOVJkVzkwWVdKc1pVbDBaVzF6VTJWc1pXTjBaV1JHYjNKRGFHVmphMjkxZEZKbGMyOTFjbU5sSWpvaVRtOGdkbUZzYVdRZ2NYVnZkR0ZpYkdVZ2FYUmxiWE1nWVhKbElHTm9iM05sYmlCbWIzSWdjWFZ2ZEdVZ2NISnZZMlZ6Y3lJc0lrOXlaR1Z5WVdKc1pVRnVaRTV2Yms5eVpHVnlZV0pzWlVsMFpXMXpVMlZzWldOMFpXUkdiM0pEYUdWamEyOTFkRkpsYzI5MWNtTmxJam9pV1c5MUlHTmhiaUJsYVhSb1pYSWdKM0J5YjJObFpXUW5JSGRwZEdnZ2IzSmtaWElnY0hKdlkyVnpjeUJ2WmlCMGFHVWdiM0prWlhKaFlteGxJR2wwWlcxeklHOXlJR1ZrYVhRZ2RHaGxJRzV2YmkxdmNtUmxjbUZpYkdVZ2FYUmxiWE1pTENKUmRXOTBZV0pzWlVGdVpFNXZibEYxYjNSaFlteGxTWFJsYlhOVFpXeGxZM1JsWkVadmNrTm9aV05yYjNWMFVtVnpiM1Z5WTJVaU9pSlpiM1VnWTJGdUlHVnBkR2hsY2lBbmNISnZZMlZsWkNjZ2QybDBhQ0J4ZFc5MFpTQndjbTlqWlhOeklHOW1JSFJvWlNCeGRXOTBZV0pzWlNCcGRHVnRjeUJ2Y2lCbFpHbDBJSFJvWlNCdWIyNHRjWFZ2ZEdGaWJHVWdhWFJsYlhNaUxDSlJkVzkwWlZObGJHVmpkR1ZrVUhKdlpIVmpkSE1pT2pJc0lrNXZTWFJsYlhOVFpXeGxZM1JsWkNJNklrNXZJRWwwWlcxeklGTmxiR1ZqZEdWa0xpQlFiR1ZoYzJVZ1kyaHZiM05sSUc5dVpTQW9iM0lwSUcxdmNtVWdhWFJsYlhNZ2RHOGdjR1Z5Wm05eWJTQjBhR1VnWVdOMGFXOXVMaUlzSWtOaGNuUkJZM1JwYjI1RVpXeGxkR1ZUWld4bFkzUmxaRkJ5YjJSMVkzUnpJam8xTENKWGFYTm9UR2x6ZEVGamRHbHZibk5FWld4bGRHVlRaV3hsWTNSbFpGQnliMlIxWTNSeklqb3lMQ0pFWld4bGRHVkRiMjVtYVhKdFlYUnBiMjVOWlhOellXZGxVbVZ6YjNWeVkyVWlPaUk4Y0Q1RWJ5QjViM1VnY21WaGJHeDVJSGRoYm5RZ2RHOGdaR1ZzWlhSbElIUm9hWE1nYVhSbGJTaHpLVDg4TDNBK0lpd2lSR1ZzWlhSbFEyOXVabWx5YldGMGFXOXVUbTlDZFhSMGIyNVNaWE52ZFhKalpTSTZJazV2SWl3aVJHVnNaWFJsUTI5dVptbHliV0YwYVc5dVdXVnpRblYwZEc5dVVtVnpiM1Z5WTJVaU9pSlpaWE1pTENKRVpXeGxkR1ZEYjI1bWFYSnRZWFJwYjI1SVpXRmtaWEpVWlhoMFVtVnpiM1Z5WTJVaU9pSkVaV3hsZEdVaUxDSkRZWEowUVdOMGFXOXVJam94TENKRGFHVmphMjkxZEVKMWRIUnZibE5qY21sd2RDSTZiblZzYkN3aVEyaGxZMnR2ZFhSVFpYRjFaVzVqYVc1blFXNWtVSEpwYldWeVVHOXdkWEJOWlhOellXZGxTR1ZoWkdWeUlqb2lJaXdpUTJobFkydHZkWFJUWlhGMVpXNWphVzVuUVc1a1VISnBiV1Z5VUc5d2RYQk5aWE56WVdkbFNHVmhaR1Z5U1c1bWIzSnRZWFJwYjI0aU9pSkpkQ0JwY3lCdWIzUWdjRzl6YzJsaWJHVWdkRzhnWTJobFkydHZkWFFnTHlCeGRXOTBaU0J6WlhGMVpXNWphVzVuSUhKbFlXTjBhVzl1Y3lCM2FYUm9iM1YwSUhCeWFXMWxjbk1nZDJocFkyZ2dZWEpsSUdGemMyOWphV0YwWldRZ2RHOGdjMlZzWldOMFpXUWdjMlZ4ZFdWdVkybHVaeUJwZEdWdGN5QnBiaUIwYUdseklHOXlaR1Z5T2lBOEwySnlQand2WW5JK0lpd2lRMmhsWTJ0dmRYUlRaWEYxWlc1amFXNW5RVzVrVUhKcGJXVnlVRzl3ZFhCTlpYTnpZV2RsUm05dmRHVnlTVzVtYjNKdFlYUnBiMjRpT2lJaUxDSkRhR1ZqYTI5MWRGTmxjWFZsYm1OcGJtZEJibVJRY21sdFpYSlFiM0IxY0UxbGMzTmhaMlZEYkc5elpVSjFkSFJ2YmxSbGVIUWlPaUlpTENKRGFHVmphMjkxZEZObGNYVmxibU5wYm1kQmJtUlFjbWx0WlhKUWIzQjFjRVp2Y20xaGRFMWxjM05oWjJVaU9pSWlMQ0pEYUdWamEyOTFkRkJ5YVcxbGNrRnNiMjVsVUc5d2RYQk5aWE56WVdkbFEyeHZjMlZDZFhSMGIyNVVaWGgwSWpvaUlpd2lRMmhsWTJ0dmRYUlFjbWx0WlhKQmJHOXVaVkJ2Y0hWd1RXVnpjMkZuWlNJNklsQnlhVzFsY2lCaGJHOXVaU0JqWVc1dWIzUWdZbVVnWTJobFkydGxaQ0J2ZFhRdUlGQnNaV0Z6WlNCelpXeGxZM1FnWVhSc1pXRnpkQ0J2Ym1VZ1lYTnpiMk5wWVhSbFpDQnpaWEYxWlc1amFXNW5JRWwwWlcwdUlpd2lRMmhsWTJ0dmRYUlFjbWx0WlhKQmJHOXVaVkJ2Y0hWd1RXVnpjMkZuWlVobFlXUmxjaUk2SWxCc1pXRnpaU0JPYjNSbElpd2lRbUZ5UTI5a1pWWmhiR2xrWVhScGIyNVFiM0IxY0VOc2IzTmxRblYwZEc5dVZHVjRkQ0k2SWs5cklpd2lRbUZ5UTI5a1pWWmhiR2xrWVhScGIyNVFiM0IxY0UxbGMzTmhaMlVpT2lKQ1lYSmpiMlJsSUdadmNpQlRaV3hsWTNSbFpDQkpkR1Z0SUdseklHbHVkbUZzYVdRaUxDSkNZWEpEYjJSbFZtRnNhV1JoZEdsdmJsQnZjSFZ3VFdWemMyRm5aVWhsWVdSbGNpSTZJbEJzWldGelpTQk9iM1JsSWl3aVUyRnRaVVJoZVVSbGJHbDJaWEo1Vm1Gc2FXUmhkR2x2YmxCdmNIVndSMjlDWVdOclFuVjBkRzl1VkdWNGRDSTZJbGRoYVhRZ2RXNTBhV3dnWVd4c0lFOXlaR1Z5Y3lCaGNtVWdabWx1YVhOb1pXUWdkRzhnVTJocGNDQnZibU5sSWl3aVUyRnRaVVJoZVVSbGJHbDJaWEo1Vm1Gc2FXUmhkR2x2YmxCdmNIVndRMmhsWTJ0dmRYUkNkWFIwYjI1VVpYaDBJam9pUTJobFkydHZkWFFnVTJGdFpTQkVZWGtnVDJ4cFoyOXpJRTl1YkhraUxDSlRZVzFsUkdGNVJHVnNhWFpsY25sV1lXeHBaR0YwYVc5dVVHOXdkWEJOWlhOellXZGxTR1ZoWkdWeUlqb2lVR3hsWVhObElITmxiR1ZqZENJc0lsTmhiV1ZFWVhsRVpXeHBkbVZ5ZVZaaGJHbGtZWFJwYjI1UWIzQjFjRTFsYzNOaFoyVkVaWE5qY21sd2RHbHZiaUk2SWxsdmRYSWdZMkZ5ZENCamIyNTBZV2x1Y3lCellXMWxJR1JoZVNCdmJHbG5iM01zSUhkb2FXTm9JRzVsWldRZ2RHOGdZbVVnWTJobFkydGxaQ0J2ZFhRZ2MyVndaWEpoZEdWc2VTQnBiaUJ2Y21SbGNpQjBieUJsYm5OMWNtVWdkR2hsSUdaaGMzUmxjM1FnWkdWc2FYWmxjbmt1SUZSb1pTQnZkR2hsY2lCcGRHVnRjeUIzYVd4c0lHSmxJSGRoYVhScGJtY2dhVzRnZVc5MWNpQmpZWEowSUhkb1pXNGdlVzkxSUhKbGRIVnliaUJzWVhSbGNpNGdQSE53WVc0Z1kyeGhjM005WENKMGIyOXNkR2x3WDJScFlXeHZaMXdpSUhScGRHeGxQVndpUlhod2JHRnBiaUJpZFhSMGIyNGdaR1Z6WTNKcGNIUnBiMjRnYUdWeVpTQnZibXg1WENJZ1Bqd3ZjM0JoYmo0aUxDSlNaWFZ6WldSSmRHVnRjMVpoYkdsa1lYUnBiMjVRYjNCMWNFTnNiM05sUW5WMGRHOXVWR1Y0ZENJNklrOXJJaXdpVW1WMWMyVmtTWFJsYlhOV1lXeHBaR0YwYVc5dVVHOXdkWEJOWlhOellXZGxJam9pVDI5d2N5QWhJRk52YldVZ2IzSWdZV3hzSUc5bUlITmxiR1ZqZEdWa0lISmxkWE5sWkNCcGRHVnRKM01nYjNKcFoybHVZV3dnWTI5dWRHRnBibVZ5Y3lCaGNtVWdaWGh3YVhKbFpDNGdXVzkxY2lCallYSjBJSGRwYkd3Z1ltVWdkWEJrWVhSbFpDQmhkWFJ2YldGMGFXTmhiR3g1SUdGdVpDQmpZWEowSUhkcGJHd2dZbVVnY21Wc2IyRmtaV1F1SUVWNGNHbHlaV1FnYVhSbGJTQk9ZVzFsY3lCaGNtVWdMVDRpTENKU1pYVnpaV1JKZEdWdGMxWmhiR2xrWVhScGIyNVFiM0IxY0UxbGMzTmhaMlZJWldGa1pYSWlPaUpRYkdWaGMyVWdUbTkwWlNJc0lrVjRjR2x5WldSUWNtbHRaWEpRYjNCMWNFTnNiM05sUW5WMGRHOXVWR1Y0ZENJNklrOXJJaXdpUlhod2FYSmxaRkJ5YVcxbGNsQnZjSFZ3VFdWemMyRm5aVlJsZUhRaU9pSlFjbWx0WlhJZ2FYTWdaWGh3YVhKbFpDQm1iM0lnZEdobElHOXVaU0J2WmlCMGFHVWdjMlZzWlhSbFpDQnpaWEYxWlc1amFXNW5JR2wwWlcwdUlIQnNaV0Z6WlNCelpXeGxZM1FnWVc1dmRHaGxjaUJ3Y21sdFpYSWdiM0lnYjNKa1pYSWdibVYzSUhCeWFXMWxjaTRpTENKRmVIQnBjbVZrVUhKcGJXVnlVRzl3ZFhCTlpYTnpZV2RsU0dWaFpHVnlWR1Y0ZENJNklsQnNaWE5sSUU1dmRHVWlMQ0pEWVhKMFVHRm5aVlZTVENJNklpOWxiaTlqWVhKMExtRnpjSGdpTENKTmFXNXBiWFZ0VUd4aGRHVlRZVzF3YkdWelVHVnlRMmhsWTJ0dmRYUWlPalE0TENKUWJHRjBaVk5oYlhCc1pVTnZkVzUwSWpwdWRXeHNMQ0pKYzFOcGJtZHNaVkJzWVhSbFYybDBhRlpoYkdsa1UyRnRjR3hsUTI5MWJuUWlPbVpoYkhObExDSk5hVzVRYkdGMFpWTmhiWEJzWlhOUWIzQjFjRVp2Y20xaGRFMWxjM05oWjJVaU9pSWlMQ0pOYVc1UWJHRjBaVk5oYlhCc1pYTlFiM0IxY0VadmNtMWhkRTFsYzNOaFoyVkRiRzl6WlVKMWRIUnZibFJsZUhRaU9pSWlMQ0pOYVc1UWJHRjBaVk5oYlhCc1pYTlFiM0IxY0VadmNtMWhkRTFsYzNOaFoyVklaV0ZrWlhJaU9pSWlMQ0pOWVhocGJYVnRUblZ0WW1WeVQyWlFiR0YwWlhOUVpYSkRhR1ZqYTI5MWRDSTZNeXdpVUd4aGRHVnpRMjkxYm5SR2IzSkRkWEp5Wlc1MFQzSmtaWElpT201MWJHd3NJazFoZUdsdGRXMVFiR0YwWlhOUVpYSkRhR1ZqYTI5MWRGQnZjSFZ3Um05eWJXRjBUV1Z6YzJGblpTSTZJazFoZUdsdGRXMGdNeUJ3YkdGMFpYTWdZWEpsSUdWc2FXZHBZbXhsSUhSdklHTm9aV05yYjNWMElIQmxjaUJ2Y21SbGNpQm1iM0lnY0d4aGRHVWdjMlZ4ZFdWdVkybHVaeUJwZEdWdGN5NGdVR3hsWVhObElHMXZaR2xtZVNCNWIzVnlJSE5sYkdWamRHbHZiaUJoWTJOdmNtUnBibWRzZVM0aUxDSk5ZWGhwYlhWdFVHeGhkR1Z6VUdWeVEyaGxZMnR2ZFhSUWIzQjFjRVp2Y20xaGRFMWxjM05oWjJWRGJHOXpaVUoxZEhSdmJsUmxlSFFpT2lKUGF5SXNJazFoZUdsdGRXMVFiR0YwWlhOUVpYSkRhR1ZqYTI5MWRFWnZjbTFoZEUxbGMzTmhaMlZJWldGa1pYSWlPaUpRYkdWaGMyVWdUbTkwWlNJc0lsQnZjM1JDWVdOclJXeGxiV1Z1ZEZWdWFYRjFaVWxrSWpvaVkzUnNNREFrWTNSc01EQWtZM1JzTURBa1EyOXVkR1Z1ZEZCc1lXTmxTRzlzWkdWeVJHVm1ZWFZzZENSRFlYSjBUM1psY25acFpYZGZNeVJzYm10RGFHVmphMjkxZENJc0lrVjJaVzUwUVhKbmRXMWxiblFpT2lJaWZTd2dkR2hwY3lrN1pBSVFEdzhXQkI4RkJRMHZaVzR2WTJGeWRDNWhjM0I0SHdNRkJFTmhjblJrWkFJU0R3OFdBaDhEQlFoRGFHVmphMjkxZEJZQ0h3d0ZseXh5WlhSMWNtNGdWbUZzYVdSaGRHVkpkR1Z0YzFSdlEyaGxZMnRQZFhSUGNsRjFiM1JsS0hzaVEyeHZjMlZDZFhSMGIyNVVaWGgwSWpvaVEyeHZjMlVpTENKQmJHVnlkRTFsYzNOaFoyVlVhWFJzWlNJNklrRnNaWEowSUUxbGMzTmhaMlVpTENKRGFHVmphMjkxZEZOMFlYUmxSVzUxYlNJNmV5SkpiblpoYkdsa0lqb2lTVzUyWVd4cFpDSXNJbEYxYjNSaFlteGxUMjVzZVNJNklsRjFiM1JoWW14bFQyNXNlU0lzSWs5eVpHVnlZV0pzWlU5dWJIa2lPaUpQY21SbGNtRmliR1ZQYm14NUlpd2lUM0prWlhKaFlteGxRVzVrVVhWdmRHRmliR1VpT2lKUGNtUmxjbUZpYkdWQmJtUlJkVzkwWVdKc1pTSXNJazV2ZEU5eVpHVnlZV0pzWlVGdVpGRjFiM1JoWW14bElqb2lUbTkwVDNKa1pYSmhZbXhsUVc1a1VYVnZkR0ZpYkdVaUxDSk9iM1JQY21SbGNtRmliR1ZCYm1SUmRXOTBZV0pzWlZkcGRHaEpiblpoYkdsa0lqb2lUbTkwVDNKa1pYSmhZbXhsUVc1a1VYVnZkR0ZpYkdWWGFYUm9TVzUyWVd4cFpDSXNJa1psZDA5eVpHVnlZV0pzWlU5dWJIa2lPaUpHWlhkUGNtUmxjbUZpYkdWUGJteDVJaXdpUm1WM1QzSmtaWEpoWW14bFFXNWtSbVYzVVhWdmRHRmliR1VpT2lKR1pYZFBjbVJsY21GaWJHVkJibVJHWlhkUmRXOTBZV0pzWlNJc0lrWmxkMUYxYjNSaFlteGxUMjVzZVZkcGRHaEpiblpoYkdsa0lqb2lSbVYzVVhWdmRHRmliR1ZQYm14NVYybDBhRWx1ZG1Gc2FXUWlMQ0pHWlhkUGNtUmxjbUZpYkdWUGJteDVWMmwwYUVsdWRtRnNhV1FpT2lKR1pYZFBjbVJsY21GaWJHVlBibXg1VjJsMGFFbHVkbUZzYVdRaUxDSkdaWGRQY21SbGNtRmliR1ZCYm1SR1pYZFJkVzkwWVdKc1pWZHBkR2hKYm5aaGJHbGtJam9pUm1WM1QzSmtaWEpoWW14bFFXNWtSbVYzVVhWdmRHRmliR1ZYYVhSb1NXNTJZV3hwWkNJc0lrWmxkMDl5WkdWeVlXSnNaVUZ1WkVGc2JGRjFiM1JoWW14bElqb2lSbVYzVDNKa1pYSmhZbXhsUVc1a1FXeHNVWFZ2ZEdGaWJHVWlMQ0pCYkd4UGNtUmxjbUZpYkdWQmJtUkdaWGRSZFc5MFlXSnNaU0k2SWtGc2JFOXlaR1Z5WVdKc1pVRnVaRVpsZDFGMWIzUmhZbXhsSW4wc0lrbDBaVzFUZEdGMFpVVnVkVzBpT25zaVNXNTJZV3hwWkNJNklrbHVkbUZzYVdRaUxDSlJkVzkwWVdKc1pVOXViSGtpT2lKUmRXOTBZV0pzWlU5dWJIa2lMQ0pQY21SbGNtRmliR1ZQYm14NUlqb2lUM0prWlhKaFlteGxUMjVzZVNJc0lrOXlaR1Z5WVdKc1pVRnVaRkYxYjNSaFlteGxJam9pVDNKa1pYSmhZbXhsUVc1a1VYVnZkR0ZpYkdVaUxDSk9iM1JQY21SbGNtRmliR1ZCYm1SUmRXOTBZV0pzWlNJNklrNXZkRTl5WkdWeVlXSnNaVUZ1WkZGMWIzUmhZbXhsSWl3aVRtOTBUM0prWlhKaFlteGxRVzVrVVhWdmRHRmliR1ZYYVhSb1NXNTJZV3hwWkNJNklrNXZkRTl5WkdWeVlXSnNaVUZ1WkZGMWIzUmhZbXhsVjJsMGFFbHVkbUZzYVdRaUxDSkdaWGRQY21SbGNtRmliR1ZQYm14NUlqb2lSbVYzVDNKa1pYSmhZbXhsVDI1c2VTSXNJa1psZDA5eVpHVnlZV0pzWlVGdVpFWmxkMUYxYjNSaFlteGxJam9pUm1WM1QzSmtaWEpoWW14bFFXNWtSbVYzVVhWdmRHRmliR1VpTENKR1pYZFJkVzkwWVdKc1pVOXViSGxYYVhSb1NXNTJZV3hwWkNJNklrWmxkMUYxYjNSaFlteGxUMjVzZVZkcGRHaEpiblpoYkdsa0lpd2lSbVYzVDNKa1pYSmhZbXhsVDI1c2VWZHBkR2hKYm5aaGJHbGtJam9pUm1WM1QzSmtaWEpoWW14bFQyNXNlVmRwZEdoSmJuWmhiR2xrSWl3aVJtVjNUM0prWlhKaFlteGxRVzVrUm1WM1VYVnZkR0ZpYkdWWGFYUm9TVzUyWVd4cFpDSTZJa1psZDA5eVpHVnlZV0pzWlVGdVpFWmxkMUYxYjNSaFlteGxWMmwwYUVsdWRtRnNhV1FpTENKR1pYZFBjbVJsY21GaWJHVkJibVJCYkd4UmRXOTBZV0pzWlNJNklrWmxkMDl5WkdWeVlXSnNaVUZ1WkVGc2JGRjFiM1JoWW14bElpd2lRV3hzVDNKa1pYSmhZbXhsUVc1a1JtVjNVWFZ2ZEdGaWJHVWlPaUpCYkd4UGNtUmxjbUZpYkdWQmJtUkdaWGRSZFc5MFlXSnNaU0o5TENKb1pHNUdhV1ZzWkZObGJHVmpkR1ZrVDNKa1pYSkpkR1Z0UTJobFkydHZkWFJUZEdGMFpYTkRiR2xsYm5SSlpDSTZJa052Ym5SbGJuUlFiR0ZqWlVodmJHUmxja1JsWm1GMWJIUmZRMkZ5ZEU5MlpYSjJhV1YzWHpOZmFHUnVSbWxsYkdSVFpXeGxZM1JsWkU5eVpHVnlTWFJsYlVOb1pXTnJiM1YwVTNSaGRHVnpJaXdpYUdSdVJtbGxiR1JUWld4bFkzUmxaRWwwWlcxSlpITkRiR2xsYm5SSlpDSTZJa052Ym5SbGJuUlFiR0ZqWlVodmJHUmxja1JsWm1GMWJIUmZRMkZ5ZEU5MlpYSjJhV1YzWHpOZmFHUnVSbWxsYkdSVFpXeGxZM1JsWkVsMFpXMUpaSE1pTENKUGNtUmxjbE5sYkdWamRHVmtVSEp2WkhWamRITWlPakVzSWtOdmJtWnBjbTFoZEdsdmJsUnBkR3hsVW1WemIzVnlZMlVpT2lKRGIyNW1hWEp0WVhScGIyNGlMQ0pRY205alpXVmtRblYwZEc5dVZHVjRkQ0k2SWxCeWIyTmxaV1FpTENKUWNtOWpaV1ZrUW5WMGRHOXVRMkZzYkdKaFkyc2lPaUpXWVd4cFpHRjBaVWwwWlcxelZHOURhR1ZqYTA5MWRFOXlVWFZ2ZEdVaUxDSkpiblpoYkdsa1NYUmxiWE5UWld4bFkzUmxaRVp2Y2tOb1pXTnJiM1YwVW1WemIzVnlZMlVpT2lKVWFHVnlaU0JoY21VZ2MyOXRaU0JwYm5aaGJHbGtJR2wwWlcxeklHTm9iM05sYmlCbWIzSWdZMmhsWTJ0dmRYUWlMQ0pPYjA5eVpHVnlZV0pzWlVsMFpXMXpVMlZzWldOMFpXUkdiM0pEYUdWamEyOTFkRkpsYzI5MWNtTmxJam9pVG04Z2RtRnNhV1FnYjNKa1pYSmhZbXhsSUdsMFpXMXpJR0Z5WlNCamFHOXpaVzRnWm05eUlHOXlaR1Z5SUhCeWIyTmxjM01pTENKT2IxRjFiM1JoWW14bFNYUmxiWE5UWld4bFkzUmxaRVp2Y2tOb1pXTnJiM1YwVW1WemIzVnlZMlVpT2lKT2J5QjJZV3hwWkNCeGRXOTBZV0pzWlNCcGRHVnRjeUJoY21VZ1kyaHZjMlZ1SUdadmNpQnhkVzkwWlNCd2NtOWpaWE56SWl3aVQzSmtaWEpoWW14bFFXNWtUbTl1VDNKa1pYSmhZbXhsU1hSbGJYTlRaV3hsWTNSbFpFWnZja05vWldOcmIzVjBVbVZ6YjNWeVkyVWlPaUpaYjNVZ1kyRnVJR1ZwZEdobGNpQW5jSEp2WTJWbFpDY2dkMmwwYUNCdmNtUmxjaUJ3Y205alpYTnpJRzltSUhSb1pTQnZjbVJsY21GaWJHVWdhWFJsYlhNZ2IzSWdaV1JwZENCMGFHVWdibTl1TFc5eVpHVnlZV0pzWlNCcGRHVnRjeUlzSWxGMWIzUmhZbXhsUVc1a1RtOXVVWFZ2ZEdGaWJHVkpkR1Z0YzFObGJHVmpkR1ZrUm05eVEyaGxZMnR2ZFhSU1pYTnZkWEpqWlNJNklsbHZkU0JqWVc0Z1pXbDBhR1Z5SUNkd2NtOWpaV1ZrSnlCM2FYUm9JSEYxYjNSbElIQnliMk5sYzNNZ2IyWWdkR2hsSUhGMWIzUmhZbXhsSUdsMFpXMXpJRzl5SUdWa2FYUWdkR2hsSUc1dmJpMXhkVzkwWVdKc1pTQnBkR1Z0Y3lJc0lsRjFiM1JsVTJWc1pXTjBaV1JRY205a2RXTjBjeUk2TWl3aVRtOUpkR1Z0YzFObGJHVmpkR1ZrSWpvaVRtOGdTWFJsYlhNZ1UyVnNaV04wWldRdUlGQnNaV0Z6WlNCamFHOXZjMlVnYjI1bElDaHZjaWtnYlc5eVpTQnBkR1Z0Y3lCMGJ5QndaWEptYjNKdElIUm9aU0JoWTNScGIyNHVJaXdpUTJGeWRFRmpkR2x2YmtSbGJHVjBaVk5sYkdWamRHVmtVSEp2WkhWamRITWlPalVzSWxkcGMyaE1hWE4wUVdOMGFXOXVjMFJsYkdWMFpWTmxiR1ZqZEdWa1VISnZaSFZqZEhNaU9qSXNJa1JsYkdWMFpVTnZibVpwY20xaGRHbHZiazFsYzNOaFoyVlNaWE52ZFhKalpTSTZJanh3UGtSdklIbHZkU0J5WldGc2JIa2dkMkZ1ZENCMGJ5QmtaV3hsZEdVZ2RHaHBjeUJwZEdWdEtITXBQend2Y0Q0aUxDSkVaV3hsZEdWRGIyNW1hWEp0WVhScGIyNU9iMEoxZEhSdmJsSmxjMjkxY21ObElqb2lUbThpTENKRVpXeGxkR1ZEYjI1bWFYSnRZWFJwYjI1WlpYTkNkWFIwYjI1U1pYTnZkWEpqWlNJNklsbGxjeUlzSWtSbGJHVjBaVU52Ym1acGNtMWhkR2x2YmtobFlXUmxjbFJsZUhSU1pYTnZkWEpqWlNJNklrUmxiR1YwWlNJc0lrTmhjblJCWTNScGIyNGlPakVzSWtOb1pXTnJiM1YwUW5WMGRHOXVVMk55YVhCMElqcHVkV3hzTENKRGFHVmphMjkxZEZObGNYVmxibU5wYm1kQmJtUlFjbWx0WlhKUWIzQjFjRTFsYzNOaFoyVklaV0ZrWlhJaU9pSWlMQ0pEYUdWamEyOTFkRk5sY1hWbGJtTnBibWRCYm1SUWNtbHRaWEpRYjNCMWNFMWxjM05oWjJWSVpXRmtaWEpKYm1admNtMWhkR2x2YmlJNklrbDBJR2x6SUc1dmRDQndiM056YVdKc1pTQjBieUJqYUdWamEyOTFkQ0F2SUhGMWIzUmxJSE5sY1hWbGJtTnBibWNnY21WaFkzUnBiMjV6SUhkcGRHaHZkWFFnY0hKcGJXVnljeUIzYUdsamFDQmhjbVVnWVhOemIyTnBZWFJsWkNCMGJ5QnpaV3hsWTNSbFpDQnpaWEYxWlc1amFXNW5JR2wwWlcxeklHbHVJSFJvYVhNZ2IzSmtaWEk2SUR3dlluSStQQzlpY2o0aUxDSkRhR1ZqYTI5MWRGTmxjWFZsYm1OcGJtZEJibVJRY21sdFpYSlFiM0IxY0UxbGMzTmhaMlZHYjI5MFpYSkpibVp2Y20xaGRHbHZiaUk2SWlJc0lrTm9aV05yYjNWMFUyVnhkV1Z1WTJsdVowRnVaRkJ5YVcxbGNsQnZjSFZ3VFdWemMyRm5aVU5zYjNObFFuVjBkRzl1VkdWNGRDSTZJaUlzSWtOb1pXTnJiM1YwVTJWeGRXVnVZMmx1WjBGdVpGQnlhVzFsY2xCdmNIVndSbTl5YldGMFRXVnpjMkZuWlNJNklpSXNJa05vWldOcmIzVjBVSEpwYldWeVFXeHZibVZRYjNCMWNFMWxjM05oWjJWRGJHOXpaVUoxZEhSdmJsUmxlSFFpT2lJaUxDSkRhR1ZqYTI5MWRGQnlhVzFsY2tGc2IyNWxVRzl3ZFhCTlpYTnpZV2RsSWpvaVVISnBiV1Z5SUdGc2IyNWxJR05oYm01dmRDQmlaU0JqYUdWamEyVmtJRzkxZEM0Z1VHeGxZWE5sSUhObGJHVmpkQ0JoZEd4bFlYTjBJRzl1WlNCaGMzTnZZMmxoZEdWa0lITmxjWFZsYm1OcGJtY2dTWFJsYlM0aUxDSkRhR1ZqYTI5MWRGQnlhVzFsY2tGc2IyNWxVRzl3ZFhCTlpYTnpZV2RsU0dWaFpHVnlJam9pVUd4bFlYTmxJRTV2ZEdVaUxDSkNZWEpEYjJSbFZtRnNhV1JoZEdsdmJsQnZjSFZ3UTJ4dmMyVkNkWFIwYjI1VVpYaDBJam9pVDJzaUxDSkNZWEpEYjJSbFZtRnNhV1JoZEdsdmJsQnZjSFZ3VFdWemMyRm5aU0k2SWtKaGNtTnZaR1VnWm05eUlGTmxiR1ZqZEdWa0lFbDBaVzBnYVhNZ2FXNTJZV3hwWkNJc0lrSmhja052WkdWV1lXeHBaR0YwYVc5dVVHOXdkWEJOWlhOellXZGxTR1ZoWkdWeUlqb2lVR3hsWVhObElFNXZkR1VpTENKVFlXMWxSR0Y1UkdWc2FYWmxjbmxXWVd4cFpHRjBhVzl1VUc5d2RYQkhiMEpoWTJ0Q2RYUjBiMjVVWlhoMElqb2lWMkZwZENCMWJuUnBiQ0JoYkd3Z1QzSmtaWEp6SUdGeVpTQm1hVzVwYzJobFpDQjBieUJUYUdsd0lHOXVZMlVpTENKVFlXMWxSR0Y1UkdWc2FYWmxjbmxXWVd4cFpHRjBhVzl1VUc5d2RYQkRhR1ZqYTI5MWRFSjFkSFJ2YmxSbGVIUWlPaUpEYUdWamEyOTFkQ0JUWVcxbElFUmhlU0JQYkdsbmIzTWdUMjVzZVNJc0lsTmhiV1ZFWVhsRVpXeHBkbVZ5ZVZaaGJHbGtZWFJwYjI1UWIzQjFjRTFsYzNOaFoyVklaV0ZrWlhJaU9pSlFiR1ZoYzJVZ2MyVnNaV04wSWl3aVUyRnRaVVJoZVVSbGJHbDJaWEo1Vm1Gc2FXUmhkR2x2YmxCdmNIVndUV1Z6YzJGblpVUmxjMk55YVhCMGFXOXVJam9pV1c5MWNpQmpZWEowSUdOdmJuUmhhVzV6SUhOaGJXVWdaR0Y1SUc5c2FXZHZjeXdnZDJocFkyZ2dibVZsWkNCMGJ5QmlaU0JqYUdWamEyVmtJRzkxZENCelpYQmxjbUYwWld4NUlHbHVJRzl5WkdWeUlIUnZJR1Z1YzNWeVpTQjBhR1VnWm1GemRHVnpkQ0JrWld4cGRtVnllUzRnVkdobElHOTBhR1Z5SUdsMFpXMXpJSGRwYkd3Z1ltVWdkMkZwZEdsdVp5QnBiaUI1YjNWeUlHTmhjblFnZDJobGJpQjViM1VnY21WMGRYSnVJR3hoZEdWeUxpQThjM0JoYmlCamJHRnpjejFjSW5SdmIyeDBhWEJmWkdsaGJHOW5YQ0lnZEdsMGJHVTlYQ0pGZUhCc1lXbHVJR0oxZEhSdmJpQmtaWE5qY21sd2RHbHZiaUJvWlhKbElHOXViSGxjSWlBK1BDOXpjR0Z1UGlJc0lsSmxkWE5sWkVsMFpXMXpWbUZzYVdSaGRHbHZibEJ2Y0hWd1EyeHZjMlZDZFhSMGIyNVVaWGgwSWpvaVQyc2lMQ0pTWlhWelpXUkpkR1Z0YzFaaGJHbGtZWFJwYjI1UWIzQjFjRTFsYzNOaFoyVWlPaUpQYjNCeklDRWdVMjl0WlNCdmNpQmhiR3dnYjJZZ2MyVnNaV04wWldRZ2NtVjFjMlZrSUdsMFpXMG5jeUJ2Y21sbmFXNWhiQ0JqYjI1MFlXbHVaWEp6SUdGeVpTQmxlSEJwY21Wa0xpQlpiM1Z5SUdOaGNuUWdkMmxzYkNCaVpTQjFjR1JoZEdWa0lHRjFkRzl0WVhScFkyRnNiSGtnWVc1a0lHTmhjblFnZDJsc2JDQmlaU0J5Wld4dllXUmxaQzRnUlhod2FYSmxaQ0JwZEdWdElFNWhiV1Z6SUdGeVpTQXRQaUlzSWxKbGRYTmxaRWwwWlcxelZtRnNhV1JoZEdsdmJsQnZjSFZ3VFdWemMyRm5aVWhsWVdSbGNpSTZJbEJzWldGelpTQk9iM1JsSWl3aVJYaHdhWEpsWkZCeWFXMWxjbEJ2Y0hWd1EyeHZjMlZDZFhSMGIyNVVaWGgwSWpvaVQyc2lMQ0pGZUhCcGNtVmtVSEpwYldWeVVHOXdkWEJOWlhOellXZGxWR1Y0ZENJNklsQnlhVzFsY2lCcGN5QmxlSEJwY21Wa0lHWnZjaUIwYUdVZ2IyNWxJRzltSUhSb1pTQnpaV3hsZEdWa0lITmxjWFZsYm1OcGJtY2dhWFJsYlM0Z2NHeGxZWE5sSUhObGJHVmpkQ0JoYm05MGFHVnlJSEJ5YVcxbGNpQnZjaUJ2Y21SbGNpQnVaWGNnY0hKcGJXVnlMaUlzSWtWNGNHbHlaV1JRY21sdFpYSlFiM0IxY0UxbGMzTmhaMlZJWldGa1pYSlVaWGgwSWpvaVVHeGxjMlVnVG05MFpTSXNJa05oY25SUVlXZGxWVkpNSWpvaUwyVnVMMk5oY25RdVlYTndlQ0lzSWsxcGJtbHRkVzFRYkdGMFpWTmhiWEJzWlhOUVpYSkRhR1ZqYTI5MWRDSTZORGdzSWxCc1lYUmxVMkZ0Y0d4bFEyOTFiblFpT201MWJHd3NJa2x6VTJsdVoyeGxVR3hoZEdWWGFYUm9WbUZzYVdSVFlXMXdiR1ZEYjNWdWRDSTZabUZzYzJVc0lrMXBibEJzWVhSbFUyRnRjR3hsYzFCdmNIVndSbTl5YldGMFRXVnpjMkZuWlNJNklpSXNJazFwYmxCc1lYUmxVMkZ0Y0d4bGMxQnZjSFZ3Um05eWJXRjBUV1Z6YzJGblpVTnNiM05sUW5WMGRHOXVWR1Y0ZENJNklpSXNJazFwYmxCc1lYUmxVMkZ0Y0d4bGMxQnZjSFZ3Um05eWJXRjBUV1Z6YzJGblpVaGxZV1JsY2lJNklpSXNJazFoZUdsdGRXMU9kVzFpWlhKUFpsQnNZWFJsYzFCbGNrTm9aV05yYjNWMElqb3pMQ0pRYkdGMFpYTkRiM1Z1ZEVadmNrTjFjbkpsYm5SUGNtUmxjaUk2Ym5Wc2JDd2lUV0Y0YVcxMWJWQnNZWFJsYzFCbGNrTm9aV05yYjNWMFVHOXdkWEJHYjNKdFlYUk5aWE56WVdkbElqb2lUV0Y0YVcxMWJTQXpJSEJzWVhSbGN5QmhjbVVnWld4cFoybGliR1VnZEc4Z1kyaGxZMnR2ZFhRZ2NHVnlJRzl5WkdWeUlHWnZjaUJ3YkdGMFpTQnpaWEYxWlc1amFXNW5JR2wwWlcxekxpQlFiR1ZoYzJVZ2JXOWthV1o1SUhsdmRYSWdjMlZzWldOMGFXOXVJR0ZqWTI5eVpHbHVaMng1TGlJc0lrMWhlR2x0ZFcxUWJHRjBaWE5RWlhKRGFHVmphMjkxZEZCdmNIVndSbTl5YldGMFRXVnpjMkZuWlVOc2IzTmxRblYwZEc5dVZHVjRkQ0k2SWs5cklpd2lUV0Y0YVcxMWJWQnNZWFJsYzFCbGNrTm9aV05yYjNWMFJtOXliV0YwVFdWemMyRm5aVWhsWVdSbGNpSTZJbEJzWldGelpTQk9iM1JsSWl3aVVHOXpkRUpoWTJ0RmJHVnRaVzUwVlc1cGNYVmxTV1FpT2lKamRHd3dNQ1JqZEd3d01DUmpkR3d3TUNSRGIyNTBaVzUwVUd4aFkyVkliMnhrWlhKRVpXWmhkV3gwSkVOaGNuUlBkbVZ5ZG1sbGQxOHpKR3h1YTBOb1pXTnJiM1YwSWl3aVJYWmxiblJCY21kMWJXVnVkQ0k2SWlKOUxDQjBhR2x6S1R0a0FoSVBaQllHQWdNUFpCWUNaZzhQRmdJZUMyeGliRWhsWVdSTWFXNWxCUXBOZVNCUWNtOW1hV3hsWkJZSUFnSVBGUUZxUTI5dWRHVnVkRkJzWVdObFNHOXNaR1Z5UkdWbVlYVnNkRjlOWVhOMFpYSlFiR0ZqWldodmJHUmxjbDlJYjIxbFRHOW5aMlZrU1c1Zk5sOXdibXhFY21GbllXSnNaVmRwYm1SdmQwTnZiblJsYm5SZlNXNXNhVzVsVFdWemMyRm5aVU52Ym5SaGFXNWxjbVFDQXc4UEZnSWZCR2RrRmdRQ0FROFdBaDhEQlFWSVpXeHNiMlFDQXc4V0FoOERCUlZ3Ym5SbGMzUm1NREF4SUhCdWRHVnpkR3d3TURGa0FnVVBaQllJQWdFUEZnSWZBMlZrQWdNUER4WUNId05sWkdRQ0JROFBGZ0lmQXdVUktHSmxZMjl0WlNCNWIzVnljMlZzWmlsa1pBSUhEeFlDSHdObFpBSUpEMlFXQ0FJQkQyUVdBZ0lCRHc4V0JoOEhCUTFsWmtOdmJHOXlUM0poYm1kbEh3TUZDRTE1VDNKa1pYSnpId2dDQW1Sa0FnTVBEeFlDSHdNRkRFMTVJRVJoYzJoaWIyRnlaR1JrQWdVUER4WUVId1VGRkg0dllXUnRhVzR2ZDJWc1kyOXRaUzVoYzNCNEh3TUZEa0ZrYldsdWFYTjBjbUYwYVc5dVpHUUNCdzhQRmdJZkF3VUdURzluYjNWMFpHUUNCUTlrRmdKbUR3OFdCQjhOQlFWTWIyZHBiaDhFYUdRV0JBSUZEdzhXQWg4RkJTTXZaVzR2WTJobFkydHZkWFF2YzNSbGNERXVZWE53ZUQ5dWIyUmxTV1E5TVRFeU4yUmtBZ2NQWkJZR0FnRVBEeFlHSHdNRkJrVnRZV2xzT2g4SEJSY2djbVZ4ZFdseVpXUkdhV1ZzWkVOb1lYSmhZM1JsY2g4SUFnSmtaQUlKRHc4V0JoOERCUU43TUgwZkJ3VVhJSEpsY1hWcGNtVmtSbWxsYkdSRGFHRnlZV04wWlhJZkNBSUNaR1FDRXc4UEZnSWZCUVVYTDJWdUwyWnZjbWR2ZEhCaGMzTjNiM0prTG1GemNIaGtaQUlIRDJRV0FtWVBEeFlDSHcwRkNrNWxaV1FnU0dWc2NEOWtGZ1FDQWc4VkFXMURiMjUwWlc1MFVHeGhZMlZJYjJ4a1pYSkVaV1poZFd4MFgwMWhjM1JsY2xCc1lXTmxhRzlzWkdWeVgwTjFjM1J2YldWeVUzVndjRzl5ZEY4NFgzQnViRVJ5WVdkaFlteGxWMmx1Wkc5M1EyOXVkR1Z1ZEY5SmJteHBibVZOWlhOellXZGxRMjl1ZEdGcGJtVnlaQUlERDJRV0NBSUJEeFlDSHdNRkVFTjFjM1J2YldWeUlGTjFjSEJ2Y25Sa0FnTVBEeFlDSHdNRkVDczBPU0E0TURreUlEZ3lPRGtnTnpka1pBSUZEdzhXQWg4REJXZzhZU0JvY21WbVBTSXZaVzR2WlhWeWIyWnBibk10YlhkbkxXOXdaWEp2Ymk5elpYSjJhV05sTFdObGJuUmxjaTlqYjI1MFlXTjBMWFZ6TDJkc2IySmhiQzFrYVhKbFkzUnZjbmt1WVhOd2VDSStSbkpsWlNCd2FHOXVaU0J1ZFcxaVpYSnpQQzloUG1Sa0FnY1BEeFlFSHdNRlJEeGhJR2h5WldZOUltMWhhV3gwYnpwemRYQndiM0owTFdWMVFHVjFjbTltYVc1ekxtTnZiU0krYzNWd2NHOXlkQzFsZFVCbGRYSnZabWx1Y3k1amIyMDhMMkUrSHdVRlMyMWhhV3gwYnpvOFlTQm9jbVZtUFNKdFlXbHNkRzg2YzNWd2NHOXlkQzFsZFVCbGRYSnZabWx1Y3k1amIyMGlQbk4xY0hCdmNuUXRaWFZBWlhWeWIyWnBibk11WTI5dFBDOWhQbVJrQWhVUFpCWUNaZzlrRmdKbUR4VUJwZ1oyWVhJZ2MyaHZkMUJ5YjJkeVpYTnpRbUZ5UVdaMFpYSTlNakF3T3cwS2RtRnlJRzFsYzNOaFoyVlFjbTluY21WemMwSmhjajBuVUd4bFlYTmxJSGRoYVhRdUxpNG5PdzBLZG1GeUlIQnliMmR5WlhOelFtRnlWR2wwYkdVOUoxQnNaV0Z6WlNCM1lXbDBMaTR1SnpzTkNuWmhjaUJ3Y205bmNtVnpjMEpoY2tOaGJtTmxiRUoxZEhSdmJsUmxlSFE5SjBOaGJtTmxiQ2M3RFFwMllYSWdZV3hsY25STlpYTnpZV2RsUW5WMGRHOXVWR1Y0ZEQwblQyc25PdzBLZG1GeUlHRnNaWEowVFdWemMyRm5aVlJwZEd4bFBTZEJiR1Z5ZENCTlpYTnpZV2RsSnpzTkNuWmhjaUJ2Y0dWeWIyNVRhWFJsVlhKc1BTY25PdzBLZG1GeUlHTjFjbkpsYm5SVGFYUmxRMjlrWlQwblJVSkZKenNOQ25aaGNpQnpkV0pFYjIxaGFXNDlKMUZCSnpzTkNuWmhjaUJ3YjNKMFRuVnRZbVZ5UFNjNE1TYzdEUXAyWVhJZ2NISmxURzloWkVsdFlXZGxUR2x6ZEQxYkp5OWpjM012WlhoMEwycHhkV1Z5ZVhSb1pXMWxjeTlwYldGblpYTXZkV2t0WW1kZloyeGhjM05mTlRWZk1XTXhZekZqWHpGNE5EQXdMbkJ1WnlkZE93MEtkbUZ5SUhCeWFXTnBibWRFWlhSaGFXeHpRMnh2YzJWQ2RYUjBiMjVVWlhoMFBTZERiRzl6WlNjN0RRcDJZWElnUVdSa1FuVjBkRzl1VW1WemIzVnlZMlZVWlhoMElEMGdKMEZrWkNjN0RRcDJZWElnUTJGdVkyVnNRblYwZEc5dVVtVnpiM1Z5WTJWVVpYaDBJRDBnSjBOaGJtTmxiQ2M3RFFwMllYSWdRMnh2YzJWQ2RYUjBiMjVTWlhOdmRYSmpaVlJsZUhRZ1BTQW5RMnh2YzJVbk93MEtkbUZ5SUZOaGRtVkNkWFIwYjI1U1pYTnZkWEpqWlZSbGVIUWdQU0FuVTJGMlpTYzdEUXAyWVhJZ1RtOUNkWFIwYjI1U1pYTnZkWEpqWlZSbGVIUWdQU0FuVG04bk93MEtkbUZ5SUZsbGMwSjFkSFJ2YmxKbGMyOTFjbU5sVkdWNGRDQTlJQ2RaWlhNbk93MEtkbUZ5SUZSb2FXTnJRbTk0UTJ4dmMyVlVaWGgwVW1WemIzVnlZMlVnUFNBbmIzSWdSWE5qSUV0bGVTYzdEUXAyWVhJZ1ZHaHBZMnRDYjNoRGJHOXpaVXhwYm10U1pYTnZkWEpqWlNBOUlDZGpiRzl6WlNjN0RRcDJZWElnWkdWd2JHOTViV1Z1ZEVWdWRtbHliMjV0Wlc1MElEMGdKMUZCSnpzTkNtUms1Qm1RV2FpY05KeUZxTWJSU3ZtcE4zU2tHUG1WYy9vdEM2N0VUOG91NDVrPSIgQ29ycmVsYXRpb25CaW5kaW5nPSIiIFVybEVuY29kZT0iVHJ1ZSIgLz4NCiAgICAgICAgPEZvcm1Qb3N0UGFyYW1ldGVyIE5hbWU9ImN0bDAwJGN0bDAwJGN0bDAwJENvbnRlbnRQbGFjZUhvbGRlckRlZmF1bHQkVG9wTG9nZ2VkSW5fMSRoZG5TY3JlZW5BcmVhIiBWYWx1ZT0ie3skSElEREVOMS5jdGwwMCRjdGwwMCRjdGwwMCRDb250ZW50UGxhY2VIb2xkZXJEZWZhdWx0JFRvcExvZ2dlZEluXzEkaGRuU2NyZWVuQXJlYX19IiBSZWNvcmRlZFZhbHVlPSIiIENvcnJlbGF0aW9uQmluZGluZz0iIiBVcmxFbmNvZGU9IlRydWUiIC8+DQogICAgICAgIDxGb3JtUG9zdFBhcmFtZXRlciBOYW1lPSJjdGwwMCRjdGwwMCRjdGwwMCRDb250ZW50UGxhY2VIb2xkZXJEZWZhdWx0JENhcnRPdmVydmlld18zJGhkbkZpZWxkU2VsZWN0ZWRPcmRlckl0ZW1DaGVja291dFN0YXRlcyIgVmFsdWU9Int7JEhJRERFTjEuY3RsMDAkY3RsMDAkY3RsMDAkQ29udGVudFBsYWNlSG9sZGVyRGVmYXVsdCRDYXJ0T3ZlcnZpZXdfMyRoZG5GaWVsZFNlbGVjdGVkT3JkZXJJdGVtQ2hlY2tvdXRTdGF0ZXN9fSIgUmVjb3JkZWRWYWx1ZT0iIiBDb3JyZWxhdGlvbkJpbmRpbmc9IiIgVXJsRW5jb2RlPSJUcnVlIiAvPg0KICAgICAgICA8Rm9ybVBvc3RQYXJhbWV0ZXIgTmFtZT0iY3RsMDAkY3RsMDAkY3RsMDAkQ29udGVudFBsYWNlSG9sZGVyRGVmYXVsdCRDYXJ0T3ZlcnZpZXdfMyRoZG5GaWVsZENvbXBsZXRlQ2FydENoZWNrb3V0U3RhdGVFbnVtcyIgVmFsdWU9Int7JEhJRERFTjEuY3RsMDAkY3RsMDAkY3RsMDAkQ29udGVudFBsYWNlSG9sZGVyRGVmYXVsdCRDYXJ0T3ZlcnZpZXdfMyRoZG5GaWVsZENvbXBsZXRlQ2FydENoZWNrb3V0U3RhdGVFbnVtc319IiBSZWNvcmRlZFZhbHVlPSIiIENvcnJlbGF0aW9uQmluZGluZz0iIiBVcmxFbmNvZGU9IlRydWUiIC8+DQogICAgICAgIDxGb3JtUG9zdFBhcmFtZXRlciBOYW1lPSJjdGwwMCRjdGwwMCRjdGwwMCRDb250ZW50UGxhY2VIb2xkZXJEZWZhdWx0JENhcnRPdmVydmlld18zJGhkbkZpZWxkU2VsZWN0ZWRJdGVtSWRzIiBWYWx1ZT0ie3skSElEREVOMS5jdGwwMCRjdGwwMCRjdGwwMCRDb250ZW50UGxhY2VIb2xkZXJEZWZhdWx0JENhcnRPdmVydmlld18zJGhkbkZpZWxkU2VsZWN0ZWRJdGVtSWRzfX0iIFJlY29yZGVkVmFsdWU9IiIgQ29ycmVsYXRpb25CaW5kaW5nPSIiIFVybEVuY29kZT0iVHJ1ZSIgLz4NCiAgICAgICAgPEZvcm1Qb3N0UGFyYW1ldGVyIE5hbWU9ImN0bDAwJGN0bDAwJGN0bDAwJENvbnRlbnRQbGFjZUhvbGRlckRlZmF1bHQkQ2FydE92ZXJ2aWV3XzMkaGRuU2NyZWVuQXJlYSIgVmFsdWU9Int7JEhJRERFTjEuY3RsMDAkY3RsMDAkY3RsMDAkQ29udGVudFBsYWNlSG9sZGVyRGVmYXVsdCRDYXJ0T3ZlcnZpZXdfMyRoZG5TY3JlZW5BcmVhfX0iIFJlY29yZGVkVmFsdWU9IiIgQ29ycmVsYXRpb25CaW5kaW5nPSIiIFVybEVuY29kZT0iVHJ1ZSIgLz4NCiAgICAgICAgPEZvcm1Qb3N0UGFyYW1ldGVyIE5hbWU9ImN0bDAwJGN0bDAwJGN0bDAwJENvbnRlbnRQbGFjZUhvbGRlckRlZmF1bHQkTWFzdGVyUGxhY2Vob2xkZXIkSG9tZUxvZ2dlZEluXzYkaGRuU2NyZWVuQXJlYSIgVmFsdWU9Int7JEhJRERFTjEuY3RsMDAkY3RsMDAkY3RsMDAkQ29udGVudFBsYWNlSG9sZGVyRGVmYXVsdCRNYXN0ZXJQbGFjZWhvbGRlciRIb21lTG9nZ2VkSW5fNiRoZG5TY3JlZW5BcmVhfX0iIFJlY29yZGVkVmFsdWU9IiIgQ29ycmVsYXRpb25CaW5kaW5nPSIiIFVybEVuY29kZT0iVHJ1ZSIgLz4NCiAgICAgICAgPEZvcm1Qb3N0UGFyYW1ldGVyIE5hbWU9ImN0bDAwJGN0bDAwJGN0bDAwJENvbnRlbnRQbGFjZUhvbGRlckRlZmF1bHQkTWFzdGVyUGxhY2Vob2xkZXIkQ3VzdG9tZXJTdXBwb3J0XzgkaGRuU2NyZWVuQXJlYSIgVmFsdWU9Int7JEhJRERFTjEuY3RsMDAkY3RsMDAkY3RsMDAkQ29udGVudFBsYWNlSG9sZGVyRGVmYXVsdCRNYXN0ZXJQbGFjZWhvbGRlciRDdXN0b21lclN1cHBvcnRfOCRoZG5TY3JlZW5BcmVhfX0iIFJlY29yZGVkVmFsdWU9IiIgQ29ycmVsYXRpb25CaW5kaW5nPSIiIFVybEVuY29kZT0iVHJ1ZSIgLz4NCiAgICAgICAgPEZvcm1Qb3N0UGFyYW1ldGVyIE5hbWU9ImN0bDAwJGN0bDAwJGN0bDAwJENvbnRlbnRQbGFjZUhvbGRlckRlZmF1bHQkaGRuQ2FuSW5pdGlhbGl6ZUN1bHR1cmUiIFZhbHVlPSJ7eyRISURERU4xLmN0bDAwJGN0bDAwJGN0bDAwJENvbnRlbnRQbGFjZUhvbGRlckRlZmF1bHQkaGRuQ2FuSW5pdGlhbGl6ZUN1bHR1cmV9fSIgUmVjb3JkZWRWYWx1ZT0iZmFsc2UiIENvcnJlbGF0aW9uQmluZGluZz0iIiBVcmxFbmNvZGU9IlRydWUiIC8+DQogICAgICAgIDxGb3JtUG9zdFBhcmFtZXRlciBOYW1lPSJjdGwwMCRjdGwwMCRjdGwwMCRDb250ZW50UGxhY2VIb2xkZXJEZWZhdWx0JGhkbkVjb21EcmFnRHJvcEpzb24iIFZhbHVlPSJ7eyRISURERU4xLmN0bDAwJGN0bDAwJGN0bDAwJENvbnRlbnRQbGFjZUhvbGRlckRlZmF1bHQkaGRuRWNvbURyYWdEcm9wSnNvbn19IiBSZWNvcmRlZFZhbHVlPSIiIENvcnJlbGF0aW9uQmluZGluZz0iIiBVcmxFbmNvZGU9IlRydWUiIC8+DQogICAgICAgIDxGb3JtUG9zdFBhcmFtZXRlciBOYW1lPSJjdGwwMCRjdGwwMCRjdGwwMCRDb250ZW50UGxhY2VIb2xkZXJEZWZhdWx0JGhkbkN1cnJlbnRQYWdlSWRlbnRpdHkiIFZhbHVlPSJ7eyRISURERU4xLmN0bDAwJGN0bDAwJGN0bDAwJENvbnRlbnRQbGFjZUhvbGRlckRlZmF1bHQkaGRuQ3VycmVudFBhZ2VJZGVudGl0eX19IiBSZWNvcmRlZFZhbHVlPSIxMTI3IiBDb3JyZWxhdGlvbkJpbmRpbmc9IiIgVXJsRW5jb2RlPSJUcnVlIiAvPg0KICAgICAgICA8Rm9ybVBvc3RQYXJhbWV0ZXIgTmFtZT0iY3RsMDAkY3RsMDAkY3RsMDAkQ29udGVudFBsYWNlSG9sZGVyRGVmYXVsdCRoZG5TY3JvbGxZUG9zaXRpb24iIFZhbHVlPSJ7eyRISURERU4xLmN0bDAwJGN0bDAwJGN0bDAwJENvbnRlbnRQbGFjZUhvbGRlckRlZmF1bHQkaGRuU2Nyb2xsWVBvc2l0aW9ufX0iIFJlY29yZGVkVmFsdWU9IjAiIENvcnJlbGF0aW9uQmluZGluZz0iIiBVcmxFbmNvZGU9IlRydWUiIC8+DQogICAgICAgIDxGb3JtUG9zdFBhcmFtZXRlciBOYW1lPSJfX1ZJRVdTVEFURUdFTkVSQVRPUiIgVmFsdWU9Int7JEhJRERFTjEuX19WSUVXU1RBVEVHRU5FUkFUT1J9fSIgUmVjb3JkZWRWYWx1ZT0iQ0EwQjAzMzQiIENvcnJlbGF0aW9uQmluZGluZz0iIiBVcmxFbmNvZGU9IlRydWUiIC8+DQogICAgICA8L0Zvcm1Qb3N0SHR0cEJvZHk+DQogICAgPC9SZXF1ZXN0Pg0KICA8L0l0ZW1zPg0KICA8VmFsaWRhdGlvblJ1bGVzPg0KICAgIDxWYWxpZGF0aW9uUnVsZSBDbGFzc25hbWU9Ik1pY3Jvc29mdC5WaXN1YWxTdHVkaW8uVGVzdFRvb2xzLldlYlRlc3RpbmcuUnVsZXMuVmFsaWRhdGVSZXNwb25zZVVybCwgTWljcm9zb2Z0LlZpc3VhbFN0dWRpby5RdWFsaXR5VG9vbHMuV2ViVGVzdEZyYW1ld29yaywgVmVyc2lvbj0xMC4wLjAuMCwgQ3VsdHVyZT1uZXV0cmFsLCBQdWJsaWNLZXlUb2tlbj1iMDNmNWY3ZjExZDUwYTNhIiBEaXNwbGF5TmFtZT0iUmVzcG9uc2UgVVJMIiBEZXNjcmlwdGlvbj0iVmFsaWRhdGVzIHRoYXQgdGhlIHJlc3BvbnNlIFVSTCBhZnRlciByZWRpcmVjdHMgYXJlIGZvbGxvd2VkIGlzIHRoZSBzYW1lIGFzIHRoZSByZWNvcmRlZCByZXNwb25zZSBVUkwuICBRdWVyeVN0cmluZyBwYXJhbWV0ZXJzIGFyZSBpZ25vcmVkLiIgTGV2ZWw9IkxvdyIgRXhlY3R1aW9uT3JkZXI9IkJlZm9yZURlcGVuZGVudHMiIC8+DQogICAgPFZhbGlkYXRpb25SdWxlIENsYXNzbmFtZT0iTWljcm9zb2Z0LlZpc3VhbFN0dWRpby5UZXN0VG9vbHMuV2ViVGVzdGluZy5SdWxlcy5WYWxpZGF0aW9uUnVsZVJlc3BvbnNlVGltZUdvYWwsIE1pY3Jvc29mdC5WaXN1YWxTdHVkaW8uUXVhbGl0eVRvb2xzLldlYlRlc3RGcmFtZXdvcmssIFZlcnNpb249MTAuMC4wLjAsIEN1bHR1cmU9bmV1dHJhbCwgUHVibGljS2V5VG9rZW49YjAzZjVmN2YxMWQ1MGEzYSIgRGlzcGxheU5hbWU9IlJlc3BvbnNlIFRpbWUgR29hbCIgRGVzY3JpcHRpb249IlZhbGlkYXRlcyB0aGF0IHRoZSByZXNwb25zZSB0aW1lIGZvciB0aGUgcmVxdWVzdCBpcyBsZXNzIHRoYW4gb3IgZXF1YWwgdG8gdGhlIHJlc3BvbnNlIHRpbWUgZ29hbCBhcyBzcGVjaWZpZWQgb24gdGhlIHJlcXVlc3QuICBSZXNwb25zZSB0aW1lIGdvYWxzIG9mIHplcm8gd2lsbCBiZSBpZ25vcmVkLiIgTGV2ZWw9IkxvdyIgRXhlY3R1aW9uT3JkZXI9IkFmdGVyRGVwZW5kZW50cyI+DQogICAgICA8UnVsZVBhcmFtZXRlcnM+DQogICAgICAgIDxSdWxlUGFyYW1ldGVyIE5hbWU9IlRvbGVyYW5jZSIgVmFsdWU9IjAiIC8+DQogICAgICA8L1J1bGVQYXJhbWV0ZXJzPg0KICAgIDwvVmFsaWRhdGlvblJ1bGU+DQogIDwvVmFsaWRhdGlvblJ1bGVzPg0KPC9XZWJUZXN0Pg==">
      <Execution id="e1602e54-05ff-4d73-b131-2ef74b88e4b6" />
    </WebTest>
  </TestDefinitions>
  <TestLists>
    <TestList name="Results Not in a List" id="8c84fa94-04c1-424b-9868-57a2d4851a1d" />
    <TestList name="All Loaded Results" id="19431567-8539-422a-85d7-44ee4e166bda" />
  </TestLists>
  <TestEntries>
    <TestEntry isTransparent="false" testId="96e89e18-9e76-454d-8013-42a084c29e3c" executionId="e1602e54-05ff-4d73-b131-2ef74b88e4b6" testListId="8c84fa94-04c1-424b-9868-57a2d4851a1d" />
  </TestEntries>
  <Results>
    <WebTestResult executionId="e1602e54-05ff-4d73-b131-2ef74b88e4b6" testId="96e89e18-9e76-454d-8013-42a084c29e3c" testName="E-Com" computerName="IN01APVT127" duration="00:00:07.7807255" startTime="2017-07-13T10:34:16.0557719+05:30" endTime="2017-07-13T10:34:34.4454491+05:30" testType="4e7599fa-5ecb-43e9-a887-cd63cf72d207" outcome="Failed" testListId="8c84fa94-04c1-424b-9868-57a2d4851a1d" relativeResultsDirectory="e1602e54-05ff-4d73-b131-2ef74b88e4b6">
      <Output>
        <ErrorInfo>
          <Message>3 primary requests, 0 dependant requests and 0 conditional rules failed</Message>
        </ErrorInfo>
      </Output>
      <ResultFiles>
        <ResultFile path="E-Com.webtestResult" />
      </ResultFiles>
      <TestSettings name="Local" id="5e0ec486-8390-4d47-996a-582ca480c912">
        <Description>These are default test settings for a local test run.</Description>
        <Deployment runDeploymentRoot="adm_imga_IN01APVT127 2017-07-13 10_34_13">
          <DeploymentItem filename="C:\Performance_Training\Custom_Parameter\Plugin2\bin\Debug\Plugin2.dll" />
          <DeploymentItem filename="C:\Performance_Training\Demo_Project\Demo_Reference\bin\Debug\Demo_Reference.dll" />
          <DeploymentItem filename="C:\Performance_Training\Custom_Parameter\Custom_Parameter\bin\Debug\Custom_Parameter.dll" />
        </Deployment>
        <Execution>
          <TestTypeSpecific>
            <UnitTestRunConfig testTypeId="13cdc9d9-ddb5-4fa4-a97d-d965ccfc6d4b">
              <AssemblyResolution>
                <TestDirectory useLoadContext="true" />
              </AssemblyResolution>
            </UnitTestRunConfig>
            <WebTestRunConfiguration testTypeId="4e7599fa-5ecb-43e9-a887-cd63cf72d207">
              <Browser name="Internet Explorer 9.0" MaxConnections="6">
                <Headers>
                  <Header name="User-Agent" value="Mozilla/5.0 (compatible; MSIE 9.0; Windows NT 6.1; Trident/5.0)" />
                  <Header name="Accept" value="*/*" />
                  <Header name="Accept-Language" value="{{$IEAcceptLanguage}}" />
                  <Header name="Accept-Encoding" value="GZIP" />
                </Headers>
              </Browser>
            </WebTestRunConfiguration>
          </TestTypeSpecific>
          <AgentRule name="LocalMachineDefaultRole">
          </AgentRule>
        </Execution>
        <Properties>
          <Property name="TestSettingsUIType" value="UnitTest" />
        </Properties>
      </TestSettings>
      <WebTestResultFilePath>adm_imga_IN01APVT127 2017-07-13 10_34_13\In\e1602e54-05ff-4d73-b131-2ef74b88e4b6\E-Com.webtestResult</WebTestResultFilePath>
    </WebTestResult>
  </Results>
</TestRun>