<?xml version="1.0" encoding="UTF-8"?>
<TestRun id="5fdda35b-9142-47a9-bdd3-a51274ffb3a8" name="adm_imga@IN01APVT127 2017-07-13 10:25:13" runUser="ES-AREA1\adm_imga" xmlns="http://microsoft.com/schemas/VisualStudio/TeamTest/2010">
  <TestSettings name="Local" id="5e0ec486-8390-4d47-996a-582ca480c912">
    <Description>These are default test settings for a local test run.</Description>
    <Deployment runDeploymentRoot="adm_imga_IN01APVT127 2017-07-13 10_25_13">
      <DeploymentItem filename="C:\Performance_Training\Custom_Parameter\Plugin2\bin\Debug\Plugin2.dll" />
      <DeploymentItem filename="C:\Performance_Training\Demo_Project\Demo_Reference\bin\Debug\Demo_Reference.dll" />
      <DeploymentItem filename="C:\Performance_Training\Custom_Parameter\Custom_Parameter\bin\Debug\Custom_Parameter.dll" />
    </Deployment>
    <Execution>
      <TestTypeSpecific>
        <UnitTestRunConfig testTypeId="13cdc9d9-ddb5-4fa4-a97d-d965ccfc6d4b">
          <AssemblyResolution>
            <TestDirectory useLoadContext="true" />
          </AssemblyResolution>
        </UnitTestRunConfig>
        <WebTestRunConfiguration testTypeId="4e7599fa-5ecb-43e9-a887-cd63cf72d207">
          <Browser name="Internet Explorer 9.0" MaxConnections="6">
            <Headers>
              <Header name="User-Agent" value="Mozilla/5.0 (compatible; MSIE 9.0; Windows NT 6.1; Trident/5.0)" />
              <Header name="Accept" value="*/*" />
              <Header name="Accept-Language" value="{{$IEAcceptLanguage}}" />
              <Header name="Accept-Encoding" value="GZIP" />
            </Headers>
          </Browser>
        </WebTestRunConfiguration>
      </TestTypeSpecific>
      <AgentRule name="LocalMachineDefaultRole">
      </AgentRule>
    </Execution>
    <Properties>
      <Property name="TestSettingsUIType" value="UnitTest" />
    </Properties>
  </TestSettings>
  <Times creation="2017-07-13T10:25:13.2762377+05:30" queuing="2017-07-13T10:25:13.2762377+05:30" start="2017-07-13T10:25:13.2762377+05:30" finish="2017-07-13T10:25:15.3791582+05:30" />
  <ResultSummary outcome="Error">
    <Counters total="1" error="0" failed="0" timeout="0" aborted="0" inconclusive="0" passedButRunAborted="0" notRunnable="0" notExecuted="1" disconnected="0" warning="0" passed="0" completed="0" inProgress="0" pending="0" />
    <RunInfos>
      <RunInfo computerName="IN01APVT127" outcome="Error" timestamp="2017-07-13T10:25:15.3641552+05:30">
        <Text>Test host process exited unexpectedly.</Text>
      </RunInfo>
      <RunInfo computerName="IN01APVT127" outcome="Error" timestamp="2017-07-13T10:25:15.3791582+05:30">
        <Text>Failed to queue test run 'adm_imga@IN01APVT127 2017-07-13 10:25:13': Unable to start the agent process. </Text>
        <Exception>Microsoft.VisualStudio.TestTools.Exceptions.EqtException: Unable to start the agent process. 
   at Microsoft.VisualStudio.TestTools.Agent.AgentProcessManager.HandleCannotStartAgentProcessError(Exception ex)
   at Microsoft.VisualStudio.TestTools.Agent.AgentProcessManager.HandleCannotStartAgentProcessError()
   at Microsoft.VisualStudio.TestTools.Agent.OutOfProcessStrategy.StartAgentProcess(AgentProcessStartupInfo agentProcessStartupInfo, Boolean restarting)
   at Microsoft.VisualStudio.TestTools.Agent.OutOfProcessStrategy.StartAgentProcess(AgentProcessStartupInfo agentProcessStartupInfo)
   at Microsoft.VisualStudio.TestTools.Agent.AgentProxy.StartAgentProcess(AgentProcessStartupInfo agentProcessStartupInfo)
   at Microsoft.VisualStudio.TestTools.Agent.AgentProcessProxyManager.StartTestAgentProcesses(AgentProcessStartupInfo agentProcessStartupInfo)
   at Microsoft.VisualStudio.TestTools.Agent.AgentProcessManager.StartAgentProcess(AgentProcessStartupInfo agentProcessStartupInfo, Boolean startDataCollectionAgent)
   at Microsoft.VisualStudio.TestTools.Agent.AgentProcessManager.StartAgentProcess(AgentProcessStartupInfo agentProcessStartupInfo, TestRunConfiguration testRunConfiguration)
   at Microsoft.VisualStudio.TestTools.TestManagement.LocalControllerProxy.StartProcess(TestRun run)
   at Microsoft.VisualStudio.TestTools.TestManagement.LocalControllerProxy.PrepareProcess(TestRun run)
   at Microsoft.VisualStudio.TestTools.TestManagement.LocalControllerProxy.InitializeController(TestRun run)
   at Microsoft.VisualStudio.TestTools.TestManagement.ControllerProxy.QueueTestRunWorker(Object state)</Exception>
      </RunInfo>
    </RunInfos>
  </ResultSummary>
  <TestDefinitions>
    <WebTest name="E-Com" storage="c:\performance_training\demo_project\demo_project\e-com.webtest" id="96e89e18-9e76-454d-8013-42a084c29e3c" persistedWebTest="77u/PD94bWwgdmVyc2lvbj0iMS4wIiBlbmNvZGluZz0iVVRGLTgiIHN0YW5kYWxvbmU9InllcyI/Pg0KPFdlYlRlc3QgTmFtZT0iRS1Db20iIElkPSI5NmU4OWUxOC05ZTc2LTQ1NGQtODAxMy00MmEwODRjMjllM2MiIE93bmVyPSIiIFByaW9yaXR5PSIyMTQ3NDgzNjQ3IiBFbmFibGVkPSJUcnVlIiBDc3NQcm9qZWN0U3RydWN0dXJlPSIiIENzc0l0ZXJhdGlvbj0iIiBUaW1lb3V0PSIwIiBXb3JrSXRlbUlkcz0iIiB4bWxucz0iaHR0cDovL21pY3Jvc29mdC5jb20vc2NoZW1hcy9WaXN1YWxTdHVkaW8vVGVhbVRlc3QvMjAxMCIgRGVzY3JpcHRpb249IiIgQ3JlZGVudGlhbFVzZXJOYW1lPSIiIENyZWRlbnRpYWxQYXNzd29yZD0iIiBQcmVBdXRoZW50aWNhdGU9IlRydWUiIFByb3h5PSJkZWZhdWx0IiBTdG9wT25FcnJvcj0iRmFsc2UiIFJlY29yZGVkUmVzdWx0RmlsZT0iV2ViVGVzdDEuYWFiODZiMTktZmQ0My00ZWNlLThlNDktNzdhY2ZiNzc1NjZkLnJlYy53ZWJ0ZXN0cmVzdWx0IiBSZXN1bHRzTG9jYWxlPSIiPg0KICA8SXRlbXM+DQogICAgPENvbW1lbnQgQ29tbWVudFRleHQ9IkxhdW5jaEFwcCIgLz4NCiAgICA8UmVxdWVzdCBNZXRob2Q9IkdFVCIgR3VpZD0iMzNlNjRkOWUtMjg0Zi00ODkwLTg1NDMtMDQxZWMwOTcwNGRlIiBWZXJzaW9uPSIxLjEiIFVybD0iaHR0cDovL2luMDFhcHYxMTo4MS9lbi9ob21lLmFzcHgiIFRoaW5rVGltZT0iMTgiIFRpbWVvdXQ9IjMwMCIgUGFyc2VEZXBlbmRlbnRSZXF1ZXN0cz0iVHJ1ZSIgRm9sbG93UmVkaXJlY3RzPSJUcnVlIiBSZWNvcmRSZXN1bHQ9IlRydWUiIENhY2hlPSJGYWxzZSIgUmVzcG9uc2VUaW1lR29hbD0iMCIgRW5jb2Rpbmc9InV0Zi04IiBFeHBlY3RlZEh0dHBTdGF0dXNDb2RlPSIwIiBFeHBlY3RlZFJlc3BvbnNlVXJsPSIiIFJlcG9ydGluZ05hbWU9IiIgSWdub3JlSHR0cFN0YXR1c0NvZGU9IkZhbHNlIj4NCiAgICAgIDxFeHRyYWN0aW9uUnVsZXM+DQogICAgICAgIDxFeHRyYWN0aW9uUnVsZSBDbGFzc25hbWU9Ik1pY3Jvc29mdC5WaXN1YWxTdHVkaW8uVGVzdFRvb2xzLldlYlRlc3RpbmcuUnVsZXMuRXh0cmFjdEhpZGRlbkZpZWxkcywgTWljcm9zb2Z0LlZpc3VhbFN0dWRpby5RdWFsaXR5VG9vbHMuV2ViVGVzdEZyYW1ld29yaywgVmVyc2lvbj0xMC4wLjAuMCwgQ3VsdHVyZT1uZXV0cmFsLCBQdWJsaWNLZXlUb2tlbj1iMDNmNWY3ZjExZDUwYTNhIiBWYXJpYWJsZU5hbWU9IjEiIERpc3BsYXlOYW1lPSJFeHRyYWN0IEhpZGRlbiBGaWVsZHMiIERlc2NyaXB0aW9uPSJFeHRyYWN0IGFsbCBoaWRkZW4gZmllbGRzIGZyb20gdGhlIHJlc3BvbnNlIGFuZCBwbGFjZSB0aGVtIGludG8gdGhlIHRlc3QgY29udGV4dC4iPg0KICAgICAgICAgIDxSdWxlUGFyYW1ldGVycz4NCiAgICAgICAgICAgIDxSdWxlUGFyYW1ldGVyIE5hbWU9IlJlcXVpcmVkIiBWYWx1ZT0iVHJ1ZSIgLz4NCiAgICAgICAgICAgIDxSdWxlUGFyYW1ldGVyIE5hbWU9Ikh0bWxEZWNvZGUiIFZhbHVlPSJUcnVlIiAvPg0KICAgICAgICAgIDwvUnVsZVBhcmFtZXRlcnM+DQogICAgICAgIDwvRXh0cmFjdGlvblJ1bGU+DQogICAgICA8L0V4dHJhY3Rpb25SdWxlcz4NCiAgICAgIDxDb3JyZWxhdGlvbkV4dHJhY3Rpb25SdWxlcz4NCiAgICAgICAgPEV4dHJhY3Rpb25SdWxlIENsYXNzbmFtZT0iTWljcm9zb2Z0LlZpc3VhbFN0dWRpby5UZXN0VG9vbHMuV2ViVGVzdGluZy5SdWxlcy5FeHRyYWN0Rm9ybUZpZWxkLCBNaWNyb3NvZnQuVmlzdWFsU3R1ZGlvLlF1YWxpdHlUb29scy5XZWJUZXN0RnJhbWV3b3JrLCBWZXJzaW9uPTEwLjAuMC4wLCBDdWx0dXJlPW5ldXRyYWwsIFB1YmxpY0tleVRva2VuPWIwM2Y1ZjdmMTFkNTBhM2EiIFZhcmlhYmxlTmFtZT0iRm9ybVBvc3RQYXJhbTMzLmN0bDAwJGN0bDAwJGN0bDAwJENvbnRlbnRQbGFjZUhvbGRlckRlZmF1bHQkTWFzdGVyUGxhY2Vob2xkZXIkSG9tZUxvZ2dlZE91dF83JGJ0bkhvbWVTdWJtaXQiIERpc3BsYXlOYW1lPSIiIERlc2NyaXB0aW9uPSIiPg0KICAgICAgICAgIDxSdWxlUGFyYW1ldGVycz4NCiAgICAgICAgICAgIDxSdWxlUGFyYW1ldGVyIE5hbWU9Ik5hbWUiIFZhbHVlPSJDb250ZW50UGxhY2VIb2xkZXJEZWZhdWx0X01hc3RlclBsYWNlaG9sZGVyX0hvbWVMb2dnZWRPdXRfN19idG5Ib21lU3VibWl0IiAvPg0KICAgICAgICAgICAgPFJ1bGVQYXJhbWV0ZXIgTmFtZT0iSHRtbERlY29kZSIgVmFsdWU9IlRydWUiIC8+DQogICAgICAgICAgICA8UnVsZVBhcmFtZXRlciBOYW1lPSJSZXF1aXJlZCIgVmFsdWU9IkZhbHNlIiAvPg0KICAgICAgICAgICAgPFJ1bGVQYXJhbWV0ZXIgTmFtZT0iSW5kZXgiIFZhbHVlPSIwIiAvPg0KICAgICAgICAgIDwvUnVsZVBhcmFtZXRlcnM+DQogICAgICAgIDwvRXh0cmFjdGlvblJ1bGU+DQogICAgICA8L0NvcnJlbGF0aW9uRXh0cmFjdGlvblJ1bGVzPg0KICAgIDwvUmVxdWVzdD4NCiAgICA8Q29tbWVudCBDb21tZW50VGV4dD0iTG9naW4iIC8+DQogICAgPFJlcXVlc3QgTWV0aG9kPSJQT1NUIiBHdWlkPSJkZmNiNjdlNC04MTdhLTQwNTAtYTM2Zi03Mjg5MmNjZjg5MzMiIFZlcnNpb249IjEuMSIgVXJsPSJodHRwOi8vaW4wMWFwdjExOjgxL2VuL2hvbWUuYXNweCIgVGhpbmtUaW1lPSIxMyIgVGltZW91dD0iMzAwIiBQYXJzZURlcGVuZGVudFJlcXVlc3RzPSJUcnVlIiBGb2xsb3dSZWRpcmVjdHM9IlRydWUiIFJlY29yZFJlc3VsdD0iVHJ1ZSIgQ2FjaGU9IkZhbHNlIiBSZXNwb25zZVRpbWVHb2FsPSIwIiBFbmNvZGluZz0idXRmLTgiIEV4cGVjdGVkSHR0cFN0YXR1c0NvZGU9IjAiIEV4cGVjdGVkUmVzcG9uc2VVcmw9IiIgUmVwb3J0aW5nTmFtZT0iIiBJZ25vcmVIdHRwU3RhdHVzQ29kZT0iRmFsc2UiPg0KICAgICAgPEhlYWRlcnM+DQogICAgICAgIDxIZWFkZXIgTmFtZT0iUmVmZXJlciIgVmFsdWU9Imh0dHA6Ly9pbjAxYXB2MTE6ODEvZW4vaG9tZS5hc3B4IiAvPg0KICAgICAgPC9IZWFkZXJzPg0KICAgICAgPEV4dHJhY3Rpb25SdWxlcz4NCiAgICAgICAgPEV4dHJhY3Rpb25SdWxlIENsYXNzbmFtZT0iTWljcm9zb2Z0LlZpc3VhbFN0dWRpby5UZXN0VG9vbHMuV2ViVGVzdGluZy5SdWxlcy5FeHRyYWN0SGlkZGVuRmllbGRzLCBNaWNyb3NvZnQuVmlzdWFsU3R1ZGlvLlF1YWxpdHlUb29scy5XZWJUZXN0RnJhbWV3b3JrLCBWZXJzaW9uPTEwLjAuMC4wLCBDdWx0dXJlPW5ldXRyYWwsIFB1YmxpY0tleVRva2VuPWIwM2Y1ZjdmMTFkNTBhM2EiIFZhcmlhYmxlTmFtZT0iMSIgRGlzcGxheU5hbWU9IkV4dHJhY3QgSGlkZGVuIEZpZWxkcyIgRGVzY3JpcHRpb249IkV4dHJhY3QgYWxsIGhpZGRlbiBmaWVsZHMgZnJvbSB0aGUgcmVzcG9uc2UgYW5kIHBsYWNlIHRoZW0gaW50byB0aGUgdGVzdCBjb250ZXh0LiI+DQogICAgICAgICAgPFJ1bGVQYXJhbWV0ZXJzPg0KICAgICAgICAgICAgPFJ1bGVQYXJhbWV0ZXIgTmFtZT0iUmVxdWlyZWQiIFZhbHVlPSJUcnVlIiAvPg0KICAgICAgICAgICAgPFJ1bGVQYXJhbWV0ZXIgTmFtZT0iSHRtbERlY29kZSIgVmFsdWU9IlRydWUiIC8+DQogICAgICAgICAgPC9SdWxlUGFyYW1ldGVycz4NCiAgICAgICAgPC9FeHRyYWN0aW9uUnVsZT4NCiAgICAgIDwvRXh0cmFjdGlvblJ1bGVzPg0KICAgICAgPEZvcm1Qb3N0SHR0cEJvZHk+DQogICAgICAgIDxGb3JtUG9zdFBhcmFtZXRlciBOYW1lPSJfX0VWRU5UVEFSR0VUIiBWYWx1ZT0ie3skSElEREVOMS5fX0VWRU5UVEFSR0VUfX0iIFJlY29yZGVkVmFsdWU9IiIgQ29ycmVsYXRpb25CaW5kaW5nPSIiIFVybEVuY29kZT0iVHJ1ZSIgLz4NCiAgICAgICAgPEZvcm1Qb3N0UGFyYW1ldGVyIE5hbWU9Il9fRVZFTlRBUkdVTUVOVCIgVmFsdWU9Int7JEhJRERFTjEuX19FVkVOVEFSR1VNRU5UfX0iIFJlY29yZGVkVmFsdWU9IiIgQ29ycmVsYXRpb25CaW5kaW5nPSIiIFVybEVuY29kZT0iVHJ1ZSIgLz4NCiAgICAgICAgPEZvcm1Qb3N0UGFyYW1ldGVyIE5hbWU9Il9fVklFV1NUQVRFIiBWYWx1ZT0ie3skSElEREVOMS5fX1ZJRVdTVEFURX19IiBSZWNvcmRlZFZhbHVlPSIvd0VQRHdVRU5UTTRNUTlrRmdKbUQyUVdBbVlQWkJZQ1pnOWtGZ0ptRDJRV0FnSUREeFlHSGdadmJteHZZV1FGUDJsbUtIUjVjR1Z2WmlCUGJrSmhZMnRDZFhSMGIyNURiR2xqYXlBOVBTQWlablZ1WTNScGIyNGlLU0JQYmtKaFkydENkWFIwYjI1RGJHbGpheWdwT3g0S2IyNXdZV2RsYzJodmR3VlRhV1lnS0dWMlpXNTBMbkJsY25OcGMzUmxaQ0FtSmlCMGVYQmxiMllnVDI1Q1lXTnJRblYwZEc5dVEyeHBZMnNnUFQwZ0ltWjFibU4wYVc5dUlpa2dUMjVDWVdOclFuVjBkRzl1UTJ4cFkyc29LVHNlQ0c5dWRXNXNiMkZrWlJZQ0FnRVFaR1FXQ2dJSUQyUVdBbVlQRHhZQ0hnZFdhWE5wWW14bGFHUmtBZ29QWkJZQ1pnOWtGZ29DQWc4VkFWaERiMjUwWlc1MFVHeGhZMlZJYjJ4a1pYSkVaV1poZFd4MFgxUnZjRXh2WjJkbFpFOTFkRjh5WDNCdWJFUnlZV2RoWW14bFYybHVaRzkzUTI5dWRHVnVkRjlKYm14cGJtVk5aWE56WVdkbFEyOXVkR0ZwYm1WeVpBSUREdzhXQkI0RVZHVjRkQVVPUTNKbFlYUmxJRUZqWTI5MWJuUWVDMDVoZG1sbllYUmxWWEpzQlNNdlpXNHZZMmhsWTJ0dmRYUXZjM1JsY0RFdVlYTndlRDl1YjJSbFNXUTlNVEV5TjJSa0FnVVBEeFlDSHdRRkJVeHZaMmx1RmdJZUJHaHlaV1lGQVNOa0FnY1BGZ0lmQkFVTlIzVmxjM1FnUVdOamIzVnVkR1FDQ1E4UFpCWUNIZ1YwYVhSc1pRVUZURzluYVc0V0RnSUJEdzhXQmg4RUJRWkZiV0ZwYkRvZUNFTnpjME5zWVhOekJSY2djbVZ4ZFdseVpXUkdhV1ZzWkVOb1lYSmhZM1JsY2g0RVh5RlRRZ0lDWkdRQ0NROFBGZ1lmQkFVSlVHRnpjM2R2Y21RNkh3Z0ZGeUJ5WlhGMWFYSmxaRVpwWld4a1EyaGhjbUZqZEdWeUh3a0NBbVJrQWc4UFpCWUNBZ01QRHhZQ0h3UUZFV3RsWlhBZ2JXVWdiRzluWjJWa0lHbHVaR1FDRVE4UEZnUWZCUVVYTDJWdUwyWnZjbWR2ZEhCaGMzTjNiM0prTG1GemNIZ2ZCQVVRUm05eVoyOTBJRkJoYzNOM2IzSmtQMlJrQWhNUER4WUVId1VGSXk5bGJpOWphR1ZqYTI5MWRDOXpkR1Z3TVM1aGMzQjRQMjV2WkdWSlpEMHhNVEkzSHdRRkRrTnlaV0YwWlNCQlkyTnZkVzUwWkdRQ0ZROFBGZ0lmQkFVRlRHOW5hVzVrWkFJWEQyUVdCbVlQRlFGUlEyOXVkR1Z1ZEZCc1lXTmxTRzlzWkdWeVJHVm1ZWFZzZEY5VWIzQk1iMmRuWldSUGRYUmZNbDkyYzBOb1pXTnJiM1YwVkc5d1RHOW5hVzVmWldOdmJWWmhiR2xrWVhScGIyNVRkVzF0WVhKNVpBSUJEdzhXQWg0UFZtRnNhV1JoZEdsdmJrZHliM1Z3QlFwMloxUnZjRXh2WjJsdVpHUUNBZzhWQVZGRGIyNTBaVzUwVUd4aFkyVkliMnhrWlhKRVpXWmhkV3gwWDFSdmNFeHZaMmRsWkU5MWRGOHlYM1p6UTJobFkydHZkWFJVYjNCTWIyZHBibDlsWTI5dFZtRnNhV1JoZEdsdmJsTjFiVzFoY25sa0Fnd1BaQllDWmc5a0Znd0NDQThQRmdRZkNBVUpZMkZ5ZEMxcFkyOXVId2tDQW1RV0FnSUJEdzhXQWg4RkJRMHZaVzR2WTJGeWRDNWhjM0I0WkdRQ0NnOFdBaDhFQlFrd0lFbDBaVzBvY3lsa0Fnd1BGZ0lmQkdWa0FnNFBaQllHQWdFUFpCWUNBZ0VQRmdJZkJBVVFUR0Z6ZENCaFpHUmxaQ0JwZEdWdGMyUUNCUThQRmdJZkJBVUVRMkZ5ZEdSa0FnY1BEeFlDSHdRRkNFTm9aV05yYjNWMEZnSWVCMDl1UTJ4cFkyc0ZseXh5WlhSMWNtNGdWbUZzYVdSaGRHVkpkR1Z0YzFSdlEyaGxZMnRQZFhSUGNsRjFiM1JsS0hzaVEyeHZjMlZDZFhSMGIyNVVaWGgwSWpvaVEyeHZjMlVpTENKQmJHVnlkRTFsYzNOaFoyVlVhWFJzWlNJNklrRnNaWEowSUUxbGMzTmhaMlVpTENKRGFHVmphMjkxZEZOMFlYUmxSVzUxYlNJNmV5SkpiblpoYkdsa0lqb2lTVzUyWVd4cFpDSXNJbEYxYjNSaFlteGxUMjVzZVNJNklsRjFiM1JoWW14bFQyNXNlU0lzSWs5eVpHVnlZV0pzWlU5dWJIa2lPaUpQY21SbGNtRmliR1ZQYm14NUlpd2lUM0prWlhKaFlteGxRVzVrVVhWdmRHRmliR1VpT2lKUGNtUmxjbUZpYkdWQmJtUlJkVzkwWVdKc1pTSXNJazV2ZEU5eVpHVnlZV0pzWlVGdVpGRjFiM1JoWW14bElqb2lUbTkwVDNKa1pYSmhZbXhsUVc1a1VYVnZkR0ZpYkdVaUxDSk9iM1JQY21SbGNtRmliR1ZCYm1SUmRXOTBZV0pzWlZkcGRHaEpiblpoYkdsa0lqb2lUbTkwVDNKa1pYSmhZbXhsUVc1a1VYVnZkR0ZpYkdWWGFYUm9TVzUyWVd4cFpDSXNJa1psZDA5eVpHVnlZV0pzWlU5dWJIa2lPaUpHWlhkUGNtUmxjbUZpYkdWUGJteDVJaXdpUm1WM1QzSmtaWEpoWW14bFFXNWtSbVYzVVhWdmRHRmliR1VpT2lKR1pYZFBjbVJsY21GaWJHVkJibVJHWlhkUmRXOTBZV0pzWlNJc0lrWmxkMUYxYjNSaFlteGxUMjVzZVZkcGRHaEpiblpoYkdsa0lqb2lSbVYzVVhWdmRHRmliR1ZQYm14NVYybDBhRWx1ZG1Gc2FXUWlMQ0pHWlhkUGNtUmxjbUZpYkdWUGJteDVWMmwwYUVsdWRtRnNhV1FpT2lKR1pYZFBjbVJsY21GaWJHVlBibXg1VjJsMGFFbHVkbUZzYVdRaUxDSkdaWGRQY21SbGNtRmliR1ZCYm1SR1pYZFJkVzkwWVdKc1pWZHBkR2hKYm5aaGJHbGtJam9pUm1WM1QzSmtaWEpoWW14bFFXNWtSbVYzVVhWdmRHRmliR1ZYYVhSb1NXNTJZV3hwWkNJc0lrWmxkMDl5WkdWeVlXSnNaVUZ1WkVGc2JGRjFiM1JoWW14bElqb2lSbVYzVDNKa1pYSmhZbXhsUVc1a1FXeHNVWFZ2ZEdGaWJHVWlMQ0pCYkd4UGNtUmxjbUZpYkdWQmJtUkdaWGRSZFc5MFlXSnNaU0k2SWtGc2JFOXlaR1Z5WVdKc1pVRnVaRVpsZDFGMWIzUmhZbXhsSW4wc0lrbDBaVzFUZEdGMFpVVnVkVzBpT25zaVNXNTJZV3hwWkNJNklrbHVkbUZzYVdRaUxDSlJkVzkwWVdKc1pVOXViSGtpT2lKUmRXOTBZV0pzWlU5dWJIa2lMQ0pQY21SbGNtRmliR1ZQYm14NUlqb2lUM0prWlhKaFlteGxUMjVzZVNJc0lrOXlaR1Z5WVdKc1pVRnVaRkYxYjNSaFlteGxJam9pVDNKa1pYSmhZbXhsUVc1a1VYVnZkR0ZpYkdVaUxDSk9iM1JQY21SbGNtRmliR1ZCYm1SUmRXOTBZV0pzWlNJNklrNXZkRTl5WkdWeVlXSnNaVUZ1WkZGMWIzUmhZbXhsSWl3aVRtOTBUM0prWlhKaFlteGxRVzVrVVhWdmRHRmliR1ZYYVhSb1NXNTJZV3hwWkNJNklrNXZkRTl5WkdWeVlXSnNaVUZ1WkZGMWIzUmhZbXhsVjJsMGFFbHVkbUZzYVdRaUxDSkdaWGRQY21SbGNtRmliR1ZQYm14NUlqb2lSbVYzVDNKa1pYSmhZbXhsVDI1c2VTSXNJa1psZDA5eVpHVnlZV0pzWlVGdVpFWmxkMUYxYjNSaFlteGxJam9pUm1WM1QzSmtaWEpoWW14bFFXNWtSbVYzVVhWdmRHRmliR1VpTENKR1pYZFJkVzkwWVdKc1pVOXViSGxYYVhSb1NXNTJZV3hwWkNJNklrWmxkMUYxYjNSaFlteGxUMjVzZVZkcGRHaEpiblpoYkdsa0lpd2lSbVYzVDNKa1pYSmhZbXhsVDI1c2VWZHBkR2hKYm5aaGJHbGtJam9pUm1WM1QzSmtaWEpoWW14bFQyNXNlVmRwZEdoSmJuWmhiR2xrSWl3aVJtVjNUM0prWlhKaFlteGxRVzVrUm1WM1VYVnZkR0ZpYkdWWGFYUm9TVzUyWVd4cFpDSTZJa1psZDA5eVpHVnlZV0pzWlVGdVpFWmxkMUYxYjNSaFlteGxWMmwwYUVsdWRtRnNhV1FpTENKR1pYZFBjbVJsY21GaWJHVkJibVJCYkd4UmRXOTBZV0pzWlNJNklrWmxkMDl5WkdWeVlXSnNaVUZ1WkVGc2JGRjFiM1JoWW14bElpd2lRV3hzVDNKa1pYSmhZbXhsUVc1a1JtVjNVWFZ2ZEdGaWJHVWlPaUpCYkd4UGNtUmxjbUZpYkdWQmJtUkdaWGRSZFc5MFlXSnNaU0o5TENKb1pHNUdhV1ZzWkZObGJHVmpkR1ZrVDNKa1pYSkpkR1Z0UTJobFkydHZkWFJUZEdGMFpYTkRiR2xsYm5SSlpDSTZJa052Ym5SbGJuUlFiR0ZqWlVodmJHUmxja1JsWm1GMWJIUmZRMkZ5ZEU5MlpYSjJhV1YzWHpOZmFHUnVSbWxsYkdSVFpXeGxZM1JsWkU5eVpHVnlTWFJsYlVOb1pXTnJiM1YwVTNSaGRHVnpJaXdpYUdSdVJtbGxiR1JUWld4bFkzUmxaRWwwWlcxSlpITkRiR2xsYm5SSlpDSTZJa052Ym5SbGJuUlFiR0ZqWlVodmJHUmxja1JsWm1GMWJIUmZRMkZ5ZEU5MlpYSjJhV1YzWHpOZmFHUnVSbWxsYkdSVFpXeGxZM1JsWkVsMFpXMUpaSE1pTENKUGNtUmxjbE5sYkdWamRHVmtVSEp2WkhWamRITWlPakVzSWtOdmJtWnBjbTFoZEdsdmJsUnBkR3hsVW1WemIzVnlZMlVpT2lKRGIyNW1hWEp0WVhScGIyNGlMQ0pRY205alpXVmtRblYwZEc5dVZHVjRkQ0k2SWxCeWIyTmxaV1FpTENKUWNtOWpaV1ZrUW5WMGRHOXVRMkZzYkdKaFkyc2lPaUpXWVd4cFpHRjBaVWwwWlcxelZHOURhR1ZqYTA5MWRFOXlVWFZ2ZEdVaUxDSkpiblpoYkdsa1NYUmxiWE5UWld4bFkzUmxaRVp2Y2tOb1pXTnJiM1YwVW1WemIzVnlZMlVpT2lKVWFHVnlaU0JoY21VZ2MyOXRaU0JwYm5aaGJHbGtJR2wwWlcxeklHTm9iM05sYmlCbWIzSWdZMmhsWTJ0dmRYUWlMQ0pPYjA5eVpHVnlZV0pzWlVsMFpXMXpVMlZzWldOMFpXUkdiM0pEYUdWamEyOTFkRkpsYzI5MWNtTmxJam9pVG04Z2RtRnNhV1FnYjNKa1pYSmhZbXhsSUdsMFpXMXpJR0Z5WlNCamFHOXpaVzRnWm05eUlHOXlaR1Z5SUhCeWIyTmxjM01pTENKT2IxRjFiM1JoWW14bFNYUmxiWE5UWld4bFkzUmxaRVp2Y2tOb1pXTnJiM1YwVW1WemIzVnlZMlVpT2lKT2J5QjJZV3hwWkNCeGRXOTBZV0pzWlNCcGRHVnRjeUJoY21VZ1kyaHZjMlZ1SUdadmNpQnhkVzkwWlNCd2NtOWpaWE56SWl3aVQzSmtaWEpoWW14bFFXNWtUbTl1VDNKa1pYSmhZbXhsU1hSbGJYTlRaV3hsWTNSbFpFWnZja05vWldOcmIzVjBVbVZ6YjNWeVkyVWlPaUpaYjNVZ1kyRnVJR1ZwZEdobGNpQW5jSEp2WTJWbFpDY2dkMmwwYUNCdmNtUmxjaUJ3Y205alpYTnpJRzltSUhSb1pTQnZjbVJsY21GaWJHVWdhWFJsYlhNZ2IzSWdaV1JwZENCMGFHVWdibTl1TFc5eVpHVnlZV0pzWlNCcGRHVnRjeUlzSWxGMWIzUmhZbXhsUVc1a1RtOXVVWFZ2ZEdGaWJHVkpkR1Z0YzFObGJHVmpkR1ZrUm05eVEyaGxZMnR2ZFhSU1pYTnZkWEpqWlNJNklsbHZkU0JqWVc0Z1pXbDBhR1Z5SUNkd2NtOWpaV1ZrSnlCM2FYUm9JSEYxYjNSbElIQnliMk5sYzNNZ2IyWWdkR2hsSUhGMWIzUmhZbXhsSUdsMFpXMXpJRzl5SUdWa2FYUWdkR2hsSUc1dmJpMXhkVzkwWVdKc1pTQnBkR1Z0Y3lJc0lsRjFiM1JsVTJWc1pXTjBaV1JRY205a2RXTjBjeUk2TWl3aVRtOUpkR1Z0YzFObGJHVmpkR1ZrSWpvaVRtOGdTWFJsYlhNZ1UyVnNaV04wWldRdUlGQnNaV0Z6WlNCamFHOXZjMlVnYjI1bElDaHZjaWtnYlc5eVpTQnBkR1Z0Y3lCMGJ5QndaWEptYjNKdElIUm9aU0JoWTNScGIyNHVJaXdpUTJGeWRFRmpkR2x2YmtSbGJHVjBaVk5sYkdWamRHVmtVSEp2WkhWamRITWlPalVzSWxkcGMyaE1hWE4wUVdOMGFXOXVjMFJsYkdWMFpWTmxiR1ZqZEdWa1VISnZaSFZqZEhNaU9qSXNJa1JsYkdWMFpVTnZibVpwY20xaGRHbHZiazFsYzNOaFoyVlNaWE52ZFhKalpTSTZJanh3UGtSdklIbHZkU0J5WldGc2JIa2dkMkZ1ZENCMGJ5QmtaV3hsZEdVZ2RHaHBjeUJwZEdWdEtITXBQend2Y0Q0aUxDSkVaV3hsZEdWRGIyNW1hWEp0WVhScGIyNU9iMEoxZEhSdmJsSmxjMjkxY21ObElqb2lUbThpTENKRVpXeGxkR1ZEYjI1bWFYSnRZWFJwYjI1WlpYTkNkWFIwYjI1U1pYTnZkWEpqWlNJNklsbGxjeUlzSWtSbGJHVjBaVU52Ym1acGNtMWhkR2x2YmtobFlXUmxjbFJsZUhSU1pYTnZkWEpqWlNJNklrUmxiR1YwWlNJc0lrTmhjblJCWTNScGIyNGlPakVzSWtOb1pXTnJiM1YwUW5WMGRHOXVVMk55YVhCMElqcHVkV3hzTENKRGFHVmphMjkxZEZObGNYVmxibU5wYm1kQmJtUlFjbWx0WlhKUWIzQjFjRTFsYzNOaFoyVklaV0ZrWlhJaU9pSWlMQ0pEYUdWamEyOTFkRk5sY1hWbGJtTnBibWRCYm1SUWNtbHRaWEpRYjNCMWNFMWxjM05oWjJWSVpXRmtaWEpKYm1admNtMWhkR2x2YmlJNklrbDBJR2x6SUc1dmRDQndiM056YVdKc1pTQjBieUJqYUdWamEyOTFkQ0F2SUhGMWIzUmxJSE5sY1hWbGJtTnBibWNnY21WaFkzUnBiMjV6SUhkcGRHaHZkWFFnY0hKcGJXVnljeUIzYUdsamFDQmhjbVVnWVhOemIyTnBZWFJsWkNCMGJ5QnpaV3hsWTNSbFpDQnpaWEYxWlc1amFXNW5JR2wwWlcxeklHbHVJSFJvYVhNZ2IzSmtaWEk2SUR3dlluSStQQzlpY2o0aUxDSkRhR1ZqYTI5MWRGTmxjWFZsYm1OcGJtZEJibVJRY21sdFpYSlFiM0IxY0UxbGMzTmhaMlZHYjI5MFpYSkpibVp2Y20xaGRHbHZiaUk2SWlJc0lrTm9aV05yYjNWMFUyVnhkV1Z1WTJsdVowRnVaRkJ5YVcxbGNsQnZjSFZ3VFdWemMyRm5aVU5zYjNObFFuVjBkRzl1VkdWNGRDSTZJaUlzSWtOb1pXTnJiM1YwVTJWeGRXVnVZMmx1WjBGdVpGQnlhVzFsY2xCdmNIVndSbTl5YldGMFRXVnpjMkZuWlNJNklpSXNJa05vWldOcmIzVjBVSEpwYldWeVFXeHZibVZRYjNCMWNFMWxjM05oWjJWRGJHOXpaVUoxZEhSdmJsUmxlSFFpT2lJaUxDSkRhR1ZqYTI5MWRGQnlhVzFsY2tGc2IyNWxVRzl3ZFhCTlpYTnpZV2RsSWpvaVVISnBiV1Z5SUdGc2IyNWxJR05oYm01dmRDQmlaU0JqYUdWamEyVmtJRzkxZEM0Z1VHeGxZWE5sSUhObGJHVmpkQ0JoZEd4bFlYTjBJRzl1WlNCaGMzTnZZMmxoZEdWa0lITmxjWFZsYm1OcGJtY2dTWFJsYlM0aUxDSkRhR1ZqYTI5MWRGQnlhVzFsY2tGc2IyNWxVRzl3ZFhCTlpYTnpZV2RsU0dWaFpHVnlJam9pVUd4bFlYTmxJRTV2ZEdVaUxDSkNZWEpEYjJSbFZtRnNhV1JoZEdsdmJsQnZjSFZ3UTJ4dmMyVkNkWFIwYjI1VVpYaDBJam9pVDJzaUxDSkNZWEpEYjJSbFZtRnNhV1JoZEdsdmJsQnZjSFZ3VFdWemMyRm5aU0k2SWtKaGNtTnZaR1VnWm05eUlGTmxiR1ZqZEdWa0lFbDBaVzBnYVhNZ2FXNTJZV3hwWkNJc0lrSmhja052WkdWV1lXeHBaR0YwYVc5dVVHOXdkWEJOWlhOellXZGxTR1ZoWkdWeUlqb2lVR3hsWVhObElFNXZkR1VpTENKVFlXMWxSR0Y1UkdWc2FYWmxjbmxXWVd4cFpHRjBhVzl1VUc5d2RYQkhiMEpoWTJ0Q2RYUjBiMjVVWlhoMElqb2lWMkZwZENCMWJuUnBiQ0JoYkd3Z1QzSmtaWEp6SUdGeVpTQm1hVzVwYzJobFpDQjBieUJUYUdsd0lHOXVZMlVpTENKVFlXMWxSR0Y1UkdWc2FYWmxjbmxXWVd4cFpHRjBhVzl1VUc5d2RYQkRhR1ZqYTI5MWRFSjFkSFJ2YmxSbGVIUWlPaUpEYUdWamEyOTFkQ0JUWVcxbElFUmhlU0JQYkdsbmIzTWdUMjVzZVNJc0lsTmhiV1ZFWVhsRVpXeHBkbVZ5ZVZaaGJHbGtZWFJwYjI1UWIzQjFjRTFsYzNOaFoyVklaV0ZrWlhJaU9pSlFiR1ZoYzJVZ2MyVnNaV04wSWl3aVUyRnRaVVJoZVVSbGJHbDJaWEo1Vm1Gc2FXUmhkR2x2YmxCdmNIVndUV1Z6YzJGblpVUmxjMk55YVhCMGFXOXVJam9pV1c5MWNpQmpZWEowSUdOdmJuUmhhVzV6SUhOaGJXVWdaR0Y1SUc5c2FXZHZjeXdnZDJocFkyZ2dibVZsWkNCMGJ5QmlaU0JqYUdWamEyVmtJRzkxZENCelpYQmxjbUYwWld4NUlHbHVJRzl5WkdWeUlIUnZJR1Z1YzNWeVpTQjBhR1VnWm1GemRHVnpkQ0JrWld4cGRtVnllUzRnVkdobElHOTBhR1Z5SUdsMFpXMXpJSGRwYkd3Z1ltVWdkMkZwZEdsdVp5QnBiaUI1YjNWeUlHTmhjblFnZDJobGJpQjViM1VnY21WMGRYSnVJR3hoZEdWeUxpQThjM0JoYmlCamJHRnpjejFjSW5SdmIyeDBhWEJmWkdsaGJHOW5YQ0lnZEdsMGJHVTlYQ0pGZUhCc1lXbHVJR0oxZEhSdmJpQmtaWE5qY21sd2RHbHZiaUJvWlhKbElHOXViSGxjSWlBK1BDOXpjR0Z1UGlJc0lsSmxkWE5sWkVsMFpXMXpWbUZzYVdSaGRHbHZibEJ2Y0hWd1EyeHZjMlZDZFhSMGIyNVVaWGgwSWpvaVQyc2lMQ0pTWlhWelpXUkpkR1Z0YzFaaGJHbGtZWFJwYjI1UWIzQjFjRTFsYzNOaFoyVWlPaUpQYjNCeklDRWdVMjl0WlNCdmNpQmhiR3dnYjJZZ2MyVnNaV04wWldRZ2NtVjFjMlZrSUdsMFpXMG5jeUJ2Y21sbmFXNWhiQ0JqYjI1MFlXbHVaWEp6SUdGeVpTQmxlSEJwY21Wa0xpQlpiM1Z5SUdOaGNuUWdkMmxzYkNCaVpTQjFjR1JoZEdWa0lHRjFkRzl0WVhScFkyRnNiSGtnWVc1a0lHTmhjblFnZDJsc2JDQmlaU0J5Wld4dllXUmxaQzRnUlhod2FYSmxaQ0JwZEdWdElFNWhiV1Z6SUdGeVpTQXRQaUlzSWxKbGRYTmxaRWwwWlcxelZtRnNhV1JoZEdsdmJsQnZjSFZ3VFdWemMyRm5aVWhsWVdSbGNpSTZJbEJzWldGelpTQk9iM1JsSWl3aVJYaHdhWEpsWkZCeWFXMWxjbEJ2Y0hWd1EyeHZjMlZDZFhSMGIyNVVaWGgwSWpvaVQyc2lMQ0pGZUhCcGNtVmtVSEpwYldWeVVHOXdkWEJOWlhOellXZGxWR1Y0ZENJNklsQnlhVzFsY2lCcGN5QmxlSEJwY21Wa0lHWnZjaUIwYUdVZ2IyNWxJRzltSUhSb1pTQnpaV3hsZEdWa0lITmxjWFZsYm1OcGJtY2dhWFJsYlM0Z2NHeGxZWE5sSUhObGJHVmpkQ0JoYm05MGFHVnlJSEJ5YVcxbGNpQnZjaUJ2Y21SbGNpQnVaWGNnY0hKcGJXVnlMaUlzSWtWNGNHbHlaV1JRY21sdFpYSlFiM0IxY0UxbGMzTmhaMlZJWldGa1pYSlVaWGgwSWpvaVVHeGxjMlVnVG05MFpTSXNJa05oY25SUVlXZGxWVkpNSWpvaUwyVnVMMk5oY25RdVlYTndlQ0lzSWsxcGJtbHRkVzFRYkdGMFpWTmhiWEJzWlhOUVpYSkRhR1ZqYTI5MWRDSTZORGdzSWxCc1lYUmxVMkZ0Y0d4bFEyOTFiblFpT201MWJHd3NJa2x6VTJsdVoyeGxVR3hoZEdWWGFYUm9WbUZzYVdSVFlXMXdiR1ZEYjNWdWRDSTZabUZzYzJVc0lrMXBibEJzWVhSbFUyRnRjR3hsYzFCdmNIVndSbTl5YldGMFRXVnpjMkZuWlNJNklpSXNJazFwYmxCc1lYUmxVMkZ0Y0d4bGMxQnZjSFZ3Um05eWJXRjBUV1Z6YzJGblpVTnNiM05sUW5WMGRHOXVWR1Y0ZENJNklpSXNJazFwYmxCc1lYUmxVMkZ0Y0d4bGMxQnZjSFZ3Um05eWJXRjBUV1Z6YzJGblpVaGxZV1JsY2lJNklpSXNJazFoZUdsdGRXMU9kVzFpWlhKUFpsQnNZWFJsYzFCbGNrTm9aV05yYjNWMElqb3pMQ0pRYkdGMFpYTkRiM1Z1ZEVadmNrTjFjbkpsYm5SUGNtUmxjaUk2Ym5Wc2JDd2lUV0Y0YVcxMWJWQnNZWFJsYzFCbGNrTm9aV05yYjNWMFVHOXdkWEJHYjNKdFlYUk5aWE56WVdkbElqb2lUV0Y0YVcxMWJTQXpJSEJzWVhSbGN5QmhjbVVnWld4cFoybGliR1VnZEc4Z1kyaGxZMnR2ZFhRZ2NHVnlJRzl5WkdWeUlHWnZjaUJ3YkdGMFpTQnpaWEYxWlc1amFXNW5JR2wwWlcxekxpQlFiR1ZoYzJVZ2JXOWthV1o1SUhsdmRYSWdjMlZzWldOMGFXOXVJR0ZqWTI5eVpHbHVaMng1TGlJc0lrMWhlR2x0ZFcxUWJHRjBaWE5RWlhKRGFHVmphMjkxZEZCdmNIVndSbTl5YldGMFRXVnpjMkZuWlVOc2IzTmxRblYwZEc5dVZHVjRkQ0k2SWs5cklpd2lUV0Y0YVcxMWJWQnNZWFJsYzFCbGNrTm9aV05yYjNWMFJtOXliV0YwVFdWemMyRm5aVWhsWVdSbGNpSTZJbEJzWldGelpTQk9iM1JsSWl3aVVHOXpkRUpoWTJ0RmJHVnRaVzUwVlc1cGNYVmxTV1FpT2lKamRHd3dNQ1JqZEd3d01DUmpkR3d3TUNSRGIyNTBaVzUwVUd4aFkyVkliMnhrWlhKRVpXWmhkV3gwSkVOaGNuUlBkbVZ5ZG1sbGQxOHpKR3h1YTBOb1pXTnJiM1YwSWl3aVJYWmxiblJCY21kMWJXVnVkQ0k2SWlKOUxDQjBhR2x6S1R0a0FoQVBEeFlFSHdVRkRTOWxiaTlqWVhKMExtRnpjSGdmQkFVRVEyRnlkR1JrQWhJUER4WUdId1FGQ0VOb1pXTnJiM1YwSGdkRmJtRmliR1ZrYUI4RGFCWUNId3NGbHl4eVpYUjFjbTRnVm1Gc2FXUmhkR1ZKZEdWdGMxUnZRMmhsWTJ0UGRYUlBjbEYxYjNSbEtIc2lRMnh2YzJWQ2RYUjBiMjVVWlhoMElqb2lRMnh2YzJVaUxDSkJiR1Z5ZEUxbGMzTmhaMlZVYVhSc1pTSTZJa0ZzWlhKMElFMWxjM05oWjJVaUxDSkRhR1ZqYTI5MWRGTjBZWFJsUlc1MWJTSTZleUpKYm5aaGJHbGtJam9pU1c1MllXeHBaQ0lzSWxGMWIzUmhZbXhsVDI1c2VTSTZJbEYxYjNSaFlteGxUMjVzZVNJc0lrOXlaR1Z5WVdKc1pVOXViSGtpT2lKUGNtUmxjbUZpYkdWUGJteDVJaXdpVDNKa1pYSmhZbXhsUVc1a1VYVnZkR0ZpYkdVaU9pSlBjbVJsY21GaWJHVkJibVJSZFc5MFlXSnNaU0lzSWs1dmRFOXlaR1Z5WVdKc1pVRnVaRkYxYjNSaFlteGxJam9pVG05MFQzSmtaWEpoWW14bFFXNWtVWFZ2ZEdGaWJHVWlMQ0pPYjNSUGNtUmxjbUZpYkdWQmJtUlJkVzkwWVdKc1pWZHBkR2hKYm5aaGJHbGtJam9pVG05MFQzSmtaWEpoWW14bFFXNWtVWFZ2ZEdGaWJHVlhhWFJvU1c1MllXeHBaQ0lzSWtabGQwOXlaR1Z5WVdKc1pVOXViSGtpT2lKR1pYZFBjbVJsY21GaWJHVlBibXg1SWl3aVJtVjNUM0prWlhKaFlteGxRVzVrUm1WM1VYVnZkR0ZpYkdVaU9pSkdaWGRQY21SbGNtRmliR1ZCYm1SR1pYZFJkVzkwWVdKc1pTSXNJa1psZDFGMWIzUmhZbXhsVDI1c2VWZHBkR2hKYm5aaGJHbGtJam9pUm1WM1VYVnZkR0ZpYkdWUGJteDVWMmwwYUVsdWRtRnNhV1FpTENKR1pYZFBjbVJsY21GaWJHVlBibXg1VjJsMGFFbHVkbUZzYVdRaU9pSkdaWGRQY21SbGNtRmliR1ZQYm14NVYybDBhRWx1ZG1Gc2FXUWlMQ0pHWlhkUGNtUmxjbUZpYkdWQmJtUkdaWGRSZFc5MFlXSnNaVmRwZEdoSmJuWmhiR2xrSWpvaVJtVjNUM0prWlhKaFlteGxRVzVrUm1WM1VYVnZkR0ZpYkdWWGFYUm9TVzUyWVd4cFpDSXNJa1psZDA5eVpHVnlZV0pzWlVGdVpFRnNiRkYxYjNSaFlteGxJam9pUm1WM1QzSmtaWEpoWW14bFFXNWtRV3hzVVhWdmRHRmliR1VpTENKQmJHeFBjbVJsY21GaWJHVkJibVJHWlhkUmRXOTBZV0pzWlNJNklrRnNiRTl5WkdWeVlXSnNaVUZ1WkVabGQxRjFiM1JoWW14bEluMHNJa2wwWlcxVGRHRjBaVVZ1ZFcwaU9uc2lTVzUyWVd4cFpDSTZJa2x1ZG1Gc2FXUWlMQ0pSZFc5MFlXSnNaVTl1YkhraU9pSlJkVzkwWVdKc1pVOXViSGtpTENKUGNtUmxjbUZpYkdWUGJteDVJam9pVDNKa1pYSmhZbXhsVDI1c2VTSXNJazl5WkdWeVlXSnNaVUZ1WkZGMWIzUmhZbXhsSWpvaVQzSmtaWEpoWW14bFFXNWtVWFZ2ZEdGaWJHVWlMQ0pPYjNSUGNtUmxjbUZpYkdWQmJtUlJkVzkwWVdKc1pTSTZJazV2ZEU5eVpHVnlZV0pzWlVGdVpGRjFiM1JoWW14bElpd2lUbTkwVDNKa1pYSmhZbXhsUVc1a1VYVnZkR0ZpYkdWWGFYUm9TVzUyWVd4cFpDSTZJazV2ZEU5eVpHVnlZV0pzWlVGdVpGRjFiM1JoWW14bFYybDBhRWx1ZG1Gc2FXUWlMQ0pHWlhkUGNtUmxjbUZpYkdWUGJteDVJam9pUm1WM1QzSmtaWEpoWW14bFQyNXNlU0lzSWtabGQwOXlaR1Z5WVdKc1pVRnVaRVpsZDFGMWIzUmhZbXhsSWpvaVJtVjNUM0prWlhKaFlteGxRVzVrUm1WM1VYVnZkR0ZpYkdVaUxDSkdaWGRSZFc5MFlXSnNaVTl1YkhsWGFYUm9TVzUyWVd4cFpDSTZJa1psZDFGMWIzUmhZbXhsVDI1c2VWZHBkR2hKYm5aaGJHbGtJaXdpUm1WM1QzSmtaWEpoWW14bFQyNXNlVmRwZEdoSmJuWmhiR2xrSWpvaVJtVjNUM0prWlhKaFlteGxUMjVzZVZkcGRHaEpiblpoYkdsa0lpd2lSbVYzVDNKa1pYSmhZbXhsUVc1a1JtVjNVWFZ2ZEdGaWJHVlhhWFJvU1c1MllXeHBaQ0k2SWtabGQwOXlaR1Z5WVdKc1pVRnVaRVpsZDFGMWIzUmhZbXhsVjJsMGFFbHVkbUZzYVdRaUxDSkdaWGRQY21SbGNtRmliR1ZCYm1SQmJHeFJkVzkwWVdKc1pTSTZJa1psZDA5eVpHVnlZV0pzWlVGdVpFRnNiRkYxYjNSaFlteGxJaXdpUVd4c1QzSmtaWEpoWW14bFFXNWtSbVYzVVhWdmRHRmliR1VpT2lKQmJHeFBjbVJsY21GaWJHVkJibVJHWlhkUmRXOTBZV0pzWlNKOUxDSm9aRzVHYVdWc1pGTmxiR1ZqZEdWa1QzSmtaWEpKZEdWdFEyaGxZMnR2ZFhSVGRHRjBaWE5EYkdsbGJuUkpaQ0k2SWtOdmJuUmxiblJRYkdGalpVaHZiR1JsY2tSbFptRjFiSFJmUTJGeWRFOTJaWEoyYVdWM1h6TmZhR1J1Um1sbGJHUlRaV3hsWTNSbFpFOXlaR1Z5U1hSbGJVTm9aV05yYjNWMFUzUmhkR1Z6SWl3aWFHUnVSbWxsYkdSVFpXeGxZM1JsWkVsMFpXMUpaSE5EYkdsbGJuUkpaQ0k2SWtOdmJuUmxiblJRYkdGalpVaHZiR1JsY2tSbFptRjFiSFJmUTJGeWRFOTJaWEoyYVdWM1h6TmZhR1J1Um1sbGJHUlRaV3hsWTNSbFpFbDBaVzFKWkhNaUxDSlBjbVJsY2xObGJHVmpkR1ZrVUhKdlpIVmpkSE1pT2pFc0lrTnZibVpwY20xaGRHbHZibFJwZEd4bFVtVnpiM1Z5WTJVaU9pSkRiMjVtYVhKdFlYUnBiMjRpTENKUWNtOWpaV1ZrUW5WMGRHOXVWR1Y0ZENJNklsQnliMk5sWldRaUxDSlFjbTlqWldWa1FuVjBkRzl1UTJGc2JHSmhZMnNpT2lKV1lXeHBaR0YwWlVsMFpXMXpWRzlEYUdWamEwOTFkRTl5VVhWdmRHVWlMQ0pKYm5aaGJHbGtTWFJsYlhOVFpXeGxZM1JsWkVadmNrTm9aV05yYjNWMFVtVnpiM1Z5WTJVaU9pSlVhR1Z5WlNCaGNtVWdjMjl0WlNCcGJuWmhiR2xrSUdsMFpXMXpJR05vYjNObGJpQm1iM0lnWTJobFkydHZkWFFpTENKT2IwOXlaR1Z5WVdKc1pVbDBaVzF6VTJWc1pXTjBaV1JHYjNKRGFHVmphMjkxZEZKbGMyOTFjbU5sSWpvaVRtOGdkbUZzYVdRZ2IzSmtaWEpoWW14bElHbDBaVzF6SUdGeVpTQmphRzl6Wlc0Z1ptOXlJRzl5WkdWeUlIQnliMk5sYzNNaUxDSk9iMUYxYjNSaFlteGxTWFJsYlhOVFpXeGxZM1JsWkVadmNrTm9aV05yYjNWMFVtVnpiM1Z5WTJVaU9pSk9ieUIyWVd4cFpDQnhkVzkwWVdKc1pTQnBkR1Z0Y3lCaGNtVWdZMmh2YzJWdUlHWnZjaUJ4ZFc5MFpTQndjbTlqWlhOeklpd2lUM0prWlhKaFlteGxRVzVrVG05dVQzSmtaWEpoWW14bFNYUmxiWE5UWld4bFkzUmxaRVp2Y2tOb1pXTnJiM1YwVW1WemIzVnlZMlVpT2lKWmIzVWdZMkZ1SUdWcGRHaGxjaUFuY0hKdlkyVmxaQ2NnZDJsMGFDQnZjbVJsY2lCd2NtOWpaWE56SUc5bUlIUm9aU0J2Y21SbGNtRmliR1VnYVhSbGJYTWdiM0lnWldScGRDQjBhR1VnYm05dUxXOXlaR1Z5WVdKc1pTQnBkR1Z0Y3lJc0lsRjFiM1JoWW14bFFXNWtUbTl1VVhWdmRHRmliR1ZKZEdWdGMxTmxiR1ZqZEdWa1JtOXlRMmhsWTJ0dmRYUlNaWE52ZFhKalpTSTZJbGx2ZFNCallXNGdaV2wwYUdWeUlDZHdjbTlqWldWa0p5QjNhWFJvSUhGMWIzUmxJSEJ5YjJObGMzTWdiMllnZEdobElIRjFiM1JoWW14bElHbDBaVzF6SUc5eUlHVmthWFFnZEdobElHNXZiaTF4ZFc5MFlXSnNaU0JwZEdWdGN5SXNJbEYxYjNSbFUyVnNaV04wWldSUWNtOWtkV04wY3lJNk1pd2lUbTlKZEdWdGMxTmxiR1ZqZEdWa0lqb2lUbThnU1hSbGJYTWdVMlZzWldOMFpXUXVJRkJzWldGelpTQmphRzl2YzJVZ2IyNWxJQ2h2Y2lrZ2JXOXlaU0JwZEdWdGN5QjBieUJ3WlhKbWIzSnRJSFJvWlNCaFkzUnBiMjR1SWl3aVEyRnlkRUZqZEdsdmJrUmxiR1YwWlZObGJHVmpkR1ZrVUhKdlpIVmpkSE1pT2pVc0lsZHBjMmhNYVhOMFFXTjBhVzl1YzBSbGJHVjBaVk5sYkdWamRHVmtVSEp2WkhWamRITWlPaklzSWtSbGJHVjBaVU52Ym1acGNtMWhkR2x2YmsxbGMzTmhaMlZTWlhOdmRYSmpaU0k2SWp4d1BrUnZJSGx2ZFNCeVpXRnNiSGtnZDJGdWRDQjBieUJrWld4bGRHVWdkR2hwY3lCcGRHVnRLSE1wUHp3dmNENGlMQ0pFWld4bGRHVkRiMjVtYVhKdFlYUnBiMjVPYjBKMWRIUnZibEpsYzI5MWNtTmxJam9pVG04aUxDSkVaV3hsZEdWRGIyNW1hWEp0WVhScGIyNVpaWE5DZFhSMGIyNVNaWE52ZFhKalpTSTZJbGxsY3lJc0lrUmxiR1YwWlVOdmJtWnBjbTFoZEdsdmJraGxZV1JsY2xSbGVIUlNaWE52ZFhKalpTSTZJa1JsYkdWMFpTSXNJa05oY25SQlkzUnBiMjRpT2pFc0lrTm9aV05yYjNWMFFuVjBkRzl1VTJOeWFYQjBJanB1ZFd4c0xDSkRhR1ZqYTI5MWRGTmxjWFZsYm1OcGJtZEJibVJRY21sdFpYSlFiM0IxY0UxbGMzTmhaMlZJWldGa1pYSWlPaUlpTENKRGFHVmphMjkxZEZObGNYVmxibU5wYm1kQmJtUlFjbWx0WlhKUWIzQjFjRTFsYzNOaFoyVklaV0ZrWlhKSmJtWnZjbTFoZEdsdmJpSTZJa2wwSUdseklHNXZkQ0J3YjNOemFXSnNaU0IwYnlCamFHVmphMjkxZENBdklIRjFiM1JsSUhObGNYVmxibU5wYm1jZ2NtVmhZM1JwYjI1eklIZHBkR2h2ZFhRZ2NISnBiV1Z5Y3lCM2FHbGphQ0JoY21VZ1lYTnpiMk5wWVhSbFpDQjBieUJ6Wld4bFkzUmxaQ0J6WlhGMVpXNWphVzVuSUdsMFpXMXpJR2x1SUhSb2FYTWdiM0prWlhJNklEd3ZZbkkrUEM5aWNqNGlMQ0pEYUdWamEyOTFkRk5sY1hWbGJtTnBibWRCYm1SUWNtbHRaWEpRYjNCMWNFMWxjM05oWjJWR2IyOTBaWEpKYm1admNtMWhkR2x2YmlJNklpSXNJa05vWldOcmIzVjBVMlZ4ZFdWdVkybHVaMEZ1WkZCeWFXMWxjbEJ2Y0hWd1RXVnpjMkZuWlVOc2IzTmxRblYwZEc5dVZHVjRkQ0k2SWlJc0lrTm9aV05yYjNWMFUyVnhkV1Z1WTJsdVowRnVaRkJ5YVcxbGNsQnZjSFZ3Um05eWJXRjBUV1Z6YzJGblpTSTZJaUlzSWtOb1pXTnJiM1YwVUhKcGJXVnlRV3h2Ym1WUWIzQjFjRTFsYzNOaFoyVkRiRzl6WlVKMWRIUnZibFJsZUhRaU9pSWlMQ0pEYUdWamEyOTFkRkJ5YVcxbGNrRnNiMjVsVUc5d2RYQk5aWE56WVdkbElqb2lVSEpwYldWeUlHRnNiMjVsSUdOaGJtNXZkQ0JpWlNCamFHVmphMlZrSUc5MWRDNGdVR3hsWVhObElITmxiR1ZqZENCaGRHeGxZWE4wSUc5dVpTQmhjM052WTJsaGRHVmtJSE5sY1hWbGJtTnBibWNnU1hSbGJTNGlMQ0pEYUdWamEyOTFkRkJ5YVcxbGNrRnNiMjVsVUc5d2RYQk5aWE56WVdkbFNHVmhaR1Z5SWpvaVVHeGxZWE5sSUU1dmRHVWlMQ0pDWVhKRGIyUmxWbUZzYVdSaGRHbHZibEJ2Y0hWd1EyeHZjMlZDZFhSMGIyNVVaWGgwSWpvaVQyc2lMQ0pDWVhKRGIyUmxWbUZzYVdSaGRHbHZibEJ2Y0hWd1RXVnpjMkZuWlNJNklrSmhjbU52WkdVZ1ptOXlJRk5sYkdWamRHVmtJRWwwWlcwZ2FYTWdhVzUyWVd4cFpDSXNJa0poY2tOdlpHVldZV3hwWkdGMGFXOXVVRzl3ZFhCTlpYTnpZV2RsU0dWaFpHVnlJam9pVUd4bFlYTmxJRTV2ZEdVaUxDSlRZVzFsUkdGNVJHVnNhWFpsY25sV1lXeHBaR0YwYVc5dVVHOXdkWEJIYjBKaFkydENkWFIwYjI1VVpYaDBJam9pVjJGcGRDQjFiblJwYkNCaGJHd2dUM0prWlhKeklHRnlaU0JtYVc1cGMyaGxaQ0IwYnlCVGFHbHdJRzl1WTJVaUxDSlRZVzFsUkdGNVJHVnNhWFpsY25sV1lXeHBaR0YwYVc5dVVHOXdkWEJEYUdWamEyOTFkRUoxZEhSdmJsUmxlSFFpT2lKRGFHVmphMjkxZENCVFlXMWxJRVJoZVNCUGJHbG5iM01nVDI1c2VTSXNJbE5oYldWRVlYbEVaV3hwZG1WeWVWWmhiR2xrWVhScGIyNVFiM0IxY0UxbGMzTmhaMlZJWldGa1pYSWlPaUpRYkdWaGMyVWdjMlZzWldOMElpd2lVMkZ0WlVSaGVVUmxiR2wyWlhKNVZtRnNhV1JoZEdsdmJsQnZjSFZ3VFdWemMyRm5aVVJsYzJOeWFYQjBhVzl1SWpvaVdXOTFjaUJqWVhKMElHTnZiblJoYVc1eklITmhiV1VnWkdGNUlHOXNhV2R2Y3l3Z2QyaHBZMmdnYm1WbFpDQjBieUJpWlNCamFHVmphMlZrSUc5MWRDQnpaWEJsY21GMFpXeDVJR2x1SUc5eVpHVnlJSFJ2SUdWdWMzVnlaU0IwYUdVZ1ptRnpkR1Z6ZENCa1pXeHBkbVZ5ZVM0Z1ZHaGxJRzkwYUdWeUlHbDBaVzF6SUhkcGJHd2dZbVVnZDJGcGRHbHVaeUJwYmlCNWIzVnlJR05oY25RZ2QyaGxiaUI1YjNVZ2NtVjBkWEp1SUd4aGRHVnlMaUE4YzNCaGJpQmpiR0Z6Y3oxY0luUnZiMngwYVhCZlpHbGhiRzluWENJZ2RHbDBiR1U5WENKRmVIQnNZV2x1SUdKMWRIUnZiaUJrWlhOamNtbHdkR2x2YmlCb1pYSmxJRzl1YkhsY0lpQStQQzl6Y0dGdVBpSXNJbEpsZFhObFpFbDBaVzF6Vm1Gc2FXUmhkR2x2YmxCdmNIVndRMnh2YzJWQ2RYUjBiMjVVWlhoMElqb2lUMnNpTENKU1pYVnpaV1JKZEdWdGMxWmhiR2xrWVhScGIyNVFiM0IxY0UxbGMzTmhaMlVpT2lKUGIzQnpJQ0VnVTI5dFpTQnZjaUJoYkd3Z2IyWWdjMlZzWldOMFpXUWdjbVYxYzJWa0lHbDBaVzBuY3lCdmNtbG5hVzVoYkNCamIyNTBZV2x1WlhKeklHRnlaU0JsZUhCcGNtVmtMaUJaYjNWeUlHTmhjblFnZDJsc2JDQmlaU0IxY0dSaGRHVmtJR0YxZEc5dFlYUnBZMkZzYkhrZ1lXNWtJR05oY25RZ2QybHNiQ0JpWlNCeVpXeHZZV1JsWkM0Z1JYaHdhWEpsWkNCcGRHVnRJRTVoYldWeklHRnlaU0F0UGlJc0lsSmxkWE5sWkVsMFpXMXpWbUZzYVdSaGRHbHZibEJ2Y0hWd1RXVnpjMkZuWlVobFlXUmxjaUk2SWxCc1pXRnpaU0JPYjNSbElpd2lSWGh3YVhKbFpGQnlhVzFsY2xCdmNIVndRMnh2YzJWQ2RYUjBiMjVVWlhoMElqb2lUMnNpTENKRmVIQnBjbVZrVUhKcGJXVnlVRzl3ZFhCTlpYTnpZV2RsVkdWNGRDSTZJbEJ5YVcxbGNpQnBjeUJsZUhCcGNtVmtJR1p2Y2lCMGFHVWdiMjVsSUc5bUlIUm9aU0J6Wld4bGRHVmtJSE5sY1hWbGJtTnBibWNnYVhSbGJTNGdjR3hsWVhObElITmxiR1ZqZENCaGJtOTBhR1Z5SUhCeWFXMWxjaUJ2Y2lCdmNtUmxjaUJ1WlhjZ2NISnBiV1Z5TGlJc0lrVjRjR2x5WldSUWNtbHRaWEpRYjNCMWNFMWxjM05oWjJWSVpXRmtaWEpVWlhoMElqb2lVR3hsYzJVZ1RtOTBaU0lzSWtOaGNuUlFZV2RsVlZKTUlqb2lMMlZ1TDJOaGNuUXVZWE53ZUNJc0lrMXBibWx0ZFcxUWJHRjBaVk5oYlhCc1pYTlFaWEpEYUdWamEyOTFkQ0k2TkRnc0lsQnNZWFJsVTJGdGNHeGxRMjkxYm5RaU9tNTFiR3dzSWtselUybHVaMnhsVUd4aGRHVlhhWFJvVm1Gc2FXUlRZVzF3YkdWRGIzVnVkQ0k2Wm1Gc2MyVXNJazFwYmxCc1lYUmxVMkZ0Y0d4bGMxQnZjSFZ3Um05eWJXRjBUV1Z6YzJGblpTSTZJaUlzSWsxcGJsQnNZWFJsVTJGdGNHeGxjMUJ2Y0hWd1JtOXliV0YwVFdWemMyRm5aVU5zYjNObFFuVjBkRzl1VkdWNGRDSTZJaUlzSWsxcGJsQnNZWFJsVTJGdGNHeGxjMUJ2Y0hWd1JtOXliV0YwVFdWemMyRm5aVWhsWVdSbGNpSTZJaUlzSWsxaGVHbHRkVzFPZFcxaVpYSlBabEJzWVhSbGMxQmxja05vWldOcmIzVjBJam96TENKUWJHRjBaWE5EYjNWdWRFWnZja04xY25KbGJuUlBjbVJsY2lJNmJuVnNiQ3dpVFdGNGFXMTFiVkJzWVhSbGMxQmxja05vWldOcmIzVjBVRzl3ZFhCR2IzSnRZWFJOWlhOellXZGxJam9pVFdGNGFXMTFiU0F6SUhCc1lYUmxjeUJoY21VZ1pXeHBaMmxpYkdVZ2RHOGdZMmhsWTJ0dmRYUWdjR1Z5SUc5eVpHVnlJR1p2Y2lCd2JHRjBaU0J6WlhGMVpXNWphVzVuSUdsMFpXMXpMaUJRYkdWaGMyVWdiVzlrYVdaNUlIbHZkWElnYzJWc1pXTjBhVzl1SUdGalkyOXlaR2x1WjJ4NUxpSXNJazFoZUdsdGRXMVFiR0YwWlhOUVpYSkRhR1ZqYTI5MWRGQnZjSFZ3Um05eWJXRjBUV1Z6YzJGblpVTnNiM05sUW5WMGRHOXVWR1Y0ZENJNklrOXJJaXdpVFdGNGFXMTFiVkJzWVhSbGMxQmxja05vWldOcmIzVjBSbTl5YldGMFRXVnpjMkZuWlVobFlXUmxjaUk2SWxCc1pXRnpaU0JPYjNSbElpd2lVRzl6ZEVKaFkydEZiR1Z0Wlc1MFZXNXBjWFZsU1dRaU9pSmpkR3d3TUNSamRHd3dNQ1JqZEd3d01DUkRiMjUwWlc1MFVHeGhZMlZJYjJ4a1pYSkVaV1poZFd4MEpFTmhjblJQZG1WeWRtbGxkMTh6Skd4dWEwTm9aV05yYjNWMElpd2lSWFpsYm5SQmNtZDFiV1Z1ZENJNklpSjlMQ0IwYUdsektUdGtBaElQWkJZR0FnTVBaQllDWmc4UEZnSWZBMmhrWkFJRkQyUVdBbVlQRHhZQ0hndHNZbXhJWldGa1RHbHVaUVVGVEc5bmFXNWtGZ2dDQWc4VkFXdERiMjUwWlc1MFVHeGhZMlZJYjJ4a1pYSkVaV1poZFd4MFgwMWhjM1JsY2xCc1lXTmxhRzlzWkdWeVgwaHZiV1ZNYjJkblpXUlBkWFJmTjE5d2JteEVjbUZuWVdKc1pWZHBibVJ2ZDBOdmJuUmxiblJmU1c1c2FXNWxUV1Z6YzJGblpVTnZiblJoYVc1bGNtUUNBdzhXQWg4RUJRbE9aWGNnZFhObGNqOWtBZ1VQRHhZRUh3UUZEa055WldGMFpTQkJZMk52ZFc1MEh3VUZJeTlsYmk5amFHVmphMjkxZEM5emRHVndNUzVoYzNCNFAyNXZaR1ZKWkQweE1USTNaR1FDQnc5a0Znd0NBUThQRmdZZkJBVUdSVzFoYVd3Nkh3Z0ZGeUJ5WlhGMWFYSmxaRVpwWld4a1EyaGhjbUZqZEdWeUh3a0NBbVJrQWdrUER4WUdId1FGQ1ZCaGMzTjNiM0prT2g4SUJSY2djbVZ4ZFdseVpXUkdhV1ZzWkVOb1lYSmhZM1JsY2g4SkFnSmtaQUlQRHc4V0FoOEVCUVZNYjJkcGJtUmtBaEVQWkJZQ0FnTVBEeFlDSHdRRkVXdGxaWEFnYldVZ2JHOW5aMlZrSUdsdVpHUUNFdzhQRmdRZkJRVVhMMlZ1TDJadmNtZHZkSEJoYzNOM2IzSmtMbUZ6Y0hnZkJBVVFSbTl5WjI5MElGQmhjM04zYjNKa1AyUmtBaFVQWkJZR1pnOFZBV1ZEYjI1MFpXNTBVR3hoWTJWSWIyeGtaWEpFWldaaGRXeDBYMDFoYzNSbGNsQnNZV05sYUc5c1pHVnlYMGh2YldWTWIyZG5aV1JQZFhSZk4xOTJjME5vWldOcmIzVjBTRzl0WlV4dloybHVYMlZqYjIxV1lXeHBaR0YwYVc5dVUzVnRiV0Z5ZVdRQ0FROFBGZ0lmQ2dVTGRtZEliMjFsVEc5bmFXNWtaQUlDRHhVQlpVTnZiblJsYm5SUWJHRmpaVWh2YkdSbGNrUmxabUYxYkhSZlRXRnpkR1Z5VUd4aFkyVm9iMnhrWlhKZlNHOXRaVXh2WjJkbFpFOTFkRjgzWDNaelEyaGxZMnR2ZFhSSWIyMWxURzluYVc1ZlpXTnZiVlpoYkdsa1lYUnBiMjVUZFcxdFlYSjVaQUlIRDJRV0FtWVBEeFlDSHcwRkNrNWxaV1FnU0dWc2NEOWtGZ1FDQWc4VkFXMURiMjUwWlc1MFVHeGhZMlZJYjJ4a1pYSkVaV1poZFd4MFgwMWhjM1JsY2xCc1lXTmxhRzlzWkdWeVgwTjFjM1J2YldWeVUzVndjRzl5ZEY4NFgzQnViRVJ5WVdkaFlteGxWMmx1Wkc5M1EyOXVkR1Z1ZEY5SmJteHBibVZOWlhOellXZGxRMjl1ZEdGcGJtVnlaQUlERDJRV0NBSUJEeFlDSHdRRkVFTjFjM1J2YldWeUlGTjFjSEJ2Y25Sa0FnTVBEeFlDSHdRRkVDczBPU0E0TURreUlEZ3lPRGtnTnpka1pBSUZEdzhXQWg4RUJXZzhZU0JvY21WbVBTSXZaVzR2WlhWeWIyWnBibk10YlhkbkxXOXdaWEp2Ymk5elpYSjJhV05sTFdObGJuUmxjaTlqYjI1MFlXTjBMWFZ6TDJkc2IySmhiQzFrYVhKbFkzUnZjbmt1WVhOd2VDSStSbkpsWlNCd2FHOXVaU0J1ZFcxaVpYSnpQQzloUG1Sa0FnY1BEeFlFSHdRRlJEeGhJR2h5WldZOUltMWhhV3gwYnpwemRYQndiM0owTFdWMVFHVjFjbTltYVc1ekxtTnZiU0krYzNWd2NHOXlkQzFsZFVCbGRYSnZabWx1Y3k1amIyMDhMMkUrSHdVRlMyMWhhV3gwYnpvOFlTQm9jbVZtUFNKdFlXbHNkRzg2YzNWd2NHOXlkQzFsZFVCbGRYSnZabWx1Y3k1amIyMGlQbk4xY0hCdmNuUXRaWFZBWlhWeWIyWnBibk11WTI5dFBDOWhQbVJrQWhVUFpCWUNaZzlrRmdKbUR4VUJwZ1oyWVhJZ2MyaHZkMUJ5YjJkeVpYTnpRbUZ5UVdaMFpYSTlNakF3T3cwS2RtRnlJRzFsYzNOaFoyVlFjbTluY21WemMwSmhjajBuVUd4bFlYTmxJSGRoYVhRdUxpNG5PdzBLZG1GeUlIQnliMmR5WlhOelFtRnlWR2wwYkdVOUoxQnNaV0Z6WlNCM1lXbDBMaTR1SnpzTkNuWmhjaUJ3Y205bmNtVnpjMEpoY2tOaGJtTmxiRUoxZEhSdmJsUmxlSFE5SjBOaGJtTmxiQ2M3RFFwMllYSWdZV3hsY25STlpYTnpZV2RsUW5WMGRHOXVWR1Y0ZEQwblQyc25PdzBLZG1GeUlHRnNaWEowVFdWemMyRm5aVlJwZEd4bFBTZEJiR1Z5ZENCTlpYTnpZV2RsSnpzTkNuWmhjaUJ2Y0dWeWIyNVRhWFJsVlhKc1BTY25PdzBLZG1GeUlHTjFjbkpsYm5SVGFYUmxRMjlrWlQwblJVSkZKenNOQ25aaGNpQnpkV0pFYjIxaGFXNDlKMUZCSnpzTkNuWmhjaUJ3YjNKMFRuVnRZbVZ5UFNjNE1TYzdEUXAyWVhJZ2NISmxURzloWkVsdFlXZGxUR2x6ZEQxYkp5OWpjM012WlhoMEwycHhkV1Z5ZVhSb1pXMWxjeTlwYldGblpYTXZkV2t0WW1kZloyeGhjM05mTlRWZk1XTXhZekZqWHpGNE5EQXdMbkJ1WnlkZE93MEtkbUZ5SUhCeWFXTnBibWRFWlhSaGFXeHpRMnh2YzJWQ2RYUjBiMjVVWlhoMFBTZERiRzl6WlNjN0RRcDJZWElnUVdSa1FuVjBkRzl1VW1WemIzVnlZMlZVWlhoMElEMGdKMEZrWkNjN0RRcDJZWElnUTJGdVkyVnNRblYwZEc5dVVtVnpiM1Z5WTJWVVpYaDBJRDBnSjBOaGJtTmxiQ2M3RFFwMllYSWdRMnh2YzJWQ2RYUjBiMjVTWlhOdmRYSmpaVlJsZUhRZ1BTQW5RMnh2YzJVbk93MEtkbUZ5SUZOaGRtVkNkWFIwYjI1U1pYTnZkWEpqWlZSbGVIUWdQU0FuVTJGMlpTYzdEUXAyWVhJZ1RtOUNkWFIwYjI1U1pYTnZkWEpqWlZSbGVIUWdQU0FuVG04bk93MEtkbUZ5SUZsbGMwSjFkSFJ2YmxKbGMyOTFjbU5sVkdWNGRDQTlJQ2RaWlhNbk93MEtkbUZ5SUZSb2FXTnJRbTk0UTJ4dmMyVlVaWGgwVW1WemIzVnlZMlVnUFNBbmIzSWdSWE5qSUV0bGVTYzdEUXAyWVhJZ1ZHaHBZMnRDYjNoRGJHOXpaVXhwYm10U1pYTnZkWEpqWlNBOUlDZGpiRzl6WlNjN0RRcDJZWElnWkdWd2JHOTViV1Z1ZEVWdWRtbHliMjV0Wlc1MElEMGdKMUZCSnpzTkNtUVlBUVVlWDE5RGIyNTBjbTlzYzFKbGNYVnBjbVZRYjNOMFFtRmphMHRsZVY5ZkZnSUZUV04wYkRBd0pHTjBiREF3SkdOMGJEQXdKRU52Ym5SbGJuUlFiR0ZqWlVodmJHUmxja1JsWm1GMWJIUWtWRzl3VEc5bloyVmtUM1YwWHpJa1kyaGlWRzl3UzJWbGNFeHZaMmRsWkVsdUJXQmpkR3d3TUNSamRHd3dNQ1JqZEd3d01DUkRiMjUwWlc1MFVHeGhZMlZJYjJ4a1pYSkVaV1poZFd4MEpFMWhjM1JsY2xCc1lXTmxhRzlzWkdWeUpFaHZiV1ZNYjJkblpXUlBkWFJmTnlSallraHZiV1ZMWldWd1RHOW5aMlZrU1dSRi8ySlJGSDBTVGhrUmZJZG4rN1QrOTQ2UTUzZ3FEQ1N2YWx3d0JrbkZWUT09IiBDb3JyZWxhdGlvbkJpbmRpbmc9IiIgVXJsRW5jb2RlPSJUcnVlIiAvPg0KICAgICAgICA8Rm9ybVBvc3RQYXJhbWV0ZXIgTmFtZT0iY3RsMDAkY3RsMDAkY3RsMDAkQ29udGVudFBsYWNlSG9sZGVyRGVmYXVsdCRUb3BMb2dnZWRPdXRfMiRoZG5TY3JlZW5BcmVhIiBWYWx1ZT0ie3skSElEREVOMS5jdGwwMCRjdGwwMCRjdGwwMCRDb250ZW50UGxhY2VIb2xkZXJEZWZhdWx0JFRvcExvZ2dlZE91dF8yJGhkblNjcmVlbkFyZWF9fSIgUmVjb3JkZWRWYWx1ZT0iIiBDb3JyZWxhdGlvbkJpbmRpbmc9IiIgVXJsRW5jb2RlPSJUcnVlIiAvPg0KICAgICAgICA8Rm9ybVBvc3RQYXJhbWV0ZXIgTmFtZT0iY3RsMDAkY3RsMDAkY3RsMDAkQ29udGVudFBsYWNlSG9sZGVyRGVmYXVsdCRDYXJ0T3ZlcnZpZXdfMyRoZG5GaWVsZFNlbGVjdGVkT3JkZXJJdGVtQ2hlY2tvdXRTdGF0ZXMiIFZhbHVlPSJ7eyRISURERU4xLmN0bDAwJGN0bDAwJGN0bDAwJENvbnRlbnRQbGFjZUhvbGRlckRlZmF1bHQkQ2FydE92ZXJ2aWV3XzMkaGRuRmllbGRTZWxlY3RlZE9yZGVySXRlbUNoZWNrb3V0U3RhdGVzfX0iIFJlY29yZGVkVmFsdWU9IiIgQ29ycmVsYXRpb25CaW5kaW5nPSIiIFVybEVuY29kZT0iVHJ1ZSIgLz4NCiAgICAgICAgPEZvcm1Qb3N0UGFyYW1ldGVyIE5hbWU9ImN0bDAwJGN0bDAwJGN0bDAwJENvbnRlbnRQbGFjZUhvbGRlckRlZmF1bHQkQ2FydE92ZXJ2aWV3XzMkaGRuRmllbGRDb21wbGV0ZUNhcnRDaGVja291dFN0YXRlRW51bXMiIFZhbHVlPSJ7eyRISURERU4xLmN0bDAwJGN0bDAwJGN0bDAwJENvbnRlbnRQbGFjZUhvbGRlckRlZmF1bHQkQ2FydE92ZXJ2aWV3XzMkaGRuRmllbGRDb21wbGV0ZUNhcnRDaGVja291dFN0YXRlRW51bXN9fSIgUmVjb3JkZWRWYWx1ZT0iIiBDb3JyZWxhdGlvbkJpbmRpbmc9IiIgVXJsRW5jb2RlPSJUcnVlIiAvPg0KICAgICAgICA8Rm9ybVBvc3RQYXJhbWV0ZXIgTmFtZT0iY3RsMDAkY3RsMDAkY3RsMDAkQ29udGVudFBsYWNlSG9sZGVyRGVmYXVsdCRDYXJ0T3ZlcnZpZXdfMyRoZG5GaWVsZFNlbGVjdGVkSXRlbUlkcyIgVmFsdWU9Int7JEhJRERFTjEuY3RsMDAkY3RsMDAkY3RsMDAkQ29udGVudFBsYWNlSG9sZGVyRGVmYXVsdCRDYXJ0T3ZlcnZpZXdfMyRoZG5GaWVsZFNlbGVjdGVkSXRlbUlkc319IiBSZWNvcmRlZFZhbHVlPSIiIENvcnJlbGF0aW9uQmluZGluZz0iIiBVcmxFbmNvZGU9IlRydWUiIC8+DQogICAgICAgIDxGb3JtUG9zdFBhcmFtZXRlciBOYW1lPSJjdGwwMCRjdGwwMCRjdGwwMCRDb250ZW50UGxhY2VIb2xkZXJEZWZhdWx0JENhcnRPdmVydmlld18zJGhkblNjcmVlbkFyZWEiIFZhbHVlPSJ7eyRISURERU4xLmN0bDAwJGN0bDAwJGN0bDAwJENvbnRlbnRQbGFjZUhvbGRlckRlZmF1bHQkQ2FydE92ZXJ2aWV3XzMkaGRuU2NyZWVuQXJlYX19IiBSZWNvcmRlZFZhbHVlPSIiIENvcnJlbGF0aW9uQmluZGluZz0iIiBVcmxFbmNvZGU9IlRydWUiIC8+DQogICAgICAgIDxGb3JtUG9zdFBhcmFtZXRlciBOYW1lPSJjdGwwMCRjdGwwMCRjdGwwMCRDb250ZW50UGxhY2VIb2xkZXJEZWZhdWx0JE1hc3RlclBsYWNlaG9sZGVyJEhvbWVMb2dnZWRPdXRfNyR0eHRIb21lTG9naW4iIFZhbHVlPSJwbnRlc3QwMDFAZXVyb2ZpbnMuY29tIiBSZWNvcmRlZFZhbHVlPSJwbnRlc3QwMDFAZXVyb2ZpbnMuY29tIiBDb3JyZWxhdGlvbkJpbmRpbmc9IiIgVXJsRW5jb2RlPSJUcnVlIiAvPg0KICAgICAgICA8Rm9ybVBvc3RQYXJhbWV0ZXIgTmFtZT0iY3RsMDAkY3RsMDAkY3RsMDAkQ29udGVudFBsYWNlSG9sZGVyRGVmYXVsdCRNYXN0ZXJQbGFjZWhvbGRlciRIb21lTG9nZ2VkT3V0XzckdHh0SG9tZVBhc3N3b3JkIiBWYWx1ZT0icG50ZXN0MDAxIiBSZWNvcmRlZFZhbHVlPSJwbnRlc3QwMDEiIENvcnJlbGF0aW9uQmluZGluZz0iIiBVcmxFbmNvZGU9IlRydWUiIC8+DQogICAgICAgIDxGb3JtUG9zdFBhcmFtZXRlciBOYW1lPSJjdGwwMCRjdGwwMCRjdGwwMCRDb250ZW50UGxhY2VIb2xkZXJEZWZhdWx0JE1hc3RlclBsYWNlaG9sZGVyJEhvbWVMb2dnZWRPdXRfNyRidG5Ib21lU3VibWl0IiBWYWx1ZT0iTG9naW4iIFJlY29yZGVkVmFsdWU9IkxvZ2luIiBDb3JyZWxhdGlvbkJpbmRpbmc9Int7Rm9ybVBvc3RQYXJhbTMzLmN0bDAwJGN0bDAwJGN0bDAwJENvbnRlbnRQbGFjZUhvbGRlckRlZmF1bHQkTWFzdGVyUGxhY2Vob2xkZXIkSG9tZUxvZ2dlZE91dF83JGJ0bkhvbWVTdWJtaXR9fSIgVXJsRW5jb2RlPSJUcnVlIiAvPg0KICAgICAgICA8Rm9ybVBvc3RQYXJhbWV0ZXIgTmFtZT0iY3RsMDAkY3RsMDAkY3RsMDAkQ29udGVudFBsYWNlSG9sZGVyRGVmYXVsdCRNYXN0ZXJQbGFjZWhvbGRlciRIb21lTG9nZ2VkT3V0XzckdnNDaGVja291dEhvbWVMb2dpbiRoZG5WYWxpZGF0aW9uUmVzdWx0IiBWYWx1ZT0ie3skSElEREVOMS5jdGwwMCRjdGwwMCRjdGwwMCRDb250ZW50UGxhY2VIb2xkZXJEZWZhdWx0JE1hc3RlclBsYWNlaG9sZGVyJEhvbWVMb2dnZWRPdXRfNyR2c0NoZWNrb3V0SG9tZUxvZ2luJGhkblZhbGlkYXRpb25SZXN1bHR9fSIgUmVjb3JkZWRWYWx1ZT0iIiBDb3JyZWxhdGlvbkJpbmRpbmc9IiIgVXJsRW5jb2RlPSJUcnVlIiAvPg0KICAgICAgICA8Rm9ybVBvc3RQYXJhbWV0ZXIgTmFtZT0iY3RsMDAkY3RsMDAkY3RsMDAkQ29udGVudFBsYWNlSG9sZGVyRGVmYXVsdCRNYXN0ZXJQbGFjZWhvbGRlciRIb21lTG9nZ2VkT3V0XzckaGRuU2NyZWVuQXJlYSIgVmFsdWU9Int7JEhJRERFTjEuY3RsMDAkY3RsMDAkY3RsMDAkQ29udGVudFBsYWNlSG9sZGVyRGVmYXVsdCRNYXN0ZXJQbGFjZWhvbGRlciRIb21lTG9nZ2VkT3V0XzckaGRuU2NyZWVuQXJlYX19IiBSZWNvcmRlZFZhbHVlPSIiIENvcnJlbGF0aW9uQmluZGluZz0iIiBVcmxFbmNvZGU9IlRydWUiIC8+DQogICAgICAgIDxGb3JtUG9zdFBhcmFtZXRlciBOYW1lPSJjdGwwMCRjdGwwMCRjdGwwMCRDb250ZW50UGxhY2VIb2xkZXJEZWZhdWx0JE1hc3RlclBsYWNlaG9sZGVyJEN1c3RvbWVyU3VwcG9ydF84JGhkblNjcmVlbkFyZWEiIFZhbHVlPSJ7eyRISURERU4xLmN0bDAwJGN0bDAwJGN0bDAwJENvbnRlbnRQbGFjZUhvbGRlckRlZmF1bHQkTWFzdGVyUGxhY2Vob2xkZXIkQ3VzdG9tZXJTdXBwb3J0XzgkaGRuU2NyZWVuQXJlYX19IiBSZWNvcmRlZFZhbHVlPSIiIENvcnJlbGF0aW9uQmluZGluZz0iIiBVcmxFbmNvZGU9IlRydWUiIC8+DQogICAgICAgIDxGb3JtUG9zdFBhcmFtZXRlciBOYW1lPSJjdGwwMCRjdGwwMCRjdGwwMCRDb250ZW50UGxhY2VIb2xkZXJEZWZhdWx0JGhkbkNhbkluaXRpYWxpemVDdWx0dXJlIiBWYWx1ZT0ie3skSElEREVOMS5jdGwwMCRjdGwwMCRjdGwwMCRDb250ZW50UGxhY2VIb2xkZXJEZWZhdWx0JGhkbkNhbkluaXRpYWxpemVDdWx0dXJlfX0iIFJlY29yZGVkVmFsdWU9ImZhbHNlIiBDb3JyZWxhdGlvbkJpbmRpbmc9IiIgVXJsRW5jb2RlPSJUcnVlIiAvPg0KICAgICAgICA8Rm9ybVBvc3RQYXJhbWV0ZXIgTmFtZT0iY3RsMDAkY3RsMDAkY3RsMDAkQ29udGVudFBsYWNlSG9sZGVyRGVmYXVsdCRoZG5FY29tRHJhZ0Ryb3BKc29uIiBWYWx1ZT0ie3skSElEREVOMS5jdGwwMCRjdGwwMCRjdGwwMCRDb250ZW50UGxhY2VIb2xkZXJEZWZhdWx0JGhkbkVjb21EcmFnRHJvcEpzb259fSIgUmVjb3JkZWRWYWx1ZT0iIiBDb3JyZWxhdGlvbkJpbmRpbmc9IiIgVXJsRW5jb2RlPSJUcnVlIiAvPg0KICAgICAgICA8Rm9ybVBvc3RQYXJhbWV0ZXIgTmFtZT0iY3RsMDAkY3RsMDAkY3RsMDAkQ29udGVudFBsYWNlSG9sZGVyRGVmYXVsdCRoZG5DdXJyZW50UGFnZUlkZW50aXR5IiBWYWx1ZT0ie3skSElEREVOMS5jdGwwMCRjdGwwMCRjdGwwMCRDb250ZW50UGxhY2VIb2xkZXJEZWZhdWx0JGhkbkN1cnJlbnRQYWdlSWRlbnRpdHl9fSIgUmVjb3JkZWRWYWx1ZT0iMTEyNyIgQ29ycmVsYXRpb25CaW5kaW5nPSIiIFVybEVuY29kZT0iVHJ1ZSIgLz4NCiAgICAgICAgPEZvcm1Qb3N0UGFyYW1ldGVyIE5hbWU9ImN0bDAwJGN0bDAwJGN0bDAwJENvbnRlbnRQbGFjZUhvbGRlckRlZmF1bHQkaGRuU2Nyb2xsWVBvc2l0aW9uIiBWYWx1ZT0ie3skSElEREVOMS5jdGwwMCRjdGwwMCRjdGwwMCRDb250ZW50UGxhY2VIb2xkZXJEZWZhdWx0JGhkblNjcm9sbFlQb3NpdGlvbn19IiBSZWNvcmRlZFZhbHVlPSIwIiBDb3JyZWxhdGlvbkJpbmRpbmc9IiIgVXJsRW5jb2RlPSJUcnVlIiAvPg0KICAgICAgICA8Rm9ybVBvc3RQYXJhbWV0ZXIgTmFtZT0iX19WSUVXU1RBVEVHRU5FUkFUT1IiIFZhbHVlPSJ7eyRISURERU4xLl9fVklFV1NUQVRFR0VORVJBVE9SfX0iIFJlY29yZGVkVmFsdWU9IkNBMEIwMzM0IiBDb3JyZWxhdGlvbkJpbmRpbmc9IiIgVXJsRW5jb2RlPSJUcnVlIiAvPg0KICAgICAgPC9Gb3JtUG9zdEh0dHBCb2R5Pg0KICAgIDwvUmVxdWVzdD4NCiAgICA8Q29tbWVudCBDb21tZW50VGV4dD0iQ2xpY2tfTXkgQWRkcmVzcyIgLz4NCiAgICA8UmVxdWVzdCBNZXRob2Q9IlBPU1QiIEd1aWQ9Ijc3ODUxMzAwLWE3YjUtNGJkNC1hYzliLTcxYzJkOTQwOWRjOCIgVmVyc2lvbj0iMS4xIiBVcmw9Imh0dHA6Ly9pbjAxYXB2MTE6ODEvZW4vaG9tZS5hc3B4IiBUaGlua1RpbWU9IjAiIFRpbWVvdXQ9IjMwMCIgUGFyc2VEZXBlbmRlbnRSZXF1ZXN0cz0iVHJ1ZSIgRm9sbG93UmVkaXJlY3RzPSJUcnVlIiBSZWNvcmRSZXN1bHQ9IlRydWUiIENhY2hlPSJGYWxzZSIgUmVzcG9uc2VUaW1lR29hbD0iMCIgRW5jb2Rpbmc9InV0Zi04IiBFeHBlY3RlZEh0dHBTdGF0dXNDb2RlPSIwIiBFeHBlY3RlZFJlc3BvbnNlVXJsPSJodHRwOi8vaW4wMWFwdjExOjgxL2VuL215YWRkcmVzc2VzLmFzcHgiIFJlcG9ydGluZ05hbWU9IiIgSWdub3JlSHR0cFN0YXR1c0NvZGU9IkZhbHNlIj4NCiAgICAgIDxEZXBlbmRlbnRSZXF1ZXN0cz4NCiAgICAgICAgPFJlcXVlc3QgTWV0aG9kPSJHRVQiIEd1aWQ9ImM3NjU1YzdlLTFhNjUtNDBhNy1hMDRmLWY4YjVlNjAwMDZlYyIgVmVyc2lvbj0iMS4xIiBVcmw9Imh0dHBzOi8vZm9udHMuZ29vZ2xlYXBpcy5jb20vY3NzIiBUaGlua1RpbWU9IjIiIFRpbWVvdXQ9IjMwMCIgUGFyc2VEZXBlbmRlbnRSZXF1ZXN0cz0iVHJ1ZSIgRm9sbG93UmVkaXJlY3RzPSJUcnVlIiBSZWNvcmRSZXN1bHQ9IlRydWUiIENhY2hlPSJGYWxzZSIgUmVzcG9uc2VUaW1lR29hbD0iMCIgRW5jb2Rpbmc9InV0Zi04IiBFeHBlY3RlZEh0dHBTdGF0dXNDb2RlPSIwIiBFeHBlY3RlZFJlc3BvbnNlVXJsPSIiIFJlcG9ydGluZ05hbWU9IiIgSWdub3JlSHR0cFN0YXR1c0NvZGU9IkZhbHNlIj4NCiAgICAgICAgICA8SGVhZGVycz4NCiAgICAgICAgICAgIDxIZWFkZXIgTmFtZT0iUmVmZXJlciIgVmFsdWU9Imh0dHA6Ly9pbjAxYXB2MTE6ODEvZW4vbXlhZGRyZXNzZXMuYXNweCIgLz4NCiAgICAgICAgICA8L0hlYWRlcnM+DQogICAgICAgICAgPFF1ZXJ5U3RyaW5nUGFyYW1ldGVycz4NCiAgICAgICAgICAgIDxRdWVyeVN0cmluZ1BhcmFtZXRlciBOYW1lPSJmYW1pbHkiIFZhbHVlPSJSb2JvdG86MzAwLDQwMCw1MDAsNzAwP0Vjb21WZXJzaW9uJTNkOC4wLjc4LjIxIiBSZWNvcmRlZFZhbHVlPSJSb2JvdG86MzAwLDQwMCw1MDAsNzAwP0Vjb21WZXJzaW9uJTNkOC4wLjc4LjIxIiBDb3JyZWxhdGlvbkJpbmRpbmc9IiIgVXJsRW5jb2RlPSJGYWxzZSIgVXNlVG9Hcm91cFJlc3VsdHM9IkZhbHNlIiAvPg0KICAgICAgICAgIDwvUXVlcnlTdHJpbmdQYXJhbWV0ZXJzPg0KICAgICAgICA8L1JlcXVlc3Q+DQogICAgICAgIDxSZXF1ZXN0IE1ldGhvZD0iR0VUIiBHdWlkPSI5OWYyOGZmNS02MzRiLTRiNTUtODZhYy1lZjJlN2QzNTQ1YTUiIFZlcnNpb249IjEuMSIgVXJsPSJodHRwczovL2NzaS5nc3RhdGljLmNvbS9jc2kiIFRoaW5rVGltZT0iNyIgVGltZW91dD0iMzAwIiBQYXJzZURlcGVuZGVudFJlcXVlc3RzPSJUcnVlIiBGb2xsb3dSZWRpcmVjdHM9IlRydWUiIFJlY29yZFJlc3VsdD0iVHJ1ZSIgQ2FjaGU9IkZhbHNlIiBSZXNwb25zZVRpbWVHb2FsPSIwIiBFbmNvZGluZz0idXRmLTgiIEV4cGVjdGVkSHR0cFN0YXR1c0NvZGU9IjAiIEV4cGVjdGVkUmVzcG9uc2VVcmw9IiIgUmVwb3J0aW5nTmFtZT0iIiBJZ25vcmVIdHRwU3RhdHVzQ29kZT0iRmFsc2UiPg0KICAgICAgICAgIDxIZWFkZXJzPg0KICAgICAgICAgICAgPEhlYWRlciBOYW1lPSJSZWZlcmVyIiBWYWx1ZT0iaHR0cDovL2luMDFhcHYxMTo4MS9lbi9teWFkZHJlc3Nlcy5hc3B4IiAvPg0KICAgICAgICAgIDwvSGVhZGVycz4NCiAgICAgICAgICA8UXVlcnlTdHJpbmdQYXJhbWV0ZXJzPg0KICAgICAgICAgICAgPFF1ZXJ5U3RyaW5nUGFyYW1ldGVyIE5hbWU9InYiIFZhbHVlPSIyIiBSZWNvcmRlZFZhbHVlPSIyIiBDb3JyZWxhdGlvbkJpbmRpbmc9IiIgVXJsRW5jb2RlPSJGYWxzZSIgVXNlVG9Hcm91cFJlc3VsdHM9IkZhbHNlIiAvPg0KICAgICAgICAgICAgPFF1ZXJ5U3RyaW5nUGFyYW1ldGVyIE5hbWU9InMiIFZhbHVlPSJtYXBzYXBpMyIgUmVjb3JkZWRWYWx1ZT0ibWFwc2FwaTMiIENvcnJlbGF0aW9uQmluZGluZz0iIiBVcmxFbmNvZGU9IkZhbHNlIiBVc2VUb0dyb3VwUmVzdWx0cz0iRmFsc2UiIC8+DQogICAgICAgICAgICA8UXVlcnlTdHJpbmdQYXJhbWV0ZXIgTmFtZT0idjN2IiBWYWx1ZT0iMjkuMTAiIFJlY29yZGVkVmFsdWU9IjI5LjEwIiBDb3JyZWxhdGlvbkJpbmRpbmc9IiIgVXJsRW5jb2RlPSJGYWxzZSIgVXNlVG9Hcm91cFJlc3VsdHM9IkZhbHNlIiAvPg0KICAgICAgICAgICAgPFF1ZXJ5U3RyaW5nUGFyYW1ldGVyIE5hbWU9ImFjdGlvbiIgVmFsdWU9ImFwaWJvb3QyIiBSZWNvcmRlZFZhbHVlPSJhcGlib290MiIgQ29ycmVsYXRpb25CaW5kaW5nPSIiIFVybEVuY29kZT0iRmFsc2UiIFVzZVRvR3JvdXBSZXN1bHRzPSJGYWxzZSIgLz4NCiAgICAgICAgICAgIDxRdWVyeVN0cmluZ1BhcmFtZXRlciBOYW1lPSJlIiBWYWx1ZT0iMTBfMV8wLDEwXzJfMCIgUmVjb3JkZWRWYWx1ZT0iMTBfMV8wLDEwXzJfMCIgQ29ycmVsYXRpb25CaW5kaW5nPSIiIFVybEVuY29kZT0iRmFsc2UiIFVzZVRvR3JvdXBSZXN1bHRzPSJGYWxzZSIgLz4NCiAgICAgICAgICAgIDxRdWVyeVN0cmluZ1BhcmFtZXRlciBOYW1lPSJydCIgVmFsdWU9Im1haW4uOCIgUmVjb3JkZWRWYWx1ZT0ibWFpbi44IiBDb3JyZWxhdGlvbkJpbmRpbmc9IiIgVXJsRW5jb2RlPSJGYWxzZSIgVXNlVG9Hcm91cFJlc3VsdHM9IkZhbHNlIiAvPg0KICAgICAgICAgIDwvUXVlcnlTdHJpbmdQYXJhbWV0ZXJzPg0KICAgICAgICA8L1JlcXVlc3Q+DQogICAgICA8L0RlcGVuZGVudFJlcXVlc3RzPg0KICAgICAgPEhlYWRlcnM+DQogICAgICAgIDxIZWFkZXIgTmFtZT0iUmVmZXJlciIgVmFsdWU9Imh0dHA6Ly9pbjAxYXB2MTE6ODEvZW4vaG9tZS5hc3B4IiAvPg0KICAgICAgPC9IZWFkZXJzPg0KICAgICAgPEV4dHJhY3Rpb25SdWxlcz4NCiAgICAgICAgPEV4dHJhY3Rpb25SdWxlIENsYXNzbmFtZT0iTWljcm9zb2Z0LlZpc3VhbFN0dWRpby5UZXN0VG9vbHMuV2ViVGVzdGluZy5SdWxlcy5FeHRyYWN0SGlkZGVuRmllbGRzLCBNaWNyb3NvZnQuVmlzdWFsU3R1ZGlvLlF1YWxpdHlUb29scy5XZWJUZXN0RnJhbWV3b3JrLCBWZXJzaW9uPTEwLjAuMC4wLCBDdWx0dXJlPW5ldXRyYWwsIFB1YmxpY0tleVRva2VuPWIwM2Y1ZjdmMTFkNTBhM2EiIFZhcmlhYmxlTmFtZT0iMSIgRGlzcGxheU5hbWU9IkV4dHJhY3QgSGlkZGVuIEZpZWxkcyIgRGVzY3JpcHRpb249IkV4dHJhY3QgYWxsIGhpZGRlbiBmaWVsZHMgZnJvbSB0aGUgcmVzcG9uc2UgYW5kIHBsYWNlIHRoZW0gaW50byB0aGUgdGVzdCBjb250ZXh0LiI+DQogICAgICAgICAgPFJ1bGVQYXJhbWV0ZXJzPg0KICAgICAgICAgICAgPFJ1bGVQYXJhbWV0ZXIgTmFtZT0iUmVxdWlyZWQiIFZhbHVlPSJUcnVlIiAvPg0KICAgICAgICAgICAgPFJ1bGVQYXJhbWV0ZXIgTmFtZT0iSHRtbERlY29kZSIgVmFsdWU9IlRydWUiIC8+DQogICAgICAgICAgPC9SdWxlUGFyYW1ldGVycz4NCiAgICAgICAgPC9FeHRyYWN0aW9uUnVsZT4NCiAgICAgIDwvRXh0cmFjdGlvblJ1bGVzPg0KICAgICAgPENvcnJlbGF0aW9uRXh0cmFjdGlvblJ1bGVzPg0KICAgICAgICA8RXh0cmFjdGlvblJ1bGUgQ2xhc3NuYW1lPSJNaWNyb3NvZnQuVmlzdWFsU3R1ZGlvLlRlc3RUb29scy5XZWJUZXN0aW5nLlJ1bGVzLkV4dHJhY3RGb3JtRmllbGQsIE1pY3Jvc29mdC5WaXN1YWxTdHVkaW8uUXVhbGl0eVRvb2xzLldlYlRlc3RGcmFtZXdvcmssIFZlcnNpb249MTAuMC4wLjAsIEN1bHR1cmU9bmV1dHJhbCwgUHVibGljS2V5VG9rZW49YjAzZjVmN2YxMWQ1MGEzYSIgVmFyaWFibGVOYW1lPSJGb3JtUG9zdFBhcmFtMzEuY3RsMDAkY3RsMDAkY3RsMDAkQ29udGVudFBsYWNlSG9sZGVyRGVmYXVsdCRNYXN0ZXJQbGFjZWhvbGRlciRBZGRyZXNzTGlzdF81JGd2QWRkcmVzc0xpc3QkY3RsMDIkcmRidG5TZWxlY3RBZGRyZXNzIiBEaXNwbGF5TmFtZT0iIiBEZXNjcmlwdGlvbj0iIj4NCiAgICAgICAgICA8UnVsZVBhcmFtZXRlcnM+DQogICAgICAgICAgICA8UnVsZVBhcmFtZXRlciBOYW1lPSJOYW1lIiBWYWx1ZT0iQ29udGVudFBsYWNlSG9sZGVyRGVmYXVsdF9NYXN0ZXJQbGFjZWhvbGRlcl9BZGRyZXNzTGlzdF81X2d2QWRkcmVzc0xpc3RfcmRidG5TZWxlY3RBZGRyZXNzXzAiIC8+DQogICAgICAgICAgICA8UnVsZVBhcmFtZXRlciBOYW1lPSJIdG1sRGVjb2RlIiBWYWx1ZT0iVHJ1ZSIgLz4NCiAgICAgICAgICAgIDxSdWxlUGFyYW1ldGVyIE5hbWU9IlJlcXVpcmVkIiBWYWx1ZT0iRmFsc2UiIC8+DQogICAgICAgICAgICA8UnVsZVBhcmFtZXRlciBOYW1lPSJJbmRleCIgVmFsdWU9IjAiIC8+DQogICAgICAgICAgPC9SdWxlUGFyYW1ldGVycz4NCiAgICAgICAgPC9FeHRyYWN0aW9uUnVsZT4NCiAgICAgICAgPEV4dHJhY3Rpb25SdWxlIENsYXNzbmFtZT0iTWljcm9zb2Z0LlZpc3VhbFN0dWRpby5UZXN0VG9vbHMuV2ViVGVzdGluZy5SdWxlcy5FeHRyYWN0Rm9ybUZpZWxkLCBNaWNyb3NvZnQuVmlzdWFsU3R1ZGlvLlF1YWxpdHlUb29scy5XZWJUZXN0RnJhbWV3b3JrLCBWZXJzaW9uPTEwLjAuMC4wLCBDdWx0dXJlPW5ldXRyYWwsIFB1YmxpY0tleVRva2VuPWIwM2Y1ZjdmMTFkNTBhM2EiIFZhcmlhYmxlTmFtZT0iRm9ybVBvc3RQYXJhbTMyLmN0bDAwJGN0bDAwJGN0bDAwJENvbnRlbnRQbGFjZUhvbGRlckRlZmF1bHQkTWFzdGVyUGxhY2Vob2xkZXIkQWRkcmVzc0xpc3RfNiRndkFkZHJlc3NMaXN0JGN0bDAyJHJkYnRuU2VsZWN0QWRkcmVzcyIgRGlzcGxheU5hbWU9IiIgRGVzY3JpcHRpb249IiI+DQogICAgICAgICAgPFJ1bGVQYXJhbWV0ZXJzPg0KICAgICAgICAgICAgPFJ1bGVQYXJhbWV0ZXIgTmFtZT0iTmFtZSIgVmFsdWU9IkNvbnRlbnRQbGFjZUhvbGRlckRlZmF1bHRfTWFzdGVyUGxhY2Vob2xkZXJfQWRkcmVzc0xpc3RfNl9ndkFkZHJlc3NMaXN0X3JkYnRuU2VsZWN0QWRkcmVzc18wIiAvPg0KICAgICAgICAgICAgPFJ1bGVQYXJhbWV0ZXIgTmFtZT0iSHRtbERlY29kZSIgVmFsdWU9IlRydWUiIC8+DQogICAgICAgICAgICA8UnVsZVBhcmFtZXRlciBOYW1lPSJSZXF1aXJlZCIgVmFsdWU9IkZhbHNlIiAvPg0KICAgICAgICAgICAgPFJ1bGVQYXJhbWV0ZXIgTmFtZT0iSW5kZXgiIFZhbHVlPSIwIiAvPg0KICAgICAgICAgIDwvUnVsZVBhcmFtZXRlcnM+DQogICAgICAgIDwvRXh0cmFjdGlvblJ1bGU+DQogICAgICA8L0NvcnJlbGF0aW9uRXh0cmFjdGlvblJ1bGVzPg0KICAgICAgPEZvcm1Qb3N0SHR0cEJvZHk+DQogICAgICAgIDxGb3JtUG9zdFBhcmFtZXRlciBOYW1lPSJfX0VWRU5UVEFSR0VUIiBWYWx1ZT0ie3skSElEREVOMS5fX0VWRU5UVEFSR0VUfX0iIFJlY29yZGVkVmFsdWU9ImN0bDAwJGN0bDAwJGN0bDAwJENvbnRlbnRQbGFjZUhvbGRlckRlZmF1bHQkVG9wTG9nZ2VkSW5fMSRsbmJUb3BMb2dnZWRJbk15QWRkcmVzc2VzIiBDb3JyZWxhdGlvbkJpbmRpbmc9IiIgVXJsRW5jb2RlPSJUcnVlIiAvPg0KICAgICAgICA8Rm9ybVBvc3RQYXJhbWV0ZXIgTmFtZT0iX19FVkVOVEFSR1VNRU5UIiBWYWx1ZT0ie3skSElEREVOMS5fX0VWRU5UQVJHVU1FTlR9fSIgUmVjb3JkZWRWYWx1ZT0iIiBDb3JyZWxhdGlvbkJpbmRpbmc9IiIgVXJsRW5jb2RlPSJUcnVlIiAvPg0KICAgICAgICA8Rm9ybVBvc3RQYXJhbWV0ZXIgTmFtZT0iX19WSUVXU1RBVEUiIFZhbHVlPSJ7eyRISURERU4xLl9fVklFV1NUQVRFfX0iIFJlY29yZGVkVmFsdWU9Ii93RVBEd1VFTlRNNE1ROWtGZ0ptRDJRV0FtWVBaQllDWmc5a0ZnSm1EMlFXQWdJRER4WUdIZ1p2Ym14dllXUUZQMmxtS0hSNWNHVnZaaUJQYmtKaFkydENkWFIwYjI1RGJHbGpheUE5UFNBaVpuVnVZM1JwYjI0aUtTQlBia0poWTJ0Q2RYUjBiMjVEYkdsamF5Z3BPeDRLYjI1d1lXZGxjMmh2ZHdWVGFXWWdLR1YyWlc1MExuQmxjbk5wYzNSbFpDQW1KaUIwZVhCbGIyWWdUMjVDWVdOclFuVjBkRzl1UTJ4cFkyc2dQVDBnSW1aMWJtTjBhVzl1SWlrZ1QyNUNZV05yUW5WMGRHOXVRMnhwWTJzb0tUc2VDRzl1ZFc1c2IyRmtaUllDQWdFUVpHUVdDZ0lJRDJRV0FtWVBaQllTQWdJUEZRRlhRMjl1ZEdWdWRGQnNZV05sU0c5c1pHVnlSR1ZtWVhWc2RGOVViM0JNYjJkblpXUkpibDh4WDNCdWJFUnlZV2RoWW14bFYybHVaRzkzUTI5dWRHVnVkRjlKYm14cGJtVk5aWE56WVdkbFEyOXVkR0ZwYm1WeVpBSUREMlFXQWdJQkR3OFdBaDRFVkdWNGRBVUdURzluYjNWMFpHUUNCUThQRmdJZUIxWnBjMmxpYkdWblpCWUNBZ0VQRHhZR0hndE9ZWFpwWjJGMFpWVnliQVVVZmk5aFpHMXBiaTkzWld4amIyMWxMbUZ6Y0hnZkF3VU9RV1J0YVc1cGMzUnlZWFJwYjI0ZkJHZGtaQUlIRHc4V0FoOEVaMlFXQmdJQkR4WUNId01GQlVobGJHeHZaQUlERHhZQ0h3TUZGWEJ1ZEdWemRHWXdNREVnY0c1MFpYTjBiREF3TVdRQ0JROFdBaDRKYVc1dVpYSm9kRzFzQlExQlkyTnZkVzUwSUVsRUlEb2daQUlKRDJRV0NBSUJEeFlDSHdNRkF5b3FLbVFDQXc4UEZnSWZBMlZrWkFJRkR3OFdBaDhEQlJFb1ltVmpiMjFsSUhsdmRYSnpaV3htS1dSa0FnY1BGZ0lmQXdVREtpb3FaQUlORHc4V0FoOEVaMlFXQWdJQkR3OFdCQjhEQlF4TmVTQkVZWE5vWW05aGNtUWZCR2RrWkFJUER3OFdBaDhFWjJRV0FnSUJEdzhXQ0I0SVEzTnpRMnhoYzNNRkRXVm1RMjlzYjNKUGNtRnVaMlVmQXdVSlRYa2dUM0prWlhKekhnUmZJVk5DQWdJZkJHZGtaQUlSRHc4V0FoOEVaMlFXQWdJQkR3OFdCQjhEQlF4TmVTQkJaR1J5WlhOelpYTWZCR2RrWkFJVER3OFdBaDhFWjJRV0FnSUJEdzhXQkI4REJRNU5lU0JRY21WbVpYSmxibU5sY3g4RVoyUmtBZ29QWkJZQ1pnOFBGZ0lmQkdoa0ZnWUNBdzhQRmdJZkJRVWpMMlZ1TDJOb1pXTnJiM1YwTDNOMFpYQXhMbUZ6Y0hnL2JtOWtaVWxrUFRFeE1qZGtaQUlGRHc5a0ZnSWVCR2h5WldZRkFTTmtBZ2tQRDJRV0FoNEZkR2wwYkdVRkJVeHZaMmx1RmdnQ0FROFBGZ1lmQXdVR1JXMWhhV3c2SHdjRkZ5QnlaWEYxYVhKbFpFWnBaV3hrUTJoaGNtRmpkR1Z5SHdnQ0FtUmtBZ2tQRHhZR0h3TUZBM3N3ZlI4SEJSY2djbVZ4ZFdseVpXUkdhV1ZzWkVOb1lYSmhZM1JsY2g4SUFnSmtaQUlSRHc4V0FoOEZCUmN2Wlc0dlptOXlaMjkwY0dGemMzZHZjbVF1WVhOd2VHUmtBaE1QRHhZQ0h3VUZJeTlsYmk5amFHVmphMjkxZEM5emRHVndNUzVoYzNCNFAyNXZaR1ZKWkQweE1USTNaR1FDREE5a0ZnSm1EMlFXREFJSUR3OFdCQjhIQlExallYSjBMV2xqYjI1R2RXeHNId2dDQW1RV0FnSUJEdzhXQWg4RkJRMHZaVzR2WTJGeWRDNWhjM0I0WkdRQ0NnOFdBaDhEQlFreElFbDBaVzBvY3lsa0Fnd1BGZ0lmQXdVS09Ua3lMREF3SU9LQ3JHUUNEZzhQRmdJZkJHZGtGZ2dDQVE5a0ZnSUNBUThXQWg4REJSQk1ZWE4wSUdGa1pHVmtJR2wwWlcxelpBSUREeFlDSHdZRnlRUThaR2wySUdOc1lYTnpQU2RzWldaMEp6NDVObmRsYkd3Z1FXZGhjaUJRYkdGMFpUd3ZaR2wyUGp4a2FYWWdZMnhoYzNNOUozSnBaMmgwSno0OFlTQm9jbVZtUFNjakp5QnZibU5zYVdOclBTZFRhRzkzUkdsaGJHOW5LQ0k4Y0Q1RWJ5QjViM1VnY21WaGJHeDVJSGRoYm5RZ2RHOGdaR1ZzWlhSbElIUm9hWE1nYVhSbGJTaHpLVDg4TDNBK0lpeDdJa1JwWVd4dlowTnNZWE56SWpvaUlpd2lTR1ZwWjJoMElqb2lZWFYwYnlJc0lrMXZaR0ZzSWpwMGNuVmxMQ0pRYjNOcGRHbHZiaUk2SW1ObGJuUmxjaUlzSWxkcFpIUm9Jam9pTXpBd0lpd2lRMnh2YzJGaWJHVWlPblJ5ZFdVc0lsUnBkR3hsSWpvaVJHVnNaWFJsSWl3aVFuVjBkRzl1TVZSbGVIUWlPaUpaWlhNaUxDSkNkWFIwYjI0eVZHVjRkQ0k2SWs1dklpd2lRblYwZEc5dU1VTmhiR3hpWVdOcklqb2lSR1ZzWlhSbFQzSmtaWEpKZEdWdElpd2lRblYwZEc5dU1rTmhiR3hpWVdOcklqcHVkV3hzTENKQ2RYUjBiMjR4UTJGc2JHSmhZMnRRWVhKaGJXVjBaWEp6SWpvaWUxd2lTV1JjSWpvek5qSTBNemw5SWl3aVFuVjBkRzl1TWtOaGJHeGlZV05yVUdGeVlXMWxkR1Z5Y3lJNmJuVnNiQ3dpVW1WemFYcGhZbXhsSWpwbVlXeHpaU3dpUkhKaFoyZGhZbXhsSWpwbVlXeHpaU3dpUVhWMGIwOXdaVzRpT21aaGJITmxMQ0pCY0hCbGJtUlVieUk2SW1KdlpIa2lMQ0pOWVhoSVpXbG5hSFFpT2pRd01Dd2lUV0Y0VjJsa2RHZ2lPak13TUN3aVRXbHVTR1ZwWjJoMElqb3hOVEFzSWsxcGJsZHBaSFJvSWpveE5UQjlLVHNuUG5nOEwyRStQQzlrYVhZK0RRcGtBZ1VQRHhZRUh3VUZEUzlsYmk5allYSjBMbUZ6Y0hnZkF3VUVRMkZ5ZEdSa0FnY1BEeFlHSHdNRkNFTm9aV05yYjNWMEhnZEZibUZpYkdWa1p4OEVaeFlDSGdkUGJrTnNhV05yQlpjc2NtVjBkWEp1SUZaaGJHbGtZWFJsU1hSbGJYTlViME5vWldOclQzVjBUM0pSZFc5MFpTaDdJa05zYjNObFFuVjBkRzl1VkdWNGRDSTZJa05zYjNObElpd2lRV3hsY25STlpYTnpZV2RsVkdsMGJHVWlPaUpCYkdWeWRDQk5aWE56WVdkbElpd2lRMmhsWTJ0dmRYUlRkR0YwWlVWdWRXMGlPbnNpU1c1MllXeHBaQ0k2SWtsdWRtRnNhV1FpTENKUmRXOTBZV0pzWlU5dWJIa2lPaUpSZFc5MFlXSnNaVTl1YkhraUxDSlBjbVJsY21GaWJHVlBibXg1SWpvaVQzSmtaWEpoWW14bFQyNXNlU0lzSWs5eVpHVnlZV0pzWlVGdVpGRjFiM1JoWW14bElqb2lUM0prWlhKaFlteGxRVzVrVVhWdmRHRmliR1VpTENKT2IzUlBjbVJsY21GaWJHVkJibVJSZFc5MFlXSnNaU0k2SWs1dmRFOXlaR1Z5WVdKc1pVRnVaRkYxYjNSaFlteGxJaXdpVG05MFQzSmtaWEpoWW14bFFXNWtVWFZ2ZEdGaWJHVlhhWFJvU1c1MllXeHBaQ0k2SWs1dmRFOXlaR1Z5WVdKc1pVRnVaRkYxYjNSaFlteGxWMmwwYUVsdWRtRnNhV1FpTENKR1pYZFBjbVJsY21GaWJHVlBibXg1SWpvaVJtVjNUM0prWlhKaFlteGxUMjVzZVNJc0lrWmxkMDl5WkdWeVlXSnNaVUZ1WkVabGQxRjFiM1JoWW14bElqb2lSbVYzVDNKa1pYSmhZbXhsUVc1a1JtVjNVWFZ2ZEdGaWJHVWlMQ0pHWlhkUmRXOTBZV0pzWlU5dWJIbFhhWFJvU1c1MllXeHBaQ0k2SWtabGQxRjFiM1JoWW14bFQyNXNlVmRwZEdoSmJuWmhiR2xrSWl3aVJtVjNUM0prWlhKaFlteGxUMjVzZVZkcGRHaEpiblpoYkdsa0lqb2lSbVYzVDNKa1pYSmhZbXhsVDI1c2VWZHBkR2hKYm5aaGJHbGtJaXdpUm1WM1QzSmtaWEpoWW14bFFXNWtSbVYzVVhWdmRHRmliR1ZYYVhSb1NXNTJZV3hwWkNJNklrWmxkMDl5WkdWeVlXSnNaVUZ1WkVabGQxRjFiM1JoWW14bFYybDBhRWx1ZG1Gc2FXUWlMQ0pHWlhkUGNtUmxjbUZpYkdWQmJtUkJiR3hSZFc5MFlXSnNaU0k2SWtabGQwOXlaR1Z5WVdKc1pVRnVaRUZzYkZGMWIzUmhZbXhsSWl3aVFXeHNUM0prWlhKaFlteGxRVzVrUm1WM1VYVnZkR0ZpYkdVaU9pSkJiR3hQY21SbGNtRmliR1ZCYm1SR1pYZFJkVzkwWVdKc1pTSjlMQ0pKZEdWdFUzUmhkR1ZGYm5WdElqcDdJa2x1ZG1Gc2FXUWlPaUpKYm5aaGJHbGtJaXdpVVhWdmRHRmliR1ZQYm14NUlqb2lVWFZ2ZEdGaWJHVlBibXg1SWl3aVQzSmtaWEpoWW14bFQyNXNlU0k2SWs5eVpHVnlZV0pzWlU5dWJIa2lMQ0pQY21SbGNtRmliR1ZCYm1SUmRXOTBZV0pzWlNJNklrOXlaR1Z5WVdKc1pVRnVaRkYxYjNSaFlteGxJaXdpVG05MFQzSmtaWEpoWW14bFFXNWtVWFZ2ZEdGaWJHVWlPaUpPYjNSUGNtUmxjbUZpYkdWQmJtUlJkVzkwWVdKc1pTSXNJazV2ZEU5eVpHVnlZV0pzWlVGdVpGRjFiM1JoWW14bFYybDBhRWx1ZG1Gc2FXUWlPaUpPYjNSUGNtUmxjbUZpYkdWQmJtUlJkVzkwWVdKc1pWZHBkR2hKYm5aaGJHbGtJaXdpUm1WM1QzSmtaWEpoWW14bFQyNXNlU0k2SWtabGQwOXlaR1Z5WVdKc1pVOXViSGtpTENKR1pYZFBjbVJsY21GaWJHVkJibVJHWlhkUmRXOTBZV0pzWlNJNklrWmxkMDl5WkdWeVlXSnNaVUZ1WkVabGQxRjFiM1JoWW14bElpd2lSbVYzVVhWdmRHRmliR1ZQYm14NVYybDBhRWx1ZG1Gc2FXUWlPaUpHWlhkUmRXOTBZV0pzWlU5dWJIbFhhWFJvU1c1MllXeHBaQ0lzSWtabGQwOXlaR1Z5WVdKc1pVOXViSGxYYVhSb1NXNTJZV3hwWkNJNklrWmxkMDl5WkdWeVlXSnNaVTl1YkhsWGFYUm9TVzUyWVd4cFpDSXNJa1psZDA5eVpHVnlZV0pzWlVGdVpFWmxkMUYxYjNSaFlteGxWMmwwYUVsdWRtRnNhV1FpT2lKR1pYZFBjbVJsY21GaWJHVkJibVJHWlhkUmRXOTBZV0pzWlZkcGRHaEpiblpoYkdsa0lpd2lSbVYzVDNKa1pYSmhZbXhsUVc1a1FXeHNVWFZ2ZEdGaWJHVWlPaUpHWlhkUGNtUmxjbUZpYkdWQmJtUkJiR3hSZFc5MFlXSnNaU0lzSWtGc2JFOXlaR1Z5WVdKc1pVRnVaRVpsZDFGMWIzUmhZbXhsSWpvaVFXeHNUM0prWlhKaFlteGxRVzVrUm1WM1VYVnZkR0ZpYkdVaWZTd2lhR1J1Um1sbGJHUlRaV3hsWTNSbFpFOXlaR1Z5U1hSbGJVTm9aV05yYjNWMFUzUmhkR1Z6UTJ4cFpXNTBTV1FpT2lKRGIyNTBaVzUwVUd4aFkyVkliMnhrWlhKRVpXWmhkV3gwWDBOaGNuUlBkbVZ5ZG1sbGQxOHpYMmhrYmtacFpXeGtVMlZzWldOMFpXUlBjbVJsY2tsMFpXMURhR1ZqYTI5MWRGTjBZWFJsY3lJc0ltaGtia1pwWld4a1UyVnNaV04wWldSSmRHVnRTV1J6UTJ4cFpXNTBTV1FpT2lKRGIyNTBaVzUwVUd4aFkyVkliMnhrWlhKRVpXWmhkV3gwWDBOaGNuUlBkbVZ5ZG1sbGQxOHpYMmhrYmtacFpXeGtVMlZzWldOMFpXUkpkR1Z0U1dSeklpd2lUM0prWlhKVFpXeGxZM1JsWkZCeWIyUjFZM1J6SWpveExDSkRiMjVtYVhKdFlYUnBiMjVVYVhSc1pWSmxjMjkxY21ObElqb2lRMjl1Wm1seWJXRjBhVzl1SWl3aVVISnZZMlZsWkVKMWRIUnZibFJsZUhRaU9pSlFjbTlqWldWa0lpd2lVSEp2WTJWbFpFSjFkSFJ2YmtOaGJHeGlZV05ySWpvaVZtRnNhV1JoZEdWSmRHVnRjMVJ2UTJobFkydFBkWFJQY2xGMWIzUmxJaXdpU1c1MllXeHBaRWwwWlcxelUyVnNaV04wWldSR2IzSkRhR1ZqYTI5MWRGSmxjMjkxY21ObElqb2lWR2hsY21VZ1lYSmxJSE52YldVZ2FXNTJZV3hwWkNCcGRHVnRjeUJqYUc5elpXNGdabTl5SUdOb1pXTnJiM1YwSWl3aVRtOVBjbVJsY21GaWJHVkpkR1Z0YzFObGJHVmpkR1ZrUm05eVEyaGxZMnR2ZFhSU1pYTnZkWEpqWlNJNklrNXZJSFpoYkdsa0lHOXlaR1Z5WVdKc1pTQnBkR1Z0Y3lCaGNtVWdZMmh2YzJWdUlHWnZjaUJ2Y21SbGNpQndjbTlqWlhOeklpd2lUbTlSZFc5MFlXSnNaVWwwWlcxelUyVnNaV04wWldSR2IzSkRhR1ZqYTI5MWRGSmxjMjkxY21ObElqb2lUbThnZG1Gc2FXUWdjWFZ2ZEdGaWJHVWdhWFJsYlhNZ1lYSmxJR05vYjNObGJpQm1iM0lnY1hWdmRHVWdjSEp2WTJWemN5SXNJazl5WkdWeVlXSnNaVUZ1WkU1dmJrOXlaR1Z5WVdKc1pVbDBaVzF6VTJWc1pXTjBaV1JHYjNKRGFHVmphMjkxZEZKbGMyOTFjbU5sSWpvaVdXOTFJR05oYmlCbGFYUm9aWElnSjNCeWIyTmxaV1FuSUhkcGRHZ2diM0prWlhJZ2NISnZZMlZ6Y3lCdlppQjBhR1VnYjNKa1pYSmhZbXhsSUdsMFpXMXpJRzl5SUdWa2FYUWdkR2hsSUc1dmJpMXZjbVJsY21GaWJHVWdhWFJsYlhNaUxDSlJkVzkwWVdKc1pVRnVaRTV2YmxGMWIzUmhZbXhsU1hSbGJYTlRaV3hsWTNSbFpFWnZja05vWldOcmIzVjBVbVZ6YjNWeVkyVWlPaUpaYjNVZ1kyRnVJR1ZwZEdobGNpQW5jSEp2WTJWbFpDY2dkMmwwYUNCeGRXOTBaU0J3Y205alpYTnpJRzltSUhSb1pTQnhkVzkwWVdKc1pTQnBkR1Z0Y3lCdmNpQmxaR2wwSUhSb1pTQnViMjR0Y1hWdmRHRmliR1VnYVhSbGJYTWlMQ0pSZFc5MFpWTmxiR1ZqZEdWa1VISnZaSFZqZEhNaU9qSXNJazV2U1hSbGJYTlRaV3hsWTNSbFpDSTZJazV2SUVsMFpXMXpJRk5sYkdWamRHVmtMaUJRYkdWaGMyVWdZMmh2YjNObElHOXVaU0FvYjNJcElHMXZjbVVnYVhSbGJYTWdkRzhnY0dWeVptOXliU0IwYUdVZ1lXTjBhVzl1TGlJc0lrTmhjblJCWTNScGIyNUVaV3hsZEdWVFpXeGxZM1JsWkZCeWIyUjFZM1J6SWpvMUxDSlhhWE5vVEdsemRFRmpkR2x2Ym5ORVpXeGxkR1ZUWld4bFkzUmxaRkJ5YjJSMVkzUnpJam95TENKRVpXeGxkR1ZEYjI1bWFYSnRZWFJwYjI1TlpYTnpZV2RsVW1WemIzVnlZMlVpT2lJOGNENUVieUI1YjNVZ2NtVmhiR3g1SUhkaGJuUWdkRzhnWkdWc1pYUmxJSFJvYVhNZ2FYUmxiU2h6S1Q4OEwzQStJaXdpUkdWc1pYUmxRMjl1Wm1seWJXRjBhVzl1VG05Q2RYUjBiMjVTWlhOdmRYSmpaU0k2SWs1dklpd2lSR1ZzWlhSbFEyOXVabWx5YldGMGFXOXVXV1Z6UW5WMGRHOXVVbVZ6YjNWeVkyVWlPaUpaWlhNaUxDSkVaV3hsZEdWRGIyNW1hWEp0WVhScGIyNUlaV0ZrWlhKVVpYaDBVbVZ6YjNWeVkyVWlPaUpFWld4bGRHVWlMQ0pEWVhKMFFXTjBhVzl1SWpveExDSkRhR1ZqYTI5MWRFSjFkSFJ2YmxOamNtbHdkQ0k2Ym5Wc2JDd2lRMmhsWTJ0dmRYUlRaWEYxWlc1amFXNW5RVzVrVUhKcGJXVnlVRzl3ZFhCTlpYTnpZV2RsU0dWaFpHVnlJam9pSWl3aVEyaGxZMnR2ZFhSVFpYRjFaVzVqYVc1blFXNWtVSEpwYldWeVVHOXdkWEJOWlhOellXZGxTR1ZoWkdWeVNXNW1iM0p0WVhScGIyNGlPaUpKZENCcGN5QnViM1FnY0c5emMybGliR1VnZEc4Z1kyaGxZMnR2ZFhRZ0x5QnhkVzkwWlNCelpYRjFaVzVqYVc1bklISmxZV04wYVc5dWN5QjNhWFJvYjNWMElIQnlhVzFsY25NZ2QyaHBZMmdnWVhKbElHRnpjMjlqYVdGMFpXUWdkRzhnYzJWc1pXTjBaV1FnYzJWeGRXVnVZMmx1WnlCcGRHVnRjeUJwYmlCMGFHbHpJRzl5WkdWeU9pQThMMkp5UGp3dlluSStJaXdpUTJobFkydHZkWFJUWlhGMVpXNWphVzVuUVc1a1VISnBiV1Z5VUc5d2RYQk5aWE56WVdkbFJtOXZkR1Z5U1c1bWIzSnRZWFJwYjI0aU9pSWlMQ0pEYUdWamEyOTFkRk5sY1hWbGJtTnBibWRCYm1SUWNtbHRaWEpRYjNCMWNFMWxjM05oWjJWRGJHOXpaVUoxZEhSdmJsUmxlSFFpT2lJaUxDSkRhR1ZqYTI5MWRGTmxjWFZsYm1OcGJtZEJibVJRY21sdFpYSlFiM0IxY0VadmNtMWhkRTFsYzNOaFoyVWlPaUlpTENKRGFHVmphMjkxZEZCeWFXMWxja0ZzYjI1bFVHOXdkWEJOWlhOellXZGxRMnh2YzJWQ2RYUjBiMjVVWlhoMElqb2lJaXdpUTJobFkydHZkWFJRY21sdFpYSkJiRzl1WlZCdmNIVndUV1Z6YzJGblpTSTZJbEJ5YVcxbGNpQmhiRzl1WlNCallXNXViM1FnWW1VZ1kyaGxZMnRsWkNCdmRYUXVJRkJzWldGelpTQnpaV3hsWTNRZ1lYUnNaV0Z6ZENCdmJtVWdZWE56YjJOcFlYUmxaQ0J6WlhGMVpXNWphVzVuSUVsMFpXMHVJaXdpUTJobFkydHZkWFJRY21sdFpYSkJiRzl1WlZCdmNIVndUV1Z6YzJGblpVaGxZV1JsY2lJNklsQnNaV0Z6WlNCT2IzUmxJaXdpUW1GeVEyOWtaVlpoYkdsa1lYUnBiMjVRYjNCMWNFTnNiM05sUW5WMGRHOXVWR1Y0ZENJNklrOXJJaXdpUW1GeVEyOWtaVlpoYkdsa1lYUnBiMjVRYjNCMWNFMWxjM05oWjJVaU9pSkNZWEpqYjJSbElHWnZjaUJUWld4bFkzUmxaQ0JKZEdWdElHbHpJR2x1ZG1Gc2FXUWlMQ0pDWVhKRGIyUmxWbUZzYVdSaGRHbHZibEJ2Y0hWd1RXVnpjMkZuWlVobFlXUmxjaUk2SWxCc1pXRnpaU0JPYjNSbElpd2lVMkZ0WlVSaGVVUmxiR2wyWlhKNVZtRnNhV1JoZEdsdmJsQnZjSFZ3UjI5Q1lXTnJRblYwZEc5dVZHVjRkQ0k2SWxkaGFYUWdkVzUwYVd3Z1lXeHNJRTl5WkdWeWN5QmhjbVVnWm1sdWFYTm9aV1FnZEc4Z1UyaHBjQ0J2Ym1ObElpd2lVMkZ0WlVSaGVVUmxiR2wyWlhKNVZtRnNhV1JoZEdsdmJsQnZjSFZ3UTJobFkydHZkWFJDZFhSMGIyNVVaWGgwSWpvaVEyaGxZMnR2ZFhRZ1UyRnRaU0JFWVhrZ1QyeHBaMjl6SUU5dWJIa2lMQ0pUWVcxbFJHRjVSR1ZzYVhabGNubFdZV3hwWkdGMGFXOXVVRzl3ZFhCTlpYTnpZV2RsU0dWaFpHVnlJam9pVUd4bFlYTmxJSE5sYkdWamRDSXNJbE5oYldWRVlYbEVaV3hwZG1WeWVWWmhiR2xrWVhScGIyNVFiM0IxY0UxbGMzTmhaMlZFWlhOamNtbHdkR2x2YmlJNklsbHZkWElnWTJGeWRDQmpiMjUwWVdsdWN5QnpZVzFsSUdSaGVTQnZiR2xuYjNNc0lIZG9hV05vSUc1bFpXUWdkRzhnWW1VZ1kyaGxZMnRsWkNCdmRYUWdjMlZ3WlhKaGRHVnNlU0JwYmlCdmNtUmxjaUIwYnlCbGJuTjFjbVVnZEdobElHWmhjM1JsYzNRZ1pHVnNhWFpsY25rdUlGUm9aU0J2ZEdobGNpQnBkR1Z0Y3lCM2FXeHNJR0psSUhkaGFYUnBibWNnYVc0Z2VXOTFjaUJqWVhKMElIZG9aVzRnZVc5MUlISmxkSFZ5YmlCc1lYUmxjaTRnUEhOd1lXNGdZMnhoYzNNOVhDSjBiMjlzZEdsd1gyUnBZV3h2WjF3aUlIUnBkR3hsUFZ3aVJYaHdiR0ZwYmlCaWRYUjBiMjRnWkdWelkzSnBjSFJwYjI0Z2FHVnlaU0J2Ym14NVhDSWdQand2YzNCaGJqNGlMQ0pTWlhWelpXUkpkR1Z0YzFaaGJHbGtZWFJwYjI1UWIzQjFjRU5zYjNObFFuVjBkRzl1VkdWNGRDSTZJazlySWl3aVVtVjFjMlZrU1hSbGJYTldZV3hwWkdGMGFXOXVVRzl3ZFhCTlpYTnpZV2RsSWpvaVQyOXdjeUFoSUZOdmJXVWdiM0lnWVd4c0lHOW1JSE5sYkdWamRHVmtJSEpsZFhObFpDQnBkR1Z0SjNNZ2IzSnBaMmx1WVd3Z1kyOXVkR0ZwYm1WeWN5QmhjbVVnWlhod2FYSmxaQzRnV1c5MWNpQmpZWEowSUhkcGJHd2dZbVVnZFhCa1lYUmxaQ0JoZFhSdmJXRjBhV05oYkd4NUlHRnVaQ0JqWVhKMElIZHBiR3dnWW1VZ2NtVnNiMkZrWldRdUlFVjRjR2x5WldRZ2FYUmxiU0JPWVcxbGN5QmhjbVVnTFQ0aUxDSlNaWFZ6WldSSmRHVnRjMVpoYkdsa1lYUnBiMjVRYjNCMWNFMWxjM05oWjJWSVpXRmtaWElpT2lKUWJHVmhjMlVnVG05MFpTSXNJa1Y0Y0dseVpXUlFjbWx0WlhKUWIzQjFjRU5zYjNObFFuVjBkRzl1VkdWNGRDSTZJazlySWl3aVJYaHdhWEpsWkZCeWFXMWxjbEJ2Y0hWd1RXVnpjMkZuWlZSbGVIUWlPaUpRY21sdFpYSWdhWE1nWlhod2FYSmxaQ0JtYjNJZ2RHaGxJRzl1WlNCdlppQjBhR1VnYzJWc1pYUmxaQ0J6WlhGMVpXNWphVzVuSUdsMFpXMHVJSEJzWldGelpTQnpaV3hsWTNRZ1lXNXZkR2hsY2lCd2NtbHRaWElnYjNJZ2IzSmtaWElnYm1WM0lIQnlhVzFsY2k0aUxDSkZlSEJwY21Wa1VISnBiV1Z5VUc5d2RYQk5aWE56WVdkbFNHVmhaR1Z5VkdWNGRDSTZJbEJzWlhObElFNXZkR1VpTENKRFlYSjBVR0ZuWlZWU1RDSTZJaTlsYmk5allYSjBMbUZ6Y0hnaUxDSk5hVzVwYlhWdFVHeGhkR1ZUWVcxd2JHVnpVR1Z5UTJobFkydHZkWFFpT2pRNExDSlFiR0YwWlZOaGJYQnNaVU52ZFc1MElqcHVkV3hzTENKSmMxTnBibWRzWlZCc1lYUmxWMmwwYUZaaGJHbGtVMkZ0Y0d4bFEyOTFiblFpT21aaGJITmxMQ0pOYVc1UWJHRjBaVk5oYlhCc1pYTlFiM0IxY0VadmNtMWhkRTFsYzNOaFoyVWlPaUlpTENKTmFXNVFiR0YwWlZOaGJYQnNaWE5RYjNCMWNFWnZjbTFoZEUxbGMzTmhaMlZEYkc5elpVSjFkSFJ2YmxSbGVIUWlPaUlpTENKTmFXNVFiR0YwWlZOaGJYQnNaWE5RYjNCMWNFWnZjbTFoZEUxbGMzTmhaMlZJWldGa1pYSWlPaUlpTENKTllYaHBiWFZ0VG5WdFltVnlUMlpRYkdGMFpYTlFaWEpEYUdWamEyOTFkQ0k2TXl3aVVHeGhkR1Z6UTI5MWJuUkdiM0pEZFhKeVpXNTBUM0prWlhJaU9tNTFiR3dzSWsxaGVHbHRkVzFRYkdGMFpYTlFaWEpEYUdWamEyOTFkRkJ2Y0hWd1JtOXliV0YwVFdWemMyRm5aU0k2SWsxaGVHbHRkVzBnTXlCd2JHRjBaWE1nWVhKbElHVnNhV2RwWW14bElIUnZJR05vWldOcmIzVjBJSEJsY2lCdmNtUmxjaUJtYjNJZ2NHeGhkR1VnYzJWeGRXVnVZMmx1WnlCcGRHVnRjeTRnVUd4bFlYTmxJRzF2WkdsbWVTQjViM1Z5SUhObGJHVmpkR2x2YmlCaFkyTnZjbVJwYm1kc2VTNGlMQ0pOWVhocGJYVnRVR3hoZEdWelVHVnlRMmhsWTJ0dmRYUlFiM0IxY0VadmNtMWhkRTFsYzNOaFoyVkRiRzl6WlVKMWRIUnZibFJsZUhRaU9pSlBheUlzSWsxaGVHbHRkVzFRYkdGMFpYTlFaWEpEYUdWamEyOTFkRVp2Y20xaGRFMWxjM05oWjJWSVpXRmtaWElpT2lKUWJHVmhjMlVnVG05MFpTSXNJbEJ2YzNSQ1lXTnJSV3hsYldWdWRGVnVhWEYxWlVsa0lqb2lZM1JzTURBa1kzUnNNREFrWTNSc01EQWtRMjl1ZEdWdWRGQnNZV05sU0c5c1pHVnlSR1ZtWVhWc2RDUkRZWEowVDNabGNuWnBaWGRmTXlSc2JtdERhR1ZqYTI5MWRDSXNJa1YyWlc1MFFYSm5kVzFsYm5RaU9pSWlmU3dnZEdocGN5azdaQUlRRHc4V0JCOEZCUTB2Wlc0dlkyRnlkQzVoYzNCNEh3TUZCRU5oY25Sa1pBSVNEdzhXQWg4REJRaERhR1ZqYTI5MWRCWUNId3dGbHl4eVpYUjFjbTRnVm1Gc2FXUmhkR1ZKZEdWdGMxUnZRMmhsWTJ0UGRYUlBjbEYxYjNSbEtIc2lRMnh2YzJWQ2RYUjBiMjVVWlhoMElqb2lRMnh2YzJVaUxDSkJiR1Z5ZEUxbGMzTmhaMlZVYVhSc1pTSTZJa0ZzWlhKMElFMWxjM05oWjJVaUxDSkRhR1ZqYTI5MWRGTjBZWFJsUlc1MWJTSTZleUpKYm5aaGJHbGtJam9pU1c1MllXeHBaQ0lzSWxGMWIzUmhZbXhsVDI1c2VTSTZJbEYxYjNSaFlteGxUMjVzZVNJc0lrOXlaR1Z5WVdKc1pVOXViSGtpT2lKUGNtUmxjbUZpYkdWUGJteDVJaXdpVDNKa1pYSmhZbXhsUVc1a1VYVnZkR0ZpYkdVaU9pSlBjbVJsY21GaWJHVkJibVJSZFc5MFlXSnNaU0lzSWs1dmRFOXlaR1Z5WVdKc1pVRnVaRkYxYjNSaFlteGxJam9pVG05MFQzSmtaWEpoWW14bFFXNWtVWFZ2ZEdGaWJHVWlMQ0pPYjNSUGNtUmxjbUZpYkdWQmJtUlJkVzkwWVdKc1pWZHBkR2hKYm5aaGJHbGtJam9pVG05MFQzSmtaWEpoWW14bFFXNWtVWFZ2ZEdGaWJHVlhhWFJvU1c1MllXeHBaQ0lzSWtabGQwOXlaR1Z5WVdKc1pVOXViSGtpT2lKR1pYZFBjbVJsY21GaWJHVlBibXg1SWl3aVJtVjNUM0prWlhKaFlteGxRVzVrUm1WM1VYVnZkR0ZpYkdVaU9pSkdaWGRQY21SbGNtRmliR1ZCYm1SR1pYZFJkVzkwWVdKc1pTSXNJa1psZDFGMWIzUmhZbXhsVDI1c2VWZHBkR2hKYm5aaGJHbGtJam9pUm1WM1VYVnZkR0ZpYkdWUGJteDVWMmwwYUVsdWRtRnNhV1FpTENKR1pYZFBjbVJsY21GaWJHVlBibXg1VjJsMGFFbHVkbUZzYVdRaU9pSkdaWGRQY21SbGNtRmliR1ZQYm14NVYybDBhRWx1ZG1Gc2FXUWlMQ0pHWlhkUGNtUmxjbUZpYkdWQmJtUkdaWGRSZFc5MFlXSnNaVmRwZEdoSmJuWmhiR2xrSWpvaVJtVjNUM0prWlhKaFlteGxRVzVrUm1WM1VYVnZkR0ZpYkdWWGFYUm9TVzUyWVd4cFpDSXNJa1psZDA5eVpHVnlZV0pzWlVGdVpFRnNiRkYxYjNSaFlteGxJam9pUm1WM1QzSmtaWEpoWW14bFFXNWtRV3hzVVhWdmRHRmliR1VpTENKQmJHeFBjbVJsY21GaWJHVkJibVJHWlhkUmRXOTBZV0pzWlNJNklrRnNiRTl5WkdWeVlXSnNaVUZ1WkVabGQxRjFiM1JoWW14bEluMHNJa2wwWlcxVGRHRjBaVVZ1ZFcwaU9uc2lTVzUyWVd4cFpDSTZJa2x1ZG1Gc2FXUWlMQ0pSZFc5MFlXSnNaVTl1YkhraU9pSlJkVzkwWVdKc1pVOXViSGtpTENKUGNtUmxjbUZpYkdWUGJteDVJam9pVDNKa1pYSmhZbXhsVDI1c2VTSXNJazl5WkdWeVlXSnNaVUZ1WkZGMWIzUmhZbXhsSWpvaVQzSmtaWEpoWW14bFFXNWtVWFZ2ZEdGaWJHVWlMQ0pPYjNSUGNtUmxjbUZpYkdWQmJtUlJkVzkwWVdKc1pTSTZJazV2ZEU5eVpHVnlZV0pzWlVGdVpGRjFiM1JoWW14bElpd2lUbTkwVDNKa1pYSmhZbXhsUVc1a1VYVnZkR0ZpYkdWWGFYUm9TVzUyWVd4cFpDSTZJazV2ZEU5eVpHVnlZV0pzWlVGdVpGRjFiM1JoWW14bFYybDBhRWx1ZG1Gc2FXUWlMQ0pHWlhkUGNtUmxjbUZpYkdWUGJteDVJam9pUm1WM1QzSmtaWEpoWW14bFQyNXNlU0lzSWtabGQwOXlaR1Z5WVdKc1pVRnVaRVpsZDFGMWIzUmhZbXhsSWpvaVJtVjNUM0prWlhKaFlteGxRVzVrUm1WM1VYVnZkR0ZpYkdVaUxDSkdaWGRSZFc5MFlXSnNaVTl1YkhsWGFYUm9TVzUyWVd4cFpDSTZJa1psZDFGMWIzUmhZbXhsVDI1c2VWZHBkR2hKYm5aaGJHbGtJaXdpUm1WM1QzSmtaWEpoWW14bFQyNXNlVmRwZEdoSmJuWmhiR2xrSWpvaVJtVjNUM0prWlhKaFlteGxUMjVzZVZkcGRHaEpiblpoYkdsa0lpd2lSbVYzVDNKa1pYSmhZbXhsUVc1a1JtVjNVWFZ2ZEdGaWJHVlhhWFJvU1c1MllXeHBaQ0k2SWtabGQwOXlaR1Z5WVdKc1pVRnVaRVpsZDFGMWIzUmhZbXhsVjJsMGFFbHVkbUZzYVdRaUxDSkdaWGRQY21SbGNtRmliR1ZCYm1SQmJHeFJkVzkwWVdKc1pTSTZJa1psZDA5eVpHVnlZV0pzWlVGdVpFRnNiRkYxYjNSaFlteGxJaXdpUVd4c1QzSmtaWEpoWW14bFFXNWtSbVYzVVhWdmRHRmliR1VpT2lKQmJHeFBjbVJsY21GaWJHVkJibVJHWlhkUmRXOTBZV0pzWlNKOUxDSm9aRzVHYVdWc1pGTmxiR1ZqZEdWa1QzSmtaWEpKZEdWdFEyaGxZMnR2ZFhSVGRHRjBaWE5EYkdsbGJuUkpaQ0k2SWtOdmJuUmxiblJRYkdGalpVaHZiR1JsY2tSbFptRjFiSFJmUTJGeWRFOTJaWEoyYVdWM1h6TmZhR1J1Um1sbGJHUlRaV3hsWTNSbFpFOXlaR1Z5U1hSbGJVTm9aV05yYjNWMFUzUmhkR1Z6SWl3aWFHUnVSbWxsYkdSVFpXeGxZM1JsWkVsMFpXMUpaSE5EYkdsbGJuUkpaQ0k2SWtOdmJuUmxiblJRYkdGalpVaHZiR1JsY2tSbFptRjFiSFJmUTJGeWRFOTJaWEoyYVdWM1h6TmZhR1J1Um1sbGJHUlRaV3hsWTNSbFpFbDBaVzFKWkhNaUxDSlBjbVJsY2xObGJHVmpkR1ZrVUhKdlpIVmpkSE1pT2pFc0lrTnZibVpwY20xaGRHbHZibFJwZEd4bFVtVnpiM1Z5WTJVaU9pSkRiMjVtYVhKdFlYUnBiMjRpTENKUWNtOWpaV1ZrUW5WMGRHOXVWR1Y0ZENJNklsQnliMk5sWldRaUxDSlFjbTlqWldWa1FuVjBkRzl1UTJGc2JHSmhZMnNpT2lKV1lXeHBaR0YwWlVsMFpXMXpWRzlEYUdWamEwOTFkRTl5VVhWdmRHVWlMQ0pKYm5aaGJHbGtTWFJsYlhOVFpXeGxZM1JsWkVadmNrTm9aV05yYjNWMFVtVnpiM1Z5WTJVaU9pSlVhR1Z5WlNCaGNtVWdjMjl0WlNCcGJuWmhiR2xrSUdsMFpXMXpJR05vYjNObGJpQm1iM0lnWTJobFkydHZkWFFpTENKT2IwOXlaR1Z5WVdKc1pVbDBaVzF6VTJWc1pXTjBaV1JHYjNKRGFHVmphMjkxZEZKbGMyOTFjbU5sSWpvaVRtOGdkbUZzYVdRZ2IzSmtaWEpoWW14bElHbDBaVzF6SUdGeVpTQmphRzl6Wlc0Z1ptOXlJRzl5WkdWeUlIQnliMk5sYzNNaUxDSk9iMUYxYjNSaFlteGxTWFJsYlhOVFpXeGxZM1JsWkVadmNrTm9aV05yYjNWMFVtVnpiM1Z5WTJVaU9pSk9ieUIyWVd4cFpDQnhkVzkwWVdKc1pTQnBkR1Z0Y3lCaGNtVWdZMmh2YzJWdUlHWnZjaUJ4ZFc5MFpTQndjbTlqWlhOeklpd2lUM0prWlhKaFlteGxRVzVrVG05dVQzSmtaWEpoWW14bFNYUmxiWE5UWld4bFkzUmxaRVp2Y2tOb1pXTnJiM1YwVW1WemIzVnlZMlVpT2lKWmIzVWdZMkZ1SUdWcGRHaGxjaUFuY0hKdlkyVmxaQ2NnZDJsMGFDQnZjbVJsY2lCd2NtOWpaWE56SUc5bUlIUm9aU0J2Y21SbGNtRmliR1VnYVhSbGJYTWdiM0lnWldScGRDQjBhR1VnYm05dUxXOXlaR1Z5WVdKc1pTQnBkR1Z0Y3lJc0lsRjFiM1JoWW14bFFXNWtUbTl1VVhWdmRHRmliR1ZKZEdWdGMxTmxiR1ZqZEdWa1JtOXlRMmhsWTJ0dmRYUlNaWE52ZFhKalpTSTZJbGx2ZFNCallXNGdaV2wwYUdWeUlDZHdjbTlqWldWa0p5QjNhWFJvSUhGMWIzUmxJSEJ5YjJObGMzTWdiMllnZEdobElIRjFiM1JoWW14bElHbDBaVzF6SUc5eUlHVmthWFFnZEdobElHNXZiaTF4ZFc5MFlXSnNaU0JwZEdWdGN5SXNJbEYxYjNSbFUyVnNaV04wWldSUWNtOWtkV04wY3lJNk1pd2lUbTlKZEdWdGMxTmxiR1ZqZEdWa0lqb2lUbThnU1hSbGJYTWdVMlZzWldOMFpXUXVJRkJzWldGelpTQmphRzl2YzJVZ2IyNWxJQ2h2Y2lrZ2JXOXlaU0JwZEdWdGN5QjBieUJ3WlhKbWIzSnRJSFJvWlNCaFkzUnBiMjR1SWl3aVEyRnlkRUZqZEdsdmJrUmxiR1YwWlZObGJHVmpkR1ZrVUhKdlpIVmpkSE1pT2pVc0lsZHBjMmhNYVhOMFFXTjBhVzl1YzBSbGJHVjBaVk5sYkdWamRHVmtVSEp2WkhWamRITWlPaklzSWtSbGJHVjBaVU52Ym1acGNtMWhkR2x2YmsxbGMzTmhaMlZTWlhOdmRYSmpaU0k2SWp4d1BrUnZJSGx2ZFNCeVpXRnNiSGtnZDJGdWRDQjBieUJrWld4bGRHVWdkR2hwY3lCcGRHVnRLSE1wUHp3dmNENGlMQ0pFWld4bGRHVkRiMjVtYVhKdFlYUnBiMjVPYjBKMWRIUnZibEpsYzI5MWNtTmxJam9pVG04aUxDSkVaV3hsZEdWRGIyNW1hWEp0WVhScGIyNVpaWE5DZFhSMGIyNVNaWE52ZFhKalpTSTZJbGxsY3lJc0lrUmxiR1YwWlVOdmJtWnBjbTFoZEdsdmJraGxZV1JsY2xSbGVIUlNaWE52ZFhKalpTSTZJa1JsYkdWMFpTSXNJa05oY25SQlkzUnBiMjRpT2pFc0lrTm9aV05yYjNWMFFuVjBkRzl1VTJOeWFYQjBJanB1ZFd4c0xDSkRhR1ZqYTI5MWRGTmxjWFZsYm1OcGJtZEJibVJRY21sdFpYSlFiM0IxY0UxbGMzTmhaMlZJWldGa1pYSWlPaUlpTENKRGFHVmphMjkxZEZObGNYVmxibU5wYm1kQmJtUlFjbWx0WlhKUWIzQjFjRTFsYzNOaFoyVklaV0ZrWlhKSmJtWnZjbTFoZEdsdmJpSTZJa2wwSUdseklHNXZkQ0J3YjNOemFXSnNaU0IwYnlCamFHVmphMjkxZENBdklIRjFiM1JsSUhObGNYVmxibU5wYm1jZ2NtVmhZM1JwYjI1eklIZHBkR2h2ZFhRZ2NISnBiV1Z5Y3lCM2FHbGphQ0JoY21VZ1lYTnpiMk5wWVhSbFpDQjBieUJ6Wld4bFkzUmxaQ0J6WlhGMVpXNWphVzVuSUdsMFpXMXpJR2x1SUhSb2FYTWdiM0prWlhJNklEd3ZZbkkrUEM5aWNqNGlMQ0pEYUdWamEyOTFkRk5sY1hWbGJtTnBibWRCYm1SUWNtbHRaWEpRYjNCMWNFMWxjM05oWjJWR2IyOTBaWEpKYm1admNtMWhkR2x2YmlJNklpSXNJa05vWldOcmIzVjBVMlZ4ZFdWdVkybHVaMEZ1WkZCeWFXMWxjbEJ2Y0hWd1RXVnpjMkZuWlVOc2IzTmxRblYwZEc5dVZHVjRkQ0k2SWlJc0lrTm9aV05yYjNWMFUyVnhkV1Z1WTJsdVowRnVaRkJ5YVcxbGNsQnZjSFZ3Um05eWJXRjBUV1Z6YzJGblpTSTZJaUlzSWtOb1pXTnJiM1YwVUhKcGJXVnlRV3h2Ym1WUWIzQjFjRTFsYzNOaFoyVkRiRzl6WlVKMWRIUnZibFJsZUhRaU9pSWlMQ0pEYUdWamEyOTFkRkJ5YVcxbGNrRnNiMjVsVUc5d2RYQk5aWE56WVdkbElqb2lVSEpwYldWeUlHRnNiMjVsSUdOaGJtNXZkQ0JpWlNCamFHVmphMlZrSUc5MWRDNGdVR3hsWVhObElITmxiR1ZqZENCaGRHeGxZWE4wSUc5dVpTQmhjM052WTJsaGRHVmtJSE5sY1hWbGJtTnBibWNnU1hSbGJTNGlMQ0pEYUdWamEyOTFkRkJ5YVcxbGNrRnNiMjVsVUc5d2RYQk5aWE56WVdkbFNHVmhaR1Z5SWpvaVVHeGxZWE5sSUU1dmRHVWlMQ0pDWVhKRGIyUmxWbUZzYVdSaGRHbHZibEJ2Y0hWd1EyeHZjMlZDZFhSMGIyNVVaWGgwSWpvaVQyc2lMQ0pDWVhKRGIyUmxWbUZzYVdSaGRHbHZibEJ2Y0hWd1RXVnpjMkZuWlNJNklrSmhjbU52WkdVZ1ptOXlJRk5sYkdWamRHVmtJRWwwWlcwZ2FYTWdhVzUyWVd4cFpDSXNJa0poY2tOdlpHVldZV3hwWkdGMGFXOXVVRzl3ZFhCTlpYTnpZV2RsU0dWaFpHVnlJam9pVUd4bFlYTmxJRTV2ZEdVaUxDSlRZVzFsUkdGNVJHVnNhWFpsY25sV1lXeHBaR0YwYVc5dVVHOXdkWEJIYjBKaFkydENkWFIwYjI1VVpYaDBJam9pVjJGcGRDQjFiblJwYkNCaGJHd2dUM0prWlhKeklHRnlaU0JtYVc1cGMyaGxaQ0IwYnlCVGFHbHdJRzl1WTJVaUxDSlRZVzFsUkdGNVJHVnNhWFpsY25sV1lXeHBaR0YwYVc5dVVHOXdkWEJEYUdWamEyOTFkRUoxZEhSdmJsUmxlSFFpT2lKRGFHVmphMjkxZENCVFlXMWxJRVJoZVNCUGJHbG5iM01nVDI1c2VTSXNJbE5oYldWRVlYbEVaV3hwZG1WeWVWWmhiR2xrWVhScGIyNVFiM0IxY0UxbGMzTmhaMlZJWldGa1pYSWlPaUpRYkdWaGMyVWdjMlZzWldOMElpd2lVMkZ0WlVSaGVVUmxiR2wyWlhKNVZtRnNhV1JoZEdsdmJsQnZjSFZ3VFdWemMyRm5aVVJsYzJOeWFYQjBhVzl1SWpvaVdXOTFjaUJqWVhKMElHTnZiblJoYVc1eklITmhiV1VnWkdGNUlHOXNhV2R2Y3l3Z2QyaHBZMmdnYm1WbFpDQjBieUJpWlNCamFHVmphMlZrSUc5MWRDQnpaWEJsY21GMFpXeDVJR2x1SUc5eVpHVnlJSFJ2SUdWdWMzVnlaU0IwYUdVZ1ptRnpkR1Z6ZENCa1pXeHBkbVZ5ZVM0Z1ZHaGxJRzkwYUdWeUlHbDBaVzF6SUhkcGJHd2dZbVVnZDJGcGRHbHVaeUJwYmlCNWIzVnlJR05oY25RZ2QyaGxiaUI1YjNVZ2NtVjBkWEp1SUd4aGRHVnlMaUE4YzNCaGJpQmpiR0Z6Y3oxY0luUnZiMngwYVhCZlpHbGhiRzluWENJZ2RHbDBiR1U5WENKRmVIQnNZV2x1SUdKMWRIUnZiaUJrWlhOamNtbHdkR2x2YmlCb1pYSmxJRzl1YkhsY0lpQStQQzl6Y0dGdVBpSXNJbEpsZFhObFpFbDBaVzF6Vm1Gc2FXUmhkR2x2YmxCdmNIVndRMnh2YzJWQ2RYUjBiMjVVWlhoMElqb2lUMnNpTENKU1pYVnpaV1JKZEdWdGMxWmhiR2xrWVhScGIyNVFiM0IxY0UxbGMzTmhaMlVpT2lKUGIzQnpJQ0VnVTI5dFpTQnZjaUJoYkd3Z2IyWWdjMlZzWldOMFpXUWdjbVYxYzJWa0lHbDBaVzBuY3lCdmNtbG5hVzVoYkNCamIyNTBZV2x1WlhKeklHRnlaU0JsZUhCcGNtVmtMaUJaYjNWeUlHTmhjblFnZDJsc2JDQmlaU0IxY0dSaGRHVmtJR0YxZEc5dFlYUnBZMkZzYkhrZ1lXNWtJR05oY25RZ2QybHNiQ0JpWlNCeVpXeHZZV1JsWkM0Z1JYaHdhWEpsWkNCcGRHVnRJRTVoYldWeklHRnlaU0F0UGlJc0lsSmxkWE5sWkVsMFpXMXpWbUZzYVdSaGRHbHZibEJ2Y0hWd1RXVnpjMkZuWlVobFlXUmxjaUk2SWxCc1pXRnpaU0JPYjNSbElpd2lSWGh3YVhKbFpGQnlhVzFsY2xCdmNIVndRMnh2YzJWQ2RYUjBiMjVVWlhoMElqb2lUMnNpTENKRmVIQnBjbVZrVUhKcGJXVnlVRzl3ZFhCTlpYTnpZV2RsVkdWNGRDSTZJbEJ5YVcxbGNpQnBjeUJsZUhCcGNtVmtJR1p2Y2lCMGFHVWdiMjVsSUc5bUlIUm9aU0J6Wld4bGRHVmtJSE5sY1hWbGJtTnBibWNnYVhSbGJTNGdjR3hsWVhObElITmxiR1ZqZENCaGJtOTBhR1Z5SUhCeWFXMWxjaUJ2Y2lCdmNtUmxjaUJ1WlhjZ2NISnBiV1Z5TGlJc0lrVjRjR2x5WldSUWNtbHRaWEpRYjNCMWNFMWxjM05oWjJWSVpXRmtaWEpVWlhoMElqb2lVR3hsYzJVZ1RtOTBaU0lzSWtOaGNuUlFZV2RsVlZKTUlqb2lMMlZ1TDJOaGNuUXVZWE53ZUNJc0lrMXBibWx0ZFcxUWJHRjBaVk5oYlhCc1pYTlFaWEpEYUdWamEyOTFkQ0k2TkRnc0lsQnNZWFJsVTJGdGNHeGxRMjkxYm5RaU9tNTFiR3dzSWtselUybHVaMnhsVUd4aGRHVlhhWFJvVm1Gc2FXUlRZVzF3YkdWRGIzVnVkQ0k2Wm1Gc2MyVXNJazFwYmxCc1lYUmxVMkZ0Y0d4bGMxQnZjSFZ3Um05eWJXRjBUV1Z6YzJGblpTSTZJaUlzSWsxcGJsQnNZWFJsVTJGdGNHeGxjMUJ2Y0hWd1JtOXliV0YwVFdWemMyRm5aVU5zYjNObFFuVjBkRzl1VkdWNGRDSTZJaUlzSWsxcGJsQnNZWFJsVTJGdGNHeGxjMUJ2Y0hWd1JtOXliV0YwVFdWemMyRm5aVWhsWVdSbGNpSTZJaUlzSWsxaGVHbHRkVzFPZFcxaVpYSlBabEJzWVhSbGMxQmxja05vWldOcmIzVjBJam96TENKUWJHRjBaWE5EYjNWdWRFWnZja04xY25KbGJuUlBjbVJsY2lJNmJuVnNiQ3dpVFdGNGFXMTFiVkJzWVhSbGMxQmxja05vWldOcmIzVjBVRzl3ZFhCR2IzSnRZWFJOWlhOellXZGxJam9pVFdGNGFXMTFiU0F6SUhCc1lYUmxjeUJoY21VZ1pXeHBaMmxpYkdVZ2RHOGdZMmhsWTJ0dmRYUWdjR1Z5SUc5eVpHVnlJR1p2Y2lCd2JHRjBaU0J6WlhGMVpXNWphVzVuSUdsMFpXMXpMaUJRYkdWaGMyVWdiVzlrYVdaNUlIbHZkWElnYzJWc1pXTjBhVzl1SUdGalkyOXlaR2x1WjJ4NUxpSXNJazFoZUdsdGRXMVFiR0YwWlhOUVpYSkRhR1ZqYTI5MWRGQnZjSFZ3Um05eWJXRjBUV1Z6YzJGblpVTnNiM05sUW5WMGRHOXVWR1Y0ZENJNklrOXJJaXdpVFdGNGFXMTFiVkJzWVhSbGMxQmxja05vWldOcmIzVjBSbTl5YldGMFRXVnpjMkZuWlVobFlXUmxjaUk2SWxCc1pXRnpaU0JPYjNSbElpd2lVRzl6ZEVKaFkydEZiR1Z0Wlc1MFZXNXBjWFZsU1dRaU9pSmpkR3d3TUNSamRHd3dNQ1JqZEd3d01DUkRiMjUwWlc1MFVHeGhZMlZJYjJ4a1pYSkVaV1poZFd4MEpFTmhjblJQZG1WeWRtbGxkMTh6Skd4dWEwTm9aV05yYjNWMElpd2lSWFpsYm5SQmNtZDFiV1Z1ZENJNklpSjlMQ0IwYUdsektUdGtBaElQWkJZR0FnTVBaQllDWmc4UEZnSWVDMnhpYkVobFlXUk1hVzVsQlFwTmVTQlFjbTltYVd4bFpCWUlBZ0lQRlFGcVEyOXVkR1Z1ZEZCc1lXTmxTRzlzWkdWeVJHVm1ZWFZzZEY5TllYTjBaWEpRYkdGalpXaHZiR1JsY2w5SWIyMWxURzluWjJWa1NXNWZObDl3Ym14RWNtRm5ZV0pzWlZkcGJtUnZkME52Ym5SbGJuUmZTVzVzYVc1bFRXVnpjMkZuWlVOdmJuUmhhVzVsY21RQ0F3OFBGZ0lmQkdka0ZnUUNBUThXQWg4REJRVklaV3hzYjJRQ0F3OFdBaDhEQlJWd2JuUmxjM1JtTURBeElIQnVkR1Z6ZEd3d01ERmtBZ1VQWkJZSUFnRVBGZ0lmQTJWa0FnTVBEeFlDSHdObFpHUUNCUThQRmdJZkF3VVJLR0psWTI5dFpTQjViM1Z5YzJWc1ppbGtaQUlIRHhZQ0h3TmxaQUlKRDJRV0NBSUJEMlFXQWdJQkR3OFdCaDhIQlExbFprTnZiRzl5VDNKaGJtZGxId01GQ0UxNVQzSmtaWEp6SHdnQ0FtUmtBZ01QRHhZQ0h3TUZERTE1SUVSaGMyaGliMkZ5WkdSa0FnVVBEeFlFSHdVRkZINHZZV1J0YVc0dmQyVnNZMjl0WlM1aGMzQjRId01GRGtGa2JXbHVhWE4wY21GMGFXOXVaR1FDQnc4UEZnSWZBd1VHVEc5bmIzVjBaR1FDQlE5a0ZnSm1EdzhXQkI4TkJRVk1iMmRwYmg4RWFHUVdCQUlGRHc4V0FoOEZCU012Wlc0dlkyaGxZMnR2ZFhRdmMzUmxjREV1WVhOd2VEOXViMlJsU1dROU1URXlOMlJrQWdjUFpCWUdBZ0VQRHhZR0h3TUZCa1Z0WVdsc09oOEhCUmNnY21WeGRXbHlaV1JHYVdWc1pFTm9ZWEpoWTNSbGNoOElBZ0prWkFJSkR3OFdCaDhEQlFON01IMGZCd1VYSUhKbGNYVnBjbVZrUm1sbGJHUkRhR0Z5WVdOMFpYSWZDQUlDWkdRQ0V3OFBGZ0lmQlFVWEwyVnVMMlp2Y21kdmRIQmhjM04zYjNKa0xtRnpjSGhrWkFJSEQyUVdBbVlQRHhZQ0h3MEZDazVsWldRZ1NHVnNjRDlrRmdRQ0FnOFZBVzFEYjI1MFpXNTBVR3hoWTJWSWIyeGtaWEpFWldaaGRXeDBYMDFoYzNSbGNsQnNZV05sYUc5c1pHVnlYME4xYzNSdmJXVnlVM1Z3Y0c5eWRGODRYM0J1YkVSeVlXZGhZbXhsVjJsdVpHOTNRMjl1ZEdWdWRGOUpibXhwYm1WTlpYTnpZV2RsUTI5dWRHRnBibVZ5WkFJREQyUVdDQUlCRHhZQ0h3TUZFRU4xYzNSdmJXVnlJRk4xY0hCdmNuUmtBZ01QRHhZQ0h3TUZFQ3MwT1NBNE1Ea3lJRGd5T0RrZ056ZGtaQUlGRHc4V0FoOERCV2c4WVNCb2NtVm1QU0l2Wlc0dlpYVnliMlpwYm5NdGJYZG5MVzl3WlhKdmJpOXpaWEoyYVdObExXTmxiblJsY2k5amIyNTBZV04wTFhWekwyZHNiMkpoYkMxa2FYSmxZM1J2Y25rdVlYTndlQ0krUm5KbFpTQndhRzl1WlNCdWRXMWlaWEp6UEM5aFBtUmtBZ2NQRHhZRUh3TUZSRHhoSUdoeVpXWTlJbTFoYVd4MGJ6cHpkWEJ3YjNKMExXVjFRR1YxY205bWFXNXpMbU52YlNJK2MzVndjRzl5ZEMxbGRVQmxkWEp2Wm1sdWN5NWpiMjA4TDJFK0h3VUZTMjFoYVd4MGJ6bzhZU0JvY21WbVBTSnRZV2xzZEc4NmMzVndjRzl5ZEMxbGRVQmxkWEp2Wm1sdWN5NWpiMjBpUG5OMWNIQnZjblF0WlhWQVpYVnliMlpwYm5NdVkyOXRQQzloUG1Sa0FoVVBaQllDWmc5a0ZnSm1EeFVCcGdaMllYSWdjMmh2ZDFCeWIyZHlaWE56UW1GeVFXWjBaWEk5TWpBd093MEtkbUZ5SUcxbGMzTmhaMlZRY205bmNtVnpjMEpoY2owblVHeGxZWE5sSUhkaGFYUXVMaTRuT3cwS2RtRnlJSEJ5YjJkeVpYTnpRbUZ5VkdsMGJHVTlKMUJzWldGelpTQjNZV2wwTGk0dUp6c05DblpoY2lCd2NtOW5jbVZ6YzBKaGNrTmhibU5sYkVKMWRIUnZibFJsZUhROUowTmhibU5sYkNjN0RRcDJZWElnWVd4bGNuUk5aWE56WVdkbFFuVjBkRzl1VkdWNGREMG5UMnNuT3cwS2RtRnlJR0ZzWlhKMFRXVnpjMkZuWlZScGRHeGxQU2RCYkdWeWRDQk5aWE56WVdkbEp6c05DblpoY2lCdmNHVnliMjVUYVhSbFZYSnNQU2NuT3cwS2RtRnlJR04xY25KbGJuUlRhWFJsUTI5a1pUMG5SVUpGSnpzTkNuWmhjaUJ6ZFdKRWIyMWhhVzQ5SjFGQkp6c05DblpoY2lCd2IzSjBUblZ0WW1WeVBTYzRNU2M3RFFwMllYSWdjSEpsVEc5aFpFbHRZV2RsVEdsemREMWJKeTlqYzNNdlpYaDBMMnB4ZFdWeWVYUm9aVzFsY3k5cGJXRm5aWE12ZFdrdFltZGZaMnhoYzNOZk5UVmZNV014WXpGalh6RjROREF3TG5CdVp5ZGRPdzBLZG1GeUlIQnlhV05wYm1kRVpYUmhhV3h6UTJ4dmMyVkNkWFIwYjI1VVpYaDBQU2REYkc5elpTYzdEUXAyWVhJZ1FXUmtRblYwZEc5dVVtVnpiM1Z5WTJWVVpYaDBJRDBnSjBGa1pDYzdEUXAyWVhJZ1EyRnVZMlZzUW5WMGRHOXVVbVZ6YjNWeVkyVlVaWGgwSUQwZ0owTmhibU5sYkNjN0RRcDJZWElnUTJ4dmMyVkNkWFIwYjI1U1pYTnZkWEpqWlZSbGVIUWdQU0FuUTJ4dmMyVW5PdzBLZG1GeUlGTmhkbVZDZFhSMGIyNVNaWE52ZFhKalpWUmxlSFFnUFNBblUyRjJaU2M3RFFwMllYSWdUbTlDZFhSMGIyNVNaWE52ZFhKalpWUmxlSFFnUFNBblRtOG5PdzBLZG1GeUlGbGxjMEoxZEhSdmJsSmxjMjkxY21ObFZHVjRkQ0E5SUNkWlpYTW5PdzBLZG1GeUlGUm9hV05yUW05NFEyeHZjMlZVWlhoMFVtVnpiM1Z5WTJVZ1BTQW5iM0lnUlhOaklFdGxlU2M3RFFwMllYSWdWR2hwWTJ0Q2IzaERiRzl6WlV4cGJtdFNaWE52ZFhKalpTQTlJQ2RqYkc5elpTYzdEUXAyWVhJZ1pHVndiRzk1YldWdWRFVnVkbWx5YjI1dFpXNTBJRDBnSjFGQkp6c05DbVJrNUJtUVdhaWNOSnlGcU1iUlN2bXBOM1NrR1BtVmMvb3RDNjdFVDhvdTQ1az0iIENvcnJlbGF0aW9uQmluZGluZz0iIiBVcmxFbmNvZGU9IlRydWUiIC8+DQogICAgICAgIDxGb3JtUG9zdFBhcmFtZXRlciBOYW1lPSJjdGwwMCRjdGwwMCRjdGwwMCRDb250ZW50UGxhY2VIb2xkZXJEZWZhdWx0JFRvcExvZ2dlZEluXzEkaGRuU2NyZWVuQXJlYSIgVmFsdWU9Int7JEhJRERFTjEuY3RsMDAkY3RsMDAkY3RsMDAkQ29udGVudFBsYWNlSG9sZGVyRGVmYXVsdCRUb3BMb2dnZWRJbl8xJGhkblNjcmVlbkFyZWF9fSIgUmVjb3JkZWRWYWx1ZT0iIiBDb3JyZWxhdGlvbkJpbmRpbmc9IiIgVXJsRW5jb2RlPSJUcnVlIiAvPg0KICAgICAgICA8Rm9ybVBvc3RQYXJhbWV0ZXIgTmFtZT0iY3RsMDAkY3RsMDAkY3RsMDAkQ29udGVudFBsYWNlSG9sZGVyRGVmYXVsdCRDYXJ0T3ZlcnZpZXdfMyRoZG5GaWVsZFNlbGVjdGVkT3JkZXJJdGVtQ2hlY2tvdXRTdGF0ZXMiIFZhbHVlPSJ7eyRISURERU4xLmN0bDAwJGN0bDAwJGN0bDAwJENvbnRlbnRQbGFjZUhvbGRlckRlZmF1bHQkQ2FydE92ZXJ2aWV3XzMkaGRuRmllbGRTZWxlY3RlZE9yZGVySXRlbUNoZWNrb3V0U3RhdGVzfX0iIFJlY29yZGVkVmFsdWU9IiIgQ29ycmVsYXRpb25CaW5kaW5nPSIiIFVybEVuY29kZT0iVHJ1ZSIgLz4NCiAgICAgICAgPEZvcm1Qb3N0UGFyYW1ldGVyIE5hbWU9ImN0bDAwJGN0bDAwJGN0bDAwJENvbnRlbnRQbGFjZUhvbGRlckRlZmF1bHQkQ2FydE92ZXJ2aWV3XzMkaGRuRmllbGRDb21wbGV0ZUNhcnRDaGVja291dFN0YXRlRW51bXMiIFZhbHVlPSJ7eyRISURERU4xLmN0bDAwJGN0bDAwJGN0bDAwJENvbnRlbnRQbGFjZUhvbGRlckRlZmF1bHQkQ2FydE92ZXJ2aWV3XzMkaGRuRmllbGRDb21wbGV0ZUNhcnRDaGVja291dFN0YXRlRW51bXN9fSIgUmVjb3JkZWRWYWx1ZT0iIiBDb3JyZWxhdGlvbkJpbmRpbmc9IiIgVXJsRW5jb2RlPSJUcnVlIiAvPg0KICAgICAgICA8Rm9ybVBvc3RQYXJhbWV0ZXIgTmFtZT0iY3RsMDAkY3RsMDAkY3RsMDAkQ29udGVudFBsYWNlSG9sZGVyRGVmYXVsdCRDYXJ0T3ZlcnZpZXdfMyRoZG5GaWVsZFNlbGVjdGVkSXRlbUlkcyIgVmFsdWU9Int7JEhJRERFTjEuY3RsMDAkY3RsMDAkY3RsMDAkQ29udGVudFBsYWNlSG9sZGVyRGVmYXVsdCRDYXJ0T3ZlcnZpZXdfMyRoZG5GaWVsZFNlbGVjdGVkSXRlbUlkc319IiBSZWNvcmRlZFZhbHVlPSIiIENvcnJlbGF0aW9uQmluZGluZz0iIiBVcmxFbmNvZGU9IlRydWUiIC8+DQogICAgICAgIDxGb3JtUG9zdFBhcmFtZXRlciBOYW1lPSJjdGwwMCRjdGwwMCRjdGwwMCRDb250ZW50UGxhY2VIb2xkZXJEZWZhdWx0JENhcnRPdmVydmlld18zJGhkblNjcmVlbkFyZWEiIFZhbHVlPSJ7eyRISURERU4xLmN0bDAwJGN0bDAwJGN0bDAwJENvbnRlbnRQbGFjZUhvbGRlckRlZmF1bHQkQ2FydE92ZXJ2aWV3XzMkaGRuU2NyZWVuQXJlYX19IiBSZWNvcmRlZFZhbHVlPSIiIENvcnJlbGF0aW9uQmluZGluZz0iIiBVcmxFbmNvZGU9IlRydWUiIC8+DQogICAgICAgIDxGb3JtUG9zdFBhcmFtZXRlciBOYW1lPSJjdGwwMCRjdGwwMCRjdGwwMCRDb250ZW50UGxhY2VIb2xkZXJEZWZhdWx0JE1hc3RlclBsYWNlaG9sZGVyJEhvbWVMb2dnZWRJbl82JGhkblNjcmVlbkFyZWEiIFZhbHVlPSJ7eyRISURERU4xLmN0bDAwJGN0bDAwJGN0bDAwJENvbnRlbnRQbGFjZUhvbGRlckRlZmF1bHQkTWFzdGVyUGxhY2Vob2xkZXIkSG9tZUxvZ2dlZEluXzYkaGRuU2NyZWVuQXJlYX19IiBSZWNvcmRlZFZhbHVlPSIiIENvcnJlbGF0aW9uQmluZGluZz0iIiBVcmxFbmNvZGU9IlRydWUiIC8+DQogICAgICAgIDxGb3JtUG9zdFBhcmFtZXRlciBOYW1lPSJjdGwwMCRjdGwwMCRjdGwwMCRDb250ZW50UGxhY2VIb2xkZXJEZWZhdWx0JE1hc3RlclBsYWNlaG9sZGVyJEN1c3RvbWVyU3VwcG9ydF84JGhkblNjcmVlbkFyZWEiIFZhbHVlPSJ7eyRISURERU4xLmN0bDAwJGN0bDAwJGN0bDAwJENvbnRlbnRQbGFjZUhvbGRlckRlZmF1bHQkTWFzdGVyUGxhY2Vob2xkZXIkQ3VzdG9tZXJTdXBwb3J0XzgkaGRuU2NyZWVuQXJlYX19IiBSZWNvcmRlZFZhbHVlPSIiIENvcnJlbGF0aW9uQmluZGluZz0iIiBVcmxFbmNvZGU9IlRydWUiIC8+DQogICAgICAgIDxGb3JtUG9zdFBhcmFtZXRlciBOYW1lPSJjdGwwMCRjdGwwMCRjdGwwMCRDb250ZW50UGxhY2VIb2xkZXJEZWZhdWx0JGhkbkNhbkluaXRpYWxpemVDdWx0dXJlIiBWYWx1ZT0ie3skSElEREVOMS5jdGwwMCRjdGwwMCRjdGwwMCRDb250ZW50UGxhY2VIb2xkZXJEZWZhdWx0JGhkbkNhbkluaXRpYWxpemVDdWx0dXJlfX0iIFJlY29yZGVkVmFsdWU9ImZhbHNlIiBDb3JyZWxhdGlvbkJpbmRpbmc9IiIgVXJsRW5jb2RlPSJUcnVlIiAvPg0KICAgICAgICA8Rm9ybVBvc3RQYXJhbWV0ZXIgTmFtZT0iY3RsMDAkY3RsMDAkY3RsMDAkQ29udGVudFBsYWNlSG9sZGVyRGVmYXVsdCRoZG5FY29tRHJhZ0Ryb3BKc29uIiBWYWx1ZT0ie3skSElEREVOMS5jdGwwMCRjdGwwMCRjdGwwMCRDb250ZW50UGxhY2VIb2xkZXJEZWZhdWx0JGhkbkVjb21EcmFnRHJvcEpzb259fSIgUmVjb3JkZWRWYWx1ZT0iIiBDb3JyZWxhdGlvbkJpbmRpbmc9IiIgVXJsRW5jb2RlPSJUcnVlIiAvPg0KICAgICAgICA8Rm9ybVBvc3RQYXJhbWV0ZXIgTmFtZT0iY3RsMDAkY3RsMDAkY3RsMDAkQ29udGVudFBsYWNlSG9sZGVyRGVmYXVsdCRoZG5DdXJyZW50UGFnZUlkZW50aXR5IiBWYWx1ZT0ie3skSElEREVOMS5jdGwwMCRjdGwwMCRjdGwwMCRDb250ZW50UGxhY2VIb2xkZXJEZWZhdWx0JGhkbkN1cnJlbnRQYWdlSWRlbnRpdHl9fSIgUmVjb3JkZWRWYWx1ZT0iMTEyNyIgQ29ycmVsYXRpb25CaW5kaW5nPSIiIFVybEVuY29kZT0iVHJ1ZSIgLz4NCiAgICAgICAgPEZvcm1Qb3N0UGFyYW1ldGVyIE5hbWU9ImN0bDAwJGN0bDAwJGN0bDAwJENvbnRlbnRQbGFjZUhvbGRlckRlZmF1bHQkaGRuU2Nyb2xsWVBvc2l0aW9uIiBWYWx1ZT0ie3skSElEREVOMS5jdGwwMCRjdGwwMCRjdGwwMCRDb250ZW50UGxhY2VIb2xkZXJEZWZhdWx0JGhkblNjcm9sbFlQb3NpdGlvbn19IiBSZWNvcmRlZFZhbHVlPSIwIiBDb3JyZWxhdGlvbkJpbmRpbmc9IiIgVXJsRW5jb2RlPSJUcnVlIiAvPg0KICAgICAgICA8Rm9ybVBvc3RQYXJhbWV0ZXIgTmFtZT0iX19WSUVXU1RBVEVHRU5FUkFUT1IiIFZhbHVlPSJ7eyRISURERU4xLl9fVklFV1NUQVRFR0VORVJBVE9SfX0iIFJlY29yZGVkVmFsdWU9IkNBMEIwMzM0IiBDb3JyZWxhdGlvbkJpbmRpbmc9IiIgVXJsRW5jb2RlPSJUcnVlIiAvPg0KICAgICAgPC9Gb3JtUG9zdEh0dHBCb2R5Pg0KICAgIDwvUmVxdWVzdD4NCiAgICA8Q29tbWVudCBDb21tZW50VGV4dD0iQ2xpY2tfTXkgT3JkZXJzIiAvPg0KICAgIDxSZXF1ZXN0IE1ldGhvZD0iUE9TVCIgR3VpZD0iZDQ3MDk0OWUtODgxZS00M2IzLWI5ZDYtNjdkMmJhOWVhNWVkIiBWZXJzaW9uPSIxLjEiIFVybD0iaHR0cDovL2luMDFhcHYxMTo4MS9lbi9teWFkZHJlc3Nlcy5hc3B4IiBUaGlua1RpbWU9IjAiIFRpbWVvdXQ9IjMwMCIgUGFyc2VEZXBlbmRlbnRSZXF1ZXN0cz0iVHJ1ZSIgRm9sbG93UmVkaXJlY3RzPSJUcnVlIiBSZWNvcmRSZXN1bHQ9IlRydWUiIENhY2hlPSJGYWxzZSIgUmVzcG9uc2VUaW1lR29hbD0iMCIgRW5jb2Rpbmc9InV0Zi04IiBFeHBlY3RlZEh0dHBTdGF0dXNDb2RlPSIwIiBFeHBlY3RlZFJlc3BvbnNlVXJsPSJodHRwOi8vaW4wMWFwdjExOjgxL2VuL215b3JkZXJzLmFzcHgiIFJlcG9ydGluZ05hbWU9IiIgSWdub3JlSHR0cFN0YXR1c0NvZGU9IkZhbHNlIj4NCiAgICAgIDxIZWFkZXJzPg0KICAgICAgICA8SGVhZGVyIE5hbWU9IlJlZmVyZXIiIFZhbHVlPSJodHRwOi8vaW4wMWFwdjExOjgxL2VuL215YWRkcmVzc2VzLmFzcHgiIC8+DQogICAgICA8L0hlYWRlcnM+DQogICAgICA8RXh0cmFjdGlvblJ1bGVzPg0KICAgICAgICA8RXh0cmFjdGlvblJ1bGUgQ2xhc3NuYW1lPSJNaWNyb3NvZnQuVmlzdWFsU3R1ZGlvLlRlc3RUb29scy5XZWJUZXN0aW5nLlJ1bGVzLkV4dHJhY3RIaWRkZW5GaWVsZHMsIE1pY3Jvc29mdC5WaXN1YWxTdHVkaW8uUXVhbGl0eVRvb2xzLldlYlRlc3RGcmFtZXdvcmssIFZlcnNpb249MTAuMC4wLjAsIEN1bHR1cmU9bmV1dHJhbCwgUHVibGljS2V5VG9rZW49YjAzZjVmN2YxMWQ1MGEzYSIgVmFyaWFibGVOYW1lPSIxIiBEaXNwbGF5TmFtZT0iRXh0cmFjdCBIaWRkZW4gRmllbGRzIiBEZXNjcmlwdGlvbj0iRXh0cmFjdCBhbGwgaGlkZGVuIGZpZWxkcyBmcm9tIHRoZSByZXNwb25zZSBhbmQgcGxhY2UgdGhlbSBpbnRvIHRoZSB0ZXN0IGNvbnRleHQuIj4NCiAgICAgICAgICA8UnVsZVBhcmFtZXRlcnM+DQogICAgICAgICAgICA8UnVsZVBhcmFtZXRlciBOYW1lPSJSZXF1aXJlZCIgVmFsdWU9IlRydWUiIC8+DQogICAgICAgICAgICA8UnVsZVBhcmFtZXRlciBOYW1lPSJIdG1sRGVjb2RlIiBWYWx1ZT0iVHJ1ZSIgLz4NCiAgICAgICAgICA8L1J1bGVQYXJhbWV0ZXJzPg0KICAgICAgICA8L0V4dHJhY3Rpb25SdWxlPg0KICAgICAgPC9FeHRyYWN0aW9uUnVsZXM+DQogICAgICA8Q29ycmVsYXRpb25FeHRyYWN0aW9uUnVsZXM+DQogICAgICAgIDxFeHRyYWN0aW9uUnVsZSBDbGFzc25hbWU9Ik1pY3Jvc29mdC5WaXN1YWxTdHVkaW8uVGVzdFRvb2xzLldlYlRlc3RpbmcuUnVsZXMuRXh0cmFjdEZvcm1GaWVsZCwgTWljcm9zb2Z0LlZpc3VhbFN0dWRpby5RdWFsaXR5VG9vbHMuV2ViVGVzdEZyYW1ld29yaywgVmVyc2lvbj0xMC4wLjAuMCwgQ3VsdHVyZT1uZXV0cmFsLCBQdWJsaWNLZXlUb2tlbj1iMDNmNWY3ZjExZDUwYTNhIiBWYXJpYWJsZU5hbWU9IkZvcm1Qb3N0UGFyYW0yMC5jdGwwMCRjdGwwMCRjdGwwMCRDb250ZW50UGxhY2VIb2xkZXJEZWZhdWx0JE1hc3RlclBsYWNlaG9sZGVyJE15T3JkZXJzU2VhcmNoXzYkdWNNeU9yZGVyU2ltcGxlU2VhcmNoJHR4dERhdGVGcm9tIiBEaXNwbGF5TmFtZT0iIiBEZXNjcmlwdGlvbj0iIj4NCiAgICAgICAgICA8UnVsZVBhcmFtZXRlcnM+DQogICAgICAgICAgICA8UnVsZVBhcmFtZXRlciBOYW1lPSJOYW1lIiBWYWx1ZT0iQ29udGVudFBsYWNlSG9sZGVyRGVmYXVsdF9NYXN0ZXJQbGFjZWhvbGRlcl9NeU9yZGVyc1NlYXJjaF82X3VjTXlPcmRlclNpbXBsZVNlYXJjaF90eHREYXRlRnJvbSIgLz4NCiAgICAgICAgICAgIDxSdWxlUGFyYW1ldGVyIE5hbWU9Ikh0bWxEZWNvZGUiIFZhbHVlPSJUcnVlIiAvPg0KICAgICAgICAgICAgPFJ1bGVQYXJhbWV0ZXIgTmFtZT0iUmVxdWlyZWQiIFZhbHVlPSJGYWxzZSIgLz4NCiAgICAgICAgICAgIDxSdWxlUGFyYW1ldGVyIE5hbWU9IkluZGV4IiBWYWx1ZT0iMCIgLz4NCiAgICAgICAgICA8L1J1bGVQYXJhbWV0ZXJzPg0KICAgICAgICA8L0V4dHJhY3Rpb25SdWxlPg0KICAgICAgICA8RXh0cmFjdGlvblJ1bGUgQ2xhc3NuYW1lPSJNaWNyb3NvZnQuVmlzdWFsU3R1ZGlvLlRlc3RUb29scy5XZWJUZXN0aW5nLlJ1bGVzLkV4dHJhY3RGb3JtRmllbGQsIE1pY3Jvc29mdC5WaXN1YWxTdHVkaW8uUXVhbGl0eVRvb2xzLldlYlRlc3RGcmFtZXdvcmssIFZlcnNpb249MTAuMC4wLjAsIEN1bHR1cmU9bmV1dHJhbCwgUHVibGljS2V5VG9rZW49YjAzZjVmN2YxMWQ1MGEzYSIgVmFyaWFibGVOYW1lPSJGb3JtUG9zdFBhcmFtMjEuY3RsMDAkY3RsMDAkY3RsMDAkQ29udGVudFBsYWNlSG9sZGVyRGVmYXVsdCRNYXN0ZXJQbGFjZWhvbGRlciRNeU9yZGVyc1NlYXJjaF82JHVjTXlPcmRlclNpbXBsZVNlYXJjaCR0eHREYXRlVG8iIERpc3BsYXlOYW1lPSIiIERlc2NyaXB0aW9uPSIiPg0KICAgICAgICAgIDxSdWxlUGFyYW1ldGVycz4NCiAgICAgICAgICAgIDxSdWxlUGFyYW1ldGVyIE5hbWU9Ik5hbWUiIFZhbHVlPSJDb250ZW50UGxhY2VIb2xkZXJEZWZhdWx0X01hc3RlclBsYWNlaG9sZGVyX015T3JkZXJzU2VhcmNoXzZfdWNNeU9yZGVyU2ltcGxlU2VhcmNoX3R4dERhdGVUbyIgLz4NCiAgICAgICAgICAgIDxSdWxlUGFyYW1ldGVyIE5hbWU9Ikh0bWxEZWNvZGUiIFZhbHVlPSJUcnVlIiAvPg0KICAgICAgICAgICAgPFJ1bGVQYXJhbWV0ZXIgTmFtZT0iUmVxdWlyZWQiIFZhbHVlPSJGYWxzZSIgLz4NCiAgICAgICAgICAgIDxSdWxlUGFyYW1ldGVyIE5hbWU9IkluZGV4IiBWYWx1ZT0iMCIgLz4NCiAgICAgICAgICA8L1J1bGVQYXJhbWV0ZXJzPg0KICAgICAgICA8L0V4dHJhY3Rpb25SdWxlPg0KICAgICAgICA8RXh0cmFjdGlvblJ1bGUgQ2xhc3NuYW1lPSJNaWNyb3NvZnQuVmlzdWFsU3R1ZGlvLlRlc3RUb29scy5XZWJUZXN0aW5nLlJ1bGVzLkV4dHJhY3RGb3JtRmllbGQsIE1pY3Jvc29mdC5WaXN1YWxTdHVkaW8uUXVhbGl0eVRvb2xzLldlYlRlc3RGcmFtZXdvcmssIFZlcnNpb249MTAuMC4wLjAsIEN1bHR1cmU9bmV1dHJhbCwgUHVibGljS2V5VG9rZW49YjAzZjVmN2YxMWQ1MGEzYSIgVmFyaWFibGVOYW1lPSJGb3JtUG9zdFBhcmFtMjIuY3RsMDAkY3RsMDAkY3RsMDAkQ29udGVudFBsYWNlSG9sZGVyRGVmYXVsdCRNYXN0ZXJQbGFjZWhvbGRlciRNeU9yZGVyc1NlYXJjaF82JHVjTXlPcmRlckFkdmFuY2VkU2VhcmNoJHR4dEFkdmFuY2VkU2VhcmNoRGF0ZUZyb20iIERpc3BsYXlOYW1lPSIiIERlc2NyaXB0aW9uPSIiPg0KICAgICAgICAgIDxSdWxlUGFyYW1ldGVycz4NCiAgICAgICAgICAgIDxSdWxlUGFyYW1ldGVyIE5hbWU9Ik5hbWUiIFZhbHVlPSJDb250ZW50UGxhY2VIb2xkZXJEZWZhdWx0X01hc3RlclBsYWNlaG9sZGVyX015T3JkZXJzU2VhcmNoXzZfdWNNeU9yZGVyQWR2YW5jZWRTZWFyY2hfdHh0QWR2YW5jZWRTZWFyY2hEYXRlRnJvbSIgLz4NCiAgICAgICAgICAgIDxSdWxlUGFyYW1ldGVyIE5hbWU9Ikh0bWxEZWNvZGUiIFZhbHVlPSJUcnVlIiAvPg0KICAgICAgICAgICAgPFJ1bGVQYXJhbWV0ZXIgTmFtZT0iUmVxdWlyZWQiIFZhbHVlPSJGYWxzZSIgLz4NCiAgICAgICAgICAgIDxSdWxlUGFyYW1ldGVyIE5hbWU9IkluZGV4IiBWYWx1ZT0iMCIgLz4NCiAgICAgICAgICA8L1J1bGVQYXJhbWV0ZXJzPg0KICAgICAgICA8L0V4dHJhY3Rpb25SdWxlPg0KICAgICAgICA8RXh0cmFjdGlvblJ1bGUgQ2xhc3NuYW1lPSJNaWNyb3NvZnQuVmlzdWFsU3R1ZGlvLlRlc3RUb29scy5XZWJUZXN0aW5nLlJ1bGVzLkV4dHJhY3RGb3JtRmllbGQsIE1pY3Jvc29mdC5WaXN1YWxTdHVkaW8uUXVhbGl0eVRvb2xzLldlYlRlc3RGcmFtZXdvcmssIFZlcnNpb249MTAuMC4wLjAsIEN1bHR1cmU9bmV1dHJhbCwgUHVibGljS2V5VG9rZW49YjAzZjVmN2YxMWQ1MGEzYSIgVmFyaWFibGVOYW1lPSJGb3JtUG9zdFBhcmFtMjMuY3RsMDAkY3RsMDAkY3RsMDAkQ29udGVudFBsYWNlSG9sZGVyRGVmYXVsdCRNYXN0ZXJQbGFjZWhvbGRlciRNeU9yZGVyc1NlYXJjaF82JHVjTXlPcmRlckFkdmFuY2VkU2VhcmNoJHR4dEFkdmFuY2VkU2VhcmNoRGF0ZVRvIiBEaXNwbGF5TmFtZT0iIiBEZXNjcmlwdGlvbj0iIj4NCiAgICAgICAgICA8UnVsZVBhcmFtZXRlcnM+DQogICAgICAgICAgICA8UnVsZVBhcmFtZXRlciBOYW1lPSJOYW1lIiBWYWx1ZT0iQ29udGVudFBsYWNlSG9sZGVyRGVmYXVsdF9NYXN0ZXJQbGFjZWhvbGRlcl9NeU9yZGVyc1NlYXJjaF82X3VjTXlPcmRlckFkdmFuY2VkU2VhcmNoX3R4dEFkdmFuY2VkU2VhcmNoRGF0ZVRvIiAvPg0KICAgICAgICAgICAgPFJ1bGVQYXJhbWV0ZXIgTmFtZT0iSHRtbERlY29kZSIgVmFsdWU9IlRydWUiIC8+DQogICAgICAgICAgICA8UnVsZVBhcmFtZXRlciBOYW1lPSJSZXF1aXJlZCIgVmFsdWU9IkZhbHNlIiAvPg0KICAgICAgICAgICAgPFJ1bGVQYXJhbWV0ZXIgTmFtZT0iSW5kZXgiIFZhbHVlPSIwIiAvPg0KICAgICAgICAgIDwvUnVsZVBhcmFtZXRlcnM+DQogICAgICAgIDwvRXh0cmFjdGlvblJ1bGU+DQogICAgICAgIDxFeHRyYWN0aW9uUnVsZSBDbGFzc25hbWU9Ik1pY3Jvc29mdC5WaXN1YWxTdHVkaW8uVGVzdFRvb2xzLldlYlRlc3RpbmcuUnVsZXMuRXh0cmFjdFRleHQsIE1pY3Jvc29mdC5WaXN1YWxTdHVkaW8uUXVhbGl0eVRvb2xzLldlYlRlc3RGcmFtZXdvcmssIFZlcnNpb249MTAuMC4wLjAsIEN1bHR1cmU9bmV1dHJhbCwgUHVibGljS2V5VG9rZW49YjAzZjVmN2YxMWQ1MGEzYSIgVmFyaWFibGVOYW1lPSJGb3JtUG9zdFBhcmFtMjQuY3RsMDAkY3RsMDAkY3RsMDAkQ29udGVudFBsYWNlSG9sZGVyRGVmYXVsdCRNYXN0ZXJQbGFjZWhvbGRlciRNeU9yZGVyc1NlYXJjaF82JHVjTXlPcmRlclNpbXBsZVNlYXJjaCRzaW1wbGVTZWFyY2hkZGxUeXBlIiBEaXNwbGF5TmFtZT0iIiBEZXNjcmlwdGlvbj0iIj4NCiAgICAgICAgICA8UnVsZVBhcmFtZXRlcnM+DQogICAgICAgICAgICA8UnVsZVBhcmFtZXRlciBOYW1lPSJTdGFydHNXaXRoIiBWYWx1ZT0ibHVlPSZxdW90OyIgLz4NCiAgICAgICAgICAgIDxSdWxlUGFyYW1ldGVyIE5hbWU9IkVuZHNXaXRoIiBWYWx1ZT0iJnF1b3Q7Jmd0O0FsbCIgLz4NCiAgICAgICAgICAgIDxSdWxlUGFyYW1ldGVyIE5hbWU9IkluZGV4IiBWYWx1ZT0iNCIgLz4NCiAgICAgICAgICAgIDxSdWxlUGFyYW1ldGVyIE5hbWU9Iklnbm9yZUNhc2UiIFZhbHVlPSJGYWxzZSIgLz4NCiAgICAgICAgICAgIDxSdWxlUGFyYW1ldGVyIE5hbWU9IlVzZVJlZ3VsYXJFeHByZXNzaW9uIiBWYWx1ZT0iRmFsc2UiIC8+DQogICAgICAgICAgICA8UnVsZVBhcmFtZXRlciBOYW1lPSJIdG1sRGVjb2RlIiBWYWx1ZT0iVHJ1ZSIgLz4NCiAgICAgICAgICAgIDxSdWxlUGFyYW1ldGVyIE5hbWU9IlJlcXVpcmVkIiBWYWx1ZT0iRmFsc2UiIC8+DQogICAgICAgICAgPC9SdWxlUGFyYW1ldGVycz4NCiAgICAgICAgPC9FeHRyYWN0aW9uUnVsZT4NCiAgICAgICAgPEV4dHJhY3Rpb25SdWxlIENsYXNzbmFtZT0iTWljcm9zb2Z0LlZpc3VhbFN0dWRpby5UZXN0VG9vbHMuV2ViVGVzdGluZy5SdWxlcy5FeHRyYWN0VGV4dCwgTWljcm9zb2Z0LlZpc3VhbFN0dWRpby5RdWFsaXR5VG9vbHMuV2ViVGVzdEZyYW1ld29yaywgVmVyc2lvbj0xMC4wLjAuMCwgQ3VsdHVyZT1uZXV0cmFsLCBQdWJsaWNLZXlUb2tlbj1iMDNmNWY3ZjExZDUwYTNhIiBWYXJpYWJsZU5hbWU9IkZvcm1Qb3N0UGFyYW0yNS5jdGwwMCRjdGwwMCRjdGwwMCRDb250ZW50UGxhY2VIb2xkZXJEZWZhdWx0JE1hc3RlclBsYWNlaG9sZGVyJE15T3JkZXJzU2VhcmNoXzYkdWNNeU9yZGVyU2ltcGxlU2VhcmNoJHNpbXBsZVNlYXJjaGRkbEVudHJpZXMiIERpc3BsYXlOYW1lPSIiIERlc2NyaXB0aW9uPSIiPg0KICAgICAgICAgIDxSdWxlUGFyYW1ldGVycz4NCiAgICAgICAgICAgIDxSdWxlUGFyYW1ldGVyIE5hbWU9IlN0YXJ0c1dpdGgiIFZhbHVlPSJsdWU9JnF1b3Q7IiAvPg0KICAgICAgICAgICAgPFJ1bGVQYXJhbWV0ZXIgTmFtZT0iRW5kc1dpdGgiIFZhbHVlPSImcXVvdDsmZ3Q7MTAwIiAvPg0KICAgICAgICAgICAgPFJ1bGVQYXJhbWV0ZXIgTmFtZT0iSW5kZXgiIFZhbHVlPSIxNSIgLz4NCiAgICAgICAgICAgIDxSdWxlUGFyYW1ldGVyIE5hbWU9Iklnbm9yZUNhc2UiIFZhbHVlPSJGYWxzZSIgLz4NCiAgICAgICAgICAgIDxSdWxlUGFyYW1ldGVyIE5hbWU9IlVzZVJlZ3VsYXJFeHByZXNzaW9uIiBWYWx1ZT0iRmFsc2UiIC8+DQogICAgICAgICAgICA8UnVsZVBhcmFtZXRlciBOYW1lPSJIdG1sRGVjb2RlIiBWYWx1ZT0iVHJ1ZSIgLz4NCiAgICAgICAgICAgIDxSdWxlUGFyYW1ldGVyIE5hbWU9IlJlcXVpcmVkIiBWYWx1ZT0iRmFsc2UiIC8+DQogICAgICAgICAgPC9SdWxlUGFyYW1ldGVycz4NCiAgICAgICAgPC9FeHRyYWN0aW9uUnVsZT4NCiAgICAgICAgPEV4dHJhY3Rpb25SdWxlIENsYXNzbmFtZT0iTWljcm9zb2Z0LlZpc3VhbFN0dWRpby5UZXN0VG9vbHMuV2ViVGVzdGluZy5SdWxlcy5FeHRyYWN0VGV4dCwgTWljcm9zb2Z0LlZpc3VhbFN0dWRpby5RdWFsaXR5VG9vbHMuV2ViVGVzdEZyYW1ld29yaywgVmVyc2lvbj0xMC4wLjAuMCwgQ3VsdHVyZT1uZXV0cmFsLCBQdWJsaWNLZXlUb2tlbj1iMDNmNWY3ZjExZDUwYTNhIiBWYXJpYWJsZU5hbWU9IkZvcm1Qb3N0UGFyYW0yNi5jdGwwMCRjdGwwMCRjdGwwMCRDb250ZW50UGxhY2VIb2xkZXJEZWZhdWx0JE1hc3RlclBsYWNlaG9sZGVyJE15T3JkZXJzU2VhcmNoXzYkdWNNeU9yZGVyQWR2YW5jZWRTZWFyY2gkZGRsQWR2YW5jZWRTZWFyY2hUeXBlcyIgRGlzcGxheU5hbWU9IiIgRGVzY3JpcHRpb249IiI+DQogICAgICAgICAgPFJ1bGVQYXJhbWV0ZXJzPg0KICAgICAgICAgICAgPFJ1bGVQYXJhbWV0ZXIgTmFtZT0iU3RhcnRzV2l0aCIgVmFsdWU9Imx1ZT0mcXVvdDsiIC8+DQogICAgICAgICAgICA8UnVsZVBhcmFtZXRlciBOYW1lPSJFbmRzV2l0aCIgVmFsdWU9IiZxdW90OyZndDtBbGwiIC8+DQogICAgICAgICAgICA8UnVsZVBhcmFtZXRlciBOYW1lPSJJbmRleCIgVmFsdWU9IjQiIC8+DQogICAgICAgICAgICA8UnVsZVBhcmFtZXRlciBOYW1lPSJJZ25vcmVDYXNlIiBWYWx1ZT0iRmFsc2UiIC8+DQogICAgICAgICAgICA8UnVsZVBhcmFtZXRlciBOYW1lPSJVc2VSZWd1bGFyRXhwcmVzc2lvbiIgVmFsdWU9IkZhbHNlIiAvPg0KICAgICAgICAgICAgPFJ1bGVQYXJhbWV0ZXIgTmFtZT0iSHRtbERlY29kZSIgVmFsdWU9IlRydWUiIC8+DQogICAgICAgICAgICA8UnVsZVBhcmFtZXRlciBOYW1lPSJSZXF1aXJlZCIgVmFsdWU9IkZhbHNlIiAvPg0KICAgICAgICAgIDwvUnVsZVBhcmFtZXRlcnM+DQogICAgICAgIDwvRXh0cmFjdGlvblJ1bGU+DQogICAgICAgIDxFeHRyYWN0aW9uUnVsZSBDbGFzc25hbWU9Ik1pY3Jvc29mdC5WaXN1YWxTdHVkaW8uVGVzdFRvb2xzLldlYlRlc3RpbmcuUnVsZXMuRXh0cmFjdFRleHQsIE1pY3Jvc29mdC5WaXN1YWxTdHVkaW8uUXVhbGl0eVRvb2xzLldlYlRlc3RGcmFtZXdvcmssIFZlcnNpb249MTAuMC4wLjAsIEN1bHR1cmU9bmV1dHJhbCwgUHVibGljS2V5VG9rZW49YjAzZjVmN2YxMWQ1MGEzYSIgVmFyaWFibGVOYW1lPSJGb3JtUG9zdFBhcmFtMjcuY3RsMDAkY3RsMDAkY3RsMDAkQ29udGVudFBsYWNlSG9sZGVyRGVmYXVsdCRNYXN0ZXJQbGFjZWhvbGRlciRNeU9yZGVyc1NlYXJjaF82JHVjTXlPcmRlckFkdmFuY2VkU2VhcmNoJGRkbEFkdmFuY2VkU2VhcmNoU2FsZXNJdGVtVHlwZXMiIERpc3BsYXlOYW1lPSIiIERlc2NyaXB0aW9uPSIiPg0KICAgICAgICAgIDxSdWxlUGFyYW1ldGVycz4NCiAgICAgICAgICAgIDxSdWxlUGFyYW1ldGVyIE5hbWU9IlN0YXJ0c1dpdGgiIFZhbHVlPSJsdWU9JnF1b3Q7IiAvPg0KICAgICAgICAgICAgPFJ1bGVQYXJhbWV0ZXIgTmFtZT0iRW5kc1dpdGgiIFZhbHVlPSImcXVvdDsmZ3Q7QWxsIiAvPg0KICAgICAgICAgICAgPFJ1bGVQYXJhbWV0ZXIgTmFtZT0iSW5kZXgiIFZhbHVlPSI0IiAvPg0KICAgICAgICAgICAgPFJ1bGVQYXJhbWV0ZXIgTmFtZT0iSWdub3JlQ2FzZSIgVmFsdWU9IkZhbHNlIiAvPg0KICAgICAgICAgICAgPFJ1bGVQYXJhbWV0ZXIgTmFtZT0iVXNlUmVndWxhckV4cHJlc3Npb24iIFZhbHVlPSJGYWxzZSIgLz4NCiAgICAgICAgICAgIDxSdWxlUGFyYW1ldGVyIE5hbWU9Ikh0bWxEZWNvZGUiIFZhbHVlPSJUcnVlIiAvPg0KICAgICAgICAgICAgPFJ1bGVQYXJhbWV0ZXIgTmFtZT0iUmVxdWlyZWQiIFZhbHVlPSJGYWxzZSIgLz4NCiAgICAgICAgICA8L1J1bGVQYXJhbWV0ZXJzPg0KICAgICAgICA8L0V4dHJhY3Rpb25SdWxlPg0KICAgICAgICA8RXh0cmFjdGlvblJ1bGUgQ2xhc3NuYW1lPSJNaWNyb3NvZnQuVmlzdWFsU3R1ZGlvLlRlc3RUb29scy5XZWJUZXN0aW5nLlJ1bGVzLkV4dHJhY3RUZXh0LCBNaWNyb3NvZnQuVmlzdWFsU3R1ZGlvLlF1YWxpdHlUb29scy5XZWJUZXN0RnJhbWV3b3JrLCBWZXJzaW9uPTEwLjAuMC4wLCBDdWx0dXJlPW5ldXRyYWwsIFB1YmxpY0tleVRva2VuPWIwM2Y1ZjdmMTFkNTBhM2EiIFZhcmlhYmxlTmFtZT0iRm9ybVBvc3RQYXJhbTI4LmN0bDAwJGN0bDAwJGN0bDAwJENvbnRlbnRQbGFjZUhvbGRlckRlZmF1bHQkTWFzdGVyUGxhY2Vob2xkZXIkTXlPcmRlcnNTZWFyY2hfNiR1Y015T3JkZXJBZHZhbmNlZFNlYXJjaCRkZGxBZHZhbmNlZFNlYXJjaE9yZGVyU3RhdHVzIiBEaXNwbGF5TmFtZT0iIiBEZXNjcmlwdGlvbj0iIj4NCiAgICAgICAgICA8UnVsZVBhcmFtZXRlcnM+DQogICAgICAgICAgICA8UnVsZVBhcmFtZXRlciBOYW1lPSJTdGFydHNXaXRoIiBWYWx1ZT0ibHVlPSZxdW90OyIgLz4NCiAgICAgICAgICAgIDxSdWxlUGFyYW1ldGVyIE5hbWU9IkVuZHNXaXRoIiBWYWx1ZT0iJnF1b3Q7Jmd0O0FsbCIgLz4NCiAgICAgICAgICAgIDxSdWxlUGFyYW1ldGVyIE5hbWU9IkluZGV4IiBWYWx1ZT0iNCIgLz4NCiAgICAgICAgICAgIDxSdWxlUGFyYW1ldGVyIE5hbWU9Iklnbm9yZUNhc2UiIFZhbHVlPSJGYWxzZSIgLz4NCiAgICAgICAgICAgIDxSdWxlUGFyYW1ldGVyIE5hbWU9IlVzZVJlZ3VsYXJFeHByZXNzaW9uIiBWYWx1ZT0iRmFsc2UiIC8+DQogICAgICAgICAgICA8UnVsZVBhcmFtZXRlciBOYW1lPSJIdG1sRGVjb2RlIiBWYWx1ZT0iVHJ1ZSIgLz4NCiAgICAgICAgICAgIDxSdWxlUGFyYW1ldGVyIE5hbWU9IlJlcXVpcmVkIiBWYWx1ZT0iRmFsc2UiIC8+DQogICAgICAgICAgPC9SdWxlUGFyYW1ldGVycz4NCiAgICAgICAgPC9FeHRyYWN0aW9uUnVsZT4NCiAgICAgICAgPEV4dHJhY3Rpb25SdWxlIENsYXNzbmFtZT0iTWljcm9zb2Z0LlZpc3VhbFN0dWRpby5UZXN0VG9vbHMuV2ViVGVzdGluZy5SdWxlcy5FeHRyYWN0VGV4dCwgTWljcm9zb2Z0LlZpc3VhbFN0dWRpby5RdWFsaXR5VG9vbHMuV2ViVGVzdEZyYW1ld29yaywgVmVyc2lvbj0xMC4wLjAuMCwgQ3VsdHVyZT1uZXV0cmFsLCBQdWJsaWNLZXlUb2tlbj1iMDNmNWY3ZjExZDUwYTNhIiBWYXJpYWJsZU5hbWU9IkZvcm1Qb3N0UGFyYW0yOS5jdGwwMCRjdGwwMCRjdGwwMCRDb250ZW50UGxhY2VIb2xkZXJEZWZhdWx0JE1hc3RlclBsYWNlaG9sZGVyJE15T3JkZXJzU2VhcmNoXzYkdWNNeU9yZGVyQWR2YW5jZWRTZWFyY2gkZGRsQWR2YW5jZWRTZWFyY2hHcm91cCIgRGlzcGxheU5hbWU9IiIgRGVzY3JpcHRpb249IiI+DQogICAgICAgICAgPFJ1bGVQYXJhbWV0ZXJzPg0KICAgICAgICAgICAgPFJ1bGVQYXJhbWV0ZXIgTmFtZT0iU3RhcnRzV2l0aCIgVmFsdWU9Imx1ZT0mcXVvdDsiIC8+DQogICAgICAgICAgICA8UnVsZVBhcmFtZXRlciBOYW1lPSJFbmRzV2l0aCIgVmFsdWU9IiZxdW90OyZndDtBbGwiIC8+DQogICAgICAgICAgICA8UnVsZVBhcmFtZXRlciBOYW1lPSJJbmRleCIgVmFsdWU9IjQiIC8+DQogICAgICAgICAgICA8UnVsZVBhcmFtZXRlciBOYW1lPSJJZ25vcmVDYXNlIiBWYWx1ZT0iRmFsc2UiIC8+DQogICAgICAgICAgICA8UnVsZVBhcmFtZXRlciBOYW1lPSJVc2VSZWd1bGFyRXhwcmVzc2lvbiIgVmFsdWU9IkZhbHNlIiAvPg0KICAgICAgICAgICAgPFJ1bGVQYXJhbWV0ZXIgTmFtZT0iSHRtbERlY29kZSIgVmFsdWU9IlRydWUiIC8+DQogICAgICAgICAgICA8UnVsZVBhcmFtZXRlciBOYW1lPSJSZXF1aXJlZCIgVmFsdWU9IkZhbHNlIiAvPg0KICAgICAgICAgIDwvUnVsZVBhcmFtZXRlcnM+DQogICAgICAgIDwvRXh0cmFjdGlvblJ1bGU+DQogICAgICAgIDxFeHRyYWN0aW9uUnVsZSBDbGFzc25hbWU9Ik1pY3Jvc29mdC5WaXN1YWxTdHVkaW8uVGVzdFRvb2xzLldlYlRlc3RpbmcuUnVsZXMuRXh0cmFjdFRleHQsIE1pY3Jvc29mdC5WaXN1YWxTdHVkaW8uUXVhbGl0eVRvb2xzLldlYlRlc3RGcmFtZXdvcmssIFZlcnNpb249MTAuMC4wLjAsIEN1bHR1cmU9bmV1dHJhbCwgUHVibGljS2V5VG9rZW49YjAzZjVmN2YxMWQ1MGEzYSIgVmFyaWFibGVOYW1lPSJGb3JtUG9zdFBhcmFtMzAuY3RsMDAkY3RsMDAkY3RsMDAkQ29udGVudFBsYWNlSG9sZGVyRGVmYXVsdCRNYXN0ZXJQbGFjZWhvbGRlciRNeU9yZGVyc1NlYXJjaF82JHVjTXlPcmRlckFkdmFuY2VkU2VhcmNoJGRkbEFkdmFuY2VkU2VhcmNoRW50cmllcyIgRGlzcGxheU5hbWU9IiIgRGVzY3JpcHRpb249IiI+DQogICAgICAgICAgPFJ1bGVQYXJhbWV0ZXJzPg0KICAgICAgICAgICAgPFJ1bGVQYXJhbWV0ZXIgTmFtZT0iU3RhcnRzV2l0aCIgVmFsdWU9Imx1ZT0mcXVvdDsiIC8+DQogICAgICAgICAgICA8UnVsZVBhcmFtZXRlciBOYW1lPSJFbmRzV2l0aCIgVmFsdWU9IiZxdW90OyZndDsxMDAiIC8+DQogICAgICAgICAgICA8UnVsZVBhcmFtZXRlciBOYW1lPSJJbmRleCIgVmFsdWU9IjE1IiAvPg0KICAgICAgICAgICAgPFJ1bGVQYXJhbWV0ZXIgTmFtZT0iSWdub3JlQ2FzZSIgVmFsdWU9IkZhbHNlIiAvPg0KICAgICAgICAgICAgPFJ1bGVQYXJhbWV0ZXIgTmFtZT0iVXNlUmVndWxhckV4cHJlc3Npb24iIFZhbHVlPSJGYWxzZSIgLz4NCiAgICAgICAgICAgIDxSdWxlUGFyYW1ldGVyIE5hbWU9Ikh0bWxEZWNvZGUiIFZhbHVlPSJUcnVlIiAvPg0KICAgICAgICAgICAgPFJ1bGVQYXJhbWV0ZXIgTmFtZT0iUmVxdWlyZWQiIFZhbHVlPSJGYWxzZSIgLz4NCiAgICAgICAgICA8L1J1bGVQYXJhbWV0ZXJzPg0KICAgICAgICA8L0V4dHJhY3Rpb25SdWxlPg0KICAgICAgPC9Db3JyZWxhdGlvbkV4dHJhY3Rpb25SdWxlcz4NCiAgICAgIDxGb3JtUG9zdEh0dHBCb2R5Pg0KICAgICAgICA8Rm9ybVBvc3RQYXJhbWV0ZXIgTmFtZT0iX19FVkVOVFRBUkdFVCIgVmFsdWU9Int7JEhJRERFTjEuX19FVkVOVFRBUkdFVH19IiBSZWNvcmRlZFZhbHVlPSJjdGwwMCRjdGwwMCRjdGwwMCRDb250ZW50UGxhY2VIb2xkZXJEZWZhdWx0JFRvcExvZ2dlZEluXzEkbG5iVG9wTG9nZ2VkSW5NeU9yZGVycyIgQ29ycmVsYXRpb25CaW5kaW5nPSIiIFVybEVuY29kZT0iVHJ1ZSIgLz4NCiAgICAgICAgPEZvcm1Qb3N0UGFyYW1ldGVyIE5hbWU9Il9fRVZFTlRBUkdVTUVOVCIgVmFsdWU9Int7JEhJRERFTjEuX19FVkVOVEFSR1VNRU5UfX0iIFJlY29yZGVkVmFsdWU9IiIgQ29ycmVsYXRpb25CaW5kaW5nPSIiIFVybEVuY29kZT0iVHJ1ZSIgLz4NCiAgICAgICAgPEZvcm1Qb3N0UGFyYW1ldGVyIE5hbWU9Il9fVklFV1NUQVRFIiBWYWx1ZT0ie3skSElEREVOMS5fX1ZJRVdTVEFURX19IiBSZWNvcmRlZFZhbHVlPSIvd0VQRHdVRU5UTTRNUTlrRmdKbUQyUVdBbVlQWkJZQ1pnOWtGZ0ptRDJRV0FnSUREeFlHSGdadmJteHZZV1FGUDJsbUtIUjVjR1Z2WmlCUGJrSmhZMnRDZFhSMGIyNURiR2xqYXlBOVBTQWlablZ1WTNScGIyNGlLU0JQYmtKaFkydENkWFIwYjI1RGJHbGpheWdwT3g0S2IyNXdZV2RsYzJodmR3VlRhV1lnS0dWMlpXNTBMbkJsY25OcGMzUmxaQ0FtSmlCMGVYQmxiMllnVDI1Q1lXTnJRblYwZEc5dVEyeHBZMnNnUFQwZ0ltWjFibU4wYVc5dUlpa2dUMjVDWVdOclFuVjBkRzl1UTJ4cFkyc29LVHNlQ0c5dWRXNXNiMkZrWlJZQ0FnRVFaR1FXQ2dJSUQyUVdBbVlQWkJZU0FnSVBGUUZYUTI5dWRHVnVkRkJzWVdObFNHOXNaR1Z5UkdWbVlYVnNkRjlVYjNCTWIyZG5aV1JKYmw4eFgzQnViRVJ5WVdkaFlteGxWMmx1Wkc5M1EyOXVkR1Z1ZEY5SmJteHBibVZOWlhOellXZGxRMjl1ZEdGcGJtVnlaQUlERDJRV0FnSUJEdzhXQWg0RVZHVjRkQVVHVEc5bmIzVjBaR1FDQlE4UEZnSWVCMVpwYzJsaWJHVm5aQllDQWdFUER4WUdIZ3RPWVhacFoyRjBaVlZ5YkFVVWZpOWhaRzFwYmk5M1pXeGpiMjFsTG1GemNIZ2ZBd1VPUVdSdGFXNXBjM1J5WVhScGIyNGZCR2RrWkFJSER3OFdBaDhFWjJRV0JnSUJEeFlDSHdNRkJVaGxiR3h2WkFJRER4WUNId01GRlhCdWRHVnpkR1l3TURFZ2NHNTBaWE4wYkRBd01XUUNCUThXQWg0SmFXNXVaWEpvZEcxc0JRMUJZMk52ZFc1MElFbEVJRG9nWkFJSkQyUVdDQUlCRHhZQ0h3TUZBeW9xS21RQ0F3OFBGZ0lmQTJWa1pBSUZEdzhXQWg4REJSRW9ZbVZqYjIxbElIbHZkWEp6Wld4bUtXUmtBZ2NQRmdJZkF3VURLaW9xWkFJTkR3OFdBaDhFWjJRV0FnSUJEdzhXQkI4REJReE5lU0JFWVhOb1ltOWhjbVFmQkdka1pBSVBEdzhXQWg4RVoyUVdBZ0lCRHc4V0NCNElRM056UTJ4aGMzTUZEV1ZtUTI5c2IzSlBjbUZ1WjJVZkF3VUpUWGtnVDNKa1pYSnpIZ1JmSVZOQ0FnSWZCR2RrWkFJUkR3OFdBaDhFWjJRV0FnSUJEdzhXQkI4REJReE5lU0JCWkdSeVpYTnpaWE1mQkdka1pBSVREdzhXQWg4RVoyUVdBZ0lCRHc4V0JCOERCUTVOZVNCUWNtVm1aWEpsYm1ObGN4OEVaMlJrQWdvUFpCWUNaZzhQRmdJZkJHaGtGZ1lDQXc4UEZnSWZCUVVqTDJWdUwyTm9aV05yYjNWMEwzTjBaWEF4TG1GemNIZy9ibTlrWlVsa1BURXpNamxrWkFJRkR3OWtGZ0llQkdoeVpXWUZBU05rQWdrUEQyUVdBaDRGZEdsMGJHVUZCVXh2WjJsdUZnZ0NBUThQRmdZZkF3VUdSVzFoYVd3Nkh3Y0ZGeUJ5WlhGMWFYSmxaRVpwWld4a1EyaGhjbUZqZEdWeUh3Z0NBbVJrQWdrUER4WUdId01GQTNzd2ZSOEhCUmNnY21WeGRXbHlaV1JHYVdWc1pFTm9ZWEpoWTNSbGNoOElBZ0prWkFJUkR3OFdBaDhGQlJjdlpXNHZabTl5WjI5MGNHRnpjM2R2Y21RdVlYTndlR1JrQWhNUER4WUNId1VGSXk5bGJpOWphR1ZqYTI5MWRDOXpkR1Z3TVM1aGMzQjRQMjV2WkdWSlpEMHhNekk1WkdRQ0RBOWtGZ0ptRDJRV0RBSUlEdzhXQkI4SEJRMWpZWEowTFdsamIyNUdkV3hzSHdnQ0FtUVdBZ0lCRHc4V0FoOEZCUTB2Wlc0dlkyRnlkQzVoYzNCNFpHUUNDZzhXQWg4REJRa3hJRWwwWlcwb2N5bGtBZ3dQRmdJZkF3VUtPVGt5TERBd0lPS0NyR1FDRGc4UEZnSWZCR2RrRmdnQ0FROWtGZ0lDQVE4V0FoOERCUkJNWVhOMElHRmtaR1ZrSUdsMFpXMXpaQUlERHhZQ0h3WUZ5UVE4WkdsMklHTnNZWE56UFNkc1pXWjBKejQ1Tm5kbGJHd2dRV2RoY2lCUWJHRjBaVHd2WkdsMlBqeGthWFlnWTJ4aGMzTTlKM0pwWjJoMEp6NDhZU0JvY21WbVBTY2pKeUJ2Ym1Oc2FXTnJQU2RUYUc5M1JHbGhiRzluS0NJOGNENUVieUI1YjNVZ2NtVmhiR3g1SUhkaGJuUWdkRzhnWkdWc1pYUmxJSFJvYVhNZ2FYUmxiU2h6S1Q4OEwzQStJaXg3SWtScFlXeHZaME5zWVhOeklqb2lJaXdpU0dWcFoyaDBJam9pWVhWMGJ5SXNJazF2WkdGc0lqcDBjblZsTENKUWIzTnBkR2x2YmlJNkltTmxiblJsY2lJc0lsZHBaSFJvSWpvaU16QXdJaXdpUTJ4dmMyRmliR1VpT25SeWRXVXNJbFJwZEd4bElqb2lSR1ZzWlhSbElpd2lRblYwZEc5dU1WUmxlSFFpT2lKWlpYTWlMQ0pDZFhSMGIyNHlWR1Y0ZENJNklrNXZJaXdpUW5WMGRHOXVNVU5oYkd4aVlXTnJJam9pUkdWc1pYUmxUM0prWlhKSmRHVnRJaXdpUW5WMGRHOXVNa05oYkd4aVlXTnJJanB1ZFd4c0xDSkNkWFIwYjI0eFEyRnNiR0poWTJ0UVlYSmhiV1YwWlhKeklqb2llMXdpU1dSY0lqb3pOakkwTXpsOUlpd2lRblYwZEc5dU1rTmhiR3hpWVdOclVHRnlZVzFsZEdWeWN5STZiblZzYkN3aVVtVnphWHBoWW14bElqcG1ZV3h6WlN3aVJISmhaMmRoWW14bElqcG1ZV3h6WlN3aVFYVjBiMDl3Wlc0aU9tWmhiSE5sTENKQmNIQmxibVJVYnlJNkltSnZaSGtpTENKTllYaElaV2xuYUhRaU9qUXdNQ3dpVFdGNFYybGtkR2dpT2pNd01Dd2lUV2x1U0dWcFoyaDBJam94TlRBc0lrMXBibGRwWkhSb0lqb3hOVEI5S1RzblBuZzhMMkUrUEM5a2FYWStEUXBrQWdVUER4WUVId1VGRFM5bGJpOWpZWEowTG1GemNIZ2ZBd1VFUTJGeWRHUmtBZ2NQRHhZR0h3TUZDRU5vWldOcmIzVjBIZ2RGYm1GaWJHVmtaeDhFWnhZQ0hnZFBia05zYVdOckJaY3NjbVYwZFhKdUlGWmhiR2xrWVhSbFNYUmxiWE5VYjBOb1pXTnJUM1YwVDNKUmRXOTBaU2g3SWtOc2IzTmxRblYwZEc5dVZHVjRkQ0k2SWtOc2IzTmxJaXdpUVd4bGNuUk5aWE56WVdkbFZHbDBiR1VpT2lKQmJHVnlkQ0JOWlhOellXZGxJaXdpUTJobFkydHZkWFJUZEdGMFpVVnVkVzBpT25zaVNXNTJZV3hwWkNJNklrbHVkbUZzYVdRaUxDSlJkVzkwWVdKc1pVOXViSGtpT2lKUmRXOTBZV0pzWlU5dWJIa2lMQ0pQY21SbGNtRmliR1ZQYm14NUlqb2lUM0prWlhKaFlteGxUMjVzZVNJc0lrOXlaR1Z5WVdKc1pVRnVaRkYxYjNSaFlteGxJam9pVDNKa1pYSmhZbXhsUVc1a1VYVnZkR0ZpYkdVaUxDSk9iM1JQY21SbGNtRmliR1ZCYm1SUmRXOTBZV0pzWlNJNklrNXZkRTl5WkdWeVlXSnNaVUZ1WkZGMWIzUmhZbXhsSWl3aVRtOTBUM0prWlhKaFlteGxRVzVrVVhWdmRHRmliR1ZYYVhSb1NXNTJZV3hwWkNJNklrNXZkRTl5WkdWeVlXSnNaVUZ1WkZGMWIzUmhZbXhsVjJsMGFFbHVkbUZzYVdRaUxDSkdaWGRQY21SbGNtRmliR1ZQYm14NUlqb2lSbVYzVDNKa1pYSmhZbXhsVDI1c2VTSXNJa1psZDA5eVpHVnlZV0pzWlVGdVpFWmxkMUYxYjNSaFlteGxJam9pUm1WM1QzSmtaWEpoWW14bFFXNWtSbVYzVVhWdmRHRmliR1VpTENKR1pYZFJkVzkwWVdKc1pVOXViSGxYYVhSb1NXNTJZV3hwWkNJNklrWmxkMUYxYjNSaFlteGxUMjVzZVZkcGRHaEpiblpoYkdsa0lpd2lSbVYzVDNKa1pYSmhZbXhsVDI1c2VWZHBkR2hKYm5aaGJHbGtJam9pUm1WM1QzSmtaWEpoWW14bFQyNXNlVmRwZEdoSmJuWmhiR2xrSWl3aVJtVjNUM0prWlhKaFlteGxRVzVrUm1WM1VYVnZkR0ZpYkdWWGFYUm9TVzUyWVd4cFpDSTZJa1psZDA5eVpHVnlZV0pzWlVGdVpFWmxkMUYxYjNSaFlteGxWMmwwYUVsdWRtRnNhV1FpTENKR1pYZFBjbVJsY21GaWJHVkJibVJCYkd4UmRXOTBZV0pzWlNJNklrWmxkMDl5WkdWeVlXSnNaVUZ1WkVGc2JGRjFiM1JoWW14bElpd2lRV3hzVDNKa1pYSmhZbXhsUVc1a1JtVjNVWFZ2ZEdGaWJHVWlPaUpCYkd4UGNtUmxjbUZpYkdWQmJtUkdaWGRSZFc5MFlXSnNaU0o5TENKSmRHVnRVM1JoZEdWRmJuVnRJanA3SWtsdWRtRnNhV1FpT2lKSmJuWmhiR2xrSWl3aVVYVnZkR0ZpYkdWUGJteDVJam9pVVhWdmRHRmliR1ZQYm14NUlpd2lUM0prWlhKaFlteGxUMjVzZVNJNklrOXlaR1Z5WVdKc1pVOXViSGtpTENKUGNtUmxjbUZpYkdWQmJtUlJkVzkwWVdKc1pTSTZJazl5WkdWeVlXSnNaVUZ1WkZGMWIzUmhZbXhsSWl3aVRtOTBUM0prWlhKaFlteGxRVzVrVVhWdmRHRmliR1VpT2lKT2IzUlBjbVJsY21GaWJHVkJibVJSZFc5MFlXSnNaU0lzSWs1dmRFOXlaR1Z5WVdKc1pVRnVaRkYxYjNSaFlteGxWMmwwYUVsdWRtRnNhV1FpT2lKT2IzUlBjbVJsY21GaWJHVkJibVJSZFc5MFlXSnNaVmRwZEdoSmJuWmhiR2xrSWl3aVJtVjNUM0prWlhKaFlteGxUMjVzZVNJNklrWmxkMDl5WkdWeVlXSnNaVTl1YkhraUxDSkdaWGRQY21SbGNtRmliR1ZCYm1SR1pYZFJkVzkwWVdKc1pTSTZJa1psZDA5eVpHVnlZV0pzWlVGdVpFWmxkMUYxYjNSaFlteGxJaXdpUm1WM1VYVnZkR0ZpYkdWUGJteDVWMmwwYUVsdWRtRnNhV1FpT2lKR1pYZFJkVzkwWVdKc1pVOXViSGxYYVhSb1NXNTJZV3hwWkNJc0lrWmxkMDl5WkdWeVlXSnNaVTl1YkhsWGFYUm9TVzUyWVd4cFpDSTZJa1psZDA5eVpHVnlZV0pzWlU5dWJIbFhhWFJvU1c1MllXeHBaQ0lzSWtabGQwOXlaR1Z5WVdKc1pVRnVaRVpsZDFGMWIzUmhZbXhsVjJsMGFFbHVkbUZzYVdRaU9pSkdaWGRQY21SbGNtRmliR1ZCYm1SR1pYZFJkVzkwWVdKc1pWZHBkR2hKYm5aaGJHbGtJaXdpUm1WM1QzSmtaWEpoWW14bFFXNWtRV3hzVVhWdmRHRmliR1VpT2lKR1pYZFBjbVJsY21GaWJHVkJibVJCYkd4UmRXOTBZV0pzWlNJc0lrRnNiRTl5WkdWeVlXSnNaVUZ1WkVabGQxRjFiM1JoWW14bElqb2lRV3hzVDNKa1pYSmhZbXhsUVc1a1JtVjNVWFZ2ZEdGaWJHVWlmU3dpYUdSdVJtbGxiR1JUWld4bFkzUmxaRTl5WkdWeVNYUmxiVU5vWldOcmIzVjBVM1JoZEdWelEyeHBaVzUwU1dRaU9pSkRiMjUwWlc1MFVHeGhZMlZJYjJ4a1pYSkVaV1poZFd4MFgwTmhjblJQZG1WeWRtbGxkMTh6WDJoa2JrWnBaV3hrVTJWc1pXTjBaV1JQY21SbGNrbDBaVzFEYUdWamEyOTFkRk4wWVhSbGN5SXNJbWhrYmtacFpXeGtVMlZzWldOMFpXUkpkR1Z0U1dSelEyeHBaVzUwU1dRaU9pSkRiMjUwWlc1MFVHeGhZMlZJYjJ4a1pYSkVaV1poZFd4MFgwTmhjblJQZG1WeWRtbGxkMTh6WDJoa2JrWnBaV3hrVTJWc1pXTjBaV1JKZEdWdFNXUnpJaXdpVDNKa1pYSlRaV3hsWTNSbFpGQnliMlIxWTNSeklqb3hMQ0pEYjI1bWFYSnRZWFJwYjI1VWFYUnNaVkpsYzI5MWNtTmxJam9pUTI5dVptbHliV0YwYVc5dUlpd2lVSEp2WTJWbFpFSjFkSFJ2YmxSbGVIUWlPaUpRY205alpXVmtJaXdpVUhKdlkyVmxaRUoxZEhSdmJrTmhiR3hpWVdOcklqb2lWbUZzYVdSaGRHVkpkR1Z0YzFSdlEyaGxZMnRQZFhSUGNsRjFiM1JsSWl3aVNXNTJZV3hwWkVsMFpXMXpVMlZzWldOMFpXUkdiM0pEYUdWamEyOTFkRkpsYzI5MWNtTmxJam9pVkdobGNtVWdZWEpsSUhOdmJXVWdhVzUyWVd4cFpDQnBkR1Z0Y3lCamFHOXpaVzRnWm05eUlHTm9aV05yYjNWMElpd2lUbTlQY21SbGNtRmliR1ZKZEdWdGMxTmxiR1ZqZEdWa1JtOXlRMmhsWTJ0dmRYUlNaWE52ZFhKalpTSTZJazV2SUhaaGJHbGtJRzl5WkdWeVlXSnNaU0JwZEdWdGN5QmhjbVVnWTJodmMyVnVJR1p2Y2lCdmNtUmxjaUJ3Y205alpYTnpJaXdpVG05UmRXOTBZV0pzWlVsMFpXMXpVMlZzWldOMFpXUkdiM0pEYUdWamEyOTFkRkpsYzI5MWNtTmxJam9pVG04Z2RtRnNhV1FnY1hWdmRHRmliR1VnYVhSbGJYTWdZWEpsSUdOb2IzTmxiaUJtYjNJZ2NYVnZkR1VnY0hKdlkyVnpjeUlzSWs5eVpHVnlZV0pzWlVGdVpFNXZiazl5WkdWeVlXSnNaVWwwWlcxelUyVnNaV04wWldSR2IzSkRhR1ZqYTI5MWRGSmxjMjkxY21ObElqb2lXVzkxSUdOaGJpQmxhWFJvWlhJZ0ozQnliMk5sWldRbklIZHBkR2dnYjNKa1pYSWdjSEp2WTJWemN5QnZaaUIwYUdVZ2IzSmtaWEpoWW14bElHbDBaVzF6SUc5eUlHVmthWFFnZEdobElHNXZiaTF2Y21SbGNtRmliR1VnYVhSbGJYTWlMQ0pSZFc5MFlXSnNaVUZ1WkU1dmJsRjFiM1JoWW14bFNYUmxiWE5UWld4bFkzUmxaRVp2Y2tOb1pXTnJiM1YwVW1WemIzVnlZMlVpT2lKWmIzVWdZMkZ1SUdWcGRHaGxjaUFuY0hKdlkyVmxaQ2NnZDJsMGFDQnhkVzkwWlNCd2NtOWpaWE56SUc5bUlIUm9aU0J4ZFc5MFlXSnNaU0JwZEdWdGN5QnZjaUJsWkdsMElIUm9aU0J1YjI0dGNYVnZkR0ZpYkdVZ2FYUmxiWE1pTENKUmRXOTBaVk5sYkdWamRHVmtVSEp2WkhWamRITWlPaklzSWs1dlNYUmxiWE5UWld4bFkzUmxaQ0k2SWs1dklFbDBaVzF6SUZObGJHVmpkR1ZrTGlCUWJHVmhjMlVnWTJodmIzTmxJRzl1WlNBb2IzSXBJRzF2Y21VZ2FYUmxiWE1nZEc4Z2NHVnlabTl5YlNCMGFHVWdZV04wYVc5dUxpSXNJa05oY25SQlkzUnBiMjVFWld4bGRHVlRaV3hsWTNSbFpGQnliMlIxWTNSeklqbzFMQ0pYYVhOb1RHbHpkRUZqZEdsdmJuTkVaV3hsZEdWVFpXeGxZM1JsWkZCeWIyUjFZM1J6SWpveUxDSkVaV3hsZEdWRGIyNW1hWEp0WVhScGIyNU5aWE56WVdkbFVtVnpiM1Z5WTJVaU9pSThjRDVFYnlCNWIzVWdjbVZoYkd4NUlIZGhiblFnZEc4Z1pHVnNaWFJsSUhSb2FYTWdhWFJsYlNoektUODhMM0ErSWl3aVJHVnNaWFJsUTI5dVptbHliV0YwYVc5dVRtOUNkWFIwYjI1U1pYTnZkWEpqWlNJNklrNXZJaXdpUkdWc1pYUmxRMjl1Wm1seWJXRjBhVzl1V1dWelFuVjBkRzl1VW1WemIzVnlZMlVpT2lKWlpYTWlMQ0pFWld4bGRHVkRiMjVtYVhKdFlYUnBiMjVJWldGa1pYSlVaWGgwVW1WemIzVnlZMlVpT2lKRVpXeGxkR1VpTENKRFlYSjBRV04wYVc5dUlqb3hMQ0pEYUdWamEyOTFkRUoxZEhSdmJsTmpjbWx3ZENJNmJuVnNiQ3dpUTJobFkydHZkWFJUWlhGMVpXNWphVzVuUVc1a1VISnBiV1Z5VUc5d2RYQk5aWE56WVdkbFNHVmhaR1Z5SWpvaUlpd2lRMmhsWTJ0dmRYUlRaWEYxWlc1amFXNW5RVzVrVUhKcGJXVnlVRzl3ZFhCTlpYTnpZV2RsU0dWaFpHVnlTVzVtYjNKdFlYUnBiMjRpT2lKSmRDQnBjeUJ1YjNRZ2NHOXpjMmxpYkdVZ2RHOGdZMmhsWTJ0dmRYUWdMeUJ4ZFc5MFpTQnpaWEYxWlc1amFXNW5JSEpsWVdOMGFXOXVjeUIzYVhSb2IzVjBJSEJ5YVcxbGNuTWdkMmhwWTJnZ1lYSmxJR0Z6YzI5amFXRjBaV1FnZEc4Z2MyVnNaV04wWldRZ2MyVnhkV1Z1WTJsdVp5QnBkR1Z0Y3lCcGJpQjBhR2x6SUc5eVpHVnlPaUE4TDJKeVBqd3ZZbkkrSWl3aVEyaGxZMnR2ZFhSVFpYRjFaVzVqYVc1blFXNWtVSEpwYldWeVVHOXdkWEJOWlhOellXZGxSbTl2ZEdWeVNXNW1iM0p0WVhScGIyNGlPaUlpTENKRGFHVmphMjkxZEZObGNYVmxibU5wYm1kQmJtUlFjbWx0WlhKUWIzQjFjRTFsYzNOaFoyVkRiRzl6WlVKMWRIUnZibFJsZUhRaU9pSWlMQ0pEYUdWamEyOTFkRk5sY1hWbGJtTnBibWRCYm1SUWNtbHRaWEpRYjNCMWNFWnZjbTFoZEUxbGMzTmhaMlVpT2lJaUxDSkRhR1ZqYTI5MWRGQnlhVzFsY2tGc2IyNWxVRzl3ZFhCTlpYTnpZV2RsUTJ4dmMyVkNkWFIwYjI1VVpYaDBJam9pSWl3aVEyaGxZMnR2ZFhSUWNtbHRaWEpCYkc5dVpWQnZjSFZ3VFdWemMyRm5aU0k2SWxCeWFXMWxjaUJoYkc5dVpTQmpZVzV1YjNRZ1ltVWdZMmhsWTJ0bFpDQnZkWFF1SUZCc1pXRnpaU0J6Wld4bFkzUWdZWFJzWldGemRDQnZibVVnWVhOemIyTnBZWFJsWkNCelpYRjFaVzVqYVc1bklFbDBaVzB1SWl3aVEyaGxZMnR2ZFhSUWNtbHRaWEpCYkc5dVpWQnZjSFZ3VFdWemMyRm5aVWhsWVdSbGNpSTZJbEJzWldGelpTQk9iM1JsSWl3aVFtRnlRMjlrWlZaaGJHbGtZWFJwYjI1UWIzQjFjRU5zYjNObFFuVjBkRzl1VkdWNGRDSTZJazlySWl3aVFtRnlRMjlrWlZaaGJHbGtZWFJwYjI1UWIzQjFjRTFsYzNOaFoyVWlPaUpDWVhKamIyUmxJR1p2Y2lCVFpXeGxZM1JsWkNCSmRHVnRJR2x6SUdsdWRtRnNhV1FpTENKQ1lYSkRiMlJsVm1Gc2FXUmhkR2x2YmxCdmNIVndUV1Z6YzJGblpVaGxZV1JsY2lJNklsQnNaV0Z6WlNCT2IzUmxJaXdpVTJGdFpVUmhlVVJsYkdsMlpYSjVWbUZzYVdSaGRHbHZibEJ2Y0hWd1IyOUNZV05yUW5WMGRHOXVWR1Y0ZENJNklsZGhhWFFnZFc1MGFXd2dZV3hzSUU5eVpHVnljeUJoY21VZ1ptbHVhWE5vWldRZ2RHOGdVMmhwY0NCdmJtTmxJaXdpVTJGdFpVUmhlVVJsYkdsMlpYSjVWbUZzYVdSaGRHbHZibEJ2Y0hWd1EyaGxZMnR2ZFhSQ2RYUjBiMjVVWlhoMElqb2lRMmhsWTJ0dmRYUWdVMkZ0WlNCRVlYa2dUMnhwWjI5eklFOXViSGtpTENKVFlXMWxSR0Y1UkdWc2FYWmxjbmxXWVd4cFpHRjBhVzl1VUc5d2RYQk5aWE56WVdkbFNHVmhaR1Z5SWpvaVVHeGxZWE5sSUhObGJHVmpkQ0lzSWxOaGJXVkVZWGxFWld4cGRtVnllVlpoYkdsa1lYUnBiMjVRYjNCMWNFMWxjM05oWjJWRVpYTmpjbWx3ZEdsdmJpSTZJbGx2ZFhJZ1kyRnlkQ0JqYjI1MFlXbHVjeUJ6WVcxbElHUmhlU0J2YkdsbmIzTXNJSGRvYVdOb0lHNWxaV1FnZEc4Z1ltVWdZMmhsWTJ0bFpDQnZkWFFnYzJWd1pYSmhkR1ZzZVNCcGJpQnZjbVJsY2lCMGJ5Qmxibk4xY21VZ2RHaGxJR1poYzNSbGMzUWdaR1ZzYVhabGNua3VJRlJvWlNCdmRHaGxjaUJwZEdWdGN5QjNhV3hzSUdKbElIZGhhWFJwYm1jZ2FXNGdlVzkxY2lCallYSjBJSGRvWlc0Z2VXOTFJSEpsZEhWeWJpQnNZWFJsY2k0Z1BITndZVzRnWTJ4aGMzTTlYQ0owYjI5c2RHbHdYMlJwWVd4dloxd2lJSFJwZEd4bFBWd2lSWGh3YkdGcGJpQmlkWFIwYjI0Z1pHVnpZM0pwY0hScGIyNGdhR1Z5WlNCdmJteDVYQ0lnUGp3dmMzQmhiajRpTENKU1pYVnpaV1JKZEdWdGMxWmhiR2xrWVhScGIyNVFiM0IxY0VOc2IzTmxRblYwZEc5dVZHVjRkQ0k2SWs5cklpd2lVbVYxYzJWa1NYUmxiWE5XWVd4cFpHRjBhVzl1VUc5d2RYQk5aWE56WVdkbElqb2lUMjl3Y3lBaElGTnZiV1VnYjNJZ1lXeHNJRzltSUhObGJHVmpkR1ZrSUhKbGRYTmxaQ0JwZEdWdEozTWdiM0pwWjJsdVlXd2dZMjl1ZEdGcGJtVnljeUJoY21VZ1pYaHdhWEpsWkM0Z1dXOTFjaUJqWVhKMElIZHBiR3dnWW1VZ2RYQmtZWFJsWkNCaGRYUnZiV0YwYVdOaGJHeDVJR0Z1WkNCallYSjBJSGRwYkd3Z1ltVWdjbVZzYjJGa1pXUXVJRVY0Y0dseVpXUWdhWFJsYlNCT1lXMWxjeUJoY21VZ0xUNGlMQ0pTWlhWelpXUkpkR1Z0YzFaaGJHbGtZWFJwYjI1UWIzQjFjRTFsYzNOaFoyVklaV0ZrWlhJaU9pSlFiR1ZoYzJVZ1RtOTBaU0lzSWtWNGNHbHlaV1JRY21sdFpYSlFiM0IxY0VOc2IzTmxRblYwZEc5dVZHVjRkQ0k2SWs5cklpd2lSWGh3YVhKbFpGQnlhVzFsY2xCdmNIVndUV1Z6YzJGblpWUmxlSFFpT2lKUWNtbHRaWElnYVhNZ1pYaHdhWEpsWkNCbWIzSWdkR2hsSUc5dVpTQnZaaUIwYUdVZ2MyVnNaWFJsWkNCelpYRjFaVzVqYVc1bklHbDBaVzB1SUhCc1pXRnpaU0J6Wld4bFkzUWdZVzV2ZEdobGNpQndjbWx0WlhJZ2IzSWdiM0prWlhJZ2JtVjNJSEJ5YVcxbGNpNGlMQ0pGZUhCcGNtVmtVSEpwYldWeVVHOXdkWEJOWlhOellXZGxTR1ZoWkdWeVZHVjRkQ0k2SWxCc1pYTmxJRTV2ZEdVaUxDSkRZWEowVUdGblpWVlNUQ0k2SWk5bGJpOWpZWEowTG1GemNIZ2lMQ0pOYVc1cGJYVnRVR3hoZEdWVFlXMXdiR1Z6VUdWeVEyaGxZMnR2ZFhRaU9qUTRMQ0pRYkdGMFpWTmhiWEJzWlVOdmRXNTBJanB1ZFd4c0xDSkpjMU5wYm1kc1pWQnNZWFJsVjJsMGFGWmhiR2xrVTJGdGNHeGxRMjkxYm5RaU9tWmhiSE5sTENKTmFXNVFiR0YwWlZOaGJYQnNaWE5RYjNCMWNFWnZjbTFoZEUxbGMzTmhaMlVpT2lJaUxDSk5hVzVRYkdGMFpWTmhiWEJzWlhOUWIzQjFjRVp2Y20xaGRFMWxjM05oWjJWRGJHOXpaVUoxZEhSdmJsUmxlSFFpT2lJaUxDSk5hVzVRYkdGMFpWTmhiWEJzWlhOUWIzQjFjRVp2Y20xaGRFMWxjM05oWjJWSVpXRmtaWElpT2lJaUxDSk5ZWGhwYlhWdFRuVnRZbVZ5VDJaUWJHRjBaWE5RWlhKRGFHVmphMjkxZENJNk15d2lVR3hoZEdWelEyOTFiblJHYjNKRGRYSnlaVzUwVDNKa1pYSWlPbTUxYkd3c0lrMWhlR2x0ZFcxUWJHRjBaWE5RWlhKRGFHVmphMjkxZEZCdmNIVndSbTl5YldGMFRXVnpjMkZuWlNJNklrMWhlR2x0ZFcwZ015QndiR0YwWlhNZ1lYSmxJR1ZzYVdkcFlteGxJSFJ2SUdOb1pXTnJiM1YwSUhCbGNpQnZjbVJsY2lCbWIzSWdjR3hoZEdVZ2MyVnhkV1Z1WTJsdVp5QnBkR1Z0Y3k0Z1VHeGxZWE5sSUcxdlpHbG1lU0I1YjNWeUlITmxiR1ZqZEdsdmJpQmhZMk52Y21ScGJtZHNlUzRpTENKTllYaHBiWFZ0VUd4aGRHVnpVR1Z5UTJobFkydHZkWFJRYjNCMWNFWnZjbTFoZEUxbGMzTmhaMlZEYkc5elpVSjFkSFJ2YmxSbGVIUWlPaUpQYXlJc0lrMWhlR2x0ZFcxUWJHRjBaWE5RWlhKRGFHVmphMjkxZEVadmNtMWhkRTFsYzNOaFoyVklaV0ZrWlhJaU9pSlFiR1ZoYzJVZ1RtOTBaU0lzSWxCdmMzUkNZV05yUld4bGJXVnVkRlZ1YVhGMVpVbGtJam9pWTNSc01EQWtZM1JzTURBa1kzUnNNREFrUTI5dWRHVnVkRkJzWVdObFNHOXNaR1Z5UkdWbVlYVnNkQ1JEWVhKMFQzWmxjblpwWlhkZk15UnNibXREYUdWamEyOTFkQ0lzSWtWMlpXNTBRWEpuZFcxbGJuUWlPaUlpZlN3Z2RHaHBjeWs3WkFJUUR3OFdCQjhGQlEwdlpXNHZZMkZ5ZEM1aGMzQjRId01GQkVOaGNuUmtaQUlTRHc4V0FoOERCUWhEYUdWamEyOTFkQllDSHd3Rmx5eHlaWFIxY200Z1ZtRnNhV1JoZEdWSmRHVnRjMVJ2UTJobFkydFBkWFJQY2xGMWIzUmxLSHNpUTJ4dmMyVkNkWFIwYjI1VVpYaDBJam9pUTJ4dmMyVWlMQ0pCYkdWeWRFMWxjM05oWjJWVWFYUnNaU0k2SWtGc1pYSjBJRTFsYzNOaFoyVWlMQ0pEYUdWamEyOTFkRk4wWVhSbFJXNTFiU0k2ZXlKSmJuWmhiR2xrSWpvaVNXNTJZV3hwWkNJc0lsRjFiM1JoWW14bFQyNXNlU0k2SWxGMWIzUmhZbXhsVDI1c2VTSXNJazl5WkdWeVlXSnNaVTl1YkhraU9pSlBjbVJsY21GaWJHVlBibXg1SWl3aVQzSmtaWEpoWW14bFFXNWtVWFZ2ZEdGaWJHVWlPaUpQY21SbGNtRmliR1ZCYm1SUmRXOTBZV0pzWlNJc0lrNXZkRTl5WkdWeVlXSnNaVUZ1WkZGMWIzUmhZbXhsSWpvaVRtOTBUM0prWlhKaFlteGxRVzVrVVhWdmRHRmliR1VpTENKT2IzUlBjbVJsY21GaWJHVkJibVJSZFc5MFlXSnNaVmRwZEdoSmJuWmhiR2xrSWpvaVRtOTBUM0prWlhKaFlteGxRVzVrVVhWdmRHRmliR1ZYYVhSb1NXNTJZV3hwWkNJc0lrWmxkMDl5WkdWeVlXSnNaVTl1YkhraU9pSkdaWGRQY21SbGNtRmliR1ZQYm14NUlpd2lSbVYzVDNKa1pYSmhZbXhsUVc1a1JtVjNVWFZ2ZEdGaWJHVWlPaUpHWlhkUGNtUmxjbUZpYkdWQmJtUkdaWGRSZFc5MFlXSnNaU0lzSWtabGQxRjFiM1JoWW14bFQyNXNlVmRwZEdoSmJuWmhiR2xrSWpvaVJtVjNVWFZ2ZEdGaWJHVlBibXg1VjJsMGFFbHVkbUZzYVdRaUxDSkdaWGRQY21SbGNtRmliR1ZQYm14NVYybDBhRWx1ZG1Gc2FXUWlPaUpHWlhkUGNtUmxjbUZpYkdWUGJteDVWMmwwYUVsdWRtRnNhV1FpTENKR1pYZFBjbVJsY21GaWJHVkJibVJHWlhkUmRXOTBZV0pzWlZkcGRHaEpiblpoYkdsa0lqb2lSbVYzVDNKa1pYSmhZbXhsUVc1a1JtVjNVWFZ2ZEdGaWJHVlhhWFJvU1c1MllXeHBaQ0lzSWtabGQwOXlaR1Z5WVdKc1pVRnVaRUZzYkZGMWIzUmhZbXhsSWpvaVJtVjNUM0prWlhKaFlteGxRVzVrUVd4c1VYVnZkR0ZpYkdVaUxDSkJiR3hQY21SbGNtRmliR1ZCYm1SR1pYZFJkVzkwWVdKc1pTSTZJa0ZzYkU5eVpHVnlZV0pzWlVGdVpFWmxkMUYxYjNSaFlteGxJbjBzSWtsMFpXMVRkR0YwWlVWdWRXMGlPbnNpU1c1MllXeHBaQ0k2SWtsdWRtRnNhV1FpTENKUmRXOTBZV0pzWlU5dWJIa2lPaUpSZFc5MFlXSnNaVTl1YkhraUxDSlBjbVJsY21GaWJHVlBibXg1SWpvaVQzSmtaWEpoWW14bFQyNXNlU0lzSWs5eVpHVnlZV0pzWlVGdVpGRjFiM1JoWW14bElqb2lUM0prWlhKaFlteGxRVzVrVVhWdmRHRmliR1VpTENKT2IzUlBjbVJsY21GaWJHVkJibVJSZFc5MFlXSnNaU0k2SWs1dmRFOXlaR1Z5WVdKc1pVRnVaRkYxYjNSaFlteGxJaXdpVG05MFQzSmtaWEpoWW14bFFXNWtVWFZ2ZEdGaWJHVlhhWFJvU1c1MllXeHBaQ0k2SWs1dmRFOXlaR1Z5WVdKc1pVRnVaRkYxYjNSaFlteGxWMmwwYUVsdWRtRnNhV1FpTENKR1pYZFBjbVJsY21GaWJHVlBibXg1SWpvaVJtVjNUM0prWlhKaFlteGxUMjVzZVNJc0lrWmxkMDl5WkdWeVlXSnNaVUZ1WkVabGQxRjFiM1JoWW14bElqb2lSbVYzVDNKa1pYSmhZbXhsUVc1a1JtVjNVWFZ2ZEdGaWJHVWlMQ0pHWlhkUmRXOTBZV0pzWlU5dWJIbFhhWFJvU1c1MllXeHBaQ0k2SWtabGQxRjFiM1JoWW14bFQyNXNlVmRwZEdoSmJuWmhiR2xrSWl3aVJtVjNUM0prWlhKaFlteGxUMjVzZVZkcGRHaEpiblpoYkdsa0lqb2lSbVYzVDNKa1pYSmhZbXhsVDI1c2VWZHBkR2hKYm5aaGJHbGtJaXdpUm1WM1QzSmtaWEpoWW14bFFXNWtSbVYzVVhWdmRHRmliR1ZYYVhSb1NXNTJZV3hwWkNJNklrWmxkMDl5WkdWeVlXSnNaVUZ1WkVabGQxRjFiM1JoWW14bFYybDBhRWx1ZG1Gc2FXUWlMQ0pHWlhkUGNtUmxjbUZpYkdWQmJtUkJiR3hSZFc5MFlXSnNaU0k2SWtabGQwOXlaR1Z5WVdKc1pVRnVaRUZzYkZGMWIzUmhZbXhsSWl3aVFXeHNUM0prWlhKaFlteGxRVzVrUm1WM1VYVnZkR0ZpYkdVaU9pSkJiR3hQY21SbGNtRmliR1ZCYm1SR1pYZFJkVzkwWVdKc1pTSjlMQ0pvWkc1R2FXVnNaRk5sYkdWamRHVmtUM0prWlhKSmRHVnRRMmhsWTJ0dmRYUlRkR0YwWlhORGJHbGxiblJKWkNJNklrTnZiblJsYm5SUWJHRmpaVWh2YkdSbGNrUmxabUYxYkhSZlEyRnlkRTkyWlhKMmFXVjNYek5mYUdSdVJtbGxiR1JUWld4bFkzUmxaRTl5WkdWeVNYUmxiVU5vWldOcmIzVjBVM1JoZEdWeklpd2lhR1J1Um1sbGJHUlRaV3hsWTNSbFpFbDBaVzFKWkhORGJHbGxiblJKWkNJNklrTnZiblJsYm5SUWJHRmpaVWh2YkdSbGNrUmxabUYxYkhSZlEyRnlkRTkyWlhKMmFXVjNYek5mYUdSdVJtbGxiR1JUWld4bFkzUmxaRWwwWlcxSlpITWlMQ0pQY21SbGNsTmxiR1ZqZEdWa1VISnZaSFZqZEhNaU9qRXNJa052Ym1acGNtMWhkR2x2YmxScGRHeGxVbVZ6YjNWeVkyVWlPaUpEYjI1bWFYSnRZWFJwYjI0aUxDSlFjbTlqWldWa1FuVjBkRzl1VkdWNGRDSTZJbEJ5YjJObFpXUWlMQ0pRY205alpXVmtRblYwZEc5dVEyRnNiR0poWTJzaU9pSldZV3hwWkdGMFpVbDBaVzF6Vkc5RGFHVmphMDkxZEU5eVVYVnZkR1VpTENKSmJuWmhiR2xrU1hSbGJYTlRaV3hsWTNSbFpFWnZja05vWldOcmIzVjBVbVZ6YjNWeVkyVWlPaUpVYUdWeVpTQmhjbVVnYzI5dFpTQnBiblpoYkdsa0lHbDBaVzF6SUdOb2IzTmxiaUJtYjNJZ1kyaGxZMnR2ZFhRaUxDSk9iMDl5WkdWeVlXSnNaVWwwWlcxelUyVnNaV04wWldSR2IzSkRhR1ZqYTI5MWRGSmxjMjkxY21ObElqb2lUbThnZG1Gc2FXUWdiM0prWlhKaFlteGxJR2wwWlcxeklHRnlaU0JqYUc5elpXNGdabTl5SUc5eVpHVnlJSEJ5YjJObGMzTWlMQ0pPYjFGMWIzUmhZbXhsU1hSbGJYTlRaV3hsWTNSbFpFWnZja05vWldOcmIzVjBVbVZ6YjNWeVkyVWlPaUpPYnlCMllXeHBaQ0J4ZFc5MFlXSnNaU0JwZEdWdGN5QmhjbVVnWTJodmMyVnVJR1p2Y2lCeGRXOTBaU0J3Y205alpYTnpJaXdpVDNKa1pYSmhZbXhsUVc1a1RtOXVUM0prWlhKaFlteGxTWFJsYlhOVFpXeGxZM1JsWkVadmNrTm9aV05yYjNWMFVtVnpiM1Z5WTJVaU9pSlpiM1VnWTJGdUlHVnBkR2hsY2lBbmNISnZZMlZsWkNjZ2QybDBhQ0J2Y21SbGNpQndjbTlqWlhOeklHOW1JSFJvWlNCdmNtUmxjbUZpYkdVZ2FYUmxiWE1nYjNJZ1pXUnBkQ0IwYUdVZ2JtOXVMVzl5WkdWeVlXSnNaU0JwZEdWdGN5SXNJbEYxYjNSaFlteGxRVzVrVG05dVVYVnZkR0ZpYkdWSmRHVnRjMU5sYkdWamRHVmtSbTl5UTJobFkydHZkWFJTWlhOdmRYSmpaU0k2SWxsdmRTQmpZVzRnWldsMGFHVnlJQ2R3Y205alpXVmtKeUIzYVhSb0lIRjFiM1JsSUhCeWIyTmxjM01nYjJZZ2RHaGxJSEYxYjNSaFlteGxJR2wwWlcxeklHOXlJR1ZrYVhRZ2RHaGxJRzV2YmkxeGRXOTBZV0pzWlNCcGRHVnRjeUlzSWxGMWIzUmxVMlZzWldOMFpXUlFjbTlrZFdOMGN5STZNaXdpVG05SmRHVnRjMU5sYkdWamRHVmtJam9pVG04Z1NYUmxiWE1nVTJWc1pXTjBaV1F1SUZCc1pXRnpaU0JqYUc5dmMyVWdiMjVsSUNodmNpa2diVzl5WlNCcGRHVnRjeUIwYnlCd1pYSm1iM0p0SUhSb1pTQmhZM1JwYjI0dUlpd2lRMkZ5ZEVGamRHbHZia1JsYkdWMFpWTmxiR1ZqZEdWa1VISnZaSFZqZEhNaU9qVXNJbGRwYzJoTWFYTjBRV04wYVc5dWMwUmxiR1YwWlZObGJHVmpkR1ZrVUhKdlpIVmpkSE1pT2pJc0lrUmxiR1YwWlVOdmJtWnBjbTFoZEdsdmJrMWxjM05oWjJWU1pYTnZkWEpqWlNJNklqeHdQa1J2SUhsdmRTQnlaV0ZzYkhrZ2QyRnVkQ0IwYnlCa1pXeGxkR1VnZEdocGN5QnBkR1Z0S0hNcFB6d3ZjRDRpTENKRVpXeGxkR1ZEYjI1bWFYSnRZWFJwYjI1T2IwSjFkSFJ2YmxKbGMyOTFjbU5sSWpvaVRtOGlMQ0pFWld4bGRHVkRiMjVtYVhKdFlYUnBiMjVaWlhOQ2RYUjBiMjVTWlhOdmRYSmpaU0k2SWxsbGN5SXNJa1JsYkdWMFpVTnZibVpwY20xaGRHbHZia2hsWVdSbGNsUmxlSFJTWlhOdmRYSmpaU0k2SWtSbGJHVjBaU0lzSWtOaGNuUkJZM1JwYjI0aU9qRXNJa05vWldOcmIzVjBRblYwZEc5dVUyTnlhWEIwSWpwdWRXeHNMQ0pEYUdWamEyOTFkRk5sY1hWbGJtTnBibWRCYm1SUWNtbHRaWEpRYjNCMWNFMWxjM05oWjJWSVpXRmtaWElpT2lJaUxDSkRhR1ZqYTI5MWRGTmxjWFZsYm1OcGJtZEJibVJRY21sdFpYSlFiM0IxY0UxbGMzTmhaMlZJWldGa1pYSkpibVp2Y20xaGRHbHZiaUk2SWtsMElHbHpJRzV2ZENCd2IzTnphV0pzWlNCMGJ5QmphR1ZqYTI5MWRDQXZJSEYxYjNSbElITmxjWFZsYm1OcGJtY2djbVZoWTNScGIyNXpJSGRwZEdodmRYUWdjSEpwYldWeWN5QjNhR2xqYUNCaGNtVWdZWE56YjJOcFlYUmxaQ0IwYnlCelpXeGxZM1JsWkNCelpYRjFaVzVqYVc1bklHbDBaVzF6SUdsdUlIUm9hWE1nYjNKa1pYSTZJRHd2WW5JK1BDOWljajRpTENKRGFHVmphMjkxZEZObGNYVmxibU5wYm1kQmJtUlFjbWx0WlhKUWIzQjFjRTFsYzNOaFoyVkdiMjkwWlhKSmJtWnZjbTFoZEdsdmJpSTZJaUlzSWtOb1pXTnJiM1YwVTJWeGRXVnVZMmx1WjBGdVpGQnlhVzFsY2xCdmNIVndUV1Z6YzJGblpVTnNiM05sUW5WMGRHOXVWR1Y0ZENJNklpSXNJa05vWldOcmIzVjBVMlZ4ZFdWdVkybHVaMEZ1WkZCeWFXMWxjbEJ2Y0hWd1JtOXliV0YwVFdWemMyRm5aU0k2SWlJc0lrTm9aV05yYjNWMFVISnBiV1Z5UVd4dmJtVlFiM0IxY0UxbGMzTmhaMlZEYkc5elpVSjFkSFJ2YmxSbGVIUWlPaUlpTENKRGFHVmphMjkxZEZCeWFXMWxja0ZzYjI1bFVHOXdkWEJOWlhOellXZGxJam9pVUhKcGJXVnlJR0ZzYjI1bElHTmhibTV2ZENCaVpTQmphR1ZqYTJWa0lHOTFkQzRnVUd4bFlYTmxJSE5sYkdWamRDQmhkR3hsWVhOMElHOXVaU0JoYzNOdlkybGhkR1ZrSUhObGNYVmxibU5wYm1jZ1NYUmxiUzRpTENKRGFHVmphMjkxZEZCeWFXMWxja0ZzYjI1bFVHOXdkWEJOWlhOellXZGxTR1ZoWkdWeUlqb2lVR3hsWVhObElFNXZkR1VpTENKQ1lYSkRiMlJsVm1Gc2FXUmhkR2x2YmxCdmNIVndRMnh2YzJWQ2RYUjBiMjVVWlhoMElqb2lUMnNpTENKQ1lYSkRiMlJsVm1Gc2FXUmhkR2x2YmxCdmNIVndUV1Z6YzJGblpTSTZJa0poY21OdlpHVWdabTl5SUZObGJHVmpkR1ZrSUVsMFpXMGdhWE1nYVc1MllXeHBaQ0lzSWtKaGNrTnZaR1ZXWVd4cFpHRjBhVzl1VUc5d2RYQk5aWE56WVdkbFNHVmhaR1Z5SWpvaVVHeGxZWE5sSUU1dmRHVWlMQ0pUWVcxbFJHRjVSR1ZzYVhabGNubFdZV3hwWkdGMGFXOXVVRzl3ZFhCSGIwSmhZMnRDZFhSMGIyNVVaWGgwSWpvaVYyRnBkQ0IxYm5ScGJDQmhiR3dnVDNKa1pYSnpJR0Z5WlNCbWFXNXBjMmhsWkNCMGJ5QlRhR2x3SUc5dVkyVWlMQ0pUWVcxbFJHRjVSR1ZzYVhabGNubFdZV3hwWkdGMGFXOXVVRzl3ZFhCRGFHVmphMjkxZEVKMWRIUnZibFJsZUhRaU9pSkRhR1ZqYTI5MWRDQlRZVzFsSUVSaGVTQlBiR2xuYjNNZ1QyNXNlU0lzSWxOaGJXVkVZWGxFWld4cGRtVnllVlpoYkdsa1lYUnBiMjVRYjNCMWNFMWxjM05oWjJWSVpXRmtaWElpT2lKUWJHVmhjMlVnYzJWc1pXTjBJaXdpVTJGdFpVUmhlVVJsYkdsMlpYSjVWbUZzYVdSaGRHbHZibEJ2Y0hWd1RXVnpjMkZuWlVSbGMyTnlhWEIwYVc5dUlqb2lXVzkxY2lCallYSjBJR052Ym5SaGFXNXpJSE5oYldVZ1pHRjVJRzlzYVdkdmN5d2dkMmhwWTJnZ2JtVmxaQ0IwYnlCaVpTQmphR1ZqYTJWa0lHOTFkQ0J6WlhCbGNtRjBaV3g1SUdsdUlHOXlaR1Z5SUhSdklHVnVjM1Z5WlNCMGFHVWdabUZ6ZEdWemRDQmtaV3hwZG1WeWVTNGdWR2hsSUc5MGFHVnlJR2wwWlcxeklIZHBiR3dnWW1VZ2QyRnBkR2x1WnlCcGJpQjViM1Z5SUdOaGNuUWdkMmhsYmlCNWIzVWdjbVYwZFhKdUlHeGhkR1Z5TGlBOGMzQmhiaUJqYkdGemN6MWNJblJ2YjJ4MGFYQmZaR2xoYkc5blhDSWdkR2wwYkdVOVhDSkZlSEJzWVdsdUlHSjFkSFJ2YmlCa1pYTmpjbWx3ZEdsdmJpQm9aWEpsSUc5dWJIbGNJaUErUEM5emNHRnVQaUlzSWxKbGRYTmxaRWwwWlcxelZtRnNhV1JoZEdsdmJsQnZjSFZ3UTJ4dmMyVkNkWFIwYjI1VVpYaDBJam9pVDJzaUxDSlNaWFZ6WldSSmRHVnRjMVpoYkdsa1lYUnBiMjVRYjNCMWNFMWxjM05oWjJVaU9pSlBiM0J6SUNFZ1UyOXRaU0J2Y2lCaGJHd2diMllnYzJWc1pXTjBaV1FnY21WMWMyVmtJR2wwWlcwbmN5QnZjbWxuYVc1aGJDQmpiMjUwWVdsdVpYSnpJR0Z5WlNCbGVIQnBjbVZrTGlCWmIzVnlJR05oY25RZ2QybHNiQ0JpWlNCMWNHUmhkR1ZrSUdGMWRHOXRZWFJwWTJGc2JIa2dZVzVrSUdOaGNuUWdkMmxzYkNCaVpTQnlaV3h2WVdSbFpDNGdSWGh3YVhKbFpDQnBkR1Z0SUU1aGJXVnpJR0Z5WlNBdFBpSXNJbEpsZFhObFpFbDBaVzF6Vm1Gc2FXUmhkR2x2YmxCdmNIVndUV1Z6YzJGblpVaGxZV1JsY2lJNklsQnNaV0Z6WlNCT2IzUmxJaXdpUlhod2FYSmxaRkJ5YVcxbGNsQnZjSFZ3UTJ4dmMyVkNkWFIwYjI1VVpYaDBJam9pVDJzaUxDSkZlSEJwY21Wa1VISnBiV1Z5VUc5d2RYQk5aWE56WVdkbFZHVjRkQ0k2SWxCeWFXMWxjaUJwY3lCbGVIQnBjbVZrSUdadmNpQjBhR1VnYjI1bElHOW1JSFJvWlNCelpXeGxkR1ZrSUhObGNYVmxibU5wYm1jZ2FYUmxiUzRnY0d4bFlYTmxJSE5sYkdWamRDQmhibTkwYUdWeUlIQnlhVzFsY2lCdmNpQnZjbVJsY2lCdVpYY2djSEpwYldWeUxpSXNJa1Y0Y0dseVpXUlFjbWx0WlhKUWIzQjFjRTFsYzNOaFoyVklaV0ZrWlhKVVpYaDBJam9pVUd4bGMyVWdUbTkwWlNJc0lrTmhjblJRWVdkbFZWSk1Jam9pTDJWdUwyTmhjblF1WVhOd2VDSXNJazFwYm1sdGRXMVFiR0YwWlZOaGJYQnNaWE5RWlhKRGFHVmphMjkxZENJNk5EZ3NJbEJzWVhSbFUyRnRjR3hsUTI5MWJuUWlPbTUxYkd3c0lrbHpVMmx1WjJ4bFVHeGhkR1ZYYVhSb1ZtRnNhV1JUWVcxd2JHVkRiM1Z1ZENJNlptRnNjMlVzSWsxcGJsQnNZWFJsVTJGdGNHeGxjMUJ2Y0hWd1JtOXliV0YwVFdWemMyRm5aU0k2SWlJc0lrMXBibEJzWVhSbFUyRnRjR3hsYzFCdmNIVndSbTl5YldGMFRXVnpjMkZuWlVOc2IzTmxRblYwZEc5dVZHVjRkQ0k2SWlJc0lrMXBibEJzWVhSbFUyRnRjR3hsYzFCdmNIVndSbTl5YldGMFRXVnpjMkZuWlVobFlXUmxjaUk2SWlJc0lrMWhlR2x0ZFcxT2RXMWlaWEpQWmxCc1lYUmxjMUJsY2tOb1pXTnJiM1YwSWpvekxDSlFiR0YwWlhORGIzVnVkRVp2Y2tOMWNuSmxiblJQY21SbGNpSTZiblZzYkN3aVRXRjRhVzExYlZCc1lYUmxjMUJsY2tOb1pXTnJiM1YwVUc5d2RYQkdiM0p0WVhSTlpYTnpZV2RsSWpvaVRXRjRhVzExYlNBeklIQnNZWFJsY3lCaGNtVWdaV3hwWjJsaWJHVWdkRzhnWTJobFkydHZkWFFnY0dWeUlHOXlaR1Z5SUdadmNpQndiR0YwWlNCelpYRjFaVzVqYVc1bklHbDBaVzF6TGlCUWJHVmhjMlVnYlc5a2FXWjVJSGx2ZFhJZ2MyVnNaV04wYVc5dUlHRmpZMjl5WkdsdVoyeDVMaUlzSWsxaGVHbHRkVzFRYkdGMFpYTlFaWEpEYUdWamEyOTFkRkJ2Y0hWd1JtOXliV0YwVFdWemMyRm5aVU5zYjNObFFuVjBkRzl1VkdWNGRDSTZJazlySWl3aVRXRjRhVzExYlZCc1lYUmxjMUJsY2tOb1pXTnJiM1YwUm05eWJXRjBUV1Z6YzJGblpVaGxZV1JsY2lJNklsQnNaV0Z6WlNCT2IzUmxJaXdpVUc5emRFSmhZMnRGYkdWdFpXNTBWVzVwY1hWbFNXUWlPaUpqZEd3d01DUmpkR3d3TUNSamRHd3dNQ1JEYjI1MFpXNTBVR3hoWTJWSWIyeGtaWEpFWldaaGRXeDBKRU5oY25SUGRtVnlkbWxsZDE4ekpHeHVhME5vWldOcmIzVjBJaXdpUlhabGJuUkJjbWQxYldWdWRDSTZJaUo5TENCMGFHbHpLVHRrQWhJUFpCWUtBZ0VQWkJZQ1pnOFBGZ0llQzJ4aWJFaGxZV1JNYVc1bEJSQlRhR2x3Y0dsdVp5QkJaR1J5WlhOelpCWU1BZ1lQRmdJZkF3VkJRMmh2YjNObElHOXVaU0J2WmlCNWIzVnlJR1Y0YVhOMGFXNW5JRk5vYVhCd2FXNW5JRUZrWkhKbGMzTWdiM0lnWTNKbFlYUmxJR0VnYm1WM0lHOXVaUzVrQWdnUFpCWUNBZ01QWkJZQ0FnRVBGZ0lmQXdVb1EyaGxZMnNnYVdZZ2VXOTFJR1J2SUc1dmRDQjNhWE5vSUhSdklHaGhkbVVnVUdsamF5MVZjR1FDQ2c4UEZnSWZCR2hrRmhZQ0JBOFZBUlZEYUc5dmMyVWdVR2xqYXkxVmNDQnZjSFJwYjI1a0FnWVBGUUVGVTNCbFpXUmtBZ2dQRlFJR1RtOXliV0ZzR0NCRVpYTnBjbVZrSUVOdmJHeGxZM1JwYjI0Z1JHRjBaV1FDQ2c4VkFSZEVaWE5wY21Wa0lFTnZiR3hsWTNScGIyNGdWR2x0WldRQ0N3OFFEeFlDSGd0ZklVUmhkR0ZDYjNWdVpHZGtaQllBWkFJUER3OFdBaDRNUlhKeWIzSk5aWE56WVdkbEJSeFFiR1ZoYzJVZ1kyaHZiM05sSUZCcFkyc3RWWEFnYjNCMGFXOXVaR1FDRVE4UEZnSWZEd1VtVUd4bFlYTmxJSE5sYkdWamRDQWdaR1Z6YVhKbFpDQmpiMnhzWldOMGFXOXVJR1JoZEdWa1pBSVREdzhXQWg4UEJTWkpiblpoYkdsa0lHUmxjMmx5WldRZ1kyOXNiR1ZqZEdsdmJpQmtZWFJsSUdadmNtMWhkR1JrQWhVUER4WUNIdzhGVVZOdmNuSjVMRmRsSUVOaGJpQnViM1FnY0hKdmRtbGtaU0JRYVdOckxWVndJSE5sY25acFkyVWdiMjRnYzJWc1pXTjBaV1FnWkdGMFpTNVFiR1ZoYzJVZ2MyVnNaV04wSUc5MGFHVnlJR1JoZVdSa0FoY1BaQllFWmc4VkFYWkRiMjUwWlc1MFVHeGhZMlZJYjJ4a1pYSkVaV1poZFd4MFgwMWhjM1JsY2xCc1lXTmxhRzlzWkdWeVgwRmtaSEpsYzNOTWFYTjBYelZmWTI5dFVHbGphMVZ3UVdSa2NtVnpjMDl3ZEdsdmJuTmZkbk5RYVdOclZYQlBjSFJwYjI1ZlpXTnZiVlpoYkdsa1lYUnBiMjVUZFcxdFlYSjVaQUlDRHhVQmRrTnZiblJsYm5SUWJHRmpaVWh2YkdSbGNrUmxabUYxYkhSZlRXRnpkR1Z5VUd4aFkyVm9iMnhrWlhKZlFXUmtjbVZ6YzB4cGMzUmZOVjlqYjIxUWFXTnJWWEJCWkdSeVpYTnpUM0IwYVc5dWMxOTJjMUJwWTJ0VmNFOXdkR2x2Ymw5bFkyOXRWbUZzYVdSaGRHbHZibE4xYlcxaGNubGtBaDRQRlFHQkFVTnZiblJsYm5SUWJHRmpaVWh2YkdSbGNrUmxabUYxYkhSZlRXRnpkR1Z5VUd4aFkyVm9iMnhrWlhKZlFXUmtjbVZ6YzB4cGMzUmZOVjlqYjIxUWFXTnJWWEJCWkdSeVpYTnpUM0IwYVc5dWMxOXdibXhFY21GbllXSnNaVmRwYm1SdmQwTnZiblJsYm5SZlNXNXNhVzVsVFdWemMyRm5aVU52Ym5SaGFXNWxjbVFDREE4OEt3QVJBd0FQRmdZZUUxVnpaVUZqWTJWemMybGliR1ZJWldGa1pYSm5IdzVuSGd0ZklVbDBaVzFEYjNWdWRBSUJaQUVRRmdBV0FCWUFEQlFyQUFBV0FtWVBaQllHWmc4UEZnUWVERlJoWW14bFUyVmpkR2x2YmdzcUtWTjVjM1JsYlM1WFpXSXVWVWt1VjJWaVEyOXVkSEp2YkhNdVZHRmliR1ZTYjNkVFpXTjBhVzl1QUI4RWFHUmtBZ0VQWkJZQ1pnOWtGZ0lDQVE5a0ZnWUNBUTlrRmdJQ0FROFFEMlFXQWg0SGIyNWpiR2xqYXdXdERWTmxiR1ZqZEZOcGJtZHNaVkpoWkdsdlluVjBkRzl1S0hSb2FYTXVhV1FwT3lCUGJsTmxiR1ZqZEVGa1pISmxjM01vSjBOdmJuUmxiblJRYkdGalpVaHZiR1JsY2tSbFptRjFiSFJmVFdGemRHVnlVR3hoWTJWb2IyeGtaWEpmUVdSa2NtVnpjMHhwYzNSZk5WOXdibXhFY21GbllXSnNaVmRwYm1SdmQwTnZiblJsYm5RbkxDY3pKeXduVTJocGNIQnBibWNuTENkN1hDSWthV1JjSWpwY0lqRmNJaXhjSWxCeWFXTmxRV2R5WldWdFpXNTBUblZ0WW1WeVhDSTZiblZzYkN4Y0lsWmhkRWxrUlhoMFhDSTZiblZzYkN4Y0lrRmtaR2wwYVc5dVlXeEZiV0ZwYkhOY0lqcHVkV3hzTEZ3aVFXUmtjbVZ6YzFKbFpsd2lPbHdpTXpFeE1EQXdNRE15TmpCY0lpeGNJa0ZrWkhKbGMzTlVlWEJsUlc1MWJWd2lPak1zWENKRFlXNUZaR2wwUVdSa2NtVnpjMXdpT25SeWRXVXNYQ0pEYVhSNVhDSTZYQ0pEYVhSNU1EQXhYQ0lzWENKRGIzVnVkSEo1WENJNmUxd2lKR2xrWENJNlhDSXlYQ0lzWENKQmJHeHZkMVpoZEVWNFpXMXdkRndpT21aaGJITmxMRndpUTI5MWJuUnllVTVoYldWY0lqcHVkV3hzTEZ3aVNXNXpkR0Z1WTJWVGRHRjBkWE5GYm5WdFhDSTZNQ3hjSWtsemIwdGxlVndpT201MWJHd3NYQ0pNWVc1bmRXRm5aVndpT201MWJHd3NYQ0pTWldkcGIyNWNJanB1ZFd4c0xGd2lVMmh2ZDBOMWMzUnZiVVpwWld4a01Wd2lPbVpoYkhObExGd2lVMmh2ZDBOMWMzUnZiVVpwWld4a01sd2lPbVpoYkhObExGd2lVMmh2ZDFaaGRGd2lPbVpoYkhObExGd2lVMmwwWlZ3aU9tNTFiR3dzWENKVGRHRjBaWE5jSWpwdWRXeHNMRndpVm1WeWMybHZibHdpT2pBc1hDSk1ZV0p2Y21GMGIzSnBaWE5jSWpwdWRXeHNMRndpU1hOV1lYUkpaRTFoYm1SaGRHOXllVndpT21aaGJITmxMRndpV21sd1EyOWtaVkpsWjJWNFhDSTZiblZzYkN4Y0lrbGtYQ0k2TUN4Y0lrbHpTR0Z5WkVSbGJHVjBaV1JjSWpwbVlXeHpaWDBzWENKRGRYTjBiMjFHYVdWc1pERmNJanB1ZFd4c0xGd2lRM1Z6ZEc5dFJtbGxiR1F5WENJNmJuVnNiQ3hjSWtWdFlXbHNYQ0k2WENKd2JuUmxjM1F3TURGQVpYVnliMlpwYm5NdVkyOXRYQ0lzWENKR1lYaGNJanBjSWpFeU0xd2lMRndpUm1seWMzUk9ZVzFsWENJNlhDSndiblJsYzNSbU1EQXhYQ0lzWENKSmJuTjBZVzVqWlZOMFlYUjFjMFZ1ZFcxY0lqb3dMRndpU1hORVpXWmhkV3gwWENJNmRISjFaU3hjSWtselJXTnZiVTl1YkhsY0lqcDBjblZsTEZ3aVRHRnpkRTVoYldWY0lqcGNJbkJ1ZEdWemRHd3dNREZjSWl4Y0lreHBibVV4WENJNlhDSkZkWEp2Wm1sdWMxd2lMRndpVEdsdVpUSmNJanBjSWtsVVhDSXNYQ0pNYVc1bE0xd2lPbHdpUjNKdmRYQmNJaXhjSWsxdlltbHNaVndpT2x3aU9UY3pPVFUyTlRZMU5sd2lMRndpVUdodmJtVmNJanBjSWprM016azFOalUyTlRaY0lpeGNJbEJvYjI1bFRtOUZlSFJjSWpwdWRXeHNMRndpVW1WamFYQnBaVzUwWENJNmJuVnNiQ3hjSWxOMFlYUmxYQ0k2ZTF3aUpHbGtYQ0k2WENJelhDSXNYQ0pEYjNWdWRISjVYQ0k2Ym5Wc2JDeGNJa2x1YzNSaGJtTmxVM1JoZEhWelJXNTFiVndpT2pBc1hDSlRkR0YwWlV0bGVWd2lPbTUxYkd3c1hDSlRkR0YwWlU1aGJXVmNJanB1ZFd4c0xGd2lWbVZ5YzJsdmJsd2lPakFzWENKSlpGd2lPakFzWENKSmMwaGhjbVJFWld4bGRHVmtYQ0k2Wm1Gc2MyVjlMRndpVTNSeVpXVjBYQ0k2WENKVGRISmxaWFF3TURGY0lpeGNJbE4wY21WbGRESmNJanBjSWxOMGNtVmxkREF3TVZ3aUxGd2lVM1J5WldWME0xd2lPbHdpVTNSeVpXVjBNREF4WENJc1hDSlVhWFJzWlZ3aU9sd2lUVkpjSWl4Y0lsWmhkRWxrWENJNmJuVnNiQ3hjSWxkbFluTnBkR1ZjSWpwdWRXeHNMRndpV21sd1hDSTZYQ0kxTmpBd05ESmNJaXhjSWtselZtRnNhV1JoZEdWa1hDSTZkSEoxWlN4Y0lreGhkR2wwZFdSbFhDSTZiblZzYkN4Y0lreHZibWRwZEhWa1pWd2lPbTUxYkd3c1hDSkpjMFY0YVhOMGFXNW5RbWxzYkZSdlhDSTZabUZzYzJVc1hDSkpjMUpsWVdSUGJteDVYQ0k2Wm1Gc2MyVXNYQ0pKYzA5eVpHVnlRMjl3ZVZ3aU9tWmhiSE5sTEZ3aVNXUmNJam94TWpVM09UTXNYQ0pKYzBoaGNtUkVaV3hsZEdWa1hDSTZabUZzYzJWOUp5d25RMjl1ZEdWdWRGQnNZV05sU0c5c1pHVnlSR1ZtWVhWc2RGOU5ZWE4wWlhKUWJHRmpaV2h2YkdSbGNsOUJaR1J5WlhOelRHbHpkRjgxWDJoa2JsTmxiR1ZqZEdWa1FXUmtjbVZ6YzBsa0p5d25RMjl1ZEdWdWRGQnNZV05sU0c5c1pHVnlSR1ZtWVhWc2RGOU5ZWE4wWlhKUWJHRmpaV2h2YkdSbGNsOW9aRzVCWkdSeVpYTnpUR2x6ZEZObGJHVmpkR1ZrUVdSa2NtVnpjMGxrWDFOb2FYQndhVzVuSnlrN1pHUmtBZ01QWkJZQ0FnRVBGZ0llQTJadmNnVmNRMjl1ZEdWdWRGQnNZV05sU0c5c1pHVnlSR1ZtWVhWc2RGOU5ZWE4wWlhKUWJHRmpaV2h2YkdSbGNsOUJaR1J5WlhOelRHbHpkRjgxWDJkMlFXUmtjbVZ6YzB4cGMzUmZjbVJpZEc1VFpXeGxZM1JCWkdSeVpYTnpYekFXQWdJQkR4WUNId01GdFFGd2JuUmxjM1JtTURBeEppTXhOakE3Y0c1MFpYTjBiREF3TVNZak1UWXdPenhpY2k4K1JYVnliMlpwYm5NOFluSXZQa2xVUEdKeUx6NUhjbTkxY0R4aWNpOCtVM1J5WldWME1EQXhQR0p5THo1RGFYUjVNREF4TER4aWNpOCtOVFl3TURReUppTXhOakE3U1c1a2FXRW1JekUyTURzOFluSXZQamszTXprMU5qVTJOVFk4WW5JdlBuQnVkR1Z6ZERBd01VQmxkWEp2Wm1sdWN5NWpiMjA4WW5JdlBqTXhNVEF3TURBek1qWXdKaU14TmpBN1pBSUZEMlFXQmdJQkR3OFdBaDhEQlFaRVpXeGxkR1VXQWg4VEJaa1RVMmh2ZDBScFlXeHZaeWdpUEhBK1JHOGdlVzkxSUhKbFlXeHNlU0IzWVc1MElIUnZJR1JsYkdWMFpTQjBhR2x6SUdsMFpXMG9jeWsvUEM5d1BpSXNleUpFYVdGc2IyZERiR0Z6Y3lJNklpSXNJa2hsYVdkb2RDSTZJbUYxZEc4aUxDSk5iMlJoYkNJNmRISjFaU3dpVUc5emFYUnBiMjRpT2lKalpXNTBaWElpTENKWGFXUjBhQ0k2SWpNd01DSXNJa05zYjNOaFlteGxJanAwY25WbExDSlVhWFJzWlNJNklrUmxiR1YwWlNJc0lrSjFkSFJ2YmpGVVpYaDBJam9pV1dWeklpd2lRblYwZEc5dU1sUmxlSFFpT2lKT2J5SXNJa0oxZEhSdmJqRkRZV3hzWW1GamF5STZJazl1UkdWc1pYUmxRV1JrY21WemN5SXNJa0oxZEhSdmJqSkRZV3hzWW1GamF5STZiblZzYkN3aVFuVjBkRzl1TVVOaGJHeGlZV05yVUdGeVlXMWxkR1Z5Y3lJNkludGNJa05zYVdWdWRGZHBibVJ2ZDBOdmJuUmxiblJKWkZ3aU9sd2lRMjl1ZEdWdWRGQnNZV05sU0c5c1pHVnlSR1ZtWVhWc2RGOU5ZWE4wWlhKUWJHRmpaV2h2YkdSbGNsOUJaR1J5WlhOelRHbHpkRjgxWDNCdWJFUnlZV2RoWW14bFYybHVaRzkzUTI5dWRHVnVkRndpTEZ3aVFXUmtjbVZ6YzFSNWNHVkZiblZ0WENJNlhDSlRhR2x3Y0dsdVoxd2lMRndpU25OdmJrVmthWFJCWkdSeVpYTnpYQ0k2ZTF3aUpHbGtYQ0k2WENJeFhDSXNYQ0pRY21salpVRm5jbVZsYldWdWRFNTFiV0psY2x3aU9tNTFiR3dzWENKV1lYUkpaRVY0ZEZ3aU9tNTFiR3dzWENKQlpHUnBkR2x2Ym1Gc1JXMWhhV3h6WENJNmJuVnNiQ3hjSWtGa1pISmxjM05TWldaY0lqcGNJak14TVRBd01EQXpNall3WENJc1hDSkJaR1J5WlhOelZIbHdaVVZ1ZFcxY0lqb3pMRndpUTJGdVJXUnBkRUZrWkhKbGMzTmNJanAwY25WbExGd2lRMmwwZVZ3aU9sd2lRMmwwZVRBd01Wd2lMRndpUTI5MWJuUnllVndpT250Y0lpUnBaRndpT2x3aU1sd2lMRndpUVd4c2IzZFdZWFJGZUdWdGNIUmNJanBtWVd4elpTeGNJa052ZFc1MGNubE9ZVzFsWENJNmJuVnNiQ3hjSWtsdWMzUmhibU5sVTNSaGRIVnpSVzUxYlZ3aU9qQXNYQ0pKYzI5TFpYbGNJanB1ZFd4c0xGd2lUR0Z1WjNWaFoyVmNJanB1ZFd4c0xGd2lVbVZuYVc5dVhDSTZiblZzYkN4Y0lsTm9iM2REZFhOMGIyMUdhV1ZzWkRGY0lqcG1ZV3h6WlN4Y0lsTm9iM2REZFhOMGIyMUdhV1ZzWkRKY0lqcG1ZV3h6WlN4Y0lsTm9iM2RXWVhSY0lqcG1ZV3h6WlN4Y0lsTnBkR1ZjSWpwdWRXeHNMRndpVTNSaGRHVnpYQ0k2Ym5Wc2JDeGNJbFpsY25OcGIyNWNJam93TEZ3aVRHRmliM0poZEc5eWFXVnpYQ0k2Ym5Wc2JDeGNJa2x6Vm1GMFNXUk5ZVzVrWVhSdmNubGNJanBtWVd4elpTeGNJbHBwY0VOdlpHVlNaV2RsZUZ3aU9tNTFiR3dzWENKSlpGd2lPakFzWENKSmMwaGhjbVJFWld4bGRHVmtYQ0k2Wm1Gc2MyVjlMRndpUTNWemRHOXRSbWxsYkdReFhDSTZiblZzYkN4Y0lrTjFjM1J2YlVacFpXeGtNbHdpT201MWJHd3NYQ0pGYldGcGJGd2lPbHdpY0c1MFpYTjBNREF4UUdWMWNtOW1hVzV6TG1OdmJWd2lMRndpUm1GNFhDSTZYQ0l4TWpOY0lpeGNJa1pwY25OMFRtRnRaVndpT2x3aWNHNTBaWE4wWmpBd01Wd2lMRndpU1c1emRHRnVZMlZUZEdGMGRYTkZiblZ0WENJNk1DeGNJa2x6UkdWbVlYVnNkRndpT25SeWRXVXNYQ0pKYzBWamIyMVBibXg1WENJNmRISjFaU3hjSWt4aGMzUk9ZVzFsWENJNlhDSndiblJsYzNSc01EQXhYQ0lzWENKTWFXNWxNVndpT2x3aVJYVnliMlpwYm5OY0lpeGNJa3hwYm1VeVhDSTZYQ0pKVkZ3aUxGd2lUR2x1WlROY0lqcGNJa2R5YjNWd1hDSXNYQ0pOYjJKcGJHVmNJanBjSWprM016azFOalUyTlRaY0lpeGNJbEJvYjI1bFhDSTZYQ0k1TnpNNU5UWTFOalUyWENJc1hDSlFhRzl1WlU1dlJYaDBYQ0k2Ym5Wc2JDeGNJbEpsWTJsd2FXVnVkRndpT201MWJHd3NYQ0pUZEdGMFpWd2lPbnRjSWlScFpGd2lPbHdpTTF3aUxGd2lRMjkxYm5SeWVWd2lPbTUxYkd3c1hDSkpibk4wWVc1alpWTjBZWFIxYzBWdWRXMWNJam93TEZ3aVUzUmhkR1ZMWlhsY0lqcHVkV3hzTEZ3aVUzUmhkR1ZPWVcxbFhDSTZiblZzYkN4Y0lsWmxjbk5wYjI1Y0lqb3dMRndpU1dSY0lqb3dMRndpU1hOSVlYSmtSR1ZzWlhSbFpGd2lPbVpoYkhObGZTeGNJbE4wY21WbGRGd2lPbHdpVTNSeVpXVjBNREF4WENJc1hDSlRkSEpsWlhReVhDSTZYQ0pUZEhKbFpYUXdNREZjSWl4Y0lsTjBjbVZsZEROY0lqcGNJbE4wY21WbGREQXdNVndpTEZ3aVZHbDBiR1ZjSWpwY0lrMVNYQ0lzWENKV1lYUkpaRndpT201MWJHd3NYQ0pYWldKemFYUmxYQ0k2Ym5Wc2JDeGNJbHBwY0Z3aU9sd2lOVFl3TURReVhDSXNYQ0pKYzFaaGJHbGtZWFJsWkZ3aU9uUnlkV1VzWENKTVlYUnBkSFZrWlZ3aU9tNTFiR3dzWENKTWIyNW5hWFIxWkdWY0lqcHVkV3hzTEZ3aVNYTkZlR2x6ZEdsdVowSnBiR3hVYjF3aU9tWmhiSE5sTEZ3aVNYTlNaV0ZrVDI1c2VWd2lPbVpoYkhObExGd2lTWE5QY21SbGNrTnZjSGxjSWpwbVlXeHpaU3hjSWtsa1hDSTZNVEkxTnprekxGd2lTWE5JWVhKa1JHVnNaWFJsWkZ3aU9tWmhiSE5sZlN4Y0lraGtibE5sYkdWamRHVmtRV1JrY21WemMwbGtRMnhwWlc1MFNXUmNJanBjSWtOdmJuUmxiblJRYkdGalpVaHZiR1JsY2tSbFptRjFiSFJmVFdGemRHVnlVR3hoWTJWb2IyeGtaWEpmUVdSa2NtVnpjMHhwYzNSZk5WOW9aRzVUWld4bFkzUmxaRUZrWkhKbGMzTkpaRndpTEZ3aVYybHVaRzkzVTJWc1pXTjBaV1JCWkdSeVpYTnpTR2xrWkdWdVJtbGxiR1JEYkdsbGJuUkpaRndpT2x3aVEyOXVkR1Z1ZEZCc1lXTmxTRzlzWkdWeVJHVm1ZWFZzZEY5TllYTjBaWEpRYkdGalpXaHZiR1JsY2w5b1pHNUJaR1J5WlhOelRHbHpkRk5sYkdWamRHVmtRV1JrY21WemMwbGtYMU5vYVhCd2FXNW5YQ0lzWENKSGNtbDBkR1Z5VFdWemMyRm5aVWhsWVdSbGNsd2lPbHdpUkdWc1pYUmxaRndpTEZ3aVIzSnBkSFJsY2sxbGMzTmhaMlZEYjI1MFpXNTBWR1Y0ZEZ3aU9sd2lVM1ZqWTJWemMyWjFiR3g1SUVSbGJHVjBaV1JjSWl4Y0lrSnBiR3hwYm1kQlpHUnlaWE56UTI5MWJuUmNJam94TEZ3aVJHbHpZV0pzWlVGa1pISmxjM05UYTJsd1JtOXlUWFZzZEdsd2JHVkNhV3hzYVc1blhDSTZkSEoxWlgwaUxDSkNkWFIwYjI0eVEyRnNiR0poWTJ0UVlYSmhiV1YwWlhKeklqcHVkV3hzTENKU1pYTnBlbUZpYkdVaU9tWmhiSE5sTENKRWNtRm5aMkZpYkdVaU9tWmhiSE5sTENKQmRYUnZUM0JsYmlJNlptRnNjMlVzSWtGd2NHVnVaRlJ2SWpvaVltOWtlU0lzSWsxaGVFaGxhV2RvZENJNk5EQXdMQ0pOWVhoWGFXUjBhQ0k2TXpBd0xDSk5hVzVJWldsbmFIUWlPakUxTUN3aVRXbHVWMmxrZEdnaU9qRTFNSDBwT3lCeVpYUjFjbTRnWm1Gc2MyVTdaQUlERHc4V0FoOERCUVJEYjNCNUZnSWZFd1czRGs5dVFXUmtUbVYzUVdSa2NtVnpjeWduUTI5dWRHVnVkRkJzWVdObFNHOXNaR1Z5UkdWbVlYVnNkRjlOWVhOMFpYSlFiR0ZqWldodmJHUmxjbDlCWkdSeVpYTnpUR2x6ZEY4MVgzQnViRUZrWkhKbGMzTkVhV0ZzYjJjbkxDZFRhR2x3Y0dsdVp5Y3NKM3RjSWlScFpGd2lPbHdpTVZ3aUxGd2lVSEpwWTJWQlozSmxaVzFsYm5ST2RXMWlaWEpjSWpwdWRXeHNMRndpVm1GMFNXUkZlSFJjSWpwdWRXeHNMRndpUVdSa2FYUnBiMjVoYkVWdFlXbHNjMXdpT201MWJHd3NYQ0pCWkdSeVpYTnpVbVZtWENJNmJuVnNiQ3hjSWtGa1pISmxjM05VZVhCbFJXNTFiVndpT2pNc1hDSkRZVzVGWkdsMFFXUmtjbVZ6YzF3aU9uUnlkV1VzWENKRGFYUjVYQ0k2WENKRGFYUjVNREF4WENJc1hDSkRiM1Z1ZEhKNVhDSTZlMXdpSkdsa1hDSTZYQ0l5WENJc1hDSkJiR3h2ZDFaaGRFVjRaVzF3ZEZ3aU9uUnlkV1VzWENKRGIzVnVkSEo1VG1GdFpWd2lPbHdpU1c1a2FXRmNJaXhjSWtsdWMzUmhibU5sVTNSaGRIVnpSVzUxYlZ3aU9qQXNYQ0pKYzI5TFpYbGNJanBjSWtsT1hDSXNYQ0pNWVc1bmRXRm5aVndpT250Y0lpUnBaRndpT2x3aU0xd2lMRndpUTI5a1pWd2lPbHdpWlc1Y0lpeGNJa04xYkhSMWNtVkRiMlJsWENJNlhDSmxiaTFWVTF3aUxGd2lTVzFoWjJWUVlYUm9YQ0k2WENJdmFXMWhaMlZ6TDJac1lXZHpMMVZUTG1kcFpsd2lMRndpU1c1emRHRnVZMlZUZEdGMGRYTkZiblZ0WENJNk1DeGNJazVoYldWY0lqcGNJa1Z1WjJ4cGMyaGNJaXhjSWxOdmNuUlBjbVJsY2x3aU9qRXNYQ0pXWlhKemFXOXVYQ0k2TUN4Y0lrbGtYQ0k2TVN4Y0lrbHpTR0Z5WkVSbGJHVjBaV1JjSWpwbVlXeHpaWDBzWENKU1pXZHBiMjVjSWpwdWRXeHNMRndpVTJodmQwTjFjM1J2YlVacFpXeGtNVndpT21aaGJITmxMRndpVTJodmQwTjFjM1J2YlVacFpXeGtNbHdpT21aaGJITmxMRndpVTJodmQxWmhkRndpT21aaGJITmxMRndpVTJsMFpWd2lPbTUxYkd3c1hDSlRkR0YwWlhOY0lqcHVkV3hzTEZ3aVZtVnljMmx2Ymx3aU9qRXdMRndpVEdGaWIzSmhkRzl5YVdWelhDSTZiblZzYkN4Y0lrbHpWbUYwU1dSTllXNWtZWFJ2Y25sY0lqcG1ZV3h6WlN4Y0lscHBjRU52WkdWU1pXZGxlRndpT2x3aVhseGNYRnhrZXpaOUpGd2lMRndpU1dSY0lqbzNOeXhjSWtselNHRnlaRVJsYkdWMFpXUmNJanBtWVd4elpYMHNYQ0pEZFhOMGIyMUdhV1ZzWkRGY0lqcHVkV3hzTEZ3aVEzVnpkRzl0Um1sbGJHUXlYQ0k2Ym5Wc2JDeGNJa1Z0WVdsc1hDSTZYQ0p3Ym5SbGMzUXdNREZBWlhWeWIyWnBibk11WTI5dFhDSXNYQ0pHWVhoY0lqcGNJakV5TTF3aUxGd2lSbWx5YzNST1lXMWxYQ0k2WENKd2JuUmxjM1JtTURBeFhDSXNYQ0pKYm5OMFlXNWpaVk4wWVhSMWMwVnVkVzFjSWpvd0xGd2lTWE5FWldaaGRXeDBYQ0k2Wm1Gc2MyVXNYQ0pKYzBWamIyMVBibXg1WENJNmRISjFaU3hjSWt4aGMzUk9ZVzFsWENJNlhDSndiblJsYzNSc01EQXhYQ0lzWENKTWFXNWxNVndpT2x3aVJYVnliMlpwYm5OY0lpeGNJa3hwYm1VeVhDSTZYQ0pKVkZ3aUxGd2lUR2x1WlROY0lqcGNJa2R5YjNWd1hDSXNYQ0pOYjJKcGJHVmNJanBjSWprM016azFOalUyTlRaY0lpeGNJbEJvYjI1bFhDSTZYQ0k1TnpNNU5UWTFOalUyWENJc1hDSlFhRzl1WlU1dlJYaDBYQ0k2Ym5Wc2JDeGNJbEpsWTJsd2FXVnVkRndpT201MWJHd3NYQ0pUZEdGMFpWd2lPbnRjSWlScFpGd2lPbHdpTkZ3aUxGd2lRMjkxYm5SeWVWd2lPbTUxYkd3c1hDSkpibk4wWVc1alpWTjBZWFIxYzBWdWRXMWNJam93TEZ3aVUzUmhkR1ZMWlhsY0lqcGNJa2xPTFV0QlhDSXNYQ0pUZEdGMFpVNWhiV1ZjSWpwY0lrdGhjbTVoZEdGcllWd2lMRndpVm1WeWMybHZibHdpT2pBc1hDSkpaRndpT2pFMU1ERXNYQ0pKYzBoaGNtUkVaV3hsZEdWa1hDSTZabUZzYzJWOUxGd2lVM1J5WldWMFhDSTZYQ0pUZEhKbFpYUXdNREZjSWl4Y0lsTjBjbVZsZERKY0lqcGNJbE4wY21WbGREQXdNVndpTEZ3aVUzUnlaV1YwTTF3aU9sd2lVM1J5WldWME1EQXhYQ0lzWENKVWFYUnNaVndpT2x3aVRWSmNJaXhjSWxaaGRFbGtYQ0k2Ym5Wc2JDeGNJbGRsWW5OcGRHVmNJanB1ZFd4c0xGd2lXbWx3WENJNlhDSTFOakF3TkRKY0lpeGNJa2x6Vm1Gc2FXUmhkR1ZrWENJNmRISjFaU3hjSWt4aGRHbDBkV1JsWENJNmJuVnNiQ3hjSWt4dmJtZHBkSFZrWlZ3aU9tNTFiR3dzWENKSmMwVjRhWE4wYVc1blFtbHNiRlJ2WENJNlptRnNjMlVzWENKSmMxSmxZV1JQYm14NVhDSTZabUZzYzJVc1hDSkpjMDl5WkdWeVEyOXdlVndpT21aaGJITmxMRndpU1dSY0lqb3dMRndpU1hOSVlYSmtSR1ZzWlhSbFpGd2lPbVpoYkhObGZTY3NKME52Ym5SbGJuUlFiR0ZqWlVodmJHUmxja1JsWm1GMWJIUmZUV0Z6ZEdWeVVHeGhZMlZvYjJ4a1pYSmZhR1J1UVdSa2NtVnpjMHhwYzNSVFpXeGxZM1JsWkVGa1pISmxjM05KWkY5VGFHbHdjR2x1Wnljc0oxTmhkbVZrSnl3blUzVmpZMlZ6YzJaMWJHeDVJRU52Y0dsbFpDY3BPeUJ5WlhSMWNtNGdabUZzYzJVN1pBSUZEdzhXQWg4REJRUkZaR2wwRmdJZkV3V3dEVTl1UldScGRFRmtaSEpsYzNNb0owTnZiblJsYm5SUWJHRmpaVWh2YkdSbGNrUmxabUYxYkhSZlRXRnpkR1Z5VUd4aFkyVm9iMnhrWlhKZlFXUmtjbVZ6YzB4cGMzUmZOVjl3Ym14QlpHUnlaWE56UkdsaGJHOW5KeXduVTJocGNIQnBibWNuTENkN1hDSWthV1JjSWpwY0lqRmNJaXhjSWxCeWFXTmxRV2R5WldWdFpXNTBUblZ0WW1WeVhDSTZiblZzYkN4Y0lsWmhkRWxrUlhoMFhDSTZiblZzYkN4Y0lrRmtaR2wwYVc5dVlXeEZiV0ZwYkhOY0lqcHVkV3hzTEZ3aVFXUmtjbVZ6YzFKbFpsd2lPbHdpTXpFeE1EQXdNRE15TmpCY0lpeGNJa0ZrWkhKbGMzTlVlWEJsUlc1MWJWd2lPak1zWENKRFlXNUZaR2wwUVdSa2NtVnpjMXdpT25SeWRXVXNYQ0pEYVhSNVhDSTZYQ0pEYVhSNU1EQXhYQ0lzWENKRGIzVnVkSEo1WENJNmUxd2lKR2xrWENJNlhDSXlYQ0lzWENKQmJHeHZkMVpoZEVWNFpXMXdkRndpT21aaGJITmxMRndpUTI5MWJuUnllVTVoYldWY0lqcHVkV3hzTEZ3aVNXNXpkR0Z1WTJWVGRHRjBkWE5GYm5WdFhDSTZNQ3hjSWtsemIwdGxlVndpT201MWJHd3NYQ0pNWVc1bmRXRm5aVndpT201MWJHd3NYQ0pTWldkcGIyNWNJanB1ZFd4c0xGd2lVMmh2ZDBOMWMzUnZiVVpwWld4a01Wd2lPbVpoYkhObExGd2lVMmh2ZDBOMWMzUnZiVVpwWld4a01sd2lPbVpoYkhObExGd2lVMmh2ZDFaaGRGd2lPbVpoYkhObExGd2lVMmwwWlZ3aU9tNTFiR3dzWENKVGRHRjBaWE5jSWpwdWRXeHNMRndpVm1WeWMybHZibHdpT2pBc1hDSk1ZV0p2Y21GMGIzSnBaWE5jSWpwdWRXeHNMRndpU1hOV1lYUkpaRTFoYm1SaGRHOXllVndpT21aaGJITmxMRndpV21sd1EyOWtaVkpsWjJWNFhDSTZiblZzYkN4Y0lrbGtYQ0k2TUN4Y0lrbHpTR0Z5WkVSbGJHVjBaV1JjSWpwbVlXeHpaWDBzWENKRGRYTjBiMjFHYVdWc1pERmNJanB1ZFd4c0xGd2lRM1Z6ZEc5dFJtbGxiR1F5WENJNmJuVnNiQ3hjSWtWdFlXbHNYQ0k2WENKd2JuUmxjM1F3TURGQVpYVnliMlpwYm5NdVkyOXRYQ0lzWENKR1lYaGNJanBjSWpFeU0xd2lMRndpUm1seWMzUk9ZVzFsWENJNlhDSndiblJsYzNSbU1EQXhYQ0lzWENKSmJuTjBZVzVqWlZOMFlYUjFjMFZ1ZFcxY0lqb3dMRndpU1hORVpXWmhkV3gwWENJNmRISjFaU3hjSWtselJXTnZiVTl1YkhsY0lqcDBjblZsTEZ3aVRHRnpkRTVoYldWY0lqcGNJbkJ1ZEdWemRHd3dNREZjSWl4Y0lreHBibVV4WENJNlhDSkZkWEp2Wm1sdWMxd2lMRndpVEdsdVpUSmNJanBjSWtsVVhDSXNYQ0pNYVc1bE0xd2lPbHdpUjNKdmRYQmNJaXhjSWsxdlltbHNaVndpT2x3aU9UY3pPVFUyTlRZMU5sd2lMRndpVUdodmJtVmNJanBjSWprM016azFOalUyTlRaY0lpeGNJbEJvYjI1bFRtOUZlSFJjSWpwdWRXeHNMRndpVW1WamFYQnBaVzUwWENJNmJuVnNiQ3hjSWxOMFlYUmxYQ0k2ZTF3aUpHbGtYQ0k2WENJelhDSXNYQ0pEYjNWdWRISjVYQ0k2Ym5Wc2JDeGNJa2x1YzNSaGJtTmxVM1JoZEhWelJXNTFiVndpT2pBc1hDSlRkR0YwWlV0bGVWd2lPbTUxYkd3c1hDSlRkR0YwWlU1aGJXVmNJanB1ZFd4c0xGd2lWbVZ5YzJsdmJsd2lPakFzWENKSlpGd2lPakFzWENKSmMwaGhjbVJFWld4bGRHVmtYQ0k2Wm1Gc2MyVjlMRndpVTNSeVpXVjBYQ0k2WENKVGRISmxaWFF3TURGY0lpeGNJbE4wY21WbGRESmNJanBjSWxOMGNtVmxkREF3TVZ3aUxGd2lVM1J5WldWME0xd2lPbHdpVTNSeVpXVjBNREF4WENJc1hDSlVhWFJzWlZ3aU9sd2lUVkpjSWl4Y0lsWmhkRWxrWENJNmJuVnNiQ3hjSWxkbFluTnBkR1ZjSWpwdWRXeHNMRndpV21sd1hDSTZYQ0kxTmpBd05ESmNJaXhjSWtselZtRnNhV1JoZEdWa1hDSTZkSEoxWlN4Y0lreGhkR2wwZFdSbFhDSTZiblZzYkN4Y0lreHZibWRwZEhWa1pWd2lPbTUxYkd3c1hDSkpjMFY0YVhOMGFXNW5RbWxzYkZSdlhDSTZabUZzYzJVc1hDSkpjMUpsWVdSUGJteDVYQ0k2Wm1Gc2MyVXNYQ0pKYzA5eVpHVnlRMjl3ZVZ3aU9tWmhiSE5sTEZ3aVNXUmNJam94TWpVM09UTXNYQ0pKYzBoaGNtUkVaV3hsZEdWa1hDSTZabUZzYzJWOUp5d25RMjl1ZEdWdWRGQnNZV05sU0c5c1pHVnlSR1ZtWVhWc2RGOU5ZWE4wWlhKUWJHRmpaV2h2YkdSbGNsOUJaR1J5WlhOelRHbHpkRjgxWDJoa2JsTmxiR1ZqZEdWa1FXUmtjbVZ6YzBsa0p5d25RMjl1ZEdWdWRGQnNZV05sU0c5c1pHVnlSR1ZtWVhWc2RGOU5ZWE4wWlhKUWJHRmpaV2h2YkdSbGNsOW9aRzVCWkdSeVpYTnpUR2x6ZEZObGJHVmpkR1ZrUVdSa2NtVnpjMGxrWDFOb2FYQndhVzVuSnl3Z1ptRnNjMlVzSjFOaGRtVmtKeXduVTNWalkyVnpjMloxYkd4NUlFVmthWFJsWkNjcE95QnlaWFIxY200Z1ptRnNjMlU3WkFJQ0R3OFdBaDhFYUdSa0FnMFBGUUZwUTI5dWRHVnVkRkJzWVdObFNHOXNaR1Z5UkdWbVlYVnNkRjlOWVhOMFpYSlFiR0ZqWldodmJHUmxjbDlCWkdSeVpYTnpUR2x6ZEY4MVgzQnViRVJ5WVdkaFlteGxWMmx1Wkc5M1EyOXVkR1Z1ZEY5SmJteHBibVZOWlhOellXZGxRMjl1ZEdGcGJtVnlaQUlPRHhZQ0h3b0ZHa0ZrWkNCaElHNWxkeUJ6YUdsd2NHbHVaeUJoWkdSeVpYTnpGZ0lDQVE4UEZnSWZBd1VQUVdSa0lHNWxkeUJoWkdSeVpYTnpGZ0lmRXdXcUNrOXVRV1JrVG1WM1FXUmtjbVZ6Y3lnblEyOXVkR1Z1ZEZCc1lXTmxTRzlzWkdWeVJHVm1ZWFZzZEY5TllYTjBaWEpRYkdGalpXaHZiR1JsY2w5QlpHUnlaWE56VEdsemRGODFYM0J1YkVGa1pISmxjM05FYVdGc2IyY25MQ2RUYUdsd2NHbHVaeWNzSjNzaUpHbGtJam9pTVNJc0lsQnlhV05sUVdkeVpXVnRaVzUwVG5WdFltVnlJanB1ZFd4c0xDSldZWFJKWkVWNGRDSTZiblZzYkN3aVFXUmthWFJwYjI1aGJFVnRZV2xzY3lJNmJuVnNiQ3dpUVdSa2NtVnpjMUpsWmlJNmJuVnNiQ3dpUVdSa2NtVnpjMVI1Y0dWRmJuVnRJam93TENKRFlXNUZaR2wwUVdSa2NtVnpjeUk2Wm1Gc2MyVXNJa05wZEhraU9tNTFiR3dzSWtOdmRXNTBjbmtpT25zaUpHbGtJam9pTWlJc0lrRnNiRzkzVm1GMFJYaGxiWEIwSWpwbVlXeHpaU3dpUTI5MWJuUnllVTVoYldVaU9tNTFiR3dzSWtsdWMzUmhibU5sVTNSaGRIVnpSVzUxYlNJNk1Dd2lTWE52UzJWNUlqcHVkV3hzTENKTVlXNW5kV0ZuWlNJNmJuVnNiQ3dpVW1WbmFXOXVJanB1ZFd4c0xDSlRhRzkzUTNWemRHOXRSbWxsYkdReElqcG1ZV3h6WlN3aVUyaHZkME4xYzNSdmJVWnBaV3hrTWlJNlptRnNjMlVzSWxOb2IzZFdZWFFpT21aaGJITmxMQ0pUYVhSbElqcHVkV3hzTENKVGRHRjBaWE1pT201MWJHd3NJbFpsY25OcGIyNGlPakFzSWt4aFltOXlZWFJ2Y21sbGN5STZiblZzYkN3aVNYTldZWFJKWkUxaGJtUmhkRzl5ZVNJNlptRnNjMlVzSWxwcGNFTnZaR1ZTWldkbGVDSTZiblZzYkN3aVNXUWlPakFzSWtselNHRnlaRVJsYkdWMFpXUWlPbVpoYkhObGZTd2lRM1Z6ZEc5dFJtbGxiR1F4SWpwdWRXeHNMQ0pEZFhOMGIyMUdhV1ZzWkRJaU9tNTFiR3dzSWtWdFlXbHNJanB1ZFd4c0xDSkdZWGdpT201MWJHd3NJa1pwY25OMFRtRnRaU0k2Ym5Wc2JDd2lTVzV6ZEdGdVkyVlRkR0YwZFhORmJuVnRJam93TENKSmMwUmxabUYxYkhRaU9tWmhiSE5sTENKSmMwVmpiMjFQYm14NUlqcG1ZV3h6WlN3aVRHRnpkRTVoYldVaU9tNTFiR3dzSWt4cGJtVXhJanB1ZFd4c0xDSk1hVzVsTWlJNmJuVnNiQ3dpVEdsdVpUTWlPbTUxYkd3c0lrMXZZbWxzWlNJNmJuVnNiQ3dpVUdodmJtVWlPbTUxYkd3c0lsQm9iMjVsVG05RmVIUWlPbTUxYkd3c0lsSmxZMmx3YVdWdWRDSTZiblZzYkN3aVUzUmhkR1VpT25zaUpHbGtJam9pTXlJc0lrTnZkVzUwY25raU9tNTFiR3dzSWtsdWMzUmhibU5sVTNSaGRIVnpSVzUxYlNJNk1Dd2lVM1JoZEdWTFpYa2lPbTUxYkd3c0lsTjBZWFJsVG1GdFpTSTZiblZzYkN3aVZtVnljMmx2YmlJNk1Dd2lTV1FpT2pBc0lrbHpTR0Z5WkVSbGJHVjBaV1FpT21aaGJITmxmU3dpVTNSeVpXVjBJanB1ZFd4c0xDSlRkSEpsWlhReUlqcHVkV3hzTENKVGRISmxaWFF6SWpwdWRXeHNMQ0pVYVhSc1pTSTZiblZzYkN3aVZtRjBTV1FpT201MWJHd3NJbGRsWW5OcGRHVWlPbTUxYkd3c0lscHBjQ0k2Ym5Wc2JDd2lTWE5XWVd4cFpHRjBaV1FpT21aaGJITmxMQ0pNWVhScGRIVmtaU0k2Ym5Wc2JDd2lURzl1WjJsMGRXUmxJanB1ZFd4c0xDSkpjMFY0YVhOMGFXNW5RbWxzYkZSdklqcG1ZV3h6WlN3aVNYTlNaV0ZrVDI1c2VTSTZabUZzYzJVc0lrbHpUM0prWlhKRGIzQjVJanBtWVd4elpTd2lTV1FpT2pBc0lrbHpTR0Z5WkVSbGJHVjBaV1FpT21aaGJITmxmU2NzSjBOdmJuUmxiblJRYkdGalpVaHZiR1JsY2tSbFptRjFiSFJmVFdGemRHVnlVR3hoWTJWb2IyeGtaWEpmYUdSdVFXUmtjbVZ6YzB4cGMzUlRaV3hsWTNSbFpFRmtaSEpsYzNOSlpGOVRhR2x3Y0dsdVp5Y3BPeUJ5WlhSMWNtNGdabUZzYzJVN1pBSUREMlFXQW1ZUER4WUNIdzBGRDBKcGJHeHBibWNnUVdSa2NtVnpjMlFXREFJR0R4WUNId01GUUVOb2IyOXpaU0J2Ym1VZ2IyWWdlVzkxY2lCbGVHbHpkR2x1WnlCQ2FXeHNhVzVuSUVGa1pISmxjM01nYjNJZ1kzSmxZWFJsSUdFZ2JtVjNJRzl1WlM1a0FnZ1BaQllDQWdNUFpCWUNBZ0VQRmdJZkF3VW9RMmhsWTJzZ2FXWWdlVzkxSUdSdklHNXZkQ0IzYVhOb0lIUnZJR2hoZG1VZ1VHbGpheTFWY0dRQ0NnOFBGZ0lmQkdoa0ZoWUNCQThWQVJWRGFHOXZjMlVnVUdsamF5MVZjQ0J2Y0hScGIyNWtBZ1lQRlFFRlUzQmxaV1JrQWdnUEZRSUdUbTl5YldGc0dDQkVaWE5wY21Wa0lFTnZiR3hsWTNScGIyNGdSR0YwWldRQ0NnOFZBUmRFWlhOcGNtVmtJRU52Ykd4bFkzUnBiMjRnVkdsdFpXUUNDdzhRRHhZQ0h3NW5aR1FXQUdRQ0R3OFBGZ0lmRHdVY1VHeGxZWE5sSUdOb2IyOXpaU0JRYVdOckxWVndJRzl3ZEdsdmJtUmtBaEVQRHhZQ0h3OEZKbEJzWldGelpTQnpaV3hsWTNRZ0lHUmxjMmx5WldRZ1kyOXNiR1ZqZEdsdmJpQmtZWFJsWkdRQ0V3OFBGZ0lmRHdVbVNXNTJZV3hwWkNCa1pYTnBjbVZrSUdOdmJHeGxZM1JwYjI0Z1pHRjBaU0JtYjNKdFlYUmtaQUlWRHc4V0FoOFBCVkZUYjNKeWVTeFhaU0JEWVc0Z2JtOTBJSEJ5YjNacFpHVWdVR2xqYXkxVmNDQnpaWEoyYVdObElHOXVJSE5sYkdWamRHVmtJR1JoZEdVdVVHeGxZWE5sSUhObGJHVmpkQ0J2ZEdobGNpQmtZWGxrWkFJWEQyUVdCR1lQRlFGMlEyOXVkR1Z1ZEZCc1lXTmxTRzlzWkdWeVJHVm1ZWFZzZEY5TllYTjBaWEpRYkdGalpXaHZiR1JsY2w5QlpHUnlaWE56VEdsemRGODJYMk52YlZCcFkydFZjRUZrWkhKbGMzTlBjSFJwYjI1elgzWnpVR2xqYTFWd1QzQjBhVzl1WDJWamIyMVdZV3hwWkdGMGFXOXVVM1Z0YldGeWVXUUNBZzhWQVhaRGIyNTBaVzUwVUd4aFkyVkliMnhrWlhKRVpXWmhkV3gwWDAxaGMzUmxjbEJzWVdObGFHOXNaR1Z5WDBGa1pISmxjM05NYVhOMFh6WmZZMjl0VUdsamExVndRV1JrY21WemMwOXdkR2x2Ym5OZmRuTlFhV05yVlhCUGNIUnBiMjVmWldOdmJWWmhiR2xrWVhScGIyNVRkVzF0WVhKNVpBSWVEeFVCZ1FGRGIyNTBaVzUwVUd4aFkyVkliMnhrWlhKRVpXWmhkV3gwWDAxaGMzUmxjbEJzWVdObGFHOXNaR1Z5WDBGa1pISmxjM05NYVhOMFh6WmZZMjl0VUdsamExVndRV1JrY21WemMwOXdkR2x2Ym5OZmNHNXNSSEpoWjJGaWJHVlhhVzVrYjNkRGIyNTBaVzUwWDBsdWJHbHVaVTFsYzNOaFoyVkRiMjUwWVdsdVpYSmtBZ3dQUENzQUVRTUFEeFlHSHhCbkh3NW5IeEVDQVdRQkVCWUFGZ0FXQUF3VUt3QUFGZ0ptRDJRV0JtWVBEeFlFSHhJTEt3UUFId1JvWkdRQ0FROWtGZ0ptRDJRV0FnSUJEMlFXQmdJQkQyUVdBZ0lCRHhBUFpCWUNIeE1GcXcxVFpXeGxZM1JUYVc1bmJHVlNZV1JwYjJKMWRIUnZiaWgwYUdsekxtbGtLVHNnVDI1VFpXeGxZM1JCWkdSeVpYTnpLQ2REYjI1MFpXNTBVR3hoWTJWSWIyeGtaWEpFWldaaGRXeDBYMDFoYzNSbGNsQnNZV05sYUc5c1pHVnlYMEZrWkhKbGMzTk1hWE4wWHpaZmNHNXNSSEpoWjJGaWJHVlhhVzVrYjNkRGIyNTBaVzUwSnl3bk1pY3NKMEpwYkd4cGJtY25MQ2Q3WENJa2FXUmNJanBjSWpGY0lpeGNJbEJ5YVdObFFXZHlaV1Z0Wlc1MFRuVnRZbVZ5WENJNmJuVnNiQ3hjSWxaaGRFbGtSWGgwWENJNmJuVnNiQ3hjSWtGa1pHbDBhVzl1WVd4RmJXRnBiSE5jSWpwdWRXeHNMRndpUVdSa2NtVnpjMUpsWmx3aU9sd2lNekV4TURBd01ETXlOakZjSWl4Y0lrRmtaSEpsYzNOVWVYQmxSVzUxYlZ3aU9qSXNYQ0pEWVc1RlpHbDBRV1JrY21WemMxd2lPblJ5ZFdVc1hDSkRhWFI1WENJNlhDSkRhWFI1TURBeFhDSXNYQ0pEYjNWdWRISjVYQ0k2ZTF3aUpHbGtYQ0k2WENJeVhDSXNYQ0pCYkd4dmQxWmhkRVY0Wlcxd2RGd2lPbVpoYkhObExGd2lRMjkxYm5SeWVVNWhiV1ZjSWpwdWRXeHNMRndpU1c1emRHRnVZMlZUZEdGMGRYTkZiblZ0WENJNk1DeGNJa2x6YjB0bGVWd2lPbTUxYkd3c1hDSk1ZVzVuZFdGblpWd2lPbTUxYkd3c1hDSlNaV2RwYjI1Y0lqcHVkV3hzTEZ3aVUyaHZkME4xYzNSdmJVWnBaV3hrTVZ3aU9tWmhiSE5sTEZ3aVUyaHZkME4xYzNSdmJVWnBaV3hrTWx3aU9tWmhiSE5sTEZ3aVUyaHZkMVpoZEZ3aU9tWmhiSE5sTEZ3aVUybDBaVndpT201MWJHd3NYQ0pUZEdGMFpYTmNJanB1ZFd4c0xGd2lWbVZ5YzJsdmJsd2lPakFzWENKTVlXSnZjbUYwYjNKcFpYTmNJanB1ZFd4c0xGd2lTWE5XWVhSSlpFMWhibVJoZEc5eWVWd2lPbVpoYkhObExGd2lXbWx3UTI5a1pWSmxaMlY0WENJNmJuVnNiQ3hjSWtsa1hDSTZNQ3hjSWtselNHRnlaRVJsYkdWMFpXUmNJanBtWVd4elpYMHNYQ0pEZFhOMGIyMUdhV1ZzWkRGY0lqcHVkV3hzTEZ3aVEzVnpkRzl0Um1sbGJHUXlYQ0k2Ym5Wc2JDeGNJa1Z0WVdsc1hDSTZYQ0p3Ym5SbGMzUXdNREZBWlhWeWIyWnBibk11WTI5dFhDSXNYQ0pHWVhoY0lqcGNJakV5TTF3aUxGd2lSbWx5YzNST1lXMWxYQ0k2WENKd2JuUmxjM1JtTURBeFhDSXNYQ0pKYm5OMFlXNWpaVk4wWVhSMWMwVnVkVzFjSWpvd0xGd2lTWE5FWldaaGRXeDBYQ0k2ZEhKMVpTeGNJa2x6UldOdmJVOXViSGxjSWpwMGNuVmxMRndpVEdGemRFNWhiV1ZjSWpwY0luQnVkR1Z6ZEd3d01ERmNJaXhjSWt4cGJtVXhYQ0k2WENKRmRYSnZabWx1YzF3aUxGd2lUR2x1WlRKY0lqcGNJa2xVWENJc1hDSk1hVzVsTTF3aU9sd2lSM0p2ZFhCY0lpeGNJazF2WW1sc1pWd2lPbHdpT1Rjek9UVTJOVFkxTmx3aUxGd2lVR2h2Ym1WY0lqcGNJamszTXprMU5qVTJOVFpjSWl4Y0lsQm9iMjVsVG05RmVIUmNJanB1ZFd4c0xGd2lVbVZqYVhCcFpXNTBYQ0k2Ym5Wc2JDeGNJbE4wWVhSbFhDSTZlMXdpSkdsa1hDSTZYQ0l6WENJc1hDSkRiM1Z1ZEhKNVhDSTZiblZzYkN4Y0lrbHVjM1JoYm1ObFUzUmhkSFZ6Ulc1MWJWd2lPakFzWENKVGRHRjBaVXRsZVZ3aU9tNTFiR3dzWENKVGRHRjBaVTVoYldWY0lqcHVkV3hzTEZ3aVZtVnljMmx2Ymx3aU9qQXNYQ0pKWkZ3aU9qQXNYQ0pKYzBoaGNtUkVaV3hsZEdWa1hDSTZabUZzYzJWOUxGd2lVM1J5WldWMFhDSTZYQ0pUZEhKbFpYUXdNREZjSWl4Y0lsTjBjbVZsZERKY0lqcGNJbE4wY21WbGREQXdNVndpTEZ3aVUzUnlaV1YwTTF3aU9sd2lVM1J5WldWME1EQXhYQ0lzWENKVWFYUnNaVndpT2x3aVRWSmNJaXhjSWxaaGRFbGtYQ0k2Ym5Wc2JDeGNJbGRsWW5OcGRHVmNJanB1ZFd4c0xGd2lXbWx3WENJNlhDSTFOakF3TkRKY0lpeGNJa2x6Vm1Gc2FXUmhkR1ZrWENJNmRISjFaU3hjSWt4aGRHbDBkV1JsWENJNmJuVnNiQ3hjSWt4dmJtZHBkSFZrWlZ3aU9tNTFiR3dzWENKSmMwVjRhWE4wYVc1blFtbHNiRlJ2WENJNlptRnNjMlVzWENKSmMxSmxZV1JQYm14NVhDSTZabUZzYzJVc1hDSkpjMDl5WkdWeVEyOXdlVndpT21aaGJITmxMRndpU1dSY0lqb3hNalUzT1RRc1hDSkpjMGhoY21SRVpXeGxkR1ZrWENJNlptRnNjMlY5Snl3blEyOXVkR1Z1ZEZCc1lXTmxTRzlzWkdWeVJHVm1ZWFZzZEY5TllYTjBaWEpRYkdGalpXaHZiR1JsY2w5QlpHUnlaWE56VEdsemRGODJYMmhrYmxObGJHVmpkR1ZrUVdSa2NtVnpjMGxrSnl3blEyOXVkR1Z1ZEZCc1lXTmxTRzlzWkdWeVJHVm1ZWFZzZEY5TllYTjBaWEpRYkdGalpXaHZiR1JsY2w5b1pHNUJaR1J5WlhOelRHbHpkRk5sYkdWamRHVmtRV1JrY21WemMwbGtYMEpwYkd4cGJtY25LVHRrWkdRQ0F3OWtGZ0lDQVE4V0FoOFVCVnhEYjI1MFpXNTBVR3hoWTJWSWIyeGtaWEpFWldaaGRXeDBYMDFoYzNSbGNsQnNZV05sYUc5c1pHVnlYMEZrWkhKbGMzTk1hWE4wWHpaZlozWkJaR1J5WlhOelRHbHpkRjl5WkdKMGJsTmxiR1ZqZEVGa1pISmxjM05mTUJZQ0FnRVBGZ0lmQXdYdEFVMVNKaU14TmpBN2NHNTBaWE4wWmpBd01TWWpNVFl3TzNCdWRHVnpkR3d3TURFbUl6RTJNRHM4WW5JdlBrVjFjbTltYVc1elBHSnlMejVKVkR4aWNpOCtSM0p2ZFhBOFluSXZQbE4wY21WbGREQXdNVHhpY2k4K1UzUnlaV1YwTURBeFBHSnlMejVUZEhKbFpYUXdNREU4WW5JdlBrTnBkSGt3TURFc1BHSnlMejVMWVhKdVlYUmhhMkVtSXpFMk1EczhZbkl2UGpVMk1EQTBNaVlqTVRZd08wbHVaR2xoSmlNeE5qQTdQR0p5THo0NU56TTVOVFkxTmpVMlBHSnlMejV3Ym5SbGMzUXdNREZBWlhWeWIyWnBibk11WTI5dFBHSnlMejR6TVRFd01EQXdNekkyTVNZak1UWXdPMlFDQlE5a0ZnWUNBUThQRmdJZkF3VUdSR1ZzWlhSbEZnSWZFd1dYRTFOb2IzZEVhV0ZzYjJjb0lqeHdQa1J2SUhsdmRTQnlaV0ZzYkhrZ2QyRnVkQ0IwYnlCa1pXeGxkR1VnZEdocGN5QnBkR1Z0S0hNcFB6d3ZjRDRpTEhzaVJHbGhiRzluUTJ4aGMzTWlPaUlpTENKSVpXbG5hSFFpT2lKaGRYUnZJaXdpVFc5a1lXd2lPblJ5ZFdVc0lsQnZjMmwwYVc5dUlqb2lZMlZ1ZEdWeUlpd2lWMmxrZEdnaU9pSXpNREFpTENKRGJHOXpZV0pzWlNJNmRISjFaU3dpVkdsMGJHVWlPaUpFWld4bGRHVWlMQ0pDZFhSMGIyNHhWR1Y0ZENJNklsbGxjeUlzSWtKMWRIUnZiakpVWlhoMElqb2lUbThpTENKQ2RYUjBiMjR4UTJGc2JHSmhZMnNpT2lKUGJrUmxiR1YwWlVGa1pISmxjM01pTENKQ2RYUjBiMjR5UTJGc2JHSmhZMnNpT201MWJHd3NJa0oxZEhSdmJqRkRZV3hzWW1GamExQmhjbUZ0WlhSbGNuTWlPaUo3WENKRGJHbGxiblJYYVc1a2IzZERiMjUwWlc1MFNXUmNJanBjSWtOdmJuUmxiblJRYkdGalpVaHZiR1JsY2tSbFptRjFiSFJmVFdGemRHVnlVR3hoWTJWb2IyeGtaWEpmUVdSa2NtVnpjMHhwYzNSZk5sOXdibXhFY21GbllXSnNaVmRwYm1SdmQwTnZiblJsYm5SY0lpeGNJa0ZrWkhKbGMzTlVlWEJsUlc1MWJWd2lPbHdpUW1sc2JHbHVaMXdpTEZ3aVNuTnZia1ZrYVhSQlpHUnlaWE56WENJNmUxd2lKR2xrWENJNlhDSXhYQ0lzWENKUWNtbGpaVUZuY21WbGJXVnVkRTUxYldKbGNsd2lPbTUxYkd3c1hDSldZWFJKWkVWNGRGd2lPbTUxYkd3c1hDSkJaR1JwZEdsdmJtRnNSVzFoYVd4elhDSTZiblZzYkN4Y0lrRmtaSEpsYzNOU1pXWmNJanBjSWpNeE1UQXdNREF6TWpZeFhDSXNYQ0pCWkdSeVpYTnpWSGx3WlVWdWRXMWNJam95TEZ3aVEyRnVSV1JwZEVGa1pISmxjM05jSWpwMGNuVmxMRndpUTJsMGVWd2lPbHdpUTJsMGVUQXdNVndpTEZ3aVEyOTFiblJ5ZVZ3aU9udGNJaVJwWkZ3aU9sd2lNbHdpTEZ3aVFXeHNiM2RXWVhSRmVHVnRjSFJjSWpwbVlXeHpaU3hjSWtOdmRXNTBjbmxPWVcxbFhDSTZiblZzYkN4Y0lrbHVjM1JoYm1ObFUzUmhkSFZ6Ulc1MWJWd2lPakFzWENKSmMyOUxaWGxjSWpwdWRXeHNMRndpVEdGdVozVmhaMlZjSWpwdWRXeHNMRndpVW1WbmFXOXVYQ0k2Ym5Wc2JDeGNJbE5vYjNkRGRYTjBiMjFHYVdWc1pERmNJanBtWVd4elpTeGNJbE5vYjNkRGRYTjBiMjFHYVdWc1pESmNJanBtWVd4elpTeGNJbE5vYjNkV1lYUmNJanBtWVd4elpTeGNJbE5wZEdWY0lqcHVkV3hzTEZ3aVUzUmhkR1Z6WENJNmJuVnNiQ3hjSWxabGNuTnBiMjVjSWpvd0xGd2lUR0ZpYjNKaGRHOXlhV1Z6WENJNmJuVnNiQ3hjSWtselZtRjBTV1JOWVc1a1lYUnZjbmxjSWpwbVlXeHpaU3hjSWxwcGNFTnZaR1ZTWldkbGVGd2lPbTUxYkd3c1hDSkpaRndpT2pBc1hDSkpjMGhoY21SRVpXeGxkR1ZrWENJNlptRnNjMlY5TEZ3aVEzVnpkRzl0Um1sbGJHUXhYQ0k2Ym5Wc2JDeGNJa04xYzNSdmJVWnBaV3hrTWx3aU9tNTFiR3dzWENKRmJXRnBiRndpT2x3aWNHNTBaWE4wTURBeFFHVjFjbTltYVc1ekxtTnZiVndpTEZ3aVJtRjRYQ0k2WENJeE1qTmNJaXhjSWtacGNuTjBUbUZ0WlZ3aU9sd2ljRzUwWlhOMFpqQXdNVndpTEZ3aVNXNXpkR0Z1WTJWVGRHRjBkWE5GYm5WdFhDSTZNQ3hjSWtselJHVm1ZWFZzZEZ3aU9uUnlkV1VzWENKSmMwVmpiMjFQYm14NVhDSTZkSEoxWlN4Y0lreGhjM1JPWVcxbFhDSTZYQ0p3Ym5SbGMzUnNNREF4WENJc1hDSk1hVzVsTVZ3aU9sd2lSWFZ5YjJacGJuTmNJaXhjSWt4cGJtVXlYQ0k2WENKSlZGd2lMRndpVEdsdVpUTmNJanBjSWtkeWIzVndYQ0lzWENKTmIySnBiR1ZjSWpwY0lqazNNemsxTmpVMk5UWmNJaXhjSWxCb2IyNWxYQ0k2WENJNU56TTVOVFkxTmpVMlhDSXNYQ0pRYUc5dVpVNXZSWGgwWENJNmJuVnNiQ3hjSWxKbFkybHdhV1Z1ZEZ3aU9tNTFiR3dzWENKVGRHRjBaVndpT250Y0lpUnBaRndpT2x3aU0xd2lMRndpUTI5MWJuUnllVndpT201MWJHd3NYQ0pKYm5OMFlXNWpaVk4wWVhSMWMwVnVkVzFjSWpvd0xGd2lVM1JoZEdWTFpYbGNJanB1ZFd4c0xGd2lVM1JoZEdWT1lXMWxYQ0k2Ym5Wc2JDeGNJbFpsY25OcGIyNWNJam93TEZ3aVNXUmNJam93TEZ3aVNYTklZWEprUkdWc1pYUmxaRndpT21aaGJITmxmU3hjSWxOMGNtVmxkRndpT2x3aVUzUnlaV1YwTURBeFhDSXNYQ0pUZEhKbFpYUXlYQ0k2WENKVGRISmxaWFF3TURGY0lpeGNJbE4wY21WbGRETmNJanBjSWxOMGNtVmxkREF3TVZ3aUxGd2lWR2wwYkdWY0lqcGNJazFTWENJc1hDSldZWFJKWkZ3aU9tNTFiR3dzWENKWFpXSnphWFJsWENJNmJuVnNiQ3hjSWxwcGNGd2lPbHdpTlRZd01EUXlYQ0lzWENKSmMxWmhiR2xrWVhSbFpGd2lPblJ5ZFdVc1hDSk1ZWFJwZEhWa1pWd2lPbTUxYkd3c1hDSk1iMjVuYVhSMVpHVmNJanB1ZFd4c0xGd2lTWE5GZUdsemRHbHVaMEpwYkd4VWIxd2lPbVpoYkhObExGd2lTWE5TWldGa1QyNXNlVndpT21aaGJITmxMRndpU1hOUGNtUmxja052Y0hsY0lqcG1ZV3h6WlN4Y0lrbGtYQ0k2TVRJMU56azBMRndpU1hOSVlYSmtSR1ZzWlhSbFpGd2lPbVpoYkhObGZTeGNJa2hrYmxObGJHVmpkR1ZrUVdSa2NtVnpjMGxrUTJ4cFpXNTBTV1JjSWpwY0lrTnZiblJsYm5SUWJHRmpaVWh2YkdSbGNrUmxabUYxYkhSZlRXRnpkR1Z5VUd4aFkyVm9iMnhrWlhKZlFXUmtjbVZ6YzB4cGMzUmZObDlvWkc1VFpXeGxZM1JsWkVGa1pISmxjM05KWkZ3aUxGd2lWMmx1Wkc5M1UyVnNaV04wWldSQlpHUnlaWE56U0dsa1pHVnVSbWxsYkdSRGJHbGxiblJKWkZ3aU9sd2lRMjl1ZEdWdWRGQnNZV05sU0c5c1pHVnlSR1ZtWVhWc2RGOU5ZWE4wWlhKUWJHRmpaV2h2YkdSbGNsOW9aRzVCWkdSeVpYTnpUR2x6ZEZObGJHVmpkR1ZrUVdSa2NtVnpjMGxrWDBKcGJHeHBibWRjSWl4Y0lrZHlhWFIwWlhKTlpYTnpZV2RsU0dWaFpHVnlYQ0k2WENKRVpXeGxkR1ZrWENJc1hDSkhjbWwwZEdWeVRXVnpjMkZuWlVOdmJuUmxiblJVWlhoMFhDSTZYQ0pUZFdOalpYTnpablZzYkhrZ1JHVnNaWFJsWkZ3aUxGd2lRbWxzYkdsdVowRmtaSEpsYzNORGIzVnVkRndpT2pFc1hDSkVhWE5oWW14bFFXUmtjbVZ6YzFOcmFYQkdiM0pOZFd4MGFYQnNaVUpwYkd4cGJtZGNJanAwY25WbGZTSXNJa0oxZEhSdmJqSkRZV3hzWW1GamExQmhjbUZ0WlhSbGNuTWlPbTUxYkd3c0lsSmxjMmw2WVdKc1pTSTZabUZzYzJVc0lrUnlZV2RuWVdKc1pTSTZabUZzYzJVc0lrRjFkRzlQY0dWdUlqcG1ZV3h6WlN3aVFYQndaVzVrVkc4aU9pSmliMlI1SWl3aVRXRjRTR1ZwWjJoMElqbzBNREFzSWsxaGVGZHBaSFJvSWpvek1EQXNJazFwYmtobGFXZG9kQ0k2TVRVd0xDSk5hVzVYYVdSMGFDSTZNVFV3ZlNrN0lISmxkSFZ5YmlCbVlXeHpaVHRrQWdNUER4WUNId01GQkVOdmNIa1dBaDhUQmJVT1QyNUJaR1JPWlhkQlpHUnlaWE56S0NkRGIyNTBaVzUwVUd4aFkyVkliMnhrWlhKRVpXWmhkV3gwWDAxaGMzUmxjbEJzWVdObGFHOXNaR1Z5WDBGa1pISmxjM05NYVhOMFh6WmZjRzVzUVdSa2NtVnpjMFJwWVd4dlp5Y3NKMEpwYkd4cGJtY25MQ2Q3WENJa2FXUmNJanBjSWpGY0lpeGNJbEJ5YVdObFFXZHlaV1Z0Wlc1MFRuVnRZbVZ5WENJNmJuVnNiQ3hjSWxaaGRFbGtSWGgwWENJNmJuVnNiQ3hjSWtGa1pHbDBhVzl1WVd4RmJXRnBiSE5jSWpwdWRXeHNMRndpUVdSa2NtVnpjMUpsWmx3aU9tNTFiR3dzWENKQlpHUnlaWE56Vkhsd1pVVnVkVzFjSWpveUxGd2lRMkZ1UldScGRFRmtaSEpsYzNOY0lqcDBjblZsTEZ3aVEybDBlVndpT2x3aVEybDBlVEF3TVZ3aUxGd2lRMjkxYm5SeWVWd2lPbnRjSWlScFpGd2lPbHdpTWx3aUxGd2lRV3hzYjNkV1lYUkZlR1Z0Y0hSY0lqcDBjblZsTEZ3aVEyOTFiblJ5ZVU1aGJXVmNJanBjSWtsdVpHbGhYQ0lzWENKSmJuTjBZVzVqWlZOMFlYUjFjMFZ1ZFcxY0lqb3dMRndpU1hOdlMyVjVYQ0k2WENKSlRsd2lMRndpVEdGdVozVmhaMlZjSWpwN1hDSWthV1JjSWpwY0lqTmNJaXhjSWtOdlpHVmNJanBjSW1WdVhDSXNYQ0pEZFd4MGRYSmxRMjlrWlZ3aU9sd2laVzR0VlZOY0lpeGNJa2x0WVdkbFVHRjBhRndpT2x3aUwybHRZV2RsY3k5bWJHRm5jeTlWVXk1bmFXWmNJaXhjSWtsdWMzUmhibU5sVTNSaGRIVnpSVzUxYlZ3aU9qQXNYQ0pPWVcxbFhDSTZYQ0pGYm1kc2FYTm9YQ0lzWENKVGIzSjBUM0prWlhKY0lqb3hMRndpVm1WeWMybHZibHdpT2pBc1hDSkpaRndpT2pFc1hDSkpjMGhoY21SRVpXeGxkR1ZrWENJNlptRnNjMlY5TEZ3aVVtVm5hVzl1WENJNmJuVnNiQ3hjSWxOb2IzZERkWE4wYjIxR2FXVnNaREZjSWpwbVlXeHpaU3hjSWxOb2IzZERkWE4wYjIxR2FXVnNaREpjSWpwbVlXeHpaU3hjSWxOb2IzZFdZWFJjSWpwbVlXeHpaU3hjSWxOcGRHVmNJanB1ZFd4c0xGd2lVM1JoZEdWelhDSTZiblZzYkN4Y0lsWmxjbk5wYjI1Y0lqb3hNQ3hjSWt4aFltOXlZWFJ2Y21sbGMxd2lPbTUxYkd3c1hDSkpjMVpoZEVsa1RXRnVaR0YwYjNKNVhDSTZabUZzYzJVc1hDSmFhWEJEYjJSbFVtVm5aWGhjSWpwY0lsNWNYRnhjWkhzMmZTUmNJaXhjSWtsa1hDSTZOemNzWENKSmMwaGhjbVJFWld4bGRHVmtYQ0k2Wm1Gc2MyVjlMRndpUTNWemRHOXRSbWxsYkdReFhDSTZiblZzYkN4Y0lrTjFjM1J2YlVacFpXeGtNbHdpT201MWJHd3NYQ0pGYldGcGJGd2lPbHdpY0c1MFpYTjBNREF4UUdWMWNtOW1hVzV6TG1OdmJWd2lMRndpUm1GNFhDSTZYQ0l4TWpOY0lpeGNJa1pwY25OMFRtRnRaVndpT2x3aWNHNTBaWE4wWmpBd01Wd2lMRndpU1c1emRHRnVZMlZUZEdGMGRYTkZiblZ0WENJNk1DeGNJa2x6UkdWbVlYVnNkRndpT21aaGJITmxMRndpU1hORlkyOXRUMjVzZVZ3aU9uUnlkV1VzWENKTVlYTjBUbUZ0WlZ3aU9sd2ljRzUwWlhOMGJEQXdNVndpTEZ3aVRHbHVaVEZjSWpwY0lrVjFjbTltYVc1elhDSXNYQ0pNYVc1bE1sd2lPbHdpU1ZSY0lpeGNJa3hwYm1VelhDSTZYQ0pIY205MWNGd2lMRndpVFc5aWFXeGxYQ0k2WENJNU56TTVOVFkxTmpVMlhDSXNYQ0pRYUc5dVpWd2lPbHdpT1Rjek9UVTJOVFkxTmx3aUxGd2lVR2h2Ym1WT2IwVjRkRndpT201MWJHd3NYQ0pTWldOcGNHbGxiblJjSWpwdWRXeHNMRndpVTNSaGRHVmNJanA3WENJa2FXUmNJanBjSWpSY0lpeGNJa052ZFc1MGNubGNJanB1ZFd4c0xGd2lTVzV6ZEdGdVkyVlRkR0YwZFhORmJuVnRYQ0k2TUN4Y0lsTjBZWFJsUzJWNVhDSTZYQ0pKVGkxTFFWd2lMRndpVTNSaGRHVk9ZVzFsWENJNlhDSkxZWEp1WVhSaGEyRmNJaXhjSWxabGNuTnBiMjVjSWpvd0xGd2lTV1JjSWpveE5UQXhMRndpU1hOSVlYSmtSR1ZzWlhSbFpGd2lPbVpoYkhObGZTeGNJbE4wY21WbGRGd2lPbHdpVTNSeVpXVjBNREF4WENJc1hDSlRkSEpsWlhReVhDSTZYQ0pUZEhKbFpYUXdNREZjSWl4Y0lsTjBjbVZsZEROY0lqcGNJbE4wY21WbGREQXdNVndpTEZ3aVZHbDBiR1ZjSWpwY0lrMVNYQ0lzWENKV1lYUkpaRndpT201MWJHd3NYQ0pYWldKemFYUmxYQ0k2Ym5Wc2JDeGNJbHBwY0Z3aU9sd2lOVFl3TURReVhDSXNYQ0pKYzFaaGJHbGtZWFJsWkZ3aU9uUnlkV1VzWENKTVlYUnBkSFZrWlZ3aU9tNTFiR3dzWENKTWIyNW5hWFIxWkdWY0lqcHVkV3hzTEZ3aVNYTkZlR2x6ZEdsdVowSnBiR3hVYjF3aU9tWmhiSE5sTEZ3aVNYTlNaV0ZrVDI1c2VWd2lPbVpoYkhObExGd2lTWE5QY21SbGNrTnZjSGxjSWpwbVlXeHpaU3hjSWtsa1hDSTZNQ3hjSWtselNHRnlaRVJsYkdWMFpXUmNJanBtWVd4elpYMG5MQ2REYjI1MFpXNTBVR3hoWTJWSWIyeGtaWEpFWldaaGRXeDBYMDFoYzNSbGNsQnNZV05sYUc5c1pHVnlYMmhrYmtGa1pISmxjM05NYVhOMFUyVnNaV04wWldSQlpHUnlaWE56U1dSZlFtbHNiR2x1Wnljc0oxTmhkbVZrSnl3blUzVmpZMlZ6YzJaMWJHeDVJRU52Y0dsbFpDY3BPeUJ5WlhSMWNtNGdabUZzYzJVN1pBSUZEdzhXQWg4REJRUkZaR2wwRmdJZkV3V3VEVTl1UldScGRFRmtaSEpsYzNNb0owTnZiblJsYm5SUWJHRmpaVWh2YkdSbGNrUmxabUYxYkhSZlRXRnpkR1Z5VUd4aFkyVm9iMnhrWlhKZlFXUmtjbVZ6YzB4cGMzUmZObDl3Ym14QlpHUnlaWE56UkdsaGJHOW5KeXduUW1sc2JHbHVaeWNzSjN0Y0lpUnBaRndpT2x3aU1Wd2lMRndpVUhKcFkyVkJaM0psWlcxbGJuUk9kVzFpWlhKY0lqcHVkV3hzTEZ3aVZtRjBTV1JGZUhSY0lqcHVkV3hzTEZ3aVFXUmthWFJwYjI1aGJFVnRZV2xzYzF3aU9tNTFiR3dzWENKQlpHUnlaWE56VW1WbVhDSTZYQ0l6TVRFd01EQXdNekkyTVZ3aUxGd2lRV1JrY21WemMxUjVjR1ZGYm5WdFhDSTZNaXhjSWtOaGJrVmthWFJCWkdSeVpYTnpYQ0k2ZEhKMVpTeGNJa05wZEhsY0lqcGNJa05wZEhrd01ERmNJaXhjSWtOdmRXNTBjbmxjSWpwN1hDSWthV1JjSWpwY0lqSmNJaXhjSWtGc2JHOTNWbUYwUlhobGJYQjBYQ0k2Wm1Gc2MyVXNYQ0pEYjNWdWRISjVUbUZ0WlZ3aU9tNTFiR3dzWENKSmJuTjBZVzVqWlZOMFlYUjFjMFZ1ZFcxY0lqb3dMRndpU1hOdlMyVjVYQ0k2Ym5Wc2JDeGNJa3hoYm1kMVlXZGxYQ0k2Ym5Wc2JDeGNJbEpsWjJsdmJsd2lPbTUxYkd3c1hDSlRhRzkzUTNWemRHOXRSbWxsYkdReFhDSTZabUZzYzJVc1hDSlRhRzkzUTNWemRHOXRSbWxsYkdReVhDSTZabUZzYzJVc1hDSlRhRzkzVm1GMFhDSTZabUZzYzJVc1hDSlRhWFJsWENJNmJuVnNiQ3hjSWxOMFlYUmxjMXdpT201MWJHd3NYQ0pXWlhKemFXOXVYQ0k2TUN4Y0lreGhZbTl5WVhSdmNtbGxjMXdpT201MWJHd3NYQ0pKYzFaaGRFbGtUV0Z1WkdGMGIzSjVYQ0k2Wm1Gc2MyVXNYQ0phYVhCRGIyUmxVbVZuWlhoY0lqcHVkV3hzTEZ3aVNXUmNJam93TEZ3aVNYTklZWEprUkdWc1pYUmxaRndpT21aaGJITmxmU3hjSWtOMWMzUnZiVVpwWld4a01Wd2lPbTUxYkd3c1hDSkRkWE4wYjIxR2FXVnNaREpjSWpwdWRXeHNMRndpUlcxaGFXeGNJanBjSW5CdWRHVnpkREF3TVVCbGRYSnZabWx1Y3k1amIyMWNJaXhjSWtaaGVGd2lPbHdpTVRJelhDSXNYQ0pHYVhKemRFNWhiV1ZjSWpwY0luQnVkR1Z6ZEdZd01ERmNJaXhjSWtsdWMzUmhibU5sVTNSaGRIVnpSVzUxYlZ3aU9qQXNYQ0pKYzBSbFptRjFiSFJjSWpwMGNuVmxMRndpU1hORlkyOXRUMjVzZVZ3aU9uUnlkV1VzWENKTVlYTjBUbUZ0WlZ3aU9sd2ljRzUwWlhOMGJEQXdNVndpTEZ3aVRHbHVaVEZjSWpwY0lrVjFjbTltYVc1elhDSXNYQ0pNYVc1bE1sd2lPbHdpU1ZSY0lpeGNJa3hwYm1VelhDSTZYQ0pIY205MWNGd2lMRndpVFc5aWFXeGxYQ0k2WENJNU56TTVOVFkxTmpVMlhDSXNYQ0pRYUc5dVpWd2lPbHdpT1Rjek9UVTJOVFkxTmx3aUxGd2lVR2h2Ym1WT2IwVjRkRndpT201MWJHd3NYQ0pTWldOcGNHbGxiblJjSWpwdWRXeHNMRndpVTNSaGRHVmNJanA3WENJa2FXUmNJanBjSWpOY0lpeGNJa052ZFc1MGNubGNJanB1ZFd4c0xGd2lTVzV6ZEdGdVkyVlRkR0YwZFhORmJuVnRYQ0k2TUN4Y0lsTjBZWFJsUzJWNVhDSTZiblZzYkN4Y0lsTjBZWFJsVG1GdFpWd2lPbTUxYkd3c1hDSldaWEp6YVc5dVhDSTZNQ3hjSWtsa1hDSTZNQ3hjSWtselNHRnlaRVJsYkdWMFpXUmNJanBtWVd4elpYMHNYQ0pUZEhKbFpYUmNJanBjSWxOMGNtVmxkREF3TVZ3aUxGd2lVM1J5WldWME1sd2lPbHdpVTNSeVpXVjBNREF4WENJc1hDSlRkSEpsWlhRelhDSTZYQ0pUZEhKbFpYUXdNREZjSWl4Y0lsUnBkR3hsWENJNlhDSk5VbHdpTEZ3aVZtRjBTV1JjSWpwdWRXeHNMRndpVjJWaWMybDBaVndpT201MWJHd3NYQ0phYVhCY0lqcGNJalUyTURBME1sd2lMRndpU1hOV1lXeHBaR0YwWldSY0lqcDBjblZsTEZ3aVRHRjBhWFIxWkdWY0lqcHVkV3hzTEZ3aVRHOXVaMmwwZFdSbFhDSTZiblZzYkN4Y0lrbHpSWGhwYzNScGJtZENhV3hzVkc5Y0lqcG1ZV3h6WlN4Y0lrbHpVbVZoWkU5dWJIbGNJanBtWVd4elpTeGNJa2x6VDNKa1pYSkRiM0I1WENJNlptRnNjMlVzWENKSlpGd2lPakV5TlRjNU5DeGNJa2x6U0dGeVpFUmxiR1YwWldSY0lqcG1ZV3h6WlgwbkxDZERiMjUwWlc1MFVHeGhZMlZJYjJ4a1pYSkVaV1poZFd4MFgwMWhjM1JsY2xCc1lXTmxhRzlzWkdWeVgwRmtaSEpsYzNOTWFYTjBYelpmYUdSdVUyVnNaV04wWldSQlpHUnlaWE56U1dRbkxDZERiMjUwWlc1MFVHeGhZMlZJYjJ4a1pYSkVaV1poZFd4MFgwMWhjM1JsY2xCc1lXTmxhRzlzWkdWeVgyaGtia0ZrWkhKbGMzTk1hWE4wVTJWc1pXTjBaV1JCWkdSeVpYTnpTV1JmUW1sc2JHbHVaeWNzSUdaaGJITmxMQ2RUWVhabFpDY3NKMU4xWTJObGMzTm1kV3hzZVNCRlpHbDBaV1FuS1RzZ2NtVjBkWEp1SUdaaGJITmxPMlFDQWc4UEZnSWZCR2hrWkFJTkR4VUJhVU52Ym5SbGJuUlFiR0ZqWlVodmJHUmxja1JsWm1GMWJIUmZUV0Z6ZEdWeVVHeGhZMlZvYjJ4a1pYSmZRV1JrY21WemMweHBjM1JmTmw5d2JteEVjbUZuWVdKc1pWZHBibVJ2ZDBOdmJuUmxiblJmU1c1c2FXNWxUV1Z6YzJGblpVTnZiblJoYVc1bGNtUUNEZzhXQWg4S0JSbEJaR1FnWVNCdVpYY2dZbWxzYkdsdVp5QmhaR1J5WlhOekZnSUNBUThQRmdJZkF3VVBRV1JrSUc1bGR5QmhaR1J5WlhOekZnSWZFd1dvQ2s5dVFXUmtUbVYzUVdSa2NtVnpjeWduUTI5dWRHVnVkRkJzWVdObFNHOXNaR1Z5UkdWbVlYVnNkRjlOWVhOMFpYSlFiR0ZqWldodmJHUmxjbDlCWkdSeVpYTnpUR2x6ZEY4MlgzQnViRUZrWkhKbGMzTkVhV0ZzYjJjbkxDZENhV3hzYVc1bkp5d25leUlrYVdRaU9pSXhJaXdpVUhKcFkyVkJaM0psWlcxbGJuUk9kVzFpWlhJaU9tNTFiR3dzSWxaaGRFbGtSWGgwSWpwdWRXeHNMQ0pCWkdScGRHbHZibUZzUlcxaGFXeHpJanB1ZFd4c0xDSkJaR1J5WlhOelVtVm1JanB1ZFd4c0xDSkJaR1J5WlhOelZIbHdaVVZ1ZFcwaU9qQXNJa05oYmtWa2FYUkJaR1J5WlhOeklqcG1ZV3h6WlN3aVEybDBlU0k2Ym5Wc2JDd2lRMjkxYm5SeWVTSTZleUlrYVdRaU9pSXlJaXdpUVd4c2IzZFdZWFJGZUdWdGNIUWlPbVpoYkhObExDSkRiM1Z1ZEhKNVRtRnRaU0k2Ym5Wc2JDd2lTVzV6ZEdGdVkyVlRkR0YwZFhORmJuVnRJam93TENKSmMyOUxaWGtpT201MWJHd3NJa3hoYm1kMVlXZGxJanB1ZFd4c0xDSlNaV2RwYjI0aU9tNTFiR3dzSWxOb2IzZERkWE4wYjIxR2FXVnNaREVpT21aaGJITmxMQ0pUYUc5M1EzVnpkRzl0Um1sbGJHUXlJanBtWVd4elpTd2lVMmh2ZDFaaGRDSTZabUZzYzJVc0lsTnBkR1VpT201MWJHd3NJbE4wWVhSbGN5STZiblZzYkN3aVZtVnljMmx2YmlJNk1Dd2lUR0ZpYjNKaGRHOXlhV1Z6SWpwdWRXeHNMQ0pKYzFaaGRFbGtUV0Z1WkdGMGIzSjVJanBtWVd4elpTd2lXbWx3UTI5a1pWSmxaMlY0SWpwdWRXeHNMQ0pKWkNJNk1Dd2lTWE5JWVhKa1JHVnNaWFJsWkNJNlptRnNjMlY5TENKRGRYTjBiMjFHYVdWc1pERWlPbTUxYkd3c0lrTjFjM1J2YlVacFpXeGtNaUk2Ym5Wc2JDd2lSVzFoYVd3aU9tNTFiR3dzSWtaaGVDSTZiblZzYkN3aVJtbHljM1JPWVcxbElqcHVkV3hzTENKSmJuTjBZVzVqWlZOMFlYUjFjMFZ1ZFcwaU9qQXNJa2x6UkdWbVlYVnNkQ0k2Wm1Gc2MyVXNJa2x6UldOdmJVOXViSGtpT21aaGJITmxMQ0pNWVhOMFRtRnRaU0k2Ym5Wc2JDd2lUR2x1WlRFaU9tNTFiR3dzSWt4cGJtVXlJanB1ZFd4c0xDSk1hVzVsTXlJNmJuVnNiQ3dpVFc5aWFXeGxJanB1ZFd4c0xDSlFhRzl1WlNJNmJuVnNiQ3dpVUdodmJtVk9iMFY0ZENJNmJuVnNiQ3dpVW1WamFYQnBaVzUwSWpwdWRXeHNMQ0pUZEdGMFpTSTZleUlrYVdRaU9pSXpJaXdpUTI5MWJuUnllU0k2Ym5Wc2JDd2lTVzV6ZEdGdVkyVlRkR0YwZFhORmJuVnRJam93TENKVGRHRjBaVXRsZVNJNmJuVnNiQ3dpVTNSaGRHVk9ZVzFsSWpwdWRXeHNMQ0pXWlhKemFXOXVJam93TENKSlpDSTZNQ3dpU1hOSVlYSmtSR1ZzWlhSbFpDSTZabUZzYzJWOUxDSlRkSEpsWlhRaU9tNTFiR3dzSWxOMGNtVmxkRElpT201MWJHd3NJbE4wY21WbGRETWlPbTUxYkd3c0lsUnBkR3hsSWpwdWRXeHNMQ0pXWVhSSlpDSTZiblZzYkN3aVYyVmljMmwwWlNJNmJuVnNiQ3dpV21sd0lqcHVkV3hzTENKSmMxWmhiR2xrWVhSbFpDSTZabUZzYzJVc0lreGhkR2wwZFdSbElqcHVkV3hzTENKTWIyNW5hWFIxWkdVaU9tNTFiR3dzSWtselJYaHBjM1JwYm1kQ2FXeHNWRzhpT21aaGJITmxMQ0pKYzFKbFlXUlBibXg1SWpwbVlXeHpaU3dpU1hOUGNtUmxja052Y0hraU9tWmhiSE5sTENKSlpDSTZNQ3dpU1hOSVlYSmtSR1ZzWlhSbFpDSTZabUZzYzJWOUp5d25RMjl1ZEdWdWRGQnNZV05sU0c5c1pHVnlSR1ZtWVhWc2RGOU5ZWE4wWlhKUWJHRmpaV2h2YkdSbGNsOW9aRzVCWkdSeVpYTnpUR2x6ZEZObGJHVmpkR1ZrUVdSa2NtVnpjMGxrWDBKcGJHeHBibWNuS1RzZ2NtVjBkWEp1SUdaaGJITmxPMlFDQlE5a0ZnSm1EdzhXQWg4TkJSRkVjbTl3WW05NElFeHZZMkYwYVc5dWMyUVdDZ0lERHhZQ0h3TUZFMU5sYkdWamRDQjViM1Z5SUdSeWIzQmliM2hrQWdVUEZnSWZBd1VsUkdsemNHeGhlU0JFY205d1FtOTRaWE1nYVc0Z01qQWdUV2xzWlNCeVlXNW5aU0J2Wm1RQ0J3OFBGZ0lmQXdVR05UWXdNRFF5WkdRQ0NBOFZBV2xEYjI1MFpXNTBVR3hoWTJWSWIyeGtaWEpFWldaaGRXeDBYMDFoYzNSbGNsQnNZV05sYUc5c1pHVnlYM1ZqUkhKdmNFSnZlR1Z6WHpkZmNHNXNSSEpoWjJGaWJHVlhhVzVrYjNkRGIyNTBaVzUwWDBsdWJHbHVaVTFsYzNOaFoyVkRiMjUwWVdsdVpYSmtBZ2tQRHhZQ0h3Um9aQllHQWdFUEZnSWVCVlpoYkhWbFpHUUNBdzhXQWg4VkJVTjdJa1JwYzNSaGJtTmxTVzVTWVdScGRYTWlPakl3TENKVmJtbDBUMlpFYVhOMFlXNWpaU0k2TWl3aVNXNXBkR2xoYkUxaGNGcHZiMjFNWlhabGJDSTZNVFY5WkFJSER4WUNIeEVDLy8vLy93OWtBZ2NQWkJZQ1pnOFBGZ0lmQkdoa0ZnUUNDZzlrRmdJQ0N3OFFaR1FXQUdRQ0RBODhLd0FSQWdFUUZnQVdBQllBREJRckFBQmtBZ2tQWkJZQ1pnOWtGZ1FDQXc5a0ZnSm1EeFVCTmxOdmJXVWdkbUZzYVdSaGRHbHZiaUJwYzNOMVpTQnZZMk4xY25NdUlGQnNaV0Z6WlNCamFHVmpheUI1YjNWeUlHbHVjSFYwTG1RQ0JROFBGZ0lmQXdVSVUyRjJaVlJsYzNSa1pBSVZEMlFXQW1ZUFpCWUNaZzhWQWFZR2RtRnlJSE5vYjNkUWNtOW5jbVZ6YzBKaGNrRm1kR1Z5UFRJd01Ec05DblpoY2lCdFpYTnpZV2RsVUhKdlozSmxjM05DWVhJOUoxQnNaV0Z6WlNCM1lXbDBMaTR1SnpzTkNuWmhjaUJ3Y205bmNtVnpjMEpoY2xScGRHeGxQU2RRYkdWaGMyVWdkMkZwZEM0dUxpYzdEUXAyWVhJZ2NISnZaM0psYzNOQ1lYSkRZVzVqWld4Q2RYUjBiMjVVWlhoMFBTZERZVzVqWld3bk93MEtkbUZ5SUdGc1pYSjBUV1Z6YzJGblpVSjFkSFJ2YmxSbGVIUTlKMDlySnpzTkNuWmhjaUJoYkdWeWRFMWxjM05oWjJWVWFYUnNaVDBuUVd4bGNuUWdUV1Z6YzJGblpTYzdEUXAyWVhJZ2IzQmxjbTl1VTJsMFpWVnliRDBuSnpzTkNuWmhjaUJqZFhKeVpXNTBVMmwwWlVOdlpHVTlKMFZDUlNjN0RRcDJZWElnYzNWaVJHOXRZV2x1UFNkUlFTYzdEUXAyWVhJZ2NHOXlkRTUxYldKbGNqMG5PREVuT3cwS2RtRnlJSEJ5WlV4dllXUkpiV0ZuWlV4cGMzUTlXeWN2WTNOekwyVjRkQzlxY1hWbGNubDBhR1Z0WlhNdmFXMWhaMlZ6TDNWcExXSm5YMmRzWVhOelh6VTFYekZqTVdNeFkxOHhlRFF3TUM1d2JtY25YVHNOQ25aaGNpQndjbWxqYVc1blJHVjBZV2xzYzBOc2IzTmxRblYwZEc5dVZHVjRkRDBuUTJ4dmMyVW5PdzBLZG1GeUlFRmtaRUoxZEhSdmJsSmxjMjkxY21ObFZHVjRkQ0E5SUNkQlpHUW5PdzBLZG1GeUlFTmhibU5sYkVKMWRIUnZibEpsYzI5MWNtTmxWR1Y0ZENBOUlDZERZVzVqWld3bk93MEtkbUZ5SUVOc2IzTmxRblYwZEc5dVVtVnpiM1Z5WTJWVVpYaDBJRDBnSjBOc2IzTmxKenNOQ25aaGNpQlRZWFpsUW5WMGRHOXVVbVZ6YjNWeVkyVlVaWGgwSUQwZ0oxTmhkbVVuT3cwS2RtRnlJRTV2UW5WMGRHOXVVbVZ6YjNWeVkyVlVaWGgwSUQwZ0owNXZKenNOQ25aaGNpQlpaWE5DZFhSMGIyNVNaWE52ZFhKalpWUmxlSFFnUFNBbldXVnpKenNOQ25aaGNpQlVhR2xqYTBKdmVFTnNiM05sVkdWNGRGSmxjMjkxY21ObElEMGdKMjl5SUVWell5QkxaWGtuT3cwS2RtRnlJRlJvYVdOclFtOTRRMnh2YzJWTWFXNXJVbVZ6YjNWeVkyVWdQU0FuWTJ4dmMyVW5PdzBLZG1GeUlHUmxjR3h2ZVcxbGJuUkZiblpwY205dWJXVnVkQ0E5SUNkUlFTYzdEUXBrR0FRRkhsOWZRMjl1ZEhKdmJITlNaWEYxYVhKbFVHOXpkRUpoWTJ0TFpYbGZYeFlDQlhKamRHd3dNQ1JqZEd3d01DUmpkR3d3TUNSRGIyNTBaVzUwVUd4aFkyVkliMnhrWlhKRVpXWmhkV3gwSkUxaGMzUmxjbEJzWVdObGFHOXNaR1Z5SkVGa1pISmxjM05NYVhOMFh6VWtaM1pCWkdSeVpYTnpUR2x6ZENSamRHd3dNaVJ5WkdKMGJsTmxiR1ZqZEVGa1pISmxjM01GY21OMGJEQXdKR04wYkRBd0pHTjBiREF3SkVOdmJuUmxiblJRYkdGalpVaHZiR1JsY2tSbFptRjFiSFFrVFdGemRHVnlVR3hoWTJWb2IyeGtaWElrUVdSa2NtVnpjMHhwYzNSZk5pUm5ka0ZrWkhKbGMzTk1hWE4wSkdOMGJEQXlKSEprWW5SdVUyVnNaV04wUVdSa2NtVnpjd1ZaWTNSc01EQWtZM1JzTURBa1kzUnNNREFrUTI5dWRHVnVkRkJzWVdObFNHOXNaR1Z5UkdWbVlYVnNkQ1JOWVhOMFpYSlFiR0ZqWldodmJHUmxjaVJCWkdSeVpYTnpUR2x6ZEY4NEpHZDJRV1JrY21WemMweHBjM1FQWjJRRldXTjBiREF3SkdOMGJEQXdKR04wYkRBd0pFTnZiblJsYm5SUWJHRmpaVWh2YkdSbGNrUmxabUYxYkhRa1RXRnpkR1Z5VUd4aFkyVm9iMnhrWlhJa1FXUmtjbVZ6YzB4cGMzUmZOaVJuZGtGa1pISmxjM05NYVhOMER6d3JBQXdCQ0FJQlpBVlpZM1JzTURBa1kzUnNNREFrWTNSc01EQWtRMjl1ZEdWdWRGQnNZV05sU0c5c1pHVnlSR1ZtWVhWc2RDUk5ZWE4wWlhKUWJHRmpaV2h2YkdSbGNpUkJaR1J5WlhOelRHbHpkRjgxSkdkMlFXUmtjbVZ6YzB4cGMzUVBQQ3NBREFFSUFnRmtMaEVuWDNmOG00NlZpR2V3RGl0Mlc4NWV0R3pVV0xJYW95T0JVVzBvcG9JPSIgQ29ycmVsYXRpb25CaW5kaW5nPSIiIFVybEVuY29kZT0iVHJ1ZSIgLz4NCiAgICAgICAgPEZvcm1Qb3N0UGFyYW1ldGVyIE5hbWU9ImN0bDAwJGN0bDAwJGN0bDAwJENvbnRlbnRQbGFjZUhvbGRlckRlZmF1bHQkVG9wTG9nZ2VkSW5fMSRoZG5TY3JlZW5BcmVhIiBWYWx1ZT0ie3skSElEREVOMS5jdGwwMCRjdGwwMCRjdGwwMCRDb250ZW50UGxhY2VIb2xkZXJEZWZhdWx0JFRvcExvZ2dlZEluXzEkaGRuU2NyZWVuQXJlYX19IiBSZWNvcmRlZFZhbHVlPSIiIENvcnJlbGF0aW9uQmluZGluZz0iIiBVcmxFbmNvZGU9IlRydWUiIC8+DQogICAgICAgIDxGb3JtUG9zdFBhcmFtZXRlciBOYW1lPSJjdGwwMCRjdGwwMCRjdGwwMCRDb250ZW50UGxhY2VIb2xkZXJEZWZhdWx0JENhcnRPdmVydmlld18zJGhkbkZpZWxkU2VsZWN0ZWRPcmRlckl0ZW1DaGVja291dFN0YXRlcyIgVmFsdWU9Int7JEhJRERFTjEuY3RsMDAkY3RsMDAkY3RsMDAkQ29udGVudFBsYWNlSG9sZGVyRGVmYXVsdCRDYXJ0T3ZlcnZpZXdfMyRoZG5GaWVsZFNlbGVjdGVkT3JkZXJJdGVtQ2hlY2tvdXRTdGF0ZXN9fSIgUmVjb3JkZWRWYWx1ZT0iIiBDb3JyZWxhdGlvbkJpbmRpbmc9IiIgVXJsRW5jb2RlPSJUcnVlIiAvPg0KICAgICAgICA8Rm9ybVBvc3RQYXJhbWV0ZXIgTmFtZT0iY3RsMDAkY3RsMDAkY3RsMDAkQ29udGVudFBsYWNlSG9sZGVyRGVmYXVsdCRDYXJ0T3ZlcnZpZXdfMyRoZG5GaWVsZENvbXBsZXRlQ2FydENoZWNrb3V0U3RhdGVFbnVtcyIgVmFsdWU9Int7JEhJRERFTjEuY3RsMDAkY3RsMDAkY3RsMDAkQ29udGVudFBsYWNlSG9sZGVyRGVmYXVsdCRDYXJ0T3ZlcnZpZXdfMyRoZG5GaWVsZENvbXBsZXRlQ2FydENoZWNrb3V0U3RhdGVFbnVtc319IiBSZWNvcmRlZFZhbHVlPSIiIENvcnJlbGF0aW9uQmluZGluZz0iIiBVcmxFbmNvZGU9IlRydWUiIC8+DQogICAgICAgIDxGb3JtUG9zdFBhcmFtZXRlciBOYW1lPSJjdGwwMCRjdGwwMCRjdGwwMCRDb250ZW50UGxhY2VIb2xkZXJEZWZhdWx0JENhcnRPdmVydmlld18zJGhkbkZpZWxkU2VsZWN0ZWRJdGVtSWRzIiBWYWx1ZT0ie3skSElEREVOMS5jdGwwMCRjdGwwMCRjdGwwMCRDb250ZW50UGxhY2VIb2xkZXJEZWZhdWx0JENhcnRPdmVydmlld18zJGhkbkZpZWxkU2VsZWN0ZWRJdGVtSWRzfX0iIFJlY29yZGVkVmFsdWU9IiIgQ29ycmVsYXRpb25CaW5kaW5nPSIiIFVybEVuY29kZT0iVHJ1ZSIgLz4NCiAgICAgICAgPEZvcm1Qb3N0UGFyYW1ldGVyIE5hbWU9ImN0bDAwJGN0bDAwJGN0bDAwJENvbnRlbnRQbGFjZUhvbGRlckRlZmF1bHQkQ2FydE92ZXJ2aWV3XzMkaGRuU2NyZWVuQXJlYSIgVmFsdWU9Int7JEhJRERFTjEuY3RsMDAkY3RsMDAkY3RsMDAkQ29udGVudFBsYWNlSG9sZGVyRGVmYXVsdCRDYXJ0T3ZlcnZpZXdfMyRoZG5TY3JlZW5BcmVhfX0iIFJlY29yZGVkVmFsdWU9IiIgQ29ycmVsYXRpb25CaW5kaW5nPSIiIFVybEVuY29kZT0iVHJ1ZSIgLz4NCiAgICAgICAgPEZvcm1Qb3N0UGFyYW1ldGVyIE5hbWU9ImN0bDAwJGN0bDAwJGN0bDAwJENvbnRlbnRQbGFjZUhvbGRlckRlZmF1bHQkTWFzdGVyUGxhY2Vob2xkZXIkQWRkcmVzc0xpc3RfNSRoZG5BZGRyZXNzVHlwZUVudW0iIFZhbHVlPSJ7eyRISURERU4xLmN0bDAwJGN0bDAwJGN0bDAwJENvbnRlbnRQbGFjZUhvbGRlckRlZmF1bHQkTWFzdGVyUGxhY2Vob2xkZXIkQWRkcmVzc0xpc3RfNSRoZG5BZGRyZXNzVHlwZUVudW19fSIgUmVjb3JkZWRWYWx1ZT0iU2hpcHBpbmciIENvcnJlbGF0aW9uQmluZGluZz0iIiBVcmxFbmNvZGU9IlRydWUiIC8+DQogICAgICAgIDxGb3JtUG9zdFBhcmFtZXRlciBOYW1lPSJjdGwwMCRjdGwwMCRjdGwwMCRDb250ZW50UGxhY2VIb2xkZXJEZWZhdWx0JE1hc3RlclBsYWNlaG9sZGVyJEFkZHJlc3NMaXN0XzUkaGRuU2VsZWN0ZWRBZGRyZXNzSWQiIFZhbHVlPSJ7eyRISURERU4xLmN0bDAwJGN0bDAwJGN0bDAwJENvbnRlbnRQbGFjZUhvbGRlckRlZmF1bHQkTWFzdGVyUGxhY2Vob2xkZXIkQWRkcmVzc0xpc3RfNSRoZG5TZWxlY3RlZEFkZHJlc3NJZH19IiBSZWNvcmRlZFZhbHVlPSIxMjU3OTMiIENvcnJlbGF0aW9uQmluZGluZz0iIiBVcmxFbmNvZGU9IlRydWUiIC8+DQogICAgICAgIDxGb3JtUG9zdFBhcmFtZXRlciBOYW1lPSJjdGwwMCRjdGwwMCRjdGwwMCRDb250ZW50UGxhY2VIb2xkZXJEZWZhdWx0JE1hc3RlclBsYWNlaG9sZGVyJEFkZHJlc3NMaXN0XzUkZ3ZBZGRyZXNzTGlzdCRjdGwwMiRyZGJ0blNlbGVjdEFkZHJlc3MiIFZhbHVlPSJyZGJ0blNlbGVjdEFkZHJlc3MiIFJlY29yZGVkVmFsdWU9InJkYnRuU2VsZWN0QWRkcmVzcyIgQ29ycmVsYXRpb25CaW5kaW5nPSJ7e0Zvcm1Qb3N0UGFyYW0zMS5jdGwwMCRjdGwwMCRjdGwwMCRDb250ZW50UGxhY2VIb2xkZXJEZWZhdWx0JE1hc3RlclBsYWNlaG9sZGVyJEFkZHJlc3NMaXN0XzUkZ3ZBZGRyZXNzTGlzdCRjdGwwMiRyZGJ0blNlbGVjdEFkZHJlc3N9fSIgVXJsRW5jb2RlPSJUcnVlIiAvPg0KICAgICAgICA8Rm9ybVBvc3RQYXJhbWV0ZXIgTmFtZT0iY3RsMDAkY3RsMDAkY3RsMDAkQ29udGVudFBsYWNlSG9sZGVyRGVmYXVsdCRNYXN0ZXJQbGFjZWhvbGRlciRBZGRyZXNzTGlzdF81JGhkbl9Db250ZW50UGxhY2VIb2xkZXJEZWZhdWx0X01hc3RlclBsYWNlaG9sZGVyX0FkZHJlc3NMaXN0XzVfcG5sRHJhZ2FibGVXaW5kb3dDb250ZW50X0dldERhdGFRdWVyeSIgVmFsdWU9Int7JEhJRERFTjEuY3RsMDAkY3RsMDAkY3RsMDAkQ29udGVudFBsYWNlSG9sZGVyRGVmYXVsdCRNYXN0ZXJQbGFjZWhvbGRlciRBZGRyZXNzTGlzdF81JGhkbl9Db250ZW50UGxhY2VIb2xkZXJEZWZhdWx0X01hc3RlclBsYWNlaG9sZGVyX0FkZHJlc3NMaXN0XzVfcG5sRHJhZ2FibGVXaW5kb3dDb250ZW50X0dldERhdGFRdWVyeX19IiBSZWNvcmRlZFZhbHVlPSJ7JnF1b3Q7QWRkcmVzc1R5cGVFbnVtJnF1b3Q7OiZxdW90O1NoaXBwaW5nJnF1b3Q7LCZxdW90O0NvbnRyb2xOYW1lJnF1b3Q7OiZxdW90O0FkZHJlc3NMaXN0JnF1b3Q7LCZxdW90O0FjdGlvbiZxdW90OzomcXVvdDtHZXREYXRhJnF1b3Q7LCZxdW90O1NlbGVjdGVkQWRkcmVzc0lkJnF1b3Q7OjEyNTc5MywmcXVvdDtXaW5kb3dTZWxlY3RlZEFkZHJlc3NIaWRkZW5GaWVsZENsaWVudElkJnF1b3Q7OiZxdW90O0NvbnRlbnRQbGFjZUhvbGRlckRlZmF1bHRfTWFzdGVyUGxhY2Vob2xkZXJfaGRuQWRkcmVzc0xpc3RTZWxlY3RlZEFkZHJlc3NJZF9TaGlwcGluZyZxdW90O30iIENvcnJlbGF0aW9uQmluZGluZz0iIiBVcmxFbmNvZGU9IlRydWUiIC8+DQogICAgICAgIDxGb3JtUG9zdFBhcmFtZXRlciBOYW1lPSJjdGwwMCRjdGwwMCRjdGwwMCRDb250ZW50UGxhY2VIb2xkZXJEZWZhdWx0JE1hc3RlclBsYWNlaG9sZGVyJEFkZHJlc3NMaXN0XzUkaGRuX0NvbnRlbnRQbGFjZUhvbGRlckRlZmF1bHRfTWFzdGVyUGxhY2Vob2xkZXJfQWRkcmVzc0xpc3RfNV9wbmxEcmFnYWJsZVdpbmRvd0NvbnRlbnRfU3RhbmRBbG9uZUlkIiBWYWx1ZT0ie3skSElEREVOMS5jdGwwMCRjdGwwMCRjdGwwMCRDb250ZW50UGxhY2VIb2xkZXJEZWZhdWx0JE1hc3RlclBsYWNlaG9sZGVyJEFkZHJlc3NMaXN0XzUkaGRuX0NvbnRlbnRQbGFjZUhvbGRlckRlZmF1bHRfTWFzdGVyUGxhY2Vob2xkZXJfQWRkcmVzc0xpc3RfNV9wbmxEcmFnYWJsZVdpbmRvd0NvbnRlbnRfU3RhbmRBbG9uZUlkfX0iIFJlY29yZGVkVmFsdWU9IlN0YW5kQWxvbmVTYXZlIiBDb3JyZWxhdGlvbkJpbmRpbmc9IiIgVXJsRW5jb2RlPSJUcnVlIiAvPg0KICAgICAgICA8Rm9ybVBvc3RQYXJhbWV0ZXIgTmFtZT0iY3RsMDAkY3RsMDAkY3RsMDAkQ29udGVudFBsYWNlSG9sZGVyRGVmYXVsdCRNYXN0ZXJQbGFjZWhvbGRlciRBZGRyZXNzTGlzdF81JGhkblNjcmVlbkFyZWEiIFZhbHVlPSJ7eyRISURERU4xLmN0bDAwJGN0bDAwJGN0bDAwJENvbnRlbnRQbGFjZUhvbGRlckRlZmF1bHQkTWFzdGVyUGxhY2Vob2xkZXIkQWRkcmVzc0xpc3RfNSRoZG5TY3JlZW5BcmVhfX0iIFJlY29yZGVkVmFsdWU9IiIgQ29ycmVsYXRpb25CaW5kaW5nPSIiIFVybEVuY29kZT0iVHJ1ZSIgLz4NCiAgICAgICAgPEZvcm1Qb3N0UGFyYW1ldGVyIE5hbWU9ImN0bDAwJGN0bDAwJGN0bDAwJENvbnRlbnRQbGFjZUhvbGRlckRlZmF1bHQkTWFzdGVyUGxhY2Vob2xkZXIkaGRuQWRkcmVzc0xpc3RTZWxlY3RlZEFkZHJlc3NJZF9TaGlwcGluZyIgVmFsdWU9Int7JEhJRERFTjEuY3RsMDAkY3RsMDAkY3RsMDAkQ29udGVudFBsYWNlSG9sZGVyRGVmYXVsdCRNYXN0ZXJQbGFjZWhvbGRlciRoZG5BZGRyZXNzTGlzdFNlbGVjdGVkQWRkcmVzc0lkX1NoaXBwaW5nfX0iIFJlY29yZGVkVmFsdWU9IjEyNTc5MyIgQ29ycmVsYXRpb25CaW5kaW5nPSIiIFVybEVuY29kZT0iVHJ1ZSIgLz4NCiAgICAgICAgPEZvcm1Qb3N0UGFyYW1ldGVyIE5hbWU9ImN0bDAwJGN0bDAwJGN0bDAwJENvbnRlbnRQbGFjZUhvbGRlckRlZmF1bHQkTWFzdGVyUGxhY2Vob2xkZXIkQWRkcmVzc0xpc3RfNiRoZG5BZGRyZXNzVHlwZUVudW0iIFZhbHVlPSJ7eyRISURERU4xLmN0bDAwJGN0bDAwJGN0bDAwJENvbnRlbnRQbGFjZUhvbGRlckRlZmF1bHQkTWFzdGVyUGxhY2Vob2xkZXIkQWRkcmVzc0xpc3RfNiRoZG5BZGRyZXNzVHlwZUVudW19fSIgUmVjb3JkZWRWYWx1ZT0iQmlsbGluZyIgQ29ycmVsYXRpb25CaW5kaW5nPSIiIFVybEVuY29kZT0iVHJ1ZSIgLz4NCiAgICAgICAgPEZvcm1Qb3N0UGFyYW1ldGVyIE5hbWU9ImN0bDAwJGN0bDAwJGN0bDAwJENvbnRlbnRQbGFjZUhvbGRlckRlZmF1bHQkTWFzdGVyUGxhY2Vob2xkZXIkQWRkcmVzc0xpc3RfNiRoZG5TZWxlY3RlZEFkZHJlc3NJZCIgVmFsdWU9Int7JEhJRERFTjEuY3RsMDAkY3RsMDAkY3RsMDAkQ29udGVudFBsYWNlSG9sZGVyRGVmYXVsdCRNYXN0ZXJQbGFjZWhvbGRlciRBZGRyZXNzTGlzdF82JGhkblNlbGVjdGVkQWRkcmVzc0lkfX0iIFJlY29yZGVkVmFsdWU9IjEyNTc5NCIgQ29ycmVsYXRpb25CaW5kaW5nPSIiIFVybEVuY29kZT0iVHJ1ZSIgLz4NCiAgICAgICAgPEZvcm1Qb3N0UGFyYW1ldGVyIE5hbWU9ImN0bDAwJGN0bDAwJGN0bDAwJENvbnRlbnRQbGFjZUhvbGRlckRlZmF1bHQkTWFzdGVyUGxhY2Vob2xkZXIkQWRkcmVzc0xpc3RfNiRndkFkZHJlc3NMaXN0JGN0bDAyJHJkYnRuU2VsZWN0QWRkcmVzcyIgVmFsdWU9InJkYnRuU2VsZWN0QWRkcmVzcyIgUmVjb3JkZWRWYWx1ZT0icmRidG5TZWxlY3RBZGRyZXNzIiBDb3JyZWxhdGlvbkJpbmRpbmc9Int7Rm9ybVBvc3RQYXJhbTMyLmN0bDAwJGN0bDAwJGN0bDAwJENvbnRlbnRQbGFjZUhvbGRlckRlZmF1bHQkTWFzdGVyUGxhY2Vob2xkZXIkQWRkcmVzc0xpc3RfNiRndkFkZHJlc3NMaXN0JGN0bDAyJHJkYnRuU2VsZWN0QWRkcmVzc319IiBVcmxFbmNvZGU9IlRydWUiIC8+DQogICAgICAgIDxGb3JtUG9zdFBhcmFtZXRlciBOYW1lPSJjdGwwMCRjdGwwMCRjdGwwMCRDb250ZW50UGxhY2VIb2xkZXJEZWZhdWx0JE1hc3RlclBsYWNlaG9sZGVyJEFkZHJlc3NMaXN0XzYkaGRuX0NvbnRlbnRQbGFjZUhvbGRlckRlZmF1bHRfTWFzdGVyUGxhY2Vob2xkZXJfQWRkcmVzc0xpc3RfNl9wbmxEcmFnYWJsZVdpbmRvd0NvbnRlbnRfR2V0RGF0YVF1ZXJ5IiBWYWx1ZT0ie3skSElEREVOMS5jdGwwMCRjdGwwMCRjdGwwMCRDb250ZW50UGxhY2VIb2xkZXJEZWZhdWx0JE1hc3RlclBsYWNlaG9sZGVyJEFkZHJlc3NMaXN0XzYkaGRuX0NvbnRlbnRQbGFjZUhvbGRlckRlZmF1bHRfTWFzdGVyUGxhY2Vob2xkZXJfQWRkcmVzc0xpc3RfNl9wbmxEcmFnYWJsZVdpbmRvd0NvbnRlbnRfR2V0RGF0YVF1ZXJ5fX0iIFJlY29yZGVkVmFsdWU9InsmcXVvdDtBZGRyZXNzVHlwZUVudW0mcXVvdDs6JnF1b3Q7QmlsbGluZyZxdW90OywmcXVvdDtDb250cm9sTmFtZSZxdW90OzomcXVvdDtBZGRyZXNzTGlzdCZxdW90OywmcXVvdDtBY3Rpb24mcXVvdDs6JnF1b3Q7R2V0RGF0YSZxdW90OywmcXVvdDtTZWxlY3RlZEFkZHJlc3NJZCZxdW90OzoxMjU3OTQsJnF1b3Q7V2luZG93U2VsZWN0ZWRBZGRyZXNzSGlkZGVuRmllbGRDbGllbnRJZCZxdW90OzomcXVvdDtDb250ZW50UGxhY2VIb2xkZXJEZWZhdWx0X01hc3RlclBsYWNlaG9sZGVyX2hkbkFkZHJlc3NMaXN0U2VsZWN0ZWRBZGRyZXNzSWRfQmlsbGluZyZxdW90O30iIENvcnJlbGF0aW9uQmluZGluZz0iIiBVcmxFbmNvZGU9IlRydWUiIC8+DQogICAgICAgIDxGb3JtUG9zdFBhcmFtZXRlciBOYW1lPSJjdGwwMCRjdGwwMCRjdGwwMCRDb250ZW50UGxhY2VIb2xkZXJEZWZhdWx0JE1hc3RlclBsYWNlaG9sZGVyJEFkZHJlc3NMaXN0XzYkaGRuX0NvbnRlbnRQbGFjZUhvbGRlckRlZmF1bHRfTWFzdGVyUGxhY2Vob2xkZXJfQWRkcmVzc0xpc3RfNl9wbmxEcmFnYWJsZVdpbmRvd0NvbnRlbnRfU3RhbmRBbG9uZUlkIiBWYWx1ZT0ie3skSElEREVOMS5jdGwwMCRjdGwwMCRjdGwwMCRDb250ZW50UGxhY2VIb2xkZXJEZWZhdWx0JE1hc3RlclBsYWNlaG9sZGVyJEFkZHJlc3NMaXN0XzYkaGRuX0NvbnRlbnRQbGFjZUhvbGRlckRlZmF1bHRfTWFzdGVyUGxhY2Vob2xkZXJfQWRkcmVzc0xpc3RfNl9wbmxEcmFnYWJsZVdpbmRvd0NvbnRlbnRfU3RhbmRBbG9uZUlkfX0iIFJlY29yZGVkVmFsdWU9IlN0YW5kQWxvbmVTYXZlIiBDb3JyZWxhdGlvbkJpbmRpbmc9IiIgVXJsRW5jb2RlPSJUcnVlIiAvPg0KICAgICAgICA8Rm9ybVBvc3RQYXJhbWV0ZXIgTmFtZT0iY3RsMDAkY3RsMDAkY3RsMDAkQ29udGVudFBsYWNlSG9sZGVyRGVmYXVsdCRNYXN0ZXJQbGFjZWhvbGRlciRBZGRyZXNzTGlzdF82JGhkblNjcmVlbkFyZWEiIFZhbHVlPSJ7eyRISURERU4xLmN0bDAwJGN0bDAwJGN0bDAwJENvbnRlbnRQbGFjZUhvbGRlckRlZmF1bHQkTWFzdGVyUGxhY2Vob2xkZXIkQWRkcmVzc0xpc3RfNiRoZG5TY3JlZW5BcmVhfX0iIFJlY29yZGVkVmFsdWU9IiIgQ29ycmVsYXRpb25CaW5kaW5nPSIiIFVybEVuY29kZT0iVHJ1ZSIgLz4NCiAgICAgICAgPEZvcm1Qb3N0UGFyYW1ldGVyIE5hbWU9ImN0bDAwJGN0bDAwJGN0bDAwJENvbnRlbnRQbGFjZUhvbGRlckRlZmF1bHQkTWFzdGVyUGxhY2Vob2xkZXIkaGRuQWRkcmVzc0xpc3RTZWxlY3RlZEFkZHJlc3NJZF9CaWxsaW5nIiBWYWx1ZT0ie3skSElEREVOMS5jdGwwMCRjdGwwMCRjdGwwMCRDb250ZW50UGxhY2VIb2xkZXJEZWZhdWx0JE1hc3RlclBsYWNlaG9sZGVyJGhkbkFkZHJlc3NMaXN0U2VsZWN0ZWRBZGRyZXNzSWRfQmlsbGluZ319IiBSZWNvcmRlZFZhbHVlPSIxMjU3OTQiIENvcnJlbGF0aW9uQmluZGluZz0iIiBVcmxFbmNvZGU9IlRydWUiIC8+DQogICAgICAgIDxGb3JtUG9zdFBhcmFtZXRlciBOYW1lPSJjdGwwMCRjdGwwMCRjdGwwMCRDb250ZW50UGxhY2VIb2xkZXJEZWZhdWx0JE1hc3RlclBsYWNlaG9sZGVyJHVjRHJvcEJveGVzXzckaGRuX0NvbnRlbnRQbGFjZUhvbGRlckRlZmF1bHRfTWFzdGVyUGxhY2Vob2xkZXJfdWNEcm9wQm94ZXNfN19wbmxEcmFnYWJsZVdpbmRvd0NvbnRlbnRfU3RhbmRBbG9uZUlkIiBWYWx1ZT0ie3skSElEREVOMS5jdGwwMCRjdGwwMCRjdGwwMCRDb250ZW50UGxhY2VIb2xkZXJEZWZhdWx0JE1hc3RlclBsYWNlaG9sZGVyJHVjRHJvcEJveGVzXzckaGRuX0NvbnRlbnRQbGFjZUhvbGRlckRlZmF1bHRfTWFzdGVyUGxhY2Vob2xkZXJfdWNEcm9wQm94ZXNfN19wbmxEcmFnYWJsZVdpbmRvd0NvbnRlbnRfU3RhbmRBbG9uZUlkfX0iIFJlY29yZGVkVmFsdWU9IlN0YW5kQWxvbmVTYXZlIiBDb3JyZWxhdGlvbkJpbmRpbmc9IiIgVXJsRW5jb2RlPSJUcnVlIiAvPg0KICAgICAgICA8Rm9ybVBvc3RQYXJhbWV0ZXIgTmFtZT0iY3RsMDAkY3RsMDAkY3RsMDAkQ29udGVudFBsYWNlSG9sZGVyRGVmYXVsdCRNYXN0ZXJQbGFjZWhvbGRlciR1Y0Ryb3BCb3hlc183JGhkblNjcmVlbkFyZWEiIFZhbHVlPSJ7eyRISURERU4xLmN0bDAwJGN0bDAwJGN0bDAwJENvbnRlbnRQbGFjZUhvbGRlckRlZmF1bHQkTWFzdGVyUGxhY2Vob2xkZXIkdWNEcm9wQm94ZXNfNyRoZG5TY3JlZW5BcmVhfX0iIFJlY29yZGVkVmFsdWU9IiIgQ29ycmVsYXRpb25CaW5kaW5nPSIiIFVybEVuY29kZT0iVHJ1ZSIgLz4NCiAgICAgICAgPEZvcm1Qb3N0UGFyYW1ldGVyIE5hbWU9ImN0bDAwJGN0bDAwJGN0bDAwJENvbnRlbnRQbGFjZUhvbGRlckRlZmF1bHQkTWFzdGVyUGxhY2Vob2xkZXIkaGRuQWRkcmVzc0xpc3RTZWxlY3RlZEFkZHJlc3NJZF9QaWNrVXAiIFZhbHVlPSJ7eyRISURERU4xLmN0bDAwJGN0bDAwJGN0bDAwJENvbnRlbnRQbGFjZUhvbGRlckRlZmF1bHQkTWFzdGVyUGxhY2Vob2xkZXIkaGRuQWRkcmVzc0xpc3RTZWxlY3RlZEFkZHJlc3NJZF9QaWNrVXB9fSIgUmVjb3JkZWRWYWx1ZT0iIiBDb3JyZWxhdGlvbkJpbmRpbmc9IiIgVXJsRW5jb2RlPSJUcnVlIiAvPg0KICAgICAgICA8Rm9ybVBvc3RQYXJhbWV0ZXIgTmFtZT0iY3RsMDAkY3RsMDAkY3RsMDAkQ29udGVudFBsYWNlSG9sZGVyRGVmYXVsdCRNYXN0ZXJQbGFjZWhvbGRlciR1Y1NhdmVCdXR0b25fOSRoZG5fQ29udGVudFBsYWNlSG9sZGVyRGVmYXVsdF9NYXN0ZXJQbGFjZWhvbGRlcl91Y1NhdmVCdXR0b25fOV9wbmxEcmFnYWJsZVdpbmRvd0NvbnRlbnRfU3RhbmRBbG9uZUlkIiBWYWx1ZT0ie3skSElEREVOMS5jdGwwMCRjdGwwMCRjdGwwMCRDb250ZW50UGxhY2VIb2xkZXJEZWZhdWx0JE1hc3RlclBsYWNlaG9sZGVyJHVjU2F2ZUJ1dHRvbl85JGhkbl9Db250ZW50UGxhY2VIb2xkZXJEZWZhdWx0X01hc3RlclBsYWNlaG9sZGVyX3VjU2F2ZUJ1dHRvbl85X3BubERyYWdhYmxlV2luZG93Q29udGVudF9TdGFuZEFsb25lSWR9fSIgUmVjb3JkZWRWYWx1ZT0iU3RhbmRBbG9uZVNhdmUiIENvcnJlbGF0aW9uQmluZGluZz0iIiBVcmxFbmNvZGU9IlRydWUiIC8+DQogICAgICAgIDxGb3JtUG9zdFBhcmFtZXRlciBOYW1lPSJjdGwwMCRjdGwwMCRjdGwwMCRDb250ZW50UGxhY2VIb2xkZXJEZWZhdWx0JE1hc3RlclBsYWNlaG9sZGVyJHVjU2F2ZUJ1dHRvbl85JGhkblNjcmVlbkFyZWEiIFZhbHVlPSJ7eyRISURERU4xLmN0bDAwJGN0bDAwJGN0bDAwJENvbnRlbnRQbGFjZUhvbGRlckRlZmF1bHQkTWFzdGVyUGxhY2Vob2xkZXIkdWNTYXZlQnV0dG9uXzkkaGRuU2NyZWVuQXJlYX19IiBSZWNvcmRlZFZhbHVlPSIiIENvcnJlbGF0aW9uQmluZGluZz0iIiBVcmxFbmNvZGU9IlRydWUiIC8+DQogICAgICAgIDxGb3JtUG9zdFBhcmFtZXRlciBOYW1lPSJjdGwwMCRjdGwwMCRjdGwwMCRDb250ZW50UGxhY2VIb2xkZXJEZWZhdWx0JGhkbkNhbkluaXRpYWxpemVDdWx0dXJlIiBWYWx1ZT0ie3skSElEREVOMS5jdGwwMCRjdGwwMCRjdGwwMCRDb250ZW50UGxhY2VIb2xkZXJEZWZhdWx0JGhkbkNhbkluaXRpYWxpemVDdWx0dXJlfX0iIFJlY29yZGVkVmFsdWU9ImZhbHNlIiBDb3JyZWxhdGlvbkJpbmRpbmc9IiIgVXJsRW5jb2RlPSJUcnVlIiAvPg0KICAgICAgICA8Rm9ybVBvc3RQYXJhbWV0ZXIgTmFtZT0iY3RsMDAkY3RsMDAkY3RsMDAkQ29udGVudFBsYWNlSG9sZGVyRGVmYXVsdCRoZG5FY29tRHJhZ0Ryb3BKc29uIiBWYWx1ZT0ie3skSElEREVOMS5jdGwwMCRjdGwwMCRjdGwwMCRDb250ZW50UGxhY2VIb2xkZXJEZWZhdWx0JGhkbkVjb21EcmFnRHJvcEpzb259fSIgUmVjb3JkZWRWYWx1ZT0iIiBDb3JyZWxhdGlvbkJpbmRpbmc9IiIgVXJsRW5jb2RlPSJUcnVlIiAvPg0KICAgICAgICA8Rm9ybVBvc3RQYXJhbWV0ZXIgTmFtZT0iY3RsMDAkY3RsMDAkY3RsMDAkQ29udGVudFBsYWNlSG9sZGVyRGVmYXVsdCRoZG5DdXJyZW50UGFnZUlkZW50aXR5IiBWYWx1ZT0ie3skSElEREVOMS5jdGwwMCRjdGwwMCRjdGwwMCRDb250ZW50UGxhY2VIb2xkZXJEZWZhdWx0JGhkbkN1cnJlbnRQYWdlSWRlbnRpdHl9fSIgUmVjb3JkZWRWYWx1ZT0iMTMyOSIgQ29ycmVsYXRpb25CaW5kaW5nPSIiIFVybEVuY29kZT0iVHJ1ZSIgLz4NCiAgICAgICAgPEZvcm1Qb3N0UGFyYW1ldGVyIE5hbWU9ImN0bDAwJGN0bDAwJGN0bDAwJENvbnRlbnRQbGFjZUhvbGRlckRlZmF1bHQkaGRuU2Nyb2xsWVBvc2l0aW9uIiBWYWx1ZT0ie3skSElEREVOMS5jdGwwMCRjdGwwMCRjdGwwMCRDb250ZW50UGxhY2VIb2xkZXJEZWZhdWx0JGhkblNjcm9sbFlQb3NpdGlvbn19IiBSZWNvcmRlZFZhbHVlPSIwIiBDb3JyZWxhdGlvbkJpbmRpbmc9IiIgVXJsRW5jb2RlPSJUcnVlIiAvPg0KICAgICAgICA8Rm9ybVBvc3RQYXJhbWV0ZXIgTmFtZT0iX19WSUVXU1RBVEVHRU5FUkFUT1IiIFZhbHVlPSJ7eyRISURERU4xLl9fVklFV1NUQVRFR0VORVJBVE9SfX0iIFJlY29yZGVkVmFsdWU9IkNBMEIwMzM0IiBDb3JyZWxhdGlvbkJpbmRpbmc9IiIgVXJsRW5jb2RlPSJUcnVlIiAvPg0KICAgICAgPC9Gb3JtUG9zdEh0dHBCb2R5Pg0KICAgIDwvUmVxdWVzdD4NCiAgICA8UmVxdWVzdCBNZXRob2Q9IkdFVCIgR3VpZD0iYmU4ODQ0MjItZTg5NS00NTgwLWIzOWEtYjY4MGQ0NDgxNjk1IiBWZXJzaW9uPSIxLjEiIFVybD0iaHR0cDovL2luMDFhcHYxMTo4MS9hcGkvTXlPcmRlcnMvR2V0UmVzb3VyY2VzIiBUaGlua1RpbWU9IjUiIFRpbWVvdXQ9IjMwMCIgUGFyc2VEZXBlbmRlbnRSZXF1ZXN0cz0iVHJ1ZSIgRm9sbG93UmVkaXJlY3RzPSJUcnVlIiBSZWNvcmRSZXN1bHQ9IlRydWUiIENhY2hlPSJGYWxzZSIgUmVzcG9uc2VUaW1lR29hbD0iMCIgRW5jb2Rpbmc9InV0Zi04IiBFeHBlY3RlZEh0dHBTdGF0dXNDb2RlPSIwIiBFeHBlY3RlZFJlc3BvbnNlVXJsPSIiIFJlcG9ydGluZ05hbWU9IiIgSWdub3JlSHR0cFN0YXR1c0NvZGU9IkZhbHNlIj4NCiAgICAgIDxIZWFkZXJzPg0KICAgICAgICA8SGVhZGVyIE5hbWU9IkNvbnRlbnQtVHlwZSIgVmFsdWU9ImFwcGxpY2F0aW9uL2pzb247IGNoYXJzZXQ9dXRmLTgiIC8+DQogICAgICAgIDxIZWFkZXIgTmFtZT0iQWNjZXB0IiBWYWx1ZT0iYXBwbGljYXRpb24vanNvbiwgdGV4dC9qYXZhc2NyaXB0LCAqLyo7IHE9MC4wMSIgLz4NCiAgICAgICAgPEhlYWRlciBOYW1lPSJYLVJlcXVlc3RlZC1XaXRoIiBWYWx1ZT0iWE1MSHR0cFJlcXVlc3QiIC8+DQogICAgICAgIDxIZWFkZXIgTmFtZT0iUmVmZXJlciIgVmFsdWU9Imh0dHA6Ly9pbjAxYXB2MTE6ODEvZW4vbXlvcmRlcnMuYXNweCIgLz4NCiAgICAgIDwvSGVhZGVycz4NCiAgICAgIDxRdWVyeVN0cmluZ1BhcmFtZXRlcnM+DQogICAgICAgIDxRdWVyeVN0cmluZ1BhcmFtZXRlciBOYW1lPSIiIFZhbHVlPSIiIFJlY29yZGVkVmFsdWU9IiIgQ29ycmVsYXRpb25CaW5kaW5nPSIiIFVybEVuY29kZT0iRmFsc2UiIFVzZVRvR3JvdXBSZXN1bHRzPSJGYWxzZSIgLz4NCiAgICAgIDwvUXVlcnlTdHJpbmdQYXJhbWV0ZXJzPg0KICAgIDwvUmVxdWVzdD4NCiAgICA8Q29tbWVudCBDb21tZW50VGV4dD0iQ2xpY2tfTXkgRGFzaGJvYXJkIiAvPg0KICAgIDxSZXF1ZXN0IE1ldGhvZD0iUE9TVCIgR3VpZD0iOTllZTZlOTUtMjhkMi00ZTcyLThiNDAtOWRlYTcyNTQzZjlkIiBWZXJzaW9uPSIxLjEiIFVybD0iaHR0cDovL2luMDFhcHYxMTo4MS9lbi9teW9yZGVycy5hc3B4IiBUaGlua1RpbWU9IjAiIFRpbWVvdXQ9IjMwMCIgUGFyc2VEZXBlbmRlbnRSZXF1ZXN0cz0iVHJ1ZSIgRm9sbG93UmVkaXJlY3RzPSJUcnVlIiBSZWNvcmRSZXN1bHQ9IlRydWUiIENhY2hlPSJGYWxzZSIgUmVzcG9uc2VUaW1lR29hbD0iMCIgRW5jb2Rpbmc9InV0Zi04IiBFeHBlY3RlZEh0dHBTdGF0dXNDb2RlPSIwIiBFeHBlY3RlZFJlc3BvbnNlVXJsPSJodHRwOi8vaW4wMWFwdjExOjgxL2VuL2Rhc2hib2FyZC5hc3B4IiBSZXBvcnRpbmdOYW1lPSIiIElnbm9yZUh0dHBTdGF0dXNDb2RlPSJGYWxzZSI+DQogICAgICA8RGVwZW5kZW50UmVxdWVzdHM+DQogICAgICAgIDxSZXF1ZXN0IE1ldGhvZD0iR0VUIiBHdWlkPSIwNmU2NGJmYy01MDI3LTRlYjktYjU3MC01MjkyY2EyMGVmYmUiIFZlcnNpb249IjEuMSIgVXJsPSJodHRwczovL2ZvbnRzLmdvb2dsZWFwaXMuY29tL2NzcyIgVGhpbmtUaW1lPSIwIiBUaW1lb3V0PSIzMDAiIFBhcnNlRGVwZW5kZW50UmVxdWVzdHM9IlRydWUiIEZvbGxvd1JlZGlyZWN0cz0iVHJ1ZSIgUmVjb3JkUmVzdWx0PSJUcnVlIiBDYWNoZT0iRmFsc2UiIFJlc3BvbnNlVGltZUdvYWw9IjAiIEVuY29kaW5nPSJ1dGYtOCIgRXhwZWN0ZWRIdHRwU3RhdHVzQ29kZT0iMCIgRXhwZWN0ZWRSZXNwb25zZVVybD0iIiBSZXBvcnRpbmdOYW1lPSIiIElnbm9yZUh0dHBTdGF0dXNDb2RlPSJGYWxzZSI+DQogICAgICAgICAgPEhlYWRlcnM+DQogICAgICAgICAgICA8SGVhZGVyIE5hbWU9IlJlZmVyZXIiIFZhbHVlPSJodHRwOi8vaW4wMWFwdjExOjgxL2VuL2Rhc2hib2FyZC5hc3B4IiAvPg0KICAgICAgICAgIDwvSGVhZGVycz4NCiAgICAgICAgICA8UXVlcnlTdHJpbmdQYXJhbWV0ZXJzPg0KICAgICAgICAgICAgPFF1ZXJ5U3RyaW5nUGFyYW1ldGVyIE5hbWU9ImZhbWlseSIgVmFsdWU9IlJvYm90bzozMDAsNDAwLDUwMCw3MDA/RWNvbVZlcnNpb24lM2Q4LjAuNzguMjEiIFJlY29yZGVkVmFsdWU9IlJvYm90bzozMDAsNDAwLDUwMCw3MDA/RWNvbVZlcnNpb24lM2Q4LjAuNzguMjEiIENvcnJlbGF0aW9uQmluZGluZz0iIiBVcmxFbmNvZGU9IkZhbHNlIiBVc2VUb0dyb3VwUmVzdWx0cz0iRmFsc2UiIC8+DQogICAgICAgICAgPC9RdWVyeVN0cmluZ1BhcmFtZXRlcnM+DQogICAgICAgIDwvUmVxdWVzdD4NCiAgICAgICAgPFJlcXVlc3QgTWV0aG9kPSJHRVQiIEd1aWQ9IjQ3ZWIwYzkxLTE4ZDctNDk1OS1iODlkLWFhNmJmZTQxZmJhOCIgVmVyc2lvbj0iMS4xIiBVcmw9Imh0dHBzOi8vY3NpLmdzdGF0aWMuY29tL2NzaSIgVGhpbmtUaW1lPSI2IiBUaW1lb3V0PSIzMDAiIFBhcnNlRGVwZW5kZW50UmVxdWVzdHM9IlRydWUiIEZvbGxvd1JlZGlyZWN0cz0iVHJ1ZSIgUmVjb3JkUmVzdWx0PSJUcnVlIiBDYWNoZT0iRmFsc2UiIFJlc3BvbnNlVGltZUdvYWw9IjAiIEVuY29kaW5nPSJ1dGYtOCIgRXhwZWN0ZWRIdHRwU3RhdHVzQ29kZT0iMCIgRXhwZWN0ZWRSZXNwb25zZVVybD0iIiBSZXBvcnRpbmdOYW1lPSIiIElnbm9yZUh0dHBTdGF0dXNDb2RlPSJGYWxzZSI+DQogICAgICAgICAgPEhlYWRlcnM+DQogICAgICAgICAgICA8SGVhZGVyIE5hbWU9IlJlZmVyZXIiIFZhbHVlPSJodHRwOi8vaW4wMWFwdjExOjgxL2VuL2Rhc2hib2FyZC5hc3B4IiAvPg0KICAgICAgICAgIDwvSGVhZGVycz4NCiAgICAgICAgICA8UXVlcnlTdHJpbmdQYXJhbWV0ZXJzPg0KICAgICAgICAgICAgPFF1ZXJ5U3RyaW5nUGFyYW1ldGVyIE5hbWU9InYiIFZhbHVlPSIyIiBSZWNvcmRlZFZhbHVlPSIyIiBDb3JyZWxhdGlvbkJpbmRpbmc9IiIgVXJsRW5jb2RlPSJGYWxzZSIgVXNlVG9Hcm91cFJlc3VsdHM9IkZhbHNlIiAvPg0KICAgICAgICAgICAgPFF1ZXJ5U3RyaW5nUGFyYW1ldGVyIE5hbWU9InMiIFZhbHVlPSJtYXBzYXBpMyIgUmVjb3JkZWRWYWx1ZT0ibWFwc2FwaTMiIENvcnJlbGF0aW9uQmluZGluZz0iIiBVcmxFbmNvZGU9IkZhbHNlIiBVc2VUb0dyb3VwUmVzdWx0cz0iRmFsc2UiIC8+DQogICAgICAgICAgICA8UXVlcnlTdHJpbmdQYXJhbWV0ZXIgTmFtZT0idjN2IiBWYWx1ZT0iMjkuMTAiIFJlY29yZGVkVmFsdWU9IjI5LjEwIiBDb3JyZWxhdGlvbkJpbmRpbmc9IiIgVXJsRW5jb2RlPSJGYWxzZSIgVXNlVG9Hcm91cFJlc3VsdHM9IkZhbHNlIiAvPg0KICAgICAgICAgICAgPFF1ZXJ5U3RyaW5nUGFyYW1ldGVyIE5hbWU9ImFjdGlvbiIgVmFsdWU9ImFwaWJvb3QyIiBSZWNvcmRlZFZhbHVlPSJhcGlib290MiIgQ29ycmVsYXRpb25CaW5kaW5nPSIiIFVybEVuY29kZT0iRmFsc2UiIFVzZVRvR3JvdXBSZXN1bHRzPSJGYWxzZSIgLz4NCiAgICAgICAgICAgIDxRdWVyeVN0cmluZ1BhcmFtZXRlciBOYW1lPSJlIiBWYWx1ZT0iMTBfMV8wLDEwXzJfMCIgUmVjb3JkZWRWYWx1ZT0iMTBfMV8wLDEwXzJfMCIgQ29ycmVsYXRpb25CaW5kaW5nPSIiIFVybEVuY29kZT0iRmFsc2UiIFVzZVRvR3JvdXBSZXN1bHRzPSJGYWxzZSIgLz4NCiAgICAgICAgICAgIDxRdWVyeVN0cmluZ1BhcmFtZXRlciBOYW1lPSJydCIgVmFsdWU9Im1haW4uOCIgUmVjb3JkZWRWYWx1ZT0ibWFpbi44IiBDb3JyZWxhdGlvbkJpbmRpbmc9IiIgVXJsRW5jb2RlPSJGYWxzZSIgVXNlVG9Hcm91cFJlc3VsdHM9IkZhbHNlIiAvPg0KICAgICAgICAgIDwvUXVlcnlTdHJpbmdQYXJhbWV0ZXJzPg0KICAgICAgICA8L1JlcXVlc3Q+DQogICAgICA8L0RlcGVuZGVudFJlcXVlc3RzPg0KICAgICAgPEhlYWRlcnM+DQogICAgICAgIDxIZWFkZXIgTmFtZT0iUmVmZXJlciIgVmFsdWU9Imh0dHA6Ly9pbjAxYXB2MTE6ODEvZW4vbXlvcmRlcnMuYXNweCIgLz4NCiAgICAgIDwvSGVhZGVycz4NCiAgICAgIDxFeHRyYWN0aW9uUnVsZXM+DQogICAgICAgIDxFeHRyYWN0aW9uUnVsZSBDbGFzc25hbWU9Ik1pY3Jvc29mdC5WaXN1YWxTdHVkaW8uVGVzdFRvb2xzLldlYlRlc3RpbmcuUnVsZXMuRXh0cmFjdEhpZGRlbkZpZWxkcywgTWljcm9zb2Z0LlZpc3VhbFN0dWRpby5RdWFsaXR5VG9vbHMuV2ViVGVzdEZyYW1ld29yaywgVmVyc2lvbj0xMC4wLjAuMCwgQ3VsdHVyZT1uZXV0cmFsLCBQdWJsaWNLZXlUb2tlbj1iMDNmNWY3ZjExZDUwYTNhIiBWYXJpYWJsZU5hbWU9IjEiIERpc3BsYXlOYW1lPSJFeHRyYWN0IEhpZGRlbiBGaWVsZHMiIERlc2NyaXB0aW9uPSJFeHRyYWN0IGFsbCBoaWRkZW4gZmllbGRzIGZyb20gdGhlIHJlc3BvbnNlIGFuZCBwbGFjZSB0aGVtIGludG8gdGhlIHRlc3QgY29udGV4dC4iPg0KICAgICAgICAgIDxSdWxlUGFyYW1ldGVycz4NCiAgICAgICAgICAgIDxSdWxlUGFyYW1ldGVyIE5hbWU9IlJlcXVpcmVkIiBWYWx1ZT0iVHJ1ZSIgLz4NCiAgICAgICAgICAgIDxSdWxlUGFyYW1ldGVyIE5hbWU9Ikh0bWxEZWNvZGUiIFZhbHVlPSJUcnVlIiAvPg0KICAgICAgICAgIDwvUnVsZVBhcmFtZXRlcnM+DQogICAgICAgIDwvRXh0cmFjdGlvblJ1bGU+DQogICAgICA8L0V4dHJhY3Rpb25SdWxlcz4NCiAgICAgIDxDb3JyZWxhdGlvbkV4dHJhY3Rpb25SdWxlcz4NCiAgICAgICAgPEV4dHJhY3Rpb25SdWxlIENsYXNzbmFtZT0iTWljcm9zb2Z0LlZpc3VhbFN0dWRpby5UZXN0VG9vbHMuV2ViVGVzdGluZy5SdWxlcy5FeHRyYWN0Rm9ybUZpZWxkLCBNaWNyb3NvZnQuVmlzdWFsU3R1ZGlvLlF1YWxpdHlUb29scy5XZWJUZXN0RnJhbWV3b3JrLCBWZXJzaW9uPTEwLjAuMC4wLCBDdWx0dXJlPW5ldXRyYWwsIFB1YmxpY0tleVRva2VuPWIwM2Y1ZjdmMTFkNTBhM2EiIFZhcmlhYmxlTmFtZT0iRm9ybVBvc3RQYXJhbTEuY3RsMDAkY3RsMDAkY3RsMDAkQ29udGVudFBsYWNlSG9sZGVyRGVmYXVsdCRNYXN0ZXJQbGFjZWhvbGRlciRDaGFuZ2VBZGRyZXNzXzYkdHh0VGl0bGUiIERpc3BsYXlOYW1lPSIiIERlc2NyaXB0aW9uPSIiPg0KICAgICAgICAgIDxSdWxlUGFyYW1ldGVycz4NCiAgICAgICAgICAgIDxSdWxlUGFyYW1ldGVyIE5hbWU9Ik5hbWUiIFZhbHVlPSJDb250ZW50UGxhY2VIb2xkZXJEZWZhdWx0X01hc3RlclBsYWNlaG9sZGVyX0NoYW5nZUFkZHJlc3NfNl90eHRUaXRsZSIgLz4NCiAgICAgICAgICAgIDxSdWxlUGFyYW1ldGVyIE5hbWU9Ikh0bWxEZWNvZGUiIFZhbHVlPSJUcnVlIiAvPg0KICAgICAgICAgICAgPFJ1bGVQYXJhbWV0ZXIgTmFtZT0iUmVxdWlyZWQiIFZhbHVlPSJGYWxzZSIgLz4NCiAgICAgICAgICAgIDxSdWxlUGFyYW1ldGVyIE5hbWU9IkluZGV4IiBWYWx1ZT0iMCIgLz4NCiAgICAgICAgICA8L1J1bGVQYXJhbWV0ZXJzPg0KICAgICAgICA8L0V4dHJhY3Rpb25SdWxlPg0KICAgICAgICA8RXh0cmFjdGlvblJ1bGUgQ2xhc3NuYW1lPSJNaWNyb3NvZnQuVmlzdWFsU3R1ZGlvLlRlc3RUb29scy5XZWJUZXN0aW5nLlJ1bGVzLkV4dHJhY3RGb3JtRmllbGQsIE1pY3Jvc29mdC5WaXN1YWxTdHVkaW8uUXVhbGl0eVRvb2xzLldlYlRlc3RGcmFtZXdvcmssIFZlcnNpb249MTAuMC4wLjAsIEN1bHR1cmU9bmV1dHJhbCwgUHVibGljS2V5VG9rZW49YjAzZjVmN2YxMWQ1MGEzYSIgVmFyaWFibGVOYW1lPSJGb3JtUG9zdFBhcmFtMi5jdGwwMCRjdGwwMCRjdGwwMCRDb250ZW50UGxhY2VIb2xkZXJEZWZhdWx0JE1hc3RlclBsYWNlaG9sZGVyJENoYW5nZUFkZHJlc3NfNiR0eHRGaXJzdG5hbWUiIERpc3BsYXlOYW1lPSIiIERlc2NyaXB0aW9uPSIiPg0KICAgICAgICAgIDxSdWxlUGFyYW1ldGVycz4NCiAgICAgICAgICAgIDxSdWxlUGFyYW1ldGVyIE5hbWU9Ik5hbWUiIFZhbHVlPSJDb250ZW50UGxhY2VIb2xkZXJEZWZhdWx0X01hc3RlclBsYWNlaG9sZGVyX0NoYW5nZUFkZHJlc3NfNl90eHRGaXJzdG5hbWUiIC8+DQogICAgICAgICAgICA8UnVsZVBhcmFtZXRlciBOYW1lPSJIdG1sRGVjb2RlIiBWYWx1ZT0iVHJ1ZSIgLz4NCiAgICAgICAgICAgIDxSdWxlUGFyYW1ldGVyIE5hbWU9IlJlcXVpcmVkIiBWYWx1ZT0iRmFsc2UiIC8+DQogICAgICAgICAgICA8UnVsZVBhcmFtZXRlciBOYW1lPSJJbmRleCIgVmFsdWU9IjAiIC8+DQogICAgICAgICAgPC9SdWxlUGFyYW1ldGVycz4NCiAgICAgICAgPC9FeHRyYWN0aW9uUnVsZT4NCiAgICAgICAgPEV4dHJhY3Rpb25SdWxlIENsYXNzbmFtZT0iTWljcm9zb2Z0LlZpc3VhbFN0dWRpby5UZXN0VG9vbHMuV2ViVGVzdGluZy5SdWxlcy5FeHRyYWN0Rm9ybUZpZWxkLCBNaWNyb3NvZnQuVmlzdWFsU3R1ZGlvLlF1YWxpdHlUb29scy5XZWJUZXN0RnJhbWV3b3JrLCBWZXJzaW9uPTEwLjAuMC4wLCBDdWx0dXJlPW5ldXRyYWwsIFB1YmxpY0tleVRva2VuPWIwM2Y1ZjdmMTFkNTBhM2EiIFZhcmlhYmxlTmFtZT0iRm9ybVBvc3RQYXJhbTMuY3RsMDAkY3RsMDAkY3RsMDAkQ29udGVudFBsYWNlSG9sZGVyRGVmYXVsdCRNYXN0ZXJQbGFjZWhvbGRlciRDaGFuZ2VBZGRyZXNzXzYkdHh0TGFzdG5hbWUiIERpc3BsYXlOYW1lPSIiIERlc2NyaXB0aW9uPSIiPg0KICAgICAgICAgIDxSdWxlUGFyYW1ldGVycz4NCiAgICAgICAgICAgIDxSdWxlUGFyYW1ldGVyIE5hbWU9Ik5hbWUiIFZhbHVlPSJDb250ZW50UGxhY2VIb2xkZXJEZWZhdWx0X01hc3RlclBsYWNlaG9sZGVyX0NoYW5nZUFkZHJlc3NfNl90eHRMYXN0bmFtZSIgLz4NCiAgICAgICAgICAgIDxSdWxlUGFyYW1ldGVyIE5hbWU9Ikh0bWxEZWNvZGUiIFZhbHVlPSJUcnVlIiAvPg0KICAgICAgICAgICAgPFJ1bGVQYXJhbWV0ZXIgTmFtZT0iUmVxdWlyZWQiIFZhbHVlPSJGYWxzZSIgLz4NCiAgICAgICAgICAgIDxSdWxlUGFyYW1ldGVyIE5hbWU9IkluZGV4IiBWYWx1ZT0iMCIgLz4NCiAgICAgICAgICA8L1J1bGVQYXJhbWV0ZXJzPg0KICAgICAgICA8L0V4dHJhY3Rpb25SdWxlPg0KICAgICAgICA8RXh0cmFjdGlvblJ1bGUgQ2xhc3NuYW1lPSJNaWNyb3NvZnQuVmlzdWFsU3R1ZGlvLlRlc3RUb29scy5XZWJUZXN0aW5nLlJ1bGVzLkV4dHJhY3RGb3JtRmllbGQsIE1pY3Jvc29mdC5WaXN1YWxTdHVkaW8uUXVhbGl0eVRvb2xzLldlYlRlc3RGcmFtZXdvcmssIFZlcnNpb249MTAuMC4wLjAsIEN1bHR1cmU9bmV1dHJhbCwgUHVibGljS2V5VG9rZW49YjAzZjVmN2YxMWQ1MGEzYSIgVmFyaWFibGVOYW1lPSJGb3JtUG9zdFBhcmFtNC5jdGwwMCRjdGwwMCRjdGwwMCRDb250ZW50UGxhY2VIb2xkZXJEZWZhdWx0JE1hc3RlclBsYWNlaG9sZGVyJENoYW5nZUFkZHJlc3NfNiR0eHRDb21wYW55IiBEaXNwbGF5TmFtZT0iIiBEZXNjcmlwdGlvbj0iIj4NCiAgICAgICAgICA8UnVsZVBhcmFtZXRlcnM+DQogICAgICAgICAgICA8UnVsZVBhcmFtZXRlciBOYW1lPSJOYW1lIiBWYWx1ZT0iQ29udGVudFBsYWNlSG9sZGVyRGVmYXVsdF9NYXN0ZXJQbGFjZWhvbGRlcl9DaGFuZ2VBZGRyZXNzXzZfdHh0Q29tcGFueSIgLz4NCiAgICAgICAgICAgIDxSdWxlUGFyYW1ldGVyIE5hbWU9Ikh0bWxEZWNvZGUiIFZhbHVlPSJUcnVlIiAvPg0KICAgICAgICAgICAgPFJ1bGVQYXJhbWV0ZXIgTmFtZT0iUmVxdWlyZWQiIFZhbHVlPSJGYWxzZSIgLz4NCiAgICAgICAgICAgIDxSdWxlUGFyYW1ldGVyIE5hbWU9IkluZGV4IiBWYWx1ZT0iMCIgLz4NCiAgICAgICAgICA8L1J1bGVQYXJhbWV0ZXJzPg0KICAgICAgICA8L0V4dHJhY3Rpb25SdWxlPg0KICAgICAgICA8RXh0cmFjdGlvblJ1bGUgQ2xhc3NuYW1lPSJNaWNyb3NvZnQuVmlzdWFsU3R1ZGlvLlRlc3RUb29scy5XZWJUZXN0aW5nLlJ1bGVzLkV4dHJhY3RGb3JtRmllbGQsIE1pY3Jvc29mdC5WaXN1YWxTdHVkaW8uUXVhbGl0eVRvb2xzLldlYlRlc3RGcmFtZXdvcmssIFZlcnNpb249MTAuMC4wLjAsIEN1bHR1cmU9bmV1dHJhbCwgUHVibGljS2V5VG9rZW49YjAzZjVmN2YxMWQ1MGEzYSIgVmFyaWFibGVOYW1lPSJGb3JtUG9zdFBhcmFtNS5jdGwwMCRjdGwwMCRjdGwwMCRDb250ZW50UGxhY2VIb2xkZXJEZWZhdWx0JE1hc3RlclBsYWNlaG9sZGVyJENoYW5nZUFkZHJlc3NfNiR0eHREZXBhcnRtZW50IiBEaXNwbGF5TmFtZT0iIiBEZXNjcmlwdGlvbj0iIj4NCiAgICAgICAgICA8UnVsZVBhcmFtZXRlcnM+DQogICAgICAgICAgICA8UnVsZVBhcmFtZXRlciBOYW1lPSJOYW1lIiBWYWx1ZT0iQ29udGVudFBsYWNlSG9sZGVyRGVmYXVsdF9NYXN0ZXJQbGFjZWhvbGRlcl9DaGFuZ2VBZGRyZXNzXzZfdHh0RGVwYXJ0bWVudCIgLz4NCiAgICAgICAgICAgIDxSdWxlUGFyYW1ldGVyIE5hbWU9Ikh0bWxEZWNvZGUiIFZhbHVlPSJUcnVlIiAvPg0KICAgICAgICAgICAgPFJ1bGVQYXJhbWV0ZXIgTmFtZT0iUmVxdWlyZWQiIFZhbHVlPSJGYWxzZSIgLz4NCiAgICAgICAgICAgIDxSdWxlUGFyYW1ldGVyIE5hbWU9IkluZGV4IiBWYWx1ZT0iMCIgLz4NCiAgICAgICAgICA8L1J1bGVQYXJhbWV0ZXJzPg0KICAgICAgICA8L0V4dHJhY3Rpb25SdWxlPg0KICAgICAgICA8RXh0cmFjdGlvblJ1bGUgQ2xhc3NuYW1lPSJNaWNyb3NvZnQuVmlzdWFsU3R1ZGlvLlRlc3RUb29scy5XZWJUZXN0aW5nLlJ1bGVzLkV4dHJhY3RGb3JtRmllbGQsIE1pY3Jvc29mdC5WaXN1YWxTdHVkaW8uUXVhbGl0eVRvb2xzLldlYlRlc3RGcmFtZXdvcmssIFZlcnNpb249MTAuMC4wLjAsIEN1bHR1cmU9bmV1dHJhbCwgUHVibGljS2V5VG9rZW49YjAzZjVmN2YxMWQ1MGEzYSIgVmFyaWFibGVOYW1lPSJGb3JtUG9zdFBhcmFtNi5jdGwwMCRjdGwwMCRjdGwwMCRDb250ZW50UGxhY2VIb2xkZXJEZWZhdWx0JE1hc3RlclBsYWNlaG9sZGVyJENoYW5nZUFkZHJlc3NfNiR0eHRHcm91cCIgRGlzcGxheU5hbWU9IiIgRGVzY3JpcHRpb249IiI+DQogICAgICAgICAgPFJ1bGVQYXJhbWV0ZXJzPg0KICAgICAgICAgICAgPFJ1bGVQYXJhbWV0ZXIgTmFtZT0iTmFtZSIgVmFsdWU9IkNvbnRlbnRQbGFjZUhvbGRlckRlZmF1bHRfTWFzdGVyUGxhY2Vob2xkZXJfQ2hhbmdlQWRkcmVzc182X3R4dEdyb3VwIiAvPg0KICAgICAgICAgICAgPFJ1bGVQYXJhbWV0ZXIgTmFtZT0iSHRtbERlY29kZSIgVmFsdWU9IlRydWUiIC8+DQogICAgICAgICAgICA8UnVsZVBhcmFtZXRlciBOYW1lPSJSZXF1aXJlZCIgVmFsdWU9IkZhbHNlIiAvPg0KICAgICAgICAgICAgPFJ1bGVQYXJhbWV0ZXIgTmFtZT0iSW5kZXgiIFZhbHVlPSIwIiAvPg0KICAgICAgICAgIDwvUnVsZVBhcmFtZXRlcnM+DQogICAgICAgIDwvRXh0cmFjdGlvblJ1bGU+DQogICAgICAgIDxFeHRyYWN0aW9uUnVsZSBDbGFzc25hbWU9Ik1pY3Jvc29mdC5WaXN1YWxTdHVkaW8uVGVzdFRvb2xzLldlYlRlc3RpbmcuUnVsZXMuRXh0cmFjdEZvcm1GaWVsZCwgTWljcm9zb2Z0LlZpc3VhbFN0dWRpby5RdWFsaXR5VG9vbHMuV2ViVGVzdEZyYW1ld29yaywgVmVyc2lvbj0xMC4wLjAuMCwgQ3VsdHVyZT1uZXV0cmFsLCBQdWJsaWNLZXlUb2tlbj1iMDNmNWY3ZjExZDUwYTNhIiBWYXJpYWJsZU5hbWU9IkZvcm1Qb3N0UGFyYW03LmN0bDAwJGN0bDAwJGN0bDAwJENvbnRlbnRQbGFjZUhvbGRlckRlZmF1bHQkTWFzdGVyUGxhY2Vob2xkZXIkQ2hhbmdlQWRkcmVzc182JHR4dFN0cmVldCIgRGlzcGxheU5hbWU9IiIgRGVzY3JpcHRpb249IiI+DQogICAgICAgICAgPFJ1bGVQYXJhbWV0ZXJzPg0KICAgICAgICAgICAgPFJ1bGVQYXJhbWV0ZXIgTmFtZT0iTmFtZSIgVmFsdWU9IkNvbnRlbnRQbGFjZUhvbGRlckRlZmF1bHRfTWFzdGVyUGxhY2Vob2xkZXJfQ2hhbmdlQWRkcmVzc182X3R4dFN0cmVldCIgLz4NCiAgICAgICAgICAgIDxSdWxlUGFyYW1ldGVyIE5hbWU9Ikh0bWxEZWNvZGUiIFZhbHVlPSJUcnVlIiAvPg0KICAgICAgICAgICAgPFJ1bGVQYXJhbWV0ZXIgTmFtZT0iUmVxdWlyZWQiIFZhbHVlPSJGYWxzZSIgLz4NCiAgICAgICAgICAgIDxSdWxlUGFyYW1ldGVyIE5hbWU9IkluZGV4IiBWYWx1ZT0iMCIgLz4NCiAgICAgICAgICA8L1J1bGVQYXJhbWV0ZXJzPg0KICAgICAgICA8L0V4dHJhY3Rpb25SdWxlPg0KICAgICAgICA8RXh0cmFjdGlvblJ1bGUgQ2xhc3NuYW1lPSJNaWNyb3NvZnQuVmlzdWFsU3R1ZGlvLlRlc3RUb29scy5XZWJUZXN0aW5nLlJ1bGVzLkV4dHJhY3RGb3JtRmllbGQsIE1pY3Jvc29mdC5WaXN1YWxTdHVkaW8uUXVhbGl0eVRvb2xzLldlYlRlc3RGcmFtZXdvcmssIFZlcnNpb249MTAuMC4wLjAsIEN1bHR1cmU9bmV1dHJhbCwgUHVibGljS2V5VG9rZW49YjAzZjVmN2YxMWQ1MGEzYSIgVmFyaWFibGVOYW1lPSJGb3JtUG9zdFBhcmFtOC5jdGwwMCRjdGwwMCRjdGwwMCRDb250ZW50UGxhY2VIb2xkZXJEZWZhdWx0JE1hc3RlclBsYWNlaG9sZGVyJENoYW5nZUFkZHJlc3NfNiR0eHRTdHJlZXQyIiBEaXNwbGF5TmFtZT0iIiBEZXNjcmlwdGlvbj0iIj4NCiAgICAgICAgICA8UnVsZVBhcmFtZXRlcnM+DQogICAgICAgICAgICA8UnVsZVBhcmFtZXRlciBOYW1lPSJOYW1lIiBWYWx1ZT0iQ29udGVudFBsYWNlSG9sZGVyRGVmYXVsdF9NYXN0ZXJQbGFjZWhvbGRlcl9DaGFuZ2VBZGRyZXNzXzZfdHh0U3RyZWV0MiIgLz4NCiAgICAgICAgICAgIDxSdWxlUGFyYW1ldGVyIE5hbWU9Ikh0bWxEZWNvZGUiIFZhbHVlPSJUcnVlIiAvPg0KICAgICAgICAgICAgPFJ1bGVQYXJhbWV0ZXIgTmFtZT0iUmVxdWlyZWQiIFZhbHVlPSJGYWxzZSIgLz4NCiAgICAgICAgICAgIDxSdWxlUGFyYW1ldGVyIE5hbWU9IkluZGV4IiBWYWx1ZT0iMCIgLz4NCiAgICAgICAgICA8L1J1bGVQYXJhbWV0ZXJzPg0KICAgICAgICA8L0V4dHJhY3Rpb25SdWxlPg0KICAgICAgICA8RXh0cmFjdGlvblJ1bGUgQ2xhc3NuYW1lPSJNaWNyb3NvZnQuVmlzdWFsU3R1ZGlvLlRlc3RUb29scy5XZWJUZXN0aW5nLlJ1bGVzLkV4dHJhY3RGb3JtRmllbGQsIE1pY3Jvc29mdC5WaXN1YWxTdHVkaW8uUXVhbGl0eVRvb2xzLldlYlRlc3RGcmFtZXdvcmssIFZlcnNpb249MTAuMC4wLjAsIEN1bHR1cmU9bmV1dHJhbCwgUHVibGljS2V5VG9rZW49YjAzZjVmN2YxMWQ1MGEzYSIgVmFyaWFibGVOYW1lPSJGb3JtUG9zdFBhcmFtOS5jdGwwMCRjdGwwMCRjdGwwMCRDb250ZW50UGxhY2VIb2xkZXJEZWZhdWx0JE1hc3RlclBsYWNlaG9sZGVyJENoYW5nZUFkZHJlc3NfNiR0eHRTdHJlZXQzIiBEaXNwbGF5TmFtZT0iIiBEZXNjcmlwdGlvbj0iIj4NCiAgICAgICAgICA8UnVsZVBhcmFtZXRlcnM+DQogICAgICAgICAgICA8UnVsZVBhcmFtZXRlciBOYW1lPSJOYW1lIiBWYWx1ZT0iQ29udGVudFBsYWNlSG9sZGVyRGVmYXVsdF9NYXN0ZXJQbGFjZWhvbGRlcl9DaGFuZ2VBZGRyZXNzXzZfdHh0U3RyZWV0MyIgLz4NCiAgICAgICAgICAgIDxSdWxlUGFyYW1ldGVyIE5hbWU9Ikh0bWxEZWNvZGUiIFZhbHVlPSJUcnVlIiAvPg0KICAgICAgICAgICAgPFJ1bGVQYXJhbWV0ZXIgTmFtZT0iUmVxdWlyZWQiIFZhbHVlPSJGYWxzZSIgLz4NCiAgICAgICAgICAgIDxSdWxlUGFyYW1ldGVyIE5hbWU9IkluZGV4IiBWYWx1ZT0iMCIgLz4NCiAgICAgICAgICA8L1J1bGVQYXJhbWV0ZXJzPg0KICAgICAgICA8L0V4dHJhY3Rpb25SdWxlPg0KICAgICAgICA8RXh0cmFjdGlvblJ1bGUgQ2xhc3NuYW1lPSJNaWNyb3NvZnQuVmlzdWFsU3R1ZGlvLlRlc3RUb29scy5XZWJUZXN0aW5nLlJ1bGVzLkV4dHJhY3RGb3JtRmllbGQsIE1pY3Jvc29mdC5WaXN1YWxTdHVkaW8uUXVhbGl0eVRvb2xzLldlYlRlc3RGcmFtZXdvcmssIFZlcnNpb249MTAuMC4wLjAsIEN1bHR1cmU9bmV1dHJhbCwgUHVibGljS2V5VG9rZW49YjAzZjVmN2YxMWQ1MGEzYSIgVmFyaWFibGVOYW1lPSJGb3JtUG9zdFBhcmFtMTAuY3RsMDAkY3RsMDAkY3RsMDAkQ29udGVudFBsYWNlSG9sZGVyRGVmYXVsdCRNYXN0ZXJQbGFjZWhvbGRlciRDaGFuZ2VBZGRyZXNzXzYkdHh0Q2l0eSIgRGlzcGxheU5hbWU9IiIgRGVzY3JpcHRpb249IiI+DQogICAgICAgICAgPFJ1bGVQYXJhbWV0ZXJzPg0KICAgICAgICAgICAgPFJ1bGVQYXJhbWV0ZXIgTmFtZT0iTmFtZSIgVmFsdWU9IkNvbnRlbnRQbGFjZUhvbGRlckRlZmF1bHRfTWFzdGVyUGxhY2Vob2xkZXJfQ2hhbmdlQWRkcmVzc182X3R4dENpdHkiIC8+DQogICAgICAgICAgICA8UnVsZVBhcmFtZXRlciBOYW1lPSJIdG1sRGVjb2RlIiBWYWx1ZT0iVHJ1ZSIgLz4NCiAgICAgICAgICAgIDxSdWxlUGFyYW1ldGVyIE5hbWU9IlJlcXVpcmVkIiBWYWx1ZT0iRmFsc2UiIC8+DQogICAgICAgICAgICA8UnVsZVBhcmFtZXRlciBOYW1lPSJJbmRleCIgVmFsdWU9IjAiIC8+DQogICAgICAgICAgPC9SdWxlUGFyYW1ldGVycz4NCiAgICAgICAgPC9FeHRyYWN0aW9uUnVsZT4NCiAgICAgICAgPEV4dHJhY3Rpb25SdWxlIENsYXNzbmFtZT0iTWljcm9zb2Z0LlZpc3VhbFN0dWRpby5UZXN0VG9vbHMuV2ViVGVzdGluZy5SdWxlcy5FeHRyYWN0Rm9ybUZpZWxkLCBNaWNyb3NvZnQuVmlzdWFsU3R1ZGlvLlF1YWxpdHlUb29scy5XZWJUZXN0RnJhbWV3b3JrLCBWZXJzaW9uPTEwLjAuMC4wLCBDdWx0dXJlPW5ldXRyYWwsIFB1YmxpY0tleVRva2VuPWIwM2Y1ZjdmMTFkNTBhM2EiIFZhcmlhYmxlTmFtZT0iRm9ybVBvc3RQYXJhbTExLmN0bDAwJGN0bDAwJGN0bDAwJENvbnRlbnRQbGFjZUhvbGRlckRlZmF1bHQkTWFzdGVyUGxhY2Vob2xkZXIkQ2hhbmdlQWRkcmVzc182JHR4dFBvc3RhbENvZGUiIERpc3BsYXlOYW1lPSIiIERlc2NyaXB0aW9uPSIiPg0KICAgICAgICAgIDxSdWxlUGFyYW1ldGVycz4NCiAgICAgICAgICAgIDxSdWxlUGFyYW1ldGVyIE5hbWU9Ik5hbWUiIFZhbHVlPSJDb250ZW50UGxhY2VIb2xkZXJEZWZhdWx0X01hc3RlclBsYWNlaG9sZGVyX0NoYW5nZUFkZHJlc3NfNl90eHRQb3N0YWxDb2RlIiAvPg0KICAgICAgICAgICAgPFJ1bGVQYXJhbWV0ZXIgTmFtZT0iSHRtbERlY29kZSIgVmFsdWU9IlRydWUiIC8+DQogICAgICAgICAgICA8UnVsZVBhcmFtZXRlciBOYW1lPSJSZXF1aXJlZCIgVmFsdWU9IkZhbHNlIiAvPg0KICAgICAgICAgICAgPFJ1bGVQYXJhbWV0ZXIgTmFtZT0iSW5kZXgiIFZhbHVlPSIwIiAvPg0KICAgICAgICAgIDwvUnVsZVBhcmFtZXRlcnM+DQogICAgICAgIDwvRXh0cmFjdGlvblJ1bGU+DQogICAgICAgIDxFeHRyYWN0aW9uUnVsZSBDbGFzc25hbWU9Ik1pY3Jvc29mdC5WaXN1YWxTdHVkaW8uVGVzdFRvb2xzLldlYlRlc3RpbmcuUnVsZXMuRXh0cmFjdEZvcm1GaWVsZCwgTWljcm9zb2Z0LlZpc3VhbFN0dWRpby5RdWFsaXR5VG9vbHMuV2ViVGVzdEZyYW1ld29yaywgVmVyc2lvbj0xMC4wLjAuMCwgQ3VsdHVyZT1uZXV0cmFsLCBQdWJsaWNLZXlUb2tlbj1iMDNmNWY3ZjExZDUwYTNhIiBWYXJpYWJsZU5hbWU9IkZvcm1Qb3N0UGFyYW0xMi5jdGwwMCRjdGwwMCRjdGwwMCRDb250ZW50UGxhY2VIb2xkZXJEZWZhdWx0JE1hc3RlclBsYWNlaG9sZGVyJENoYW5nZUFkZHJlc3NfNiR0eHRFbWFpbCIgRGlzcGxheU5hbWU9IiIgRGVzY3JpcHRpb249IiI+DQogICAgICAgICAgPFJ1bGVQYXJhbWV0ZXJzPg0KICAgICAgICAgICAgPFJ1bGVQYXJhbWV0ZXIgTmFtZT0iTmFtZSIgVmFsdWU9IkNvbnRlbnRQbGFjZUhvbGRlckRlZmF1bHRfTWFzdGVyUGxhY2Vob2xkZXJfQ2hhbmdlQWRkcmVzc182X3R4dEVtYWlsIiAvPg0KICAgICAgICAgICAgPFJ1bGVQYXJhbWV0ZXIgTmFtZT0iSHRtbERlY29kZSIgVmFsdWU9IlRydWUiIC8+DQogICAgICAgICAgICA8UnVsZVBhcmFtZXRlciBOYW1lPSJSZXF1aXJlZCIgVmFsdWU9IkZhbHNlIiAvPg0KICAgICAgICAgICAgPFJ1bGVQYXJhbWV0ZXIgTmFtZT0iSW5kZXgiIFZhbHVlPSIwIiAvPg0KICAgICAgICAgIDwvUnVsZVBhcmFtZXRlcnM+DQogICAgICAgIDwvRXh0cmFjdGlvblJ1bGU+DQogICAgICAgIDxFeHRyYWN0aW9uUnVsZSBDbGFzc25hbWU9Ik1pY3Jvc29mdC5WaXN1YWxTdHVkaW8uVGVzdFRvb2xzLldlYlRlc3RpbmcuUnVsZXMuRXh0cmFjdEZvcm1GaWVsZCwgTWljcm9zb2Z0LlZpc3VhbFN0dWRpby5RdWFsaXR5VG9vbHMuV2ViVGVzdEZyYW1ld29yaywgVmVyc2lvbj0xMC4wLjAuMCwgQ3VsdHVyZT1uZXV0cmFsLCBQdWJsaWNLZXlUb2tlbj1iMDNmNWY3ZjExZDUwYTNhIiBWYXJpYWJsZU5hbWU9IkZvcm1Qb3N0UGFyYW0xMy5jdGwwMCRjdGwwMCRjdGwwMCRDb250ZW50UGxhY2VIb2xkZXJEZWZhdWx0JE1hc3RlclBsYWNlaG9sZGVyJENoYW5nZUFkZHJlc3NfNiR0eHRUZWxlcGhvbmUiIERpc3BsYXlOYW1lPSIiIERlc2NyaXB0aW9uPSIiPg0KICAgICAgICAgIDxSdWxlUGFyYW1ldGVycz4NCiAgICAgICAgICAgIDxSdWxlUGFyYW1ldGVyIE5hbWU9Ik5hbWUiIFZhbHVlPSJDb250ZW50UGxhY2VIb2xkZXJEZWZhdWx0X01hc3RlclBsYWNlaG9sZGVyX0NoYW5nZUFkZHJlc3NfNl90eHRUZWxlcGhvbmUiIC8+DQogICAgICAgICAgICA8UnVsZVBhcmFtZXRlciBOYW1lPSJIdG1sRGVjb2RlIiBWYWx1ZT0iVHJ1ZSIgLz4NCiAgICAgICAgICAgIDxSdWxlUGFyYW1ldGVyIE5hbWU9IlJlcXVpcmVkIiBWYWx1ZT0iRmFsc2UiIC8+DQogICAgICAgICAgICA8UnVsZVBhcmFtZXRlciBOYW1lPSJJbmRleCIgVmFsdWU9IjAiIC8+DQogICAgICAgICAgPC9SdWxlUGFyYW1ldGVycz4NCiAgICAgICAgPC9FeHRyYWN0aW9uUnVsZT4NCiAgICAgICAgPEV4dHJhY3Rpb25SdWxlIENsYXNzbmFtZT0iTWljcm9zb2Z0LlZpc3VhbFN0dWRpby5UZXN0VG9vbHMuV2ViVGVzdGluZy5SdWxlcy5FeHRyYWN0Rm9ybUZpZWxkLCBNaWNyb3NvZnQuVmlzdWFsU3R1ZGlvLlF1YWxpdHlUb29scy5XZWJUZXN0RnJhbWV3b3JrLCBWZXJzaW9uPTEwLjAuMC4wLCBDdWx0dXJlPW5ldXRyYWwsIFB1YmxpY0tleVRva2VuPWIwM2Y1ZjdmMTFkNTBhM2EiIFZhcmlhYmxlTmFtZT0iRm9ybVBvc3RQYXJhbTE0LmN0bDAwJGN0bDAwJGN0bDAwJENvbnRlbnRQbGFjZUhvbGRlckRlZmF1bHQkTWFzdGVyUGxhY2Vob2xkZXIkQ2hhbmdlQWRkcmVzc182JHR4dE1vYmlsZSIgRGlzcGxheU5hbWU9IiIgRGVzY3JpcHRpb249IiI+DQogICAgICAgICAgPFJ1bGVQYXJhbWV0ZXJzPg0KICAgICAgICAgICAgPFJ1bGVQYXJhbWV0ZXIgTmFtZT0iTmFtZSIgVmFsdWU9IkNvbnRlbnRQbGFjZUhvbGRlckRlZmF1bHRfTWFzdGVyUGxhY2Vob2xkZXJfQ2hhbmdlQWRkcmVzc182X3R4dE1vYmlsZSIgLz4NCiAgICAgICAgICAgIDxSdWxlUGFyYW1ldGVyIE5hbWU9Ikh0bWxEZWNvZGUiIFZhbHVlPSJUcnVlIiAvPg0KICAgICAgICAgICAgPFJ1bGVQYXJhbWV0ZXIgTmFtZT0iUmVxdWlyZWQiIFZhbHVlPSJGYWxzZSIgLz4NCiAgICAgICAgICAgIDxSdWxlUGFyYW1ldGVyIE5hbWU9IkluZGV4IiBWYWx1ZT0iMCIgLz4NCiAgICAgICAgICA8L1J1bGVQYXJhbWV0ZXJzPg0KICAgICAgICA8L0V4dHJhY3Rpb25SdWxlPg0KICAgICAgICA8RXh0cmFjdGlvblJ1bGUgQ2xhc3NuYW1lPSJNaWNyb3NvZnQuVmlzdWFsU3R1ZGlvLlRlc3RUb29scy5XZWJUZXN0aW5nLlJ1bGVzLkV4dHJhY3RGb3JtRmllbGQsIE1pY3Jvc29mdC5WaXN1YWxTdHVkaW8uUXVhbGl0eVRvb2xzLldlYlRlc3RGcmFtZXdvcmssIFZlcnNpb249MTAuMC4wLjAsIEN1bHR1cmU9bmV1dHJhbCwgUHVibGljS2V5VG9rZW49YjAzZjVmN2YxMWQ1MGEzYSIgVmFyaWFibGVOYW1lPSJGb3JtUG9zdFBhcmFtMTUuY3RsMDAkY3RsMDAkY3RsMDAkQ29udGVudFBsYWNlSG9sZGVyRGVmYXVsdCRNYXN0ZXJQbGFjZWhvbGRlciRDaGFuZ2VBZGRyZXNzXzYkdHh0RmF4IiBEaXNwbGF5TmFtZT0iIiBEZXNjcmlwdGlvbj0iIj4NCiAgICAgICAgICA8UnVsZVBhcmFtZXRlcnM+DQogICAgICAgICAgICA8UnVsZVBhcmFtZXRlciBOYW1lPSJOYW1lIiBWYWx1ZT0iQ29udGVudFBsYWNlSG9sZGVyRGVmYXVsdF9NYXN0ZXJQbGFjZWhvbGRlcl9DaGFuZ2VBZGRyZXNzXzZfdHh0RmF4IiAvPg0KICAgICAgICAgICAgPFJ1bGVQYXJhbWV0ZXIgTmFtZT0iSHRtbERlY29kZSIgVmFsdWU9IlRydWUiIC8+DQogICAgICAgICAgICA8UnVsZVBhcmFtZXRlciBOYW1lPSJSZXF1aXJlZCIgVmFsdWU9IkZhbHNlIiAvPg0KICAgICAgICAgICAgPFJ1bGVQYXJhbWV0ZXIgTmFtZT0iSW5kZXgiIFZhbHVlPSIwIiAvPg0KICAgICAgICAgIDwvUnVsZVBhcmFtZXRlcnM+DQogICAgICAgIDwvRXh0cmFjdGlvblJ1bGU+DQogICAgICAgIDxFeHRyYWN0aW9uUnVsZSBDbGFzc25hbWU9Ik1pY3Jvc29mdC5WaXN1YWxTdHVkaW8uVGVzdFRvb2xzLldlYlRlc3RpbmcuUnVsZXMuRXh0cmFjdEZvcm1GaWVsZCwgTWljcm9zb2Z0LlZpc3VhbFN0dWRpby5RdWFsaXR5VG9vbHMuV2ViVGVzdEZyYW1ld29yaywgVmVyc2lvbj0xMC4wLjAuMCwgQ3VsdHVyZT1uZXV0cmFsLCBQdWJsaWNLZXlUb2tlbj1iMDNmNWY3ZjExZDUwYTNhIiBWYXJpYWJsZU5hbWU9IkZvcm1Qb3N0UGFyYW0xNi5jdGwwMCRjdGwwMCRjdGwwMCRDb250ZW50UGxhY2VIb2xkZXJEZWZhdWx0JE1hc3RlclBsYWNlaG9sZGVyJHVjTXlBY2NvdW50U2V0dGluZ3NfNyR0eHRXZWJsb2dpblZhbHVlIiBEaXNwbGF5TmFtZT0iIiBEZXNjcmlwdGlvbj0iIj4NCiAgICAgICAgICA8UnVsZVBhcmFtZXRlcnM+DQogICAgICAgICAgICA8UnVsZVBhcmFtZXRlciBOYW1lPSJOYW1lIiBWYWx1ZT0iQ29udGVudFBsYWNlSG9sZGVyRGVmYXVsdF9NYXN0ZXJQbGFjZWhvbGRlcl91Y015QWNjb3VudFNldHRpbmdzXzdfdHh0V2VibG9naW5WYWx1ZSIgLz4NCiAgICAgICAgICAgIDxSdWxlUGFyYW1ldGVyIE5hbWU9Ikh0bWxEZWNvZGUiIFZhbHVlPSJUcnVlIiAvPg0KICAgICAgICAgICAgPFJ1bGVQYXJhbWV0ZXIgTmFtZT0iUmVxdWlyZWQiIFZhbHVlPSJGYWxzZSIgLz4NCiAgICAgICAgICAgIDxSdWxlUGFyYW1ldGVyIE5hbWU9IkluZGV4IiBWYWx1ZT0iMCIgLz4NCiAgICAgICAgICA8L1J1bGVQYXJhbWV0ZXJzPg0KICAgICAgICA8L0V4dHJhY3Rpb25SdWxlPg0KICAgICAgICA8RXh0cmFjdGlvblJ1bGUgQ2xhc3NuYW1lPSJNaWNyb3NvZnQuVmlzdWFsU3R1ZGlvLlRlc3RUb29scy5XZWJUZXN0aW5nLlJ1bGVzLkV4dHJhY3RUZXh0LCBNaWNyb3NvZnQuVmlzdWFsU3R1ZGlvLlF1YWxpdHlUb29scy5XZWJUZXN0RnJhbWV3b3JrLCBWZXJzaW9uPTEwLjAuMC4wLCBDdWx0dXJlPW5ldXRyYWwsIFB1YmxpY0tleVRva2VuPWIwM2Y1ZjdmMTFkNTBhM2EiIFZhcmlhYmxlTmFtZT0iRm9ybVBvc3RQYXJhbTE3LmN0bDAwJGN0bDAwJGN0bDAwJENvbnRlbnRQbGFjZUhvbGRlckRlZmF1bHQkTWFzdGVyUGxhY2Vob2xkZXIkQ2hhbmdlQWRkcmVzc182JGRkbENvdW50cnkiIERpc3BsYXlOYW1lPSIiIERlc2NyaXB0aW9uPSIiPg0KICAgICAgICAgIDxSdWxlUGFyYW1ldGVycz4NCiAgICAgICAgICAgIDxSdWxlUGFyYW1ldGVyIE5hbWU9IlN0YXJ0c1dpdGgiIFZhbHVlPSJsdWU9JnF1b3Q7IiAvPg0KICAgICAgICAgICAgPFJ1bGVQYXJhbWV0ZXIgTmFtZT0iRW5kc1dpdGgiIFZhbHVlPSImcXVvdDsmZ3Q7SW5kIiAvPg0KICAgICAgICAgICAgPFJ1bGVQYXJhbWV0ZXIgTmFtZT0iSW5kZXgiIFZhbHVlPSIxMTgiIC8+DQogICAgICAgICAgICA8UnVsZVBhcmFtZXRlciBOYW1lPSJJZ25vcmVDYXNlIiBWYWx1ZT0iRmFsc2UiIC8+DQogICAgICAgICAgICA8UnVsZVBhcmFtZXRlciBOYW1lPSJVc2VSZWd1bGFyRXhwcmVzc2lvbiIgVmFsdWU9IkZhbHNlIiAvPg0KICAgICAgICAgICAgPFJ1bGVQYXJhbWV0ZXIgTmFtZT0iSHRtbERlY29kZSIgVmFsdWU9IlRydWUiIC8+DQogICAgICAgICAgICA8UnVsZVBhcmFtZXRlciBOYW1lPSJSZXF1aXJlZCIgVmFsdWU9IkZhbHNlIiAvPg0KICAgICAgICAgIDwvUnVsZVBhcmFtZXRlcnM+DQogICAgICAgIDwvRXh0cmFjdGlvblJ1bGU+DQogICAgICAgIDxFeHRyYWN0aW9uUnVsZSBDbGFzc25hbWU9Ik1pY3Jvc29mdC5WaXN1YWxTdHVkaW8uVGVzdFRvb2xzLldlYlRlc3RpbmcuUnVsZXMuRXh0cmFjdFRleHQsIE1pY3Jvc29mdC5WaXN1YWxTdHVkaW8uUXVhbGl0eVRvb2xzLldlYlRlc3RGcmFtZXdvcmssIFZlcnNpb249MTAuMC4wLjAsIEN1bHR1cmU9bmV1dHJhbCwgUHVibGljS2V5VG9rZW49YjAzZjVmN2YxMWQ1MGEzYSIgVmFyaWFibGVOYW1lPSJGb3JtUG9zdFBhcmFtMTguY3RsMDAkY3RsMDAkY3RsMDAkQ29udGVudFBsYWNlSG9sZGVyRGVmYXVsdCRNYXN0ZXJQbGFjZWhvbGRlciRDaGFuZ2VBZGRyZXNzXzYkZGRsU3RhdGUiIERpc3BsYXlOYW1lPSIiIERlc2NyaXB0aW9uPSIiPg0KICAgICAgICAgIDxSdWxlUGFyYW1ldGVycz4NCiAgICAgICAgICAgIDxSdWxlUGFyYW1ldGVyIE5hbWU9IlN0YXJ0c1dpdGgiIFZhbHVlPSJsdWU9JnF1b3Q7IiAvPg0KICAgICAgICAgICAgPFJ1bGVQYXJhbWV0ZXIgTmFtZT0iRW5kc1dpdGgiIFZhbHVlPSImcXVvdDsgLyZndDsmI3hEOyIgLz4NCiAgICAgICAgICAgIDxSdWxlUGFyYW1ldGVyIE5hbWU9IkluZGV4IiBWYWx1ZT0iMyIgLz4NCiAgICAgICAgICAgIDxSdWxlUGFyYW1ldGVyIE5hbWU9Iklnbm9yZUNhc2UiIFZhbHVlPSJGYWxzZSIgLz4NCiAgICAgICAgICAgIDxSdWxlUGFyYW1ldGVyIE5hbWU9IlVzZVJlZ3VsYXJFeHByZXNzaW9uIiBWYWx1ZT0iRmFsc2UiIC8+DQogICAgICAgICAgICA8UnVsZVBhcmFtZXRlciBOYW1lPSJIdG1sRGVjb2RlIiBWYWx1ZT0iVHJ1ZSIgLz4NCiAgICAgICAgICAgIDxSdWxlUGFyYW1ldGVyIE5hbWU9IlJlcXVpcmVkIiBWYWx1ZT0iRmFsc2UiIC8+DQogICAgICAgICAgPC9SdWxlUGFyYW1ldGVycz4NCiAgICAgICAgPC9FeHRyYWN0aW9uUnVsZT4NCiAgICAgICAgPEV4dHJhY3Rpb25SdWxlIENsYXNzbmFtZT0iTWljcm9zb2Z0LlZpc3VhbFN0dWRpby5UZXN0VG9vbHMuV2ViVGVzdGluZy5SdWxlcy5FeHRyYWN0VGV4dCwgTWljcm9zb2Z0LlZpc3VhbFN0dWRpby5RdWFsaXR5VG9vbHMuV2ViVGVzdEZyYW1ld29yaywgVmVyc2lvbj0xMC4wLjAuMCwgQ3VsdHVyZT1uZXV0cmFsLCBQdWJsaWNLZXlUb2tlbj1iMDNmNWY3ZjExZDUwYTNhIiBWYXJpYWJsZU5hbWU9IkZvcm1Qb3N0UGFyYW0xOS5jdGwwMCRjdGwwMCRjdGwwMCRDb250ZW50UGxhY2VIb2xkZXJEZWZhdWx0JE1hc3RlclBsYWNlaG9sZGVyJENoYW5nZUFkZHJlc3NfNiRkZGxUaW1lem9uZSIgRGlzcGxheU5hbWU9IiIgRGVzY3JpcHRpb249IiI+DQogICAgICAgICAgPFJ1bGVQYXJhbWV0ZXJzPg0KICAgICAgICAgICAgPFJ1bGVQYXJhbWV0ZXIgTmFtZT0iU3RhcnRzV2l0aCIgVmFsdWU9Imx1ZT0mcXVvdDsiIC8+DQogICAgICAgICAgICA8UnVsZVBhcmFtZXRlciBOYW1lPSJFbmRzV2l0aCIgVmFsdWU9IiZxdW90OyZndDsoVVQiIC8+DQogICAgICAgICAgICA8UnVsZVBhcmFtZXRlciBOYW1lPSJJbmRleCIgVmFsdWU9IjM5MyIgLz4NCiAgICAgICAgICAgIDxSdWxlUGFyYW1ldGVyIE5hbWU9Iklnbm9yZUNhc2UiIFZhbHVlPSJGYWxzZSIgLz4NCiAgICAgICAgICAgIDxSdWxlUGFyYW1ldGVyIE5hbWU9IlVzZVJlZ3VsYXJFeHByZXNzaW9uIiBWYWx1ZT0iRmFsc2UiIC8+DQogICAgICAgICAgICA8UnVsZVBhcmFtZXRlciBOYW1lPSJIdG1sRGVjb2RlIiBWYWx1ZT0iVHJ1ZSIgLz4NCiAgICAgICAgICAgIDxSdWxlUGFyYW1ldGVyIE5hbWU9IlJlcXVpcmVkIiBWYWx1ZT0iRmFsc2UiIC8+DQogICAgICAgICAgPC9SdWxlUGFyYW1ldGVycz4NCiAgICAgICAgPC9FeHRyYWN0aW9uUnVsZT4NCiAgICAgIDwvQ29ycmVsYXRpb25FeHRyYWN0aW9uUnVsZXM+DQogICAgICA8Rm9ybVBvc3RIdHRwQm9keT4NCiAgICAgICAgPEZvcm1Qb3N0UGFyYW1ldGVyIE5hbWU9Il9fRVZFTlRUQVJHRVQiIFZhbHVlPSJ7eyRISURERU4xLl9fRVZFTlRUQVJHRVR9fSIgUmVjb3JkZWRWYWx1ZT0iY3RsMDAkY3RsMDAkY3RsMDAkQ29udGVudFBsYWNlSG9sZGVyRGVmYXVsdCRUb3BMb2dnZWRJbl8xJGxuYlRvcExvZ2dlZEluTXlEYXNoYm9hcmQiIENvcnJlbGF0aW9uQmluZGluZz0iIiBVcmxFbmNvZGU9IlRydWUiIC8+DQogICAgICAgIDxGb3JtUG9zdFBhcmFtZXRlciBOYW1lPSJfX0VWRU5UQVJHVU1FTlQiIFZhbHVlPSJ7eyRISURERU4xLl9fRVZFTlRBUkdVTUVOVH19IiBSZWNvcmRlZFZhbHVlPSIiIENvcnJlbGF0aW9uQmluZGluZz0iIiBVcmxFbmNvZGU9IlRydWUiIC8+DQogICAgICAgIDxGb3JtUG9zdFBhcmFtZXRlciBOYW1lPSJfX1ZJRVdTVEFURSIgVmFsdWU9Int7JEhJRERFTjEuX19WSUVXU1RBVEV9fSIgUmVjb3JkZWRWYWx1ZT0iczdEd2h6OEV6VHdQTnJwZkZ6WVM2WC9QaUdIMHZ2NzhqbFVIRy9ENmR3UGtLL1BDcjNON3MvUGVwSlFSWDZML2ZNbHRGeTFXOUZHbTRLNE5ackdpZjBOdmtUM1JoU3JlaytKZ1lTZGs4YlkvWEJzeVNWY000bVQvdlpqenFWUFl0MkNtcElzR3NqMlZGdDFYK1UxWHU5VjJ3K21JYkpjVzViRUZVQ05UaGRqVFhVVGdyOXBUNk9oWVpLYzVOVWZpdXZnK3hrMElVNzBwY1JoL1lSbnBIejUwQlNKRkJwdW1LYTJCS3lhMi9BakRaTW1pcnNPSzNiVVlFbWErbnNDVC9nK0JlczRtaWhiNHZjM21iTE1pOVpmNWpNelZWc0k2dytpUlJDNFQvcG81WC9TOHQ4L3pZN1hhWjY1Vm0yOCs2bTJOV2dqNjA0Rlpyc2N5STBOY3kzU3FkM3RsaHc3ejJCZFhLZ1pYSkplT2o1eGc2NXNtZ0xKYndBaWUvK2Fjbkw4WmJtUmp4SHQzTHh4M1FWeW5nQkpPTkZyTW9zRGxDUU54VWFNd1B4dnRhbDl6K0ZiYm5wT0licENtWGw2QjZ2YmlGS25uYTE0cU8wY0kxRWdRVy9HOVRKWGtTMWUzSGo1VkpTTTlKRStTZWVGUUVHRU9xSTU3MDRlWE1IQUhrRXFXV1lVYkJOREtjVlpsaXBnNDF5SlNncHRPSjNCd2t1ZVUydC80Rk92SlluOW9UU3prZ1Awa0lYUXhabnMzempjSXkzeGFIaFNCR1U4dFpNeFpSTFV2UWNxaGhjRW4valFwcEl6U3RRL25zRFgvTXdKZ003aXZYRnd6TythRzZvZk93YVBkcFhJdS9TVzZOdTRFSVQ0NnZQMS9SdSszYktVU3NKZEN6QUI5eDY3ekJtYXI4SXN1Z2ZQY250OS8rZml1Uy85TFdsMjZhUE1CejI2SGVKd1NKN3BKQktMai93U2k2MFNDQmx2bnNrNEJTNnB5VVpVQXZOTmZmNnhSeTN2QWtZaDVoZ1I0ZkkySDl2aHdSQkxkK2xhZUJkNnBBNWVrWVlGNkk2K3dTN1B4U3NxQTEycUR2bUVhbENoMlFpRStkZEdPNDkzNnhVc2JkeUhFU21TOWptSjVHempiZTREaUUzUnpYSEdBZE90U3huUVNLUy9CUHZvd0U5MklZaE5wRlVNdldCbCtwRElqcUU3NDhXZmo5TWQ0ODU4dG9NSjFwbjdqZWQ0d3VzeVBPcmZBQlVRaG9hQkUvaGlucXpkQXhDMXpjSEo4cE1RcWpxbFlsOElaVXYwWUhNUFhPUHF1Snl0RjgxMkVLRE52ditqQ2M4aEdjaFp4MG10aWJUQmtCRENaajZ6NFFkdFU1MTR5M05oRGZ3TmhUSHhZWklLOWx0WGRhSlpQWitzRWlVd3BEWUZEWUh5MVlURjRhSy91d2ExU1FZaVYxMkg3STh1MElwVFZWOGpEMmJCU2c4RUozWVo3bUszOEI1aWlncGtHbFV6MS9rNzllOEltRTg3SlU5QXVIYWJsa3NrYno2YXgzM1k1VUFkMzlqNlg1VVkyOWFnNitYZFJScS94UC96bUJLSXBnRG9pSU4xNCtZYW9seTB3bDl0T0s3WFBac0xtd0NnUDVWRGRDMmlYMTZwVXVRL0Z6TzU4ZWY0U2dOYmpmU2s4V0pYMVk0WFJuL2pmNFpOQytmNHBLZzYyZGpUZTFDd3hRbGlMc0tRRXRvVWVFRHVtM3R2dzhBNjJidmZZZXBNTDVHalhJbVc4Y3A0ZUM3RkZUZUNEWFJDS0hON24vdDZXT1FlNjNRbFd6OGJIM0g1bGxOanY1SHJ4Y1VEb2RZZjJSUWpISWE4ZlFCVEJaeGtNYWhtQ1AvNzgwWFBPTlk1YU5OL3ZyUUFRcTFDWTk4a2RpQlRPcUlhVk0wU3QzYndFNk5vUnZrRnBTL1VoQ3dXeXB2VXpkY2V6aVhnc3diVG1Bekd5SGg1R3d2NDd5K0V3a2RGUWl3OVF0Sk1sSWIwREJ5aWhBdmF4eXB0cVJhcmFLT0JSQkRwdXZ0ZmRrTWtNakJMa0U1MmFIOEoreGp2a3FUVkx2NnhsZzNvcGs3QStwRG5PdzFkVWtlWU9jNi9GMXloTUF0aFNRUzcvR3VsWDN4ZFBIVXY4V2FwUWxWYWQwQ3BocnBVOTBlemozOWVEUDZWbThxK001cEVLaDJHWUJJRDJqRk5EWVEyUU5Ec1NUU25EM1QvaW00c1A2bDl0c2hkVGxwakxXUkY1T2o0QjZOU20xOEZaK0ZQVWlmZmV5UGlkRjN2UkhxUG01dyt0M3kzMlc4dFo0UjBjQmQrdnRqU2cwRnhzRjIxcWtrNUwxajZEYkJmVDcvZVR4cHRacFNKUHBvYnlNSzlDYktyd0crclRDTUhYZUpNaDFjNFFWVVl0YTIyU1JnclU2ZzRlNGI5YVhpVHo2VmZQdEU3cFBXZERrbXJoaFE3VVQwK00yQVd5QmR2SVo5ckVFdVpSZTk0R3hMRlc3RzN2YkVwT2NCRDRDQ3AvSWRKTzl3VmpPM2J5bWFxS2k4cTVBYlZySm9RYXdOR2ozT1FuUXZmcXQ3Sk1QYkFSd0hpSU5xZmRndW1xMWJQSm9MY1NtNXBoZnhuRlp5QzlXc1BxdE5aK1dROVNYTHdMMTZLNW9HR0FvM0d3QXdjL0xGbGZFcUp2Q2FqU2ordnZLL3ZnVlBXa0RqQ014T3F0dzhOSFJDd1ZaYTRKQ0hzeCtTdVVHbEF4bElubUpwdDZxWVY1TDNyMUJjTG8vM202M0xJa3lzYWFtTzlIdFpLbVliclE3NlBrcU1QNXZKQmlQOWQ1bGJSdllqdWx6QWlOdFBQNlZSNTdqUlBSWC9wMHpkUEF5VjVYU1VtdkhxN2xkWUY5cjA1VVJESDdkanQ3dE13UHdmWUpjOXpGZGExZDlKdmU5U203WTIrWW1tdFM0VW9Ma0l4R0lWRlJiWjczS3hRMW9vWTFiRm4zSERZRzdmZXFNbERvNEs4NVVidjhPYWd0SGVjWkRNamp4TkV1b0JtU3FXS3FhY1Q2SUc2M28waUc1Q3E5cHhlZEt3STNlTXhiRFNWQXZia0RrWDdJaVpkL2t6N2lCd3JYTTh5b0lEK09PbElyWFFIY0FKMXR1UmlJUVR3cWFRYjBrRzh0US9LQW4vMk9rSWNSUW5BdUVCTit4RGxOTTA1aFBQY0kyb3pWMTNMN1RYdnpxSWR2V2Q1c0tBOTRKSjdkNk9aaC9TQzRlRFAzVlJZYmpFanRwTllUN3lFeW15NmRvRTVuUHlVcmgxbTcxYmtwZStSVmdQVENJd2wwangwdzM1czdaZGtQWjI1UTU1YnRWaHNlcXlMbnIzZkR4T09ZbHlqMXM5ZUlmaStoTHl2dEJjMVY5Z2hUODhnQjc3RFlrMGd3Sm9LdzZ0NVBPRjJUYVllMy9yU0FmZ3I0ZEh0bnFNeW5meGZSSFl5Y0puTGN4NCsxaVZybGlRd2FobklCaUJHU1RKblZGT3lkRGVlR0hUUFptM2VKSzdScGdleGdYa29scUs5RzNLempUdkQ3aHEyOWYxdWhQSUFiM1J4cU9pZlN4MnNXU3RCOExsSlBVSlBaRm8rR1h3b0NTcldWUk9jMXFDbG5NK1cwMmprN3FsNWhoeis1OUZObm94WFRsTkVFbTBReEZJVXN1Z0EvbnhNVkZnWjVZK1JCOWhFTHgxUE9Sclh4UUR1TFlXNmxaaDRQcTlxWm51OGNHQ1I2SlJnTUVFdlRsMlN0bFhlVWc0TXpiTFp3U2htQUJzNTR4bUhOY3BnTXUxWCtwQ0FnZXRrM2w5cG5jZFBwbmVlaHAvWTgyNmZHeDBnYXowQU9WSXFYaXZpY0lRSjdPMXE3MmxiaysrdjBRR2V6aEx1MDNkYVFJSjUzTmpod0NhOW55TGdmU0tqVGNIR1FJeDg0eDdJWGJ0bmpWNVZGQkd5WFI4ZU9PSFpSbWRDT2ZMWmVHcDN4aXhrYzJTU3JUOEdWd1VoUFVmb2w5Y1gwY1JXQTRpZis5RHZrVUFyZUFOS1lvOEpYL3RYMnYyY2ZvOUVNYTlsa3FXaDU4UU1kNTRVY1RnWUpLeDgvekZkeGNFRG9RNlF0NnREZVNVTUhwY0d4L2lXTnlyanc4ODE5eSthTWtYMG9hWjg0TVJRUkI5b2tpcXMvZ3M0WHhpZmZKd2JNUUVURFVWR2s3WEJWSytUbE5VUzhZclJDOTYvcEtDOFVwK2VUcHc2ZjNQVU9kb2p4dkM5OU8yTnhTdnlxSVVxV3NPZndzaThJbUFRNmlxM3Vyc1lJNmUzTWhFUDI5blJnUTlXaGRoQy9hS1VIV1RDOWRMYzFyNS9vV1Y2cnpVOVdwM2hPWklQU1FYb21SSVRqRDhrb0JGS2ZGdzB6WkNvalpoUktBZzRKV2lueEI2MHlXOGU1K3d3VWlVbUFacmFmVHNqYXJEclJVOUNMdkNYZVlZRXRKdTRsZGhoc1pZRERqdTNzZUZmMDBSd0JLMHZBdFJHbjFCY0NHaXRoUnpsNFo1bllXNG4ySW9WTTBLSU9iQWxJK3NKbndEWTBHZDEveHJiQUJCZkttOHdmdGhBazJDREoySVB0U0t2enhjR1RCUzI0Nkc3bXYrQzJib0FJWktzdzB2TkNmV0k5cTErd0NqZWgyWEJ5OWtXcE1WSis4emhLL1kyQjdlUUwzSDZnMmZWTWRWRE1xT0lMQlVIQkNjZWpJRG9nV1FyanU3NFJVVzRWNlhhTjdoNForOXhDbmpsN3FlNEdrVXBmVlc0d0ZGb2NZK09iNkNSbWJpZlJKaGRJTDdEZnZEN2NSeWMzOGwvbkc3UWlVK21JelRjblhWbWZpZkh6a1NqOEl2ZEl4UnBzUCtkRzByeG1wZDhuZXlTSVprbUd2YkQwTDVJcTFGS0pMQlE2Q3lvY09meEtHRDU5am9XOGd3dlRjQmdtOUNOV3FGL0FRNnhmTjF4VFRzSVFQVy9tZWZwd0ptZFpYSzFNcTNkM0xqMWdOTGFZODB4cnRqVHBBc1NHK2xvaHRnY1c0d0lWTkkrN1NlVzlCemJ1TEJVV3hPbWNsTGQ1TzNHYXJSb0dENzJyZWtHeWlqOHdqUUlQU09reDVMR1JEb0VxMXNOVGFzdjBIMy9ZT0JGOE5jcFVtdHkzTkhTdlJabS8yVWNXaEZ1TmJvb1dLYTZIVGEyVU82N2V4Vzc5c3ptZkprN0Q1ZUpOU1Z5WHcyUitKdS9JQWNoOTdQVjNXak1Tbnhxb0liaVhKNFh5NXM5bm9XaW9LcjQ0eXFYK2ZmdFNqMUE0Tms5SWdERyttbHVwZDZzZ0JCMndqMEJVRWphZW1BWDBObVUrQjkvNE43QnBKMlBxOWV1MDEyQ0NMNW1HOHFWUlg5Uk5CVHlNT2FpcUVWWW9kR0pMRlJEZnArNUczQWtyc0xzQitKeERjeFVzTDd3MHVSWXVYVnFteGFrSTVKNHFSdkY2d3VYdVhieUVCVHc0ekk3dVRBeXcyWUJBQlAvN0lDSzBnckRKYVgvQ3Z2dzhkY3BEYlVCL1N2eUI2MHlXalU2YVR5UWFiU3Q1b29Sa2xWdHM5R3lVZ3pBblFscCsxYWFDZjBEV3F1YmRMWUdUYy9ONmZFSW4yYzVTK3BWd1htNXlWajl4ajNxUGpIeHZoWlNJaUx2S3RrRkprN2M1SWE4cDlzRkFJVTJJUnJQLzFFL1cvaDB6aEY0d0pWaUtjMENjcFBJWGFJL3FBS01vMDg1ellHMHZnRklwSlcrLzVabzFmbnBCRkVWMjViK0V6a3JwclZGRXE0aWRqUG1qK0lDZTlGL3U5MFdXZDdKeGZORG1JYUNKL2U5WWsxWkI5cUlzUHJqY3VzY2hFb3RZMlJGMld2aFlxNlFIVFBiOG9IN3RTbFY5aWNhZjZzQnpYS2toZU1uL1MzcUhCNjJwRE1PRnlRWjYxbTk5Y2ZZNmUzYTRUYmxsYW5SZzJUYmNxSU4vNHg0bDNWdE8waE1NdUFhVFhTU0FhUE50V0cydWNtdkk1MFN1V0F2Z1FQTXlqdlRRSHpjZnZIZmF6V3ZIaXNRZUNyWmR5a1I4WUNJSkpxNTBIVEJ0KzlEWkU2K2JIQXJvdlR2RkwrZ2swYzZYd0ZBTjEzOFNNKzEydGhTeGsvZjNOU2dneWRjL1FQdGFlWm5UUXY2VU9vbEZjMk02RW9mc1kzRXkrVUJ4YStaa3pDOVlxV0lSQnh3YWhvSTcwVG93VnlxQVFXT2dNNWJLWnIwM1BXVFB3MGExbytmYU5TOGlUZ0tUQ0MvWHVKMmhmV2pkYm1RaGtFQnljRDJnWGo0UmdYd2JQREZ1Tkx4b2U4K1psRytValJaeVVOYTE1bVB1Wkk2a0FrWXBZUEFRckczRTNPUXJzN1hENzJ6WGdXU2FQaE9UYnFmL2UxU0UwNGNhaTBFK1UyQ0VabTkxVFpXZUt4cjN4R0dvb1RNQU0zMi9MWWVZbjh5eURvbHJ0TzdUc2VKa2xWcjR1S3BQalhZUzk5N0ZsbEdGSHRvUGpDdWtxalVqMjNWNlcyZVhWSVFtUm1aUXM1MDlPQ0VvSCtVTktNUXBrV01UWkhOcXpsRG5FYzdtTEpXYWpIK3ltdEFwdlYxWDIybzNMRHhSeTJTMWd4blVoVWxPZnJGclJ4TGo5K2VQZS9FekxERTlpQXlKWGFBc0tQNlVFWTN6Vk5oN2J6N2o0YW5qNGh2ZzdnMnhUSUkrR3F1dFkxanA5bjhiby9QNUNqN0NVNGw0dThkNlQvNEFNMHhzRmx4bnE1TWNraWx5Z2htTUp0aGpKcUNSczFscUs0TC9uOE1wclhEUU8xQ0NkNTU4WFFhek5wM21iaStuWGlHaXI4V3djSkRLZ0l6dUFQRlVoMm82MWtDT0FlYlFtaGttOUJuUmtUY1hkSHBuVXBYNHUxZkdzY1RTQU5saEM1MkcraGVvSDBFakhwNXdjWnBRSFFHV3M1aHBqbHpzc1Y2K2NtNEE3bWIrdVh3MFd2VHdXMW9xbFk0Vzl0SEY0R3ZMNEw4RVd5MXU2YlUrWjJiTzQyNUtOZ3ZLMVh3dThOeTNsUmhXSjJWdTNCSy9LNHk5WDZOL3FjODArMEJ2NllqOUttY3d4WHJVdlMxSUkvc2xXUDNaUDQwY1RKQzVPMnBwRnNzeVpoT3JRZ3FQR1hEODcwQ2dWVUcwc0J0SURxeXk5OXYvWUFNaGd2Q01sd2hwZU9XTlhrbnJCaXJpKzdUd2Zlb3hPMU1aYTJYSzRISWVVNVQ4V2d6N0g5aGRxR0FOUkFIVWlBSE12TG5Oc2pjVFJWb3ptMW1tSFVyd0djQ3ppdzBOTWp3RWxVTVdoY3FLUk1TSHdRM1hlVDF3ZlBKTWMySzFuekJaVE8yYzZpTTIvSEF2TGlZR3ozZ2FKajlGMW5TbjlOMHVEMmRueFBxWmdGaUxlQ0p3dnJsQVRGakhDSG1VWjZzeDR6Y1NYbjVVR3FYYkhNWnAwYzFoc2VNN21pSkpYUG1oNnRkeWs5WE5SOC80UEh6MWpEQXhiTGtzWFV1UmhNYithSVBObGVOclo1YmxaVEVVdGdXYnY3VWljWURLUVh4aFRPYmNCSU8rMEZueFBWVENlWmhkclphNWs5UjlxcE9oNHBMK0JGYWRrTUFQYS92enBnYjdSa3VWSm1OVExodXQ5RXQxWVVmTFBUL1dhU3ZXckVQdVAyNjlZcExMWTM0MUtjTjV1eVN5QVo2Q3hoQUpueXUwNFNzOGdCcElyOG9kSEo3d3FxTGI3dEprTVM1MUdzUDVPRUZ6VUtSTCtTZStnRHY2aFUyU2ZIMXc0bHlMbUFSRTdWUFpraFF2WGN1T001WE1RdzFhT2JXQ3dNSkRBYkZlY2ZONUVNZU9laDEzZFFjWU9ZSTUyYzVLQ1hGTHpDRVZjbm1jeExCQldtZko2Z3JvK3pPdjFxYUx0bnBNM20reUplS1B1Zy9WWjRjcVBQWFhGa2NpbDYxQ1dxZG9KM0p3Q2hHbWxnbHZTMERlV3BsaW1jVjFSNHdIT3FYdjZ5VkhRSlN6ZmloaUNybGh6NG5pUXE0RllBSE1xOUZETnZhSTNaZVlqUEM5RzlGLzVuREtySlh2eC9iVHMwcHlzYXluaXVDSHZYbGlHVGVGYXN5ZHg5N0h6ZDg3WUl5Wm9NNm9NcWxhMHEva3FmbFZvcjBqNWZwYVFNTzlWeThJNTBpaE96K24vSTJ2N29nVkdLOVZERzVsUWEzT203VjNKd2xMTFVKZW44MkoyY0ZHek1JdGJrWmMxYXU5a2VhMG5tZTN4UG5ldk5uRTBNWnF0S3BzMThMOE5DM2JqdTU3UmlBcXpBOHlPZmlaR0J0NGtBU1dPbFFGTUt4U01DM1NmSFc2RDEvZVBjcmJjbExtdEI2QVNaS01PTFhRY0Z3TGNvV2U5NEl3VFJXNW5JQjNwREc5Q3FndEpFUHVEZXJ0Y3QxUkRrcnpJSmdnVi83TmMvWUEraDBYRUlDMm15WEpqLy9IOXExbzZCZHA3c3lOR0JFb0tCczIzaGkrWG0vZ0M2ZFRvRTJsMWwwUVBBUHJkdzVUZEEwMkZtRUM1akl6WWE1TnZISDRQeGV4M0lGN0RRUDFlaW5lUHZiU2FPaUdXUnRrTmpPZko2R1E2ZEc5NVRVT1FrRUx0NHRxWlJ0MjZUc3Foa2MvYUxibnlmWTNtLzQrbitQSzZvQkFVZWJOb1o1WmFHSE1qa2MrOW1OWVhFeG91R3pOT2h6Zi82M3VNMzdnbnZhcFEzdWR0M2Rmc1dBcFVZVG5OTGZ4TURtbjU0S0hLaHgrSXk1S0dndHg3MjQrY0pUa25jZkc0RnNCd256VmpyMEZGVzZNek9FTGZhTmpvS0NUaitObzNNZTF6RWZYZkc4N2x3NnVacmNlR2taaGlqRllRTlFieXJCcndITzFnMndaODN1OEd4UGV5c1JvRkNDL1R3QmNRbnoxdEZmZ0VwZE1KVElqQVdDK3BabVJhSFh4NXUrNEdDQzc4cGsxNlIxcTZlWEdjMzlTM3Z5ZTlaQzhUeWFJM1hZS2RZeGFrZ05sNG1SRWkrYlB3VTFwcGNCdXRreHFtZmFROGkvV1NTVFlhcHZWYzdvL1FwRmFLZjJGUXpEYTFBRWVtZ0YyVlBEekNyd1N6Y1JRNWlSK3NCRVd3eEtkayt6bndTVkoycWpzRnp3WGJTT1F1cVNKYlgxRFQyS3RoZ01CWitoVk5BL3JXVzFISzZDQWttOFAwOVlwZGNZdjd1OGdOSm8xQ2dXaUlGZlZpNmFLZzNQQ0RwUDRxRWNxQ21NcVM5Z0lkMGExanp2QUhLNXJuOFB6MnNraE5td0tXTFBYcTlnR3d1SFdIM0c1aHV6SkRRTFVRSHM5S094SzFndnp4Y3JONEpDakQ2WUlXQ0J4R2NTMTNNWDNIdm5sZjZDVGFZc3UzOUJnQVFaYlh1c3dTOTNsVlNwNTF1ZlJLcXB5K3dsTHNObGptU0xUREdkZnA0d2JWQkNwVUMzZE0yREFRL1JrcmZNSHNkVEQxQkZzTkZBNy9qQ3BsM0N6eC8waklvZ3FTNkUrTE5XN1BjZlN5YW90emJiYi9MajFSWFBvOWt0K1JXMXRxeEMzeS84KzIrYWdyajB5ZThTOGJPakx3UElRWm5yUUk2bllUWTRUdk9TLy9iZlJnUTdON3I1eHYxcFBwNGV2bzNaZTFZaGQ2QWNCYXJYV1MycWJDSWVSWllGRHc0eVovSy9kLzJsRThpUGVzeTVxSi9hVlYwNkZiTHAzZWJEZjE3N1hSdmd2Wk11dkdzMVg4WkZSeXBwODZVamNPN0NuUi9hM3IyQUFJQ0d0OG5SdkVtc3ZCdng4ZGUzWHZoRDBoTkZDVUZWNStER2F5SHFrUDhVZTZ4R2ZCRzVNcFNydWQxSjllWC96L1lOTDMwd3labUNvbVVickdsSUJmVURZMHA1dzdiU0h0cTNubS8xTlI3M25EU2hsb3cyQmJzekxpYTFGTFBDdnJFNkk5TE9XNk1UVXdUNWJ4Ny9PK09BZ1hLaVJaTzl4d1Q2S1B1WXBTVmdTTE11YllMcE5rdjU4QjNIakY5TVU0ZmY5YVdHN2lQcnZ3T0Q1OS9ZZFRCSkEycjlFL0JrclZRQnhWWmlkMEptbUhFblRSRUZSTmdnaVg1YkkrZHhXZHhGZVhROFlTaU84VDRQSTZZUDN0bXN5TjZGMW00cHA3N1ZyZGNhOHRtZVpoRFBLK0t2MXFCeENnRlR6cWU5WEVrenVJZCtMeHhzTXFGVm5ZSk11RDhmU2hMQk04TjZHNzEycEk5OW9lVk9WLzVucjRoUXU2NEZlSkhYNmZjeFgweVo1ejZhczk5WDhFaFBuSWhaOTFiYnNFRWF1OVZraVZzbEN0STRSUzhES3JXWEFCdld4bnpqTEVpMzFRdDEyWEx3WS9jd0l0bnlYVmVXbFRjSnliZ1RrbXVCYnpjaEV6Q2s4NXhSR3laYitDN2s4N3A0VHBSWkhyS29ET1NGUGVWWXF5eU1SVHlHcXdGaTVCUVpUNWRNT1lBSUYwQ21ad1hiNUlOMzVXODJYeG9NQmZlNUxGWTBFRlVnRTRxbE80RTQ1eFZ3d1haQ3Zla21mT3J1VkxUeW8zNWZPZFpqWVpkTW9VUFVQMnY3UW9SNFVXaGpPbEgwOS9QM3pCNlp1V2hLOSt2SUVHOXZhUG5jb2g2L1BVMm04NXkxRzlJbE9mNGtHbnVKRnpacnJncm9BemJKdHJuWXNiNXdEZUJTaVVXcG02c3F3QThvN1BRVzR0TnhuamJxdFpVMFNBS093OVpUWmNOeEcxZk9DODMzN2paUHV3alFLWnFoUjZqYnlCdWYzV2k3SmNrL2pVcGdqMkV3bHFLckxXazkwRTlENFN4cE5rMWVydEZnZHdKWDgybFlsYUk2R3VyRjlWWFhQMldJQVd4ZldCN0pza0NEQ2w0aHBHQ213empWWXlmeWJsek5yYVA5SXZnb1ltaXNYeFdobCs5S3hvd3VGMC9jbzJHc0E5Um5KUXd1d2s2aWE1VzVWUEUxSmRQMWh0WVlDb2RHcDhlK2tMWXkxeGwwKzZ3VEIzN1lXbjltTzVFNU5FN2w0K2o2RmpGbEhBdC9sczVTeldvZzhlWlFqQUJML1FDWXR5RnhwVENJd2krM091NU4zOVhXckFZY1lVQjBudFFaWlEwTEZrU09ZNzQxVU5Yc3BzL1Uvd3dxdU1nSnFSZEdmM09MTUhJaENZdG84ajhtbytEM0srL3NqczV1VXFPdmFpL2tLK3RhNzdPTFUxdGd3WWJEU2d2eHIxZW9sZmpjRUpDTnJLTnB3aGt5TThsNHlKMzRsOHE4dGZRM3VYSlBuZlNZYU5Jek5NZ0NBekE5RTJFYk1hNVA3WTZBZ1RuVC9JVFU5QWRmWE1JRVp2TDdGeDR0Uk5GYlJ1NTlxY1BORnNWbEtsKzAwRU1oS1lrSW9Cbm5UM3I5U2lkc1NOMlBheVNhTVZlb2ZXd2pja0VxMzZtSUV4djlDOG5pYXN5RjRsRFRpem9KR1hDbzRrdFRHVGEyd0drYWZNSUlzNFA4UzJpbjExSWdNNWx3NC9KNytXalAzaG9JYUJ0cS9VQm5wK0szckZtcHoxcWlEYkVqMmNkaFZkUTRFMkhiUTNmcnlhZHo2U3YwNlN1UkIyMExPSStmTXh6UXVGS09ZUGw4bUd6NytRK2NPZHVVSXVaODRJdEZoeW5PM2hJRWVqZDVTSUY1RVNYU0NjU3F2RVhRRW02SlBua3BEVk9pd2t2MjNWRmF2dlFIUGxZMXRyYkpaQzhPTHBJcWg2U2lCRjZ1akFnVkdxbFlOMENpQjAwclB6Y1FEYkFjK3lkdm45RlFUQk5QWlRlZGkxY2pPem1KRFphOTgwR1ZpVXZod1hjWkxQMTFkV1ZLN283aGFyN1E4Zk53VEc0NEI1UmlCT3VsMktMT2RLSksyTXBjT3NrNmdpUE1HNy9SWnFnU2FHUFNHSzdIT0VhUm84Q2NxZFdjWmlEd3lDb0x5Q21lZC9VSE9qajMya2hVcjVicklBRVVZVzN3K2V5MkIxY1lDQ0QwK1VETVdXQ1dUYnVCMUI3THBuM2lZVk0xUXVTSDJuVDc1K1hnRXV5ZFQ0NWtvYTNUMEQ0UUFLYkcxTFZrSVBVVzZTRWhjNnR6NnhLZk04czJSRHV2R2VRWm1mcDBmak5lenlsWTRrYkErTnI3dENTQ0pQQVdUNFlyMC92L1hlRWk3ZFZFVElSclMwMzBYQkd4NFZTWXF1OGpwdjN6M2pVSGc5VXhIcFlKbENIZlkzNDl2dHBuWFdSdmswR3lNdkkvbnNyRSswcHg0NjJvcTI0L2lSaFV3bGd3M3hNVnhOWm9CRVJIOHZVc0t6dTlmRWlFZkRXNUx1OGtmWVZPTG1HOUNXV3JJdFJMZDdpQW1naW11T3BhQnB0VlN1VmZ5VHdBRk8xL2N1V3ZubU9DMGswUExVTFF5NFQ5RTV3TVNWUkhIOTdJQU5DOC94Mlo0NGNPT3YxOHMrZGhvcytGd1pyZS96eE9tM0NyT09DTEJBZ2J5bW8vZVZlb0dKM3ZNa1pqd3pPSDBNMWNuSldCSm9DRUdCVDlyNjVJM3RwQlZHTEpMYVZsamk3L2ROMzNnbi8vbUhSTlpxTUdXUG5xbVZXWHQ2NzB2UkVnTWFicnF6WWNUMEtPc0pNUFB3bDZhdHBKYSthUFl3d2l6VnVSbDRaSVkxVDFyZHNidndjMzFwdmRZbXNrRHhLdkJzakwzdzFKTlF4NkVtTGpZTWtUVTUrb3ZsL3p5ZWJyVDlDM0N1WjgxSElaRmZyS05RYWd3K3dqb3ZVeHhpNldNd1dnNTRFN1I3V25rQzlkYXB5a3kwNHZRVGJSUnp5VGVDWnNHQnhDZWs5bEhTaXRQYnk0R0RDblY4R3hheE9janlkK01wU2l0OGo3MGoybFQ1TjJ4ZWRPWEV3R3hYZUFLM0hjREpXY1NhNFZ4WDBiSnkxVENLM0krNDZ0ZGdrZlJ2OTltZUpLSEdhNTJmK29GdTY4UXlwcDN3TjNnUTYvMTdGVUtPb3BwTjJPZjBteVdFL1Q5UzMyN2ZMZmRmUEdTWjRaWHFtM0thVitCaEVReWpidEVYQ1F5T0VYSEhndDZ6dThqQyt5ZTQvWWRjL3RKZzVmYytiSjdRNDFkMzRwMHJVVjh3dy9ueE5vZGNpUHJkYzdLNC82TkRrTUx2dDJPZ0ZWUFVhTXdVM1ZNTVk5N2p5dVVNeWlwbkcwZ0NxT2VCWHFJRHZ5OFMzRXlIclNjQVF0V3dNVzE2V2dCUjBtbHhhREsrakFNNGQzOXdiM3ZBQ1hpa1Jyc0ZoZlB3TytSaTkzTlBWYnRJOGpHYjNpMHRxNlU3eERmdVMwNmhKbWNjUjg5YWloMEtwT2pWNy93dEl3bnczUHM0Z0lDU3gwSkttekJVRlZQenY4Zk1TYWpNbVcyaTErYnptY05rTk1URXhiZHNoVUxLMkNkSk5SMVV4SDU3eFpBeGVuMmFuSm5jMUp2Z20rTG1YTGVJV0ZBZGtrRXl3cTZaL1BEZHBHSW5tYXNSaUtSZzBvaXhISHdZcVZldEJOUzRlenJHNm1vK21nNVFMbGhMbFlOMCtaZU9pSHNqRXdWc0ZWUUQrVWlMY3pKUFAwL0VWb1VJM2pNaGIwVWZuYllEZUNUd3Y2QTFpTkJKZmFyT2ZWeFNsaFNCaWMrYU9zQnhZRHRqZ2NXem1vVnNSNjFNRVZoZ2FaaWwvNHgzN200VzJETldKTE1wYWU1eC9qaFdQaHdGbjd0MVFFVFBUdFQzMml5d2kzTzhWcm1wMUViaWZuQWJWSXlWWHRPV0MwMmpNREROeGh5eDlqVnBtd21PMFRNQmdMMDdtc2RiWHlEYnFhWExKQVdGZks3NmJEVGcvOHEwZzZTOVdvSUk1eXNSd2hGU0V0S1AzTHI1eGlORjBxdnNwK05ZZUJXQSs1TWd3M2JxWjhrQ0lsODhWbzkyRmlENnAzV0RjVVJ2aFhWNURvUGdhTWRMQ2FUdUs2RHY5Z1NubDZjWTg4UFlNS1BBOHk5OVVUWmh6TVhDK3l3bVcvT0tzQWNER2U4Vk1RVjh6MVlMazFlYnZEdTVTbzRIaGRnMkNhc282RXE4VkJHZUlnYURUcm5rQ3c3M1dGUmE1MEsyd0p3M0xQSG45VFAwencvR1lRSHl4bVo5U1lzRTlST2FuSFRuL01pMHdKZzhGSWdIajY3ZGVOWHdWb1FNcDRjcS9Xd1F6TWpXQTFiRWhKS1VGbmR4TGtSNWIzb1hxV2Qya1JsYkNTbE5jbzdxMGhOeXQyRk9Cd2NveG1OUXBoSWlFU2JMeG91cm44bEtCdjRKSVUweWR2cU1ZMExQNysxY3ljU2lwNHV6MW1iTFdZekJYS2lpOGRKMGQ5WTAzQU53NWRSK3FSaG5LVXZlbVdhSkNQb0hFc3Q4UHlIN2hvWUVQdFFabUtDL0REL2xtcG0xOHMwSFpJdC9Ub3cwTXZLY1JkeDhFakJoNHM4U2VFY25LNHVZb3AzMDM3THhHYXc2dlRyT0ZoSzUzM2R0SHR1d3Y2enlLdmE4TXJNVFlXZzRFdmdrK3FSWU1rcGVYSDZVaE9zT1FJa1FBdkhuY0pyR1ZIRnJJdzN2bU9oRjcydWZMaWsvOTdzZ2I3SjdWd1F5Tlh2SGxlb2pKS1JxMytkeWhIa1RZSFMxMlRPUnE3NjBHZ1hnaTgwQUJjLzdhZ25kMTZSZHVpTWlkeVl4eHliNkltWVlpeXVLMCtkWTRkNkNjdFlIaXBITy85SEtsL1lUZjIyYnc4MGQ4eVI1SkRHTldzZmlGbTVFWHVIWi84RlZDd0kydGZwTVlpOWF1L2lYU0JNSktGS2I3THdRUHdacjNLSjFpYm9ER0VCUjFjQjV4SFJscDI2bmcxL08rUDlyWTNYZlk2S0dtTW93MTZ0bUVkNG1yN3J1ZjRaU3l5Q1h1d3QzOXF2THlsTy92T0xpOHNPdi9iN3hWb0g2a0xmTDFqQ2hmM0lyVDFiWXJkT2Jrd0UvbWwxZU5ycXB0L3dmem1DRnVjMlNNTGtXaXQ1VmFxc1BkcjJDcUNiQWFhVWoyUGlmZ1N3K3J5UmFhSzFjZUVZTE83aDJrdWJHM3N5ZGtGNkNISDZ5Um01SjU2ZDJhbWNubXV3aVNyRUpWZFF6OExvZTArZ3RmQXNWKzBiSnp2b0JwZlN6RkhQTytmMEV4YlU5NXRoYmFXeU03RHl3V3JBSXZ5QVRsR2VLbG84UTRJbG1lVnBOeSs0QkM4NkxHVnZHU3c3Rks3MXNqd0NUeUhnMjd0L3ErbXNSWFZhOWN0b21SVC92YWNVTWdrK0Y4UkkycUg5MURTdXBlTk5URHVObHEvQjIvaDlXaDBsK3ZnUzlPTzJORFM1SFdLQlRMTkY2NnIzZGVQcHZvTHM1WVVKSWdZcWZZcUNjOGVaSmhYdUFHOW9RSThUM1JnZTExRWxjRDhGb1hQemhvbHJHSEQrNzBudnFISmI5eldhdTZET2ZKUHZFOVZHaEFQQWxVeXEvQ0xTazNWSXRxdU1vZlNsZWhHcDNsak51WTlEYkhtYXRzMXd0Smh5WEt0OFNrbkxxbnRkYTU2dG02cHJTWmhHODBzNlpSYmNPS2paWWhrb1BIM1p2UFN2Y2kwUWxuUVJFemRlZHV1RnFzdkdsYllFWDREUkxxNXlVcWREUFJzTGRVamxLNUEzNEZEYklET0IwQldpKzc5Yjg5SzI5Zjcyb2RMeTk3MlY1WWNrUitZZGpPS3diVE95QytKV3Q5ZUNrTk0rSThSUUtRdmdLeDJvYXpEdmRWalBNenlKWm5IYUd0bEloVkx2STN4WXVhUUNtQ2UxZGVYVmQwc2Nuc3dtWGpzRmROV29zL2dOaFNsNlA1OUxBSlJXWjBSSzNkQXR1ck1xeE5HQVMvbitPUE5VSHdPaUd6bWtNZEFHYWZVN0hTWFM1M1NJUXJ6R2kvSytUZ1VPN1Zzdmg4UjFreldMbEphS0FCWlBzK1F1WmF5SGtOZWJLLzVUbjNacFRvVlJTNnNGTFQ2ZGRRaE8wYmdTdmJHS2FQNFVMcWFqWitIUzZJTWR5SWlWM1JBVzJKVGgyc29YY3hJVS9lR3JSY1J6VWRkTUhWKzFNblNGYXFXcE5VTE1STlJWRUozOEJtMHRSUmtaMGZtZHVwN0VRY3BKbWlCVjArL3NKS21uRkt2MVVxSFNhc0pvVUVQdjVZZGNqM0xreW02NUgyQ0F1Y21WalA5RXpRSTFBbENlNDgyUllmM0YyRWtiNG1vdXJZa3g1SEdJNlY3RStMdlk5N2o1WmtKMXZTWkJ5WkYvRVBHdFhzb0FkTmNnYTh3MnJoZGlnKzM2cHZ4S0ZSN3d0SHZmOVhQbEh4SXVLVFUyazJidVU4Y01SVmtsV0VIYVd0TDVVNHArZytubDhQdlNDR3JPOE5mTjVIUHFYZ2VYa0hUeW5RMlJsMUZUbE16REh6OVNIVTRqaGpTQjYyN0dpTDlaV255d3BLaTl3OHlLUWFYVGFjb3dkZ0lVYjRXaEZXdnFHaDNJalprR2FHbXRGanFyL3FIMTlPUllYSkN0Y0dRZG5RMHBGT09iSGlyN1gzL3V5TWsrYzZDZWdRbm1OVDhFSjlua3oxcnBUM2tRQnAvdVJuWWhxRkhnSnVaUnBDSWlzMUdyN1l5SjZWeHZEamE4Q0hIRkF6cUp5VDVJTmpZT3pwUEVoeDBmRnVTVFRMTXBkdktyRDdqQlI5dUdIZFdmR2VIazJwWDNjZ1p6STZCMU40b2hqNnR3bSsza0l4TCtSTWh0RStxbDkyUlVzMUttRkpPTmM3R0dGTDdUdTdNcXRxWVZLTnk3V2RtUldOZWh5QzFUMndiaXBZaXBXWGRqMHJydi8xT0pxWndOMkRPUDh0UmQxOXh4dkNEQUpWaVJWMi96Z3djMm1jQ2dXaC80N29BMUhYMFAvS1B1UVIyMGFwUVZxVGVjTE4vUDhUMTJaN0lrQUozbUI3SVdVVVd5YkgxeEFxVHo1b01FYXdkQ2ZaR2ZNdWExUmE4aU1NUDhsdUZDM0VuSGFZaE9WS0RjZEJLdHBTV04wWW1VTmdHenJMVHRrN0NmbGlBVHcwd1oyVnJsdi9zTHNtMDRndGxDdnJ0RVk2Ky9JdnZNT2NtRnJvcDVSUFN1ejJ5VU9hWmlBcUhreitWbkM0VzZxMU54R0R6NXZGZkhWZStFcnloeVlZTzY5VE9aTEVlVGVwdHBNRklXK0xuTys0cmRRNEFZbThad09uZzNscEYxdng0enY3ZEF1eWhYU0hSNlFVL29yRmFMK0pseHlKamN4NXZXMjRHY3lST2lONGFiNE41SitITkNid2pJR2JrVFpNdTQ5OExTTWNQamt5NytyYUZvdk5GUStIOEdkZWxYYTd3UC9sRklTVWFnTGtHczhtaUNtWFppQ293eCtsTWMxSS8rME13bWRQZTZiMk94VXdYODRBdStFS0p4SGE2dURHdnhBMXE5Tis2Z3BHcGJyWmViRUpiaGErVGV4TWNKcm9SRzA4SG9HMldCZVVQTkVib2c0a2swWDMxQ1lnaU9SdVl4NzdYQjk5ay9jNVA5bVk5VmtxSHl6SkpOZjZnVitJK1h0N0ZwS2V6Tk9PY09vVWg2NnJxS3FVNkdyOHp2clpDaGRxZ29kSjhtNnVBTFlhL0N0QXJtSkVnS1AvdlR2b0MyMnRINGkzVjllekVyQWVaYWJPMGd2SHM1L05JcTZPZGVNVk1ZQ0pDSGtGbmd6dkU2d2NWdDdFMTF4SkxGRDdaazU0VnlvOGVRNC9USEdhMGdVeEdkeXd1T1htZGlZdXh6ajhIbWoreGMwUHhaN3p6cTA1b1ZjdzJ4NElrRkdKNDlFdFdweXJESlBxYkdJUUFzdFJzVCtOV2syTmpmallSNkg3NUtLN2o3a0xpMVdDZjJrRlNWYVFjbUkxMVY3bTY5Z0ZFMlZLM2JwaWtUdFk1cFlXTzBsc0hDM3hQeWdqeC81TkxPUE5xanlWWjMzTGlyaWRYbjNEMGttL2dvSjJmMkJ6eHlDcnVEY3Jad3IyUk5LcnBBZDJrbmlPUWVCZDczTmF3NVk1MEtDc3Z2MVVVcDU1TXFvMGM3YWM3T0pKekZEajloZ1dWdEpHVWlINzVaQitiUk1nUmFBRGhXU24vV05qWHc0MnliWTRkMDVHRHcwR21XWWV2bTFCR2ZBaGQ2UnFmQ2RWY0kvbjZMdTl6YlF5Ym1lT01FZkxoSUhzOTg5VWQ5SENHakdRazdJNXZqUGhNWEFyWXR3MitBajdLOXJzVUFreXM5ekpYZWpsdDRMTmhUZ3ZXTnhBcS8vUG5uVmpwRmJDNVZmQ213SFdHNDVMRk0ySW5pc28rTThteDI4RW9ZV2lwejQzbzlTeUE2OG90QlA4UVA3bXhjU0lTM092cFlhT2NoRG9WMXRqamFJTzNJOEFzem0xL2s2N2lZY2xjNm9ON29Qd3pWbGFONUNuaEVnQ2hodnYzV2QwWlA4YTBOb0FSMXI0NVJpL090ejdJSDVmNjZHanlXUjRqcVR1ajdqQnhkaHZaTmJwV2VGZ2tWcWtKc0pkcEFoM0NaWWQvVjJRZ1hhZWh6ZktWUmMwNGZHTDhFaG5Zdlk3dG92dG51ZFEzWGJLdDRrVzZ2ZzR5bW5HOGpEL3A0Qjh3VWxodmtMbzR0TTk4S2lBWnRUMmN5WnNvUjF2YU9UQWl3Q0ZjSDFDaTg5Zy9IdS9PZ1Nxdk15M3p4Z09rZWhqL2doRHZMV216aVp2OU9EZGZ5OTQrUXRsR2VVS0p2L3dHSWRJc2c4MjBzR1JVUjFaaDVtelowRnlBd09LT2NIdkUrSlVZcXpZdkFLejB0MmNsWWtwYzluT3lZOGgwd21DR3lJVWJNRmU3OVZKTVBDOFJFUlZjUTloU2VJWnRNbnJzbzIySG9KQmE4ekgydTRCOGl1SVc4ZlFyMnY5R2R5NUdWY3ExUzdXSnpVMGR6aWgyU0VsbDV0QVNSNEpjcS91OXR6aFJLc3RjbXlwUTgybG94MmwrTEFLTitkRVUxdHhBajRnN3pRbHk1aFViYjRWTnVPRmRTdmlWK3NOOWVzVThWYUQvUU52Y2pqUG5WZnRqdHdLVTIrYVliTXZwcmkrUnBMWGhjczdyb3Z6UmFIbG43U0N3UGQ3b2JVbTZieWREbzdsVThieUpYZm9TSUdLQWVRSEJIS1RrZGRhVDRJay9xQWNwaVVObUlDbElrTFkyRWhaVmhodEYzTzgxSDl0MGVaWHBDRnY2UE90YUEyZDFtK2RZZGIyMkVORWN1aUpXRlBlRm9qK3VaYkdYeVhLT3duUUpManBsYWtvdTVlbkl5ajFHeVBIZ3Q0aEFzSjFOdWZCZy9ZUjUzbTZZQ1JQWFpPZWJRRFNwUGFoOHpJQVo2djJIUUlGUDYxZHh2K2QvVGI5WVMwWnpteEoydnZudkRsb2k4Q2hjdS8wekx1OGRTOXZKOGtYZWtSRkFvaWxSWEQ0emFWb3FTaE8vYStSQStBaXFITkViWjZJcXh0dEdkYWprQ0FhRDRVSEk2Sno0NStqRDVwdlQ3b0hJQUZyY0U0K3VqU29iSDBOQTJuQXhaR2Z1cUxhaTNxanUvcXNmWk45QkRCV0hrSWcxZ0grcUVkNklvMXphRllLM00zMG9OMGhTUlpZeHM4VzVwK015d2NmVjFqdVhPUHE2MHRyK3JLWEwzQVhuQWtxam5RMU44YXZMMmphTGg1NUZWQ0ZLbGdpa3lXYWNkNEdKMjVubEZXay9peXpoa3NLUTJya1NXWTBuTHR2UExaNDhKdEZ0cFNuYy81Qm9WU2RwV0NuNFNESmt6T3pFMnNkZ2E5RVBlVk1seFBGY3MzT3d0dTY2RXcrQkYvejhJNm9ZdGJBR0ExOFNCZ1BzajJyWTVZRDNIYkhXSkVkZWRhdXNXbnRhM0JSVzNmczlFQ3VqL1N2YXZCNkxLcFpLMjJVOVMwc2ZVSmNNZGdxUithZjBUSU41ZmhmT3JGU2h1NitSNkxFeWxSUWdzSkxQZ0lpUG0zak95Ymt3dmx5WFQwNFdMbVBZenA3Q2gzZVN5MkNsckxNZ3RJa2tlMVFkOWdZckRxWlI2U1FGaHRRZU9Fb09rLzZBSzd3VmhlTU1ISG9XUHkva1JFZllqYy9vUW1rV0loV3Y2eDFyZXQ4RThzcG5Pa0lCL0Z4clQxQWFvbzROL3Zzc0lRei9KK1dwRmdwWDBvQ3p2ZDNyVHFFNWh3N1NkeDdHTk5hcTh6N1RENFVtL2JUQTlpZGdZMU82MEkwZ3JVcWVSaEN4cjJuMHBRRkFwTjdzZGNvU1ZtbmFpYzlpVE9Rb1hUdjhRVG9QcFNueHE4SzZNNStnb0t2bUEwcWluRWZtTFQ2Sm1IbEZiZDlqU3dyWmZVQ0ppZTVjNDQ2U1RFcTJsOURjeDZHUnprL25nK3pDenB6YVBtUlJtMEw3dG9uV2hWeWY2MTlJU0Z2RWhsRzV3aGlsR0ZGTURtcEo1TDVnRmhuZVJFSmVhQWFwUmc5dHZmMkhLbU5PakIrdDdzRi9mM29FS3hlczBGUjlQY3BLTm82cWthYXhrWnBaTUdtTUR4cjVlWEkrTjJXZzl1aEIzMUdmVXJycUFxRWRDdVRkWVlXTy9HNUhLM21RbDlaV1R1c1BKUFRZMlpjNk5HS3FZakE5cDVSN0JtTVZGRXdzcmpZZmF5cW9LcTBEV1VkMXFDclpyVG5xM0dBbnAyVFY5VFFKRlh6Qm9mb3VNMGR4Tzk4YnU2N2pzNXBKZCt0SG9Hc3RvMzFvdG9MZ3lJcjlVZGhaN1doOCtoSHRDS2xNUmxUdEJBRVJzaGlvSld1WTh0am1hSjJPY2dOSVpIeUsvbUJiUGZycmtwbUNTVXNwampCN2tzbmFic2pkejBDZ1M0VHlNYUJ1b21jUVJOeWNvZ2hRMDRvSHAxUGJac3RrNXlGTEMzTGpyMTM3WkdjT3hvbkxPT1dVclZ3YnJHMWhwVEo0Ym1lbWVsUkVQeW9KL28wQmgxSy9jeDBuN2ttc040aERoQUp0SGhjREh5YkgvNDRCdmtWM2dwOVlBMEVKbE1LNk8rcUtONFN5WXNSM3kyZkdxdnhHQ1czVUF4MU1PZ2ZrUkVXREMxV3lpQ0NYSDhFb2tGNXBJclVKZXRMdmNXZGZ2MjdHdkljL3A1Q1RkTzZqQUd3WGVPQ2toZFluc0JtUDhCanRRWHRuTC84NmN4dG9sbDVEaHVWUUZNRW4ycEt6NTZrNStrVE41OGIxOGdRNTZYUDBqY3AxcFN2M1N4bXhOUUJTeUU0engxcXR0dGVmRVBnT2wySnFBN1dKQm4xN3oxRVZJd3hWRUJkbXUrZVFwd1pQanc1U0RWRGRtbDhtZEFNOUdZUnpmdGJzVGhaNUUxd0IwMEtVOHNYRWlJMVgvbHBCTTRVVnZXZ0M5T3NvdXpnNmswbThDSURtd0NlNzJDcktQVU1GaENKNWdjbFdaYy93TzF6MHhnbGFpRW9JRm5KWm5GSzVZV2hMMEtsbllYOEtMRE9POUVTbzNicHJGZ29EN01ncnJtZFl1RnFQNFNoeUJyVmJlekFvTFYxOFhpRXpTSXF2ZWRKUnFQN0plQy9ZNytzM2VuNHI0ZDA5dTdidjdwZy9Id0hUaEZYR1VnYjhvQ0NKMnBsSlBhRVNFdlVjVDhnQi9hUTEwS3NwY0lBa1E2dWs4TE5kV0Y5TkQ2K2F3ZlVIalNwMjNaWXdac0tTaWJsYzRPd1h2T2I4RG9IUjJBQnp2bG9sQXVHOFZTUVZSRllpT2FUZmZJb1pnRm95ZThpT3VDWW5RT2h1eTQ4d282bFNOQU5jYjRsYmFleHV0TS9FeEN5UEFXR0dVeStUZENtVWJEenNMRzBPWm1GNVJhdmR5VlI4WHpNcmhGcEYvZ3ZoVkFiSm9WdGE1bGQ0akl1K0pVVGQwRDVVWEhSLzFxZlFlYk1rUGlSSm1LbXVPalZJZkpNSy96ZVoxTzhjU0plWk1DRU02MkhRaGxoSXR2bXlWdU4ySFg1WUNhNUJxOERwWDVwVFJaSW54VXRWam9IWXpNaXg0NlpmZXZERk9haW9PeWNSZHJDSm9XWlZFWkZIMnNwMUNNdTlJcENnMXZ0eFhHeTBoamFVbzFqM295MnAwckxwcE1jWnozdkVPbEpQZlNScUdjWGJsMC9wb1JBOHFvKy82TVFtS0R1THBzUVk4TFgyeFRhZm51NDNvQWlRY3k2V1g4dXR1ZkRyNVVQWkJ5SGtub0UyeXRDNUNYaWhhUFpxeXphL0R2VTQyYmk2c3RYT3VMTXMvdUhIVjFPL0tSWDYwck5BSGdXNTBjQktXVzBVY0t3S1pWcEFscTVaQ25wZTRTTGtMK1ladGd6Yy8za25VSXJpWlc3OEdqa3VIdmlZK0dXbDhxV2FkMGlqL3k4NkVPTXlwcm5pN045dzNwdW5HRXJCWDNvamsvYjNpZmp0azl4Z3o2TG5ZZUVTZUYwZHBCWXptckFzZ0hKZ2hZUnhUWGZQM1duMTZpSk9PUWNGei9HY2xtUXdocFdDMVN1cjFydzlsQUh0d0R4Z1IzN3ZKWWI3WWRxbTl2NE04eE9ObWlqczd3QXV3aHhCZ2F5WEcrYkFNVkhsNkhZWGRRQUhlWXFRNVpOY3NocERWODgxOUFhamhMajhhbFVaNEpuamcwTDY2QlhoV3dxb0U4c3pEeFFmOW4xR01XcGdJWEh2Y0xaU21RaHc0K2xhNlMranNSbHRRblE1aE1aSHNFUjdMaEg2OVY0UHVaNjlUNGlUWWR2ci9qUEhFVGhnS0w5anBRcGozTGdtMFNYdHZZOTIrOXA2WVZGS1pBekxMZ3NuQnZSalQ1VEJ3SG1jL2VWbHBaL21jV3ZXTE9VZ0todE1la1Y4M3BROTJaUk93MXh1a3grVExmRklNeTQvQXYwcnh5YVgxQjdSYU5jUWZ6d0NJUnZzalp3eFZWZE5BZDVaNERNQVJYY0txZ0VjWTY0UVhKMk1jVHZpOW94cnptNmhjKzdtaXhtNkJXQzVlVC8yS08xQUI5aUxBR29TL0hVNXJodHJOWW83b01nL1hoTVJDQm0yOXhQcDIrTG5qY2RoNjFyUHROS2VqWStFVkJxaVNwKzFpNy9EMlcxU0V3VWxmZ0svR0lSR2NkbHkwa3d5cTAxNHIwdTV3dFg1ZDVoeE9Gc2FmZ0dWZm1YMG1RVXlJYmNjTjdpRmhkSE1yODgwaVhnSGtNc0pCeDRwQWtqV0dMRVdVR2t6VERkc1BGMkRpOG9uanlrZDFCVnlLenNYWXI3UCtMZ0tDTE5BMmVVZCsrblVidDVac0F2TklQY0cycUFLKy93cWlybEgyNm1sS3kxR3lrRkpUY0FESWVqR0VrRGVZaGw2Y3ptSTN1cXF4RUF6Z0hDMTdCZEVIYy8wS3ZLUEFlVXh6VmhDalpCU0JialZPTDVDRVpOS2xPN0prb0F1VThNNGZUREY0cHVjbUYrY0xyL3FhSWJPaG5RYkxyRXlMd1VEaDllbFJlcnhGRm80aWhoWXRPVC9aM0dCV0hkV1NzSm9XdEFVSEdEMm9hMTNMSnFJTFpUcFRtYVlIbmMzb3FYbVBpVE9kY1FNZUdPTGU5UVR5RHBEUEw0S1RXR2ZLVVc4d0VBWWozNllWZmVZdnVLTk16bjlUWmxHY1pzWjlnUDRwSjZtMyttbGFhN0dJZjE3MHdTSTl5MTFEM282anYyOTZneGxTMlNiZlFZQzFrelRlQWtNbTVQdmhJWnUwWEZIUlhrMEJwR3pWaGk2b1RFMDBqakxqckMwNndQUW10R3l6alQ3S1Fld3h6U28rZndJcm9NMUY3c3djQ2NKZWRHbEYyOVdZcmFzSzR5N3BTcHJYK1JHL2svNHBKdGVlWUMvcm9JbktFRnJSRGFxT3h0LzZUekxDaHNRMktSenBoWEx0WEdUamlQYUYyMzd2SmN4cU5HeTExbDc2MzdEMHcwR1d1c1lVY21mM3RlVFhuZWF6aWt5dHA1T1pYeHBxZ3FvOGFQdW1saVJGWHdWZ2hCVlhXcC9qbHA4c3ZXWmdZTjNwY1drSUQ4ckFBU2ozejl2RXkydnlRc0k0aEREOUkwNG5GTlNNdG1xaWNiaEx3bk9wUm9UM0xqYmNsQXlxem1QbndhTmFKS1hZZ21XTkRVNHdMb0gzMVk2d1RQTm11MGxGWmlQNTlRSTJWTnR2OGV5OVh1MVZ3ZTZGM2g5YUpIcGZsZ2dsb2IvRGFzTjNJODhKQ3MwM0RnbUNJYm9kNU8wS3d6RWxXanhnZ2FTbDBDRmZHRVhIYUpjWG5ucmJ2K1ZwSVE1NjN4T3BmVkhIUEVycjE4Ky9ZVkdaR0ZZU1hwY3U3SGNHN3FaM1grcThKL2kydFduWWFacUcxTUcrTDk0SjZFOWszM3grR1JvOG1KNy9iSnJjU3M2VTZKWUs2TExaVCtvakNPRUsrQ2U3b2J0UlphNUtzWEc2VGl5ZVcrajJEN3cwQmtwYXg4cjE2ZGtlend2YkhLTi9aU1RKcnQ2WXB0VjY2MmM2S1RCTW5Rb0Y3WTVZTzEyYWN1R0pGVnArbDJjTjBGYW4zWG1sV2dQeUY1OTA5VHc2U09meHdzL2hMWTVXakh6NHEwQnZLWEZldG91czRIaThsZC9ETDU5ZGtNWmZ5NWFXVno2UXFwVzI4OGNPdmNOQlNpTmdrRjBWZ2VPeUN0bjl5SnY4dHdnbmZPSXdzdWpJQWZzVGlZWHQ3ZDdoaXRMSXNrL2l4emxya0hOc2YrRC8vOVhVSzJZaW1rbGgwYkE4VXVFMkJ6bzdJWTRQd3ZRaXkxYS9mS051S3Z3ZUNvbUlyMHlFeDZURWNkb0ZPVHRPUjdrSkFFRnlsN21jQjJSRjlaMTNXRi96dTh2S0hHMkR0THRSTDFuSVFVT1YwSU0wcW1DQmFuUjQzQ1o4Q0lrWmdvc3hPbk1yNUtQZnhvaFJzcXYrWndldjhrdklONUlvaWxQUDFkSVJCWGNXZHJmcWNJU25MREZ1TDlJWmtOUmhmODl4YkFXdjA4WE1lTDBvaTFkSUdXU0MwaSs2UVpINW1haGFsaWk0L0RvalhCSlgwdk9HZkFIcklVNERaU2NHMkE3cDRYTmJhZzZuVlBmekVWV0pTV0lRUWhVaXNWcFdjUTdGVGN6WTlvdjgrZnY5b0RVWGdyMkpaL2xyVkRRd1lpdEVDMm1ZWlhGSGIyMlJFYjVxTUpPN2Q1Z0lMYWpVQm5UblluY2h3Vm1BQTBoTjBLMkVLYVJjV0JWd3dRZjlwSGh2SElaM3AzcHl3WFpFOExhSFpNSCtsWjV4N0QvamxOT1lXOUdHd1JSeWtXYkp0SGNiYnVUc056ejJxS1A0d3BUem8zZDh1emR5VGtSU1ZwRjN4Z0UxcGk3R2d0TU5yMmxjZlp1cEk0cUh6SGFwWHJsckN0Tzd4QXFCcnF3MS9BdkZZZ0MrNUhZME11TGw0Q20xN1NiODZrZHBPVDZSUDhqQnUzWDM5SEtvL20zL3pSVjBxRUVUZWYxTmNNNjNGNEwxR2h5QTJGWk16SjY1aXNMc3dhSmloSVJSdkVmS0hRdGZHRFZCWVcyY01wTGwzQjFNSXcvWGR0UmtYNVplQWo0dDdZL1dja0JVV0NpNjFPa2QwTVl1SUhRd3BjRGhqanJiVndCNFFWK013REUyKzJmYU94SVVXZ1dqNis5SjVXMzJmRTU4UHlFaHE3WDFVV2l0SDlYYXNQd3BNVU9EazZPVnpsTzU4Z3kvN1lwK1RsWk1QNzhGNVdHMkhtRVlqTVUyaU0zVjgyZ1ZqLzdOQll0NmpkTEEyODdtYmZHdm1TczlkSXdFdyt0ZlpYSjZrRk5GWVN3R0hqdnFRN081SVZwbDdXNEJnajFTNXFyUGVRbUluNnh1VEg4V1VTUzNSNFVXdmx6NWdTcGVZa2w3ek1CUCt1aURLWldra2dtamxnZThhaDFVU2NrTlRib0p5WXUwYzZqNGJPV0dDUWxYbk1qcHpKUDdvUzNmY3A1d2phcmRuc3I0aHAwMlhLNHA5UUJyK1pIcndzUE9RQjA2L0lWQUJpUDhNaDVzZjJzc20wK0wxNzlIMzlXYUlWSUY5S3Npd0pmM2VQMHhGSm1jN1FDMm1kcjB4MUd5aVRwSTYxVUVpS2xJMU5icEthQUhodHZuWFpoUG0wQWFnZ053S0FKL2tIWnFZaGltcTVRYUhQOS9BS1VJWCt3SDNOa1drdTVJNWpkcVZIdmFjV1NVVEpiRWNSQkpkNkFzaEl3c0p5aVFnU0k0SEh0SGtyTHZCc3lnQnpJKzMyUHNTUHZFem1FclRCelU4WGFXY1VITWN6ek52d3hIWXdFWnNLenFZV2dsNVRCYjU1dFUwTURxME5jcGYzTzgzdzdSNnpDc1NTK0p3RWl6YWZwc0RibHhablhCaFRicnRSRkMxczcvRFpBVE81Q0NuVlBCV0ZnbGxXR3RmMGlMaitSejFndXBacUhHeU5JNk9NZER3ZDNWNmVqT0NoVlJreGkyNmN6UXJkMVR3dVNvbUxkdUxlMmw4VXFFRkxacjBFOEhKbjQxK3dScDI3QldwY2tvV0RlRE96RFpobXB6ZUh1eXVFeFVGcXFvV2hjSmVML2pUSjZCdGplbEZ4YlZUeUl6K0xmbEFHWjNlbk1HNk1SdjFsNDk3aHBTamtteFlha1lLVmVzSkhVYzRNQ1BGZU91TXNORVBNSEd0cUVJbjBNc0ovVWVUaCt0M1RBTVZueXd6cldMeHdlK0o3V3pOWFFPUzN0NTFZUmlkMkNJTWtaWHlFdC9uRDRqNUZaaVRtRzUydVNmSVVDWnRBRU9ZM2FBbmplUlM5cTV2OGVyK0dGOEFpeHZWM3JFSExRazVaVjl1M0RhTDRHc3dCWTlnM0pHeGIrcUxNQWlJeHpVOGlPc2pPQUVWZHdaaUE5aHpWYVVWdTNsZnVOcUdJVldIVXBYemtvWnEvditkRWE1eGMrOVhVWHp0bWxCOFdFQk92OWxjMCtWZSt0bG4yVHozcDhZanI5a1JraXQva3h6SHNvNzNhSDNnOVlTRFZ4bXhhamNwVFJiUVdwSFFsVTFRSi9PTExZSVZVeVdtUllWdlV3VkhudDhPVElubWxkbU1iZnU5Qm9YQmF6RnpZejI5N09ZMVROWlNJbUhkRjdiZ1BxL3RrRDhWcXFjZCtveW5wVGh0K1dydTNkcmxZTkpMS0VVT0ZsVGsxemNseExIbnA0Qk11ek82UVNhdkl6cGFYVG9GTHU3WGVrdk5HMjBqYWdqQlZnVmhLU1d5TTZUTWpuUW11cFc2YlpEK0ZPdVdSVGxyaUsrR1NBaURWbnZ6d0hvQ0NrbzJSOWVVSm1SdHM3U1daeE9TSHhqdVg4eXYwazNteFU4MnE5SkRqeDRiYVNRd2I0cUlDNjVaMTJHdSsrWjh4T3VZVGI0bG1HS1FHeC9YMGxOWVFaUkE5SkI4bFhlT2kzZndKTUtyZkV1cWM1Vm96SHNObVQ3RHVmNzFkMVFYN1UzcGJ4cE8ra2w0UHpnWXpQQTMrT0FHamNCNHUzNDhaMmhCbmQrSzk4eWFybi9ndG9lbFlkUm5EYW1NTVJDc05kbUdwSjMvTnRMajNSSmNrTXN5c0FBUzBxYjdFU3pHNkxFM0NvV0M1VDVrbkE2OFZKWUdJM0lCMGdYSXFXRU4zZkJPNCtXdDc4UzdubVVHUEZEeVVqYjF6MEUxekh1Z1ErREpBR3N4OXR4cytodFhRd1BnN0dCdEtyRysyUVJKR0pScUJpcENvbFREZ3g4WEw5Nmh1ZHpBeXQrWDgyY3RKcUYxbnF4Q3duWS8xUnd3OWx3L01ZNjI1Rk9mcUtYRnVOUjZDVTQxb0t1TnBtYnhkNjFVbnV6b04vbUhLTjJxKzloekNjanczSml5N3FrVkV1MDh3TjNSOTBHdUhXdDRmY2plUHB4Z2ErNDRSd2RWTW5ucHJnOFJSTFFrTGowMUhXTUl2NWdQczZxczNwUk1nTzllSVNlM25GcVVwYmN4MnJ4cXJwejZqZkdDdEtzYXg5Rk5FSDhzZ0Y1YngzT0loMWtBTzFETldCWmhjc1pCRGRhdDR2N3l3cCtudG1UVmx3QVFIOWppZSt6L3BzYkxTbXM2d3dHaHBMaGI0eC9DYzhnYnVDWStmcWlmQmMxMWhzZFFuVFBLSXcrbTJxS2pQL1FrL0E4eFZlemhrSUlSN1RydG45Z1pJMmpQS1ZjbEZNcStRRWhiZGFHVUE1c2REeUY4UmFkRlNxWnAxa2VZYVVXMVNUUnZBTVk0VHhDU3hUNXFoUDRjTGNpYzdSMXRDbSs2Y0NWSXZ4SFhOaWtQN3pxMk9EY3hSMG5WQmg2QVdFV2syTDhuVzE1b08zV0d4MmVNbFJlVlk1dmNXTDZBc0FIVnpiTklENGVDMnRBc1l6VHpWZnhFcUNTMkt4U2tUOGtZeXUzT3NPV0lYMXN3b1F6cVJhOEtqOGJoWStZL3BQMFNGNC9jRGdMZkNpcEFYQWFNRVhZTzRLanprSFp5eXpEdW1Cc3ExVnJ3bHhRVlM5dzhlbjMzbGhEMXc2bXNWOGZJVXRxYitzakYrWFhQaXY4RXB4YXE1WGxvZE5BY1d5ZzNPaTUrYVRweHBJTDVsUHRLTENYa3FQNVVidXQzRmxoaEFMS0pOZFBEY0NkYmVqWHpvM0RqWUJ2Q0VJdW1zR3JCOGlNNGZvTnZBU0IxdFIra3pmdU5tSGxvZUdMYjRXeHZjY0QzSjFwTC9qZktzaTFzYnRINko0M2htUFgwR3NaV0xHWG8zUENOT0pXTUtvM2lSV3F1S3lIOURZemIrRk5DcWZlQXhIVDN4b05jT0dpMXNqSUQ1RE1IdnRDRUF5UjNPWFpSQ25DK0daQjdwblRCWFRmUXpuWHZhV1VjSUhNc3NoMmY3d2xrakNTRVQ4ZWliQi9IZ0Jld1ROMm5NT1pPUkdkNzJFR2dIR2EyZFNRekhCWjEraXdkSzdZTi9lUzdZL1ZhZnpFSmErT0hjeHI5cEZIWjhMUXRFalAwS0h1MzZBdHBPbVpzeGFXdEozSXd0RlZTQXRhcm1UemN1czRZN1ErL0tKeWJYS2w0Rk91aDl3STZsekJKNlBTVXliYTJva3lNcVo4ZElHY0wyTEhxcFloV2F5TjNZNisxVEVRKzRWUUdFSitNdmRYT2gwbmhVZnBKaS9PVHZjTTMwR3RwUVhPZ3BzQXhIWjVZd3M4VkR3Y0xiU09DNzRwaHVaMmJFT2V1Y2R2dzRoRjRtYWR2K0YzcXEwb1BHcG0yMVBVaWxEQ1BqWTBha21IR1p0SHcxOGRzdXFoQ1g5cXRSaEtNUUl5R0FnaDdaZTJmMHFPdDU3Z1JQSW16RzFVckdWU09VbStBbGc5S01temF6VGFPRWE5Y1FSQzUwYWJBQW0vbTFpMGZjc3FoME94R3RPQVBTaTk1TDlZbERaTGNhVElDMnFJRUVKZTBMWkw4VUlwN1V4Ylc4YlEvckJENUNpNGdObEUwamRsOHlTN3pPTmFWUXAxQ1BYNUxtQW9ueXA2T1hLUERZeEhOem1iUVRJYU9UUUdOZko3SEs1VWdzRXVNMndQa3ZEWC9rTzdhKzFmSVc0VVFESzNrVW9VZ1FFM2lzeWZpWkcrVk9SUDR5NUIwNUtVWXlpdll5UWJWaXFNRnpRdm1YajRtODYrVWw1VXI4L0ZXVW50cncrS3V4QWFzOTl4Sjh3M2Q4V3VHVGp3UTdpaU0rY3k2ZjREUDVLdzBzT0w0RmFEanRUYjVGaS9rQk9ub2JxVkhZUHlhbjRMenJySGNJN0F3bzAxSnU4RHJpcmszYVhBM1VacDFNZjhHbnhZZDRiN2h2UWVvdUJwemtKc1EyeGptL3FoYXB4M2RUeXVaS0dYK1o4RG9XTTJ3cHd2dlNHbzJuZ3M2bWxNTGpseW5VUkU0UGNBUm9JL0ZWMlBqRmwzNnNPQmtGMlNMTC9RRU9IRkxiSytHMGY5VlVJOTVpcUVaQ0VPZnBwU1lPQXMzQk90QUw1SkdjMnIxeTZLdERyTWFmNHk3ZEU0SmRkODlOTkcybXhKU1hnR0VMbmpENUl6NTNzZHVJOVlXYzE1TDFTbnZTeUZzRzZUVlRGazR6N29vdlE1SjdCL0kwQTNxNUg1RGxuODVaK2o5clZuUmhzdDRwbXhGamFhZGlHV25DVVpPZ3ZxaTkzYmI4bVloQWJFR2d0TGVhc2dla3p3VUZScFlTZjk5Y1dzWmlOMjlFemlEUDQvUVVZK0x5K3FrMGgrQjNKc3NvNzkxWVhldHBUN1lVVDh4am1ZQ0tUYklMUHJqUFhpUlVLWng4R2l3QXh5dEZnMlZiR3JTOVpnWUJ5M3hpdENJVkNHbEZ2S0tiSTUzN2lPQk5qUmxlRGptSllVNjZXVlNTUkhGTmVlSVVjQWV5cDByeklWZVM0amRCc3JMR1FEMnZEalZQSEVXZE9JcHdSNU5Ia0tOMmRBMjduUWw4ZURMTkRhSnU1bDJTTDlZVjN5TTdtYXUwR2Q3WFFITWFYc2ltNzVBVHowS3FGaGhRQnBUa01CMmJrV0hnZTBGRVE1NGZZeTBhZ1BucTdvYk94NWphWGxsdGxVZnNUTFVlUzh0MUxFdXpPU2ZPN0puNHMrR080T3Rla2tpNXo4WGFSajhidjFLWXpOa2J1K05EMXhqdit3b1FaV2VXSERRMTE1RFF1NUlSMHZJS0twUDc1dkhFWlYza2FnVG9QMWMrZ09tZGs0aDhHKzlCa3BidVI3Z0RyZDJCV2E1WWw4Wmg1VnUvd2tLQnYvOERYTjQrdDgwVEZPZmhFMG55SWNBdlNVcXgrZm55M3JNT2ovb2M1QzFUc2txcWh5cmdTcmppbytVV1ZTL2NMSlFaN25uREdxUHNjNXNyQUo4djdFU2lFNnhzOEw5SzI3SU5ZSWtVSmY0cHZ2cTlKdlpnZTRmaHRrSmw5QllkL3kyNnNqR0t5MkFodGtYOWF6Wi94c2EzSGsxcUxrYWUxQUoxSmdmU21lVXlhbkc5MzJmOW9ibFJHZHVrNTRRTDZvM2RPdGEvRm9nNnorcUpWakpqeXdSc053S29BOWE1RWYvU3p3dm1HTlZGaUpRYnlXVXYwWlZlcUdORWU5OXRUVC9OU0IwZzljME9JNGQzVnZTaDdoWDVJNlpFdzhsRzJ3clBHa0syMlU5N2I3QkpQM1dBdnh5Y1dOaUhPSHdLWDQ3YS90R20rRmF3N3RZT3VKdFhvd2tZZjNvNEJjWDhBMjQ3TnZZNm9xa0xuWW1aRnVoc0FpaCtFYkV2NjFZeUMxSUdSUzcxL1RqQSt4dDZCZURvVEg1c09FSEJWV3VteFpwUFdiY3pGQVlLZlNHSnd0R1Q3bUlpV1lNbUlxYlhQeXFpd0xBWGdSQVlqNjhON0phemV0a3Vid2dNM053d1NWSWIvVkkySENDdUZwdndtVVhXdzZUN0VxcWp4TVRncG04cFZPc1BwNGdna3FmVHp3R1ovaDFNWTNjWDMzUnA2UXplaHR6czBIRmhXeXpMZDB1ZDhWTTRLeTY1WDVNcUFXOTR2Q3p5NWMrMzZXUmxleHNqTGYrTWhjUjVGMENHQnQ1dGlLN0d3a3laMVF3eHlwMlp5YUtnMHNFNFVZb1pNUmRGT1BOYm5MRGM4QnBrU0xpdUExVWU4eUlSL3pML0E2QkF6Zk9ibG5oUlpsRXhNQm02VlFKZ0hza09SdXVFbVJ6VWkxOTR0Y3V2S2RONFhtdDNFSzBCM0xaN1BKYkVLYWRVR1MyMkF5NGdrZVZKVExkNUNsUUVKenNzbWJ6RjVVYzBFZ1lUQTNJTEhJOU4wT2NkVjNEL2tsYWRJVFhBcXIxYVRZcldnRUNnTTM2OFVSNFg5OG90d0phM2oyZjJ0RzBNWlhVSFlCSGhLNlprYWpWS3Fya1Y1U2ozckUramp6bEVaYjRDejhRS0REQmVpaWdNM0E4NFBsZ3Nwc2IrM01tbm56QUU5MnZtMldDS0pMOEZZYU1HS3VybnpNc3JDOWRQaHBlWURyejd0Rnc4L3JxeURYOWIrRjY2QUJnT0xOVkJRYWgwMGlHd0FUdFE4T3VEcWxpU09Ubk9XQWxud1JGWE9qcWpKUG1CWDd2UmtLRDNEQXc2V1JBUUUrRFpHdlNYSkZ0UDN0NGlEOWRVZDl1cmxaQ25mS1FFQzdmY0Y1WkJHcmlpSTRDQmRhZURuWkZEQXJMTTlWNU5WL1l4MnNyV2E4blF1N1NIaHp6eHVROWFvRnZSek1jZUNwYlJ5bHRQYnk0c1ZmSXdpTkpTd1BYWmpxd01hSU84Q0ZlM0t4enMyRElYNG1kKzV6VHI4djdydVh4MmxNM3dYTlFVL0htVGZQMy94OUhCQXExcHpxcEQrb0RUK3UrR01VR2lJL25qNkpkK2dmNEt6Q0NIMkZBRnl0a1EzNEhrb2RGQU55d2tyeG1XS1dBTHRrdE93VTVLTWNXR0x2KzZRclNKRjdpMTlTWXpUWWgySlZaREMzN094Q1RteXp5QUdxckljRXZrWC9WdkFKZEw2dVNNSmlUM2tGSGRiRnhxKzZ2OVIzdnNaYTJHSVFTaFBnazFmZFdnSDM3MUZpTWl3ZFJRcjJrNktTenZQYkNzVVgwRFAxc2ZXbjRtaytydmF4REdQc3BSamZSdDJDbTNzbjlNakh5bDhiZVBjRkVtZEpHa1FDOTlMZC9jS2NHWHlLSzhTRFltakMwc2hHaXZIZXNraHZVZU1jWndzK3N5VlliVmZZdGNKdk9RSlZFbXJHZjA3ZERpSHJFWXBjMld4K3ZGK3VRZ0g4d0JKTDZMaHJBamZ3OEdkUExHZDdGQlBFUWRsUm5XN2ZsV0lmWTBRbUZEMUFDb2YwSktZUkRKTEtHaUx2M1dhUHplcEVOTU9VekhWWVNoS25LTXJOYStidkxFZmRSS1dYUmFOWEpydXlLaUJiUzU2UEQ1b1lNYlFSeWIrMGZRbEFRWkswcWk4UnE3SW9VUlloSlJneFRFQTZYeHRubDFha0dGSW9EUUdFVzJLTXYrbzR2eVhCZTBjZnlOem9VVWZjK3BSK2E2d3lMY1A5SzlOaFJMRERNS05abkhNb2RDalJ1SkxPbVEwdkh1ZC9NWGwwdVlveDZHTWJYQTBvaFBOSENrZThLTXFrdEF2K1FlcjRMWXl5emY5ME5oemxheCtWcVdlVE1ocitlZTlBc1ptVTZ6LzVFbU56ck1zRzZMcnIybDI3Zm42NkRIRkhhandpV3ZYTFAzaXlLN0p3QmcxeWdzQ1o3UEo3c2RFMUhlYisvVVBaTFY0WjFSeHVTK0dtQk1tM0RqSUx6dXhXb3RZTHNIS1NEckJrT2dFeStmR1FMUDQyUCtwMk92MlRTNzE1YlpuUlhaRGlsVGNxcVhpblBsMzArNzQvWFpIcDdyY3F2SFRFd2RIdXJ2Q09wVUQ2ZUtHOTgrTXBUR0o1bXBXckhRNU1zeU50b1dyNkRtRTRvWWdVVmxsWDk1ZzYycUxLR2ZFc3JHZlVGdFpSemk0VzV0RktPTEZMdWlrNHl2ZGVnc0NyY25MWmhteDYxaE10cTlwWFV2L3I4SHhPbVdsVWNvQU0vaXlBWWJGVy9NK2JMWE90UlA5amg5emJJellMSTBsemRScWgyWENaL0RHWSs0U3psWC9nNEZiN1ZvcUptVy8rS3k2dnFuTmlTSmFEOC94cVRVTW9BMHRJcWo1dnBxdlhOZ1JaenZOTjdnZEFiWDVOSDEydHFWbGRnMkR3cTJOaXBjWGJJQnE1NWYwdlU4Y0xoSkxzdTkyL0pYL093N2NpVmR0aWg4N3d6U3JrcWJYbklNVTBHNHJMclhaSU1RMTliOHlIczZxZW9vTFkzOGZiUzdiaGt3YXROVVZ6Qis1a0pYYTQyZTcrRjJyWGlzYzcweDRiTkpFZnVEVFFOUElndGNBZlo1Zi9ySEZ4OFpXOE8rSjBPY05SMzNtMzRNcW42Mmg3Mm5oaFREZnlsc0pHY3Y0R0lFY0NqM2JpWldIMVJDcEFvUndERE1WM04vTmNEWnlkS1M0T0h0S2ZxNVFCTkZFRWRwYU1vZzkxVE1LZHY5WndZSmNrdHcyekR5YTFFR1cvbEhvaU5kK3FGNW9jdGJ1aEZIeWFOaGhILzB2L1I4ZmViUHh2WXVRQUlxdE5EeWZiR29EcmJhamlsMEpQMHpUMWI4Z3YrdGFrdGloT3JsdW9VdGhFbXdwTm1VZGZqOFB0UlN3c2h2UmsxK2hOKzUwWXZvVE12dmd0OGl0VHVhWWFESVA4aGc1bTNUNWZlU0h5a3h5c3VuNEM2bnhNZnpoL3YwTVdZWklIYk5nNzEvZVpBSGl0dDdUdVVDWCtLNEJGWCt1SUEwNXd0UWVKWGN4eXR4RGJhWHBSdmZoTE1hNEhnK2MyazI5NEt2WllURXJFQWhDSTd6Q1JkTHZ3cUJPQk9RQzFMTW5wSGM2MGwvZVV5N1M3UG03cjZ0UmM3L2RwSkpUdGU0N2FsdDdDYUtvNVpMb2NqenIvM1cxQXBiQUtUclFZQmtLWFdWbmxUUDlJMC8vdFpiZzFmbXRydCtuTG1iUTRHcjBsRCtsT3hmSVE4Ty9Zc2xMSG4xd2lBY0N1RlNaNm9GZVpGTEhQZFRROWUybkpZUDJwRkIreXJvKzNlQTk5UTNISVo1ellqOUJDdlZVdGVwWUk4N2taczd0K0RLMVhPdllmMEY2dVg4SU5TK2UxNFJpZmZ1RFVBRTNuWUlGa3BLSjJVSWZ1VjFwLzhIUVpwM25ReWpNYXBFYndhMEhLdlk0VlhCUzRDV09ReUgxenIwa2g2d2EzVk5EVWFxMFV2RlZ4aEx0dmlZZ2JoR0lkMTJDUUtjTGhXYTAwZVhBK3Q3MlZLdFVvR2NHdTVNZVhwWi84eWtTbldPa2lyUlo5VGhNdlF6SXdqZVUzUkNiQXVHNXVZcXJkV3lQKzd0OUVNOGRSK1FDVTFnWktNaWlLcWdoZjc2eTQ3S0hjYmQ4Q1pnQ3ZDS3ZvZ2lLMGtjcitQYmFiQ1NGaTB5TzM3WlkyTTBPdVJuUlJUTHFFZ0YxaFRnMW9rWS9Id1RlT2RJckZHeEEwTTNkWVZaNWVya2FXeU16Ni9JNEtyZnpSNXhrM0tvRkpRK1VZUFZOS3JZRDNLbWZSM1J0MkdlekJqZHFTRUprYkhGeW9OcjVic3ZGbHdVRXpWQmN6eWNFYi9EVGtTa2hobHBjN2lqbFBFRDdSeHFvRUpKbUdLRlhYQ3VaV21FeFBubzNCT0lSMkVQQzZLUEh0WWRLZkdRSXI3NTRQYmZleVd1RWRxWTlkUzg0bG00Vlp4Ym9pQ1NIYVdtTmVSQ1lHT3ArSU1XMlF5V2l2aHBHOS9pVnBOSkxiNWp5Rm1Xd3V4UUgyYjQ5Qzh3YVJFY2QzTXpBZ3Jhb1NPVTM1anNKVEVJZjVhOTJ0NktEWXV5K2hLOHd2dlQ0UTYrZ3RWeDRXbWNmWnd0OVVrbitjNUYxc2xvOFFJVVNaeTNsaEJzTFlacmtldUFTdFhGbmF2azBHUVlLYmFLcVkwN05ncHNSV2NWS2QxM3ZIOGMvaG1WOW1icXliRFY2dm5WNXZjZ25pVlMxejRscm1rTnF5YWk1MXNZUzZGZ2QxdWZZK24zTndHN1RiczdVZ0hwdGExenFTenF2dTZrSFpISlNFUW1QOWp2Zk8yYXNBUTZ6UXhrSFVPZ0hBVkxYRGJlNldmdFJDR1JDRW1iMkEvU3A0R1prKzF6VGhsSVFuUUpXN2NqODFLQnlvOUJSWkUySlBZNVV4SlhCRDRyOTJuZWpEQTVvSUF3WVNXUU9PM084aERqeHV1VUN5bFNBQVJvc3FxcWJ5TGVrUlBHZnhTdTVqWCtSNHpTSy96SHBWc1dnZ2xOSU5ld0d3NzNzTHk0N2dlaHB5eW40Q21SN0FnekZLZ3dSZWQ2eUVGelBKcElaeHVBemxwQTROVG8yQUx4T2VScUJQUWFya1RDRjd6aXhtSkJGN2k3TTQwZ3RUTWtwRm1tNzRLMWdxMUlkOFpSWnE4SzNqYzIraGkxK2FkeUE4L2pIRk1LV0ZBdDRNS3lmUFlFU0xrazhybDRiTW10TEdOQ1NsUVl4VTU2WWdLenRMd2cyUkpEd0djMmZqby9LT2JsSmltRERaWTJ2RVdiYTRPVHh6ZG9ZdlRsQVZSQitsOGJvLzdxeHZlZkZWY00wZGRhMFFIZ2FTMzBqeG5pZnZCSDF4a3Z1c1BmcWxDZ1o1cFlLRnBURTk1ZkRzTVJEcUFFKzhaSzZKaFVSbjNDdndmTVdzRkVOYnIxeFpJaFY3b09mR1JpOG42SC9nM0gwMktGMXBjWGd6TEVXWk1lT09mdWRpNGlZb3pIdktmZmNQRWQzN0VwVWZad0x4d1YxYTRVNUJKVDVyMmZGNEkrVVd3RUt3RDltTTJhYkdhb0Y5MEFhU2FKK01HeG9nUjlSTkdhaHdBWkFwZ3pVcWVTOGZlNTdtS2pNWFpJdUFwMjdFZzE1L1ZMUG53cDMwMncvQTlseGlYeXdmQ0dIcmsvemlVK3JvNjRvVnl6YkhndUg3U3BTWGFyZnlsRVFvbUEvVUIrdDRHUDA2dzluYzlHVkcvblJrUG56VUErekZucExoN1dobVgrUUMwRXA0ZVNjVC9OOS9pVlVrWkUzbWNnb1ZPVVlhQ2E3UjdvaDE0ajRTeUxOUzZTVEZpcE1kVFRBbDBkNTJGQW1zUVpzdGJRSmlwZWg4TEVndjRpMHFNQjZJYy9BUS9jeGN5cjN6cWswWU1PVEJjcm55T3FEMGZ6N3dTQ0o1N3h5T2RhOWh5SHJ3MHA0S3FaNEdhUmhuVE5VdzNnUDdWZUVWZmE3SXZLMWJxS3gxdmI5bUhDbHRCU0RBL0wwTzdXREpGcGZud0dGZGVBSzF6b3pBNmpzMDFFLzhuRks4R2NWblJ4OHVJVW93VmFLZS9MeCs0YTBWcDNFdmpxd0NQc1FpcU16K1RydzQ1ZHg5b1JxdXlmeW40RHdXbmpMUDVaM0ZNMVpJdXdrRWowU2FPSlBLampqSFNWcnFCK1dzSy9WRndIWEZnZ3pTQjAxelBqMzg2UEJ5TUZ0WTczUm12VnZlR1h6dzhJSGJKVmljTGJrL3dBZXhPL0RIYkxSczI1S1dhTjB5N0JNMEowMHZWdnZPNGF4QWJWcGxFT0xYMVhrVWtSckgyd1h4K2w5eWg2b1g5UFZVQkhEN3h3M21lbTh1M1FCbWtTek5uT1BQQWV4SVNaRExRUzlUREt6c1FYUEYwRittY0ZiZnFIUEJEUjhzdlI5SCtHZG90dnUzbjFvMmFDZVdCNWdyUDZFYjFxMXQwcTFpbk5RZTVJcXQ1OFJPZGpYMVJGTkdQaXBPWWFmK3p2ZmtFOEhqUVpmUFRvUXZCUHpTUmphbmp6TVR4dERTdnFwQmFrblhQTk4zWTRwWmxLWTM0Vk5zYUQzU0Y5YVNuNkplbkJhSS82VlBVQnFHdXpqVkkwQ1RMVjBJSGxXbEY2RG9KVFp0WFhDb3crRXpOWEwyVXNidUwxcTcwNlVYbmVRcjdqTG14SUxEemxVYnpIYytmUDgxYkJHM3FUYzhtUm1Tc0JDQmk2NWRCVVZibUx6cGswNmZpaXlPTGkwODVlRTdFbTZmSGdwSk1EZWxmMk40YVhCZkx2dVVxem9lQ2RoVjg4LzhjNjVDb2grRklMdWU4OUNKM2w5dmoxZDZuZGVCT0hPcjhEV2FuZ3Jhc29jSGJUR3NOODUyWWRSU09mU0E0cks3dk5mVm00bEVyRjhmM25VSVlINmFRYVVzZE9ZbjdmemRYaytwTUZGeGJGWldQWW9SU1N3aG9kY09vMkhyd1JBbHVRTDRDcUVWUkRQaXNsSmZNZXkyYXpJMVBFbWpVM2pxdm5WVThGUzJwbC9NSnNMam9TOXY2Rm5TTTE0Y0xMNkdwY3pVVEdUOUpzaEhXMElCMnB2WFMyTkcxcjdEU3pwTG1aUlJFb0E1dG1SOGFyMFF4NnNOYXJBOVNoaGYwWVJFMzQxOGhQb21ta2VTaTd2eUtRSUdmWEJEc0pGeWxFLzBRcURnZkFqZmhON29aWmhkem04ODZKNjNVbFBZczJoTWVvNmZGTnA0YWxDb1p5TmlWVk09IiBDb3JyZWxhdGlvbkJpbmRpbmc9IiIgVXJsRW5jb2RlPSJUcnVlIiAvPg0KICAgICAgICA8Rm9ybVBvc3RQYXJhbWV0ZXIgTmFtZT0iY3RsMDAkY3RsMDAkY3RsMDAkQ29udGVudFBsYWNlSG9sZGVyRGVmYXVsdCRUb3BMb2dnZWRJbl8xJGhkblNjcmVlbkFyZWEiIFZhbHVlPSJ7eyRISURERU4xLmN0bDAwJGN0bDAwJGN0bDAwJENvbnRlbnRQbGFjZUhvbGRlckRlZmF1bHQkVG9wTG9nZ2VkSW5fMSRoZG5TY3JlZW5BcmVhfX0iIFJlY29yZGVkVmFsdWU9IiIgQ29ycmVsYXRpb25CaW5kaW5nPSIiIFVybEVuY29kZT0iVHJ1ZSIgLz4NCiAgICAgICAgPEZvcm1Qb3N0UGFyYW1ldGVyIE5hbWU9ImN0bDAwJGN0bDAwJGN0bDAwJENvbnRlbnRQbGFjZUhvbGRlckRlZmF1bHQkQ2FydE92ZXJ2aWV3XzMkaGRuRmllbGRTZWxlY3RlZE9yZGVySXRlbUNoZWNrb3V0U3RhdGVzIiBWYWx1ZT0ie3skSElEREVOMS5jdGwwMCRjdGwwMCRjdGwwMCRDb250ZW50UGxhY2VIb2xkZXJEZWZhdWx0JENhcnRPdmVydmlld18zJGhkbkZpZWxkU2VsZWN0ZWRPcmRlckl0ZW1DaGVja291dFN0YXRlc319IiBSZWNvcmRlZFZhbHVlPSIiIENvcnJlbGF0aW9uQmluZGluZz0iIiBVcmxFbmNvZGU9IlRydWUiIC8+DQogICAgICAgIDxGb3JtUG9zdFBhcmFtZXRlciBOYW1lPSJjdGwwMCRjdGwwMCRjdGwwMCRDb250ZW50UGxhY2VIb2xkZXJEZWZhdWx0JENhcnRPdmVydmlld18zJGhkbkZpZWxkQ29tcGxldGVDYXJ0Q2hlY2tvdXRTdGF0ZUVudW1zIiBWYWx1ZT0ie3skSElEREVOMS5jdGwwMCRjdGwwMCRjdGwwMCRDb250ZW50UGxhY2VIb2xkZXJEZWZhdWx0JENhcnRPdmVydmlld18zJGhkbkZpZWxkQ29tcGxldGVDYXJ0Q2hlY2tvdXRTdGF0ZUVudW1zfX0iIFJlY29yZGVkVmFsdWU9IiIgQ29ycmVsYXRpb25CaW5kaW5nPSIiIFVybEVuY29kZT0iVHJ1ZSIgLz4NCiAgICAgICAgPEZvcm1Qb3N0UGFyYW1ldGVyIE5hbWU9ImN0bDAwJGN0bDAwJGN0bDAwJENvbnRlbnRQbGFjZUhvbGRlckRlZmF1bHQkQ2FydE92ZXJ2aWV3XzMkaGRuRmllbGRTZWxlY3RlZEl0ZW1JZHMiIFZhbHVlPSJ7eyRISURERU4xLmN0bDAwJGN0bDAwJGN0bDAwJENvbnRlbnRQbGFjZUhvbGRlckRlZmF1bHQkQ2FydE92ZXJ2aWV3XzMkaGRuRmllbGRTZWxlY3RlZEl0ZW1JZHN9fSIgUmVjb3JkZWRWYWx1ZT0iIiBDb3JyZWxhdGlvbkJpbmRpbmc9IiIgVXJsRW5jb2RlPSJUcnVlIiAvPg0KICAgICAgICA8Rm9ybVBvc3RQYXJhbWV0ZXIgTmFtZT0iY3RsMDAkY3RsMDAkY3RsMDAkQ29udGVudFBsYWNlSG9sZGVyRGVmYXVsdCRDYXJ0T3ZlcnZpZXdfMyRoZG5TY3JlZW5BcmVhIiBWYWx1ZT0ie3skSElEREVOMS5jdGwwMCRjdGwwMCRjdGwwMCRDb250ZW50UGxhY2VIb2xkZXJEZWZhdWx0JENhcnRPdmVydmlld18zJGhkblNjcmVlbkFyZWF9fSIgUmVjb3JkZWRWYWx1ZT0iIiBDb3JyZWxhdGlvbkJpbmRpbmc9IiIgVXJsRW5jb2RlPSJUcnVlIiAvPg0KICAgICAgICA8Rm9ybVBvc3RQYXJhbWV0ZXIgTmFtZT0iY3RsMDAkY3RsMDAkY3RsMDAkQ29udGVudFBsYWNlSG9sZGVyRGVmYXVsdCRNYXN0ZXJQbGFjZWhvbGRlciRSZXF1aXJlVXNlckxvZ2luXzUkaGRuU2NyZWVuQXJlYSIgVmFsdWU9Int7JEhJRERFTjEuY3RsMDAkY3RsMDAkY3RsMDAkQ29udGVudFBsYWNlSG9sZGVyRGVmYXVsdCRNYXN0ZXJQbGFjZWhvbGRlciRSZXF1aXJlVXNlckxvZ2luXzUkaGRuU2NyZWVuQXJlYX19IiBSZWNvcmRlZFZhbHVlPSIiIENvcnJlbGF0aW9uQmluZGluZz0iIiBVcmxFbmNvZGU9IlRydWUiIC8+DQogICAgICAgIDxGb3JtUG9zdFBhcmFtZXRlciBOYW1lPSJjdGwwMCRjdGwwMCRjdGwwMCRDb250ZW50UGxhY2VIb2xkZXJEZWZhdWx0JE1hc3RlclBsYWNlaG9sZGVyJE15T3JkZXJzU2VhcmNoXzYkaGRuSGFzT3JkZXJRdWVyaWVzIiBWYWx1ZT0ie3skSElEREVOMS5jdGwwMCRjdGwwMCRjdGwwMCRDb250ZW50UGxhY2VIb2xkZXJEZWZhdWx0JE1hc3RlclBsYWNlaG9sZGVyJE15T3JkZXJzU2VhcmNoXzYkaGRuSGFzT3JkZXJRdWVyaWVzfX0iIFJlY29yZGVkVmFsdWU9ImZhbHNlIiBDb3JyZWxhdGlvbkJpbmRpbmc9IiIgVXJsRW5jb2RlPSJUcnVlIiAvPg0KICAgICAgICA8Rm9ybVBvc3RQYXJhbWV0ZXIgTmFtZT0iY3RsMDAkY3RsMDAkY3RsMDAkQ29udGVudFBsYWNlSG9sZGVyRGVmYXVsdCRNYXN0ZXJQbGFjZWhvbGRlciRNeU9yZGVyc1NlYXJjaF82JHVjTXlPcmRlclNpbXBsZVNlYXJjaCRzaW1wbGVTZWFyY2hkZGxUeXBlIiBWYWx1ZT0iLTEiIFJlY29yZGVkVmFsdWU9Ii0xIiBDb3JyZWxhdGlvbkJpbmRpbmc9Int7Rm9ybVBvc3RQYXJhbTI0LmN0bDAwJGN0bDAwJGN0bDAwJENvbnRlbnRQbGFjZUhvbGRlckRlZmF1bHQkTWFzdGVyUGxhY2Vob2xkZXIkTXlPcmRlcnNTZWFyY2hfNiR1Y015T3JkZXJTaW1wbGVTZWFyY2gkc2ltcGxlU2VhcmNoZGRsVHlwZX19IiBVcmxFbmNvZGU9IlRydWUiIC8+DQogICAgICAgIDxGb3JtUG9zdFBhcmFtZXRlciBOYW1lPSJjdGwwMCRjdGwwMCRjdGwwMCRDb250ZW50UGxhY2VIb2xkZXJEZWZhdWx0JE1hc3RlclBsYWNlaG9sZGVyJE15T3JkZXJzU2VhcmNoXzYkdWNNeU9yZGVyU2ltcGxlU2VhcmNoJHR4dERhdGVGcm9tIiBWYWx1ZT0iMDEvMTMvMjAxNyIgUmVjb3JkZWRWYWx1ZT0iMDEvMTMvMjAxNyIgQ29ycmVsYXRpb25CaW5kaW5nPSJ7e0Zvcm1Qb3N0UGFyYW0yMC5jdGwwMCRjdGwwMCRjdGwwMCRDb250ZW50UGxhY2VIb2xkZXJEZWZhdWx0JE1hc3RlclBsYWNlaG9sZGVyJE15T3JkZXJzU2VhcmNoXzYkdWNNeU9yZGVyU2ltcGxlU2VhcmNoJHR4dERhdGVGcm9tfX0iIFVybEVuY29kZT0iVHJ1ZSIgLz4NCiAgICAgICAgPEZvcm1Qb3N0UGFyYW1ldGVyIE5hbWU9ImN0bDAwJGN0bDAwJGN0bDAwJENvbnRlbnRQbGFjZUhvbGRlckRlZmF1bHQkTWFzdGVyUGxhY2Vob2xkZXIkTXlPcmRlcnNTZWFyY2hfNiR1Y015T3JkZXJTaW1wbGVTZWFyY2gkdHh0RGF0ZVRvIiBWYWx1ZT0iMDcvMTMvMjAxNyIgUmVjb3JkZWRWYWx1ZT0iMDcvMTMvMjAxNyIgQ29ycmVsYXRpb25CaW5kaW5nPSJ7e0Zvcm1Qb3N0UGFyYW0yMS5jdGwwMCRjdGwwMCRjdGwwMCRDb250ZW50UGxhY2VIb2xkZXJEZWZhdWx0JE1hc3RlclBsYWNlaG9sZGVyJE15T3JkZXJzU2VhcmNoXzYkdWNNeU9yZGVyU2ltcGxlU2VhcmNoJHR4dERhdGVUb319IiBVcmxFbmNvZGU9IlRydWUiIC8+DQogICAgICAgIDxGb3JtUG9zdFBhcmFtZXRlciBOYW1lPSJjdGwwMCRjdGwwMCRjdGwwMCRDb250ZW50UGxhY2VIb2xkZXJEZWZhdWx0JE1hc3RlclBsYWNlaG9sZGVyJE15T3JkZXJzU2VhcmNoXzYkdWNNeU9yZGVyU2ltcGxlU2VhcmNoJHR4dEl0ZW1OYW1lIiBWYWx1ZT0iIiBSZWNvcmRlZFZhbHVlPSIiIENvcnJlbGF0aW9uQmluZGluZz0iIiBVcmxFbmNvZGU9IlRydWUiIC8+DQogICAgICAgIDxGb3JtUG9zdFBhcmFtZXRlciBOYW1lPSJjdGwwMCRjdGwwMCRjdGwwMCRDb250ZW50UGxhY2VIb2xkZXJEZWZhdWx0JE1hc3RlclBsYWNlaG9sZGVyJE15T3JkZXJzU2VhcmNoXzYkdWNNeU9yZGVyU2ltcGxlU2VhcmNoJHR4dFlvdXJPcmRlcklkIiBWYWx1ZT0iIiBSZWNvcmRlZFZhbHVlPSIiIENvcnJlbGF0aW9uQmluZGluZz0iIiBVcmxFbmNvZGU9IlRydWUiIC8+DQogICAgICAgIDxGb3JtUG9zdFBhcmFtZXRlciBOYW1lPSJjdGwwMCRjdGwwMCRjdGwwMCRDb250ZW50UGxhY2VIb2xkZXJEZWZhdWx0JE1hc3RlclBsYWNlaG9sZGVyJE15T3JkZXJzU2VhcmNoXzYkdWNNeU9yZGVyU2ltcGxlU2VhcmNoJHR4dE9yZGVySWQiIFZhbHVlPSIiIFJlY29yZGVkVmFsdWU9IiIgQ29ycmVsYXRpb25CaW5kaW5nPSIiIFVybEVuY29kZT0iVHJ1ZSIgLz4NCiAgICAgICAgPEZvcm1Qb3N0UGFyYW1ldGVyIE5hbWU9ImN0bDAwJGN0bDAwJGN0bDAwJENvbnRlbnRQbGFjZUhvbGRlckRlZmF1bHQkTWFzdGVyUGxhY2Vob2xkZXIkTXlPcmRlcnNTZWFyY2hfNiR1Y015T3JkZXJTaW1wbGVTZWFyY2gkc2ltcGxlU2VhcmNoZGRsRW50cmllcyIgVmFsdWU9IjEwMCIgUmVjb3JkZWRWYWx1ZT0iMTAwIiBDb3JyZWxhdGlvbkJpbmRpbmc9Int7Rm9ybVBvc3RQYXJhbTI1LmN0bDAwJGN0bDAwJGN0bDAwJENvbnRlbnRQbGFjZUhvbGRlckRlZmF1bHQkTWFzdGVyUGxhY2Vob2xkZXIkTXlPcmRlcnNTZWFyY2hfNiR1Y015T3JkZXJTaW1wbGVTZWFyY2gkc2ltcGxlU2VhcmNoZGRsRW50cmllc319IiBVcmxFbmNvZGU9IlRydWUiIC8+DQogICAgICAgIDxGb3JtUG9zdFBhcmFtZXRlciBOYW1lPSJjdGwwMCRjdGwwMCRjdGwwMCRDb250ZW50UGxhY2VIb2xkZXJEZWZhdWx0JE1hc3RlclBsYWNlaG9sZGVyJE15T3JkZXJzU2VhcmNoXzYkdWNNeU9yZGVyU2ltcGxlU2VhcmNoJHZzU2ltcGxlU2VhcmNoJGhkblZhbGlkYXRpb25SZXN1bHQiIFZhbHVlPSJ7eyRISURERU4xLmN0bDAwJGN0bDAwJGN0bDAwJENvbnRlbnRQbGFjZUhvbGRlckRlZmF1bHQkTWFzdGVyUGxhY2Vob2xkZXIkTXlPcmRlcnNTZWFyY2hfNiR1Y015T3JkZXJTaW1wbGVTZWFyY2gkdnNTaW1wbGVTZWFyY2gkaGRuVmFsaWRhdGlvblJlc3VsdH19IiBSZWNvcmRlZFZhbHVlPSIiIENvcnJlbGF0aW9uQmluZGluZz0iIiBVcmxFbmNvZGU9IlRydWUiIC8+DQogICAgICAgIDxGb3JtUG9zdFBhcmFtZXRlciBOYW1lPSJjdGwwMCRjdGwwMCRjdGwwMCRDb250ZW50UGxhY2VIb2xkZXJEZWZhdWx0JE1hc3RlclBsYWNlaG9sZGVyJE15T3JkZXJzU2VhcmNoXzYkdWNNeU9yZGVyU2ltcGxlU2VhcmNoJGhkblNjcmVlbkFyZWEiIFZhbHVlPSJ7eyRISURERU4xLmN0bDAwJGN0bDAwJGN0bDAwJENvbnRlbnRQbGFjZUhvbGRlckRlZmF1bHQkTWFzdGVyUGxhY2Vob2xkZXIkTXlPcmRlcnNTZWFyY2hfNiR1Y015T3JkZXJTaW1wbGVTZWFyY2gkaGRuU2NyZWVuQXJlYX19IiBSZWNvcmRlZFZhbHVlPSIiIENvcnJlbGF0aW9uQmluZGluZz0iIiBVcmxFbmNvZGU9IlRydWUiIC8+DQogICAgICAgIDxGb3JtUG9zdFBhcmFtZXRlciBOYW1lPSJjdGwwMCRjdGwwMCRjdGwwMCRDb250ZW50UGxhY2VIb2xkZXJEZWZhdWx0JE1hc3RlclBsYWNlaG9sZGVyJE15T3JkZXJzU2VhcmNoXzYkdWNNeU9yZGVyQWR2YW5jZWRTZWFyY2gkaGRuU2FsZXNJdGVtVHlwZXMiIFZhbHVlPSJ7eyRISURERU4xLmN0bDAwJGN0bDAwJGN0bDAwJENvbnRlbnRQbGFjZUhvbGRlckRlZmF1bHQkTWFzdGVyUGxhY2Vob2xkZXIkTXlPcmRlcnNTZWFyY2hfNiR1Y015T3JkZXJBZHZhbmNlZFNlYXJjaCRoZG5TYWxlc0l0ZW1UeXBlc319IiBSZWNvcmRlZFZhbHVlPSJbeyZxdW90OyRpZCZxdW90OzomcXVvdDsxJnF1b3Q7LCZxdW90O0J1c2luZXNzVW5pdCZxdW90Ozp7JnF1b3Q7JGlkJnF1b3Q7OiZxdW90OzImcXVvdDssJnF1b3Q7QnVJY29uJnF1b3Q7OiZxdW90Oy9pbWFnZXMvdXNlcmNvbnRyb2xzL2ljb25zL2J1L3NlcV9zbWFsbC5naWYmcXVvdDssJnF1b3Q7QnVLZXkmcXVvdDs6JnF1b3Q7U0VRJnF1b3Q7LCZxdW90O0J1TmFtZSZxdW90OzomcXVvdDtDdXN0b20gRE5BIFNlcXVlbmNpbmcmcXVvdDssJnF1b3Q7QnVzaW5lc3NVbml0RW51bSZxdW90OzoyLCZxdW90O0Rpc3RyaWJ1dG9yUmVzcG9uc2liaWxpdGllcyZxdW90OzpudWxsLCZxdW90O0hhc0xpbXNTeXN0ZW0mcXVvdDs6ZmFsc2UsJnF1b3Q7SW5zdGFuY2VTdGF0dXNFbnVtJnF1b3Q7OjAsJnF1b3Q7U2FsZXNJdGVtVHlwZXMmcXVvdDs6bnVsbCwmcXVvdDtTaXRlJnF1b3Q7Om51bGwsJnF1b3Q7VmVyc2lvbiZxdW90OzoxLCZxdW90O0J1UHJvZHVjdGlvbkRldGFpbHNVcmwmcXVvdDs6bnVsbCwmcXVvdDtJZCZxdW90OzoyLCZxdW90O0lzSGFyZERlbGV0ZWQmcXVvdDs6ZmFsc2V9LCZxdW90O1Byb2R1Y3RDYXRlZ29yeUVudW0mcXVvdDs6MSwmcXVvdDtPcmRlcldpemFyZFR5cGVFbnVtJnF1b3Q7OjEyLCZxdW90O0luc3RhbmNlU3RhdHVzRW51bSZxdW90OzowLCZxdW90O0Nhbk9yZGVyV2hlbk5vUHJpY2UmcXVvdDs6dHJ1ZSwmcXVvdDtDYW5RdW90ZVdoZW5Ob1ByaWNlJnF1b3Q7OmZhbHNlLCZxdW90O0NhblF1b3RlV2l0aFByaWNlJnF1b3Q7OnRydWUsJnF1b3Q7Q2FuU2hpcE9uRHJ5SWNlJnF1b3Q7OmZhbHNlLCZxdW90O0NvbnRyb2xQYXRoJnF1b3Q7OiZxdW90O35cXHVzZXJjb250cm9sc1xcQ29yZVxcQ29udGFpbmVyXFxPcmRlcmluZ1xcQ2F0YWxvZ3VlUHJvZHVjdHNcXENhdGFsb2d1ZVByb2R1Y3QuYXNjeCZxdW90OywmcXVvdDtJc1N0YW5kQWxvbmVJdGVtJnF1b3Q7OmZhbHNlLCZxdW90O05hbWUmcXVvdDs6JnF1b3Q7QWRkcmVzcyBTdGlja2VyIEVCRSZxdW90OywmcXVvdDtPcmRlcmluZ1BhZ2VQYXRoJnF1b3Q7OiZxdW90O2ludExpbmtTSVRfQWRkcmVzc1N0aWNrZXImcXVvdDssJnF1b3Q7UmVxdWlyZVBoeXNpY2FsU2hpcG1lbnQmcXVvdDs6dHJ1ZSwmcXVvdDtTaXRLZXkmcXVvdDs6JnF1b3Q7QWRkcmVzc1N0aWNrZXImcXVvdDssJnF1b3Q7VmVyc2lvbiZxdW90Ozo4LCZxdW90O1dhaXRGb3JDYW5jZWxsYXRpb25QZXJpb2QmcXVvdDs6MCwmcXVvdDtYc2RQYXRoJnF1b3Q7OiZxdW90O2h0dHBzOi8vc2VydmljZXMuZXVyb2ZpbnNnZW5vbWljcy5jb20vU2NoZW1hcy9FY29tL1BTRC9DYXRhbG9ndWVQcm9kdWN0c1YyLjIueHNkJnF1b3Q7LCZxdW90O05lZWRzQmlvU2FmZXR5JnF1b3Q7OnRydWUsJnF1b3Q7Q2FuR3Vlc3RDaGVja291dCZxdW90OzpmYWxzZSwmcXVvdDtEaXNhbGxvd1F1YW50aXR5Q2hhbmdlJnF1b3Q7OmZhbHNlLCZxdW90O0Rpc2FsbG93RWRpdEluQ2FydCZxdW90OzpmYWxzZSwmcXVvdDtSZXNvdXJjZVByZWZpeCZxdW90OzpudWxsLCZxdW90O1Byb2R1Y3Rpb25PcmRlckdyb3VwJnF1b3Q7OnsmcXVvdDskaWQmcXVvdDs6JnF1b3Q7MyZxdW90OywmcXVvdDtOYW1lJnF1b3Q7OiZxdW90O0NhdCZxdW90OywmcXVvdDtYbWxCdXNpbmVzc1VuaXQmcXVvdDs6JnF1b3Q7RG5hU2VxdWVuY2luZ0NhdGFsb2d1ZSZxdW90OywmcXVvdDtJZCZxdW90OzoxLCZxdW90O0lzSGFyZERlbGV0ZWQmcXVvdDs6ZmFsc2V9LCZxdW90O1Nwc2MmcXVvdDs6bnVsbCwmcXVvdDtFQ2xhc3MmcXVvdDs6bnVsbCwmcXVvdDtJZCZxdW90Ozo0NiwmcXVvdDtJc0hhcmREZWxldGVkJnF1b3Q7OmZhbHNlfSx7JnF1b3Q7JGlkJnF1b3Q7OiZxdW90OzQmcXVvdDssJnF1b3Q7QnVzaW5lc3NVbml0JnF1b3Q7OnsmcXVvdDskaWQmcXVvdDs6JnF1b3Q7NSZxdW90OywmcXVvdDtCdUljb24mcXVvdDs6JnF1b3Q7L2ltYWdlcy91c2VyY29udHJvbHMvaWNvbnMvYnUvc2VxX3NtYWxsLmdpZiZxdW90OywmcXVvdDtCdUtleSZxdW90OzomcXVvdDtTRVEmcXVvdDssJnF1b3Q7QnVOYW1lJnF1b3Q7OiZxdW90O0N1c3RvbSBETkEgU2VxdWVuY2luZyZxdW90OywmcXVvdDtCdXNpbmVzc1VuaXRFbnVtJnF1b3Q7OjIsJnF1b3Q7RGlzdHJpYnV0b3JSZXNwb25zaWJpbGl0aWVzJnF1b3Q7Om51bGwsJnF1b3Q7SGFzTGltc1N5c3RlbSZxdW90OzpmYWxzZSwmcXVvdDtJbnN0YW5jZVN0YXR1c0VudW0mcXVvdDs6MCwmcXVvdDtTYWxlc0l0ZW1UeXBlcyZxdW90OzpudWxsLCZxdW90O1NpdGUmcXVvdDs6bnVsbCwmcXVvdDtWZXJzaW9uJnF1b3Q7OjEsJnF1b3Q7QnVQcm9kdWN0aW9uRGV0YWlsc1VybCZxdW90OzpudWxsLCZxdW90O0lkJnF1b3Q7OjIsJnF1b3Q7SXNIYXJkRGVsZXRlZCZxdW90OzpmYWxzZX0sJnF1b3Q7UHJvZHVjdENhdGVnb3J5RW51bSZxdW90OzoxLCZxdW90O09yZGVyV2l6YXJkVHlwZUVudW0mcXVvdDs6MTIsJnF1b3Q7SW5zdGFuY2VTdGF0dXNFbnVtJnF1b3Q7OjAsJnF1b3Q7Q2FuT3JkZXJXaGVuTm9QcmljZSZxdW90Ozp0cnVlLCZxdW90O0NhblF1b3RlV2hlbk5vUHJpY2UmcXVvdDs6dHJ1ZSwmcXVvdDtDYW5RdW90ZVdpdGhQcmljZSZxdW90Ozp0cnVlLCZxdW90O0NhblNoaXBPbkRyeUljZSZxdW90OzpmYWxzZSwmcXVvdDtDb250cm9sUGF0aCZxdW90OzomcXVvdDt+XFx1c2VyY29udHJvbHNcXENvcmVcXENvbnRhaW5lclxcT3JkZXJpbmdcXENhdGFsb2d1ZVByb2R1Y3RzXFxDYXRhbG9ndWVQcm9kdWN0LmFzY3gmcXVvdDssJnF1b3Q7SXNTdGFuZEFsb25lSXRlbSZxdW90OzpmYWxzZSwmcXVvdDtOYW1lJnF1b3Q7OiZxdW90Ozk2d2VsbCBBZ2FyIFBsYXRlJnF1b3Q7LCZxdW90O09yZGVyaW5nUGFnZVBhdGgmcXVvdDs6JnF1b3Q7aW50TGlua1NJVF9BZ2FyUGxhdGUmcXVvdDssJnF1b3Q7UmVxdWlyZVBoeXNpY2FsU2hpcG1lbnQmcXVvdDs6dHJ1ZSwmcXVvdDtTaXRLZXkmcXVvdDs6JnF1b3Q7QWdhclBsYXRlJnF1b3Q7LCZxdW90O1ZlcnNpb24mcXVvdDs6MjksJnF1b3Q7V2FpdEZvckNhbmNlbGxhdGlvblBlcmlvZCZxdW90OzowLCZxdW90O1hzZFBhdGgmcXVvdDs6JnF1b3Q7aHR0cHM6Ly9zZXJ2aWNlcy5ldXJvZmluc2dlbm9taWNzLmNvbS9TY2hlbWFzL0Vjb20vUFNEL0NhdGFsb2d1ZVByb2R1Y3RzVjIuMi54c2QmcXVvdDssJnF1b3Q7TmVlZHNCaW9TYWZldHkmcXVvdDs6dHJ1ZSwmcXVvdDtDYW5HdWVzdENoZWNrb3V0JnF1b3Q7OnRydWUsJnF1b3Q7RGlzYWxsb3dRdWFudGl0eUNoYW5nZSZxdW90OzpmYWxzZSwmcXVvdDtEaXNhbGxvd0VkaXRJbkNhcnQmcXVvdDs6dHJ1ZSwmcXVvdDtSZXNvdXJjZVByZWZpeCZxdW90OzomcXVvdDsmcXVvdDssJnF1b3Q7UHJvZHVjdGlvbk9yZGVyR3JvdXAmcXVvdDs6eyZxdW90OyRyZWYmcXVvdDs6JnF1b3Q7MyZxdW90O30sJnF1b3Q7U3BzYyZxdW90OzomcXVvdDsmcXVvdDssJnF1b3Q7RUNsYXNzJnF1b3Q7OiZxdW90OyZxdW90OywmcXVvdDtJZCZxdW90Ozo0OCwmcXVvdDtJc0hhcmREZWxldGVkJnF1b3Q7OmZhbHNlfSx7JnF1b3Q7JGlkJnF1b3Q7OiZxdW90OzYmcXVvdDssJnF1b3Q7QnVzaW5lc3NVbml0JnF1b3Q7OnsmcXVvdDskaWQmcXVvdDs6JnF1b3Q7NyZxdW90OywmcXVvdDtCdUljb24mcXVvdDs6JnF1b3Q7L2ltYWdlcy91c2VyY29udHJvbHMvaWNvbnMvYnUvc2VxX3NtYWxsLmdpZiZxdW90OywmcXVvdDtCdUtleSZxdW90OzomcXVvdDtTRVEmcXVvdDssJnF1b3Q7QnVOYW1lJnF1b3Q7OiZxdW90O0N1c3RvbSBETkEgU2VxdWVuY2luZyZxdW90OywmcXVvdDtCdXNpbmVzc1VuaXRFbnVtJnF1b3Q7OjIsJnF1b3Q7RGlzdHJpYnV0b3JSZXNwb25zaWJpbGl0aWVzJnF1b3Q7Om51bGwsJnF1b3Q7SGFzTGltc1N5c3RlbSZxdW90OzpmYWxzZSwmcXVvdDtJbnN0YW5jZVN0YXR1c0VudW0mcXVvdDs6MCwmcXVvdDtTYWxlc0l0ZW1UeXBlcyZxdW90OzpudWxsLCZxdW90O1NpdGUmcXVvdDs6bnVsbCwmcXVvdDtWZXJzaW9uJnF1b3Q7OjEsJnF1b3Q7QnVQcm9kdWN0aW9uRGV0YWlsc1VybCZxdW90OzpudWxsLCZxdW90O0lkJnF1b3Q7OjIsJnF1b3Q7SXNIYXJkRGVsZXRlZCZxdW90OzpmYWxzZX0sJnF1b3Q7UHJvZHVjdENhdGVnb3J5RW51bSZxdW90OzoxLCZxdW90O09yZGVyV2l6YXJkVHlwZUVudW0mcXVvdDs6OCwmcXVvdDtJbnN0YW5jZVN0YXR1c0VudW0mcXVvdDs6MCwmcXVvdDtDYW5PcmRlcldoZW5Ob1ByaWNlJnF1b3Q7OnRydWUsJnF1b3Q7Q2FuUXVvdGVXaGVuTm9QcmljZSZxdW90OzpmYWxzZSwmcXVvdDtDYW5RdW90ZVdpdGhQcmljZSZxdW90OzpmYWxzZSwmcXVvdDtDYW5TaGlwT25EcnlJY2UmcXVvdDs6ZmFsc2UsJnF1b3Q7Q29udHJvbFBhdGgmcXVvdDs6JnF1b3Q7aGdoamcmcXVvdDssJnF1b3Q7SXNTdGFuZEFsb25lSXRlbSZxdW90OzpmYWxzZSwmcXVvdDtOYW1lJnF1b3Q7OiZxdW90O0JhcmNvZGVzJnF1b3Q7LCZxdW90O09yZGVyaW5nUGFnZVBhdGgmcXVvdDs6JnF1b3Q7aW50TGlua1NJVF9CYXJDb2RlcyZxdW90OywmcXVvdDtSZXF1aXJlUGh5c2ljYWxTaGlwbWVudCZxdW90Ozp0cnVlLCZxdW90O1NpdEtleSZxdW90OzomcXVvdDtCYXJDb2RlcyZxdW90OywmcXVvdDtWZXJzaW9uJnF1b3Q7OjQsJnF1b3Q7V2FpdEZvckNhbmNlbGxhdGlvblBlcmlvZCZxdW90OzowLCZxdW90O1hzZFBhdGgmcXVvdDs6JnF1b3Q7aHR0cHM6Ly9zZXJ2aWNlcy5ldXJvZmluc2dlbm9taWNzLmNvbS9TY2hlbWFzL0Vjb20vUFNEL1NlcXVlbmNpbmdWMi4yLnhzZCZxdW90OywmcXVvdDtOZWVkc0Jpb1NhZmV0eSZxdW90OzpmYWxzZSwmcXVvdDtDYW5HdWVzdENoZWNrb3V0JnF1b3Q7OmZhbHNlLCZxdW90O0Rpc2FsbG93UXVhbnRpdHlDaGFuZ2UmcXVvdDs6ZmFsc2UsJnF1b3Q7RGlzYWxsb3dFZGl0SW5DYXJ0JnF1b3Q7OmZhbHNlLCZxdW90O1Jlc291cmNlUHJlZml4JnF1b3Q7Om51bGwsJnF1b3Q7UHJvZHVjdGlvbk9yZGVyR3JvdXAmcXVvdDs6bnVsbCwmcXVvdDtTcHNjJnF1b3Q7Om51bGwsJnF1b3Q7RUNsYXNzJnF1b3Q7Om51bGwsJnF1b3Q7SWQmcXVvdDs6MjIsJnF1b3Q7SXNIYXJkRGVsZXRlZCZxdW90OzpmYWxzZX0seyZxdW90OyRpZCZxdW90OzomcXVvdDs4JnF1b3Q7LCZxdW90O0J1c2luZXNzVW5pdCZxdW90Ozp7JnF1b3Q7JGlkJnF1b3Q7OiZxdW90OzkmcXVvdDssJnF1b3Q7QnVJY29uJnF1b3Q7OiZxdW90Oy9pbWFnZXMvdXNlcmNvbnRyb2xzL2ljb25zL2J1L3NlcV9zbWFsbC5naWYmcXVvdDssJnF1b3Q7QnVLZXkmcXVvdDs6JnF1b3Q7U0VRJnF1b3Q7LCZxdW90O0J1TmFtZSZxdW90OzomcXVvdDtDdXN0b20gRE5BIFNlcXVlbmNpbmcmcXVvdDssJnF1b3Q7QnVzaW5lc3NVbml0RW51bSZxdW90OzoyLCZxdW90O0Rpc3RyaWJ1dG9yUmVzcG9uc2liaWxpdGllcyZxdW90OzpudWxsLCZxdW90O0hhc0xpbXNTeXN0ZW0mcXVvdDs6ZmFsc2UsJnF1b3Q7SW5zdGFuY2VTdGF0dXNFbnVtJnF1b3Q7OjAsJnF1b3Q7U2FsZXNJdGVtVHlwZXMmcXVvdDs6bnVsbCwmcXVvdDtTaXRlJnF1b3Q7Om51bGwsJnF1b3Q7VmVyc2lvbiZxdW90OzoxLCZxdW90O0J1UHJvZHVjdGlvbkRldGFpbHNVcmwmcXVvdDs6bnVsbCwmcXVvdDtJZCZxdW90OzoyLCZxdW90O0lzSGFyZERlbGV0ZWQmcXVvdDs6ZmFsc2V9LCZxdW90O1Byb2R1Y3RDYXRlZ29yeUVudW0mcXVvdDs6MSwmcXVvdDtPcmRlcldpemFyZFR5cGVFbnVtJnF1b3Q7OjEyLCZxdW90O0luc3RhbmNlU3RhdHVzRW51bSZxdW90OzowLCZxdW90O0Nhbk9yZGVyV2hlbk5vUHJpY2UmcXVvdDs6dHJ1ZSwmcXVvdDtDYW5RdW90ZVdoZW5Ob1ByaWNlJnF1b3Q7OmZhbHNlLCZxdW90O0NhblF1b3RlV2l0aFByaWNlJnF1b3Q7OmZhbHNlLCZxdW90O0NhblNoaXBPbkRyeUljZSZxdW90OzpmYWxzZSwmcXVvdDtDb250cm9sUGF0aCZxdW90OzomcXVvdDt+XFx1c2VyY29udHJvbHNcXENvcmVcXENvbnRhaW5lclxcT3JkZXJpbmdcXENhdGFsb2d1ZVByb2R1Y3RzXFxDYXRhbG9ndWVQcm9kdWN0LmFzY3gmcXVvdDssJnF1b3Q7SXNTdGFuZEFsb25lSXRlbSZxdW90OzpmYWxzZSwmcXVvdDtOYW1lJnF1b3Q7OiZxdW90OzgtQ2FwIFN0cmlwcyZxdW90OywmcXVvdDtPcmRlcmluZ1BhZ2VQYXRoJnF1b3Q7OiZxdW90O2ludExpbmtTSVRfQ2FwU3RyaXBzJnF1b3Q7LCZxdW90O1JlcXVpcmVQaHlzaWNhbFNoaXBtZW50JnF1b3Q7OnRydWUsJnF1b3Q7U2l0S2V5JnF1b3Q7OiZxdW90O0NhcFN0cmlwcyZxdW90OywmcXVvdDtWZXJzaW9uJnF1b3Q7OjQsJnF1b3Q7V2FpdEZvckNhbmNlbGxhdGlvblBlcmlvZCZxdW90OzowLCZxdW90O1hzZFBhdGgmcXVvdDs6JnF1b3Q7aHR0cHM6Ly9zZXJ2aWNlcy5ldXJvZmluc2dlbm9taWNzLmNvbS9TY2hlbWFzL0Vjb20vUFNEL0NhdGFsb2d1ZVByb2R1Y3RzVjIuMi54c2QmcXVvdDssJnF1b3Q7TmVlZHNCaW9TYWZldHkmcXVvdDs6dHJ1ZSwmcXVvdDtDYW5HdWVzdENoZWNrb3V0JnF1b3Q7OmZhbHNlLCZxdW90O0Rpc2FsbG93UXVhbnRpdHlDaGFuZ2UmcXVvdDs6ZmFsc2UsJnF1b3Q7RGlzYWxsb3dFZGl0SW5DYXJ0JnF1b3Q7OmZhbHNlLCZxdW90O1Jlc291cmNlUHJlZml4JnF1b3Q7Om51bGwsJnF1b3Q7UHJvZHVjdGlvbk9yZGVyR3JvdXAmcXVvdDs6eyZxdW90OyRyZWYmcXVvdDs6JnF1b3Q7MyZxdW90O30sJnF1b3Q7U3BzYyZxdW90OzpudWxsLCZxdW90O0VDbGFzcyZxdW90OzpudWxsLCZxdW90O0lkJnF1b3Q7OjQ5LCZxdW90O0lzSGFyZERlbGV0ZWQmcXVvdDs6ZmFsc2V9LHsmcXVvdDskaWQmcXVvdDs6JnF1b3Q7MTAmcXVvdDssJnF1b3Q7QnVzaW5lc3NVbml0JnF1b3Q7OnsmcXVvdDskaWQmcXVvdDs6JnF1b3Q7MTEmcXVvdDssJnF1b3Q7QnVJY29uJnF1b3Q7OiZxdW90Oy9pbWFnZXMvdXNlcmNvbnRyb2xzL2ljb25zL2J1L29saWdvX3NtYWxsLmdpZiZxdW90OywmcXVvdDtCdUtleSZxdW90OzomcXVvdDtPbGlnb3MmcXVvdDssJnF1b3Q7QnVOYW1lJnF1b3Q7OiZxdW90O0ROQSAmYW1wOyBSTkEgT2xpZ29udWNsZW90aWRlcyZxdW90OywmcXVvdDtCdXNpbmVzc1VuaXRFbnVtJnF1b3Q7OjEsJnF1b3Q7RGlzdHJpYnV0b3JSZXNwb25zaWJpbGl0aWVzJnF1b3Q7Om51bGwsJnF1b3Q7SGFzTGltc1N5c3RlbSZxdW90OzpmYWxzZSwmcXVvdDtJbnN0YW5jZVN0YXR1c0VudW0mcXVvdDs6MCwmcXVvdDtTYWxlc0l0ZW1UeXBlcyZxdW90OzpudWxsLCZxdW90O1NpdGUmcXVvdDs6bnVsbCwmcXVvdDtWZXJzaW9uJnF1b3Q7OjEsJnF1b3Q7QnVQcm9kdWN0aW9uRGV0YWlsc1VybCZxdW90OzpudWxsLCZxdW90O0lkJnF1b3Q7OjEsJnF1b3Q7SXNIYXJkRGVsZXRlZCZxdW90OzpmYWxzZX0sJnF1b3Q7UHJvZHVjdENhdGVnb3J5RW51bSZxdW90OzoxLCZxdW90O09yZGVyV2l6YXJkVHlwZUVudW0mcXVvdDs6NCwmcXVvdDtJbnN0YW5jZVN0YXR1c0VudW0mcXVvdDs6MCwmcXVvdDtDYW5PcmRlcldoZW5Ob1ByaWNlJnF1b3Q7OnRydWUsJnF1b3Q7Q2FuUXVvdGVXaGVuTm9QcmljZSZxdW90OzpmYWxzZSwmcXVvdDtDYW5RdW90ZVdpdGhQcmljZSZxdW90OzpmYWxzZSwmcXVvdDtDYW5TaGlwT25EcnlJY2UmcXVvdDs6ZmFsc2UsJnF1b3Q7Q29udHJvbFBhdGgmcXVvdDs6JnF1b3Q7flxcdXNlcmNvbnRyb2xzXFxDb3JlXFxDb250YWluZXJcXE9yZGVyaW5nXFxPbGlnb3NcXEZ1bGx5Q3VzdG9taXNlZEluVHViZXMuYXNjeCZxdW90OywmcXVvdDtJc1N0YW5kQWxvbmVJdGVtJnF1b3Q7OmZhbHNlLCZxdW90O05hbWUmcXVvdDs6JnF1b3Q7Q2hpbWVyaWNzJnF1b3Q7LCZxdW90O09yZGVyaW5nUGFnZVBhdGgmcXVvdDs6JnF1b3Q7aW50TGlua1NJVF9DaGltZXJpY3MmcXVvdDssJnF1b3Q7UmVxdWlyZVBoeXNpY2FsU2hpcG1lbnQmcXVvdDs6dHJ1ZSwmcXVvdDtTaXRLZXkmcXVvdDs6JnF1b3Q7Q2hpbWVyaWNzJnF1b3Q7LCZxdW90O1ZlcnNpb24mcXVvdDs6NSwmcXVvdDtXYWl0Rm9yQ2FuY2VsbGF0aW9uUGVyaW9kJnF1b3Q7OjMwLCZxdW90O1hzZFBhdGgmcXVvdDs6JnF1b3Q7aHR0cHM6Ly9zZXJ2aWNlcy5ldXJvZmluc2dlbm9taWNzLmNvbS9TY2hlbWFzL0Vjb20vUFNEL09saWdvVjQuMS54c2QmcXVvdDssJnF1b3Q7TmVlZHNCaW9TYWZldHkmcXVvdDs6dHJ1ZSwmcXVvdDtDYW5HdWVzdENoZWNrb3V0JnF1b3Q7OmZhbHNlLCZxdW90O0Rpc2FsbG93UXVhbnRpdHlDaGFuZ2UmcXVvdDs6ZmFsc2UsJnF1b3Q7RGlzYWxsb3dFZGl0SW5DYXJ0JnF1b3Q7OmZhbHNlLCZxdW90O1Jlc291cmNlUHJlZml4JnF1b3Q7OiZxdW90OyZxdW90OywmcXVvdDtQcm9kdWN0aW9uT3JkZXJHcm91cCZxdW90OzpudWxsLCZxdW90O1Nwc2MmcXVvdDs6JnF1b3Q7JnF1b3Q7LCZxdW90O0VDbGFzcyZxdW90OzomcXVvdDsmcXVvdDssJnF1b3Q7SWQmcXVvdDs6MjcsJnF1b3Q7SXNIYXJkRGVsZXRlZCZxdW90OzpmYWxzZX0seyZxdW90OyRpZCZxdW90OzomcXVvdDsxMiZxdW90OywmcXVvdDtCdXNpbmVzc1VuaXQmcXVvdDs6eyZxdW90OyRpZCZxdW90OzomcXVvdDsxMyZxdW90OywmcXVvdDtCdUljb24mcXVvdDs6JnF1b3Q7L2ltYWdlcy91c2VyY29udHJvbHMvaWNvbnMvYnUvb2xpZ29fc21hbGwuZ2lmJnF1b3Q7LCZxdW90O0J1S2V5JnF1b3Q7OiZxdW90O09saWdvcyZxdW90OywmcXVvdDtCdU5hbWUmcXVvdDs6JnF1b3Q7RE5BICZhbXA7IFJOQSBPbGlnb251Y2xlb3RpZGVzJnF1b3Q7LCZxdW90O0J1c2luZXNzVW5pdEVudW0mcXVvdDs6MSwmcXVvdDtEaXN0cmlidXRvclJlc3BvbnNpYmlsaXRpZXMmcXVvdDs6bnVsbCwmcXVvdDtIYXNMaW1zU3lzdGVtJnF1b3Q7OmZhbHNlLCZxdW90O0luc3RhbmNlU3RhdHVzRW51bSZxdW90OzowLCZxdW90O1NhbGVzSXRlbVR5cGVzJnF1b3Q7Om51bGwsJnF1b3Q7U2l0ZSZxdW90OzpudWxsLCZxdW90O1ZlcnNpb24mcXVvdDs6MSwmcXVvdDtCdVByb2R1Y3Rpb25EZXRhaWxzVXJsJnF1b3Q7Om51bGwsJnF1b3Q7SWQmcXVvdDs6MSwmcXVvdDtJc0hhcmREZWxldGVkJnF1b3Q7OmZhbHNlfSwmcXVvdDtQcm9kdWN0Q2F0ZWdvcnlFbnVtJnF1b3Q7OjEsJnF1b3Q7T3JkZXJXaXphcmRUeXBlRW51bSZxdW90OzozLCZxdW90O0luc3RhbmNlU3RhdHVzRW51bSZxdW90OzowLCZxdW90O0Nhbk9yZGVyV2hlbk5vUHJpY2UmcXVvdDs6dHJ1ZSwmcXVvdDtDYW5RdW90ZVdoZW5Ob1ByaWNlJnF1b3Q7OmZhbHNlLCZxdW90O0NhblF1b3RlV2l0aFByaWNlJnF1b3Q7OmZhbHNlLCZxdW90O0NhblNoaXBPbkRyeUljZSZxdW90OzpmYWxzZSwmcXVvdDtDb250cm9sUGF0aCZxdW90OzomcXVvdDt+XFx1c2VyY29udHJvbHNcXENvcmVcXENvbnRhaW5lclxcT3JkZXJpbmdcXE9saWdvc1xcU2VtaUN1c3RvbWlzZWRJblR1YmVzLmFzY3gmcXVvdDssJnF1b3Q7SXNTdGFuZEFsb25lSXRlbSZxdW90OzpmYWxzZSwmcXVvdDtOYW1lJnF1b3Q7OiZxdW90O0Nsb25pbmcgT2xpZ28mcXVvdDssJnF1b3Q7T3JkZXJpbmdQYWdlUGF0aCZxdW90OzomcXVvdDtpbnRMaW5rU0lUX0Nsb25pbmdPbGlnbyZxdW90OywmcXVvdDtSZXF1aXJlUGh5c2ljYWxTaGlwbWVudCZxdW90Ozp0cnVlLCZxdW90O1NpdEtleSZxdW90OzomcXVvdDtDbG9uaW5nT2xpZ28mcXVvdDssJnF1b3Q7VmVyc2lvbiZxdW90Ozo0LCZxdW90O1dhaXRGb3JDYW5jZWxsYXRpb25QZXJpb2QmcXVvdDs6MzAsJnF1b3Q7WHNkUGF0aCZxdW90OzomcXVvdDtodHRwczovL3NlcnZpY2VzLmV1cm9maW5zZ2Vub21pY3MuY29tL1NjaGVtYXMvRWNvbS9QU0QvT2xpZ29WNC4xLnhzZCZxdW90OywmcXVvdDtOZWVkc0Jpb1NhZmV0eSZxdW90Ozp0cnVlLCZxdW90O0Nhbkd1ZXN0Q2hlY2tvdXQmcXVvdDs6ZmFsc2UsJnF1b3Q7RGlzYWxsb3dRdWFudGl0eUNoYW5nZSZxdW90OzpmYWxzZSwmcXVvdDtEaXNhbGxvd0VkaXRJbkNhcnQmcXVvdDs6dHJ1ZSwmcXVvdDtSZXNvdXJjZVByZWZpeCZxdW90OzomcXVvdDsmcXVvdDssJnF1b3Q7UHJvZHVjdGlvbk9yZGVyR3JvdXAmcXVvdDs6bnVsbCwmcXVvdDtTcHNjJnF1b3Q7OiZxdW90OyZxdW90OywmcXVvdDtFQ2xhc3MmcXVvdDs6JnF1b3Q7JnF1b3Q7LCZxdW90O0lkJnF1b3Q7OjYsJnF1b3Q7SXNIYXJkRGVsZXRlZCZxdW90OzpmYWxzZX0seyZxdW90OyRpZCZxdW90OzomcXVvdDsxNCZxdW90OywmcXVvdDtCdXNpbmVzc1VuaXQmcXVvdDs6eyZxdW90OyRpZCZxdW90OzomcXVvdDsxNSZxdW90OywmcXVvdDtCdUljb24mcXVvdDs6JnF1b3Q7L2ltYWdlcy91c2VyY29udHJvbHMvaWNvbnMvYnUvbW9sYmlvbF9zbWFsbC5naWYmcXVvdDssJnF1b3Q7QnVLZXkmcXVvdDs6JnF1b3Q7R1NZJnF1b3Q7LCZxdW90O0J1TmFtZSZxdW90OzomcXVvdDtNb2xlY3VsYXIgQmlvbG9neSZxdW90OywmcXVvdDtCdXNpbmVzc1VuaXRFbnVtJnF1b3Q7OjUsJnF1b3Q7RGlzdHJpYnV0b3JSZXNwb25zaWJpbGl0aWVzJnF1b3Q7Om51bGwsJnF1b3Q7SGFzTGltc1N5c3RlbSZxdW90OzpmYWxzZSwmcXVvdDtJbnN0YW5jZVN0YXR1c0VudW0mcXVvdDs6MCwmcXVvdDtTYWxlc0l0ZW1UeXBlcyZxdW90OzpudWxsLCZxdW90O1NpdGUmcXVvdDs6bnVsbCwmcXVvdDtWZXJzaW9uJnF1b3Q7OjAsJnF1b3Q7QnVQcm9kdWN0aW9uRGV0YWlsc1VybCZxdW90OzpudWxsLCZxdW90O0lkJnF1b3Q7OjUsJnF1b3Q7SXNIYXJkRGVsZXRlZCZxdW90OzpmYWxzZX0sJnF1b3Q7UHJvZHVjdENhdGVnb3J5RW51bSZxdW90OzoxLCZxdW90O09yZGVyV2l6YXJkVHlwZUVudW0mcXVvdDs6MjEsJnF1b3Q7SW5zdGFuY2VTdGF0dXNFbnVtJnF1b3Q7OjAsJnF1b3Q7Q2FuT3JkZXJXaGVuTm9QcmljZSZxdW90Ozp0cnVlLCZxdW90O0NhblF1b3RlV2hlbk5vUHJpY2UmcXVvdDs6dHJ1ZSwmcXVvdDtDYW5RdW90ZVdpdGhQcmljZSZxdW90Ozp0cnVlLCZxdW90O0NhblNoaXBPbkRyeUljZSZxdW90Ozp0cnVlLCZxdW90O0NvbnRyb2xQYXRoJnF1b3Q7OiZxdW90O35cXHVzZXJjb250cm9sc1xcQ29yZVxcTW9sZWN1bGFyQmlvbG9neVxcdWNNb2xlY3VsYXJCaW9sb2d5U2VydmljZXMuYXNjeCZxdW90OywmcXVvdDtJc1N0YW5kQWxvbmVJdGVtJnF1b3Q7OmZhbHNlLCZxdW90O05hbWUmcXVvdDs6JnF1b3Q7Q2xvbmluZ1NlcnZpY2UmcXVvdDssJnF1b3Q7T3JkZXJpbmdQYWdlUGF0aCZxdW90OzomcXVvdDtpbnRMaW5rU0lUX0Nsb25pbmdTZXJ2aWNlJnF1b3Q7LCZxdW90O1JlcXVpcmVQaHlzaWNhbFNoaXBtZW50JnF1b3Q7OmZhbHNlLCZxdW90O1NpdEtleSZxdW90OzomcXVvdDtDbG9uaW5nU2VydmljZSZxdW90OywmcXVvdDtWZXJzaW9uJnF1b3Q7OjIsJnF1b3Q7V2FpdEZvckNhbmNlbGxhdGlvblBlcmlvZCZxdW90OzowLCZxdW90O1hzZFBhdGgmcXVvdDs6JnF1b3Q7aHR0cHM6Ly9zZXJ2aWNlcy5ldXJvZmluc2dlbm9taWNzLmNvbS9TY2hlbWFzL0Vjb20vUFNEL01vbEJpb2xTZXJ2aWNlc1YxLjIueHNkJnF1b3Q7LCZxdW90O05lZWRzQmlvU2FmZXR5JnF1b3Q7OmZhbHNlLCZxdW90O0Nhbkd1ZXN0Q2hlY2tvdXQmcXVvdDs6ZmFsc2UsJnF1b3Q7RGlzYWxsb3dRdWFudGl0eUNoYW5nZSZxdW90OzpmYWxzZSwmcXVvdDtEaXNhbGxvd0VkaXRJbkNhcnQmcXVvdDs6ZmFsc2UsJnF1b3Q7UmVzb3VyY2VQcmVmaXgmcXVvdDs6bnVsbCwmcXVvdDtQcm9kdWN0aW9uT3JkZXJHcm91cCZxdW90OzpudWxsLCZxdW90O1Nwc2MmcXVvdDs6bnVsbCwmcXVvdDtFQ2xhc3MmcXVvdDs6bnVsbCwmcXVvdDtJZCZxdW90Ozo3MSwmcXVvdDtJc0hhcmREZWxldGVkJnF1b3Q7OmZhbHNlfSx7JnF1b3Q7JGlkJnF1b3Q7OiZxdW90OzE2JnF1b3Q7LCZxdW90O0J1c2luZXNzVW5pdCZxdW90Ozp7JnF1b3Q7JGlkJnF1b3Q7OiZxdW90OzE3JnF1b3Q7LCZxdW90O0J1SWNvbiZxdW90OzomcXVvdDsvaW1hZ2VzL3VzZXJjb250cm9scy9pY29ucy9idS9zZXFfc21hbGwuZ2lmJnF1b3Q7LCZxdW90O0J1S2V5JnF1b3Q7OiZxdW90O1NFUSZxdW90OywmcXVvdDtCdU5hbWUmcXVvdDs6JnF1b3Q7Q3VzdG9tIEROQSBTZXF1ZW5jaW5nJnF1b3Q7LCZxdW90O0J1c2luZXNzVW5pdEVudW0mcXVvdDs6MiwmcXVvdDtEaXN0cmlidXRvclJlc3BvbnNpYmlsaXRpZXMmcXVvdDs6bnVsbCwmcXVvdDtIYXNMaW1zU3lzdGVtJnF1b3Q7OmZhbHNlLCZxdW90O0luc3RhbmNlU3RhdHVzRW51bSZxdW90OzowLCZxdW90O1NhbGVzSXRlbVR5cGVzJnF1b3Q7Om51bGwsJnF1b3Q7U2l0ZSZxdW90OzpudWxsLCZxdW90O1ZlcnNpb24mcXVvdDs6MSwmcXVvdDtCdVByb2R1Y3Rpb25EZXRhaWxzVXJsJnF1b3Q7Om51bGwsJnF1b3Q7SWQmcXVvdDs6MiwmcXVvdDtJc0hhcmREZWxldGVkJnF1b3Q7OmZhbHNlfSwmcXVvdDtQcm9kdWN0Q2F0ZWdvcnlFbnVtJnF1b3Q7OjAsJnF1b3Q7T3JkZXJXaXphcmRUeXBlRW51bSZxdW90Ozo4LCZxdW90O0luc3RhbmNlU3RhdHVzRW51bSZxdW90OzowLCZxdW90O0Nhbk9yZGVyV2hlbk5vUHJpY2UmcXVvdDs6dHJ1ZSwmcXVvdDtDYW5RdW90ZVdoZW5Ob1ByaWNlJnF1b3Q7OmZhbHNlLCZxdW90O0NhblF1b3RlV2l0aFByaWNlJnF1b3Q7OmZhbHNlLCZxdW90O0NhblNoaXBPbkRyeUljZSZxdW90OzpmYWxzZSwmcXVvdDtDb250cm9sUGF0aCZxdW90OzpudWxsLCZxdW90O0lzU3RhbmRBbG9uZUl0ZW0mcXVvdDs6ZmFsc2UsJnF1b3Q7TmFtZSZxdW90OzomcXVvdDtDb25zdW1hYmxlcyZxdW90OywmcXVvdDtPcmRlcmluZ1BhZ2VQYXRoJnF1b3Q7Om51bGwsJnF1b3Q7UmVxdWlyZVBoeXNpY2FsU2hpcG1lbnQmcXVvdDs6dHJ1ZSwmcXVvdDtTaXRLZXkmcXVvdDs6JnF1b3Q7Q29uc3VtYWJsZXMmcXVvdDssJnF1b3Q7VmVyc2lvbiZxdW90OzozLCZxdW90O1dhaXRGb3JDYW5jZWxsYXRpb25QZXJpb2QmcXVvdDs6MCwmcXVvdDtYc2RQYXRoJnF1b3Q7OiZxdW90O2h0dHBzOi8vc2VydmljZXMuZXVyb2ZpbnNnZW5vbWljcy5jb20vU2NoZW1hcy9FY29tL1BTRC9TZXF1ZW5jaW5nVjIuMi54c2QmcXVvdDssJnF1b3Q7TmVlZHNCaW9TYWZldHkmcXVvdDs6ZmFsc2UsJnF1b3Q7Q2FuR3Vlc3RDaGVja291dCZxdW90OzpmYWxzZSwmcXVvdDtEaXNhbGxvd1F1YW50aXR5Q2hhbmdlJnF1b3Q7OmZhbHNlLCZxdW90O0Rpc2FsbG93RWRpdEluQ2FydCZxdW90OzpmYWxzZSwmcXVvdDtSZXNvdXJjZVByZWZpeCZxdW90OzpudWxsLCZxdW90O1Byb2R1Y3Rpb25PcmRlckdyb3VwJnF1b3Q7Om51bGwsJnF1b3Q7U3BzYyZxdW90OzpudWxsLCZxdW90O0VDbGFzcyZxdW90OzpudWxsLCZxdW90O0lkJnF1b3Q7OjIzLCZxdW90O0lzSGFyZERlbGV0ZWQmcXVvdDs6ZmFsc2V9LHsmcXVvdDskaWQmcXVvdDs6JnF1b3Q7MTgmcXVvdDssJnF1b3Q7QnVzaW5lc3NVbml0JnF1b3Q7OnsmcXVvdDskaWQmcXVvdDs6JnF1b3Q7MTkmcXVvdDssJnF1b3Q7QnVJY29uJnF1b3Q7OiZxdW90Oy9pbWFnZXMvdXNlcmNvbnRyb2xzL2ljb25zL2J1L29saWdvX3NtYWxsLmdpZiZxdW90OywmcXVvdDtCdUtleSZxdW90OzomcXVvdDtPbGlnb3MmcXVvdDssJnF1b3Q7QnVOYW1lJnF1b3Q7OiZxdW90O0ROQSAmYW1wOyBSTkEgT2xpZ29udWNsZW90aWRlcyZxdW90OywmcXVvdDtCdXNpbmVzc1VuaXRFbnVtJnF1b3Q7OjEsJnF1b3Q7RGlzdHJpYnV0b3JSZXNwb25zaWJpbGl0aWVzJnF1b3Q7Om51bGwsJnF1b3Q7SGFzTGltc1N5c3RlbSZxdW90OzpmYWxzZSwmcXVvdDtJbnN0YW5jZVN0YXR1c0VudW0mcXVvdDs6MCwmcXVvdDtTYWxlc0l0ZW1UeXBlcyZxdW90OzpudWxsLCZxdW90O1NpdGUmcXVvdDs6bnVsbCwmcXVvdDtWZXJzaW9uJnF1b3Q7OjEsJnF1b3Q7QnVQcm9kdWN0aW9uRGV0YWlsc1VybCZxdW90OzpudWxsLCZxdW90O0lkJnF1b3Q7OjEsJnF1b3Q7SXNIYXJkRGVsZXRlZCZxdW90OzpmYWxzZX0sJnF1b3Q7UHJvZHVjdENhdGVnb3J5RW51bSZxdW90OzoxLCZxdW90O09yZGVyV2l6YXJkVHlwZUVudW0mcXVvdDs6NCwmcXVvdDtJbnN0YW5jZVN0YXR1c0VudW0mcXVvdDs6MCwmcXVvdDtDYW5PcmRlcldoZW5Ob1ByaWNlJnF1b3Q7OnRydWUsJnF1b3Q7Q2FuUXVvdGVXaGVuTm9QcmljZSZxdW90OzpmYWxzZSwmcXVvdDtDYW5RdW90ZVdpdGhQcmljZSZxdW90Ozp0cnVlLCZxdW90O0NhblNoaXBPbkRyeUljZSZxdW90OzpmYWxzZSwmcXVvdDtDb250cm9sUGF0aCZxdW90OzomcXVvdDt+XFx1c2VyY29udHJvbHNcXENvcmVcXENvbnRhaW5lclxcT3JkZXJpbmdcXE9saWdvc1xcRnVsbHlDdXN0b21pc2VkSW5UdWJlcy5hc2N4JnF1b3Q7LCZxdW90O0lzU3RhbmRBbG9uZUl0ZW0mcXVvdDs6ZmFsc2UsJnF1b3Q7TmFtZSZxdW90OzomcXVvdDtDdXN0b20gRE5BIE9saWdvJnF1b3Q7LCZxdW90O09yZGVyaW5nUGFnZVBhdGgmcXVvdDs6JnF1b3Q7aW50TGlua1NJVF9DdXN0b21ETkFPbGlnbyZxdW90OywmcXVvdDtSZXF1aXJlUGh5c2ljYWxTaGlwbWVudCZxdW90Ozp0cnVlLCZxdW90O1NpdEtleSZxdW90OzomcXVvdDtDdXN0b21ETkFPbGlnbyZxdW90OywmcXVvdDtWZXJzaW9uJnF1b3Q7OjEwLCZxdW90O1dhaXRGb3JDYW5jZWxsYXRpb25QZXJpb2QmcXVvdDs6MzAsJnF1b3Q7WHNkUGF0aCZxdW90OzomcXVvdDtodHRwczovL3NlcnZpY2VzLmV1cm9maW5zZ2Vub21pY3MuY29tL1NjaGVtYXMvRWNvbS9QU0QvT2xpZ29WNC4xLnhzZCZxdW90OywmcXVvdDtOZWVkc0Jpb1NhZmV0eSZxdW90Ozp0cnVlLCZxdW90O0Nhbkd1ZXN0Q2hlY2tvdXQmcXVvdDs6dHJ1ZSwmcXVvdDtEaXNhbGxvd1F1YW50aXR5Q2hhbmdlJnF1b3Q7OnRydWUsJnF1b3Q7RGlzYWxsb3dFZGl0SW5DYXJ0JnF1b3Q7OmZhbHNlLCZxdW90O1Jlc291cmNlUHJlZml4JnF1b3Q7OiZxdW90OyZxdW90OywmcXVvdDtQcm9kdWN0aW9uT3JkZXJHcm91cCZxdW90OzpudWxsLCZxdW90O1Nwc2MmcXVvdDs6JnF1b3Q7JnF1b3Q7LCZxdW90O0VDbGFzcyZxdW90OzomcXVvdDsmcXVvdDssJnF1b3Q7SWQmcXVvdDs6OSwmcXVvdDtJc0hhcmREZWxldGVkJnF1b3Q7OmZhbHNlfSx7JnF1b3Q7JGlkJnF1b3Q7OiZxdW90OzIwJnF1b3Q7LCZxdW90O0J1c2luZXNzVW5pdCZxdW90Ozp7JnF1b3Q7JGlkJnF1b3Q7OiZxdW90OzIxJnF1b3Q7LCZxdW90O0J1SWNvbiZxdW90OzomcXVvdDsvaW1hZ2VzL3VzZXJjb250cm9scy9pY29ucy9idS9vbGlnb19zbWFsbC5naWYmcXVvdDssJnF1b3Q7QnVLZXkmcXVvdDs6JnF1b3Q7T2xpZ29zJnF1b3Q7LCZxdW90O0J1TmFtZSZxdW90OzomcXVvdDtETkEgJmFtcDsgUk5BIE9saWdvbnVjbGVvdGlkZXMmcXVvdDssJnF1b3Q7QnVzaW5lc3NVbml0RW51bSZxdW90OzoxLCZxdW90O0Rpc3RyaWJ1dG9yUmVzcG9uc2liaWxpdGllcyZxdW90OzpudWxsLCZxdW90O0hhc0xpbXNTeXN0ZW0mcXVvdDs6ZmFsc2UsJnF1b3Q7SW5zdGFuY2VTdGF0dXNFbnVtJnF1b3Q7OjAsJnF1b3Q7U2FsZXNJdGVtVHlwZXMmcXVvdDs6bnVsbCwmcXVvdDtTaXRlJnF1b3Q7Om51bGwsJnF1b3Q7VmVyc2lvbiZxdW90OzoxLCZxdW90O0J1UHJvZHVjdGlvbkRldGFpbHNVcmwmcXVvdDs6bnVsbCwmcXVvdDtJZCZxdW90OzoxLCZxdW90O0lzSGFyZERlbGV0ZWQmcXVvdDs6ZmFsc2V9LCZxdW90O1Byb2R1Y3RDYXRlZ29yeUVudW0mcXVvdDs6MSwmcXVvdDtPcmRlcldpemFyZFR5cGVFbnVtJnF1b3Q7OjQsJnF1b3Q7SW5zdGFuY2VTdGF0dXNFbnVtJnF1b3Q7OjAsJnF1b3Q7Q2FuT3JkZXJXaGVuTm9QcmljZSZxdW90Ozp0cnVlLCZxdW90O0NhblF1b3RlV2hlbk5vUHJpY2UmcXVvdDs6dHJ1ZSwmcXVvdDtDYW5RdW90ZVdpdGhQcmljZSZxdW90Ozp0cnVlLCZxdW90O0NhblNoaXBPbkRyeUljZSZxdW90OzpmYWxzZSwmcXVvdDtDb250cm9sUGF0aCZxdW90OzomcXVvdDt+XFx1c2VyY29udHJvbHNcXENvcmVcXENvbnRhaW5lclxcT3JkZXJpbmdcXE9saWdvc1xcRnVsbHlDdXN0b21pc2VkSW5UdWJlcy5hc2N4JnF1b3Q7LCZxdW90O0lzU3RhbmRBbG9uZUl0ZW0mcXVvdDs6ZmFsc2UsJnF1b3Q7TmFtZSZxdW90OzomcXVvdDtDdXN0b21MTkFPbGlnb3MmcXVvdDssJnF1b3Q7T3JkZXJpbmdQYWdlUGF0aCZxdW90OzomcXVvdDtpbnRMaW5rU0lUX0N1c3RvbUxOQU9saWdvcyZxdW90OywmcXVvdDtSZXF1aXJlUGh5c2ljYWxTaGlwbWVudCZxdW90Ozp0cnVlLCZxdW90O1NpdEtleSZxdW90OzomcXVvdDtDdXN0b21MTkFPbGlnb3MmcXVvdDssJnF1b3Q7VmVyc2lvbiZxdW90OzozLCZxdW90O1dhaXRGb3JDYW5jZWxsYXRpb25QZXJpb2QmcXVvdDs6MzAsJnF1b3Q7WHNkUGF0aCZxdW90OzomcXVvdDtodHRwczovL3NlcnZpY2VzLmV1cm9maW5zZ2Vub21pY3MuY29tL1NjaGVtYXMvRWNvbS9QU0QvT2xpZ29WNC4xLnhzZCZxdW90OywmcXVvdDtOZWVkc0Jpb1NhZmV0eSZxdW90Ozp0cnVlLCZxdW90O0Nhbkd1ZXN0Q2hlY2tvdXQmcXVvdDs6dHJ1ZSwmcXVvdDtEaXNhbGxvd1F1YW50aXR5Q2hhbmdlJnF1b3Q7OnRydWUsJnF1b3Q7RGlzYWxsb3dFZGl0SW5DYXJ0JnF1b3Q7OmZhbHNlLCZxdW90O1Jlc291cmNlUHJlZml4JnF1b3Q7Om51bGwsJnF1b3Q7UHJvZHVjdGlvbk9yZGVyR3JvdXAmcXVvdDs6bnVsbCwmcXVvdDtTcHNjJnF1b3Q7Om51bGwsJnF1b3Q7RUNsYXNzJnF1b3Q7Om51bGwsJnF1b3Q7SWQmcXVvdDs6NjQsJnF1b3Q7SXNIYXJkRGVsZXRlZCZxdW90OzpmYWxzZX0seyZxdW90OyRpZCZxdW90OzomcXVvdDsyMiZxdW90OywmcXVvdDtCdXNpbmVzc1VuaXQmcXVvdDs6eyZxdW90OyRpZCZxdW90OzomcXVvdDsyMyZxdW90OywmcXVvdDtCdUljb24mcXVvdDs6JnF1b3Q7L2ltYWdlcy91c2VyY29udHJvbHMvaWNvbnMvYnUvb2xpZ29fc21hbGwuZ2lmJnF1b3Q7LCZxdW90O0J1S2V5JnF1b3Q7OiZxdW90O09saWdvcyZxdW90OywmcXVvdDtCdU5hbWUmcXVvdDs6JnF1b3Q7RE5BICZhbXA7IFJOQSBPbGlnb251Y2xlb3RpZGVzJnF1b3Q7LCZxdW90O0J1c2luZXNzVW5pdEVudW0mcXVvdDs6MSwmcXVvdDtEaXN0cmlidXRvclJlc3BvbnNpYmlsaXRpZXMmcXVvdDs6bnVsbCwmcXVvdDtIYXNMaW1zU3lzdGVtJnF1b3Q7OmZhbHNlLCZxdW90O0luc3RhbmNlU3RhdHVzRW51bSZxdW90OzowLCZxdW90O1NhbGVzSXRlbVR5cGVzJnF1b3Q7Om51bGwsJnF1b3Q7U2l0ZSZxdW90OzpudWxsLCZxdW90O1ZlcnNpb24mcXVvdDs6MSwmcXVvdDtCdVByb2R1Y3Rpb25EZXRhaWxzVXJsJnF1b3Q7Om51bGwsJnF1b3Q7SWQmcXVvdDs6MSwmcXVvdDtJc0hhcmREZWxldGVkJnF1b3Q7OmZhbHNlfSwmcXVvdDtQcm9kdWN0Q2F0ZWdvcnlFbnVtJnF1b3Q7OjEsJnF1b3Q7T3JkZXJXaXphcmRUeXBlRW51bSZxdW90Ozo1LCZxdW90O0luc3RhbmNlU3RhdHVzRW51bSZxdW90OzowLCZxdW90O0Nhbk9yZGVyV2hlbk5vUHJpY2UmcXVvdDs6dHJ1ZSwmcXVvdDtDYW5RdW90ZVdoZW5Ob1ByaWNlJnF1b3Q7OmZhbHNlLCZxdW90O0NhblF1b3RlV2l0aFByaWNlJnF1b3Q7OnRydWUsJnF1b3Q7Q2FuU2hpcE9uRHJ5SWNlJnF1b3Q7OmZhbHNlLCZxdW90O0NvbnRyb2xQYXRoJnF1b3Q7OiZxdW90O35cXHVzZXJjb250cm9sc1xcQ29yZVxcQ29udGFpbmVyXFxPcmRlcmluZ1xcT2xpZ29zXFxQbGF0ZU9saWdvcy5hc2N4JnF1b3Q7LCZxdW90O0lzU3RhbmRBbG9uZUl0ZW0mcXVvdDs6ZmFsc2UsJnF1b3Q7TmFtZSZxdW90OzomcXVvdDtDdXN0b20gUGxhdGUgT2xpZ29zJnF1b3Q7LCZxdW90O09yZGVyaW5nUGFnZVBhdGgmcXVvdDs6JnF1b3Q7aW50TGlua1NJVF9DdXN0b21QbGF0ZU9saWdvJnF1b3Q7LCZxdW90O1JlcXVpcmVQaHlzaWNhbFNoaXBtZW50JnF1b3Q7OnRydWUsJnF1b3Q7U2l0S2V5JnF1b3Q7OiZxdW90O0N1c3RvbVBsYXRlT2xpZ28mcXVvdDssJnF1b3Q7VmVyc2lvbiZxdW90Ozo0LCZxdW90O1dhaXRGb3JDYW5jZWxsYXRpb25QZXJpb2QmcXVvdDs6MzAsJnF1b3Q7WHNkUGF0aCZxdW90OzomcXVvdDtodHRwczovL3NlcnZpY2VzLmV1cm9maW5zZ2Vub21pY3MuY29tL1NjaGVtYXMvRWNvbS9QU0QvT2xpZ29WNC4xLnhzZCZxdW90OywmcXVvdDtOZWVkc0Jpb1NhZmV0eSZxdW90Ozp0cnVlLCZxdW90O0Nhbkd1ZXN0Q2hlY2tvdXQmcXVvdDs6ZmFsc2UsJnF1b3Q7RGlzYWxsb3dRdWFudGl0eUNoYW5nZSZxdW90OzpmYWxzZSwmcXVvdDtEaXNhbGxvd0VkaXRJbkNhcnQmcXVvdDs6ZmFsc2UsJnF1b3Q7UmVzb3VyY2VQcmVmaXgmcXVvdDs6JnF1b3Q7JnF1b3Q7LCZxdW90O1Byb2R1Y3Rpb25PcmRlckdyb3VwJnF1b3Q7Om51bGwsJnF1b3Q7U3BzYyZxdW90OzomcXVvdDsmcXVvdDssJnF1b3Q7RUNsYXNzJnF1b3Q7OiZxdW90OyZxdW90OywmcXVvdDtJZCZxdW90OzoxMiwmcXVvdDtJc0hhcmREZWxldGVkJnF1b3Q7OmZhbHNlfSx7JnF1b3Q7JGlkJnF1b3Q7OiZxdW90OzI0JnF1b3Q7LCZxdW90O0J1c2luZXNzVW5pdCZxdW90Ozp7JnF1b3Q7JGlkJnF1b3Q7OiZxdW90OzI1JnF1b3Q7LCZxdW90O0J1SWNvbiZxdW90OzomcXVvdDsvaW1hZ2VzL3VzZXJjb250cm9scy9pY29ucy9idS9vbGlnb19zbWFsbC5naWYmcXVvdDssJnF1b3Q7QnVLZXkmcXVvdDs6JnF1b3Q7T2xpZ29zJnF1b3Q7LCZxdW90O0J1TmFtZSZxdW90OzomcXVvdDtETkEgJmFtcDsgUk5BIE9saWdvbnVjbGVvdGlkZXMmcXVvdDssJnF1b3Q7QnVzaW5lc3NVbml0RW51bSZxdW90OzoxLCZxdW90O0Rpc3RyaWJ1dG9yUmVzcG9uc2liaWxpdGllcyZxdW90OzpudWxsLCZxdW90O0hhc0xpbXNTeXN0ZW0mcXVvdDs6ZmFsc2UsJnF1b3Q7SW5zdGFuY2VTdGF0dXNFbnVtJnF1b3Q7OjAsJnF1b3Q7U2FsZXNJdGVtVHlwZXMmcXVvdDs6bnVsbCwmcXVvdDtTaXRlJnF1b3Q7Om51bGwsJnF1b3Q7VmVyc2lvbiZxdW90OzoxLCZxdW90O0J1UHJvZHVjdGlvbkRldGFpbHNVcmwmcXVvdDs6bnVsbCwmcXVvdDtJZCZxdW90OzoxLCZxdW90O0lzSGFyZERlbGV0ZWQmcXVvdDs6ZmFsc2V9LCZxdW90O1Byb2R1Y3RDYXRlZ29yeUVudW0mcXVvdDs6MSwmcXVvdDtPcmRlcldpemFyZFR5cGVFbnVtJnF1b3Q7OjQsJnF1b3Q7SW5zdGFuY2VTdGF0dXNFbnVtJnF1b3Q7OjAsJnF1b3Q7Q2FuT3JkZXJXaGVuTm9QcmljZSZxdW90Ozp0cnVlLCZxdW90O0NhblF1b3RlV2hlbk5vUHJpY2UmcXVvdDs6dHJ1ZSwmcXVvdDtDYW5RdW90ZVdpdGhQcmljZSZxdW90Ozp0cnVlLCZxdW90O0NhblNoaXBPbkRyeUljZSZxdW90OzpmYWxzZSwmcXVvdDtDb250cm9sUGF0aCZxdW90OzomcXVvdDt+XFx1c2VyY29udHJvbHNcXENvcmVcXENvbnRhaW5lclxcT3JkZXJpbmdcXE9saWdvc1xcRnVsbHlDdXN0b21pc2VkSW5UdWJlcy5hc2N4JnF1b3Q7LCZxdW90O0lzU3RhbmRBbG9uZUl0ZW0mcXVvdDs6ZmFsc2UsJnF1b3Q7TmFtZSZxdW90OzomcXVvdDtDdXN0b20gUk5BIE9saWdvJnF1b3Q7LCZxdW90O09yZGVyaW5nUGFnZVBhdGgmcXVvdDs6JnF1b3Q7aW50TGlua1NJVF9DdXN0b21STkFPbGlnbyZxdW90OywmcXVvdDtSZXF1aXJlUGh5c2ljYWxTaGlwbWVudCZxdW90Ozp0cnVlLCZxdW90O1NpdEtleSZxdW90OzomcXVvdDtDdXN0b21STkFPbGlnbyZxdW90OywmcXVvdDtWZXJzaW9uJnF1b3Q7OjYsJnF1b3Q7V2FpdEZvckNhbmNlbGxhdGlvblBlcmlvZCZxdW90OzozMCwmcXVvdDtYc2RQYXRoJnF1b3Q7OiZxdW90O2h0dHBzOi8vc2VydmljZXMuZXVyb2ZpbnNnZW5vbWljcy5jb20vU2NoZW1hcy9FY29tL1BTRC9PbGlnb1Y0LjEueHNkJnF1b3Q7LCZxdW90O05lZWRzQmlvU2FmZXR5JnF1b3Q7OnRydWUsJnF1b3Q7Q2FuR3Vlc3RDaGVja291dCZxdW90Ozp0cnVlLCZxdW90O0Rpc2FsbG93UXVhbnRpdHlDaGFuZ2UmcXVvdDs6dHJ1ZSwmcXVvdDtEaXNhbGxvd0VkaXRJbkNhcnQmcXVvdDs6ZmFsc2UsJnF1b3Q7UmVzb3VyY2VQcmVmaXgmcXVvdDs6JnF1b3Q7JnF1b3Q7LCZxdW90O1Byb2R1Y3Rpb25PcmRlckdyb3VwJnF1b3Q7Om51bGwsJnF1b3Q7U3BzYyZxdW90OzomcXVvdDsmcXVvdDssJnF1b3Q7RUNsYXNzJnF1b3Q7OiZxdW90OyZxdW90OywmcXVvdDtJZCZxdW90OzoxMCwmcXVvdDtJc0hhcmREZWxldGVkJnF1b3Q7OmZhbHNlfSx7JnF1b3Q7JGlkJnF1b3Q7OiZxdW90OzI2JnF1b3Q7LCZxdW90O0J1c2luZXNzVW5pdCZxdW90Ozp7JnF1b3Q7JGlkJnF1b3Q7OiZxdW90OzI3JnF1b3Q7LCZxdW90O0J1SWNvbiZxdW90OzomcXVvdDsvaW1hZ2VzL3VzZXJjb250cm9scy9pY29ucy9idS9vbGlnb19zbWFsbC5naWYmcXVvdDssJnF1b3Q7QnVLZXkmcXVvdDs6JnF1b3Q7T2xpZ29zJnF1b3Q7LCZxdW90O0J1TmFtZSZxdW90OzomcXVvdDtETkEgJmFtcDsgUk5BIE9saWdvbnVjbGVvdGlkZXMmcXVvdDssJnF1b3Q7QnVzaW5lc3NVbml0RW51bSZxdW90OzoxLCZxdW90O0Rpc3RyaWJ1dG9yUmVzcG9uc2liaWxpdGllcyZxdW90OzpudWxsLCZxdW90O0hhc0xpbXNTeXN0ZW0mcXVvdDs6ZmFsc2UsJnF1b3Q7SW5zdGFuY2VTdGF0dXNFbnVtJnF1b3Q7OjAsJnF1b3Q7U2FsZXNJdGVtVHlwZXMmcXVvdDs6bnVsbCwmcXVvdDtTaXRlJnF1b3Q7Om51bGwsJnF1b3Q7VmVyc2lvbiZxdW90OzoxLCZxdW90O0J1UHJvZHVjdGlvbkRldGFpbHNVcmwmcXVvdDs6bnVsbCwmcXVvdDtJZCZxdW90OzoxLCZxdW90O0lzSGFyZERlbGV0ZWQmcXVvdDs6ZmFsc2V9LCZxdW90O1Byb2R1Y3RDYXRlZ29yeUVudW0mcXVvdDs6MSwmcXVvdDtPcmRlcldpemFyZFR5cGVFbnVtJnF1b3Q7OjEwLCZxdW90O0luc3RhbmNlU3RhdHVzRW51bSZxdW90OzowLCZxdW90O0Nhbk9yZGVyV2hlbk5vUHJpY2UmcXVvdDs6dHJ1ZSwmcXVvdDtDYW5RdW90ZVdoZW5Ob1ByaWNlJnF1b3Q7OmZhbHNlLCZxdW90O0NhblF1b3RlV2l0aFByaWNlJnF1b3Q7OnRydWUsJnF1b3Q7Q2FuU2hpcE9uRHJ5SWNlJnF1b3Q7OmZhbHNlLCZxdW90O0NvbnRyb2xQYXRoJnF1b3Q7OiZxdW90O35cXHVzZXJjb250cm9sc1xcQ29yZVxcQ29udGFpbmVyXFxPcmRlcmluZ1xcT2xpZ29zXFxjY0RvdWJsZVN0cmFuZGVkVHViZU9saWdvcy5hc2N4JnF1b3Q7LCZxdW90O0lzU3RhbmRBbG9uZUl0ZW0mcXVvdDs6ZmFsc2UsJnF1b3Q7TmFtZSZxdW90OzomcXVvdDtDdXN0b20gc2lSTkEmcXVvdDssJnF1b3Q7T3JkZXJpbmdQYWdlUGF0aCZxdW90OzomcXVvdDtpbnRMaW5rU0lUX0N1c3RvbXNpUk5BJnF1b3Q7LCZxdW90O1JlcXVpcmVQaHlzaWNhbFNoaXBtZW50JnF1b3Q7OnRydWUsJnF1b3Q7U2l0S2V5JnF1b3Q7OiZxdW90O0N1c3RvbXNpUk5BJnF1b3Q7LCZxdW90O1ZlcnNpb24mcXVvdDs6NCwmcXVvdDtXYWl0Rm9yQ2FuY2VsbGF0aW9uUGVyaW9kJnF1b3Q7OjMwLCZxdW90O1hzZFBhdGgmcXVvdDs6JnF1b3Q7aHR0cHM6Ly9zZXJ2aWNlcy5ldXJvZmluc2dlbm9taWNzLmNvbS9TY2hlbWFzL0Vjb20vUFNEL09saWdvVjQuMS54c2QmcXVvdDssJnF1b3Q7TmVlZHNCaW9TYWZldHkmcXVvdDs6dHJ1ZSwmcXVvdDtDYW5HdWVzdENoZWNrb3V0JnF1b3Q7OmZhbHNlLCZxdW90O0Rpc2FsbG93UXVhbnRpdHlDaGFuZ2UmcXVvdDs6ZmFsc2UsJnF1b3Q7RGlzYWxsb3dFZGl0SW5DYXJ0JnF1b3Q7OmZhbHNlLCZxdW90O1Jlc291cmNlUHJlZml4JnF1b3Q7OiZxdW90OyZxdW90OywmcXVvdDtQcm9kdWN0aW9uT3JkZXJHcm91cCZxdW90OzpudWxsLCZxdW90O1Nwc2MmcXVvdDs6JnF1b3Q7JnF1b3Q7LCZxdW90O0VDbGFzcyZxdW90OzomcXVvdDsmcXVvdDssJnF1b3Q7SWQmcXVvdDs6MTMsJnF1b3Q7SXNIYXJkRGVsZXRlZCZxdW90OzpmYWxzZX0seyZxdW90OyRpZCZxdW90OzomcXVvdDsyOCZxdW90OywmcXVvdDtCdXNpbmVzc1VuaXQmcXVvdDs6eyZxdW90OyRpZCZxdW90OzomcXVvdDsyOSZxdW90OywmcXVvdDtCdUljb24mcXVvdDs6JnF1b3Q7L2ltYWdlcy91c2VyY29udHJvbHMvaWNvbnMvYnUvc2VxX3NtYWxsLmdpZiZxdW90OywmcXVvdDtCdUtleSZxdW90OzomcXVvdDtTRVEmcXVvdDssJnF1b3Q7QnVOYW1lJnF1b3Q7OiZxdW90O0N1c3RvbSBETkEgU2VxdWVuY2luZyZxdW90OywmcXVvdDtCdXNpbmVzc1VuaXRFbnVtJnF1b3Q7OjIsJnF1b3Q7RGlzdHJpYnV0b3JSZXNwb25zaWJpbGl0aWVzJnF1b3Q7Om51bGwsJnF1b3Q7SGFzTGltc1N5c3RlbSZxdW90OzpmYWxzZSwmcXVvdDtJbnN0YW5jZVN0YXR1c0VudW0mcXVvdDs6MCwmcXVvdDtTYWxlc0l0ZW1UeXBlcyZxdW90OzpudWxsLCZxdW90O1NpdGUmcXVvdDs6bnVsbCwmcXVvdDtWZXJzaW9uJnF1b3Q7OjEsJnF1b3Q7QnVQcm9kdWN0aW9uRGV0YWlsc1VybCZxdW90OzpudWxsLCZxdW90O0lkJnF1b3Q7OjIsJnF1b3Q7SXNIYXJkRGVsZXRlZCZxdW90OzpmYWxzZX0sJnF1b3Q7UHJvZHVjdENhdGVnb3J5RW51bSZxdW90OzoxLCZxdW90O09yZGVyV2l6YXJkVHlwZUVudW0mcXVvdDs6MTIsJnF1b3Q7SW5zdGFuY2VTdGF0dXNFbnVtJnF1b3Q7OjAsJnF1b3Q7Q2FuT3JkZXJXaGVuTm9QcmljZSZxdW90Ozp0cnVlLCZxdW90O0NhblF1b3RlV2hlbk5vUHJpY2UmcXVvdDs6dHJ1ZSwmcXVvdDtDYW5RdW90ZVdpdGhQcmljZSZxdW90Ozp0cnVlLCZxdW90O0NhblNoaXBPbkRyeUljZSZxdW90OzpmYWxzZSwmcXVvdDtDb250cm9sUGF0aCZxdW90OzomcXVvdDt+XFx1c2VyY29udHJvbHNcXENvcmVcXENvbnRhaW5lclxcT3JkZXJpbmdcXENhdGFsb2d1ZVByb2R1Y3RzXFxDYXRhbG9ndWVQcm9kdWN0LmFzY3gmcXVvdDssJnF1b3Q7SXNTdGFuZEFsb25lSXRlbSZxdW90OzpmYWxzZSwmcXVvdDtOYW1lJnF1b3Q7OiZxdW90O0RITFNoaXBwaW5nIEtpdCZxdW90OywmcXVvdDtPcmRlcmluZ1BhZ2VQYXRoJnF1b3Q7OiZxdW90O2ludExpbmtTSVRfREhMU2hpcHBpbmdLaXQmcXVvdDssJnF1b3Q7UmVxdWlyZVBoeXNpY2FsU2hpcG1lbnQmcXVvdDs6dHJ1ZSwmcXVvdDtTaXRLZXkmcXVvdDs6JnF1b3Q7REhMU2hpcHBpbmdLaXQmcXVvdDssJnF1b3Q7VmVyc2lvbiZxdW90Ozo0LCZxdW90O1dhaXRGb3JDYW5jZWxsYXRpb25QZXJpb2QmcXVvdDs6MCwmcXVvdDtYc2RQYXRoJnF1b3Q7OiZxdW90O2h0dHBzOi8vc2VydmljZXMuZXVyb2ZpbnNnZW5vbWljcy5jb20vU2NoZW1hcy9FY29tL1BTRC9DYXRhbG9ndWVQcm9kdWN0c1YyLjMueHNkJnF1b3Q7LCZxdW90O05lZWRzQmlvU2FmZXR5JnF1b3Q7OmZhbHNlLCZxdW90O0Nhbkd1ZXN0Q2hlY2tvdXQmcXVvdDs6ZmFsc2UsJnF1b3Q7RGlzYWxsb3dRdWFudGl0eUNoYW5nZSZxdW90OzpmYWxzZSwmcXVvdDtEaXNhbGxvd0VkaXRJbkNhcnQmcXVvdDs6ZmFsc2UsJnF1b3Q7UmVzb3VyY2VQcmVmaXgmcXVvdDs6bnVsbCwmcXVvdDtQcm9kdWN0aW9uT3JkZXJHcm91cCZxdW90Ozp7JnF1b3Q7JHJlZiZxdW90OzomcXVvdDszJnF1b3Q7fSwmcXVvdDtTcHNjJnF1b3Q7Om51bGwsJnF1b3Q7RUNsYXNzJnF1b3Q7Om51bGwsJnF1b3Q7SWQmcXVvdDs6ODIsJnF1b3Q7SXNIYXJkRGVsZXRlZCZxdW90OzpmYWxzZX0seyZxdW90OyRpZCZxdW90OzomcXVvdDszMCZxdW90OywmcXVvdDtCdXNpbmVzc1VuaXQmcXVvdDs6eyZxdW90OyRpZCZxdW90OzomcXVvdDszMSZxdW90OywmcXVvdDtCdUljb24mcXVvdDs6JnF1b3Q7L2ltYWdlcy91c2VyY29udHJvbHMvaWNvbnMvYnUvZXZvX3NtYWxsLmdpZiZxdW90OywmcXVvdDtCdUtleSZxdW90OzomcXVvdDtFVk8mcXVvdDssJnF1b3Q7QnVOYW1lJnF1b3Q7OiZxdW90O0VWT2NhcmQmcXVvdDssJnF1b3Q7QnVzaW5lc3NVbml0RW51bSZxdW90Ozo2LCZxdW90O0Rpc3RyaWJ1dG9yUmVzcG9uc2liaWxpdGllcyZxdW90OzpudWxsLCZxdW90O0hhc0xpbXNTeXN0ZW0mcXVvdDs6ZmFsc2UsJnF1b3Q7SW5zdGFuY2VTdGF0dXNFbnVtJnF1b3Q7OjAsJnF1b3Q7U2FsZXNJdGVtVHlwZXMmcXVvdDs6bnVsbCwmcXVvdDtTaXRlJnF1b3Q7Om51bGwsJnF1b3Q7VmVyc2lvbiZxdW90OzoxLCZxdW90O0J1UHJvZHVjdGlvbkRldGFpbHNVcmwmcXVvdDs6bnVsbCwmcXVvdDtJZCZxdW90Ozo2LCZxdW90O0lzSGFyZERlbGV0ZWQmcXVvdDs6ZmFsc2V9LCZxdW90O1Byb2R1Y3RDYXRlZ29yeUVudW0mcXVvdDs6MSwmcXVvdDtPcmRlcldpemFyZFR5cGVFbnVtJnF1b3Q7OjEzLCZxdW90O0luc3RhbmNlU3RhdHVzRW51bSZxdW90OzowLCZxdW90O0Nhbk9yZGVyV2hlbk5vUHJpY2UmcXVvdDs6dHJ1ZSwmcXVvdDtDYW5RdW90ZVdoZW5Ob1ByaWNlJnF1b3Q7OnRydWUsJnF1b3Q7Q2FuUXVvdGVXaXRoUHJpY2UmcXVvdDs6dHJ1ZSwmcXVvdDtDYW5TaGlwT25EcnlJY2UmcXVvdDs6ZmFsc2UsJnF1b3Q7Q29udHJvbFBhdGgmcXVvdDs6JnF1b3Q7dGVzdCZxdW90OywmcXVvdDtJc1N0YW5kQWxvbmVJdGVtJnF1b3Q7OnRydWUsJnF1b3Q7TmFtZSZxdW90OzomcXVvdDtFVk9jYXJkIE9yZGVyJnF1b3Q7LCZxdW90O09yZGVyaW5nUGFnZVBhdGgmcXVvdDs6JnF1b3Q7aW50TGlua1NJVF9FVk9vcmRlciZxdW90OywmcXVvdDtSZXF1aXJlUGh5c2ljYWxTaGlwbWVudCZxdW90Ozp0cnVlLCZxdW90O1NpdEtleSZxdW90OzomcXVvdDtFVk9vcmRlciZxdW90OywmcXVvdDtWZXJzaW9uJnF1b3Q7OjQsJnF1b3Q7V2FpdEZvckNhbmNlbGxhdGlvblBlcmlvZCZxdW90OzowLCZxdW90O1hzZFBhdGgmcXVvdDs6JnF1b3Q7aHR0cHM6Ly9zZXJ2aWNlcy5ldXJvZmluc2dlbm9taWNzLmNvbS9zY2hlbWFzL0Vjb20vUFNEL0V2b0NhcmRWMS4wLnhzZCZxdW90OywmcXVvdDtOZWVkc0Jpb1NhZmV0eSZxdW90OzpmYWxzZSwmcXVvdDtDYW5HdWVzdENoZWNrb3V0JnF1b3Q7OmZhbHNlLCZxdW90O0Rpc2FsbG93UXVhbnRpdHlDaGFuZ2UmcXVvdDs6ZmFsc2UsJnF1b3Q7RGlzYWxsb3dFZGl0SW5DYXJ0JnF1b3Q7OmZhbHNlLCZxdW90O1Jlc291cmNlUHJlZml4JnF1b3Q7Om51bGwsJnF1b3Q7UHJvZHVjdGlvbk9yZGVyR3JvdXAmcXVvdDs6bnVsbCwmcXVvdDtTcHNjJnF1b3Q7Om51bGwsJnF1b3Q7RUNsYXNzJnF1b3Q7Om51bGwsJnF1b3Q7SWQmcXVvdDs6MzIsJnF1b3Q7SXNIYXJkRGVsZXRlZCZxdW90OzpmYWxzZX0seyZxdW90OyRpZCZxdW90OzomcXVvdDszMiZxdW90OywmcXVvdDtCdXNpbmVzc1VuaXQmcXVvdDs6eyZxdW90OyRpZCZxdW90OzomcXVvdDszMyZxdW90OywmcXVvdDtCdUljb24mcXVvdDs6JnF1b3Q7L2ltYWdlcy91c2VyY29udHJvbHMvaWNvbnMvYnUvZXZvX3NtYWxsLmdpZiZxdW90OywmcXVvdDtCdUtleSZxdW90OzomcXVvdDtFVk8mcXVvdDssJnF1b3Q7QnVOYW1lJnF1b3Q7OiZxdW90O0VWT2NhcmQmcXVvdDssJnF1b3Q7QnVzaW5lc3NVbml0RW51bSZxdW90Ozo2LCZxdW90O0Rpc3RyaWJ1dG9yUmVzcG9uc2liaWxpdGllcyZxdW90OzpudWxsLCZxdW90O0hhc0xpbXNTeXN0ZW0mcXVvdDs6ZmFsc2UsJnF1b3Q7SW5zdGFuY2VTdGF0dXNFbnVtJnF1b3Q7OjAsJnF1b3Q7U2FsZXNJdGVtVHlwZXMmcXVvdDs6bnVsbCwmcXVvdDtTaXRlJnF1b3Q7Om51bGwsJnF1b3Q7VmVyc2lvbiZxdW90OzoxLCZxdW90O0J1UHJvZHVjdGlvbkRldGFpbHNVcmwmcXVvdDs6bnVsbCwmcXVvdDtJZCZxdW90Ozo2LCZxdW90O0lzSGFyZERlbGV0ZWQmcXVvdDs6ZmFsc2V9LCZxdW90O1Byb2R1Y3RDYXRlZ29yeUVudW0mcXVvdDs6MSwmcXVvdDtPcmRlcldpemFyZFR5cGVFbnVtJnF1b3Q7OjE3LCZxdW90O0luc3RhbmNlU3RhdHVzRW51bSZxdW90OzowLCZxdW90O0Nhbk9yZGVyV2hlbk5vUHJpY2UmcXVvdDs6dHJ1ZSwmcXVvdDtDYW5RdW90ZVdoZW5Ob1ByaWNlJnF1b3Q7OnRydWUsJnF1b3Q7Q2FuUXVvdGVXaXRoUHJpY2UmcXVvdDs6dHJ1ZSwmcXVvdDtDYW5TaGlwT25EcnlJY2UmcXVvdDs6ZmFsc2UsJnF1b3Q7Q29udHJvbFBhdGgmcXVvdDs6JnF1b3Q7dGVzdCZxdW90OywmcXVvdDtJc1N0YW5kQWxvbmVJdGVtJnF1b3Q7OnRydWUsJnF1b3Q7TmFtZSZxdW90OzomcXVvdDtFVk9jYXJkIFJlZmlsbCZxdW90OywmcXVvdDtPcmRlcmluZ1BhZ2VQYXRoJnF1b3Q7OiZxdW90O2ludExpbmtTSVRfRVZPcmVmaWxsJnF1b3Q7LCZxdW90O1JlcXVpcmVQaHlzaWNhbFNoaXBtZW50JnF1b3Q7OmZhbHNlLCZxdW90O1NpdEtleSZxdW90OzomcXVvdDtFVk9yZWZpbGwmcXVvdDssJnF1b3Q7VmVyc2lvbiZxdW90Ozo1LCZxdW90O1dhaXRGb3JDYW5jZWxsYXRpb25QZXJpb2QmcXVvdDs6MCwmcXVvdDtYc2RQYXRoJnF1b3Q7OiZxdW90O2h0dHBzOi8vc2VydmljZXMuZXVyb2ZpbnNnZW5vbWljcy5jb20vc2NoZW1hcy9FY29tL1BTRC9Fdm9DYXJkVjEuMC54c2QmcXVvdDssJnF1b3Q7TmVlZHNCaW9TYWZldHkmcXVvdDs6ZmFsc2UsJnF1b3Q7Q2FuR3Vlc3RDaGVja291dCZxdW90OzpmYWxzZSwmcXVvdDtEaXNhbGxvd1F1YW50aXR5Q2hhbmdlJnF1b3Q7OmZhbHNlLCZxdW90O0Rpc2FsbG93RWRpdEluQ2FydCZxdW90OzpmYWxzZSwmcXVvdDtSZXNvdXJjZVByZWZpeCZxdW90OzpudWxsLCZxdW90O1Byb2R1Y3Rpb25PcmRlckdyb3VwJnF1b3Q7Om51bGwsJnF1b3Q7U3BzYyZxdW90OzpudWxsLCZxdW90O0VDbGFzcyZxdW90OzpudWxsLCZxdW90O0lkJnF1b3Q7OjU1LCZxdW90O0lzSGFyZERlbGV0ZWQmcXVvdDs6ZmFsc2V9LHsmcXVvdDskaWQmcXVvdDs6JnF1b3Q7MzQmcXVvdDssJnF1b3Q7QnVzaW5lc3NVbml0JnF1b3Q7OnsmcXVvdDskaWQmcXVvdDs6JnF1b3Q7MzUmcXVvdDssJnF1b3Q7QnVJY29uJnF1b3Q7OiZxdW90Oy9pbWFnZXMvdXNlcmNvbnRyb2xzL2ljb25zL2J1L3NlcV9zbWFsbC5naWYmcXVvdDssJnF1b3Q7QnVLZXkmcXVvdDs6JnF1b3Q7U0VRJnF1b3Q7LCZxdW90O0J1TmFtZSZxdW90OzomcXVvdDtDdXN0b20gRE5BIFNlcXVlbmNpbmcmcXVvdDssJnF1b3Q7QnVzaW5lc3NVbml0RW51bSZxdW90OzoyLCZxdW90O0Rpc3RyaWJ1dG9yUmVzcG9uc2liaWxpdGllcyZxdW90OzpudWxsLCZxdW90O0hhc0xpbXNTeXN0ZW0mcXVvdDs6ZmFsc2UsJnF1b3Q7SW5zdGFuY2VTdGF0dXNFbnVtJnF1b3Q7OjAsJnF1b3Q7U2FsZXNJdGVtVHlwZXMmcXVvdDs6bnVsbCwmcXVvdDtTaXRlJnF1b3Q7Om51bGwsJnF1b3Q7VmVyc2lvbiZxdW90OzoxLCZxdW90O0J1UHJvZHVjdGlvbkRldGFpbHNVcmwmcXVvdDs6bnVsbCwmcXVvdDtJZCZxdW90OzoyLCZxdW90O0lzSGFyZERlbGV0ZWQmcXVvdDs6ZmFsc2V9LCZxdW90O1Byb2R1Y3RDYXRlZ29yeUVudW0mcXVvdDs6MCwmcXVvdDtPcmRlcldpemFyZFR5cGVFbnVtJnF1b3Q7OjYsJnF1b3Q7SW5zdGFuY2VTdGF0dXNFbnVtJnF1b3Q7OjAsJnF1b3Q7Q2FuT3JkZXJXaGVuTm9QcmljZSZxdW90Ozp0cnVlLCZxdW90O0NhblF1b3RlV2hlbk5vUHJpY2UmcXVvdDs6ZmFsc2UsJnF1b3Q7Q2FuUXVvdGVXaXRoUHJpY2UmcXVvdDs6ZmFsc2UsJnF1b3Q7Q2FuU2hpcE9uRHJ5SWNlJnF1b3Q7OmZhbHNlLCZxdW90O0NvbnRyb2xQYXRoJnF1b3Q7Om51bGwsJnF1b3Q7SXNTdGFuZEFsb25lSXRlbSZxdW90OzpmYWxzZSwmcXVvdDtOYW1lJnF1b3Q7OiZxdW90O0V4cHJlc3MgUGxhdGUmcXVvdDssJnF1b3Q7T3JkZXJpbmdQYWdlUGF0aCZxdW90OzpudWxsLCZxdW90O1JlcXVpcmVQaHlzaWNhbFNoaXBtZW50JnF1b3Q7OnRydWUsJnF1b3Q7U2l0S2V5JnF1b3Q7OiZxdW90O0V4cHJlc3NQbGF0ZSZxdW90OywmcXVvdDtWZXJzaW9uJnF1b3Q7OjMsJnF1b3Q7V2FpdEZvckNhbmNlbGxhdGlvblBlcmlvZCZxdW90OzowLCZxdW90O1hzZFBhdGgmcXVvdDs6JnF1b3Q7aHR0cHM6Ly9zZXJ2aWNlcy5ldXJvZmluc2dlbm9taWNzLmNvbS9TY2hlbWFzL0Vjb20vUFNEL1NlcXVlbmNpbmdWMi43LnhzZCZxdW90OywmcXVvdDtOZWVkc0Jpb1NhZmV0eSZxdW90OzpmYWxzZSwmcXVvdDtDYW5HdWVzdENoZWNrb3V0JnF1b3Q7OmZhbHNlLCZxdW90O0Rpc2FsbG93UXVhbnRpdHlDaGFuZ2UmcXVvdDs6ZmFsc2UsJnF1b3Q7RGlzYWxsb3dFZGl0SW5DYXJ0JnF1b3Q7OmZhbHNlLCZxdW90O1Jlc291cmNlUHJlZml4JnF1b3Q7Om51bGwsJnF1b3Q7UHJvZHVjdGlvbk9yZGVyR3JvdXAmcXVvdDs6bnVsbCwmcXVvdDtTcHNjJnF1b3Q7Om51bGwsJnF1b3Q7RUNsYXNzJnF1b3Q7Om51bGwsJnF1b3Q7SWQmcXVvdDs6MjAsJnF1b3Q7SXNIYXJkRGVsZXRlZCZxdW90OzpmYWxzZX0seyZxdW90OyRpZCZxdW90OzomcXVvdDszNiZxdW90OywmcXVvdDtCdXNpbmVzc1VuaXQmcXVvdDs6eyZxdW90OyRpZCZxdW90OzomcXVvdDszNyZxdW90OywmcXVvdDtCdUljb24mcXVvdDs6JnF1b3Q7L2ltYWdlcy91c2VyY29udHJvbHMvaWNvbnMvYnUvc2VxX3NtYWxsLmdpZiZxdW90OywmcXVvdDtCdUtleSZxdW90OzomcXVvdDtTRVEmcXVvdDssJnF1b3Q7QnVOYW1lJnF1b3Q7OiZxdW90O0N1c3RvbSBETkEgU2VxdWVuY2luZyZxdW90OywmcXVvdDtCdXNpbmVzc1VuaXRFbnVtJnF1b3Q7OjIsJnF1b3Q7RGlzdHJpYnV0b3JSZXNwb25zaWJpbGl0aWVzJnF1b3Q7Om51bGwsJnF1b3Q7SGFzTGltc1N5c3RlbSZxdW90OzpmYWxzZSwmcXVvdDtJbnN0YW5jZVN0YXR1c0VudW0mcXVvdDs6MCwmcXVvdDtTYWxlc0l0ZW1UeXBlcyZxdW90OzpudWxsLCZxdW90O1NpdGUmcXVvdDs6bnVsbCwmcXVvdDtWZXJzaW9uJnF1b3Q7OjEsJnF1b3Q7QnVQcm9kdWN0aW9uRGV0YWlsc1VybCZxdW90OzpudWxsLCZxdW90O0lkJnF1b3Q7OjIsJnF1b3Q7SXNIYXJkRGVsZXRlZCZxdW90OzpmYWxzZX0sJnF1b3Q7UHJvZHVjdENhdGVnb3J5RW51bSZxdW90OzoxLCZxdW90O09yZGVyV2l6YXJkVHlwZUVudW0mcXVvdDs6MTIsJnF1b3Q7SW5zdGFuY2VTdGF0dXNFbnVtJnF1b3Q7OjAsJnF1b3Q7Q2FuT3JkZXJXaGVuTm9QcmljZSZxdW90Ozp0cnVlLCZxdW90O0NhblF1b3RlV2hlbk5vUHJpY2UmcXVvdDs6ZmFsc2UsJnF1b3Q7Q2FuUXVvdGVXaXRoUHJpY2UmcXVvdDs6ZmFsc2UsJnF1b3Q7Q2FuU2hpcE9uRHJ5SWNlJnF1b3Q7OmZhbHNlLCZxdW90O0NvbnRyb2xQYXRoJnF1b3Q7OiZxdW90O35cXHVzZXJjb250cm9sc1xcQ29yZVxcQ29udGFpbmVyXFxPcmRlcmluZ1xcQ2F0YWxvZ3VlUHJvZHVjdHNcXENhdGFsb2d1ZVByb2R1Y3QuYXNjeCZxdW90OywmcXVvdDtJc1N0YW5kQWxvbmVJdGVtJnF1b3Q7OmZhbHNlLCZxdW90O05hbWUmcXVvdDs6JnF1b3Q7RmxleFBhY2smcXVvdDssJnF1b3Q7T3JkZXJpbmdQYWdlUGF0aCZxdW90OzomcXVvdDtpbnRMaW5rU0lUX0ZsZXhQYWNrJnF1b3Q7LCZxdW90O1JlcXVpcmVQaHlzaWNhbFNoaXBtZW50JnF1b3Q7OnRydWUsJnF1b3Q7U2l0S2V5JnF1b3Q7OiZxdW90O0ZsZXhQYWNrJnF1b3Q7LCZxdW90O1ZlcnNpb24mcXVvdDs6MiwmcXVvdDtXYWl0Rm9yQ2FuY2VsbGF0aW9uUGVyaW9kJnF1b3Q7OjAsJnF1b3Q7WHNkUGF0aCZxdW90OzomcXVvdDtodHRwczovL3NlcnZpY2VzLmV1cm9maW5zZ2Vub21pY3MuY29tL1NjaGVtYXMvRWNvbS9QU0QvQ2F0YWxvZ3VlUHJvZHVjdHNWMi4yLnhzZCZxdW90OywmcXVvdDtOZWVkc0Jpb1NhZmV0eSZxdW90Ozp0cnVlLCZxdW90O0Nhbkd1ZXN0Q2hlY2tvdXQmcXVvdDs6dHJ1ZSwmcXVvdDtEaXNhbGxvd1F1YW50aXR5Q2hhbmdlJnF1b3Q7OmZhbHNlLCZxdW90O0Rpc2FsbG93RWRpdEluQ2FydCZxdW90OzpmYWxzZSwmcXVvdDtSZXNvdXJjZVByZWZpeCZxdW90OzpudWxsLCZxdW90O1Byb2R1Y3Rpb25PcmRlckdyb3VwJnF1b3Q7OnsmcXVvdDskcmVmJnF1b3Q7OiZxdW90OzMmcXVvdDt9LCZxdW90O1Nwc2MmcXVvdDs6bnVsbCwmcXVvdDtFQ2xhc3MmcXVvdDs6bnVsbCwmcXVvdDtJZCZxdW90Ozo4MywmcXVvdDtJc0hhcmREZWxldGVkJnF1b3Q7OmZhbHNlfSx7JnF1b3Q7JGlkJnF1b3Q7OiZxdW90OzM4JnF1b3Q7LCZxdW90O0J1c2luZXNzVW5pdCZxdW90Ozp7JnF1b3Q7JGlkJnF1b3Q7OiZxdW90OzM5JnF1b3Q7LCZxdW90O0J1SWNvbiZxdW90OzomcXVvdDsvaW1hZ2VzL3VzZXJjb250cm9scy9pY29ucy9idS9zZXFfc21hbGwuZ2lmJnF1b3Q7LCZxdW90O0J1S2V5JnF1b3Q7OiZxdW90O1NFUSZxdW90OywmcXVvdDtCdU5hbWUmcXVvdDs6JnF1b3Q7Q3VzdG9tIEROQSBTZXF1ZW5jaW5nJnF1b3Q7LCZxdW90O0J1c2luZXNzVW5pdEVudW0mcXVvdDs6MiwmcXVvdDtEaXN0cmlidXRvclJlc3BvbnNpYmlsaXRpZXMmcXVvdDs6bnVsbCwmcXVvdDtIYXNMaW1zU3lzdGVtJnF1b3Q7OmZhbHNlLCZxdW90O0luc3RhbmNlU3RhdHVzRW51bSZxdW90OzowLCZxdW90O1NhbGVzSXRlbVR5cGVzJnF1b3Q7Om51bGwsJnF1b3Q7U2l0ZSZxdW90OzpudWxsLCZxdW90O1ZlcnNpb24mcXVvdDs6MSwmcXVvdDtCdVByb2R1Y3Rpb25EZXRhaWxzVXJsJnF1b3Q7Om51bGwsJnF1b3Q7SWQmcXVvdDs6MiwmcXVvdDtJc0hhcmREZWxldGVkJnF1b3Q7OmZhbHNlfSwmcXVvdDtQcm9kdWN0Q2F0ZWdvcnlFbnVtJnF1b3Q7OjEsJnF1b3Q7T3JkZXJXaXphcmRUeXBlRW51bSZxdW90OzoxMiwmcXVvdDtJbnN0YW5jZVN0YXR1c0VudW0mcXVvdDs6MCwmcXVvdDtDYW5PcmRlcldoZW5Ob1ByaWNlJnF1b3Q7OnRydWUsJnF1b3Q7Q2FuUXVvdGVXaGVuTm9QcmljZSZxdW90OzpmYWxzZSwmcXVvdDtDYW5RdW90ZVdpdGhQcmljZSZxdW90OzpmYWxzZSwmcXVvdDtDYW5TaGlwT25EcnlJY2UmcXVvdDs6ZmFsc2UsJnF1b3Q7Q29udHJvbFBhdGgmcXVvdDs6JnF1b3Q7flxcdXNlcmNvbnRyb2xzXFxDb3JlXFxDb250YWluZXJcXE9yZGVyaW5nXFxDYXRhbG9ndWVQcm9kdWN0c1xcQ2F0YWxvZ3VlUHJvZHVjdC5hc2N4JnF1b3Q7LCZxdW90O0lzU3RhbmRBbG9uZUl0ZW0mcXVvdDs6ZmFsc2UsJnF1b3Q7TmFtZSZxdW90OzomcXVvdDtGb2xkaW5nS2l0JnF1b3Q7LCZxdW90O09yZGVyaW5nUGFnZVBhdGgmcXVvdDs6JnF1b3Q7aW50TGlua1NJVF9Gb2xkaW5nS2l0JnF1b3Q7LCZxdW90O1JlcXVpcmVQaHlzaWNhbFNoaXBtZW50JnF1b3Q7OnRydWUsJnF1b3Q7U2l0S2V5JnF1b3Q7OiZxdW90O0ZvbGRpbmdLaXQmcXVvdDssJnF1b3Q7VmVyc2lvbiZxdW90OzoyLCZxdW90O1dhaXRGb3JDYW5jZWxsYXRpb25QZXJpb2QmcXVvdDs6MCwmcXVvdDtYc2RQYXRoJnF1b3Q7OiZxdW90O2h0dHBzOi8vc2VydmljZXMuZXVyb2ZpbnNnZW5vbWljcy5jb20vU2NoZW1hcy9FY29tL1BTRC9DYXRhbG9ndWVQcm9kdWN0c1YyLjIueHNkJnF1b3Q7LCZxdW90O05lZWRzQmlvU2FmZXR5JnF1b3Q7OmZhbHNlLCZxdW90O0Nhbkd1ZXN0Q2hlY2tvdXQmcXVvdDs6ZmFsc2UsJnF1b3Q7RGlzYWxsb3dRdWFudGl0eUNoYW5nZSZxdW90OzpmYWxzZSwmcXVvdDtEaXNhbGxvd0VkaXRJbkNhcnQmcXVvdDs6ZmFsc2UsJnF1b3Q7UmVzb3VyY2VQcmVmaXgmcXVvdDs6bnVsbCwmcXVvdDtQcm9kdWN0aW9uT3JkZXJHcm91cCZxdW90Ozp7JnF1b3Q7JHJlZiZxdW90OzomcXVvdDszJnF1b3Q7fSwmcXVvdDtTcHNjJnF1b3Q7Om51bGwsJnF1b3Q7RUNsYXNzJnF1b3Q7Om51bGwsJnF1b3Q7SWQmcXVvdDs6ODQsJnF1b3Q7SXNIYXJkRGVsZXRlZCZxdW90OzpmYWxzZX0seyZxdW90OyRpZCZxdW90OzomcXVvdDs0MCZxdW90OywmcXVvdDtCdXNpbmVzc1VuaXQmcXVvdDs6eyZxdW90OyRpZCZxdW90OzomcXVvdDs0MSZxdW90OywmcXVvdDtCdUljb24mcXVvdDs6JnF1b3Q7L2ltYWdlcy91c2VyY29udHJvbHMvaWNvbnMvYnUvc2VxX3NtYWxsLmdpZiZxdW90OywmcXVvdDtCdUtleSZxdW90OzomcXVvdDtTRVEmcXVvdDssJnF1b3Q7QnVOYW1lJnF1b3Q7OiZxdW90O0N1c3RvbSBETkEgU2VxdWVuY2luZyZxdW90OywmcXVvdDtCdXNpbmVzc1VuaXRFbnVtJnF1b3Q7OjIsJnF1b3Q7RGlzdHJpYnV0b3JSZXNwb25zaWJpbGl0aWVzJnF1b3Q7Om51bGwsJnF1b3Q7SGFzTGltc1N5c3RlbSZxdW90OzpmYWxzZSwmcXVvdDtJbnN0YW5jZVN0YXR1c0VudW0mcXVvdDs6MCwmcXVvdDtTYWxlc0l0ZW1UeXBlcyZxdW90OzpudWxsLCZxdW90O1NpdGUmcXVvdDs6bnVsbCwmcXVvdDtWZXJzaW9uJnF1b3Q7OjEsJnF1b3Q7QnVQcm9kdWN0aW9uRGV0YWlsc1VybCZxdW90OzpudWxsLCZxdW90O0lkJnF1b3Q7OjIsJnF1b3Q7SXNIYXJkRGVsZXRlZCZxdW90OzpmYWxzZX0sJnF1b3Q7UHJvZHVjdENhdGVnb3J5RW51bSZxdW90OzoxLCZxdW90O09yZGVyV2l6YXJkVHlwZUVudW0mcXVvdDs6MTIsJnF1b3Q7SW5zdGFuY2VTdGF0dXNFbnVtJnF1b3Q7OjAsJnF1b3Q7Q2FuT3JkZXJXaGVuTm9QcmljZSZxdW90Ozp0cnVlLCZxdW90O0NhblF1b3RlV2hlbk5vUHJpY2UmcXVvdDs6ZmFsc2UsJnF1b3Q7Q2FuUXVvdGVXaXRoUHJpY2UmcXVvdDs6ZmFsc2UsJnF1b3Q7Q2FuU2hpcE9uRHJ5SWNlJnF1b3Q7OmZhbHNlLCZxdW90O0NvbnRyb2xQYXRoJnF1b3Q7OiZxdW90O35cXHVzZXJjb250cm9sc1xcQ29yZVxcQ29udGFpbmVyXFxPcmRlcmluZ1xcQ2F0YWxvZ3VlUHJvZHVjdHNcXENhdGFsb2d1ZVByb2R1Y3QuYXNjeCZxdW90OywmcXVvdDtJc1N0YW5kQWxvbmVJdGVtJnF1b3Q7OmZhbHNlLCZxdW90O05hbWUmcXVvdDs6JnF1b3Q7RnJlZSBCYXJjb2RlIExhYmVscyZxdW90OywmcXVvdDtPcmRlcmluZ1BhZ2VQYXRoJnF1b3Q7OiZxdW90O2ludExpbmtTSVRfRnJlZUJhcmNvZGVzJnF1b3Q7LCZxdW90O1JlcXVpcmVQaHlzaWNhbFNoaXBtZW50JnF1b3Q7OnRydWUsJnF1b3Q7U2l0S2V5JnF1b3Q7OiZxdW90O0ZyZWVCYXJjb2RlcyZxdW90OywmcXVvdDtWZXJzaW9uJnF1b3Q7OjUsJnF1b3Q7V2FpdEZvckNhbmNlbGxhdGlvblBlcmlvZCZxdW90OzowLCZxdW90O1hzZFBhdGgmcXVvdDs6JnF1b3Q7aHR0cHM6Ly9zZXJ2aWNlcy5ldXJvZmluc2dlbm9taWNzLmNvbS9TY2hlbWFzL0Vjb20vUFNEL0NhdGFsb2d1ZVByb2R1Y3RzVjIuMi54c2QmcXVvdDssJnF1b3Q7TmVlZHNCaW9TYWZldHkmcXVvdDs6ZmFsc2UsJnF1b3Q7Q2FuR3Vlc3RDaGVja291dCZxdW90OzpmYWxzZSwmcXVvdDtEaXNhbGxvd1F1YW50aXR5Q2hhbmdlJnF1b3Q7OmZhbHNlLCZxdW90O0Rpc2FsbG93RWRpdEluQ2FydCZxdW90Ozp0cnVlLCZxdW90O1Jlc291cmNlUHJlZml4JnF1b3Q7OiZxdW90OyZxdW90OywmcXVvdDtQcm9kdWN0aW9uT3JkZXJHcm91cCZxdW90Ozp7JnF1b3Q7JHJlZiZxdW90OzomcXVvdDszJnF1b3Q7fSwmcXVvdDtTcHNjJnF1b3Q7OiZxdW90OyZxdW90OywmcXVvdDtFQ2xhc3MmcXVvdDs6JnF1b3Q7JnF1b3Q7LCZxdW90O0lkJnF1b3Q7OjQxLCZxdW90O0lzSGFyZERlbGV0ZWQmcXVvdDs6ZmFsc2V9LHsmcXVvdDskaWQmcXVvdDs6JnF1b3Q7NDImcXVvdDssJnF1b3Q7QnVzaW5lc3NVbml0JnF1b3Q7OnsmcXVvdDskaWQmcXVvdDs6JnF1b3Q7NDMmcXVvdDssJnF1b3Q7QnVJY29uJnF1b3Q7OiZxdW90Oy9pbWFnZXMvdXNlcmNvbnRyb2xzL2ljb25zL2J1L3NlcV9zbWFsbC5naWYmcXVvdDssJnF1b3Q7QnVLZXkmcXVvdDs6JnF1b3Q7U0VRJnF1b3Q7LCZxdW90O0J1TmFtZSZxdW90OzomcXVvdDtDdXN0b20gRE5BIFNlcXVlbmNpbmcmcXVvdDssJnF1b3Q7QnVzaW5lc3NVbml0RW51bSZxdW90OzoyLCZxdW90O0Rpc3RyaWJ1dG9yUmVzcG9uc2liaWxpdGllcyZxdW90OzpudWxsLCZxdW90O0hhc0xpbXNTeXN0ZW0mcXVvdDs6ZmFsc2UsJnF1b3Q7SW5zdGFuY2VTdGF0dXNFbnVtJnF1b3Q7OjAsJnF1b3Q7U2FsZXNJdGVtVHlwZXMmcXVvdDs6bnVsbCwmcXVvdDtTaXRlJnF1b3Q7Om51bGwsJnF1b3Q7VmVyc2lvbiZxdW90OzoxLCZxdW90O0J1UHJvZHVjdGlvbkRldGFpbHNVcmwmcXVvdDs6bnVsbCwmcXVvdDtJZCZxdW90OzoyLCZxdW90O0lzSGFyZERlbGV0ZWQmcXVvdDs6ZmFsc2V9LCZxdW90O1Byb2R1Y3RDYXRlZ29yeUVudW0mcXVvdDs6MSwmcXVvdDtPcmRlcldpemFyZFR5cGVFbnVtJnF1b3Q7OjEyLCZxdW90O0luc3RhbmNlU3RhdHVzRW51bSZxdW90OzowLCZxdW90O0Nhbk9yZGVyV2hlbk5vUHJpY2UmcXVvdDs6dHJ1ZSwmcXVvdDtDYW5RdW90ZVdoZW5Ob1ByaWNlJnF1b3Q7OmZhbHNlLCZxdW90O0NhblF1b3RlV2l0aFByaWNlJnF1b3Q7OmZhbHNlLCZxdW90O0NhblNoaXBPbkRyeUljZSZxdW90OzpmYWxzZSwmcXVvdDtDb250cm9sUGF0aCZxdW90OzomcXVvdDt+XFx1c2VyY29udHJvbHNcXENvcmVcXENvbnRhaW5lclxcT3JkZXJpbmdcXENhdGFsb2d1ZVByb2R1Y3RzXFxDYXRhbG9ndWVQcm9kdWN0LmFzY3gmcXVvdDssJnF1b3Q7SXNTdGFuZEFsb25lSXRlbSZxdW90OzpmYWxzZSwmcXVvdDtOYW1lJnF1b3Q7OiZxdW90O0ZyZWUgU2FtcGxlIEJhZyZxdW90OywmcXVvdDtPcmRlcmluZ1BhZ2VQYXRoJnF1b3Q7OiZxdW90O2ludExpbmtTSVRfRnJlZVNhbXBsZUJhZyZxdW90OywmcXVvdDtSZXF1aXJlUGh5c2ljYWxTaGlwbWVudCZxdW90Ozp0cnVlLCZxdW90O1NpdEtleSZxdW90OzomcXVvdDtGcmVlU2FtcGxlQmFnJnF1b3Q7LCZxdW90O1ZlcnNpb24mcXVvdDs6MywmcXVvdDtXYWl0Rm9yQ2FuY2VsbGF0aW9uUGVyaW9kJnF1b3Q7OjAsJnF1b3Q7WHNkUGF0aCZxdW90OzomcXVvdDtodHRwczovL3NlcnZpY2VzLmV1cm9maW5zZ2Vub21pY3MuY29tL1NjaGVtYXMvRWNvbS9QU0QvQ2F0YWxvZ3VlUHJvZHVjdHNWMi4yLnhzZCZxdW90OywmcXVvdDtOZWVkc0Jpb1NhZmV0eSZxdW90OzpmYWxzZSwmcXVvdDtDYW5HdWVzdENoZWNrb3V0JnF1b3Q7OmZhbHNlLCZxdW90O0Rpc2FsbG93UXVhbnRpdHlDaGFuZ2UmcXVvdDs6ZmFsc2UsJnF1b3Q7RGlzYWxsb3dFZGl0SW5DYXJ0JnF1b3Q7OmZhbHNlLCZxdW90O1Jlc291cmNlUHJlZml4JnF1b3Q7Om51bGwsJnF1b3Q7UHJvZHVjdGlvbk9yZGVyR3JvdXAmcXVvdDs6eyZxdW90OyRyZWYmcXVvdDs6JnF1b3Q7MyZxdW90O30sJnF1b3Q7U3BzYyZxdW90OzpudWxsLCZxdW90O0VDbGFzcyZxdW90OzpudWxsLCZxdW90O0lkJnF1b3Q7OjQ1LCZxdW90O0lzSGFyZERlbGV0ZWQmcXVvdDs6ZmFsc2V9LHsmcXVvdDskaWQmcXVvdDs6JnF1b3Q7NDQmcXVvdDssJnF1b3Q7QnVzaW5lc3NVbml0JnF1b3Q7OnsmcXVvdDskaWQmcXVvdDs6JnF1b3Q7NDUmcXVvdDssJnF1b3Q7QnVJY29uJnF1b3Q7OiZxdW90Oy9pbWFnZXMvdXNlcmNvbnRyb2xzL2ljb25zL2J1L21vbGJpb2xfc21hbGwuZ2lmJnF1b3Q7LCZxdW90O0J1S2V5JnF1b3Q7OiZxdW90O0dTWSZxdW90OywmcXVvdDtCdU5hbWUmcXVvdDs6JnF1b3Q7TW9sZWN1bGFyIEJpb2xvZ3kmcXVvdDssJnF1b3Q7QnVzaW5lc3NVbml0RW51bSZxdW90Ozo1LCZxdW90O0Rpc3RyaWJ1dG9yUmVzcG9uc2liaWxpdGllcyZxdW90OzpudWxsLCZxdW90O0hhc0xpbXNTeXN0ZW0mcXVvdDs6ZmFsc2UsJnF1b3Q7SW5zdGFuY2VTdGF0dXNFbnVtJnF1b3Q7OjAsJnF1b3Q7U2FsZXNJdGVtVHlwZXMmcXVvdDs6bnVsbCwmcXVvdDtTaXRlJnF1b3Q7Om51bGwsJnF1b3Q7VmVyc2lvbiZxdW90OzowLCZxdW90O0J1UHJvZHVjdGlvbkRldGFpbHNVcmwmcXVvdDs6bnVsbCwmcXVvdDtJZCZxdW90Ozo1LCZxdW90O0lzSGFyZERlbGV0ZWQmcXVvdDs6ZmFsc2V9LCZxdW90O1Byb2R1Y3RDYXRlZ29yeUVudW0mcXVvdDs6MSwmcXVvdDtPcmRlcldpemFyZFR5cGVFbnVtJnF1b3Q7OjE1LCZxdW90O0luc3RhbmNlU3RhdHVzRW51bSZxdW90OzowLCZxdW90O0Nhbk9yZGVyV2hlbk5vUHJpY2UmcXVvdDs6ZmFsc2UsJnF1b3Q7Q2FuUXVvdGVXaGVuTm9QcmljZSZxdW90Ozp0cnVlLCZxdW90O0NhblF1b3RlV2l0aFByaWNlJnF1b3Q7OnRydWUsJnF1b3Q7Q2FuU2hpcE9uRHJ5SWNlJnF1b3Q7OmZhbHNlLCZxdW90O0NvbnRyb2xQYXRoJnF1b3Q7OiZxdW90O35cXHVzZXJjb250cm9sc1xcQ29yZVxcQ29udGFpbmVyXFxPcmRlcmluZ1xcR2VuZXNcXEdlbmVGcmFnbWVudFxcY2NHZW5lRnJhZ21lbnQuYXNjeCZxdW90OywmcXVvdDtJc1N0YW5kQWxvbmVJdGVtJnF1b3Q7OmZhbHNlLCZxdW90O05hbWUmcXVvdDs6JnF1b3Q7R2VuZSBGcmFnbWVudCZxdW90OywmcXVvdDtPcmRlcmluZ1BhZ2VQYXRoJnF1b3Q7OiZxdW90O2ludExpbmtTSVRfR2VuZUZyYWdtZW50JnF1b3Q7LCZxdW90O1JlcXVpcmVQaHlzaWNhbFNoaXBtZW50JnF1b3Q7OnRydWUsJnF1b3Q7U2l0S2V5JnF1b3Q7OiZxdW90O0dlbmVGcmFnbWVudCZxdW90OywmcXVvdDtWZXJzaW9uJnF1b3Q7OjcsJnF1b3Q7V2FpdEZvckNhbmNlbGxhdGlvblBlcmlvZCZxdW90OzoxNSwmcXVvdDtYc2RQYXRoJnF1b3Q7OiZxdW90O2h0dHBzOi8vc2VydmljZXMuZXVyb2ZpbnNnZW5vbWljcy5jb20vc2NoZW1hcy9FY29tL1BTRC9HZW5lVjEuMy54c2QmcXVvdDssJnF1b3Q7TmVlZHNCaW9TYWZldHkmcXVvdDs6dHJ1ZSwmcXVvdDtDYW5HdWVzdENoZWNrb3V0JnF1b3Q7OmZhbHNlLCZxdW90O0Rpc2FsbG93UXVhbnRpdHlDaGFuZ2UmcXVvdDs6ZmFsc2UsJnF1b3Q7RGlzYWxsb3dFZGl0SW5DYXJ0JnF1b3Q7OmZhbHNlLCZxdW90O1Jlc291cmNlUHJlZml4JnF1b3Q7Om51bGwsJnF1b3Q7UHJvZHVjdGlvbk9yZGVyR3JvdXAmcXVvdDs6bnVsbCwmcXVvdDtTcHNjJnF1b3Q7Om51bGwsJnF1b3Q7RUNsYXNzJnF1b3Q7Om51bGwsJnF1b3Q7SWQmcXVvdDs6MTQsJnF1b3Q7SXNIYXJkRGVsZXRlZCZxdW90OzpmYWxzZX0seyZxdW90OyRpZCZxdW90OzomcXVvdDs0NiZxdW90OywmcXVvdDtCdXNpbmVzc1VuaXQmcXVvdDs6eyZxdW90OyRpZCZxdW90OzomcXVvdDs0NyZxdW90OywmcXVvdDtCdUljb24mcXVvdDs6JnF1b3Q7L2ltYWdlcy91c2VyY29udHJvbHMvaWNvbnMvYnUvbW9sYmlvbF9zbWFsbC5naWYmcXVvdDssJnF1b3Q7QnVLZXkmcXVvdDs6JnF1b3Q7R1NZJnF1b3Q7LCZxdW90O0J1TmFtZSZxdW90OzomcXVvdDtNb2xlY3VsYXIgQmlvbG9neSZxdW90OywmcXVvdDtCdXNpbmVzc1VuaXRFbnVtJnF1b3Q7OjUsJnF1b3Q7RGlzdHJpYnV0b3JSZXNwb25zaWJpbGl0aWVzJnF1b3Q7Om51bGwsJnF1b3Q7SGFzTGltc1N5c3RlbSZxdW90OzpmYWxzZSwmcXVvdDtJbnN0YW5jZVN0YXR1c0VudW0mcXVvdDs6MCwmcXVvdDtTYWxlc0l0ZW1UeXBlcyZxdW90OzpudWxsLCZxdW90O1NpdGUmcXVvdDs6bnVsbCwmcXVvdDtWZXJzaW9uJnF1b3Q7OjAsJnF1b3Q7QnVQcm9kdWN0aW9uRGV0YWlsc1VybCZxdW90OzpudWxsLCZxdW90O0lkJnF1b3Q7OjUsJnF1b3Q7SXNIYXJkRGVsZXRlZCZxdW90OzpmYWxzZX0sJnF1b3Q7UHJvZHVjdENhdGVnb3J5RW51bSZxdW90OzoxLCZxdW90O09yZGVyV2l6YXJkVHlwZUVudW0mcXVvdDs6MiwmcXVvdDtJbnN0YW5jZVN0YXR1c0VudW0mcXVvdDs6MCwmcXVvdDtDYW5PcmRlcldoZW5Ob1ByaWNlJnF1b3Q7OnRydWUsJnF1b3Q7Q2FuUXVvdGVXaGVuTm9QcmljZSZxdW90OzpmYWxzZSwmcXVvdDtDYW5RdW90ZVdpdGhQcmljZSZxdW90Ozp0cnVlLCZxdW90O0NhblNoaXBPbkRyeUljZSZxdW90Ozp0cnVlLCZxdW90O0NvbnRyb2xQYXRoJnF1b3Q7OiZxdW90O2hoaCZxdW90OywmcXVvdDtJc1N0YW5kQWxvbmVJdGVtJnF1b3Q7OmZhbHNlLCZxdW90O05hbWUmcXVvdDs6JnF1b3Q7R2VuZXMmcXVvdDssJnF1b3Q7T3JkZXJpbmdQYWdlUGF0aCZxdW90OzomcXVvdDtpbnRMaW5rU0lUX0dlbmVzJnF1b3Q7LCZxdW90O1JlcXVpcmVQaHlzaWNhbFNoaXBtZW50JnF1b3Q7OnRydWUsJnF1b3Q7U2l0S2V5JnF1b3Q7OiZxdW90O0dlbmVzJnF1b3Q7LCZxdW90O1ZlcnNpb24mcXVvdDs6MTMsJnF1b3Q7V2FpdEZvckNhbmNlbGxhdGlvblBlcmlvZCZxdW90OzoxNSwmcXVvdDtYc2RQYXRoJnF1b3Q7OiZxdW90O2RzZmRzZmRzZiZxdW90OywmcXVvdDtOZWVkc0Jpb1NhZmV0eSZxdW90Ozp0cnVlLCZxdW90O0Nhbkd1ZXN0Q2hlY2tvdXQmcXVvdDs6dHJ1ZSwmcXVvdDtEaXNhbGxvd1F1YW50aXR5Q2hhbmdlJnF1b3Q7OmZhbHNlLCZxdW90O0Rpc2FsbG93RWRpdEluQ2FydCZxdW90OzpmYWxzZSwmcXVvdDtSZXNvdXJjZVByZWZpeCZxdW90OzomcXVvdDsmcXVvdDssJnF1b3Q7UHJvZHVjdGlvbk9yZGVyR3JvdXAmcXVvdDs6bnVsbCwmcXVvdDtTcHNjJnF1b3Q7OiZxdW90OyZxdW90OywmcXVvdDtFQ2xhc3MmcXVvdDs6JnF1b3Q7JnF1b3Q7LCZxdW90O0lkJnF1b3Q7OjEsJnF1b3Q7SXNIYXJkRGVsZXRlZCZxdW90OzpmYWxzZX0seyZxdW90OyRpZCZxdW90OzomcXVvdDs0OCZxdW90OywmcXVvdDtCdXNpbmVzc1VuaXQmcXVvdDs6eyZxdW90OyRpZCZxdW90OzomcXVvdDs0OSZxdW90OywmcXVvdDtCdUljb24mcXVvdDs6JnF1b3Q7L2ltYWdlcy91c2VyY29udHJvbHMvaWNvbnMvYnUvbW9sYmlvbF9zbWFsbC5naWYmcXVvdDssJnF1b3Q7QnVLZXkmcXVvdDs6JnF1b3Q7R1NZJnF1b3Q7LCZxdW90O0J1TmFtZSZxdW90OzomcXVvdDtNb2xlY3VsYXIgQmlvbG9neSZxdW90OywmcXVvdDtCdXNpbmVzc1VuaXRFbnVtJnF1b3Q7OjUsJnF1b3Q7RGlzdHJpYnV0b3JSZXNwb25zaWJpbGl0aWVzJnF1b3Q7Om51bGwsJnF1b3Q7SGFzTGltc1N5c3RlbSZxdW90OzpmYWxzZSwmcXVvdDtJbnN0YW5jZVN0YXR1c0VudW0mcXVvdDs6MCwmcXVvdDtTYWxlc0l0ZW1UeXBlcyZxdW90OzpudWxsLCZxdW90O1NpdGUmcXVvdDs6bnVsbCwmcXVvdDtWZXJzaW9uJnF1b3Q7OjAsJnF1b3Q7QnVQcm9kdWN0aW9uRGV0YWlsc1VybCZxdW90OzpudWxsLCZxdW90O0lkJnF1b3Q7OjUsJnF1b3Q7SXNIYXJkRGVsZXRlZCZxdW90OzpmYWxzZX0sJnF1b3Q7UHJvZHVjdENhdGVnb3J5RW51bSZxdW90OzoxLCZxdW90O09yZGVyV2l6YXJkVHlwZUVudW0mcXVvdDs6MTUsJnF1b3Q7SW5zdGFuY2VTdGF0dXNFbnVtJnF1b3Q7OjAsJnF1b3Q7Q2FuT3JkZXJXaGVuTm9QcmljZSZxdW90OzpmYWxzZSwmcXVvdDtDYW5RdW90ZVdoZW5Ob1ByaWNlJnF1b3Q7OmZhbHNlLCZxdW90O0NhblF1b3RlV2l0aFByaWNlJnF1b3Q7OnRydWUsJnF1b3Q7Q2FuU2hpcE9uRHJ5SWNlJnF1b3Q7OmZhbHNlLCZxdW90O0NvbnRyb2xQYXRoJnF1b3Q7OiZxdW90O35cXHVzZXJjb250cm9sc1xcQ29yZVxcQ29udGFpbmVyXFxPcmRlcmluZ1xcR2VuZXNcXEdlbmVGcmFnbWVudFxcY2NHZW5lRnJhZ21lbnQuYXNjeCZxdW90OywmcXVvdDtJc1N0YW5kQWxvbmVJdGVtJnF1b3Q7OmZhbHNlLCZxdW90O05hbWUmcXVvdDs6JnF1b3Q7c3ludGhlc2lzJnF1b3Q7LCZxdW90O09yZGVyaW5nUGFnZVBhdGgmcXVvdDs6JnF1b3Q7aW50TGlua1NJVF9HZW5lc3ludGhlc2lzJnF1b3Q7LCZxdW90O1JlcXVpcmVQaHlzaWNhbFNoaXBtZW50JnF1b3Q7OnRydWUsJnF1b3Q7U2l0S2V5JnF1b3Q7OiZxdW90O0dlbmVzeW50aGVzaXMmcXVvdDssJnF1b3Q7VmVyc2lvbiZxdW90Ozo0LCZxdW90O1dhaXRGb3JDYW5jZWxsYXRpb25QZXJpb2QmcXVvdDs6MTUsJnF1b3Q7WHNkUGF0aCZxdW90OzomcXVvdDtodHRwczovL3NlcnZpY2VzLmV1cm9maW5zZ2Vub21pY3MuY29tL3NjaGVtYXMvRWNvbS9QU0QvR2VuZVYxLjIueHNkJnF1b3Q7LCZxdW90O05lZWRzQmlvU2FmZXR5JnF1b3Q7OnRydWUsJnF1b3Q7Q2FuR3Vlc3RDaGVja291dCZxdW90OzpmYWxzZSwmcXVvdDtEaXNhbGxvd1F1YW50aXR5Q2hhbmdlJnF1b3Q7OmZhbHNlLCZxdW90O0Rpc2FsbG93RWRpdEluQ2FydCZxdW90OzpmYWxzZSwmcXVvdDtSZXNvdXJjZVByZWZpeCZxdW90OzomcXVvdDsmcXVvdDssJnF1b3Q7UHJvZHVjdGlvbk9yZGVyR3JvdXAmcXVvdDs6bnVsbCwmcXVvdDtTcHNjJnF1b3Q7OiZxdW90OyZxdW90OywmcXVvdDtFQ2xhc3MmcXVvdDs6JnF1b3Q7JnF1b3Q7LCZxdW90O0lkJnF1b3Q7Ojc5LCZxdW90O0lzSGFyZERlbGV0ZWQmcXVvdDs6ZmFsc2V9LHsmcXVvdDskaWQmcXVvdDs6JnF1b3Q7NTAmcXVvdDssJnF1b3Q7QnVzaW5lc3NVbml0JnF1b3Q7OnsmcXVvdDskaWQmcXVvdDs6JnF1b3Q7NTEmcXVvdDssJnF1b3Q7QnVJY29uJnF1b3Q7OiZxdW90Oy9pbWFnZXMvdXNlcmNvbnRyb2xzL2ljb25zL2J1L3NlcV9zbWFsbC5naWYmcXVvdDssJnF1b3Q7QnVLZXkmcXVvdDs6JnF1b3Q7U0VRJnF1b3Q7LCZxdW90O0J1TmFtZSZxdW90OzomcXVvdDtDdXN0b20gRE5BIFNlcXVlbmNpbmcmcXVvdDssJnF1b3Q7QnVzaW5lc3NVbml0RW51bSZxdW90OzoyLCZxdW90O0Rpc3RyaWJ1dG9yUmVzcG9uc2liaWxpdGllcyZxdW90OzpudWxsLCZxdW90O0hhc0xpbXNTeXN0ZW0mcXVvdDs6ZmFsc2UsJnF1b3Q7SW5zdGFuY2VTdGF0dXNFbnVtJnF1b3Q7OjAsJnF1b3Q7U2FsZXNJdGVtVHlwZXMmcXVvdDs6bnVsbCwmcXVvdDtTaXRlJnF1b3Q7Om51bGwsJnF1b3Q7VmVyc2lvbiZxdW90OzoxLCZxdW90O0J1UHJvZHVjdGlvbkRldGFpbHNVcmwmcXVvdDs6bnVsbCwmcXVvdDtJZCZxdW90OzoyLCZxdW90O0lzSGFyZERlbGV0ZWQmcXVvdDs6ZmFsc2V9LCZxdW90O1Byb2R1Y3RDYXRlZ29yeUVudW0mcXVvdDs6MCwmcXVvdDtPcmRlcldpemFyZFR5cGVFbnVtJnF1b3Q7OjgsJnF1b3Q7SW5zdGFuY2VTdGF0dXNFbnVtJnF1b3Q7OjAsJnF1b3Q7Q2FuT3JkZXJXaGVuTm9QcmljZSZxdW90Ozp0cnVlLCZxdW90O0NhblF1b3RlV2hlbk5vUHJpY2UmcXVvdDs6ZmFsc2UsJnF1b3Q7Q2FuUXVvdGVXaXRoUHJpY2UmcXVvdDs6ZmFsc2UsJnF1b3Q7Q2FuU2hpcE9uRHJ5SWNlJnF1b3Q7OmZhbHNlLCZxdW90O0NvbnRyb2xQYXRoJnF1b3Q7Om51bGwsJnF1b3Q7SXNTdGFuZEFsb25lSXRlbSZxdW90OzpmYWxzZSwmcXVvdDtOYW1lJnF1b3Q7OiZxdW90O0tpdHMmcXVvdDssJnF1b3Q7T3JkZXJpbmdQYWdlUGF0aCZxdW90OzpudWxsLCZxdW90O1JlcXVpcmVQaHlzaWNhbFNoaXBtZW50JnF1b3Q7OnRydWUsJnF1b3Q7U2l0S2V5JnF1b3Q7OiZxdW90O0tpdHMmcXVvdDssJnF1b3Q7VmVyc2lvbiZxdW90OzozLCZxdW90O1dhaXRGb3JDYW5jZWxsYXRpb25QZXJpb2QmcXVvdDs6MCwmcXVvdDtYc2RQYXRoJnF1b3Q7OiZxdW90O2h0dHBzOi8vc2VydmljZXMuZXVyb2ZpbnNnZW5vbWljcy5jb20vU2NoZW1hcy9FY29tL1BTRC9TZXF1ZW5jaW5nVjIuMi54c2QmcXVvdDssJnF1b3Q7TmVlZHNCaW9TYWZldHkmcXVvdDs6ZmFsc2UsJnF1b3Q7Q2FuR3Vlc3RDaGVja291dCZxdW90OzpmYWxzZSwmcXVvdDtEaXNhbGxvd1F1YW50aXR5Q2hhbmdlJnF1b3Q7OmZhbHNlLCZxdW90O0Rpc2FsbG93RWRpdEluQ2FydCZxdW90OzpmYWxzZSwmcXVvdDtSZXNvdXJjZVByZWZpeCZxdW90OzpudWxsLCZxdW90O1Byb2R1Y3Rpb25PcmRlckdyb3VwJnF1b3Q7Om51bGwsJnF1b3Q7U3BzYyZxdW90OzpudWxsLCZxdW90O0VDbGFzcyZxdW90OzpudWxsLCZxdW90O0lkJnF1b3Q7OjI0LCZxdW90O0lzSGFyZERlbGV0ZWQmcXVvdDs6ZmFsc2V9LHsmcXVvdDskaWQmcXVvdDs6JnF1b3Q7NTImcXVvdDssJnF1b3Q7QnVzaW5lc3NVbml0JnF1b3Q7OnsmcXVvdDskaWQmcXVvdDs6JnF1b3Q7NTMmcXVvdDssJnF1b3Q7QnVJY29uJnF1b3Q7OiZxdW90Oy9pbWFnZXMvdXNlcmNvbnRyb2xzL2ljb25zL2J1L29saWdvX3NtYWxsLmdpZiZxdW90OywmcXVvdDtCdUtleSZxdW90OzomcXVvdDtPbGlnb3MmcXVvdDssJnF1b3Q7QnVOYW1lJnF1b3Q7OiZxdW90O0ROQSAmYW1wOyBSTkEgT2xpZ29udWNsZW90aWRlcyZxdW90OywmcXVvdDtCdXNpbmVzc1VuaXRFbnVtJnF1b3Q7OjEsJnF1b3Q7RGlzdHJpYnV0b3JSZXNwb25zaWJpbGl0aWVzJnF1b3Q7Om51bGwsJnF1b3Q7SGFzTGltc1N5c3RlbSZxdW90OzpmYWxzZSwmcXVvdDtJbnN0YW5jZVN0YXR1c0VudW0mcXVvdDs6MCwmcXVvdDtTYWxlc0l0ZW1UeXBlcyZxdW90OzpudWxsLCZxdW90O1NpdGUmcXVvdDs6bnVsbCwmcXVvdDtWZXJzaW9uJnF1b3Q7OjEsJnF1b3Q7QnVQcm9kdWN0aW9uRGV0YWlsc1VybCZxdW90OzpudWxsLCZxdW90O0lkJnF1b3Q7OjEsJnF1b3Q7SXNIYXJkRGVsZXRlZCZxdW90OzpmYWxzZX0sJnF1b3Q7UHJvZHVjdENhdGVnb3J5RW51bSZxdW90OzoxLCZxdW90O09yZGVyV2l6YXJkVHlwZUVudW0mcXVvdDs6MywmcXVvdDtJbnN0YW5jZVN0YXR1c0VudW0mcXVvdDs6MCwmcXVvdDtDYW5PcmRlcldoZW5Ob1ByaWNlJnF1b3Q7OnRydWUsJnF1b3Q7Q2FuUXVvdGVXaGVuTm9QcmljZSZxdW90OzpmYWxzZSwmcXVvdDtDYW5RdW90ZVdpdGhQcmljZSZxdW90OzpmYWxzZSwmcXVvdDtDYW5TaGlwT25EcnlJY2UmcXVvdDs6ZmFsc2UsJnF1b3Q7Q29udHJvbFBhdGgmcXVvdDs6JnF1b3Q7flxcdXNlcmNvbnRyb2xzXFxDb3JlXFxDb250YWluZXJcXE9yZGVyaW5nXFxPbGlnb3NcXFNlbWlDdXN0b21pc2VkSW5UdWJlcy5hc2N4JnF1b3Q7LCZxdW90O0lzU3RhbmRBbG9uZUl0ZW0mcXVvdDs6ZmFsc2UsJnF1b3Q7TmFtZSZxdW90OzomcXVvdDtMaWdodEN5Y2xlciBQcm9iZXMmcXVvdDssJnF1b3Q7T3JkZXJpbmdQYWdlUGF0aCZxdW90OzomcXVvdDtpbnRMaW5rU0lUX0xDUHJvYmUmcXVvdDssJnF1b3Q7UmVxdWlyZVBoeXNpY2FsU2hpcG1lbnQmcXVvdDs6dHJ1ZSwmcXVvdDtTaXRLZXkmcXVvdDs6JnF1b3Q7TENQcm9iZSZxdW90OywmcXVvdDtWZXJzaW9uJnF1b3Q7OjIsJnF1b3Q7V2FpdEZvckNhbmNlbGxhdGlvblBlcmlvZCZxdW90OzowLCZxdW90O1hzZFBhdGgmcXVvdDs6JnF1b3Q7aHR0cHM6Ly9zZXJ2aWNlcy5ldXJvZmluc2dlbm9taWNzLmNvbS9TY2hlbWFzL0Vjb20vUFNEL09saWdvVjQuMS54c2QmcXVvdDssJnF1b3Q7TmVlZHNCaW9TYWZldHkmcXVvdDs6dHJ1ZSwmcXVvdDtDYW5HdWVzdENoZWNrb3V0JnF1b3Q7OmZhbHNlLCZxdW90O0Rpc2FsbG93UXVhbnRpdHlDaGFuZ2UmcXVvdDs6ZmFsc2UsJnF1b3Q7RGlzYWxsb3dFZGl0SW5DYXJ0JnF1b3Q7OmZhbHNlLCZxdW90O1Jlc291cmNlUHJlZml4JnF1b3Q7Om51bGwsJnF1b3Q7UHJvZHVjdGlvbk9yZGVyR3JvdXAmcXVvdDs6bnVsbCwmcXVvdDtTcHNjJnF1b3Q7Om51bGwsJnF1b3Q7RUNsYXNzJnF1b3Q7Om51bGwsJnF1b3Q7SWQmcXVvdDs6ODAsJnF1b3Q7SXNIYXJkRGVsZXRlZCZxdW90OzpmYWxzZX0seyZxdW90OyRpZCZxdW90OzomcXVvdDs1NCZxdW90OywmcXVvdDtCdXNpbmVzc1VuaXQmcXVvdDs6eyZxdW90OyRpZCZxdW90OzomcXVvdDs1NSZxdW90OywmcXVvdDtCdUljb24mcXVvdDs6JnF1b3Q7L2ltYWdlcy91c2VyY29udHJvbHMvaWNvbnMvYnUvb2xpZ29fc21hbGwuZ2lmJnF1b3Q7LCZxdW90O0J1S2V5JnF1b3Q7OiZxdW90O09saWdvcyZxdW90OywmcXVvdDtCdU5hbWUmcXVvdDs6JnF1b3Q7RE5BICZhbXA7IFJOQSBPbGlnb251Y2xlb3RpZGVzJnF1b3Q7LCZxdW90O0J1c2luZXNzVW5pdEVudW0mcXVvdDs6MSwmcXVvdDtEaXN0cmlidXRvclJlc3BvbnNpYmlsaXRpZXMmcXVvdDs6bnVsbCwmcXVvdDtIYXNMaW1zU3lzdGVtJnF1b3Q7OmZhbHNlLCZxdW90O0luc3RhbmNlU3RhdHVzRW51bSZxdW90OzowLCZxdW90O1NhbGVzSXRlbVR5cGVzJnF1b3Q7Om51bGwsJnF1b3Q7U2l0ZSZxdW90OzpudWxsLCZxdW90O1ZlcnNpb24mcXVvdDs6MSwmcXVvdDtCdVByb2R1Y3Rpb25EZXRhaWxzVXJsJnF1b3Q7Om51bGwsJnF1b3Q7SWQmcXVvdDs6MSwmcXVvdDtJc0hhcmREZWxldGVkJnF1b3Q7OmZhbHNlfSwmcXVvdDtQcm9kdWN0Q2F0ZWdvcnlFbnVtJnF1b3Q7OjEsJnF1b3Q7T3JkZXJXaXphcmRUeXBlRW51bSZxdW90OzozLCZxdW90O0luc3RhbmNlU3RhdHVzRW51bSZxdW90OzowLCZxdW90O0Nhbk9yZGVyV2hlbk5vUHJpY2UmcXVvdDs6dHJ1ZSwmcXVvdDtDYW5RdW90ZVdoZW5Ob1ByaWNlJnF1b3Q7OmZhbHNlLCZxdW90O0NhblF1b3RlV2l0aFByaWNlJnF1b3Q7OnRydWUsJnF1b3Q7Q2FuU2hpcE9uRHJ5SWNlJnF1b3Q7OmZhbHNlLCZxdW90O0NvbnRyb2xQYXRoJnF1b3Q7OiZxdW90O35cXHVzZXJjb250cm9sc1xcQ29yZVxcQ29udGFpbmVyXFxPcmRlcmluZ1xcT2xpZ29zXFxTZW1pQ3VzdG9taXNlZEluVHViZXMuYXNjeCZxdW90OywmcXVvdDtJc1N0YW5kQWxvbmVJdGVtJnF1b3Q7OmZhbHNlLCZxdW90O05hbWUmcXVvdDs6JnF1b3Q7TG9uZ21lciBPbGlnbyZxdW90OywmcXVvdDtPcmRlcmluZ1BhZ2VQYXRoJnF1b3Q7OiZxdW90O2ludExpbmtTSVRfTG9uZ21lck9saWdvJnF1b3Q7LCZxdW90O1JlcXVpcmVQaHlzaWNhbFNoaXBtZW50JnF1b3Q7OnRydWUsJnF1b3Q7U2l0S2V5JnF1b3Q7OiZxdW90O0xvbmdtZXJPbGlnbyZxdW90OywmcXVvdDtWZXJzaW9uJnF1b3Q7OjMsJnF1b3Q7V2FpdEZvckNhbmNlbGxhdGlvblBlcmlvZCZxdW90OzozMCwmcXVvdDtYc2RQYXRoJnF1b3Q7OiZxdW90O2h0dHBzOi8vc2VydmljZXMuZXVyb2ZpbnNnZW5vbWljcy5jb20vU2NoZW1hcy9FY29tL1BTRC9PbGlnb1Y0LjEueHNkJnF1b3Q7LCZxdW90O05lZWRzQmlvU2FmZXR5JnF1b3Q7OmZhbHNlLCZxdW90O0Nhbkd1ZXN0Q2hlY2tvdXQmcXVvdDs6ZmFsc2UsJnF1b3Q7RGlzYWxsb3dRdWFudGl0eUNoYW5nZSZxdW90OzpmYWxzZSwmcXVvdDtEaXNhbGxvd0VkaXRJbkNhcnQmcXVvdDs6ZmFsc2UsJnF1b3Q7UmVzb3VyY2VQcmVmaXgmcXVvdDs6bnVsbCwmcXVvdDtQcm9kdWN0aW9uT3JkZXJHcm91cCZxdW90OzpudWxsLCZxdW90O1Nwc2MmcXVvdDs6bnVsbCwmcXVvdDtFQ2xhc3MmcXVvdDs6bnVsbCwmcXVvdDtJZCZxdW90OzoxNSwmcXVvdDtJc0hhcmREZWxldGVkJnF1b3Q7OmZhbHNlfSx7JnF1b3Q7JGlkJnF1b3Q7OiZxdW90OzU2JnF1b3Q7LCZxdW90O0J1c2luZXNzVW5pdCZxdW90Ozp7JnF1b3Q7JGlkJnF1b3Q7OiZxdW90OzU3JnF1b3Q7LCZxdW90O0J1SWNvbiZxdW90OzomcXVvdDsvaW1hZ2VzL3VzZXJjb250cm9scy9pY29ucy9idS9vbGlnb19zbWFsbC5naWYmcXVvdDssJnF1b3Q7QnVLZXkmcXVvdDs6JnF1b3Q7T2xpZ29zJnF1b3Q7LCZxdW90O0J1TmFtZSZxdW90OzomcXVvdDtETkEgJmFtcDsgUk5BIE9saWdvbnVjbGVvdGlkZXMmcXVvdDssJnF1b3Q7QnVzaW5lc3NVbml0RW51bSZxdW90OzoxLCZxdW90O0Rpc3RyaWJ1dG9yUmVzcG9uc2liaWxpdGllcyZxdW90OzpudWxsLCZxdW90O0hhc0xpbXNTeXN0ZW0mcXVvdDs6ZmFsc2UsJnF1b3Q7SW5zdGFuY2VTdGF0dXNFbnVtJnF1b3Q7OjAsJnF1b3Q7U2FsZXNJdGVtVHlwZXMmcXVvdDs6bnVsbCwmcXVvdDtTaXRlJnF1b3Q7Om51bGwsJnF1b3Q7VmVyc2lvbiZxdW90OzoxLCZxdW90O0J1UHJvZHVjdGlvbkRldGFpbHNVcmwmcXVvdDs6bnVsbCwmcXVvdDtJZCZxdW90OzoxLCZxdW90O0lzSGFyZERlbGV0ZWQmcXVvdDs6ZmFsc2V9LCZxdW90O1Byb2R1Y3RDYXRlZ29yeUVudW0mcXVvdDs6MSwmcXVvdDtPcmRlcldpemFyZFR5cGVFbnVtJnF1b3Q7OjMsJnF1b3Q7SW5zdGFuY2VTdGF0dXNFbnVtJnF1b3Q7OjAsJnF1b3Q7Q2FuT3JkZXJXaGVuTm9QcmljZSZxdW90Ozp0cnVlLCZxdW90O0NhblF1b3RlV2hlbk5vUHJpY2UmcXVvdDs6ZmFsc2UsJnF1b3Q7Q2FuUXVvdGVXaXRoUHJpY2UmcXVvdDs6ZmFsc2UsJnF1b3Q7Q2FuU2hpcE9uRHJ5SWNlJnF1b3Q7OmZhbHNlLCZxdW90O0NvbnRyb2xQYXRoJnF1b3Q7OiZxdW90O35cXHVzZXJjb250cm9sc1xcQ29yZVxcQ29udGFpbmVyXFxPcmRlcmluZ1xcT2xpZ29zXFxTZW1pQ3VzdG9taXNlZEluVHViZXMuYXNjeCZxdW90OywmcXVvdDtJc1N0YW5kQWxvbmVJdGVtJnF1b3Q7OmZhbHNlLCZxdW90O05hbWUmcXVvdDs6JnF1b3Q7TUdCUHJvYmUmcXVvdDssJnF1b3Q7T3JkZXJpbmdQYWdlUGF0aCZxdW90OzomcXVvdDtpbnRMaW5rU0lUX01HQlByb2JlJnF1b3Q7LCZxdW90O1JlcXVpcmVQaHlzaWNhbFNoaXBtZW50JnF1b3Q7OnRydWUsJnF1b3Q7U2l0S2V5JnF1b3Q7OiZxdW90O01HQlByb2JlJnF1b3Q7LCZxdW90O1ZlcnNpb24mcXVvdDs6NywmcXVvdDtXYWl0Rm9yQ2FuY2VsbGF0aW9uUGVyaW9kJnF1b3Q7OjEsJnF1b3Q7WHNkUGF0aCZxdW90OzomcXVvdDtodHRwczovL3NlcnZpY2VzLmV1cm9maW5zZ2Vub21pY3MuY29tL1NjaGVtYXMvRWNvbS9QU0QvT2xpZ29WNC4xLnhzZCZxdW90OywmcXVvdDtOZWVkc0Jpb1NhZmV0eSZxdW90Ozp0cnVlLCZxdW90O0Nhbkd1ZXN0Q2hlY2tvdXQmcXVvdDs6ZmFsc2UsJnF1b3Q7RGlzYWxsb3dRdWFudGl0eUNoYW5nZSZxdW90OzpmYWxzZSwmcXVvdDtEaXNhbGxvd0VkaXRJbkNhcnQmcXVvdDs6dHJ1ZSwmcXVvdDtSZXNvdXJjZVByZWZpeCZxdW90OzomcXVvdDsmcXVvdDssJnF1b3Q7UHJvZHVjdGlvbk9yZGVyR3JvdXAmcXVvdDs6bnVsbCwmcXVvdDtTcHNjJnF1b3Q7OiZxdW90OyZxdW90OywmcXVvdDtFQ2xhc3MmcXVvdDs6JnF1b3Q7JnF1b3Q7LCZxdW90O0lkJnF1b3Q7OjcyLCZxdW90O0lzSGFyZERlbGV0ZWQmcXVvdDs6ZmFsc2V9LHsmcXVvdDskaWQmcXVvdDs6JnF1b3Q7NTgmcXVvdDssJnF1b3Q7QnVzaW5lc3NVbml0JnF1b3Q7OnsmcXVvdDskaWQmcXVvdDs6JnF1b3Q7NTkmcXVvdDssJnF1b3Q7QnVJY29uJnF1b3Q7OiZxdW90Oy9pbWFnZXMvdXNlcmNvbnRyb2xzL2ljb25zL2J1L3NlcV9zbWFsbC5naWYmcXVvdDssJnF1b3Q7QnVLZXkmcXVvdDs6JnF1b3Q7U0VRJnF1b3Q7LCZxdW90O0J1TmFtZSZxdW90OzomcXVvdDtDdXN0b20gRE5BIFNlcXVlbmNpbmcmcXVvdDssJnF1b3Q7QnVzaW5lc3NVbml0RW51bSZxdW90OzoyLCZxdW90O0Rpc3RyaWJ1dG9yUmVzcG9uc2liaWxpdGllcyZxdW90OzpudWxsLCZxdW90O0hhc0xpbXNTeXN0ZW0mcXVvdDs6ZmFsc2UsJnF1b3Q7SW5zdGFuY2VTdGF0dXNFbnVtJnF1b3Q7OjAsJnF1b3Q7U2FsZXNJdGVtVHlwZXMmcXVvdDs6bnVsbCwmcXVvdDtTaXRlJnF1b3Q7Om51bGwsJnF1b3Q7VmVyc2lvbiZxdW90OzoxLCZxdW90O0J1UHJvZHVjdGlvbkRldGFpbHNVcmwmcXVvdDs6bnVsbCwmcXVvdDtJZCZxdW90OzoyLCZxdW90O0lzSGFyZERlbGV0ZWQmcXVvdDs6ZmFsc2V9LCZxdW90O1Byb2R1Y3RDYXRlZ29yeUVudW0mcXVvdDs6MiwmcXVvdDtPcmRlcldpemFyZFR5cGVFbnVtJnF1b3Q7OjIwLCZxdW90O0luc3RhbmNlU3RhdHVzRW51bSZxdW90OzowLCZxdW90O0Nhbk9yZGVyV2hlbk5vUHJpY2UmcXVvdDs6dHJ1ZSwmcXVvdDtDYW5RdW90ZVdoZW5Ob1ByaWNlJnF1b3Q7OnRydWUsJnF1b3Q7Q2FuUXVvdGVXaXRoUHJpY2UmcXVvdDs6dHJ1ZSwmcXVvdDtDYW5TaGlwT25EcnlJY2UmcXVvdDs6ZmFsc2UsJnF1b3Q7Q29udHJvbFBhdGgmcXVvdDs6bnVsbCwmcXVvdDtJc1N0YW5kQWxvbmVJdGVtJnF1b3Q7OmZhbHNlLCZxdW90O05hbWUmcXVvdDs6JnF1b3Q7TWl4MlNlcSZxdW90OywmcXVvdDtPcmRlcmluZ1BhZ2VQYXRoJnF1b3Q7Om51bGwsJnF1b3Q7UmVxdWlyZVBoeXNpY2FsU2hpcG1lbnQmcXVvdDs6ZmFsc2UsJnF1b3Q7U2l0S2V5JnF1b3Q7OiZxdW90O01peDJTZXEmcXVvdDssJnF1b3Q7VmVyc2lvbiZxdW90OzoyLCZxdW90O1dhaXRGb3JDYW5jZWxsYXRpb25QZXJpb2QmcXVvdDs6MCwmcXVvdDtYc2RQYXRoJnF1b3Q7OiZxdW90O2h0dHBzOi8vc2VydmljZXMuZXVyb2ZpbnNnZW5vbWljcy5jb20vU2NoZW1hcy9FY29tL1BTRC9NaXgyU2VxVjEuMS54c2QmcXVvdDssJnF1b3Q7TmVlZHNCaW9TYWZldHkmcXVvdDs6ZmFsc2UsJnF1b3Q7Q2FuR3Vlc3RDaGVja291dCZxdW90Ozp0cnVlLCZxdW90O0Rpc2FsbG93UXVhbnRpdHlDaGFuZ2UmcXVvdDs6ZmFsc2UsJnF1b3Q7RGlzYWxsb3dFZGl0SW5DYXJ0JnF1b3Q7OmZhbHNlLCZxdW90O1Jlc291cmNlUHJlZml4JnF1b3Q7Om51bGwsJnF1b3Q7UHJvZHVjdGlvbk9yZGVyR3JvdXAmcXVvdDs6eyZxdW90OyRpZCZxdW90OzomcXVvdDs2MCZxdW90OywmcXVvdDtOYW1lJnF1b3Q7OiZxdW90O01peDJTZXEmcXVvdDssJnF1b3Q7WG1sQnVzaW5lc3NVbml0JnF1b3Q7OiZxdW90O01peDJTZXEmcXVvdDssJnF1b3Q7SWQmcXVvdDs6NCwmcXVvdDtJc0hhcmREZWxldGVkJnF1b3Q7OmZhbHNlfSwmcXVvdDtTcHNjJnF1b3Q7Om51bGwsJnF1b3Q7RUNsYXNzJnF1b3Q7Om51bGwsJnF1b3Q7SWQmcXVvdDs6NjcsJnF1b3Q7SXNIYXJkRGVsZXRlZCZxdW90OzpmYWxzZX0seyZxdW90OyRpZCZxdW90OzomcXVvdDs2MSZxdW90OywmcXVvdDtCdXNpbmVzc1VuaXQmcXVvdDs6eyZxdW90OyRpZCZxdW90OzomcXVvdDs2MiZxdW90OywmcXVvdDtCdUljb24mcXVvdDs6JnF1b3Q7L2ltYWdlcy91c2VyY29udHJvbHMvaWNvbnMvYnUvc2VxX3NtYWxsLmdpZiZxdW90OywmcXVvdDtCdUtleSZxdW90OzomcXVvdDtTRVEmcXVvdDssJnF1b3Q7QnVOYW1lJnF1b3Q7OiZxdW90O0N1c3RvbSBETkEgU2VxdWVuY2luZyZxdW90OywmcXVvdDtCdXNpbmVzc1VuaXRFbnVtJnF1b3Q7OjIsJnF1b3Q7RGlzdHJpYnV0b3JSZXNwb25zaWJpbGl0aWVzJnF1b3Q7Om51bGwsJnF1b3Q7SGFzTGltc1N5c3RlbSZxdW90OzpmYWxzZSwmcXVvdDtJbnN0YW5jZVN0YXR1c0VudW0mcXVvdDs6MCwmcXVvdDtTYWxlc0l0ZW1UeXBlcyZxdW90OzpudWxsLCZxdW90O1NpdGUmcXVvdDs6bnVsbCwmcXVvdDtWZXJzaW9uJnF1b3Q7OjEsJnF1b3Q7QnVQcm9kdWN0aW9uRGV0YWlsc1VybCZxdW90OzpudWxsLCZxdW90O0lkJnF1b3Q7OjIsJnF1b3Q7SXNIYXJkRGVsZXRlZCZxdW90OzpmYWxzZX0sJnF1b3Q7UHJvZHVjdENhdGVnb3J5RW51bSZxdW90OzoyLCZxdW90O09yZGVyV2l6YXJkVHlwZUVudW0mcXVvdDs6MjAsJnF1b3Q7SW5zdGFuY2VTdGF0dXNFbnVtJnF1b3Q7OjAsJnF1b3Q7Q2FuT3JkZXJXaGVuTm9QcmljZSZxdW90Ozp0cnVlLCZxdW90O0NhblF1b3RlV2hlbk5vUHJpY2UmcXVvdDs6dHJ1ZSwmcXVvdDtDYW5RdW90ZVdpdGhQcmljZSZxdW90Ozp0cnVlLCZxdW90O0NhblNoaXBPbkRyeUljZSZxdW90OzpmYWxzZSwmcXVvdDtDb250cm9sUGF0aCZxdW90OzomcXVvdDt+XFx1c2VyY29udHJvbHNcXENvcmVcXENvbnRhaW5lclxcT3JkZXJpbmdcXENhdGFsb2d1ZVByb2R1Y3RzXFxDYXRhbG9ndWVQcm9kdWN0LmFzY3gmcXVvdDssJnF1b3Q7SXNTdGFuZEFsb25lSXRlbSZxdW90OzpmYWxzZSwmcXVvdDtOYW1lJnF1b3Q7OiZxdW90O01peDJTZXEgS2l0JnF1b3Q7LCZxdW90O09yZGVyaW5nUGFnZVBhdGgmcXVvdDs6JnF1b3Q7aW50TGlua1NJVF9NaXgyU2VxS2l0JnF1b3Q7LCZxdW90O1JlcXVpcmVQaHlzaWNhbFNoaXBtZW50JnF1b3Q7OmZhbHNlLCZxdW90O1NpdEtleSZxdW90OzomcXVvdDtNaXgyU2VxS2l0JnF1b3Q7LCZxdW90O1ZlcnNpb24mcXVvdDs6NCwmcXVvdDtXYWl0Rm9yQ2FuY2VsbGF0aW9uUGVyaW9kJnF1b3Q7OjAsJnF1b3Q7WHNkUGF0aCZxdW90OzomcXVvdDtodHRwczovL3NlcnZpY2VzLmV1cm9maW5zZ2Vub21pY3MuY29tL1NjaGVtYXMvRWNvbS9QU0QvQ2F0YWxvZ3VlUHJvZHVjdHNWMi4yLnhzZCZxdW90OywmcXVvdDtOZWVkc0Jpb1NhZmV0eSZxdW90OzpmYWxzZSwmcXVvdDtDYW5HdWVzdENoZWNrb3V0JnF1b3Q7OnRydWUsJnF1b3Q7RGlzYWxsb3dRdWFudGl0eUNoYW5nZSZxdW90OzpmYWxzZSwmcXVvdDtEaXNhbGxvd0VkaXRJbkNhcnQmcXVvdDs6ZmFsc2UsJnF1b3Q7UmVzb3VyY2VQcmVmaXgmcXVvdDs6JnF1b3Q7JnF1b3Q7LCZxdW90O1Byb2R1Y3Rpb25PcmRlckdyb3VwJnF1b3Q7OnsmcXVvdDskcmVmJnF1b3Q7OiZxdW90OzMmcXVvdDt9LCZxdW90O1Nwc2MmcXVvdDs6JnF1b3Q7JnF1b3Q7LCZxdW90O0VDbGFzcyZxdW90OzomcXVvdDsmcXVvdDssJnF1b3Q7SWQmcXVvdDs6NjgsJnF1b3Q7SXNIYXJkRGVsZXRlZCZxdW90OzpmYWxzZX0seyZxdW90OyRpZCZxdW90OzomcXVvdDs2MyZxdW90OywmcXVvdDtCdXNpbmVzc1VuaXQmcXVvdDs6eyZxdW90OyRpZCZxdW90OzomcXVvdDs2NCZxdW90OywmcXVvdDtCdUljb24mcXVvdDs6JnF1b3Q7L2ltYWdlcy91c2VyY29udHJvbHMvaWNvbnMvYnUvb2xpZ29fc21hbGwuZ2lmJnF1b3Q7LCZxdW90O0J1S2V5JnF1b3Q7OiZxdW90O09saWdvcyZxdW90OywmcXVvdDtCdU5hbWUmcXVvdDs6JnF1b3Q7RE5BICZhbXA7IFJOQSBPbGlnb251Y2xlb3RpZGVzJnF1b3Q7LCZxdW90O0J1c2luZXNzVW5pdEVudW0mcXVvdDs6MSwmcXVvdDtEaXN0cmlidXRvclJlc3BvbnNpYmlsaXRpZXMmcXVvdDs6bnVsbCwmcXVvdDtIYXNMaW1zU3lzdGVtJnF1b3Q7OmZhbHNlLCZxdW90O0luc3RhbmNlU3RhdHVzRW51bSZxdW90OzowLCZxdW90O1NhbGVzSXRlbVR5cGVzJnF1b3Q7Om51bGwsJnF1b3Q7U2l0ZSZxdW90OzpudWxsLCZxdW90O1ZlcnNpb24mcXVvdDs6MSwmcXVvdDtCdVByb2R1Y3Rpb25EZXRhaWxzVXJsJnF1b3Q7Om51bGwsJnF1b3Q7SWQmcXVvdDs6MSwmcXVvdDtJc0hhcmREZWxldGVkJnF1b3Q7OmZhbHNlfSwmcXVvdDtQcm9kdWN0Q2F0ZWdvcnlFbnVtJnF1b3Q7OjEsJnF1b3Q7T3JkZXJXaXphcmRUeXBlRW51bSZxdW90OzozLCZxdW90O0luc3RhbmNlU3RhdHVzRW51bSZxdW90OzowLCZxdW90O0Nhbk9yZGVyV2hlbk5vUHJpY2UmcXVvdDs6dHJ1ZSwmcXVvdDtDYW5RdW90ZVdoZW5Ob1ByaWNlJnF1b3Q7OmZhbHNlLCZxdW90O0NhblF1b3RlV2l0aFByaWNlJnF1b3Q7OmZhbHNlLCZxdW90O0NhblNoaXBPbkRyeUljZSZxdW90OzpmYWxzZSwmcXVvdDtDb250cm9sUGF0aCZxdW90OzomcXVvdDt+XFx1c2VyY29udHJvbHNcXENvcmVcXENvbnRhaW5lclxcT3JkZXJpbmdcXE9saWdvc1xcU2VtaUN1c3RvbWlzZWRJblR1YmVzLmFzY3gmcXVvdDssJnF1b3Q7SXNTdGFuZEFsb25lSXRlbSZxdW90OzpmYWxzZSwmcXVvdDtOYW1lJnF1b3Q7OiZxdW90O01vbGVjdWxhciBCZWFjb24mcXVvdDssJnF1b3Q7T3JkZXJpbmdQYWdlUGF0aCZxdW90OzomcXVvdDtpbnRMaW5rU0lUX01vbEJlYWNvbiZxdW90OywmcXVvdDtSZXF1aXJlUGh5c2ljYWxTaGlwbWVudCZxdW90Ozp0cnVlLCZxdW90O1NpdEtleSZxdW90OzomcXVvdDtNb2xCZWFjb24mcXVvdDssJnF1b3Q7VmVyc2lvbiZxdW90OzozLCZxdW90O1dhaXRGb3JDYW5jZWxsYXRpb25QZXJpb2QmcXVvdDs6MzAsJnF1b3Q7WHNkUGF0aCZxdW90OzomcXVvdDtodHRwczovL3NlcnZpY2VzLmV1cm9maW5zZ2Vub21pY3MuY29tL1NjaGVtYXMvRWNvbS9QU0QvT2xpZ29WNC4xLnhzZCZxdW90OywmcXVvdDtOZWVkc0Jpb1NhZmV0eSZxdW90OzpmYWxzZSwmcXVvdDtDYW5HdWVzdENoZWNrb3V0JnF1b3Q7OmZhbHNlLCZxdW90O0Rpc2FsbG93UXVhbnRpdHlDaGFuZ2UmcXVvdDs6ZmFsc2UsJnF1b3Q7RGlzYWxsb3dFZGl0SW5DYXJ0JnF1b3Q7OmZhbHNlLCZxdW90O1Jlc291cmNlUHJlZml4JnF1b3Q7Om51bGwsJnF1b3Q7UHJvZHVjdGlvbk9yZGVyR3JvdXAmcXVvdDs6bnVsbCwmcXVvdDtTcHNjJnF1b3Q7Om51bGwsJnF1b3Q7RUNsYXNzJnF1b3Q7Om51bGwsJnF1b3Q7SWQmcXVvdDs6MjksJnF1b3Q7SXNIYXJkRGVsZXRlZCZxdW90OzpmYWxzZX0seyZxdW90OyRpZCZxdW90OzomcXVvdDs2NSZxdW90OywmcXVvdDtCdXNpbmVzc1VuaXQmcXVvdDs6eyZxdW90OyRpZCZxdW90OzomcXVvdDs2NiZxdW90OywmcXVvdDtCdUljb24mcXVvdDs6JnF1b3Q7L2ltYWdlcy91c2VyY29udHJvbHMvaWNvbnMvYnUvb2xpZ29fc21hbGwuZ2lmJnF1b3Q7LCZxdW90O0J1S2V5JnF1b3Q7OiZxdW90O09saWdvcyZxdW90OywmcXVvdDtCdU5hbWUmcXVvdDs6JnF1b3Q7RE5BICZhbXA7IFJOQSBPbGlnb251Y2xlb3RpZGVzJnF1b3Q7LCZxdW90O0J1c2luZXNzVW5pdEVudW0mcXVvdDs6MSwmcXVvdDtEaXN0cmlidXRvclJlc3BvbnNpYmlsaXRpZXMmcXVvdDs6bnVsbCwmcXVvdDtIYXNMaW1zU3lzdGVtJnF1b3Q7OmZhbHNlLCZxdW90O0luc3RhbmNlU3RhdHVzRW51bSZxdW90OzowLCZxdW90O1NhbGVzSXRlbVR5cGVzJnF1b3Q7Om51bGwsJnF1b3Q7U2l0ZSZxdW90OzpudWxsLCZxdW90O1ZlcnNpb24mcXVvdDs6MSwmcXVvdDtCdVByb2R1Y3Rpb25EZXRhaWxzVXJsJnF1b3Q7Om51bGwsJnF1b3Q7SWQmcXVvdDs6MSwmcXVvdDtJc0hhcmREZWxldGVkJnF1b3Q7OmZhbHNlfSwmcXVvdDtQcm9kdWN0Q2F0ZWdvcnlFbnVtJnF1b3Q7OjEsJnF1b3Q7T3JkZXJXaXphcmRUeXBlRW51bSZxdW90Ozo0LCZxdW90O0luc3RhbmNlU3RhdHVzRW51bSZxdW90OzowLCZxdW90O0Nhbk9yZGVyV2hlbk5vUHJpY2UmcXVvdDs6dHJ1ZSwmcXVvdDtDYW5RdW90ZVdoZW5Ob1ByaWNlJnF1b3Q7OmZhbHNlLCZxdW90O0NhblF1b3RlV2l0aFByaWNlJnF1b3Q7OnRydWUsJnF1b3Q7Q2FuU2hpcE9uRHJ5SWNlJnF1b3Q7OmZhbHNlLCZxdW90O0NvbnRyb2xQYXRoJnF1b3Q7OiZxdW90O35cXHVzZXJjb250cm9sc1xcQ29yZVxcQ29udGFpbmVyXFxPcmRlcmluZ1xcT2xpZ29zXFxGdWxseUN1c3RvbWlzZWRJblR1YmVzLmFzY3gmcXVvdDssJnF1b3Q7SXNTdGFuZEFsb25lSXRlbSZxdW90OzpmYWxzZSwmcXVvdDtOYW1lJnF1b3Q7OiZxdW90O05HU2dyYWRlIE9saWdvJnF1b3Q7LCZxdW90O09yZGVyaW5nUGFnZVBhdGgmcXVvdDs6JnF1b3Q7aW50TGlua1NJVF9OR1NncmFkZU9saWdvJnF1b3Q7LCZxdW90O1JlcXVpcmVQaHlzaWNhbFNoaXBtZW50JnF1b3Q7OnRydWUsJnF1b3Q7U2l0S2V5JnF1b3Q7OiZxdW90O05HU2dyYWRlT2xpZ28mcXVvdDssJnF1b3Q7VmVyc2lvbiZxdW90OzozLCZxdW90O1dhaXRGb3JDYW5jZWxsYXRpb25QZXJpb2QmcXVvdDs6MzAsJnF1b3Q7WHNkUGF0aCZxdW90OzomcXVvdDtodHRwczovL3NlcnZpY2VzLmV1cm9maW5zZ2Vub21pY3MuY29tL1NjaGVtYXMvRWNvbS9QU0QvT2xpZ29WNC4xLnhzZCZxdW90OywmcXVvdDtOZWVkc0Jpb1NhZmV0eSZxdW90Ozp0cnVlLCZxdW90O0Nhbkd1ZXN0Q2hlY2tvdXQmcXVvdDs6ZmFsc2UsJnF1b3Q7RGlzYWxsb3dRdWFudGl0eUNoYW5nZSZxdW90OzpmYWxzZSwmcXVvdDtEaXNhbGxvd0VkaXRJbkNhcnQmcXVvdDs6ZmFsc2UsJnF1b3Q7UmVzb3VyY2VQcmVmaXgmcXVvdDs6bnVsbCwmcXVvdDtQcm9kdWN0aW9uT3JkZXJHcm91cCZxdW90OzpudWxsLCZxdW90O1Nwc2MmcXVvdDs6bnVsbCwmcXVvdDtFQ2xhc3MmcXVvdDs6bnVsbCwmcXVvdDtJZCZxdW90OzoxMSwmcXVvdDtJc0hhcmREZWxldGVkJnF1b3Q7OmZhbHNlfSx7JnF1b3Q7JGlkJnF1b3Q7OiZxdW90OzY3JnF1b3Q7LCZxdW90O0J1c2luZXNzVW5pdCZxdW90Ozp7JnF1b3Q7JGlkJnF1b3Q7OiZxdW90OzY4JnF1b3Q7LCZxdW90O0J1SWNvbiZxdW90OzomcXVvdDsvaW1hZ2VzL3VzZXJjb250cm9scy9pY29ucy9idS9vbGlnb19zbWFsbC5naWYmcXVvdDssJnF1b3Q7QnVLZXkmcXVvdDs6JnF1b3Q7T2xpZ29zJnF1b3Q7LCZxdW90O0J1TmFtZSZxdW90OzomcXVvdDtETkEgJmFtcDsgUk5BIE9saWdvbnVjbGVvdGlkZXMmcXVvdDssJnF1b3Q7QnVzaW5lc3NVbml0RW51bSZxdW90OzoxLCZxdW90O0Rpc3RyaWJ1dG9yUmVzcG9uc2liaWxpdGllcyZxdW90OzpudWxsLCZxdW90O0hhc0xpbXNTeXN0ZW0mcXVvdDs6ZmFsc2UsJnF1b3Q7SW5zdGFuY2VTdGF0dXNFbnVtJnF1b3Q7OjAsJnF1b3Q7U2FsZXNJdGVtVHlwZXMmcXVvdDs6bnVsbCwmcXVvdDtTaXRlJnF1b3Q7Om51bGwsJnF1b3Q7VmVyc2lvbiZxdW90OzoxLCZxdW90O0J1UHJvZHVjdGlvbkRldGFpbHNVcmwmcXVvdDs6bnVsbCwmcXVvdDtJZCZxdW90OzoxLCZxdW90O0lzSGFyZERlbGV0ZWQmcXVvdDs6ZmFsc2V9LCZxdW90O1Byb2R1Y3RDYXRlZ29yeUVudW0mcXVvdDs6MSwmcXVvdDtPcmRlcldpemFyZFR5cGVFbnVtJnF1b3Q7OjUsJnF1b3Q7SW5zdGFuY2VTdGF0dXNFbnVtJnF1b3Q7OjAsJnF1b3Q7Q2FuT3JkZXJXaGVuTm9QcmljZSZxdW90Ozp0cnVlLCZxdW90O0NhblF1b3RlV2hlbk5vUHJpY2UmcXVvdDs6ZmFsc2UsJnF1b3Q7Q2FuUXVvdGVXaXRoUHJpY2UmcXVvdDs6ZmFsc2UsJnF1b3Q7Q2FuU2hpcE9uRHJ5SWNlJnF1b3Q7OmZhbHNlLCZxdW90O0NvbnRyb2xQYXRoJnF1b3Q7OiZxdW90O35cXHVzZXJjb250cm9sc1xcQ29yZVxcQ29udGFpbmVyXFxPcmRlcmluZ1xcT2xpZ29zXFxQbGF0ZU9saWdvcy5hc2N4JnF1b3Q7LCZxdW90O0lzU3RhbmRBbG9uZUl0ZW0mcXVvdDs6ZmFsc2UsJnF1b3Q7TmFtZSZxdW90OzomcXVvdDtOR1NncmFkZSBPbGlnbyBQbGF0ZXMmcXVvdDssJnF1b3Q7T3JkZXJpbmdQYWdlUGF0aCZxdW90OzomcXVvdDtpbnRMaW5rU0lUX05HU2dyYWRlUGxhdGUmcXVvdDssJnF1b3Q7UmVxdWlyZVBoeXNpY2FsU2hpcG1lbnQmcXVvdDs6dHJ1ZSwmcXVvdDtTaXRLZXkmcXVvdDs6JnF1b3Q7TkdTZ3JhZGVQbGF0ZSZxdW90OywmcXVvdDtWZXJzaW9uJnF1b3Q7OjMsJnF1b3Q7V2FpdEZvckNhbmNlbGxhdGlvblBlcmlvZCZxdW90OzozMCwmcXVvdDtYc2RQYXRoJnF1b3Q7OiZxdW90O2h0dHBzOi8vc2VydmljZXMuZXVyb2ZpbnNnZW5vbWljcy5jb20vU2NoZW1hcy9FY29tL1BTRC9PbGlnb1Y0LjEueHNkJnF1b3Q7LCZxdW90O05lZWRzQmlvU2FmZXR5JnF1b3Q7OmZhbHNlLCZxdW90O0Nhbkd1ZXN0Q2hlY2tvdXQmcXVvdDs6ZmFsc2UsJnF1b3Q7RGlzYWxsb3dRdWFudGl0eUNoYW5nZSZxdW90OzpmYWxzZSwmcXVvdDtEaXNhbGxvd0VkaXRJbkNhcnQmcXVvdDs6ZmFsc2UsJnF1b3Q7UmVzb3VyY2VQcmVmaXgmcXVvdDs6bnVsbCwmcXVvdDtQcm9kdWN0aW9uT3JkZXJHcm91cCZxdW90OzpudWxsLCZxdW90O1Nwc2MmcXVvdDs6bnVsbCwmcXVvdDtFQ2xhc3MmcXVvdDs6bnVsbCwmcXVvdDtJZCZxdW90OzozMCwmcXVvdDtJc0hhcmREZWxldGVkJnF1b3Q7OmZhbHNlfSx7JnF1b3Q7JGlkJnF1b3Q7OiZxdW90OzY5JnF1b3Q7LCZxdW90O0J1c2luZXNzVW5pdCZxdW90Ozp7JnF1b3Q7JGlkJnF1b3Q7OiZxdW90OzcwJnF1b3Q7LCZxdW90O0J1SWNvbiZxdW90OzomcXVvdDsvaW1hZ2VzL3VzZXJjb250cm9scy9pY29ucy9idS9uZ3Nfc21hbGwuZ2lmJnF1b3Q7LCZxdW90O0J1S2V5JnF1b3Q7OiZxdW90O05HUyZxdW90OywmcXVvdDtCdU5hbWUmcXVvdDs6JnF1b3Q7TmV4dCBHZW5lcmF0aW9uIFNlcXVlbmNpbmcmcXVvdDssJnF1b3Q7QnVzaW5lc3NVbml0RW51bSZxdW90Ozo0LCZxdW90O0Rpc3RyaWJ1dG9yUmVzcG9uc2liaWxpdGllcyZxdW90OzpudWxsLCZxdW90O0hhc0xpbXNTeXN0ZW0mcXVvdDs6ZmFsc2UsJnF1b3Q7SW5zdGFuY2VTdGF0dXNFbnVtJnF1b3Q7OjAsJnF1b3Q7U2FsZXNJdGVtVHlwZXMmcXVvdDs6bnVsbCwmcXVvdDtTaXRlJnF1b3Q7Om51bGwsJnF1b3Q7VmVyc2lvbiZxdW90OzowLCZxdW90O0J1UHJvZHVjdGlvbkRldGFpbHNVcmwmcXVvdDs6bnVsbCwmcXVvdDtJZCZxdW90Ozo0LCZxdW90O0lzSGFyZERlbGV0ZWQmcXVvdDs6ZmFsc2V9LCZxdW90O1Byb2R1Y3RDYXRlZ29yeUVudW0mcXVvdDs6MiwmcXVvdDtPcmRlcldpemFyZFR5cGVFbnVtJnF1b3Q7OjcsJnF1b3Q7SW5zdGFuY2VTdGF0dXNFbnVtJnF1b3Q7OjAsJnF1b3Q7Q2FuT3JkZXJXaGVuTm9QcmljZSZxdW90Ozp0cnVlLCZxdW90O0NhblF1b3RlV2hlbk5vUHJpY2UmcXVvdDs6ZmFsc2UsJnF1b3Q7Q2FuUXVvdGVXaXRoUHJpY2UmcXVvdDs6ZmFsc2UsJnF1b3Q7Q2FuU2hpcE9uRHJ5SWNlJnF1b3Q7OmZhbHNlLCZxdW90O0NvbnRyb2xQYXRoJnF1b3Q7Om51bGwsJnF1b3Q7SXNTdGFuZEFsb25lSXRlbSZxdW90OzpmYWxzZSwmcXVvdDtOYW1lJnF1b3Q7OiZxdW90O05ncyBSZmkmcXVvdDssJnF1b3Q7T3JkZXJpbmdQYWdlUGF0aCZxdW90OzomcXVvdDtpbnRMaW5rU0lUX05nc1JmaSZxdW90OywmcXVvdDtSZXF1aXJlUGh5c2ljYWxTaGlwbWVudCZxdW90Ozp0cnVlLCZxdW90O1NpdEtleSZxdW90OzomcXVvdDtOZ3NSZmkmcXVvdDssJnF1b3Q7VmVyc2lvbiZxdW90OzoyLCZxdW90O1dhaXRGb3JDYW5jZWxsYXRpb25QZXJpb2QmcXVvdDs6MCwmcXVvdDtYc2RQYXRoJnF1b3Q7OiZxdW90O2h0dHBzOi8vc2VydmljZXMuZXVyb2ZpbnNnZW5vbWljcy5jb20vc2NoZW1hcy9FY29tL1BTRC9OR1NSZmlWMS4xLnhzZCZxdW90OywmcXVvdDtOZWVkc0Jpb1NhZmV0eSZxdW90OzpmYWxzZSwmcXVvdDtDYW5HdWVzdENoZWNrb3V0JnF1b3Q7OmZhbHNlLCZxdW90O0Rpc2FsbG93UXVhbnRpdHlDaGFuZ2UmcXVvdDs6ZmFsc2UsJnF1b3Q7RGlzYWxsb3dFZGl0SW5DYXJ0JnF1b3Q7OmZhbHNlLCZxdW90O1Jlc291cmNlUHJlZml4JnF1b3Q7Om51bGwsJnF1b3Q7UHJvZHVjdGlvbk9yZGVyR3JvdXAmcXVvdDs6bnVsbCwmcXVvdDtTcHNjJnF1b3Q7Om51bGwsJnF1b3Q7RUNsYXNzJnF1b3Q7Om51bGwsJnF1b3Q7SWQmcXVvdDs6NCwmcXVvdDtJc0hhcmREZWxldGVkJnF1b3Q7OmZhbHNlfSx7JnF1b3Q7JGlkJnF1b3Q7OiZxdW90OzcxJnF1b3Q7LCZxdW90O0J1c2luZXNzVW5pdCZxdW90Ozp7JnF1b3Q7JGlkJnF1b3Q7OiZxdW90OzcyJnF1b3Q7LCZxdW90O0J1SWNvbiZxdW90OzomcXVvdDsvaW1hZ2VzL3VzZXJjb250cm9scy9pY29ucy9idS9zZXFfc21hbGwuZ2lmJnF1b3Q7LCZxdW90O0J1S2V5JnF1b3Q7OiZxdW90O1NFUSZxdW90OywmcXVvdDtCdU5hbWUmcXVvdDs6JnF1b3Q7Q3VzdG9tIEROQSBTZXF1ZW5jaW5nJnF1b3Q7LCZxdW90O0J1c2luZXNzVW5pdEVudW0mcXVvdDs6MiwmcXVvdDtEaXN0cmlidXRvclJlc3BvbnNpYmlsaXRpZXMmcXVvdDs6bnVsbCwmcXVvdDtIYXNMaW1zU3lzdGVtJnF1b3Q7OmZhbHNlLCZxdW90O0luc3RhbmNlU3RhdHVzRW51bSZxdW90OzowLCZxdW90O1NhbGVzSXRlbVR5cGVzJnF1b3Q7Om51bGwsJnF1b3Q7U2l0ZSZxdW90OzpudWxsLCZxdW90O1ZlcnNpb24mcXVvdDs6MSwmcXVvdDtCdVByb2R1Y3Rpb25EZXRhaWxzVXJsJnF1b3Q7Om51bGwsJnF1b3Q7SWQmcXVvdDs6MiwmcXVvdDtJc0hhcmREZWxldGVkJnF1b3Q7OmZhbHNlfSwmcXVvdDtQcm9kdWN0Q2F0ZWdvcnlFbnVtJnF1b3Q7OjEsJnF1b3Q7T3JkZXJXaXphcmRUeXBlRW51bSZxdW90OzoxNCwmcXVvdDtJbnN0YW5jZVN0YXR1c0VudW0mcXVvdDs6MCwmcXVvdDtDYW5PcmRlcldoZW5Ob1ByaWNlJnF1b3Q7OnRydWUsJnF1b3Q7Q2FuUXVvdGVXaGVuTm9QcmljZSZxdW90OzpmYWxzZSwmcXVvdDtDYW5RdW90ZVdpdGhQcmljZSZxdW90OzpmYWxzZSwmcXVvdDtDYW5TaGlwT25EcnlJY2UmcXVvdDs6ZmFsc2UsJnF1b3Q7Q29udHJvbFBhdGgmcXVvdDs6JnF1b3Q7TkEmcXVvdDssJnF1b3Q7SXNTdGFuZEFsb25lSXRlbSZxdW90OzpmYWxzZSwmcXVvdDtOYW1lJnF1b3Q7OiZxdW90O09yZGVyZWQgUHJpbWVyJnF1b3Q7LCZxdW90O09yZGVyaW5nUGFnZVBhdGgmcXVvdDs6JnF1b3Q7aW50TGlua1NJVF9PcmRlcmVkUHJpbWVyJnF1b3Q7LCZxdW90O1JlcXVpcmVQaHlzaWNhbFNoaXBtZW50JnF1b3Q7OmZhbHNlLCZxdW90O1NpdEtleSZxdW90OzomcXVvdDtPcmRlcmVkUHJpbWVyJnF1b3Q7LCZxdW90O1ZlcnNpb24mcXVvdDs6NSwmcXVvdDtXYWl0Rm9yQ2FuY2VsbGF0aW9uUGVyaW9kJnF1b3Q7OjAsJnF1b3Q7WHNkUGF0aCZxdW90OzomcXVvdDtodHRwczovL3NlcnZpY2VzLmV1cm9maW5zZ2Vub21pY3MuY29tL1NjaGVtYXMvRWNvbS9QU0QvU2VxdWVuY2luZ1ByaW1lclYxLjMueHNkJnF1b3Q7LCZxdW90O05lZWRzQmlvU2FmZXR5JnF1b3Q7OmZhbHNlLCZxdW90O0Nhbkd1ZXN0Q2hlY2tvdXQmcXVvdDs6ZmFsc2UsJnF1b3Q7RGlzYWxsb3dRdWFudGl0eUNoYW5nZSZxdW90OzpmYWxzZSwmcXVvdDtEaXNhbGxvd0VkaXRJbkNhcnQmcXVvdDs6ZmFsc2UsJnF1b3Q7UmVzb3VyY2VQcmVmaXgmcXVvdDs6bnVsbCwmcXVvdDtQcm9kdWN0aW9uT3JkZXJHcm91cCZxdW90OzpudWxsLCZxdW90O1Nwc2MmcXVvdDs6bnVsbCwmcXVvdDtFQ2xhc3MmcXVvdDs6bnVsbCwmcXVvdDtJZCZxdW90Ozo1NCwmcXVvdDtJc0hhcmREZWxldGVkJnF1b3Q7OmZhbHNlfSx7JnF1b3Q7JGlkJnF1b3Q7OiZxdW90OzczJnF1b3Q7LCZxdW90O0J1c2luZXNzVW5pdCZxdW90Ozp7JnF1b3Q7JGlkJnF1b3Q7OiZxdW90Ozc0JnF1b3Q7LCZxdW90O0J1SWNvbiZxdW90OzomcXVvdDsvaW1hZ2VzL3VzZXJjb250cm9scy9pY29ucy9idS9zZXFfc21hbGwuZ2lmJnF1b3Q7LCZxdW90O0J1S2V5JnF1b3Q7OiZxdW90O1NFUSZxdW90OywmcXVvdDtCdU5hbWUmcXVvdDs6JnF1b3Q7Q3VzdG9tIEROQSBTZXF1ZW5jaW5nJnF1b3Q7LCZxdW90O0J1c2luZXNzVW5pdEVudW0mcXVvdDs6MiwmcXVvdDtEaXN0cmlidXRvclJlc3BvbnNpYmlsaXRpZXMmcXVvdDs6bnVsbCwmcXVvdDtIYXNMaW1zU3lzdGVtJnF1b3Q7OmZhbHNlLCZxdW90O0luc3RhbmNlU3RhdHVzRW51bSZxdW90OzowLCZxdW90O1NhbGVzSXRlbVR5cGVzJnF1b3Q7Om51bGwsJnF1b3Q7U2l0ZSZxdW90OzpudWxsLCZxdW90O1ZlcnNpb24mcXVvdDs6MSwmcXVvdDtCdVByb2R1Y3Rpb25EZXRhaWxzVXJsJnF1b3Q7Om51bGwsJnF1b3Q7SWQmcXVvdDs6MiwmcXVvdDtJc0hhcmREZWxldGVkJnF1b3Q7OmZhbHNlfSwmcXVvdDtQcm9kdWN0Q2F0ZWdvcnlFbnVtJnF1b3Q7OjEsJnF1b3Q7T3JkZXJXaXphcmRUeXBlRW51bSZxdW90OzoxMiwmcXVvdDtJbnN0YW5jZVN0YXR1c0VudW0mcXVvdDs6MCwmcXVvdDtDYW5PcmRlcldoZW5Ob1ByaWNlJnF1b3Q7OnRydWUsJnF1b3Q7Q2FuUXVvdGVXaGVuTm9QcmljZSZxdW90Ozp0cnVlLCZxdW90O0NhblF1b3RlV2l0aFByaWNlJnF1b3Q7OnRydWUsJnF1b3Q7Q2FuU2hpcE9uRHJ5SWNlJnF1b3Q7OmZhbHNlLCZxdW90O0NvbnRyb2xQYXRoJnF1b3Q7OiZxdW90O35cXHVzZXJjb250cm9sc1xcQ29yZVxcQ29udGFpbmVyXFxPcmRlcmluZ1xcQ2F0YWxvZ3VlUHJvZHVjdHNcXENhdGFsb2d1ZVByb2R1Y3QuYXNjeCZxdW90OywmcXVvdDtJc1N0YW5kQWxvbmVJdGVtJnF1b3Q7OmZhbHNlLCZxdW90O05hbWUmcXVvdDs6JnF1b3Q7T3Zlcm5pZ2h0U2hpcHBpbmdLaXQmcXVvdDssJnF1b3Q7T3JkZXJpbmdQYWdlUGF0aCZxdW90OzomcXVvdDtpbnRMaW5rU0lUX092ZXJuaWdodFNoaXBwaW5nS2l0JnF1b3Q7LCZxdW90O1JlcXVpcmVQaHlzaWNhbFNoaXBtZW50JnF1b3Q7OnRydWUsJnF1b3Q7U2l0S2V5JnF1b3Q7OiZxdW90O092ZXJuaWdodFNoaXBwaW5nS2l0JnF1b3Q7LCZxdW90O1ZlcnNpb24mcXVvdDs6MSwmcXVvdDtXYWl0Rm9yQ2FuY2VsbGF0aW9uUGVyaW9kJnF1b3Q7OjMwLCZxdW90O1hzZFBhdGgmcXVvdDs6JnF1b3Q7aHR0cHM6Ly9zZXJ2aWNlcy5ldXJvZmluc2dlbm9taWNzLmNvbS9TY2hlbWFzL0Vjb20vUFNEL0NhdGFsb2d1ZVByb2R1Y3RzVjIuMi54c2QmcXVvdDssJnF1b3Q7TmVlZHNCaW9TYWZldHkmcXVvdDs6dHJ1ZSwmcXVvdDtDYW5HdWVzdENoZWNrb3V0JnF1b3Q7OmZhbHNlLCZxdW90O0Rpc2FsbG93UXVhbnRpdHlDaGFuZ2UmcXVvdDs6ZmFsc2UsJnF1b3Q7RGlzYWxsb3dFZGl0SW5DYXJ0JnF1b3Q7OmZhbHNlLCZxdW90O1Jlc291cmNlUHJlZml4JnF1b3Q7OiZxdW90OyZxdW90OywmcXVvdDtQcm9kdWN0aW9uT3JkZXJHcm91cCZxdW90Ozp7JnF1b3Q7JHJlZiZxdW90OzomcXVvdDszJnF1b3Q7fSwmcXVvdDtTcHNjJnF1b3Q7OiZxdW90OyZxdW90OywmcXVvdDtFQ2xhc3MmcXVvdDs6JnF1b3Q7JnF1b3Q7LCZxdW90O0lkJnF1b3Q7OjkwLCZxdW90O0lzSGFyZERlbGV0ZWQmcXVvdDs6ZmFsc2V9LHsmcXVvdDskaWQmcXVvdDs6JnF1b3Q7NzUmcXVvdDssJnF1b3Q7QnVzaW5lc3NVbml0JnF1b3Q7OnsmcXVvdDskaWQmcXVvdDs6JnF1b3Q7NzYmcXVvdDssJnF1b3Q7QnVJY29uJnF1b3Q7OiZxdW90Oy9pbWFnZXMvdXNlcmNvbnRyb2xzL2ljb25zL2J1L3NlcV9zbWFsbC5naWYmcXVvdDssJnF1b3Q7QnVLZXkmcXVvdDs6JnF1b3Q7U0VRJnF1b3Q7LCZxdW90O0J1TmFtZSZxdW90OzomcXVvdDtDdXN0b20gRE5BIFNlcXVlbmNpbmcmcXVvdDssJnF1b3Q7QnVzaW5lc3NVbml0RW51bSZxdW90OzoyLCZxdW90O0Rpc3RyaWJ1dG9yUmVzcG9uc2liaWxpdGllcyZxdW90OzpudWxsLCZxdW90O0hhc0xpbXNTeXN0ZW0mcXVvdDs6ZmFsc2UsJnF1b3Q7SW5zdGFuY2VTdGF0dXNFbnVtJnF1b3Q7OjAsJnF1b3Q7U2FsZXNJdGVtVHlwZXMmcXVvdDs6bnVsbCwmcXVvdDtTaXRlJnF1b3Q7Om51bGwsJnF1b3Q7VmVyc2lvbiZxdW90OzoxLCZxdW90O0J1UHJvZHVjdGlvbkRldGFpbHNVcmwmcXVvdDs6bnVsbCwmcXVvdDtJZCZxdW90OzoyLCZxdW90O0lzSGFyZERlbGV0ZWQmcXVvdDs6ZmFsc2V9LCZxdW90O1Byb2R1Y3RDYXRlZ29yeUVudW0mcXVvdDs6MSwmcXVvdDtPcmRlcldpemFyZFR5cGVFbnVtJnF1b3Q7OjEyLCZxdW90O0luc3RhbmNlU3RhdHVzRW51bSZxdW90OzowLCZxdW90O0Nhbk9yZGVyV2hlbk5vUHJpY2UmcXVvdDs6dHJ1ZSwmcXVvdDtDYW5RdW90ZVdoZW5Ob1ByaWNlJnF1b3Q7OmZhbHNlLCZxdW90O0NhblF1b3RlV2l0aFByaWNlJnF1b3Q7OmZhbHNlLCZxdW90O0NhblNoaXBPbkRyeUljZSZxdW90OzpmYWxzZSwmcXVvdDtDb250cm9sUGF0aCZxdW90OzomcXVvdDt+XFx1c2VyY29udHJvbHNcXENvcmVcXENvbnRhaW5lclxcT3JkZXJpbmdcXENhdGFsb2d1ZVByb2R1Y3RzXFxDYXRhbG9ndWVQcm9kdWN0LmFzY3gmcXVvdDssJnF1b3Q7SXNTdGFuZEFsb25lSXRlbSZxdW90OzpmYWxzZSwmcXVvdDtOYW1lJnF1b3Q7OiZxdW90Ozk2d2VsbCBQQ1IgUGxhdGUmcXVvdDssJnF1b3Q7T3JkZXJpbmdQYWdlUGF0aCZxdW90OzomcXVvdDtpbnRMaW5rU0lUX1BDUlBsYXRlJnF1b3Q7LCZxdW90O1JlcXVpcmVQaHlzaWNhbFNoaXBtZW50JnF1b3Q7OnRydWUsJnF1b3Q7U2l0S2V5JnF1b3Q7OiZxdW90O1BDUlBsYXRlJnF1b3Q7LCZxdW90O1ZlcnNpb24mcXVvdDs6NCwmcXVvdDtXYWl0Rm9yQ2FuY2VsbGF0aW9uUGVyaW9kJnF1b3Q7OjAsJnF1b3Q7WHNkUGF0aCZxdW90OzomcXVvdDtodHRwczovL3NlcnZpY2VzLmV1cm9maW5zZ2Vub21pY3MuY29tL1NjaGVtYXMvRWNvbS9QU0QvQ2F0YWxvZ3VlUHJvZHVjdHNWMi4yLnhzZCZxdW90OywmcXVvdDtOZWVkc0Jpb1NhZmV0eSZxdW90OzpmYWxzZSwmcXVvdDtDYW5HdWVzdENoZWNrb3V0JnF1b3Q7OmZhbHNlLCZxdW90O0Rpc2FsbG93UXVhbnRpdHlDaGFuZ2UmcXVvdDs6ZmFsc2UsJnF1b3Q7RGlzYWxsb3dFZGl0SW5DYXJ0JnF1b3Q7OmZhbHNlLCZxdW90O1Jlc291cmNlUHJlZml4JnF1b3Q7OiZxdW90OyZxdW90OywmcXVvdDtQcm9kdWN0aW9uT3JkZXJHcm91cCZxdW90Ozp7JnF1b3Q7JHJlZiZxdW90OzomcXVvdDszJnF1b3Q7fSwmcXVvdDtTcHNjJnF1b3Q7OiZxdW90OyZxdW90OywmcXVvdDtFQ2xhc3MmcXVvdDs6JnF1b3Q7JnF1b3Q7LCZxdW90O0lkJnF1b3Q7OjQ3LCZxdW90O0lzSGFyZERlbGV0ZWQmcXVvdDs6ZmFsc2V9LHsmcXVvdDskaWQmcXVvdDs6JnF1b3Q7NzcmcXVvdDssJnF1b3Q7QnVzaW5lc3NVbml0JnF1b3Q7OnsmcXVvdDskaWQmcXVvdDs6JnF1b3Q7NzgmcXVvdDssJnF1b3Q7QnVJY29uJnF1b3Q7OiZxdW90Oy9pbWFnZXMvdXNlcmNvbnRyb2xzL2ljb25zL2J1L29saWdvX3NtYWxsLmdpZiZxdW90OywmcXVvdDtCdUtleSZxdW90OzomcXVvdDtPbGlnb3MmcXVvdDssJnF1b3Q7QnVOYW1lJnF1b3Q7OiZxdW90O0ROQSAmYW1wOyBSTkEgT2xpZ29udWNsZW90aWRlcyZxdW90OywmcXVvdDtCdXNpbmVzc1VuaXRFbnVtJnF1b3Q7OjEsJnF1b3Q7RGlzdHJpYnV0b3JSZXNwb25zaWJpbGl0aWVzJnF1b3Q7Om51bGwsJnF1b3Q7SGFzTGltc1N5c3RlbSZxdW90OzpmYWxzZSwmcXVvdDtJbnN0YW5jZVN0YXR1c0VudW0mcXVvdDs6MCwmcXVvdDtTYWxlc0l0ZW1UeXBlcyZxdW90OzpudWxsLCZxdW90O1NpdGUmcXVvdDs6bnVsbCwmcXVvdDtWZXJzaW9uJnF1b3Q7OjEsJnF1b3Q7QnVQcm9kdWN0aW9uRGV0YWlsc1VybCZxdW90OzpudWxsLCZxdW90O0lkJnF1b3Q7OjEsJnF1b3Q7SXNIYXJkRGVsZXRlZCZxdW90OzpmYWxzZX0sJnF1b3Q7UHJvZHVjdENhdGVnb3J5RW51bSZxdW90OzoxLCZxdW90O09yZGVyV2l6YXJkVHlwZUVudW0mcXVvdDs6MywmcXVvdDtJbnN0YW5jZVN0YXR1c0VudW0mcXVvdDs6MCwmcXVvdDtDYW5PcmRlcldoZW5Ob1ByaWNlJnF1b3Q7OnRydWUsJnF1b3Q7Q2FuUXVvdGVXaGVuTm9QcmljZSZxdW90Ozp0cnVlLCZxdW90O0NhblF1b3RlV2l0aFByaWNlJnF1b3Q7OmZhbHNlLCZxdW90O0NhblNoaXBPbkRyeUljZSZxdW90OzpmYWxzZSwmcXVvdDtDb250cm9sUGF0aCZxdW90OzomcXVvdDt+XFx1c2VyY29udHJvbHNcXENvcmVcXENvbnRhaW5lclxcT3JkZXJpbmdcXE9saWdvc1xcU2VtaUN1c3RvbWlzZWRJblR1YmVzLmFzY3gmcXVvdDssJnF1b3Q7SXNTdGFuZEFsb25lSXRlbSZxdW90OzpmYWxzZSwmcXVvdDtOYW1lJnF1b3Q7OiZxdW90O1BDUiBQcmltZXImcXVvdDssJnF1b3Q7T3JkZXJpbmdQYWdlUGF0aCZxdW90OzomcXVvdDtpbnRMaW5rU0lUX1BDUlByaW1lciZxdW90OywmcXVvdDtSZXF1aXJlUGh5c2ljYWxTaGlwbWVudCZxdW90Ozp0cnVlLCZxdW90O1NpdEtleSZxdW90OzomcXVvdDtQQ1JQcmltZXImcXVvdDssJnF1b3Q7VmVyc2lvbiZxdW90Ozo2LCZxdW90O1dhaXRGb3JDYW5jZWxsYXRpb25QZXJpb2QmcXVvdDs6MTUsJnF1b3Q7WHNkUGF0aCZxdW90OzomcXVvdDtodHRwczovL3NlcnZpY2VzLmV1cm9maW5zZ2Vub21pY3MuY29tL1NjaGVtYXMvRWNvbS9QU0QvT2xpZ29WNC4xLnhzZCZxdW90OywmcXVvdDtOZWVkc0Jpb1NhZmV0eSZxdW90Ozp0cnVlLCZxdW90O0Nhbkd1ZXN0Q2hlY2tvdXQmcXVvdDs6dHJ1ZSwmcXVvdDtEaXNhbGxvd1F1YW50aXR5Q2hhbmdlJnF1b3Q7OmZhbHNlLCZxdW90O0Rpc2FsbG93RWRpdEluQ2FydCZxdW90OzpmYWxzZSwmcXVvdDtSZXNvdXJjZVByZWZpeCZxdW90OzpudWxsLCZxdW90O1Byb2R1Y3Rpb25PcmRlckdyb3VwJnF1b3Q7Om51bGwsJnF1b3Q7U3BzYyZxdW90OzpudWxsLCZxdW90O0VDbGFzcyZxdW90OzpudWxsLCZxdW90O0lkJnF1b3Q7OjcsJnF1b3Q7SXNIYXJkRGVsZXRlZCZxdW90OzpmYWxzZX0seyZxdW90OyRpZCZxdW90OzomcXVvdDs3OSZxdW90OywmcXVvdDtCdXNpbmVzc1VuaXQmcXVvdDs6eyZxdW90OyRpZCZxdW90OzomcXVvdDs4MCZxdW90OywmcXVvdDtCdUljb24mcXVvdDs6JnF1b3Q7L2ltYWdlcy91c2VyY29udHJvbHMvaWNvbnMvYnUvb2xpZ29fc21hbGwuZ2lmJnF1b3Q7LCZxdW90O0J1S2V5JnF1b3Q7OiZxdW90O09saWdvcyZxdW90OywmcXVvdDtCdU5hbWUmcXVvdDs6JnF1b3Q7RE5BICZhbXA7IFJOQSBPbGlnb251Y2xlb3RpZGVzJnF1b3Q7LCZxdW90O0J1c2luZXNzVW5pdEVudW0mcXVvdDs6MSwmcXVvdDtEaXN0cmlidXRvclJlc3BvbnNpYmlsaXRpZXMmcXVvdDs6bnVsbCwmcXVvdDtIYXNMaW1zU3lzdGVtJnF1b3Q7OmZhbHNlLCZxdW90O0luc3RhbmNlU3RhdHVzRW51bSZxdW90OzowLCZxdW90O1NhbGVzSXRlbVR5cGVzJnF1b3Q7Om51bGwsJnF1b3Q7U2l0ZSZxdW90OzpudWxsLCZxdW90O1ZlcnNpb24mcXVvdDs6MSwmcXVvdDtCdVByb2R1Y3Rpb25EZXRhaWxzVXJsJnF1b3Q7Om51bGwsJnF1b3Q7SWQmcXVvdDs6MSwmcXVvdDtJc0hhcmREZWxldGVkJnF1b3Q7OmZhbHNlfSwmcXVvdDtQcm9kdWN0Q2F0ZWdvcnlFbnVtJnF1b3Q7OjEsJnF1b3Q7T3JkZXJXaXphcmRUeXBlRW51bSZxdW90Ozo1LCZxdW90O0luc3RhbmNlU3RhdHVzRW51bSZxdW90OzowLCZxdW90O0Nhbk9yZGVyV2hlbk5vUHJpY2UmcXVvdDs6dHJ1ZSwmcXVvdDtDYW5RdW90ZVdoZW5Ob1ByaWNlJnF1b3Q7OmZhbHNlLCZxdW90O0NhblF1b3RlV2l0aFByaWNlJnF1b3Q7OmZhbHNlLCZxdW90O0NhblNoaXBPbkRyeUljZSZxdW90OzpmYWxzZSwmcXVvdDtDb250cm9sUGF0aCZxdW90OzomcXVvdDt+XFx1c2VyY29udHJvbHNcXENvcmVcXENvbnRhaW5lclxcT3JkZXJpbmdcXE9saWdvc1xcUGxhdGVPbGlnb3MuYXNjeCZxdW90OywmcXVvdDtJc1N0YW5kQWxvbmVJdGVtJnF1b3Q7OmZhbHNlLCZxdW90O05hbWUmcXVvdDs6JnF1b3Q7UENSIFByaW1lciBQbGF0ZSZxdW90OywmcXVvdDtPcmRlcmluZ1BhZ2VQYXRoJnF1b3Q7OiZxdW90O2ludExpbmtTSVRfUENSUHJpbWVyUGxhdGUmcXVvdDssJnF1b3Q7UmVxdWlyZVBoeXNpY2FsU2hpcG1lbnQmcXVvdDs6dHJ1ZSwmcXVvdDtTaXRLZXkmcXVvdDs6JnF1b3Q7UENSUHJpbWVyUGxhdGUmcXVvdDssJnF1b3Q7VmVyc2lvbiZxdW90Ozo0LCZxdW90O1dhaXRGb3JDYW5jZWxsYXRpb25QZXJpb2QmcXVvdDs6MzAsJnF1b3Q7WHNkUGF0aCZxdW90OzomcXVvdDtodHRwczovL3NlcnZpY2VzLmV1cm9maW5zZ2Vub21pY3MuY29tL1NjaGVtYXMvRWNvbS9QU0QvT2xpZ29WNC4xLnhzZCZxdW90OywmcXVvdDtOZWVkc0Jpb1NhZmV0eSZxdW90OzpmYWxzZSwmcXVvdDtDYW5HdWVzdENoZWNrb3V0JnF1b3Q7OmZhbHNlLCZxdW90O0Rpc2FsbG93UXVhbnRpdHlDaGFuZ2UmcXVvdDs6ZmFsc2UsJnF1b3Q7RGlzYWxsb3dFZGl0SW5DYXJ0JnF1b3Q7OnRydWUsJnF1b3Q7UmVzb3VyY2VQcmVmaXgmcXVvdDs6JnF1b3Q7JnF1b3Q7LCZxdW90O1Byb2R1Y3Rpb25PcmRlckdyb3VwJnF1b3Q7Om51bGwsJnF1b3Q7U3BzYyZxdW90OzomcXVvdDsmcXVvdDssJnF1b3Q7RUNsYXNzJnF1b3Q7OiZxdW90OyZxdW90OywmcXVvdDtJZCZxdW90Ozo4NSwmcXVvdDtJc0hhcmREZWxldGVkJnF1b3Q7OmZhbHNlfSx7JnF1b3Q7JGlkJnF1b3Q7OiZxdW90OzgxJnF1b3Q7LCZxdW90O0J1c2luZXNzVW5pdCZxdW90Ozp7JnF1b3Q7JGlkJnF1b3Q7OiZxdW90OzgyJnF1b3Q7LCZxdW90O0J1SWNvbiZxdW90OzomcXVvdDsvaW1hZ2VzL3VzZXJjb250cm9scy9pY29ucy9idS9tb2xiaW9sX3NtYWxsLmdpZiZxdW90OywmcXVvdDtCdUtleSZxdW90OzomcXVvdDtHU1kmcXVvdDssJnF1b3Q7QnVOYW1lJnF1b3Q7OiZxdW90O01vbGVjdWxhciBCaW9sb2d5JnF1b3Q7LCZxdW90O0J1c2luZXNzVW5pdEVudW0mcXVvdDs6NSwmcXVvdDtEaXN0cmlidXRvclJlc3BvbnNpYmlsaXRpZXMmcXVvdDs6bnVsbCwmcXVvdDtIYXNMaW1zU3lzdGVtJnF1b3Q7OmZhbHNlLCZxdW90O0luc3RhbmNlU3RhdHVzRW51bSZxdW90OzowLCZxdW90O1NhbGVzSXRlbVR5cGVzJnF1b3Q7Om51bGwsJnF1b3Q7U2l0ZSZxdW90OzpudWxsLCZxdW90O1ZlcnNpb24mcXVvdDs6MCwmcXVvdDtCdVByb2R1Y3Rpb25EZXRhaWxzVXJsJnF1b3Q7Om51bGwsJnF1b3Q7SWQmcXVvdDs6NSwmcXVvdDtJc0hhcmREZWxldGVkJnF1b3Q7OmZhbHNlfSwmcXVvdDtQcm9kdWN0Q2F0ZWdvcnlFbnVtJnF1b3Q7OjEsJnF1b3Q7T3JkZXJXaXphcmRUeXBlRW51bSZxdW90OzoyMSwmcXVvdDtJbnN0YW5jZVN0YXR1c0VudW0mcXVvdDs6MCwmcXVvdDtDYW5PcmRlcldoZW5Ob1ByaWNlJnF1b3Q7OnRydWUsJnF1b3Q7Q2FuUXVvdGVXaGVuTm9QcmljZSZxdW90Ozp0cnVlLCZxdW90O0NhblF1b3RlV2l0aFByaWNlJnF1b3Q7OnRydWUsJnF1b3Q7Q2FuU2hpcE9uRHJ5SWNlJnF1b3Q7OnRydWUsJnF1b3Q7Q29udHJvbFBhdGgmcXVvdDs6JnF1b3Q7flxcdXNlcmNvbnRyb2xzXFxDb3JlXFxNb2xlY3VsYXJCaW9sb2d5XFx1Y01vbGVjdWxhckJpb2xvZ3lTZXJ2aWNlcy5hc2N4JnF1b3Q7LCZxdW90O0lzU3RhbmRBbG9uZUl0ZW0mcXVvdDs6ZmFsc2UsJnF1b3Q7TmFtZSZxdW90OzomcXVvdDtQbGFzbWlkUHJlcCZxdW90OywmcXVvdDtPcmRlcmluZ1BhZ2VQYXRoJnF1b3Q7OiZxdW90O2ludExpbmtTSVRfUGxhc21pZFByZXAmcXVvdDssJnF1b3Q7UmVxdWlyZVBoeXNpY2FsU2hpcG1lbnQmcXVvdDs6ZmFsc2UsJnF1b3Q7U2l0S2V5JnF1b3Q7OiZxdW90O1BsYXNtaWRQcmVwJnF1b3Q7LCZxdW90O1ZlcnNpb24mcXVvdDs6MiwmcXVvdDtXYWl0Rm9yQ2FuY2VsbGF0aW9uUGVyaW9kJnF1b3Q7OjAsJnF1b3Q7WHNkUGF0aCZxdW90OzomcXVvdDtodHRwczovL3NlcnZpY2VzLmV1cm9maW5zZ2Vub21pY3MuY29tL1NjaGVtYXMvRWNvbS9QU0QvTW9sQmlvbFNlcnZpY2VzVjEuMi54c2QmcXVvdDssJnF1b3Q7TmVlZHNCaW9TYWZldHkmcXVvdDs6ZmFsc2UsJnF1b3Q7Q2FuR3Vlc3RDaGVja291dCZxdW90OzpmYWxzZSwmcXVvdDtEaXNhbGxvd1F1YW50aXR5Q2hhbmdlJnF1b3Q7OmZhbHNlLCZxdW90O0Rpc2FsbG93RWRpdEluQ2FydCZxdW90OzpmYWxzZSwmcXVvdDtSZXNvdXJjZVByZWZpeCZxdW90OzpudWxsLCZxdW90O1Byb2R1Y3Rpb25PcmRlckdyb3VwJnF1b3Q7Om51bGwsJnF1b3Q7U3BzYyZxdW90OzpudWxsLCZxdW90O0VDbGFzcyZxdW90OzpudWxsLCZxdW90O0lkJnF1b3Q7OjcwLCZxdW90O0lzSGFyZERlbGV0ZWQmcXVvdDs6ZmFsc2V9LHsmcXVvdDskaWQmcXVvdDs6JnF1b3Q7ODMmcXVvdDssJnF1b3Q7QnVzaW5lc3NVbml0JnF1b3Q7OnsmcXVvdDskaWQmcXVvdDs6JnF1b3Q7ODQmcXVvdDssJnF1b3Q7QnVJY29uJnF1b3Q7OiZxdW90Oy9pbWFnZXMvdXNlcmNvbnRyb2xzL2ljb25zL2J1L3NlcV9zbWFsbC5naWYmcXVvdDssJnF1b3Q7QnVLZXkmcXVvdDs6JnF1b3Q7U0VRJnF1b3Q7LCZxdW90O0J1TmFtZSZxdW90OzomcXVvdDtDdXN0b20gRE5BIFNlcXVlbmNpbmcmcXVvdDssJnF1b3Q7QnVzaW5lc3NVbml0RW51bSZxdW90OzoyLCZxdW90O0Rpc3RyaWJ1dG9yUmVzcG9uc2liaWxpdGllcyZxdW90OzpudWxsLCZxdW90O0hhc0xpbXNTeXN0ZW0mcXVvdDs6ZmFsc2UsJnF1b3Q7SW5zdGFuY2VTdGF0dXNFbnVtJnF1b3Q7OjAsJnF1b3Q7U2FsZXNJdGVtVHlwZXMmcXVvdDs6bnVsbCwmcXVvdDtTaXRlJnF1b3Q7Om51bGwsJnF1b3Q7VmVyc2lvbiZxdW90OzoxLCZxdW90O0J1UHJvZHVjdGlvbkRldGFpbHNVcmwmcXVvdDs6bnVsbCwmcXVvdDtJZCZxdW90OzoyLCZxdW90O0lzSGFyZERlbGV0ZWQmcXVvdDs6ZmFsc2V9LCZxdW90O1Byb2R1Y3RDYXRlZ29yeUVudW0mcXVvdDs6MSwmcXVvdDtPcmRlcldpemFyZFR5cGVFbnVtJnF1b3Q7OjEyLCZxdW90O0luc3RhbmNlU3RhdHVzRW51bSZxdW90OzowLCZxdW90O0Nhbk9yZGVyV2hlbk5vUHJpY2UmcXVvdDs6dHJ1ZSwmcXVvdDtDYW5RdW90ZVdoZW5Ob1ByaWNlJnF1b3Q7OmZhbHNlLCZxdW90O0NhblF1b3RlV2l0aFByaWNlJnF1b3Q7OmZhbHNlLCZxdW90O0NhblNoaXBPbkRyeUljZSZxdW90OzpmYWxzZSwmcXVvdDtDb250cm9sUGF0aCZxdW90OzomcXVvdDt+XFx1c2VyY29udHJvbHNcXENvcmVcXENvbnRhaW5lclxcT3JkZXJpbmdcXENhdGFsb2d1ZVByb2R1Y3RzXFxDYXRhbG9ndWVQcm9kdWN0LmFzY3gmcXVvdDssJnF1b3Q7SXNTdGFuZEFsb25lSXRlbSZxdW90OzpmYWxzZSwmcXVvdDtOYW1lJnF1b3Q7OiZxdW90O0FkaGVzaXZlIFBsYXN0aWMgRm9pbCZxdW90OywmcXVvdDtPcmRlcmluZ1BhZ2VQYXRoJnF1b3Q7OiZxdW90O2ludExpbmtTSVRfUGxhc3RpY0ZvaWwmcXVvdDssJnF1b3Q7UmVxdWlyZVBoeXNpY2FsU2hpcG1lbnQmcXVvdDs6dHJ1ZSwmcXVvdDtTaXRLZXkmcXVvdDs6JnF1b3Q7UGxhc3RpY0ZvaWwmcXVvdDssJnF1b3Q7VmVyc2lvbiZxdW90OzozLCZxdW90O1dhaXRGb3JDYW5jZWxsYXRpb25QZXJpb2QmcXVvdDs6MCwmcXVvdDtYc2RQYXRoJnF1b3Q7OiZxdW90O2h0dHBzOi8vc2VydmljZXMuZXVyb2ZpbnNnZW5vbWljcy5jb20vU2NoZW1hcy9FY29tL1BTRC9DYXRhbG9ndWVQcm9kdWN0c1YyLjIueHNkJnF1b3Q7LCZxdW90O05lZWRzQmlvU2FmZXR5JnF1b3Q7OmZhbHNlLCZxdW90O0Nhbkd1ZXN0Q2hlY2tvdXQmcXVvdDs6ZmFsc2UsJnF1b3Q7RGlzYWxsb3dRdWFudGl0eUNoYW5nZSZxdW90OzpmYWxzZSwmcXVvdDtEaXNhbGxvd0VkaXRJbkNhcnQmcXVvdDs6ZmFsc2UsJnF1b3Q7UmVzb3VyY2VQcmVmaXgmcXVvdDs6bnVsbCwmcXVvdDtQcm9kdWN0aW9uT3JkZXJHcm91cCZxdW90Ozp7JnF1b3Q7JHJlZiZxdW90OzomcXVvdDszJnF1b3Q7fSwmcXVvdDtTcHNjJnF1b3Q7Om51bGwsJnF1b3Q7RUNsYXNzJnF1b3Q7Om51bGwsJnF1b3Q7SWQmcXVvdDs6NTAsJnF1b3Q7SXNIYXJkRGVsZXRlZCZxdW90OzpmYWxzZX0seyZxdW90OyRpZCZxdW90OzomcXVvdDs4NSZxdW90OywmcXVvdDtCdXNpbmVzc1VuaXQmcXVvdDs6eyZxdW90OyRpZCZxdW90OzomcXVvdDs4NiZxdW90OywmcXVvdDtCdUljb24mcXVvdDs6JnF1b3Q7L2ltYWdlcy91c2VyY29udHJvbHMvaWNvbnMvYnUvc2VxX3NtYWxsLmdpZiZxdW90OywmcXVvdDtCdUtleSZxdW90OzomcXVvdDtTRVEmcXVvdDssJnF1b3Q7QnVOYW1lJnF1b3Q7OiZxdW90O0N1c3RvbSBETkEgU2VxdWVuY2luZyZxdW90OywmcXVvdDtCdXNpbmVzc1VuaXRFbnVtJnF1b3Q7OjIsJnF1b3Q7RGlzdHJpYnV0b3JSZXNwb25zaWJpbGl0aWVzJnF1b3Q7Om51bGwsJnF1b3Q7SGFzTGltc1N5c3RlbSZxdW90OzpmYWxzZSwmcXVvdDtJbnN0YW5jZVN0YXR1c0VudW0mcXVvdDs6MCwmcXVvdDtTYWxlc0l0ZW1UeXBlcyZxdW90OzpudWxsLCZxdW90O1NpdGUmcXVvdDs6bnVsbCwmcXVvdDtWZXJzaW9uJnF1b3Q7OjEsJnF1b3Q7QnVQcm9kdWN0aW9uRGV0YWlsc1VybCZxdW90OzpudWxsLCZxdW90O0lkJnF1b3Q7OjIsJnF1b3Q7SXNIYXJkRGVsZXRlZCZxdW90OzpmYWxzZX0sJnF1b3Q7UHJvZHVjdENhdGVnb3J5RW51bSZxdW90OzoxLCZxdW90O09yZGVyV2l6YXJkVHlwZUVudW0mcXVvdDs6MTIsJnF1b3Q7SW5zdGFuY2VTdGF0dXNFbnVtJnF1b3Q7OjAsJnF1b3Q7Q2FuT3JkZXJXaGVuTm9QcmljZSZxdW90Ozp0cnVlLCZxdW90O0NhblF1b3RlV2hlbk5vUHJpY2UmcXVvdDs6ZmFsc2UsJnF1b3Q7Q2FuUXVvdGVXaXRoUHJpY2UmcXVvdDs6ZmFsc2UsJnF1b3Q7Q2FuU2hpcE9uRHJ5SWNlJnF1b3Q7OmZhbHNlLCZxdW90O0NvbnRyb2xQYXRoJnF1b3Q7OiZxdW90O35cXHVzZXJjb250cm9sc1xcQ29yZVxcQ29udGFpbmVyXFxPcmRlcmluZ1xcQ2F0YWxvZ3VlUHJvZHVjdHNcXENhdGFsb2d1ZVByb2R1Y3QuYXNjeCZxdW90OywmcXVvdDtJc1N0YW5kQWxvbmVJdGVtJnF1b3Q7OmZhbHNlLCZxdW90O05hbWUmcXVvdDs6JnF1b3Q7UGxhdGUgU2FtcGxlIEJveCZxdW90OywmcXVvdDtPcmRlcmluZ1BhZ2VQYXRoJnF1b3Q7OiZxdW90O2ludExpbmtTSVRfUGxhdGVCb3gmcXVvdDssJnF1b3Q7UmVxdWlyZVBoeXNpY2FsU2hpcG1lbnQmcXVvdDs6dHJ1ZSwmcXVvdDtTaXRLZXkmcXVvdDs6JnF1b3Q7UGxhdGVCb3gmcXVvdDssJnF1b3Q7VmVyc2lvbiZxdW90OzozLCZxdW90O1dhaXRGb3JDYW5jZWxsYXRpb25QZXJpb2QmcXVvdDs6MCwmcXVvdDtYc2RQYXRoJnF1b3Q7OiZxdW90O2h0dHBzOi8vc2VydmljZXMuZXVyb2ZpbnNnZW5vbWljcy5jb20vU2NoZW1hcy9FY29tL1BTRC9DYXRhbG9ndWVQcm9kdWN0c1YyLjIueHNkJnF1b3Q7LCZxdW90O05lZWRzQmlvU2FmZXR5JnF1b3Q7OmZhbHNlLCZxdW90O0Nhbkd1ZXN0Q2hlY2tvdXQmcXVvdDs6ZmFsc2UsJnF1b3Q7RGlzYWxsb3dRdWFudGl0eUNoYW5nZSZxdW90OzpmYWxzZSwmcXVvdDtEaXNhbGxvd0VkaXRJbkNhcnQmcXVvdDs6ZmFsc2UsJnF1b3Q7UmVzb3VyY2VQcmVmaXgmcXVvdDs6bnVsbCwmcXVvdDtQcm9kdWN0aW9uT3JkZXJHcm91cCZxdW90Ozp7JnF1b3Q7JHJlZiZxdW90OzomcXVvdDszJnF1b3Q7fSwmcXVvdDtTcHNjJnF1b3Q7Om51bGwsJnF1b3Q7RUNsYXNzJnF1b3Q7Om51bGwsJnF1b3Q7SWQmcXVvdDs6NTEsJnF1b3Q7SXNIYXJkRGVsZXRlZCZxdW90OzpmYWxzZX0seyZxdW90OyRpZCZxdW90OzomcXVvdDs4NyZxdW90OywmcXVvdDtCdXNpbmVzc1VuaXQmcXVvdDs6eyZxdW90OyRpZCZxdW90OzomcXVvdDs4OCZxdW90OywmcXVvdDtCdUljb24mcXVvdDs6JnF1b3Q7L2ltYWdlcy91c2VyY29udHJvbHMvaWNvbnMvYnUvc2VxX3NtYWxsLmdpZiZxdW90OywmcXVvdDtCdUtleSZxdW90OzomcXVvdDtTRVEmcXVvdDssJnF1b3Q7QnVOYW1lJnF1b3Q7OiZxdW90O0N1c3RvbSBETkEgU2VxdWVuY2luZyZxdW90OywmcXVvdDtCdXNpbmVzc1VuaXRFbnVtJnF1b3Q7OjIsJnF1b3Q7RGlzdHJpYnV0b3JSZXNwb25zaWJpbGl0aWVzJnF1b3Q7Om51bGwsJnF1b3Q7SGFzTGltc1N5c3RlbSZxdW90OzpmYWxzZSwmcXVvdDtJbnN0YW5jZVN0YXR1c0VudW0mcXVvdDs6MCwmcXVvdDtTYWxlc0l0ZW1UeXBlcyZxdW90OzpudWxsLCZxdW90O1NpdGUmcXVvdDs6bnVsbCwmcXVvdDtWZXJzaW9uJnF1b3Q7OjEsJnF1b3Q7QnVQcm9kdWN0aW9uRGV0YWlsc1VybCZxdW90OzpudWxsLCZxdW90O0lkJnF1b3Q7OjIsJnF1b3Q7SXNIYXJkRGVsZXRlZCZxdW90OzpmYWxzZX0sJnF1b3Q7UHJvZHVjdENhdGVnb3J5RW51bSZxdW90OzoxLCZxdW90O09yZGVyV2l6YXJkVHlwZUVudW0mcXVvdDs6MTIsJnF1b3Q7SW5zdGFuY2VTdGF0dXNFbnVtJnF1b3Q7OjAsJnF1b3Q7Q2FuT3JkZXJXaGVuTm9QcmljZSZxdW90Ozp0cnVlLCZxdW90O0NhblF1b3RlV2hlbk5vUHJpY2UmcXVvdDs6ZmFsc2UsJnF1b3Q7Q2FuUXVvdGVXaXRoUHJpY2UmcXVvdDs6ZmFsc2UsJnF1b3Q7Q2FuU2hpcE9uRHJ5SWNlJnF1b3Q7OmZhbHNlLCZxdW90O0NvbnRyb2xQYXRoJnF1b3Q7OiZxdW90O35cXHVzZXJjb250cm9sc1xcQ29yZVxcQ29udGFpbmVyXFxPcmRlcmluZ1xcQ2F0YWxvZ3VlUHJvZHVjdHNcXENhdGFsb2d1ZVByb2R1Y3QuYXNjeCZxdW90OywmcXVvdDtJc1N0YW5kQWxvbmVJdGVtJnF1b3Q7OmZhbHNlLCZxdW90O05hbWUmcXVvdDs6JnF1b3Q7UHJlcGFpZCBQbGF0ZSBDb3Vwb24mcXVvdDssJnF1b3Q7T3JkZXJpbmdQYWdlUGF0aCZxdW90OzomcXVvdDtpbnRMaW5rU0lUX1BsYXRlQ291cG9uJnF1b3Q7LCZxdW90O1JlcXVpcmVQaHlzaWNhbFNoaXBtZW50JnF1b3Q7OnRydWUsJnF1b3Q7U2l0S2V5JnF1b3Q7OiZxdW90O1BsYXRlQ291cG9uJnF1b3Q7LCZxdW90O1ZlcnNpb24mcXVvdDs6MywmcXVvdDtXYWl0Rm9yQ2FuY2VsbGF0aW9uUGVyaW9kJnF1b3Q7OjMwLCZxdW90O1hzZFBhdGgmcXVvdDs6JnF1b3Q7aHR0cHM6Ly9zZXJ2aWNlcy5ldXJvZmluc2dlbm9taWNzLmNvbS9TY2hlbWFzL0Vjb20vUFNEL0NhdGFsb2d1ZVByb2R1Y3RzVjIuMi54c2QmcXVvdDssJnF1b3Q7TmVlZHNCaW9TYWZldHkmcXVvdDs6ZmFsc2UsJnF1b3Q7Q2FuR3Vlc3RDaGVja291dCZxdW90OzpmYWxzZSwmcXVvdDtEaXNhbGxvd1F1YW50aXR5Q2hhbmdlJnF1b3Q7OmZhbHNlLCZxdW90O0Rpc2FsbG93RWRpdEluQ2FydCZxdW90OzpmYWxzZSwmcXVvdDtSZXNvdXJjZVByZWZpeCZxdW90OzpudWxsLCZxdW90O1Byb2R1Y3Rpb25PcmRlckdyb3VwJnF1b3Q7OnsmcXVvdDskcmVmJnF1b3Q7OiZxdW90OzMmcXVvdDt9LCZxdW90O1Nwc2MmcXVvdDs6bnVsbCwmcXVvdDtFQ2xhc3MmcXVvdDs6bnVsbCwmcXVvdDtJZCZxdW90Ozo0MCwmcXVvdDtJc0hhcmREZWxldGVkJnF1b3Q7OmZhbHNlfSx7JnF1b3Q7JGlkJnF1b3Q7OiZxdW90Ozg5JnF1b3Q7LCZxdW90O0J1c2luZXNzVW5pdCZxdW90Ozp7JnF1b3Q7JGlkJnF1b3Q7OiZxdW90OzkwJnF1b3Q7LCZxdW90O0J1SWNvbiZxdW90OzomcXVvdDsvaW1hZ2VzL3VzZXJjb250cm9scy9pY29ucy9idS9zZXFfc21hbGwuZ2lmJnF1b3Q7LCZxdW90O0J1S2V5JnF1b3Q7OiZxdW90O1NFUSZxdW90OywmcXVvdDtCdU5hbWUmcXVvdDs6JnF1b3Q7Q3VzdG9tIEROQSBTZXF1ZW5jaW5nJnF1b3Q7LCZxdW90O0J1c2luZXNzVW5pdEVudW0mcXVvdDs6MiwmcXVvdDtEaXN0cmlidXRvclJlc3BvbnNpYmlsaXRpZXMmcXVvdDs6bnVsbCwmcXVvdDtIYXNMaW1zU3lzdGVtJnF1b3Q7OmZhbHNlLCZxdW90O0luc3RhbmNlU3RhdHVzRW51bSZxdW90OzowLCZxdW90O1NhbGVzSXRlbVR5cGVzJnF1b3Q7Om51bGwsJnF1b3Q7U2l0ZSZxdW90OzpudWxsLCZxdW90O1ZlcnNpb24mcXVvdDs6MSwmcXVvdDtCdVByb2R1Y3Rpb25EZXRhaWxzVXJsJnF1b3Q7Om51bGwsJnF1b3Q7SWQmcXVvdDs6MiwmcXVvdDtJc0hhcmREZWxldGVkJnF1b3Q7OmZhbHNlfSwmcXVvdDtQcm9kdWN0Q2F0ZWdvcnlFbnVtJnF1b3Q7OjEsJnF1b3Q7T3JkZXJXaXphcmRUeXBlRW51bSZxdW90OzoxMiwmcXVvdDtJbnN0YW5jZVN0YXR1c0VudW0mcXVvdDs6MCwmcXVvdDtDYW5PcmRlcldoZW5Ob1ByaWNlJnF1b3Q7OnRydWUsJnF1b3Q7Q2FuUXVvdGVXaGVuTm9QcmljZSZxdW90OzpmYWxzZSwmcXVvdDtDYW5RdW90ZVdpdGhQcmljZSZxdW90OzpmYWxzZSwmcXVvdDtDYW5TaGlwT25EcnlJY2UmcXVvdDs6ZmFsc2UsJnF1b3Q7Q29udHJvbFBhdGgmcXVvdDs6JnF1b3Q7flxcdXNlcmNvbnRyb2xzXFxDb3JlXFxDb250YWluZXJcXE9yZGVyaW5nXFxDYXRhbG9ndWVQcm9kdWN0c1xcQ2F0YWxvZ3VlUHJvZHVjdC5hc2N4JnF1b3Q7LCZxdW90O0lzU3RhbmRBbG9uZUl0ZW0mcXVvdDs6ZmFsc2UsJnF1b3Q7TmFtZSZxdW90OzomcXVvdDtQcmVwYWlkIFBsYXRlIEtpdCBDbG9uZXMmcXVvdDssJnF1b3Q7T3JkZXJpbmdQYWdlUGF0aCZxdW90OzomcXVvdDtpbnRMaW5rU0lUX1BsYXRlS2l0Q2xvbmUmcXVvdDssJnF1b3Q7UmVxdWlyZVBoeXNpY2FsU2hpcG1lbnQmcXVvdDs6dHJ1ZSwmcXVvdDtTaXRLZXkmcXVvdDs6JnF1b3Q7UGxhdGVLaXRDbG9uZSZxdW90OywmcXVvdDtWZXJzaW9uJnF1b3Q7OjMsJnF1b3Q7V2FpdEZvckNhbmNlbGxhdGlvblBlcmlvZCZxdW90OzozMCwmcXVvdDtYc2RQYXRoJnF1b3Q7OiZxdW90O2h0dHBzOi8vc2VydmljZXMuZXVyb2ZpbnNnZW5vbWljcy5jb20vU2NoZW1hcy9FY29tL1BTRC9DYXRhbG9ndWVQcm9kdWN0c1YyLjIueHNkJnF1b3Q7LCZxdW90O05lZWRzQmlvU2FmZXR5JnF1b3Q7OmZhbHNlLCZxdW90O0Nhbkd1ZXN0Q2hlY2tvdXQmcXVvdDs6ZmFsc2UsJnF1b3Q7RGlzYWxsb3dRdWFudGl0eUNoYW5nZSZxdW90OzpmYWxzZSwmcXVvdDtEaXNhbGxvd0VkaXRJbkNhcnQmcXVvdDs6ZmFsc2UsJnF1b3Q7UmVzb3VyY2VQcmVmaXgmcXVvdDs6bnVsbCwmcXVvdDtQcm9kdWN0aW9uT3JkZXJHcm91cCZxdW90Ozp7JnF1b3Q7JHJlZiZxdW90OzomcXVvdDszJnF1b3Q7fSwmcXVvdDtTcHNjJnF1b3Q7Om51bGwsJnF1b3Q7RUNsYXNzJnF1b3Q7Om51bGwsJnF1b3Q7SWQmcXVvdDs6MzksJnF1b3Q7SXNIYXJkRGVsZXRlZCZxdW90OzpmYWxzZX0seyZxdW90OyRpZCZxdW90OzomcXVvdDs5MSZxdW90OywmcXVvdDtCdXNpbmVzc1VuaXQmcXVvdDs6eyZxdW90OyRpZCZxdW90OzomcXVvdDs5MiZxdW90OywmcXVvdDtCdUljb24mcXVvdDs6JnF1b3Q7L2ltYWdlcy91c2VyY29udHJvbHMvaWNvbnMvYnUvc2VxX3NtYWxsLmdpZiZxdW90OywmcXVvdDtCdUtleSZxdW90OzomcXVvdDtTRVEmcXVvdDssJnF1b3Q7QnVOYW1lJnF1b3Q7OiZxdW90O0N1c3RvbSBETkEgU2VxdWVuY2luZyZxdW90OywmcXVvdDtCdXNpbmVzc1VuaXRFbnVtJnF1b3Q7OjIsJnF1b3Q7RGlzdHJpYnV0b3JSZXNwb25zaWJpbGl0aWVzJnF1b3Q7Om51bGwsJnF1b3Q7SGFzTGltc1N5c3RlbSZxdW90OzpmYWxzZSwmcXVvdDtJbnN0YW5jZVN0YXR1c0VudW0mcXVvdDs6MCwmcXVvdDtTYWxlc0l0ZW1UeXBlcyZxdW90OzpudWxsLCZxdW90O1NpdGUmcXVvdDs6bnVsbCwmcXVvdDtWZXJzaW9uJnF1b3Q7OjEsJnF1b3Q7QnVQcm9kdWN0aW9uRGV0YWlsc1VybCZxdW90OzpudWxsLCZxdW90O0lkJnF1b3Q7OjIsJnF1b3Q7SXNIYXJkRGVsZXRlZCZxdW90OzpmYWxzZX0sJnF1b3Q7UHJvZHVjdENhdGVnb3J5RW51bSZxdW90OzoxLCZxdW90O09yZGVyV2l6YXJkVHlwZUVudW0mcXVvdDs6MTIsJnF1b3Q7SW5zdGFuY2VTdGF0dXNFbnVtJnF1b3Q7OjAsJnF1b3Q7Q2FuT3JkZXJXaGVuTm9QcmljZSZxdW90Ozp0cnVlLCZxdW90O0NhblF1b3RlV2hlbk5vUHJpY2UmcXVvdDs6dHJ1ZSwmcXVvdDtDYW5RdW90ZVdpdGhQcmljZSZxdW90Ozp0cnVlLCZxdW90O0NhblNoaXBPbkRyeUljZSZxdW90OzpmYWxzZSwmcXVvdDtDb250cm9sUGF0aCZxdW90OzomcXVvdDt+XFx1c2VyY29udHJvbHNcXENvcmVcXENvbnRhaW5lclxcT3JkZXJpbmdcXENhdGFsb2d1ZVByb2R1Y3RzXFxDYXRhbG9ndWVQcm9kdWN0LmFzY3gmcXVvdDssJnF1b3Q7SXNTdGFuZEFsb25lSXRlbSZxdW90OzpmYWxzZSwmcXVvdDtOYW1lJnF1b3Q7OiZxdW90O1ByZXBhaWQgUGxhdGUgS2l0IEROQSZxdW90OywmcXVvdDtPcmRlcmluZ1BhZ2VQYXRoJnF1b3Q7OiZxdW90O2ludExpbmtTSVRfUGxhdGVLaXRETkEmcXVvdDssJnF1b3Q7UmVxdWlyZVBoeXNpY2FsU2hpcG1lbnQmcXVvdDs6dHJ1ZSwmcXVvdDtTaXRLZXkmcXVvdDs6JnF1b3Q7UGxhdGVLaXRETkEmcXVvdDssJnF1b3Q7VmVyc2lvbiZxdW90Ozo1LCZxdW90O1dhaXRGb3JDYW5jZWxsYXRpb25QZXJpb2QmcXVvdDs6MzAsJnF1b3Q7WHNkUGF0aCZxdW90OzomcXVvdDtodHRwczovL3NlcnZpY2VzLmV1cm9maW5zZ2Vub21pY3MuY29tL1NjaGVtYXMvRWNvbS9QU0QvQ2F0YWxvZ3VlUHJvZHVjdHNWMi4yLnhzZCZxdW90OywmcXVvdDtOZWVkc0Jpb1NhZmV0eSZxdW90Ozp0cnVlLCZxdW90O0Nhbkd1ZXN0Q2hlY2tvdXQmcXVvdDs6ZmFsc2UsJnF1b3Q7RGlzYWxsb3dRdWFudGl0eUNoYW5nZSZxdW90OzpmYWxzZSwmcXVvdDtEaXNhbGxvd0VkaXRJbkNhcnQmcXVvdDs6ZmFsc2UsJnF1b3Q7UmVzb3VyY2VQcmVmaXgmcXVvdDs6bnVsbCwmcXVvdDtQcm9kdWN0aW9uT3JkZXJHcm91cCZxdW90Ozp7JnF1b3Q7JHJlZiZxdW90OzomcXVvdDszJnF1b3Q7fSwmcXVvdDtTcHNjJnF1b3Q7Om51bGwsJnF1b3Q7RUNsYXNzJnF1b3Q7Om51bGwsJnF1b3Q7SWQmcXVvdDs6MzcsJnF1b3Q7SXNIYXJkRGVsZXRlZCZxdW90OzpmYWxzZX0seyZxdW90OyRpZCZxdW90OzomcXVvdDs5MyZxdW90OywmcXVvdDtCdXNpbmVzc1VuaXQmcXVvdDs6eyZxdW90OyRpZCZxdW90OzomcXVvdDs5NCZxdW90OywmcXVvdDtCdUljb24mcXVvdDs6JnF1b3Q7L2ltYWdlcy91c2VyY29udHJvbHMvaWNvbnMvYnUvc2VxX3NtYWxsLmdpZiZxdW90OywmcXVvdDtCdUtleSZxdW90OzomcXVvdDtTRVEmcXVvdDssJnF1b3Q7QnVOYW1lJnF1b3Q7OiZxdW90O0N1c3RvbSBETkEgU2VxdWVuY2luZyZxdW90OywmcXVvdDtCdXNpbmVzc1VuaXRFbnVtJnF1b3Q7OjIsJnF1b3Q7RGlzdHJpYnV0b3JSZXNwb25zaWJpbGl0aWVzJnF1b3Q7Om51bGwsJnF1b3Q7SGFzTGltc1N5c3RlbSZxdW90OzpmYWxzZSwmcXVvdDtJbnN0YW5jZVN0YXR1c0VudW0mcXVvdDs6MCwmcXVvdDtTYWxlc0l0ZW1UeXBlcyZxdW90OzpudWxsLCZxdW90O1NpdGUmcXVvdDs6bnVsbCwmcXVvdDtWZXJzaW9uJnF1b3Q7OjEsJnF1b3Q7QnVQcm9kdWN0aW9uRGV0YWlsc1VybCZxdW90OzpudWxsLCZxdW90O0lkJnF1b3Q7OjIsJnF1b3Q7SXNIYXJkRGVsZXRlZCZxdW90OzpmYWxzZX0sJnF1b3Q7UHJvZHVjdENhdGVnb3J5RW51bSZxdW90OzoxLCZxdW90O09yZGVyV2l6YXJkVHlwZUVudW0mcXVvdDs6MTIsJnF1b3Q7SW5zdGFuY2VTdGF0dXNFbnVtJnF1b3Q7OjAsJnF1b3Q7Q2FuT3JkZXJXaGVuTm9QcmljZSZxdW90Ozp0cnVlLCZxdW90O0NhblF1b3RlV2hlbk5vUHJpY2UmcXVvdDs6dHJ1ZSwmcXVvdDtDYW5RdW90ZVdpdGhQcmljZSZxdW90Ozp0cnVlLCZxdW90O0NhblNoaXBPbkRyeUljZSZxdW90OzpmYWxzZSwmcXVvdDtDb250cm9sUGF0aCZxdW90OzomcXVvdDt+XFx1c2VyY29udHJvbHNcXENvcmVcXENvbnRhaW5lclxcT3JkZXJpbmdcXENhdGFsb2d1ZVByb2R1Y3RzXFxDYXRhbG9ndWVQcm9kdWN0LmFzY3gmcXVvdDssJnF1b3Q7SXNTdGFuZEFsb25lSXRlbSZxdW90OzpmYWxzZSwmcXVvdDtOYW1lJnF1b3Q7OiZxdW90O1BsYXRlS2l0TWl4JnF1b3Q7LCZxdW90O09yZGVyaW5nUGFnZVBhdGgmcXVvdDs6JnF1b3Q7aW50TGlua1NJVF9QbGF0ZUtpdE1peCZxdW90OywmcXVvdDtSZXF1aXJlUGh5c2ljYWxTaGlwbWVudCZxdW90Ozp0cnVlLCZxdW90O1NpdEtleSZxdW90OzomcXVvdDtQbGF0ZUtpdE1peCZxdW90OywmcXVvdDtWZXJzaW9uJnF1b3Q7OjIsJnF1b3Q7V2FpdEZvckNhbmNlbGxhdGlvblBlcmlvZCZxdW90OzozMCwmcXVvdDtYc2RQYXRoJnF1b3Q7OiZxdW90O2h0dHBzOi8vc2VydmljZXMuZXVyb2ZpbnNnZW5vbWljcy5jb20vU2NoZW1hcy9FY29tL1BTRC9DYXRhbG9ndWVQcm9kdWN0c1YyLjIueHNkJnF1b3Q7LCZxdW90O05lZWRzQmlvU2FmZXR5JnF1b3Q7OnRydWUsJnF1b3Q7Q2FuR3Vlc3RDaGVja291dCZxdW90OzpmYWxzZSwmcXVvdDtEaXNhbGxvd1F1YW50aXR5Q2hhbmdlJnF1b3Q7OmZhbHNlLCZxdW90O0Rpc2FsbG93RWRpdEluQ2FydCZxdW90OzpmYWxzZSwmcXVvdDtSZXNvdXJjZVByZWZpeCZxdW90OzomcXVvdDsmcXVvdDssJnF1b3Q7UHJvZHVjdGlvbk9yZGVyR3JvdXAmcXVvdDs6eyZxdW90OyRyZWYmcXVvdDs6JnF1b3Q7MyZxdW90O30sJnF1b3Q7U3BzYyZxdW90OzpudWxsLCZxdW90O0VDbGFzcyZxdW90OzpudWxsLCZxdW90O0lkJnF1b3Q7Ojg2LCZxdW90O0lzSGFyZERlbGV0ZWQmcXVvdDs6ZmFsc2V9LHsmcXVvdDskaWQmcXVvdDs6JnF1b3Q7OTUmcXVvdDssJnF1b3Q7QnVzaW5lc3NVbml0JnF1b3Q7OnsmcXVvdDskaWQmcXVvdDs6JnF1b3Q7OTYmcXVvdDssJnF1b3Q7QnVJY29uJnF1b3Q7OiZxdW90Oy9pbWFnZXMvdXNlcmNvbnRyb2xzL2ljb25zL2J1L3NlcV9zbWFsbC5naWYmcXVvdDssJnF1b3Q7QnVLZXkmcXVvdDs6JnF1b3Q7U0VRJnF1b3Q7LCZxdW90O0J1TmFtZSZxdW90OzomcXVvdDtDdXN0b20gRE5BIFNlcXVlbmNpbmcmcXVvdDssJnF1b3Q7QnVzaW5lc3NVbml0RW51bSZxdW90OzoyLCZxdW90O0Rpc3RyaWJ1dG9yUmVzcG9uc2liaWxpdGllcyZxdW90OzpudWxsLCZxdW90O0hhc0xpbXNTeXN0ZW0mcXVvdDs6ZmFsc2UsJnF1b3Q7SW5zdGFuY2VTdGF0dXNFbnVtJnF1b3Q7OjAsJnF1b3Q7U2FsZXNJdGVtVHlwZXMmcXVvdDs6bnVsbCwmcXVvdDtTaXRlJnF1b3Q7Om51bGwsJnF1b3Q7VmVyc2lvbiZxdW90OzoxLCZxdW90O0J1UHJvZHVjdGlvbkRldGFpbHNVcmwmcXVvdDs6bnVsbCwmcXVvdDtJZCZxdW90OzoyLCZxdW90O0lzSGFyZERlbGV0ZWQmcXVvdDs6ZmFsc2V9LCZxdW90O1Byb2R1Y3RDYXRlZ29yeUVudW0mcXVvdDs6MSwmcXVvdDtPcmRlcldpemFyZFR5cGVFbnVtJnF1b3Q7OjEyLCZxdW90O0luc3RhbmNlU3RhdHVzRW51bSZxdW90OzowLCZxdW90O0Nhbk9yZGVyV2hlbk5vUHJpY2UmcXVvdDs6dHJ1ZSwmcXVvdDtDYW5RdW90ZVdoZW5Ob1ByaWNlJnF1b3Q7OnRydWUsJnF1b3Q7Q2FuUXVvdGVXaXRoUHJpY2UmcXVvdDs6dHJ1ZSwmcXVvdDtDYW5TaGlwT25EcnlJY2UmcXVvdDs6ZmFsc2UsJnF1b3Q7Q29udHJvbFBhdGgmcXVvdDs6JnF1b3Q7flxcdXNlcmNvbnRyb2xzXFxDb3JlXFxDb250YWluZXJcXE9yZGVyaW5nXFxDYXRhbG9ndWVQcm9kdWN0c1xcQ2F0YWxvZ3VlUHJvZHVjdC5hc2N4JnF1b3Q7LCZxdW90O0lzU3RhbmRBbG9uZUl0ZW0mcXVvdDs6ZmFsc2UsJnF1b3Q7TmFtZSZxdW90OzomcXVvdDtQbGF0ZUtpdE9OJnF1b3Q7LCZxdW90O09yZGVyaW5nUGFnZVBhdGgmcXVvdDs6JnF1b3Q7aW50TGlua1NJVF9QbGF0ZUtpdE9OJnF1b3Q7LCZxdW90O1JlcXVpcmVQaHlzaWNhbFNoaXBtZW50JnF1b3Q7OnRydWUsJnF1b3Q7U2l0S2V5JnF1b3Q7OiZxdW90O1BsYXRlS2l0T04mcXVvdDssJnF1b3Q7VmVyc2lvbiZxdW90OzozLCZxdW90O1dhaXRGb3JDYW5jZWxsYXRpb25QZXJpb2QmcXVvdDs6MzAsJnF1b3Q7WHNkUGF0aCZxdW90OzomcXVvdDtodHRwczovL3NlcnZpY2VzLmV1cm9maW5zZ2Vub21pY3MuY29tL1NjaGVtYXMvRWNvbS9QU0QvQ2F0YWxvZ3VlUHJvZHVjdHNWMi4yLnhzZCZxdW90OywmcXVvdDtOZWVkc0Jpb1NhZmV0eSZxdW90Ozp0cnVlLCZxdW90O0Nhbkd1ZXN0Q2hlY2tvdXQmcXVvdDs6ZmFsc2UsJnF1b3Q7RGlzYWxsb3dRdWFudGl0eUNoYW5nZSZxdW90OzpmYWxzZSwmcXVvdDtEaXNhbGxvd0VkaXRJbkNhcnQmcXVvdDs6ZmFsc2UsJnF1b3Q7UmVzb3VyY2VQcmVmaXgmcXVvdDs6JnF1b3Q7JnF1b3Q7LCZxdW90O1Byb2R1Y3Rpb25PcmRlckdyb3VwJnF1b3Q7OnsmcXVvdDskcmVmJnF1b3Q7OiZxdW90OzMmcXVvdDt9LCZxdW90O1Nwc2MmcXVvdDs6JnF1b3Q7JnF1b3Q7LCZxdW90O0VDbGFzcyZxdW90OzomcXVvdDsmcXVvdDssJnF1b3Q7SWQmcXVvdDs6ODksJnF1b3Q7SXNIYXJkRGVsZXRlZCZxdW90OzpmYWxzZX0seyZxdW90OyRpZCZxdW90OzomcXVvdDs5NyZxdW90OywmcXVvdDtCdXNpbmVzc1VuaXQmcXVvdDs6eyZxdW90OyRpZCZxdW90OzomcXVvdDs5OCZxdW90OywmcXVvdDtCdUljb24mcXVvdDs6JnF1b3Q7L2ltYWdlcy91c2VyY29udHJvbHMvaWNvbnMvYnUvc2VxX3NtYWxsLmdpZiZxdW90OywmcXVvdDtCdUtleSZxdW90OzomcXVvdDtTRVEmcXVvdDssJnF1b3Q7QnVOYW1lJnF1b3Q7OiZxdW90O0N1c3RvbSBETkEgU2VxdWVuY2luZyZxdW90OywmcXVvdDtCdXNpbmVzc1VuaXRFbnVtJnF1b3Q7OjIsJnF1b3Q7RGlzdHJpYnV0b3JSZXNwb25zaWJpbGl0aWVzJnF1b3Q7Om51bGwsJnF1b3Q7SGFzTGltc1N5c3RlbSZxdW90OzpmYWxzZSwmcXVvdDtJbnN0YW5jZVN0YXR1c0VudW0mcXVvdDs6MCwmcXVvdDtTYWxlc0l0ZW1UeXBlcyZxdW90OzpudWxsLCZxdW90O1NpdGUmcXVvdDs6bnVsbCwmcXVvdDtWZXJzaW9uJnF1b3Q7OjEsJnF1b3Q7QnVQcm9kdWN0aW9uRGV0YWlsc1VybCZxdW90OzpudWxsLCZxdW90O0lkJnF1b3Q7OjIsJnF1b3Q7SXNIYXJkRGVsZXRlZCZxdW90OzpmYWxzZX0sJnF1b3Q7UHJvZHVjdENhdGVnb3J5RW51bSZxdW90OzoxLCZxdW90O09yZGVyV2l6YXJkVHlwZUVudW0mcXVvdDs6MTIsJnF1b3Q7SW5zdGFuY2VTdGF0dXNFbnVtJnF1b3Q7OjAsJnF1b3Q7Q2FuT3JkZXJXaGVuTm9QcmljZSZxdW90Ozp0cnVlLCZxdW90O0NhblF1b3RlV2hlbk5vUHJpY2UmcXVvdDs6dHJ1ZSwmcXVvdDtDYW5RdW90ZVdpdGhQcmljZSZxdW90Ozp0cnVlLCZxdW90O0NhblNoaXBPbkRyeUljZSZxdW90OzpmYWxzZSwmcXVvdDtDb250cm9sUGF0aCZxdW90OzomcXVvdDt+XFx1c2VyY29udHJvbHNcXENvcmVcXENvbnRhaW5lclxcT3JkZXJpbmdcXENhdGFsb2d1ZVByb2R1Y3RzXFxDYXRhbG9ndWVQcm9kdWN0LmFzY3gmcXVvdDssJnF1b3Q7SXNTdGFuZEFsb25lSXRlbSZxdW90OzpmYWxzZSwmcXVvdDtOYW1lJnF1b3Q7OiZxdW90O1ByZXBhaWQgUGxhdGUgS2l0IFBDUiZxdW90OywmcXVvdDtPcmRlcmluZ1BhZ2VQYXRoJnF1b3Q7OiZxdW90O2ludExpbmtTSVRfUGxhdGVLaXRQQ1ImcXVvdDssJnF1b3Q7UmVxdWlyZVBoeXNpY2FsU2hpcG1lbnQmcXVvdDs6dHJ1ZSwmcXVvdDtTaXRLZXkmcXVvdDs6JnF1b3Q7UGxhdGVLaXRQQ1ImcXVvdDssJnF1b3Q7VmVyc2lvbiZxdW90Ozo0LCZxdW90O1dhaXRGb3JDYW5jZWxsYXRpb25QZXJpb2QmcXVvdDs6MzAsJnF1b3Q7WHNkUGF0aCZxdW90OzomcXVvdDtodHRwczovL3NlcnZpY2VzLmV1cm9maW5zZ2Vub21pY3MuY29tL1NjaGVtYXMvRWNvbS9QU0QvQ2F0YWxvZ3VlUHJvZHVjdHNWMi4yLnhzZCZxdW90OywmcXVvdDtOZWVkc0Jpb1NhZmV0eSZxdW90Ozp0cnVlLCZxdW90O0Nhbkd1ZXN0Q2hlY2tvdXQmcXVvdDs6ZmFsc2UsJnF1b3Q7RGlzYWxsb3dRdWFudGl0eUNoYW5nZSZxdW90OzpmYWxzZSwmcXVvdDtEaXNhbGxvd0VkaXRJbkNhcnQmcXVvdDs6ZmFsc2UsJnF1b3Q7UmVzb3VyY2VQcmVmaXgmcXVvdDs6bnVsbCwmcXVvdDtQcm9kdWN0aW9uT3JkZXJHcm91cCZxdW90Ozp7JnF1b3Q7JHJlZiZxdW90OzomcXVvdDszJnF1b3Q7fSwmcXVvdDtTcHNjJnF1b3Q7Om51bGwsJnF1b3Q7RUNsYXNzJnF1b3Q7Om51bGwsJnF1b3Q7SWQmcXVvdDs6MzgsJnF1b3Q7SXNIYXJkRGVsZXRlZCZxdW90OzpmYWxzZX0seyZxdW90OyRpZCZxdW90OzomcXVvdDs5OSZxdW90OywmcXVvdDtCdXNpbmVzc1VuaXQmcXVvdDs6eyZxdW90OyRpZCZxdW90OzomcXVvdDsxMDAmcXVvdDssJnF1b3Q7QnVJY29uJnF1b3Q7OiZxdW90Oy9pbWFnZXMvdXNlcmNvbnRyb2xzL2ljb25zL2J1L3NlcV9zbWFsbC5naWYmcXVvdDssJnF1b3Q7QnVLZXkmcXVvdDs6JnF1b3Q7U0VRJnF1b3Q7LCZxdW90O0J1TmFtZSZxdW90OzomcXVvdDtDdXN0b20gRE5BIFNlcXVlbmNpbmcmcXVvdDssJnF1b3Q7QnVzaW5lc3NVbml0RW51bSZxdW90OzoyLCZxdW90O0Rpc3RyaWJ1dG9yUmVzcG9uc2liaWxpdGllcyZxdW90OzpudWxsLCZxdW90O0hhc0xpbXNTeXN0ZW0mcXVvdDs6ZmFsc2UsJnF1b3Q7SW5zdGFuY2VTdGF0dXNFbnVtJnF1b3Q7OjAsJnF1b3Q7U2FsZXNJdGVtVHlwZXMmcXVvdDs6bnVsbCwmcXVvdDtTaXRlJnF1b3Q7Om51bGwsJnF1b3Q7VmVyc2lvbiZxdW90OzoxLCZxdW90O0J1UHJvZHVjdGlvbkRldGFpbHNVcmwmcXVvdDs6bnVsbCwmcXVvdDtJZCZxdW90OzoyLCZxdW90O0lzSGFyZERlbGV0ZWQmcXVvdDs6ZmFsc2V9LCZxdW90O1Byb2R1Y3RDYXRlZ29yeUVudW0mcXVvdDs6MiwmcXVvdDtPcmRlcldpemFyZFR5cGVFbnVtJnF1b3Q7OjYsJnF1b3Q7SW5zdGFuY2VTdGF0dXNFbnVtJnF1b3Q7OjAsJnF1b3Q7Q2FuT3JkZXJXaGVuTm9QcmljZSZxdW90Ozp0cnVlLCZxdW90O0NhblF1b3RlV2hlbk5vUHJpY2UmcXVvdDs6dHJ1ZSwmcXVvdDtDYW5RdW90ZVdpdGhQcmljZSZxdW90Ozp0cnVlLCZxdW90O0NhblNoaXBPbkRyeUljZSZxdW90OzpmYWxzZSwmcXVvdDtDb250cm9sUGF0aCZxdW90OzomcXVvdDt+XFx1c2VyY29udHJvbHNcXENvcmVcXENvbnRhaW5lclxcT3JkZXJpbmdcXFNlcXVlbmNpbmdcXFBsYXRlXFxjY1BsYXRlU2VxdWVuY2luZy5hc2N4JnF1b3Q7LCZxdW90O0lzU3RhbmRBbG9uZUl0ZW0mcXVvdDs6ZmFsc2UsJnF1b3Q7TmFtZSZxdW90OzomcXVvdDs5NndlbGwgUGxhdGUgU2VxdWVuY2luZyZxdW90OywmcXVvdDtPcmRlcmluZ1BhZ2VQYXRoJnF1b3Q7OiZxdW90O2ludExpbmtTSVRfUGxhdGVTZXF1ZW5jaW5nJnF1b3Q7LCZxdW90O1JlcXVpcmVQaHlzaWNhbFNoaXBtZW50JnF1b3Q7OmZhbHNlLCZxdW90O1NpdEtleSZxdW90OzomcXVvdDtQbGF0ZVNlcXVlbmNpbmcmcXVvdDssJnF1b3Q7VmVyc2lvbiZxdW90Ozo2LCZxdW90O1dhaXRGb3JDYW5jZWxsYXRpb25QZXJpb2QmcXVvdDs6MCwmcXVvdDtYc2RQYXRoJnF1b3Q7OiZxdW90O2h0dHBzOi8vc2VydmljZXMuZXVyb2ZpbnNnZW5vbWljcy5jb20vU2NoZW1hcy9FY29tL1BTRC9TZXF1ZW5jaW5nVjIuNy54c2QmcXVvdDssJnF1b3Q7TmVlZHNCaW9TYWZldHkmcXVvdDs6dHJ1ZSwmcXVvdDtDYW5HdWVzdENoZWNrb3V0JnF1b3Q7OmZhbHNlLCZxdW90O0Rpc2FsbG93UXVhbnRpdHlDaGFuZ2UmcXVvdDs6ZmFsc2UsJnF1b3Q7RGlzYWxsb3dFZGl0SW5DYXJ0JnF1b3Q7OmZhbHNlLCZxdW90O1Jlc291cmNlUHJlZml4JnF1b3Q7OiZxdW90OyZxdW90OywmcXVvdDtQcm9kdWN0aW9uT3JkZXJHcm91cCZxdW90OzpudWxsLCZxdW90O1Nwc2MmcXVvdDs6JnF1b3Q7JnF1b3Q7LCZxdW90O0VDbGFzcyZxdW90OzomcXVvdDsmcXVvdDssJnF1b3Q7SWQmcXVvdDs6NjIsJnF1b3Q7SXNIYXJkRGVsZXRlZCZxdW90OzpmYWxzZX0seyZxdW90OyRpZCZxdW90OzomcXVvdDsxMDEmcXVvdDssJnF1b3Q7QnVzaW5lc3NVbml0JnF1b3Q7OnsmcXVvdDskaWQmcXVvdDs6JnF1b3Q7MTAyJnF1b3Q7LCZxdW90O0J1SWNvbiZxdW90OzomcXVvdDsvaW1hZ2VzL3VzZXJjb250cm9scy9pY29ucy9idS9zZXFfc21hbGwuZ2lmJnF1b3Q7LCZxdW90O0J1S2V5JnF1b3Q7OiZxdW90O1NFUSZxdW90OywmcXVvdDtCdU5hbWUmcXVvdDs6JnF1b3Q7Q3VzdG9tIEROQSBTZXF1ZW5jaW5nJnF1b3Q7LCZxdW90O0J1c2luZXNzVW5pdEVudW0mcXVvdDs6MiwmcXVvdDtEaXN0cmlidXRvclJlc3BvbnNpYmlsaXRpZXMmcXVvdDs6bnVsbCwmcXVvdDtIYXNMaW1zU3lzdGVtJnF1b3Q7OmZhbHNlLCZxdW90O0luc3RhbmNlU3RhdHVzRW51bSZxdW90OzowLCZxdW90O1NhbGVzSXRlbVR5cGVzJnF1b3Q7Om51bGwsJnF1b3Q7U2l0ZSZxdW90OzpudWxsLCZxdW90O1ZlcnNpb24mcXVvdDs6MSwmcXVvdDtCdVByb2R1Y3Rpb25EZXRhaWxzVXJsJnF1b3Q7Om51bGwsJnF1b3Q7SWQmcXVvdDs6MiwmcXVvdDtJc0hhcmREZWxldGVkJnF1b3Q7OmZhbHNlfSwmcXVvdDtQcm9kdWN0Q2F0ZWdvcnlFbnVtJnF1b3Q7OjEsJnF1b3Q7T3JkZXJXaXphcmRUeXBlRW51bSZxdW90OzoxMiwmcXVvdDtJbnN0YW5jZVN0YXR1c0VudW0mcXVvdDs6MCwmcXVvdDtDYW5PcmRlcldoZW5Ob1ByaWNlJnF1b3Q7OnRydWUsJnF1b3Q7Q2FuUXVvdGVXaGVuTm9QcmljZSZxdW90OzpmYWxzZSwmcXVvdDtDYW5RdW90ZVdpdGhQcmljZSZxdW90OzpmYWxzZSwmcXVvdDtDYW5TaGlwT25EcnlJY2UmcXVvdDs6ZmFsc2UsJnF1b3Q7Q29udHJvbFBhdGgmcXVvdDs6JnF1b3Q7flxcdXNlcmNvbnRyb2xzXFxDb3JlXFxDb250YWluZXJcXE9yZGVyaW5nXFxDYXRhbG9ndWVQcm9kdWN0c1xcQ2F0YWxvZ3VlUHJvZHVjdC5hc2N4JnF1b3Q7LCZxdW90O0lzU3RhbmRBbG9uZUl0ZW0mcXVvdDs6ZmFsc2UsJnF1b3Q7TmFtZSZxdW90OzomcXVvdDtQcmVwYWlkIEJhcmNvZGVzJnF1b3Q7LCZxdW90O09yZGVyaW5nUGFnZVBhdGgmcXVvdDs6JnF1b3Q7aW50TGlua1NJVF9QcmVwYWlkQmFyY29kZXMmcXVvdDssJnF1b3Q7UmVxdWlyZVBoeXNpY2FsU2hpcG1lbnQmcXVvdDs6dHJ1ZSwmcXVvdDtTaXRLZXkmcXVvdDs6JnF1b3Q7UHJlcGFpZEJhcmNvZGVzJnF1b3Q7LCZxdW90O1ZlcnNpb24mcXVvdDs6MywmcXVvdDtXYWl0Rm9yQ2FuY2VsbGF0aW9uUGVyaW9kJnF1b3Q7OjMwLCZxdW90O1hzZFBhdGgmcXVvdDs6JnF1b3Q7aHR0cHM6Ly9zZXJ2aWNlcy5ldXJvZmluc2dlbm9taWNzLmNvbS9TY2hlbWFzL0Vjb20vUFNEL0NhdGFsb2d1ZVByb2R1Y3RzVjIuMi54c2QmcXVvdDssJnF1b3Q7TmVlZHNCaW9TYWZldHkmcXVvdDs6ZmFsc2UsJnF1b3Q7Q2FuR3Vlc3RDaGVja291dCZxdW90OzpmYWxzZSwmcXVvdDtEaXNhbGxvd1F1YW50aXR5Q2hhbmdlJnF1b3Q7OmZhbHNlLCZxdW90O0Rpc2FsbG93RWRpdEluQ2FydCZxdW90OzpmYWxzZSwmcXVvdDtSZXNvdXJjZVByZWZpeCZxdW90OzpudWxsLCZxdW90O1Byb2R1Y3Rpb25PcmRlckdyb3VwJnF1b3Q7OnsmcXVvdDskcmVmJnF1b3Q7OiZxdW90OzMmcXVvdDt9LCZxdW90O1Nwc2MmcXVvdDs6bnVsbCwmcXVvdDtFQ2xhc3MmcXVvdDs6bnVsbCwmcXVvdDtJZCZxdW90OzozMywmcXVvdDtJc0hhcmREZWxldGVkJnF1b3Q7OmZhbHNlfSx7JnF1b3Q7JGlkJnF1b3Q7OiZxdW90OzEwMyZxdW90OywmcXVvdDtCdXNpbmVzc1VuaXQmcXVvdDs6eyZxdW90OyRpZCZxdW90OzomcXVvdDsxMDQmcXVvdDssJnF1b3Q7QnVJY29uJnF1b3Q7OiZxdW90Oy9pbWFnZXMvdXNlcmNvbnRyb2xzL2ljb25zL2J1L3NlcV9zbWFsbC5naWYmcXVvdDssJnF1b3Q7QnVLZXkmcXVvdDs6JnF1b3Q7U0VRJnF1b3Q7LCZxdW90O0J1TmFtZSZxdW90OzomcXVvdDtDdXN0b20gRE5BIFNlcXVlbmNpbmcmcXVvdDssJnF1b3Q7QnVzaW5lc3NVbml0RW51bSZxdW90OzoyLCZxdW90O0Rpc3RyaWJ1dG9yUmVzcG9uc2liaWxpdGllcyZxdW90OzpudWxsLCZxdW90O0hhc0xpbXNTeXN0ZW0mcXVvdDs6ZmFsc2UsJnF1b3Q7SW5zdGFuY2VTdGF0dXNFbnVtJnF1b3Q7OjAsJnF1b3Q7U2FsZXNJdGVtVHlwZXMmcXVvdDs6bnVsbCwmcXVvdDtTaXRlJnF1b3Q7Om51bGwsJnF1b3Q7VmVyc2lvbiZxdW90OzoxLCZxdW90O0J1UHJvZHVjdGlvbkRldGFpbHNVcmwmcXVvdDs6bnVsbCwmcXVvdDtJZCZxdW90OzoyLCZxdW90O0lzSGFyZERlbGV0ZWQmcXVvdDs6ZmFsc2V9LCZxdW90O1Byb2R1Y3RDYXRlZ29yeUVudW0mcXVvdDs6MiwmcXVvdDtPcmRlcldpemFyZFR5cGVFbnVtJnF1b3Q7OjE5LCZxdW90O0luc3RhbmNlU3RhdHVzRW51bSZxdW90OzowLCZxdW90O0Nhbk9yZGVyV2hlbk5vUHJpY2UmcXVvdDs6dHJ1ZSwmcXVvdDtDYW5RdW90ZVdoZW5Ob1ByaWNlJnF1b3Q7OnRydWUsJnF1b3Q7Q2FuUXVvdGVXaXRoUHJpY2UmcXVvdDs6dHJ1ZSwmcXVvdDtDYW5TaGlwT25EcnlJY2UmcXVvdDs6ZmFsc2UsJnF1b3Q7Q29udHJvbFBhdGgmcXVvdDs6JnF1b3Q7flxcdXNlcmNvbnRyb2xzXFxDb3JlXFxDb250YWluZXJcXE9yZGVyaW5nXFxTZXF1ZW5jaW5nXFxUdWJlXFxjY1NlcVR1YmVPcmRlcmluZy5hc2N4JnF1b3Q7LCZxdW90O0lzU3RhbmRBbG9uZUl0ZW0mcXVvdDs6ZmFsc2UsJnF1b3Q7TmFtZSZxdW90OzomcXVvdDtQcmltZXIgV2Fsa2luZyZxdW90OywmcXVvdDtPcmRlcmluZ1BhZ2VQYXRoJnF1b3Q7OiZxdW90O2ludExpbmtTSVRfUHJpbWVyV2Fsa2luZyZxdW90OywmcXVvdDtSZXF1aXJlUGh5c2ljYWxTaGlwbWVudCZxdW90OzpmYWxzZSwmcXVvdDtTaXRLZXkmcXVvdDs6JnF1b3Q7UHJpbWVyV2Fsa2luZyZxdW90OywmcXVvdDtWZXJzaW9uJnF1b3Q7OjIsJnF1b3Q7V2FpdEZvckNhbmNlbGxhdGlvblBlcmlvZCZxdW90OzowLCZxdW90O1hzZFBhdGgmcXVvdDs6JnF1b3Q7aHR0cHM6Ly9zZXJ2aWNlcy5ldXJvZmluc2dlbm9taWNzLmNvbS9TY2hlbWFzL0Vjb20vUFNEL1NlcXVlbmNpbmdWMi43LnhzZCZxdW90OywmcXVvdDtOZWVkc0Jpb1NhZmV0eSZxdW90OzpmYWxzZSwmcXVvdDtDYW5HdWVzdENoZWNrb3V0JnF1b3Q7OnRydWUsJnF1b3Q7RGlzYWxsb3dRdWFudGl0eUNoYW5nZSZxdW90OzpmYWxzZSwmcXVvdDtEaXNhbGxvd0VkaXRJbkNhcnQmcXVvdDs6ZmFsc2UsJnF1b3Q7UmVzb3VyY2VQcmVmaXgmcXVvdDs6bnVsbCwmcXVvdDtQcm9kdWN0aW9uT3JkZXJHcm91cCZxdW90OzpudWxsLCZxdW90O1Nwc2MmcXVvdDs6bnVsbCwmcXVvdDtFQ2xhc3MmcXVvdDs6bnVsbCwmcXVvdDtJZCZxdW90Ozo2OSwmcXVvdDtJc0hhcmREZWxldGVkJnF1b3Q7OmZhbHNlfSx7JnF1b3Q7JGlkJnF1b3Q7OiZxdW90OzEwNSZxdW90OywmcXVvdDtCdXNpbmVzc1VuaXQmcXVvdDs6eyZxdW90OyRpZCZxdW90OzomcXVvdDsxMDYmcXVvdDssJnF1b3Q7QnVJY29uJnF1b3Q7OiZxdW90Oy9pbWFnZXMvdXNlcmNvbnRyb2xzL2ljb25zL2J1L29saWdvX3NtYWxsLmdpZiZxdW90OywmcXVvdDtCdUtleSZxdW90OzomcXVvdDtPbGlnb3MmcXVvdDssJnF1b3Q7QnVOYW1lJnF1b3Q7OiZxdW90O0ROQSAmYW1wOyBSTkEgT2xpZ29udWNsZW90aWRlcyZxdW90OywmcXVvdDtCdXNpbmVzc1VuaXRFbnVtJnF1b3Q7OjEsJnF1b3Q7RGlzdHJpYnV0b3JSZXNwb25zaWJpbGl0aWVzJnF1b3Q7Om51bGwsJnF1b3Q7SGFzTGltc1N5c3RlbSZxdW90OzpmYWxzZSwmcXVvdDtJbnN0YW5jZVN0YXR1c0VudW0mcXVvdDs6MCwmcXVvdDtTYWxlc0l0ZW1UeXBlcyZxdW90OzpudWxsLCZxdW90O1NpdGUmcXVvdDs6bnVsbCwmcXVvdDtWZXJzaW9uJnF1b3Q7OjEsJnF1b3Q7QnVQcm9kdWN0aW9uRGV0YWlsc1VybCZxdW90OzpudWxsLCZxdW90O0lkJnF1b3Q7OjEsJnF1b3Q7SXNIYXJkRGVsZXRlZCZxdW90OzpmYWxzZX0sJnF1b3Q7UHJvZHVjdENhdGVnb3J5RW51bSZxdW90OzoxLCZxdW90O09yZGVyV2l6YXJkVHlwZUVudW0mcXVvdDs6MywmcXVvdDtJbnN0YW5jZVN0YXR1c0VudW0mcXVvdDs6MCwmcXVvdDtDYW5PcmRlcldoZW5Ob1ByaWNlJnF1b3Q7OnRydWUsJnF1b3Q7Q2FuUXVvdGVXaGVuTm9QcmljZSZxdW90Ozp0cnVlLCZxdW90O0NhblF1b3RlV2l0aFByaWNlJnF1b3Q7OnRydWUsJnF1b3Q7Q2FuU2hpcE9uRHJ5SWNlJnF1b3Q7OnRydWUsJnF1b3Q7Q29udHJvbFBhdGgmcXVvdDs6JnF1b3Q7flxcdXNlcmNvbnRyb2xzXFxDb3JlXFxDb250YWluZXJcXE9yZGVyaW5nXFxPbGlnb3NcXFNlbWlDdXN0b21pc2VkSW5UdWJlcy5hc2N4JnF1b3Q7LCZxdW90O0lzU3RhbmRBbG9uZUl0ZW0mcXVvdDs6ZmFsc2UsJnF1b3Q7TmFtZSZxdW90OzomcXVvdDtxUENSIFByb2JlJnF1b3Q7LCZxdW90O09yZGVyaW5nUGFnZVBhdGgmcXVvdDs6JnF1b3Q7aW50TGlua1NJVF9xUENSUHJvYmUmcXVvdDssJnF1b3Q7UmVxdWlyZVBoeXNpY2FsU2hpcG1lbnQmcXVvdDs6dHJ1ZSwmcXVvdDtTaXRLZXkmcXVvdDs6JnF1b3Q7cVBDUlByb2JlJnF1b3Q7LCZxdW90O1ZlcnNpb24mcXVvdDs6MywmcXVvdDtXYWl0Rm9yQ2FuY2VsbGF0aW9uUGVyaW9kJnF1b3Q7OjMwLCZxdW90O1hzZFBhdGgmcXVvdDs6JnF1b3Q7aHR0cHM6Ly9zZXJ2aWNlcy5ldXJvZmluc2dlbm9taWNzLmNvbS9TY2hlbWFzL0Vjb20vUFNEL09saWdvVjQuMS54c2QmcXVvdDssJnF1b3Q7TmVlZHNCaW9TYWZldHkmcXVvdDs6dHJ1ZSwmcXVvdDtDYW5HdWVzdENoZWNrb3V0JnF1b3Q7OmZhbHNlLCZxdW90O0Rpc2FsbG93UXVhbnRpdHlDaGFuZ2UmcXVvdDs6ZmFsc2UsJnF1b3Q7RGlzYWxsb3dFZGl0SW5DYXJ0JnF1b3Q7OmZhbHNlLCZxdW90O1Jlc291cmNlUHJlZml4JnF1b3Q7Om51bGwsJnF1b3Q7UHJvZHVjdGlvbk9yZGVyR3JvdXAmcXVvdDs6bnVsbCwmcXVvdDtTcHNjJnF1b3Q7Om51bGwsJnF1b3Q7RUNsYXNzJnF1b3Q7Om51bGwsJnF1b3Q7SWQmcXVvdDs6OCwmcXVvdDtJc0hhcmREZWxldGVkJnF1b3Q7OmZhbHNlfSx7JnF1b3Q7JGlkJnF1b3Q7OiZxdW90OzEwNyZxdW90OywmcXVvdDtCdXNpbmVzc1VuaXQmcXVvdDs6eyZxdW90OyRpZCZxdW90OzomcXVvdDsxMDgmcXVvdDssJnF1b3Q7QnVJY29uJnF1b3Q7OiZxdW90Oy9pbWFnZXMvdXNlcmNvbnRyb2xzL2ljb25zL2J1L29saWdvX3NtYWxsLmdpZiZxdW90OywmcXVvdDtCdUtleSZxdW90OzomcXVvdDtPbGlnb3MmcXVvdDssJnF1b3Q7QnVOYW1lJnF1b3Q7OiZxdW90O0ROQSAmYW1wOyBSTkEgT2xpZ29udWNsZW90aWRlcyZxdW90OywmcXVvdDtCdXNpbmVzc1VuaXRFbnVtJnF1b3Q7OjEsJnF1b3Q7RGlzdHJpYnV0b3JSZXNwb25zaWJpbGl0aWVzJnF1b3Q7Om51bGwsJnF1b3Q7SGFzTGltc1N5c3RlbSZxdW90OzpmYWxzZSwmcXVvdDtJbnN0YW5jZVN0YXR1c0VudW0mcXVvdDs6MCwmcXVvdDtTYWxlc0l0ZW1UeXBlcyZxdW90OzpudWxsLCZxdW90O1NpdGUmcXVvdDs6bnVsbCwmcXVvdDtWZXJzaW9uJnF1b3Q7OjEsJnF1b3Q7QnVQcm9kdWN0aW9uRGV0YWlsc1VybCZxdW90OzpudWxsLCZxdW90O0lkJnF1b3Q7OjEsJnF1b3Q7SXNIYXJkRGVsZXRlZCZxdW90OzpmYWxzZX0sJnF1b3Q7UHJvZHVjdENhdGVnb3J5RW51bSZxdW90OzoxLCZxdW90O09yZGVyV2l6YXJkVHlwZUVudW0mcXVvdDs6MywmcXVvdDtJbnN0YW5jZVN0YXR1c0VudW0mcXVvdDs6MCwmcXVvdDtDYW5PcmRlcldoZW5Ob1ByaWNlJnF1b3Q7OnRydWUsJnF1b3Q7Q2FuUXVvdGVXaGVuTm9QcmljZSZxdW90OzpmYWxzZSwmcXVvdDtDYW5RdW90ZVdpdGhQcmljZSZxdW90OzpmYWxzZSwmcXVvdDtDYW5TaGlwT25EcnlJY2UmcXVvdDs6ZmFsc2UsJnF1b3Q7Q29udHJvbFBhdGgmcXVvdDs6JnF1b3Q7flxcdXNlcmNvbnRyb2xzXFxDb3JlXFxDb250YWluZXJcXE9yZGVyaW5nXFxPbGlnb3NcXFNlbWlDdXN0b21pc2VkSW5UdWJlcy5hc2N4JnF1b3Q7LCZxdW90O0lzU3RhbmRBbG9uZUl0ZW0mcXVvdDs6ZmFsc2UsJnF1b3Q7TmFtZSZxdW90OzomcXVvdDtRdWljayBQcm9iZSZxdW90OywmcXVvdDtPcmRlcmluZ1BhZ2VQYXRoJnF1b3Q7OiZxdW90O2ludExpbmtTSVRfUXVpY2tQcm9iZSZxdW90OywmcXVvdDtSZXF1aXJlUGh5c2ljYWxTaGlwbWVudCZxdW90Ozp0cnVlLCZxdW90O1NpdEtleSZxdW90OzomcXVvdDtRdWlja1Byb2JlJnF1b3Q7LCZxdW90O1ZlcnNpb24mcXVvdDs6MywmcXVvdDtXYWl0Rm9yQ2FuY2VsbGF0aW9uUGVyaW9kJnF1b3Q7OjMwLCZxdW90O1hzZFBhdGgmcXVvdDs6JnF1b3Q7aHR0cHM6Ly9zZXJ2aWNlcy5ldXJvZmluc2dlbm9taWNzLmNvbS9TY2hlbWFzL0Vjb20vUFNEL09saWdvVjQuMS54c2QmcXVvdDssJnF1b3Q7TmVlZHNCaW9TYWZldHkmcXVvdDs6ZmFsc2UsJnF1b3Q7Q2FuR3Vlc3RDaGVja291dCZxdW90OzpmYWxzZSwmcXVvdDtEaXNhbGxvd1F1YW50aXR5Q2hhbmdlJnF1b3Q7OmZhbHNlLCZxdW90O0Rpc2FsbG93RWRpdEluQ2FydCZxdW90OzpmYWxzZSwmcXVvdDtSZXNvdXJjZVByZWZpeCZxdW90OzpudWxsLCZxdW90O1Byb2R1Y3Rpb25PcmRlckdyb3VwJnF1b3Q7Om51bGwsJnF1b3Q7U3BzYyZxdW90OzpudWxsLCZxdW90O0VDbGFzcyZxdW90OzpudWxsLCZxdW90O0lkJnF1b3Q7OjI4LCZxdW90O0lzSGFyZERlbGV0ZWQmcXVvdDs6ZmFsc2V9LHsmcXVvdDskaWQmcXVvdDs6JnF1b3Q7MTA5JnF1b3Q7LCZxdW90O0J1c2luZXNzVW5pdCZxdW90Ozp7JnF1b3Q7JGlkJnF1b3Q7OiZxdW90OzExMCZxdW90OywmcXVvdDtCdUljb24mcXVvdDs6JnF1b3Q7L2ltYWdlcy91c2VyY29udHJvbHMvaWNvbnMvYnUvc2VxX3NtYWxsLmdpZiZxdW90OywmcXVvdDtCdUtleSZxdW90OzomcXVvdDtTRVEmcXVvdDssJnF1b3Q7QnVOYW1lJnF1b3Q7OiZxdW90O0N1c3RvbSBETkEgU2VxdWVuY2luZyZxdW90OywmcXVvdDtCdXNpbmVzc1VuaXRFbnVtJnF1b3Q7OjIsJnF1b3Q7RGlzdHJpYnV0b3JSZXNwb25zaWJpbGl0aWVzJnF1b3Q7Om51bGwsJnF1b3Q7SGFzTGltc1N5c3RlbSZxdW90OzpmYWxzZSwmcXVvdDtJbnN0YW5jZVN0YXR1c0VudW0mcXVvdDs6MCwmcXVvdDtTYWxlc0l0ZW1UeXBlcyZxdW90OzpudWxsLCZxdW90O1NpdGUmcXVvdDs6bnVsbCwmcXVvdDtWZXJzaW9uJnF1b3Q7OjEsJnF1b3Q7QnVQcm9kdWN0aW9uRGV0YWlsc1VybCZxdW90OzpudWxsLCZxdW90O0lkJnF1b3Q7OjIsJnF1b3Q7SXNIYXJkRGVsZXRlZCZxdW90OzpmYWxzZX0sJnF1b3Q7UHJvZHVjdENhdGVnb3J5RW51bSZxdW90OzoyLCZxdW90O09yZGVyV2l6YXJkVHlwZUVudW0mcXVvdDs6OSwmcXVvdDtJbnN0YW5jZVN0YXR1c0VudW0mcXVvdDs6MCwmcXVvdDtDYW5PcmRlcldoZW5Ob1ByaWNlJnF1b3Q7OnRydWUsJnF1b3Q7Q2FuUXVvdGVXaGVuTm9QcmljZSZxdW90OzpmYWxzZSwmcXVvdDtDYW5RdW90ZVdpdGhQcmljZSZxdW90Ozp0cnVlLCZxdW90O0NhblNoaXBPbkRyeUljZSZxdW90OzpmYWxzZSwmcXVvdDtDb250cm9sUGF0aCZxdW90OzomcXVvdDthc2Rhd2QmcXVvdDssJnF1b3Q7SXNTdGFuZEFsb25lSXRlbSZxdW90OzpmYWxzZSwmcXVvdDtOYW1lJnF1b3Q7OiZxdW90O1JlYWR5IFRvIExvYWQmcXVvdDssJnF1b3Q7T3JkZXJpbmdQYWdlUGF0aCZxdW90OzomcXVvdDtpbnRMaW5rU0lUX1JlYWR5VG9Mb2FkJnF1b3Q7LCZxdW90O1JlcXVpcmVQaHlzaWNhbFNoaXBtZW50JnF1b3Q7OnRydWUsJnF1b3Q7U2l0S2V5JnF1b3Q7OiZxdW90O1JlYWR5VG9Mb2FkJnF1b3Q7LCZxdW90O1ZlcnNpb24mcXVvdDs6NSwmcXVvdDtXYWl0Rm9yQ2FuY2VsbGF0aW9uUGVyaW9kJnF1b3Q7OjAsJnF1b3Q7WHNkUGF0aCZxdW90OzomcXVvdDtodHRwczovL3NlcnZpY2VzLmV1cm9maW5zZ2Vub21pY3MuY29tL1NjaGVtYXMvRWNvbS9QU0QvU2VxdWVuY2luZ1YyLjcueHNkJnF1b3Q7LCZxdW90O05lZWRzQmlvU2FmZXR5JnF1b3Q7OmZhbHNlLCZxdW90O0Nhbkd1ZXN0Q2hlY2tvdXQmcXVvdDs6ZmFsc2UsJnF1b3Q7RGlzYWxsb3dRdWFudGl0eUNoYW5nZSZxdW90OzpmYWxzZSwmcXVvdDtEaXNhbGxvd0VkaXRJbkNhcnQmcXVvdDs6dHJ1ZSwmcXVvdDtSZXNvdXJjZVByZWZpeCZxdW90OzomcXVvdDsmcXVvdDssJnF1b3Q7UHJvZHVjdGlvbk9yZGVyR3JvdXAmcXVvdDs6bnVsbCwmcXVvdDtTcHNjJnF1b3Q7OiZxdW90OyZxdW90OywmcXVvdDtFQ2xhc3MmcXVvdDs6JnF1b3Q7JnF1b3Q7LCZxdW90O0lkJnF1b3Q7OjE3LCZxdW90O0lzSGFyZERlbGV0ZWQmcXVvdDs6ZmFsc2V9LHsmcXVvdDskaWQmcXVvdDs6JnF1b3Q7MTExJnF1b3Q7LCZxdW90O0J1c2luZXNzVW5pdCZxdW90Ozp7JnF1b3Q7JGlkJnF1b3Q7OiZxdW90OzExMiZxdW90OywmcXVvdDtCdUljb24mcXVvdDs6JnF1b3Q7L2ltYWdlcy91c2VyY29udHJvbHMvaWNvbnMvYnUvc2VxX3NtYWxsLmdpZiZxdW90OywmcXVvdDtCdUtleSZxdW90OzomcXVvdDtTRVEmcXVvdDssJnF1b3Q7QnVOYW1lJnF1b3Q7OiZxdW90O0N1c3RvbSBETkEgU2VxdWVuY2luZyZxdW90OywmcXVvdDtCdXNpbmVzc1VuaXRFbnVtJnF1b3Q7OjIsJnF1b3Q7RGlzdHJpYnV0b3JSZXNwb25zaWJpbGl0aWVzJnF1b3Q7Om51bGwsJnF1b3Q7SGFzTGltc1N5c3RlbSZxdW90OzpmYWxzZSwmcXVvdDtJbnN0YW5jZVN0YXR1c0VudW0mcXVvdDs6MCwmcXVvdDtTYWxlc0l0ZW1UeXBlcyZxdW90OzpudWxsLCZxdW90O1NpdGUmcXVvdDs6bnVsbCwmcXVvdDtWZXJzaW9uJnF1b3Q7OjEsJnF1b3Q7QnVQcm9kdWN0aW9uRGV0YWlsc1VybCZxdW90OzpudWxsLCZxdW90O0lkJnF1b3Q7OjIsJnF1b3Q7SXNIYXJkRGVsZXRlZCZxdW90OzpmYWxzZX0sJnF1b3Q7UHJvZHVjdENhdGVnb3J5RW51bSZxdW90OzoyLCZxdW90O09yZGVyV2l6YXJkVHlwZUVudW0mcXVvdDs6NiwmcXVvdDtJbnN0YW5jZVN0YXR1c0VudW0mcXVvdDs6MCwmcXVvdDtDYW5PcmRlcldoZW5Ob1ByaWNlJnF1b3Q7OnRydWUsJnF1b3Q7Q2FuUXVvdGVXaGVuTm9QcmljZSZxdW90OzpmYWxzZSwmcXVvdDtDYW5RdW90ZVdpdGhQcmljZSZxdW90OzpmYWxzZSwmcXVvdDtDYW5TaGlwT25EcnlJY2UmcXVvdDs6ZmFsc2UsJnF1b3Q7Q29udHJvbFBhdGgmcXVvdDs6JnF1b3Q7flxcdXNlcmNvbnRyb2xzXFxDb3JlXFxDb250YWluZXJcXE9yZGVyaW5nXFxTZXF1ZW5jaW5nXFxQbGF0ZVxcY2NQbGF0ZVNlcXVlbmNpbmcuYXNjeCZxdW90OywmcXVvdDtJc1N0YW5kQWxvbmVJdGVtJnF1b3Q7OmZhbHNlLCZxdW90O05hbWUmcXVvdDs6JnF1b3Q7UmVhZHkgdG8gTG9hZCBQbGF0ZSZxdW90OywmcXVvdDtPcmRlcmluZ1BhZ2VQYXRoJnF1b3Q7OiZxdW90O2ludExpbmtTSVRfUmVhZHlUb0xvYWRQbGF0ZSZxdW90OywmcXVvdDtSZXF1aXJlUGh5c2ljYWxTaGlwbWVudCZxdW90OzpmYWxzZSwmcXVvdDtTaXRLZXkmcXVvdDs6JnF1b3Q7UmVhZHlUb0xvYWRQbGF0ZSZxdW90OywmcXVvdDtWZXJzaW9uJnF1b3Q7OjMsJnF1b3Q7V2FpdEZvckNhbmNlbGxhdGlvblBlcmlvZCZxdW90OzowLCZxdW90O1hzZFBhdGgmcXVvdDs6JnF1b3Q7aHR0cHM6Ly9zZXJ2aWNlcy5ldXJvZmluc2dlbm9taWNzLmNvbS9TY2hlbWFzL0Vjb20vUFNEL1NlcXVlbmNpbmdWMi43LnhzZCZxdW90OywmcXVvdDtOZWVkc0Jpb1NhZmV0eSZxdW90Ozp0cnVlLCZxdW90O0Nhbkd1ZXN0Q2hlY2tvdXQmcXVvdDs6ZmFsc2UsJnF1b3Q7RGlzYWxsb3dRdWFudGl0eUNoYW5nZSZxdW90OzpmYWxzZSwmcXVvdDtEaXNhbGxvd0VkaXRJbkNhcnQmcXVvdDs6ZmFsc2UsJnF1b3Q7UmVzb3VyY2VQcmVmaXgmcXVvdDs6bnVsbCwmcXVvdDtQcm9kdWN0aW9uT3JkZXJHcm91cCZxdW90OzpudWxsLCZxdW90O1Nwc2MmcXVvdDs6bnVsbCwmcXVvdDtFQ2xhc3MmcXVvdDs6bnVsbCwmcXVvdDtJZCZxdW90Ozo2NiwmcXVvdDtJc0hhcmREZWxldGVkJnF1b3Q7OmZhbHNlfSx7JnF1b3Q7JGlkJnF1b3Q7OiZxdW90OzExMyZxdW90OywmcXVvdDtCdXNpbmVzc1VuaXQmcXVvdDs6eyZxdW90OyRpZCZxdW90OzomcXVvdDsxMTQmcXVvdDssJnF1b3Q7QnVJY29uJnF1b3Q7OiZxdW90Oy9pbWFnZXMvdXNlcmNvbnRyb2xzL2ljb25zL2J1L3NlcV9zbWFsbC5naWYmcXVvdDssJnF1b3Q7QnVLZXkmcXVvdDs6JnF1b3Q7U0VRJnF1b3Q7LCZxdW90O0J1TmFtZSZxdW90OzomcXVvdDtDdXN0b20gRE5BIFNlcXVlbmNpbmcmcXVvdDssJnF1b3Q7QnVzaW5lc3NVbml0RW51bSZxdW90OzoyLCZxdW90O0Rpc3RyaWJ1dG9yUmVzcG9uc2liaWxpdGllcyZxdW90OzpudWxsLCZxdW90O0hhc0xpbXNTeXN0ZW0mcXVvdDs6ZmFsc2UsJnF1b3Q7SW5zdGFuY2VTdGF0dXNFbnVtJnF1b3Q7OjAsJnF1b3Q7U2FsZXNJdGVtVHlwZXMmcXVvdDs6bnVsbCwmcXVvdDtTaXRlJnF1b3Q7Om51bGwsJnF1b3Q7VmVyc2lvbiZxdW90OzoxLCZxdW90O0J1UHJvZHVjdGlvbkRldGFpbHNVcmwmcXVvdDs6bnVsbCwmcXVvdDtJZCZxdW90OzoyLCZxdW90O0lzSGFyZERlbGV0ZWQmcXVvdDs6ZmFsc2V9LCZxdW90O1Byb2R1Y3RDYXRlZ29yeUVudW0mcXVvdDs6MiwmcXVvdDtPcmRlcldpemFyZFR5cGVFbnVtJnF1b3Q7OjksJnF1b3Q7SW5zdGFuY2VTdGF0dXNFbnVtJnF1b3Q7OjAsJnF1b3Q7Q2FuT3JkZXJXaGVuTm9QcmljZSZxdW90Ozp0cnVlLCZxdW90O0NhblF1b3RlV2hlbk5vUHJpY2UmcXVvdDs6ZmFsc2UsJnF1b3Q7Q2FuUXVvdGVXaXRoUHJpY2UmcXVvdDs6ZmFsc2UsJnF1b3Q7Q2FuU2hpcE9uRHJ5SWNlJnF1b3Q7OmZhbHNlLCZxdW90O0NvbnRyb2xQYXRoJnF1b3Q7OiZxdW90O35cXHVzZXJjb250cm9sc1xcQ29yZVxcQ29udGFpbmVyXFxPcmRlcmluZ1xcU2VxdWVuY2luZ1xcVHViZVxcY2NTZXFUdWJlT3JkZXJpbmcuYXNjeCZxdW90OywmcXVvdDtJc1N0YW5kQWxvbmVJdGVtJnF1b3Q7OmZhbHNlLCZxdW90O05hbWUmcXVvdDs6JnF1b3Q7UmVhZHkgVG8gTG9hZCBUdWJlJnF1b3Q7LCZxdW90O09yZGVyaW5nUGFnZVBhdGgmcXVvdDs6JnF1b3Q7aW50TGlua1NJVF9SZWFkeVRvTG9hZFR1YmUmcXVvdDssJnF1b3Q7UmVxdWlyZVBoeXNpY2FsU2hpcG1lbnQmcXVvdDs6ZmFsc2UsJnF1b3Q7U2l0S2V5JnF1b3Q7OiZxdW90O1JlYWR5VG9Mb2FkVHViZSZxdW90OywmcXVvdDtWZXJzaW9uJnF1b3Q7OjUsJnF1b3Q7V2FpdEZvckNhbmNlbGxhdGlvblBlcmlvZCZxdW90OzowLCZxdW90O1hzZFBhdGgmcXVvdDs6JnF1b3Q7aHR0cHM6Ly9zZXJ2aWNlcy5ldXJvZmluc2dlbm9taWNzLmNvbS9TY2hlbWFzL0Vjb20vUFNEL1NlcXVlbmNpbmdWMi43LnhzZCZxdW90OywmcXVvdDtOZWVkc0Jpb1NhZmV0eSZxdW90Ozp0cnVlLCZxdW90O0Nhbkd1ZXN0Q2hlY2tvdXQmcXVvdDs6ZmFsc2UsJnF1b3Q7RGlzYWxsb3dRdWFudGl0eUNoYW5nZSZxdW90OzpmYWxzZSwmcXVvdDtEaXNhbGxvd0VkaXRJbkNhcnQmcXVvdDs6ZmFsc2UsJnF1b3Q7UmVzb3VyY2VQcmVmaXgmcXVvdDs6bnVsbCwmcXVvdDtQcm9kdWN0aW9uT3JkZXJHcm91cCZxdW90OzpudWxsLCZxdW90O1Nwc2MmcXVvdDs6bnVsbCwmcXVvdDtFQ2xhc3MmcXVvdDs6bnVsbCwmcXVvdDtJZCZxdW90Ozo2NSwmcXVvdDtJc0hhcmREZWxldGVkJnF1b3Q7OmZhbHNlfSx7JnF1b3Q7JGlkJnF1b3Q7OiZxdW90OzExNSZxdW90OywmcXVvdDtCdXNpbmVzc1VuaXQmcXVvdDs6eyZxdW90OyRpZCZxdW90OzomcXVvdDsxMTYmcXVvdDssJnF1b3Q7QnVJY29uJnF1b3Q7OiZxdW90Oy9pbWFnZXMvdXNlcmNvbnRyb2xzL2ljb25zL2J1L3NlcV9zbWFsbC5naWYmcXVvdDssJnF1b3Q7QnVLZXkmcXVvdDs6JnF1b3Q7U0VRJnF1b3Q7LCZxdW90O0J1TmFtZSZxdW90OzomcXVvdDtDdXN0b20gRE5BIFNlcXVlbmNpbmcmcXVvdDssJnF1b3Q7QnVzaW5lc3NVbml0RW51bSZxdW90OzoyLCZxdW90O0Rpc3RyaWJ1dG9yUmVzcG9uc2liaWxpdGllcyZxdW90OzpudWxsLCZxdW90O0hhc0xpbXNTeXN0ZW0mcXVvdDs6ZmFsc2UsJnF1b3Q7SW5zdGFuY2VTdGF0dXNFbnVtJnF1b3Q7OjAsJnF1b3Q7U2FsZXNJdGVtVHlwZXMmcXVvdDs6bnVsbCwmcXVvdDtTaXRlJnF1b3Q7Om51bGwsJnF1b3Q7VmVyc2lvbiZxdW90OzoxLCZxdW90O0J1UHJvZHVjdGlvbkRldGFpbHNVcmwmcXVvdDs6bnVsbCwmcXVvdDtJZCZxdW90OzoyLCZxdW90O0lzSGFyZERlbGV0ZWQmcXVvdDs6ZmFsc2V9LCZxdW90O1Byb2R1Y3RDYXRlZ29yeUVudW0mcXVvdDs6MSwmcXVvdDtPcmRlcldpemFyZFR5cGVFbnVtJnF1b3Q7OjEyLCZxdW90O0luc3RhbmNlU3RhdHVzRW51bSZxdW90OzowLCZxdW90O0Nhbk9yZGVyV2hlbk5vUHJpY2UmcXVvdDs6dHJ1ZSwmcXVvdDtDYW5RdW90ZVdoZW5Ob1ByaWNlJnF1b3Q7OmZhbHNlLCZxdW90O0NhblF1b3RlV2l0aFByaWNlJnF1b3Q7OmZhbHNlLCZxdW90O0NhblNoaXBPbkRyeUljZSZxdW90OzpmYWxzZSwmcXVvdDtDb250cm9sUGF0aCZxdW90OzomcXVvdDt+XFx1c2VyY29udHJvbHNcXENvcmVcXENvbnRhaW5lclxcT3JkZXJpbmdcXENhdGFsb2d1ZVByb2R1Y3RzXFxDYXRhbG9ndWVQcm9kdWN0LmFzY3gmcXVvdDssJnF1b3Q7SXNTdGFuZEFsb25lSXRlbSZxdW90OzpmYWxzZSwmcXVvdDtOYW1lJnF1b3Q7OiZxdW90O0hhbmR5IFNhbXBsZSBCYWcmcXVvdDssJnF1b3Q7T3JkZXJpbmdQYWdlUGF0aCZxdW90OzomcXVvdDtpbnRMaW5rU0lUX1NhbXBsZUJhZyZxdW90OywmcXVvdDtSZXF1aXJlUGh5c2ljYWxTaGlwbWVudCZxdW90Ozp0cnVlLCZxdW90O1NpdEtleSZxdW90OzomcXVvdDtTYW1wbGVCYWcmcXVvdDssJnF1b3Q7VmVyc2lvbiZxdW90OzozLCZxdW90O1dhaXRGb3JDYW5jZWxsYXRpb25QZXJpb2QmcXVvdDs6MCwmcXVvdDtYc2RQYXRoJnF1b3Q7OiZxdW90O2h0dHBzOi8vc2VydmljZXMuZXVyb2ZpbnNnZW5vbWljcy5jb20vU2NoZW1hcy9FY29tL1BTRC9DYXRhbG9ndWVQcm9kdWN0c1YyLjIueHNkJnF1b3Q7LCZxdW90O05lZWRzQmlvU2FmZXR5JnF1b3Q7OmZhbHNlLCZxdW90O0Nhbkd1ZXN0Q2hlY2tvdXQmcXVvdDs6ZmFsc2UsJnF1b3Q7RGlzYWxsb3dRdWFudGl0eUNoYW5nZSZxdW90OzpmYWxzZSwmcXVvdDtEaXNhbGxvd0VkaXRJbkNhcnQmcXVvdDs6ZmFsc2UsJnF1b3Q7UmVzb3VyY2VQcmVmaXgmcXVvdDs6bnVsbCwmcXVvdDtQcm9kdWN0aW9uT3JkZXJHcm91cCZxdW90Ozp7JnF1b3Q7JHJlZiZxdW90OzomcXVvdDszJnF1b3Q7fSwmcXVvdDtTcHNjJnF1b3Q7Om51bGwsJnF1b3Q7RUNsYXNzJnF1b3Q7Om51bGwsJnF1b3Q7SWQmcXVvdDs6NDQsJnF1b3Q7SXNIYXJkRGVsZXRlZCZxdW90OzpmYWxzZX0seyZxdW90OyRpZCZxdW90OzomcXVvdDsxMTcmcXVvdDssJnF1b3Q7QnVzaW5lc3NVbml0JnF1b3Q7OnsmcXVvdDskaWQmcXVvdDs6JnF1b3Q7MTE4JnF1b3Q7LCZxdW90O0J1SWNvbiZxdW90OzomcXVvdDsvaW1hZ2VzL3VzZXJjb250cm9scy9pY29ucy9idS9zZXFfc21hbGwuZ2lmJnF1b3Q7LCZxdW90O0J1S2V5JnF1b3Q7OiZxdW90O1NFUSZxdW90OywmcXVvdDtCdU5hbWUmcXVvdDs6JnF1b3Q7Q3VzdG9tIEROQSBTZXF1ZW5jaW5nJnF1b3Q7LCZxdW90O0J1c2luZXNzVW5pdEVudW0mcXVvdDs6MiwmcXVvdDtEaXN0cmlidXRvclJlc3BvbnNpYmlsaXRpZXMmcXVvdDs6bnVsbCwmcXVvdDtIYXNMaW1zU3lzdGVtJnF1b3Q7OmZhbHNlLCZxdW90O0luc3RhbmNlU3RhdHVzRW51bSZxdW90OzowLCZxdW90O1NhbGVzSXRlbVR5cGVzJnF1b3Q7Om51bGwsJnF1b3Q7U2l0ZSZxdW90OzpudWxsLCZxdW90O1ZlcnNpb24mcXVvdDs6MSwmcXVvdDtCdVByb2R1Y3Rpb25EZXRhaWxzVXJsJnF1b3Q7Om51bGwsJnF1b3Q7SWQmcXVvdDs6MiwmcXVvdDtJc0hhcmREZWxldGVkJnF1b3Q7OmZhbHNlfSwmcXVvdDtQcm9kdWN0Q2F0ZWdvcnlFbnVtJnF1b3Q7OjEsJnF1b3Q7T3JkZXJXaXphcmRUeXBlRW51bSZxdW90OzoxMiwmcXVvdDtJbnN0YW5jZVN0YXR1c0VudW0mcXVvdDs6MCwmcXVvdDtDYW5PcmRlcldoZW5Ob1ByaWNlJnF1b3Q7OnRydWUsJnF1b3Q7Q2FuUXVvdGVXaGVuTm9QcmljZSZxdW90OzpmYWxzZSwmcXVvdDtDYW5RdW90ZVdpdGhQcmljZSZxdW90OzpmYWxzZSwmcXVvdDtDYW5TaGlwT25EcnlJY2UmcXVvdDs6ZmFsc2UsJnF1b3Q7Q29udHJvbFBhdGgmcXVvdDs6JnF1b3Q7flxcdXNlcmNvbnRyb2xzXFxDb3JlXFxDb250YWluZXJcXE9yZGVyaW5nXFxDYXRhbG9ndWVQcm9kdWN0c1xcQ2F0YWxvZ3VlUHJvZHVjdC5hc2N4JnF1b3Q7LCZxdW90O0lzU3RhbmRBbG9uZUl0ZW0mcXVvdDs6ZmFsc2UsJnF1b3Q7TmFtZSZxdW90OzomcXVvdDtTYW1wbGUgQm94IFR1YmVzJnF1b3Q7LCZxdW90O09yZGVyaW5nUGFnZVBhdGgmcXVvdDs6JnF1b3Q7aW50TGlua1NJVF9TYW1wbGVCb3gmcXVvdDssJnF1b3Q7UmVxdWlyZVBoeXNpY2FsU2hpcG1lbnQmcXVvdDs6dHJ1ZSwmcXVvdDtTaXRLZXkmcXVvdDs6JnF1b3Q7U2FtcGxlQm94JnF1b3Q7LCZxdW90O1ZlcnNpb24mcXVvdDs6MywmcXVvdDtXYWl0Rm9yQ2FuY2VsbGF0aW9uUGVyaW9kJnF1b3Q7OjAsJnF1b3Q7WHNkUGF0aCZxdW90OzomcXVvdDtodHRwczovL3NlcnZpY2VzLmV1cm9maW5zZ2Vub21pY3MuY29tL1NjaGVtYXMvRWNvbS9QU0QvQ2F0YWxvZ3VlUHJvZHVjdHNWMi4yLnhzZCZxdW90OywmcXVvdDtOZWVkc0Jpb1NhZmV0eSZxdW90OzpmYWxzZSwmcXVvdDtDYW5HdWVzdENoZWNrb3V0JnF1b3Q7OmZhbHNlLCZxdW90O0Rpc2FsbG93UXVhbnRpdHlDaGFuZ2UmcXVvdDs6ZmFsc2UsJnF1b3Q7RGlzYWxsb3dFZGl0SW5DYXJ0JnF1b3Q7OmZhbHNlLCZxdW90O1Jlc291cmNlUHJlZml4JnF1b3Q7Om51bGwsJnF1b3Q7UHJvZHVjdGlvbk9yZGVyR3JvdXAmcXVvdDs6eyZxdW90OyRyZWYmcXVvdDs6JnF1b3Q7MyZxdW90O30sJnF1b3Q7U3BzYyZxdW90OzpudWxsLCZxdW90O0VDbGFzcyZxdW90OzpudWxsLCZxdW90O0lkJnF1b3Q7OjQyLCZxdW90O0lzSGFyZERlbGV0ZWQmcXVvdDs6ZmFsc2V9LHsmcXVvdDskaWQmcXVvdDs6JnF1b3Q7MTE5JnF1b3Q7LCZxdW90O0J1c2luZXNzVW5pdCZxdW90Ozp7JnF1b3Q7JGlkJnF1b3Q7OiZxdW90OzEyMCZxdW90OywmcXVvdDtCdUljb24mcXVvdDs6JnF1b3Q7L2ltYWdlcy91c2VyY29udHJvbHMvaWNvbnMvYnUvc2VxX3NtYWxsLmdpZiZxdW90OywmcXVvdDtCdUtleSZxdW90OzomcXVvdDtTRVEmcXVvdDssJnF1b3Q7QnVOYW1lJnF1b3Q7OiZxdW90O0N1c3RvbSBETkEgU2VxdWVuY2luZyZxdW90OywmcXVvdDtCdXNpbmVzc1VuaXRFbnVtJnF1b3Q7OjIsJnF1b3Q7RGlzdHJpYnV0b3JSZXNwb25zaWJpbGl0aWVzJnF1b3Q7Om51bGwsJnF1b3Q7SGFzTGltc1N5c3RlbSZxdW90OzpmYWxzZSwmcXVvdDtJbnN0YW5jZVN0YXR1c0VudW0mcXVvdDs6MCwmcXVvdDtTYWxlc0l0ZW1UeXBlcyZxdW90OzpudWxsLCZxdW90O1NpdGUmcXVvdDs6bnVsbCwmcXVvdDtWZXJzaW9uJnF1b3Q7OjEsJnF1b3Q7QnVQcm9kdWN0aW9uRGV0YWlsc1VybCZxdW90OzpudWxsLCZxdW90O0lkJnF1b3Q7OjIsJnF1b3Q7SXNIYXJkRGVsZXRlZCZxdW90OzpmYWxzZX0sJnF1b3Q7UHJvZHVjdENhdGVnb3J5RW51bSZxdW90OzoxLCZxdW90O09yZGVyV2l6YXJkVHlwZUVudW0mcXVvdDs6MTIsJnF1b3Q7SW5zdGFuY2VTdGF0dXNFbnVtJnF1b3Q7OjAsJnF1b3Q7Q2FuT3JkZXJXaGVuTm9QcmljZSZxdW90Ozp0cnVlLCZxdW90O0NhblF1b3RlV2hlbk5vUHJpY2UmcXVvdDs6ZmFsc2UsJnF1b3Q7Q2FuUXVvdGVXaXRoUHJpY2UmcXVvdDs6ZmFsc2UsJnF1b3Q7Q2FuU2hpcE9uRHJ5SWNlJnF1b3Q7OmZhbHNlLCZxdW90O0NvbnRyb2xQYXRoJnF1b3Q7OiZxdW90O35cXHVzZXJjb250cm9sc1xcQ29yZVxcQ29udGFpbmVyXFxPcmRlcmluZ1xcQ2F0YWxvZ3VlUHJvZHVjdHNcXENhdGFsb2d1ZVByb2R1Y3QuYXNjeCZxdW90OywmcXVvdDtJc1N0YW5kQWxvbmVJdGVtJnF1b3Q7OmZhbHNlLCZxdW90O05hbWUmcXVvdDs6JnF1b3Q7U2NhZmZvbGQgRE5BNiZxdW90OywmcXVvdDtPcmRlcmluZ1BhZ2VQYXRoJnF1b3Q7OiZxdW90O2ludExpbmtTSVRfU2NhZmZvbGRETkE2JnF1b3Q7LCZxdW90O1JlcXVpcmVQaHlzaWNhbFNoaXBtZW50JnF1b3Q7OnRydWUsJnF1b3Q7U2l0S2V5JnF1b3Q7OiZxdW90O1NjYWZmb2xkRE5BNiZxdW90OywmcXVvdDtWZXJzaW9uJnF1b3Q7OjMsJnF1b3Q7V2FpdEZvckNhbmNlbGxhdGlvblBlcmlvZCZxdW90OzozMCwmcXVvdDtYc2RQYXRoJnF1b3Q7OiZxdW90O2h0dHBzOi8vc2VydmljZXMuZXVyb2ZpbnNnZW5vbWljcy5jb20vU2NoZW1hcy9FY29tL1BTRC9DYXRhbG9ndWVQcm9kdWN0c1YyLjIueHNkJnF1b3Q7LCZxdW90O05lZWRzQmlvU2FmZXR5JnF1b3Q7OmZhbHNlLCZxdW90O0Nhbkd1ZXN0Q2hlY2tvdXQmcXVvdDs6ZmFsc2UsJnF1b3Q7RGlzYWxsb3dRdWFudGl0eUNoYW5nZSZxdW90OzpmYWxzZSwmcXVvdDtEaXNhbGxvd0VkaXRJbkNhcnQmcXVvdDs6ZmFsc2UsJnF1b3Q7UmVzb3VyY2VQcmVmaXgmcXVvdDs6bnVsbCwmcXVvdDtQcm9kdWN0aW9uT3JkZXJHcm91cCZxdW90Ozp7JnF1b3Q7JHJlZiZxdW90OzomcXVvdDszJnF1b3Q7fSwmcXVvdDtTcHNjJnF1b3Q7Om51bGwsJnF1b3Q7RUNsYXNzJnF1b3Q7Om51bGwsJnF1b3Q7SWQmcXVvdDs6NzgsJnF1b3Q7SXNIYXJkRGVsZXRlZCZxdW90OzpmYWxzZX0seyZxdW90OyRpZCZxdW90OzomcXVvdDsxMjEmcXVvdDssJnF1b3Q7QnVzaW5lc3NVbml0JnF1b3Q7OnsmcXVvdDskaWQmcXVvdDs6JnF1b3Q7MTIyJnF1b3Q7LCZxdW90O0J1SWNvbiZxdW90OzomcXVvdDsvaW1hZ2VzL3VzZXJjb250cm9scy9pY29ucy9idS9zZXFfc21hbGwuZ2lmJnF1b3Q7LCZxdW90O0J1S2V5JnF1b3Q7OiZxdW90O1NFUSZxdW90OywmcXVvdDtCdU5hbWUmcXVvdDs6JnF1b3Q7Q3VzdG9tIEROQSBTZXF1ZW5jaW5nJnF1b3Q7LCZxdW90O0J1c2luZXNzVW5pdEVudW0mcXVvdDs6MiwmcXVvdDtEaXN0cmlidXRvclJlc3BvbnNpYmlsaXRpZXMmcXVvdDs6bnVsbCwmcXVvdDtIYXNMaW1zU3lzdGVtJnF1b3Q7OmZhbHNlLCZxdW90O0luc3RhbmNlU3RhdHVzRW51bSZxdW90OzowLCZxdW90O1NhbGVzSXRlbVR5cGVzJnF1b3Q7Om51bGwsJnF1b3Q7U2l0ZSZxdW90OzpudWxsLCZxdW90O1ZlcnNpb24mcXVvdDs6MSwmcXVvdDtCdVByb2R1Y3Rpb25EZXRhaWxzVXJsJnF1b3Q7Om51bGwsJnF1b3Q7SWQmcXVvdDs6MiwmcXVvdDtJc0hhcmREZWxldGVkJnF1b3Q7OmZhbHNlfSwmcXVvdDtQcm9kdWN0Q2F0ZWdvcnlFbnVtJnF1b3Q7OjEsJnF1b3Q7T3JkZXJXaXphcmRUeXBlRW51bSZxdW90OzoxMiwmcXVvdDtJbnN0YW5jZVN0YXR1c0VudW0mcXVvdDs6MCwmcXVvdDtDYW5PcmRlcldoZW5Ob1ByaWNlJnF1b3Q7OnRydWUsJnF1b3Q7Q2FuUXVvdGVXaGVuTm9QcmljZSZxdW90OzpmYWxzZSwmcXVvdDtDYW5RdW90ZVdpdGhQcmljZSZxdW90OzpmYWxzZSwmcXVvdDtDYW5TaGlwT25EcnlJY2UmcXVvdDs6ZmFsc2UsJnF1b3Q7Q29udHJvbFBhdGgmcXVvdDs6JnF1b3Q7flxcdXNlcmNvbnRyb2xzXFxDb3JlXFxDb250YWluZXJcXE9yZGVyaW5nXFxDYXRhbG9ndWVQcm9kdWN0c1xcQ2F0YWxvZ3VlUHJvZHVjdC5hc2N4JnF1b3Q7LCZxdW90O0lzU3RhbmRBbG9uZUl0ZW0mcXVvdDs6ZmFsc2UsJnF1b3Q7TmFtZSZxdW90OzomcXVvdDtTY2FmZm9sZCBETkEmcXVvdDssJnF1b3Q7T3JkZXJpbmdQYWdlUGF0aCZxdW90OzomcXVvdDtpbnRMaW5rU0lUX1NjYWZmb2xkRE5BNyZxdW90OywmcXVvdDtSZXF1aXJlUGh5c2ljYWxTaGlwbWVudCZxdW90Ozp0cnVlLCZxdW90O1NpdEtleSZxdW90OzomcXVvdDtTY2FmZm9sZEROQTcmcXVvdDssJnF1b3Q7VmVyc2lvbiZxdW90OzoyLCZxdW90O1dhaXRGb3JDYW5jZWxsYXRpb25QZXJpb2QmcXVvdDs6MzAsJnF1b3Q7WHNkUGF0aCZxdW90OzomcXVvdDtodHRwczovL3NlcnZpY2VzLmV1cm9maW5zZ2Vub21pY3MuY29tL1NjaGVtYXMvRWNvbS9QU0QvQ2F0YWxvZ3VlUHJvZHVjdHNWMi4yLnhzZCZxdW90OywmcXVvdDtOZWVkc0Jpb1NhZmV0eSZxdW90OzpmYWxzZSwmcXVvdDtDYW5HdWVzdENoZWNrb3V0JnF1b3Q7OmZhbHNlLCZxdW90O0Rpc2FsbG93UXVhbnRpdHlDaGFuZ2UmcXVvdDs6ZmFsc2UsJnF1b3Q7RGlzYWxsb3dFZGl0SW5DYXJ0JnF1b3Q7OmZhbHNlLCZxdW90O1Jlc291cmNlUHJlZml4JnF1b3Q7Om51bGwsJnF1b3Q7UHJvZHVjdGlvbk9yZGVyR3JvdXAmcXVvdDs6eyZxdW90OyRyZWYmcXVvdDs6JnF1b3Q7MyZxdW90O30sJnF1b3Q7U3BzYyZxdW90OzpudWxsLCZxdW90O0VDbGFzcyZxdW90OzpudWxsLCZxdW90O0lkJnF1b3Q7Ojc1LCZxdW90O0lzSGFyZERlbGV0ZWQmcXVvdDs6ZmFsc2V9LHsmcXVvdDskaWQmcXVvdDs6JnF1b3Q7MTIzJnF1b3Q7LCZxdW90O0J1c2luZXNzVW5pdCZxdW90Ozp7JnF1b3Q7JGlkJnF1b3Q7OiZxdW90OzEyNCZxdW90OywmcXVvdDtCdUljb24mcXVvdDs6JnF1b3Q7L2ltYWdlcy91c2VyY29udHJvbHMvaWNvbnMvYnUvc2VxX3NtYWxsLmdpZiZxdW90OywmcXVvdDtCdUtleSZxdW90OzomcXVvdDtTRVEmcXVvdDssJnF1b3Q7QnVOYW1lJnF1b3Q7OiZxdW90O0N1c3RvbSBETkEgU2VxdWVuY2luZyZxdW90OywmcXVvdDtCdXNpbmVzc1VuaXRFbnVtJnF1b3Q7OjIsJnF1b3Q7RGlzdHJpYnV0b3JSZXNwb25zaWJpbGl0aWVzJnF1b3Q7Om51bGwsJnF1b3Q7SGFzTGltc1N5c3RlbSZxdW90OzpmYWxzZSwmcXVvdDtJbnN0YW5jZVN0YXR1c0VudW0mcXVvdDs6MCwmcXVvdDtTYWxlc0l0ZW1UeXBlcyZxdW90OzpudWxsLCZxdW90O1NpdGUmcXVvdDs6bnVsbCwmcXVvdDtWZXJzaW9uJnF1b3Q7OjEsJnF1b3Q7QnVQcm9kdWN0aW9uRGV0YWlsc1VybCZxdW90OzpudWxsLCZxdW90O0lkJnF1b3Q7OjIsJnF1b3Q7SXNIYXJkRGVsZXRlZCZxdW90OzpmYWxzZX0sJnF1b3Q7UHJvZHVjdENhdGVnb3J5RW51bSZxdW90OzoxLCZxdW90O09yZGVyV2l6YXJkVHlwZUVudW0mcXVvdDs6MTIsJnF1b3Q7SW5zdGFuY2VTdGF0dXNFbnVtJnF1b3Q7OjAsJnF1b3Q7Q2FuT3JkZXJXaGVuTm9QcmljZSZxdW90Ozp0cnVlLCZxdW90O0NhblF1b3RlV2hlbk5vUHJpY2UmcXVvdDs6ZmFsc2UsJnF1b3Q7Q2FuUXVvdGVXaXRoUHJpY2UmcXVvdDs6ZmFsc2UsJnF1b3Q7Q2FuU2hpcE9uRHJ5SWNlJnF1b3Q7OmZhbHNlLCZxdW90O0NvbnRyb2xQYXRoJnF1b3Q7OiZxdW90O35cXHVzZXJjb250cm9sc1xcQ29yZVxcQ29udGFpbmVyXFxPcmRlcmluZ1xcQ2F0YWxvZ3VlUHJvZHVjdHNcXENhdGFsb2d1ZVByb2R1Y3QuYXNjeCZxdW90OywmcXVvdDtJc1N0YW5kQWxvbmVJdGVtJnF1b3Q7OmZhbHNlLCZxdW90O05hbWUmcXVvdDs6JnF1b3Q7U2NhZmZvbGQgRE5BOCZxdW90OywmcXVvdDtPcmRlcmluZ1BhZ2VQYXRoJnF1b3Q7OiZxdW90O2ludExpbmtTSVRfU2NhZmZvbGRETkE4JnF1b3Q7LCZxdW90O1JlcXVpcmVQaHlzaWNhbFNoaXBtZW50JnF1b3Q7OnRydWUsJnF1b3Q7U2l0S2V5JnF1b3Q7OiZxdW90O1NjYWZmb2xkRE5BOCZxdW90OywmcXVvdDtWZXJzaW9uJnF1b3Q7OjMsJnF1b3Q7V2FpdEZvckNhbmNlbGxhdGlvblBlcmlvZCZxdW90OzozMCwmcXVvdDtYc2RQYXRoJnF1b3Q7OiZxdW90O2h0dHBzOi8vc2VydmljZXMuZXVyb2ZpbnNnZW5vbWljcy5jb20vU2NoZW1hcy9FY29tL1BTRC9DYXRhbG9ndWVQcm9kdWN0c1YyLjIueHNkJnF1b3Q7LCZxdW90O05lZWRzQmlvU2FmZXR5JnF1b3Q7OmZhbHNlLCZxdW90O0Nhbkd1ZXN0Q2hlY2tvdXQmcXVvdDs6ZmFsc2UsJnF1b3Q7RGlzYWxsb3dRdWFudGl0eUNoYW5nZSZxdW90OzpmYWxzZSwmcXVvdDtEaXNhbGxvd0VkaXRJbkNhcnQmcXVvdDs6ZmFsc2UsJnF1b3Q7UmVzb3VyY2VQcmVmaXgmcXVvdDs6bnVsbCwmcXVvdDtQcm9kdWN0aW9uT3JkZXJHcm91cCZxdW90Ozp7JnF1b3Q7JHJlZiZxdW90OzomcXVvdDszJnF1b3Q7fSwmcXVvdDtTcHNjJnF1b3Q7Om51bGwsJnF1b3Q7RUNsYXNzJnF1b3Q7Om51bGwsJnF1b3Q7SWQmcXVvdDs6NzcsJnF1b3Q7SXNIYXJkRGVsZXRlZCZxdW90OzpmYWxzZX0seyZxdW90OyRpZCZxdW90OzomcXVvdDsxMjUmcXVvdDssJnF1b3Q7QnVzaW5lc3NVbml0JnF1b3Q7OnsmcXVvdDskaWQmcXVvdDs6JnF1b3Q7MTI2JnF1b3Q7LCZxdW90O0J1SWNvbiZxdW90OzomcXVvdDsvaW1hZ2VzL3VzZXJjb250cm9scy9pY29ucy9idS9zZXFfc21hbGwuZ2lmJnF1b3Q7LCZxdW90O0J1S2V5JnF1b3Q7OiZxdW90O1NFUSZxdW90OywmcXVvdDtCdU5hbWUmcXVvdDs6JnF1b3Q7Q3VzdG9tIEROQSBTZXF1ZW5jaW5nJnF1b3Q7LCZxdW90O0J1c2luZXNzVW5pdEVudW0mcXVvdDs6MiwmcXVvdDtEaXN0cmlidXRvclJlc3BvbnNpYmlsaXRpZXMmcXVvdDs6bnVsbCwmcXVvdDtIYXNMaW1zU3lzdGVtJnF1b3Q7OmZhbHNlLCZxdW90O0luc3RhbmNlU3RhdHVzRW51bSZxdW90OzowLCZxdW90O1NhbGVzSXRlbVR5cGVzJnF1b3Q7Om51bGwsJnF1b3Q7U2l0ZSZxdW90OzpudWxsLCZxdW90O1ZlcnNpb24mcXVvdDs6MSwmcXVvdDtCdVByb2R1Y3Rpb25EZXRhaWxzVXJsJnF1b3Q7Om51bGwsJnF1b3Q7SWQmcXVvdDs6MiwmcXVvdDtJc0hhcmREZWxldGVkJnF1b3Q7OmZhbHNlfSwmcXVvdDtQcm9kdWN0Q2F0ZWdvcnlFbnVtJnF1b3Q7OjEsJnF1b3Q7T3JkZXJXaXphcmRUeXBlRW51bSZxdW90OzoxMiwmcXVvdDtJbnN0YW5jZVN0YXR1c0VudW0mcXVvdDs6MCwmcXVvdDtDYW5PcmRlcldoZW5Ob1ByaWNlJnF1b3Q7OnRydWUsJnF1b3Q7Q2FuUXVvdGVXaGVuTm9QcmljZSZxdW90OzpmYWxzZSwmcXVvdDtDYW5RdW90ZVdpdGhQcmljZSZxdW90OzpmYWxzZSwmcXVvdDtDYW5TaGlwT25EcnlJY2UmcXVvdDs6ZmFsc2UsJnF1b3Q7Q29udHJvbFBhdGgmcXVvdDs6JnF1b3Q7flxcdXNlcmNvbnRyb2xzXFxDb3JlXFxDb250YWluZXJcXE9yZGVyaW5nXFxDYXRhbG9ndWVQcm9kdWN0c1xcQ2F0YWxvZ3VlUHJvZHVjdC5hc2N4JnF1b3Q7LCZxdW90O0lzU3RhbmRBbG9uZUl0ZW0mcXVvdDs6ZmFsc2UsJnF1b3Q7TmFtZSZxdW90OzomcXVvdDtTY2FmZm9sZEROQUdlbCZxdW90OywmcXVvdDtPcmRlcmluZ1BhZ2VQYXRoJnF1b3Q7OiZxdW90O2ludExpbmtTSVRfU2NhZmZvbGRETkFHZWwmcXVvdDssJnF1b3Q7UmVxdWlyZVBoeXNpY2FsU2hpcG1lbnQmcXVvdDs6dHJ1ZSwmcXVvdDtTaXRLZXkmcXVvdDs6JnF1b3Q7U2NhZmZvbGRETkFHZWwmcXVvdDssJnF1b3Q7VmVyc2lvbiZxdW90OzoyLCZxdW90O1dhaXRGb3JDYW5jZWxsYXRpb25QZXJpb2QmcXVvdDs6MzAsJnF1b3Q7WHNkUGF0aCZxdW90OzomcXVvdDtodHRwczovL3NlcnZpY2VzLmV1cm9maW5zZ2Vub21pY3MuY29tL1NjaGVtYXMvRWNvbS9QU0QvQ2F0YWxvZ3VlUHJvZHVjdHNWMi4yLnhzZCZxdW90OywmcXVvdDtOZWVkc0Jpb1NhZmV0eSZxdW90OzpmYWxzZSwmcXVvdDtDYW5HdWVzdENoZWNrb3V0JnF1b3Q7OmZhbHNlLCZxdW90O0Rpc2FsbG93UXVhbnRpdHlDaGFuZ2UmcXVvdDs6ZmFsc2UsJnF1b3Q7RGlzYWxsb3dFZGl0SW5DYXJ0JnF1b3Q7OmZhbHNlLCZxdW90O1Jlc291cmNlUHJlZml4JnF1b3Q7Om51bGwsJnF1b3Q7UHJvZHVjdGlvbk9yZGVyR3JvdXAmcXVvdDs6eyZxdW90OyRyZWYmcXVvdDs6JnF1b3Q7MyZxdW90O30sJnF1b3Q7U3BzYyZxdW90OzpudWxsLCZxdW90O0VDbGFzcyZxdW90OzpudWxsLCZxdW90O0lkJnF1b3Q7Ojc2LCZxdW90O0lzSGFyZERlbGV0ZWQmcXVvdDs6ZmFsc2V9LHsmcXVvdDskaWQmcXVvdDs6JnF1b3Q7MTI3JnF1b3Q7LCZxdW90O0J1c2luZXNzVW5pdCZxdW90Ozp7JnF1b3Q7JGlkJnF1b3Q7OiZxdW90OzEyOCZxdW90OywmcXVvdDtCdUljb24mcXVvdDs6JnF1b3Q7L2ltYWdlcy91c2VyY29udHJvbHMvaWNvbnMvYnUvc2VxX3NtYWxsLmdpZiZxdW90OywmcXVvdDtCdUtleSZxdW90OzomcXVvdDtTRVEmcXVvdDssJnF1b3Q7QnVOYW1lJnF1b3Q7OiZxdW90O0N1c3RvbSBETkEgU2VxdWVuY2luZyZxdW90OywmcXVvdDtCdXNpbmVzc1VuaXRFbnVtJnF1b3Q7OjIsJnF1b3Q7RGlzdHJpYnV0b3JSZXNwb25zaWJpbGl0aWVzJnF1b3Q7Om51bGwsJnF1b3Q7SGFzTGltc1N5c3RlbSZxdW90OzpmYWxzZSwmcXVvdDtJbnN0YW5jZVN0YXR1c0VudW0mcXVvdDs6MCwmcXVvdDtTYWxlc0l0ZW1UeXBlcyZxdW90OzpudWxsLCZxdW90O1NpdGUmcXVvdDs6bnVsbCwmcXVvdDtWZXJzaW9uJnF1b3Q7OjEsJnF1b3Q7QnVQcm9kdWN0aW9uRGV0YWlsc1VybCZxdW90OzpudWxsLCZxdW90O0lkJnF1b3Q7OjIsJnF1b3Q7SXNIYXJkRGVsZXRlZCZxdW90OzpmYWxzZX0sJnF1b3Q7UHJvZHVjdENhdGVnb3J5RW51bSZxdW90OzoxLCZxdW90O09yZGVyV2l6YXJkVHlwZUVudW0mcXVvdDs6MTIsJnF1b3Q7SW5zdGFuY2VTdGF0dXNFbnVtJnF1b3Q7OjAsJnF1b3Q7Q2FuT3JkZXJXaGVuTm9QcmljZSZxdW90Ozp0cnVlLCZxdW90O0NhblF1b3RlV2hlbk5vUHJpY2UmcXVvdDs6ZmFsc2UsJnF1b3Q7Q2FuUXVvdGVXaXRoUHJpY2UmcXVvdDs6ZmFsc2UsJnF1b3Q7Q2FuU2hpcE9uRHJ5SWNlJnF1b3Q7OmZhbHNlLCZxdW90O0NvbnRyb2xQYXRoJnF1b3Q7OiZxdW90O35cXHVzZXJjb250cm9sc1xcQ29yZVxcQ29udGFpbmVyXFxPcmRlcmluZ1xcQ2F0YWxvZ3VlUHJvZHVjdHNcXENhdGFsb2d1ZVByb2R1Y3QuYXNjeCZxdW90OywmcXVvdDtJc1N0YW5kQWxvbmVJdGVtJnF1b3Q7OmZhbHNlLCZxdW90O05hbWUmcXVvdDs6JnF1b3Q7RE5BIE9yaWdhbWkgRm9sZGluZyBCdWZmZXImcXVvdDssJnF1b3Q7T3JkZXJpbmdQYWdlUGF0aCZxdW90OzomcXVvdDtpbnRMaW5rU0lUX1NjYWZmb2xkS2l0JnF1b3Q7LCZxdW90O1JlcXVpcmVQaHlzaWNhbFNoaXBtZW50JnF1b3Q7OnRydWUsJnF1b3Q7U2l0S2V5JnF1b3Q7OiZxdW90O1NjYWZmb2xkS2l0JnF1b3Q7LCZxdW90O1ZlcnNpb24mcXVvdDs6MiwmcXVvdDtXYWl0Rm9yQ2FuY2VsbGF0aW9uUGVyaW9kJnF1b3Q7OjMwLCZxdW90O1hzZFBhdGgmcXVvdDs6JnF1b3Q7aHR0cHM6Ly9zZXJ2aWNlcy5ldXJvZmluc2dlbm9taWNzLmNvbS9TY2hlbWFzL0Vjb20vUFNEL0NhdGFsb2d1ZVByb2R1Y3RzVjIuMi54c2QmcXVvdDssJnF1b3Q7TmVlZHNCaW9TYWZldHkmcXVvdDs6ZmFsc2UsJnF1b3Q7Q2FuR3Vlc3RDaGVja291dCZxdW90OzpmYWxzZSwmcXVvdDtEaXNhbGxvd1F1YW50aXR5Q2hhbmdlJnF1b3Q7OmZhbHNlLCZxdW90O0Rpc2FsbG93RWRpdEluQ2FydCZxdW90OzpmYWxzZSwmcXVvdDtSZXNvdXJjZVByZWZpeCZxdW90OzpudWxsLCZxdW90O1Byb2R1Y3Rpb25PcmRlckdyb3VwJnF1b3Q7OnsmcXVvdDskcmVmJnF1b3Q7OiZxdW90OzMmcXVvdDt9LCZxdW90O1Nwc2MmcXVvdDs6bnVsbCwmcXVvdDtFQ2xhc3MmcXVvdDs6bnVsbCwmcXVvdDtJZCZxdW90Ozo4MSwmcXVvdDtJc0hhcmREZWxldGVkJnF1b3Q7OmZhbHNlfSx7JnF1b3Q7JGlkJnF1b3Q7OiZxdW90OzEyOSZxdW90OywmcXVvdDtCdXNpbmVzc1VuaXQmcXVvdDs6eyZxdW90OyRpZCZxdW90OzomcXVvdDsxMzAmcXVvdDssJnF1b3Q7QnVJY29uJnF1b3Q7OiZxdW90Oy9pbWFnZXMvdXNlcmNvbnRyb2xzL2ljb25zL2J1L3NlcV9zbWFsbC5naWYmcXVvdDssJnF1b3Q7QnVLZXkmcXVvdDs6JnF1b3Q7U0VRJnF1b3Q7LCZxdW90O0J1TmFtZSZxdW90OzomcXVvdDtDdXN0b20gRE5BIFNlcXVlbmNpbmcmcXVvdDssJnF1b3Q7QnVzaW5lc3NVbml0RW51bSZxdW90OzoyLCZxdW90O0Rpc3RyaWJ1dG9yUmVzcG9uc2liaWxpdGllcyZxdW90OzpudWxsLCZxdW90O0hhc0xpbXNTeXN0ZW0mcXVvdDs6ZmFsc2UsJnF1b3Q7SW5zdGFuY2VTdGF0dXNFbnVtJnF1b3Q7OjAsJnF1b3Q7U2FsZXNJdGVtVHlwZXMmcXVvdDs6bnVsbCwmcXVvdDtTaXRlJnF1b3Q7Om51bGwsJnF1b3Q7VmVyc2lvbiZxdW90OzoxLCZxdW90O0J1UHJvZHVjdGlvbkRldGFpbHNVcmwmcXVvdDs6bnVsbCwmcXVvdDtJZCZxdW90OzoyLCZxdW90O0lzSGFyZERlbGV0ZWQmcXVvdDs6ZmFsc2V9LCZxdW90O1Byb2R1Y3RDYXRlZ29yeUVudW0mcXVvdDs6MiwmcXVvdDtPcmRlcldpemFyZFR5cGVFbnVtJnF1b3Q7OjE0LCZxdW90O0luc3RhbmNlU3RhdHVzRW51bSZxdW90OzowLCZxdW90O0Nhbk9yZGVyV2hlbk5vUHJpY2UmcXVvdDs6dHJ1ZSwmcXVvdDtDYW5RdW90ZVdoZW5Ob1ByaWNlJnF1b3Q7OmZhbHNlLCZxdW90O0NhblF1b3RlV2l0aFByaWNlJnF1b3Q7OmZhbHNlLCZxdW90O0NhblNoaXBPbkRyeUljZSZxdW90OzpmYWxzZSwmcXVvdDtDb250cm9sUGF0aCZxdW90OzomcXVvdDt0ZXN0JnF1b3Q7LCZxdW90O0lzU3RhbmRBbG9uZUl0ZW0mcXVvdDs6ZmFsc2UsJnF1b3Q7TmFtZSZxdW90OzomcXVvdDtTZW50IFByaW1lciZxdW90OywmcXVvdDtPcmRlcmluZ1BhZ2VQYXRoJnF1b3Q7OiZxdW90O2ludExpbmtTSVRfU2VudFByaW1lciZxdW90OywmcXVvdDtSZXF1aXJlUGh5c2ljYWxTaGlwbWVudCZxdW90OzpmYWxzZSwmcXVvdDtTaXRLZXkmcXVvdDs6JnF1b3Q7U2VudFByaW1lciZxdW90OywmcXVvdDtWZXJzaW9uJnF1b3Q7OjgsJnF1b3Q7V2FpdEZvckNhbmNlbGxhdGlvblBlcmlvZCZxdW90OzowLCZxdW90O1hzZFBhdGgmcXVvdDs6JnF1b3Q7aHR0cHM6Ly9zZXJ2aWNlcy5ldXJvZmluc2dlbm9taWNzLmNvbS9TY2hlbWFzL0Vjb20vUFNEL1NlcXVlbmNpbmdQcmltZXJWMS4zLnhzZCZxdW90OywmcXVvdDtOZWVkc0Jpb1NhZmV0eSZxdW90OzpmYWxzZSwmcXVvdDtDYW5HdWVzdENoZWNrb3V0JnF1b3Q7OmZhbHNlLCZxdW90O0Rpc2FsbG93UXVhbnRpdHlDaGFuZ2UmcXVvdDs6ZmFsc2UsJnF1b3Q7RGlzYWxsb3dFZGl0SW5DYXJ0JnF1b3Q7OmZhbHNlLCZxdW90O1Jlc291cmNlUHJlZml4JnF1b3Q7Om51bGwsJnF1b3Q7UHJvZHVjdGlvbk9yZGVyR3JvdXAmcXVvdDs6bnVsbCwmcXVvdDtTcHNjJnF1b3Q7Om51bGwsJnF1b3Q7RUNsYXNzJnF1b3Q7Om51bGwsJnF1b3Q7SWQmcXVvdDs6NTMsJnF1b3Q7SXNIYXJkRGVsZXRlZCZxdW90OzpmYWxzZX0seyZxdW90OyRpZCZxdW90OzomcXVvdDsxMzEmcXVvdDssJnF1b3Q7QnVzaW5lc3NVbml0JnF1b3Q7OnsmcXVvdDskaWQmcXVvdDs6JnF1b3Q7MTMyJnF1b3Q7LCZxdW90O0J1SWNvbiZxdW90OzomcXVvdDsvaW1hZ2VzL3VzZXJjb250cm9scy9pY29ucy9idS9vbGlnb19zbWFsbC5naWYmcXVvdDssJnF1b3Q7QnVLZXkmcXVvdDs6JnF1b3Q7T2xpZ29zJnF1b3Q7LCZxdW90O0J1TmFtZSZxdW90OzomcXVvdDtETkEgJmFtcDsgUk5BIE9saWdvbnVjbGVvdGlkZXMmcXVvdDssJnF1b3Q7QnVzaW5lc3NVbml0RW51bSZxdW90OzoxLCZxdW90O0Rpc3RyaWJ1dG9yUmVzcG9uc2liaWxpdGllcyZxdW90OzpudWxsLCZxdW90O0hhc0xpbXNTeXN0ZW0mcXVvdDs6ZmFsc2UsJnF1b3Q7SW5zdGFuY2VTdGF0dXNFbnVtJnF1b3Q7OjAsJnF1b3Q7U2FsZXNJdGVtVHlwZXMmcXVvdDs6bnVsbCwmcXVvdDtTaXRlJnF1b3Q7Om51bGwsJnF1b3Q7VmVyc2lvbiZxdW90OzoxLCZxdW90O0J1UHJvZHVjdGlvbkRldGFpbHNVcmwmcXVvdDs6bnVsbCwmcXVvdDtJZCZxdW90OzoxLCZxdW90O0lzSGFyZERlbGV0ZWQmcXVvdDs6ZmFsc2V9LCZxdW90O1Byb2R1Y3RDYXRlZ29yeUVudW0mcXVvdDs6MSwmcXVvdDtPcmRlcldpemFyZFR5cGVFbnVtJnF1b3Q7OjMsJnF1b3Q7SW5zdGFuY2VTdGF0dXNFbnVtJnF1b3Q7OjAsJnF1b3Q7Q2FuT3JkZXJXaGVuTm9QcmljZSZxdW90Ozp0cnVlLCZxdW90O0NhblF1b3RlV2hlbk5vUHJpY2UmcXVvdDs6ZmFsc2UsJnF1b3Q7Q2FuUXVvdGVXaXRoUHJpY2UmcXVvdDs6ZmFsc2UsJnF1b3Q7Q2FuU2hpcE9uRHJ5SWNlJnF1b3Q7OmZhbHNlLCZxdW90O0NvbnRyb2xQYXRoJnF1b3Q7OiZxdW90O35cXHVzZXJjb250cm9sc1xcQ29yZVxcQ29udGFpbmVyXFxPcmRlcmluZ1xcT2xpZ29zXFxTZW1pQ3VzdG9taXNlZEluVHViZXMuYXNjeCZxdW90OywmcXVvdDtJc1N0YW5kQWxvbmVJdGVtJnF1b3Q7OmZhbHNlLCZxdW90O05hbWUmcXVvdDs6JnF1b3Q7U2VxIFByaW1lciZxdW90OywmcXVvdDtPcmRlcmluZ1BhZ2VQYXRoJnF1b3Q7OiZxdW90O2ludExpbmtTSVRfU2VxUHJpbWVyJnF1b3Q7LCZxdW90O1JlcXVpcmVQaHlzaWNhbFNoaXBtZW50JnF1b3Q7OnRydWUsJnF1b3Q7U2l0S2V5JnF1b3Q7OiZxdW90O1NlcVByaW1lciZxdW90OywmcXVvdDtWZXJzaW9uJnF1b3Q7OjIsJnF1b3Q7V2FpdEZvckNhbmNlbGxhdGlvblBlcmlvZCZxdW90OzozMCwmcXVvdDtYc2RQYXRoJnF1b3Q7OiZxdW90O2h0dHBzOi8vc2VydmljZXMuZXVyb2ZpbnNnZW5vbWljcy5jb20vU2NoZW1hcy9FY29tL1BTRC9PbGlnb1Y0LjEueHNkJnF1b3Q7LCZxdW90O05lZWRzQmlvU2FmZXR5JnF1b3Q7OmZhbHNlLCZxdW90O0Nhbkd1ZXN0Q2hlY2tvdXQmcXVvdDs6ZmFsc2UsJnF1b3Q7RGlzYWxsb3dRdWFudGl0eUNoYW5nZSZxdW90OzpmYWxzZSwmcXVvdDtEaXNhbGxvd0VkaXRJbkNhcnQmcXVvdDs6ZmFsc2UsJnF1b3Q7UmVzb3VyY2VQcmVmaXgmcXVvdDs6bnVsbCwmcXVvdDtQcm9kdWN0aW9uT3JkZXJHcm91cCZxdW90OzpudWxsLCZxdW90O1Nwc2MmcXVvdDs6bnVsbCwmcXVvdDtFQ2xhc3MmcXVvdDs6bnVsbCwmcXVvdDtJZCZxdW90Ozo1LCZxdW90O0lzSGFyZERlbGV0ZWQmcXVvdDs6ZmFsc2V9LHsmcXVvdDskaWQmcXVvdDs6JnF1b3Q7MTMzJnF1b3Q7LCZxdW90O0J1c2luZXNzVW5pdCZxdW90Ozp7JnF1b3Q7JGlkJnF1b3Q7OiZxdW90OzEzNCZxdW90OywmcXVvdDtCdUljb24mcXVvdDs6JnF1b3Q7L2ltYWdlcy91c2VyY29udHJvbHMvaWNvbnMvYnUvb2xpZ29fc21hbGwuZ2lmJnF1b3Q7LCZxdW90O0J1S2V5JnF1b3Q7OiZxdW90O09saWdvcyZxdW90OywmcXVvdDtCdU5hbWUmcXVvdDs6JnF1b3Q7RE5BICZhbXA7IFJOQSBPbGlnb251Y2xlb3RpZGVzJnF1b3Q7LCZxdW90O0J1c2luZXNzVW5pdEVudW0mcXVvdDs6MSwmcXVvdDtEaXN0cmlidXRvclJlc3BvbnNpYmlsaXRpZXMmcXVvdDs6bnVsbCwmcXVvdDtIYXNMaW1zU3lzdGVtJnF1b3Q7OmZhbHNlLCZxdW90O0luc3RhbmNlU3RhdHVzRW51bSZxdW90OzowLCZxdW90O1NhbGVzSXRlbVR5cGVzJnF1b3Q7Om51bGwsJnF1b3Q7U2l0ZSZxdW90OzpudWxsLCZxdW90O1ZlcnNpb24mcXVvdDs6MSwmcXVvdDtCdVByb2R1Y3Rpb25EZXRhaWxzVXJsJnF1b3Q7Om51bGwsJnF1b3Q7SWQmcXVvdDs6MSwmcXVvdDtJc0hhcmREZWxldGVkJnF1b3Q7OmZhbHNlfSwmcXVvdDtQcm9kdWN0Q2F0ZWdvcnlFbnVtJnF1b3Q7OjIsJnF1b3Q7T3JkZXJXaXphcmRUeXBlRW51bSZxdW90Ozo1LCZxdW90O0luc3RhbmNlU3RhdHVzRW51bSZxdW90OzowLCZxdW90O0Nhbk9yZGVyV2hlbk5vUHJpY2UmcXVvdDs6dHJ1ZSwmcXVvdDtDYW5RdW90ZVdoZW5Ob1ByaWNlJnF1b3Q7OmZhbHNlLCZxdW90O0NhblF1b3RlV2l0aFByaWNlJnF1b3Q7OnRydWUsJnF1b3Q7Q2FuU2hpcE9uRHJ5SWNlJnF1b3Q7OmZhbHNlLCZxdW90O0NvbnRyb2xQYXRoJnF1b3Q7OiZxdW90O35cXHVzZXJjb250cm9sc1xcQ29yZVxcQ29udGFpbmVyXFxPcmRlcmluZ1xcT2xpZ29zXFxQbGF0ZU9saWdvcy5hc2N4JnF1b3Q7LCZxdW90O0lzU3RhbmRBbG9uZUl0ZW0mcXVvdDs6ZmFsc2UsJnF1b3Q7TmFtZSZxdW90OzomcXVvdDtTZXFQcmltZXJQbGF0ZSZxdW90OywmcXVvdDtPcmRlcmluZ1BhZ2VQYXRoJnF1b3Q7OiZxdW90O2ludExpbmtTSVRfU2VxUHJpbWVyUGxhdGUmcXVvdDssJnF1b3Q7UmVxdWlyZVBoeXNpY2FsU2hpcG1lbnQmcXVvdDs6dHJ1ZSwmcXVvdDtTaXRLZXkmcXVvdDs6JnF1b3Q7U2VxUHJpbWVyUGxhdGUmcXVvdDssJnF1b3Q7VmVyc2lvbiZxdW90Ozo1LCZxdW90O1dhaXRGb3JDYW5jZWxsYXRpb25QZXJpb2QmcXVvdDs6MzAsJnF1b3Q7WHNkUGF0aCZxdW90OzomcXVvdDtodHRwczovL3NlcnZpY2VzLmV1cm9maW5zZ2Vub21pY3MuY29tL1NjaGVtYXMvRWNvbS9QU0QvT2xpZ29WNC4xLnhzZCZxdW90OywmcXVvdDtOZWVkc0Jpb1NhZmV0eSZxdW90OzpmYWxzZSwmcXVvdDtDYW5HdWVzdENoZWNrb3V0JnF1b3Q7OmZhbHNlLCZxdW90O0Rpc2FsbG93UXVhbnRpdHlDaGFuZ2UmcXVvdDs6ZmFsc2UsJnF1b3Q7RGlzYWxsb3dFZGl0SW5DYXJ0JnF1b3Q7OnRydWUsJnF1b3Q7UmVzb3VyY2VQcmVmaXgmcXVvdDs6JnF1b3Q7JnF1b3Q7LCZxdW90O1Byb2R1Y3Rpb25PcmRlckdyb3VwJnF1b3Q7Om51bGwsJnF1b3Q7U3BzYyZxdW90OzomcXVvdDsmcXVvdDssJnF1b3Q7RUNsYXNzJnF1b3Q7OiZxdW90OyZxdW90OywmcXVvdDtJZCZxdW90Ozo3NCwmcXVvdDtJc0hhcmREZWxldGVkJnF1b3Q7OmZhbHNlfSx7JnF1b3Q7JGlkJnF1b3Q7OiZxdW90OzEzNSZxdW90OywmcXVvdDtCdXNpbmVzc1VuaXQmcXVvdDs6eyZxdW90OyRpZCZxdW90OzomcXVvdDsxMzYmcXVvdDssJnF1b3Q7QnVJY29uJnF1b3Q7OiZxdW90Oy9pbWFnZXMvdXNlcmNvbnRyb2xzL2ljb25zL2J1L3NlcV9zbWFsbC5naWYmcXVvdDssJnF1b3Q7QnVLZXkmcXVvdDs6JnF1b3Q7U0VRJnF1b3Q7LCZxdW90O0J1TmFtZSZxdW90OzomcXVvdDtDdXN0b20gRE5BIFNlcXVlbmNpbmcmcXVvdDssJnF1b3Q7QnVzaW5lc3NVbml0RW51bSZxdW90OzoyLCZxdW90O0Rpc3RyaWJ1dG9yUmVzcG9uc2liaWxpdGllcyZxdW90OzpudWxsLCZxdW90O0hhc0xpbXNTeXN0ZW0mcXVvdDs6ZmFsc2UsJnF1b3Q7SW5zdGFuY2VTdGF0dXNFbnVtJnF1b3Q7OjAsJnF1b3Q7U2FsZXNJdGVtVHlwZXMmcXVvdDs6bnVsbCwmcXVvdDtTaXRlJnF1b3Q7Om51bGwsJnF1b3Q7VmVyc2lvbiZxdW90OzoxLCZxdW90O0J1UHJvZHVjdGlvbkRldGFpbHNVcmwmcXVvdDs6bnVsbCwmcXVvdDtJZCZxdW90OzoyLCZxdW90O0lzSGFyZERlbGV0ZWQmcXVvdDs6ZmFsc2V9LCZxdW90O1Byb2R1Y3RDYXRlZ29yeUVudW0mcXVvdDs6MSwmcXVvdDtPcmRlcldpemFyZFR5cGVFbnVtJnF1b3Q7OjExLCZxdW90O0luc3RhbmNlU3RhdHVzRW51bSZxdW90OzowLCZxdW90O0Nhbk9yZGVyV2hlbk5vUHJpY2UmcXVvdDs6dHJ1ZSwmcXVvdDtDYW5RdW90ZVdoZW5Ob1ByaWNlJnF1b3Q7OmZhbHNlLCZxdW90O0NhblF1b3RlV2l0aFByaWNlJnF1b3Q7OmZhbHNlLCZxdW90O0NhblNoaXBPbkRyeUljZSZxdW90OzpmYWxzZSwmcXVvdDtDb250cm9sUGF0aCZxdW90OzomcXVvdDt+XFx1c2VyY29udHJvbHNcXENvcmVcXENvbnRhaW5lclxcT3JkZXJpbmdcXFByb2plY3RzXFxQcm9qZWN0T3JkZXIuYXNjeCZxdW90OywmcXVvdDtJc1N0YW5kQWxvbmVJdGVtJnF1b3Q7OmZhbHNlLCZxdW90O05hbWUmcXVvdDs6JnF1b3Q7U2VxdWVuY2luZ1Byb2plY3QmcXVvdDssJnF1b3Q7T3JkZXJpbmdQYWdlUGF0aCZxdW90OzomcXVvdDtpbnRMaW5rU0lUX1NlcXVlbmNpbmdQcm9qZWN0JnF1b3Q7LCZxdW90O1JlcXVpcmVQaHlzaWNhbFNoaXBtZW50JnF1b3Q7OnRydWUsJnF1b3Q7U2l0S2V5JnF1b3Q7OiZxdW90O1NlcXVlbmNpbmdQcm9qZWN0JnF1b3Q7LCZxdW90O1ZlcnNpb24mcXVvdDs6NywmcXVvdDtXYWl0Rm9yQ2FuY2VsbGF0aW9uUGVyaW9kJnF1b3Q7OjAsJnF1b3Q7WHNkUGF0aCZxdW90OzomcXVvdDtodHRwczovL3NlcnZpY2VzLmV1cm9maW5zZ2Vub21pY3MuY29tL3NjaGVtYXMvRWNvbS9QU0QvUHJvamVjdE9yZGVyVjIuMy54c2QmcXVvdDssJnF1b3Q7TmVlZHNCaW9TYWZldHkmcXVvdDs6dHJ1ZSwmcXVvdDtDYW5HdWVzdENoZWNrb3V0JnF1b3Q7OmZhbHNlLCZxdW90O0Rpc2FsbG93UXVhbnRpdHlDaGFuZ2UmcXVvdDs6ZmFsc2UsJnF1b3Q7RGlzYWxsb3dFZGl0SW5DYXJ0JnF1b3Q7OmZhbHNlLCZxdW90O1Jlc291cmNlUHJlZml4JnF1b3Q7Om51bGwsJnF1b3Q7UHJvZHVjdGlvbk9yZGVyR3JvdXAmcXVvdDs6bnVsbCwmcXVvdDtTcHNjJnF1b3Q7Om51bGwsJnF1b3Q7RUNsYXNzJnF1b3Q7Om51bGwsJnF1b3Q7SWQmcXVvdDs6MjUsJnF1b3Q7SXNIYXJkRGVsZXRlZCZxdW90OzpmYWxzZX0seyZxdW90OyRpZCZxdW90OzomcXVvdDsxMzcmcXVvdDssJnF1b3Q7QnVzaW5lc3NVbml0JnF1b3Q7OnsmcXVvdDskaWQmcXVvdDs6JnF1b3Q7MTM4JnF1b3Q7LCZxdW90O0J1SWNvbiZxdW90OzomcXVvdDsvaW1hZ2VzL3VzZXJjb250cm9scy9pY29ucy9idS9zZXFfc21hbGwuZ2lmJnF1b3Q7LCZxdW90O0J1S2V5JnF1b3Q7OiZxdW90O1NFUSZxdW90OywmcXVvdDtCdU5hbWUmcXVvdDs6JnF1b3Q7Q3VzdG9tIEROQSBTZXF1ZW5jaW5nJnF1b3Q7LCZxdW90O0J1c2luZXNzVW5pdEVudW0mcXVvdDs6MiwmcXVvdDtEaXN0cmlidXRvclJlc3BvbnNpYmlsaXRpZXMmcXVvdDs6bnVsbCwmcXVvdDtIYXNMaW1zU3lzdGVtJnF1b3Q7OmZhbHNlLCZxdW90O0luc3RhbmNlU3RhdHVzRW51bSZxdW90OzowLCZxdW90O1NhbGVzSXRlbVR5cGVzJnF1b3Q7Om51bGwsJnF1b3Q7U2l0ZSZxdW90OzpudWxsLCZxdW90O1ZlcnNpb24mcXVvdDs6MSwmcXVvdDtCdVByb2R1Y3Rpb25EZXRhaWxzVXJsJnF1b3Q7Om51bGwsJnF1b3Q7SWQmcXVvdDs6MiwmcXVvdDtJc0hhcmREZWxldGVkJnF1b3Q7OmZhbHNlfSwmcXVvdDtQcm9kdWN0Q2F0ZWdvcnlFbnVtJnF1b3Q7OjIsJnF1b3Q7T3JkZXJXaXphcmRUeXBlRW51bSZxdW90Ozo2LCZxdW90O0luc3RhbmNlU3RhdHVzRW51bSZxdW90OzowLCZxdW90O0Nhbk9yZGVyV2hlbk5vUHJpY2UmcXVvdDs6dHJ1ZSwmcXVvdDtDYW5RdW90ZVdoZW5Ob1ByaWNlJnF1b3Q7OmZhbHNlLCZxdW90O0NhblF1b3RlV2l0aFByaWNlJnF1b3Q7OnRydWUsJnF1b3Q7Q2FuU2hpcE9uRHJ5SWNlJnF1b3Q7OmZhbHNlLCZxdW90O0NvbnRyb2xQYXRoJnF1b3Q7OiZxdW90O35cXHVzZXJjb250cm9sc1xcQ29yZVxcQ29udGFpbmVyXFxPcmRlcmluZ1xcU2VxdWVuY2luZ1xcUGxhdGVcXGNjUGxhdGVTZXF1ZW5jaW5nLmFzY3gmcXVvdDssJnF1b3Q7SXNTdGFuZEFsb25lSXRlbSZxdW90OzpmYWxzZSwmcXVvdDtOYW1lJnF1b3Q7OiZxdW90O1Nob3J0U2VxUGxhdGUmcXVvdDssJnF1b3Q7T3JkZXJpbmdQYWdlUGF0aCZxdW90OzomcXVvdDtpbnRMaW5rU0lUX1Nob3J0U2VxUGxhdGUmcXVvdDssJnF1b3Q7UmVxdWlyZVBoeXNpY2FsU2hpcG1lbnQmcXVvdDs6ZmFsc2UsJnF1b3Q7U2l0S2V5JnF1b3Q7OiZxdW90O1Nob3J0U2VxUGxhdGUmcXVvdDssJnF1b3Q7VmVyc2lvbiZxdW90OzozLCZxdW90O1dhaXRGb3JDYW5jZWxsYXRpb25QZXJpb2QmcXVvdDs6MCwmcXVvdDtYc2RQYXRoJnF1b3Q7OiZxdW90O2h0dHBzOi8vc2VydmljZXMuZXVyb2ZpbnNnZW5vbWljcy5jb20vU2NoZW1hcy9FY29tL1BTRC9TZXF1ZW5jaW5nVjIuNy54c2QmcXVvdDssJnF1b3Q7TmVlZHNCaW9TYWZldHkmcXVvdDs6dHJ1ZSwmcXVvdDtDYW5HdWVzdENoZWNrb3V0JnF1b3Q7OmZhbHNlLCZxdW90O0Rpc2FsbG93UXVhbnRpdHlDaGFuZ2UmcXVvdDs6ZmFsc2UsJnF1b3Q7RGlzYWxsb3dFZGl0SW5DYXJ0JnF1b3Q7OmZhbHNlLCZxdW90O1Jlc291cmNlUHJlZml4JnF1b3Q7OiZxdW90OyZxdW90OywmcXVvdDtQcm9kdWN0aW9uT3JkZXJHcm91cCZxdW90OzpudWxsLCZxdW90O1Nwc2MmcXVvdDs6bnVsbCwmcXVvdDtFQ2xhc3MmcXVvdDs6bnVsbCwmcXVvdDtJZCZxdW90Ozo3MywmcXVvdDtJc0hhcmREZWxldGVkJnF1b3Q7OmZhbHNlfSx7JnF1b3Q7JGlkJnF1b3Q7OiZxdW90OzEzOSZxdW90OywmcXVvdDtCdXNpbmVzc1VuaXQmcXVvdDs6eyZxdW90OyRpZCZxdW90OzomcXVvdDsxNDAmcXVvdDssJnF1b3Q7QnVJY29uJnF1b3Q7OiZxdW90Oy9pbWFnZXMvdXNlcmNvbnRyb2xzL2ljb25zL2J1L3NlcV9zbWFsbC5naWYmcXVvdDssJnF1b3Q7QnVLZXkmcXVvdDs6JnF1b3Q7U0VRJnF1b3Q7LCZxdW90O0J1TmFtZSZxdW90OzomcXVvdDtDdXN0b20gRE5BIFNlcXVlbmNpbmcmcXVvdDssJnF1b3Q7QnVzaW5lc3NVbml0RW51bSZxdW90OzoyLCZxdW90O0Rpc3RyaWJ1dG9yUmVzcG9uc2liaWxpdGllcyZxdW90OzpudWxsLCZxdW90O0hhc0xpbXNTeXN0ZW0mcXVvdDs6ZmFsc2UsJnF1b3Q7SW5zdGFuY2VTdGF0dXNFbnVtJnF1b3Q7OjAsJnF1b3Q7U2FsZXNJdGVtVHlwZXMmcXVvdDs6bnVsbCwmcXVvdDtTaXRlJnF1b3Q7Om51bGwsJnF1b3Q7VmVyc2lvbiZxdW90OzoxLCZxdW90O0J1UHJvZHVjdGlvbkRldGFpbHNVcmwmcXVvdDs6bnVsbCwmcXVvdDtJZCZxdW90OzoyLCZxdW90O0lzSGFyZERlbGV0ZWQmcXVvdDs6ZmFsc2V9LCZxdW90O1Byb2R1Y3RDYXRlZ29yeUVudW0mcXVvdDs6MSwmcXVvdDtPcmRlcldpemFyZFR5cGVFbnVtJnF1b3Q7OjEyLCZxdW90O0luc3RhbmNlU3RhdHVzRW51bSZxdW90OzowLCZxdW90O0Nhbk9yZGVyV2hlbk5vUHJpY2UmcXVvdDs6dHJ1ZSwmcXVvdDtDYW5RdW90ZVdoZW5Ob1ByaWNlJnF1b3Q7OnRydWUsJnF1b3Q7Q2FuUXVvdGVXaXRoUHJpY2UmcXVvdDs6ZmFsc2UsJnF1b3Q7Q2FuU2hpcE9uRHJ5SWNlJnF1b3Q7OmZhbHNlLCZxdW90O0NvbnRyb2xQYXRoJnF1b3Q7OiZxdW90O35cXHVzZXJjb250cm9sc1xcQ29yZVxcQ29udGFpbmVyXFxPcmRlcmluZ1xcQ2F0YWxvZ3VlUHJvZHVjdHNcXENhdGFsb2d1ZVByb2R1Y3QuYXNjeCZxdW90OywmcXVvdDtJc1N0YW5kQWxvbmVJdGVtJnF1b3Q7OmZhbHNlLCZxdW90O05hbWUmcXVvdDs6JnF1b3Q7U21hcnRTZXEgS2l0JnF1b3Q7LCZxdW90O09yZGVyaW5nUGFnZVBhdGgmcXVvdDs6JnF1b3Q7aW50TGlua1NJVF9TbWFydFNlcUtpdCZxdW90OywmcXVvdDtSZXF1aXJlUGh5c2ljYWxTaGlwbWVudCZxdW90Ozp0cnVlLCZxdW90O1NpdEtleSZxdW90OzomcXVvdDtTbWFydFNlcUtpdCZxdW90OywmcXVvdDtWZXJzaW9uJnF1b3Q7OjUsJnF1b3Q7V2FpdEZvckNhbmNlbGxhdGlvblBlcmlvZCZxdW90OzozMCwmcXVvdDtYc2RQYXRoJnF1b3Q7OiZxdW90O2h0dHBzOi8vc2VydmljZXMuZXVyb2ZpbnNnZW5vbWljcy5jb20vU2NoZW1hcy9FY29tL1BTRC9DYXRhbG9ndWVQcm9kdWN0c1YyLjIueHNkJnF1b3Q7LCZxdW90O05lZWRzQmlvU2FmZXR5JnF1b3Q7OnRydWUsJnF1b3Q7Q2FuR3Vlc3RDaGVja291dCZxdW90OzpmYWxzZSwmcXVvdDtEaXNhbGxvd1F1YW50aXR5Q2hhbmdlJnF1b3Q7OmZhbHNlLCZxdW90O0Rpc2FsbG93RWRpdEluQ2FydCZxdW90OzpmYWxzZSwmcXVvdDtSZXNvdXJjZVByZWZpeCZxdW90OzomcXVvdDsmcXVvdDssJnF1b3Q7UHJvZHVjdGlvbk9yZGVyR3JvdXAmcXVvdDs6eyZxdW90OyRyZWYmcXVvdDs6JnF1b3Q7MyZxdW90O30sJnF1b3Q7U3BzYyZxdW90OzpudWxsLCZxdW90O0VDbGFzcyZxdW90OzpudWxsLCZxdW90O0lkJnF1b3Q7OjM0LCZxdW90O0lzSGFyZERlbGV0ZWQmcXVvdDs6ZmFsc2V9LHsmcXVvdDskaWQmcXVvdDs6JnF1b3Q7MTQxJnF1b3Q7LCZxdW90O0J1c2luZXNzVW5pdCZxdW90Ozp7JnF1b3Q7JGlkJnF1b3Q7OiZxdW90OzE0MiZxdW90OywmcXVvdDtCdUljb24mcXVvdDs6JnF1b3Q7L2ltYWdlcy91c2VyY29udHJvbHMvaWNvbnMvYnUvc2VxX3NtYWxsLmdpZiZxdW90OywmcXVvdDtCdUtleSZxdW90OzomcXVvdDtTRVEmcXVvdDssJnF1b3Q7QnVOYW1lJnF1b3Q7OiZxdW90O0N1c3RvbSBETkEgU2VxdWVuY2luZyZxdW90OywmcXVvdDtCdXNpbmVzc1VuaXRFbnVtJnF1b3Q7OjIsJnF1b3Q7RGlzdHJpYnV0b3JSZXNwb25zaWJpbGl0aWVzJnF1b3Q7Om51bGwsJnF1b3Q7SGFzTGltc1N5c3RlbSZxdW90OzpmYWxzZSwmcXVvdDtJbnN0YW5jZVN0YXR1c0VudW0mcXVvdDs6MCwmcXVvdDtTYWxlc0l0ZW1UeXBlcyZxdW90OzpudWxsLCZxdW90O1NpdGUmcXVvdDs6bnVsbCwmcXVvdDtWZXJzaW9uJnF1b3Q7OjEsJnF1b3Q7QnVQcm9kdWN0aW9uRGV0YWlsc1VybCZxdW90OzpudWxsLCZxdW90O0lkJnF1b3Q7OjIsJnF1b3Q7SXNIYXJkRGVsZXRlZCZxdW90OzpmYWxzZX0sJnF1b3Q7UHJvZHVjdENhdGVnb3J5RW51bSZxdW90OzoxLCZxdW90O09yZGVyV2l6YXJkVHlwZUVudW0mcXVvdDs6MTIsJnF1b3Q7SW5zdGFuY2VTdGF0dXNFbnVtJnF1b3Q7OjAsJnF1b3Q7Q2FuT3JkZXJXaGVuTm9QcmljZSZxdW90Ozp0cnVlLCZxdW90O0NhblF1b3RlV2hlbk5vUHJpY2UmcXVvdDs6ZmFsc2UsJnF1b3Q7Q2FuUXVvdGVXaXRoUHJpY2UmcXVvdDs6ZmFsc2UsJnF1b3Q7Q2FuU2hpcE9uRHJ5SWNlJnF1b3Q7OmZhbHNlLCZxdW90O0NvbnRyb2xQYXRoJnF1b3Q7OiZxdW90O35cXHVzZXJjb250cm9sc1xcQ29yZVxcQ29udGFpbmVyXFxPcmRlcmluZ1xcQ2F0YWxvZ3VlUHJvZHVjdHNcXENhdGFsb2d1ZVByb2R1Y3QuYXNjeCZxdW90OywmcXVvdDtJc1N0YW5kQWxvbmVJdGVtJnF1b3Q7OmZhbHNlLCZxdW90O05hbWUmcXVvdDs6JnF1b3Q7U21hcnRTZXEgQ2FwIFBhZCZxdW90OywmcXVvdDtPcmRlcmluZ1BhZ2VQYXRoJnF1b3Q7OiZxdW90O2ludExpbmtTSVRfU21hcnRTZXFMaWRzJnF1b3Q7LCZxdW90O1JlcXVpcmVQaHlzaWNhbFNoaXBtZW50JnF1b3Q7OnRydWUsJnF1b3Q7U2l0S2V5JnF1b3Q7OiZxdW90O1NtYXJ0U2VxTGlkcyZxdW90OywmcXVvdDtWZXJzaW9uJnF1b3Q7OjcsJnF1b3Q7V2FpdEZvckNhbmNlbGxhdGlvblBlcmlvZCZxdW90OzowLCZxdW90O1hzZFBhdGgmcXVvdDs6JnF1b3Q7aHR0cHM6Ly9zZXJ2aWNlcy5ldXJvZmluc2dlbm9taWNzLmNvbS9TY2hlbWFzL0Vjb20vUFNEL0NhdGFsb2d1ZVByb2R1Y3RzVjIuMi54c2QmcXVvdDssJnF1b3Q7TmVlZHNCaW9TYWZldHkmcXVvdDs6ZmFsc2UsJnF1b3Q7Q2FuR3Vlc3RDaGVja291dCZxdW90OzpmYWxzZSwmcXVvdDtEaXNhbGxvd1F1YW50aXR5Q2hhbmdlJnF1b3Q7OmZhbHNlLCZxdW90O0Rpc2FsbG93RWRpdEluQ2FydCZxdW90OzpmYWxzZSwmcXVvdDtSZXNvdXJjZVByZWZpeCZxdW90OzpudWxsLCZxdW90O1Byb2R1Y3Rpb25PcmRlckdyb3VwJnF1b3Q7OnsmcXVvdDskcmVmJnF1b3Q7OiZxdW90OzMmcXVvdDt9LCZxdW90O1Nwc2MmcXVvdDs6bnVsbCwmcXVvdDtFQ2xhc3MmcXVvdDs6bnVsbCwmcXVvdDtJZCZxdW90OzozNiwmcXVvdDtJc0hhcmREZWxldGVkJnF1b3Q7OmZhbHNlfSx7JnF1b3Q7JGlkJnF1b3Q7OiZxdW90OzE0MyZxdW90OywmcXVvdDtCdXNpbmVzc1VuaXQmcXVvdDs6eyZxdW90OyRpZCZxdW90OzomcXVvdDsxNDQmcXVvdDssJnF1b3Q7QnVJY29uJnF1b3Q7OiZxdW90Oy9pbWFnZXMvdXNlcmNvbnRyb2xzL2ljb25zL2J1L3NlcV9zbWFsbC5naWYmcXVvdDssJnF1b3Q7QnVLZXkmcXVvdDs6JnF1b3Q7U0VRJnF1b3Q7LCZxdW90O0J1TmFtZSZxdW90OzomcXVvdDtDdXN0b20gRE5BIFNlcXVlbmNpbmcmcXVvdDssJnF1b3Q7QnVzaW5lc3NVbml0RW51bSZxdW90OzoyLCZxdW90O0Rpc3RyaWJ1dG9yUmVzcG9uc2liaWxpdGllcyZxdW90OzpudWxsLCZxdW90O0hhc0xpbXNTeXN0ZW0mcXVvdDs6ZmFsc2UsJnF1b3Q7SW5zdGFuY2VTdGF0dXNFbnVtJnF1b3Q7OjAsJnF1b3Q7U2FsZXNJdGVtVHlwZXMmcXVvdDs6bnVsbCwmcXVvdDtTaXRlJnF1b3Q7Om51bGwsJnF1b3Q7VmVyc2lvbiZxdW90OzoxLCZxdW90O0J1UHJvZHVjdGlvbkRldGFpbHNVcmwmcXVvdDs6bnVsbCwmcXVvdDtJZCZxdW90OzoyLCZxdW90O0lzSGFyZERlbGV0ZWQmcXVvdDs6ZmFsc2V9LCZxdW90O1Byb2R1Y3RDYXRlZ29yeUVudW0mcXVvdDs6MSwmcXVvdDtPcmRlcldpemFyZFR5cGVFbnVtJnF1b3Q7OjEyLCZxdW90O0luc3RhbmNlU3RhdHVzRW51bSZxdW90OzowLCZxdW90O0Nhbk9yZGVyV2hlbk5vUHJpY2UmcXVvdDs6dHJ1ZSwmcXVvdDtDYW5RdW90ZVdoZW5Ob1ByaWNlJnF1b3Q7OnRydWUsJnF1b3Q7Q2FuUXVvdGVXaXRoUHJpY2UmcXVvdDs6dHJ1ZSwmcXVvdDtDYW5TaGlwT25EcnlJY2UmcXVvdDs6ZmFsc2UsJnF1b3Q7Q29udHJvbFBhdGgmcXVvdDs6JnF1b3Q7flxcdXNlcmNvbnRyb2xzXFxDb3JlXFxDb250YWluZXJcXE9yZGVyaW5nXFxDYXRhbG9ndWVQcm9kdWN0c1xcQ2F0YWxvZ3VlUHJvZHVjdC5hc2N4JnF1b3Q7LCZxdW90O0lzU3RhbmRBbG9uZUl0ZW0mcXVvdDs6ZmFsc2UsJnF1b3Q7TmFtZSZxdW90OzomcXVvdDtTbWFydFNlcSBSYWNrJnF1b3Q7LCZxdW90O09yZGVyaW5nUGFnZVBhdGgmcXVvdDs6JnF1b3Q7aW50TGlua1NJVF9TbWFydFNlcVJhY2smcXVvdDssJnF1b3Q7UmVxdWlyZVBoeXNpY2FsU2hpcG1lbnQmcXVvdDs6dHJ1ZSwmcXVvdDtTaXRLZXkmcXVvdDs6JnF1b3Q7U21hcnRTZXFSYWNrJnF1b3Q7LCZxdW90O1ZlcnNpb24mcXVvdDs6NCwmcXVvdDtXYWl0Rm9yQ2FuY2VsbGF0aW9uUGVyaW9kJnF1b3Q7OjAsJnF1b3Q7WHNkUGF0aCZxdW90OzomcXVvdDtodHRwczovL3NlcnZpY2VzLmV1cm9maW5zZ2Vub21pY3MuY29tL1NjaGVtYXMvRWNvbS9QU0QvQ2F0YWxvZ3VlUHJvZHVjdHNWMi4yLnhzZCZxdW90OywmcXVvdDtOZWVkc0Jpb1NhZmV0eSZxdW90OzpmYWxzZSwmcXVvdDtDYW5HdWVzdENoZWNrb3V0JnF1b3Q7OmZhbHNlLCZxdW90O0Rpc2FsbG93UXVhbnRpdHlDaGFuZ2UmcXVvdDs6ZmFsc2UsJnF1b3Q7RGlzYWxsb3dFZGl0SW5DYXJ0JnF1b3Q7OmZhbHNlLCZxdW90O1Jlc291cmNlUHJlZml4JnF1b3Q7Om51bGwsJnF1b3Q7UHJvZHVjdGlvbk9yZGVyR3JvdXAmcXVvdDs6eyZxdW90OyRyZWYmcXVvdDs6JnF1b3Q7MyZxdW90O30sJnF1b3Q7U3BzYyZxdW90OzpudWxsLCZxdW90O0VDbGFzcyZxdW90OzpudWxsLCZxdW90O0lkJnF1b3Q7OjM1LCZxdW90O0lzSGFyZERlbGV0ZWQmcXVvdDs6ZmFsc2V9LHsmcXVvdDskaWQmcXVvdDs6JnF1b3Q7MTQ1JnF1b3Q7LCZxdW90O0J1c2luZXNzVW5pdCZxdW90Ozp7JnF1b3Q7JGlkJnF1b3Q7OiZxdW90OzE0NiZxdW90OywmcXVvdDtCdUljb24mcXVvdDs6JnF1b3Q7L2ltYWdlcy91c2VyY29udHJvbHMvaWNvbnMvYnUvbmdzX3NtYWxsLmdpZiZxdW90OywmcXVvdDtCdUtleSZxdW90OzomcXVvdDtOR1MmcXVvdDssJnF1b3Q7QnVOYW1lJnF1b3Q7OiZxdW90O05leHQgR2VuZXJhdGlvbiBTZXF1ZW5jaW5nJnF1b3Q7LCZxdW90O0J1c2luZXNzVW5pdEVudW0mcXVvdDs6NCwmcXVvdDtEaXN0cmlidXRvclJlc3BvbnNpYmlsaXRpZXMmcXVvdDs6bnVsbCwmcXVvdDtIYXNMaW1zU3lzdGVtJnF1b3Q7OmZhbHNlLCZxdW90O0luc3RhbmNlU3RhdHVzRW51bSZxdW90OzowLCZxdW90O1NhbGVzSXRlbVR5cGVzJnF1b3Q7Om51bGwsJnF1b3Q7U2l0ZSZxdW90OzpudWxsLCZxdW90O1ZlcnNpb24mcXVvdDs6MCwmcXVvdDtCdVByb2R1Y3Rpb25EZXRhaWxzVXJsJnF1b3Q7Om51bGwsJnF1b3Q7SWQmcXVvdDs6NCwmcXVvdDtJc0hhcmREZWxldGVkJnF1b3Q7OmZhbHNlfSwmcXVvdDtQcm9kdWN0Q2F0ZWdvcnlFbnVtJnF1b3Q7OjIsJnF1b3Q7T3JkZXJXaXphcmRUeXBlRW51bSZxdW90OzoxLCZxdW90O0luc3RhbmNlU3RhdHVzRW51bSZxdW90OzowLCZxdW90O0Nhbk9yZGVyV2hlbk5vUHJpY2UmcXVvdDs6dHJ1ZSwmcXVvdDtDYW5RdW90ZVdoZW5Ob1ByaWNlJnF1b3Q7OnRydWUsJnF1b3Q7Q2FuUXVvdGVXaXRoUHJpY2UmcXVvdDs6dHJ1ZSwmcXVvdDtDYW5TaGlwT25EcnlJY2UmcXVvdDs6ZmFsc2UsJnF1b3Q7Q29udHJvbFBhdGgmcXVvdDs6JnF1b3Q7MTIzJnF1b3Q7LCZxdW90O0lzU3RhbmRBbG9uZUl0ZW0mcXVvdDs6ZmFsc2UsJnF1b3Q7TmFtZSZxdW90OzomcXVvdDtTdGFuZGFyZCBQYWNrYWdlJnF1b3Q7LCZxdW90O09yZGVyaW5nUGFnZVBhdGgmcXVvdDs6JnF1b3Q7aW50TGlua1NJVF9TdGFuZGFyZFBhY2thZ2UmcXVvdDssJnF1b3Q7UmVxdWlyZVBoeXNpY2FsU2hpcG1lbnQmcXVvdDs6dHJ1ZSwmcXVvdDtTaXRLZXkmcXVvdDs6JnF1b3Q7U3RhbmRhcmRQYWNrYWdlJnF1b3Q7LCZxdW90O1ZlcnNpb24mcXVvdDs6NCwmcXVvdDtXYWl0Rm9yQ2FuY2VsbGF0aW9uUGVyaW9kJnF1b3Q7OjAsJnF1b3Q7WHNkUGF0aCZxdW90OzomcXVvdDtodHRwczovL3NlcnZpY2VzLmV1cm9maW5zZ2Vub21pY3MuY29tL3NjaGVtYXMvRWNvbS9QU0QvTmdzVjEuMS54c2QmcXVvdDssJnF1b3Q7TmVlZHNCaW9TYWZldHkmcXVvdDs6dHJ1ZSwmcXVvdDtDYW5HdWVzdENoZWNrb3V0JnF1b3Q7OmZhbHNlLCZxdW90O0Rpc2FsbG93UXVhbnRpdHlDaGFuZ2UmcXVvdDs6ZmFsc2UsJnF1b3Q7RGlzYWxsb3dFZGl0SW5DYXJ0JnF1b3Q7OmZhbHNlLCZxdW90O1Jlc291cmNlUHJlZml4JnF1b3Q7Om51bGwsJnF1b3Q7UHJvZHVjdGlvbk9yZGVyR3JvdXAmcXVvdDs6bnVsbCwmcXVvdDtTcHNjJnF1b3Q7Om51bGwsJnF1b3Q7RUNsYXNzJnF1b3Q7Om51bGwsJnF1b3Q7SWQmcXVvdDs6MiwmcXVvdDtJc0hhcmREZWxldGVkJnF1b3Q7OmZhbHNlfSx7JnF1b3Q7JGlkJnF1b3Q7OiZxdW90OzE0NyZxdW90OywmcXVvdDtCdXNpbmVzc1VuaXQmcXVvdDs6eyZxdW90OyRpZCZxdW90OzomcXVvdDsxNDgmcXVvdDssJnF1b3Q7QnVJY29uJnF1b3Q7OiZxdW90Oy9pbWFnZXMvdXNlcmNvbnRyb2xzL2ljb25zL2J1L29saWdvX3NtYWxsLmdpZiZxdW90OywmcXVvdDtCdUtleSZxdW90OzomcXVvdDtPbGlnb3MmcXVvdDssJnF1b3Q7QnVOYW1lJnF1b3Q7OiZxdW90O0ROQSAmYW1wOyBSTkEgT2xpZ29udWNsZW90aWRlcyZxdW90OywmcXVvdDtCdXNpbmVzc1VuaXRFbnVtJnF1b3Q7OjEsJnF1b3Q7RGlzdHJpYnV0b3JSZXNwb25zaWJpbGl0aWVzJnF1b3Q7Om51bGwsJnF1b3Q7SGFzTGltc1N5c3RlbSZxdW90OzpmYWxzZSwmcXVvdDtJbnN0YW5jZVN0YXR1c0VudW0mcXVvdDs6MCwmcXVvdDtTYWxlc0l0ZW1UeXBlcyZxdW90OzpudWxsLCZxdW90O1NpdGUmcXVvdDs6bnVsbCwmcXVvdDtWZXJzaW9uJnF1b3Q7OjEsJnF1b3Q7QnVQcm9kdWN0aW9uRGV0YWlsc1VybCZxdW90OzpudWxsLCZxdW90O0lkJnF1b3Q7OjEsJnF1b3Q7SXNIYXJkRGVsZXRlZCZxdW90OzpmYWxzZX0sJnF1b3Q7UHJvZHVjdENhdGVnb3J5RW51bSZxdW90OzoxLCZxdW90O09yZGVyV2l6YXJkVHlwZUVudW0mcXVvdDs6MTgsJnF1b3Q7SW5zdGFuY2VTdGF0dXNFbnVtJnF1b3Q7OjAsJnF1b3Q7Q2FuT3JkZXJXaGVuTm9QcmljZSZxdW90Ozp0cnVlLCZxdW90O0NhblF1b3RlV2hlbk5vUHJpY2UmcXVvdDs6dHJ1ZSwmcXVvdDtDYW5RdW90ZVdpdGhQcmljZSZxdW90OzpmYWxzZSwmcXVvdDtDYW5TaGlwT25EcnlJY2UmcXVvdDs6ZmFsc2UsJnF1b3Q7Q29udHJvbFBhdGgmcXVvdDs6JnF1b3Q7flxcdXNlcmNvbnRyb2xzXFxDb3JlXFxDb250YWluZXJcXE9yZGVyaW5nXFxTdG9ja09yZGVyXFxjY1N0b2NrT3JkZXIuYXNjeCZxdW90OywmcXVvdDtJc1N0YW5kQWxvbmVJdGVtJnF1b3Q7OmZhbHNlLCZxdW90O05hbWUmcXVvdDs6JnF1b3Q7U3RvY2sgT2xpZ28mcXVvdDssJnF1b3Q7T3JkZXJpbmdQYWdlUGF0aCZxdW90OzomcXVvdDtpbnRMaW5rU0lUX1N0b2NrT2xpZ28mcXVvdDssJnF1b3Q7UmVxdWlyZVBoeXNpY2FsU2hpcG1lbnQmcXVvdDs6ZmFsc2UsJnF1b3Q7U2l0S2V5JnF1b3Q7OiZxdW90O1N0b2NrT2xpZ28mcXVvdDssJnF1b3Q7VmVyc2lvbiZxdW90Ozo0LCZxdW90O1dhaXRGb3JDYW5jZWxsYXRpb25QZXJpb2QmcXVvdDs6MCwmcXVvdDtYc2RQYXRoJnF1b3Q7OiZxdW90O2h0dHBzOi8vc2VydmljZXMuZXVyb2ZpbnNnZW5vbWljcy5jb20vc2NoZW1hcy9lY29tL1BTRC9PbGlnb1YzLjkueHNkJnF1b3Q7LCZxdW90O05lZWRzQmlvU2FmZXR5JnF1b3Q7OnRydWUsJnF1b3Q7Q2FuR3Vlc3RDaGVja291dCZxdW90Ozp0cnVlLCZxdW90O0Rpc2FsbG93UXVhbnRpdHlDaGFuZ2UmcXVvdDs6dHJ1ZSwmcXVvdDtEaXNhbGxvd0VkaXRJbkNhcnQmcXVvdDs6dHJ1ZSwmcXVvdDtSZXNvdXJjZVByZWZpeCZxdW90OzomcXVvdDsmcXVvdDssJnF1b3Q7UHJvZHVjdGlvbk9yZGVyR3JvdXAmcXVvdDs6bnVsbCwmcXVvdDtTcHNjJnF1b3Q7OiZxdW90OyZxdW90OywmcXVvdDtFQ2xhc3MmcXVvdDs6JnF1b3Q7JnF1b3Q7LCZxdW90O0lkJnF1b3Q7OjYzLCZxdW90O0lzSGFyZERlbGV0ZWQmcXVvdDs6ZmFsc2V9LHsmcXVvdDskaWQmcXVvdDs6JnF1b3Q7MTQ5JnF1b3Q7LCZxdW90O0J1c2luZXNzVW5pdCZxdW90Ozp7JnF1b3Q7JGlkJnF1b3Q7OiZxdW90OzE1MCZxdW90OywmcXVvdDtCdUljb24mcXVvdDs6JnF1b3Q7L2ltYWdlcy91c2VyY29udHJvbHMvaWNvbnMvYnUvc2VxX3NtYWxsLmdpZiZxdW90OywmcXVvdDtCdUtleSZxdW90OzomcXVvdDtTRVEmcXVvdDssJnF1b3Q7QnVOYW1lJnF1b3Q7OiZxdW90O0N1c3RvbSBETkEgU2VxdWVuY2luZyZxdW90OywmcXVvdDtCdXNpbmVzc1VuaXRFbnVtJnF1b3Q7OjIsJnF1b3Q7RGlzdHJpYnV0b3JSZXNwb25zaWJpbGl0aWVzJnF1b3Q7Om51bGwsJnF1b3Q7SGFzTGltc1N5c3RlbSZxdW90OzpmYWxzZSwmcXVvdDtJbnN0YW5jZVN0YXR1c0VudW0mcXVvdDs6MCwmcXVvdDtTYWxlc0l0ZW1UeXBlcyZxdW90OzpudWxsLCZxdW90O1NpdGUmcXVvdDs6bnVsbCwmcXVvdDtWZXJzaW9uJnF1b3Q7OjEsJnF1b3Q7QnVQcm9kdWN0aW9uRGV0YWlsc1VybCZxdW90OzpudWxsLCZxdW90O0lkJnF1b3Q7OjIsJnF1b3Q7SXNIYXJkRGVsZXRlZCZxdW90OzpmYWxzZX0sJnF1b3Q7UHJvZHVjdENhdGVnb3J5RW51bSZxdW90OzoyLCZxdW90O09yZGVyV2l6YXJkVHlwZUVudW0mcXVvdDs6MTYsJnF1b3Q7SW5zdGFuY2VTdGF0dXNFbnVtJnF1b3Q7OjAsJnF1b3Q7Q2FuT3JkZXJXaGVuTm9QcmljZSZxdW90Ozp0cnVlLCZxdW90O0NhblF1b3RlV2hlbk5vUHJpY2UmcXVvdDs6ZmFsc2UsJnF1b3Q7Q2FuUXVvdGVXaXRoUHJpY2UmcXVvdDs6dHJ1ZSwmcXVvdDtDYW5TaGlwT25EcnlJY2UmcXVvdDs6ZmFsc2UsJnF1b3Q7Q29udHJvbFBhdGgmcXVvdDs6JnF1b3Q7flxcdXNlcmNvbnRyb2xzXFxDb3JlXFxDb250YWluZXJcXE9yZGVyaW5nXFxTZXF1ZW5jaW5nXFxUdWJlXFxjY1NlcVR1YmVPcmRlcmluZy5hc2N4JnF1b3Q7LCZxdW90O0lzU3RhbmRBbG9uZUl0ZW0mcXVvdDs6ZmFsc2UsJnF1b3Q7TmFtZSZxdW90OzomcXVvdDtTdHJpcGVTZXF1ZW5jaW5nJnF1b3Q7LCZxdW90O09yZGVyaW5nUGFnZVBhdGgmcXVvdDs6JnF1b3Q7aW50TGlua1NJVF9TdHJpcGVTZXF1ZW5jaW5nJnF1b3Q7LCZxdW90O1JlcXVpcmVQaHlzaWNhbFNoaXBtZW50JnF1b3Q7OmZhbHNlLCZxdW90O1NpdEtleSZxdW90OzomcXVvdDtTdHJpcGVTZXF1ZW5jaW5nJnF1b3Q7LCZxdW90O1ZlcnNpb24mcXVvdDs6MiwmcXVvdDtXYWl0Rm9yQ2FuY2VsbGF0aW9uUGVyaW9kJnF1b3Q7OjAsJnF1b3Q7WHNkUGF0aCZxdW90OzomcXVvdDtodHRwczovL3NlcnZpY2VzLmV1cm9maW5zZ2Vub21pY3MuY29tL1NjaGVtYXMvRWNvbS9QU0QvU2VxdWVuY2luZ1YyLjcueHNkJnF1b3Q7LCZxdW90O05lZWRzQmlvU2FmZXR5JnF1b3Q7OmZhbHNlLCZxdW90O0Nhbkd1ZXN0Q2hlY2tvdXQmcXVvdDs6ZmFsc2UsJnF1b3Q7RGlzYWxsb3dRdWFudGl0eUNoYW5nZSZxdW90OzpmYWxzZSwmcXVvdDtEaXNhbGxvd0VkaXRJbkNhcnQmcXVvdDs6ZmFsc2UsJnF1b3Q7UmVzb3VyY2VQcmVmaXgmcXVvdDs6bnVsbCwmcXVvdDtQcm9kdWN0aW9uT3JkZXJHcm91cCZxdW90OzpudWxsLCZxdW90O1Nwc2MmcXVvdDs6bnVsbCwmcXVvdDtFQ2xhc3MmcXVvdDs6bnVsbCwmcXVvdDtJZCZxdW90Ozo2MSwmcXVvdDtJc0hhcmREZWxldGVkJnF1b3Q7OmZhbHNlfSx7JnF1b3Q7JGlkJnF1b3Q7OiZxdW90OzE1MSZxdW90OywmcXVvdDtCdXNpbmVzc1VuaXQmcXVvdDs6eyZxdW90OyRpZCZxdW90OzomcXVvdDsxNTImcXVvdDssJnF1b3Q7QnVJY29uJnF1b3Q7OiZxdW90Oy9pbWFnZXMvdXNlcmNvbnRyb2xzL2ljb25zL2J1L3NlcV9zbWFsbC5naWYmcXVvdDssJnF1b3Q7QnVLZXkmcXVvdDs6JnF1b3Q7U0VRJnF1b3Q7LCZxdW90O0J1TmFtZSZxdW90OzomcXVvdDtDdXN0b20gRE5BIFNlcXVlbmNpbmcmcXVvdDssJnF1b3Q7QnVzaW5lc3NVbml0RW51bSZxdW90OzoyLCZxdW90O0Rpc3RyaWJ1dG9yUmVzcG9uc2liaWxpdGllcyZxdW90OzpudWxsLCZxdW90O0hhc0xpbXNTeXN0ZW0mcXVvdDs6ZmFsc2UsJnF1b3Q7SW5zdGFuY2VTdGF0dXNFbnVtJnF1b3Q7OjAsJnF1b3Q7U2FsZXNJdGVtVHlwZXMmcXVvdDs6bnVsbCwmcXVvdDtTaXRlJnF1b3Q7Om51bGwsJnF1b3Q7VmVyc2lvbiZxdW90OzoxLCZxdW90O0J1UHJvZHVjdGlvbkRldGFpbHNVcmwmcXVvdDs6bnVsbCwmcXVvdDtJZCZxdW90OzoyLCZxdW90O0lzSGFyZERlbGV0ZWQmcXVvdDs6ZmFsc2V9LCZxdW90O1Byb2R1Y3RDYXRlZ29yeUVudW0mcXVvdDs6MSwmcXVvdDtPcmRlcldpemFyZFR5cGVFbnVtJnF1b3Q7OjEyLCZxdW90O0luc3RhbmNlU3RhdHVzRW51bSZxdW90OzowLCZxdW90O0Nhbk9yZGVyV2hlbk5vUHJpY2UmcXVvdDs6dHJ1ZSwmcXVvdDtDYW5RdW90ZVdoZW5Ob1ByaWNlJnF1b3Q7OmZhbHNlLCZxdW90O0NhblF1b3RlV2l0aFByaWNlJnF1b3Q7OmZhbHNlLCZxdW90O0NhblNoaXBPbkRyeUljZSZxdW90OzpmYWxzZSwmcXVvdDtDb250cm9sUGF0aCZxdW90OzomcXVvdDt+XFx1c2VyY29udHJvbHNcXENvcmVcXENvbnRhaW5lclxcT3JkZXJpbmdcXENhdGFsb2d1ZVByb2R1Y3RzXFxDYXRhbG9ndWVQcm9kdWN0LmFzY3gmcXVvdDssJnF1b3Q7SXNTdGFuZEFsb25lSXRlbSZxdW90OzpmYWxzZSwmcXVvdDtOYW1lJnF1b3Q7OiZxdW90O1R1YmUgQmFnJnF1b3Q7LCZxdW90O09yZGVyaW5nUGFnZVBhdGgmcXVvdDs6JnF1b3Q7aW50TGlua1NJVF9UdWJlQmFnJnF1b3Q7LCZxdW90O1JlcXVpcmVQaHlzaWNhbFNoaXBtZW50JnF1b3Q7OnRydWUsJnF1b3Q7U2l0S2V5JnF1b3Q7OiZxdW90O1R1YmVCYWcmcXVvdDssJnF1b3Q7VmVyc2lvbiZxdW90OzozLCZxdW90O1dhaXRGb3JDYW5jZWxsYXRpb25QZXJpb2QmcXVvdDs6MCwmcXVvdDtYc2RQYXRoJnF1b3Q7OiZxdW90O2h0dHBzOi8vc2VydmljZXMuZXVyb2ZpbnNnZW5vbWljcy5jb20vU2NoZW1hcy9FY29tL1BTRC9DYXRhbG9ndWVQcm9kdWN0c1YyLjIueHNkJnF1b3Q7LCZxdW90O05lZWRzQmlvU2FmZXR5JnF1b3Q7OmZhbHNlLCZxdW90O0Nhbkd1ZXN0Q2hlY2tvdXQmcXVvdDs6ZmFsc2UsJnF1b3Q7RGlzYWxsb3dRdWFudGl0eUNoYW5nZSZxdW90OzpmYWxzZSwmcXVvdDtEaXNhbGxvd0VkaXRJbkNhcnQmcXVvdDs6ZmFsc2UsJnF1b3Q7UmVzb3VyY2VQcmVmaXgmcXVvdDs6bnVsbCwmcXVvdDtQcm9kdWN0aW9uT3JkZXJHcm91cCZxdW90Ozp7JnF1b3Q7JHJlZiZxdW90OzomcXVvdDszJnF1b3Q7fSwmcXVvdDtTcHNjJnF1b3Q7Om51bGwsJnF1b3Q7RUNsYXNzJnF1b3Q7Om51bGwsJnF1b3Q7SWQmcXVvdDs6NDMsJnF1b3Q7SXNIYXJkRGVsZXRlZCZxdW90OzpmYWxzZX0seyZxdW90OyRpZCZxdW90OzomcXVvdDsxNTMmcXVvdDssJnF1b3Q7QnVzaW5lc3NVbml0JnF1b3Q7OnsmcXVvdDskaWQmcXVvdDs6JnF1b3Q7MTU0JnF1b3Q7LCZxdW90O0J1SWNvbiZxdW90OzomcXVvdDsvaW1hZ2VzL3VzZXJjb250cm9scy9pY29ucy9idS9zZXFfc21hbGwuZ2lmJnF1b3Q7LCZxdW90O0J1S2V5JnF1b3Q7OiZxdW90O1NFUSZxdW90OywmcXVvdDtCdU5hbWUmcXVvdDs6JnF1b3Q7Q3VzdG9tIEROQSBTZXF1ZW5jaW5nJnF1b3Q7LCZxdW90O0J1c2luZXNzVW5pdEVudW0mcXVvdDs6MiwmcXVvdDtEaXN0cmlidXRvclJlc3BvbnNpYmlsaXRpZXMmcXVvdDs6bnVsbCwmcXVvdDtIYXNMaW1zU3lzdGVtJnF1b3Q7OmZhbHNlLCZxdW90O0luc3RhbmNlU3RhdHVzRW51bSZxdW90OzowLCZxdW90O1NhbGVzSXRlbVR5cGVzJnF1b3Q7Om51bGwsJnF1b3Q7U2l0ZSZxdW90OzpudWxsLCZxdW90O1ZlcnNpb24mcXVvdDs6MSwmcXVvdDtCdVByb2R1Y3Rpb25EZXRhaWxzVXJsJnF1b3Q7Om51bGwsJnF1b3Q7SWQmcXVvdDs6MiwmcXVvdDtJc0hhcmREZWxldGVkJnF1b3Q7OmZhbHNlfSwmcXVvdDtQcm9kdWN0Q2F0ZWdvcnlFbnVtJnF1b3Q7OjEsJnF1b3Q7T3JkZXJXaXphcmRUeXBlRW51bSZxdW90OzoxMiwmcXVvdDtJbnN0YW5jZVN0YXR1c0VudW0mcXVvdDs6MCwmcXVvdDtDYW5PcmRlcldoZW5Ob1ByaWNlJnF1b3Q7OnRydWUsJnF1b3Q7Q2FuUXVvdGVXaGVuTm9QcmljZSZxdW90Ozp0cnVlLCZxdW90O0NhblF1b3RlV2l0aFByaWNlJnF1b3Q7OnRydWUsJnF1b3Q7Q2FuU2hpcE9uRHJ5SWNlJnF1b3Q7OmZhbHNlLCZxdW90O0NvbnRyb2xQYXRoJnF1b3Q7OiZxdW90O35cXHVzZXJjb250cm9sc1xcQ29yZVxcQ29udGFpbmVyXFxPcmRlcmluZ1xcQ2F0YWxvZ3VlUHJvZHVjdHNcXENhdGFsb2d1ZVByb2R1Y3QuYXNjeCZxdW90OywmcXVvdDtJc1N0YW5kQWxvbmVJdGVtJnF1b3Q7OmZhbHNlLCZxdW90O05hbWUmcXVvdDs6JnF1b3Q7VHViZUxhYmVscyZxdW90OywmcXVvdDtPcmRlcmluZ1BhZ2VQYXRoJnF1b3Q7OiZxdW90O2ludExpbmtTSVRfVHViZUxhYmVscyZxdW90OywmcXVvdDtSZXF1aXJlUGh5c2ljYWxTaGlwbWVudCZxdW90Ozp0cnVlLCZxdW90O1NpdEtleSZxdW90OzomcXVvdDtUdWJlTGFiZWxzJnF1b3Q7LCZxdW90O1ZlcnNpb24mcXVvdDs6MiwmcXVvdDtXYWl0Rm9yQ2FuY2VsbGF0aW9uUGVyaW9kJnF1b3Q7OjMwLCZxdW90O1hzZFBhdGgmcXVvdDs6JnF1b3Q7aHR0cHM6Ly9zZXJ2aWNlcy5ldXJvZmluc2dlbm9taWNzLmNvbS9TY2hlbWFzL0Vjb20vUFNEL0NhdGFsb2d1ZVByb2R1Y3RzVjIuMi54c2QmcXVvdDssJnF1b3Q7TmVlZHNCaW9TYWZldHkmcXVvdDs6dHJ1ZSwmcXVvdDtDYW5HdWVzdENoZWNrb3V0JnF1b3Q7OmZhbHNlLCZxdW90O0Rpc2FsbG93UXVhbnRpdHlDaGFuZ2UmcXVvdDs6ZmFsc2UsJnF1b3Q7RGlzYWxsb3dFZGl0SW5DYXJ0JnF1b3Q7OmZhbHNlLCZxdW90O1Jlc291cmNlUHJlZml4JnF1b3Q7OiZxdW90OyZxdW90OywmcXVvdDtQcm9kdWN0aW9uT3JkZXJHcm91cCZxdW90Ozp7JnF1b3Q7JHJlZiZxdW90OzomcXVvdDszJnF1b3Q7fSwmcXVvdDtTcHNjJnF1b3Q7Om51bGwsJnF1b3Q7RUNsYXNzJnF1b3Q7Om51bGwsJnF1b3Q7SWQmcXVvdDs6ODcsJnF1b3Q7SXNIYXJkRGVsZXRlZCZxdW90OzpmYWxzZX0seyZxdW90OyRpZCZxdW90OzomcXVvdDsxNTUmcXVvdDssJnF1b3Q7QnVzaW5lc3NVbml0JnF1b3Q7OnsmcXVvdDskaWQmcXVvdDs6JnF1b3Q7MTU2JnF1b3Q7LCZxdW90O0J1SWNvbiZxdW90OzomcXVvdDsvaW1hZ2VzL3VzZXJjb250cm9scy9pY29ucy9idS9zZXFfc21hbGwuZ2lmJnF1b3Q7LCZxdW90O0J1S2V5JnF1b3Q7OiZxdW90O1NFUSZxdW90OywmcXVvdDtCdU5hbWUmcXVvdDs6JnF1b3Q7Q3VzdG9tIEROQSBTZXF1ZW5jaW5nJnF1b3Q7LCZxdW90O0J1c2luZXNzVW5pdEVudW0mcXVvdDs6MiwmcXVvdDtEaXN0cmlidXRvclJlc3BvbnNpYmlsaXRpZXMmcXVvdDs6bnVsbCwmcXVvdDtIYXNMaW1zU3lzdGVtJnF1b3Q7OmZhbHNlLCZxdW90O0luc3RhbmNlU3RhdHVzRW51bSZxdW90OzowLCZxdW90O1NhbGVzSXRlbVR5cGVzJnF1b3Q7Om51bGwsJnF1b3Q7U2l0ZSZxdW90OzpudWxsLCZxdW90O1ZlcnNpb24mcXVvdDs6MSwmcXVvdDtCdVByb2R1Y3Rpb25EZXRhaWxzVXJsJnF1b3Q7Om51bGwsJnF1b3Q7SWQmcXVvdDs6MiwmcXVvdDtJc0hhcmREZWxldGVkJnF1b3Q7OmZhbHNlfSwmcXVvdDtQcm9kdWN0Q2F0ZWdvcnlFbnVtJnF1b3Q7OjEsJnF1b3Q7T3JkZXJXaXphcmRUeXBlRW51bSZxdW90OzoxMiwmcXVvdDtJbnN0YW5jZVN0YXR1c0VudW0mcXVvdDs6MCwmcXVvdDtDYW5PcmRlcldoZW5Ob1ByaWNlJnF1b3Q7OnRydWUsJnF1b3Q7Q2FuUXVvdGVXaGVuTm9QcmljZSZxdW90Ozp0cnVlLCZxdW90O0NhblF1b3RlV2l0aFByaWNlJnF1b3Q7OnRydWUsJnF1b3Q7Q2FuU2hpcE9uRHJ5SWNlJnF1b3Q7OmZhbHNlLCZxdW90O0NvbnRyb2xQYXRoJnF1b3Q7OiZxdW90O35cXHVzZXJjb250cm9sc1xcQ29yZVxcQ29udGFpbmVyXFxPcmRlcmluZ1xcQ2F0YWxvZ3VlUHJvZHVjdHNcXENhdGFsb2d1ZVByb2R1Y3QuYXNjeCZxdW90OywmcXVvdDtJc1N0YW5kQWxvbmVJdGVtJnF1b3Q7OmZhbHNlLCZxdW90O05hbWUmcXVvdDs6JnF1b3Q7VHViZVNlcUxhYmVscyZxdW90OywmcXVvdDtPcmRlcmluZ1BhZ2VQYXRoJnF1b3Q7OiZxdW90O2ludExpbmtTSVRfVHViZVNlcUxhYmVscyZxdW90OywmcXVvdDtSZXF1aXJlUGh5c2ljYWxTaGlwbWVudCZxdW90Ozp0cnVlLCZxdW90O1NpdEtleSZxdW90OzomcXVvdDtUdWJlU2VxTGFiZWxzJnF1b3Q7LCZxdW90O1ZlcnNpb24mcXVvdDs6MiwmcXVvdDtXYWl0Rm9yQ2FuY2VsbGF0aW9uUGVyaW9kJnF1b3Q7OjMwLCZxdW90O1hzZFBhdGgmcXVvdDs6JnF1b3Q7aHR0cHM6Ly9zZXJ2aWNlcy5ldXJvZmluc2dlbm9taWNzLmNvbS9TY2hlbWFzL0Vjb20vUFNEL0NhdGFsb2d1ZVByb2R1Y3RzVjIuMi54c2QmcXVvdDssJnF1b3Q7TmVlZHNCaW9TYWZldHkmcXVvdDs6dHJ1ZSwmcXVvdDtDYW5HdWVzdENoZWNrb3V0JnF1b3Q7OmZhbHNlLCZxdW90O0Rpc2FsbG93UXVhbnRpdHlDaGFuZ2UmcXVvdDs6ZmFsc2UsJnF1b3Q7RGlzYWxsb3dFZGl0SW5DYXJ0JnF1b3Q7OmZhbHNlLCZxdW90O1Jlc291cmNlUHJlZml4JnF1b3Q7OiZxdW90OyZxdW90OywmcXVvdDtQcm9kdWN0aW9uT3JkZXJHcm91cCZxdW90Ozp7JnF1b3Q7JHJlZiZxdW90OzomcXVvdDszJnF1b3Q7fSwmcXVvdDtTcHNjJnF1b3Q7Om51bGwsJnF1b3Q7RUNsYXNzJnF1b3Q7Om51bGwsJnF1b3Q7SWQmcXVvdDs6ODgsJnF1b3Q7SXNIYXJkRGVsZXRlZCZxdW90OzpmYWxzZX0seyZxdW90OyRpZCZxdW90OzomcXVvdDsxNTcmcXVvdDssJnF1b3Q7QnVzaW5lc3NVbml0JnF1b3Q7OnsmcXVvdDskaWQmcXVvdDs6JnF1b3Q7MTU4JnF1b3Q7LCZxdW90O0J1SWNvbiZxdW90OzomcXVvdDsvaW1hZ2VzL3VzZXJjb250cm9scy9pY29ucy9idS9zZXFfc21hbGwuZ2lmJnF1b3Q7LCZxdW90O0J1S2V5JnF1b3Q7OiZxdW90O1NFUSZxdW90OywmcXVvdDtCdU5hbWUmcXVvdDs6JnF1b3Q7Q3VzdG9tIEROQSBTZXF1ZW5jaW5nJnF1b3Q7LCZxdW90O0J1c2luZXNzVW5pdEVudW0mcXVvdDs6MiwmcXVvdDtEaXN0cmlidXRvclJlc3BvbnNpYmlsaXRpZXMmcXVvdDs6bnVsbCwmcXVvdDtIYXNMaW1zU3lzdGVtJnF1b3Q7OmZhbHNlLCZxdW90O0luc3RhbmNlU3RhdHVzRW51bSZxdW90OzowLCZxdW90O1NhbGVzSXRlbVR5cGVzJnF1b3Q7Om51bGwsJnF1b3Q7U2l0ZSZxdW90OzpudWxsLCZxdW90O1ZlcnNpb24mcXVvdDs6MSwmcXVvdDtCdVByb2R1Y3Rpb25EZXRhaWxzVXJsJnF1b3Q7Om51bGwsJnF1b3Q7SWQmcXVvdDs6MiwmcXVvdDtJc0hhcmREZWxldGVkJnF1b3Q7OmZhbHNlfSwmcXVvdDtQcm9kdWN0Q2F0ZWdvcnlFbnVtJnF1b3Q7OjIsJnF1b3Q7T3JkZXJXaXphcmRUeXBlRW51bSZxdW90Ozo5LCZxdW90O0luc3RhbmNlU3RhdHVzRW51bSZxdW90OzowLCZxdW90O0Nhbk9yZGVyV2hlbk5vUHJpY2UmcXVvdDs6dHJ1ZSwmcXVvdDtDYW5RdW90ZVdoZW5Ob1ByaWNlJnF1b3Q7OnRydWUsJnF1b3Q7Q2FuUXVvdGVXaXRoUHJpY2UmcXVvdDs6dHJ1ZSwmcXVvdDtDYW5TaGlwT25EcnlJY2UmcXVvdDs6ZmFsc2UsJnF1b3Q7Q29udHJvbFBhdGgmcXVvdDs6JnF1b3Q7flxcdXNlcmNvbnRyb2xzXFxDb3JlXFxDb250YWluZXJcXE9yZGVyaW5nXFxTZXF1ZW5jaW5nXFxUdWJlXFxjY1NlcVR1YmVPcmRlcmluZy5hc2N4JnF1b3Q7LCZxdW90O0lzU3RhbmRBbG9uZUl0ZW0mcXVvdDs6ZmFsc2UsJnF1b3Q7TmFtZSZxdW90OzomcXVvdDtWYWx1ZSBSZWFkJnF1b3Q7LCZxdW90O09yZGVyaW5nUGFnZVBhdGgmcXVvdDs6JnF1b3Q7aW50TGlua1NJVF9WYWx1ZVJlYWQmcXVvdDssJnF1b3Q7UmVxdWlyZVBoeXNpY2FsU2hpcG1lbnQmcXVvdDs6ZmFsc2UsJnF1b3Q7U2l0S2V5JnF1b3Q7OiZxdW90O1ZhbHVlUmVhZCZxdW90OywmcXVvdDtWZXJzaW9uJnF1b3Q7OjE1LCZxdW90O1dhaXRGb3JDYW5jZWxsYXRpb25QZXJpb2QmcXVvdDs6MCwmcXVvdDtYc2RQYXRoJnF1b3Q7OiZxdW90O2h0dHBzOi8vc2VydmljZXMuZXVyb2ZpbnNnZW5vbWljcy5jb20vU2NoZW1hcy9FY29tL1BTRC9TZXF1ZW5jaW5nVjIuNy54c2QmcXVvdDssJnF1b3Q7TmVlZHNCaW9TYWZldHkmcXVvdDs6dHJ1ZSwmcXVvdDtDYW5HdWVzdENoZWNrb3V0JnF1b3Q7OmZhbHNlLCZxdW90O0Rpc2FsbG93UXVhbnRpdHlDaGFuZ2UmcXVvdDs6ZmFsc2UsJnF1b3Q7RGlzYWxsb3dFZGl0SW5DYXJ0JnF1b3Q7OmZhbHNlLCZxdW90O1Jlc291cmNlUHJlZml4JnF1b3Q7OiZxdW90OyZxdW90OywmcXVvdDtQcm9kdWN0aW9uT3JkZXJHcm91cCZxdW90Ozp7JnF1b3Q7JHJlZiZxdW90OzomcXVvdDszJnF1b3Q7fSwmcXVvdDtTcHNjJnF1b3Q7OiZxdW90OyZxdW90OywmcXVvdDtFQ2xhc3MmcXVvdDs6JnF1b3Q7JnF1b3Q7LCZxdW90O0lkJnF1b3Q7OjE2LCZxdW90O0lzSGFyZERlbGV0ZWQmcXVvdDs6ZmFsc2V9XSIgQ29ycmVsYXRpb25CaW5kaW5nPSIiIFVybEVuY29kZT0iVHJ1ZSIgLz4NCiAgICAgICAgPEZvcm1Qb3N0UGFyYW1ldGVyIE5hbWU9ImN0bDAwJGN0bDAwJGN0bDAwJENvbnRlbnRQbGFjZUhvbGRlckRlZmF1bHQkTWFzdGVyUGxhY2Vob2xkZXIkTXlPcmRlcnNTZWFyY2hfNiR1Y015T3JkZXJBZHZhbmNlZFNlYXJjaCRkZGxBZHZhbmNlZFNlYXJjaFR5cGVzIiBWYWx1ZT0iLTEiIFJlY29yZGVkVmFsdWU9Ii0xIiBDb3JyZWxhdGlvbkJpbmRpbmc9Int7Rm9ybVBvc3RQYXJhbTI2LmN0bDAwJGN0bDAwJGN0bDAwJENvbnRlbnRQbGFjZUhvbGRlckRlZmF1bHQkTWFzdGVyUGxhY2Vob2xkZXIkTXlPcmRlcnNTZWFyY2hfNiR1Y015T3JkZXJBZHZhbmNlZFNlYXJjaCRkZGxBZHZhbmNlZFNlYXJjaFR5cGVzfX0iIFVybEVuY29kZT0iVHJ1ZSIgLz4NCiAgICAgICAgPEZvcm1Qb3N0UGFyYW1ldGVyIE5hbWU9ImN0bDAwJGN0bDAwJGN0bDAwJENvbnRlbnRQbGFjZUhvbGRlckRlZmF1bHQkTWFzdGVyUGxhY2Vob2xkZXIkTXlPcmRlcnNTZWFyY2hfNiR1Y015T3JkZXJBZHZhbmNlZFNlYXJjaCR0eHRBZHZhbmNlZFNlYXJjaERhdGVGcm9tIiBWYWx1ZT0iMDEvMTMvMjAxNyIgUmVjb3JkZWRWYWx1ZT0iMDEvMTMvMjAxNyIgQ29ycmVsYXRpb25CaW5kaW5nPSJ7e0Zvcm1Qb3N0UGFyYW0yMi5jdGwwMCRjdGwwMCRjdGwwMCRDb250ZW50UGxhY2VIb2xkZXJEZWZhdWx0JE1hc3RlclBsYWNlaG9sZGVyJE15T3JkZXJzU2VhcmNoXzYkdWNNeU9yZGVyQWR2YW5jZWRTZWFyY2gkdHh0QWR2YW5jZWRTZWFyY2hEYXRlRnJvbX19IiBVcmxFbmNvZGU9IlRydWUiIC8+DQogICAgICAgIDxGb3JtUG9zdFBhcmFtZXRlciBOYW1lPSJjdGwwMCRjdGwwMCRjdGwwMCRDb250ZW50UGxhY2VIb2xkZXJEZWZhdWx0JE1hc3RlclBsYWNlaG9sZGVyJE15T3JkZXJzU2VhcmNoXzYkdWNNeU9yZGVyQWR2YW5jZWRTZWFyY2gkdHh0QWR2YW5jZWRTZWFyY2hEYXRlVG8iIFZhbHVlPSIwNy8xNC8yMDE3IiBSZWNvcmRlZFZhbHVlPSIwNy8xNC8yMDE3IiBDb3JyZWxhdGlvbkJpbmRpbmc9Int7Rm9ybVBvc3RQYXJhbTIzLmN0bDAwJGN0bDAwJGN0bDAwJENvbnRlbnRQbGFjZUhvbGRlckRlZmF1bHQkTWFzdGVyUGxhY2Vob2xkZXIkTXlPcmRlcnNTZWFyY2hfNiR1Y015T3JkZXJBZHZhbmNlZFNlYXJjaCR0eHRBZHZhbmNlZFNlYXJjaERhdGVUb319IiBVcmxFbmNvZGU9IlRydWUiIC8+DQogICAgICAgIDxGb3JtUG9zdFBhcmFtZXRlciBOYW1lPSJjdGwwMCRjdGwwMCRjdGwwMCRDb250ZW50UGxhY2VIb2xkZXJEZWZhdWx0JE1hc3RlclBsYWNlaG9sZGVyJE15T3JkZXJzU2VhcmNoXzYkdWNNeU9yZGVyQWR2YW5jZWRTZWFyY2gkaGRuU2VsZWN0ZWRTYWxlc0l0ZW1UeXBlIiBWYWx1ZT0ie3skSElEREVOMS5jdGwwMCRjdGwwMCRjdGwwMCRDb250ZW50UGxhY2VIb2xkZXJEZWZhdWx0JE1hc3RlclBsYWNlaG9sZGVyJE15T3JkZXJzU2VhcmNoXzYkdWNNeU9yZGVyQWR2YW5jZWRTZWFyY2gkaGRuU2VsZWN0ZWRTYWxlc0l0ZW1UeXBlfX0iIFJlY29yZGVkVmFsdWU9IiIgQ29ycmVsYXRpb25CaW5kaW5nPSIiIFVybEVuY29kZT0iVHJ1ZSIgLz4NCiAgICAgICAgPEZvcm1Qb3N0UGFyYW1ldGVyIE5hbWU9ImN0bDAwJGN0bDAwJGN0bDAwJENvbnRlbnRQbGFjZUhvbGRlckRlZmF1bHQkTWFzdGVyUGxhY2Vob2xkZXIkTXlPcmRlcnNTZWFyY2hfNiR1Y015T3JkZXJBZHZhbmNlZFNlYXJjaCRkZGxBZHZhbmNlZFNlYXJjaFNhbGVzSXRlbVR5cGVzIiBWYWx1ZT0iLTEiIFJlY29yZGVkVmFsdWU9Ii0xIiBDb3JyZWxhdGlvbkJpbmRpbmc9Int7Rm9ybVBvc3RQYXJhbTI3LmN0bDAwJGN0bDAwJGN0bDAwJENvbnRlbnRQbGFjZUhvbGRlckRlZmF1bHQkTWFzdGVyUGxhY2Vob2xkZXIkTXlPcmRlcnNTZWFyY2hfNiR1Y015T3JkZXJBZHZhbmNlZFNlYXJjaCRkZGxBZHZhbmNlZFNlYXJjaFNhbGVzSXRlbVR5cGVzfX0iIFVybEVuY29kZT0iVHJ1ZSIgLz4NCiAgICAgICAgPEZvcm1Qb3N0UGFyYW1ldGVyIE5hbWU9ImN0bDAwJGN0bDAwJGN0bDAwJENvbnRlbnRQbGFjZUhvbGRlckRlZmF1bHQkTWFzdGVyUGxhY2Vob2xkZXIkTXlPcmRlcnNTZWFyY2hfNiR1Y015T3JkZXJBZHZhbmNlZFNlYXJjaCR0eHRBZHZhbmNlZFNlYXJjaFlvdXJPcmRlcklkIiBWYWx1ZT0iIiBSZWNvcmRlZFZhbHVlPSIiIENvcnJlbGF0aW9uQmluZGluZz0iIiBVcmxFbmNvZGU9IlRydWUiIC8+DQogICAgICAgIDxGb3JtUG9zdFBhcmFtZXRlciBOYW1lPSJjdGwwMCRjdGwwMCRjdGwwMCRDb250ZW50UGxhY2VIb2xkZXJEZWZhdWx0JE1hc3RlclBsYWNlaG9sZGVyJE15T3JkZXJzU2VhcmNoXzYkdWNNeU9yZGVyQWR2YW5jZWRTZWFyY2gkZGRsQWR2YW5jZWRTZWFyY2hPcmRlclN0YXR1cyIgVmFsdWU9Ii0xIiBSZWNvcmRlZFZhbHVlPSItMSIgQ29ycmVsYXRpb25CaW5kaW5nPSJ7e0Zvcm1Qb3N0UGFyYW0yOC5jdGwwMCRjdGwwMCRjdGwwMCRDb250ZW50UGxhY2VIb2xkZXJEZWZhdWx0JE1hc3RlclBsYWNlaG9sZGVyJE15T3JkZXJzU2VhcmNoXzYkdWNNeU9yZGVyQWR2YW5jZWRTZWFyY2gkZGRsQWR2YW5jZWRTZWFyY2hPcmRlclN0YXR1c319IiBVcmxFbmNvZGU9IlRydWUiIC8+DQogICAgICAgIDxGb3JtUG9zdFBhcmFtZXRlciBOYW1lPSJjdGwwMCRjdGwwMCRjdGwwMCRDb250ZW50UGxhY2VIb2xkZXJEZWZhdWx0JE1hc3RlclBsYWNlaG9sZGVyJE15T3JkZXJzU2VhcmNoXzYkdWNNeU9yZGVyQWR2YW5jZWRTZWFyY2gkdHh0QWR2YW5jZWRTZWFyY2hQdXJjaGFzZU9yZGVyIiBWYWx1ZT0iIiBSZWNvcmRlZFZhbHVlPSIiIENvcnJlbGF0aW9uQmluZGluZz0iIiBVcmxFbmNvZGU9IlRydWUiIC8+DQogICAgICAgIDxGb3JtUG9zdFBhcmFtZXRlciBOYW1lPSJjdGwwMCRjdGwwMCRjdGwwMCRDb250ZW50UGxhY2VIb2xkZXJEZWZhdWx0JE1hc3RlclBsYWNlaG9sZGVyJE15T3JkZXJzU2VhcmNoXzYkdWNNeU9yZGVyQWR2YW5jZWRTZWFyY2gkdHh0QWR2YW5jZWRTZWFyY2hQcm9kdWN0TmFtZSIgVmFsdWU9IiIgUmVjb3JkZWRWYWx1ZT0iIiBDb3JyZWxhdGlvbkJpbmRpbmc9IiIgVXJsRW5jb2RlPSJUcnVlIiAvPg0KICAgICAgICA8Rm9ybVBvc3RQYXJhbWV0ZXIgTmFtZT0iY3RsMDAkY3RsMDAkY3RsMDAkQ29udGVudFBsYWNlSG9sZGVyRGVmYXVsdCRNYXN0ZXJQbGFjZWhvbGRlciRNeU9yZGVyc1NlYXJjaF82JHVjTXlPcmRlckFkdmFuY2VkU2VhcmNoJGRkbEFkdmFuY2VkU2VhcmNoR3JvdXAiIFZhbHVlPSItMSIgUmVjb3JkZWRWYWx1ZT0iLTEiIENvcnJlbGF0aW9uQmluZGluZz0ie3tGb3JtUG9zdFBhcmFtMjkuY3RsMDAkY3RsMDAkY3RsMDAkQ29udGVudFBsYWNlSG9sZGVyRGVmYXVsdCRNYXN0ZXJQbGFjZWhvbGRlciRNeU9yZGVyc1NlYXJjaF82JHVjTXlPcmRlckFkdmFuY2VkU2VhcmNoJGRkbEFkdmFuY2VkU2VhcmNoR3JvdXB9fSIgVXJsRW5jb2RlPSJUcnVlIiAvPg0KICAgICAgICA8Rm9ybVBvc3RQYXJhbWV0ZXIgTmFtZT0iY3RsMDAkY3RsMDAkY3RsMDAkQ29udGVudFBsYWNlSG9sZGVyRGVmYXVsdCRNYXN0ZXJQbGFjZWhvbGRlciRNeU9yZGVyc1NlYXJjaF82JHVjTXlPcmRlckFkdmFuY2VkU2VhcmNoJHR4dEFkdmFuY2VkU2VhcmNoT3JkZXJJZCIgVmFsdWU9IiIgUmVjb3JkZWRWYWx1ZT0iIiBDb3JyZWxhdGlvbkJpbmRpbmc9IiIgVXJsRW5jb2RlPSJUcnVlIiAvPg0KICAgICAgICA8Rm9ybVBvc3RQYXJhbWV0ZXIgTmFtZT0iY3RsMDAkY3RsMDAkY3RsMDAkQ29udGVudFBsYWNlSG9sZGVyRGVmYXVsdCRNYXN0ZXJQbGFjZWhvbGRlciRNeU9yZGVyc1NlYXJjaF82JHVjTXlPcmRlckFkdmFuY2VkU2VhcmNoJGRkbEFkdmFuY2VkU2VhcmNoRW50cmllcyIgVmFsdWU9IjEwMCIgUmVjb3JkZWRWYWx1ZT0iMTAwIiBDb3JyZWxhdGlvbkJpbmRpbmc9Int7Rm9ybVBvc3RQYXJhbTMwLmN0bDAwJGN0bDAwJGN0bDAwJENvbnRlbnRQbGFjZUhvbGRlckRlZmF1bHQkTWFzdGVyUGxhY2Vob2xkZXIkTXlPcmRlcnNTZWFyY2hfNiR1Y015T3JkZXJBZHZhbmNlZFNlYXJjaCRkZGxBZHZhbmNlZFNlYXJjaEVudHJpZXN9fSIgVXJsRW5jb2RlPSJUcnVlIiAvPg0KICAgICAgICA8Rm9ybVBvc3RQYXJhbWV0ZXIgTmFtZT0iY3RsMDAkY3RsMDAkY3RsMDAkQ29udGVudFBsYWNlSG9sZGVyRGVmYXVsdCRNYXN0ZXJQbGFjZWhvbGRlciRNeU9yZGVyc1NlYXJjaF82JHVjTXlPcmRlckFkdmFuY2VkU2VhcmNoJHR4dEFkdmFuY2VkU2VhcmNoTGVnYWN5T3JkZXJSZWYiIFZhbHVlPSIiIFJlY29yZGVkVmFsdWU9IiIgQ29ycmVsYXRpb25CaW5kaW5nPSIiIFVybEVuY29kZT0iVHJ1ZSIgLz4NCiAgICAgICAgPEZvcm1Qb3N0UGFyYW1ldGVyIE5hbWU9ImN0bDAwJGN0bDAwJGN0bDAwJENvbnRlbnRQbGFjZUhvbGRlckRlZmF1bHQkTWFzdGVyUGxhY2Vob2xkZXIkTXlPcmRlcnNTZWFyY2hfNiR1Y015T3JkZXJBZHZhbmNlZFNlYXJjaCR0eHRBZHZhbmNlZFNlYXJjaExhYkl0ZW1Db2RlIiBWYWx1ZT0iIiBSZWNvcmRlZFZhbHVlPSIiIENvcnJlbGF0aW9uQmluZGluZz0iIiBVcmxFbmNvZGU9IlRydWUiIC8+DQogICAgICAgIDxGb3JtUG9zdFBhcmFtZXRlciBOYW1lPSJjdGwwMCRjdGwwMCRjdGwwMCRDb250ZW50UGxhY2VIb2xkZXJEZWZhdWx0JE1hc3RlclBsYWNlaG9sZGVyJE15T3JkZXJzU2VhcmNoXzYkdWNNeU9yZGVyQWR2YW5jZWRTZWFyY2gkdnNBZHZhbmNlZFNlYXJjaCRoZG5WYWxpZGF0aW9uUmVzdWx0IiBWYWx1ZT0ie3skSElEREVOMS5jdGwwMCRjdGwwMCRjdGwwMCRDb250ZW50UGxhY2VIb2xkZXJEZWZhdWx0JE1hc3RlclBsYWNlaG9sZGVyJE15T3JkZXJzU2VhcmNoXzYkdWNNeU9yZGVyQWR2YW5jZWRTZWFyY2gkdnNBZHZhbmNlZFNlYXJjaCRoZG5WYWxpZGF0aW9uUmVzdWx0fX0iIFJlY29yZGVkVmFsdWU9IiIgQ29ycmVsYXRpb25CaW5kaW5nPSIiIFVybEVuY29kZT0iVHJ1ZSIgLz4NCiAgICAgICAgPEZvcm1Qb3N0UGFyYW1ldGVyIE5hbWU9ImN0bDAwJGN0bDAwJGN0bDAwJENvbnRlbnRQbGFjZUhvbGRlckRlZmF1bHQkTWFzdGVyUGxhY2Vob2xkZXIkTXlPcmRlcnNTZWFyY2hfNiR1Y015T3JkZXJBZHZhbmNlZFNlYXJjaCR0eHRBZHZhbmNlZFNlYXJjaFNhdmVBcyIgVmFsdWU9IiIgUmVjb3JkZWRWYWx1ZT0iIiBDb3JyZWxhdGlvbkJpbmRpbmc9IiIgVXJsRW5jb2RlPSJUcnVlIiAvPg0KICAgICAgICA8Rm9ybVBvc3RQYXJhbWV0ZXIgTmFtZT0iY3RsMDAkY3RsMDAkY3RsMDAkQ29udGVudFBsYWNlSG9sZGVyRGVmYXVsdCRNYXN0ZXJQbGFjZWhvbGRlciRNeU9yZGVyc1NlYXJjaF82JHVjTXlPcmRlckFkdmFuY2VkU2VhcmNoJGhkblNjcmVlbkFyZWEiIFZhbHVlPSJ7eyRISURERU4xLmN0bDAwJGN0bDAwJGN0bDAwJENvbnRlbnRQbGFjZUhvbGRlckRlZmF1bHQkTWFzdGVyUGxhY2Vob2xkZXIkTXlPcmRlcnNTZWFyY2hfNiR1Y015T3JkZXJBZHZhbmNlZFNlYXJjaCRoZG5TY3JlZW5BcmVhfX0iIFJlY29yZGVkVmFsdWU9IiIgQ29ycmVsYXRpb25CaW5kaW5nPSIiIFVybEVuY29kZT0iVHJ1ZSIgLz4NCiAgICAgICAgPEZvcm1Qb3N0UGFyYW1ldGVyIE5hbWU9ImN0bDAwJGN0bDAwJGN0bDAwJENvbnRlbnRQbGFjZUhvbGRlckRlZmF1bHQkTWFzdGVyUGxhY2Vob2xkZXIkTXlPcmRlcnNTZWFyY2hfNiR1Y015T3JkZXJTZWFyY2hRdWVyaWVzJGhkblNjcmVlbkFyZWEiIFZhbHVlPSJ7eyRISURERU4xLmN0bDAwJGN0bDAwJGN0bDAwJENvbnRlbnRQbGFjZUhvbGRlckRlZmF1bHQkTWFzdGVyUGxhY2Vob2xkZXIkTXlPcmRlcnNTZWFyY2hfNiR1Y015T3JkZXJTZWFyY2hRdWVyaWVzJGhkblNjcmVlbkFyZWF9fSIgUmVjb3JkZWRWYWx1ZT0iIiBDb3JyZWxhdGlvbkJpbmRpbmc9IiIgVXJsRW5jb2RlPSJUcnVlIiAvPg0KICAgICAgICA8Rm9ybVBvc3RQYXJhbWV0ZXIgTmFtZT0iY3RsMDAkY3RsMDAkY3RsMDAkQ29udGVudFBsYWNlSG9sZGVyRGVmYXVsdCRNYXN0ZXJQbGFjZWhvbGRlciRNeU9yZGVyc1NlYXJjaF82JGhkblNjcmVlbkFyZWEiIFZhbHVlPSJ7eyRISURERU4xLmN0bDAwJGN0bDAwJGN0bDAwJENvbnRlbnRQbGFjZUhvbGRlckRlZmF1bHQkTWFzdGVyUGxhY2Vob2xkZXIkTXlPcmRlcnNTZWFyY2hfNiRoZG5TY3JlZW5BcmVhfX0iIFJlY29yZGVkVmFsdWU9IiIgQ29ycmVsYXRpb25CaW5kaW5nPSIiIFVybEVuY29kZT0iVHJ1ZSIgLz4NCiAgICAgICAgPEZvcm1Qb3N0UGFyYW1ldGVyIE5hbWU9ImN0bDAwJGN0bDAwJGN0bDAwJENvbnRlbnRQbGFjZUhvbGRlckRlZmF1bHQkTWFzdGVyUGxhY2Vob2xkZXIkTXlPcmRlcnNUYWJsZV83JGhkblNjcmVlbkFyZWEiIFZhbHVlPSJ7eyRISURERU4xLmN0bDAwJGN0bDAwJGN0bDAwJENvbnRlbnRQbGFjZUhvbGRlckRlZmF1bHQkTWFzdGVyUGxhY2Vob2xkZXIkTXlPcmRlcnNUYWJsZV83JGhkblNjcmVlbkFyZWF9fSIgUmVjb3JkZWRWYWx1ZT0iIiBDb3JyZWxhdGlvbkJpbmRpbmc9IiIgVXJsRW5jb2RlPSJUcnVlIiAvPg0KICAgICAgICA8Rm9ybVBvc3RQYXJhbWV0ZXIgTmFtZT0iY3RsMDAkY3RsMDAkY3RsMDAkQ29udGVudFBsYWNlSG9sZGVyRGVmYXVsdCRoZG5DYW5Jbml0aWFsaXplQ3VsdHVyZSIgVmFsdWU9Int7JEhJRERFTjEuY3RsMDAkY3RsMDAkY3RsMDAkQ29udGVudFBsYWNlSG9sZGVyRGVmYXVsdCRoZG5DYW5Jbml0aWFsaXplQ3VsdHVyZX19IiBSZWNvcmRlZFZhbHVlPSJmYWxzZSIgQ29ycmVsYXRpb25CaW5kaW5nPSIiIFVybEVuY29kZT0iVHJ1ZSIgLz4NCiAgICAgICAgPEZvcm1Qb3N0UGFyYW1ldGVyIE5hbWU9ImN0bDAwJGN0bDAwJGN0bDAwJENvbnRlbnRQbGFjZUhvbGRlckRlZmF1bHQkaGRuRWNvbURyYWdEcm9wSnNvbiIgVmFsdWU9Int7JEhJRERFTjEuY3RsMDAkY3RsMDAkY3RsMDAkQ29udGVudFBsYWNlSG9sZGVyRGVmYXVsdCRoZG5FY29tRHJhZ0Ryb3BKc29ufX0iIFJlY29yZGVkVmFsdWU9IiIgQ29ycmVsYXRpb25CaW5kaW5nPSIiIFVybEVuY29kZT0iVHJ1ZSIgLz4NCiAgICAgICAgPEZvcm1Qb3N0UGFyYW1ldGVyIE5hbWU9ImN0bDAwJGN0bDAwJGN0bDAwJENvbnRlbnRQbGFjZUhvbGRlckRlZmF1bHQkaGRuQ3VycmVudFBhZ2VJZGVudGl0eSIgVmFsdWU9Int7JEhJRERFTjEuY3RsMDAkY3RsMDAkY3RsMDAkQ29udGVudFBsYWNlSG9sZGVyRGVmYXVsdCRoZG5DdXJyZW50UGFnZUlkZW50aXR5fX0iIFJlY29yZGVkVmFsdWU9IjExMzciIENvcnJlbGF0aW9uQmluZGluZz0iIiBVcmxFbmNvZGU9IlRydWUiIC8+DQogICAgICAgIDxGb3JtUG9zdFBhcmFtZXRlciBOYW1lPSJjdGwwMCRjdGwwMCRjdGwwMCRDb250ZW50UGxhY2VIb2xkZXJEZWZhdWx0JGhkblNjcm9sbFlQb3NpdGlvbiIgVmFsdWU9Int7JEhJRERFTjEuY3RsMDAkY3RsMDAkY3RsMDAkQ29udGVudFBsYWNlSG9sZGVyRGVmYXVsdCRoZG5TY3JvbGxZUG9zaXRpb259fSIgUmVjb3JkZWRWYWx1ZT0iMCIgQ29ycmVsYXRpb25CaW5kaW5nPSIiIFVybEVuY29kZT0iVHJ1ZSIgLz4NCiAgICAgICAgPEZvcm1Qb3N0UGFyYW1ldGVyIE5hbWU9Il9fVklFV1NUQVRFR0VORVJBVE9SIiBWYWx1ZT0ie3skSElEREVOMS5fX1ZJRVdTVEFURUdFTkVSQVRPUn19IiBSZWNvcmRlZFZhbHVlPSJDQTBCMDMzNCIgQ29ycmVsYXRpb25CaW5kaW5nPSIiIFVybEVuY29kZT0iVHJ1ZSIgLz4NCiAgICAgICAgPEZvcm1Qb3N0UGFyYW1ldGVyIE5hbWU9Il9fVklFV1NUQVRFRU5DUllQVEVEIiBWYWx1ZT0ie3skSElEREVOMS5fX1ZJRVdTVEFURUVOQ1JZUFRFRH19IiBSZWNvcmRlZFZhbHVlPSIiIENvcnJlbGF0aW9uQmluZGluZz0iIiBVcmxFbmNvZGU9IlRydWUiIC8+DQogICAgICA8L0Zvcm1Qb3N0SHR0cEJvZHk+DQogICAgPC9SZXF1ZXN0Pg0KICAgIDxDb21tZW50IENvbW1lbnRUZXh0PSJDbGlja19NeSBQcmVmZXJlbmNlcyIgLz4NCiAgICA8UmVxdWVzdCBNZXRob2Q9IlBPU1QiIEd1aWQ9ImQ1Zjk2YTlhLTAxOWItNDY0My1hZWNkLWVhNzQwMjkyODA3NiIgVmVyc2lvbj0iMS4xIiBVcmw9Imh0dHA6Ly9pbjAxYXB2MTE6ODEvZW4vZGFzaGJvYXJkLmFzcHgiIFRoaW5rVGltZT0iMCIgVGltZW91dD0iMzAwIiBQYXJzZURlcGVuZGVudFJlcXVlc3RzPSJUcnVlIiBGb2xsb3dSZWRpcmVjdHM9IlRydWUiIFJlY29yZFJlc3VsdD0iVHJ1ZSIgQ2FjaGU9IkZhbHNlIiBSZXNwb25zZVRpbWVHb2FsPSIwIiBFbmNvZGluZz0idXRmLTgiIEV4cGVjdGVkSHR0cFN0YXR1c0NvZGU9IjAiIEV4cGVjdGVkUmVzcG9uc2VVcmw9Imh0dHA6Ly9pbjAxYXB2MTE6ODEvZW4vbXlwcmVmZXJlbmNlcy5hc3B4IiBSZXBvcnRpbmdOYW1lPSIiIElnbm9yZUh0dHBTdGF0dXNDb2RlPSJGYWxzZSI+DQogICAgICA8SGVhZGVycz4NCiAgICAgICAgPEhlYWRlciBOYW1lPSJSZWZlcmVyIiBWYWx1ZT0iaHR0cDovL2luMDFhcHYxMTo4MS9lbi9kYXNoYm9hcmQuYXNweCIgLz4NCiAgICAgIDwvSGVhZGVycz4NCiAgICAgIDxGb3JtUG9zdEh0dHBCb2R5Pg0KICAgICAgICA8Rm9ybVBvc3RQYXJhbWV0ZXIgTmFtZT0iX19FVkVOVFRBUkdFVCIgVmFsdWU9Int7JEhJRERFTjEuX19FVkVOVFRBUkdFVH19IiBSZWNvcmRlZFZhbHVlPSJjdGwwMCRjdGwwMCRjdGwwMCRDb250ZW50UGxhY2VIb2xkZXJEZWZhdWx0JFRvcExvZ2dlZEluXzEkbG5iVG9wTG9nZ2VkSW5NeVByZWZlcmVuY2VzIiBDb3JyZWxhdGlvbkJpbmRpbmc9IiIgVXJsRW5jb2RlPSJUcnVlIiAvPg0KICAgICAgICA8Rm9ybVBvc3RQYXJhbWV0ZXIgTmFtZT0iX19FVkVOVEFSR1VNRU5UIiBWYWx1ZT0ie3skSElEREVOMS5fX0VWRU5UQVJHVU1FTlR9fSIgUmVjb3JkZWRWYWx1ZT0iIiBDb3JyZWxhdGlvbkJpbmRpbmc9IiIgVXJsRW5jb2RlPSJUcnVlIiAvPg0KICAgICAgICA8Rm9ybVBvc3RQYXJhbWV0ZXIgTmFtZT0iX19WSUVXU1RBVEUiIFZhbHVlPSJ7eyRISURERU4xLl9fVklFV1NUQVRFfX0iIFJlY29yZGVkVmFsdWU9Ii93RVBEd1VFTlRNNE1ROWtGZ0ptRDJRV0FtWVBaQllDWmc5a0ZnSm1EMlFXQWdJRER4WUdIZ1p2Ym14dllXUUZQMmxtS0hSNWNHVnZaaUJQYmtKaFkydENkWFIwYjI1RGJHbGpheUE5UFNBaVpuVnVZM1JwYjI0aUtTQlBia0poWTJ0Q2RYUjBiMjVEYkdsamF5Z3BPeDRLYjI1d1lXZGxjMmh2ZHdWVGFXWWdLR1YyWlc1MExuQmxjbk5wYzNSbFpDQW1KaUIwZVhCbGIyWWdUMjVDWVdOclFuVjBkRzl1UTJ4cFkyc2dQVDBnSW1aMWJtTjBhVzl1SWlrZ1QyNUNZV05yUW5WMGRHOXVRMnhwWTJzb0tUc2VDRzl1ZFc1c2IyRmtaUllDQWdFUVpHUVdDZ0lJRDJRV0FtWVBaQllTQWdJUEZRRlhRMjl1ZEdWdWRGQnNZV05sU0c5c1pHVnlSR1ZtWVhWc2RGOVViM0JNYjJkblpXUkpibDh4WDNCdWJFUnlZV2RoWW14bFYybHVaRzkzUTI5dWRHVnVkRjlKYm14cGJtVk5aWE56WVdkbFEyOXVkR0ZwYm1WeVpBSUREMlFXQWdJQkR3OFdBaDRFVkdWNGRBVUdURzluYjNWMFpHUUNCUThQRmdJZUIxWnBjMmxpYkdWblpCWUNBZ0VQRHhZR0hndE9ZWFpwWjJGMFpWVnliQVVVZmk5aFpHMXBiaTkzWld4amIyMWxMbUZ6Y0hnZkF3VU9RV1J0YVc1cGMzUnlZWFJwYjI0ZkJHZGtaQUlIRHc4V0FoOEVaMlFXQmdJQkR4WUNId01GQlVobGJHeHZaQUlERHhZQ0h3TUZGWEJ1ZEdWemRHWXdNREVnY0c1MFpYTjBiREF3TVdRQ0JROFdBaDRKYVc1dVpYSm9kRzFzQlExQlkyTnZkVzUwSUVsRUlEb2daQUlKRDJRV0NBSUJEeFlDSHdNRkF5b3FLbVFDQXc4UEZnSWZBMlZrWkFJRkR3OFdBaDhEQlJFb1ltVmpiMjFsSUhsdmRYSnpaV3htS1dSa0FnY1BGZ0lmQXdVREtpb3FaQUlORHc4V0FoOEVaMlFXQWdJQkR3OFdCQjhEQlF4TmVTQkVZWE5vWW05aGNtUWZCR2RrWkFJUER3OFdBaDhFWjJRV0FnSUJEdzhXQ0I0SVEzTnpRMnhoYzNNRkRXVm1RMjlzYjNKUGNtRnVaMlVmQXdVSlRYa2dUM0prWlhKekhnUmZJVk5DQWdJZkJHZGtaQUlSRHc4V0FoOEVaMlFXQWdJQkR3OFdCQjhEQlF4TmVTQkJaR1J5WlhOelpYTWZCR2RrWkFJVER3OFdBaDhFWjJRV0FnSUJEdzhXQkI4REJRNU5lU0JRY21WbVpYSmxibU5sY3g4RVoyUmtBZ29QWkJZQ1pnOFBGZ0lmQkdoa0ZnWUNBdzhQRmdJZkJRVWpMMlZ1TDJOb1pXTnJiM1YwTDNOMFpYQXhMbUZ6Y0hnL2JtOWtaVWxrUFRFeE16WmtaQUlGRHc5a0ZnSWVCR2h5WldZRkFTTmtBZ2tQRDJRV0FoNEZkR2wwYkdVRkJVeHZaMmx1RmdnQ0FROFBGZ1lmQXdVR1JXMWhhV3c2SHdjRkZ5QnlaWEYxYVhKbFpFWnBaV3hrUTJoaGNtRmpkR1Z5SHdnQ0FtUmtBZ2tQRHhZR0h3TUZBM3N3ZlI4SEJSY2djbVZ4ZFdseVpXUkdhV1ZzWkVOb1lYSmhZM1JsY2g4SUFnSmtaQUlSRHc4V0FoOEZCUmN2Wlc0dlptOXlaMjkwY0dGemMzZHZjbVF1WVhOd2VHUmtBaE1QRHhZQ0h3VUZJeTlsYmk5amFHVmphMjkxZEM5emRHVndNUzVoYzNCNFAyNXZaR1ZKWkQweE1UTTJaR1FDREE5a0ZnSm1EMlFXREFJSUR3OFdCQjhIQlExallYSjBMV2xqYjI1R2RXeHNId2dDQW1RV0FnSUJEdzhXQWg4RkJRMHZaVzR2WTJGeWRDNWhjM0I0WkdRQ0NnOFdBaDhEQlFreElFbDBaVzBvY3lsa0Fnd1BGZ0lmQXdVS09Ua3lMREF3SU9LQ3JHUUNEZzhQRmdJZkJHZGtGZ2dDQVE5a0ZnSUNBUThXQWg4REJSQk1ZWE4wSUdGa1pHVmtJR2wwWlcxelpBSUREeFlDSHdZRnlRUThaR2wySUdOc1lYTnpQU2RzWldaMEp6NDVObmRsYkd3Z1FXZGhjaUJRYkdGMFpUd3ZaR2wyUGp4a2FYWWdZMnhoYzNNOUozSnBaMmgwSno0OFlTQm9jbVZtUFNjakp5QnZibU5zYVdOclBTZFRhRzkzUkdsaGJHOW5LQ0k4Y0Q1RWJ5QjViM1VnY21WaGJHeDVJSGRoYm5RZ2RHOGdaR1ZzWlhSbElIUm9hWE1nYVhSbGJTaHpLVDg4TDNBK0lpeDdJa1JwWVd4dlowTnNZWE56SWpvaUlpd2lTR1ZwWjJoMElqb2lZWFYwYnlJc0lrMXZaR0ZzSWpwMGNuVmxMQ0pRYjNOcGRHbHZiaUk2SW1ObGJuUmxjaUlzSWxkcFpIUm9Jam9pTXpBd0lpd2lRMnh2YzJGaWJHVWlPblJ5ZFdVc0lsUnBkR3hsSWpvaVJHVnNaWFJsSWl3aVFuVjBkRzl1TVZSbGVIUWlPaUpaWlhNaUxDSkNkWFIwYjI0eVZHVjRkQ0k2SWs1dklpd2lRblYwZEc5dU1VTmhiR3hpWVdOcklqb2lSR1ZzWlhSbFQzSmtaWEpKZEdWdElpd2lRblYwZEc5dU1rTmhiR3hpWVdOcklqcHVkV3hzTENKQ2RYUjBiMjR4UTJGc2JHSmhZMnRRWVhKaGJXVjBaWEp6SWpvaWUxd2lTV1JjSWpvek5qSTBNemw5SWl3aVFuVjBkRzl1TWtOaGJHeGlZV05yVUdGeVlXMWxkR1Z5Y3lJNmJuVnNiQ3dpVW1WemFYcGhZbXhsSWpwbVlXeHpaU3dpUkhKaFoyZGhZbXhsSWpwbVlXeHpaU3dpUVhWMGIwOXdaVzRpT21aaGJITmxMQ0pCY0hCbGJtUlVieUk2SW1KdlpIa2lMQ0pOWVhoSVpXbG5hSFFpT2pRd01Dd2lUV0Y0VjJsa2RHZ2lPak13TUN3aVRXbHVTR1ZwWjJoMElqb3hOVEFzSWsxcGJsZHBaSFJvSWpveE5UQjlLVHNuUG5nOEwyRStQQzlrYVhZK0RRcGtBZ1VQRHhZRUh3VUZEUzlsYmk5allYSjBMbUZ6Y0hnZkF3VUVRMkZ5ZEdSa0FnY1BEeFlHSHdNRkNFTm9aV05yYjNWMEhnZEZibUZpYkdWa1p4OEVaeFlDSGdkUGJrTnNhV05yQlpjc2NtVjBkWEp1SUZaaGJHbGtZWFJsU1hSbGJYTlViME5vWldOclQzVjBUM0pSZFc5MFpTaDdJa05zYjNObFFuVjBkRzl1VkdWNGRDSTZJa05zYjNObElpd2lRV3hsY25STlpYTnpZV2RsVkdsMGJHVWlPaUpCYkdWeWRDQk5aWE56WVdkbElpd2lRMmhsWTJ0dmRYUlRkR0YwWlVWdWRXMGlPbnNpU1c1MllXeHBaQ0k2SWtsdWRtRnNhV1FpTENKUmRXOTBZV0pzWlU5dWJIa2lPaUpSZFc5MFlXSnNaVTl1YkhraUxDSlBjbVJsY21GaWJHVlBibXg1SWpvaVQzSmtaWEpoWW14bFQyNXNlU0lzSWs5eVpHVnlZV0pzWlVGdVpGRjFiM1JoWW14bElqb2lUM0prWlhKaFlteGxRVzVrVVhWdmRHRmliR1VpTENKT2IzUlBjbVJsY21GaWJHVkJibVJSZFc5MFlXSnNaU0k2SWs1dmRFOXlaR1Z5WVdKc1pVRnVaRkYxYjNSaFlteGxJaXdpVG05MFQzSmtaWEpoWW14bFFXNWtVWFZ2ZEdGaWJHVlhhWFJvU1c1MllXeHBaQ0k2SWs1dmRFOXlaR1Z5WVdKc1pVRnVaRkYxYjNSaFlteGxWMmwwYUVsdWRtRnNhV1FpTENKR1pYZFBjbVJsY21GaWJHVlBibXg1SWpvaVJtVjNUM0prWlhKaFlteGxUMjVzZVNJc0lrWmxkMDl5WkdWeVlXSnNaVUZ1WkVabGQxRjFiM1JoWW14bElqb2lSbVYzVDNKa1pYSmhZbXhsUVc1a1JtVjNVWFZ2ZEdGaWJHVWlMQ0pHWlhkUmRXOTBZV0pzWlU5dWJIbFhhWFJvU1c1MllXeHBaQ0k2SWtabGQxRjFiM1JoWW14bFQyNXNlVmRwZEdoSmJuWmhiR2xrSWl3aVJtVjNUM0prWlhKaFlteGxUMjVzZVZkcGRHaEpiblpoYkdsa0lqb2lSbVYzVDNKa1pYSmhZbXhsVDI1c2VWZHBkR2hKYm5aaGJHbGtJaXdpUm1WM1QzSmtaWEpoWW14bFFXNWtSbVYzVVhWdmRHRmliR1ZYYVhSb1NXNTJZV3hwWkNJNklrWmxkMDl5WkdWeVlXSnNaVUZ1WkVabGQxRjFiM1JoWW14bFYybDBhRWx1ZG1Gc2FXUWlMQ0pHWlhkUGNtUmxjbUZpYkdWQmJtUkJiR3hSZFc5MFlXSnNaU0k2SWtabGQwOXlaR1Z5WVdKc1pVRnVaRUZzYkZGMWIzUmhZbXhsSWl3aVFXeHNUM0prWlhKaFlteGxRVzVrUm1WM1VYVnZkR0ZpYkdVaU9pSkJiR3hQY21SbGNtRmliR1ZCYm1SR1pYZFJkVzkwWVdKc1pTSjlMQ0pKZEdWdFUzUmhkR1ZGYm5WdElqcDdJa2x1ZG1Gc2FXUWlPaUpKYm5aaGJHbGtJaXdpVVhWdmRHRmliR1ZQYm14NUlqb2lVWFZ2ZEdGaWJHVlBibXg1SWl3aVQzSmtaWEpoWW14bFQyNXNlU0k2SWs5eVpHVnlZV0pzWlU5dWJIa2lMQ0pQY21SbGNtRmliR1ZCYm1SUmRXOTBZV0pzWlNJNklrOXlaR1Z5WVdKc1pVRnVaRkYxYjNSaFlteGxJaXdpVG05MFQzSmtaWEpoWW14bFFXNWtVWFZ2ZEdGaWJHVWlPaUpPYjNSUGNtUmxjbUZpYkdWQmJtUlJkVzkwWVdKc1pTSXNJazV2ZEU5eVpHVnlZV0pzWlVGdVpGRjFiM1JoWW14bFYybDBhRWx1ZG1Gc2FXUWlPaUpPYjNSUGNtUmxjbUZpYkdWQmJtUlJkVzkwWVdKc1pWZHBkR2hKYm5aaGJHbGtJaXdpUm1WM1QzSmtaWEpoWW14bFQyNXNlU0k2SWtabGQwOXlaR1Z5WVdKc1pVOXViSGtpTENKR1pYZFBjbVJsY21GaWJHVkJibVJHWlhkUmRXOTBZV0pzWlNJNklrWmxkMDl5WkdWeVlXSnNaVUZ1WkVabGQxRjFiM1JoWW14bElpd2lSbVYzVVhWdmRHRmliR1ZQYm14NVYybDBhRWx1ZG1Gc2FXUWlPaUpHWlhkUmRXOTBZV0pzWlU5dWJIbFhhWFJvU1c1MllXeHBaQ0lzSWtabGQwOXlaR1Z5WVdKc1pVOXViSGxYYVhSb1NXNTJZV3hwWkNJNklrWmxkMDl5WkdWeVlXSnNaVTl1YkhsWGFYUm9TVzUyWVd4cFpDSXNJa1psZDA5eVpHVnlZV0pzWlVGdVpFWmxkMUYxYjNSaFlteGxWMmwwYUVsdWRtRnNhV1FpT2lKR1pYZFBjbVJsY21GaWJHVkJibVJHWlhkUmRXOTBZV0pzWlZkcGRHaEpiblpoYkdsa0lpd2lSbVYzVDNKa1pYSmhZbXhsUVc1a1FXeHNVWFZ2ZEdGaWJHVWlPaUpHWlhkUGNtUmxjbUZpYkdWQmJtUkJiR3hSZFc5MFlXSnNaU0lzSWtGc2JFOXlaR1Z5WVdKc1pVRnVaRVpsZDFGMWIzUmhZbXhsSWpvaVFXeHNUM0prWlhKaFlteGxRVzVrUm1WM1VYVnZkR0ZpYkdVaWZTd2lhR1J1Um1sbGJHUlRaV3hsWTNSbFpFOXlaR1Z5U1hSbGJVTm9aV05yYjNWMFUzUmhkR1Z6UTJ4cFpXNTBTV1FpT2lKRGIyNTBaVzUwVUd4aFkyVkliMnhrWlhKRVpXWmhkV3gwWDBOaGNuUlBkbVZ5ZG1sbGQxOHpYMmhrYmtacFpXeGtVMlZzWldOMFpXUlBjbVJsY2tsMFpXMURhR1ZqYTI5MWRGTjBZWFJsY3lJc0ltaGtia1pwWld4a1UyVnNaV04wWldSSmRHVnRTV1J6UTJ4cFpXNTBTV1FpT2lKRGIyNTBaVzUwVUd4aFkyVkliMnhrWlhKRVpXWmhkV3gwWDBOaGNuUlBkbVZ5ZG1sbGQxOHpYMmhrYmtacFpXeGtVMlZzWldOMFpXUkpkR1Z0U1dSeklpd2lUM0prWlhKVFpXeGxZM1JsWkZCeWIyUjFZM1J6SWpveExDSkRiMjVtYVhKdFlYUnBiMjVVYVhSc1pWSmxjMjkxY21ObElqb2lRMjl1Wm1seWJXRjBhVzl1SWl3aVVISnZZMlZsWkVKMWRIUnZibFJsZUhRaU9pSlFjbTlqWldWa0lpd2lVSEp2WTJWbFpFSjFkSFJ2YmtOaGJHeGlZV05ySWpvaVZtRnNhV1JoZEdWSmRHVnRjMVJ2UTJobFkydFBkWFJQY2xGMWIzUmxJaXdpU1c1MllXeHBaRWwwWlcxelUyVnNaV04wWldSR2IzSkRhR1ZqYTI5MWRGSmxjMjkxY21ObElqb2lWR2hsY21VZ1lYSmxJSE52YldVZ2FXNTJZV3hwWkNCcGRHVnRjeUJqYUc5elpXNGdabTl5SUdOb1pXTnJiM1YwSWl3aVRtOVBjbVJsY21GaWJHVkpkR1Z0YzFObGJHVmpkR1ZrUm05eVEyaGxZMnR2ZFhSU1pYTnZkWEpqWlNJNklrNXZJSFpoYkdsa0lHOXlaR1Z5WVdKc1pTQnBkR1Z0Y3lCaGNtVWdZMmh2YzJWdUlHWnZjaUJ2Y21SbGNpQndjbTlqWlhOeklpd2lUbTlSZFc5MFlXSnNaVWwwWlcxelUyVnNaV04wWldSR2IzSkRhR1ZqYTI5MWRGSmxjMjkxY21ObElqb2lUbThnZG1Gc2FXUWdjWFZ2ZEdGaWJHVWdhWFJsYlhNZ1lYSmxJR05vYjNObGJpQm1iM0lnY1hWdmRHVWdjSEp2WTJWemN5SXNJazl5WkdWeVlXSnNaVUZ1WkU1dmJrOXlaR1Z5WVdKc1pVbDBaVzF6VTJWc1pXTjBaV1JHYjNKRGFHVmphMjkxZEZKbGMyOTFjbU5sSWpvaVdXOTFJR05oYmlCbGFYUm9aWElnSjNCeWIyTmxaV1FuSUhkcGRHZ2diM0prWlhJZ2NISnZZMlZ6Y3lCdlppQjBhR1VnYjNKa1pYSmhZbXhsSUdsMFpXMXpJRzl5SUdWa2FYUWdkR2hsSUc1dmJpMXZjbVJsY21GaWJHVWdhWFJsYlhNaUxDSlJkVzkwWVdKc1pVRnVaRTV2YmxGMWIzUmhZbXhsU1hSbGJYTlRaV3hsWTNSbFpFWnZja05vWldOcmIzVjBVbVZ6YjNWeVkyVWlPaUpaYjNVZ1kyRnVJR1ZwZEdobGNpQW5jSEp2WTJWbFpDY2dkMmwwYUNCeGRXOTBaU0J3Y205alpYTnpJRzltSUhSb1pTQnhkVzkwWVdKc1pTQnBkR1Z0Y3lCdmNpQmxaR2wwSUhSb1pTQnViMjR0Y1hWdmRHRmliR1VnYVhSbGJYTWlMQ0pSZFc5MFpWTmxiR1ZqZEdWa1VISnZaSFZqZEhNaU9qSXNJazV2U1hSbGJYTlRaV3hsWTNSbFpDSTZJazV2SUVsMFpXMXpJRk5sYkdWamRHVmtMaUJRYkdWaGMyVWdZMmh2YjNObElHOXVaU0FvYjNJcElHMXZjbVVnYVhSbGJYTWdkRzhnY0dWeVptOXliU0IwYUdVZ1lXTjBhVzl1TGlJc0lrTmhjblJCWTNScGIyNUVaV3hsZEdWVFpXeGxZM1JsWkZCeWIyUjFZM1J6SWpvMUxDSlhhWE5vVEdsemRFRmpkR2x2Ym5ORVpXeGxkR1ZUWld4bFkzUmxaRkJ5YjJSMVkzUnpJam95TENKRVpXeGxkR1ZEYjI1bWFYSnRZWFJwYjI1TlpYTnpZV2RsVW1WemIzVnlZMlVpT2lJOGNENUVieUI1YjNVZ2NtVmhiR3g1SUhkaGJuUWdkRzhnWkdWc1pYUmxJSFJvYVhNZ2FYUmxiU2h6S1Q4OEwzQStJaXdpUkdWc1pYUmxRMjl1Wm1seWJXRjBhVzl1VG05Q2RYUjBiMjVTWlhOdmRYSmpaU0k2SWs1dklpd2lSR1ZzWlhSbFEyOXVabWx5YldGMGFXOXVXV1Z6UW5WMGRHOXVVbVZ6YjNWeVkyVWlPaUpaWlhNaUxDSkVaV3hsZEdWRGIyNW1hWEp0WVhScGIyNUlaV0ZrWlhKVVpYaDBVbVZ6YjNWeVkyVWlPaUpFWld4bGRHVWlMQ0pEWVhKMFFXTjBhVzl1SWpveExDSkRhR1ZqYTI5MWRFSjFkSFJ2YmxOamNtbHdkQ0k2Ym5Wc2JDd2lRMmhsWTJ0dmRYUlRaWEYxWlc1amFXNW5RVzVrVUhKcGJXVnlVRzl3ZFhCTlpYTnpZV2RsU0dWaFpHVnlJam9pSWl3aVEyaGxZMnR2ZFhSVFpYRjFaVzVqYVc1blFXNWtVSEpwYldWeVVHOXdkWEJOWlhOellXZGxTR1ZoWkdWeVNXNW1iM0p0WVhScGIyNGlPaUpKZENCcGN5QnViM1FnY0c5emMybGliR1VnZEc4Z1kyaGxZMnR2ZFhRZ0x5QnhkVzkwWlNCelpYRjFaVzVqYVc1bklISmxZV04wYVc5dWN5QjNhWFJvYjNWMElIQnlhVzFsY25NZ2QyaHBZMmdnWVhKbElHRnpjMjlqYVdGMFpXUWdkRzhnYzJWc1pXTjBaV1FnYzJWeGRXVnVZMmx1WnlCcGRHVnRjeUJwYmlCMGFHbHpJRzl5WkdWeU9pQThMMkp5UGp3dlluSStJaXdpUTJobFkydHZkWFJUWlhGMVpXNWphVzVuUVc1a1VISnBiV1Z5VUc5d2RYQk5aWE56WVdkbFJtOXZkR1Z5U1c1bWIzSnRZWFJwYjI0aU9pSWlMQ0pEYUdWamEyOTFkRk5sY1hWbGJtTnBibWRCYm1SUWNtbHRaWEpRYjNCMWNFMWxjM05oWjJWRGJHOXpaVUoxZEhSdmJsUmxlSFFpT2lJaUxDSkRhR1ZqYTI5MWRGTmxjWFZsYm1OcGJtZEJibVJRY21sdFpYSlFiM0IxY0VadmNtMWhkRTFsYzNOaFoyVWlPaUlpTENKRGFHVmphMjkxZEZCeWFXMWxja0ZzYjI1bFVHOXdkWEJOWlhOellXZGxRMnh2YzJWQ2RYUjBiMjVVWlhoMElqb2lJaXdpUTJobFkydHZkWFJRY21sdFpYSkJiRzl1WlZCdmNIVndUV1Z6YzJGblpTSTZJbEJ5YVcxbGNpQmhiRzl1WlNCallXNXViM1FnWW1VZ1kyaGxZMnRsWkNCdmRYUXVJRkJzWldGelpTQnpaV3hsWTNRZ1lYUnNaV0Z6ZENCdmJtVWdZWE56YjJOcFlYUmxaQ0J6WlhGMVpXNWphVzVuSUVsMFpXMHVJaXdpUTJobFkydHZkWFJRY21sdFpYSkJiRzl1WlZCdmNIVndUV1Z6YzJGblpVaGxZV1JsY2lJNklsQnNaV0Z6WlNCT2IzUmxJaXdpUW1GeVEyOWtaVlpoYkdsa1lYUnBiMjVRYjNCMWNFTnNiM05sUW5WMGRHOXVWR1Y0ZENJNklrOXJJaXdpUW1GeVEyOWtaVlpoYkdsa1lYUnBiMjVRYjNCMWNFMWxjM05oWjJVaU9pSkNZWEpqYjJSbElHWnZjaUJUWld4bFkzUmxaQ0JKZEdWdElHbHpJR2x1ZG1Gc2FXUWlMQ0pDWVhKRGIyUmxWbUZzYVdSaGRHbHZibEJ2Y0hWd1RXVnpjMkZuWlVobFlXUmxjaUk2SWxCc1pXRnpaU0JPYjNSbElpd2lVMkZ0WlVSaGVVUmxiR2wyWlhKNVZtRnNhV1JoZEdsdmJsQnZjSFZ3UjI5Q1lXTnJRblYwZEc5dVZHVjRkQ0k2SWxkaGFYUWdkVzUwYVd3Z1lXeHNJRTl5WkdWeWN5QmhjbVVnWm1sdWFYTm9aV1FnZEc4Z1UyaHBjQ0J2Ym1ObElpd2lVMkZ0WlVSaGVVUmxiR2wyWlhKNVZtRnNhV1JoZEdsdmJsQnZjSFZ3UTJobFkydHZkWFJDZFhSMGIyNVVaWGgwSWpvaVEyaGxZMnR2ZFhRZ1UyRnRaU0JFWVhrZ1QyeHBaMjl6SUU5dWJIa2lMQ0pUWVcxbFJHRjVSR1ZzYVhabGNubFdZV3hwWkdGMGFXOXVVRzl3ZFhCTlpYTnpZV2RsU0dWaFpHVnlJam9pVUd4bFlYTmxJSE5sYkdWamRDSXNJbE5oYldWRVlYbEVaV3hwZG1WeWVWWmhiR2xrWVhScGIyNVFiM0IxY0UxbGMzTmhaMlZFWlhOamNtbHdkR2x2YmlJNklsbHZkWElnWTJGeWRDQmpiMjUwWVdsdWN5QnpZVzFsSUdSaGVTQnZiR2xuYjNNc0lIZG9hV05vSUc1bFpXUWdkRzhnWW1VZ1kyaGxZMnRsWkNCdmRYUWdjMlZ3WlhKaGRHVnNlU0JwYmlCdmNtUmxjaUIwYnlCbGJuTjFjbVVnZEdobElHWmhjM1JsYzNRZ1pHVnNhWFpsY25rdUlGUm9aU0J2ZEdobGNpQnBkR1Z0Y3lCM2FXeHNJR0psSUhkaGFYUnBibWNnYVc0Z2VXOTFjaUJqWVhKMElIZG9aVzRnZVc5MUlISmxkSFZ5YmlCc1lYUmxjaTRnUEhOd1lXNGdZMnhoYzNNOVhDSjBiMjlzZEdsd1gyUnBZV3h2WjF3aUlIUnBkR3hsUFZ3aVJYaHdiR0ZwYmlCaWRYUjBiMjRnWkdWelkzSnBjSFJwYjI0Z2FHVnlaU0J2Ym14NVhDSWdQand2YzNCaGJqNGlMQ0pTWlhWelpXUkpkR1Z0YzFaaGJHbGtZWFJwYjI1UWIzQjFjRU5zYjNObFFuVjBkRzl1VkdWNGRDSTZJazlySWl3aVVtVjFjMlZrU1hSbGJYTldZV3hwWkdGMGFXOXVVRzl3ZFhCTlpYTnpZV2RsSWpvaVQyOXdjeUFoSUZOdmJXVWdiM0lnWVd4c0lHOW1JSE5sYkdWamRHVmtJSEpsZFhObFpDQnBkR1Z0SjNNZ2IzSnBaMmx1WVd3Z1kyOXVkR0ZwYm1WeWN5QmhjbVVnWlhod2FYSmxaQzRnV1c5MWNpQmpZWEowSUhkcGJHd2dZbVVnZFhCa1lYUmxaQ0JoZFhSdmJXRjBhV05oYkd4NUlHRnVaQ0JqWVhKMElIZHBiR3dnWW1VZ2NtVnNiMkZrWldRdUlFVjRjR2x5WldRZ2FYUmxiU0JPWVcxbGN5QmhjbVVnTFQ0aUxDSlNaWFZ6WldSSmRHVnRjMVpoYkdsa1lYUnBiMjVRYjNCMWNFMWxjM05oWjJWSVpXRmtaWElpT2lKUWJHVmhjMlVnVG05MFpTSXNJa1Y0Y0dseVpXUlFjbWx0WlhKUWIzQjFjRU5zYjNObFFuVjBkRzl1VkdWNGRDSTZJazlySWl3aVJYaHdhWEpsWkZCeWFXMWxjbEJ2Y0hWd1RXVnpjMkZuWlZSbGVIUWlPaUpRY21sdFpYSWdhWE1nWlhod2FYSmxaQ0JtYjNJZ2RHaGxJRzl1WlNCdlppQjBhR1VnYzJWc1pYUmxaQ0J6WlhGMVpXNWphVzVuSUdsMFpXMHVJSEJzWldGelpTQnpaV3hsWTNRZ1lXNXZkR2hsY2lCd2NtbHRaWElnYjNJZ2IzSmtaWElnYm1WM0lIQnlhVzFsY2k0aUxDSkZlSEJwY21Wa1VISnBiV1Z5VUc5d2RYQk5aWE56WVdkbFNHVmhaR1Z5VkdWNGRDSTZJbEJzWlhObElFNXZkR1VpTENKRFlYSjBVR0ZuWlZWU1RDSTZJaTlsYmk5allYSjBMbUZ6Y0hnaUxDSk5hVzVwYlhWdFVHeGhkR1ZUWVcxd2JHVnpVR1Z5UTJobFkydHZkWFFpT2pRNExDSlFiR0YwWlZOaGJYQnNaVU52ZFc1MElqcHVkV3hzTENKSmMxTnBibWRzWlZCc1lYUmxWMmwwYUZaaGJHbGtVMkZ0Y0d4bFEyOTFiblFpT21aaGJITmxMQ0pOYVc1UWJHRjBaVk5oYlhCc1pYTlFiM0IxY0VadmNtMWhkRTFsYzNOaFoyVWlPaUlpTENKTmFXNVFiR0YwWlZOaGJYQnNaWE5RYjNCMWNFWnZjbTFoZEUxbGMzTmhaMlZEYkc5elpVSjFkSFJ2YmxSbGVIUWlPaUlpTENKTmFXNVFiR0YwWlZOaGJYQnNaWE5RYjNCMWNFWnZjbTFoZEUxbGMzTmhaMlZJWldGa1pYSWlPaUlpTENKTllYaHBiWFZ0VG5WdFltVnlUMlpRYkdGMFpYTlFaWEpEYUdWamEyOTFkQ0k2TXl3aVVHeGhkR1Z6UTI5MWJuUkdiM0pEZFhKeVpXNTBUM0prWlhJaU9tNTFiR3dzSWsxaGVHbHRkVzFRYkdGMFpYTlFaWEpEYUdWamEyOTFkRkJ2Y0hWd1JtOXliV0YwVFdWemMyRm5aU0k2SWsxaGVHbHRkVzBnTXlCd2JHRjBaWE1nWVhKbElHVnNhV2RwWW14bElIUnZJR05vWldOcmIzVjBJSEJsY2lCdmNtUmxjaUJtYjNJZ2NHeGhkR1VnYzJWeGRXVnVZMmx1WnlCcGRHVnRjeTRnVUd4bFlYTmxJRzF2WkdsbWVTQjViM1Z5SUhObGJHVmpkR2x2YmlCaFkyTnZjbVJwYm1kc2VTNGlMQ0pOWVhocGJYVnRVR3hoZEdWelVHVnlRMmhsWTJ0dmRYUlFiM0IxY0VadmNtMWhkRTFsYzNOaFoyVkRiRzl6WlVKMWRIUnZibFJsZUhRaU9pSlBheUlzSWsxaGVHbHRkVzFRYkdGMFpYTlFaWEpEYUdWamEyOTFkRVp2Y20xaGRFMWxjM05oWjJWSVpXRmtaWElpT2lKUWJHVmhjMlVnVG05MFpTSXNJbEJ2YzNSQ1lXTnJSV3hsYldWdWRGVnVhWEYxWlVsa0lqb2lZM1JzTURBa1kzUnNNREFrWTNSc01EQWtRMjl1ZEdWdWRGQnNZV05sU0c5c1pHVnlSR1ZtWVhWc2RDUkRZWEowVDNabGNuWnBaWGRmTXlSc2JtdERhR1ZqYTI5MWRDSXNJa1YyWlc1MFFYSm5kVzFsYm5RaU9pSWlmU3dnZEdocGN5azdaQUlRRHc4V0JCOEZCUTB2Wlc0dlkyRnlkQzVoYzNCNEh3TUZCRU5oY25Sa1pBSVNEdzhXQWg4REJRaERhR1ZqYTI5MWRCWUNId3dGbHl4eVpYUjFjbTRnVm1Gc2FXUmhkR1ZKZEdWdGMxUnZRMmhsWTJ0UGRYUlBjbEYxYjNSbEtIc2lRMnh2YzJWQ2RYUjBiMjVVWlhoMElqb2lRMnh2YzJVaUxDSkJiR1Z5ZEUxbGMzTmhaMlZVYVhSc1pTSTZJa0ZzWlhKMElFMWxjM05oWjJVaUxDSkRhR1ZqYTI5MWRGTjBZWFJsUlc1MWJTSTZleUpKYm5aaGJHbGtJam9pU1c1MllXeHBaQ0lzSWxGMWIzUmhZbXhsVDI1c2VTSTZJbEYxYjNSaFlteGxUMjVzZVNJc0lrOXlaR1Z5WVdKc1pVOXViSGtpT2lKUGNtUmxjbUZpYkdWUGJteDVJaXdpVDNKa1pYSmhZbXhsUVc1a1VYVnZkR0ZpYkdVaU9pSlBjbVJsY21GaWJHVkJibVJSZFc5MFlXSnNaU0lzSWs1dmRFOXlaR1Z5WVdKc1pVRnVaRkYxYjNSaFlteGxJam9pVG05MFQzSmtaWEpoWW14bFFXNWtVWFZ2ZEdGaWJHVWlMQ0pPYjNSUGNtUmxjbUZpYkdWQmJtUlJkVzkwWVdKc1pWZHBkR2hKYm5aaGJHbGtJam9pVG05MFQzSmtaWEpoWW14bFFXNWtVWFZ2ZEdGaWJHVlhhWFJvU1c1MllXeHBaQ0lzSWtabGQwOXlaR1Z5WVdKc1pVOXViSGtpT2lKR1pYZFBjbVJsY21GaWJHVlBibXg1SWl3aVJtVjNUM0prWlhKaFlteGxRVzVrUm1WM1VYVnZkR0ZpYkdVaU9pSkdaWGRQY21SbGNtRmliR1ZCYm1SR1pYZFJkVzkwWVdKc1pTSXNJa1psZDFGMWIzUmhZbXhsVDI1c2VWZHBkR2hKYm5aaGJHbGtJam9pUm1WM1VYVnZkR0ZpYkdWUGJteDVWMmwwYUVsdWRtRnNhV1FpTENKR1pYZFBjbVJsY21GaWJHVlBibXg1VjJsMGFFbHVkbUZzYVdRaU9pSkdaWGRQY21SbGNtRmliR1ZQYm14NVYybDBhRWx1ZG1Gc2FXUWlMQ0pHWlhkUGNtUmxjbUZpYkdWQmJtUkdaWGRSZFc5MFlXSnNaVmRwZEdoSmJuWmhiR2xrSWpvaVJtVjNUM0prWlhKaFlteGxRVzVrUm1WM1VYVnZkR0ZpYkdWWGFYUm9TVzUyWVd4cFpDSXNJa1psZDA5eVpHVnlZV0pzWlVGdVpFRnNiRkYxYjNSaFlteGxJam9pUm1WM1QzSmtaWEpoWW14bFFXNWtRV3hzVVhWdmRHRmliR1VpTENKQmJHeFBjbVJsY21GaWJHVkJibVJHWlhkUmRXOTBZV0pzWlNJNklrRnNiRTl5WkdWeVlXSnNaVUZ1WkVabGQxRjFiM1JoWW14bEluMHNJa2wwWlcxVGRHRjBaVVZ1ZFcwaU9uc2lTVzUyWVd4cFpDSTZJa2x1ZG1Gc2FXUWlMQ0pSZFc5MFlXSnNaVTl1YkhraU9pSlJkVzkwWVdKc1pVOXViSGtpTENKUGNtUmxjbUZpYkdWUGJteDVJam9pVDNKa1pYSmhZbXhsVDI1c2VTSXNJazl5WkdWeVlXSnNaVUZ1WkZGMWIzUmhZbXhsSWpvaVQzSmtaWEpoWW14bFFXNWtVWFZ2ZEdGaWJHVWlMQ0pPYjNSUGNtUmxjbUZpYkdWQmJtUlJkVzkwWVdKc1pTSTZJazV2ZEU5eVpHVnlZV0pzWlVGdVpGRjFiM1JoWW14bElpd2lUbTkwVDNKa1pYSmhZbXhsUVc1a1VYVnZkR0ZpYkdWWGFYUm9TVzUyWVd4cFpDSTZJazV2ZEU5eVpHVnlZV0pzWlVGdVpGRjFiM1JoWW14bFYybDBhRWx1ZG1Gc2FXUWlMQ0pHWlhkUGNtUmxjbUZpYkdWUGJteDVJam9pUm1WM1QzSmtaWEpoWW14bFQyNXNlU0lzSWtabGQwOXlaR1Z5WVdKc1pVRnVaRVpsZDFGMWIzUmhZbXhsSWpvaVJtVjNUM0prWlhKaFlteGxRVzVrUm1WM1VYVnZkR0ZpYkdVaUxDSkdaWGRSZFc5MFlXSnNaVTl1YkhsWGFYUm9TVzUyWVd4cFpDSTZJa1psZDFGMWIzUmhZbXhsVDI1c2VWZHBkR2hKYm5aaGJHbGtJaXdpUm1WM1QzSmtaWEpoWW14bFQyNXNlVmRwZEdoSmJuWmhiR2xrSWpvaVJtVjNUM0prWlhKaFlteGxUMjVzZVZkcGRHaEpiblpoYkdsa0lpd2lSbVYzVDNKa1pYSmhZbXhsUVc1a1JtVjNVWFZ2ZEdGaWJHVlhhWFJvU1c1MllXeHBaQ0k2SWtabGQwOXlaR1Z5WVdKc1pVRnVaRVpsZDFGMWIzUmhZbXhsVjJsMGFFbHVkbUZzYVdRaUxDSkdaWGRQY21SbGNtRmliR1ZCYm1SQmJHeFJkVzkwWVdKc1pTSTZJa1psZDA5eVpHVnlZV0pzWlVGdVpFRnNiRkYxYjNSaFlteGxJaXdpUVd4c1QzSmtaWEpoWW14bFFXNWtSbVYzVVhWdmRHRmliR1VpT2lKQmJHeFBjbVJsY21GaWJHVkJibVJHWlhkUmRXOTBZV0pzWlNKOUxDSm9aRzVHYVdWc1pGTmxiR1ZqZEdWa1QzSmtaWEpKZEdWdFEyaGxZMnR2ZFhSVGRHRjBaWE5EYkdsbGJuUkpaQ0k2SWtOdmJuUmxiblJRYkdGalpVaHZiR1JsY2tSbFptRjFiSFJmUTJGeWRFOTJaWEoyYVdWM1h6TmZhR1J1Um1sbGJHUlRaV3hsWTNSbFpFOXlaR1Z5U1hSbGJVTm9aV05yYjNWMFUzUmhkR1Z6SWl3aWFHUnVSbWxsYkdSVFpXeGxZM1JsWkVsMFpXMUpaSE5EYkdsbGJuUkpaQ0k2SWtOdmJuUmxiblJRYkdGalpVaHZiR1JsY2tSbFptRjFiSFJmUTJGeWRFOTJaWEoyYVdWM1h6TmZhR1J1Um1sbGJHUlRaV3hsWTNSbFpFbDBaVzFKWkhNaUxDSlBjbVJsY2xObGJHVmpkR1ZrVUhKdlpIVmpkSE1pT2pFc0lrTnZibVpwY20xaGRHbHZibFJwZEd4bFVtVnpiM1Z5WTJVaU9pSkRiMjVtYVhKdFlYUnBiMjRpTENKUWNtOWpaV1ZrUW5WMGRHOXVWR1Y0ZENJNklsQnliMk5sWldRaUxDSlFjbTlqWldWa1FuVjBkRzl1UTJGc2JHSmhZMnNpT2lKV1lXeHBaR0YwWlVsMFpXMXpWRzlEYUdWamEwOTFkRTl5VVhWdmRHVWlMQ0pKYm5aaGJHbGtTWFJsYlhOVFpXeGxZM1JsWkVadmNrTm9aV05yYjNWMFVtVnpiM1Z5WTJVaU9pSlVhR1Z5WlNCaGNtVWdjMjl0WlNCcGJuWmhiR2xrSUdsMFpXMXpJR05vYjNObGJpQm1iM0lnWTJobFkydHZkWFFpTENKT2IwOXlaR1Z5WVdKc1pVbDBaVzF6VTJWc1pXTjBaV1JHYjNKRGFHVmphMjkxZEZKbGMyOTFjbU5sSWpvaVRtOGdkbUZzYVdRZ2IzSmtaWEpoWW14bElHbDBaVzF6SUdGeVpTQmphRzl6Wlc0Z1ptOXlJRzl5WkdWeUlIQnliMk5sYzNNaUxDSk9iMUYxYjNSaFlteGxTWFJsYlhOVFpXeGxZM1JsWkVadmNrTm9aV05yYjNWMFVtVnpiM1Z5WTJVaU9pSk9ieUIyWVd4cFpDQnhkVzkwWVdKc1pTQnBkR1Z0Y3lCaGNtVWdZMmh2YzJWdUlHWnZjaUJ4ZFc5MFpTQndjbTlqWlhOeklpd2lUM0prWlhKaFlteGxRVzVrVG05dVQzSmtaWEpoWW14bFNYUmxiWE5UWld4bFkzUmxaRVp2Y2tOb1pXTnJiM1YwVW1WemIzVnlZMlVpT2lKWmIzVWdZMkZ1SUdWcGRHaGxjaUFuY0hKdlkyVmxaQ2NnZDJsMGFDQnZjbVJsY2lCd2NtOWpaWE56SUc5bUlIUm9aU0J2Y21SbGNtRmliR1VnYVhSbGJYTWdiM0lnWldScGRDQjBhR1VnYm05dUxXOXlaR1Z5WVdKc1pTQnBkR1Z0Y3lJc0lsRjFiM1JoWW14bFFXNWtUbTl1VVhWdmRHRmliR1ZKZEdWdGMxTmxiR1ZqZEdWa1JtOXlRMmhsWTJ0dmRYUlNaWE52ZFhKalpTSTZJbGx2ZFNCallXNGdaV2wwYUdWeUlDZHdjbTlqWldWa0p5QjNhWFJvSUhGMWIzUmxJSEJ5YjJObGMzTWdiMllnZEdobElIRjFiM1JoWW14bElHbDBaVzF6SUc5eUlHVmthWFFnZEdobElHNXZiaTF4ZFc5MFlXSnNaU0JwZEdWdGN5SXNJbEYxYjNSbFUyVnNaV04wWldSUWNtOWtkV04wY3lJNk1pd2lUbTlKZEdWdGMxTmxiR1ZqZEdWa0lqb2lUbThnU1hSbGJYTWdVMlZzWldOMFpXUXVJRkJzWldGelpTQmphRzl2YzJVZ2IyNWxJQ2h2Y2lrZ2JXOXlaU0JwZEdWdGN5QjBieUJ3WlhKbWIzSnRJSFJvWlNCaFkzUnBiMjR1SWl3aVEyRnlkRUZqZEdsdmJrUmxiR1YwWlZObGJHVmpkR1ZrVUhKdlpIVmpkSE1pT2pVc0lsZHBjMmhNYVhOMFFXTjBhVzl1YzBSbGJHVjBaVk5sYkdWamRHVmtVSEp2WkhWamRITWlPaklzSWtSbGJHVjBaVU52Ym1acGNtMWhkR2x2YmsxbGMzTmhaMlZTWlhOdmRYSmpaU0k2SWp4d1BrUnZJSGx2ZFNCeVpXRnNiSGtnZDJGdWRDQjBieUJrWld4bGRHVWdkR2hwY3lCcGRHVnRLSE1wUHp3dmNENGlMQ0pFWld4bGRHVkRiMjVtYVhKdFlYUnBiMjVPYjBKMWRIUnZibEpsYzI5MWNtTmxJam9pVG04aUxDSkVaV3hsZEdWRGIyNW1hWEp0WVhScGIyNVpaWE5DZFhSMGIyNVNaWE52ZFhKalpTSTZJbGxsY3lJc0lrUmxiR1YwWlVOdmJtWnBjbTFoZEdsdmJraGxZV1JsY2xSbGVIUlNaWE52ZFhKalpTSTZJa1JsYkdWMFpTSXNJa05oY25SQlkzUnBiMjRpT2pFc0lrTm9aV05yYjNWMFFuVjBkRzl1VTJOeWFYQjBJanB1ZFd4c0xDSkRhR1ZqYTI5MWRGTmxjWFZsYm1OcGJtZEJibVJRY21sdFpYSlFiM0IxY0UxbGMzTmhaMlZJWldGa1pYSWlPaUlpTENKRGFHVmphMjkxZEZObGNYVmxibU5wYm1kQmJtUlFjbWx0WlhKUWIzQjFjRTFsYzNOaFoyVklaV0ZrWlhKSmJtWnZjbTFoZEdsdmJpSTZJa2wwSUdseklHNXZkQ0J3YjNOemFXSnNaU0IwYnlCamFHVmphMjkxZENBdklIRjFiM1JsSUhObGNYVmxibU5wYm1jZ2NtVmhZM1JwYjI1eklIZHBkR2h2ZFhRZ2NISnBiV1Z5Y3lCM2FHbGphQ0JoY21VZ1lYTnpiMk5wWVhSbFpDQjBieUJ6Wld4bFkzUmxaQ0J6WlhGMVpXNWphVzVuSUdsMFpXMXpJR2x1SUhSb2FYTWdiM0prWlhJNklEd3ZZbkkrUEM5aWNqNGlMQ0pEYUdWamEyOTFkRk5sY1hWbGJtTnBibWRCYm1SUWNtbHRaWEpRYjNCMWNFMWxjM05oWjJWR2IyOTBaWEpKYm1admNtMWhkR2x2YmlJNklpSXNJa05vWldOcmIzVjBVMlZ4ZFdWdVkybHVaMEZ1WkZCeWFXMWxjbEJ2Y0hWd1RXVnpjMkZuWlVOc2IzTmxRblYwZEc5dVZHVjRkQ0k2SWlJc0lrTm9aV05yYjNWMFUyVnhkV1Z1WTJsdVowRnVaRkJ5YVcxbGNsQnZjSFZ3Um05eWJXRjBUV1Z6YzJGblpTSTZJaUlzSWtOb1pXTnJiM1YwVUhKcGJXVnlRV3h2Ym1WUWIzQjFjRTFsYzNOaFoyVkRiRzl6WlVKMWRIUnZibFJsZUhRaU9pSWlMQ0pEYUdWamEyOTFkRkJ5YVcxbGNrRnNiMjVsVUc5d2RYQk5aWE56WVdkbElqb2lVSEpwYldWeUlHRnNiMjVsSUdOaGJtNXZkQ0JpWlNCamFHVmphMlZrSUc5MWRDNGdVR3hsWVhObElITmxiR1ZqZENCaGRHeGxZWE4wSUc5dVpTQmhjM052WTJsaGRHVmtJSE5sY1hWbGJtTnBibWNnU1hSbGJTNGlMQ0pEYUdWamEyOTFkRkJ5YVcxbGNrRnNiMjVsVUc5d2RYQk5aWE56WVdkbFNHVmhaR1Z5SWpvaVVHeGxZWE5sSUU1dmRHVWlMQ0pDWVhKRGIyUmxWbUZzYVdSaGRHbHZibEJ2Y0hWd1EyeHZjMlZDZFhSMGIyNVVaWGgwSWpvaVQyc2lMQ0pDWVhKRGIyUmxWbUZzYVdSaGRHbHZibEJ2Y0hWd1RXVnpjMkZuWlNJNklrSmhjbU52WkdVZ1ptOXlJRk5sYkdWamRHVmtJRWwwWlcwZ2FYTWdhVzUyWVd4cFpDSXNJa0poY2tOdlpHVldZV3hwWkdGMGFXOXVVRzl3ZFhCTlpYTnpZV2RsU0dWaFpHVnlJam9pVUd4bFlYTmxJRTV2ZEdVaUxDSlRZVzFsUkdGNVJHVnNhWFpsY25sV1lXeHBaR0YwYVc5dVVHOXdkWEJIYjBKaFkydENkWFIwYjI1VVpYaDBJam9pVjJGcGRDQjFiblJwYkNCaGJHd2dUM0prWlhKeklHRnlaU0JtYVc1cGMyaGxaQ0IwYnlCVGFHbHdJRzl1WTJVaUxDSlRZVzFsUkdGNVJHVnNhWFpsY25sV1lXeHBaR0YwYVc5dVVHOXdkWEJEYUdWamEyOTFkRUoxZEhSdmJsUmxlSFFpT2lKRGFHVmphMjkxZENCVFlXMWxJRVJoZVNCUGJHbG5iM01nVDI1c2VTSXNJbE5oYldWRVlYbEVaV3hwZG1WeWVWWmhiR2xrWVhScGIyNVFiM0IxY0UxbGMzTmhaMlZJWldGa1pYSWlPaUpRYkdWaGMyVWdjMlZzWldOMElpd2lVMkZ0WlVSaGVVUmxiR2wyWlhKNVZtRnNhV1JoZEdsdmJsQnZjSFZ3VFdWemMyRm5aVVJsYzJOeWFYQjBhVzl1SWpvaVdXOTFjaUJqWVhKMElHTnZiblJoYVc1eklITmhiV1VnWkdGNUlHOXNhV2R2Y3l3Z2QyaHBZMmdnYm1WbFpDQjBieUJpWlNCamFHVmphMlZrSUc5MWRDQnpaWEJsY21GMFpXeDVJR2x1SUc5eVpHVnlJSFJ2SUdWdWMzVnlaU0IwYUdVZ1ptRnpkR1Z6ZENCa1pXeHBkbVZ5ZVM0Z1ZHaGxJRzkwYUdWeUlHbDBaVzF6SUhkcGJHd2dZbVVnZDJGcGRHbHVaeUJwYmlCNWIzVnlJR05oY25RZ2QyaGxiaUI1YjNVZ2NtVjBkWEp1SUd4aGRHVnlMaUE4YzNCaGJpQmpiR0Z6Y3oxY0luUnZiMngwYVhCZlpHbGhiRzluWENJZ2RHbDBiR1U5WENKRmVIQnNZV2x1SUdKMWRIUnZiaUJrWlhOamNtbHdkR2x2YmlCb1pYSmxJRzl1YkhsY0lpQStQQzl6Y0dGdVBpSXNJbEpsZFhObFpFbDBaVzF6Vm1Gc2FXUmhkR2x2YmxCdmNIVndRMnh2YzJWQ2RYUjBiMjVVWlhoMElqb2lUMnNpTENKU1pYVnpaV1JKZEdWdGMxWmhiR2xrWVhScGIyNVFiM0IxY0UxbGMzTmhaMlVpT2lKUGIzQnpJQ0VnVTI5dFpTQnZjaUJoYkd3Z2IyWWdjMlZzWldOMFpXUWdjbVYxYzJWa0lHbDBaVzBuY3lCdmNtbG5hVzVoYkNCamIyNTBZV2x1WlhKeklHRnlaU0JsZUhCcGNtVmtMaUJaYjNWeUlHTmhjblFnZDJsc2JDQmlaU0IxY0dSaGRHVmtJR0YxZEc5dFlYUnBZMkZzYkhrZ1lXNWtJR05oY25RZ2QybHNiQ0JpWlNCeVpXeHZZV1JsWkM0Z1JYaHdhWEpsWkNCcGRHVnRJRTVoYldWeklHRnlaU0F0UGlJc0lsSmxkWE5sWkVsMFpXMXpWbUZzYVdSaGRHbHZibEJ2Y0hWd1RXVnpjMkZuWlVobFlXUmxjaUk2SWxCc1pXRnpaU0JPYjNSbElpd2lSWGh3YVhKbFpGQnlhVzFsY2xCdmNIVndRMnh2YzJWQ2RYUjBiMjVVWlhoMElqb2lUMnNpTENKRmVIQnBjbVZrVUhKcGJXVnlVRzl3ZFhCTlpYTnpZV2RsVkdWNGRDSTZJbEJ5YVcxbGNpQnBjeUJsZUhCcGNtVmtJR1p2Y2lCMGFHVWdiMjVsSUc5bUlIUm9aU0J6Wld4bGRHVmtJSE5sY1hWbGJtTnBibWNnYVhSbGJTNGdjR3hsWVhObElITmxiR1ZqZENCaGJtOTBhR1Z5SUhCeWFXMWxjaUJ2Y2lCdmNtUmxjaUJ1WlhjZ2NISnBiV1Z5TGlJc0lrVjRjR2x5WldSUWNtbHRaWEpRYjNCMWNFMWxjM05oWjJWSVpXRmtaWEpVWlhoMElqb2lVR3hsYzJVZ1RtOTBaU0lzSWtOaGNuUlFZV2RsVlZKTUlqb2lMMlZ1TDJOaGNuUXVZWE53ZUNJc0lrMXBibWx0ZFcxUWJHRjBaVk5oYlhCc1pYTlFaWEpEYUdWamEyOTFkQ0k2TkRnc0lsQnNZWFJsVTJGdGNHeGxRMjkxYm5RaU9tNTFiR3dzSWtselUybHVaMnhsVUd4aGRHVlhhWFJvVm1Gc2FXUlRZVzF3YkdWRGIzVnVkQ0k2Wm1Gc2MyVXNJazFwYmxCc1lYUmxVMkZ0Y0d4bGMxQnZjSFZ3Um05eWJXRjBUV1Z6YzJGblpTSTZJaUlzSWsxcGJsQnNZWFJsVTJGdGNHeGxjMUJ2Y0hWd1JtOXliV0YwVFdWemMyRm5aVU5zYjNObFFuVjBkRzl1VkdWNGRDSTZJaUlzSWsxcGJsQnNZWFJsVTJGdGNHeGxjMUJ2Y0hWd1JtOXliV0YwVFdWemMyRm5aVWhsWVdSbGNpSTZJaUlzSWsxaGVHbHRkVzFPZFcxaVpYSlBabEJzWVhSbGMxQmxja05vWldOcmIzVjBJam96TENKUWJHRjBaWE5EYjNWdWRFWnZja04xY25KbGJuUlBjbVJsY2lJNmJuVnNiQ3dpVFdGNGFXMTFiVkJzWVhSbGMxQmxja05vWldOcmIzVjBVRzl3ZFhCR2IzSnRZWFJOWlhOellXZGxJam9pVFdGNGFXMTFiU0F6SUhCc1lYUmxjeUJoY21VZ1pXeHBaMmxpYkdVZ2RHOGdZMmhsWTJ0dmRYUWdjR1Z5SUc5eVpHVnlJR1p2Y2lCd2JHRjBaU0J6WlhGMVpXNWphVzVuSUdsMFpXMXpMaUJRYkdWaGMyVWdiVzlrYVdaNUlIbHZkWElnYzJWc1pXTjBhVzl1SUdGalkyOXlaR2x1WjJ4NUxpSXNJazFoZUdsdGRXMVFiR0YwWlhOUVpYSkRhR1ZqYTI5MWRGQnZjSFZ3Um05eWJXRjBUV1Z6YzJGblpVTnNiM05sUW5WMGRHOXVWR1Y0ZENJNklrOXJJaXdpVFdGNGFXMTFiVkJzWVhSbGMxQmxja05vWldOcmIzVjBSbTl5YldGMFRXVnpjMkZuWlVobFlXUmxjaUk2SWxCc1pXRnpaU0JPYjNSbElpd2lVRzl6ZEVKaFkydEZiR1Z0Wlc1MFZXNXBjWFZsU1dRaU9pSmpkR3d3TUNSamRHd3dNQ1JqZEd3d01DUkRiMjUwWlc1MFVHeGhZMlZJYjJ4a1pYSkVaV1poZFd4MEpFTmhjblJQZG1WeWRtbGxkMTh6Skd4dWEwTm9aV05yYjNWMElpd2lSWFpsYm5SQmNtZDFiV1Z1ZENJNklpSjlMQ0IwYUdsektUdGtBaElQWkJZSUFnRVBaQllDWmc5a0ZnSUNBZzhWQVc1RGIyNTBaVzUwVUd4aFkyVkliMnhrWlhKRVpXWmhkV3gwWDAxaGMzUmxjbEJzWVdObGFHOXNaR1Z5WDFKbGNYVnBjbVZWYzJWeVRHOW5hVzVmTlY5d2JteEVjbUZuWVdKc1pWZHBibVJ2ZDBOdmJuUmxiblJmU1c1c2FXNWxUV1Z6YzJGblpVTnZiblJoYVc1bGNtUUNBdzlrRmdKbUR3OFdBaDRMYkdKc1NHVmhaRXhwYm1VRkQwTnZiblJoWTNRZ1FXUmtjbVZ6YzJRV0RBSVFEeFVCYTBOdmJuUmxiblJRYkdGalpVaHZiR1JsY2tSbFptRjFiSFJmVFdGemRHVnlVR3hoWTJWb2IyeGtaWEpmUTJoaGJtZGxRV1JrY21WemMxODJYM0J1YkVSeVlXZGhZbXhsVjJsdVpHOTNRMjl1ZEdWdWRGOUpibXhwYm1WTlpYTnpZV2RsUTI5dWRHRnBibVZ5WkFJUkQyUVdBZ0lCRDJRV0tnSUJEeFlDSHdNRkVFTnZiblJoWTNRZ1FXUmtjbVZ6Y3pwa0FnTVBEeFlDSHdSblpCWUNBZ0VQWkJZQ0FnRVBEeFlDSHdNRkJWUnBkR3hsWkdRQ0JROWtGZ0lDQVE5a0ZnSUNBUThQRmdZZkF3VUpSbWx5YzNSdVlXMWxId2NGRnlCeVpYRjFhWEpsWkVacFpXeGtRMmhoY21GamRHVnlId2dDQW1Sa0FnY1BaQllDQWdFUFpCWUNBZ0VQRHhZR0h3TUZDRXhoYzNSdVlXMWxId2NGRnlCeVpYRjFhWEpsWkVacFpXeGtRMmhoY21GamRHVnlId2dDQW1Sa0Fna1BEeFlDSHdSblpCWUNBZ0VQWkJZQ0FnRVBEeFlDSHdNRkRFTnZiWEJoYm5rZ1RtRnRaV1JrQWdzUER4WUNId1JuWkJZQ0FnRVBaQllDQWdFUER4WUNId01GQzBSbGNHRnlkRzFsYm5RZ1pHUUNEUThQRmdJZkJHZGtGZ0lDQVE5a0ZnSUNBUThQRmdJZkF3VUdSM0p2ZFhBZ1pHUUNEdzhQRmdJZkJHZGtGZ0lDQVE5a0ZnSUNBUThQRmdZZkF3VU9VM1J5WldWMElFRmtaSEpsYzNNZkJ3VVhJSEpsY1hWcGNtVmtSbWxsYkdSRGFHRnlZV04wWlhJZkNBSUNaR1FDRVE4UEZnSWZCR2RrRmdJQ0FROWtGZ0lDQVE4UEZnWWZBd1VRVTNSeVpXVjBJRUZrWkhKbGMzTWdNaDhIQlJjZ2NtVnhkV2x5WldSR2FXVnNaRU5vWVhKaFkzUmxjaDhJQWdKa1pBSVREdzhXQWg4RVoyUVdBZ0lCRDJRV0FnSUJEdzhXQWg4REJSQlRkSEpsWlhRZ1FXUmtjbVZ6Y3lBelpHUUNGUThQRmdJZkJHZGtGZ0lDQVE5a0ZnSUNBUThQRmdZZkF3VUVRMmwwZVI4SEJSY2djbVZ4ZFdseVpXUkdhV1ZzWkVOb1lYSmhZM1JsY2g4SUFnSmtaQUlYRHc4V0FoOEVaMlFXQkFJQkQyUVdBZ0lCRHc4V0JoOERCUWREYjNWdWRISjVId2NGRnlCeVpYRjFhWEpsWkVacFpXeGtRMmhoY21GamRHVnlId2dDQW1Sa0FnVVBFQThXQmg0TlJHRjBZVlJsZUhSR2FXVnNaQVVMUTI5MWJuUnllVTVoYldVZURrUmhkR0ZXWVd4MVpVWnBaV3hrQlFaSmMyOUxaWGtlQzE4aFJHRjBZVUp2ZFc1a1p4WUNIZ2h2Ym1Ob1lXNW5aUVd5QVdOdmRXNTBjbmxEYUdGdVoyVmtLQ2RUWld4bFkzUXVMaTRuTENkVWNuVmxKeXduUTI5dWRHVnVkRkJzWVdObFNHOXNaR1Z5UkdWbVlYVnNkRjlOWVhOMFpYSlFiR0ZqWldodmJHUmxjbDlEYUdGdVoyVkJaR1J5WlhOelh6WmZaR1JzUTI5MWJuUnllU2NzSjBOdmJuUmxiblJRYkdGalpVaHZiR1JsY2tSbFptRjFiSFJmVFdGemRHVnlVR3hoWTJWb2IyeGtaWEpmUTJoaGJtZGxRV1JrY21WemMxODJYMlJrYkZOMFlYUmxKeWtRRmZvQkNWTmxiR1ZqZEM0dUxndEJabWRvWVc1cGMzUmhiZzFCYkdGdVpDQkpjMnhoYm1SekIwRnNZbUZ1YVdFSFFXeG5aWEpwWVE1QmJXVnlhV05oYmlCVFlXMXZZUWRCYm1SdmNuSmhCa0Z1WjI5c1lRaEJibWQxYVd4c1lRcEJiblJoY21OMGFXTmhFMEZ1ZEdsbmRXRWdZVzVrSUVKaGNtSjFaR0VKUVhKblpXNTBhVzVoQjBGeWJXVnVhV0VGUVhKMVltRUpRWFZ6ZEhKaGJHbGhCMEYxYzNSeWFXRUtRWHBsY21KaGFXcGhiZ2RDWVdoaGJXRnpCMEpoYUhKaGFXNEtRbUZ1WjJ4aFpHVnphQWhDWVhKaVlXUnZjd2RDWld4aGNuVnpCMEpsYkdkcGRXMEdRbVZzYVhwbEJVSmxibWx1QjBKbGNtMTFaR0VHUW1oMWRHRnVIMEp2YkdsMmFXRXNJRkJzZFhKcGJtRjBhVzl1WVd3Z1UzUmhkR1VnYjJZZ1FtOXVZV2x5WlN3Z1UybHVkQ0JGZFhOMFlYUnBkWE1nWVc1a0lGTmhZbUVXUW05emJtbGhJR0Z1WkNCSVpYSjZaV2R2ZG1sdVlRaENiM1J6ZDJGdVlRMUNiM1YyWlhRZ1NYTnNZVzVrQmtKeVlYcHBiQjVDY21sMGFYTm9JRWx1WkdsaGJpQlBZMlZoYmlCVVpYSnlhWFJ2Y25rUlFuSjFibVZwSUVSaGNuVnpjMkZzWVcwSVFuVnNaMkZ5YVdFTVFuVnlhMmx1WVNCR1lYTnZCMEoxY25WdVpHa0lRMkZ0WW05a2FXRUlRMkZ0WlhKdmIyNEdRMkZ1WVdSaENrTmhjR1VnVm1WeVpHVU9RMkY1YldGdUlFbHpiR0Z1WkhNWVEyVnVkSEpoYkNCQlpuSnBZMkZ1SUZKbGNIVmliR2xqQkVOb1lXUUZRMmhwYkdVRlEyaHBibUVRUTJoeWFYTjBiV0Z6SUVsemJHRnVaQmREYjJOdmN5QW9TMlZsYkdsdVp5a2dTWE5zWVc1a2N3aERiMnh2YldKcFlRZERiMjF2Y205ekJVTnZibWR2SlVOdmJtZHZMQ0IwYUdVZ1JHVnRiMk55WVhScFl5QlNaWEIxWW14cFl5QnZaaUIwYUdVTVEyOXZheUJKYzJ4aGJtUnpDa052YzNSaElGSnBZMkVPUThPMGRHVWdaQ2RKZG05cGNtVUhRM0p2WVhScFlRUkRkV0poQ0VOMWNtSERwMkZ2QmtONWNISjFjdzVEZW1WamFDQlNaWEIxWW14cFl3ZEVaVzV0WVhKckNFUnFhV0p2ZFhScENFUnZiV2x1YVdOaEVrUnZiV2x1YVdOaGJpQlNaWEIxWW14cFl3ZEZZM1ZoWkc5eUJVVm5lWEIwQzBWc0lGTmhiSFpoWkc5eUVVVnhkV0YwYjNKcFlXd2dSM1ZwYm1WaEIwVnlhWFJ5WldFSFJYTjBiMjVwWVFoRmRHaHBiM0JwWVJ0R1lXeHJiR0Z1WkNCSmMyeGhibVJ6SUNoTllXeDJhVzVoY3lrTlJtRnliMlVnU1hOc1lXNWtjd1JHYVdwcEIwWnBibXhoYm1RR1JuSmhibU5sRFVaeVpXNWphQ0JIZFdsaGJtRVFSbkpsYm1Ob0lGQnZiSGx1WlhOcFlSdEdjbVZ1WTJnZ1UyOTFkR2hsY200Z1ZHVnljbWwwYjNKcFpYTUZSMkZpYjI0R1IyRnRZbWxoQjBkbGIzSm5hV0VIUjJWeWJXRnVlUVZIYUdGdVlRbEhhV0p5WVd4MFlYSUdSM0psWldObENVZHlaV1Z1YkdGdVpBZEhjbVZ1WVdSaENrZDFZV1JsYkc5MWNHVUVSM1ZoYlFsSGRXRjBaVzFoYkdFSVIzVmxjbTV6WlhrR1IzVnBibVZoRFVkMWFXNWxZUzFDYVhOellYVUdSM1Y1WVc1aEJVaGhhWFJwSVVobFlYSmtJRWx6YkdGdVpDQmhibVFnVFdORWIyNWhiR1FnU1hOc1lXNWtjeDFJYjJ4NUlGTmxaU0FvVm1GMGFXTmhiaUJEYVhSNUlGTjBZWFJsS1FoSWIyNWtkWEpoY3dsSWIyNW5JRXR2Ym1jSFNIVnVaMkZ5ZVFkSlkyVnNZVzVrQlVsdVpHbGhDVWx1Wkc5dVpYTnBZUmxKY21GdUxDQkpjMnhoYldsaklGSmxjSFZpYkdsaklHOW1CRWx5WVhFSFNYSmxiR0Z1WkF0SmMyeGxJRzltSUUxaGJnWkpjM0poWld3RlNYUmhiSGtIU21GdFlXbGpZUVZLWVhCaGJnWktaWEp6WlhrR1NtOXlaR0Z1Q2t0aGVtRnJhSE4wWVc0RlMyVnVlV0VJUzJseWFXSmhkR2ttUzI5eVpXRXNJRVJsYlc5amNtRjBhV01nVUdWdmNHeGxKM01nVW1Wd2RXSnNhV01nYjJZU1MyOXlaV0VzSUZKbGNIVmliR2xqSUc5bUJrdDFkMkZwZEFwTGVYSm5lWHB6ZEdGdUlFeGhieUJRWlc5d2JHVW5jeUJFWlcxdlkzSmhkR2xqSUZKbGNIVmliR2xqQmt4aGRIWnBZUWRNWldKaGJtOXVCMHhsYzI5MGFHOEhUR2xpWlhKcFlRVk1hV0o1WVExTWFXVmphSFJsYm5OMFpXbHVDVXhwZEdoMVlXNXBZUXBNZFhobGJXSnZkWEpuQlUxaFkyRnZLazFoWTJWa2IyNXBZU3dnZEdobElHWnZjbTFsY2lCWmRXZHZjMnhoZGlCU1pYQjFZbXhwWXlCdlpncE5ZV1JoWjJGelkyRnlCazFoYkdGM2FRaE5ZV3hoZVhOcFlRaE5ZV3hrYVhabGN3Uk5ZV3hwQlUxaGJIUmhFRTFoY25Ob1lXeHNJRWx6YkdGdVpITUtUV0Z5ZEdsdWFYRjFaUXBOWVhWeWFYUmhibWxoQ1UxaGRYSnBkR2wxY3dkTllYbHZkSFJsQmsxbGVHbGpieDlOYVdOeWIyNWxjMmxoTENCR1pXUmxjbUYwWldRZ1UzUmhkR1Z6SUc5bUZFMXZiR1J2ZG1Fc0lGSmxjSFZpYkdsaklHOW1CazF2Ym1GamJ3aE5iMjVuYjJ4cFlRcE5iMjUwWlc1bFozSnZDazF2Ym5SelpYSnlZWFFIVFc5eWIyTmpid3BOYjNwaGJXSnBjWFZsQjAxNVlXNXRZWElIVG1GdGFXSnBZUVZPWVhWeWRRVk9aWEJoYkF0T1pYUm9aWEpzWVc1a2N3MU9aWGNnUTJGc1pXUnZibWxoQzA1bGR5QmFaV0ZzWVc1a0NVNXBZMkZ5WVdkMVlRVk9hV2RsY2dkT2FXZGxjbWxoQkU1cGRXVU9UbTl5Wm05c2F5QkpjMnhoYm1RWVRtOXlkR2hsY200Z1RXRnlhV0Z1WVNCSmMyeGhibVJ6Qms1dmNuZGhlUVJQYldGdUNGQmhhMmx6ZEdGdUJWQmhiR0YxSDFCaGJHVnpkR2x1YVdGdUlGUmxjbkpwZEc5eWVTd2dUMk5qZFhCcFpXUUdVR0Z1WVcxaEVGQmhjSFZoSUU1bGR5QkhkV2x1WldFSVVHRnlZV2QxWVhrRVVHVnlkUXRRYUdsc2FYQndhVzVsY3doUWFYUmpZV2x5YmdaUWIyeGhibVFJVUc5eWRIVm5ZV3dMVUhWbGNuUnZJRkpwWTI4RlVXRjBZWElJVXNPcGRXNXBiMjRIVW05dFlXNXBZUkpTZFhOemFXRnVJRVpsWkdWeVlYUnBiMjRHVW5kaGJtUmhFVk5oYVc1MElFSmhjblJvdzZsc1pXMTVMRk5oYVc1MElFaGxiR1Z1WVN3Z1FYTmpaVzV6YVc5dUlHRnVaQ0JVY21semRHRnVJR1JoSUVOMWJtaGhGVk5oYVc1MElFdHBkSFJ6SUdGdVpDQk9aWFpwY3d0VFlXbHVkQ0JNZFdOcFlScFRZV2x1ZENCTllYSjBhVzRnS0VaeVpXNWphQ0J3WVhKMEtSbFRZV2x1ZENCUWFXVnljbVVnWVc1a0lFMXBjWFZsYkc5dUlGTmhhVzUwSUZacGJtTmxiblFnWVc1a0lIUm9aU0JIY21WdVlXUnBibVZ6QlZOaGJXOWhDbE5oYmlCTllYSnBibThWVTJGdklGUnZiV1VnWVc1a0lGQnlhVzVqYVhCbERGTmhkV1JwSUVGeVlXSnBZUWRUWlc1bFoyRnNCbE5sY21KcFlRcFRaWGxqYUdWc2JHVnpERk5wWlhKeVlTQk1aVzl1WlFsVGFXNW5ZWEJ2Y21VWlUybHVkQ0JOWVdGeWRHVnVJQ2hFZFhSamFDQndZWEowS1FoVGJHOTJZV3RwWVFoVGJHOTJaVzVwWVE5VGIyeHZiVzl1SUVsemJHRnVaSE1IVTI5dFlXeHBZUXhUYjNWMGFDQkJabkpwWTJFc1UyOTFkR2dnUjJWdmNtZHBZU0JoYm1RZ2RHaGxJRk52ZFhSb0lGTmhibVIzYVdOb0lFbHpiR0Z1WkhNTFUyOTFkR2dnVTNWa1lXNEZVM0JoYVc0SlUzSnBJRXhoYm10aEJWTjFaR0Z1Q0ZOMWNtbHVZVzFsRmxOMllXeGlZWEprSUdGdVpDQktZVzRnVFdGNVpXNEpVM2RoZW1sc1lXNWtCbE4zWldSbGJndFRkMmwwZW1WeWJHRnVaQlJUZVhKcFlXNGdRWEpoWWlCU1pYQjFZbXhwWXhsVVlXbDNZVzRzSUZCeWIzWnBibU5sSUc5bUlFTm9hVzVoQ2xSaGFtbHJhWE4wWVc0Y1ZHRnVlbUZ1YVdFc0lGVnVhWFJsWkNCU1pYQjFZbXhwWXlCdlpnaFVhR0ZwYkdGdVpBdFVhVzF2Y2kxTVpYTjBaUVJVYjJkdkIxUnZhMlZzWVhVRlZHOXVaMkVUVkhKcGJtbGtZV1FnWVc1a0lGUnZZbUZuYndkVWRXNXBjMmxoQmxSMWNtdGxlUXhVZFhKcmJXVnVhWE4wWVc0WVZIVnlhM01nWVc1a0lFTmhhV052Y3lCSmMyeGhibVJ6QmxSMWRtRnNkUVpWWjJGdVpHRUhWV3R5WVdsdVpSUlZibWwwWldRZ1FYSmhZaUJGYldseVlYUmxjdzVWYm1sMFpXUWdTMmx1WjJSdmJRMVZibWwwWldRZ1UzUmhkR1Z6SkZWdWFYUmxaQ0JUZEdGMFpYTWdUV2x1YjNJZ1QzVjBiSGxwYm1jZ1NYTnNZVzVrY3dkVmNuVm5kV0Y1Q2xWNlltVnJhWE4wWVc0SFZtRnVkV0YwZFNGV1pXNWxlblZsYkdFc0lFSnZiR2wyWVhKcFlXNGdVbVZ3ZFdKc2FXTWdiMllJVm1sbGRDQk9ZVzBYVm1seVoybHVJRWx6YkdGdVpITXNJRUp5YVhScGMyZ1VWbWx5WjJsdUlFbHpiR0Z1WkhNc0lGVXVVeTRSVjJGc2JHbHpJR0Z1WkNCR2RYUjFibUVPVjJWemRHVnliaUJUWVdoaGNtRUZXV1Z0Wlc0R1dtRnRZbWxoQ0ZwcGJXSmhZbmRsRmZvQkFUQUNRVVlDUVZnQ1FVd0NSRm9DUVZNQ1FVUUNRVThDUVVrQ1FWRUNRVWNDUVZJQ1FVMENRVmNDUVZVQ1FWUUNRVm9DUWxNQ1FrZ0NRa1FDUWtJQ1Fsa0NRa1VDUWxvQ1Frb0NRazBDUWxRQ1FrOENRbEVDUWtFQ1FsY0NRbFlDUWxJQ1NVOENRazRDUWtjQ1FrWUNRa2tDUzBnQ1EwMENRMEVDUTFZQ1Mxa0NRMFlDVkVRQ1Ewd0NRMDRDUTFnQ1EwTUNRMDhDUzAwQ1EwY0NRMFFDUTBzQ1ExSUNRMGtDU0ZJQ1ExVUNRMWNDUTFrQ1Exb0NSRXNDUkVvQ1JFMENSRThDUlVNQ1JVY0NVMVlDUjFFQ1JWSUNSVVVDUlZRQ1Jrc0NSazhDUmtvQ1Jra0NSbElDUjBZQ1VFWUNWRVlDUjBFQ1IwMENSMFVDUkVVQ1IwZ0NSMGtDUjFJQ1Iwd0NSMFFDUjFBQ1IxVUNSMVFDUjBjQ1IwNENSMWNDUjFrQ1NGUUNTRTBDVmtFQ1NFNENTRXNDU0ZVQ1NWTUNTVTRDU1VRQ1NWSUNTVkVDU1VVQ1NVMENTVXdDU1ZRQ1NrMENTbEFDU2tVQ1NrOENTMW9DUzBVQ1Mwa0NTMUFDUzFJQ1MxY0NTMGNDVEVFQ1RGWUNURUlDVEZNQ1RGSUNURmtDVEVrQ1RGUUNURlVDVFU4Q1RVc0NUVWNDVFZjQ1RWa0NUVllDVFV3Q1RWUUNUVWdDVFZFQ1RWSUNUVlVDV1ZRQ1RWZ0NSazBDVFVRQ1RVTUNUVTRDVFVVQ1RWTUNUVUVDVFZvQ1RVMENUa0VDVGxJQ1RsQUNUa3dDVGtNQ1Rsb0NUa2tDVGtVQ1RrY0NUbFVDVGtZQ1RWQUNUazhDVDAwQ1VFc0NVRmNDVUZNQ1VFRUNVRWNDVUZrQ1VFVUNVRWdDVUU0Q1VFd0NVRlFDVUZJQ1VVRUNVa1VDVWs4Q1VsVUNVbGNDUWt3Q1UwZ0NTMDRDVEVNQ1RVWUNVRTBDVmtNQ1YxTUNVMDBDVTFRQ1UwRUNVMDRDVWxNQ1UwTUNVMHdDVTBjQ1UxZ0NVMHNDVTBrQ1UwSUNVMDhDV2tFQ1IxTUNVMU1DUlZNQ1RFc0NVMFFDVTFJQ1Uwb0NVMW9DVTBVQ1EwZ0NVMWtDVkZjQ1ZFb0NWRm9DVkVnQ1ZFd0NWRWNDVkVzQ1ZFOENWRlFDVkU0Q1ZGSUNWRTBDVkVNQ1ZGWUNWVWNDVlVFQ1FVVUNSMElDVlZNQ1ZVMENWVmtDVlZvQ1ZsVUNWa1VDVms0Q1ZrY0NWa2tDVjBZQ1JVZ0NXVVVDV2swQ1dsY1VLd1A2QVdkbloyZG5aMmRuWjJkbloyZG5aMmRuWjJkbloyZG5aMmRuWjJkbloyZG5aMmRuWjJkbloyZG5aMmRuWjJkbloyZG5aMmRuWjJkbloyZG5aMmRuWjJkbloyZG5aMmRuWjJkbloyZG5aMmRuWjJkbloyZG5aMmRuWjJkbloyZG5aMmRuWjJkbloyZG5aMmRuWjJkbloyZG5aMmRuWjJkbloyZG5aMmRuWjJkbloyZG5aMmRuWjJkbloyZG5aMmRuWjJkbloyZG5aMmRuWjJkbloyZG5aMmRuWjJkbloyZG5aMmRuWjJkbloyZG5aMmRuWjJkbloyZG5aMmRuWjJkbloyZG5aMmRuWjJkbloyZG5aMmRuWjJkbloyZG5aMmRuWjJkbloyZG5aMmRuWjJkbloyZG5aMmRuWjJkbloyZG5aMmRuWjJkbloyZG5aMmRrWkFJWkR3OFdBaDhFWjJRV0JBSUJEMlFXQWdJQkR3OFdBaDhEQlJCVGRHRjBaU0F2SUZCeWIzWnBibU5sWkdRQ0JROFFEeFlHSHc0RkNWTjBZWFJsVG1GdFpSOFBCUWhUZEdGMFpVdGxlUjhRWnhZQ0h4RUZWVTl1UTJoaGJtZGxVM1JoZEdVb0owTnZiblJsYm5SUWJHRmpaVWh2YkdSbGNrUmxabUYxYkhSZlRXRnpkR1Z5VUd4aFkyVm9iMnhrWlhKZlEyaGhibWRsUVdSa2NtVnpjMTgyWDJSa2JGTjBZWFJsSnlrUUZTUUpVMlZzWldOMExpNHVHMEZ1WkdGdFlXNGdZVzVrSUU1cFkyOWlZWElnU1hOc1lXNWtjdzVCYm1Sb2NtRWdVSEpoWkdWemFCRkJjblZ1WVdOb1lXd2dVSEpoWkdWemFBVkJjM05oYlFWQ2FXaGhjZ3BEYUdGdVpHbG5ZWEpvREVOb2FHRjBkR2x6WjJGeWFCWkVZV1J5WVNCaGJtUWdUbUZuWVhJZ1NHRjJaV3hwRFVSaGJXRnVJR0Z1WkNCRWFYVUZSR1ZzYUdrRFIyOWhCMGQxYW1GeVlYUUhTR0Z5ZVdGdVlSQklhVzFoWTJoaGJDQlFjbUZrWlhOb0VVcGhiVzExSUdGdVpDQkxZWE5vYldseUNVcG9ZWEpyYUdGdVpBbExZWEp1WVhSaGEyRUdTMlZ5WVd4aEMweGhhM05vWVdSM1pXVndEazFoWkdoNVlTQlFjbUZrWlhOb0MwMWhhR0Z5WVhOb2RISmhCMDFoYm1sd2RYSUpUV1ZuYUdGc1lYbGhCMDFwZW05eVlXMElUbUZuWVd4aGJtUUdUM0pwYzNOaEMxQnZibVJwWTJobGNuSjVCbEIxYm1waFlnbFNZV3BoYzNSb1lXNEdVMmxyYTJsdENsUmhiV2xzSUU1aFpIVUhWSEpwY0hWeVlRMVZkSFJoY2lCUWNtRmtaWE5vQzFWMGRHRnlZV3RvWVc1a0MxZGxjM1FnUW1WdVoyRnNGU1FCTUFWSlRpMUJUZ1ZKVGkxQlVBVkpUaTFCVWdWSlRpMUJVd1ZKVGkxQ1VnVkpUaTFEU0FWSlRpMURWQVZKVGkxRVRnVkpUaTFFUkFWSlRpMUVUQVZKVGkxSFFRVkpUaTFIU2dWSlRpMUlVZ1ZKVGkxSVVBVkpUaTFLU3dWSlRpMUtTQVZKVGkxTFFRVkpUaTFMVEFWSlRpMU1SQVZKVGkxTlVBVkpUaTFOU0FWSlRpMU5UZ1ZKVGkxTlRBVkpUaTFOV2dWSlRpMU9UQVZKVGkxUFVnVkpUaTFRV1FWSlRpMVFRZ1ZKVGkxU1NnVkpUaTFUU3dWSlRpMVVUZ1ZKVGkxVVVnVkpUaTFWVUFWSlRpMVZWQVZKVGkxWFFoUXJBeVJuWjJkbloyZG5aMmRuWjJkbloyZG5aMmRuWjJkbloyZG5aMmRuWjJkbloyZG5aMmRrWkFJYkR3OFdBaDhFWjJRV0JBSUJEMlFXQWdJQkR3OFdCaDhEQlF0UWIzTjBZV3dnUTI5a1pSOEhCUmNnY21WeGRXbHlaV1JHYVdWc1pFTm9ZWEpoWTNSbGNoOElBZ0prWkFJREQyUVdBZ0lERHc5a0ZnSWVEbTl5YVdkcGJtRnNMWFJwZEd4bEJScFFiR1ZoYzJVZ1pXNTBaWElnZG1Gc2FXUWdlbWx3WTI5a1pXUUNIUThQRmdJZkJHZGtGZ0lDQVE5a0ZnSUNBUThQRmdJZkF3VUZSVzFoYVd4a1pBSWZEdzhXQWg4RVoyUVdBZ0lCRDJRV0FnSUJEdzhXQWg4REJRVlFhRzl1WldSa0FpRVBEeFlDSHdSblpCWUNBZ0VQWkJZQ0FnRVBEeFlDSHdNRkEwVjRkR1JrQWlNUER4WUNId1JuWkJZQ0FnRVBaQllDQWdFUER4WUNId01GQmsxdlltbHNaV1JrQWlVUER4WUNId1JuWkJZQ0FnRVBaQllDQWdFUER4WUNId01GQTBaaGVHUmtBaWNQRHhZQ0h3Um5aQllDQWdFUFpCWUNBZ0VQRHhZQ0h3TUZDVkpsWTJsd2FXVnVkR1JrQWlrUER4WUNId1JuWkJZRUFnRVBaQllDQWdFUER4WUdId01GQ0ZScGJXVjZiMjVsSHdjRkZ5QnlaWEYxYVhKbFpFWnBaV3hrUTJoaGNtRmpkR1Z5SHdnQ0FtUmtBZ1VQRUE4V0JoOE9CUXRFYVhOd2JHRjVUbUZ0WlI4UEJRSkpaQjhRWjJRUUZZZ0JDVk5sYkdWamRDNHVMaWdvVlZSRExURXlPakF3S1NCSmJuUmxjbTVoZEdsdmJtRnNJRVJoZEdVZ1RHbHVaU0JYWlhOMEtTaFZWRU10TVRFNk1EQXBJRU52YjNKa2FXNWhkR1ZrSUZWdWFYWmxjbk5oYkNCVWFXMWxMVEV4SENoVlZFTXRNVEE2TURBcElFRnNaWFYwYVdGdUlFbHpiR0Z1WkhNU0tGVlVReTB4TURvd01Da2dTR0YzWVdscEhTaFZWRU10TURrNk16QXBJRTFoY25GMVpYTmhjeUJKYzJ4aGJtUnpFaWhWVkVNdE1EazZNREFwSUVGc1lYTnJZU2tvVlZSRExUQTVPakF3S1NCRGIyOXlaR2x1WVhSbFpDQlZibWwyWlhKellXd2dWR2x0WlMwd09Sc29WVlJETFRBNE9qQXdLU0JDWVdwaElFTmhiR2xtYjNKdWFXRXBLRlZVUXkwd09Eb3dNQ2tnUTI5dmNtUnBibUYwWldRZ1ZXNXBkbVZ5YzJGc0lGUnBiV1V0TURnbUtGVlVReTB3T0Rvd01Da2dVR0ZqYVdacFl5QlVhVzFsSUNoVlV5QW1JRU5oYm1Ga1lTa1RLRlZVUXkwd056b3dNQ2tnUVhKcGVtOXVZU2NvVlZSRExUQTNPakF3S1NCRGFHbG9kV0ZvZFdFc0lFeGhJRkJoZWl3Z1RXRjZZWFJzWVc0bktGVlVReTB3Tnpvd01Da2dUVzkxYm5SaGFXNGdWR2x0WlNBb1ZWTWdKaUJEWVc1aFpHRXBHeWhWVkVNdE1EWTZNREFwSUVObGJuUnlZV3dnUVcxbGNtbGpZU1lvVlZSRExUQTJPakF3S1NCRFpXNTBjbUZzSUZScGJXVWdLRlZUSUNZZ1EyRnVZV1JoS1Jrb1ZWUkRMVEEyT2pBd0tTQkZZWE4wWlhJZ1NYTnNZVzVrTHloVlZFTXRNRFk2TURBcElFZDFZV1JoYkdGcVlYSmhMQ0JOWlhocFkyOGdRMmwwZVN3Z1RXOXVkR1Z5Y21WNUdDaFZWRU10TURZNk1EQXBJRk5oYzJ0aGRHTm9aWGRoYmlzb1ZWUkRMVEExT2pBd0tTQkNiMmR2ZEdFc0lFeHBiV0VzSUZGMWFYUnZMQ0JTYVc4Z1FuSmhibU52RkNoVlZFTXRNRFU2TURBcElFTm9aWFIxYldGc0ppaFZWRU10TURVNk1EQXBJRVZoYzNSbGNtNGdWR2x0WlNBb1ZWTWdKaUJEWVc1aFpHRXBFU2hWVkVNdE1EVTZNREFwSUVoaGFYUnBFaWhWVkVNdE1EVTZNREFwSUVoaGRtRnVZUm9vVlZSRExUQTFPakF3S1NCSmJtUnBZVzVoSUNoRllYTjBLUlFvVlZSRExUQTBPakF3S1NCQmMzVnVZMmx2YmlJb1ZWUkRMVEEwT2pBd0tTQkJkR3hoYm5ScFl5QlVhVzFsSUNoRFlXNWhaR0VwRXloVlZFTXRNRFE2TURBcElFTmhjbUZqWVhNU0tGVlVReTB3TkRvd01Da2dRM1ZwWVdKaE1DaFZWRU10TURRNk1EQXBJRWRsYjNKblpYUnZkMjRzSUV4aElGQmhlaXdnVFdGdVlYVnpMQ0JUWVc0Z1NuVmhiaFFvVlZSRExUQTBPakF3S1NCVFlXNTBhV0ZuYnh3b1ZWUkRMVEEwT2pBd0tTQlVkWEpyY3lCaGJtUWdRMkZwWTI5ekdDaFZWRU10TURNNk16QXBJRTVsZDJadmRXNWtiR0Z1WkJVb1ZWUkRMVEF6T2pBd0tTQkJjbUZuZFdGcGJtRVVLRlZVUXkwd016b3dNQ2tnUW5KaGMybHNhV0VlS0ZWVVF5MHdNem93TUNrZ1EyRjVaVzV1WlN3Z1JtOXlkR0ZzWlhwaElDaFZWRU10TURNNk1EQXBJRU5wZEhrZ2IyWWdRblZsYm05eklFRnBjbVZ6RlNoVlZFTXRNRE02TURBcElFZHlaV1Z1YkdGdVpCWW9WVlJETFRBek9qQXdLU0JOYjI1MFpYWnBaR1Z2R0NoVlZFTXRNRE02TURBcElGQjFiblJoSUVGeVpXNWhjeVVvVlZSRExUQXpPakF3S1NCVFlXbHVkQ0JRYVdWeWNtVWdZVzVrSUUxcGNYVmxiRzl1RkNoVlZFTXRNRE02TURBcElGTmhiSFpoWkc5eUtTaFZWRU10TURJNk1EQXBJRU52YjNKa2FXNWhkR1ZrSUZWdWFYWmxjbk5oYkNCVWFXMWxMVEF5SGloVlZFTXRNREk2TURBcElFMXBaQzFCZEd4aGJuUnBZeUF0SUU5c1pCSW9WVlJETFRBeE9qQXdLU0JCZW05eVpYTWFLRlZVUXkwd01Ub3dNQ2tnUTJGaWJ5QldaWEprWlNCSmN5NGdLRlZVUXlrZ1EyOXZjbVJwYm1GMFpXUWdWVzVwZG1WeWMyRnNJRlJwYldVV0tGVlVReXN3TURvd01Da2dRMkZ6WVdKc1lXNWpZUzBvVlZSREt6QXdPakF3S1NCRWRXSnNhVzRzSUVWa2FXNWlkWEpuYUN3Z1RHbHpZbTl1TENCTWIyNWtiMjRmS0ZWVVF5c3dNRG93TUNrZ1RXOXVjbTkyYVdFc0lGSmxlV3RxWVhacGF6d29WVlJES3pBeE9qQXdLU0JCYlhOMFpYSmtZVzBzSUVKbGNteHBiaXdnUW1WeWJpd2dVbTl0WlN3Z1UzUnZZMnRvYjJ4dExDQldhV1Z1Ym1FOUtGVlVReXN3TVRvd01Da2dRbVZzWjNKaFpHVXNJRUp5WVhScGMyeGhkbUVzSUVKMVpHRndaWE4wTENCTWFuVmliR3BoYm1Fc0lGQnlZV2QxWlM4b1ZWUkRLekF4T2pBd0tTQkNjblZ6YzJWc2N5d2dRMjl3Wlc1b1lXZGxiaXdnVFdGa2NtbGtMQ0JRWVhKcGN5d29WVlJES3pBeE9qQXdLU0JUWVhKaGFtVjJieXdnVTJ0dmNHcGxMQ0JYWVhKellYY3NJRnBoWjNKbFloOG9WVlJES3pBeE9qQXdLU0JYWlhOMElFTmxiblJ5WVd3Z1FXWnlhV05oRkNoVlZFTXJNREU2TURBcElGZHBibVJvYjJWckVTaFZWRU1yTURJNk1EQXBJRUZ0YldGdUhTaFZWRU1yTURJNk1EQXBJRUYwYUdWdWN5d2dRblZqYUdGeVpYTjBFaWhWVkVNck1ESTZNREFwSUVKbGFYSjFkQkVvVlZSREt6QXlPakF3S1NCRFlXbHlieFFvVlZSREt6QXlPakF3S1NCRGFHbHphVzVoZFJRb1ZWUkRLekF5T2pBd0tTQkVZVzFoYzJOMWN4Z29WVlJES3pBeU9qQXdLU0JIWVhwaExDQklaV0p5YjI0Y0tGVlVReXN3TWpvd01Da2dTR0Z5WVhKbExDQlFjbVYwYjNKcFlUa29WVlJES3pBeU9qQXdLU0JJWld4emFXNXJhU3dnUzNscGRpd2dVbWxuWVN3Z1UyOW1hV0VzSUZSaGJHeHBibTRzSUZacGJHNXBkWE1WS0ZWVVF5c3dNam93TUNrZ1NtVnlkWE5oYkdWdEZ5aFZWRU1yTURJNk1EQXBJRXRoYkdsdWFXNW5jbUZrRXloVlZFTXJNREk2TURBcElGUnlhWEJ2YkdrVEtGVlVReXN3TXpvd01Da2dRbUZuYUdSaFpCUW9WVlJES3pBek9qQXdLU0JKYzNSaGJtSjFiQm9vVlZSREt6QXpPakF3S1NCTGRYZGhhWFFzSUZKcGVXRmthQkVvVlZSREt6QXpPakF3S1NCTmFXNXpheTBvVlZSREt6QXpPakF3S1NCTmIzTmpiM2NzSUZOMExpQlFaWFJsY25OaWRYSm5MQ0JXYjJ4bmIyZHlZV1FUS0ZWVVF5c3dNem93TUNrZ1RtRnBjbTlpYVJJb1ZWUkRLekF6T2pNd0tTQlVaV2h5WVc0ZEtGVlVReXN3TkRvd01Da2dRV0oxSUVSb1lXSnBMQ0JOZFhOallYUWdLRlZVUXlzd05Eb3dNQ2tnUVhOMGNtRnJhR0Z1TENCVmJIbGhibTkyYzJzUUtGVlVReXN3TkRvd01Da2dRbUZyZFJzb1ZWUkRLekEwT2pBd0tTQkplbWhsZG5OckxDQlRZVzFoY21FV0tGVlVReXN3TkRvd01Da2dVRzl5ZENCTWIzVnBjeE1vVlZSREt6QTBPakF3S1NCVFlYSmhkRzkyRXloVlZFTXJNRFE2TURBcElGUmlhV3hwYzJrVEtGVlVReXN3TkRvd01Da2dXV1Z5WlhaaGJoRW9WVlJES3pBME9qTXdLU0JMWVdKMWJCNG9WVlJES3pBMU9qQXdLU0JCYzJobllXSmhkQ3dnVkdGemFHdGxiblFZS0ZWVVF5c3dOVG93TUNrZ1JXdGhkR1Z5YVc1aWRYSm5IaWhWVkVNck1EVTZNREFwSUVsemJHRnRZV0poWkN3Z1MyRnlZV05vYVM4b1ZWUkRLekExT2pNd0tTQkRhR1Z1Ym1GcExDQkxiMnhyWVhSaExDQk5kVzFpWVdrc0lFNWxkeUJFWld4b2FSOG9WVlJES3pBMU9qTXdLU0JUY21rZ1NtRjVZWGRoY21SbGJtVndkWEpoRlNoVlZFTXJNRFU2TkRVcElFdGhkR2h0WVc1a2RSSW9WVlJES3pBMk9qQXdLU0JCYzNSaGJtRVJLRlZVUXlzd05qb3dNQ2tnUkdoaGEyRVFLRlZVUXlzd05qb3dNQ2tnVDIxemF4d29WVlJES3pBMk9qTXdLU0JaWVc1bmIyNGdLRkpoYm1kdmIyNHBJeWhWVkVNck1EYzZNREFwSUVKaGJtZHJiMnNzSUVoaGJtOXBMQ0JLWVd0aGNuUmhJaWhWVkVNck1EYzZNREFwSUVKaGNtNWhkV3dzSUVkdmNtNXZMVUZzZEdGNWMyc1FLRlZVUXlzd056b3dNQ2tnU0c5MlpCY29WVlJES3pBM09qQXdLU0JMY21GemJtOTVZWEp6YXhjb1ZWUkRLekEzT2pBd0tTQk9iM1p2YzJsaWFYSnpheEVvVlZSREt6QTNPakF3S1NCVWIyMXphekVvVlZSREt6QTRPakF3S1NCQ1pXbHFhVzVuTENCRGFHOXVaM0ZwYm1jc0lFaHZibWNnUzI5dVp5d2dWWEoxYlhGcEV5aFZWRU1yTURnNk1EQXBJRWx5YTNWMGMyc2pLRlZVUXlzd09Eb3dNQ2tnUzNWaGJHRWdUSFZ0Y0hWeUxDQlRhVzVuWVhCdmNtVVJLRlZVUXlzd09Eb3dNQ2tnVUdWeWRHZ1NLRlZVUXlzd09Eb3dNQ2tnVkdGcGNHVnBGeWhWVkVNck1EZzZNREFwSUZWc1lXRnVZbUZoZEdGeUZTaFZWRU1yTURnNk16QXBJRkI1YjI1bmVXRnVaeEVvVlZSREt6QTRPalExS1NCRmRXTnNZUkVvVlZSREt6QTVPakF3S1NCRGFHbDBZU0VvVlZSREt6QTVPakF3S1NCUGMyRnJZU3dnVTJGd2NHOXlieXdnVkc5cmVXOFJLRlZVUXlzd09Ub3dNQ2tnVTJWdmRXd1RLRlZVUXlzd09Ub3dNQ2tnV1dGcmRYUnpheFFvVlZSREt6QTVPak13S1NCQlpHVnNZV2xrWlJJb1ZWUkRLekE1T2pNd0tTQkVZWEozYVc0VUtGVlVReXN4TURvd01Da2dRbkpwYzJKaGJtVW5LRlZVUXlzeE1Eb3dNQ2tnUTJGdVltVnljbUVzSUUxbGJHSnZkWEp1WlN3Z1UzbGtibVY1SGloVlZFTXJNVEE2TURBcElFZDFZVzBzSUZCdmNuUWdUVzl5WlhOaWVSSW9WVlJES3pFd09qQXdLU0JJYjJKaGNuUVhLRlZVUXlzeE1Eb3dNQ2tnVm14aFpHbDJiM04wYjJzY0tGVlVReXN4TURvek1Da2dURzl5WkNCSWIzZGxJRWx6YkdGdVpCOG9WVlJES3pFeE9qQXdLU0JDYjNWbllXbHVkbWxzYkdVZ1NYTnNZVzVrRmloVlZFTXJNVEU2TURBcElFTm9iMnQxY21SaGEyZ1RLRlZVUXlzeE1Ub3dNQ2tnVFdGbllXUmhiaG9vVlZSREt6RXhPakF3S1NCT2IzSm1iMnhySUVsemJHRnVaQlFvVlZSREt6RXhPakF3S1NCVFlXdG9ZV3hwYmlZb1ZWUkRLekV4T2pBd0tTQlRiMnh2Ylc5dUlFbHpMaXdnVG1WM0lFTmhiR1ZrYjI1cFlTd29WVlJES3pFeU9qQXdLU0JCYm1Ga2VYSXNJRkJsZEhKdmNHRjJiRzkyYzJzdFMyRnRZMmhoZEhOcmVTQW9WVlJES3pFeU9qQXdLU0JCZFdOcmJHRnVaQ3dnVjJWc2JHbHVaM1J2Ymlrb1ZWUkRLekV5T2pBd0tTQkRiMjl5WkdsdVlYUmxaQ0JWYm1sMlpYSnpZV3dnVkdsdFpTc3hNaEFvVlZSREt6RXlPakF3S1NCR2FXcHBLaWhWVkVNck1USTZNREFwSUZCbGRISnZjR0YyYkc5MmMyc3RTMkZ0WTJoaGRITnJlU0F0SUU5c1pCc29WVlJES3pFeU9qUTFLU0JEYUdGMGFHRnRJRWx6YkdGdVpITXBLRlZVUXlzeE16b3dNQ2tnUTI5dmNtUnBibUYwWldRZ1ZXNXBkbVZ5YzJGc0lGUnBiV1VyTVRNV0tGVlVReXN4TXpvd01Da2dUblZyZFNkaGJHOW1ZUkVvVlZSREt6RXpPakF3S1NCVFlXMXZZUjBvVlZSREt6RTBPakF3S1NCTGFYSnBkR2x0WVhScElFbHpiR0Z1WkJXSUFRRXdGa1JoZEdWc2FXNWxJRk4wWVc1a1lYSmtJRlJwYldVR1ZWUkRMVEV4RmtGc1pYVjBhV0Z1SUZOMFlXNWtZWEprSUZScGJXVVdTR0YzWVdscFlXNGdVM1JoYm1SaGNtUWdWR2x0WlJkTllYSnhkV1Z6WVhNZ1UzUmhibVJoY21RZ1ZHbHRaUlZCYkdGemEyRnVJRk4wWVc1a1lYSmtJRlJwYldVR1ZWUkRMVEE1SGxCaFkybG1hV01nVTNSaGJtUmhjbVFnVkdsdFpTQW9UV1Y0YVdOdktRWlZWRU10TURnVlVHRmphV1pwWXlCVGRHRnVaR0Z5WkNCVWFXMWxHVlZUSUUxdmRXNTBZV2x1SUZOMFlXNWtZWEprSUZScGJXVWZUVzkxYm5SaGFXNGdVM1JoYm1SaGNtUWdWR2x0WlNBb1RXVjRhV052S1JaTmIzVnVkR0ZwYmlCVGRHRnVaR0Z5WkNCVWFXMWxIVU5sYm5SeVlXd2dRVzFsY21sallTQlRkR0Z1WkdGeVpDQlVhVzFsRlVObGJuUnlZV3dnVTNSaGJtUmhjbVFnVkdsdFpSdEZZWE4wWlhJZ1NYTnNZVzVrSUZOMFlXNWtZWEprSUZScGJXVWVRMlZ1ZEhKaGJDQlRkR0Z1WkdGeVpDQlVhVzFsSUNoTlpYaHBZMjhwSEVOaGJtRmtZU0JEWlc1MGNtRnNJRk4wWVc1a1lYSmtJRlJwYldVWVUwRWdVR0ZqYVdacFl5QlRkR0Z1WkdGeVpDQlVhVzFsSGtWaGMzUmxjbTRnVTNSaGJtUmhjbVFnVkdsdFpTQW9UV1Y0YVdOdktSVkZZWE4wWlhKdUlGTjBZVzVrWVhKa0lGUnBiV1VUU0dGcGRHa2dVM1JoYm1SaGNtUWdWR2x0WlJKRGRXSmhJRk4wWVc1a1lYSmtJRlJwYldVWVZWTWdSV0Z6ZEdWeWJpQlRkR0Z1WkdGeVpDQlVhVzFsRmxCaGNtRm5kV0Y1SUZOMFlXNWtZWEprSUZScGJXVVdRWFJzWVc1MGFXTWdVM1JoYm1SaGNtUWdWR2x0WlJkV1pXNWxlblZsYkdFZ1UzUmhibVJoY21RZ1ZHbHRaUjlEWlc1MGNtRnNJRUp5WVhwcGJHbGhiaUJUZEdGdVpHRnlaQ0JVYVcxbEdGTkJJRmRsYzNSbGNtNGdVM1JoYm1SaGNtUWdWR2x0WlJoUVlXTnBabWxqSUZOQklGTjBZVzVrWVhKa0lGUnBiV1VlVkhWeWEzTWdRVzVrSUVOaGFXTnZjeUJUZEdGdVpHRnlaQ0JVYVcxbEdrNWxkMlp2ZFc1a2JHRnVaQ0JUZEdGdVpHRnlaQ0JVYVcxbEYxUnZZMkZ1ZEdsdWN5QlRkR0Z1WkdGeVpDQlVhVzFsSGtVdUlGTnZkWFJvSUVGdFpYSnBZMkVnVTNSaGJtUmhjbVFnVkdsdFpSaFRRU0JGWVhOMFpYSnVJRk4wWVc1a1lYSmtJRlJwYldVWFFYSm5aVzUwYVc1aElGTjBZVzVrWVhKa0lGUnBiV1VYUjNKbFpXNXNZVzVrSUZOMFlXNWtZWEprSUZScGJXVVlUVzl1ZEdWMmFXUmxieUJUZEdGdVpHRnlaQ0JVYVcxbEdFMWhaMkZzYkdGdVpYTWdVM1JoYm1SaGNtUWdWR2x0WlJwVFlXbHVkQ0JRYVdWeWNtVWdVM1JoYm1SaGNtUWdWR2x0WlJOQ1lXaHBZU0JUZEdGdVpHRnlaQ0JVYVcxbEJsVlVReTB3TWhwTmFXUXRRWFJzWVc1MGFXTWdVM1JoYm1SaGNtUWdWR2x0WlJSQmVtOXlaWE1nVTNSaGJtUmhjbVFnVkdsdFpSaERZWEJsSUZabGNtUmxJRk4wWVc1a1lYSmtJRlJwYldVRFZWUkRGVTF2Y205alkyOGdVM1JoYm1SaGNtUWdWR2x0WlJGSFRWUWdVM1JoYm1SaGNtUWdWR2x0WlJkSGNtVmxibmRwWTJnZ1UzUmhibVJoY21RZ1ZHbHRaUmRYTGlCRmRYSnZjR1VnVTNSaGJtUmhjbVFnVkdsdFpSeERaVzUwY21Gc0lFVjFjbTl3WlNCVGRHRnVaR0Z5WkNCVWFXMWxGVkp2YldGdVkyVWdVM1JoYm1SaGNtUWdWR2x0WlI1RFpXNTBjbUZzSUVWMWNtOXdaV0Z1SUZOMFlXNWtZWEprSUZScGJXVWZWeTRnUTJWdWRISmhiQ0JCWm5KcFkyRWdVM1JoYm1SaGNtUWdWR2x0WlJWT1lXMXBZbWxoSUZOMFlXNWtZWEprSUZScGJXVVVTbTl5WkdGdUlGTjBZVzVrWVhKa0lGUnBiV1VSUjFSQ0lGTjBZVzVrWVhKa0lGUnBiV1VaVFdsa1pHeGxJRVZoYzNRZ1UzUmhibVJoY21RZ1ZHbHRaUk5GWjNsd2RDQlRkR0Z1WkdGeVpDQlVhVzFsRjBVdUlFVjFjbTl3WlNCVGRHRnVaR0Z5WkNCVWFXMWxFMU41Y21saElGTjBZVzVrWVhKa0lGUnBiV1VYVjJWemRDQkNZVzVySUZOMFlXNWtZWEprSUZScGJXVWFVMjkxZEdnZ1FXWnlhV05oSUZOMFlXNWtZWEprSUZScGJXVVJSa3hGSUZOMFlXNWtZWEprSUZScGJXVVVTWE55WVdWc0lGTjBZVzVrWVhKa0lGUnBiV1VaUzJGc2FXNXBibWR5WVdRZ1UzUmhibVJoY21RZ1ZHbHRaUk5NYVdKNVlTQlRkR0Z1WkdGeVpDQlVhVzFsRkVGeVlXSnBZeUJUZEdGdVpHRnlaQ0JVYVcxbEZGUjFjbXRsZVNCVGRHRnVaR0Z5WkNCVWFXMWxFa0Z5WVdJZ1UzUmhibVJoY21RZ1ZHbHRaUlZDWld4aGNuVnpJRk4wWVc1a1lYSmtJRlJwYldVVlVuVnpjMmxoYmlCVGRHRnVaR0Z5WkNCVWFXMWxGMFV1SUVGbWNtbGpZU0JUZEdGdVpHRnlaQ0JVYVcxbEVrbHlZVzRnVTNSaGJtUmhjbVFnVkdsdFpSVkJjbUZpYVdGdUlGTjBZVzVrWVhKa0lGUnBiV1VYUVhOMGNtRnJhR0Z1SUZOMFlXNWtZWEprSUZScGJXVVlRWHBsY21KaGFXcGhiaUJUZEdGdVpHRnlaQ0JVYVcxbEVsSjFjM05wWVNCVWFXMWxJRnB2Ym1VZ014ZE5ZWFZ5YVhScGRYTWdVM1JoYm1SaGNtUWdWR2x0WlJWVFlYSmhkRzkySUZOMFlXNWtZWEprSUZScGJXVVdSMlZ2Y21kcFlXNGdVM1JoYm1SaGNtUWdWR2x0WlJaRFlYVmpZWE4xY3lCVGRHRnVaR0Z5WkNCVWFXMWxHVUZtWjJoaGJtbHpkR0Z1SUZOMFlXNWtZWEprSUZScGJXVVhWMlZ6ZENCQmMybGhJRk4wWVc1a1lYSmtJRlJwYldVYVJXdGhkR1Z5YVc1aWRYSm5JRk4wWVc1a1lYSmtJRlJwYldVV1VHRnJhWE4wWVc0Z1UzUmhibVJoY21RZ1ZHbHRaUk5KYm1ScFlTQlRkR0Z1WkdGeVpDQlVhVzFsRjFOeWFTQk1ZVzVyWVNCVGRHRnVaR0Z5WkNCVWFXMWxFMDVsY0dGc0lGTjBZVzVrWVhKa0lGUnBiV1VhUTJWdWRISmhiQ0JCYzJsaElGTjBZVzVrWVhKa0lGUnBiV1VZUW1GdVoyeGhaR1Z6YUNCVGRHRnVaR0Z5WkNCVWFXMWxFazl0YzJzZ1UzUmhibVJoY21RZ1ZHbHRaUlZOZVdGdWJXRnlJRk4wWVc1a1lYSmtJRlJwYldVVlUwVWdRWE5wWVNCVGRHRnVaR0Z5WkNCVWFXMWxFMEZzZEdGcElGTjBZVzVrWVhKa0lGUnBiV1VaVnk0Z1RXOXVaMjlzYVdFZ1UzUmhibVJoY21RZ1ZHbHRaUmhPYjNKMGFDQkJjMmxoSUZOMFlXNWtZWEprSUZScGJXVWRUaTRnUTJWdWRISmhiQ0JCYzJsaElGTjBZVzVrWVhKa0lGUnBiV1VUVkc5dGMyc2dVM1JoYm1SaGNtUWdWR2x0WlJORGFHbHVZU0JUZEdGdVpHRnlaQ0JVYVcxbEhVNXZjblJvSUVGemFXRWdSV0Z6ZENCVGRHRnVaR0Z5WkNCVWFXMWxGMU5wYm1kaGNHOXlaU0JUZEdGdVpHRnlaQ0JVYVcxbEdsY3VJRUYxYzNSeVlXeHBZU0JUZEdGdVpHRnlaQ0JVYVcxbEZGUmhhWEJsYVNCVGRHRnVaR0Z5WkNCVWFXMWxHVlZzWVdGdVltRmhkR0Z5SUZOMFlXNWtZWEprSUZScGJXVVpUbTl5ZEdnZ1MyOXlaV0VnVTNSaGJtUmhjbVFnVkdsdFpSeEJkWE1nUTJWdWRISmhiQ0JYTGlCVGRHRnVaR0Z5WkNCVWFXMWxHVlJ5WVc1elltRnBhMkZzSUZOMFlXNWtZWEprSUZScGJXVVRWRzlyZVc4Z1UzUmhibVJoY21RZ1ZHbHRaUk5MYjNKbFlTQlRkR0Z1WkdGeVpDQlVhVzFsRlZsaGEzVjBjMnNnVTNSaGJtUmhjbVFnVkdsdFpSeERaVzR1SUVGMWMzUnlZV3hwWVNCVGRHRnVaR0Z5WkNCVWFXMWxHVUZWVXlCRFpXNTBjbUZzSUZOMFlXNWtZWEprSUZScGJXVWFSUzRnUVhWemRISmhiR2xoSUZOMFlXNWtZWEprSUZScGJXVVpRVlZUSUVWaGMzUmxjbTRnVTNSaGJtUmhjbVFnVkdsdFpScFhaWE4wSUZCaFkybG1hV01nVTNSaGJtUmhjbVFnVkdsdFpSWlVZWE50WVc1cFlTQlRkR0Z1WkdGeVpDQlVhVzFsR1Zac1lXUnBkbTl6ZEc5cklGTjBZVzVrWVhKa0lGUnBiV1VYVEc5eVpDQkliM2RsSUZOMFlXNWtZWEprSUZScGJXVWFRbTkxWjJGcGJuWnBiR3hsSUZOMFlXNWtZWEprSUZScGJXVVRVblZ6YzJsaElGUnBiV1VnV205dVpTQXhNQlZOWVdkaFpHRnVJRk4wWVc1a1lYSmtJRlJwYldVVlRtOXlabTlzYXlCVGRHRnVaR0Z5WkNCVWFXMWxGbE5oYTJoaGJHbHVJRk4wWVc1a1lYSmtJRlJwYldVZFEyVnVkSEpoYkNCUVlXTnBabWxqSUZOMFlXNWtZWEprSUZScGJXVVRVblZ6YzJsaElGUnBiV1VnV205dVpTQXhNUmxPWlhjZ1dtVmhiR0Z1WkNCVGRHRnVaR0Z5WkNCVWFXMWxCbFZVUXlzeE1oSkdhV3BwSUZOMFlXNWtZWEprSUZScGJXVVhTMkZ0WTJoaGRHdGhJRk4wWVc1a1lYSmtJRlJwYldVZFEyaGhkR2hoYlNCSmMyeGhibVJ6SUZOMFlXNWtZWEprSUZScGJXVUdWVlJES3pFekUxUnZibWRoSUZOMFlXNWtZWEprSUZScGJXVVRVMkZ0YjJFZ1UzUmhibVJoY21RZ1ZHbHRaUnBNYVc1bElFbHpiR0Z1WkhNZ1UzUmhibVJoY21RZ1ZHbHRaUlFyQTRnQloyZG5aMmRuWjJkbloyZG5aMmRuWjJkbloyZG5aMmRuWjJkbloyZG5aMmRuWjJkbloyZG5aMmRuWjJkbloyZG5aMmRuWjJkbloyZG5aMmRuWjJkbloyZG5aMmRuWjJkbloyZG5aMmRuWjJkbloyZG5aMmRuWjJkbloyZG5aMmRuWjJkbloyZG5aMmRuWjJkbloyZG5aMmRuWjJkbloyZG5aMmRuWjJkbloyZG5aMmRuWjJkbloyUmtBaE1QWkJZQ0FnRVBaQllVQWdFUEZnSWZBd1VTVDNSb1pYSWdTVzVtYjNKdFlYUnBiMjQ2WkFJREQyUVdCQUlCRDJRV0FnSUJEeFlDSHdNRkRVUnBjbVZqZEVKcGJHeHBibWRrQWdZUEZRTk1RMjl1ZEdWdWRGQnNZV05sU0c5c1pHVnlSR1ZtWVhWc2RGOU5ZWE4wWlhKUWJHRmpaV2h2YkdSbGNsOURhR0Z1WjJWQlpHUnlaWE56WHpaZlkyaGlSR2x5WldOMFFtbHNiR2x1Wng5RWFYSmxZM1FnUW1sc2JHbHVaeUJKYm1admNtMWhkR2x2YmlCVVpYaDBIMFJwY21WamRDQkNhV3hzYVc1bklFbHVjM1J5ZFdOMGFXOXVJRlJsZUhSa0FnVVBaQllHQWdFUFpCWUNBZ0VQRHhZQ0h3TUZFVUpwYkd4cGJtZEJaMlZ1WTNsT1lXMWxaR1FDQlE4UUR4WUNIeEJuWkdRV0FHUUNCdzhXQWg4RVp4WUNaZzhWQVRkT2J5QmhaMlZ1WTJsbGN5QnVZVzFsSUdadmRXNWtMQ0JRYkdWaGMyVWdZMjl1ZEdGamRDQmpkWE4wYjIxbGNpQnpkWEJ3YjNKMFpBSUhEMlFXQkFJQkQyUVdBZ0lCRHc4V0FoOERCUXBQWm1acFkyVk9ZVzFsWkdRQ0JROFFEeFlDSHhCblpHUVdBR1FDQ1E5a0ZnSUNBUTlrRmdJQ0FROFBGZ0lmQXdVUFQzUm9aWEpCWjJWdVkzbEpibVp2WkdRQ0N3OWtGZ0lDQVE5a0ZnSUNBUThQRmdJZkF3VVBXVzkxY2tOdmJuUmhZM1JPWVcxbFpHUUNEUTlrRmdJQ0FROWtGZ0lDQVE4UEZnSWZBd1VNUTI5dWRHRmpkRkJvYjI1bFpHUUNEdzhQRmdJZkJHZGtGZ1FDQVE5a0ZnSUNBUThQRmdJZkF3VVFRV1JrYVhScGIyNWhiQ0JGYldGcGJHUmtBZ1VQRHhZQ0h3dG9aR1FDRVE4UEZnSWZCR2RrRmdRQ0FROWtGZ0lDQVE4UEZnWWZBd1VVVUhKcFkyVkJaM0psWlcxbGJuUk9kVzFpWlhJZkJ3VVhJSEpsY1hWcGNtVmtSbWxsYkdSRGFHRnlZV04wWlhJZkNBSUNaR1FDQlE4UEZnSWZBd1VGY0hKcFkyVmtaQUlURHc4V0FoOEVaMlFXQkFJQkQyUVdBZ0lCRHhZQ0h3TUZDRU5oYlhCaGFXZHVaQUlGRHhBUEZnSWZFR2RrRHhZQ1pnSUJGZ0lRQlFwT1pYZHpUR1YwZEdWeUJSVlRkV0p6WTNKcFltVlViMDVsZDNOTVpYUjBaWEpuRUFVR1UzVnlkbVY1QlFaVGRYSjJaWGxuRmdCa0FoVVBEeFlDSHdNRkJGTmhkbVZrWkFJWEQyUVdBZ0lCRHhZQ0h3TUZIQ29nVkdobGMyVWdabWxsYkdSeklHRnlaU0J0WVc1a1lYUnZjbmxrQWhrUFpCWUNBZ0VQRmdJZkEyVmtBZ1VQWkJZQ1pnOFBGZ0lmRFFVVFRYa2dRV05qYjNWdWRDQlRaWFIwYVc1bmMyUVdGQUlERHhZQ0h3TUZEMEZqWTI5MWJuUWdSR1YwWVdsc2MyUUNCUThXQWg4REJReEJZMk52ZFc1MElFNXZManBrQWdjUEZnSWZBd1VFTVRnME5tUUNDUThXQWg4REJRdERiMjUwWVdOMElFbEVPbVFDQ3c4V0FoOERCUXN6TVRFd01EQXdNekkxT1dRQ0RROFdBaDhEQlFwVGIyeGtWRzhnU1VRNlpBSVBEeFlDSHdNRkJXVnRjSFI1WkFJUkQyUVdCQUlCRHhZQ0h3TUZZbEJ5YVdObElFRm5jbVZsYldWdWRDQk9ieTQ2SUR4emNHRnVJR05zWVhOelBTSjBiMjlzZEdsd1gybGpiMjRpSUhScGRHeGxQU0owYjI5c2RHbHdJR1p2Y2lCd2NtbGpaU0JoWjNKbFpXMWxiblFnYm5WdFltVnlJajQ4TDNOd1lXNCtaQUlERHhZQ0h3TUZCWEJ5YVdObFpBSVREMlFXRUFJQkR4WUNId01GRFV4dloybHVJRVJsZEdGcGJITmtBZ01QRmdJZkF3VUlWMlZpYkc5bmFXNWtBZ1VQRmdJZkF3VVdjRzUwWlhOME1EQXhRR1YxY205bWFXNXpMbU52YldRQ0NROWtGZ0lDQVE4UEZnWWZBd1VSUTNWeWNtVnVkQ0JRWVhOemQyOXlaRG9mQndVWElISmxjWFZwY21Wa1JtbGxiR1JEYUdGeVlXTjBaWElmQ0FJQ1pHUUNDdzlrRmdJQ0FROFdBaDhEQlExT1pYY2dVR0Z6YzNkdmNtUTZaQUlORDJRV0FnSUJEdzhXQmg4REJSQkRiMjVtYVhKdElGQmhjM04zYjNKa0h3Y0ZGeUJ5WlhGMWFYSmxaRVpwWld4a1EyaGhjbUZqZEdWeUh3Z0NBbVJrQWc4UFpCWUdaZzhWQVdoRGIyNTBaVzUwVUd4aFkyVkliMnhrWlhKRVpXWmhkV3gwWDAxaGMzUmxjbEJzWVdObGFHOXNaR1Z5WDNWalRYbEJZMk52ZFc1MFUyVjBkR2x1WjNOZk4xOTJjME5vWVc1blpWQmhjM04zYjNKa1gyVmpiMjFXWVd4cFpHRjBhVzl1VTNWdGJXRnllV1FDQVE4UEZnSWVEMVpoYkdsa1lYUnBiMjVIY205MWNBVU9RMmhoYm1kbFVHRnpjM2R2Y21Sa1pBSUNEeFVCYUVOdmJuUmxiblJRYkdGalpVaHZiR1JsY2tSbFptRjFiSFJmVFdGemRHVnlVR3hoWTJWb2IyeGtaWEpmZFdOTmVVRmpZMjkxYm5SVFpYUjBhVzVuYzE4M1gzWnpRMmhoYm1kbFVHRnpjM2R2Y21SZlpXTnZiVlpoYkdsa1lYUnBiMjVUZFcxdFlYSjVaQUlRRHhVQmNVTnZiblJsYm5SUWJHRmpaVWh2YkdSbGNrUmxabUYxYkhSZlRXRnpkR1Z5VUd4aFkyVm9iMnhrWlhKZmRXTk5lVUZqWTI5MWJuUlRaWFIwYVc1bmMxODNYM0J1YkVSeVlXZGhZbXhsVjJsdVpHOTNRMjl1ZEdWdWRGOUpibXhwYm1WTlpYTnpZV2RsUTI5dWRHRnBibVZ5WkFJVkR3OFdBaDhEQlFSVFlYWmxaR1FDQnc5a0ZnSm1EdzhXQWg4TkJSRkVjbTl3WW05NElFeHZZMkYwYVc5dWMyUVdDZ0lERHhZQ0h3TUZFMU5sYkdWamRDQjViM1Z5SUdSeWIzQmliM2hrQWdVUEZnSWZBd1VsUkdsemNHeGhlU0JFY205d1FtOTRaWE1nYVc0Z01qQWdUV2xzWlNCeVlXNW5aU0J2Wm1RQ0J3OFBGZ0lmQXdVR05UWXdNRFF5WkdRQ0NBOFZBV2xEYjI1MFpXNTBVR3hoWTJWSWIyeGtaWEpFWldaaGRXeDBYMDFoYzNSbGNsQnNZV05sYUc5c1pHVnlYM1ZqUkhKdmNFSnZlR1Z6WHpoZmNHNXNSSEpoWjJGaWJHVlhhVzVrYjNkRGIyNTBaVzUwWDBsdWJHbHVaVTFsYzNOaFoyVkRiMjUwWVdsdVpYSmtBZ2tQRHhZQ0h3Um9aQllHQWdFUEZnSWVCVlpoYkhWbFpHUUNBdzhXQWg4VUJVTjdJa1JwYzNSaGJtTmxTVzVTWVdScGRYTWlPakl3TENKVmJtbDBUMlpFYVhOMFlXNWpaU0k2TWl3aVNXNXBkR2xoYkUxaGNGcHZiMjFNWlhabGJDSTZNVFY5WkFJSER4WUNIZ3RmSVVsMFpXMURiM1Z1ZEFMLy8vLy9EMlFDRlE5a0ZnSm1EMlFXQW1ZUEZRR21CblpoY2lCemFHOTNVSEp2WjNKbGMzTkNZWEpCWm5SbGNqMHlNREE3RFFwMllYSWdiV1Z6YzJGblpWQnliMmR5WlhOelFtRnlQU2RRYkdWaGMyVWdkMkZwZEM0dUxpYzdEUXAyWVhJZ2NISnZaM0psYzNOQ1lYSlVhWFJzWlQwblVHeGxZWE5sSUhkaGFYUXVMaTRuT3cwS2RtRnlJSEJ5YjJkeVpYTnpRbUZ5UTJGdVkyVnNRblYwZEc5dVZHVjRkRDBuUTJGdVkyVnNKenNOQ25aaGNpQmhiR1Z5ZEUxbGMzTmhaMlZDZFhSMGIyNVVaWGgwUFNkUGF5YzdEUXAyWVhJZ1lXeGxjblJOWlhOellXZGxWR2wwYkdVOUowRnNaWEowSUUxbGMzTmhaMlVuT3cwS2RtRnlJRzl3WlhKdmJsTnBkR1ZWY213OUp5YzdEUXAyWVhJZ1kzVnljbVZ1ZEZOcGRHVkRiMlJsUFNkRlFrVW5PdzBLZG1GeUlITjFZa1J2YldGcGJqMG5VVUVuT3cwS2RtRnlJSEJ2Y25ST2RXMWlaWEk5SnpneEp6c05DblpoY2lCd2NtVk1iMkZrU1cxaFoyVk1hWE4wUFZzbkwyTnpjeTlsZUhRdmFuRjFaWEo1ZEdobGJXVnpMMmx0WVdkbGN5OTFhUzFpWjE5bmJHRnpjMTgxTlY4eFl6RmpNV05mTVhnME1EQXVjRzVuSjEwN0RRcDJZWElnY0hKcFkybHVaMFJsZEdGcGJITkRiRzl6WlVKMWRIUnZibFJsZUhROUowTnNiM05sSnpzTkNuWmhjaUJCWkdSQ2RYUjBiMjVTWlhOdmRYSmpaVlJsZUhRZ1BTQW5RV1JrSnpzTkNuWmhjaUJEWVc1alpXeENkWFIwYjI1U1pYTnZkWEpqWlZSbGVIUWdQU0FuUTJGdVkyVnNKenNOQ25aaGNpQkRiRzl6WlVKMWRIUnZibEpsYzI5MWNtTmxWR1Y0ZENBOUlDZERiRzl6WlNjN0RRcDJZWElnVTJGMlpVSjFkSFJ2YmxKbGMyOTFjbU5sVkdWNGRDQTlJQ2RUWVhabEp6c05DblpoY2lCT2IwSjFkSFJ2YmxKbGMyOTFjbU5sVkdWNGRDQTlJQ2RPYnljN0RRcDJZWElnV1dWelFuVjBkRzl1VW1WemIzVnlZMlZVWlhoMElEMGdKMWxsY3ljN0RRcDJZWElnVkdocFkydENiM2hEYkc5elpWUmxlSFJTWlhOdmRYSmpaU0E5SUNkdmNpQkZjMk1nUzJWNUp6c05DblpoY2lCVWFHbGphMEp2ZUVOc2IzTmxUR2x1YTFKbGMyOTFjbU5sSUQwZ0oyTnNiM05sSnpzTkNuWmhjaUJrWlhCc2IzbHRaVzUwUlc1MmFYSnZibTFsYm5RZ1BTQW5VVUVuT3cwS1pHVGNDV3FXUjJaZGRhSFFLOXFxV1JZbXFya2JmWm5kMXNiSVo2bW9XVUxwc1E9PSIgQ29ycmVsYXRpb25CaW5kaW5nPSIiIFVybEVuY29kZT0iVHJ1ZSIgLz4NCiAgICAgICAgPEZvcm1Qb3N0UGFyYW1ldGVyIE5hbWU9ImN0bDAwJGN0bDAwJGN0bDAwJENvbnRlbnRQbGFjZUhvbGRlckRlZmF1bHQkVG9wTG9nZ2VkSW5fMSRoZG5TY3JlZW5BcmVhIiBWYWx1ZT0ie3skSElEREVOMS5jdGwwMCRjdGwwMCRjdGwwMCRDb250ZW50UGxhY2VIb2xkZXJEZWZhdWx0JFRvcExvZ2dlZEluXzEkaGRuU2NyZWVuQXJlYX19IiBSZWNvcmRlZFZhbHVlPSIiIENvcnJlbGF0aW9uQmluZGluZz0iIiBVcmxFbmNvZGU9IlRydWUiIC8+DQogICAgICAgIDxGb3JtUG9zdFBhcmFtZXRlciBOYW1lPSJjdGwwMCRjdGwwMCRjdGwwMCRDb250ZW50UGxhY2VIb2xkZXJEZWZhdWx0JENhcnRPdmVydmlld18zJGhkbkZpZWxkU2VsZWN0ZWRPcmRlckl0ZW1DaGVja291dFN0YXRlcyIgVmFsdWU9Int7JEhJRERFTjEuY3RsMDAkY3RsMDAkY3RsMDAkQ29udGVudFBsYWNlSG9sZGVyRGVmYXVsdCRDYXJ0T3ZlcnZpZXdfMyRoZG5GaWVsZFNlbGVjdGVkT3JkZXJJdGVtQ2hlY2tvdXRTdGF0ZXN9fSIgUmVjb3JkZWRWYWx1ZT0iIiBDb3JyZWxhdGlvbkJpbmRpbmc9IiIgVXJsRW5jb2RlPSJUcnVlIiAvPg0KICAgICAgICA8Rm9ybVBvc3RQYXJhbWV0ZXIgTmFtZT0iY3RsMDAkY3RsMDAkY3RsMDAkQ29udGVudFBsYWNlSG9sZGVyRGVmYXVsdCRDYXJ0T3ZlcnZpZXdfMyRoZG5GaWVsZENvbXBsZXRlQ2FydENoZWNrb3V0U3RhdGVFbnVtcyIgVmFsdWU9Int7JEhJRERFTjEuY3RsMDAkY3RsMDAkY3RsMDAkQ29udGVudFBsYWNlSG9sZGVyRGVmYXVsdCRDYXJ0T3ZlcnZpZXdfMyRoZG5GaWVsZENvbXBsZXRlQ2FydENoZWNrb3V0U3RhdGVFbnVtc319IiBSZWNvcmRlZFZhbHVlPSIiIENvcnJlbGF0aW9uQmluZGluZz0iIiBVcmxFbmNvZGU9IlRydWUiIC8+DQogICAgICAgIDxGb3JtUG9zdFBhcmFtZXRlciBOYW1lPSJjdGwwMCRjdGwwMCRjdGwwMCRDb250ZW50UGxhY2VIb2xkZXJEZWZhdWx0JENhcnRPdmVydmlld18zJGhkbkZpZWxkU2VsZWN0ZWRJdGVtSWRzIiBWYWx1ZT0ie3skSElEREVOMS5jdGwwMCRjdGwwMCRjdGwwMCRDb250ZW50UGxhY2VIb2xkZXJEZWZhdWx0JENhcnRPdmVydmlld18zJGhkbkZpZWxkU2VsZWN0ZWRJdGVtSWRzfX0iIFJlY29yZGVkVmFsdWU9IiIgQ29ycmVsYXRpb25CaW5kaW5nPSIiIFVybEVuY29kZT0iVHJ1ZSIgLz4NCiAgICAgICAgPEZvcm1Qb3N0UGFyYW1ldGVyIE5hbWU9ImN0bDAwJGN0bDAwJGN0bDAwJENvbnRlbnRQbGFjZUhvbGRlckRlZmF1bHQkQ2FydE92ZXJ2aWV3XzMkaGRuU2NyZWVuQXJlYSIgVmFsdWU9Int7JEhJRERFTjEuY3RsMDAkY3RsMDAkY3RsMDAkQ29udGVudFBsYWNlSG9sZGVyRGVmYXVsdCRDYXJ0T3ZlcnZpZXdfMyRoZG5TY3JlZW5BcmVhfX0iIFJlY29yZGVkVmFsdWU9IiIgQ29ycmVsYXRpb25CaW5kaW5nPSIiIFVybEVuY29kZT0iVHJ1ZSIgLz4NCiAgICAgICAgPEZvcm1Qb3N0UGFyYW1ldGVyIE5hbWU9ImN0bDAwJGN0bDAwJGN0bDAwJENvbnRlbnRQbGFjZUhvbGRlckRlZmF1bHQkTWFzdGVyUGxhY2Vob2xkZXIkUmVxdWlyZVVzZXJMb2dpbl81JGhkblNjcmVlbkFyZWEiIFZhbHVlPSJ7eyRISURERU4xLmN0bDAwJGN0bDAwJGN0bDAwJENvbnRlbnRQbGFjZUhvbGRlckRlZmF1bHQkTWFzdGVyUGxhY2Vob2xkZXIkUmVxdWlyZVVzZXJMb2dpbl81JGhkblNjcmVlbkFyZWF9fSIgUmVjb3JkZWRWYWx1ZT0iIiBDb3JyZWxhdGlvbkJpbmRpbmc9IiIgVXJsRW5jb2RlPSJUcnVlIiAvPg0KICAgICAgICA8Rm9ybVBvc3RQYXJhbWV0ZXIgTmFtZT0iY3RsMDAkY3RsMDAkY3RsMDAkQ29udGVudFBsYWNlSG9sZGVyRGVmYXVsdCRNYXN0ZXJQbGFjZWhvbGRlciRDaGFuZ2VBZGRyZXNzXzYkaGRuU3RhdGVLZXkiIFZhbHVlPSJ7eyRISURERU4xLmN0bDAwJGN0bDAwJGN0bDAwJENvbnRlbnRQbGFjZUhvbGRlckRlZmF1bHQkTWFzdGVyUGxhY2Vob2xkZXIkQ2hhbmdlQWRkcmVzc182JGhkblN0YXRlS2V5fX0iIFJlY29yZGVkVmFsdWU9IklOLUtBIiBDb3JyZWxhdGlvbkJpbmRpbmc9IiIgVXJsRW5jb2RlPSJUcnVlIiAvPg0KICAgICAgICA8Rm9ybVBvc3RQYXJhbWV0ZXIgTmFtZT0iY3RsMDAkY3RsMDAkY3RsMDAkQ29udGVudFBsYWNlSG9sZGVyRGVmYXVsdCRNYXN0ZXJQbGFjZWhvbGRlciRDaGFuZ2VBZGRyZXNzXzYkaGRuQmlsbGluZ0FnZW5jaWVzIiBWYWx1ZT0ie3skSElEREVOMS5jdGwwMCRjdGwwMCRjdGwwMCRDb250ZW50UGxhY2VIb2xkZXJEZWZhdWx0JE1hc3RlclBsYWNlaG9sZGVyJENoYW5nZUFkZHJlc3NfNiRoZG5CaWxsaW5nQWdlbmNpZXN9fSIgUmVjb3JkZWRWYWx1ZT0iIiBDb3JyZWxhdGlvbkJpbmRpbmc9IiIgVXJsRW5jb2RlPSJUcnVlIiAvPg0KICAgICAgICA8Rm9ybVBvc3RQYXJhbWV0ZXIgTmFtZT0iY3RsMDAkY3RsMDAkY3RsMDAkQ29udGVudFBsYWNlSG9sZGVyRGVmYXVsdCRNYXN0ZXJQbGFjZWhvbGRlciRDaGFuZ2VBZGRyZXNzXzYkaGRuQ29udGFjdEFkZHJlc3MiIFZhbHVlPSJ7eyRISURERU4xLmN0bDAwJGN0bDAwJGN0bDAwJENvbnRlbnRQbGFjZUhvbGRlckRlZmF1bHQkTWFzdGVyUGxhY2Vob2xkZXIkQ2hhbmdlQWRkcmVzc182JGhkbkNvbnRhY3RBZGRyZXNzfX0iIFJlY29yZGVkVmFsdWU9IiIgQ29ycmVsYXRpb25CaW5kaW5nPSIiIFVybEVuY29kZT0iVHJ1ZSIgLz4NCiAgICAgICAgPEZvcm1Qb3N0UGFyYW1ldGVyIE5hbWU9ImN0bDAwJGN0bDAwJGN0bDAwJENvbnRlbnRQbGFjZUhvbGRlckRlZmF1bHQkTWFzdGVyUGxhY2Vob2xkZXIkQ2hhbmdlQWRkcmVzc182JGhkbkJpbGxpbmdBZ2VuY3lJZCIgVmFsdWU9Int7JEhJRERFTjEuY3RsMDAkY3RsMDAkY3RsMDAkQ29udGVudFBsYWNlSG9sZGVyRGVmYXVsdCRNYXN0ZXJQbGFjZWhvbGRlciRDaGFuZ2VBZGRyZXNzXzYkaGRuQmlsbGluZ0FnZW5jeUlkfX0iIFJlY29yZGVkVmFsdWU9IiIgQ29ycmVsYXRpb25CaW5kaW5nPSIiIFVybEVuY29kZT0iVHJ1ZSIgLz4NCiAgICAgICAgPEZvcm1Qb3N0UGFyYW1ldGVyIE5hbWU9ImN0bDAwJGN0bDAwJGN0bDAwJENvbnRlbnRQbGFjZUhvbGRlckRlZmF1bHQkTWFzdGVyUGxhY2Vob2xkZXIkQ2hhbmdlQWRkcmVzc182JGhkbkJpbGxpbmdBZ2VuY3lOYW1lIiBWYWx1ZT0ie3skSElEREVOMS5jdGwwMCRjdGwwMCRjdGwwMCRDb250ZW50UGxhY2VIb2xkZXJEZWZhdWx0JE1hc3RlclBsYWNlaG9sZGVyJENoYW5nZUFkZHJlc3NfNiRoZG5CaWxsaW5nQWdlbmN5TmFtZX19IiBSZWNvcmRlZFZhbHVlPSIiIENvcnJlbGF0aW9uQmluZGluZz0iIiBVcmxFbmNvZGU9IlRydWUiIC8+DQogICAgICAgIDxGb3JtUG9zdFBhcmFtZXRlciBOYW1lPSJjdGwwMCRjdGwwMCRjdGwwMCRDb250ZW50UGxhY2VIb2xkZXJEZWZhdWx0JE1hc3RlclBsYWNlaG9sZGVyJENoYW5nZUFkZHJlc3NfNiRoZG5PZmZpY2VOYW1lIiBWYWx1ZT0ie3skSElEREVOMS5jdGwwMCRjdGwwMCRjdGwwMCRDb250ZW50UGxhY2VIb2xkZXJEZWZhdWx0JE1hc3RlclBsYWNlaG9sZGVyJENoYW5nZUFkZHJlc3NfNiRoZG5PZmZpY2VOYW1lfX0iIFJlY29yZGVkVmFsdWU9IiIgQ29ycmVsYXRpb25CaW5kaW5nPSIiIFVybEVuY29kZT0iVHJ1ZSIgLz4NCiAgICAgICAgPEZvcm1Qb3N0UGFyYW1ldGVyIE5hbWU9ImN0bDAwJGN0bDAwJGN0bDAwJENvbnRlbnRQbGFjZUhvbGRlckRlZmF1bHQkTWFzdGVyUGxhY2Vob2xkZXIkQ2hhbmdlQWRkcmVzc182JHR4dFRpdGxlIiBWYWx1ZT0iTVIiIFJlY29yZGVkVmFsdWU9Ik1SIiBDb3JyZWxhdGlvbkJpbmRpbmc9Int7Rm9ybVBvc3RQYXJhbTEuY3RsMDAkY3RsMDAkY3RsMDAkQ29udGVudFBsYWNlSG9sZGVyRGVmYXVsdCRNYXN0ZXJQbGFjZWhvbGRlciRDaGFuZ2VBZGRyZXNzXzYkdHh0VGl0bGV9fSIgVXJsRW5jb2RlPSJUcnVlIiAvPg0KICAgICAgICA8Rm9ybVBvc3RQYXJhbWV0ZXIgTmFtZT0iY3RsMDAkY3RsMDAkY3RsMDAkQ29udGVudFBsYWNlSG9sZGVyRGVmYXVsdCRNYXN0ZXJQbGFjZWhvbGRlciRDaGFuZ2VBZGRyZXNzXzYkdHh0Rmlyc3RuYW1lIiBWYWx1ZT0icG50ZXN0ZjAwMSIgUmVjb3JkZWRWYWx1ZT0icG50ZXN0ZjAwMSIgQ29ycmVsYXRpb25CaW5kaW5nPSJ7e0Zvcm1Qb3N0UGFyYW0yLmN0bDAwJGN0bDAwJGN0bDAwJENvbnRlbnRQbGFjZUhvbGRlckRlZmF1bHQkTWFzdGVyUGxhY2Vob2xkZXIkQ2hhbmdlQWRkcmVzc182JHR4dEZpcnN0bmFtZX19IiBVcmxFbmNvZGU9IlRydWUiIC8+DQogICAgICAgIDxGb3JtUG9zdFBhcmFtZXRlciBOYW1lPSJjdGwwMCRjdGwwMCRjdGwwMCRDb250ZW50UGxhY2VIb2xkZXJEZWZhdWx0JE1hc3RlclBsYWNlaG9sZGVyJENoYW5nZUFkZHJlc3NfNiR0eHRMYXN0bmFtZSIgVmFsdWU9InBudGVzdGwwMDEiIFJlY29yZGVkVmFsdWU9InBudGVzdGwwMDEiIENvcnJlbGF0aW9uQmluZGluZz0ie3tGb3JtUG9zdFBhcmFtMy5jdGwwMCRjdGwwMCRjdGwwMCRDb250ZW50UGxhY2VIb2xkZXJEZWZhdWx0JE1hc3RlclBsYWNlaG9sZGVyJENoYW5nZUFkZHJlc3NfNiR0eHRMYXN0bmFtZX19IiBVcmxFbmNvZGU9IlRydWUiIC8+DQogICAgICAgIDxGb3JtUG9zdFBhcmFtZXRlciBOYW1lPSJjdGwwMCRjdGwwMCRjdGwwMCRDb250ZW50UGxhY2VIb2xkZXJEZWZhdWx0JE1hc3RlclBsYWNlaG9sZGVyJENoYW5nZUFkZHJlc3NfNiR0eHRDb21wYW55IiBWYWx1ZT0iRXVyb2ZpbnMiIFJlY29yZGVkVmFsdWU9IkV1cm9maW5zIiBDb3JyZWxhdGlvbkJpbmRpbmc9Int7Rm9ybVBvc3RQYXJhbTQuY3RsMDAkY3RsMDAkY3RsMDAkQ29udGVudFBsYWNlSG9sZGVyRGVmYXVsdCRNYXN0ZXJQbGFjZWhvbGRlciRDaGFuZ2VBZGRyZXNzXzYkdHh0Q29tcGFueX19IiBVcmxFbmNvZGU9IlRydWUiIC8+DQogICAgICAgIDxGb3JtUG9zdFBhcmFtZXRlciBOYW1lPSJjdGwwMCRjdGwwMCRjdGwwMCRDb250ZW50UGxhY2VIb2xkZXJEZWZhdWx0JE1hc3RlclBsYWNlaG9sZGVyJENoYW5nZUFkZHJlc3NfNiR0eHREZXBhcnRtZW50IiBWYWx1ZT0iSVQiIFJlY29yZGVkVmFsdWU9IklUIiBDb3JyZWxhdGlvbkJpbmRpbmc9Int7Rm9ybVBvc3RQYXJhbTUuY3RsMDAkY3RsMDAkY3RsMDAkQ29udGVudFBsYWNlSG9sZGVyRGVmYXVsdCRNYXN0ZXJQbGFjZWhvbGRlciRDaGFuZ2VBZGRyZXNzXzYkdHh0RGVwYXJ0bWVudH19IiBVcmxFbmNvZGU9IlRydWUiIC8+DQogICAgICAgIDxGb3JtUG9zdFBhcmFtZXRlciBOYW1lPSJjdGwwMCRjdGwwMCRjdGwwMCRDb250ZW50UGxhY2VIb2xkZXJEZWZhdWx0JE1hc3RlclBsYWNlaG9sZGVyJENoYW5nZUFkZHJlc3NfNiR0eHRHcm91cCIgVmFsdWU9Ikdyb3VwIiBSZWNvcmRlZFZhbHVlPSJHcm91cCIgQ29ycmVsYXRpb25CaW5kaW5nPSJ7e0Zvcm1Qb3N0UGFyYW02LmN0bDAwJGN0bDAwJGN0bDAwJENvbnRlbnRQbGFjZUhvbGRlckRlZmF1bHQkTWFzdGVyUGxhY2Vob2xkZXIkQ2hhbmdlQWRkcmVzc182JHR4dEdyb3VwfX0iIFVybEVuY29kZT0iVHJ1ZSIgLz4NCiAgICAgICAgPEZvcm1Qb3N0UGFyYW1ldGVyIE5hbWU9ImN0bDAwJGN0bDAwJGN0bDAwJENvbnRlbnRQbGFjZUhvbGRlckRlZmF1bHQkTWFzdGVyUGxhY2Vob2xkZXIkQ2hhbmdlQWRkcmVzc182JHR4dFN0cmVldCIgVmFsdWU9IlN0cmVldDAwMSIgUmVjb3JkZWRWYWx1ZT0iU3RyZWV0MDAxIiBDb3JyZWxhdGlvbkJpbmRpbmc9Int7Rm9ybVBvc3RQYXJhbTcuY3RsMDAkY3RsMDAkY3RsMDAkQ29udGVudFBsYWNlSG9sZGVyRGVmYXVsdCRNYXN0ZXJQbGFjZWhvbGRlciRDaGFuZ2VBZGRyZXNzXzYkdHh0U3RyZWV0fX0iIFVybEVuY29kZT0iVHJ1ZSIgLz4NCiAgICAgICAgPEZvcm1Qb3N0UGFyYW1ldGVyIE5hbWU9ImN0bDAwJGN0bDAwJGN0bDAwJENvbnRlbnRQbGFjZUhvbGRlckRlZmF1bHQkTWFzdGVyUGxhY2Vob2xkZXIkQ2hhbmdlQWRkcmVzc182JHR4dFN0cmVldDIiIFZhbHVlPSJTdHJlZXQwMDEiIFJlY29yZGVkVmFsdWU9IlN0cmVldDAwMSIgQ29ycmVsYXRpb25CaW5kaW5nPSJ7e0Zvcm1Qb3N0UGFyYW04LmN0bDAwJGN0bDAwJGN0bDAwJENvbnRlbnRQbGFjZUhvbGRlckRlZmF1bHQkTWFzdGVyUGxhY2Vob2xkZXIkQ2hhbmdlQWRkcmVzc182JHR4dFN0cmVldDJ9fSIgVXJsRW5jb2RlPSJUcnVlIiAvPg0KICAgICAgICA8Rm9ybVBvc3RQYXJhbWV0ZXIgTmFtZT0iY3RsMDAkY3RsMDAkY3RsMDAkQ29udGVudFBsYWNlSG9sZGVyRGVmYXVsdCRNYXN0ZXJQbGFjZWhvbGRlciRDaGFuZ2VBZGRyZXNzXzYkdHh0U3RyZWV0MyIgVmFsdWU9IlN0cmVldDAwMSIgUmVjb3JkZWRWYWx1ZT0iU3RyZWV0MDAxIiBDb3JyZWxhdGlvbkJpbmRpbmc9Int7Rm9ybVBvc3RQYXJhbTkuY3RsMDAkY3RsMDAkY3RsMDAkQ29udGVudFBsYWNlSG9sZGVyRGVmYXVsdCRNYXN0ZXJQbGFjZWhvbGRlciRDaGFuZ2VBZGRyZXNzXzYkdHh0U3RyZWV0M319IiBVcmxFbmNvZGU9IlRydWUiIC8+DQogICAgICAgIDxGb3JtUG9zdFBhcmFtZXRlciBOYW1lPSJjdGwwMCRjdGwwMCRjdGwwMCRDb250ZW50UGxhY2VIb2xkZXJEZWZhdWx0JE1hc3RlclBsYWNlaG9sZGVyJENoYW5nZUFkZHJlc3NfNiR0eHRDaXR5IiBWYWx1ZT0iQ2l0eTAwMSIgUmVjb3JkZWRWYWx1ZT0iQ2l0eTAwMSIgQ29ycmVsYXRpb25CaW5kaW5nPSJ7e0Zvcm1Qb3N0UGFyYW0xMC5jdGwwMCRjdGwwMCRjdGwwMCRDb250ZW50UGxhY2VIb2xkZXJEZWZhdWx0JE1hc3RlclBsYWNlaG9sZGVyJENoYW5nZUFkZHJlc3NfNiR0eHRDaXR5fX0iIFVybEVuY29kZT0iVHJ1ZSIgLz4NCiAgICAgICAgPEZvcm1Qb3N0UGFyYW1ldGVyIE5hbWU9ImN0bDAwJGN0bDAwJGN0bDAwJENvbnRlbnRQbGFjZUhvbGRlckRlZmF1bHQkTWFzdGVyUGxhY2Vob2xkZXIkQ2hhbmdlQWRkcmVzc182JGRkbENvdW50cnkiIFZhbHVlPSJJTiIgUmVjb3JkZWRWYWx1ZT0iSU4iIENvcnJlbGF0aW9uQmluZGluZz0ie3tGb3JtUG9zdFBhcmFtMTcuY3RsMDAkY3RsMDAkY3RsMDAkQ29udGVudFBsYWNlSG9sZGVyRGVmYXVsdCRNYXN0ZXJQbGFjZWhvbGRlciRDaGFuZ2VBZGRyZXNzXzYkZGRsQ291bnRyeX19IiBVcmxFbmNvZGU9IlRydWUiIC8+DQogICAgICAgIDxGb3JtUG9zdFBhcmFtZXRlciBOYW1lPSJjdGwwMCRjdGwwMCRjdGwwMCRDb250ZW50UGxhY2VIb2xkZXJEZWZhdWx0JE1hc3RlclBsYWNlaG9sZGVyJENoYW5nZUFkZHJlc3NfNiRkZGxTdGF0ZSIgVmFsdWU9IklOLUtBIiBSZWNvcmRlZFZhbHVlPSJJTi1LQSIgQ29ycmVsYXRpb25CaW5kaW5nPSJ7e0Zvcm1Qb3N0UGFyYW0xOC5jdGwwMCRjdGwwMCRjdGwwMCRDb250ZW50UGxhY2VIb2xkZXJEZWZhdWx0JE1hc3RlclBsYWNlaG9sZGVyJENoYW5nZUFkZHJlc3NfNiRkZGxTdGF0ZX19IiBVcmxFbmNvZGU9IlRydWUiIC8+DQogICAgICAgIDxGb3JtUG9zdFBhcmFtZXRlciBOYW1lPSJjdGwwMCRjdGwwMCRjdGwwMCRDb250ZW50UGxhY2VIb2xkZXJEZWZhdWx0JE1hc3RlclBsYWNlaG9sZGVyJENoYW5nZUFkZHJlc3NfNiR0eHRQb3N0YWxDb2RlIiBWYWx1ZT0iNTYwMDQyIiBSZWNvcmRlZFZhbHVlPSI1NjAwNDIiIENvcnJlbGF0aW9uQmluZGluZz0ie3tGb3JtUG9zdFBhcmFtMTEuY3RsMDAkY3RsMDAkY3RsMDAkQ29udGVudFBsYWNlSG9sZGVyRGVmYXVsdCRNYXN0ZXJQbGFjZWhvbGRlciRDaGFuZ2VBZGRyZXNzXzYkdHh0UG9zdGFsQ29kZX19IiBVcmxFbmNvZGU9IlRydWUiIC8+DQogICAgICAgIDxGb3JtUG9zdFBhcmFtZXRlciBOYW1lPSJjdGwwMCRjdGwwMCRjdGwwMCRDb250ZW50UGxhY2VIb2xkZXJEZWZhdWx0JE1hc3RlclBsYWNlaG9sZGVyJENoYW5nZUFkZHJlc3NfNiR0eHRFbWFpbCIgVmFsdWU9InBudGVzdDAwMUBldXJvZmlucy5jb20iIFJlY29yZGVkVmFsdWU9InBudGVzdDAwMUBldXJvZmlucy5jb20iIENvcnJlbGF0aW9uQmluZGluZz0ie3tGb3JtUG9zdFBhcmFtMTIuY3RsMDAkY3RsMDAkY3RsMDAkQ29udGVudFBsYWNlSG9sZGVyRGVmYXVsdCRNYXN0ZXJQbGFjZWhvbGRlciRDaGFuZ2VBZGRyZXNzXzYkdHh0RW1haWx9fSIgVXJsRW5jb2RlPSJUcnVlIiAvPg0KICAgICAgICA8Rm9ybVBvc3RQYXJhbWV0ZXIgTmFtZT0iY3RsMDAkY3RsMDAkY3RsMDAkQ29udGVudFBsYWNlSG9sZGVyRGVmYXVsdCRNYXN0ZXJQbGFjZWhvbGRlciRDaGFuZ2VBZGRyZXNzXzYkdHh0VGVsZXBob25lIiBWYWx1ZT0iOTczOTU2NTY1NiIgUmVjb3JkZWRWYWx1ZT0iOTczOTU2NTY1NiIgQ29ycmVsYXRpb25CaW5kaW5nPSJ7e0Zvcm1Qb3N0UGFyYW0xMy5jdGwwMCRjdGwwMCRjdGwwMCRDb250ZW50UGxhY2VIb2xkZXJEZWZhdWx0JE1hc3RlclBsYWNlaG9sZGVyJENoYW5nZUFkZHJlc3NfNiR0eHRUZWxlcGhvbmV9fSIgVXJsRW5jb2RlPSJUcnVlIiAvPg0KICAgICAgICA8Rm9ybVBvc3RQYXJhbWV0ZXIgTmFtZT0iY3RsMDAkY3RsMDAkY3RsMDAkQ29udGVudFBsYWNlSG9sZGVyRGVmYXVsdCRNYXN0ZXJQbGFjZWhvbGRlciRDaGFuZ2VBZGRyZXNzXzYkdHh0VGVsZXBob25lRXh0ZW5zaW9uIiBWYWx1ZT0iIiBSZWNvcmRlZFZhbHVlPSIiIENvcnJlbGF0aW9uQmluZGluZz0iIiBVcmxFbmNvZGU9IlRydWUiIC8+DQogICAgICAgIDxGb3JtUG9zdFBhcmFtZXRlciBOYW1lPSJjdGwwMCRjdGwwMCRjdGwwMCRDb250ZW50UGxhY2VIb2xkZXJEZWZhdWx0JE1hc3RlclBsYWNlaG9sZGVyJENoYW5nZUFkZHJlc3NfNiR0eHRNb2JpbGUiIFZhbHVlPSI5NzM5NTY1NjU2IiBSZWNvcmRlZFZhbHVlPSI5NzM5NTY1NjU2IiBDb3JyZWxhdGlvbkJpbmRpbmc9Int7Rm9ybVBvc3RQYXJhbTE0LmN0bDAwJGN0bDAwJGN0bDAwJENvbnRlbnRQbGFjZUhvbGRlckRlZmF1bHQkTWFzdGVyUGxhY2Vob2xkZXIkQ2hhbmdlQWRkcmVzc182JHR4dE1vYmlsZX19IiBVcmxFbmNvZGU9IlRydWUiIC8+DQogICAgICAgIDxGb3JtUG9zdFBhcmFtZXRlciBOYW1lPSJjdGwwMCRjdGwwMCRjdGwwMCRDb250ZW50UGxhY2VIb2xkZXJEZWZhdWx0JE1hc3RlclBsYWNlaG9sZGVyJENoYW5nZUFkZHJlc3NfNiR0eHRGYXgiIFZhbHVlPSIxMjMiIFJlY29yZGVkVmFsdWU9IjEyMyIgQ29ycmVsYXRpb25CaW5kaW5nPSJ7e0Zvcm1Qb3N0UGFyYW0xNS5jdGwwMCRjdGwwMCRjdGwwMCRDb250ZW50UGxhY2VIb2xkZXJEZWZhdWx0JE1hc3RlclBsYWNlaG9sZGVyJENoYW5nZUFkZHJlc3NfNiR0eHRGYXh9fSIgVXJsRW5jb2RlPSJUcnVlIiAvPg0KICAgICAgICA8Rm9ybVBvc3RQYXJhbWV0ZXIgTmFtZT0iY3RsMDAkY3RsMDAkY3RsMDAkQ29udGVudFBsYWNlSG9sZGVyRGVmYXVsdCRNYXN0ZXJQbGFjZWhvbGRlciRDaGFuZ2VBZGRyZXNzXzYkdHh0UmVjaXBpZW50IiBWYWx1ZT0iIiBSZWNvcmRlZFZhbHVlPSIiIENvcnJlbGF0aW9uQmluZGluZz0iIiBVcmxFbmNvZGU9IlRydWUiIC8+DQogICAgICAgIDxGb3JtUG9zdFBhcmFtZXRlciBOYW1lPSJjdGwwMCRjdGwwMCRjdGwwMCRDb250ZW50UGxhY2VIb2xkZXJEZWZhdWx0JE1hc3RlclBsYWNlaG9sZGVyJENoYW5nZUFkZHJlc3NfNiRkZGxUaW1lem9uZSIgVmFsdWU9IkluZGlhIFN0YW5kYXJkIFRpbWUiIFJlY29yZGVkVmFsdWU9IkluZGlhIFN0YW5kYXJkIFRpbWUiIENvcnJlbGF0aW9uQmluZGluZz0ie3tGb3JtUG9zdFBhcmFtMTkuY3RsMDAkY3RsMDAkY3RsMDAkQ29udGVudFBsYWNlSG9sZGVyRGVmYXVsdCRNYXN0ZXJQbGFjZWhvbGRlciRDaGFuZ2VBZGRyZXNzXzYkZGRsVGltZXpvbmV9fSIgVXJsRW5jb2RlPSJUcnVlIiAvPg0KICAgICAgICA8Rm9ybVBvc3RQYXJhbWV0ZXIgTmFtZT0iY3RsMDAkY3RsMDAkY3RsMDAkQ29udGVudFBsYWNlSG9sZGVyRGVmYXVsdCRNYXN0ZXJQbGFjZWhvbGRlciRDaGFuZ2VBZGRyZXNzXzYkaGRuU2NyZWVuQXJlYSIgVmFsdWU9Int7JEhJRERFTjEuY3RsMDAkY3RsMDAkY3RsMDAkQ29udGVudFBsYWNlSG9sZGVyRGVmYXVsdCRNYXN0ZXJQbGFjZWhvbGRlciRDaGFuZ2VBZGRyZXNzXzYkaGRuU2NyZWVuQXJlYX19IiBSZWNvcmRlZFZhbHVlPSIiIENvcnJlbGF0aW9uQmluZGluZz0iIiBVcmxFbmNvZGU9IlRydWUiIC8+DQogICAgICAgIDxGb3JtUG9zdFBhcmFtZXRlciBOYW1lPSJjdGwwMCRjdGwwMCRjdGwwMCRDb250ZW50UGxhY2VIb2xkZXJEZWZhdWx0JE1hc3RlclBsYWNlaG9sZGVyJHVjTXlBY2NvdW50U2V0dGluZ3NfNyR0eHRXZWJsb2dpblZhbHVlIiBWYWx1ZT0icG50ZXN0MDAxQGV1cm9maW5zLmNvbSIgUmVjb3JkZWRWYWx1ZT0icG50ZXN0MDAxQGV1cm9maW5zLmNvbSIgQ29ycmVsYXRpb25CaW5kaW5nPSJ7e0Zvcm1Qb3N0UGFyYW0xNi5jdGwwMCRjdGwwMCRjdGwwMCRDb250ZW50UGxhY2VIb2xkZXJEZWZhdWx0JE1hc3RlclBsYWNlaG9sZGVyJHVjTXlBY2NvdW50U2V0dGluZ3NfNyR0eHRXZWJsb2dpblZhbHVlfX0iIFVybEVuY29kZT0iVHJ1ZSIgLz4NCiAgICAgICAgPEZvcm1Qb3N0UGFyYW1ldGVyIE5hbWU9ImN0bDAwJGN0bDAwJGN0bDAwJENvbnRlbnRQbGFjZUhvbGRlckRlZmF1bHQkTWFzdGVyUGxhY2Vob2xkZXIkdWNNeUFjY291bnRTZXR0aW5nc183JHR4dEN1cnJlbnRQYXNzd29yZCIgVmFsdWU9IiIgUmVjb3JkZWRWYWx1ZT0iIiBDb3JyZWxhdGlvbkJpbmRpbmc9IiIgVXJsRW5jb2RlPSJUcnVlIiAvPg0KICAgICAgICA8Rm9ybVBvc3RQYXJhbWV0ZXIgTmFtZT0iY3RsMDAkY3RsMDAkY3RsMDAkQ29udGVudFBsYWNlSG9sZGVyRGVmYXVsdCRNYXN0ZXJQbGFjZWhvbGRlciR1Y015QWNjb3VudFNldHRpbmdzXzckdHh0TmV3UGFzc3dvcmQiIFZhbHVlPSIiIFJlY29yZGVkVmFsdWU9IiIgQ29ycmVsYXRpb25CaW5kaW5nPSIiIFVybEVuY29kZT0iVHJ1ZSIgLz4NCiAgICAgICAgPEZvcm1Qb3N0UGFyYW1ldGVyIE5hbWU9ImN0bDAwJGN0bDAwJGN0bDAwJENvbnRlbnRQbGFjZUhvbGRlckRlZmF1bHQkTWFzdGVyUGxhY2Vob2xkZXIkdWNNeUFjY291bnRTZXR0aW5nc183JHR4dENvbmZpcm1QYXNzd29yZCIgVmFsdWU9IiIgUmVjb3JkZWRWYWx1ZT0iIiBDb3JyZWxhdGlvbkJpbmRpbmc9IiIgVXJsRW5jb2RlPSJUcnVlIiAvPg0KICAgICAgICA8Rm9ybVBvc3RQYXJhbWV0ZXIgTmFtZT0iY3RsMDAkY3RsMDAkY3RsMDAkQ29udGVudFBsYWNlSG9sZGVyRGVmYXVsdCRNYXN0ZXJQbGFjZWhvbGRlciR1Y015QWNjb3VudFNldHRpbmdzXzckdnNDaGFuZ2VQYXNzd29yZCRoZG5WYWxpZGF0aW9uUmVzdWx0IiBWYWx1ZT0ie3skSElEREVOMS5jdGwwMCRjdGwwMCRjdGwwMCRDb250ZW50UGxhY2VIb2xkZXJEZWZhdWx0JE1hc3RlclBsYWNlaG9sZGVyJHVjTXlBY2NvdW50U2V0dGluZ3NfNyR2c0NoYW5nZVBhc3N3b3JkJGhkblZhbGlkYXRpb25SZXN1bHR9fSIgUmVjb3JkZWRWYWx1ZT0iIiBDb3JyZWxhdGlvbkJpbmRpbmc9IiIgVXJsRW5jb2RlPSJUcnVlIiAvPg0KICAgICAgICA8Rm9ybVBvc3RQYXJhbWV0ZXIgTmFtZT0iY3RsMDAkY3RsMDAkY3RsMDAkQ29udGVudFBsYWNlSG9sZGVyRGVmYXVsdCRNYXN0ZXJQbGFjZWhvbGRlciR1Y015QWNjb3VudFNldHRpbmdzXzckaGRuU2NyZWVuQXJlYSIgVmFsdWU9Int7JEhJRERFTjEuY3RsMDAkY3RsMDAkY3RsMDAkQ29udGVudFBsYWNlSG9sZGVyRGVmYXVsdCRNYXN0ZXJQbGFjZWhvbGRlciR1Y015QWNjb3VudFNldHRpbmdzXzckaGRuU2NyZWVuQXJlYX19IiBSZWNvcmRlZFZhbHVlPSIiIENvcnJlbGF0aW9uQmluZGluZz0iIiBVcmxFbmNvZGU9IlRydWUiIC8+DQogICAgICAgIDxGb3JtUG9zdFBhcmFtZXRlciBOYW1lPSJjdGwwMCRjdGwwMCRjdGwwMCRDb250ZW50UGxhY2VIb2xkZXJEZWZhdWx0JE1hc3RlclBsYWNlaG9sZGVyJHVjRHJvcEJveGVzXzgkaGRuX0NvbnRlbnRQbGFjZUhvbGRlckRlZmF1bHRfTWFzdGVyUGxhY2Vob2xkZXJfdWNEcm9wQm94ZXNfOF9wbmxEcmFnYWJsZVdpbmRvd0NvbnRlbnRfU3RhbmRBbG9uZUlkIiBWYWx1ZT0ie3skSElEREVOMS5jdGwwMCRjdGwwMCRjdGwwMCRDb250ZW50UGxhY2VIb2xkZXJEZWZhdWx0JE1hc3RlclBsYWNlaG9sZGVyJHVjRHJvcEJveGVzXzgkaGRuX0NvbnRlbnRQbGFjZUhvbGRlckRlZmF1bHRfTWFzdGVyUGxhY2Vob2xkZXJfdWNEcm9wQm94ZXNfOF9wbmxEcmFnYWJsZVdpbmRvd0NvbnRlbnRfU3RhbmRBbG9uZUlkfX0iIFJlY29yZGVkVmFsdWU9IlN0YW5kQWxvbmVTYXZlIiBDb3JyZWxhdGlvbkJpbmRpbmc9IiIgVXJsRW5jb2RlPSJUcnVlIiAvPg0KICAgICAgICA8Rm9ybVBvc3RQYXJhbWV0ZXIgTmFtZT0iY3RsMDAkY3RsMDAkY3RsMDAkQ29udGVudFBsYWNlSG9sZGVyRGVmYXVsdCRNYXN0ZXJQbGFjZWhvbGRlciR1Y0Ryb3BCb3hlc184JGhkblNjcmVlbkFyZWEiIFZhbHVlPSJ7eyRISURERU4xLmN0bDAwJGN0bDAwJGN0bDAwJENvbnRlbnRQbGFjZUhvbGRlckRlZmF1bHQkTWFzdGVyUGxhY2Vob2xkZXIkdWNEcm9wQm94ZXNfOCRoZG5TY3JlZW5BcmVhfX0iIFJlY29yZGVkVmFsdWU9IiIgQ29ycmVsYXRpb25CaW5kaW5nPSIiIFVybEVuY29kZT0iVHJ1ZSIgLz4NCiAgICAgICAgPEZvcm1Qb3N0UGFyYW1ldGVyIE5hbWU9ImN0bDAwJGN0bDAwJGN0bDAwJENvbnRlbnRQbGFjZUhvbGRlckRlZmF1bHQkaGRuQ2FuSW5pdGlhbGl6ZUN1bHR1cmUiIFZhbHVlPSJ7eyRISURERU4xLmN0bDAwJGN0bDAwJGN0bDAwJENvbnRlbnRQbGFjZUhvbGRlckRlZmF1bHQkaGRuQ2FuSW5pdGlhbGl6ZUN1bHR1cmV9fSIgUmVjb3JkZWRWYWx1ZT0iZmFsc2UiIENvcnJlbGF0aW9uQmluZGluZz0iIiBVcmxFbmNvZGU9IlRydWUiIC8+DQogICAgICAgIDxGb3JtUG9zdFBhcmFtZXRlciBOYW1lPSJjdGwwMCRjdGwwMCRjdGwwMCRDb250ZW50UGxhY2VIb2xkZXJEZWZhdWx0JGhkbkVjb21EcmFnRHJvcEpzb24iIFZhbHVlPSJ7eyRISURERU4xLmN0bDAwJGN0bDAwJGN0bDAwJENvbnRlbnRQbGFjZUhvbGRlckRlZmF1bHQkaGRuRWNvbURyYWdEcm9wSnNvbn19IiBSZWNvcmRlZFZhbHVlPSIiIENvcnJlbGF0aW9uQmluZGluZz0iIiBVcmxFbmNvZGU9IlRydWUiIC8+DQogICAgICAgIDxGb3JtUG9zdFBhcmFtZXRlciBOYW1lPSJjdGwwMCRjdGwwMCRjdGwwMCRDb250ZW50UGxhY2VIb2xkZXJEZWZhdWx0JGhkbkN1cnJlbnRQYWdlSWRlbnRpdHkiIFZhbHVlPSJ7eyRISURERU4xLmN0bDAwJGN0bDAwJGN0bDAwJENvbnRlbnRQbGFjZUhvbGRlckRlZmF1bHQkaGRuQ3VycmVudFBhZ2VJZGVudGl0eX19IiBSZWNvcmRlZFZhbHVlPSIxMTM2IiBDb3JyZWxhdGlvbkJpbmRpbmc9IiIgVXJsRW5jb2RlPSJUcnVlIiAvPg0KICAgICAgICA8Rm9ybVBvc3RQYXJhbWV0ZXIgTmFtZT0iY3RsMDAkY3RsMDAkY3RsMDAkQ29udGVudFBsYWNlSG9sZGVyRGVmYXVsdCRoZG5TY3JvbGxZUG9zaXRpb24iIFZhbHVlPSJ7eyRISURERU4xLmN0bDAwJGN0bDAwJGN0bDAwJENvbnRlbnRQbGFjZUhvbGRlckRlZmF1bHQkaGRuU2Nyb2xsWVBvc2l0aW9ufX0iIFJlY29yZGVkVmFsdWU9IjAiIENvcnJlbGF0aW9uQmluZGluZz0iIiBVcmxFbmNvZGU9IlRydWUiIC8+DQogICAgICAgIDxGb3JtUG9zdFBhcmFtZXRlciBOYW1lPSJfX1ZJRVdTVEFURUdFTkVSQVRPUiIgVmFsdWU9Int7JEhJRERFTjEuX19WSUVXU1RBVEVHRU5FUkFUT1J9fSIgUmVjb3JkZWRWYWx1ZT0iQ0EwQjAzMzQiIENvcnJlbGF0aW9uQmluZGluZz0iIiBVcmxFbmNvZGU9IlRydWUiIC8+DQogICAgICA8L0Zvcm1Qb3N0SHR0cEJvZHk+DQogICAgPC9SZXF1ZXN0Pg0KICAgIDxSZXF1ZXN0IE1ldGhvZD0iR0VUIiBHdWlkPSI3ZWE1NTIxZC0yYzhkLTQwNDUtYjYxOC04MzFiYjM4YTliY2UiIFZlcnNpb249IjEuMSIgVXJsPSJodHRwczovL21hcHMuZ29vZ2xlYXBpcy5jb20vbWFwcy9hcGkvanMvQXV0aGVudGljYXRpb25TZXJ2aWNlLkF1dGhlbnRpY2F0ZSIgVGhpbmtUaW1lPSI4IiBUaW1lb3V0PSIzMDAiIFBhcnNlRGVwZW5kZW50UmVxdWVzdHM9IlRydWUiIEZvbGxvd1JlZGlyZWN0cz0iVHJ1ZSIgUmVjb3JkUmVzdWx0PSJUcnVlIiBDYWNoZT0iRmFsc2UiIFJlc3BvbnNlVGltZUdvYWw9IjAiIEVuY29kaW5nPSJ1dGYtOCIgRXhwZWN0ZWRIdHRwU3RhdHVzQ29kZT0iMCIgRXhwZWN0ZWRSZXNwb25zZVVybD0iIiBSZXBvcnRpbmdOYW1lPSIiIElnbm9yZUh0dHBTdGF0dXNDb2RlPSJGYWxzZSI+DQogICAgICA8SGVhZGVycz4NCiAgICAgICAgPEhlYWRlciBOYW1lPSJSZWZlcmVyIiBWYWx1ZT0iaHR0cDovL2luMDFhcHYxMTo4MS9lbi9kYXNoYm9hcmQuYXNweCIgLz4NCiAgICAgIDwvSGVhZGVycz4NCiAgICAgIDxRdWVyeVN0cmluZ1BhcmFtZXRlcnM+DQogICAgICAgIDxRdWVyeVN0cmluZ1BhcmFtZXRlciBOYW1lPSIiIFZhbHVlPSIxc2h0dHAlM0ElMkYlMkZpbjAxYXB2MTElM0E4MSUyRmVuJTJGZGFzaGJvYXJkLmFzcHgiIFJlY29yZGVkVmFsdWU9IjFzaHR0cCUzQSUyRiUyRmluMDFhcHYxMSUzQTgxJTJGZW4lMkZkYXNoYm9hcmQuYXNweCIgQ29ycmVsYXRpb25CaW5kaW5nPSIiIFVybEVuY29kZT0iRmFsc2UiIFVzZVRvR3JvdXBSZXN1bHRzPSJGYWxzZSIgLz4NCiAgICAgICAgPFF1ZXJ5U3RyaW5nUGFyYW1ldGVyIE5hbWU9ImNhbGxiYWNrIiBWYWx1ZT0iX3hkY18uX2c4MW1nMiIgUmVjb3JkZWRWYWx1ZT0iX3hkY18uX2c4MW1nMiIgQ29ycmVsYXRpb25CaW5kaW5nPSIiIFVybEVuY29kZT0iRmFsc2UiIFVzZVRvR3JvdXBSZXN1bHRzPSJGYWxzZSIgLz4NCiAgICAgICAgPFF1ZXJ5U3RyaW5nUGFyYW1ldGVyIE5hbWU9InRva2VuIiBWYWx1ZT0iMTMwMzkzIiBSZWNvcmRlZFZhbHVlPSIxMzAzOTMiIENvcnJlbGF0aW9uQmluZGluZz0iIiBVcmxFbmNvZGU9IkZhbHNlIiBVc2VUb0dyb3VwUmVzdWx0cz0iRmFsc2UiIC8+DQogICAgICA8L1F1ZXJ5U3RyaW5nUGFyYW1ldGVycz4NCiAgICA8L1JlcXVlc3Q+DQogICAgPENvbW1lbnQgQ29tbWVudFRleHQ9IkNsaWNrX0hvbWUgUGFnZSIgLz4NCiAgICA8UmVxdWVzdCBNZXRob2Q9IkdFVCIgR3VpZD0iZWJhYTliY2ItZWE3NS00NzEwLWEzYzktNTI0Y2IyMTJkZDE5IiBWZXJzaW9uPSIxLjEiIFVybD0iaHR0cDovL2luMDFhcHYxMTo4MS9lbi9ob21lLmFzcHgiIFRoaW5rVGltZT0iNyIgVGltZW91dD0iMzAwIiBQYXJzZURlcGVuZGVudFJlcXVlc3RzPSJUcnVlIiBGb2xsb3dSZWRpcmVjdHM9IlRydWUiIFJlY29yZFJlc3VsdD0iVHJ1ZSIgQ2FjaGU9IkZhbHNlIiBSZXNwb25zZVRpbWVHb2FsPSIwIiBFbmNvZGluZz0idXRmLTgiIEV4cGVjdGVkSHR0cFN0YXR1c0NvZGU9IjAiIEV4cGVjdGVkUmVzcG9uc2VVcmw9IiIgUmVwb3J0aW5nTmFtZT0iIiBJZ25vcmVIdHRwU3RhdHVzQ29kZT0iRmFsc2UiPg0KICAgICAgPEhlYWRlcnM+DQogICAgICAgIDxIZWFkZXIgTmFtZT0iUmVmZXJlciIgVmFsdWU9Imh0dHA6Ly9pbjAxYXB2MTE6ODEvZW4vbXlwcmVmZXJlbmNlcy5hc3B4IiAvPg0KICAgICAgPC9IZWFkZXJzPg0KICAgICAgPEV4dHJhY3Rpb25SdWxlcz4NCiAgICAgICAgPEV4dHJhY3Rpb25SdWxlIENsYXNzbmFtZT0iTWljcm9zb2Z0LlZpc3VhbFN0dWRpby5UZXN0VG9vbHMuV2ViVGVzdGluZy5SdWxlcy5FeHRyYWN0SGlkZGVuRmllbGRzLCBNaWNyb3NvZnQuVmlzdWFsU3R1ZGlvLlF1YWxpdHlUb29scy5XZWJUZXN0RnJhbWV3b3JrLCBWZXJzaW9uPTEwLjAuMC4wLCBDdWx0dXJlPW5ldXRyYWwsIFB1YmxpY0tleVRva2VuPWIwM2Y1ZjdmMTFkNTBhM2EiIFZhcmlhYmxlTmFtZT0iMSIgRGlzcGxheU5hbWU9IkV4dHJhY3QgSGlkZGVuIEZpZWxkcyIgRGVzY3JpcHRpb249IkV4dHJhY3QgYWxsIGhpZGRlbiBmaWVsZHMgZnJvbSB0aGUgcmVzcG9uc2UgYW5kIHBsYWNlIHRoZW0gaW50byB0aGUgdGVzdCBjb250ZXh0LiI+DQogICAgICAgICAgPFJ1bGVQYXJhbWV0ZXJzPg0KICAgICAgICAgICAgPFJ1bGVQYXJhbWV0ZXIgTmFtZT0iUmVxdWlyZWQiIFZhbHVlPSJUcnVlIiAvPg0KICAgICAgICAgICAgPFJ1bGVQYXJhbWV0ZXIgTmFtZT0iSHRtbERlY29kZSIgVmFsdWU9IlRydWUiIC8+DQogICAgICAgICAgPC9SdWxlUGFyYW1ldGVycz4NCiAgICAgICAgPC9FeHRyYWN0aW9uUnVsZT4NCiAgICAgIDwvRXh0cmFjdGlvblJ1bGVzPg0KICAgIDwvUmVxdWVzdD4NCiAgICA8Q29tbWVudCBDb21tZW50VGV4dD0iQ2xpY2tfTG9nb3V0IiAvPg0KICAgIDxSZXF1ZXN0IE1ldGhvZD0iUE9TVCIgR3VpZD0iN2VkMGUwZDQtNjBhYy00YzQ0LWJjNTEtNTA0MzA1ZGM3N2FhIiBWZXJzaW9uPSIxLjEiIFVybD0iaHR0cDovL2luMDFhcHYxMTo4MS9lbi9ob21lLmFzcHgiIFRoaW5rVGltZT0iMCIgVGltZW91dD0iMzAwIiBQYXJzZURlcGVuZGVudFJlcXVlc3RzPSJUcnVlIiBGb2xsb3dSZWRpcmVjdHM9IlRydWUiIFJlY29yZFJlc3VsdD0iVHJ1ZSIgQ2FjaGU9IkZhbHNlIiBSZXNwb25zZVRpbWVHb2FsPSIwIiBFbmNvZGluZz0idXRmLTgiIEV4cGVjdGVkSHR0cFN0YXR1c0NvZGU9IjAiIEV4cGVjdGVkUmVzcG9uc2VVcmw9Imh0dHA6Ly9pbjAxYXB2MTE6ODEvZW4vY2hlY2tvdXQvc3RlcDEuYXNweD9tc2c9NSIgUmVwb3J0aW5nTmFtZT0iIiBJZ25vcmVIdHRwU3RhdHVzQ29kZT0iRmFsc2UiPg0KICAgICAgPERlcGVuZGVudFJlcXVlc3RzPg0KICAgICAgICA8UmVxdWVzdCBNZXRob2Q9IlBPU1QiIEd1aWQ9IjkzYzkzNzQ5LTZiYWEtNGIwZC04NmRjLWViN2FkNGEyMTVmZCIgVmVyc2lvbj0iMS4xIiBVcmw9Imh0dHA6Ly9pbjAxYXB2MTE6ODEvU2VydmljZXMvRWNvbVNlcnZpY2VzLmFzbXgvR2V0U3RhdGVzIiBUaGlua1RpbWU9IjAiIFRpbWVvdXQ9IjMwMCIgUGFyc2VEZXBlbmRlbnRSZXF1ZXN0cz0iVHJ1ZSIgRm9sbG93UmVkaXJlY3RzPSJUcnVlIiBSZWNvcmRSZXN1bHQ9IlRydWUiIENhY2hlPSJGYWxzZSIgUmVzcG9uc2VUaW1lR29hbD0iMCIgRW5jb2Rpbmc9InV0Zi04IiBFeHBlY3RlZEh0dHBTdGF0dXNDb2RlPSIwIiBFeHBlY3RlZFJlc3BvbnNlVXJsPSIiIFJlcG9ydGluZ05hbWU9IiIgSWdub3JlSHR0cFN0YXR1c0NvZGU9IkZhbHNlIj4NCiAgICAgICAgICA8SGVhZGVycz4NCiAgICAgICAgICAgIDxIZWFkZXIgTmFtZT0iQWNjZXB0IiBWYWx1ZT0iYXBwbGljYXRpb24vanNvbiwgdGV4dC9qYXZhc2NyaXB0LCAqLyo7IHE9MC4wMSIgLz4NCiAgICAgICAgICAgIDxIZWFkZXIgTmFtZT0iWC1SZXF1ZXN0ZWQtV2l0aCIgVmFsdWU9IlhNTEh0dHBSZXF1ZXN0IiAvPg0KICAgICAgICAgICAgPEhlYWRlciBOYW1lPSJSZWZlcmVyIiBWYWx1ZT0iaHR0cDovL2luMDFhcHYxMTo4MS9lbi9jaGVja291dC9zdGVwMS5hc3B4P21zZz01IiAvPg0KICAgICAgICAgIDwvSGVhZGVycz4NCiAgICAgICAgICA8U3RyaW5nSHR0cEJvZHkgQ29udGVudFR5cGU9ImFwcGxpY2F0aW9uL2pzb247IGNoYXJzZXQ9dXRmLTgiIEluc2VydEJ5dGVPcmRlck1hcms9IkZhbHNlIj5ld0FpQUcwQVpRQjBBR2dBYndCa0FGQUFZUUJ5QUdFQWJRQmxBSFFBWlFCeUFITUFJZ0E2QUhzQUlnQnBBSE1BYndCTEFHVUFlUUFpQURvQUlnQlZBRk1BSWdBc0FDSUFkUUJ3QUdRQVlRQjBBR1VBUXdCdkFHOEFhd0JwQUdVQVJnQnZBSElBUXdCdkFIVUFiZ0IwQUhJQWVRQWlBRG9BZEFCeUFIVUFaUUFzQUNJQVZRQnRBR0lBY2dCaEFHTUFid0JPQUc4QVpBQmxBRWtBWkFBaUFEb0FJZ0F4QURFQU1nQTVBQ0lBTEFBaUFFTUFiQUJ2QUhNQVpRQlFBSElBYndCbkFISUFaUUJ6QUhNQVR3QnVBRk1BZFFCakFHTUFaUUJ6QUhNQUlnQTZBR1lBWVFCc0FITUFaUUFzQUNJQVF3QmhBRzRBVXdCb0FHOEFkd0JRQUhJQWJ3Qm5BSElBWlFCekFITUFRZ0JoQUhJQUlnQTZBR1lBWVFCc0FITUFaUUI5QUgwQTwvU3RyaW5nSHR0cEJvZHk+DQogICAgICAgIDwvUmVxdWVzdD4NCiAgICAgICAgPFJlcXVlc3QgTWV0aG9kPSJQT1NUIiBHdWlkPSJmZDM5OTdmOS1jNmQ4LTQzOTctYWYwMi1mMjlmMWZiNzVjZmIiIFZlcnNpb249IjEuMSIgVXJsPSJodHRwOi8vaW4wMWFwdjExOjgxL1NlcnZpY2VzL0Vjb21TZXJ2aWNlcy5hc214L0dldFN0YXRlcyIgVGhpbmtUaW1lPSIwIiBUaW1lb3V0PSIzMDAiIFBhcnNlRGVwZW5kZW50UmVxdWVzdHM9IlRydWUiIEZvbGxvd1JlZGlyZWN0cz0iVHJ1ZSIgUmVjb3JkUmVzdWx0PSJUcnVlIiBDYWNoZT0iRmFsc2UiIFJlc3BvbnNlVGltZUdvYWw9IjAiIEVuY29kaW5nPSJ1dGYtOCIgRXhwZWN0ZWRIdHRwU3RhdHVzQ29kZT0iMCIgRXhwZWN0ZWRSZXNwb25zZVVybD0iIiBSZXBvcnRpbmdOYW1lPSIiIElnbm9yZUh0dHBTdGF0dXNDb2RlPSJGYWxzZSI+DQogICAgICAgICAgPEhlYWRlcnM+DQogICAgICAgICAgICA8SGVhZGVyIE5hbWU9IkFjY2VwdCIgVmFsdWU9ImFwcGxpY2F0aW9uL2pzb24sIHRleHQvamF2YXNjcmlwdCwgKi8qOyBxPTAuMDEiIC8+DQogICAgICAgICAgICA8SGVhZGVyIE5hbWU9IlgtUmVxdWVzdGVkLVdpdGgiIFZhbHVlPSJYTUxIdHRwUmVxdWVzdCIgLz4NCiAgICAgICAgICAgIDxIZWFkZXIgTmFtZT0iUmVmZXJlciIgVmFsdWU9Imh0dHA6Ly9pbjAxYXB2MTE6ODEvZW4vY2hlY2tvdXQvc3RlcDEuYXNweD9tc2c9NSIgLz4NCiAgICAgICAgICA8L0hlYWRlcnM+DQogICAgICAgICAgPFN0cmluZ0h0dHBCb2R5IENvbnRlbnRUeXBlPSJhcHBsaWNhdGlvbi9qc29uOyBjaGFyc2V0PXV0Zi04IiBJbnNlcnRCeXRlT3JkZXJNYXJrPSJGYWxzZSI+ZXdBaUFHMEFaUUIwQUdnQWJ3QmtBRkFBWVFCeUFHRUFiUUJsQUhRQVpRQnlBSE1BSWdBNkFIc0FJZ0JwQUhNQWJ3QkxBR1VBZVFBaUFEb0FJZ0JWQUZNQUlnQXNBQ0lBZFFCd0FHUUFZUUIwQUdVQVF3QnZBRzhBYXdCcEFHVUFSZ0J2QUhJQVF3QnZBSFVBYmdCMEFISUFlUUFpQURvQVpnQmhBR3dBY3dCbEFDd0FJZ0JWQUcwQVlnQnlBR0VBWXdCdkFFNEFid0JrQUdVQVNRQmtBQ0lBT2dBaUFERUFNUUF5QURrQUlnQXNBQ0lBUXdCc0FHOEFjd0JsQUZBQWNnQnZBR2NBY2dCbEFITUFjd0JQQUc0QVV3QjFBR01BWXdCbEFITUFjd0FpQURvQVpnQmhBR3dBY3dCbEFDd0FJZ0JEQUdFQWJnQlRBR2dBYndCM0FGQUFjZ0J2QUdjQWNnQmxBSE1BY3dCQ0FHRUFjZ0FpQURvQVpnQmhBR3dBY3dCbEFIMEFmUUE9PC9TdHJpbmdIdHRwQm9keT4NCiAgICAgICAgPC9SZXF1ZXN0Pg0KICAgICAgPC9EZXBlbmRlbnRSZXF1ZXN0cz4NCiAgICAgIDxIZWFkZXJzPg0KICAgICAgICA8SGVhZGVyIE5hbWU9IlJlZmVyZXIiIFZhbHVlPSJodHRwOi8vaW4wMWFwdjExOjgxL2VuL2hvbWUuYXNweCIgLz4NCiAgICAgIDwvSGVhZGVycz4NCiAgICAgIDxGb3JtUG9zdEh0dHBCb2R5Pg0KICAgICAgICA8Rm9ybVBvc3RQYXJhbWV0ZXIgTmFtZT0iX19FVkVOVFRBUkdFVCIgVmFsdWU9Int7JEhJRERFTjEuX19FVkVOVFRBUkdFVH19IiBSZWNvcmRlZFZhbHVlPSJjdGwwMCRjdGwwMCRjdGwwMCRDb250ZW50UGxhY2VIb2xkZXJEZWZhdWx0JE1hc3RlclBsYWNlaG9sZGVyJEhvbWVMb2dnZWRJbl82JGxuYkhvbWVMb2dnZWRJbkxvZ291dCIgQ29ycmVsYXRpb25CaW5kaW5nPSIiIFVybEVuY29kZT0iVHJ1ZSIgLz4NCiAgICAgICAgPEZvcm1Qb3N0UGFyYW1ldGVyIE5hbWU9Il9fRVZFTlRBUkdVTUVOVCIgVmFsdWU9Int7JEhJRERFTjEuX19FVkVOVEFSR1VNRU5UfX0iIFJlY29yZGVkVmFsdWU9IiIgQ29ycmVsYXRpb25CaW5kaW5nPSIiIFVybEVuY29kZT0iVHJ1ZSIgLz4NCiAgICAgICAgPEZvcm1Qb3N0UGFyYW1ldGVyIE5hbWU9Il9fVklFV1NUQVRFIiBWYWx1ZT0ie3skSElEREVOMS5fX1ZJRVdTVEFURX19IiBSZWNvcmRlZFZhbHVlPSIvd0VQRHdVRU5UTTRNUTlrRmdKbUQyUVdBbVlQWkJZQ1pnOWtGZ0ptRDJRV0FnSUREeFlHSGdadmJteHZZV1FGUDJsbUtIUjVjR1Z2WmlCUGJrSmhZMnRDZFhSMGIyNURiR2xqYXlBOVBTQWlablZ1WTNScGIyNGlLU0JQYmtKaFkydENkWFIwYjI1RGJHbGpheWdwT3g0S2IyNXdZV2RsYzJodmR3VlRhV1lnS0dWMlpXNTBMbkJsY25OcGMzUmxaQ0FtSmlCMGVYQmxiMllnVDI1Q1lXTnJRblYwZEc5dVEyeHBZMnNnUFQwZ0ltWjFibU4wYVc5dUlpa2dUMjVDWVdOclFuVjBkRzl1UTJ4cFkyc29LVHNlQ0c5dWRXNXNiMkZrWlJZQ0FnRVFaR1FXQ2dJSUQyUVdBbVlQWkJZU0FnSVBGUUZYUTI5dWRHVnVkRkJzWVdObFNHOXNaR1Z5UkdWbVlYVnNkRjlVYjNCTWIyZG5aV1JKYmw4eFgzQnViRVJ5WVdkaFlteGxWMmx1Wkc5M1EyOXVkR1Z1ZEY5SmJteHBibVZOWlhOellXZGxRMjl1ZEdGcGJtVnlaQUlERDJRV0FnSUJEdzhXQWg0RVZHVjRkQVVHVEc5bmIzVjBaR1FDQlE4UEZnSWVCMVpwYzJsaWJHVm5aQllDQWdFUER4WUdIZ3RPWVhacFoyRjBaVlZ5YkFVVWZpOWhaRzFwYmk5M1pXeGpiMjFsTG1GemNIZ2ZBd1VPUVdSdGFXNXBjM1J5WVhScGIyNGZCR2RrWkFJSER3OFdBaDhFWjJRV0JnSUJEeFlDSHdNRkJVaGxiR3h2WkFJRER4WUNId01GRlhCdWRHVnpkR1l3TURFZ2NHNTBaWE4wYkRBd01XUUNCUThXQWg0SmFXNXVaWEpvZEcxc0JRMUJZMk52ZFc1MElFbEVJRG9nWkFJSkQyUVdDQUlCRHhZQ0h3TUZBeW9xS21RQ0F3OFBGZ0lmQTJWa1pBSUZEdzhXQWg4REJSRW9ZbVZqYjIxbElIbHZkWEp6Wld4bUtXUmtBZ2NQRmdJZkF3VURLaW9xWkFJTkR3OFdBaDhFWjJRV0FnSUJEdzhXQkI4REJReE5lU0JFWVhOb1ltOWhjbVFmQkdka1pBSVBEdzhXQWg4RVoyUVdBZ0lCRHc4V0NCNElRM056UTJ4aGMzTUZEV1ZtUTI5c2IzSlBjbUZ1WjJVZkF3VUpUWGtnVDNKa1pYSnpIZ1JmSVZOQ0FnSWZCR2RrWkFJUkR3OFdBaDhFWjJRV0FnSUJEdzhXQkI4REJReE5lU0JCWkdSeVpYTnpaWE1mQkdka1pBSVREdzhXQWg4RVoyUVdBZ0lCRHc4V0JCOERCUTVOZVNCUWNtVm1aWEpsYm1ObGN4OEVaMlJrQWdvUFpCWUNaZzhQRmdJZkJHaGtGZ1lDQXc4UEZnSWZCUVVqTDJWdUwyTm9aV05yYjNWMEwzTjBaWEF4TG1GemNIZy9ibTlrWlVsa1BURXhNamRrWkFJRkR3OWtGZ0llQkdoeVpXWUZBU05rQWdrUEQyUVdBaDRGZEdsMGJHVUZCVXh2WjJsdUZnZ0NBUThQRmdZZkF3VUdSVzFoYVd3Nkh3Y0ZGeUJ5WlhGMWFYSmxaRVpwWld4a1EyaGhjbUZqZEdWeUh3Z0NBbVJrQWdrUER4WUdId01GQTNzd2ZSOEhCUmNnY21WeGRXbHlaV1JHYVdWc1pFTm9ZWEpoWTNSbGNoOElBZ0prWkFJUkR3OFdBaDhGQlJjdlpXNHZabTl5WjI5MGNHRnpjM2R2Y21RdVlYTndlR1JrQWhNUER4WUNId1VGSXk5bGJpOWphR1ZqYTI5MWRDOXpkR1Z3TVM1aGMzQjRQMjV2WkdWSlpEMHhNVEkzWkdRQ0RBOWtGZ0ptRDJRV0RBSUlEdzhXQkI4SEJRMWpZWEowTFdsamIyNUdkV3hzSHdnQ0FtUVdBZ0lCRHc4V0FoOEZCUTB2Wlc0dlkyRnlkQzVoYzNCNFpHUUNDZzhXQWg4REJRa3hJRWwwWlcwb2N5bGtBZ3dQRmdJZkF3VUtPVGt5TERBd0lPS0NyR1FDRGc4UEZnSWZCR2RrRmdnQ0FROWtGZ0lDQVE4V0FoOERCUkJNWVhOMElHRmtaR1ZrSUdsMFpXMXpaQUlERHhZQ0h3WUZ5UVE4WkdsMklHTnNZWE56UFNkc1pXWjBKejQ1Tm5kbGJHd2dRV2RoY2lCUWJHRjBaVHd2WkdsMlBqeGthWFlnWTJ4aGMzTTlKM0pwWjJoMEp6NDhZU0JvY21WbVBTY2pKeUJ2Ym1Oc2FXTnJQU2RUYUc5M1JHbGhiRzluS0NJOGNENUVieUI1YjNVZ2NtVmhiR3g1SUhkaGJuUWdkRzhnWkdWc1pYUmxJSFJvYVhNZ2FYUmxiU2h6S1Q4OEwzQStJaXg3SWtScFlXeHZaME5zWVhOeklqb2lJaXdpU0dWcFoyaDBJam9pWVhWMGJ5SXNJazF2WkdGc0lqcDBjblZsTENKUWIzTnBkR2x2YmlJNkltTmxiblJsY2lJc0lsZHBaSFJvSWpvaU16QXdJaXdpUTJ4dmMyRmliR1VpT25SeWRXVXNJbFJwZEd4bElqb2lSR1ZzWlhSbElpd2lRblYwZEc5dU1WUmxlSFFpT2lKWlpYTWlMQ0pDZFhSMGIyNHlWR1Y0ZENJNklrNXZJaXdpUW5WMGRHOXVNVU5oYkd4aVlXTnJJam9pUkdWc1pYUmxUM0prWlhKSmRHVnRJaXdpUW5WMGRHOXVNa05oYkd4aVlXTnJJanB1ZFd4c0xDSkNkWFIwYjI0eFEyRnNiR0poWTJ0UVlYSmhiV1YwWlhKeklqb2llMXdpU1dSY0lqb3pOakkwTXpsOUlpd2lRblYwZEc5dU1rTmhiR3hpWVdOclVHRnlZVzFsZEdWeWN5STZiblZzYkN3aVVtVnphWHBoWW14bElqcG1ZV3h6WlN3aVJISmhaMmRoWW14bElqcG1ZV3h6WlN3aVFYVjBiMDl3Wlc0aU9tWmhiSE5sTENKQmNIQmxibVJVYnlJNkltSnZaSGtpTENKTllYaElaV2xuYUhRaU9qUXdNQ3dpVFdGNFYybGtkR2dpT2pNd01Dd2lUV2x1U0dWcFoyaDBJam94TlRBc0lrMXBibGRwWkhSb0lqb3hOVEI5S1RzblBuZzhMMkUrUEM5a2FYWStEUXBrQWdVUER4WUVId1VGRFM5bGJpOWpZWEowTG1GemNIZ2ZBd1VFUTJGeWRHUmtBZ2NQRHhZR0h3TUZDRU5vWldOcmIzVjBIZ2RGYm1GaWJHVmtaeDhFWnhZQ0hnZFBia05zYVdOckJaY3NjbVYwZFhKdUlGWmhiR2xrWVhSbFNYUmxiWE5VYjBOb1pXTnJUM1YwVDNKUmRXOTBaU2g3SWtOc2IzTmxRblYwZEc5dVZHVjRkQ0k2SWtOc2IzTmxJaXdpUVd4bGNuUk5aWE56WVdkbFZHbDBiR1VpT2lKQmJHVnlkQ0JOWlhOellXZGxJaXdpUTJobFkydHZkWFJUZEdGMFpVVnVkVzBpT25zaVNXNTJZV3hwWkNJNklrbHVkbUZzYVdRaUxDSlJkVzkwWVdKc1pVOXViSGtpT2lKUmRXOTBZV0pzWlU5dWJIa2lMQ0pQY21SbGNtRmliR1ZQYm14NUlqb2lUM0prWlhKaFlteGxUMjVzZVNJc0lrOXlaR1Z5WVdKc1pVRnVaRkYxYjNSaFlteGxJam9pVDNKa1pYSmhZbXhsUVc1a1VYVnZkR0ZpYkdVaUxDSk9iM1JQY21SbGNtRmliR1ZCYm1SUmRXOTBZV0pzWlNJNklrNXZkRTl5WkdWeVlXSnNaVUZ1WkZGMWIzUmhZbXhsSWl3aVRtOTBUM0prWlhKaFlteGxRVzVrVVhWdmRHRmliR1ZYYVhSb1NXNTJZV3hwWkNJNklrNXZkRTl5WkdWeVlXSnNaVUZ1WkZGMWIzUmhZbXhsVjJsMGFFbHVkbUZzYVdRaUxDSkdaWGRQY21SbGNtRmliR1ZQYm14NUlqb2lSbVYzVDNKa1pYSmhZbXhsVDI1c2VTSXNJa1psZDA5eVpHVnlZV0pzWlVGdVpFWmxkMUYxYjNSaFlteGxJam9pUm1WM1QzSmtaWEpoWW14bFFXNWtSbVYzVVhWdmRHRmliR1VpTENKR1pYZFJkVzkwWVdKc1pVOXViSGxYYVhSb1NXNTJZV3hwWkNJNklrWmxkMUYxYjNSaFlteGxUMjVzZVZkcGRHaEpiblpoYkdsa0lpd2lSbVYzVDNKa1pYSmhZbXhsVDI1c2VWZHBkR2hKYm5aaGJHbGtJam9pUm1WM1QzSmtaWEpoWW14bFQyNXNlVmRwZEdoSmJuWmhiR2xrSWl3aVJtVjNUM0prWlhKaFlteGxRVzVrUm1WM1VYVnZkR0ZpYkdWWGFYUm9TVzUyWVd4cFpDSTZJa1psZDA5eVpHVnlZV0pzWlVGdVpFWmxkMUYxYjNSaFlteGxWMmwwYUVsdWRtRnNhV1FpTENKR1pYZFBjbVJsY21GaWJHVkJibVJCYkd4UmRXOTBZV0pzWlNJNklrWmxkMDl5WkdWeVlXSnNaVUZ1WkVGc2JGRjFiM1JoWW14bElpd2lRV3hzVDNKa1pYSmhZbXhsUVc1a1JtVjNVWFZ2ZEdGaWJHVWlPaUpCYkd4UGNtUmxjbUZpYkdWQmJtUkdaWGRSZFc5MFlXSnNaU0o5TENKSmRHVnRVM1JoZEdWRmJuVnRJanA3SWtsdWRtRnNhV1FpT2lKSmJuWmhiR2xrSWl3aVVYVnZkR0ZpYkdWUGJteDVJam9pVVhWdmRHRmliR1ZQYm14NUlpd2lUM0prWlhKaFlteGxUMjVzZVNJNklrOXlaR1Z5WVdKc1pVOXViSGtpTENKUGNtUmxjbUZpYkdWQmJtUlJkVzkwWVdKc1pTSTZJazl5WkdWeVlXSnNaVUZ1WkZGMWIzUmhZbXhsSWl3aVRtOTBUM0prWlhKaFlteGxRVzVrVVhWdmRHRmliR1VpT2lKT2IzUlBjbVJsY21GaWJHVkJibVJSZFc5MFlXSnNaU0lzSWs1dmRFOXlaR1Z5WVdKc1pVRnVaRkYxYjNSaFlteGxWMmwwYUVsdWRtRnNhV1FpT2lKT2IzUlBjbVJsY21GaWJHVkJibVJSZFc5MFlXSnNaVmRwZEdoSmJuWmhiR2xrSWl3aVJtVjNUM0prWlhKaFlteGxUMjVzZVNJNklrWmxkMDl5WkdWeVlXSnNaVTl1YkhraUxDSkdaWGRQY21SbGNtRmliR1ZCYm1SR1pYZFJkVzkwWVdKc1pTSTZJa1psZDA5eVpHVnlZV0pzWlVGdVpFWmxkMUYxYjNSaFlteGxJaXdpUm1WM1VYVnZkR0ZpYkdWUGJteDVWMmwwYUVsdWRtRnNhV1FpT2lKR1pYZFJkVzkwWVdKc1pVOXViSGxYYVhSb1NXNTJZV3hwWkNJc0lrWmxkMDl5WkdWeVlXSnNaVTl1YkhsWGFYUm9TVzUyWVd4cFpDSTZJa1psZDA5eVpHVnlZV0pzWlU5dWJIbFhhWFJvU1c1MllXeHBaQ0lzSWtabGQwOXlaR1Z5WVdKc1pVRnVaRVpsZDFGMWIzUmhZbXhsVjJsMGFFbHVkbUZzYVdRaU9pSkdaWGRQY21SbGNtRmliR1ZCYm1SR1pYZFJkVzkwWVdKc1pWZHBkR2hKYm5aaGJHbGtJaXdpUm1WM1QzSmtaWEpoWW14bFFXNWtRV3hzVVhWdmRHRmliR1VpT2lKR1pYZFBjbVJsY21GaWJHVkJibVJCYkd4UmRXOTBZV0pzWlNJc0lrRnNiRTl5WkdWeVlXSnNaVUZ1WkVabGQxRjFiM1JoWW14bElqb2lRV3hzVDNKa1pYSmhZbXhsUVc1a1JtVjNVWFZ2ZEdGaWJHVWlmU3dpYUdSdVJtbGxiR1JUWld4bFkzUmxaRTl5WkdWeVNYUmxiVU5vWldOcmIzVjBVM1JoZEdWelEyeHBaVzUwU1dRaU9pSkRiMjUwWlc1MFVHeGhZMlZJYjJ4a1pYSkVaV1poZFd4MFgwTmhjblJQZG1WeWRtbGxkMTh6WDJoa2JrWnBaV3hrVTJWc1pXTjBaV1JQY21SbGNrbDBaVzFEYUdWamEyOTFkRk4wWVhSbGN5SXNJbWhrYmtacFpXeGtVMlZzWldOMFpXUkpkR1Z0U1dSelEyeHBaVzUwU1dRaU9pSkRiMjUwWlc1MFVHeGhZMlZJYjJ4a1pYSkVaV1poZFd4MFgwTmhjblJQZG1WeWRtbGxkMTh6WDJoa2JrWnBaV3hrVTJWc1pXTjBaV1JKZEdWdFNXUnpJaXdpVDNKa1pYSlRaV3hsWTNSbFpGQnliMlIxWTNSeklqb3hMQ0pEYjI1bWFYSnRZWFJwYjI1VWFYUnNaVkpsYzI5MWNtTmxJam9pUTI5dVptbHliV0YwYVc5dUlpd2lVSEp2WTJWbFpFSjFkSFJ2YmxSbGVIUWlPaUpRY205alpXVmtJaXdpVUhKdlkyVmxaRUoxZEhSdmJrTmhiR3hpWVdOcklqb2lWbUZzYVdSaGRHVkpkR1Z0YzFSdlEyaGxZMnRQZFhSUGNsRjFiM1JsSWl3aVNXNTJZV3hwWkVsMFpXMXpVMlZzWldOMFpXUkdiM0pEYUdWamEyOTFkRkpsYzI5MWNtTmxJam9pVkdobGNtVWdZWEpsSUhOdmJXVWdhVzUyWVd4cFpDQnBkR1Z0Y3lCamFHOXpaVzRnWm05eUlHTm9aV05yYjNWMElpd2lUbTlQY21SbGNtRmliR1ZKZEdWdGMxTmxiR1ZqZEdWa1JtOXlRMmhsWTJ0dmRYUlNaWE52ZFhKalpTSTZJazV2SUhaaGJHbGtJRzl5WkdWeVlXSnNaU0JwZEdWdGN5QmhjbVVnWTJodmMyVnVJR1p2Y2lCdmNtUmxjaUJ3Y205alpYTnpJaXdpVG05UmRXOTBZV0pzWlVsMFpXMXpVMlZzWldOMFpXUkdiM0pEYUdWamEyOTFkRkpsYzI5MWNtTmxJam9pVG04Z2RtRnNhV1FnY1hWdmRHRmliR1VnYVhSbGJYTWdZWEpsSUdOb2IzTmxiaUJtYjNJZ2NYVnZkR1VnY0hKdlkyVnpjeUlzSWs5eVpHVnlZV0pzWlVGdVpFNXZiazl5WkdWeVlXSnNaVWwwWlcxelUyVnNaV04wWldSR2IzSkRhR1ZqYTI5MWRGSmxjMjkxY21ObElqb2lXVzkxSUdOaGJpQmxhWFJvWlhJZ0ozQnliMk5sWldRbklIZHBkR2dnYjNKa1pYSWdjSEp2WTJWemN5QnZaaUIwYUdVZ2IzSmtaWEpoWW14bElHbDBaVzF6SUc5eUlHVmthWFFnZEdobElHNXZiaTF2Y21SbGNtRmliR1VnYVhSbGJYTWlMQ0pSZFc5MFlXSnNaVUZ1WkU1dmJsRjFiM1JoWW14bFNYUmxiWE5UWld4bFkzUmxaRVp2Y2tOb1pXTnJiM1YwVW1WemIzVnlZMlVpT2lKWmIzVWdZMkZ1SUdWcGRHaGxjaUFuY0hKdlkyVmxaQ2NnZDJsMGFDQnhkVzkwWlNCd2NtOWpaWE56SUc5bUlIUm9aU0J4ZFc5MFlXSnNaU0JwZEdWdGN5QnZjaUJsWkdsMElIUm9aU0J1YjI0dGNYVnZkR0ZpYkdVZ2FYUmxiWE1pTENKUmRXOTBaVk5sYkdWamRHVmtVSEp2WkhWamRITWlPaklzSWs1dlNYUmxiWE5UWld4bFkzUmxaQ0k2SWs1dklFbDBaVzF6SUZObGJHVmpkR1ZrTGlCUWJHVmhjMlVnWTJodmIzTmxJRzl1WlNBb2IzSXBJRzF2Y21VZ2FYUmxiWE1nZEc4Z2NHVnlabTl5YlNCMGFHVWdZV04wYVc5dUxpSXNJa05oY25SQlkzUnBiMjVFWld4bGRHVlRaV3hsWTNSbFpGQnliMlIxWTNSeklqbzFMQ0pYYVhOb1RHbHpkRUZqZEdsdmJuTkVaV3hsZEdWVFpXeGxZM1JsWkZCeWIyUjFZM1J6SWpveUxDSkVaV3hsZEdWRGIyNW1hWEp0WVhScGIyNU5aWE56WVdkbFVtVnpiM1Z5WTJVaU9pSThjRDVFYnlCNWIzVWdjbVZoYkd4NUlIZGhiblFnZEc4Z1pHVnNaWFJsSUhSb2FYTWdhWFJsYlNoektUODhMM0ErSWl3aVJHVnNaWFJsUTI5dVptbHliV0YwYVc5dVRtOUNkWFIwYjI1U1pYTnZkWEpqWlNJNklrNXZJaXdpUkdWc1pYUmxRMjl1Wm1seWJXRjBhVzl1V1dWelFuVjBkRzl1VW1WemIzVnlZMlVpT2lKWlpYTWlMQ0pFWld4bGRHVkRiMjVtYVhKdFlYUnBiMjVJWldGa1pYSlVaWGgwVW1WemIzVnlZMlVpT2lKRVpXeGxkR1VpTENKRFlYSjBRV04wYVc5dUlqb3hMQ0pEYUdWamEyOTFkRUoxZEhSdmJsTmpjbWx3ZENJNmJuVnNiQ3dpUTJobFkydHZkWFJUWlhGMVpXNWphVzVuUVc1a1VISnBiV1Z5VUc5d2RYQk5aWE56WVdkbFNHVmhaR1Z5SWpvaUlpd2lRMmhsWTJ0dmRYUlRaWEYxWlc1amFXNW5RVzVrVUhKcGJXVnlVRzl3ZFhCTlpYTnpZV2RsU0dWaFpHVnlTVzVtYjNKdFlYUnBiMjRpT2lKSmRDQnBjeUJ1YjNRZ2NHOXpjMmxpYkdVZ2RHOGdZMmhsWTJ0dmRYUWdMeUJ4ZFc5MFpTQnpaWEYxWlc1amFXNW5JSEpsWVdOMGFXOXVjeUIzYVhSb2IzVjBJSEJ5YVcxbGNuTWdkMmhwWTJnZ1lYSmxJR0Z6YzI5amFXRjBaV1FnZEc4Z2MyVnNaV04wWldRZ2MyVnhkV1Z1WTJsdVp5QnBkR1Z0Y3lCcGJpQjBhR2x6SUc5eVpHVnlPaUE4TDJKeVBqd3ZZbkkrSWl3aVEyaGxZMnR2ZFhSVFpYRjFaVzVqYVc1blFXNWtVSEpwYldWeVVHOXdkWEJOWlhOellXZGxSbTl2ZEdWeVNXNW1iM0p0WVhScGIyNGlPaUlpTENKRGFHVmphMjkxZEZObGNYVmxibU5wYm1kQmJtUlFjbWx0WlhKUWIzQjFjRTFsYzNOaFoyVkRiRzl6WlVKMWRIUnZibFJsZUhRaU9pSWlMQ0pEYUdWamEyOTFkRk5sY1hWbGJtTnBibWRCYm1SUWNtbHRaWEpRYjNCMWNFWnZjbTFoZEUxbGMzTmhaMlVpT2lJaUxDSkRhR1ZqYTI5MWRGQnlhVzFsY2tGc2IyNWxVRzl3ZFhCTlpYTnpZV2RsUTJ4dmMyVkNkWFIwYjI1VVpYaDBJam9pSWl3aVEyaGxZMnR2ZFhSUWNtbHRaWEpCYkc5dVpWQnZjSFZ3VFdWemMyRm5aU0k2SWxCeWFXMWxjaUJoYkc5dVpTQmpZVzV1YjNRZ1ltVWdZMmhsWTJ0bFpDQnZkWFF1SUZCc1pXRnpaU0J6Wld4bFkzUWdZWFJzWldGemRDQnZibVVnWVhOemIyTnBZWFJsWkNCelpYRjFaVzVqYVc1bklFbDBaVzB1SWl3aVEyaGxZMnR2ZFhSUWNtbHRaWEpCYkc5dVpWQnZjSFZ3VFdWemMyRm5aVWhsWVdSbGNpSTZJbEJzWldGelpTQk9iM1JsSWl3aVFtRnlRMjlrWlZaaGJHbGtZWFJwYjI1UWIzQjFjRU5zYjNObFFuVjBkRzl1VkdWNGRDSTZJazlySWl3aVFtRnlRMjlrWlZaaGJHbGtZWFJwYjI1UWIzQjFjRTFsYzNOaFoyVWlPaUpDWVhKamIyUmxJR1p2Y2lCVFpXeGxZM1JsWkNCSmRHVnRJR2x6SUdsdWRtRnNhV1FpTENKQ1lYSkRiMlJsVm1Gc2FXUmhkR2x2YmxCdmNIVndUV1Z6YzJGblpVaGxZV1JsY2lJNklsQnNaV0Z6WlNCT2IzUmxJaXdpVTJGdFpVUmhlVVJsYkdsMlpYSjVWbUZzYVdSaGRHbHZibEJ2Y0hWd1IyOUNZV05yUW5WMGRHOXVWR1Y0ZENJNklsZGhhWFFnZFc1MGFXd2dZV3hzSUU5eVpHVnljeUJoY21VZ1ptbHVhWE5vWldRZ2RHOGdVMmhwY0NCdmJtTmxJaXdpVTJGdFpVUmhlVVJsYkdsMlpYSjVWbUZzYVdSaGRHbHZibEJ2Y0hWd1EyaGxZMnR2ZFhSQ2RYUjBiMjVVWlhoMElqb2lRMmhsWTJ0dmRYUWdVMkZ0WlNCRVlYa2dUMnhwWjI5eklFOXViSGtpTENKVFlXMWxSR0Y1UkdWc2FYWmxjbmxXWVd4cFpHRjBhVzl1VUc5d2RYQk5aWE56WVdkbFNHVmhaR1Z5SWpvaVVHeGxZWE5sSUhObGJHVmpkQ0lzSWxOaGJXVkVZWGxFWld4cGRtVnllVlpoYkdsa1lYUnBiMjVRYjNCMWNFMWxjM05oWjJWRVpYTmpjbWx3ZEdsdmJpSTZJbGx2ZFhJZ1kyRnlkQ0JqYjI1MFlXbHVjeUJ6WVcxbElHUmhlU0J2YkdsbmIzTXNJSGRvYVdOb0lHNWxaV1FnZEc4Z1ltVWdZMmhsWTJ0bFpDQnZkWFFnYzJWd1pYSmhkR1ZzZVNCcGJpQnZjbVJsY2lCMGJ5Qmxibk4xY21VZ2RHaGxJR1poYzNSbGMzUWdaR1ZzYVhabGNua3VJRlJvWlNCdmRHaGxjaUJwZEdWdGN5QjNhV3hzSUdKbElIZGhhWFJwYm1jZ2FXNGdlVzkxY2lCallYSjBJSGRvWlc0Z2VXOTFJSEpsZEhWeWJpQnNZWFJsY2k0Z1BITndZVzRnWTJ4aGMzTTlYQ0owYjI5c2RHbHdYMlJwWVd4dloxd2lJSFJwZEd4bFBWd2lSWGh3YkdGcGJpQmlkWFIwYjI0Z1pHVnpZM0pwY0hScGIyNGdhR1Z5WlNCdmJteDVYQ0lnUGp3dmMzQmhiajRpTENKU1pYVnpaV1JKZEdWdGMxWmhiR2xrWVhScGIyNVFiM0IxY0VOc2IzTmxRblYwZEc5dVZHVjRkQ0k2SWs5cklpd2lVbVYxYzJWa1NYUmxiWE5XWVd4cFpHRjBhVzl1VUc5d2RYQk5aWE56WVdkbElqb2lUMjl3Y3lBaElGTnZiV1VnYjNJZ1lXeHNJRzltSUhObGJHVmpkR1ZrSUhKbGRYTmxaQ0JwZEdWdEozTWdiM0pwWjJsdVlXd2dZMjl1ZEdGcGJtVnljeUJoY21VZ1pYaHdhWEpsWkM0Z1dXOTFjaUJqWVhKMElIZHBiR3dnWW1VZ2RYQmtZWFJsWkNCaGRYUnZiV0YwYVdOaGJHeDVJR0Z1WkNCallYSjBJSGRwYkd3Z1ltVWdjbVZzYjJGa1pXUXVJRVY0Y0dseVpXUWdhWFJsYlNCT1lXMWxjeUJoY21VZ0xUNGlMQ0pTWlhWelpXUkpkR1Z0YzFaaGJHbGtZWFJwYjI1UWIzQjFjRTFsYzNOaFoyVklaV0ZrWlhJaU9pSlFiR1ZoYzJVZ1RtOTBaU0lzSWtWNGNHbHlaV1JRY21sdFpYSlFiM0IxY0VOc2IzTmxRblYwZEc5dVZHVjRkQ0k2SWs5cklpd2lSWGh3YVhKbFpGQnlhVzFsY2xCdmNIVndUV1Z6YzJGblpWUmxlSFFpT2lKUWNtbHRaWElnYVhNZ1pYaHdhWEpsWkNCbWIzSWdkR2hsSUc5dVpTQnZaaUIwYUdVZ2MyVnNaWFJsWkNCelpYRjFaVzVqYVc1bklHbDBaVzB1SUhCc1pXRnpaU0J6Wld4bFkzUWdZVzV2ZEdobGNpQndjbWx0WlhJZ2IzSWdiM0prWlhJZ2JtVjNJSEJ5YVcxbGNpNGlMQ0pGZUhCcGNtVmtVSEpwYldWeVVHOXdkWEJOWlhOellXZGxTR1ZoWkdWeVZHVjRkQ0k2SWxCc1pYTmxJRTV2ZEdVaUxDSkRZWEowVUdGblpWVlNUQ0k2SWk5bGJpOWpZWEowTG1GemNIZ2lMQ0pOYVc1cGJYVnRVR3hoZEdWVFlXMXdiR1Z6VUdWeVEyaGxZMnR2ZFhRaU9qUTRMQ0pRYkdGMFpWTmhiWEJzWlVOdmRXNTBJanB1ZFd4c0xDSkpjMU5wYm1kc1pWQnNZWFJsVjJsMGFGWmhiR2xrVTJGdGNHeGxRMjkxYm5RaU9tWmhiSE5sTENKTmFXNVFiR0YwWlZOaGJYQnNaWE5RYjNCMWNFWnZjbTFoZEUxbGMzTmhaMlVpT2lJaUxDSk5hVzVRYkdGMFpWTmhiWEJzWlhOUWIzQjFjRVp2Y20xaGRFMWxjM05oWjJWRGJHOXpaVUoxZEhSdmJsUmxlSFFpT2lJaUxDSk5hVzVRYkdGMFpWTmhiWEJzWlhOUWIzQjFjRVp2Y20xaGRFMWxjM05oWjJWSVpXRmtaWElpT2lJaUxDSk5ZWGhwYlhWdFRuVnRZbVZ5VDJaUWJHRjBaWE5RWlhKRGFHVmphMjkxZENJNk15d2lVR3hoZEdWelEyOTFiblJHYjNKRGRYSnlaVzUwVDNKa1pYSWlPbTUxYkd3c0lrMWhlR2x0ZFcxUWJHRjBaWE5RWlhKRGFHVmphMjkxZEZCdmNIVndSbTl5YldGMFRXVnpjMkZuWlNJNklrMWhlR2x0ZFcwZ015QndiR0YwWlhNZ1lYSmxJR1ZzYVdkcFlteGxJSFJ2SUdOb1pXTnJiM1YwSUhCbGNpQnZjbVJsY2lCbWIzSWdjR3hoZEdVZ2MyVnhkV1Z1WTJsdVp5QnBkR1Z0Y3k0Z1VHeGxZWE5sSUcxdlpHbG1lU0I1YjNWeUlITmxiR1ZqZEdsdmJpQmhZMk52Y21ScGJtZHNlUzRpTENKTllYaHBiWFZ0VUd4aGRHVnpVR1Z5UTJobFkydHZkWFJRYjNCMWNFWnZjbTFoZEUxbGMzTmhaMlZEYkc5elpVSjFkSFJ2YmxSbGVIUWlPaUpQYXlJc0lrMWhlR2x0ZFcxUWJHRjBaWE5RWlhKRGFHVmphMjkxZEVadmNtMWhkRTFsYzNOaFoyVklaV0ZrWlhJaU9pSlFiR1ZoYzJVZ1RtOTBaU0lzSWxCdmMzUkNZV05yUld4bGJXVnVkRlZ1YVhGMVpVbGtJam9pWTNSc01EQWtZM1JzTURBa1kzUnNNREFrUTI5dWRHVnVkRkJzWVdObFNHOXNaR1Z5UkdWbVlYVnNkQ1JEWVhKMFQzWmxjblpwWlhkZk15UnNibXREYUdWamEyOTFkQ0lzSWtWMlpXNTBRWEpuZFcxbGJuUWlPaUlpZlN3Z2RHaHBjeWs3WkFJUUR3OFdCQjhGQlEwdlpXNHZZMkZ5ZEM1aGMzQjRId01GQkVOaGNuUmtaQUlTRHc4V0FoOERCUWhEYUdWamEyOTFkQllDSHd3Rmx5eHlaWFIxY200Z1ZtRnNhV1JoZEdWSmRHVnRjMVJ2UTJobFkydFBkWFJQY2xGMWIzUmxLSHNpUTJ4dmMyVkNkWFIwYjI1VVpYaDBJam9pUTJ4dmMyVWlMQ0pCYkdWeWRFMWxjM05oWjJWVWFYUnNaU0k2SWtGc1pYSjBJRTFsYzNOaFoyVWlMQ0pEYUdWamEyOTFkRk4wWVhSbFJXNTFiU0k2ZXlKSmJuWmhiR2xrSWpvaVNXNTJZV3hwWkNJc0lsRjFiM1JoWW14bFQyNXNlU0k2SWxGMWIzUmhZbXhsVDI1c2VTSXNJazl5WkdWeVlXSnNaVTl1YkhraU9pSlBjbVJsY21GaWJHVlBibXg1SWl3aVQzSmtaWEpoWW14bFFXNWtVWFZ2ZEdGaWJHVWlPaUpQY21SbGNtRmliR1ZCYm1SUmRXOTBZV0pzWlNJc0lrNXZkRTl5WkdWeVlXSnNaVUZ1WkZGMWIzUmhZbXhsSWpvaVRtOTBUM0prWlhKaFlteGxRVzVrVVhWdmRHRmliR1VpTENKT2IzUlBjbVJsY21GaWJHVkJibVJSZFc5MFlXSnNaVmRwZEdoSmJuWmhiR2xrSWpvaVRtOTBUM0prWlhKaFlteGxRVzVrVVhWdmRHRmliR1ZYYVhSb1NXNTJZV3hwWkNJc0lrWmxkMDl5WkdWeVlXSnNaVTl1YkhraU9pSkdaWGRQY21SbGNtRmliR1ZQYm14NUlpd2lSbVYzVDNKa1pYSmhZbXhsUVc1a1JtVjNVWFZ2ZEdGaWJHVWlPaUpHWlhkUGNtUmxjbUZpYkdWQmJtUkdaWGRSZFc5MFlXSnNaU0lzSWtabGQxRjFiM1JoWW14bFQyNXNlVmRwZEdoSmJuWmhiR2xrSWpvaVJtVjNVWFZ2ZEdGaWJHVlBibXg1VjJsMGFFbHVkbUZzYVdRaUxDSkdaWGRQY21SbGNtRmliR1ZQYm14NVYybDBhRWx1ZG1Gc2FXUWlPaUpHWlhkUGNtUmxjbUZpYkdWUGJteDVWMmwwYUVsdWRtRnNhV1FpTENKR1pYZFBjbVJsY21GaWJHVkJibVJHWlhkUmRXOTBZV0pzWlZkcGRHaEpiblpoYkdsa0lqb2lSbVYzVDNKa1pYSmhZbXhsUVc1a1JtVjNVWFZ2ZEdGaWJHVlhhWFJvU1c1MllXeHBaQ0lzSWtabGQwOXlaR1Z5WVdKc1pVRnVaRUZzYkZGMWIzUmhZbXhsSWpvaVJtVjNUM0prWlhKaFlteGxRVzVrUVd4c1VYVnZkR0ZpYkdVaUxDSkJiR3hQY21SbGNtRmliR1ZCYm1SR1pYZFJkVzkwWVdKc1pTSTZJa0ZzYkU5eVpHVnlZV0pzWlVGdVpFWmxkMUYxYjNSaFlteGxJbjBzSWtsMFpXMVRkR0YwWlVWdWRXMGlPbnNpU1c1MllXeHBaQ0k2SWtsdWRtRnNhV1FpTENKUmRXOTBZV0pzWlU5dWJIa2lPaUpSZFc5MFlXSnNaVTl1YkhraUxDSlBjbVJsY21GaWJHVlBibXg1SWpvaVQzSmtaWEpoWW14bFQyNXNlU0lzSWs5eVpHVnlZV0pzWlVGdVpGRjFiM1JoWW14bElqb2lUM0prWlhKaFlteGxRVzVrVVhWdmRHRmliR1VpTENKT2IzUlBjbVJsY21GaWJHVkJibVJSZFc5MFlXSnNaU0k2SWs1dmRFOXlaR1Z5WVdKc1pVRnVaRkYxYjNSaFlteGxJaXdpVG05MFQzSmtaWEpoWW14bFFXNWtVWFZ2ZEdGaWJHVlhhWFJvU1c1MllXeHBaQ0k2SWs1dmRFOXlaR1Z5WVdKc1pVRnVaRkYxYjNSaFlteGxWMmwwYUVsdWRtRnNhV1FpTENKR1pYZFBjbVJsY21GaWJHVlBibXg1SWpvaVJtVjNUM0prWlhKaFlteGxUMjVzZVNJc0lrWmxkMDl5WkdWeVlXSnNaVUZ1WkVabGQxRjFiM1JoWW14bElqb2lSbVYzVDNKa1pYSmhZbXhsUVc1a1JtVjNVWFZ2ZEdGaWJHVWlMQ0pHWlhkUmRXOTBZV0pzWlU5dWJIbFhhWFJvU1c1MllXeHBaQ0k2SWtabGQxRjFiM1JoWW14bFQyNXNlVmRwZEdoSmJuWmhiR2xrSWl3aVJtVjNUM0prWlhKaFlteGxUMjVzZVZkcGRHaEpiblpoYkdsa0lqb2lSbVYzVDNKa1pYSmhZbXhsVDI1c2VWZHBkR2hKYm5aaGJHbGtJaXdpUm1WM1QzSmtaWEpoWW14bFFXNWtSbVYzVVhWdmRHRmliR1ZYYVhSb1NXNTJZV3hwWkNJNklrWmxkMDl5WkdWeVlXSnNaVUZ1WkVabGQxRjFiM1JoWW14bFYybDBhRWx1ZG1Gc2FXUWlMQ0pHWlhkUGNtUmxjbUZpYkdWQmJtUkJiR3hSZFc5MFlXSnNaU0k2SWtabGQwOXlaR1Z5WVdKc1pVRnVaRUZzYkZGMWIzUmhZbXhsSWl3aVFXeHNUM0prWlhKaFlteGxRVzVrUm1WM1VYVnZkR0ZpYkdVaU9pSkJiR3hQY21SbGNtRmliR1ZCYm1SR1pYZFJkVzkwWVdKc1pTSjlMQ0pvWkc1R2FXVnNaRk5sYkdWamRHVmtUM0prWlhKSmRHVnRRMmhsWTJ0dmRYUlRkR0YwWlhORGJHbGxiblJKWkNJNklrTnZiblJsYm5SUWJHRmpaVWh2YkdSbGNrUmxabUYxYkhSZlEyRnlkRTkyWlhKMmFXVjNYek5mYUdSdVJtbGxiR1JUWld4bFkzUmxaRTl5WkdWeVNYUmxiVU5vWldOcmIzVjBVM1JoZEdWeklpd2lhR1J1Um1sbGJHUlRaV3hsWTNSbFpFbDBaVzFKWkhORGJHbGxiblJKWkNJNklrTnZiblJsYm5SUWJHRmpaVWh2YkdSbGNrUmxabUYxYkhSZlEyRnlkRTkyWlhKMmFXVjNYek5mYUdSdVJtbGxiR1JUWld4bFkzUmxaRWwwWlcxSlpITWlMQ0pQY21SbGNsTmxiR1ZqZEdWa1VISnZaSFZqZEhNaU9qRXNJa052Ym1acGNtMWhkR2x2YmxScGRHeGxVbVZ6YjNWeVkyVWlPaUpEYjI1bWFYSnRZWFJwYjI0aUxDSlFjbTlqWldWa1FuVjBkRzl1VkdWNGRDSTZJbEJ5YjJObFpXUWlMQ0pRY205alpXVmtRblYwZEc5dVEyRnNiR0poWTJzaU9pSldZV3hwWkdGMFpVbDBaVzF6Vkc5RGFHVmphMDkxZEU5eVVYVnZkR1VpTENKSmJuWmhiR2xrU1hSbGJYTlRaV3hsWTNSbFpFWnZja05vWldOcmIzVjBVbVZ6YjNWeVkyVWlPaUpVYUdWeVpTQmhjbVVnYzI5dFpTQnBiblpoYkdsa0lHbDBaVzF6SUdOb2IzTmxiaUJtYjNJZ1kyaGxZMnR2ZFhRaUxDSk9iMDl5WkdWeVlXSnNaVWwwWlcxelUyVnNaV04wWldSR2IzSkRhR1ZqYTI5MWRGSmxjMjkxY21ObElqb2lUbThnZG1Gc2FXUWdiM0prWlhKaFlteGxJR2wwWlcxeklHRnlaU0JqYUc5elpXNGdabTl5SUc5eVpHVnlJSEJ5YjJObGMzTWlMQ0pPYjFGMWIzUmhZbXhsU1hSbGJYTlRaV3hsWTNSbFpFWnZja05vWldOcmIzVjBVbVZ6YjNWeVkyVWlPaUpPYnlCMllXeHBaQ0J4ZFc5MFlXSnNaU0JwZEdWdGN5QmhjbVVnWTJodmMyVnVJR1p2Y2lCeGRXOTBaU0J3Y205alpYTnpJaXdpVDNKa1pYSmhZbXhsUVc1a1RtOXVUM0prWlhKaFlteGxTWFJsYlhOVFpXeGxZM1JsWkVadmNrTm9aV05yYjNWMFVtVnpiM1Z5WTJVaU9pSlpiM1VnWTJGdUlHVnBkR2hsY2lBbmNISnZZMlZsWkNjZ2QybDBhQ0J2Y21SbGNpQndjbTlqWlhOeklHOW1JSFJvWlNCdmNtUmxjbUZpYkdVZ2FYUmxiWE1nYjNJZ1pXUnBkQ0IwYUdVZ2JtOXVMVzl5WkdWeVlXSnNaU0JwZEdWdGN5SXNJbEYxYjNSaFlteGxRVzVrVG05dVVYVnZkR0ZpYkdWSmRHVnRjMU5sYkdWamRHVmtSbTl5UTJobFkydHZkWFJTWlhOdmRYSmpaU0k2SWxsdmRTQmpZVzRnWldsMGFHVnlJQ2R3Y205alpXVmtKeUIzYVhSb0lIRjFiM1JsSUhCeWIyTmxjM01nYjJZZ2RHaGxJSEYxYjNSaFlteGxJR2wwWlcxeklHOXlJR1ZrYVhRZ2RHaGxJRzV2YmkxeGRXOTBZV0pzWlNCcGRHVnRjeUlzSWxGMWIzUmxVMlZzWldOMFpXUlFjbTlrZFdOMGN5STZNaXdpVG05SmRHVnRjMU5sYkdWamRHVmtJam9pVG04Z1NYUmxiWE1nVTJWc1pXTjBaV1F1SUZCc1pXRnpaU0JqYUc5dmMyVWdiMjVsSUNodmNpa2diVzl5WlNCcGRHVnRjeUIwYnlCd1pYSm1iM0p0SUhSb1pTQmhZM1JwYjI0dUlpd2lRMkZ5ZEVGamRHbHZia1JsYkdWMFpWTmxiR1ZqZEdWa1VISnZaSFZqZEhNaU9qVXNJbGRwYzJoTWFYTjBRV04wYVc5dWMwUmxiR1YwWlZObGJHVmpkR1ZrVUhKdlpIVmpkSE1pT2pJc0lrUmxiR1YwWlVOdmJtWnBjbTFoZEdsdmJrMWxjM05oWjJWU1pYTnZkWEpqWlNJNklqeHdQa1J2SUhsdmRTQnlaV0ZzYkhrZ2QyRnVkQ0IwYnlCa1pXeGxkR1VnZEdocGN5QnBkR1Z0S0hNcFB6d3ZjRDRpTENKRVpXeGxkR1ZEYjI1bWFYSnRZWFJwYjI1T2IwSjFkSFJ2YmxKbGMyOTFjbU5sSWpvaVRtOGlMQ0pFWld4bGRHVkRiMjVtYVhKdFlYUnBiMjVaWlhOQ2RYUjBiMjVTWlhOdmRYSmpaU0k2SWxsbGN5SXNJa1JsYkdWMFpVTnZibVpwY20xaGRHbHZia2hsWVdSbGNsUmxlSFJTWlhOdmRYSmpaU0k2SWtSbGJHVjBaU0lzSWtOaGNuUkJZM1JwYjI0aU9qRXNJa05vWldOcmIzVjBRblYwZEc5dVUyTnlhWEIwSWpwdWRXeHNMQ0pEYUdWamEyOTFkRk5sY1hWbGJtTnBibWRCYm1SUWNtbHRaWEpRYjNCMWNFMWxjM05oWjJWSVpXRmtaWElpT2lJaUxDSkRhR1ZqYTI5MWRGTmxjWFZsYm1OcGJtZEJibVJRY21sdFpYSlFiM0IxY0UxbGMzTmhaMlZJWldGa1pYSkpibVp2Y20xaGRHbHZiaUk2SWtsMElHbHpJRzV2ZENCd2IzTnphV0pzWlNCMGJ5QmphR1ZqYTI5MWRDQXZJSEYxYjNSbElITmxjWFZsYm1OcGJtY2djbVZoWTNScGIyNXpJSGRwZEdodmRYUWdjSEpwYldWeWN5QjNhR2xqYUNCaGNtVWdZWE56YjJOcFlYUmxaQ0IwYnlCelpXeGxZM1JsWkNCelpYRjFaVzVqYVc1bklHbDBaVzF6SUdsdUlIUm9hWE1nYjNKa1pYSTZJRHd2WW5JK1BDOWljajRpTENKRGFHVmphMjkxZEZObGNYVmxibU5wYm1kQmJtUlFjbWx0WlhKUWIzQjFjRTFsYzNOaFoyVkdiMjkwWlhKSmJtWnZjbTFoZEdsdmJpSTZJaUlzSWtOb1pXTnJiM1YwVTJWeGRXVnVZMmx1WjBGdVpGQnlhVzFsY2xCdmNIVndUV1Z6YzJGblpVTnNiM05sUW5WMGRHOXVWR1Y0ZENJNklpSXNJa05vWldOcmIzVjBVMlZ4ZFdWdVkybHVaMEZ1WkZCeWFXMWxjbEJ2Y0hWd1JtOXliV0YwVFdWemMyRm5aU0k2SWlJc0lrTm9aV05yYjNWMFVISnBiV1Z5UVd4dmJtVlFiM0IxY0UxbGMzTmhaMlZEYkc5elpVSjFkSFJ2YmxSbGVIUWlPaUlpTENKRGFHVmphMjkxZEZCeWFXMWxja0ZzYjI1bFVHOXdkWEJOWlhOellXZGxJam9pVUhKcGJXVnlJR0ZzYjI1bElHTmhibTV2ZENCaVpTQmphR1ZqYTJWa0lHOTFkQzRnVUd4bFlYTmxJSE5sYkdWamRDQmhkR3hsWVhOMElHOXVaU0JoYzNOdlkybGhkR1ZrSUhObGNYVmxibU5wYm1jZ1NYUmxiUzRpTENKRGFHVmphMjkxZEZCeWFXMWxja0ZzYjI1bFVHOXdkWEJOWlhOellXZGxTR1ZoWkdWeUlqb2lVR3hsWVhObElFNXZkR1VpTENKQ1lYSkRiMlJsVm1Gc2FXUmhkR2x2YmxCdmNIVndRMnh2YzJWQ2RYUjBiMjVVWlhoMElqb2lUMnNpTENKQ1lYSkRiMlJsVm1Gc2FXUmhkR2x2YmxCdmNIVndUV1Z6YzJGblpTSTZJa0poY21OdlpHVWdabTl5SUZObGJHVmpkR1ZrSUVsMFpXMGdhWE1nYVc1MllXeHBaQ0lzSWtKaGNrTnZaR1ZXWVd4cFpHRjBhVzl1VUc5d2RYQk5aWE56WVdkbFNHVmhaR1Z5SWpvaVVHeGxZWE5sSUU1dmRHVWlMQ0pUWVcxbFJHRjVSR1ZzYVhabGNubFdZV3hwWkdGMGFXOXVVRzl3ZFhCSGIwSmhZMnRDZFhSMGIyNVVaWGgwSWpvaVYyRnBkQ0IxYm5ScGJDQmhiR3dnVDNKa1pYSnpJR0Z5WlNCbWFXNXBjMmhsWkNCMGJ5QlRhR2x3SUc5dVkyVWlMQ0pUWVcxbFJHRjVSR1ZzYVhabGNubFdZV3hwWkdGMGFXOXVVRzl3ZFhCRGFHVmphMjkxZEVKMWRIUnZibFJsZUhRaU9pSkRhR1ZqYTI5MWRDQlRZVzFsSUVSaGVTQlBiR2xuYjNNZ1QyNXNlU0lzSWxOaGJXVkVZWGxFWld4cGRtVnllVlpoYkdsa1lYUnBiMjVRYjNCMWNFMWxjM05oWjJWSVpXRmtaWElpT2lKUWJHVmhjMlVnYzJWc1pXTjBJaXdpVTJGdFpVUmhlVVJsYkdsMlpYSjVWbUZzYVdSaGRHbHZibEJ2Y0hWd1RXVnpjMkZuWlVSbGMyTnlhWEIwYVc5dUlqb2lXVzkxY2lCallYSjBJR052Ym5SaGFXNXpJSE5oYldVZ1pHRjVJRzlzYVdkdmN5d2dkMmhwWTJnZ2JtVmxaQ0IwYnlCaVpTQmphR1ZqYTJWa0lHOTFkQ0J6WlhCbGNtRjBaV3g1SUdsdUlHOXlaR1Z5SUhSdklHVnVjM1Z5WlNCMGFHVWdabUZ6ZEdWemRDQmtaV3hwZG1WeWVTNGdWR2hsSUc5MGFHVnlJR2wwWlcxeklIZHBiR3dnWW1VZ2QyRnBkR2x1WnlCcGJpQjViM1Z5SUdOaGNuUWdkMmhsYmlCNWIzVWdjbVYwZFhKdUlHeGhkR1Z5TGlBOGMzQmhiaUJqYkdGemN6MWNJblJ2YjJ4MGFYQmZaR2xoYkc5blhDSWdkR2wwYkdVOVhDSkZlSEJzWVdsdUlHSjFkSFJ2YmlCa1pYTmpjbWx3ZEdsdmJpQm9aWEpsSUc5dWJIbGNJaUErUEM5emNHRnVQaUlzSWxKbGRYTmxaRWwwWlcxelZtRnNhV1JoZEdsdmJsQnZjSFZ3UTJ4dmMyVkNkWFIwYjI1VVpYaDBJam9pVDJzaUxDSlNaWFZ6WldSSmRHVnRjMVpoYkdsa1lYUnBiMjVRYjNCMWNFMWxjM05oWjJVaU9pSlBiM0J6SUNFZ1UyOXRaU0J2Y2lCaGJHd2diMllnYzJWc1pXTjBaV1FnY21WMWMyVmtJR2wwWlcwbmN5QnZjbWxuYVc1aGJDQmpiMjUwWVdsdVpYSnpJR0Z5WlNCbGVIQnBjbVZrTGlCWmIzVnlJR05oY25RZ2QybHNiQ0JpWlNCMWNHUmhkR1ZrSUdGMWRHOXRZWFJwWTJGc2JIa2dZVzVrSUdOaGNuUWdkMmxzYkNCaVpTQnlaV3h2WVdSbFpDNGdSWGh3YVhKbFpDQnBkR1Z0SUU1aGJXVnpJR0Z5WlNBdFBpSXNJbEpsZFhObFpFbDBaVzF6Vm1Gc2FXUmhkR2x2YmxCdmNIVndUV1Z6YzJGblpVaGxZV1JsY2lJNklsQnNaV0Z6WlNCT2IzUmxJaXdpUlhod2FYSmxaRkJ5YVcxbGNsQnZjSFZ3UTJ4dmMyVkNkWFIwYjI1VVpYaDBJam9pVDJzaUxDSkZlSEJwY21Wa1VISnBiV1Z5VUc5d2RYQk5aWE56WVdkbFZHVjRkQ0k2SWxCeWFXMWxjaUJwY3lCbGVIQnBjbVZrSUdadmNpQjBhR1VnYjI1bElHOW1JSFJvWlNCelpXeGxkR1ZrSUhObGNYVmxibU5wYm1jZ2FYUmxiUzRnY0d4bFlYTmxJSE5sYkdWamRDQmhibTkwYUdWeUlIQnlhVzFsY2lCdmNpQnZjbVJsY2lCdVpYY2djSEpwYldWeUxpSXNJa1Y0Y0dseVpXUlFjbWx0WlhKUWIzQjFjRTFsYzNOaFoyVklaV0ZrWlhKVVpYaDBJam9pVUd4bGMyVWdUbTkwWlNJc0lrTmhjblJRWVdkbFZWSk1Jam9pTDJWdUwyTmhjblF1WVhOd2VDSXNJazFwYm1sdGRXMVFiR0YwWlZOaGJYQnNaWE5RWlhKRGFHVmphMjkxZENJNk5EZ3NJbEJzWVhSbFUyRnRjR3hsUTI5MWJuUWlPbTUxYkd3c0lrbHpVMmx1WjJ4bFVHeGhkR1ZYYVhSb1ZtRnNhV1JUWVcxd2JHVkRiM1Z1ZENJNlptRnNjMlVzSWsxcGJsQnNZWFJsVTJGdGNHeGxjMUJ2Y0hWd1JtOXliV0YwVFdWemMyRm5aU0k2SWlJc0lrMXBibEJzWVhSbFUyRnRjR3hsYzFCdmNIVndSbTl5YldGMFRXVnpjMkZuWlVOc2IzTmxRblYwZEc5dVZHVjRkQ0k2SWlJc0lrMXBibEJzWVhSbFUyRnRjR3hsYzFCdmNIVndSbTl5YldGMFRXVnpjMkZuWlVobFlXUmxjaUk2SWlJc0lrMWhlR2x0ZFcxT2RXMWlaWEpQWmxCc1lYUmxjMUJsY2tOb1pXTnJiM1YwSWpvekxDSlFiR0YwWlhORGIzVnVkRVp2Y2tOMWNuSmxiblJQY21SbGNpSTZiblZzYkN3aVRXRjRhVzExYlZCc1lYUmxjMUJsY2tOb1pXTnJiM1YwVUc5d2RYQkdiM0p0WVhSTlpYTnpZV2RsSWpvaVRXRjRhVzExYlNBeklIQnNZWFJsY3lCaGNtVWdaV3hwWjJsaWJHVWdkRzhnWTJobFkydHZkWFFnY0dWeUlHOXlaR1Z5SUdadmNpQndiR0YwWlNCelpYRjFaVzVqYVc1bklHbDBaVzF6TGlCUWJHVmhjMlVnYlc5a2FXWjVJSGx2ZFhJZ2MyVnNaV04wYVc5dUlHRmpZMjl5WkdsdVoyeDVMaUlzSWsxaGVHbHRkVzFRYkdGMFpYTlFaWEpEYUdWamEyOTFkRkJ2Y0hWd1JtOXliV0YwVFdWemMyRm5aVU5zYjNObFFuVjBkRzl1VkdWNGRDSTZJazlySWl3aVRXRjRhVzExYlZCc1lYUmxjMUJsY2tOb1pXTnJiM1YwUm05eWJXRjBUV1Z6YzJGblpVaGxZV1JsY2lJNklsQnNaV0Z6WlNCT2IzUmxJaXdpVUc5emRFSmhZMnRGYkdWdFpXNTBWVzVwY1hWbFNXUWlPaUpqZEd3d01DUmpkR3d3TUNSamRHd3dNQ1JEYjI1MFpXNTBVR3hoWTJWSWIyeGtaWEpFWldaaGRXeDBKRU5oY25SUGRtVnlkbWxsZDE4ekpHeHVhME5vWldOcmIzVjBJaXdpUlhabGJuUkJjbWQxYldWdWRDSTZJaUo5TENCMGFHbHpLVHRrQWhJUFpCWUdBZ01QWkJZQ1pnOFBGZ0llQzJ4aWJFaGxZV1JNYVc1bEJRcE5lU0JRY205bWFXeGxaQllJQWdJUEZRRnFRMjl1ZEdWdWRGQnNZV05sU0c5c1pHVnlSR1ZtWVhWc2RGOU5ZWE4wWlhKUWJHRmpaV2h2YkdSbGNsOUliMjFsVEc5bloyVmtTVzVmTmw5d2JteEVjbUZuWVdKc1pWZHBibVJ2ZDBOdmJuUmxiblJmU1c1c2FXNWxUV1Z6YzJGblpVTnZiblJoYVc1bGNtUUNBdzhQRmdJZkJHZGtGZ1FDQVE4V0FoOERCUVZJWld4c2IyUUNBdzhXQWg4REJSVndiblJsYzNSbU1EQXhJSEJ1ZEdWemRHd3dNREZrQWdVUFpCWUlBZ0VQRmdJZkEyVmtBZ01QRHhZQ0h3TmxaR1FDQlE4UEZnSWZBd1VSS0dKbFkyOXRaU0I1YjNWeWMyVnNaaWxrWkFJSER4WUNId05sWkFJSkQyUVdDQUlCRDJRV0FnSUJEdzhXQmg4SEJRMWxaa052Ykc5eVQzSmhibWRsSHdNRkNFMTVUM0prWlhKekh3Z0NBbVJrQWdNUER4WUNId01GREUxNUlFUmhjMmhpYjJGeVpHUmtBZ1VQRHhZRUh3VUZGSDR2WVdSdGFXNHZkMlZzWTI5dFpTNWhjM0I0SHdNRkRrRmtiV2x1YVhOMGNtRjBhVzl1WkdRQ0J3OFBGZ0lmQXdVR1RHOW5iM1YwWkdRQ0JROWtGZ0ptRHc4V0JCOE5CUVZNYjJkcGJoOEVhR1FXQkFJRkR3OFdBaDhGQlNNdlpXNHZZMmhsWTJ0dmRYUXZjM1JsY0RFdVlYTndlRDl1YjJSbFNXUTlNVEV5TjJSa0FnY1BaQllHQWdFUER4WUdId01GQmtWdFlXbHNPaDhIQlJjZ2NtVnhkV2x5WldSR2FXVnNaRU5vWVhKaFkzUmxjaDhJQWdKa1pBSUpEdzhXQmg4REJRTjdNSDBmQndVWElISmxjWFZwY21Wa1JtbGxiR1JEYUdGeVlXTjBaWElmQ0FJQ1pHUUNFdzhQRmdJZkJRVVhMMlZ1TDJadmNtZHZkSEJoYzNOM2IzSmtMbUZ6Y0hoa1pBSUhEMlFXQW1ZUER4WUNIdzBGQ2s1bFpXUWdTR1ZzY0Q5a0ZnUUNBZzhWQVcxRGIyNTBaVzUwVUd4aFkyVkliMnhrWlhKRVpXWmhkV3gwWDAxaGMzUmxjbEJzWVdObGFHOXNaR1Z5WDBOMWMzUnZiV1Z5VTNWd2NHOXlkRjg0WDNCdWJFUnlZV2RoWW14bFYybHVaRzkzUTI5dWRHVnVkRjlKYm14cGJtVk5aWE56WVdkbFEyOXVkR0ZwYm1WeVpBSUREMlFXQ0FJQkR4WUNId01GRUVOMWMzUnZiV1Z5SUZOMWNIQnZjblJrQWdNUER4WUNId01GRUNzME9TQTRNRGt5SURneU9Ea2dOemRrWkFJRkR3OFdBaDhEQldnOFlTQm9jbVZtUFNJdlpXNHZaWFZ5YjJacGJuTXRiWGRuTFc5d1pYSnZiaTl6WlhKMmFXTmxMV05sYm5SbGNpOWpiMjUwWVdOMExYVnpMMmRzYjJKaGJDMWthWEpsWTNSdmNua3VZWE53ZUNJK1JuSmxaU0J3YUc5dVpTQnVkVzFpWlhKelBDOWhQbVJrQWdjUER4WUVId01GUkR4aElHaHlaV1k5SW0xaGFXeDBienB6ZFhCd2IzSjBMV1YxUUdWMWNtOW1hVzV6TG1OdmJTSStjM1Z3Y0c5eWRDMWxkVUJsZFhKdlptbHVjeTVqYjIwOEwyRStId1VGUzIxaGFXeDBiem84WVNCb2NtVm1QU0p0WVdsc2RHODZjM1Z3Y0c5eWRDMWxkVUJsZFhKdlptbHVjeTVqYjIwaVBuTjFjSEJ2Y25RdFpYVkFaWFZ5YjJacGJuTXVZMjl0UEM5aFBtUmtBaFVQWkJZQ1pnOWtGZ0ptRHhVQnBnWjJZWElnYzJodmQxQnliMmR5WlhOelFtRnlRV1owWlhJOU1qQXdPdzBLZG1GeUlHMWxjM05oWjJWUWNtOW5jbVZ6YzBKaGNqMG5VR3hsWVhObElIZGhhWFF1TGk0bk93MEtkbUZ5SUhCeWIyZHlaWE56UW1GeVZHbDBiR1U5SjFCc1pXRnpaU0IzWVdsMExpNHVKenNOQ25aaGNpQndjbTluY21WemMwSmhja05oYm1ObGJFSjFkSFJ2YmxSbGVIUTlKME5oYm1ObGJDYzdEUXAyWVhJZ1lXeGxjblJOWlhOellXZGxRblYwZEc5dVZHVjRkRDBuVDJzbk93MEtkbUZ5SUdGc1pYSjBUV1Z6YzJGblpWUnBkR3hsUFNkQmJHVnlkQ0JOWlhOellXZGxKenNOQ25aaGNpQnZjR1Z5YjI1VGFYUmxWWEpzUFNjbk93MEtkbUZ5SUdOMWNuSmxiblJUYVhSbFEyOWtaVDBuUlVKRkp6c05DblpoY2lCemRXSkViMjFoYVc0OUoxRkJKenNOQ25aaGNpQndiM0owVG5WdFltVnlQU2M0TVNjN0RRcDJZWElnY0hKbFRHOWhaRWx0WVdkbFRHbHpkRDFiSnk5amMzTXZaWGgwTDJweGRXVnllWFJvWlcxbGN5OXBiV0ZuWlhNdmRXa3RZbWRmWjJ4aGMzTmZOVFZmTVdNeFl6RmpYekY0TkRBd0xuQnVaeWRkT3cwS2RtRnlJSEJ5YVdOcGJtZEVaWFJoYVd4elEyeHZjMlZDZFhSMGIyNVVaWGgwUFNkRGJHOXpaU2M3RFFwMllYSWdRV1JrUW5WMGRHOXVVbVZ6YjNWeVkyVlVaWGgwSUQwZ0owRmtaQ2M3RFFwMllYSWdRMkZ1WTJWc1FuVjBkRzl1VW1WemIzVnlZMlZVWlhoMElEMGdKME5oYm1ObGJDYzdEUXAyWVhJZ1EyeHZjMlZDZFhSMGIyNVNaWE52ZFhKalpWUmxlSFFnUFNBblEyeHZjMlVuT3cwS2RtRnlJRk5oZG1WQ2RYUjBiMjVTWlhOdmRYSmpaVlJsZUhRZ1BTQW5VMkYyWlNjN0RRcDJZWElnVG05Q2RYUjBiMjVTWlhOdmRYSmpaVlJsZUhRZ1BTQW5UbThuT3cwS2RtRnlJRmxsYzBKMWRIUnZibEpsYzI5MWNtTmxWR1Y0ZENBOUlDZFpaWE1uT3cwS2RtRnlJRlJvYVdOclFtOTRRMnh2YzJWVVpYaDBVbVZ6YjNWeVkyVWdQU0FuYjNJZ1JYTmpJRXRsZVNjN0RRcDJZWElnVkdocFkydENiM2hEYkc5elpVeHBibXRTWlhOdmRYSmpaU0E5SUNkamJHOXpaU2M3RFFwMllYSWdaR1Z3Ykc5NWJXVnVkRVZ1ZG1seWIyNXRaVzUwSUQwZ0oxRkJKenNOQ21SazVCbVFXYWljTkp5RnFNYlJTdm1wTjNTa0dQbVZjL290QzY3RVQ4b3U0NWs9IiBDb3JyZWxhdGlvbkJpbmRpbmc9IiIgVXJsRW5jb2RlPSJUcnVlIiAvPg0KICAgICAgICA8Rm9ybVBvc3RQYXJhbWV0ZXIgTmFtZT0iY3RsMDAkY3RsMDAkY3RsMDAkQ29udGVudFBsYWNlSG9sZGVyRGVmYXVsdCRUb3BMb2dnZWRJbl8xJGhkblNjcmVlbkFyZWEiIFZhbHVlPSJ7eyRISURERU4xLmN0bDAwJGN0bDAwJGN0bDAwJENvbnRlbnRQbGFjZUhvbGRlckRlZmF1bHQkVG9wTG9nZ2VkSW5fMSRoZG5TY3JlZW5BcmVhfX0iIFJlY29yZGVkVmFsdWU9IiIgQ29ycmVsYXRpb25CaW5kaW5nPSIiIFVybEVuY29kZT0iVHJ1ZSIgLz4NCiAgICAgICAgPEZvcm1Qb3N0UGFyYW1ldGVyIE5hbWU9ImN0bDAwJGN0bDAwJGN0bDAwJENvbnRlbnRQbGFjZUhvbGRlckRlZmF1bHQkQ2FydE92ZXJ2aWV3XzMkaGRuRmllbGRTZWxlY3RlZE9yZGVySXRlbUNoZWNrb3V0U3RhdGVzIiBWYWx1ZT0ie3skSElEREVOMS5jdGwwMCRjdGwwMCRjdGwwMCRDb250ZW50UGxhY2VIb2xkZXJEZWZhdWx0JENhcnRPdmVydmlld18zJGhkbkZpZWxkU2VsZWN0ZWRPcmRlckl0ZW1DaGVja291dFN0YXRlc319IiBSZWNvcmRlZFZhbHVlPSIiIENvcnJlbGF0aW9uQmluZGluZz0iIiBVcmxFbmNvZGU9IlRydWUiIC8+DQogICAgICAgIDxGb3JtUG9zdFBhcmFtZXRlciBOYW1lPSJjdGwwMCRjdGwwMCRjdGwwMCRDb250ZW50UGxhY2VIb2xkZXJEZWZhdWx0JENhcnRPdmVydmlld18zJGhkbkZpZWxkQ29tcGxldGVDYXJ0Q2hlY2tvdXRTdGF0ZUVudW1zIiBWYWx1ZT0ie3skSElEREVOMS5jdGwwMCRjdGwwMCRjdGwwMCRDb250ZW50UGxhY2VIb2xkZXJEZWZhdWx0JENhcnRPdmVydmlld18zJGhkbkZpZWxkQ29tcGxldGVDYXJ0Q2hlY2tvdXRTdGF0ZUVudW1zfX0iIFJlY29yZGVkVmFsdWU9IiIgQ29ycmVsYXRpb25CaW5kaW5nPSIiIFVybEVuY29kZT0iVHJ1ZSIgLz4NCiAgICAgICAgPEZvcm1Qb3N0UGFyYW1ldGVyIE5hbWU9ImN0bDAwJGN0bDAwJGN0bDAwJENvbnRlbnRQbGFjZUhvbGRlckRlZmF1bHQkQ2FydE92ZXJ2aWV3XzMkaGRuRmllbGRTZWxlY3RlZEl0ZW1JZHMiIFZhbHVlPSJ7eyRISURERU4xLmN0bDAwJGN0bDAwJGN0bDAwJENvbnRlbnRQbGFjZUhvbGRlckRlZmF1bHQkQ2FydE92ZXJ2aWV3XzMkaGRuRmllbGRTZWxlY3RlZEl0ZW1JZHN9fSIgUmVjb3JkZWRWYWx1ZT0iIiBDb3JyZWxhdGlvbkJpbmRpbmc9IiIgVXJsRW5jb2RlPSJUcnVlIiAvPg0KICAgICAgICA8Rm9ybVBvc3RQYXJhbWV0ZXIgTmFtZT0iY3RsMDAkY3RsMDAkY3RsMDAkQ29udGVudFBsYWNlSG9sZGVyRGVmYXVsdCRDYXJ0T3ZlcnZpZXdfMyRoZG5TY3JlZW5BcmVhIiBWYWx1ZT0ie3skSElEREVOMS5jdGwwMCRjdGwwMCRjdGwwMCRDb250ZW50UGxhY2VIb2xkZXJEZWZhdWx0JENhcnRPdmVydmlld18zJGhkblNjcmVlbkFyZWF9fSIgUmVjb3JkZWRWYWx1ZT0iIiBDb3JyZWxhdGlvbkJpbmRpbmc9IiIgVXJsRW5jb2RlPSJUcnVlIiAvPg0KICAgICAgICA8Rm9ybVBvc3RQYXJhbWV0ZXIgTmFtZT0iY3RsMDAkY3RsMDAkY3RsMDAkQ29udGVudFBsYWNlSG9sZGVyRGVmYXVsdCRNYXN0ZXJQbGFjZWhvbGRlciRIb21lTG9nZ2VkSW5fNiRoZG5TY3JlZW5BcmVhIiBWYWx1ZT0ie3skSElEREVOMS5jdGwwMCRjdGwwMCRjdGwwMCRDb250ZW50UGxhY2VIb2xkZXJEZWZhdWx0JE1hc3RlclBsYWNlaG9sZGVyJEhvbWVMb2dnZWRJbl82JGhkblNjcmVlbkFyZWF9fSIgUmVjb3JkZWRWYWx1ZT0iIiBDb3JyZWxhdGlvbkJpbmRpbmc9IiIgVXJsRW5jb2RlPSJUcnVlIiAvPg0KICAgICAgICA8Rm9ybVBvc3RQYXJhbWV0ZXIgTmFtZT0iY3RsMDAkY3RsMDAkY3RsMDAkQ29udGVudFBsYWNlSG9sZGVyRGVmYXVsdCRNYXN0ZXJQbGFjZWhvbGRlciRDdXN0b21lclN1cHBvcnRfOCRoZG5TY3JlZW5BcmVhIiBWYWx1ZT0ie3skSElEREVOMS5jdGwwMCRjdGwwMCRjdGwwMCRDb250ZW50UGxhY2VIb2xkZXJEZWZhdWx0JE1hc3RlclBsYWNlaG9sZGVyJEN1c3RvbWVyU3VwcG9ydF84JGhkblNjcmVlbkFyZWF9fSIgUmVjb3JkZWRWYWx1ZT0iIiBDb3JyZWxhdGlvbkJpbmRpbmc9IiIgVXJsRW5jb2RlPSJUcnVlIiAvPg0KICAgICAgICA8Rm9ybVBvc3RQYXJhbWV0ZXIgTmFtZT0iY3RsMDAkY3RsMDAkY3RsMDAkQ29udGVudFBsYWNlSG9sZGVyRGVmYXVsdCRoZG5DYW5Jbml0aWFsaXplQ3VsdHVyZSIgVmFsdWU9Int7JEhJRERFTjEuY3RsMDAkY3RsMDAkY3RsMDAkQ29udGVudFBsYWNlSG9sZGVyRGVmYXVsdCRoZG5DYW5Jbml0aWFsaXplQ3VsdHVyZX19IiBSZWNvcmRlZFZhbHVlPSJmYWxzZSIgQ29ycmVsYXRpb25CaW5kaW5nPSIiIFVybEVuY29kZT0iVHJ1ZSIgLz4NCiAgICAgICAgPEZvcm1Qb3N0UGFyYW1ldGVyIE5hbWU9ImN0bDAwJGN0bDAwJGN0bDAwJENvbnRlbnRQbGFjZUhvbGRlckRlZmF1bHQkaGRuRWNvbURyYWdEcm9wSnNvbiIgVmFsdWU9Int7JEhJRERFTjEuY3RsMDAkY3RsMDAkY3RsMDAkQ29udGVudFBsYWNlSG9sZGVyRGVmYXVsdCRoZG5FY29tRHJhZ0Ryb3BKc29ufX0iIFJlY29yZGVkVmFsdWU9IiIgQ29ycmVsYXRpb25CaW5kaW5nPSIiIFVybEVuY29kZT0iVHJ1ZSIgLz4NCiAgICAgICAgPEZvcm1Qb3N0UGFyYW1ldGVyIE5hbWU9ImN0bDAwJGN0bDAwJGN0bDAwJENvbnRlbnRQbGFjZUhvbGRlckRlZmF1bHQkaGRuQ3VycmVudFBhZ2VJZGVudGl0eSIgVmFsdWU9Int7JEhJRERFTjEuY3RsMDAkY3RsMDAkY3RsMDAkQ29udGVudFBsYWNlSG9sZGVyRGVmYXVsdCRoZG5DdXJyZW50UGFnZUlkZW50aXR5fX0iIFJlY29yZGVkVmFsdWU9IjExMjciIENvcnJlbGF0aW9uQmluZGluZz0iIiBVcmxFbmNvZGU9IlRydWUiIC8+DQogICAgICAgIDxGb3JtUG9zdFBhcmFtZXRlciBOYW1lPSJjdGwwMCRjdGwwMCRjdGwwMCRDb250ZW50UGxhY2VIb2xkZXJEZWZhdWx0JGhkblNjcm9sbFlQb3NpdGlvbiIgVmFsdWU9Int7JEhJRERFTjEuY3RsMDAkY3RsMDAkY3RsMDAkQ29udGVudFBsYWNlSG9sZGVyRGVmYXVsdCRoZG5TY3JvbGxZUG9zaXRpb259fSIgUmVjb3JkZWRWYWx1ZT0iMCIgQ29ycmVsYXRpb25CaW5kaW5nPSIiIFVybEVuY29kZT0iVHJ1ZSIgLz4NCiAgICAgICAgPEZvcm1Qb3N0UGFyYW1ldGVyIE5hbWU9Il9fVklFV1NUQVRFR0VORVJBVE9SIiBWYWx1ZT0ie3skSElEREVOMS5fX1ZJRVdTVEFURUdFTkVSQVRPUn19IiBSZWNvcmRlZFZhbHVlPSJDQTBCMDMzNCIgQ29ycmVsYXRpb25CaW5kaW5nPSIiIFVybEVuY29kZT0iVHJ1ZSIgLz4NCiAgICAgIDwvRm9ybVBvc3RIdHRwQm9keT4NCiAgICA8L1JlcXVlc3Q+DQogIDwvSXRlbXM+DQogIDxWYWxpZGF0aW9uUnVsZXM+DQogICAgPFZhbGlkYXRpb25SdWxlIENsYXNzbmFtZT0iTWljcm9zb2Z0LlZpc3VhbFN0dWRpby5UZXN0VG9vbHMuV2ViVGVzdGluZy5SdWxlcy5WYWxpZGF0ZVJlc3BvbnNlVXJsLCBNaWNyb3NvZnQuVmlzdWFsU3R1ZGlvLlF1YWxpdHlUb29scy5XZWJUZXN0RnJhbWV3b3JrLCBWZXJzaW9uPTEwLjAuMC4wLCBDdWx0dXJlPW5ldXRyYWwsIFB1YmxpY0tleVRva2VuPWIwM2Y1ZjdmMTFkNTBhM2EiIERpc3BsYXlOYW1lPSJSZXNwb25zZSBVUkwiIERlc2NyaXB0aW9uPSJWYWxpZGF0ZXMgdGhhdCB0aGUgcmVzcG9uc2UgVVJMIGFmdGVyIHJlZGlyZWN0cyBhcmUgZm9sbG93ZWQgaXMgdGhlIHNhbWUgYXMgdGhlIHJlY29yZGVkIHJlc3BvbnNlIFVSTC4gIFF1ZXJ5U3RyaW5nIHBhcmFtZXRlcnMgYXJlIGlnbm9yZWQuIiBMZXZlbD0iTG93IiBFeGVjdHVpb25PcmRlcj0iQmVmb3JlRGVwZW5kZW50cyIgLz4NCiAgICA8VmFsaWRhdGlvblJ1bGUgQ2xhc3NuYW1lPSJNaWNyb3NvZnQuVmlzdWFsU3R1ZGlvLlRlc3RUb29scy5XZWJUZXN0aW5nLlJ1bGVzLlZhbGlkYXRpb25SdWxlUmVzcG9uc2VUaW1lR29hbCwgTWljcm9zb2Z0LlZpc3VhbFN0dWRpby5RdWFsaXR5VG9vbHMuV2ViVGVzdEZyYW1ld29yaywgVmVyc2lvbj0xMC4wLjAuMCwgQ3VsdHVyZT1uZXV0cmFsLCBQdWJsaWNLZXlUb2tlbj1iMDNmNWY3ZjExZDUwYTNhIiBEaXNwbGF5TmFtZT0iUmVzcG9uc2UgVGltZSBHb2FsIiBEZXNjcmlwdGlvbj0iVmFsaWRhdGVzIHRoYXQgdGhlIHJlc3BvbnNlIHRpbWUgZm9yIHRoZSByZXF1ZXN0IGlzIGxlc3MgdGhhbiBvciBlcXVhbCB0byB0aGUgcmVzcG9uc2UgdGltZSBnb2FsIGFzIHNwZWNpZmllZCBvbiB0aGUgcmVxdWVzdC4gIFJlc3BvbnNlIHRpbWUgZ29hbHMgb2YgemVybyB3aWxsIGJlIGlnbm9yZWQuIiBMZXZlbD0iTG93IiBFeGVjdHVpb25PcmRlcj0iQWZ0ZXJEZXBlbmRlbnRzIj4NCiAgICAgIDxSdWxlUGFyYW1ldGVycz4NCiAgICAgICAgPFJ1bGVQYXJhbWV0ZXIgTmFtZT0iVG9sZXJhbmNlIiBWYWx1ZT0iMCIgLz4NCiAgICAgIDwvUnVsZVBhcmFtZXRlcnM+DQogICAgPC9WYWxpZGF0aW9uUnVsZT4NCiAgPC9WYWxpZGF0aW9uUnVsZXM+DQo8L1dlYlRlc3Q+">
      <Execution id="06fd7be1-4466-46d2-96ac-991da618f866" />
    </WebTest>
  </TestDefinitions>
  <TestLists>
    <TestList name="Results Not in a List" id="8c84fa94-04c1-424b-9868-57a2d4851a1d" />
    <TestList name="All Loaded Results" id="19431567-8539-422a-85d7-44ee4e166bda" />
  </TestLists>
  <TestEntries>
    <TestEntry isTransparent="false" testId="96e89e18-9e76-454d-8013-42a084c29e3c" executionId="06fd7be1-4466-46d2-96ac-991da618f866" testListId="8c84fa94-04c1-424b-9868-57a2d4851a1d" />
  </TestEntries>
  <Results>
    <TestResult executionId="06fd7be1-4466-46d2-96ac-991da618f866" testId="96e89e18-9e76-454d-8013-42a084c29e3c" testName="E-Com" computerName="IN01APVT127" testType="4e7599fa-5ecb-43e9-a887-cd63cf72d207" outcome="NotExecuted" testListId="8c84fa94-04c1-424b-9868-57a2d4851a1d" relativeResultsDirectory="06fd7be1-4466-46d2-96ac-991da618f866">
    </TestResult>
  </Results>
</TestRun>