<?xml version="1.0" encoding="UTF-8"?>
<TestRun id="e647dafc-47c8-4123-b05c-656cf36e014e" name="adm_imga@IN01APVT127 2017-07-13 10:50:13" runUser="ES-AREA1\adm_imga" xmlns="http://microsoft.com/schemas/VisualStudio/TeamTest/2010">
  <TestSettings name="Local" id="5e0ec486-8390-4d47-996a-582ca480c912">
    <Description>These are default test settings for a local test run.</Description>
    <Deployment runDeploymentRoot="adm_imga_IN01APVT127 2017-07-13 10_50_13">
      <DeploymentItem filename="C:\Performance_Training\Custom_Parameter\Plugin2\bin\Debug\Plugin2.dll" />
      <DeploymentItem filename="C:\Performance_Training\Demo_Project\Demo_Reference\bin\Debug\Demo_Reference.dll" />
      <DeploymentItem filename="C:\Performance_Training\Custom_Parameter\Custom_Parameter\bin\Debug\Custom_Parameter.dll" />
    </Deployment>
    <Execution>
      <TestTypeSpecific>
        <UnitTestRunConfig testTypeId="13cdc9d9-ddb5-4fa4-a97d-d965ccfc6d4b">
          <AssemblyResolution>
            <TestDirectory useLoadContext="true" />
          </AssemblyResolution>
        </UnitTestRunConfig>
        <WebTestRunConfiguration testTypeId="4e7599fa-5ecb-43e9-a887-cd63cf72d207">
          <Browser name="Internet Explorer 9.0" MaxConnections="6">
            <Headers>
              <Header name="User-Agent" value="Mozilla/5.0 (compatible; MSIE 9.0; Windows NT 6.1; Trident/5.0)" />
              <Header name="Accept" value="*/*" />
              <Header name="Accept-Language" value="{{$IEAcceptLanguage}}" />
              <Header name="Accept-Encoding" value="GZIP" />
            </Headers>
          </Browser>
        </WebTestRunConfiguration>
      </TestTypeSpecific>
      <AgentRule name="LocalMachineDefaultRole">
      </AgentRule>
    </Execution>
    <Properties>
      <Property name="TestSettingsUIType" value="UnitTest" />
    </Properties>
  </TestSettings>
  <Times creation="2017-07-13T10:50:13.2756776+05:30" queuing="2017-07-13T10:50:15.5341292+05:30" start="2017-07-13T10:50:15.7206665+05:30" finish="2017-07-13T10:50:49.6889588+05:30" />
  <ResultSummary outcome="Completed">
    <Counters total="1" executed="1" passed="1" error="0" failed="0" timeout="0" aborted="0" inconclusive="0" passedButRunAborted="0" notRunnable="0" notExecuted="0" disconnected="0" warning="0" completed="0" inProgress="0" pending="0" />
  </ResultSummary>
  <TestDefinitions>
    <WebTest name="E-Com" storage="c:\performance_training\demo_project\demo_project\e-com.webtest" priority="0" id="bb44aeff-553a-4f28-b90d-5962c099c4bc" persistedWebTest="77u/PD94bWwgdmVyc2lvbj0iMS4wIiBlbmNvZGluZz0iVVRGLTgiIHN0YW5kYWxvbmU9InllcyI/Pg0KPFdlYlRlc3QgTmFtZT0iRS1Db20iIElkPSJiYjQ0YWVmZi01NTNhLTRmMjgtYjkwZC01OTYyYzA5OWM0YmMiIE93bmVyPSIiIFByaW9yaXR5PSIwIiBFbmFibGVkPSJUcnVlIiBDc3NQcm9qZWN0U3RydWN0dXJlPSIiIENzc0l0ZXJhdGlvbj0iIiBUaW1lb3V0PSIwIiBXb3JrSXRlbUlkcz0iIiB4bWxucz0iaHR0cDovL21pY3Jvc29mdC5jb20vc2NoZW1hcy9WaXN1YWxTdHVkaW8vVGVhbVRlc3QvMjAxMCIgRGVzY3JpcHRpb249IiIgQ3JlZGVudGlhbFVzZXJOYW1lPSIiIENyZWRlbnRpYWxQYXNzd29yZD0iIiBQcmVBdXRoZW50aWNhdGU9IlRydWUiIFByb3h5PSJkZWZhdWx0IiBTdG9wT25FcnJvcj0iRmFsc2UiIFJlY29yZGVkUmVzdWx0RmlsZT0iIiBSZXN1bHRzTG9jYWxlPSIiPg0KICA8SXRlbXM+DQogICAgPFRyYW5zYWN0aW9uVGltZXIgTmFtZT0iTG9naW4iPg0KICAgICAgPEl0ZW1zPg0KICAgICAgICA8UmVxdWVzdCBNZXRob2Q9IlBPU1QiIEd1aWQ9IjljYWE2MWU1LWQ1ODQtNDhmZC04ZTJlLTE3ZDc4NTQyNjlkMCIgVmVyc2lvbj0iMS4xIiBVcmw9Imh0dHA6Ly9pbjAxYXB2MTE6ODEvZW4vaG9tZS5hc3B4IiBUaGlua1RpbWU9IjAiIFRpbWVvdXQ9IjYwIiBQYXJzZURlcGVuZGVudFJlcXVlc3RzPSJUcnVlIiBGb2xsb3dSZWRpcmVjdHM9IlRydWUiIFJlY29yZFJlc3VsdD0iVHJ1ZSIgQ2FjaGU9IkZhbHNlIiBSZXNwb25zZVRpbWVHb2FsPSIwIiBFbmNvZGluZz0idXRmLTgiIEV4cGVjdGVkSHR0cFN0YXR1c0NvZGU9IjAiIEV4cGVjdGVkUmVzcG9uc2VVcmw9IiIgUmVwb3J0aW5nTmFtZT0iIiBJZ25vcmVIdHRwU3RhdHVzQ29kZT0iRmFsc2UiPg0KICAgICAgICAgIDxIZWFkZXJzPg0KICAgICAgICAgICAgPEhlYWRlciBOYW1lPSJPcmlnaW4iIFZhbHVlPSJodHRwOi8vaW4wMWFwdjExOjgxIiAvPg0KICAgICAgICAgICAgPEhlYWRlciBOYW1lPSJVcGdyYWRlLUluc2VjdXJlLVJlcXVlc3RzIiBWYWx1ZT0iMSIgLz4NCiAgICAgICAgICAgIDxIZWFkZXIgTmFtZT0iQ29udGVudC1UeXBlIiBWYWx1ZT0iYXBwbGljYXRpb24veC13d3ctZm9ybS11cmxlbmNvZGVkIiAvPg0KICAgICAgICAgIDwvSGVhZGVycz4NCiAgICAgICAgICA8Rm9ybVBvc3RIdHRwQm9keT4NCiAgICAgICAgICAgIDxGb3JtUG9zdFBhcmFtZXRlciBOYW1lPSJfX0VWRU5UVEFSR0VUIiBWYWx1ZT0iIiBSZWNvcmRlZFZhbHVlPSIiIENvcnJlbGF0aW9uQmluZGluZz0iIiBVcmxFbmNvZGU9IlRydWUiIC8+DQogICAgICAgICAgICA8Rm9ybVBvc3RQYXJhbWV0ZXIgTmFtZT0iX19FVkVOVEFSR1VNRU5UIiBWYWx1ZT0iIiBSZWNvcmRlZFZhbHVlPSIiIENvcnJlbGF0aW9uQmluZGluZz0iIiBVcmxFbmNvZGU9IlRydWUiIC8+DQogICAgICAgICAgICA8Rm9ybVBvc3RQYXJhbWV0ZXIgTmFtZT0iX19WSUVXU1RBVEUiIFZhbHVlPSIvd0VQRHdVRU5UTTRNUTlrRmdKbUQyUVdBbVlQWkJZQ1pnOWtGZ0ptRDJRV0FnSUREeFlHSGdadmJteHZZV1FGUDJsbUtIUjVjR1Z2WmlCUGJrSmhZMnRDZFhSMGIyNURiR2xqYXlBOVBTQWlablZ1WTNScGIyNGlLU0JQYmtKaFkydENkWFIwYjI1RGJHbGpheWdwT3g0S2IyNXdZV2RsYzJodmR3VlRhV1lnS0dWMlpXNTBMbkJsY25OcGMzUmxaQ0FtSmlCMGVYQmxiMllnVDI1Q1lXTnJRblYwZEc5dVEyeHBZMnNnUFQwZ0ltWjFibU4wYVc5dUlpa2dUMjVDWVdOclFuVjBkRzl1UTJ4cFkyc29LVHNlQ0c5dWRXNXNiMkZrWlJZQ0FnRVFaR1FXQ2dJSUQyUVdBbVlQRHhZQ0hnZFdhWE5wWW14bGFHUmtBZ29QWkJZQ1pnOWtGZ29DQWc4VkFWaERiMjUwWlc1MFVHeGhZMlZJYjJ4a1pYSkVaV1poZFd4MFgxUnZjRXh2WjJkbFpFOTFkRjh5WDNCdWJFUnlZV2RoWW14bFYybHVaRzkzUTI5dWRHVnVkRjlKYm14cGJtVk5aWE56WVdkbFEyOXVkR0ZwYm1WeVpBSUREdzhXQkI0RVZHVjRkQVVPUTNKbFlYUmxJRUZqWTI5MWJuUWVDMDVoZG1sbllYUmxWWEpzQlNNdlpXNHZZMmhsWTJ0dmRYUXZjM1JsY0RFdVlYTndlRDl1YjJSbFNXUTlNVEV5TjJSa0FnVVBEeFlDSHdRRkJVeHZaMmx1RmdJZUJHaHlaV1lGQVNOa0FnY1BGZ0lmQkFVTlIzVmxjM1FnUVdOamIzVnVkR1FDQ1E4UFpCWUNIZ1YwYVhSc1pRVUZURzluYVc0V0RnSUJEdzhXQmg4RUJRWkZiV0ZwYkRvZUNFTnpjME5zWVhOekJSY2djbVZ4ZFdseVpXUkdhV1ZzWkVOb1lYSmhZM1JsY2g0RVh5RlRRZ0lDWkdRQ0NROFBGZ1lmQkFVSlVHRnpjM2R2Y21RNkh3Z0ZGeUJ5WlhGMWFYSmxaRVpwWld4a1EyaGhjbUZqZEdWeUh3a0NBbVJrQWc4UFpCWUNBZ01QRHhZQ0h3UUZFV3RsWlhBZ2JXVWdiRzluWjJWa0lHbHVaR1FDRVE4UEZnUWZCUVVYTDJWdUwyWnZjbWR2ZEhCaGMzTjNiM0prTG1GemNIZ2ZCQVVRUm05eVoyOTBJRkJoYzNOM2IzSmtQMlJrQWhNUER4WUVId1VGSXk5bGJpOWphR1ZqYTI5MWRDOXpkR1Z3TVM1aGMzQjRQMjV2WkdWSlpEMHhNVEkzSHdRRkRrTnlaV0YwWlNCQlkyTnZkVzUwWkdRQ0ZROFBGZ0lmQkFVRlRHOW5hVzVrWkFJWEQyUVdCbVlQRlFGUlEyOXVkR1Z1ZEZCc1lXTmxTRzlzWkdWeVJHVm1ZWFZzZEY5VWIzQk1iMmRuWldSUGRYUmZNbDkyYzBOb1pXTnJiM1YwVkc5d1RHOW5hVzVmWldOdmJWWmhiR2xrWVhScGIyNVRkVzF0WVhKNVpBSUJEdzhXQWg0UFZtRnNhV1JoZEdsdmJrZHliM1Z3QlFwMloxUnZjRXh2WjJsdVpHUUNBZzhWQVZGRGIyNTBaVzUwVUd4aFkyVkliMnhrWlhKRVpXWmhkV3gwWDFSdmNFeHZaMmRsWkU5MWRGOHlYM1p6UTJobFkydHZkWFJVYjNCTWIyZHBibDlsWTI5dFZtRnNhV1JoZEdsdmJsTjFiVzFoY25sa0Fnd1BaQllDWmc5a0Znd0NDQThQRmdRZkNBVUpZMkZ5ZEMxcFkyOXVId2tDQW1RV0FnSUJEdzhXQWg4RkJRMHZaVzR2WTJGeWRDNWhjM0I0WkdRQ0NnOFdBaDhFQlFrd0lFbDBaVzBvY3lsa0Fnd1BGZ0lmQkdWa0FnNFBaQllHQWdFUFpCWUNBZ0VQRmdJZkJBVVFUR0Z6ZENCaFpHUmxaQ0JwZEdWdGMyUUNCUThQRmdJZkJBVUVRMkZ5ZEdSa0FnY1BEeFlDSHdRRkNFTm9aV05yYjNWMEZnSWVCMDl1UTJ4cFkyc0ZseXh5WlhSMWNtNGdWbUZzYVdSaGRHVkpkR1Z0YzFSdlEyaGxZMnRQZFhSUGNsRjFiM1JsS0hzaVEyeHZjMlZDZFhSMGIyNVVaWGgwSWpvaVEyeHZjMlVpTENKQmJHVnlkRTFsYzNOaFoyVlVhWFJzWlNJNklrRnNaWEowSUUxbGMzTmhaMlVpTENKRGFHVmphMjkxZEZOMFlYUmxSVzUxYlNJNmV5SkpiblpoYkdsa0lqb2lTVzUyWVd4cFpDSXNJbEYxYjNSaFlteGxUMjVzZVNJNklsRjFiM1JoWW14bFQyNXNlU0lzSWs5eVpHVnlZV0pzWlU5dWJIa2lPaUpQY21SbGNtRmliR1ZQYm14NUlpd2lUM0prWlhKaFlteGxRVzVrVVhWdmRHRmliR1VpT2lKUGNtUmxjbUZpYkdWQmJtUlJkVzkwWVdKc1pTSXNJazV2ZEU5eVpHVnlZV0pzWlVGdVpGRjFiM1JoWW14bElqb2lUbTkwVDNKa1pYSmhZbXhsUVc1a1VYVnZkR0ZpYkdVaUxDSk9iM1JQY21SbGNtRmliR1ZCYm1SUmRXOTBZV0pzWlZkcGRHaEpiblpoYkdsa0lqb2lUbTkwVDNKa1pYSmhZbXhsUVc1a1VYVnZkR0ZpYkdWWGFYUm9TVzUyWVd4cFpDSXNJa1psZDA5eVpHVnlZV0pzWlU5dWJIa2lPaUpHWlhkUGNtUmxjbUZpYkdWUGJteDVJaXdpUm1WM1QzSmtaWEpoWW14bFFXNWtSbVYzVVhWdmRHRmliR1VpT2lKR1pYZFBjbVJsY21GaWJHVkJibVJHWlhkUmRXOTBZV0pzWlNJc0lrWmxkMUYxYjNSaFlteGxUMjVzZVZkcGRHaEpiblpoYkdsa0lqb2lSbVYzVVhWdmRHRmliR1ZQYm14NVYybDBhRWx1ZG1Gc2FXUWlMQ0pHWlhkUGNtUmxjbUZpYkdWUGJteDVWMmwwYUVsdWRtRnNhV1FpT2lKR1pYZFBjbVJsY21GaWJHVlBibXg1VjJsMGFFbHVkbUZzYVdRaUxDSkdaWGRQY21SbGNtRmliR1ZCYm1SR1pYZFJkVzkwWVdKc1pWZHBkR2hKYm5aaGJHbGtJam9pUm1WM1QzSmtaWEpoWW14bFFXNWtSbVYzVVhWdmRHRmliR1ZYYVhSb1NXNTJZV3hwWkNJc0lrWmxkMDl5WkdWeVlXSnNaVUZ1WkVGc2JGRjFiM1JoWW14bElqb2lSbVYzVDNKa1pYSmhZbXhsUVc1a1FXeHNVWFZ2ZEdGaWJHVWlMQ0pCYkd4UGNtUmxjbUZpYkdWQmJtUkdaWGRSZFc5MFlXSnNaU0k2SWtGc2JFOXlaR1Z5WVdKc1pVRnVaRVpsZDFGMWIzUmhZbXhsSW4wc0lrbDBaVzFUZEdGMFpVVnVkVzBpT25zaVNXNTJZV3hwWkNJNklrbHVkbUZzYVdRaUxDSlJkVzkwWVdKc1pVOXViSGtpT2lKUmRXOTBZV0pzWlU5dWJIa2lMQ0pQY21SbGNtRmliR1ZQYm14NUlqb2lUM0prWlhKaFlteGxUMjVzZVNJc0lrOXlaR1Z5WVdKc1pVRnVaRkYxYjNSaFlteGxJam9pVDNKa1pYSmhZbXhsUVc1a1VYVnZkR0ZpYkdVaUxDSk9iM1JQY21SbGNtRmliR1ZCYm1SUmRXOTBZV0pzWlNJNklrNXZkRTl5WkdWeVlXSnNaVUZ1WkZGMWIzUmhZbXhsSWl3aVRtOTBUM0prWlhKaFlteGxRVzVrVVhWdmRHRmliR1ZYYVhSb1NXNTJZV3hwWkNJNklrNXZkRTl5WkdWeVlXSnNaVUZ1WkZGMWIzUmhZbXhsVjJsMGFFbHVkbUZzYVdRaUxDSkdaWGRQY21SbGNtRmliR1ZQYm14NUlqb2lSbVYzVDNKa1pYSmhZbXhsVDI1c2VTSXNJa1psZDA5eVpHVnlZV0pzWlVGdVpFWmxkMUYxYjNSaFlteGxJam9pUm1WM1QzSmtaWEpoWW14bFFXNWtSbVYzVVhWdmRHRmliR1VpTENKR1pYZFJkVzkwWVdKc1pVOXViSGxYYVhSb1NXNTJZV3hwWkNJNklrWmxkMUYxYjNSaFlteGxUMjVzZVZkcGRHaEpiblpoYkdsa0lpd2lSbVYzVDNKa1pYSmhZbXhsVDI1c2VWZHBkR2hKYm5aaGJHbGtJam9pUm1WM1QzSmtaWEpoWW14bFQyNXNlVmRwZEdoSmJuWmhiR2xrSWl3aVJtVjNUM0prWlhKaFlteGxRVzVrUm1WM1VYVnZkR0ZpYkdWWGFYUm9TVzUyWVd4cFpDSTZJa1psZDA5eVpHVnlZV0pzWlVGdVpFWmxkMUYxYjNSaFlteGxWMmwwYUVsdWRtRnNhV1FpTENKR1pYZFBjbVJsY21GaWJHVkJibVJCYkd4UmRXOTBZV0pzWlNJNklrWmxkMDl5WkdWeVlXSnNaVUZ1WkVGc2JGRjFiM1JoWW14bElpd2lRV3hzVDNKa1pYSmhZbXhsUVc1a1JtVjNVWFZ2ZEdGaWJHVWlPaUpCYkd4UGNtUmxjbUZpYkdWQmJtUkdaWGRSZFc5MFlXSnNaU0o5TENKb1pHNUdhV1ZzWkZObGJHVmpkR1ZrVDNKa1pYSkpkR1Z0UTJobFkydHZkWFJUZEdGMFpYTkRiR2xsYm5SSlpDSTZJa052Ym5SbGJuUlFiR0ZqWlVodmJHUmxja1JsWm1GMWJIUmZRMkZ5ZEU5MlpYSjJhV1YzWHpOZmFHUnVSbWxsYkdSVFpXeGxZM1JsWkU5eVpHVnlTWFJsYlVOb1pXTnJiM1YwVTNSaGRHVnpJaXdpYUdSdVJtbGxiR1JUWld4bFkzUmxaRWwwWlcxSlpITkRiR2xsYm5SSlpDSTZJa052Ym5SbGJuUlFiR0ZqWlVodmJHUmxja1JsWm1GMWJIUmZRMkZ5ZEU5MlpYSjJhV1YzWHpOZmFHUnVSbWxsYkdSVFpXeGxZM1JsWkVsMFpXMUpaSE1pTENKUGNtUmxjbE5sYkdWamRHVmtVSEp2WkhWamRITWlPakVzSWtOdmJtWnBjbTFoZEdsdmJsUnBkR3hsVW1WemIzVnlZMlVpT2lKRGIyNW1hWEp0WVhScGIyNGlMQ0pRY205alpXVmtRblYwZEc5dVZHVjRkQ0k2SWxCeWIyTmxaV1FpTENKUWNtOWpaV1ZrUW5WMGRHOXVRMkZzYkdKaFkyc2lPaUpXWVd4cFpHRjBaVWwwWlcxelZHOURhR1ZqYTA5MWRFOXlVWFZ2ZEdVaUxDSkpiblpoYkdsa1NYUmxiWE5UWld4bFkzUmxaRVp2Y2tOb1pXTnJiM1YwVW1WemIzVnlZMlVpT2lKVWFHVnlaU0JoY21VZ2MyOXRaU0JwYm5aaGJHbGtJR2wwWlcxeklHTm9iM05sYmlCbWIzSWdZMmhsWTJ0dmRYUWlMQ0pPYjA5eVpHVnlZV0pzWlVsMFpXMXpVMlZzWldOMFpXUkdiM0pEYUdWamEyOTFkRkpsYzI5MWNtTmxJam9pVG04Z2RtRnNhV1FnYjNKa1pYSmhZbXhsSUdsMFpXMXpJR0Z5WlNCamFHOXpaVzRnWm05eUlHOXlaR1Z5SUhCeWIyTmxjM01pTENKT2IxRjFiM1JoWW14bFNYUmxiWE5UWld4bFkzUmxaRVp2Y2tOb1pXTnJiM1YwVW1WemIzVnlZMlVpT2lKT2J5QjJZV3hwWkNCeGRXOTBZV0pzWlNCcGRHVnRjeUJoY21VZ1kyaHZjMlZ1SUdadmNpQnhkVzkwWlNCd2NtOWpaWE56SWl3aVQzSmtaWEpoWW14bFFXNWtUbTl1VDNKa1pYSmhZbXhsU1hSbGJYTlRaV3hsWTNSbFpFWnZja05vWldOcmIzVjBVbVZ6YjNWeVkyVWlPaUpaYjNVZ1kyRnVJR1ZwZEdobGNpQW5jSEp2WTJWbFpDY2dkMmwwYUNCdmNtUmxjaUJ3Y205alpYTnpJRzltSUhSb1pTQnZjbVJsY21GaWJHVWdhWFJsYlhNZ2IzSWdaV1JwZENCMGFHVWdibTl1TFc5eVpHVnlZV0pzWlNCcGRHVnRjeUlzSWxGMWIzUmhZbXhsUVc1a1RtOXVVWFZ2ZEdGaWJHVkpkR1Z0YzFObGJHVmpkR1ZrUm05eVEyaGxZMnR2ZFhSU1pYTnZkWEpqWlNJNklsbHZkU0JqWVc0Z1pXbDBhR1Z5SUNkd2NtOWpaV1ZrSnlCM2FYUm9JSEYxYjNSbElIQnliMk5sYzNNZ2IyWWdkR2hsSUhGMWIzUmhZbXhsSUdsMFpXMXpJRzl5SUdWa2FYUWdkR2hsSUc1dmJpMXhkVzkwWVdKc1pTQnBkR1Z0Y3lJc0lsRjFiM1JsVTJWc1pXTjBaV1JRY205a2RXTjBjeUk2TWl3aVRtOUpkR1Z0YzFObGJHVmpkR1ZrSWpvaVRtOGdTWFJsYlhNZ1UyVnNaV04wWldRdUlGQnNaV0Z6WlNCamFHOXZjMlVnYjI1bElDaHZjaWtnYlc5eVpTQnBkR1Z0Y3lCMGJ5QndaWEptYjNKdElIUm9aU0JoWTNScGIyNHVJaXdpUTJGeWRFRmpkR2x2YmtSbGJHVjBaVk5sYkdWamRHVmtVSEp2WkhWamRITWlPalVzSWxkcGMyaE1hWE4wUVdOMGFXOXVjMFJsYkdWMFpWTmxiR1ZqZEdWa1VISnZaSFZqZEhNaU9qSXNJa1JsYkdWMFpVTnZibVpwY20xaGRHbHZiazFsYzNOaFoyVlNaWE52ZFhKalpTSTZJanh3UGtSdklIbHZkU0J5WldGc2JIa2dkMkZ1ZENCMGJ5QmtaV3hsZEdVZ2RHaHBjeUJwZEdWdEtITXBQend2Y0Q0aUxDSkVaV3hsZEdWRGIyNW1hWEp0WVhScGIyNU9iMEoxZEhSdmJsSmxjMjkxY21ObElqb2lUbThpTENKRVpXeGxkR1ZEYjI1bWFYSnRZWFJwYjI1WlpYTkNkWFIwYjI1U1pYTnZkWEpqWlNJNklsbGxjeUlzSWtSbGJHVjBaVU52Ym1acGNtMWhkR2x2YmtobFlXUmxjbFJsZUhSU1pYTnZkWEpqWlNJNklrUmxiR1YwWlNJc0lrTmhjblJCWTNScGIyNGlPakVzSWtOb1pXTnJiM1YwUW5WMGRHOXVVMk55YVhCMElqcHVkV3hzTENKRGFHVmphMjkxZEZObGNYVmxibU5wYm1kQmJtUlFjbWx0WlhKUWIzQjFjRTFsYzNOaFoyVklaV0ZrWlhJaU9pSWlMQ0pEYUdWamEyOTFkRk5sY1hWbGJtTnBibWRCYm1SUWNtbHRaWEpRYjNCMWNFMWxjM05oWjJWSVpXRmtaWEpKYm1admNtMWhkR2x2YmlJNklrbDBJR2x6SUc1dmRDQndiM056YVdKc1pTQjBieUJqYUdWamEyOTFkQ0F2SUhGMWIzUmxJSE5sY1hWbGJtTnBibWNnY21WaFkzUnBiMjV6SUhkcGRHaHZkWFFnY0hKcGJXVnljeUIzYUdsamFDQmhjbVVnWVhOemIyTnBZWFJsWkNCMGJ5QnpaV3hsWTNSbFpDQnpaWEYxWlc1amFXNW5JR2wwWlcxeklHbHVJSFJvYVhNZ2IzSmtaWEk2SUR3dlluSStQQzlpY2o0aUxDSkRhR1ZqYTI5MWRGTmxjWFZsYm1OcGJtZEJibVJRY21sdFpYSlFiM0IxY0UxbGMzTmhaMlZHYjI5MFpYSkpibVp2Y20xaGRHbHZiaUk2SWlJc0lrTm9aV05yYjNWMFUyVnhkV1Z1WTJsdVowRnVaRkJ5YVcxbGNsQnZjSFZ3VFdWemMyRm5aVU5zYjNObFFuVjBkRzl1VkdWNGRDSTZJaUlzSWtOb1pXTnJiM1YwVTJWeGRXVnVZMmx1WjBGdVpGQnlhVzFsY2xCdmNIVndSbTl5YldGMFRXVnpjMkZuWlNJNklpSXNJa05vWldOcmIzVjBVSEpwYldWeVFXeHZibVZRYjNCMWNFMWxjM05oWjJWRGJHOXpaVUoxZEhSdmJsUmxlSFFpT2lJaUxDSkRhR1ZqYTI5MWRGQnlhVzFsY2tGc2IyNWxVRzl3ZFhCTlpYTnpZV2RsSWpvaVVISnBiV1Z5SUdGc2IyNWxJR05oYm01dmRDQmlaU0JqYUdWamEyVmtJRzkxZEM0Z1VHeGxZWE5sSUhObGJHVmpkQ0JoZEd4bFlYTjBJRzl1WlNCaGMzTnZZMmxoZEdWa0lITmxjWFZsYm1OcGJtY2dTWFJsYlM0aUxDSkRhR1ZqYTI5MWRGQnlhVzFsY2tGc2IyNWxVRzl3ZFhCTlpYTnpZV2RsU0dWaFpHVnlJam9pVUd4bFlYTmxJRTV2ZEdVaUxDSkNZWEpEYjJSbFZtRnNhV1JoZEdsdmJsQnZjSFZ3UTJ4dmMyVkNkWFIwYjI1VVpYaDBJam9pVDJzaUxDSkNZWEpEYjJSbFZtRnNhV1JoZEdsdmJsQnZjSFZ3VFdWemMyRm5aU0k2SWtKaGNtTnZaR1VnWm05eUlGTmxiR1ZqZEdWa0lFbDBaVzBnYVhNZ2FXNTJZV3hwWkNJc0lrSmhja052WkdWV1lXeHBaR0YwYVc5dVVHOXdkWEJOWlhOellXZGxTR1ZoWkdWeUlqb2lVR3hsWVhObElFNXZkR1VpTENKVFlXMWxSR0Y1UkdWc2FYWmxjbmxXWVd4cFpHRjBhVzl1VUc5d2RYQkhiMEpoWTJ0Q2RYUjBiMjVVWlhoMElqb2lWMkZwZENCMWJuUnBiQ0JoYkd3Z1QzSmtaWEp6SUdGeVpTQm1hVzVwYzJobFpDQjBieUJUYUdsd0lHOXVZMlVpTENKVFlXMWxSR0Y1UkdWc2FYWmxjbmxXWVd4cFpHRjBhVzl1VUc5d2RYQkRhR1ZqYTI5MWRFSjFkSFJ2YmxSbGVIUWlPaUpEYUdWamEyOTFkQ0JUWVcxbElFUmhlU0JQYkdsbmIzTWdUMjVzZVNJc0lsTmhiV1ZFWVhsRVpXeHBkbVZ5ZVZaaGJHbGtZWFJwYjI1UWIzQjFjRTFsYzNOaFoyVklaV0ZrWlhJaU9pSlFiR1ZoYzJVZ2MyVnNaV04wSWl3aVUyRnRaVVJoZVVSbGJHbDJaWEo1Vm1Gc2FXUmhkR2x2YmxCdmNIVndUV1Z6YzJGblpVUmxjMk55YVhCMGFXOXVJam9pV1c5MWNpQmpZWEowSUdOdmJuUmhhVzV6SUhOaGJXVWdaR0Y1SUc5c2FXZHZjeXdnZDJocFkyZ2dibVZsWkNCMGJ5QmlaU0JqYUdWamEyVmtJRzkxZENCelpYQmxjbUYwWld4NUlHbHVJRzl5WkdWeUlIUnZJR1Z1YzNWeVpTQjBhR1VnWm1GemRHVnpkQ0JrWld4cGRtVnllUzRnVkdobElHOTBhR1Z5SUdsMFpXMXpJSGRwYkd3Z1ltVWdkMkZwZEdsdVp5QnBiaUI1YjNWeUlHTmhjblFnZDJobGJpQjViM1VnY21WMGRYSnVJR3hoZEdWeUxpQThjM0JoYmlCamJHRnpjejFjSW5SdmIyeDBhWEJmWkdsaGJHOW5YQ0lnZEdsMGJHVTlYQ0pGZUhCc1lXbHVJR0oxZEhSdmJpQmtaWE5qY21sd2RHbHZiaUJvWlhKbElHOXViSGxjSWlBK1BDOXpjR0Z1UGlJc0lsSmxkWE5sWkVsMFpXMXpWbUZzYVdSaGRHbHZibEJ2Y0hWd1EyeHZjMlZDZFhSMGIyNVVaWGgwSWpvaVQyc2lMQ0pTWlhWelpXUkpkR1Z0YzFaaGJHbGtZWFJwYjI1UWIzQjFjRTFsYzNOaFoyVWlPaUpQYjNCeklDRWdVMjl0WlNCdmNpQmhiR3dnYjJZZ2MyVnNaV04wWldRZ2NtVjFjMlZrSUdsMFpXMG5jeUJ2Y21sbmFXNWhiQ0JqYjI1MFlXbHVaWEp6SUdGeVpTQmxlSEJwY21Wa0xpQlpiM1Z5SUdOaGNuUWdkMmxzYkNCaVpTQjFjR1JoZEdWa0lHRjFkRzl0WVhScFkyRnNiSGtnWVc1a0lHTmhjblFnZDJsc2JDQmlaU0J5Wld4dllXUmxaQzRnUlhod2FYSmxaQ0JwZEdWdElFNWhiV1Z6SUdGeVpTQXRQaUlzSWxKbGRYTmxaRWwwWlcxelZtRnNhV1JoZEdsdmJsQnZjSFZ3VFdWemMyRm5aVWhsWVdSbGNpSTZJbEJzWldGelpTQk9iM1JsSWl3aVJYaHdhWEpsWkZCeWFXMWxjbEJ2Y0hWd1EyeHZjMlZDZFhSMGIyNVVaWGgwSWpvaVQyc2lMQ0pGZUhCcGNtVmtVSEpwYldWeVVHOXdkWEJOWlhOellXZGxWR1Y0ZENJNklsQnlhVzFsY2lCcGN5QmxlSEJwY21Wa0lHWnZjaUIwYUdVZ2IyNWxJRzltSUhSb1pTQnpaV3hsZEdWa0lITmxjWFZsYm1OcGJtY2dhWFJsYlM0Z2NHeGxZWE5sSUhObGJHVmpkQ0JoYm05MGFHVnlJSEJ5YVcxbGNpQnZjaUJ2Y21SbGNpQnVaWGNnY0hKcGJXVnlMaUlzSWtWNGNHbHlaV1JRY21sdFpYSlFiM0IxY0UxbGMzTmhaMlZJWldGa1pYSlVaWGgwSWpvaVVHeGxjMlVnVG05MFpTSXNJa05oY25SUVlXZGxWVkpNSWpvaUwyVnVMMk5oY25RdVlYTndlQ0lzSWsxcGJtbHRkVzFRYkdGMFpWTmhiWEJzWlhOUVpYSkRhR1ZqYTI5MWRDSTZORGdzSWxCc1lYUmxVMkZ0Y0d4bFEyOTFiblFpT201MWJHd3NJa2x6VTJsdVoyeGxVR3hoZEdWWGFYUm9WbUZzYVdSVFlXMXdiR1ZEYjNWdWRDSTZabUZzYzJVc0lrMXBibEJzWVhSbFUyRnRjR3hsYzFCdmNIVndSbTl5YldGMFRXVnpjMkZuWlNJNklpSXNJazFwYmxCc1lYUmxVMkZ0Y0d4bGMxQnZjSFZ3Um05eWJXRjBUV1Z6YzJGblpVTnNiM05sUW5WMGRHOXVWR1Y0ZENJNklpSXNJazFwYmxCc1lYUmxVMkZ0Y0d4bGMxQnZjSFZ3Um05eWJXRjBUV1Z6YzJGblpVaGxZV1JsY2lJNklpSXNJazFoZUdsdGRXMU9kVzFpWlhKUFpsQnNZWFJsYzFCbGNrTm9aV05yYjNWMElqb3pMQ0pRYkdGMFpYTkRiM1Z1ZEVadmNrTjFjbkpsYm5SUGNtUmxjaUk2Ym5Wc2JDd2lUV0Y0YVcxMWJWQnNZWFJsYzFCbGNrTm9aV05yYjNWMFVHOXdkWEJHYjNKdFlYUk5aWE56WVdkbElqb2lUV0Y0YVcxMWJTQXpJSEJzWVhSbGN5QmhjbVVnWld4cFoybGliR1VnZEc4Z1kyaGxZMnR2ZFhRZ2NHVnlJRzl5WkdWeUlHWnZjaUJ3YkdGMFpTQnpaWEYxWlc1amFXNW5JR2wwWlcxekxpQlFiR1ZoYzJVZ2JXOWthV1o1SUhsdmRYSWdjMlZzWldOMGFXOXVJR0ZqWTI5eVpHbHVaMng1TGlJc0lrMWhlR2x0ZFcxUWJHRjBaWE5RWlhKRGFHVmphMjkxZEZCdmNIVndSbTl5YldGMFRXVnpjMkZuWlVOc2IzTmxRblYwZEc5dVZHVjRkQ0k2SWs5cklpd2lUV0Y0YVcxMWJWQnNZWFJsYzFCbGNrTm9aV05yYjNWMFJtOXliV0YwVFdWemMyRm5aVWhsWVdSbGNpSTZJbEJzWldGelpTQk9iM1JsSWl3aVVHOXpkRUpoWTJ0RmJHVnRaVzUwVlc1cGNYVmxTV1FpT2lKamRHd3dNQ1JqZEd3d01DUmpkR3d3TUNSRGIyNTBaVzUwVUd4aFkyVkliMnhrWlhKRVpXWmhkV3gwSkVOaGNuUlBkbVZ5ZG1sbGQxOHpKR3h1YTBOb1pXTnJiM1YwSWl3aVJYWmxiblJCY21kMWJXVnVkQ0k2SWlKOUxDQjBhR2x6S1R0a0FoQVBEeFlFSHdVRkRTOWxiaTlqWVhKMExtRnpjSGdmQkFVRVEyRnlkR1JrQWhJUER4WUdId1FGQ0VOb1pXTnJiM1YwSGdkRmJtRmliR1ZrYUI4RGFCWUNId3NGbHl4eVpYUjFjbTRnVm1Gc2FXUmhkR1ZKZEdWdGMxUnZRMmhsWTJ0UGRYUlBjbEYxYjNSbEtIc2lRMnh2YzJWQ2RYUjBiMjVVWlhoMElqb2lRMnh2YzJVaUxDSkJiR1Z5ZEUxbGMzTmhaMlZVYVhSc1pTSTZJa0ZzWlhKMElFMWxjM05oWjJVaUxDSkRhR1ZqYTI5MWRGTjBZWFJsUlc1MWJTSTZleUpKYm5aaGJHbGtJam9pU1c1MllXeHBaQ0lzSWxGMWIzUmhZbXhsVDI1c2VTSTZJbEYxYjNSaFlteGxUMjVzZVNJc0lrOXlaR1Z5WVdKc1pVOXViSGtpT2lKUGNtUmxjbUZpYkdWUGJteDVJaXdpVDNKa1pYSmhZbXhsUVc1a1VYVnZkR0ZpYkdVaU9pSlBjbVJsY21GaWJHVkJibVJSZFc5MFlXSnNaU0lzSWs1dmRFOXlaR1Z5WVdKc1pVRnVaRkYxYjNSaFlteGxJam9pVG05MFQzSmtaWEpoWW14bFFXNWtVWFZ2ZEdGaWJHVWlMQ0pPYjNSUGNtUmxjbUZpYkdWQmJtUlJkVzkwWVdKc1pWZHBkR2hKYm5aaGJHbGtJam9pVG05MFQzSmtaWEpoWW14bFFXNWtVWFZ2ZEdGaWJHVlhhWFJvU1c1MllXeHBaQ0lzSWtabGQwOXlaR1Z5WVdKc1pVOXViSGtpT2lKR1pYZFBjbVJsY21GaWJHVlBibXg1SWl3aVJtVjNUM0prWlhKaFlteGxRVzVrUm1WM1VYVnZkR0ZpYkdVaU9pSkdaWGRQY21SbGNtRmliR1ZCYm1SR1pYZFJkVzkwWVdKc1pTSXNJa1psZDFGMWIzUmhZbXhsVDI1c2VWZHBkR2hKYm5aaGJHbGtJam9pUm1WM1VYVnZkR0ZpYkdWUGJteDVWMmwwYUVsdWRtRnNhV1FpTENKR1pYZFBjbVJsY21GaWJHVlBibXg1VjJsMGFFbHVkbUZzYVdRaU9pSkdaWGRQY21SbGNtRmliR1ZQYm14NVYybDBhRWx1ZG1Gc2FXUWlMQ0pHWlhkUGNtUmxjbUZpYkdWQmJtUkdaWGRSZFc5MFlXSnNaVmRwZEdoSmJuWmhiR2xrSWpvaVJtVjNUM0prWlhKaFlteGxRVzVrUm1WM1VYVnZkR0ZpYkdWWGFYUm9TVzUyWVd4cFpDSXNJa1psZDA5eVpHVnlZV0pzWlVGdVpFRnNiRkYxYjNSaFlteGxJam9pUm1WM1QzSmtaWEpoWW14bFFXNWtRV3hzVVhWdmRHRmliR1VpTENKQmJHeFBjbVJsY21GaWJHVkJibVJHWlhkUmRXOTBZV0pzWlNJNklrRnNiRTl5WkdWeVlXSnNaVUZ1WkVabGQxRjFiM1JoWW14bEluMHNJa2wwWlcxVGRHRjBaVVZ1ZFcwaU9uc2lTVzUyWVd4cFpDSTZJa2x1ZG1Gc2FXUWlMQ0pSZFc5MFlXSnNaVTl1YkhraU9pSlJkVzkwWVdKc1pVOXViSGtpTENKUGNtUmxjbUZpYkdWUGJteDVJam9pVDNKa1pYSmhZbXhsVDI1c2VTSXNJazl5WkdWeVlXSnNaVUZ1WkZGMWIzUmhZbXhsSWpvaVQzSmtaWEpoWW14bFFXNWtVWFZ2ZEdGaWJHVWlMQ0pPYjNSUGNtUmxjbUZpYkdWQmJtUlJkVzkwWVdKc1pTSTZJazV2ZEU5eVpHVnlZV0pzWlVGdVpGRjFiM1JoWW14bElpd2lUbTkwVDNKa1pYSmhZbXhsUVc1a1VYVnZkR0ZpYkdWWGFYUm9TVzUyWVd4cFpDSTZJazV2ZEU5eVpHVnlZV0pzWlVGdVpGRjFiM1JoWW14bFYybDBhRWx1ZG1Gc2FXUWlMQ0pHWlhkUGNtUmxjbUZpYkdWUGJteDVJam9pUm1WM1QzSmtaWEpoWW14bFQyNXNlU0lzSWtabGQwOXlaR1Z5WVdKc1pVRnVaRVpsZDFGMWIzUmhZbXhsSWpvaVJtVjNUM0prWlhKaFlteGxRVzVrUm1WM1VYVnZkR0ZpYkdVaUxDSkdaWGRSZFc5MFlXSnNaVTl1YkhsWGFYUm9TVzUyWVd4cFpDSTZJa1psZDFGMWIzUmhZbXhsVDI1c2VWZHBkR2hKYm5aaGJHbGtJaXdpUm1WM1QzSmtaWEpoWW14bFQyNXNlVmRwZEdoSmJuWmhiR2xrSWpvaVJtVjNUM0prWlhKaFlteGxUMjVzZVZkcGRHaEpiblpoYkdsa0lpd2lSbVYzVDNKa1pYSmhZbXhsUVc1a1JtVjNVWFZ2ZEdGaWJHVlhhWFJvU1c1MllXeHBaQ0k2SWtabGQwOXlaR1Z5WVdKc1pVRnVaRVpsZDFGMWIzUmhZbXhsVjJsMGFFbHVkbUZzYVdRaUxDSkdaWGRQY21SbGNtRmliR1ZCYm1SQmJHeFJkVzkwWVdKc1pTSTZJa1psZDA5eVpHVnlZV0pzWlVGdVpFRnNiRkYxYjNSaFlteGxJaXdpUVd4c1QzSmtaWEpoWW14bFFXNWtSbVYzVVhWdmRHRmliR1VpT2lKQmJHeFBjbVJsY21GaWJHVkJibVJHWlhkUmRXOTBZV0pzWlNKOUxDSm9aRzVHYVdWc1pGTmxiR1ZqZEdWa1QzSmtaWEpKZEdWdFEyaGxZMnR2ZFhSVGRHRjBaWE5EYkdsbGJuUkpaQ0k2SWtOdmJuUmxiblJRYkdGalpVaHZiR1JsY2tSbFptRjFiSFJmUTJGeWRFOTJaWEoyYVdWM1h6TmZhR1J1Um1sbGJHUlRaV3hsWTNSbFpFOXlaR1Z5U1hSbGJVTm9aV05yYjNWMFUzUmhkR1Z6SWl3aWFHUnVSbWxsYkdSVFpXeGxZM1JsWkVsMFpXMUpaSE5EYkdsbGJuUkpaQ0k2SWtOdmJuUmxiblJRYkdGalpVaHZiR1JsY2tSbFptRjFiSFJmUTJGeWRFOTJaWEoyYVdWM1h6TmZhR1J1Um1sbGJHUlRaV3hsWTNSbFpFbDBaVzFKWkhNaUxDSlBjbVJsY2xObGJHVmpkR1ZrVUhKdlpIVmpkSE1pT2pFc0lrTnZibVpwY20xaGRHbHZibFJwZEd4bFVtVnpiM1Z5WTJVaU9pSkRiMjVtYVhKdFlYUnBiMjRpTENKUWNtOWpaV1ZrUW5WMGRHOXVWR1Y0ZENJNklsQnliMk5sWldRaUxDSlFjbTlqWldWa1FuVjBkRzl1UTJGc2JHSmhZMnNpT2lKV1lXeHBaR0YwWlVsMFpXMXpWRzlEYUdWamEwOTFkRTl5VVhWdmRHVWlMQ0pKYm5aaGJHbGtTWFJsYlhOVFpXeGxZM1JsWkVadmNrTm9aV05yYjNWMFVtVnpiM1Z5WTJVaU9pSlVhR1Z5WlNCaGNtVWdjMjl0WlNCcGJuWmhiR2xrSUdsMFpXMXpJR05vYjNObGJpQm1iM0lnWTJobFkydHZkWFFpTENKT2IwOXlaR1Z5WVdKc1pVbDBaVzF6VTJWc1pXTjBaV1JHYjNKRGFHVmphMjkxZEZKbGMyOTFjbU5sSWpvaVRtOGdkbUZzYVdRZ2IzSmtaWEpoWW14bElHbDBaVzF6SUdGeVpTQmphRzl6Wlc0Z1ptOXlJRzl5WkdWeUlIQnliMk5sYzNNaUxDSk9iMUYxYjNSaFlteGxTWFJsYlhOVFpXeGxZM1JsWkVadmNrTm9aV05yYjNWMFVtVnpiM1Z5WTJVaU9pSk9ieUIyWVd4cFpDQnhkVzkwWVdKc1pTQnBkR1Z0Y3lCaGNtVWdZMmh2YzJWdUlHWnZjaUJ4ZFc5MFpTQndjbTlqWlhOeklpd2lUM0prWlhKaFlteGxRVzVrVG05dVQzSmtaWEpoWW14bFNYUmxiWE5UWld4bFkzUmxaRVp2Y2tOb1pXTnJiM1YwVW1WemIzVnlZMlVpT2lKWmIzVWdZMkZ1SUdWcGRHaGxjaUFuY0hKdlkyVmxaQ2NnZDJsMGFDQnZjbVJsY2lCd2NtOWpaWE56SUc5bUlIUm9aU0J2Y21SbGNtRmliR1VnYVhSbGJYTWdiM0lnWldScGRDQjBhR1VnYm05dUxXOXlaR1Z5WVdKc1pTQnBkR1Z0Y3lJc0lsRjFiM1JoWW14bFFXNWtUbTl1VVhWdmRHRmliR1ZKZEdWdGMxTmxiR1ZqZEdWa1JtOXlRMmhsWTJ0dmRYUlNaWE52ZFhKalpTSTZJbGx2ZFNCallXNGdaV2wwYUdWeUlDZHdjbTlqWldWa0p5QjNhWFJvSUhGMWIzUmxJSEJ5YjJObGMzTWdiMllnZEdobElIRjFiM1JoWW14bElHbDBaVzF6SUc5eUlHVmthWFFnZEdobElHNXZiaTF4ZFc5MFlXSnNaU0JwZEdWdGN5SXNJbEYxYjNSbFUyVnNaV04wWldSUWNtOWtkV04wY3lJNk1pd2lUbTlKZEdWdGMxTmxiR1ZqZEdWa0lqb2lUbThnU1hSbGJYTWdVMlZzWldOMFpXUXVJRkJzWldGelpTQmphRzl2YzJVZ2IyNWxJQ2h2Y2lrZ2JXOXlaU0JwZEdWdGN5QjBieUJ3WlhKbWIzSnRJSFJvWlNCaFkzUnBiMjR1SWl3aVEyRnlkRUZqZEdsdmJrUmxiR1YwWlZObGJHVmpkR1ZrVUhKdlpIVmpkSE1pT2pVc0lsZHBjMmhNYVhOMFFXTjBhVzl1YzBSbGJHVjBaVk5sYkdWamRHVmtVSEp2WkhWamRITWlPaklzSWtSbGJHVjBaVU52Ym1acGNtMWhkR2x2YmsxbGMzTmhaMlZTWlhOdmRYSmpaU0k2SWp4d1BrUnZJSGx2ZFNCeVpXRnNiSGtnZDJGdWRDQjBieUJrWld4bGRHVWdkR2hwY3lCcGRHVnRLSE1wUHp3dmNENGlMQ0pFWld4bGRHVkRiMjVtYVhKdFlYUnBiMjVPYjBKMWRIUnZibEpsYzI5MWNtTmxJam9pVG04aUxDSkVaV3hsZEdWRGIyNW1hWEp0WVhScGIyNVpaWE5DZFhSMGIyNVNaWE52ZFhKalpTSTZJbGxsY3lJc0lrUmxiR1YwWlVOdmJtWnBjbTFoZEdsdmJraGxZV1JsY2xSbGVIUlNaWE52ZFhKalpTSTZJa1JsYkdWMFpTSXNJa05oY25SQlkzUnBiMjRpT2pFc0lrTm9aV05yYjNWMFFuVjBkRzl1VTJOeWFYQjBJanB1ZFd4c0xDSkRhR1ZqYTI5MWRGTmxjWFZsYm1OcGJtZEJibVJRY21sdFpYSlFiM0IxY0UxbGMzTmhaMlZJWldGa1pYSWlPaUlpTENKRGFHVmphMjkxZEZObGNYVmxibU5wYm1kQmJtUlFjbWx0WlhKUWIzQjFjRTFsYzNOaFoyVklaV0ZrWlhKSmJtWnZjbTFoZEdsdmJpSTZJa2wwSUdseklHNXZkQ0J3YjNOemFXSnNaU0IwYnlCamFHVmphMjkxZENBdklIRjFiM1JsSUhObGNYVmxibU5wYm1jZ2NtVmhZM1JwYjI1eklIZHBkR2h2ZFhRZ2NISnBiV1Z5Y3lCM2FHbGphQ0JoY21VZ1lYTnpiMk5wWVhSbFpDQjBieUJ6Wld4bFkzUmxaQ0J6WlhGMVpXNWphVzVuSUdsMFpXMXpJR2x1SUhSb2FYTWdiM0prWlhJNklEd3ZZbkkrUEM5aWNqNGlMQ0pEYUdWamEyOTFkRk5sY1hWbGJtTnBibWRCYm1SUWNtbHRaWEpRYjNCMWNFMWxjM05oWjJWR2IyOTBaWEpKYm1admNtMWhkR2x2YmlJNklpSXNJa05vWldOcmIzVjBVMlZ4ZFdWdVkybHVaMEZ1WkZCeWFXMWxjbEJ2Y0hWd1RXVnpjMkZuWlVOc2IzTmxRblYwZEc5dVZHVjRkQ0k2SWlJc0lrTm9aV05yYjNWMFUyVnhkV1Z1WTJsdVowRnVaRkJ5YVcxbGNsQnZjSFZ3Um05eWJXRjBUV1Z6YzJGblpTSTZJaUlzSWtOb1pXTnJiM1YwVUhKcGJXVnlRV3h2Ym1WUWIzQjFjRTFsYzNOaFoyVkRiRzl6WlVKMWRIUnZibFJsZUhRaU9pSWlMQ0pEYUdWamEyOTFkRkJ5YVcxbGNrRnNiMjVsVUc5d2RYQk5aWE56WVdkbElqb2lVSEpwYldWeUlHRnNiMjVsSUdOaGJtNXZkQ0JpWlNCamFHVmphMlZrSUc5MWRDNGdVR3hsWVhObElITmxiR1ZqZENCaGRHeGxZWE4wSUc5dVpTQmhjM052WTJsaGRHVmtJSE5sY1hWbGJtTnBibWNnU1hSbGJTNGlMQ0pEYUdWamEyOTFkRkJ5YVcxbGNrRnNiMjVsVUc5d2RYQk5aWE56WVdkbFNHVmhaR1Z5SWpvaVVHeGxZWE5sSUU1dmRHVWlMQ0pDWVhKRGIyUmxWbUZzYVdSaGRHbHZibEJ2Y0hWd1EyeHZjMlZDZFhSMGIyNVVaWGgwSWpvaVQyc2lMQ0pDWVhKRGIyUmxWbUZzYVdSaGRHbHZibEJ2Y0hWd1RXVnpjMkZuWlNJNklrSmhjbU52WkdVZ1ptOXlJRk5sYkdWamRHVmtJRWwwWlcwZ2FYTWdhVzUyWVd4cFpDSXNJa0poY2tOdlpHVldZV3hwWkdGMGFXOXVVRzl3ZFhCTlpYTnpZV2RsU0dWaFpHVnlJam9pVUd4bFlYTmxJRTV2ZEdVaUxDSlRZVzFsUkdGNVJHVnNhWFpsY25sV1lXeHBaR0YwYVc5dVVHOXdkWEJIYjBKaFkydENkWFIwYjI1VVpYaDBJam9pVjJGcGRDQjFiblJwYkNCaGJHd2dUM0prWlhKeklHRnlaU0JtYVc1cGMyaGxaQ0IwYnlCVGFHbHdJRzl1WTJVaUxDSlRZVzFsUkdGNVJHVnNhWFpsY25sV1lXeHBaR0YwYVc5dVVHOXdkWEJEYUdWamEyOTFkRUoxZEhSdmJsUmxlSFFpT2lKRGFHVmphMjkxZENCVFlXMWxJRVJoZVNCUGJHbG5iM01nVDI1c2VTSXNJbE5oYldWRVlYbEVaV3hwZG1WeWVWWmhiR2xrWVhScGIyNVFiM0IxY0UxbGMzTmhaMlZJWldGa1pYSWlPaUpRYkdWaGMyVWdjMlZzWldOMElpd2lVMkZ0WlVSaGVVUmxiR2wyWlhKNVZtRnNhV1JoZEdsdmJsQnZjSFZ3VFdWemMyRm5aVVJsYzJOeWFYQjBhVzl1SWpvaVdXOTFjaUJqWVhKMElHTnZiblJoYVc1eklITmhiV1VnWkdGNUlHOXNhV2R2Y3l3Z2QyaHBZMmdnYm1WbFpDQjBieUJpWlNCamFHVmphMlZrSUc5MWRDQnpaWEJsY21GMFpXeDVJR2x1SUc5eVpHVnlJSFJ2SUdWdWMzVnlaU0IwYUdVZ1ptRnpkR1Z6ZENCa1pXeHBkbVZ5ZVM0Z1ZHaGxJRzkwYUdWeUlHbDBaVzF6SUhkcGJHd2dZbVVnZDJGcGRHbHVaeUJwYmlCNWIzVnlJR05oY25RZ2QyaGxiaUI1YjNVZ2NtVjBkWEp1SUd4aGRHVnlMaUE4YzNCaGJpQmpiR0Z6Y3oxY0luUnZiMngwYVhCZlpHbGhiRzluWENJZ2RHbDBiR1U5WENKRmVIQnNZV2x1SUdKMWRIUnZiaUJrWlhOamNtbHdkR2x2YmlCb1pYSmxJRzl1YkhsY0lpQStQQzl6Y0dGdVBpSXNJbEpsZFhObFpFbDBaVzF6Vm1Gc2FXUmhkR2x2YmxCdmNIVndRMnh2YzJWQ2RYUjBiMjVVWlhoMElqb2lUMnNpTENKU1pYVnpaV1JKZEdWdGMxWmhiR2xrWVhScGIyNVFiM0IxY0UxbGMzTmhaMlVpT2lKUGIzQnpJQ0VnVTI5dFpTQnZjaUJoYkd3Z2IyWWdjMlZzWldOMFpXUWdjbVYxYzJWa0lHbDBaVzBuY3lCdmNtbG5hVzVoYkNCamIyNTBZV2x1WlhKeklHRnlaU0JsZUhCcGNtVmtMaUJaYjNWeUlHTmhjblFnZDJsc2JDQmlaU0IxY0dSaGRHVmtJR0YxZEc5dFlYUnBZMkZzYkhrZ1lXNWtJR05oY25RZ2QybHNiQ0JpWlNCeVpXeHZZV1JsWkM0Z1JYaHdhWEpsWkNCcGRHVnRJRTVoYldWeklHRnlaU0F0UGlJc0lsSmxkWE5sWkVsMFpXMXpWbUZzYVdSaGRHbHZibEJ2Y0hWd1RXVnpjMkZuWlVobFlXUmxjaUk2SWxCc1pXRnpaU0JPYjNSbElpd2lSWGh3YVhKbFpGQnlhVzFsY2xCdmNIVndRMnh2YzJWQ2RYUjBiMjVVWlhoMElqb2lUMnNpTENKRmVIQnBjbVZrVUhKcGJXVnlVRzl3ZFhCTlpYTnpZV2RsVkdWNGRDSTZJbEJ5YVcxbGNpQnBjeUJsZUhCcGNtVmtJR1p2Y2lCMGFHVWdiMjVsSUc5bUlIUm9aU0J6Wld4bGRHVmtJSE5sY1hWbGJtTnBibWNnYVhSbGJTNGdjR3hsWVhObElITmxiR1ZqZENCaGJtOTBhR1Z5SUhCeWFXMWxjaUJ2Y2lCdmNtUmxjaUJ1WlhjZ2NISnBiV1Z5TGlJc0lrVjRjR2x5WldSUWNtbHRaWEpRYjNCMWNFMWxjM05oWjJWSVpXRmtaWEpVWlhoMElqb2lVR3hsYzJVZ1RtOTBaU0lzSWtOaGNuUlFZV2RsVlZKTUlqb2lMMlZ1TDJOaGNuUXVZWE53ZUNJc0lrMXBibWx0ZFcxUWJHRjBaVk5oYlhCc1pYTlFaWEpEYUdWamEyOTFkQ0k2TkRnc0lsQnNZWFJsVTJGdGNHeGxRMjkxYm5RaU9tNTFiR3dzSWtselUybHVaMnhsVUd4aGRHVlhhWFJvVm1Gc2FXUlRZVzF3YkdWRGIzVnVkQ0k2Wm1Gc2MyVXNJazFwYmxCc1lYUmxVMkZ0Y0d4bGMxQnZjSFZ3Um05eWJXRjBUV1Z6YzJGblpTSTZJaUlzSWsxcGJsQnNZWFJsVTJGdGNHeGxjMUJ2Y0hWd1JtOXliV0YwVFdWemMyRm5aVU5zYjNObFFuVjBkRzl1VkdWNGRDSTZJaUlzSWsxcGJsQnNZWFJsVTJGdGNHeGxjMUJ2Y0hWd1JtOXliV0YwVFdWemMyRm5aVWhsWVdSbGNpSTZJaUlzSWsxaGVHbHRkVzFPZFcxaVpYSlBabEJzWVhSbGMxQmxja05vWldOcmIzVjBJam96TENKUWJHRjBaWE5EYjNWdWRFWnZja04xY25KbGJuUlBjbVJsY2lJNmJuVnNiQ3dpVFdGNGFXMTFiVkJzWVhSbGMxQmxja05vWldOcmIzVjBVRzl3ZFhCR2IzSnRZWFJOWlhOellXZGxJam9pVFdGNGFXMTFiU0F6SUhCc1lYUmxjeUJoY21VZ1pXeHBaMmxpYkdVZ2RHOGdZMmhsWTJ0dmRYUWdjR1Z5SUc5eVpHVnlJR1p2Y2lCd2JHRjBaU0J6WlhGMVpXNWphVzVuSUdsMFpXMXpMaUJRYkdWaGMyVWdiVzlrYVdaNUlIbHZkWElnYzJWc1pXTjBhVzl1SUdGalkyOXlaR2x1WjJ4NUxpSXNJazFoZUdsdGRXMVFiR0YwWlhOUVpYSkRhR1ZqYTI5MWRGQnZjSFZ3Um05eWJXRjBUV1Z6YzJGblpVTnNiM05sUW5WMGRHOXVWR1Y0ZENJNklrOXJJaXdpVFdGNGFXMTFiVkJzWVhSbGMxQmxja05vWldOcmIzVjBSbTl5YldGMFRXVnpjMkZuWlVobFlXUmxjaUk2SWxCc1pXRnpaU0JPYjNSbElpd2lVRzl6ZEVKaFkydEZiR1Z0Wlc1MFZXNXBjWFZsU1dRaU9pSmpkR3d3TUNSamRHd3dNQ1JqZEd3d01DUkRiMjUwWlc1MFVHeGhZMlZJYjJ4a1pYSkVaV1poZFd4MEpFTmhjblJQZG1WeWRtbGxkMTh6Skd4dWEwTm9aV05yYjNWMElpd2lSWFpsYm5SQmNtZDFiV1Z1ZENJNklpSjlMQ0IwYUdsektUdGtBaElQWkJZR0FnTVBaQllDWmc4UEZnSWZBMmhrWkFJRkQyUVdBbVlQRHhZQ0hndHNZbXhJWldGa1RHbHVaUVVGVEc5bmFXNWtGZ2dDQWc4VkFXdERiMjUwWlc1MFVHeGhZMlZJYjJ4a1pYSkVaV1poZFd4MFgwMWhjM1JsY2xCc1lXTmxhRzlzWkdWeVgwaHZiV1ZNYjJkblpXUlBkWFJmTjE5d2JteEVjbUZuWVdKc1pWZHBibVJ2ZDBOdmJuUmxiblJmU1c1c2FXNWxUV1Z6YzJGblpVTnZiblJoYVc1bGNtUUNBdzhXQWg4RUJRbE9aWGNnZFhObGNqOWtBZ1VQRHhZRUh3UUZEa055WldGMFpTQkJZMk52ZFc1MEh3VUZJeTlsYmk5amFHVmphMjkxZEM5emRHVndNUzVoYzNCNFAyNXZaR1ZKWkQweE1USTNaR1FDQnc5a0Znd0NBUThQRmdZZkJBVUdSVzFoYVd3Nkh3Z0ZGeUJ5WlhGMWFYSmxaRVpwWld4a1EyaGhjbUZqZEdWeUh3a0NBbVJrQWdrUER4WUdId1FGQ1ZCaGMzTjNiM0prT2g4SUJSY2djbVZ4ZFdseVpXUkdhV1ZzWkVOb1lYSmhZM1JsY2g4SkFnSmtaQUlQRHc4V0FoOEVCUVZNYjJkcGJtUmtBaEVQWkJZQ0FnTVBEeFlDSHdRRkVXdGxaWEFnYldVZ2JHOW5aMlZrSUdsdVpHUUNFdzhQRmdRZkJRVVhMMlZ1TDJadmNtZHZkSEJoYzNOM2IzSmtMbUZ6Y0hnZkJBVVFSbTl5WjI5MElGQmhjM04zYjNKa1AyUmtBaFVQWkJZR1pnOFZBV1ZEYjI1MFpXNTBVR3hoWTJWSWIyeGtaWEpFWldaaGRXeDBYMDFoYzNSbGNsQnNZV05sYUc5c1pHVnlYMGh2YldWTWIyZG5aV1JQZFhSZk4xOTJjME5vWldOcmIzVjBTRzl0WlV4dloybHVYMlZqYjIxV1lXeHBaR0YwYVc5dVUzVnRiV0Z5ZVdRQ0FROFBGZ0lmQ2dVTGRtZEliMjFsVEc5bmFXNWtaQUlDRHhVQlpVTnZiblJsYm5SUWJHRmpaVWh2YkdSbGNrUmxabUYxYkhSZlRXRnpkR1Z5VUd4aFkyVm9iMnhrWlhKZlNHOXRaVXh2WjJkbFpFOTFkRjgzWDNaelEyaGxZMnR2ZFhSSWIyMWxURzluYVc1ZlpXTnZiVlpoYkdsa1lYUnBiMjVUZFcxdFlYSjVaQUlIRDJRV0FtWVBEeFlDSHcwRkNrNWxaV1FnU0dWc2NEOWtGZ1FDQWc4VkFXMURiMjUwWlc1MFVHeGhZMlZJYjJ4a1pYSkVaV1poZFd4MFgwMWhjM1JsY2xCc1lXTmxhRzlzWkdWeVgwTjFjM1J2YldWeVUzVndjRzl5ZEY4NFgzQnViRVJ5WVdkaFlteGxWMmx1Wkc5M1EyOXVkR1Z1ZEY5SmJteHBibVZOWlhOellXZGxRMjl1ZEdGcGJtVnlaQUlERDJRV0NBSUJEeFlDSHdRRkVFTjFjM1J2YldWeUlGTjFjSEJ2Y25Sa0FnTVBEeFlDSHdRRkVDczBPU0E0TURreUlEZ3lPRGtnTnpka1pBSUZEdzhXQWg4RUJXZzhZU0JvY21WbVBTSXZaVzR2WlhWeWIyWnBibk10YlhkbkxXOXdaWEp2Ymk5elpYSjJhV05sTFdObGJuUmxjaTlqYjI1MFlXTjBMWFZ6TDJkc2IySmhiQzFrYVhKbFkzUnZjbmt1WVhOd2VDSStSbkpsWlNCd2FHOXVaU0J1ZFcxaVpYSnpQQzloUG1Sa0FnY1BEeFlFSHdRRlJEeGhJR2h5WldZOUltMWhhV3gwYnpwemRYQndiM0owTFdWMVFHVjFjbTltYVc1ekxtTnZiU0krYzNWd2NHOXlkQzFsZFVCbGRYSnZabWx1Y3k1amIyMDhMMkUrSHdVRlMyMWhhV3gwYnpvOFlTQm9jbVZtUFNKdFlXbHNkRzg2YzNWd2NHOXlkQzFsZFVCbGRYSnZabWx1Y3k1amIyMGlQbk4xY0hCdmNuUXRaWFZBWlhWeWIyWnBibk11WTI5dFBDOWhQbVJrQWhVUFpCWUNaZzlrRmdKbUR4VUJwZ1oyWVhJZ2MyaHZkMUJ5YjJkeVpYTnpRbUZ5UVdaMFpYSTlNakF3T3cwS2RtRnlJRzFsYzNOaFoyVlFjbTluY21WemMwSmhjajBuVUd4bFlYTmxJSGRoYVhRdUxpNG5PdzBLZG1GeUlIQnliMmR5WlhOelFtRnlWR2wwYkdVOUoxQnNaV0Z6WlNCM1lXbDBMaTR1SnpzTkNuWmhjaUJ3Y205bmNtVnpjMEpoY2tOaGJtTmxiRUoxZEhSdmJsUmxlSFE5SjBOaGJtTmxiQ2M3RFFwMllYSWdZV3hsY25STlpYTnpZV2RsUW5WMGRHOXVWR1Y0ZEQwblQyc25PdzBLZG1GeUlHRnNaWEowVFdWemMyRm5aVlJwZEd4bFBTZEJiR1Z5ZENCTlpYTnpZV2RsSnpzTkNuWmhjaUJ2Y0dWeWIyNVRhWFJsVlhKc1BTY25PdzBLZG1GeUlHTjFjbkpsYm5SVGFYUmxRMjlrWlQwblJVSkZKenNOQ25aaGNpQnpkV0pFYjIxaGFXNDlKMUZCSnpzTkNuWmhjaUJ3YjNKMFRuVnRZbVZ5UFNjNE1TYzdEUXAyWVhJZ2NISmxURzloWkVsdFlXZGxUR2x6ZEQxYkp5OWpjM012WlhoMEwycHhkV1Z5ZVhSb1pXMWxjeTlwYldGblpYTXZkV2t0WW1kZloyeGhjM05mTlRWZk1XTXhZekZqWHpGNE5EQXdMbkJ1WnlkZE93MEtkbUZ5SUhCeWFXTnBibWRFWlhSaGFXeHpRMnh2YzJWQ2RYUjBiMjVVWlhoMFBTZERiRzl6WlNjN0RRcDJZWElnUVdSa1FuVjBkRzl1VW1WemIzVnlZMlZVWlhoMElEMGdKMEZrWkNjN0RRcDJZWElnUTJGdVkyVnNRblYwZEc5dVVtVnpiM1Z5WTJWVVpYaDBJRDBnSjBOaGJtTmxiQ2M3RFFwMllYSWdRMnh2YzJWQ2RYUjBiMjVTWlhOdmRYSmpaVlJsZUhRZ1BTQW5RMnh2YzJVbk93MEtkbUZ5SUZOaGRtVkNkWFIwYjI1U1pYTnZkWEpqWlZSbGVIUWdQU0FuVTJGMlpTYzdEUXAyWVhJZ1RtOUNkWFIwYjI1U1pYTnZkWEpqWlZSbGVIUWdQU0FuVG04bk93MEtkbUZ5SUZsbGMwSjFkSFJ2YmxKbGMyOTFjbU5sVkdWNGRDQTlJQ2RaWlhNbk93MEtkbUZ5SUZSb2FXTnJRbTk0UTJ4dmMyVlVaWGgwVW1WemIzVnlZMlVnUFNBbmIzSWdSWE5qSUV0bGVTYzdEUXAyWVhJZ1ZHaHBZMnRDYjNoRGJHOXpaVXhwYm10U1pYTnZkWEpqWlNBOUlDZGpiRzl6WlNjN0RRcDJZWElnWkdWd2JHOTViV1Z1ZEVWdWRtbHliMjV0Wlc1MElEMGdKMUZCSnpzTkNtUVlBUVVlWDE5RGIyNTBjbTlzYzFKbGNYVnBjbVZRYjNOMFFtRmphMHRsZVY5ZkZnSUZUV04wYkRBd0pHTjBiREF3SkdOMGJEQXdKRU52Ym5SbGJuUlFiR0ZqWlVodmJHUmxja1JsWm1GMWJIUWtWRzl3VEc5bloyVmtUM1YwWHpJa1kyaGlWRzl3UzJWbGNFeHZaMmRsWkVsdUJXQmpkR3d3TUNSamRHd3dNQ1JqZEd3d01DUkRiMjUwWlc1MFVHeGhZMlZJYjJ4a1pYSkVaV1poZFd4MEpFMWhjM1JsY2xCc1lXTmxhRzlzWkdWeUpFaHZiV1ZNYjJkblpXUlBkWFJmTnlSallraHZiV1ZMWldWd1RHOW5aMlZrU1dSRi8ySlJGSDBTVGhrUmZJZG4rN1QrOTQ2UTUzZ3FEQ1N2YWx3d0JrbkZWUT09IiBSZWNvcmRlZFZhbHVlPSIiIENvcnJlbGF0aW9uQmluZGluZz0iIiBVcmxFbmNvZGU9IlRydWUiIC8+DQogICAgICAgICAgICA8Rm9ybVBvc3RQYXJhbWV0ZXIgTmFtZT0iY3RsMDAkY3RsMDAkY3RsMDAkQ29udGVudFBsYWNlSG9sZGVyRGVmYXVsdCRUb3BMb2dnZWRPdXRfMiRoZG5TY3JlZW5BcmVhIiBWYWx1ZT0iIiBSZWNvcmRlZFZhbHVlPSIiIENvcnJlbGF0aW9uQmluZGluZz0iIiBVcmxFbmNvZGU9IlRydWUiIC8+DQogICAgICAgICAgICA8Rm9ybVBvc3RQYXJhbWV0ZXIgTmFtZT0iY3RsMDAkY3RsMDAkY3RsMDAkQ29udGVudFBsYWNlSG9sZGVyRGVmYXVsdCRDYXJ0T3ZlcnZpZXdfMyRoZG5GaWVsZFNlbGVjdGVkT3JkZXJJdGVtQ2hlY2tvdXRTdGF0ZXMiIFZhbHVlPSIiIFJlY29yZGVkVmFsdWU9IiIgQ29ycmVsYXRpb25CaW5kaW5nPSIiIFVybEVuY29kZT0iVHJ1ZSIgLz4NCiAgICAgICAgICAgIDxGb3JtUG9zdFBhcmFtZXRlciBOYW1lPSJjdGwwMCRjdGwwMCRjdGwwMCRDb250ZW50UGxhY2VIb2xkZXJEZWZhdWx0JENhcnRPdmVydmlld18zJGhkbkZpZWxkQ29tcGxldGVDYXJ0Q2hlY2tvdXRTdGF0ZUVudW1zIiBWYWx1ZT0iIiBSZWNvcmRlZFZhbHVlPSIiIENvcnJlbGF0aW9uQmluZGluZz0iIiBVcmxFbmNvZGU9IlRydWUiIC8+DQogICAgICAgICAgICA8Rm9ybVBvc3RQYXJhbWV0ZXIgTmFtZT0iY3RsMDAkY3RsMDAkY3RsMDAkQ29udGVudFBsYWNlSG9sZGVyRGVmYXVsdCRDYXJ0T3ZlcnZpZXdfMyRoZG5GaWVsZFNlbGVjdGVkSXRlbUlkcyIgVmFsdWU9IiIgUmVjb3JkZWRWYWx1ZT0iIiBDb3JyZWxhdGlvbkJpbmRpbmc9IiIgVXJsRW5jb2RlPSJUcnVlIiAvPg0KICAgICAgICAgICAgPEZvcm1Qb3N0UGFyYW1ldGVyIE5hbWU9ImN0bDAwJGN0bDAwJGN0bDAwJENvbnRlbnRQbGFjZUhvbGRlckRlZmF1bHQkQ2FydE92ZXJ2aWV3XzMkaGRuU2NyZWVuQXJlYSIgVmFsdWU9IiIgUmVjb3JkZWRWYWx1ZT0iIiBDb3JyZWxhdGlvbkJpbmRpbmc9IiIgVXJsRW5jb2RlPSJUcnVlIiAvPg0KICAgICAgICAgICAgPEZvcm1Qb3N0UGFyYW1ldGVyIE5hbWU9ImN0bDAwJGN0bDAwJGN0bDAwJENvbnRlbnRQbGFjZUhvbGRlckRlZmF1bHQkTWFzdGVyUGxhY2Vob2xkZXIkSG9tZUxvZ2dlZE91dF83JHR4dEhvbWVMb2dpbiIgVmFsdWU9InBudGVzdDAwNEBldXJvZmlucy5jb20iIFJlY29yZGVkVmFsdWU9IiIgQ29ycmVsYXRpb25CaW5kaW5nPSIiIFVybEVuY29kZT0iVHJ1ZSIgLz4NCiAgICAgICAgICAgIDxGb3JtUG9zdFBhcmFtZXRlciBOYW1lPSJjdGwwMCRjdGwwMCRjdGwwMCRDb250ZW50UGxhY2VIb2xkZXJEZWZhdWx0JE1hc3RlclBsYWNlaG9sZGVyJEhvbWVMb2dnZWRPdXRfNyR0eHRIb21lUGFzc3dvcmQiIFZhbHVlPSJwbnRlc3QwMDQiIFJlY29yZGVkVmFsdWU9IiIgQ29ycmVsYXRpb25CaW5kaW5nPSIiIFVybEVuY29kZT0iVHJ1ZSIgLz4NCiAgICAgICAgICAgIDxGb3JtUG9zdFBhcmFtZXRlciBOYW1lPSJjdGwwMCRjdGwwMCRjdGwwMCRDb250ZW50UGxhY2VIb2xkZXJEZWZhdWx0JE1hc3RlclBsYWNlaG9sZGVyJEhvbWVMb2dnZWRPdXRfNyRidG5Ib21lU3VibWl0IiBWYWx1ZT0iTG9naW4iIFJlY29yZGVkVmFsdWU9IiIgQ29ycmVsYXRpb25CaW5kaW5nPSIiIFVybEVuY29kZT0iVHJ1ZSIgLz4NCiAgICAgICAgICAgIDxGb3JtUG9zdFBhcmFtZXRlciBOYW1lPSJjdGwwMCRjdGwwMCRjdGwwMCRDb250ZW50UGxhY2VIb2xkZXJEZWZhdWx0JE1hc3RlclBsYWNlaG9sZGVyJEhvbWVMb2dnZWRPdXRfNyR2c0NoZWNrb3V0SG9tZUxvZ2luJGhkblZhbGlkYXRpb25SZXN1bHQiIFZhbHVlPSIiIFJlY29yZGVkVmFsdWU9IiIgQ29ycmVsYXRpb25CaW5kaW5nPSIiIFVybEVuY29kZT0iVHJ1ZSIgLz4NCiAgICAgICAgICAgIDxGb3JtUG9zdFBhcmFtZXRlciBOYW1lPSJjdGwwMCRjdGwwMCRjdGwwMCRDb250ZW50UGxhY2VIb2xkZXJEZWZhdWx0JE1hc3RlclBsYWNlaG9sZGVyJEhvbWVMb2dnZWRPdXRfNyRoZG5TY3JlZW5BcmVhIiBWYWx1ZT0iIiBSZWNvcmRlZFZhbHVlPSIiIENvcnJlbGF0aW9uQmluZGluZz0iIiBVcmxFbmNvZGU9IlRydWUiIC8+DQogICAgICAgICAgICA8Rm9ybVBvc3RQYXJhbWV0ZXIgTmFtZT0iY3RsMDAkY3RsMDAkY3RsMDAkQ29udGVudFBsYWNlSG9sZGVyRGVmYXVsdCRNYXN0ZXJQbGFjZWhvbGRlciRDdXN0b21lclN1cHBvcnRfOCRoZG5TY3JlZW5BcmVhIiBWYWx1ZT0iIiBSZWNvcmRlZFZhbHVlPSIiIENvcnJlbGF0aW9uQmluZGluZz0iIiBVcmxFbmNvZGU9IlRydWUiIC8+DQogICAgICAgICAgICA8Rm9ybVBvc3RQYXJhbWV0ZXIgTmFtZT0iY3RsMDAkY3RsMDAkY3RsMDAkQ29udGVudFBsYWNlSG9sZGVyRGVmYXVsdCRoZG5DYW5Jbml0aWFsaXplQ3VsdHVyZSIgVmFsdWU9ImZhbHNlIiBSZWNvcmRlZFZhbHVlPSIiIENvcnJlbGF0aW9uQmluZGluZz0iIiBVcmxFbmNvZGU9IlRydWUiIC8+DQogICAgICAgICAgICA8Rm9ybVBvc3RQYXJhbWV0ZXIgTmFtZT0iY3RsMDAkY3RsMDAkY3RsMDAkQ29udGVudFBsYWNlSG9sZGVyRGVmYXVsdCRoZG5FY29tRHJhZ0Ryb3BKc29uIiBWYWx1ZT0iIiBSZWNvcmRlZFZhbHVlPSIiIENvcnJlbGF0aW9uQmluZGluZz0iIiBVcmxFbmNvZGU9IlRydWUiIC8+DQogICAgICAgICAgICA8Rm9ybVBvc3RQYXJhbWV0ZXIgTmFtZT0iY3RsMDAkY3RsMDAkY3RsMDAkQ29udGVudFBsYWNlSG9sZGVyRGVmYXVsdCRoZG5DdXJyZW50UGFnZUlkZW50aXR5IiBWYWx1ZT0iMTEyNyIgUmVjb3JkZWRWYWx1ZT0iIiBDb3JyZWxhdGlvbkJpbmRpbmc9IiIgVXJsRW5jb2RlPSJUcnVlIiAvPg0KICAgICAgICAgICAgPEZvcm1Qb3N0UGFyYW1ldGVyIE5hbWU9ImN0bDAwJGN0bDAwJGN0bDAwJENvbnRlbnRQbGFjZUhvbGRlckRlZmF1bHQkaGRuU2Nyb2xsWVBvc2l0aW9uIiBWYWx1ZT0iMCIgUmVjb3JkZWRWYWx1ZT0iIiBDb3JyZWxhdGlvbkJpbmRpbmc9IiIgVXJsRW5jb2RlPSJUcnVlIiAvPg0KICAgICAgICAgICAgPEZvcm1Qb3N0UGFyYW1ldGVyIE5hbWU9Il9fVklFV1NUQVRFR0VORVJBVE9SIiBWYWx1ZT0iQ0EwQjAzMzQiIFJlY29yZGVkVmFsdWU9IiIgQ29ycmVsYXRpb25CaW5kaW5nPSIiIFVybEVuY29kZT0iVHJ1ZSIgLz4NCiAgICAgICAgICA8L0Zvcm1Qb3N0SHR0cEJvZHk+DQogICAgICAgIDwvUmVxdWVzdD4NCiAgICAgICAgPFJlcXVlc3QgTWV0aG9kPSJHRVQiIEd1aWQ9IjYxOWE0MDk0LWExN2YtNDZlNC1iNmU3LWVmMTMxNjkxMDhhMiIgVmVyc2lvbj0iMS4xIiBVcmw9Imh0dHA6Ly9pbjAxYXB2MTE6ODEvZW4vaG9tZS5hc3B4IiBUaGlua1RpbWU9IjAiIFRpbWVvdXQ9IjYwIiBQYXJzZURlcGVuZGVudFJlcXVlc3RzPSJUcnVlIiBGb2xsb3dSZWRpcmVjdHM9IlRydWUiIFJlY29yZFJlc3VsdD0iVHJ1ZSIgQ2FjaGU9IkZhbHNlIiBSZXNwb25zZVRpbWVHb2FsPSIwIiBFbmNvZGluZz0idXRmLTgiIEV4cGVjdGVkSHR0cFN0YXR1c0NvZGU9IjAiIEV4cGVjdGVkUmVzcG9uc2VVcmw9IiIgUmVwb3J0aW5nTmFtZT0iIiBJZ25vcmVIdHRwU3RhdHVzQ29kZT0iRmFsc2UiPg0KICAgICAgICAgIDxIZWFkZXJzPg0KICAgICAgICAgICAgPEhlYWRlciBOYW1lPSJVcGdyYWRlLUluc2VjdXJlLVJlcXVlc3RzIiBWYWx1ZT0iMSIgLz4NCiAgICAgICAgICA8L0hlYWRlcnM+DQogICAgICAgIDwvUmVxdWVzdD4NCiAgICAgIDwvSXRlbXM+DQogICAgPC9UcmFuc2FjdGlvblRpbWVyPg0KICAgIDxUcmFuc2FjdGlvblRpbWVyIE5hbWU9IkNsaWNrIG9uIGNhdHVsb2cgTGluayI+DQogICAgICA8SXRlbXM+DQogICAgICAgIDxSZXF1ZXN0IE1ldGhvZD0iR0VUIiBHdWlkPSI5ZGY3YmY4Ny04NGEzLTRkMTUtOTBjZS00Y2I1YTg4Y2U3ZTMiIFZlcnNpb249IjEuMSIgVXJsPSJodHRwOi8vaW4wMWFwdjExOjgxL2VuL2N1c3RvbV9kbmFfc2VxdWVuY2luZ19jYXRhbG9ndWUvY2F0YWxvZ3VlLmFzcHgiIFRoaW5rVGltZT0iMCIgVGltZW91dD0iNjAiIFBhcnNlRGVwZW5kZW50UmVxdWVzdHM9IlRydWUiIEZvbGxvd1JlZGlyZWN0cz0iVHJ1ZSIgUmVjb3JkUmVzdWx0PSJUcnVlIiBDYWNoZT0iRmFsc2UiIFJlc3BvbnNlVGltZUdvYWw9IjAiIEVuY29kaW5nPSJ1dGYtOCIgRXhwZWN0ZWRIdHRwU3RhdHVzQ29kZT0iMCIgRXhwZWN0ZWRSZXNwb25zZVVybD0iIiBSZXBvcnRpbmdOYW1lPSIiIElnbm9yZUh0dHBTdGF0dXNDb2RlPSJGYWxzZSI+DQogICAgICAgICAgPEhlYWRlcnM+DQogICAgICAgICAgICA8SGVhZGVyIE5hbWU9IlVwZ3JhZGUtSW5zZWN1cmUtUmVxdWVzdHMiIFZhbHVlPSIxIiAvPg0KICAgICAgICAgIDwvSGVhZGVycz4NCiAgICAgICAgICA8RXh0cmFjdGlvblJ1bGVzPg0KICAgICAgICAgICAgPEV4dHJhY3Rpb25SdWxlIENsYXNzbmFtZT0iTWljcm9zb2Z0LlZpc3VhbFN0dWRpby5UZXN0VG9vbHMuV2ViVGVzdGluZy5SdWxlcy5FeHRyYWN0Rm9ybUZpZWxkLCBNaWNyb3NvZnQuVmlzdWFsU3R1ZGlvLlF1YWxpdHlUb29scy5XZWJUZXN0RnJhbWV3b3JrLCBWZXJzaW9uPTE0LjAuMC4wLCBDdWx0dXJlPW5ldXRyYWwsIFB1YmxpY0tleVRva2VuPWIwM2Y1ZjdmMTFkNTBhM2EiIFZhcmlhYmxlTmFtZT0iJEhJRERFTjEuX19WSUVXU1RBVEUiIERpc3BsYXlOYW1lPSJFeHRyYWN0IEZvcm0gRmllbGQiIERlc2NyaXB0aW9uPSJFeHRyYWN0IHRoZSB2YWx1ZSBvZiBhIHNwZWNpZmllZCBmb3JtIGZpZWxkIGluIHRoZSByZXNwb25zZSBhbmQgcGxhY2UgaXQgaW50byB0aGUgdGVzdCBjb250ZXh0LiI+DQogICAgICAgICAgICAgIDxSdWxlUGFyYW1ldGVycz4NCiAgICAgICAgICAgICAgICA8UnVsZVBhcmFtZXRlciBOYW1lPSJOYW1lIiBWYWx1ZT0iX19WSUVXU1RBVEUiIC8+DQogICAgICAgICAgICAgIDwvUnVsZVBhcmFtZXRlcnM+DQogICAgICAgICAgICA8L0V4dHJhY3Rpb25SdWxlPg0KICAgICAgICAgIDwvRXh0cmFjdGlvblJ1bGVzPg0KICAgICAgICA8L1JlcXVlc3Q+DQogICAgICA8L0l0ZW1zPg0KICAgIDwvVHJhbnNhY3Rpb25UaW1lcj4NCiAgICA8VHJhbnNhY3Rpb25UaW1lciBOYW1lPSJDbGljayBvbiBhZGQgdG8gY2FydCI+DQogICAgICA8SXRlbXM+DQogICAgICAgIDxSZXF1ZXN0IE1ldGhvZD0iUE9TVCIgR3VpZD0iZTU5MDQ5ODEtZmJjMS00YjUxLWE3MzEtYzE5YzE0MTFjYTAxIiBWZXJzaW9uPSIxLjEiIFVybD0iaHR0cDovL2luMDFhcHYxMTo4MS9lbi9jdXN0b21fZG5hX3NlcXVlbmNpbmdfY2F0YWxvZ3VlL2NhdGFsb2d1ZS5hc3B4IiBUaGlua1RpbWU9IjEiIFRpbWVvdXQ9IjYwIiBQYXJzZURlcGVuZGVudFJlcXVlc3RzPSJUcnVlIiBGb2xsb3dSZWRpcmVjdHM9IlRydWUiIFJlY29yZFJlc3VsdD0iVHJ1ZSIgQ2FjaGU9IkZhbHNlIiBSZXNwb25zZVRpbWVHb2FsPSIwIiBFbmNvZGluZz0idXRmLTgiIEV4cGVjdGVkSHR0cFN0YXR1c0NvZGU9IjAiIEV4cGVjdGVkUmVzcG9uc2VVcmw9IiIgUmVwb3J0aW5nTmFtZT0iIiBJZ25vcmVIdHRwU3RhdHVzQ29kZT0iRmFsc2UiPg0KICAgICAgICAgIDxIZWFkZXJzPg0KICAgICAgICAgICAgPEhlYWRlciBOYW1lPSJPcmlnaW4iIFZhbHVlPSJodHRwOi8vaW4wMWFwdjExOjgxIiAvPg0KICAgICAgICAgICAgPEhlYWRlciBOYW1lPSJVcGdyYWRlLUluc2VjdXJlLVJlcXVlc3RzIiBWYWx1ZT0iMSIgLz4NCiAgICAgICAgICAgIDxIZWFkZXIgTmFtZT0iQ29udGVudC1UeXBlIiBWYWx1ZT0iYXBwbGljYXRpb24veC13d3ctZm9ybS11cmxlbmNvZGVkIiAvPg0KICAgICAgICAgIDwvSGVhZGVycz4NCiAgICAgICAgICA8RXh0cmFjdGlvblJ1bGVzPg0KICAgICAgICAgICAgPEV4dHJhY3Rpb25SdWxlIENsYXNzbmFtZT0iTWljcm9zb2Z0LlZpc3VhbFN0dWRpby5UZXN0VG9vbHMuV2ViVGVzdGluZy5SdWxlcy5FeHRyYWN0Rm9ybUZpZWxkLCBNaWNyb3NvZnQuVmlzdWFsU3R1ZGlvLlF1YWxpdHlUb29scy5XZWJUZXN0RnJhbWV3b3JrLCBWZXJzaW9uPTE0LjAuMC4wLCBDdWx0dXJlPW5ldXRyYWwsIFB1YmxpY0tleVRva2VuPWIwM2Y1ZjdmMTFkNTBhM2EiIFZhcmlhYmxlTmFtZT0iJEhJRERFTjIuX19WSUVXU1RBVEUiIERpc3BsYXlOYW1lPSJFeHRyYWN0IEZvcm0gRmllbGQiIERlc2NyaXB0aW9uPSJFeHRyYWN0IHRoZSB2YWx1ZSBvZiBhIHNwZWNpZmllZCBmb3JtIGZpZWxkIGluIHRoZSByZXNwb25zZSBhbmQgcGxhY2UgaXQgaW50byB0aGUgdGVzdCBjb250ZXh0LiI+DQogICAgICAgICAgICAgIDxSdWxlUGFyYW1ldGVycz4NCiAgICAgICAgICAgICAgICA8UnVsZVBhcmFtZXRlciBOYW1lPSJOYW1lIiBWYWx1ZT0iX19WSUVXU1RBVEUiIC8+DQogICAgICAgICAgICAgIDwvUnVsZVBhcmFtZXRlcnM+DQogICAgICAgICAgICA8L0V4dHJhY3Rpb25SdWxlPg0KICAgICAgICAgIDwvRXh0cmFjdGlvblJ1bGVzPg0KICAgICAgICAgIDxGb3JtUG9zdEh0dHBCb2R5Pg0KICAgICAgICAgICAgPEZvcm1Qb3N0UGFyYW1ldGVyIE5hbWU9Il9fRVZFTlRUQVJHRVQiIFZhbHVlPSIiIFJlY29yZGVkVmFsdWU9IiIgQ29ycmVsYXRpb25CaW5kaW5nPSIiIFVybEVuY29kZT0iVHJ1ZSIgLz4NCiAgICAgICAgICAgIDxGb3JtUG9zdFBhcmFtZXRlciBOYW1lPSJfX0VWRU5UQVJHVU1FTlQiIFZhbHVlPSIiIFJlY29yZGVkVmFsdWU9IiIgQ29ycmVsYXRpb25CaW5kaW5nPSIiIFVybEVuY29kZT0iVHJ1ZSIgLz4NCiAgICAgICAgICAgIDxGb3JtUG9zdFBhcmFtZXRlciBOYW1lPSJfX1ZJRVdTVEFURSIgVmFsdWU9Int7JEhJRERFTjEuX19WSUVXU1RBVEV9fSIgUmVjb3JkZWRWYWx1ZT0iIiBDb3JyZWxhdGlvbkJpbmRpbmc9IiIgVXJsRW5jb2RlPSJUcnVlIiAvPg0KICAgICAgICAgICAgPEZvcm1Qb3N0UGFyYW1ldGVyIE5hbWU9ImN0bDAwJGN0bDAwJGN0bDAwJENvbnRlbnRQbGFjZUhvbGRlckRlZmF1bHQkVG9wTG9nZ2VkSW5fMSRoZG5TY3JlZW5BcmVhIiBWYWx1ZT0iIiBSZWNvcmRlZFZhbHVlPSIiIENvcnJlbGF0aW9uQmluZGluZz0iIiBVcmxFbmNvZGU9IlRydWUiIC8+DQogICAgICAgICAgICA8Rm9ybVBvc3RQYXJhbWV0ZXIgTmFtZT0iY3RsMDAkY3RsMDAkY3RsMDAkQ29udGVudFBsYWNlSG9sZGVyRGVmYXVsdCRDYXJ0T3ZlcnZpZXdfMyRoZG5GaWVsZFNlbGVjdGVkT3JkZXJJdGVtQ2hlY2tvdXRTdGF0ZXMiIFZhbHVlPSIiIFJlY29yZGVkVmFsdWU9IiIgQ29ycmVsYXRpb25CaW5kaW5nPSIiIFVybEVuY29kZT0iVHJ1ZSIgLz4NCiAgICAgICAgICAgIDxGb3JtUG9zdFBhcmFtZXRlciBOYW1lPSJjdGwwMCRjdGwwMCRjdGwwMCRDb250ZW50UGxhY2VIb2xkZXJEZWZhdWx0JENhcnRPdmVydmlld18zJGhkbkZpZWxkQ29tcGxldGVDYXJ0Q2hlY2tvdXRTdGF0ZUVudW1zIiBWYWx1ZT0iIiBSZWNvcmRlZFZhbHVlPSIiIENvcnJlbGF0aW9uQmluZGluZz0iIiBVcmxFbmNvZGU9IlRydWUiIC8+DQogICAgICAgICAgICA8Rm9ybVBvc3RQYXJhbWV0ZXIgTmFtZT0iY3RsMDAkY3RsMDAkY3RsMDAkQ29udGVudFBsYWNlSG9sZGVyRGVmYXVsdCRDYXJ0T3ZlcnZpZXdfMyRoZG5GaWVsZFNlbGVjdGVkSXRlbUlkcyIgVmFsdWU9IiIgUmVjb3JkZWRWYWx1ZT0iIiBDb3JyZWxhdGlvbkJpbmRpbmc9IiIgVXJsRW5jb2RlPSJUcnVlIiAvPg0KICAgICAgICAgICAgPEZvcm1Qb3N0UGFyYW1ldGVyIE5hbWU9ImN0bDAwJGN0bDAwJGN0bDAwJENvbnRlbnRQbGFjZUhvbGRlckRlZmF1bHQkQ2FydE92ZXJ2aWV3XzMkaGRuU2NyZWVuQXJlYSIgVmFsdWU9IiIgUmVjb3JkZWRWYWx1ZT0iIiBDb3JyZWxhdGlvbkJpbmRpbmc9IiIgVXJsRW5jb2RlPSJUcnVlIiAvPg0KICAgICAgICAgICAgPEZvcm1Qb3N0UGFyYW1ldGVyIE5hbWU9ImN0bDAwJGN0bDAwJGN0bDAwJENvbnRlbnRQbGFjZUhvbGRlckRlZmF1bHQkTWFzdGVyUGxhY2Vob2xkZXIkT3JkZXJpbmdXaXphcmRDb250YWluZXJfNSRjY09yZGVyaW5nV2l6YXJkJGhkbkN1cnJlbnRXaXphcmRTdGVwIiBWYWx1ZT0iMSIgUmVjb3JkZWRWYWx1ZT0iIiBDb3JyZWxhdGlvbkJpbmRpbmc9IiIgVXJsRW5jb2RlPSJUcnVlIiAvPg0KICAgICAgICAgICAgPEZvcm1Qb3N0UGFyYW1ldGVyIE5hbWU9ImN0bDAwJGN0bDAwJGN0bDAwJENvbnRlbnRQbGFjZUhvbGRlckRlZmF1bHQkTWFzdGVyUGxhY2Vob2xkZXIkT3JkZXJpbmdXaXphcmRDb250YWluZXJfNSRjY09yZGVyaW5nV2l6YXJkJEFnYXJQbGF0ZSRoZG5DdXJyZW50V2l6YXJkU3RlcE51bWJlciIgVmFsdWU9IjEiIFJlY29yZGVkVmFsdWU9IiIgQ29ycmVsYXRpb25CaW5kaW5nPSIiIFVybEVuY29kZT0iVHJ1ZSIgLz4NCiAgICAgICAgICAgIDxGb3JtUG9zdFBhcmFtZXRlciBOYW1lPSJjdGwwMCRjdGwwMCRjdGwwMCRDb250ZW50UGxhY2VIb2xkZXJEZWZhdWx0JE1hc3RlclBsYWNlaG9sZGVyJE9yZGVyaW5nV2l6YXJkQ29udGFpbmVyXzUkY2NPcmRlcmluZ1dpemFyZCRBZ2FyUGxhdGUkdWNTdGVwMSRFY29tVmFsaWRhdGlvblN1bW1hcnkkaGRuVmFsaWRhdGlvblJlc3VsdCIgVmFsdWU9IiIgUmVjb3JkZWRWYWx1ZT0iIiBDb3JyZWxhdGlvbkJpbmRpbmc9IiIgVXJsRW5jb2RlPSJUcnVlIiAvPg0KICAgICAgICAgICAgPEZvcm1Qb3N0UGFyYW1ldGVyIE5hbWU9ImN0bDAwJGN0bDAwJGN0bDAwJENvbnRlbnRQbGFjZUhvbGRlckRlZmF1bHQkTWFzdGVyUGxhY2Vob2xkZXIkT3JkZXJpbmdXaXphcmRDb250YWluZXJfNSRjY09yZGVyaW5nV2l6YXJkJEFnYXJQbGF0ZSR1Y1N0ZXAxJGRkbFF1YW50aXR5IiBWYWx1ZT0iMiIgUmVjb3JkZWRWYWx1ZT0iIiBDb3JyZWxhdGlvbkJpbmRpbmc9IiIgVXJsRW5jb2RlPSJUcnVlIiAvPg0KICAgICAgICAgICAgPEZvcm1Qb3N0UGFyYW1ldGVyIE5hbWU9ImN0bDAwJGN0bDAwJGN0bDAwJENvbnRlbnRQbGFjZUhvbGRlckRlZmF1bHQkTWFzdGVyUGxhY2Vob2xkZXIkT3JkZXJpbmdXaXphcmRDb250YWluZXJfNSRjY09yZGVyaW5nV2l6YXJkJEFnYXJQbGF0ZSR1Y1N0ZXAxJHVjRGlzcGxheVF1ZXN0aW9uYWlyZTEkcnB0UXVlc3Rpb25TZWN0aW9uJGN0bDAwJHJwdFF1ZXN0aW9uQW5zd2VycyRjdGwwMCRkZGxBbnN3ZXIiIFZhbHVlPSJTbSIgUmVjb3JkZWRWYWx1ZT0iIiBDb3JyZWxhdGlvbkJpbmRpbmc9IiIgVXJsRW5jb2RlPSJUcnVlIiAvPg0KICAgICAgICAgICAgPEZvcm1Qb3N0UGFyYW1ldGVyIE5hbWU9ImN0bDAwJGN0bDAwJGN0bDAwJENvbnRlbnRQbGFjZUhvbGRlckRlZmF1bHQkTWFzdGVyUGxhY2Vob2xkZXIkT3JkZXJpbmdXaXphcmRDb250YWluZXJfNSRjY09yZGVyaW5nV2l6YXJkJEFnYXJQbGF0ZSR1Y1N0ZXAxJHVjRGlzcGxheVF1ZXN0aW9uYWlyZTEkcnB0UXVlc3Rpb25TZWN0aW9uJGN0bDAwJHJwdFF1ZXN0aW9uQW5zd2VycyRjdGwwMSRkZGxBbnN3ZXIiIFZhbHVlPSIwIiBSZWNvcmRlZFZhbHVlPSIiIENvcnJlbGF0aW9uQmluZGluZz0iIiBVcmxFbmNvZGU9IlRydWUiIC8+DQogICAgICAgICAgICA8Rm9ybVBvc3RQYXJhbWV0ZXIgTmFtZT0iY3RsMDAkY3RsMDAkY3RsMDAkQ29udGVudFBsYWNlSG9sZGVyRGVmYXVsdCRNYXN0ZXJQbGFjZWhvbGRlciRPcmRlcmluZ1dpemFyZENvbnRhaW5lcl81JGNjT3JkZXJpbmdXaXphcmQkQWdhclBsYXRlJHVjU3RlcDEkdWNEaXNwbGF5UXVlc3Rpb25haXJlMSRoZG5TY3JlZW5BcmVhIiBWYWx1ZT0iIiBSZWNvcmRlZFZhbHVlPSIiIENvcnJlbGF0aW9uQmluZGluZz0iIiBVcmxFbmNvZGU9IlRydWUiIC8+DQogICAgICAgICAgICA8Rm9ybVBvc3RQYXJhbWV0ZXIgTmFtZT0iY3RsMDAkY3RsMDAkY3RsMDAkQ29udGVudFBsYWNlSG9sZGVyRGVmYXVsdCRNYXN0ZXJQbGFjZWhvbGRlciRPcmRlcmluZ1dpemFyZENvbnRhaW5lcl81JGNjT3JkZXJpbmdXaXphcmQkQWdhclBsYXRlJHVjU3RlcDEkaGRucXVpY2tPcmRlclZtIiBWYWx1ZT0ieyZxdW90O1F1YW50aXR5JnF1b3Q7OjIsJnF1b3Q7U2VsZWN0ZWRVc2VyQW5zd2VycyZxdW90OzomcXVvdDtbe1wmcXVvdDskaWRcJnF1b3Q7OlwmcXVvdDsxXCZxdW90OyxcJnF1b3Q7UXVlc3Rpb25cJnF1b3Q7OntcJnF1b3Q7JGlkXCZxdW90OzpcJnF1b3Q7MlwmcXVvdDssXCZxdW90O0Rlc2NyaXB0aW9uXCZxdW90OzpudWxsLFwmcXVvdDtRdWVzdGlvbkRpc3BsYXlUZXh0XCZxdW90OzpcJnF1b3Q7XCZxdW90OyxcJnF1b3Q7SWRcJnF1b3Q7OlwmcXVvdDtRMDAxXCZxdW90OyxcJnF1b3Q7VmFsaWRhdGlvbnNcJnF1b3Q7Om51bGwsXCZxdW90O0Fuc3dlcnNcJnF1b3Q7Om51bGwsXCZxdW90O1NlY3Rpb25cJnF1b3Q7OntcJnF1b3Q7JGlkXCZxdW90OzpcJnF1b3Q7M1wmcXVvdDssXCZxdW90O0lkXCZxdW90OzpudWxsLFwmcXVvdDtOYW1lXCZxdW90OzpcJnF1b3Q7XCZxdW90OyxcJnF1b3Q7U29ydE9yZGVyXCZxdW90OzowLFwmcXVvdDtJc1BlclNhbXBsZVwmcXVvdDs6ZmFsc2V9LFwmcXVvdDtRdWVzdGlvblRleHRcJnF1b3Q7OlwmcXVvdDtBbnRpYmlvdGljcyhUZXN0LU1CKVwmcXVvdDssXCZxdW90O0lucHV0VHlwZUVudW1cJnF1b3Q7OjYsXCZxdW90O1F1ZXN0aW9uTWFwcGluZ1wmcXVvdDs6MixcJnF1b3Q7UmVDYWxjdWxhdGVQcmljZVwmcXVvdDs6ZmFsc2V9LFwmcXVvdDtBbnN3ZXJTdHJpbmdcJnF1b3Q7OlwmcXVvdDtTdHJlcHRvbXljaW4gKFNtKVwmcXVvdDssXCZxdW90O0Fuc3dlck9wdGlvbnNcJnF1b3Q7Om51bGwsXCZxdW90O0Fuc3dlcklkXCZxdW90OzpcJnF1b3Q7U21cJnF1b3Q7fSx7XCZxdW90OyRpZFwmcXVvdDs6XCZxdW90OzRcJnF1b3Q7LFwmcXVvdDtRdWVzdGlvblwmcXVvdDs6e1wmcXVvdDskaWRcJnF1b3Q7OlwmcXVvdDs1XCZxdW90OyxcJnF1b3Q7RGVzY3JpcHRpb25cJnF1b3Q7Om51bGwsXCZxdW90O1F1ZXN0aW9uRGlzcGxheVRleHRcJnF1b3Q7OlwmcXVvdDtcJnF1b3Q7LFwmcXVvdDtJZFwmcXVvdDs6XCZxdW90O1EwMDJcJnF1b3Q7LFwmcXVvdDtWYWxpZGF0aW9uc1wmcXVvdDs6bnVsbCxcJnF1b3Q7QW5zd2Vyc1wmcXVvdDs6bnVsbCxcJnF1b3Q7U2VjdGlvblwmcXVvdDs6e1wmcXVvdDskaWRcJnF1b3Q7OlwmcXVvdDs2XCZxdW90OyxcJnF1b3Q7SWRcJnF1b3Q7Om51bGwsXCZxdW90O05hbWVcJnF1b3Q7OlwmcXVvdDtcJnF1b3Q7LFwmcXVvdDtTb3J0T3JkZXJcJnF1b3Q7OjAsXCZxdW90O0lzUGVyU2FtcGxlXCZxdW90OzpmYWxzZX0sXCZxdW90O1F1ZXN0aW9uVGV4dFwmcXVvdDs6XCZxdW90O1F1ZXN0aW9uMlwmcXVvdDssXCZxdW90O0lucHV0VHlwZUVudW1cJnF1b3Q7OjYsXCZxdW90O1F1ZXN0aW9uTWFwcGluZ1wmcXVvdDs6MixcJnF1b3Q7UmVDYWxjdWxhdGVQcmljZVwmcXVvdDs6ZmFsc2V9LFwmcXVvdDtBbnN3ZXJTdHJpbmdcJnF1b3Q7OlwmcXVvdDstLVNlbGVjdC0tXCZxdW90OyxcJnF1b3Q7QW5zd2VyT3B0aW9uc1wmcXVvdDs6bnVsbCxcJnF1b3Q7QW5zd2VySWRcJnF1b3Q7OlwmcXVvdDswXCZxdW90O31dJnF1b3Q7LCZxdW90O0JhdGNoVmFsdWUmcXVvdDs6MCwmcXVvdDtQcm9kdWN0VHlwZURlc2NyaXB0aW9uJnF1b3Q7OiZxdW90O1tTSVRdIC0gW0FudGliaW90aWNzXS1bQmF0Y2hWYWx1ZV0mcXVvdDssJnF1b3Q7UHJpY2UmcXVvdDs6JnF1b3Q7OTkwLDAwIOKCrCZxdW90O30iIFJlY29yZGVkVmFsdWU9IiIgQ29ycmVsYXRpb25CaW5kaW5nPSIiIFVybEVuY29kZT0iVHJ1ZSIgLz4NCiAgICAgICAgICAgIDxGb3JtUG9zdFBhcmFtZXRlciBOYW1lPSJjdGwwMCRjdGwwMCRjdGwwMCRDb250ZW50UGxhY2VIb2xkZXJEZWZhdWx0JE1hc3RlclBsYWNlaG9sZGVyJE9yZGVyaW5nV2l6YXJkQ29udGFpbmVyXzUkY2NPcmRlcmluZ1dpemFyZCRBZ2FyUGxhdGUkdWNTdGVwMSRxdWFudGl0eVNlbGVjdGVkVmFsdWUiIFZhbHVlPSIiIFJlY29yZGVkVmFsdWU9IiIgQ29ycmVsYXRpb25CaW5kaW5nPSIiIFVybEVuY29kZT0iVHJ1ZSIgLz4NCiAgICAgICAgICAgIDxGb3JtUG9zdFBhcmFtZXRlciBOYW1lPSJjdGwwMCRjdGwwMCRjdGwwMCRDb250ZW50UGxhY2VIb2xkZXJEZWZhdWx0JE1hc3RlclBsYWNlaG9sZGVyJE9yZGVyaW5nV2l6YXJkQ29udGFpbmVyXzUkY2NPcmRlcmluZ1dpemFyZCRBZ2FyUGxhdGUkdWNTdGVwMSRoZG5TY3JlZW5BcmVhIiBWYWx1ZT0iIiBSZWNvcmRlZFZhbHVlPSIiIENvcnJlbGF0aW9uQmluZGluZz0iIiBVcmxFbmNvZGU9IlRydWUiIC8+DQogICAgICAgICAgICA8Rm9ybVBvc3RQYXJhbWV0ZXIgTmFtZT0iY3RsMDAkY3RsMDAkY3RsMDAkQ29udGVudFBsYWNlSG9sZGVyRGVmYXVsdCRNYXN0ZXJQbGFjZWhvbGRlciRPcmRlcmluZ1dpemFyZENvbnRhaW5lcl81JGNjT3JkZXJpbmdXaXphcmQkQWdhclBsYXRlJGhkblNjcmVlbkFyZWEiIFZhbHVlPSIiIFJlY29yZGVkVmFsdWU9IiIgQ29ycmVsYXRpb25CaW5kaW5nPSIiIFVybEVuY29kZT0iVHJ1ZSIgLz4NCiAgICAgICAgICAgIDxGb3JtUG9zdFBhcmFtZXRlciBOYW1lPSJjdGwwMCRjdGwwMCRjdGwwMCRDb250ZW50UGxhY2VIb2xkZXJEZWZhdWx0JE1hc3RlclBsYWNlaG9sZGVyJE9yZGVyaW5nV2l6YXJkQ29udGFpbmVyXzUkY2NPcmRlcmluZ1dpemFyZCRoZG5TY3JlZW5BcmVhIiBWYWx1ZT0iIiBSZWNvcmRlZFZhbHVlPSIiIENvcnJlbGF0aW9uQmluZGluZz0iIiBVcmxFbmNvZGU9IlRydWUiIC8+DQogICAgICAgICAgICA8Rm9ybVBvc3RQYXJhbWV0ZXIgTmFtZT0iY3RsMDAkY3RsMDAkY3RsMDAkQ29udGVudFBsYWNlSG9sZGVyRGVmYXVsdCRNYXN0ZXJQbGFjZWhvbGRlciRPcmRlcmluZ1dpemFyZENvbnRhaW5lcl81JGhkblNjcmVlbkFyZWEiIFZhbHVlPSIiIFJlY29yZGVkVmFsdWU9IiIgQ29ycmVsYXRpb25CaW5kaW5nPSIiIFVybEVuY29kZT0iVHJ1ZSIgLz4NCiAgICAgICAgICAgIDxGb3JtUG9zdFBhcmFtZXRlciBOYW1lPSJjdGwwMCRjdGwwMCRjdGwwMCRDb250ZW50UGxhY2VIb2xkZXJEZWZhdWx0JE1hc3RlclBsYWNlaG9sZGVyJE9yZGVyaW5nV2l6YXJkQ29udGFpbmVyXzYkaGRuU2NyZWVuQXJlYSIgVmFsdWU9IiIgUmVjb3JkZWRWYWx1ZT0iIiBDb3JyZWxhdGlvbkJpbmRpbmc9IiIgVXJsRW5jb2RlPSJUcnVlIiAvPg0KICAgICAgICAgICAgPEZvcm1Qb3N0UGFyYW1ldGVyIE5hbWU9ImN0bDAwJGN0bDAwJGN0bDAwJENvbnRlbnRQbGFjZUhvbGRlckRlZmF1bHQkTWFzdGVyUGxhY2Vob2xkZXIkT3JkZXJpbmdXaXphcmRDb250YWluZXJfNyRjY09yZGVyaW5nV2l6YXJkJGhkbkN1cnJlbnRXaXphcmRTdGVwIiBWYWx1ZT0iMSIgUmVjb3JkZWRWYWx1ZT0iIiBDb3JyZWxhdGlvbkJpbmRpbmc9IiIgVXJsRW5jb2RlPSJUcnVlIiAvPg0KICAgICAgICAgICAgPEZvcm1Qb3N0UGFyYW1ldGVyIE5hbWU9ImN0bDAwJGN0bDAwJGN0bDAwJENvbnRlbnRQbGFjZUhvbGRlckRlZmF1bHQkTWFzdGVyUGxhY2Vob2xkZXIkT3JkZXJpbmdXaXphcmRDb250YWluZXJfNyRjY09yZGVyaW5nV2l6YXJkJFNtYXJ0U2VxS2l0JGhkbkN1cnJlbnRXaXphcmRTdGVwTnVtYmVyIiBWYWx1ZT0iMSIgUmVjb3JkZWRWYWx1ZT0iIiBDb3JyZWxhdGlvbkJpbmRpbmc9IiIgVXJsRW5jb2RlPSJUcnVlIiAvPg0KICAgICAgICAgICAgPEZvcm1Qb3N0UGFyYW1ldGVyIE5hbWU9ImN0bDAwJGN0bDAwJGN0bDAwJENvbnRlbnRQbGFjZUhvbGRlckRlZmF1bHQkTWFzdGVyUGxhY2Vob2xkZXIkT3JkZXJpbmdXaXphcmRDb250YWluZXJfNyRjY09yZGVyaW5nV2l6YXJkJFNtYXJ0U2VxS2l0JHVjU3RlcDEkRWNvbVZhbGlkYXRpb25TdW1tYXJ5JGhkblZhbGlkYXRpb25SZXN1bHQiIFZhbHVlPSIiIFJlY29yZGVkVmFsdWU9IiIgQ29ycmVsYXRpb25CaW5kaW5nPSIiIFVybEVuY29kZT0iVHJ1ZSIgLz4NCiAgICAgICAgICAgIDxGb3JtUG9zdFBhcmFtZXRlciBOYW1lPSJjdGwwMCRjdGwwMCRjdGwwMCRDb250ZW50UGxhY2VIb2xkZXJEZWZhdWx0JE1hc3RlclBsYWNlaG9sZGVyJE9yZGVyaW5nV2l6YXJkQ29udGFpbmVyXzckY2NPcmRlcmluZ1dpemFyZCRTbWFydFNlcUtpdCR1Y1N0ZXAxJGRkbFF1YW50aXR5IiBWYWx1ZT0iMSIgUmVjb3JkZWRWYWx1ZT0iIiBDb3JyZWxhdGlvbkJpbmRpbmc9IiIgVXJsRW5jb2RlPSJUcnVlIiAvPg0KICAgICAgICAgICAgPEZvcm1Qb3N0UGFyYW1ldGVyIE5hbWU9ImN0bDAwJGN0bDAwJGN0bDAwJENvbnRlbnRQbGFjZUhvbGRlckRlZmF1bHQkTWFzdGVyUGxhY2Vob2xkZXIkT3JkZXJpbmdXaXphcmRDb250YWluZXJfNyRjY09yZGVyaW5nV2l6YXJkJFNtYXJ0U2VxS2l0JHVjU3RlcDEkdWNEaXNwbGF5UXVlc3Rpb25haXJlMSR2c1NpbXBsZVNlYXJjaCRoZG5WYWxpZGF0aW9uUmVzdWx0IiBWYWx1ZT0iIiBSZWNvcmRlZFZhbHVlPSIiIENvcnJlbGF0aW9uQmluZGluZz0iIiBVcmxFbmNvZGU9IlRydWUiIC8+DQogICAgICAgICAgICA8Rm9ybVBvc3RQYXJhbWV0ZXIgTmFtZT0iY3RsMDAkY3RsMDAkY3RsMDAkQ29udGVudFBsYWNlSG9sZGVyRGVmYXVsdCRNYXN0ZXJQbGFjZWhvbGRlciRPcmRlcmluZ1dpemFyZENvbnRhaW5lcl83JGNjT3JkZXJpbmdXaXphcmQkU21hcnRTZXFLaXQkdWNTdGVwMSR1Y0Rpc3BsYXlRdWVzdGlvbmFpcmUxJGhkblNjcmVlbkFyZWEiIFZhbHVlPSIiIFJlY29yZGVkVmFsdWU9IiIgQ29ycmVsYXRpb25CaW5kaW5nPSIiIFVybEVuY29kZT0iVHJ1ZSIgLz4NCiAgICAgICAgICAgIDxGb3JtUG9zdFBhcmFtZXRlciBOYW1lPSJjdGwwMCRjdGwwMCRjdGwwMCRDb250ZW50UGxhY2VIb2xkZXJEZWZhdWx0JE1hc3RlclBsYWNlaG9sZGVyJE9yZGVyaW5nV2l6YXJkQ29udGFpbmVyXzckY2NPcmRlcmluZ1dpemFyZCRTbWFydFNlcUtpdCR1Y1N0ZXAxJGJ0bkFkZFRvQ2FydCIgVmFsdWU9IkFkZCB0byBDYXJ0IiBSZWNvcmRlZFZhbHVlPSIiIENvcnJlbGF0aW9uQmluZGluZz0iIiBVcmxFbmNvZGU9IlRydWUiIC8+DQogICAgICAgICAgICA8Rm9ybVBvc3RQYXJhbWV0ZXIgTmFtZT0iY3RsMDAkY3RsMDAkY3RsMDAkQ29udGVudFBsYWNlSG9sZGVyRGVmYXVsdCRNYXN0ZXJQbGFjZWhvbGRlciRPcmRlcmluZ1dpemFyZENvbnRhaW5lcl83JGNjT3JkZXJpbmdXaXphcmQkU21hcnRTZXFLaXQkdWNTdGVwMSRoZG5xdWlja09yZGVyVm0iIFZhbHVlPSJ7JnF1b3Q7UXVhbnRpdHkmcXVvdDs6MSwmcXVvdDtTZWxlY3RlZFVzZXJBbnN3ZXJzJnF1b3Q7OiZxdW90O1tdJnF1b3Q7LCZxdW90O0JhdGNoVmFsdWUmcXVvdDs6MCwmcXVvdDtQcm9kdWN0VHlwZURlc2NyaXB0aW9uJnF1b3Q7OiZxdW90O1tTSVRdJnF1b3Q7LCZxdW90O1ByaWNlJnF1b3Q7OiZxdW90OzU2NSwwMCDigqwmcXVvdDt9IiBSZWNvcmRlZFZhbHVlPSIiIENvcnJlbGF0aW9uQmluZGluZz0iIiBVcmxFbmNvZGU9IlRydWUiIC8+DQogICAgICAgICAgICA8Rm9ybVBvc3RQYXJhbWV0ZXIgTmFtZT0iY3RsMDAkY3RsMDAkY3RsMDAkQ29udGVudFBsYWNlSG9sZGVyRGVmYXVsdCRNYXN0ZXJQbGFjZWhvbGRlciRPcmRlcmluZ1dpemFyZENvbnRhaW5lcl83JGNjT3JkZXJpbmdXaXphcmQkU21hcnRTZXFLaXQkdWNTdGVwMSRxdWFudGl0eVNlbGVjdGVkVmFsdWUiIFZhbHVlPSIiIFJlY29yZGVkVmFsdWU9IiIgQ29ycmVsYXRpb25CaW5kaW5nPSIiIFVybEVuY29kZT0iVHJ1ZSIgLz4NCiAgICAgICAgICAgIDxGb3JtUG9zdFBhcmFtZXRlciBOYW1lPSJjdGwwMCRjdGwwMCRjdGwwMCRDb250ZW50UGxhY2VIb2xkZXJEZWZhdWx0JE1hc3RlclBsYWNlaG9sZGVyJE9yZGVyaW5nV2l6YXJkQ29udGFpbmVyXzckY2NPcmRlcmluZ1dpemFyZCRTbWFydFNlcUtpdCR1Y1N0ZXAxJGhkblNjcmVlbkFyZWEiIFZhbHVlPSIiIFJlY29yZGVkVmFsdWU9IiIgQ29ycmVsYXRpb25CaW5kaW5nPSIiIFVybEVuY29kZT0iVHJ1ZSIgLz4NCiAgICAgICAgICAgIDxGb3JtUG9zdFBhcmFtZXRlciBOYW1lPSJjdGwwMCRjdGwwMCRjdGwwMCRDb250ZW50UGxhY2VIb2xkZXJEZWZhdWx0JE1hc3RlclBsYWNlaG9sZGVyJE9yZGVyaW5nV2l6YXJkQ29udGFpbmVyXzckY2NPcmRlcmluZ1dpemFyZCRTbWFydFNlcUtpdCRoZG5TY3JlZW5BcmVhIiBWYWx1ZT0iIiBSZWNvcmRlZFZhbHVlPSIiIENvcnJlbGF0aW9uQmluZGluZz0iIiBVcmxFbmNvZGU9IlRydWUiIC8+DQogICAgICAgICAgICA8Rm9ybVBvc3RQYXJhbWV0ZXIgTmFtZT0iY3RsMDAkY3RsMDAkY3RsMDAkQ29udGVudFBsYWNlSG9sZGVyRGVmYXVsdCRNYXN0ZXJQbGFjZWhvbGRlciRPcmRlcmluZ1dpemFyZENvbnRhaW5lcl83JGNjT3JkZXJpbmdXaXphcmQkaGRuU2NyZWVuQXJlYSIgVmFsdWU9IiIgUmVjb3JkZWRWYWx1ZT0iIiBDb3JyZWxhdGlvbkJpbmRpbmc9IiIgVXJsRW5jb2RlPSJUcnVlIiAvPg0KICAgICAgICAgICAgPEZvcm1Qb3N0UGFyYW1ldGVyIE5hbWU9ImN0bDAwJGN0bDAwJGN0bDAwJENvbnRlbnRQbGFjZUhvbGRlckRlZmF1bHQkTWFzdGVyUGxhY2Vob2xkZXIkT3JkZXJpbmdXaXphcmRDb250YWluZXJfNyRoZG5TY3JlZW5BcmVhIiBWYWx1ZT0iIiBSZWNvcmRlZFZhbHVlPSIiIENvcnJlbGF0aW9uQmluZGluZz0iIiBVcmxFbmNvZGU9IlRydWUiIC8+DQogICAgICAgICAgICA8Rm9ybVBvc3RQYXJhbWV0ZXIgTmFtZT0iY3RsMDAkY3RsMDAkY3RsMDAkQ29udGVudFBsYWNlSG9sZGVyRGVmYXVsdCRoZG5DYW5Jbml0aWFsaXplQ3VsdHVyZSIgVmFsdWU9ImZhbHNlIiBSZWNvcmRlZFZhbHVlPSIiIENvcnJlbGF0aW9uQmluZGluZz0iIiBVcmxFbmNvZGU9IlRydWUiIC8+DQogICAgICAgICAgICA8Rm9ybVBvc3RQYXJhbWV0ZXIgTmFtZT0iY3RsMDAkY3RsMDAkY3RsMDAkQ29udGVudFBsYWNlSG9sZGVyRGVmYXVsdCRoZG5FY29tRHJhZ0Ryb3BKc29uIiBWYWx1ZT0iIiBSZWNvcmRlZFZhbHVlPSIiIENvcnJlbGF0aW9uQmluZGluZz0iIiBVcmxFbmNvZGU9IlRydWUiIC8+DQogICAgICAgICAgICA8Rm9ybVBvc3RQYXJhbWV0ZXIgTmFtZT0iY3RsMDAkY3RsMDAkY3RsMDAkQ29udGVudFBsYWNlSG9sZGVyRGVmYXVsdCRoZG5DdXJyZW50UGFnZUlkZW50aXR5IiBWYWx1ZT0iMTI3NCIgUmVjb3JkZWRWYWx1ZT0iIiBDb3JyZWxhdGlvbkJpbmRpbmc9IiIgVXJsRW5jb2RlPSJUcnVlIiAvPg0KICAgICAgICAgICAgPEZvcm1Qb3N0UGFyYW1ldGVyIE5hbWU9ImN0bDAwJGN0bDAwJGN0bDAwJENvbnRlbnRQbGFjZUhvbGRlckRlZmF1bHQkaGRuU2Nyb2xsWVBvc2l0aW9uIiBWYWx1ZT0iMCIgUmVjb3JkZWRWYWx1ZT0iIiBDb3JyZWxhdGlvbkJpbmRpbmc9IiIgVXJsRW5jb2RlPSJUcnVlIiAvPg0KICAgICAgICAgICAgPEZvcm1Qb3N0UGFyYW1ldGVyIE5hbWU9Il9fVklFV1NUQVRFR0VORVJBVE9SIiBWYWx1ZT0iQ0EwQjAzMzQiIFJlY29yZGVkVmFsdWU9IiIgQ29ycmVsYXRpb25CaW5kaW5nPSIiIFVybEVuY29kZT0iVHJ1ZSIgLz4NCiAgICAgICAgICA8L0Zvcm1Qb3N0SHR0cEJvZHk+DQogICAgICAgIDwvUmVxdWVzdD4NCiAgICAgICAgPFJlcXVlc3QgTWV0aG9kPSJHRVQiIEd1aWQ9IjI3OWJlMzhhLTE0NDItNDBlNi1hYTAzLTQ4OTJhMTFkM2NiNCIgVmVyc2lvbj0iMS4xIiBVcmw9Imh0dHA6Ly9pbjAxYXB2MTE6ODEvU2NyaXB0UmVzb3VyY2UuYXhkIiBUaGlua1RpbWU9IjAiIFRpbWVvdXQ9IjYwIiBQYXJzZURlcGVuZGVudFJlcXVlc3RzPSJUcnVlIiBGb2xsb3dSZWRpcmVjdHM9IlRydWUiIFJlY29yZFJlc3VsdD0iVHJ1ZSIgQ2FjaGU9IkZhbHNlIiBSZXNwb25zZVRpbWVHb2FsPSIwIiBFbmNvZGluZz0idXRmLTgiIEV4cGVjdGVkSHR0cFN0YXR1c0NvZGU9IjAiIEV4cGVjdGVkUmVzcG9uc2VVcmw9IiIgUmVwb3J0aW5nTmFtZT0iIiBJZ25vcmVIdHRwU3RhdHVzQ29kZT0iRmFsc2UiPg0KICAgICAgICAgIDxRdWVyeVN0cmluZ1BhcmFtZXRlcnM+DQogICAgICAgICAgICA8UXVlcnlTdHJpbmdQYXJhbWV0ZXIgTmFtZT0iZCIgVmFsdWU9IkJwajdhWUowMlNENmJkeUNrT1J3VXZjNmZiWlFlUGktbHo3eDFKMEpBT3M5QUFRcGgtaVNLNmhCc1oyME9DQnhKOUNIX0VIMXB6VVhoN3AwR094dGNRZVNNY2dEZjhlZmRNRFFNVVRUS2JEMGNyMm5sMWhveGVMMDhXNFhRWEpEd1dKS29rMGtuTG8tSkFoY05zbWhnUFYzakwxXzVDUkhCaUxYS1R3Ml9DdEtsVTdKZmxMNnBacUlwX0xyQTRObzAiIFJlY29yZGVkVmFsdWU9IiIgQ29ycmVsYXRpb25CaW5kaW5nPSIiIFVybEVuY29kZT0iVHJ1ZSIgVXNlVG9Hcm91cFJlc3VsdHM9IkZhbHNlIiAvPg0KICAgICAgICAgICAgPFF1ZXJ5U3RyaW5nUGFyYW1ldGVyIE5hbWU9InQiIFZhbHVlPSI1YmU4NmFlZiIgUmVjb3JkZWRWYWx1ZT0iIiBDb3JyZWxhdGlvbkJpbmRpbmc9IiIgVXJsRW5jb2RlPSJUcnVlIiBVc2VUb0dyb3VwUmVzdWx0cz0iRmFsc2UiIC8+DQogICAgICAgICAgPC9RdWVyeVN0cmluZ1BhcmFtZXRlcnM+DQogICAgICAgIDwvUmVxdWVzdD4NCiAgICAgICAgPFJlcXVlc3QgTWV0aG9kPSJHRVQiIEd1aWQ9IjFhOTUxMWMyLWQ0NWItNDNjNS04MTEwLWU1MWFjNTJlMzIzZiIgVmVyc2lvbj0iMS4xIiBVcmw9Imh0dHA6Ly9pbjAxYXB2MTE6ODEvU2NyaXB0UmVzb3VyY2UuYXhkIiBUaGlua1RpbWU9IjAiIFRpbWVvdXQ9IjYwIiBQYXJzZURlcGVuZGVudFJlcXVlc3RzPSJUcnVlIiBGb2xsb3dSZWRpcmVjdHM9IlRydWUiIFJlY29yZFJlc3VsdD0iVHJ1ZSIgQ2FjaGU9IkZhbHNlIiBSZXNwb25zZVRpbWVHb2FsPSIwIiBFbmNvZGluZz0idXRmLTgiIEV4cGVjdGVkSHR0cFN0YXR1c0NvZGU9IjAiIEV4cGVjdGVkUmVzcG9uc2VVcmw9IiIgUmVwb3J0aW5nTmFtZT0iIiBJZ25vcmVIdHRwU3RhdHVzQ29kZT0iRmFsc2UiPg0KICAgICAgICAgIDxRdWVyeVN0cmluZ1BhcmFtZXRlcnM+DQogICAgICAgICAgICA8UXVlcnlTdHJpbmdQYXJhbWV0ZXIgTmFtZT0iZCIgVmFsdWU9ImNFaF9rZ1lUTjhXSERzZWFzSklfM1NlaW5uM3o4ejBHYllCWkw0OWJjeGlUWk5JZW9jVUdEWWhUclhaUWp3YmNRMlllaDJ3SG9MUWxsUWE4VEtBU3ZaeW0wSjFxa1Q4UFRFekZWQ1lCZ2l5RDlNQ0xudmdKS25pZnNlMEVwWFJNY1M2Vjc3N1pldEsta09rQUZ0ZlBJT2xteXZQTE04Qlh2TWdtS2NaVDhjYzBGc0hsdVZYUlVvSkFTdE9nYlNaQUpEWkZjZEpLMTVFQWxrTmMwUDJDN1EyIiBSZWNvcmRlZFZhbHVlPSIiIENvcnJlbGF0aW9uQmluZGluZz0iIiBVcmxFbmNvZGU9IlRydWUiIFVzZVRvR3JvdXBSZXN1bHRzPSJGYWxzZSIgLz4NCiAgICAgICAgICAgIDxRdWVyeVN0cmluZ1BhcmFtZXRlciBOYW1lPSJ0IiBWYWx1ZT0iNWJlODZhZWYiIFJlY29yZGVkVmFsdWU9IiIgQ29ycmVsYXRpb25CaW5kaW5nPSIiIFVybEVuY29kZT0iVHJ1ZSIgVXNlVG9Hcm91cFJlc3VsdHM9IkZhbHNlIiAvPg0KICAgICAgICAgIDwvUXVlcnlTdHJpbmdQYXJhbWV0ZXJzPg0KICAgICAgICA8L1JlcXVlc3Q+DQogICAgICAgIDxSZXF1ZXN0IE1ldGhvZD0iR0VUIiBHdWlkPSJmYTkxMTY4Mi0xYmRlLTRkNzMtYmQ0NC01YTYzMjQ5ODk3MDkiIFZlcnNpb249IjEuMSIgVXJsPSJodHRwOi8vaW4wMWFwdjExOjgxL1NjcmlwdFJlc291cmNlLmF4ZCIgVGhpbmtUaW1lPSIwIiBUaW1lb3V0PSI2MCIgUGFyc2VEZXBlbmRlbnRSZXF1ZXN0cz0iVHJ1ZSIgRm9sbG93UmVkaXJlY3RzPSJUcnVlIiBSZWNvcmRSZXN1bHQ9IlRydWUiIENhY2hlPSJGYWxzZSIgUmVzcG9uc2VUaW1lR29hbD0iMCIgRW5jb2Rpbmc9InV0Zi04IiBFeHBlY3RlZEh0dHBTdGF0dXNDb2RlPSIwIiBFeHBlY3RlZFJlc3BvbnNlVXJsPSIiIFJlcG9ydGluZ05hbWU9IiIgSWdub3JlSHR0cFN0YXR1c0NvZGU9IkZhbHNlIj4NCiAgICAgICAgICA8UXVlcnlTdHJpbmdQYXJhbWV0ZXJzPg0KICAgICAgICAgICAgPFF1ZXJ5U3RyaW5nUGFyYW1ldGVyIE5hbWU9ImQiIFZhbHVlPSJSc2RjS0x6Mm9qRG8ycjFJeWZ6ZWszY3FTMWI5eVA1RWl4WVJ2RC1xUDZhN2tscGd4VGE2WW1FeEthZ2l5UEN0czlpUzdCeXo5Ry1lRkhlalpnZXJ1NUN0aHFoT2R4X2I4bUJTandpSFp4VDdDWFRONndxdXp4NTN3d0RRanh3NExvZ0RhX09laEdIbHFzOUdiUVdMSm9GOHQ4ZHEtTWVGZnJqbWZjTkVMYVdrajhUVXpOWmlWcTdabDdGRVJJRXlxSkM2dE9SN0M2U1cwOG5BOWUwVVFnMiIgUmVjb3JkZWRWYWx1ZT0iIiBDb3JyZWxhdGlvbkJpbmRpbmc9IiIgVXJsRW5jb2RlPSJUcnVlIiBVc2VUb0dyb3VwUmVzdWx0cz0iRmFsc2UiIC8+DQogICAgICAgICAgICA8UXVlcnlTdHJpbmdQYXJhbWV0ZXIgTmFtZT0idCIgVmFsdWU9IjViZTg2YWVmIiBSZWNvcmRlZFZhbHVlPSIiIENvcnJlbGF0aW9uQmluZGluZz0iIiBVcmxFbmNvZGU9IlRydWUiIFVzZVRvR3JvdXBSZXN1bHRzPSJGYWxzZSIgLz4NCiAgICAgICAgICA8L1F1ZXJ5U3RyaW5nUGFyYW1ldGVycz4NCiAgICAgICAgPC9SZXF1ZXN0Pg0KICAgICAgPC9JdGVtcz4NCiAgICA8L1RyYW5zYWN0aW9uVGltZXI+DQogICAgPFRyYW5zYWN0aW9uVGltZXIgTmFtZT0iQ2xpY2sgb24gY2hlY2tvdXQiPg0KICAgICAgPEl0ZW1zPg0KICAgICAgICA8UmVxdWVzdCBNZXRob2Q9IlBPU1QiIEd1aWQ9IjgzOTQwYzcwLTA0OTYtNDgwNS04OTcxLThiZWJiN2Q4MzA2OSIgVmVyc2lvbj0iMS4xIiBVcmw9Imh0dHA6Ly9pbjAxYXB2MTE6ODEvYXBpL0NvbW1vbkFwaS9WYWxpZGF0ZUl0ZW1zVG9DaGVja091dE9yUXVvdGUiIFRoaW5rVGltZT0iMCIgVGltZW91dD0iNjAiIFBhcnNlRGVwZW5kZW50UmVxdWVzdHM9IlRydWUiIEZvbGxvd1JlZGlyZWN0cz0iVHJ1ZSIgUmVjb3JkUmVzdWx0PSJUcnVlIiBDYWNoZT0iRmFsc2UiIFJlc3BvbnNlVGltZUdvYWw9IjAiIEVuY29kaW5nPSJ1dGYtOCIgRXhwZWN0ZWRIdHRwU3RhdHVzQ29kZT0iMCIgRXhwZWN0ZWRSZXNwb25zZVVybD0iIiBSZXBvcnRpbmdOYW1lPSIiIElnbm9yZUh0dHBTdGF0dXNDb2RlPSJGYWxzZSI+DQogICAgICAgICAgPEhlYWRlcnM+DQogICAgICAgICAgICA8SGVhZGVyIE5hbWU9Ik9yaWdpbiIgVmFsdWU9Imh0dHA6Ly9pbjAxYXB2MTE6ODEiIC8+DQogICAgICAgICAgICA8SGVhZGVyIE5hbWU9IlgtUmVxdWVzdGVkLVdpdGgiIFZhbHVlPSJYTUxIdHRwUmVxdWVzdCIgLz4NCiAgICAgICAgICAgIDxIZWFkZXIgTmFtZT0iQ29udGVudC1UeXBlIiBWYWx1ZT0iYXBwbGljYXRpb24vanNvbjsgY2hhcnNldD1VVEYtOCIgLz4NCiAgICAgICAgICA8L0hlYWRlcnM+DQogICAgICAgICAgPFN0cmluZ0h0dHBCb2R5IENvbnRlbnRUeXBlPSJhcHBsaWNhdGlvbi9qc29uOyBjaGFyc2V0PVVURi04IiBJbnNlcnRCeXRlT3JkZXJNYXJrPSJGYWxzZSI+ZXdBaUFFOEFjZ0JrQUdVQWNnQkpBSFFBWlFCdEFFa0FaQUJ6QUNJQU9nQWlBQ0lBTEFBaUFFZ0FZUUJ6QUZNQVpRQnhBRWtBZEFCbEFHMEFjd0FpQURvQVpnQmhBR3dBY3dCbEFDd0FJZ0JJQUdFQWN3QlFBSElBYVFCdEFHVUFjZ0JKQUhRQVpRQnRBSE1BSWdBNkFHWUFZUUJzQUhNQVpRQXNBQ0lBU0FCaEFITUFVd0JoQUcwQVpRQkVBR0VBZVFCUEFHd0FhUUJuQUc4QVNRQjBBR1VBYlFCekFDSUFPZ0JtQUdFQWJBQnpBR1VBZlFBPTwvU3RyaW5nSHR0cEJvZHk+DQogICAgICAgIDwvUmVxdWVzdD4NCiAgICAgICAgPFJlcXVlc3QgTWV0aG9kPSJQT1NUIiBHdWlkPSJjNGE1MGFlYy03NTdkLTQ1M2YtOGFkMS0yNWQzNzI3NDcyNTciIFZlcnNpb249IjEuMSIgVXJsPSJodHRwOi8vaW4wMWFwdjExOjgxL2VuL2NhcnQuYXNweCIgVGhpbmtUaW1lPSIwIiBUaW1lb3V0PSI2MCIgUGFyc2VEZXBlbmRlbnRSZXF1ZXN0cz0iVHJ1ZSIgRm9sbG93UmVkaXJlY3RzPSJUcnVlIiBSZWNvcmRSZXN1bHQ9IlRydWUiIENhY2hlPSJGYWxzZSIgUmVzcG9uc2VUaW1lR29hbD0iMCIgRW5jb2Rpbmc9InV0Zi04IiBFeHBlY3RlZEh0dHBTdGF0dXNDb2RlPSIwIiBFeHBlY3RlZFJlc3BvbnNlVXJsPSIiIFJlcG9ydGluZ05hbWU9IiIgSWdub3JlSHR0cFN0YXR1c0NvZGU9IkZhbHNlIj4NCiAgICAgICAgICA8SGVhZGVycz4NCiAgICAgICAgICAgIDxIZWFkZXIgTmFtZT0iT3JpZ2luIiBWYWx1ZT0iaHR0cDovL2luMDFhcHYxMTo4MSIgLz4NCiAgICAgICAgICAgIDxIZWFkZXIgTmFtZT0iWC1SZXF1ZXN0ZWQtV2l0aCIgVmFsdWU9IlhNTEh0dHBSZXF1ZXN0IiAvPg0KICAgICAgICAgICAgPEhlYWRlciBOYW1lPSJYLU1pY3Jvc29mdEFqYXgiIFZhbHVlPSJEZWx0YT10cnVlIiAvPg0KICAgICAgICAgICAgPEhlYWRlciBOYW1lPSJDb250ZW50LVR5cGUiIFZhbHVlPSJhcHBsaWNhdGlvbi94LXd3dy1mb3JtLXVybGVuY29kZWQ7IGNoYXJzZXQ9VVRGLTgiIC8+DQogICAgICAgICAgPC9IZWFkZXJzPg0KICAgICAgICAgIDxGb3JtUG9zdEh0dHBCb2R5Pg0KICAgICAgICAgICAgPEZvcm1Qb3N0UGFyYW1ldGVyIE5hbWU9ImN0bDAwJGN0bDAwJGN0bDAwJENvbnRlbnRQbGFjZUhvbGRlckRlZmF1bHQkbWFpblNjcmlwdE1hbmdlciIgVmFsdWU9ImN0bDAwJGN0bDAwJGN0bDAwJENvbnRlbnRQbGFjZUhvbGRlckRlZmF1bHQkTWFzdGVyUGxhY2Vob2xkZXIkU2hvcHBpbmdDYXJ0Q29udGVudF81JHVjQ2FydENoZWNrT3V0JHVkcENhcnRDaGVja091dHxjdGwwMCRjdGwwMCRjdGwwMCRDb250ZW50UGxhY2VIb2xkZXJEZWZhdWx0JE1hc3RlclBsYWNlaG9sZGVyJFNob3BwaW5nQ2FydENvbnRlbnRfNSR1Y0NhcnRDaGVja091dCRidG5DaGVja291dCIgUmVjb3JkZWRWYWx1ZT0iIiBDb3JyZWxhdGlvbkJpbmRpbmc9IiIgVXJsRW5jb2RlPSJUcnVlIiAvPg0KICAgICAgICAgICAgPEZvcm1Qb3N0UGFyYW1ldGVyIE5hbWU9Il9fRVZFTlRUQVJHRVQiIFZhbHVlPSJjdGwwMCRjdGwwMCRjdGwwMCRDb250ZW50UGxhY2VIb2xkZXJEZWZhdWx0JE1hc3RlclBsYWNlaG9sZGVyJFNob3BwaW5nQ2FydENvbnRlbnRfNSR1Y0NhcnRDaGVja091dCRidG5DaGVja291dCIgUmVjb3JkZWRWYWx1ZT0iIiBDb3JyZWxhdGlvbkJpbmRpbmc9IiIgVXJsRW5jb2RlPSJUcnVlIiAvPg0KICAgICAgICAgICAgPEZvcm1Qb3N0UGFyYW1ldGVyIE5hbWU9Il9fRVZFTlRBUkdVTUVOVCIgVmFsdWU9InVuZGVmaW5lZCIgUmVjb3JkZWRWYWx1ZT0iIiBDb3JyZWxhdGlvbkJpbmRpbmc9IiIgVXJsRW5jb2RlPSJUcnVlIiAvPg0KICAgICAgICAgICAgPEZvcm1Qb3N0UGFyYW1ldGVyIE5hbWU9Il9fTEFTVEZPQ1VTIiBWYWx1ZT0iIiBSZWNvcmRlZFZhbHVlPSIiIENvcnJlbGF0aW9uQmluZGluZz0iIiBVcmxFbmNvZGU9IlRydWUiIC8+DQogICAgICAgICAgICA8Rm9ybVBvc3RQYXJhbWV0ZXIgTmFtZT0iX19WSUVXU1RBVEUiIFZhbHVlPSJ7eyRISURERU4yLl9fVklFV1NUQVRFfX0iIFJlY29yZGVkVmFsdWU9IiIgQ29ycmVsYXRpb25CaW5kaW5nPSIiIFVybEVuY29kZT0iVHJ1ZSIgLz4NCiAgICAgICAgICAgIDxGb3JtUG9zdFBhcmFtZXRlciBOYW1lPSJjdGwwMCRjdGwwMCRjdGwwMCRDb250ZW50UGxhY2VIb2xkZXJEZWZhdWx0JFRvcExvZ2dlZEluXzEkaGRuU2NyZWVuQXJlYSIgVmFsdWU9IiIgUmVjb3JkZWRWYWx1ZT0iIiBDb3JyZWxhdGlvbkJpbmRpbmc9IiIgVXJsRW5jb2RlPSJUcnVlIiAvPg0KICAgICAgICAgICAgPEZvcm1Qb3N0UGFyYW1ldGVyIE5hbWU9ImN0bDAwJGN0bDAwJGN0bDAwJENvbnRlbnRQbGFjZUhvbGRlckRlZmF1bHQkQ2FydE92ZXJ2aWV3XzMkaGRuRmllbGRTZWxlY3RlZE9yZGVySXRlbUNoZWNrb3V0U3RhdGVzIiBWYWx1ZT0iIiBSZWNvcmRlZFZhbHVlPSIiIENvcnJlbGF0aW9uQmluZGluZz0iIiBVcmxFbmNvZGU9IlRydWUiIC8+DQogICAgICAgICAgICA8Rm9ybVBvc3RQYXJhbWV0ZXIgTmFtZT0iY3RsMDAkY3RsMDAkY3RsMDAkQ29udGVudFBsYWNlSG9sZGVyRGVmYXVsdCRDYXJ0T3ZlcnZpZXdfMyRoZG5GaWVsZENvbXBsZXRlQ2FydENoZWNrb3V0U3RhdGVFbnVtcyIgVmFsdWU9IiIgUmVjb3JkZWRWYWx1ZT0iIiBDb3JyZWxhdGlvbkJpbmRpbmc9IiIgVXJsRW5jb2RlPSJUcnVlIiAvPg0KICAgICAgICAgICAgPEZvcm1Qb3N0UGFyYW1ldGVyIE5hbWU9ImN0bDAwJGN0bDAwJGN0bDAwJENvbnRlbnRQbGFjZUhvbGRlckRlZmF1bHQkQ2FydE92ZXJ2aWV3XzMkaGRuRmllbGRTZWxlY3RlZEl0ZW1JZHMiIFZhbHVlPSIiIFJlY29yZGVkVmFsdWU9IiIgQ29ycmVsYXRpb25CaW5kaW5nPSIiIFVybEVuY29kZT0iVHJ1ZSIgLz4NCiAgICAgICAgICAgIDxGb3JtUG9zdFBhcmFtZXRlciBOYW1lPSJjdGwwMCRjdGwwMCRjdGwwMCRDb250ZW50UGxhY2VIb2xkZXJEZWZhdWx0JENhcnRPdmVydmlld18zJGhkblNjcmVlbkFyZWEiIFZhbHVlPSIiIFJlY29yZGVkVmFsdWU9IiIgQ29ycmVsYXRpb25CaW5kaW5nPSIiIFVybEVuY29kZT0iVHJ1ZSIgLz4NCiAgICAgICAgICAgIDxGb3JtUG9zdFBhcmFtZXRlciBOYW1lPSJjdGwwMCRjdGwwMCRjdGwwMCRDb250ZW50UGxhY2VIb2xkZXJEZWZhdWx0JE1hc3RlclBsYWNlaG9sZGVyJFNob3BwaW5nQ2FydENvbnRlbnRfNSRHU1kxJGhkblNjcmVlbkFyZWEiIFZhbHVlPSIiIFJlY29yZGVkVmFsdWU9IiIgQ29ycmVsYXRpb25CaW5kaW5nPSIiIFVybEVuY29kZT0iVHJ1ZSIgLz4NCiAgICAgICAgICAgIDxGb3JtUG9zdFBhcmFtZXRlciBOYW1lPSJjdGwwMCRjdGwwMCRjdGwwMCRDb250ZW50UGxhY2VIb2xkZXJEZWZhdWx0JE1hc3RlclBsYWNlaG9sZGVyJFNob3BwaW5nQ2FydENvbnRlbnRfNSRoZG5GaWVsZFNlbGVjdGVkT3JkZXJJdGVtQ2hlY2tvdXRTdGF0ZXMiIFZhbHVlPSJ7JnF1b3Q7U2VsZWN0ZWRPcmRlckl0ZW1DaGVja291dFN0YXRlcyZxdW90OzpbXSwmcXVvdDtTZWxlY3RlZE9yZGVySXRlbURldGFpbHMmcXVvdDs6W10sJnF1b3Q7U291cmNlSXRlbSZxdW90OzpbXSwmcXVvdDtEZXBlbmRlbnRJdGVtcyZxdW90OzpbXX0iIFJlY29yZGVkVmFsdWU9IiIgQ29ycmVsYXRpb25CaW5kaW5nPSIiIFVybEVuY29kZT0iVHJ1ZSIgLz4NCiAgICAgICAgICAgIDxGb3JtUG9zdFBhcmFtZXRlciBOYW1lPSJjdGwwMCRjdGwwMCRjdGwwMCRDb250ZW50UGxhY2VIb2xkZXJEZWZhdWx0JE1hc3RlclBsYWNlaG9sZGVyJFNob3BwaW5nQ2FydENvbnRlbnRfNSRoZG5GaWVsZENvbXBsZXRlQ2FydENoZWNrb3V0U3RhdGVFbnVtcyIgVmFsdWU9IiIgUmVjb3JkZWRWYWx1ZT0iIiBDb3JyZWxhdGlvbkJpbmRpbmc9IiIgVXJsRW5jb2RlPSJUcnVlIiAvPg0KICAgICAgICAgICAgPEZvcm1Qb3N0UGFyYW1ldGVyIE5hbWU9ImN0bDAwJGN0bDAwJGN0bDAwJENvbnRlbnRQbGFjZUhvbGRlckRlZmF1bHQkTWFzdGVyUGxhY2Vob2xkZXIkU2hvcHBpbmdDYXJ0Q29udGVudF81JGhkbkZpZWxkU2VsZWN0ZWRJdGVtSWRzIiBWYWx1ZT0iIiBSZWNvcmRlZFZhbHVlPSIiIENvcnJlbGF0aW9uQmluZGluZz0iIiBVcmxFbmNvZGU9IlRydWUiIC8+DQogICAgICAgICAgICA8Rm9ybVBvc3RQYXJhbWV0ZXIgTmFtZT0iY3RsMDAkY3RsMDAkY3RsMDAkQ29udGVudFBsYWNlSG9sZGVyRGVmYXVsdCRNYXN0ZXJQbGFjZWhvbGRlciRTaG9wcGluZ0NhcnRDb250ZW50XzUkaGRuQ3VycmVudFRhYkNvbXBvbmVudCIgVmFsdWU9In4vdXNlcmNvbnRyb2xzL1Nob3BwaW5nQ2FydC9NeUNhcnQuYXNjeCIgUmVjb3JkZWRWYWx1ZT0iIiBDb3JyZWxhdGlvbkJpbmRpbmc9IiIgVXJsRW5jb2RlPSJUcnVlIiAvPg0KICAgICAgICAgICAgPEZvcm1Qb3N0UGFyYW1ldGVyIE5hbWU9ImN0bDAwJGN0bDAwJGN0bDAwJENvbnRlbnRQbGFjZUhvbGRlckRlZmF1bHQkTWFzdGVyUGxhY2Vob2xkZXIkU2hvcHBpbmdDYXJ0Q29udGVudF81JEhpZGRlbkZpZWxkMSIgVmFsdWU9IiIgUmVjb3JkZWRWYWx1ZT0iIiBDb3JyZWxhdGlvbkJpbmRpbmc9IiIgVXJsRW5jb2RlPSJUcnVlIiAvPg0KICAgICAgICAgICAgPEZvcm1Qb3N0UGFyYW1ldGVyIE5hbWU9ImN0bDAwJGN0bDAwJGN0bDAwJENvbnRlbnRQbGFjZUhvbGRlckRlZmF1bHQkTWFzdGVyUGxhY2Vob2xkZXIkU2hvcHBpbmdDYXJ0Q29udGVudF81JHVjU2hvd0RhdGUkaGRuU2NyZWVuQXJlYSIgVmFsdWU9IiIgUmVjb3JkZWRWYWx1ZT0iIiBDb3JyZWxhdGlvbkJpbmRpbmc9IiIgVXJsRW5jb2RlPSJUcnVlIiAvPg0KICAgICAgICAgICAgPEZvcm1Qb3N0UGFyYW1ldGVyIE5hbWU9ImN0bDAwJGN0bDAwJGN0bDAwJENvbnRlbnRQbGFjZUhvbGRlckRlZmF1bHQkTWFzdGVyUGxhY2Vob2xkZXIkU2hvcHBpbmdDYXJ0Q29udGVudF81JHVjTXlDYXJ0JGhkbkZpZWxkRXhwYW5kZWRCYXRjaE51bWJlciIgVmFsdWU9Ii0xIiBSZWNvcmRlZFZhbHVlPSIiIENvcnJlbGF0aW9uQmluZGluZz0iIiBVcmxFbmNvZGU9IlRydWUiIC8+DQogICAgICAgICAgICA8Rm9ybVBvc3RQYXJhbWV0ZXIgTmFtZT0iY3RsMDAkY3RsMDAkY3RsMDAkQ29udGVudFBsYWNlSG9sZGVyRGVmYXVsdCRNYXN0ZXJQbGFjZWhvbGRlciRTaG9wcGluZ0NhcnRDb250ZW50XzUkdWNNeUNhcnQkaGR1c2VyY2FydFZpZXdQcmVmZXJlbmNlcyIgVmFsdWU9IjAiIFJlY29yZGVkVmFsdWU9IiIgQ29ycmVsYXRpb25CaW5kaW5nPSIiIFVybEVuY29kZT0iVHJ1ZSIgLz4NCiAgICAgICAgICAgIDxGb3JtUG9zdFBhcmFtZXRlciBOYW1lPSJjdGwwMCRjdGwwMCRjdGwwMCRDb250ZW50UGxhY2VIb2xkZXJEZWZhdWx0JE1hc3RlclBsYWNlaG9sZGVyJFNob3BwaW5nQ2FydENvbnRlbnRfNSR1Y015Q2FydCRoZG5GaWVsZFJlc291cmNlQ29sbGVjdGlvbnMiIFZhbHVlPSIiIFJlY29yZGVkVmFsdWU9IiIgQ29ycmVsYXRpb25CaW5kaW5nPSIiIFVybEVuY29kZT0iVHJ1ZSIgLz4NCiAgICAgICAgICAgIDxGb3JtUG9zdFBhcmFtZXRlciBOYW1lPSJjdGwwMCRjdGwwMCRjdGwwMCRDb250ZW50UGxhY2VIb2xkZXJEZWZhdWx0JE1hc3RlclBsYWNlaG9sZGVyJFNob3BwaW5nQ2FydENvbnRlbnRfNSR1Y015Q2FydCRoZG5GaWVsZFNvcnRMaXN0IiBWYWx1ZT0iIiBSZWNvcmRlZFZhbHVlPSIiIENvcnJlbGF0aW9uQmluZGluZz0iIiBVcmxFbmNvZGU9IlRydWUiIC8+DQogICAgICAgICAgICA8Rm9ybVBvc3RQYXJhbWV0ZXIgTmFtZT0iY3RsMDAkY3RsMDAkY3RsMDAkQ29udGVudFBsYWNlSG9sZGVyRGVmYXVsdCRNYXN0ZXJQbGFjZWhvbGRlciRTaG9wcGluZ0NhcnRDb250ZW50XzUkdWNNeUNhcnQkcnB0TXlDYXJ0JGN0bDAwJGhkbkZpZWxkSXRlbURldGFpbHMiIFZhbHVlPSJ7JnF1b3Q7SXNCYXRjaCZxdW90Ozp0cnVlLCZxdW90O0lkJnF1b3Q7OjgxMjIzLCZxdW90O0JhdGNoSWQmcXVvdDs6ODEyMjMsJnF1b3Q7SWRzJnF1b3Q7OlsyNzE5OTksMjcyMDAwXSwmcXVvdDtCdUtleSZxdW90OzomcXVvdDtPbGlnb3MmcXVvdDssJnF1b3Q7QnVOYW1lJnF1b3Q7OiZxdW90O0ROQSAmYW1wOyBSTkEgT2xpZ29udWNsZW90aWRlcyZxdW90O30iIFJlY29yZGVkVmFsdWU9IiIgQ29ycmVsYXRpb25CaW5kaW5nPSIiIFVybEVuY29kZT0iVHJ1ZSIgLz4NCiAgICAgICAgICAgIDxGb3JtUG9zdFBhcmFtZXRlciBOYW1lPSJjdGwwMCRjdGwwMCRjdGwwMCRDb250ZW50UGxhY2VIb2xkZXJEZWZhdWx0JE1hc3RlclBsYWNlaG9sZGVyJFNob3BwaW5nQ2FydENvbnRlbnRfNSR1Y015Q2FydCRycHRNeUNhcnQkY3RsMDAkaGRuQ2F0YWxhb2d1ZUxpbWl0cyIgVmFsdWU9IjAtMC0wLSIgUmVjb3JkZWRWYWx1ZT0iIiBDb3JyZWxhdGlvbkJpbmRpbmc9IiIgVXJsRW5jb2RlPSJUcnVlIiAvPg0KICAgICAgICAgICAgPEZvcm1Qb3N0UGFyYW1ldGVyIE5hbWU9ImN0bDAwJGN0bDAwJGN0bDAwJENvbnRlbnRQbGFjZUhvbGRlckRlZmF1bHQkTWFzdGVyUGxhY2Vob2xkZXIkU2hvcHBpbmdDYXJ0Q29udGVudF81JHVjTXlDYXJ0JHJwdE15Q2FydCRjdGwwMCRoZG5GaWVsZENoZWNrb3V0U3RhdGUiIFZhbHVlPSJPcmRlcmFibGVPbmx5IiBSZWNvcmRlZFZhbHVlPSIiIENvcnJlbGF0aW9uQmluZGluZz0iIiBVcmxFbmNvZGU9IlRydWUiIC8+DQogICAgICAgICAgICA8Rm9ybVBvc3RQYXJhbWV0ZXIgTmFtZT0iY3RsMDAkY3RsMDAkY3RsMDAkQ29udGVudFBsYWNlSG9sZGVyRGVmYXVsdCRNYXN0ZXJQbGFjZWhvbGRlciRTaG9wcGluZ0NhcnRDb250ZW50XzUkdWNNeUNhcnQkcnB0TXlDYXJ0JGN0bDAwJGhkbkZpZWxkQ29tbWVudCIgVmFsdWU9IiIgUmVjb3JkZWRWYWx1ZT0iIiBDb3JyZWxhdGlvbkJpbmRpbmc9IiIgVXJsRW5jb2RlPSJUcnVlIiAvPg0KICAgICAgICAgICAgPEZvcm1Qb3N0UGFyYW1ldGVyIE5hbWU9ImN0bDAwJGN0bDAwJGN0bDAwJENvbnRlbnRQbGFjZUhvbGRlckRlZmF1bHQkTWFzdGVyUGxhY2Vob2xkZXIkU2hvcHBpbmdDYXJ0Q29udGVudF81JHVjTXlDYXJ0JHJwdE15Q2FydCRjdGwwMCRoZG5BbW91bnRSZWZyZXNoIiBWYWx1ZT0iT2xpZ29udWNsZW90aWRlcyxTZW1pQ3VzdG9taXplZFNpbmdsZVN0cmFuZGVkVHViZXMsTUdCUHJvYmUgKDIvMS8yMDE3IDExOjQzIEFNKSIgUmVjb3JkZWRWYWx1ZT0iIiBDb3JyZWxhdGlvbkJpbmRpbmc9IiIgVXJsRW5jb2RlPSJUcnVlIiAvPg0KICAgICAgICAgICAgPEZvcm1Qb3N0UGFyYW1ldGVyIE5hbWU9ImN0bDAwJGN0bDAwJGN0bDAwJENvbnRlbnRQbGFjZUhvbGRlckRlZmF1bHQkTWFzdGVyUGxhY2Vob2xkZXIkU2hvcHBpbmdDYXJ0Q29udGVudF81JHVjTXlDYXJ0JHJwdE15Q2FydCRjdGwwMCRycHRTZXRJdGVtcyRjdGwwMCRoZG5GaWVsZEl0ZW1EZXRhaWxzIiBWYWx1ZT0ieyZxdW90O0lzQmF0Y2gmcXVvdDs6ZmFsc2UsJnF1b3Q7SWQmcXVvdDs6MjcxOTk5LCZxdW90O0JhdGNoSWQmcXVvdDs6ODEyMjMsJnF1b3Q7SWRzJnF1b3Q7Om51bGwsJnF1b3Q7SXNQcmltZXImcXVvdDs6ZmFsc2UsJnF1b3Q7SXNTZXF1ZW5jaW5nSXRlbSZxdW90OzpmYWxzZSwmcXVvdDtJdGVtTmFtZSZxdW90OzomcXVvdDtNR0IxJnF1b3Q7LCZxdW90O0RlcGVuZGVudE9yZGVySXRlbXMmcXVvdDs6bnVsbCwmcXVvdDtDYW5JdEJlU2FtZURheVNlcnZpY2UmcXVvdDs6ZmFsc2UsJnF1b3Q7QnVLZXkmcXVvdDs6JnF1b3Q7T2xpZ29zJnF1b3Q7LCZxdW90O0J1TmFtZSZxdW90OzomcXVvdDtETkEgJmFtcDsgUk5BIE9saWdvbnVjbGVvdGlkZXMmcXVvdDt9IiBSZWNvcmRlZFZhbHVlPSIiIENvcnJlbGF0aW9uQmluZGluZz0iIiBVcmxFbmNvZGU9IlRydWUiIC8+DQogICAgICAgICAgICA8Rm9ybVBvc3RQYXJhbWV0ZXIgTmFtZT0iY3RsMDAkY3RsMDAkY3RsMDAkQ29udGVudFBsYWNlSG9sZGVyRGVmYXVsdCRNYXN0ZXJQbGFjZWhvbGRlciRTaG9wcGluZ0NhcnRDb250ZW50XzUkdWNNeUNhcnQkcnB0TXlDYXJ0JGN0bDAwJHJwdFNldEl0ZW1zJGN0bDAwJGhkbkNhdGFsYW9ndWVMaW1pdHMiIFZhbHVlPSIwLDAsMCIgUmVjb3JkZWRWYWx1ZT0iIiBDb3JyZWxhdGlvbkJpbmRpbmc9IiIgVXJsRW5jb2RlPSJUcnVlIiAvPg0KICAgICAgICAgICAgPEZvcm1Qb3N0UGFyYW1ldGVyIE5hbWU9ImN0bDAwJGN0bDAwJGN0bDAwJENvbnRlbnRQbGFjZUhvbGRlckRlZmF1bHQkTWFzdGVyUGxhY2Vob2xkZXIkU2hvcHBpbmdDYXJ0Q29udGVudF81JHVjTXlDYXJ0JHJwdE15Q2FydCRjdGwwMCRycHRTZXRJdGVtcyRjdGwwMCRoZG5GaWVsZENoZWNrb3V0U3RhdGUiIFZhbHVlPSJPcmRlcmFibGVPbmx5IiBSZWNvcmRlZFZhbHVlPSIiIENvcnJlbGF0aW9uQmluZGluZz0iIiBVcmxFbmNvZGU9IlRydWUiIC8+DQogICAgICAgICAgICA8Rm9ybVBvc3RQYXJhbWV0ZXIgTmFtZT0iY3RsMDAkY3RsMDAkY3RsMDAkQ29udGVudFBsYWNlSG9sZGVyRGVmYXVsdCRNYXN0ZXJQbGFjZWhvbGRlciRTaG9wcGluZ0NhcnRDb250ZW50XzUkdWNNeUNhcnQkcnB0TXlDYXJ0JGN0bDAwJHJwdFNldEl0ZW1zJGN0bDAwJGhkbkZpZWxkQ29tbWVudCIgVmFsdWU9IiIgUmVjb3JkZWRWYWx1ZT0iIiBDb3JyZWxhdGlvbkJpbmRpbmc9IiIgVXJsRW5jb2RlPSJUcnVlIiAvPg0KICAgICAgICAgICAgPEZvcm1Qb3N0UGFyYW1ldGVyIE5hbWU9ImN0bDAwJGN0bDAwJGN0bDAwJENvbnRlbnRQbGFjZUhvbGRlckRlZmF1bHQkTWFzdGVyUGxhY2Vob2xkZXIkU2hvcHBpbmdDYXJ0Q29udGVudF81JHVjTXlDYXJ0JHJwdE15Q2FydCRjdGwwMCRycHRTZXRJdGVtcyRjdGwwMCR0eHRBbW91bnQiIFZhbHVlPSIxIiBSZWNvcmRlZFZhbHVlPSIiIENvcnJlbGF0aW9uQmluZGluZz0iIiBVcmxFbmNvZGU9IlRydWUiIC8+DQogICAgICAgICAgICA8Rm9ybVBvc3RQYXJhbWV0ZXIgTmFtZT0iY3RsMDAkY3RsMDAkY3RsMDAkQ29udGVudFBsYWNlSG9sZGVyRGVmYXVsdCRNYXN0ZXJQbGFjZWhvbGRlciRTaG9wcGluZ0NhcnRDb250ZW50XzUkdWNNeUNhcnQkcnB0TXlDYXJ0JGN0bDAwJHJwdFNldEl0ZW1zJGN0bDAwJGhkbkFtb3VudFJlZnJlc2giIFZhbHVlPSJPbGlnb251Y2xlb3RpZGVzLFNlbWlDdXN0b21pemVkU2luZ2xlU3RyYW5kZWRUdWJlcyxNR0JQcm9iZSIgUmVjb3JkZWRWYWx1ZT0iIiBDb3JyZWxhdGlvbkJpbmRpbmc9IiIgVXJsRW5jb2RlPSJUcnVlIiAvPg0KICAgICAgICAgICAgPEZvcm1Qb3N0UGFyYW1ldGVyIE5hbWU9ImN0bDAwJGN0bDAwJGN0bDAwJENvbnRlbnRQbGFjZUhvbGRlckRlZmF1bHQkTWFzdGVyUGxhY2Vob2xkZXIkU2hvcHBpbmdDYXJ0Q29udGVudF81JHVjTXlDYXJ0JHJwdE15Q2FydCRjdGwwMCRycHRTZXRJdGVtcyRjdGwwMSRoZG5GaWVsZEl0ZW1EZXRhaWxzIiBWYWx1ZT0ieyZxdW90O0lzQmF0Y2gmcXVvdDs6ZmFsc2UsJnF1b3Q7SWQmcXVvdDs6MjcyMDAwLCZxdW90O0JhdGNoSWQmcXVvdDs6ODEyMjMsJnF1b3Q7SWRzJnF1b3Q7Om51bGwsJnF1b3Q7SXNQcmltZXImcXVvdDs6ZmFsc2UsJnF1b3Q7SXNTZXF1ZW5jaW5nSXRlbSZxdW90OzpmYWxzZSwmcXVvdDtJdGVtTmFtZSZxdW90OzomcXVvdDtNR0IxJnF1b3Q7LCZxdW90O0RlcGVuZGVudE9yZGVySXRlbXMmcXVvdDs6bnVsbCwmcXVvdDtDYW5JdEJlU2FtZURheVNlcnZpY2UmcXVvdDs6ZmFsc2UsJnF1b3Q7QnVLZXkmcXVvdDs6JnF1b3Q7T2xpZ29zJnF1b3Q7LCZxdW90O0J1TmFtZSZxdW90OzomcXVvdDtETkEgJmFtcDsgUk5BIE9saWdvbnVjbGVvdGlkZXMmcXVvdDt9IiBSZWNvcmRlZFZhbHVlPSIiIENvcnJlbGF0aW9uQmluZGluZz0iIiBVcmxFbmNvZGU9IlRydWUiIC8+DQogICAgICAgICAgICA8Rm9ybVBvc3RQYXJhbWV0ZXIgTmFtZT0iY3RsMDAkY3RsMDAkY3RsMDAkQ29udGVudFBsYWNlSG9sZGVyRGVmYXVsdCRNYXN0ZXJQbGFjZWhvbGRlciRTaG9wcGluZ0NhcnRDb250ZW50XzUkdWNNeUNhcnQkcnB0TXlDYXJ0JGN0bDAwJHJwdFNldEl0ZW1zJGN0bDAxJGhkbkNhdGFsYW9ndWVMaW1pdHMiIFZhbHVlPSIwLDAsMCIgUmVjb3JkZWRWYWx1ZT0iIiBDb3JyZWxhdGlvbkJpbmRpbmc9IiIgVXJsRW5jb2RlPSJUcnVlIiAvPg0KICAgICAgICAgICAgPEZvcm1Qb3N0UGFyYW1ldGVyIE5hbWU9ImN0bDAwJGN0bDAwJGN0bDAwJENvbnRlbnRQbGFjZUhvbGRlckRlZmF1bHQkTWFzdGVyUGxhY2Vob2xkZXIkU2hvcHBpbmdDYXJ0Q29udGVudF81JHVjTXlDYXJ0JHJwdE15Q2FydCRjdGwwMCRycHRTZXRJdGVtcyRjdGwwMSRoZG5GaWVsZENoZWNrb3V0U3RhdGUiIFZhbHVlPSJPcmRlcmFibGVPbmx5IiBSZWNvcmRlZFZhbHVlPSIiIENvcnJlbGF0aW9uQmluZGluZz0iIiBVcmxFbmNvZGU9IlRydWUiIC8+DQogICAgICAgICAgICA8Rm9ybVBvc3RQYXJhbWV0ZXIgTmFtZT0iY3RsMDAkY3RsMDAkY3RsMDAkQ29udGVudFBsYWNlSG9sZGVyRGVmYXVsdCRNYXN0ZXJQbGFjZWhvbGRlciRTaG9wcGluZ0NhcnRDb250ZW50XzUkdWNNeUNhcnQkcnB0TXlDYXJ0JGN0bDAwJHJwdFNldEl0ZW1zJGN0bDAxJGhkbkZpZWxkQ29tbWVudCIgVmFsdWU9IiIgUmVjb3JkZWRWYWx1ZT0iIiBDb3JyZWxhdGlvbkJpbmRpbmc9IiIgVXJsRW5jb2RlPSJUcnVlIiAvPg0KICAgICAgICAgICAgPEZvcm1Qb3N0UGFyYW1ldGVyIE5hbWU9ImN0bDAwJGN0bDAwJGN0bDAwJENvbnRlbnRQbGFjZUhvbGRlckRlZmF1bHQkTWFzdGVyUGxhY2Vob2xkZXIkU2hvcHBpbmdDYXJ0Q29udGVudF81JHVjTXlDYXJ0JHJwdE15Q2FydCRjdGwwMCRycHRTZXRJdGVtcyRjdGwwMSR0eHRBbW91bnQiIFZhbHVlPSIxIiBSZWNvcmRlZFZhbHVlPSIiIENvcnJlbGF0aW9uQmluZGluZz0iIiBVcmxFbmNvZGU9IlRydWUiIC8+DQogICAgICAgICAgICA8Rm9ybVBvc3RQYXJhbWV0ZXIgTmFtZT0iY3RsMDAkY3RsMDAkY3RsMDAkQ29udGVudFBsYWNlSG9sZGVyRGVmYXVsdCRNYXN0ZXJQbGFjZWhvbGRlciRTaG9wcGluZ0NhcnRDb250ZW50XzUkdWNNeUNhcnQkcnB0TXlDYXJ0JGN0bDAwJHJwdFNldEl0ZW1zJGN0bDAxJGhkbkFtb3VudFJlZnJlc2giIFZhbHVlPSJPbGlnb251Y2xlb3RpZGVzLFNlbWlDdXN0b21pemVkU2luZ2xlU3RyYW5kZWRUdWJlcyxNR0JQcm9iZSIgUmVjb3JkZWRWYWx1ZT0iIiBDb3JyZWxhdGlvbkJpbmRpbmc9IiIgVXJsRW5jb2RlPSJUcnVlIiAvPg0KICAgICAgICAgICAgPEZvcm1Qb3N0UGFyYW1ldGVyIE5hbWU9ImN0bDAwJGN0bDAwJGN0bDAwJENvbnRlbnRQbGFjZUhvbGRlckRlZmF1bHQkTWFzdGVyUGxhY2Vob2xkZXIkU2hvcHBpbmdDYXJ0Q29udGVudF81JHVjTXlDYXJ0JHJwdE15Q2FydCRjdGwwMSRoZG5GaWVsZEl0ZW1EZXRhaWxzIiBWYWx1ZT0ieyZxdW90O0lzQmF0Y2gmcXVvdDs6ZmFsc2UsJnF1b3Q7SWQmcXVvdDs6MzYyNDM2LCZxdW90O0JhdGNoSWQmcXVvdDs6MCwmcXVvdDtJZHMmcXVvdDs6bnVsbCwmcXVvdDtJc1ByaW1lciZxdW90OzpmYWxzZSwmcXVvdDtJc1NlcXVlbmNpbmdJdGVtJnF1b3Q7OmZhbHNlLCZxdW90O0l0ZW1OYW1lJnF1b3Q7OiZxdW90O1NtYXJ0U2VxIEtpdCZxdW90OywmcXVvdDtEZXBlbmRlbnRPcmRlckl0ZW1zJnF1b3Q7Om51bGwsJnF1b3Q7Q2FuSXRCZVNhbWVEYXlTZXJ2aWNlJnF1b3Q7OmZhbHNlLCZxdW90O0J1S2V5JnF1b3Q7OiZxdW90O1NFUSZxdW90OywmcXVvdDtCdU5hbWUmcXVvdDs6JnF1b3Q7Q3VzdG9tIEROQSBTZXF1ZW5jaW5nJnF1b3Q7fSIgUmVjb3JkZWRWYWx1ZT0iIiBDb3JyZWxhdGlvbkJpbmRpbmc9IiIgVXJsRW5jb2RlPSJUcnVlIiAvPg0KICAgICAgICAgICAgPEZvcm1Qb3N0UGFyYW1ldGVyIE5hbWU9ImN0bDAwJGN0bDAwJGN0bDAwJENvbnRlbnRQbGFjZUhvbGRlckRlZmF1bHQkTWFzdGVyUGxhY2Vob2xkZXIkU2hvcHBpbmdDYXJ0Q29udGVudF81JHVjTXlDYXJ0JHJwdE15Q2FydCRjdGwwMSRoZG5DYXRhbGFvZ3VlTGltaXRzIiBWYWx1ZT0iMC0wLTAtMSwyLDMsNCw1LDYsNyw4LDksMTAsMTUsMjAiIFJlY29yZGVkVmFsdWU9IiIgQ29ycmVsYXRpb25CaW5kaW5nPSIiIFVybEVuY29kZT0iVHJ1ZSIgLz4NCiAgICAgICAgICAgIDxGb3JtUG9zdFBhcmFtZXRlciBOYW1lPSJjdGwwMCRjdGwwMCRjdGwwMCRDb250ZW50UGxhY2VIb2xkZXJEZWZhdWx0JE1hc3RlclBsYWNlaG9sZGVyJFNob3BwaW5nQ2FydENvbnRlbnRfNSR1Y015Q2FydCRycHRNeUNhcnQkY3RsMDEkaGRuRmllbGRDaGVja291dFN0YXRlIiBWYWx1ZT0iT3JkZXJhYmxlT25seSIgUmVjb3JkZWRWYWx1ZT0iIiBDb3JyZWxhdGlvbkJpbmRpbmc9IiIgVXJsRW5jb2RlPSJUcnVlIiAvPg0KICAgICAgICAgICAgPEZvcm1Qb3N0UGFyYW1ldGVyIE5hbWU9ImN0bDAwJGN0bDAwJGN0bDAwJENvbnRlbnRQbGFjZUhvbGRlckRlZmF1bHQkTWFzdGVyUGxhY2Vob2xkZXIkU2hvcHBpbmdDYXJ0Q29udGVudF81JHVjTXlDYXJ0JHJwdE15Q2FydCRjdGwwMSRoZG5GaWVsZENvbW1lbnQiIFZhbHVlPSIiIFJlY29yZGVkVmFsdWU9IiIgQ29ycmVsYXRpb25CaW5kaW5nPSIiIFVybEVuY29kZT0iVHJ1ZSIgLz4NCiAgICAgICAgICAgIDxGb3JtUG9zdFBhcmFtZXRlciBOYW1lPSJjdGwwMCRjdGwwMCRjdGwwMCRDb250ZW50UGxhY2VIb2xkZXJEZWZhdWx0JE1hc3RlclBsYWNlaG9sZGVyJFNob3BwaW5nQ2FydENvbnRlbnRfNSR1Y015Q2FydCRycHRNeUNhcnQkY3RsMDEkdHh0QW1vdW50IiBWYWx1ZT0iMSIgUmVjb3JkZWRWYWx1ZT0iIiBDb3JyZWxhdGlvbkJpbmRpbmc9IiIgVXJsRW5jb2RlPSJUcnVlIiAvPg0KICAgICAgICAgICAgPEZvcm1Qb3N0UGFyYW1ldGVyIE5hbWU9ImN0bDAwJGN0bDAwJGN0bDAwJENvbnRlbnRQbGFjZUhvbGRlckRlZmF1bHQkTWFzdGVyUGxhY2Vob2xkZXIkU2hvcHBpbmdDYXJ0Q29udGVudF81JHVjTXlDYXJ0JHJwdE15Q2FydCRjdGwwMSRoZG5BbW91bnRSZWZyZXNoIiBWYWx1ZT0iRG5hU2VxdWVuY2luZyxDYXRhbG9ndWVXaXphcmQsU21hcnRTZXFLaXQiIFJlY29yZGVkVmFsdWU9IiIgQ29ycmVsYXRpb25CaW5kaW5nPSIiIFVybEVuY29kZT0iVHJ1ZSIgLz4NCiAgICAgICAgICAgIDxGb3JtUG9zdFBhcmFtZXRlciBOYW1lPSJjdGwwMCRjdGwwMCRjdGwwMCRDb250ZW50UGxhY2VIb2xkZXJEZWZhdWx0JE1hc3RlclBsYWNlaG9sZGVyJFNob3BwaW5nQ2FydENvbnRlbnRfNSR1Y015Q2FydCRoZG5TY3JlZW5BcmVhIiBWYWx1ZT0iIiBSZWNvcmRlZFZhbHVlPSIiIENvcnJlbGF0aW9uQmluZGluZz0iIiBVcmxFbmNvZGU9IlRydWUiIC8+DQogICAgICAgICAgICA8Rm9ybVBvc3RQYXJhbWV0ZXIgTmFtZT0iY3RsMDAkY3RsMDAkY3RsMDAkQ29udGVudFBsYWNlSG9sZGVyRGVmYXVsdCRNYXN0ZXJQbGFjZWhvbGRlciRTaG9wcGluZ0NhcnRDb250ZW50XzUkdWNDYXJ0Q2hlY2tPdXQkaGRuRmllbGRTZWxlY3RlZE9yZGVySXRlbUNoZWNrb3V0U3RhdGVzIiBWYWx1ZT0iIiBSZWNvcmRlZFZhbHVlPSIiIENvcnJlbGF0aW9uQmluZGluZz0iIiBVcmxFbmNvZGU9IlRydWUiIC8+DQogICAgICAgICAgICA8Rm9ybVBvc3RQYXJhbWV0ZXIgTmFtZT0iY3RsMDAkY3RsMDAkY3RsMDAkQ29udGVudFBsYWNlSG9sZGVyRGVmYXVsdCRNYXN0ZXJQbGFjZWhvbGRlciRTaG9wcGluZ0NhcnRDb250ZW50XzUkdWNDYXJ0Q2hlY2tPdXQkaGRuRmllbGRDb21wbGV0ZUNhcnRDaGVja291dFN0YXRlRW51bXMiIFZhbHVlPSJbJnF1b3Q7T3JkZXJhYmxlT25seSZxdW90OywmcXVvdDtPcmRlcmFibGVPbmx5JnF1b3Q7LCZxdW90O09yZGVyYWJsZU9ubHkmcXVvdDtdIiBSZWNvcmRlZFZhbHVlPSIiIENvcnJlbGF0aW9uQmluZGluZz0iIiBVcmxFbmNvZGU9IlRydWUiIC8+DQogICAgICAgICAgICA8Rm9ybVBvc3RQYXJhbWV0ZXIgTmFtZT0iY3RsMDAkY3RsMDAkY3RsMDAkQ29udGVudFBsYWNlSG9sZGVyRGVmYXVsdCRNYXN0ZXJQbGFjZWhvbGRlciRTaG9wcGluZ0NhcnRDb250ZW50XzUkdWNDYXJ0Q2hlY2tPdXQkaGRuRmllbGRTZWxlY3RlZEl0ZW1JZHMiIFZhbHVlPSIiIFJlY29yZGVkVmFsdWU9IiIgQ29ycmVsYXRpb25CaW5kaW5nPSIiIFVybEVuY29kZT0iVHJ1ZSIgLz4NCiAgICAgICAgICAgIDxGb3JtUG9zdFBhcmFtZXRlciBOYW1lPSJjdGwwMCRjdGwwMCRjdGwwMCRDb250ZW50UGxhY2VIb2xkZXJEZWZhdWx0JE1hc3RlclBsYWNlaG9sZGVyJFNob3BwaW5nQ2FydENvbnRlbnRfNSR1Y0NhcnRDaGVja091dCRoZG5TY3JlZW5BcmVhIiBWYWx1ZT0iIiBSZWNvcmRlZFZhbHVlPSIiIENvcnJlbGF0aW9uQmluZGluZz0iIiBVcmxFbmNvZGU9IlRydWUiIC8+DQogICAgICAgICAgICA8Rm9ybVBvc3RQYXJhbWV0ZXIgTmFtZT0iY3RsMDAkY3RsMDAkY3RsMDAkQ29udGVudFBsYWNlSG9sZGVyRGVmYXVsdCRNYXN0ZXJQbGFjZWhvbGRlciRTaG9wcGluZ0NhcnRDb250ZW50XzUkaGRuU2NyZWVuQXJlYSIgVmFsdWU9IiIgUmVjb3JkZWRWYWx1ZT0iIiBDb3JyZWxhdGlvbkJpbmRpbmc9IiIgVXJsRW5jb2RlPSJUcnVlIiAvPg0KICAgICAgICAgICAgPEZvcm1Qb3N0UGFyYW1ldGVyIE5hbWU9ImN0bDAwJGN0bDAwJGN0bDAwJENvbnRlbnRQbGFjZUhvbGRlckRlZmF1bHQkaGRuQ2FuSW5pdGlhbGl6ZUN1bHR1cmUiIFZhbHVlPSJmYWxzZSIgUmVjb3JkZWRWYWx1ZT0iIiBDb3JyZWxhdGlvbkJpbmRpbmc9IiIgVXJsRW5jb2RlPSJUcnVlIiAvPg0KICAgICAgICAgICAgPEZvcm1Qb3N0UGFyYW1ldGVyIE5hbWU9ImN0bDAwJGN0bDAwJGN0bDAwJENvbnRlbnRQbGFjZUhvbGRlckRlZmF1bHQkaGRuRWNvbURyYWdEcm9wSnNvbiIgVmFsdWU9IiIgUmVjb3JkZWRWYWx1ZT0iIiBDb3JyZWxhdGlvbkJpbmRpbmc9IiIgVXJsRW5jb2RlPSJUcnVlIiAvPg0KICAgICAgICAgICAgPEZvcm1Qb3N0UGFyYW1ldGVyIE5hbWU9ImN0bDAwJGN0bDAwJGN0bDAwJENvbnRlbnRQbGFjZUhvbGRlckRlZmF1bHQkaGRuQ3VycmVudFBhZ2VJZGVudGl0eSIgVmFsdWU9IjExNDEiIFJlY29yZGVkVmFsdWU9IiIgQ29ycmVsYXRpb25CaW5kaW5nPSIiIFVybEVuY29kZT0iVHJ1ZSIgLz4NCiAgICAgICAgICAgIDxGb3JtUG9zdFBhcmFtZXRlciBOYW1lPSJjdGwwMCRjdGwwMCRjdGwwMCRDb250ZW50UGxhY2VIb2xkZXJEZWZhdWx0JGhkblNjcm9sbFlQb3NpdGlvbiIgVmFsdWU9IjAiIFJlY29yZGVkVmFsdWU9IiIgQ29ycmVsYXRpb25CaW5kaW5nPSIiIFVybEVuY29kZT0iVHJ1ZSIgLz4NCiAgICAgICAgICAgIDxGb3JtUG9zdFBhcmFtZXRlciBOYW1lPSJfX1ZJRVdTVEFURUdFTkVSQVRPUiIgVmFsdWU9IkNBMEIwMzM0IiBSZWNvcmRlZFZhbHVlPSIiIENvcnJlbGF0aW9uQmluZGluZz0iIiBVcmxFbmNvZGU9IlRydWUiIC8+DQogICAgICAgICAgICA8Rm9ybVBvc3RQYXJhbWV0ZXIgTmFtZT0iX19WSUVXU1RBVEVFTkNSWVBURUQiIFZhbHVlPSIiIFJlY29yZGVkVmFsdWU9IiIgQ29ycmVsYXRpb25CaW5kaW5nPSIiIFVybEVuY29kZT0iVHJ1ZSIgLz4NCiAgICAgICAgICAgIDxGb3JtUG9zdFBhcmFtZXRlciBOYW1lPSJfX0FTWU5DUE9TVCIgVmFsdWU9InRydWUiIFJlY29yZGVkVmFsdWU9IiIgQ29ycmVsYXRpb25CaW5kaW5nPSIiIFVybEVuY29kZT0iVHJ1ZSIgLz4NCiAgICAgICAgICAgIDxGb3JtUG9zdFBhcmFtZXRlciBOYW1lPSIiIFZhbHVlPSIiIFJlY29yZGVkVmFsdWU9IiIgQ29ycmVsYXRpb25CaW5kaW5nPSIiIFVybEVuY29kZT0iVHJ1ZSIgLz4NCiAgICAgICAgICA8L0Zvcm1Qb3N0SHR0cEJvZHk+DQogICAgICAgIDwvUmVxdWVzdD4NCiAgICAgICAgPFJlcXVlc3QgTWV0aG9kPSJHRVQiIEd1aWQ9ImFkMmJkNjU0LTk4NmItNGNiNy1hOTA2LWVjMmQwZDMwMzk3ZCIgVmVyc2lvbj0iMS4xIiBVcmw9Imh0dHA6Ly9pbjAxYXB2MTE6ODEvZW4vY2hlY2tvdXQvc3RlcDIuYXNweCIgVGhpbmtUaW1lPSIwIiBUaW1lb3V0PSI2MCIgUGFyc2VEZXBlbmRlbnRSZXF1ZXN0cz0iVHJ1ZSIgRm9sbG93UmVkaXJlY3RzPSJUcnVlIiBSZWNvcmRSZXN1bHQ9IlRydWUiIENhY2hlPSJGYWxzZSIgUmVzcG9uc2VUaW1lR29hbD0iMCIgRW5jb2Rpbmc9InV0Zi04IiBFeHBlY3RlZEh0dHBTdGF0dXNDb2RlPSIwIiBFeHBlY3RlZFJlc3BvbnNlVXJsPSIiIFJlcG9ydGluZ05hbWU9IiIgSWdub3JlSHR0cFN0YXR1c0NvZGU9IkZhbHNlIj4NCiAgICAgICAgICA8SGVhZGVycz4NCiAgICAgICAgICAgIDxIZWFkZXIgTmFtZT0iVXBncmFkZS1JbnNlY3VyZS1SZXF1ZXN0cyIgVmFsdWU9IjEiIC8+DQogICAgICAgICAgPC9IZWFkZXJzPg0KICAgICAgICAgIDxFeHRyYWN0aW9uUnVsZXM+DQogICAgICAgICAgICA8RXh0cmFjdGlvblJ1bGUgQ2xhc3NuYW1lPSJNaWNyb3NvZnQuVmlzdWFsU3R1ZGlvLlRlc3RUb29scy5XZWJUZXN0aW5nLlJ1bGVzLkV4dHJhY3RGb3JtRmllbGQsIE1pY3Jvc29mdC5WaXN1YWxTdHVkaW8uUXVhbGl0eVRvb2xzLldlYlRlc3RGcmFtZXdvcmssIFZlcnNpb249MTQuMC4wLjAsIEN1bHR1cmU9bmV1dHJhbCwgUHVibGljS2V5VG9rZW49YjAzZjVmN2YxMWQ1MGEzYSIgVmFyaWFibGVOYW1lPSIkSElEREVOMy5fX1ZJRVdTVEFURSIgRGlzcGxheU5hbWU9IkV4dHJhY3QgRm9ybSBGaWVsZCIgRGVzY3JpcHRpb249IkV4dHJhY3QgdGhlIHZhbHVlIG9mIGEgc3BlY2lmaWVkIGZvcm0gZmllbGQgaW4gdGhlIHJlc3BvbnNlIGFuZCBwbGFjZSBpdCBpbnRvIHRoZSB0ZXN0IGNvbnRleHQuIj4NCiAgICAgICAgICAgICAgPFJ1bGVQYXJhbWV0ZXJzPg0KICAgICAgICAgICAgICAgIDxSdWxlUGFyYW1ldGVyIE5hbWU9Ik5hbWUiIFZhbHVlPSJfX1ZJRVdTVEFURSIgLz4NCiAgICAgICAgICAgICAgPC9SdWxlUGFyYW1ldGVycz4NCiAgICAgICAgICAgIDwvRXh0cmFjdGlvblJ1bGU+DQogICAgICAgICAgPC9FeHRyYWN0aW9uUnVsZXM+DQogICAgICAgIDwvUmVxdWVzdD4NCiAgICAgIDwvSXRlbXM+DQogICAgPC9UcmFuc2FjdGlvblRpbWVyPg0KICAgIDxUcmFuc2FjdGlvblRpbWVyIE5hbWU9ImNsaWNrIG9uIG5leHQgYWRkcmVzcyB0YWIiPg0KICAgICAgPEl0ZW1zPg0KICAgICAgICA8UmVxdWVzdCBNZXRob2Q9IlBPU1QiIEd1aWQ9IjNhYTliYWE1LTAxMDgtNGE1Zi1hYjMzLTgwMDUyOGQ0NzQyZCIgVmVyc2lvbj0iMS4xIiBVcmw9Imh0dHA6Ly9pbjAxYXB2MTE6ODEvU2VydmljZXMvRWNvbVNlcnZpY2VzLmFzbXgvTG9hZENvbnRyb2wiIFRoaW5rVGltZT0iNiIgVGltZW91dD0iNjAiIFBhcnNlRGVwZW5kZW50UmVxdWVzdHM9IlRydWUiIEZvbGxvd1JlZGlyZWN0cz0iVHJ1ZSIgUmVjb3JkUmVzdWx0PSJUcnVlIiBDYWNoZT0iRmFsc2UiIFJlc3BvbnNlVGltZUdvYWw9IjAiIEVuY29kaW5nPSJ1dGYtOCIgRXhwZWN0ZWRIdHRwU3RhdHVzQ29kZT0iMCIgRXhwZWN0ZWRSZXNwb25zZVVybD0iIiBSZXBvcnRpbmdOYW1lPSIiIElnbm9yZUh0dHBTdGF0dXNDb2RlPSJGYWxzZSI+DQogICAgICAgICAgPEhlYWRlcnM+DQogICAgICAgICAgICA8SGVhZGVyIE5hbWU9Ik9yaWdpbiIgVmFsdWU9Imh0dHA6Ly9pbjAxYXB2MTE6ODEiIC8+DQogICAgICAgICAgICA8SGVhZGVyIE5hbWU9IlgtUmVxdWVzdGVkLVdpdGgiIFZhbHVlPSJYTUxIdHRwUmVxdWVzdCIgLz4NCiAgICAgICAgICAgIDxIZWFkZXIgTmFtZT0iQ29udGVudC1UeXBlIiBWYWx1ZT0iYXBwbGljYXRpb24vanNvbjsgY2hhcnNldD1VVEYtOCIgLz4NCiAgICAgICAgICA8L0hlYWRlcnM+DQogICAgICAgICAgPFN0cmluZ0h0dHBCb2R5IENvbnRlbnRUeXBlPSJhcHBsaWNhdGlvbi9qc29uOyBjaGFyc2V0PVVURi04IiBJbnNlcnRCeXRlT3JkZXJNYXJrPSJGYWxzZSI+ZXdBaUFHTUFid0J1QUhRQWNnQnZBR3dBVUFCaEFISUFZUUJ0QUdVQWRBQmxBSElBY3dBaUFEb0Fld0FpQUVNQWJ3QnVBSFFBY2dCdkFHd0FUZ0JoQUcwQVpRQWlBRG9BSWdCVUFHVUFjZ0J0QUhNQVF3QnZBRzRBWkFCcEFIUUFhUUJ2QUc0QWN3QkVBR2tBWVFCc0FHOEFad0FpQUN3QUlnQkJBR01BZEFCcEFHOEFiZ0FpQURvQUlnQkhBR1VBZEFCRUFHRUFkQUJoQUNJQUxBQWlBRWtBY3dCR0FISUFid0J0QUVNQWFBQmxBR01BYXdCdkFIVUFkQUJUQUhRQVpRQndBSE1BSWdBNkFIUUFjZ0IxQUdVQUxBQWlBRlFBWlFCeUFHMEFjd0JCQUc0QVpBQkRBRzhBYmdCa0FHa0FkQUJwQUc4QWJnQnpBRVFBYVFCaEFHd0Fid0JuQUVrQVpBQWlBRG9BSWdCREFHOEFiZ0IwQUdVQWJnQjBBRkFBYkFCaEFHTUFaUUJJQUc4QWJBQmtBR1VBY2dCRUFHVUFaZ0JoQUhVQWJBQjBBRjhBVFFCaEFITUFkQUJsQUhJQVVBQnNBR0VBWXdCbEFHZ0Fid0JzQUdRQVpRQnlBRjhBUXdCb0FHVUFZd0JyQUc4QWRRQjBBRkFBYkFCaEFHTUFaUUJvQUc4QWJBQmtBR1VBY2dCZkFFTUFhQUJsQUdNQWF3QlBBSFVBZEFCWEFHa0FlZ0JoQUhJQVpBQk9BR0VBZGdCcEFHY0FZUUIwQUc4QWNnQmZBREVBTVFCZkFIQUFiZ0JzQUZRQVpRQnlBRzBBY3dCQkFHNEFaQUJEQUc4QWJnQmtBR2tBZEFCcEFHOEFiZ0J6QUVRQWFRQmhBR3dBYndCbkFDSUFMQUFpQUZjQWNnQmhBSEFBVndCcEFIUUFhQUJFQUdrQWRnQWlBRG9BZEFCeUFIVUFaUUFzQUNJQVVnQmxBSE1BYndCMUFISUFZd0JsQUZZQVlRQnNBSFVBWlFCekFDSUFPZ0I3QUNJQVRRQmhBRzRBWkFCaEFIUUFid0J5QUhrQVV3Qm9BR2tBY0FCd0FHa0FiZ0JuQUVFQVpBQmtBSElBWlFCekFITUFVd0JsQUd3QVpRQmpBSFFBYVFCdkFHNEFSUUJ5QUhJQWJ3QnlBRTBBWlFCekFITUFZUUJuQUdVQUlnQTZBQ0lBVUFCc0FHVUFZUUJ6QUdVQUlBQnpBR1VBYkFCbEFHTUFkQUFnQUhNQWFBQnBBSEFBY0FCcEFHNEFad0FnQUdFQVpBQmtBSElBWlFCekFITUFJQUIwQUc4QUlBQndBSElBYndCakFHVUFaUUJrQUNJQUxBQWlBRTBBWVFCdUFHUUFZUUIwQUc4QWNnQjVBRUlBYVFCc0FHd0FhUUJ1QUdjQVFRQmtBR1FBY2dCbEFITUFjd0JUQUdVQWJBQmxBR01BZEFCcEFHOEFiZ0JGQUhJQWNnQnZBSElBVFFCbEFITUFjd0JoQUdjQVpRQWlBRG9BSWdCUUFHd0FaUUJoQUhNQVpRQWdBSE1BWlFCc0FHVUFZd0IwQUNBQVlnQnBBR3dBYkFCcEFHNEFad0FnQUdFQVpBQmtBSElBWlFCekFITUFJQUIwQUc4QUlBQndBSElBYndCakFHVUFaUUJrQUNJQUxBQWlBRTBBWVFCdUFHUUFZUUIwQUc4QWNnQjVBRUVBWkFCa0FISUFaUUJ6QUhNQVV3QmxBR3dBWlFCakFIUUFhUUJ2QUc0QVZBQnBBSFFBYkFCbEFGSUFaUUJ6QUc4QWRRQnlBR01BWlFBaUFEb0FJZ0JGQUhnQVl3QmxBSEFBZEFCcEFHOEFiZ0FpQUN3QUlnQk5BR0VBYmdCa0FHRUFkQUJ2QUhJQWVRQkJBR1FBWkFCeUFHVUFjd0J6QUZNQVpRQnNBR1VBWXdCMEFHa0Fid0J1QUU4QWF3QkNBSFVBZEFCMEFHOEFiZ0JTQUdVQWN3QnZBSFVBY2dCakFHVUFJZ0E2QUNJQVR3QnJBQ0lBTEFBaUFGUUFaUUJ5QUcwQWN3QkJBRzRBWkFCREFHOEFiZ0JrQUdrQWRBQnBBRzhBYmdCekFGUUFhUUIwQUd3QVpRQlNBR1VBY3dCdkFIVUFjZ0JqQUdVQUlnQTZBQ0lBVkFCbEFISUFiUUJ6QUNBQVlRQnVBR1FBSUFCREFHOEFiZ0JrQUdrQWRBQnBBRzhBYmdCekFDSUFMQUFpQUVFQVl3QmpBR1VBY0FCMEFFSUFkUUIwQUhRQWJ3QnVBRklBWlFCekFHOEFkUUJ5QUdNQVpRQWlBRG9BSWdCQkFHTUFZd0JsQUhBQWRBQWlBQ3dBSWdCRUFHa0Fjd0JqQUd3QVlRQnBBRzBBUWdCMUFIUUFkQUJ2QUc0QVVnQmxBSE1BYndCMUFISUFZd0JsQUNJQU9nQWlBRVFBYVFCekFHTUFiQUJoQUdrQWJRQWlBQ3dBSWdCTkFHRUFiZ0JrQUdFQWRBQnZBSElBZVFCUUFHa0FZd0JyQUZVQWNBQkJBR1FBWkFCeUFHVUFjd0J6QUZNQVpRQnNBR1VBWXdCMEFHa0Fid0J1QUVVQWNnQnlBRzhBY2dCTkFHVUFjd0J6QUdFQVp3QmxBQ0lBT2dBaUFGQUFiQUJsQUdFQWN3QmxBQ0FBY3dCbEFHd0FaUUJqQUhRQUlBQlFBR2tBWXdCckFDQUFWUUJ3QUNBQVlRQmtBR1FBY2dCbEFITUFjd0FnQUhRQWJ3QWdBSEFBY2dCdkFHTUFaUUJsQUdRQUlnQjlBQ3dBSWdCRUFHa0FkZ0JEQUc4QWJnQjBBR0VBYVFCdUFHVUFjZ0JKQUdRQUlnQTZBQ0lBUXdCdkFHNEFkQUJsQUc0QWRBQlFBR3dBWVFCakFHVUFTQUJ2QUd3QVpBQmxBSElBUkFCbEFHWUFZUUIxQUd3QWRBQmZBRTBBWVFCekFIUUFaUUJ5QUZBQWJBQmhBR01BWlFCb0FHOEFiQUJrQUdVQWNnQmZBRU1BYUFCbEFHTUFhd0J2QUhVQWRBQlFBR3dBWVFCakFHVUFhQUJ2QUd3QVpBQmxBSElBWHdCREFHZ0FaUUJqQUdzQVR3QjFBSFFBVndCcEFIb0FZUUJ5QUdRQVRnQmhBSFlBYVFCbkFHRUFkQUJ2QUhJQVh3QXhBREVBWHdCd0FHNEFiQUJVQUdVQWNnQnRBSE1BUVFCdUFHUUFRd0J2QUc0QVpBQnBBSFFBYVFCdkFHNEFjd0JFQUdrQVlRQnNBRzhBWndBaUFIMEFmUUE9PC9TdHJpbmdIdHRwQm9keT4NCiAgICAgICAgPC9SZXF1ZXN0Pg0KICAgICAgICA8UmVxdWVzdCBNZXRob2Q9IlBPU1QiIEd1aWQ9Ijg4ODU0YzkxLTNkOTgtNDNjMy1hZjU1LTJkNzZjMzg2NjA1NyIgVmVyc2lvbj0iMS4xIiBVcmw9Imh0dHA6Ly9pbjAxYXB2MTE6ODEvU2VydmljZXMvRWNvbVNlcnZpY2VzLmFzbXgvTG9hZENvbnRyb2wiIFRoaW5rVGltZT0iMCIgVGltZW91dD0iNjAiIFBhcnNlRGVwZW5kZW50UmVxdWVzdHM9IlRydWUiIEZvbGxvd1JlZGlyZWN0cz0iVHJ1ZSIgUmVjb3JkUmVzdWx0PSJUcnVlIiBDYWNoZT0iRmFsc2UiIFJlc3BvbnNlVGltZUdvYWw9IjAiIEVuY29kaW5nPSJ1dGYtOCIgRXhwZWN0ZWRIdHRwU3RhdHVzQ29kZT0iMCIgRXhwZWN0ZWRSZXNwb25zZVVybD0iIiBSZXBvcnRpbmdOYW1lPSIiIElnbm9yZUh0dHBTdGF0dXNDb2RlPSJGYWxzZSI+DQogICAgICAgICAgPEhlYWRlcnM+DQogICAgICAgICAgICA8SGVhZGVyIE5hbWU9Ik9yaWdpbiIgVmFsdWU9Imh0dHA6Ly9pbjAxYXB2MTE6ODEiIC8+DQogICAgICAgICAgICA8SGVhZGVyIE5hbWU9IlgtUmVxdWVzdGVkLVdpdGgiIFZhbHVlPSJYTUxIdHRwUmVxdWVzdCIgLz4NCiAgICAgICAgICAgIDxIZWFkZXIgTmFtZT0iQ29udGVudC1UeXBlIiBWYWx1ZT0iYXBwbGljYXRpb24vanNvbjsgY2hhcnNldD1VVEYtOCIgLz4NCiAgICAgICAgICA8L0hlYWRlcnM+DQogICAgICAgICAgPFN0cmluZ0h0dHBCb2R5IENvbnRlbnRUeXBlPSJhcHBsaWNhdGlvbi9qc29uOyBjaGFyc2V0PVVURi04IiBJbnNlcnRCeXRlT3JkZXJNYXJrPSJGYWxzZSI+ZXdBaUFHTUFid0J1QUhRQWNnQnZBR3dBVUFCaEFISUFZUUJ0QUdVQWRBQmxBSElBY3dBaUFEb0Fld0FpQUVNQWJ3QnVBSFFBY2dCdkFHd0FUZ0JoQUcwQVpRQWlBRG9BSWdCVUFHVUFjZ0J0QUhNQVF3QnZBRzRBWkFCcEFIUUFhUUJ2QUc0QWN3QkVBR2tBWVFCc0FHOEFad0FpQUN3QUlnQkJBR01BZEFCcEFHOEFiZ0FpQURvQUlnQlRBR0VBZGdCbEFGUUFaUUJ5QUcwQWN3QkJBRzRBWkFCREFHOEFiZ0JrQUdrQWRBQnBBRzhBYmdCekFDSUFMQUFpQUVRQWFRQnpBSFFBY2dCcEFHSUFkUUIwQUc4QWNnQkpBR1FBSWdBNkFDSUFNZ0FpQUN3QUlnQlVBR1VBY2dCdEFITUFRUUJ1QUdRQVF3QnZBRzRBWkFCcEFIUUFhUUJ2QUc0QWN3QkVBR2tBWVFCc0FHOEFad0JKQUdRQUlnQTZBQ0lBUXdCdkFHNEFkQUJsQUc0QWRBQlFBR3dBWVFCakFHVUFTQUJ2QUd3QVpBQmxBSElBUkFCbEFHWUFZUUIxQUd3QWRBQmZBRTBBWVFCekFIUUFaUUJ5QUZBQWJBQmhBR01BWlFCb0FHOEFiQUJrQUdVQWNnQmZBRU1BYUFCbEFHTUFhd0J2QUhVQWRBQlFBR3dBWVFCakFHVUFhQUJ2QUd3QVpBQmxBSElBWHdCREFHZ0FaUUJqQUdzQVR3QjFBSFFBVndCcEFIb0FZUUJ5QUdRQVRnQmhBSFlBYVFCbkFHRUFkQUJ2QUhJQVh3QXhBREVBWHdCd0FHNEFiQUJVQUdVQWNnQnRBSE1BUVFCdUFHUUFRd0J2QUc0QVpBQnBBSFFBYVFCdkFHNEFjd0JFQUdrQVlRQnNBRzhBWndBaUFDd0FJZ0JFQUdrQWRnQkRBRzhBYmdCMEFHRUFhUUJ1QUdVQWNnQkpBR1FBSWdBNkFDSUFRd0J2QUc0QWRBQmxBRzRBZEFCUUFHd0FZUUJqQUdVQVNBQnZBR3dBWkFCbEFISUFSQUJsQUdZQVlRQjFBR3dBZEFCZkFFMEFZUUJ6QUhRQVpRQnlBRkFBYkFCaEFHTUFaUUJvQUc4QWJBQmtBR1VBY2dCZkFFTUFhQUJsQUdNQWF3QnZBSFVBZEFCUUFHd0FZUUJqQUdVQWFBQnZBR3dBWkFCbEFISUFYd0JEQUdnQVpRQmpBR3NBVHdCMUFIUUFWd0JwQUhvQVlRQnlBR1FBVGdCaEFIWUFhUUJuQUdFQWRBQnZBSElBWHdBeEFERUFYd0J3QUc0QWJBQlVBR1VBY2dCdEFITUFRUUJ1QUdRQVF3QnZBRzRBWkFCcEFIUUFhUUJ2QUc0QWN3QkVBR2tBWVFCc0FHOEFad0JmQUhBQWJnQnNBRVFBY2dCaEFHY0FZUUJpQUd3QVpRQlhBR2tBYmdCa0FHOEFkd0JEQUc4QWJnQjBBR1VBYmdCMEFDSUFmUUI5QUE9PTwvU3RyaW5nSHR0cEJvZHk+DQogICAgICAgIDwvUmVxdWVzdD4NCiAgICAgICAgPFJlcXVlc3QgTWV0aG9kPSJQT1NUIiBHdWlkPSI1ZDY0ODdlOC1jYzhjLTQ5MDAtYmVlNi03MzVlOGQ1MmQ0Y2UiIFZlcnNpb249IjEuMSIgVXJsPSJodHRwOi8vaW4wMWFwdjExOjgxL2VuL2NoZWNrb3V0L3N0ZXAyLmFzcHgiIFRoaW5rVGltZT0iMSIgVGltZW91dD0iNjAiIFBhcnNlRGVwZW5kZW50UmVxdWVzdHM9IlRydWUiIEZvbGxvd1JlZGlyZWN0cz0iVHJ1ZSIgUmVjb3JkUmVzdWx0PSJUcnVlIiBDYWNoZT0iRmFsc2UiIFJlc3BvbnNlVGltZUdvYWw9IjAiIEVuY29kaW5nPSJ1dGYtOCIgRXhwZWN0ZWRIdHRwU3RhdHVzQ29kZT0iMCIgRXhwZWN0ZWRSZXNwb25zZVVybD0iIiBSZXBvcnRpbmdOYW1lPSIiIElnbm9yZUh0dHBTdGF0dXNDb2RlPSJGYWxzZSI+DQogICAgICAgICAgPEhlYWRlcnM+DQogICAgICAgICAgICA8SGVhZGVyIE5hbWU9Ik9yaWdpbiIgVmFsdWU9Imh0dHA6Ly9pbjAxYXB2MTE6ODEiIC8+DQogICAgICAgICAgICA8SGVhZGVyIE5hbWU9IlVwZ3JhZGUtSW5zZWN1cmUtUmVxdWVzdHMiIFZhbHVlPSIxIiAvPg0KICAgICAgICAgICAgPEhlYWRlciBOYW1lPSJDb250ZW50LVR5cGUiIFZhbHVlPSJhcHBsaWNhdGlvbi94LXd3dy1mb3JtLXVybGVuY29kZWQiIC8+DQogICAgICAgICAgPC9IZWFkZXJzPg0KICAgICAgICAgIDxFeHRyYWN0aW9uUnVsZXM+DQogICAgICAgICAgICA8RXh0cmFjdGlvblJ1bGUgQ2xhc3NuYW1lPSJNaWNyb3NvZnQuVmlzdWFsU3R1ZGlvLlRlc3RUb29scy5XZWJUZXN0aW5nLlJ1bGVzLkV4dHJhY3RGb3JtRmllbGQsIE1pY3Jvc29mdC5WaXN1YWxTdHVkaW8uUXVhbGl0eVRvb2xzLldlYlRlc3RGcmFtZXdvcmssIFZlcnNpb249MTQuMC4wLjAsIEN1bHR1cmU9bmV1dHJhbCwgUHVibGljS2V5VG9rZW49YjAzZjVmN2YxMWQ1MGEzYSIgVmFyaWFibGVOYW1lPSIkSElEREVONC5fX1ZJRVdTVEFURSIgRGlzcGxheU5hbWU9IkV4dHJhY3QgRm9ybSBGaWVsZCIgRGVzY3JpcHRpb249IkV4dHJhY3QgdGhlIHZhbHVlIG9mIGEgc3BlY2lmaWVkIGZvcm0gZmllbGQgaW4gdGhlIHJlc3BvbnNlIGFuZCBwbGFjZSBpdCBpbnRvIHRoZSB0ZXN0IGNvbnRleHQuIj4NCiAgICAgICAgICAgICAgPFJ1bGVQYXJhbWV0ZXJzPg0KICAgICAgICAgICAgICAgIDxSdWxlUGFyYW1ldGVyIE5hbWU9Ik5hbWUiIFZhbHVlPSJfX1ZJRVdTVEFURSIgLz4NCiAgICAgICAgICAgICAgPC9SdWxlUGFyYW1ldGVycz4NCiAgICAgICAgICAgIDwvRXh0cmFjdGlvblJ1bGU+DQogICAgICAgICAgPC9FeHRyYWN0aW9uUnVsZXM+DQogICAgICAgICAgPEZvcm1Qb3N0SHR0cEJvZHk+DQogICAgICAgICAgICA8Rm9ybVBvc3RQYXJhbWV0ZXIgTmFtZT0iX19FVkVOVFRBUkdFVCIgVmFsdWU9ImN0bDAwJGN0bDAwJGN0bDAwJGN0bDAwJENvbnRlbnRQbGFjZUhvbGRlckRlZmF1bHQkTWFzdGVyUGxhY2Vob2xkZXIkQ2hlY2tvdXRQbGFjZWhvbGRlciRDaGVja091dFdpemFyZE5hdmlnYXRvcl8xMSRidG5OZXh0IiBSZWNvcmRlZFZhbHVlPSIiIENvcnJlbGF0aW9uQmluZGluZz0iIiBVcmxFbmNvZGU9IlRydWUiIC8+DQogICAgICAgICAgICA8Rm9ybVBvc3RQYXJhbWV0ZXIgTmFtZT0iX19FVkVOVEFSR1VNRU5UIiBWYWx1ZT0iT25DbGljayIgUmVjb3JkZWRWYWx1ZT0iIiBDb3JyZWxhdGlvbkJpbmRpbmc9IiIgVXJsRW5jb2RlPSJUcnVlIiAvPg0KICAgICAgICAgICAgPEZvcm1Qb3N0UGFyYW1ldGVyIE5hbWU9Il9fVklFV1NUQVRFIiBWYWx1ZT0ie3skSElEREVOMy5fX1ZJRVdTVEFURX19IiBSZWNvcmRlZFZhbHVlPSIiIENvcnJlbGF0aW9uQmluZGluZz0iIiBVcmxFbmNvZGU9IlRydWUiIC8+DQogICAgICAgICAgICA8Rm9ybVBvc3RQYXJhbWV0ZXIgTmFtZT0iY3RsMDAkY3RsMDAkY3RsMDAkY3RsMDAkQ29udGVudFBsYWNlSG9sZGVyRGVmYXVsdCRUb3BMb2dnZWRJbl8xJGhkblNjcmVlbkFyZWEiIFZhbHVlPSIiIFJlY29yZGVkVmFsdWU9IiIgQ29ycmVsYXRpb25CaW5kaW5nPSIiIFVybEVuY29kZT0iVHJ1ZSIgLz4NCiAgICAgICAgICAgIDxGb3JtUG9zdFBhcmFtZXRlciBOYW1lPSJjdGwwMCRjdGwwMCRjdGwwMCRjdGwwMCRDb250ZW50UGxhY2VIb2xkZXJEZWZhdWx0JENhcnRPdmVydmlld18zJGhkbkZpZWxkU2VsZWN0ZWRPcmRlckl0ZW1DaGVja291dFN0YXRlcyIgVmFsdWU9IiIgUmVjb3JkZWRWYWx1ZT0iIiBDb3JyZWxhdGlvbkJpbmRpbmc9IiIgVXJsRW5jb2RlPSJUcnVlIiAvPg0KICAgICAgICAgICAgPEZvcm1Qb3N0UGFyYW1ldGVyIE5hbWU9ImN0bDAwJGN0bDAwJGN0bDAwJGN0bDAwJENvbnRlbnRQbGFjZUhvbGRlckRlZmF1bHQkQ2FydE92ZXJ2aWV3XzMkaGRuRmllbGRDb21wbGV0ZUNhcnRDaGVja291dFN0YXRlRW51bXMiIFZhbHVlPSIiIFJlY29yZGVkVmFsdWU9IiIgQ29ycmVsYXRpb25CaW5kaW5nPSIiIFVybEVuY29kZT0iVHJ1ZSIgLz4NCiAgICAgICAgICAgIDxGb3JtUG9zdFBhcmFtZXRlciBOYW1lPSJjdGwwMCRjdGwwMCRjdGwwMCRjdGwwMCRDb250ZW50UGxhY2VIb2xkZXJEZWZhdWx0JENhcnRPdmVydmlld18zJGhkbkZpZWxkU2VsZWN0ZWRJdGVtSWRzIiBWYWx1ZT0iIiBSZWNvcmRlZFZhbHVlPSIiIENvcnJlbGF0aW9uQmluZGluZz0iIiBVcmxFbmNvZGU9IlRydWUiIC8+DQogICAgICAgICAgICA8Rm9ybVBvc3RQYXJhbWV0ZXIgTmFtZT0iY3RsMDAkY3RsMDAkY3RsMDAkY3RsMDAkQ29udGVudFBsYWNlSG9sZGVyRGVmYXVsdCRDYXJ0T3ZlcnZpZXdfMyRoZG5TY3JlZW5BcmVhIiBWYWx1ZT0iIiBSZWNvcmRlZFZhbHVlPSIiIENvcnJlbGF0aW9uQmluZGluZz0iIiBVcmxFbmNvZGU9IlRydWUiIC8+DQogICAgICAgICAgICA8Rm9ybVBvc3RQYXJhbWV0ZXIgTmFtZT0iY3RsMDAkY3RsMDAkY3RsMDAkY3RsMDAkQ29udGVudFBsYWNlSG9sZGVyRGVmYXVsdCRNYXN0ZXJQbGFjZWhvbGRlciRDaGVja291dFBsYWNlaG9sZGVyJENoZWNrb3V0V2l6YXJkTmF2aWdhdGlvblN0ZXBzXzUkaGRuU2NyZWVuQXJlYSIgVmFsdWU9IiIgUmVjb3JkZWRWYWx1ZT0iIiBDb3JyZWxhdGlvbkJpbmRpbmc9IiIgVXJsRW5jb2RlPSJUcnVlIiAvPg0KICAgICAgICAgICAgPEZvcm1Qb3N0UGFyYW1ldGVyIE5hbWU9ImN0bDAwJGN0bDAwJGN0bDAwJGN0bDAwJENvbnRlbnRQbGFjZUhvbGRlckRlZmF1bHQkTWFzdGVyUGxhY2Vob2xkZXIkQ2hlY2tvdXRQbGFjZWhvbGRlciRBZGRyZXNzTGlzdF82JGhkbkFkZHJlc3NUeXBlRW51bSIgVmFsdWU9IlNoaXBwaW5nIiBSZWNvcmRlZFZhbHVlPSIiIENvcnJlbGF0aW9uQmluZGluZz0iIiBVcmxFbmNvZGU9IlRydWUiIC8+DQogICAgICAgICAgICA8Rm9ybVBvc3RQYXJhbWV0ZXIgTmFtZT0iY3RsMDAkY3RsMDAkY3RsMDAkY3RsMDAkQ29udGVudFBsYWNlSG9sZGVyRGVmYXVsdCRNYXN0ZXJQbGFjZWhvbGRlciRDaGVja291dFBsYWNlaG9sZGVyJEFkZHJlc3NMaXN0XzYkaGRuU2VsZWN0ZWRBZGRyZXNzSWQiIFZhbHVlPSIxMjc0MzMiIFJlY29yZGVkVmFsdWU9IiIgQ29ycmVsYXRpb25CaW5kaW5nPSIiIFVybEVuY29kZT0iVHJ1ZSIgLz4NCiAgICAgICAgICAgIDxGb3JtUG9zdFBhcmFtZXRlciBOYW1lPSJjdGwwMCRjdGwwMCRjdGwwMCRjdGwwMCRDb250ZW50UGxhY2VIb2xkZXJEZWZhdWx0JE1hc3RlclBsYWNlaG9sZGVyJENoZWNrb3V0UGxhY2Vob2xkZXIkQWRkcmVzc0xpc3RfNiRndkFkZHJlc3NMaXN0JGN0bDAyJHJkYnRuU2VsZWN0QWRkcmVzcyIgVmFsdWU9InJkYnRuU2VsZWN0QWRkcmVzcyIgUmVjb3JkZWRWYWx1ZT0iIiBDb3JyZWxhdGlvbkJpbmRpbmc9IiIgVXJsRW5jb2RlPSJUcnVlIiAvPg0KICAgICAgICAgICAgPEZvcm1Qb3N0UGFyYW1ldGVyIE5hbWU9ImN0bDAwJGN0bDAwJGN0bDAwJGN0bDAwJENvbnRlbnRQbGFjZUhvbGRlckRlZmF1bHQkTWFzdGVyUGxhY2Vob2xkZXIkQ2hlY2tvdXRQbGFjZWhvbGRlciRBZGRyZXNzTGlzdF82JGhkbl9Db250ZW50UGxhY2VIb2xkZXJEZWZhdWx0X01hc3RlclBsYWNlaG9sZGVyX0NoZWNrb3V0UGxhY2Vob2xkZXJfQWRkcmVzc0xpc3RfNl9wbmxEcmFnYWJsZVdpbmRvd0NvbnRlbnRfR2V0RGF0YVF1ZXJ5IiBWYWx1ZT0ieyZxdW90O0FkZHJlc3NUeXBlRW51bSZxdW90OzomcXVvdDtTaGlwcGluZyZxdW90OywmcXVvdDtDb250cm9sTmFtZSZxdW90OzomcXVvdDtBZGRyZXNzTGlzdCZxdW90OywmcXVvdDtBY3Rpb24mcXVvdDs6JnF1b3Q7R2V0RGF0YSZxdW90OywmcXVvdDtTZWxlY3RlZEFkZHJlc3NJZCZxdW90OzoxMjc0MzMsJnF1b3Q7V2luZG93U2VsZWN0ZWRBZGRyZXNzSGlkZGVuRmllbGRDbGllbnRJZCZxdW90OzomcXVvdDtDb250ZW50UGxhY2VIb2xkZXJEZWZhdWx0X01hc3RlclBsYWNlaG9sZGVyX0NoZWNrb3V0UGxhY2Vob2xkZXJfaGRuQWRkcmVzc0xpc3RTZWxlY3RlZEFkZHJlc3NJZF9TaGlwcGluZyZxdW90O30iIFJlY29yZGVkVmFsdWU9IiIgQ29ycmVsYXRpb25CaW5kaW5nPSIiIFVybEVuY29kZT0iVHJ1ZSIgLz4NCiAgICAgICAgICAgIDxGb3JtUG9zdFBhcmFtZXRlciBOYW1lPSJjdGwwMCRjdGwwMCRjdGwwMCRjdGwwMCRDb250ZW50UGxhY2VIb2xkZXJEZWZhdWx0JE1hc3RlclBsYWNlaG9sZGVyJENoZWNrb3V0UGxhY2Vob2xkZXIkQWRkcmVzc0xpc3RfNiRoZG5TY3JlZW5BcmVhIiBWYWx1ZT0iIiBSZWNvcmRlZFZhbHVlPSIiIENvcnJlbGF0aW9uQmluZGluZz0iIiBVcmxFbmNvZGU9IlRydWUiIC8+DQogICAgICAgICAgICA8Rm9ybVBvc3RQYXJhbWV0ZXIgTmFtZT0iY3RsMDAkY3RsMDAkY3RsMDAkY3RsMDAkQ29udGVudFBsYWNlSG9sZGVyRGVmYXVsdCRNYXN0ZXJQbGFjZWhvbGRlciRDaGVja291dFBsYWNlaG9sZGVyJGhkbkFkZHJlc3NMaXN0U2VsZWN0ZWRBZGRyZXNzSWRfU2hpcHBpbmciIFZhbHVlPSIxMjc0MzMiIFJlY29yZGVkVmFsdWU9IiIgQ29ycmVsYXRpb25CaW5kaW5nPSIiIFVybEVuY29kZT0iVHJ1ZSIgLz4NCiAgICAgICAgICAgIDxGb3JtUG9zdFBhcmFtZXRlciBOYW1lPSJjdGwwMCRjdGwwMCRjdGwwMCRjdGwwMCRDb250ZW50UGxhY2VIb2xkZXJEZWZhdWx0JE1hc3RlclBsYWNlaG9sZGVyJENoZWNrb3V0UGxhY2Vob2xkZXIkQmlsbGluZ0Rpc3RyaWJ1dG9yXzckdWNBZGRyZXNzTGlzdCRoZG5BZGRyZXNzVHlwZUVudW0iIFZhbHVlPSJCaWxsaW5nIiBSZWNvcmRlZFZhbHVlPSIiIENvcnJlbGF0aW9uQmluZGluZz0iIiBVcmxFbmNvZGU9IlRydWUiIC8+DQogICAgICAgICAgICA8Rm9ybVBvc3RQYXJhbWV0ZXIgTmFtZT0iY3RsMDAkY3RsMDAkY3RsMDAkY3RsMDAkQ29udGVudFBsYWNlSG9sZGVyRGVmYXVsdCRNYXN0ZXJQbGFjZWhvbGRlciRDaGVja291dFBsYWNlaG9sZGVyJEJpbGxpbmdEaXN0cmlidXRvcl83JHVjQWRkcmVzc0xpc3QkaGRuU2VsZWN0ZWRBZGRyZXNzSWQiIFZhbHVlPSIxMjc0MzQiIFJlY29yZGVkVmFsdWU9IiIgQ29ycmVsYXRpb25CaW5kaW5nPSIiIFVybEVuY29kZT0iVHJ1ZSIgLz4NCiAgICAgICAgICAgIDxGb3JtUG9zdFBhcmFtZXRlciBOYW1lPSJjdGwwMCRjdGwwMCRjdGwwMCRjdGwwMCRDb250ZW50UGxhY2VIb2xkZXJEZWZhdWx0JE1hc3RlclBsYWNlaG9sZGVyJENoZWNrb3V0UGxhY2Vob2xkZXIkQmlsbGluZ0Rpc3RyaWJ1dG9yXzckdWNBZGRyZXNzTGlzdCRndkFkZHJlc3NMaXN0JGN0bDAyJHJkYnRuU2VsZWN0QWRkcmVzcyIgVmFsdWU9InJkYnRuU2VsZWN0QWRkcmVzcyIgUmVjb3JkZWRWYWx1ZT0iIiBDb3JyZWxhdGlvbkJpbmRpbmc9IiIgVXJsRW5jb2RlPSJUcnVlIiAvPg0KICAgICAgICAgICAgPEZvcm1Qb3N0UGFyYW1ldGVyIE5hbWU9ImN0bDAwJGN0bDAwJGN0bDAwJGN0bDAwJENvbnRlbnRQbGFjZUhvbGRlckRlZmF1bHQkTWFzdGVyUGxhY2Vob2xkZXIkQ2hlY2tvdXRQbGFjZWhvbGRlciRCaWxsaW5nRGlzdHJpYnV0b3JfNyR1Y0FkZHJlc3NMaXN0JGhkbl9Db250ZW50UGxhY2VIb2xkZXJEZWZhdWx0X01hc3RlclBsYWNlaG9sZGVyX0NoZWNrb3V0UGxhY2Vob2xkZXJfQmlsbGluZ0Rpc3RyaWJ1dG9yXzdfdWNBZGRyZXNzTGlzdF9wbmxEcmFnYWJsZVdpbmRvd0NvbnRlbnRfR2V0RGF0YVF1ZXJ5IiBWYWx1ZT0ieyZxdW90O0FkZHJlc3NUeXBlRW51bSZxdW90OzomcXVvdDtCaWxsaW5nJnF1b3Q7LCZxdW90O0NvbnRyb2xOYW1lJnF1b3Q7OiZxdW90O0FkZHJlc3NMaXN0JnF1b3Q7LCZxdW90O0FjdGlvbiZxdW90OzomcXVvdDtHZXREYXRhJnF1b3Q7LCZxdW90O1NlbGVjdGVkQWRkcmVzc0lkJnF1b3Q7OjEyNzQzNCwmcXVvdDtXaW5kb3dTZWxlY3RlZEFkZHJlc3NIaWRkZW5GaWVsZENsaWVudElkJnF1b3Q7OiZxdW90O0NvbnRlbnRQbGFjZUhvbGRlckRlZmF1bHRfTWFzdGVyUGxhY2Vob2xkZXJfQ2hlY2tvdXRQbGFjZWhvbGRlcl9CaWxsaW5nRGlzdHJpYnV0b3JfN19oZG5BZGRyZXNzTGlzdFNlbGVjdGVkQWRkcmVzc0lkX0JpbGxpbmcmcXVvdDt9IiBSZWNvcmRlZFZhbHVlPSIiIENvcnJlbGF0aW9uQmluZGluZz0iIiBVcmxFbmNvZGU9IlRydWUiIC8+DQogICAgICAgICAgICA8Rm9ybVBvc3RQYXJhbWV0ZXIgTmFtZT0iY3RsMDAkY3RsMDAkY3RsMDAkY3RsMDAkQ29udGVudFBsYWNlSG9sZGVyRGVmYXVsdCRNYXN0ZXJQbGFjZWhvbGRlciRDaGVja291dFBsYWNlaG9sZGVyJEJpbGxpbmdEaXN0cmlidXRvcl83JHVjQWRkcmVzc0xpc3QkaGRuU2NyZWVuQXJlYSIgVmFsdWU9IiIgUmVjb3JkZWRWYWx1ZT0iIiBDb3JyZWxhdGlvbkJpbmRpbmc9IiIgVXJsRW5jb2RlPSJUcnVlIiAvPg0KICAgICAgICAgICAgPEZvcm1Qb3N0UGFyYW1ldGVyIE5hbWU9ImN0bDAwJGN0bDAwJGN0bDAwJGN0bDAwJENvbnRlbnRQbGFjZUhvbGRlckRlZmF1bHQkTWFzdGVyUGxhY2Vob2xkZXIkQ2hlY2tvdXRQbGFjZWhvbGRlciRCaWxsaW5nRGlzdHJpYnV0b3JfNyRoZG5BZGRyZXNzTGlzdFNlbGVjdGVkQWRkcmVzc0lkX0JpbGxpbmciIFZhbHVlPSIxMjc0MzQiIFJlY29yZGVkVmFsdWU9IiIgQ29ycmVsYXRpb25CaW5kaW5nPSIiIFVybEVuY29kZT0iVHJ1ZSIgLz4NCiAgICAgICAgICAgIDxGb3JtUG9zdFBhcmFtZXRlciBOYW1lPSJjdGwwMCRjdGwwMCRjdGwwMCRjdGwwMCRDb250ZW50UGxhY2VIb2xkZXJEZWZhdWx0JE1hc3RlclBsYWNlaG9sZGVyJENoZWNrb3V0UGxhY2Vob2xkZXIkQmlsbGluZ0Rpc3RyaWJ1dG9yXzckaGRuU2NyZWVuQXJlYSIgVmFsdWU9IiIgUmVjb3JkZWRWYWx1ZT0iIiBDb3JyZWxhdGlvbkJpbmRpbmc9IiIgVXJsRW5jb2RlPSJUcnVlIiAvPg0KICAgICAgICAgICAgPEZvcm1Qb3N0UGFyYW1ldGVyIE5hbWU9ImN0bDAwJGN0bDAwJGN0bDAwJGN0bDAwJENvbnRlbnRQbGFjZUhvbGRlckRlZmF1bHQkTWFzdGVyUGxhY2Vob2xkZXIkQ2hlY2tvdXRQbGFjZWhvbGRlciRoZG5BZGRyZXNzTGlzdFNlbGVjdGVkQWRkcmVzc0lkX1BpY2tVcCIgVmFsdWU9IiIgUmVjb3JkZWRWYWx1ZT0iIiBDb3JyZWxhdGlvbkJpbmRpbmc9IiIgVXJsRW5jb2RlPSJUcnVlIiAvPg0KICAgICAgICAgICAgPEZvcm1Qb3N0UGFyYW1ldGVyIE5hbWU9ImN0bDAwJGN0bDAwJGN0bDAwJGN0bDAwJENvbnRlbnRQbGFjZUhvbGRlckRlZmF1bHQkTWFzdGVyUGxhY2Vob2xkZXIkQ2hlY2tvdXRQbGFjZWhvbGRlciR1Y1NraXBDaGVja291dFN0ZXBfMTAkaGRuU2NyZWVuQXJlYSIgVmFsdWU9IiIgUmVjb3JkZWRWYWx1ZT0iIiBDb3JyZWxhdGlvbkJpbmRpbmc9IiIgVXJsRW5jb2RlPSJUcnVlIiAvPg0KICAgICAgICAgICAgPEZvcm1Qb3N0UGFyYW1ldGVyIE5hbWU9ImN0bDAwJGN0bDAwJGN0bDAwJGN0bDAwJENvbnRlbnRQbGFjZUhvbGRlckRlZmF1bHQkTWFzdGVyUGxhY2Vob2xkZXIkQ2hlY2tvdXRQbGFjZWhvbGRlciRDaGVja091dFdpemFyZE5hdmlnYXRvcl8xMSRoZG5TaGlwcGluZ0FkZHJlc3NJZCIgVmFsdWU9IjEyNzQzMyIgUmVjb3JkZWRWYWx1ZT0iIiBDb3JyZWxhdGlvbkJpbmRpbmc9IiIgVXJsRW5jb2RlPSJUcnVlIiAvPg0KICAgICAgICAgICAgPEZvcm1Qb3N0UGFyYW1ldGVyIE5hbWU9ImN0bDAwJGN0bDAwJGN0bDAwJGN0bDAwJENvbnRlbnRQbGFjZUhvbGRlckRlZmF1bHQkTWFzdGVyUGxhY2Vob2xkZXIkQ2hlY2tvdXRQbGFjZWhvbGRlciRDaGVja091dFdpemFyZE5hdmlnYXRvcl8xMSRoZG5CaWxsaW5nQWRkcmVzc0lkIiBWYWx1ZT0iMTI3NDM0IiBSZWNvcmRlZFZhbHVlPSIiIENvcnJlbGF0aW9uQmluZGluZz0iIiBVcmxFbmNvZGU9IlRydWUiIC8+DQogICAgICAgICAgICA8Rm9ybVBvc3RQYXJhbWV0ZXIgTmFtZT0iY3RsMDAkY3RsMDAkY3RsMDAkY3RsMDAkQ29udGVudFBsYWNlSG9sZGVyRGVmYXVsdCRNYXN0ZXJQbGFjZWhvbGRlciRDaGVja291dFBsYWNlaG9sZGVyJENoZWNrT3V0V2l6YXJkTmF2aWdhdG9yXzExJGhkblBpY2tVcEFkZHJlc3NJZCIgVmFsdWU9IiIgUmVjb3JkZWRWYWx1ZT0iIiBDb3JyZWxhdGlvbkJpbmRpbmc9IiIgVXJsRW5jb2RlPSJUcnVlIiAvPg0KICAgICAgICAgICAgPEZvcm1Qb3N0UGFyYW1ldGVyIE5hbWU9ImN0bDAwJGN0bDAwJGN0bDAwJGN0bDAwJENvbnRlbnRQbGFjZUhvbGRlckRlZmF1bHQkTWFzdGVyUGxhY2Vob2xkZXIkQ2hlY2tvdXRQbGFjZWhvbGRlciRDaGVja091dFdpemFyZE5hdmlnYXRvcl8xMSRoZG5Jc0Rpc3RyaWJ1dG9yQXZhaWxhYmxlIiBWYWx1ZT0iZmFsc2UiIFJlY29yZGVkVmFsdWU9IiIgQ29ycmVsYXRpb25CaW5kaW5nPSIiIFVybEVuY29kZT0iVHJ1ZSIgLz4NCiAgICAgICAgICAgIDxGb3JtUG9zdFBhcmFtZXRlciBOYW1lPSJjdGwwMCRjdGwwMCRjdGwwMCRjdGwwMCRDb250ZW50UGxhY2VIb2xkZXJEZWZhdWx0JE1hc3RlclBsYWNlaG9sZGVyJENoZWNrb3V0UGxhY2Vob2xkZXIkQ2hlY2tPdXRXaXphcmROYXZpZ2F0b3JfMTEkaGRiRGlzdHJpYnV0b3JTZWxlY3Rpb25FcnJvciIgVmFsdWU9IiIgUmVjb3JkZWRWYWx1ZT0iIiBDb3JyZWxhdGlvbkJpbmRpbmc9IiIgVXJsRW5jb2RlPSJUcnVlIiAvPg0KICAgICAgICAgICAgPEZvcm1Qb3N0UGFyYW1ldGVyIE5hbWU9ImN0bDAwJGN0bDAwJGN0bDAwJGN0bDAwJENvbnRlbnRQbGFjZUhvbGRlckRlZmF1bHQkTWFzdGVyUGxhY2Vob2xkZXIkQ2hlY2tvdXRQbGFjZWhvbGRlciRDaGVja091dFdpemFyZE5hdmlnYXRvcl8xMSRoZG5IYXNEaXN0cmlidXRvclNlbGVjdGlvbkVycm9yIiBWYWx1ZT0iIiBSZWNvcmRlZFZhbHVlPSIiIENvcnJlbGF0aW9uQmluZGluZz0iIiBVcmxFbmNvZGU9IlRydWUiIC8+DQogICAgICAgICAgICA8Rm9ybVBvc3RQYXJhbWV0ZXIgTmFtZT0iY3RsMDAkY3RsMDAkY3RsMDAkY3RsMDAkQ29udGVudFBsYWNlSG9sZGVyRGVmYXVsdCRNYXN0ZXJQbGFjZWhvbGRlciRDaGVja291dFBsYWNlaG9sZGVyJENoZWNrT3V0V2l6YXJkTmF2aWdhdG9yXzExJGhkblJlcXVpcmVkU2hpcHBpbmdBZGRyZXNzU2VsZWN0aW9uVmFsaWRhdGlvbiIgVmFsdWU9IiIgUmVjb3JkZWRWYWx1ZT0iIiBDb3JyZWxhdGlvbkJpbmRpbmc9IiIgVXJsRW5jb2RlPSJUcnVlIiAvPg0KICAgICAgICAgICAgPEZvcm1Qb3N0UGFyYW1ldGVyIE5hbWU9ImN0bDAwJGN0bDAwJGN0bDAwJGN0bDAwJENvbnRlbnRQbGFjZUhvbGRlckRlZmF1bHQkTWFzdGVyUGxhY2Vob2xkZXIkQ2hlY2tvdXRQbGFjZWhvbGRlciRDaGVja091dFdpemFyZE5hdmlnYXRvcl8xMSRoZG5SZXF1aXJlZFBpY2tVcEFkZHJlc3NTZWxlY3Rpb25WYWxpZGF0aW9uIiBWYWx1ZT0iIiBSZWNvcmRlZFZhbHVlPSIiIENvcnJlbGF0aW9uQmluZGluZz0iIiBVcmxFbmNvZGU9IlRydWUiIC8+DQogICAgICAgICAgICA8Rm9ybVBvc3RQYXJhbWV0ZXIgTmFtZT0iY3RsMDAkY3RsMDAkY3RsMDAkY3RsMDAkQ29udGVudFBsYWNlSG9sZGVyRGVmYXVsdCRNYXN0ZXJQbGFjZWhvbGRlciRDaGVja291dFBsYWNlaG9sZGVyJENoZWNrT3V0V2l6YXJkTmF2aWdhdG9yXzExJGhkblBpY2tVcEFkZHJlc3NDaGVja0JveENoZWNrZWQiIFZhbHVlPSIiIFJlY29yZGVkVmFsdWU9IiIgQ29ycmVsYXRpb25CaW5kaW5nPSIiIFVybEVuY29kZT0iVHJ1ZSIgLz4NCiAgICAgICAgICAgIDxGb3JtUG9zdFBhcmFtZXRlciBOYW1lPSJjdGwwMCRjdGwwMCRjdGwwMCRjdGwwMCRDb250ZW50UGxhY2VIb2xkZXJEZWZhdWx0JE1hc3RlclBsYWNlaG9sZGVyJENoZWNrb3V0UGxhY2Vob2xkZXIkQ2hlY2tPdXRXaXphcmROYXZpZ2F0b3JfMTEkaGRuU2FtZURheURlbGl2ZXJ5RGF5b2ZXZWVrIiBWYWx1ZT0iIiBSZWNvcmRlZFZhbHVlPSIiIENvcnJlbGF0aW9uQmluZGluZz0iIiBVcmxFbmNvZGU9IlRydWUiIC8+DQogICAgICAgICAgICA8Rm9ybVBvc3RQYXJhbWV0ZXIgTmFtZT0iY3RsMDAkY3RsMDAkY3RsMDAkY3RsMDAkQ29udGVudFBsYWNlSG9sZGVyRGVmYXVsdCRNYXN0ZXJQbGFjZWhvbGRlciRDaGVja291dFBsYWNlaG9sZGVyJENoZWNrT3V0V2l6YXJkTmF2aWdhdG9yXzExJGhkbl9Db250ZW50UGxhY2VIb2xkZXJEZWZhdWx0X01hc3RlclBsYWNlaG9sZGVyX0NoZWNrb3V0UGxhY2Vob2xkZXJfQ2hlY2tPdXRXaXphcmROYXZpZ2F0b3JfMTFfcG5sRHJhZ2FibGVXaW5kb3dDb250ZW50X0dldERhdGFRdWVyeSIgVmFsdWU9InsmcXVvdDtDb250cm9sTmFtZSZxdW90OzomcXVvdDtDaGVja091dFdpemFyZE5hdmlnYXRvciZxdW90OywmcXVvdDtBY3Rpb24mcXVvdDs6JnF1b3Q7R2V0RGF0YSZxdW90OywmcXVvdDtTaGlwcGluZ0FkZHJlc3NJZCZxdW90OzomcXVvdDsxMjc0MzMmcXVvdDssJnF1b3Q7QmlsbGluZ0FkZHJlc3NJZCZxdW90OzomcXVvdDsxMjc0MzQmcXVvdDt9IiBSZWNvcmRlZFZhbHVlPSIiIENvcnJlbGF0aW9uQmluZGluZz0iIiBVcmxFbmNvZGU9IlRydWUiIC8+DQogICAgICAgICAgICA8Rm9ybVBvc3RQYXJhbWV0ZXIgTmFtZT0iY3RsMDAkY3RsMDAkY3RsMDAkY3RsMDAkQ29udGVudFBsYWNlSG9sZGVyRGVmYXVsdCRNYXN0ZXJQbGFjZWhvbGRlciRDaGVja291dFBsYWNlaG9sZGVyJENoZWNrT3V0V2l6YXJkTmF2aWdhdG9yXzExJGhkblNjcmVlbkFyZWEiIFZhbHVlPSIiIFJlY29yZGVkVmFsdWU9IiIgQ29ycmVsYXRpb25CaW5kaW5nPSIiIFVybEVuY29kZT0iVHJ1ZSIgLz4NCiAgICAgICAgICAgIDxGb3JtUG9zdFBhcmFtZXRlciBOYW1lPSJjdGwwMCRjdGwwMCRjdGwwMCRjdGwwMCRDb250ZW50UGxhY2VIb2xkZXJEZWZhdWx0JGhkbkNhbkluaXRpYWxpemVDdWx0dXJlIiBWYWx1ZT0iZmFsc2UiIFJlY29yZGVkVmFsdWU9IiIgQ29ycmVsYXRpb25CaW5kaW5nPSIiIFVybEVuY29kZT0iVHJ1ZSIgLz4NCiAgICAgICAgICAgIDxGb3JtUG9zdFBhcmFtZXRlciBOYW1lPSJjdGwwMCRjdGwwMCRjdGwwMCRjdGwwMCRDb250ZW50UGxhY2VIb2xkZXJEZWZhdWx0JGhkbkVjb21EcmFnRHJvcEpzb24iIFZhbHVlPSIiIFJlY29yZGVkVmFsdWU9IiIgQ29ycmVsYXRpb25CaW5kaW5nPSIiIFVybEVuY29kZT0iVHJ1ZSIgLz4NCiAgICAgICAgICAgIDxGb3JtUG9zdFBhcmFtZXRlciBOYW1lPSJjdGwwMCRjdGwwMCRjdGwwMCRjdGwwMCRDb250ZW50UGxhY2VIb2xkZXJEZWZhdWx0JGhkbkN1cnJlbnRQYWdlSWRlbnRpdHkiIFZhbHVlPSIxMTMwIiBSZWNvcmRlZFZhbHVlPSIiIENvcnJlbGF0aW9uQmluZGluZz0iIiBVcmxFbmNvZGU9IlRydWUiIC8+DQogICAgICAgICAgICA8Rm9ybVBvc3RQYXJhbWV0ZXIgTmFtZT0iY3RsMDAkY3RsMDAkY3RsMDAkY3RsMDAkQ29udGVudFBsYWNlSG9sZGVyRGVmYXVsdCRoZG5TY3JvbGxZUG9zaXRpb24iIFZhbHVlPSIyMDIiIFJlY29yZGVkVmFsdWU9IiIgQ29ycmVsYXRpb25CaW5kaW5nPSIiIFVybEVuY29kZT0iVHJ1ZSIgLz4NCiAgICAgICAgICAgIDxGb3JtUG9zdFBhcmFtZXRlciBOYW1lPSJfX1ZJRVdTVEFURUdFTkVSQVRPUiIgVmFsdWU9IkNBMEIwMzM0IiBSZWNvcmRlZFZhbHVlPSIiIENvcnJlbGF0aW9uQmluZGluZz0iIiBVcmxFbmNvZGU9IlRydWUiIC8+DQogICAgICAgICAgICA8Rm9ybVBvc3RQYXJhbWV0ZXIgTmFtZT0iQ29udGVudFBsYWNlSG9sZGVyRGVmYXVsdF9NYXN0ZXJQbGFjZWhvbGRlcl9DaGVja291dFBsYWNlaG9sZGVyX0NoZWNrT3V0V2l6YXJkTmF2aWdhdG9yXzExX3BubFRlcm1zQW5kQ29uZGl0aW9uc0RpYWxvZyRoZG5EaXN0cmlidXRvcklkIiBWYWx1ZT0iIiBSZWNvcmRlZFZhbHVlPSIiIENvcnJlbGF0aW9uQmluZGluZz0iIiBVcmxFbmNvZGU9IlRydWUiIC8+DQogICAgICAgICAgPC9Gb3JtUG9zdEh0dHBCb2R5Pg0KICAgICAgICA8L1JlcXVlc3Q+DQogICAgICA8L0l0ZW1zPg0KICAgIDwvVHJhbnNhY3Rpb25UaW1lcj4NCiAgICA8VHJhbnNhY3Rpb25UaW1lciBOYW1lPSJjbGlja19vbl9uZXh0X3ByZWZhcmFuY2VzIj4NCiAgICAgIDxJdGVtcz4NCiAgICAgICAgPFJlcXVlc3QgTWV0aG9kPSJQT1NUIiBHdWlkPSJiMDFjZGI2Yy1hNTJiLTRhYjItYTNjNi03NjdmMzVmODdmYWMiIFZlcnNpb249IjEuMSIgVXJsPSJodHRwOi8vaW4wMWFwdjExOjgxL2VuL2NoZWNrb3V0L3N0ZXAzLmFzcHgiIFRoaW5rVGltZT0iNCIgVGltZW91dD0iNjAiIFBhcnNlRGVwZW5kZW50UmVxdWVzdHM9IlRydWUiIEZvbGxvd1JlZGlyZWN0cz0iVHJ1ZSIgUmVjb3JkUmVzdWx0PSJUcnVlIiBDYWNoZT0iRmFsc2UiIFJlc3BvbnNlVGltZUdvYWw9IjAiIEVuY29kaW5nPSJ1dGYtOCIgRXhwZWN0ZWRIdHRwU3RhdHVzQ29kZT0iMCIgRXhwZWN0ZWRSZXNwb25zZVVybD0iIiBSZXBvcnRpbmdOYW1lPSIiIElnbm9yZUh0dHBTdGF0dXNDb2RlPSJGYWxzZSI+DQogICAgICAgICAgPEhlYWRlcnM+DQogICAgICAgICAgICA8SGVhZGVyIE5hbWU9Ik9yaWdpbiIgVmFsdWU9Imh0dHA6Ly9pbjAxYXB2MTE6ODEiIC8+DQogICAgICAgICAgICA8SGVhZGVyIE5hbWU9IlVwZ3JhZGUtSW5zZWN1cmUtUmVxdWVzdHMiIFZhbHVlPSIxIiAvPg0KICAgICAgICAgICAgPEhlYWRlciBOYW1lPSJDb250ZW50LVR5cGUiIFZhbHVlPSJhcHBsaWNhdGlvbi94LXd3dy1mb3JtLXVybGVuY29kZWQiIC8+DQogICAgICAgICAgPC9IZWFkZXJzPg0KICAgICAgICAgIDxFeHRyYWN0aW9uUnVsZXM+DQogICAgICAgICAgICA8RXh0cmFjdGlvblJ1bGUgQ2xhc3NuYW1lPSJNaWNyb3NvZnQuVmlzdWFsU3R1ZGlvLlRlc3RUb29scy5XZWJUZXN0aW5nLlJ1bGVzLkV4dHJhY3RGb3JtRmllbGQsIE1pY3Jvc29mdC5WaXN1YWxTdHVkaW8uUXVhbGl0eVRvb2xzLldlYlRlc3RGcmFtZXdvcmssIFZlcnNpb249MTQuMC4wLjAsIEN1bHR1cmU9bmV1dHJhbCwgUHVibGljS2V5VG9rZW49YjAzZjVmN2YxMWQ1MGEzYSIgVmFyaWFibGVOYW1lPSIkSElEREVONS5fX1ZJRVdTVEFURSIgRGlzcGxheU5hbWU9IkV4dHJhY3QgRm9ybSBGaWVsZCIgRGVzY3JpcHRpb249IkV4dHJhY3QgdGhlIHZhbHVlIG9mIGEgc3BlY2lmaWVkIGZvcm0gZmllbGQgaW4gdGhlIHJlc3BvbnNlIGFuZCBwbGFjZSBpdCBpbnRvIHRoZSB0ZXN0IGNvbnRleHQuIj4NCiAgICAgICAgICAgICAgPFJ1bGVQYXJhbWV0ZXJzPg0KICAgICAgICAgICAgICAgIDxSdWxlUGFyYW1ldGVyIE5hbWU9Ik5hbWUiIFZhbHVlPSJfX1ZJRVdTVEFURSIgLz4NCiAgICAgICAgICAgICAgPC9SdWxlUGFyYW1ldGVycz4NCiAgICAgICAgICAgIDwvRXh0cmFjdGlvblJ1bGU+DQogICAgICAgICAgPC9FeHRyYWN0aW9uUnVsZXM+DQogICAgICAgICAgPEZvcm1Qb3N0SHR0cEJvZHk+DQogICAgICAgICAgICA8Rm9ybVBvc3RQYXJhbWV0ZXIgTmFtZT0iX19FVkVOVFRBUkdFVCIgVmFsdWU9IiIgUmVjb3JkZWRWYWx1ZT0iIiBDb3JyZWxhdGlvbkJpbmRpbmc9IiIgVXJsRW5jb2RlPSJUcnVlIiAvPg0KICAgICAgICAgICAgPEZvcm1Qb3N0UGFyYW1ldGVyIE5hbWU9Il9fRVZFTlRBUkdVTUVOVCIgVmFsdWU9IiIgUmVjb3JkZWRWYWx1ZT0iIiBDb3JyZWxhdGlvbkJpbmRpbmc9IiIgVXJsRW5jb2RlPSJUcnVlIiAvPg0KICAgICAgICAgICAgPEZvcm1Qb3N0UGFyYW1ldGVyIE5hbWU9Il9fVklFV1NUQVRFIiBWYWx1ZT0ie3skSElEREVONC5fX1ZJRVdTVEFURX19IiBSZWNvcmRlZFZhbHVlPSIiIENvcnJlbGF0aW9uQmluZGluZz0iIiBVcmxFbmNvZGU9IlRydWUiIC8+DQogICAgICAgICAgICA8Rm9ybVBvc3RQYXJhbWV0ZXIgTmFtZT0iY3RsMDAkY3RsMDAkY3RsMDAkY3RsMDAkQ29udGVudFBsYWNlSG9sZGVyRGVmYXVsdCRUb3BMb2dnZWRJbl8xJGhkblNjcmVlbkFyZWEiIFZhbHVlPSIiIFJlY29yZGVkVmFsdWU9IiIgQ29ycmVsYXRpb25CaW5kaW5nPSIiIFVybEVuY29kZT0iVHJ1ZSIgLz4NCiAgICAgICAgICAgIDxGb3JtUG9zdFBhcmFtZXRlciBOYW1lPSJjdGwwMCRjdGwwMCRjdGwwMCRjdGwwMCRDb250ZW50UGxhY2VIb2xkZXJEZWZhdWx0JENhcnRPdmVydmlld18zJGhkbkZpZWxkU2VsZWN0ZWRPcmRlckl0ZW1DaGVja291dFN0YXRlcyIgVmFsdWU9IiIgUmVjb3JkZWRWYWx1ZT0iIiBDb3JyZWxhdGlvbkJpbmRpbmc9IiIgVXJsRW5jb2RlPSJUcnVlIiAvPg0KICAgICAgICAgICAgPEZvcm1Qb3N0UGFyYW1ldGVyIE5hbWU9ImN0bDAwJGN0bDAwJGN0bDAwJGN0bDAwJENvbnRlbnRQbGFjZUhvbGRlckRlZmF1bHQkQ2FydE92ZXJ2aWV3XzMkaGRuRmllbGRDb21wbGV0ZUNhcnRDaGVja291dFN0YXRlRW51bXMiIFZhbHVlPSIiIFJlY29yZGVkVmFsdWU9IiIgQ29ycmVsYXRpb25CaW5kaW5nPSIiIFVybEVuY29kZT0iVHJ1ZSIgLz4NCiAgICAgICAgICAgIDxGb3JtUG9zdFBhcmFtZXRlciBOYW1lPSJjdGwwMCRjdGwwMCRjdGwwMCRjdGwwMCRDb250ZW50UGxhY2VIb2xkZXJEZWZhdWx0JENhcnRPdmVydmlld18zJGhkbkZpZWxkU2VsZWN0ZWRJdGVtSWRzIiBWYWx1ZT0iIiBSZWNvcmRlZFZhbHVlPSIiIENvcnJlbGF0aW9uQmluZGluZz0iIiBVcmxFbmNvZGU9IlRydWUiIC8+DQogICAgICAgICAgICA8Rm9ybVBvc3RQYXJhbWV0ZXIgTmFtZT0iY3RsMDAkY3RsMDAkY3RsMDAkY3RsMDAkQ29udGVudFBsYWNlSG9sZGVyRGVmYXVsdCRDYXJ0T3ZlcnZpZXdfMyRoZG5TY3JlZW5BcmVhIiBWYWx1ZT0iIiBSZWNvcmRlZFZhbHVlPSIiIENvcnJlbGF0aW9uQmluZGluZz0iIiBVcmxFbmNvZGU9IlRydWUiIC8+DQogICAgICAgICAgICA8Rm9ybVBvc3RQYXJhbWV0ZXIgTmFtZT0iY3RsMDAkY3RsMDAkY3RsMDAkY3RsMDAkQ29udGVudFBsYWNlSG9sZGVyRGVmYXVsdCRNYXN0ZXJQbGFjZWhvbGRlciRDaGVja291dFBsYWNlaG9sZGVyJENoZWNrb3V0V2l6YXJkTmF2aWdhdGlvblN0ZXBzXzUkaGRuU2NyZWVuQXJlYSIgVmFsdWU9IiIgUmVjb3JkZWRWYWx1ZT0iIiBDb3JyZWxhdGlvbkJpbmRpbmc9IiIgVXJsRW5jb2RlPSJUcnVlIiAvPg0KICAgICAgICAgICAgPEZvcm1Qb3N0UGFyYW1ldGVyIE5hbWU9ImN0bDAwJGN0bDAwJGN0bDAwJGN0bDAwJENvbnRlbnRQbGFjZUhvbGRlckRlZmF1bHQkTWFzdGVyUGxhY2Vob2xkZXIkQ2hlY2tvdXRQbGFjZWhvbGRlciRNYWlsUHJlZmVyZW5jZXNfNiRjaGtTZW5kT3JkZXJJbmZvcm1hdGlvbkJ5RW1haWwiIFZhbHVlPSJvbiIgUmVjb3JkZWRWYWx1ZT0iIiBDb3JyZWxhdGlvbkJpbmRpbmc9IiIgVXJsRW5jb2RlPSJUcnVlIiAvPg0KICAgICAgICAgICAgPEZvcm1Qb3N0UGFyYW1ldGVyIE5hbWU9ImN0bDAwJGN0bDAwJGN0bDAwJGN0bDAwJENvbnRlbnRQbGFjZUhvbGRlckRlZmF1bHQkTWFzdGVyUGxhY2Vob2xkZXIkQ2hlY2tvdXRQbGFjZWhvbGRlciRNYWlsUHJlZmVyZW5jZXNfNiR0eHRTZW5kQWRkaXRpb25hbENvbmZpcm1hdGlvbkVtYWlscyIgVmFsdWU9InBudGVzdDAwMUBldXJvZmlucy5jb20iIFJlY29yZGVkVmFsdWU9IiIgQ29ycmVsYXRpb25CaW5kaW5nPSIiIFVybEVuY29kZT0iVHJ1ZSIgLz4NCiAgICAgICAgICAgIDxGb3JtUG9zdFBhcmFtZXRlciBOYW1lPSJjdGwwMCRjdGwwMCRjdGwwMCRjdGwwMCRDb250ZW50UGxhY2VIb2xkZXJEZWZhdWx0JE1hc3RlclBsYWNlaG9sZGVyJENoZWNrb3V0UGxhY2Vob2xkZXIkTWFpbFByZWZlcmVuY2VzXzYkdnNNYWlsUHJlZmVyZW5jZXMkaGRuVmFsaWRhdGlvblJlc3VsdCIgVmFsdWU9InRydWUiIFJlY29yZGVkVmFsdWU9IiIgQ29ycmVsYXRpb25CaW5kaW5nPSIiIFVybEVuY29kZT0iVHJ1ZSIgLz4NCiAgICAgICAgICAgIDxGb3JtUG9zdFBhcmFtZXRlciBOYW1lPSJjdGwwMCRjdGwwMCRjdGwwMCRjdGwwMCRDb250ZW50UGxhY2VIb2xkZXJEZWZhdWx0JE1hc3RlclBsYWNlaG9sZGVyJENoZWNrb3V0UGxhY2Vob2xkZXIkTWFpbFByZWZlcmVuY2VzXzYkaGRuU2NyZWVuQXJlYSIgVmFsdWU9IiIgUmVjb3JkZWRWYWx1ZT0iIiBDb3JyZWxhdGlvbkJpbmRpbmc9IiIgVXJsRW5jb2RlPSJUcnVlIiAvPg0KICAgICAgICAgICAgPEZvcm1Qb3N0UGFyYW1ldGVyIE5hbWU9ImN0bDAwJGN0bDAwJGN0bDAwJGN0bDAwJENvbnRlbnRQbGFjZUhvbGRlckRlZmF1bHQkTWFzdGVyUGxhY2Vob2xkZXIkQ2hlY2tvdXRQbGFjZWhvbGRlciRQcmVmZXJlbmNlc09saWdvXzckcnB0ZG9jdW1lbnRPcHRpb25zJGN0bDAwJGNoa0RvY3VtZW50b3B0aW9uIiBWYWx1ZT0ib24iIFJlY29yZGVkVmFsdWU9IiIgQ29ycmVsYXRpb25CaW5kaW5nPSIiIFVybEVuY29kZT0iVHJ1ZSIgLz4NCiAgICAgICAgICAgIDxGb3JtUG9zdFBhcmFtZXRlciBOYW1lPSJjdGwwMCRjdGwwMCRjdGwwMCRjdGwwMCRDb250ZW50UGxhY2VIb2xkZXJEZWZhdWx0JE1hc3RlclBsYWNlaG9sZGVyJENoZWNrb3V0UGxhY2Vob2xkZXIkUHJlZmVyZW5jZXNPbGlnb183JHJwdGRvY3VtZW50T3B0aW9ucyRjdGwwMCRoZERvY3VtZW50T3B0aW9uS2V5IiBWYWx1ZT0iRG9jdW1lbnRPcHRpb240IiBSZWNvcmRlZFZhbHVlPSIiIENvcnJlbGF0aW9uQmluZGluZz0iIiBVcmxFbmNvZGU9IlRydWUiIC8+DQogICAgICAgICAgICA8Rm9ybVBvc3RQYXJhbWV0ZXIgTmFtZT0iY3RsMDAkY3RsMDAkY3RsMDAkY3RsMDAkQ29udGVudFBsYWNlSG9sZGVyRGVmYXVsdCRNYXN0ZXJQbGFjZWhvbGRlciRDaGVja291dFBsYWNlaG9sZGVyJFByZWZlcmVuY2VzT2xpZ29fNyRycHRkb2N1bWVudE9wdGlvbnMkY3RsMDAkaGREb2N1bWVudFJlc3hLZXkiIFZhbHVlPSJSZXN4S2V5MDAxIiBSZWNvcmRlZFZhbHVlPSIiIENvcnJlbGF0aW9uQmluZGluZz0iIiBVcmxFbmNvZGU9IlRydWUiIC8+DQogICAgICAgICAgICA8Rm9ybVBvc3RQYXJhbWV0ZXIgTmFtZT0iY3RsMDAkY3RsMDAkY3RsMDAkY3RsMDAkQ29udGVudFBsYWNlSG9sZGVyRGVmYXVsdCRNYXN0ZXJQbGFjZWhvbGRlciRDaGVja291dFBsYWNlaG9sZGVyJFByZWZlcmVuY2VzT2xpZ29fNyRycHRkb2N1bWVudE9wdGlvbnMkY3RsMDEkaGREb2N1bWVudE9wdGlvbktleSIgVmFsdWU9IkRvY3VtZW50T3B0aW9uMyIgUmVjb3JkZWRWYWx1ZT0iIiBDb3JyZWxhdGlvbkJpbmRpbmc9IiIgVXJsRW5jb2RlPSJUcnVlIiAvPg0KICAgICAgICAgICAgPEZvcm1Qb3N0UGFyYW1ldGVyIE5hbWU9ImN0bDAwJGN0bDAwJGN0bDAwJGN0bDAwJENvbnRlbnRQbGFjZUhvbGRlckRlZmF1bHQkTWFzdGVyUGxhY2Vob2xkZXIkQ2hlY2tvdXRQbGFjZWhvbGRlciRQcmVmZXJlbmNlc09saWdvXzckcnB0ZG9jdW1lbnRPcHRpb25zJGN0bDAxJGhkRG9jdW1lbnRSZXN4S2V5IiBWYWx1ZT0iUmVzeEtleTAwMiIgUmVjb3JkZWRWYWx1ZT0iIiBDb3JyZWxhdGlvbkJpbmRpbmc9IiIgVXJsRW5jb2RlPSJUcnVlIiAvPg0KICAgICAgICAgICAgPEZvcm1Qb3N0UGFyYW1ldGVyIE5hbWU9ImN0bDAwJGN0bDAwJGN0bDAwJGN0bDAwJENvbnRlbnRQbGFjZUhvbGRlckRlZmF1bHQkTWFzdGVyUGxhY2Vob2xkZXIkQ2hlY2tvdXRQbGFjZWhvbGRlciRQcmVmZXJlbmNlc09saWdvXzckcnB0ZG9jdW1lbnRPcHRpb25zJGN0bDAyJGhkRG9jdW1lbnRPcHRpb25LZXkiIFZhbHVlPSJEb2N1bWVudE9wdGlvbjUiIFJlY29yZGVkVmFsdWU9IiIgQ29ycmVsYXRpb25CaW5kaW5nPSIiIFVybEVuY29kZT0iVHJ1ZSIgLz4NCiAgICAgICAgICAgIDxGb3JtUG9zdFBhcmFtZXRlciBOYW1lPSJjdGwwMCRjdGwwMCRjdGwwMCRjdGwwMCRDb250ZW50UGxhY2VIb2xkZXJEZWZhdWx0JE1hc3RlclBsYWNlaG9sZGVyJENoZWNrb3V0UGxhY2Vob2xkZXIkUHJlZmVyZW5jZXNPbGlnb183JHJwdGRvY3VtZW50T3B0aW9ucyRjdGwwMiRoZERvY3VtZW50UmVzeEtleSIgVmFsdWU9IlJlc3hLZXkwMDMiIFJlY29yZGVkVmFsdWU9IiIgQ29ycmVsYXRpb25CaW5kaW5nPSIiIFVybEVuY29kZT0iVHJ1ZSIgLz4NCiAgICAgICAgICAgIDxGb3JtUG9zdFBhcmFtZXRlciBOYW1lPSJjdGwwMCRjdGwwMCRjdGwwMCRjdGwwMCRDb250ZW50UGxhY2VIb2xkZXJEZWZhdWx0JE1hc3RlclBsYWNlaG9sZGVyJENoZWNrb3V0UGxhY2Vob2xkZXIkUHJlZmVyZW5jZXNPbGlnb183JHJwdE9saWdvUHJlZmVyZW5jZXNUdWJlTGF5b3V0T3B0aW9ucyRjdGwwMCRSZG9MYXlvdXRLZXkiIFZhbHVlPSJyZG9QcmVmZXJlbmNlc0xheW91dEtleSIgUmVjb3JkZWRWYWx1ZT0iIiBDb3JyZWxhdGlvbkJpbmRpbmc9IiIgVXJsRW5jb2RlPSJUcnVlIiAvPg0KICAgICAgICAgICAgPEZvcm1Qb3N0UGFyYW1ldGVyIE5hbWU9ImN0bDAwJGN0bDAwJGN0bDAwJGN0bDAwJENvbnRlbnRQbGFjZUhvbGRlckRlZmF1bHQkTWFzdGVyUGxhY2Vob2xkZXIkQ2hlY2tvdXRQbGFjZWhvbGRlciRQcmVmZXJlbmNlc09saWdvXzckcnB0T2xpZ29QcmVmZXJlbmNlc1R1YmVMYXlvdXRPcHRpb25zJGN0bDAwJGhkVHViZUxheW91dEtleSIgVmFsdWU9IlR1YmVMYXlvdXQ1IiBSZWNvcmRlZFZhbHVlPSIiIENvcnJlbGF0aW9uQmluZGluZz0iIiBVcmxFbmNvZGU9IlRydWUiIC8+DQogICAgICAgICAgICA8Rm9ybVBvc3RQYXJhbWV0ZXIgTmFtZT0iY3RsMDAkY3RsMDAkY3RsMDAkY3RsMDAkQ29udGVudFBsYWNlSG9sZGVyRGVmYXVsdCRNYXN0ZXJQbGFjZWhvbGRlciRDaGVja291dFBsYWNlaG9sZGVyJFByZWZlcmVuY2VzT2xpZ29fNyRycHRPbGlnb1ByZWZlcmVuY2VzVHViZUxheW91dE9wdGlvbnMkY3RsMDEkaGRUdWJlTGF5b3V0S2V5IiBWYWx1ZT0iVHViZUxheW91dDIiIFJlY29yZGVkVmFsdWU9IiIgQ29ycmVsYXRpb25CaW5kaW5nPSIiIFVybEVuY29kZT0iVHJ1ZSIgLz4NCiAgICAgICAgICAgIDxGb3JtUG9zdFBhcmFtZXRlciBOYW1lPSJjdGwwMCRjdGwwMCRjdGwwMCRjdGwwMCRDb250ZW50UGxhY2VIb2xkZXJEZWZhdWx0JE1hc3RlclBsYWNlaG9sZGVyJENoZWNrb3V0UGxhY2Vob2xkZXIkUHJlZmVyZW5jZXNPbGlnb183JHJwdE9saWdvUHJlZmVyZW5jZXNUdWJlTGF5b3V0T3B0aW9ucyRjdGwwMiRoZFR1YmVMYXlvdXRLZXkiIFZhbHVlPSJUdWJlTGF5b3V0MyIgUmVjb3JkZWRWYWx1ZT0iIiBDb3JyZWxhdGlvbkJpbmRpbmc9IiIgVXJsRW5jb2RlPSJUcnVlIiAvPg0KICAgICAgICAgICAgPEZvcm1Qb3N0UGFyYW1ldGVyIE5hbWU9ImN0bDAwJGN0bDAwJGN0bDAwJGN0bDAwJENvbnRlbnRQbGFjZUhvbGRlckRlZmF1bHQkTWFzdGVyUGxhY2Vob2xkZXIkQ2hlY2tvdXRQbGFjZWhvbGRlciRQcmVmZXJlbmNlc09saWdvXzckZGRsT2xpZ29QcmVmZXJlbmNlc0FkZGl0aW9uYWxUdWJlIiBWYWx1ZT0iMCIgUmVjb3JkZWRWYWx1ZT0iIiBDb3JyZWxhdGlvbkJpbmRpbmc9IiIgVXJsRW5jb2RlPSJUcnVlIiAvPg0KICAgICAgICAgICAgPEZvcm1Qb3N0UGFyYW1ldGVyIE5hbWU9ImN0bDAwJGN0bDAwJGN0bDAwJGN0bDAwJENvbnRlbnRQbGFjZUhvbGRlckRlZmF1bHQkTWFzdGVyUGxhY2Vob2xkZXIkQ2hlY2tvdXRQbGFjZWhvbGRlciRQcmVmZXJlbmNlc09saWdvXzckaGRuU2NyZWVuQXJlYSIgVmFsdWU9IiIgUmVjb3JkZWRWYWx1ZT0iIiBDb3JyZWxhdGlvbkJpbmRpbmc9IiIgVXJsRW5jb2RlPSJUcnVlIiAvPg0KICAgICAgICAgICAgPEZvcm1Qb3N0UGFyYW1ldGVyIE5hbWU9ImN0bDAwJGN0bDAwJGN0bDAwJGN0bDAwJENvbnRlbnRQbGFjZUhvbGRlckRlZmF1bHQkTWFzdGVyUGxhY2Vob2xkZXIkQ2hlY2tvdXRQbGFjZWhvbGRlciRPcmRlcmluZ0NvbW1lbnRfOSR0eHRPcmRlcmluZ0NvbW1lbnQiIFZhbHVlPSJ3dyIgUmVjb3JkZWRWYWx1ZT0iIiBDb3JyZWxhdGlvbkJpbmRpbmc9IiIgVXJsRW5jb2RlPSJUcnVlIiAvPg0KICAgICAgICAgICAgPEZvcm1Qb3N0UGFyYW1ldGVyIE5hbWU9ImN0bDAwJGN0bDAwJGN0bDAwJGN0bDAwJENvbnRlbnRQbGFjZUhvbGRlckRlZmF1bHQkTWFzdGVyUGxhY2Vob2xkZXIkQ2hlY2tvdXRQbGFjZWhvbGRlciRPcmRlcmluZ0NvbW1lbnRfOSR0eHRCaWxsaW5nQ29tbWVudCIgVmFsdWU9Ind3IiBSZWNvcmRlZFZhbHVlPSIiIENvcnJlbGF0aW9uQmluZGluZz0iIiBVcmxFbmNvZGU9IlRydWUiIC8+DQogICAgICAgICAgICA8Rm9ybVBvc3RQYXJhbWV0ZXIgTmFtZT0iY3RsMDAkY3RsMDAkY3RsMDAkY3RsMDAkQ29udGVudFBsYWNlSG9sZGVyRGVmYXVsdCRNYXN0ZXJQbGFjZWhvbGRlciRDaGVja291dFBsYWNlaG9sZGVyJE9yZGVyaW5nQ29tbWVudF85JHZzT3JkZXJpbmdDb21tZW50JGhkblZhbGlkYXRpb25SZXN1bHQiIFZhbHVlPSIiIFJlY29yZGVkVmFsdWU9IiIgQ29ycmVsYXRpb25CaW5kaW5nPSIiIFVybEVuY29kZT0iVHJ1ZSIgLz4NCiAgICAgICAgICAgIDxGb3JtUG9zdFBhcmFtZXRlciBOYW1lPSJjdGwwMCRjdGwwMCRjdGwwMCRjdGwwMCRDb250ZW50UGxhY2VIb2xkZXJEZWZhdWx0JE1hc3RlclBsYWNlaG9sZGVyJENoZWNrb3V0UGxhY2Vob2xkZXIkT3JkZXJpbmdDb21tZW50XzkkaGRuU2NyZWVuQXJlYSIgVmFsdWU9IiIgUmVjb3JkZWRWYWx1ZT0iIiBDb3JyZWxhdGlvbkJpbmRpbmc9IiIgVXJsRW5jb2RlPSJUcnVlIiAvPg0KICAgICAgICAgICAgPEZvcm1Qb3N0UGFyYW1ldGVyIE5hbWU9ImN0bDAwJGN0bDAwJGN0bDAwJGN0bDAwJENvbnRlbnRQbGFjZUhvbGRlckRlZmF1bHQkTWFzdGVyUGxhY2Vob2xkZXIkQ2hlY2tvdXRQbGFjZWhvbGRlciRFeHRlcm5hbE9yZGVySWRfMTAkdHh0RXh0ZXJuYWxPcmRlcklkIiBWYWx1ZT0iMzMzMzMiIFJlY29yZGVkVmFsdWU9IiIgQ29ycmVsYXRpb25CaW5kaW5nPSIiIFVybEVuY29kZT0iVHJ1ZSIgLz4NCiAgICAgICAgICAgIDxGb3JtUG9zdFBhcmFtZXRlciBOYW1lPSJjdGwwMCRjdGwwMCRjdGwwMCRjdGwwMCRDb250ZW50UGxhY2VIb2xkZXJEZWZhdWx0JE1hc3RlclBsYWNlaG9sZGVyJENoZWNrb3V0UGxhY2Vob2xkZXIkRXh0ZXJuYWxPcmRlcklkXzEwJHZzRXh0ZXJuYWxPcmRlcklkJGhkblZhbGlkYXRpb25SZXN1bHQiIFZhbHVlPSJ0cnVlIiBSZWNvcmRlZFZhbHVlPSIiIENvcnJlbGF0aW9uQmluZGluZz0iIiBVcmxFbmNvZGU9IlRydWUiIC8+DQogICAgICAgICAgICA8Rm9ybVBvc3RQYXJhbWV0ZXIgTmFtZT0iY3RsMDAkY3RsMDAkY3RsMDAkY3RsMDAkQ29udGVudFBsYWNlSG9sZGVyRGVmYXVsdCRNYXN0ZXJQbGFjZWhvbGRlciRDaGVja291dFBsYWNlaG9sZGVyJEV4dGVybmFsT3JkZXJJZF8xMCRoZG5TY3JlZW5BcmVhIiBWYWx1ZT0iIiBSZWNvcmRlZFZhbHVlPSIiIENvcnJlbGF0aW9uQmluZGluZz0iIiBVcmxFbmNvZGU9IlRydWUiIC8+DQogICAgICAgICAgICA8Rm9ybVBvc3RQYXJhbWV0ZXIgTmFtZT0iY3RsMDAkY3RsMDAkY3RsMDAkY3RsMDAkQ29udGVudFBsYWNlSG9sZGVyRGVmYXVsdCRNYXN0ZXJQbGFjZWhvbGRlciRDaGVja291dFBsYWNlaG9sZGVyJHVjU2tpcENoZWNrb3V0U3RlcF8xMSRoZG5TY3JlZW5BcmVhIiBWYWx1ZT0iIiBSZWNvcmRlZFZhbHVlPSIiIENvcnJlbGF0aW9uQmluZGluZz0iIiBVcmxFbmNvZGU9IlRydWUiIC8+DQogICAgICAgICAgICA8Rm9ybVBvc3RQYXJhbWV0ZXIgTmFtZT0iY3RsMDAkY3RsMDAkY3RsMDAkY3RsMDAkQ29udGVudFBsYWNlSG9sZGVyRGVmYXVsdCRNYXN0ZXJQbGFjZWhvbGRlciRDaGVja291dFBsYWNlaG9sZGVyJENoZWNrT3V0V2l6YXJkTmF2aWdhdG9yXzEyJGJ0bk5leHQiIFZhbHVlPSJOZXh0IiBSZWNvcmRlZFZhbHVlPSIiIENvcnJlbGF0aW9uQmluZGluZz0iIiBVcmxFbmNvZGU9IlRydWUiIC8+DQogICAgICAgICAgICA8Rm9ybVBvc3RQYXJhbWV0ZXIgTmFtZT0iY3RsMDAkY3RsMDAkY3RsMDAkY3RsMDAkQ29udGVudFBsYWNlSG9sZGVyRGVmYXVsdCRNYXN0ZXJQbGFjZWhvbGRlciRDaGVja291dFBsYWNlaG9sZGVyJENoZWNrT3V0V2l6YXJkTmF2aWdhdG9yXzEyJGhkblNoaXBwaW5nQWRkcmVzc0lkIiBWYWx1ZT0iIiBSZWNvcmRlZFZhbHVlPSIiIENvcnJlbGF0aW9uQmluZGluZz0iIiBVcmxFbmNvZGU9IlRydWUiIC8+DQogICAgICAgICAgICA8Rm9ybVBvc3RQYXJhbWV0ZXIgTmFtZT0iY3RsMDAkY3RsMDAkY3RsMDAkY3RsMDAkQ29udGVudFBsYWNlSG9sZGVyRGVmYXVsdCRNYXN0ZXJQbGFjZWhvbGRlciRDaGVja291dFBsYWNlaG9sZGVyJENoZWNrT3V0V2l6YXJkTmF2aWdhdG9yXzEyJGhkbkJpbGxpbmdBZGRyZXNzSWQiIFZhbHVlPSIiIFJlY29yZGVkVmFsdWU9IiIgQ29ycmVsYXRpb25CaW5kaW5nPSIiIFVybEVuY29kZT0iVHJ1ZSIgLz4NCiAgICAgICAgICAgIDxGb3JtUG9zdFBhcmFtZXRlciBOYW1lPSJjdGwwMCRjdGwwMCRjdGwwMCRjdGwwMCRDb250ZW50UGxhY2VIb2xkZXJEZWZhdWx0JE1hc3RlclBsYWNlaG9sZGVyJENoZWNrb3V0UGxhY2Vob2xkZXIkQ2hlY2tPdXRXaXphcmROYXZpZ2F0b3JfMTIkaGRuUGlja1VwQWRkcmVzc0lkIiBWYWx1ZT0iIiBSZWNvcmRlZFZhbHVlPSIiIENvcnJlbGF0aW9uQmluZGluZz0iIiBVcmxFbmNvZGU9IlRydWUiIC8+DQogICAgICAgICAgICA8Rm9ybVBvc3RQYXJhbWV0ZXIgTmFtZT0iY3RsMDAkY3RsMDAkY3RsMDAkY3RsMDAkQ29udGVudFBsYWNlSG9sZGVyRGVmYXVsdCRNYXN0ZXJQbGFjZWhvbGRlciRDaGVja291dFBsYWNlaG9sZGVyJENoZWNrT3V0V2l6YXJkTmF2aWdhdG9yXzEyJGhkbklzRGlzdHJpYnV0b3JBdmFpbGFibGUiIFZhbHVlPSJmYWxzZSIgUmVjb3JkZWRWYWx1ZT0iIiBDb3JyZWxhdGlvbkJpbmRpbmc9IiIgVXJsRW5jb2RlPSJUcnVlIiAvPg0KICAgICAgICAgICAgPEZvcm1Qb3N0UGFyYW1ldGVyIE5hbWU9ImN0bDAwJGN0bDAwJGN0bDAwJGN0bDAwJENvbnRlbnRQbGFjZUhvbGRlckRlZmF1bHQkTWFzdGVyUGxhY2Vob2xkZXIkQ2hlY2tvdXRQbGFjZWhvbGRlciRDaGVja091dFdpemFyZE5hdmlnYXRvcl8xMiRoZGJEaXN0cmlidXRvclNlbGVjdGlvbkVycm9yIiBWYWx1ZT0iIiBSZWNvcmRlZFZhbHVlPSIiIENvcnJlbGF0aW9uQmluZGluZz0iIiBVcmxFbmNvZGU9IlRydWUiIC8+DQogICAgICAgICAgICA8Rm9ybVBvc3RQYXJhbWV0ZXIgTmFtZT0iY3RsMDAkY3RsMDAkY3RsMDAkY3RsMDAkQ29udGVudFBsYWNlSG9sZGVyRGVmYXVsdCRNYXN0ZXJQbGFjZWhvbGRlciRDaGVja291dFBsYWNlaG9sZGVyJENoZWNrT3V0V2l6YXJkTmF2aWdhdG9yXzEyJGhkbkhhc0Rpc3RyaWJ1dG9yU2VsZWN0aW9uRXJyb3IiIFZhbHVlPSIiIFJlY29yZGVkVmFsdWU9IiIgQ29ycmVsYXRpb25CaW5kaW5nPSIiIFVybEVuY29kZT0iVHJ1ZSIgLz4NCiAgICAgICAgICAgIDxGb3JtUG9zdFBhcmFtZXRlciBOYW1lPSJjdGwwMCRjdGwwMCRjdGwwMCRjdGwwMCRDb250ZW50UGxhY2VIb2xkZXJEZWZhdWx0JE1hc3RlclBsYWNlaG9sZGVyJENoZWNrb3V0UGxhY2Vob2xkZXIkQ2hlY2tPdXRXaXphcmROYXZpZ2F0b3JfMTIkaGRuUmVxdWlyZWRTaGlwcGluZ0FkZHJlc3NTZWxlY3Rpb25WYWxpZGF0aW9uIiBWYWx1ZT0iIiBSZWNvcmRlZFZhbHVlPSIiIENvcnJlbGF0aW9uQmluZGluZz0iIiBVcmxFbmNvZGU9IlRydWUiIC8+DQogICAgICAgICAgICA8Rm9ybVBvc3RQYXJhbWV0ZXIgTmFtZT0iY3RsMDAkY3RsMDAkY3RsMDAkY3RsMDAkQ29udGVudFBsYWNlSG9sZGVyRGVmYXVsdCRNYXN0ZXJQbGFjZWhvbGRlciRDaGVja291dFBsYWNlaG9sZGVyJENoZWNrT3V0V2l6YXJkTmF2aWdhdG9yXzEyJGhkblJlcXVpcmVkUGlja1VwQWRkcmVzc1NlbGVjdGlvblZhbGlkYXRpb24iIFZhbHVlPSIiIFJlY29yZGVkVmFsdWU9IiIgQ29ycmVsYXRpb25CaW5kaW5nPSIiIFVybEVuY29kZT0iVHJ1ZSIgLz4NCiAgICAgICAgICAgIDxGb3JtUG9zdFBhcmFtZXRlciBOYW1lPSJjdGwwMCRjdGwwMCRjdGwwMCRjdGwwMCRDb250ZW50UGxhY2VIb2xkZXJEZWZhdWx0JE1hc3RlclBsYWNlaG9sZGVyJENoZWNrb3V0UGxhY2Vob2xkZXIkQ2hlY2tPdXRXaXphcmROYXZpZ2F0b3JfMTIkaGRuUGlja1VwQWRkcmVzc0NoZWNrQm94Q2hlY2tlZCIgVmFsdWU9IiIgUmVjb3JkZWRWYWx1ZT0iIiBDb3JyZWxhdGlvbkJpbmRpbmc9IiIgVXJsRW5jb2RlPSJUcnVlIiAvPg0KICAgICAgICAgICAgPEZvcm1Qb3N0UGFyYW1ldGVyIE5hbWU9ImN0bDAwJGN0bDAwJGN0bDAwJGN0bDAwJENvbnRlbnRQbGFjZUhvbGRlckRlZmF1bHQkTWFzdGVyUGxhY2Vob2xkZXIkQ2hlY2tvdXRQbGFjZWhvbGRlciRDaGVja091dFdpemFyZE5hdmlnYXRvcl8xMiRoZG5TYW1lRGF5RGVsaXZlcnlEYXlvZldlZWsiIFZhbHVlPSIiIFJlY29yZGVkVmFsdWU9IiIgQ29ycmVsYXRpb25CaW5kaW5nPSIiIFVybEVuY29kZT0iVHJ1ZSIgLz4NCiAgICAgICAgICAgIDxGb3JtUG9zdFBhcmFtZXRlciBOYW1lPSJjdGwwMCRjdGwwMCRjdGwwMCRjdGwwMCRDb250ZW50UGxhY2VIb2xkZXJEZWZhdWx0JE1hc3RlclBsYWNlaG9sZGVyJENoZWNrb3V0UGxhY2Vob2xkZXIkQ2hlY2tPdXRXaXphcmROYXZpZ2F0b3JfMTIkaGRuU2NyZWVuQXJlYSIgVmFsdWU9IiIgUmVjb3JkZWRWYWx1ZT0iIiBDb3JyZWxhdGlvbkJpbmRpbmc9IiIgVXJsRW5jb2RlPSJUcnVlIiAvPg0KICAgICAgICAgICAgPEZvcm1Qb3N0UGFyYW1ldGVyIE5hbWU9ImN0bDAwJGN0bDAwJGN0bDAwJGN0bDAwJENvbnRlbnRQbGFjZUhvbGRlckRlZmF1bHQkaGRuQ2FuSW5pdGlhbGl6ZUN1bHR1cmUiIFZhbHVlPSJmYWxzZSIgUmVjb3JkZWRWYWx1ZT0iIiBDb3JyZWxhdGlvbkJpbmRpbmc9IiIgVXJsRW5jb2RlPSJUcnVlIiAvPg0KICAgICAgICAgICAgPEZvcm1Qb3N0UGFyYW1ldGVyIE5hbWU9ImN0bDAwJGN0bDAwJGN0bDAwJGN0bDAwJENvbnRlbnRQbGFjZUhvbGRlckRlZmF1bHQkaGRuRWNvbURyYWdEcm9wSnNvbiIgVmFsdWU9IiIgUmVjb3JkZWRWYWx1ZT0iIiBDb3JyZWxhdGlvbkJpbmRpbmc9IiIgVXJsRW5jb2RlPSJUcnVlIiAvPg0KICAgICAgICAgICAgPEZvcm1Qb3N0UGFyYW1ldGVyIE5hbWU9ImN0bDAwJGN0bDAwJGN0bDAwJGN0bDAwJENvbnRlbnRQbGFjZUhvbGRlckRlZmF1bHQkaGRuQ3VycmVudFBhZ2VJZGVudGl0eSIgVmFsdWU9IjExMzEiIFJlY29yZGVkVmFsdWU9IiIgQ29ycmVsYXRpb25CaW5kaW5nPSIiIFVybEVuY29kZT0iVHJ1ZSIgLz4NCiAgICAgICAgICAgIDxGb3JtUG9zdFBhcmFtZXRlciBOYW1lPSJjdGwwMCRjdGwwMCRjdGwwMCRjdGwwMCRDb250ZW50UGxhY2VIb2xkZXJEZWZhdWx0JGhkblNjcm9sbFlQb3NpdGlvbiIgVmFsdWU9IjYwMCIgUmVjb3JkZWRWYWx1ZT0iIiBDb3JyZWxhdGlvbkJpbmRpbmc9IiIgVXJsRW5jb2RlPSJUcnVlIiAvPg0KICAgICAgICAgICAgPEZvcm1Qb3N0UGFyYW1ldGVyIE5hbWU9Il9fVklFV1NUQVRFR0VORVJBVE9SIiBWYWx1ZT0iQ0EwQjAzMzQiIFJlY29yZGVkVmFsdWU9IiIgQ29ycmVsYXRpb25CaW5kaW5nPSIiIFVybEVuY29kZT0iVHJ1ZSIgLz4NCiAgICAgICAgICA8L0Zvcm1Qb3N0SHR0cEJvZHk+DQogICAgICAgIDwvUmVxdWVzdD4NCiAgICAgICAgPFJlcXVlc3QgTWV0aG9kPSJQT1NUIiBHdWlkPSI1ZTdlZWRhNC04MjhiLTQ2ODAtYjNjYy02NjUxZjJjZGM1OTciIFZlcnNpb249IjEuMSIgVXJsPSJodHRwOi8vaW4wMWFwdjExOjgxL1NlcnZpY2VzL0Vjb21TZXJ2aWNlcy5hc214L1VwZGF0ZURlbGl2ZXJ5UHJlZmVyZW5jZXMiIFRoaW5rVGltZT0iMCIgVGltZW91dD0iNjAiIFBhcnNlRGVwZW5kZW50UmVxdWVzdHM9IlRydWUiIEZvbGxvd1JlZGlyZWN0cz0iVHJ1ZSIgUmVjb3JkUmVzdWx0PSJUcnVlIiBDYWNoZT0iRmFsc2UiIFJlc3BvbnNlVGltZUdvYWw9IjAiIEVuY29kaW5nPSJ1dGYtOCIgRXhwZWN0ZWRIdHRwU3RhdHVzQ29kZT0iMCIgRXhwZWN0ZWRSZXNwb25zZVVybD0iIiBSZXBvcnRpbmdOYW1lPSIiIElnbm9yZUh0dHBTdGF0dXNDb2RlPSJGYWxzZSI+DQogICAgICAgICAgPEhlYWRlcnM+DQogICAgICAgICAgICA8SGVhZGVyIE5hbWU9Ik9yaWdpbiIgVmFsdWU9Imh0dHA6Ly9pbjAxYXB2MTE6ODEiIC8+DQogICAgICAgICAgICA8SGVhZGVyIE5hbWU9IlgtUmVxdWVzdGVkLVdpdGgiIFZhbHVlPSJYTUxIdHRwUmVxdWVzdCIgLz4NCiAgICAgICAgICAgIDxIZWFkZXIgTmFtZT0iQ29udGVudC1UeXBlIiBWYWx1ZT0iYXBwbGljYXRpb24vanNvbjsgY2hhcnNldD1VVEYtOCIgLz4NCiAgICAgICAgICA8L0hlYWRlcnM+DQogICAgICAgICAgPFN0cmluZ0h0dHBCb2R5IENvbnRlbnRUeXBlPSJhcHBsaWNhdGlvbi9qc29uOyBjaGFyc2V0PVVURi04IiBJbnNlcnRCeXRlT3JkZXJNYXJrPSJGYWxzZSI+ZXdBaUFHMEFaUUIwQUdnQWJ3QmtBRkFBWVFCeUFHRUFiUUJsQUhRQVpRQnlBSE1BSWdBNkFIc0FJZ0JUQUdVQWJBQmxBR01BZEFCbEFHUUFVd0JvQUdrQWNBQndBR2tBYmdCbkFFTUFZUUJ5QUhJQWFRQmxBSElBVXdCbEFISUFkZ0JwQUdNQVpRQWlBRG9BSWdCN0FGd0FJZ0JEQUc4QVpBQmxBRndBSWdBNkFGd0FJZ0JGQUZnQVVBQmNBQ0lBTEFCY0FDSUFVd0JsQUhJQWRnQnBBR01BWlFCT0FHRUFiUUJsQUZJQVpRQnpBRzhBZFFCeUFHTUFaUUJMQUdVQWVRQmNBQ0lBT2dCY0FDSUFSUUI0QUhBQWNnQmxBSE1BY3dCT0FHRUFiUUJsQUZJQVpRQnpBRzhBZFFCeUFHTUFaUUJjQUNJQUxBQmNBQ0lBVXdCbEFISUFkZ0JwQUdNQVpRQkVBR1VBY3dCakFISUFhUUJ3QUhRQWFRQnZBRzRBVWdCbEFITUFid0IxQUhJQVl3QmxBRXNBWlFCNUFGd0FJZ0E2QUZ3QUlnQkZBSGdBY0FCeUFHVUFjd0J6QUVRQVpRQnpBR01BY2dCcEFIQUFkQUJwQUc4QWJnQlNBR1VBY3dCdkFIVUFjZ0JqQUdVQVhBQWlBQ3dBWEFBaUFFa0Fjd0JIQUd3QWJ3QmlBR0VBYkFCREFHRUFjZ0J5QUdrQVpRQnlBRndBSWdBNkFIUUFjZ0IxQUdVQUxBQmNBQ0lBU1FCekFFUUFjZ0I1QUVrQVl3QmxBRU1BWVFCeUFISUFhUUJsQUhJQVhBQWlBRG9BZEFCeUFIVUFaUUFzQUZ3QUlnQkRBRzhBZFFCdUFIUUFjZ0JwQUdVQWN3QmNBQ0lBT2dCdUFIVUFiQUJzQUN3QVhBQWlBRU1BWVFCdUFGVUFjd0JsQUVFQVl3QmpBRzhBZFFCdUFIUUFYQUFpQURvQVpnQmhBR3dBY3dCbEFDd0FYQUFpQUZNQWFBQnBBSEFBY0FCcEFHNEFad0JRQUhJQWFRQmpBR1VBWEFBaUFEb0Fld0JjQUNJQUpBQnBBR1FBWEFBaUFEb0FYQUFpQURFQVhBQWlBQ3dBWEFBaUFFTUFZUUJzQUdNQWRRQnNBR0VBZEFCbEFHUUFWQUJwQUcwQVpRQmNBQ0lBT2dCY0FDSUFNZ0F3QURFQU53QXRBREFBTndBdEFERUFNd0JVQURBQU5BQTZBRFFBTndBNkFEQUFPUUF1QURrQU9BQXdBRFVBT1FBNEFGb0FYQUFpQUN3QVhBQWlBRU1BYndCekFIUUFYQUFpQURvQU13QXlBQzRBT0FBc0FGd0FJZ0JKQUc0QWN3QjBBR0VBYmdCakFHVUFVd0IwQUdFQWRBQjFBSE1BUlFCdUFIVUFiUUJjQUNJQU9nQXdBQ3dBWEFBaUFFa0Fjd0J2QUVNQWRRQnlBSElBWlFCdUFHTUFlUUJEQUc4QVpBQmxBRndBSWdBNkFGd0FJZ0JGQUZVQVVnQmNBQ0lBTEFCY0FDSUFUQUJwQUhNQWRBQlFBSElBYVFCakFHVUFYQUFpQURvQU1BQXVBREFBTEFCY0FDSUFUUUJoQUc0QWRRQmhBR3dBVUFCeUFHa0FZd0JsQUZ3QUlnQTZBQzBBTVFBdUFEQUFMQUJjQUNJQVZBQmhBSGdBWEFBaUFEb0FNQUF1QURBQUxBQmNBQ0lBVkFCaEFIZ0FUQUJwQUhNQWRBQlFBSElBYVFCakFHVUFYQUFpQURvQU1BQXVBREFBTEFCY0FDSUFWQUJoQUhnQVRRQmhBRzRBZFFCaEFHd0FVQUJ5QUdrQVl3QmxBRndBSWdBNkFDMEFNUUF1QURBQUxBQmNBQ0lBU1FCa0FGd0FJZ0E2QURBQUxBQmNBQ0lBU1FCekFFZ0FZUUJ5QUdRQVJBQmxBR3dBWlFCMEFHVUFaQUJjQUNJQU9nQm1BR0VBYkFCekFHVUFmUUFzQUZ3QUlnQkpBSE1BUVFCa0FHUUFUd0J1QUZ3QUlnQTZBR1lBWVFCc0FITUFaUUFzQUZ3QUlnQkxBR2tBZEFCREFHOEFiUUJ3QUc4QWJnQmxBRzRBZEFCT0FIVUFiUUJpQUdVQWNnQmNBQ0lBT2dCY0FDSUFYQUFpQUN3QVhBQWlBRWdBYVFCa0FHVUFWd0JvQUdVQWJnQk9BRzhBUkFCcEFITUFkQUJ5QUdrQVlnQjFBSFFBYndCeUFGd0FJZ0E2QUdZQVlRQnNBSE1BWlFBc0FGd0FJZ0JQQUhjQWJnQkRBR0VBY2dCeUFHa0FaUUJ5QUhNQVhBQWlBRG9BYmdCMUFHd0FiQUFzQUZ3QUlnQklBR0VBY3dCUEFIY0FiZ0JEQUdFQWNnQnlBR2tBWlFCeUFFTUFid0JrQUdVQWN3QkRBRzhBYmdCbUFHa0Fad0IxQUhJQVpRQmtBRndBSWdBNkFHWUFZUUJzQUhNQVpRQjlBQ0lBTEFBaUFGTUFaUUJzQUdVQVl3QjBBR1VBWkFCRUFHVUFiQUJwQUhZQVpRQnlBSGtBVUFCeUFHVUFaZ0JsQUhJQVpRQnVBR01BWlFBaUFEb0FJZ0I3QUZ3QUlnQWtBR2tBWkFCY0FDSUFPZ0JjQUNJQU1RQmNBQ0lBTEFCY0FDSUFRd0JoQUhJQWNnQnBBR1VBY2dCQkFHTUFZd0J2QUhVQWJnQjBBRTRBZFFCdEFHSUFaUUJ5QUZ3QUlnQTZBRndBSWdCY0FDSUFMQUJjQUNJQVF3QmhBSElBY2dCcEFHVUFjZ0JDQUdrQWJBQnNBRlFBYndCY0FDSUFPZ0JjQUNJQVhBQWlBQ3dBWEFBaUFFTUFZUUJ5QUhJQWFRQmxBSElBVXdCbEFISUFkZ0JwQUdNQVpRQmNBQ0lBT2dCY0FDSUFSUUI0QUhBQWNnQmxBSE1BY3dBZ0FFUUFaUUJzQUdrQWRnQmxBSElBZVFCY0FDSUFMQUJjQUNJQVF3QmhBSElBY2dCcEFHVUFjZ0JUQUdVQWNnQjJBR2tBWXdCbEFFTUFid0JrQUdVQVhBQWlBRG9BWEFBaUFFVUFXQUJRQUZ3QUlnQXNBRndBSWdCSkFHNEFjd0IwQUdFQWJnQmpBR1VBVXdCMEFHRUFkQUIxQUhNQVJRQnVBSFVBYlFCY0FDSUFPZ0F3QUN3QVhBQWlBRWtBWkFCY0FDSUFPZ0F3QUN3QVhBQWlBRWtBY3dCSUFHRUFjZ0JrQUVRQVpRQnNBR1VBZEFCbEFHUUFYQUFpQURvQVpnQmhBR3dBY3dCbEFIMEFJZ0FzQUNJQVV3Qm9BR2tBY0FCd0FHa0FiZ0JuQUVFQVpBQmtBRzhBYmdCUUFHRUFjZ0IwQUU0QWRRQnRBR0lBWlFCeUFITUFJZ0E2QUNJQUlnQXNBQ0lBVndCeUFHRUFjQUJYQUdrQWRBQm9BRVFBYVFCMkFDSUFPZ0JtQUdFQWJBQnpBR1VBTEFBaUFFTUFZUUJ1QUZNQWFBQnZBSGNBVUFCeUFHOEFad0J5QUdVQWN3QnpBRUlBWVFCeUFDSUFPZ0JtQUdFQWJBQnpBR1VBTEFBaUFFUUFhUUIyQUVNQWJ3QnVBSFFBWVFCcEFHNEFaUUJ5QUVrQVpBQWlBRG9BSWdCREFHOEFiZ0IwQUdVQWJnQjBBRkFBYkFCaEFHTUFaUUJJQUc4QWJBQmtBR1VBY2dCRUFHVUFaZ0JoQUhVQWJBQjBBRjhBVFFCaEFITUFkQUJsQUhJQVVBQnNBR0VBWXdCbEFHZ0Fid0JzQUdRQVpRQnlBRjhBUXdCb0FHVUFZd0JyQUc4QWRRQjBBRkFBYkFCaEFHTUFaUUJvQUc4QWJBQmtBR1VBY2dCZkFGTUFhQUJwQUhBQWNBQnBBRzRBWndCUEFIQUFkQUJwQUc4QWJnQnpBRjhBTVFBNUFGOEFjQUJ1QUd3QVJBQnlBR0VBWndCaEFHSUFiQUJsQUZjQWFRQnVBR1FBYndCM0FFTUFid0J1QUhRQVpRQnVBSFFBSWdBc0FDSUFWUUJ0QUdJQWNnQmhBR01BYndCT0FHOEFaQUJsQUVrQVpBQWlBRG9BSWdBeEFERUFNd0F6QUNJQWZRQjlBQT09PC9TdHJpbmdIdHRwQm9keT4NCiAgICAgICAgPC9SZXF1ZXN0Pg0KICAgICAgICA8UmVxdWVzdCBNZXRob2Q9IlBPU1QiIEd1aWQ9IjcyZDk1NTBmLTU3MjAtNGRiYS1iMjU2LWYxNWQ4OTRkODhjYSIgVmVyc2lvbj0iMS4xIiBVcmw9Imh0dHA6Ly9pbjAxYXB2MTE6ODEvU2VydmljZXMvRWNvbVNlcnZpY2VzLmFzbXgvTG9hZENvbnRyb2xzIiBUaGlua1RpbWU9IjEiIFRpbWVvdXQ9IjYwIiBQYXJzZURlcGVuZGVudFJlcXVlc3RzPSJUcnVlIiBGb2xsb3dSZWRpcmVjdHM9IlRydWUiIFJlY29yZFJlc3VsdD0iVHJ1ZSIgQ2FjaGU9IkZhbHNlIiBSZXNwb25zZVRpbWVHb2FsPSIwIiBFbmNvZGluZz0idXRmLTgiIEV4cGVjdGVkSHR0cFN0YXR1c0NvZGU9IjAiIEV4cGVjdGVkUmVzcG9uc2VVcmw9IiIgUmVwb3J0aW5nTmFtZT0iIiBJZ25vcmVIdHRwU3RhdHVzQ29kZT0iRmFsc2UiPg0KICAgICAgICAgIDxIZWFkZXJzPg0KICAgICAgICAgICAgPEhlYWRlciBOYW1lPSJPcmlnaW4iIFZhbHVlPSJodHRwOi8vaW4wMWFwdjExOjgxIiAvPg0KICAgICAgICAgICAgPEhlYWRlciBOYW1lPSJYLVJlcXVlc3RlZC1XaXRoIiBWYWx1ZT0iWE1MSHR0cFJlcXVlc3QiIC8+DQogICAgICAgICAgICA8SGVhZGVyIE5hbWU9IkNvbnRlbnQtVHlwZSIgVmFsdWU9ImFwcGxpY2F0aW9uL2pzb247IGNoYXJzZXQ9VVRGLTgiIC8+DQogICAgICAgICAgPC9IZWFkZXJzPg0KICAgICAgICAgIDxTdHJpbmdIdHRwQm9keSBDb250ZW50VHlwZT0iYXBwbGljYXRpb24vanNvbjsgY2hhcnNldD1VVEYtOCIgSW5zZXJ0Qnl0ZU9yZGVyTWFyaz0iRmFsc2UiPmV3QWlBR01BYndCdUFIUUFjZ0J2QUd3QWN3QlVBRzhBVEFCdkFHRUFaQUFpQURvQVd3QjdBQ0lBUXdCdkFHNEFkQUJoQUdrQWJnQmxBSElBU1FCa0FDSUFPZ0FpQUVNQWJ3QnVBSFFBWlFCdUFIUUFVQUJzQUdFQVl3QmxBRWdBYndCc0FHUUFaUUJ5QUVRQVpRQm1BR0VBZFFCc0FIUUFYd0JOQUdFQWN3QjBBR1VBY2dCUUFHd0FZUUJqQUdVQWFBQnZBR3dBWkFCbEFISUFYd0JEQUdnQVpRQmpBR3NBYndCMUFIUUFVQUJzQUdFQVl3QmxBR2dBYndCc0FHUUFaUUJ5QUY4QVR3QnlBR1FBWlFCeUFGTUFkUUJ0QUcwQVlRQnlBSGtBWHdBeUFEQUFYd0J3QUc0QWJBQkVBSElBWVFCbkFHRUFZZ0JzQUdVQVZ3QnBBRzRBWkFCdkFIY0FRd0J2QUc0QWRBQmxBRzRBZEFBaUFDd0FJZ0JqQUc4QWJnQjBBSElBYndCc0FGQUFZUUJ5QUdFQWJRQmxBSFFBWlFCeUFDSUFPZ0I3QUNJQVF3QnZBRzRBZEFCeUFHOEFiQUJPQUdFQWJRQmxBQ0lBT2dBaUFFOEFjZ0JrQUdVQWNnQlRBSFVBYlFCdEFHRUFjZ0I1QUNJQUxBQWlBRUVBWXdCMEFHa0Fid0J1QUNJQU9nQWlBRWNBWlFCMEFFUUFZUUIwQUdFQUlnQXNBQ0lBUkFCcEFIWUFRd0J2QUc0QWRBQmhBR2tBYmdCbEFISUFTUUJrQUNJQU9nQWlBRU1BYndCdUFIUUFaUUJ1QUhRQVVBQnNBR0VBWXdCbEFFZ0Fid0JzQUdRQVpRQnlBRVFBWlFCbUFHRUFkUUJzQUhRQVh3Qk5BR0VBY3dCMEFHVUFjZ0JRQUd3QVlRQmpBR1VBYUFCdkFHd0FaQUJsQUhJQVh3QkRBR2dBWlFCakFHc0Fid0IxQUhRQVVBQnNBR0VBWXdCbEFHZ0Fid0JzQUdRQVpRQnlBRjhBVHdCeUFHUUFaUUJ5QUZNQWRRQnRBRzBBWVFCeUFIa0FYd0F5QURBQVh3QndBRzRBYkFCRUFISUFZUUJuQUdFQVlnQnNBR1VBVndCcEFHNEFaQUJ2QUhjQVF3QnZBRzRBZEFCbEFHNEFkQUFpQUN3QUlnQlZBRzBBWWdCeUFHRUFZd0J2QUU0QWJ3QmtBR1VBU1FCa0FDSUFPZ0FpQURFQU1RQXpBRE1BSWdCOUFIMEFYUUI5QUE9PTwvU3RyaW5nSHR0cEJvZHk+DQogICAgICAgIDwvUmVxdWVzdD4NCiAgICAgIDwvSXRlbXM+DQogICAgPC9UcmFuc2FjdGlvblRpbWVyPg0KICAgIDxUcmFuc2FjdGlvblRpbWVyIE5hbWU9IkNsaWNrIG9uIGNoZWNrb3V0LTIiPg0KICAgICAgPEl0ZW1zPg0KICAgICAgICA8UmVxdWVzdCBNZXRob2Q9IlBPU1QiIEd1aWQ9ImEzYTEwYjc0LTNmMTktNDkzYi04MzJjLTk4NmNlN2FhMjZkNCIgVmVyc2lvbj0iMS4xIiBVcmw9Imh0dHA6Ly9pbjAxYXB2MTE6ODEvU2VydmljZXMvUGVyc29uYWxpemF0aW9uU2VydmljZS5hc214L1NhdmVEcmFnRHJvcENvbnRyb2xzIiBUaGlua1RpbWU9IjEwIiBUaW1lb3V0PSI2MCIgUGFyc2VEZXBlbmRlbnRSZXF1ZXN0cz0iVHJ1ZSIgRm9sbG93UmVkaXJlY3RzPSJUcnVlIiBSZWNvcmRSZXN1bHQ9IlRydWUiIENhY2hlPSJGYWxzZSIgUmVzcG9uc2VUaW1lR29hbD0iMCIgRW5jb2Rpbmc9InV0Zi04IiBFeHBlY3RlZEh0dHBTdGF0dXNDb2RlPSIwIiBFeHBlY3RlZFJlc3BvbnNlVXJsPSIiIFJlcG9ydGluZ05hbWU9IiIgSWdub3JlSHR0cFN0YXR1c0NvZGU9IkZhbHNlIj4NCiAgICAgICAgICA8SGVhZGVycz4NCiAgICAgICAgICAgIDxIZWFkZXIgTmFtZT0iT3JpZ2luIiBWYWx1ZT0iaHR0cDovL2luMDFhcHYxMTo4MSIgLz4NCiAgICAgICAgICAgIDxIZWFkZXIgTmFtZT0iWC1SZXF1ZXN0ZWQtV2l0aCIgVmFsdWU9IlhNTEh0dHBSZXF1ZXN0IiAvPg0KICAgICAgICAgICAgPEhlYWRlciBOYW1lPSJDb250ZW50LVR5cGUiIFZhbHVlPSJhcHBsaWNhdGlvbi9qc29uOyBjaGFyc2V0PVVURi04IiAvPg0KICAgICAgICAgIDwvSGVhZGVycz4NCiAgICAgICAgICA8U3RyaW5nSHR0cEJvZHkgQ29udGVudFR5cGU9ImFwcGxpY2F0aW9uL2pzb247IGNoYXJzZXQ9VVRGLTgiIEluc2VydEJ5dGVPcmRlck1hcms9IkZhbHNlIj5ld0FpQUdrQWRBQmxBRzBBY3dBaUFEb0FXd0I3QUNJQVZRQnpBR1VBY2dCSkFHUUFJZ0E2QURBQUxBQWlBRU1BYndCdUFIUUFjZ0J2QUd3QVNRQmtBQ0lBT2dBaUFFTUFid0J1QUhRQVpRQnVBSFFBVUFCc0FHRUFZd0JsQUVnQWJ3QnNBR1FBWlFCeUFFUUFaUUJtQUdFQWRRQnNBSFFBWHdCTkFHRUFjd0IwQUdVQWNnQlFBR3dBWVFCakFHVUFhQUJ2QUd3QVpBQmxBSElBWHdCREFHZ0FaUUJqQUdzQWJ3QjFBSFFBVUFCc0FHRUFZd0JsQUdnQWJ3QnNBR1FBWlFCeUFGOEFRd0JvQUdVQVl3QnJBRzhBZFFCMEFGY0FhUUI2QUdFQWNnQmtBRTRBWVFCMkFHa0Fad0JoQUhRQWFRQnZBRzRBVXdCMEFHVUFjQUJ6QUY4QU5RQmZBSEFBYmdCc0FFUUFjZ0JoQUdjQVlRQmlBR3dBWlFCWEFHa0FiZ0JrQUc4QWR3QWlBQ3dBSWdCUEFISUFaQUJsQUhJQVRnQjFBRzBBWWdCbEFISUFJZ0E2QURBQUxBQWlBRWtBY3dCTkFHa0FiZ0JwQUcwQWFRQjZBR1VBWkFBaUFEb0FaZ0JoQUd3QWN3QmxBQ3dBSWdCUUFHRUFad0JsQUZJQVpRQm1BQ0lBT2dBaUFERUFNUUF6QURNQUlnQXNBQ0lBVXdCakFISUFaUUJsQUc0QVFRQnlBR1VBWVFBaUFEb0FJZ0JrQUdrQWRnQk5BR0VBYVFCdUFFTUFid0J1QUhRQVpRQnVBSFFBSWdCOUFDd0Fld0FpQUZVQWN3QmxBSElBU1FCa0FDSUFPZ0F4QUN3QUlnQkRBRzhBYmdCMEFISUFid0JzQUVrQVpBQWlBRG9BSWdCREFHOEFiZ0IwQUdVQWJnQjBBRkFBYkFCaEFHTUFaUUJJQUc4QWJBQmtBR1VBY2dCRUFHVUFaZ0JoQUhVQWJBQjBBRjhBVFFCaEFITUFkQUJsQUhJQVVBQnNBR0VBWXdCbEFHZ0Fid0JzQUdRQVpRQnlBRjhBUXdCb0FHVUFZd0JyQUc4QWRRQjBBRkFBYkFCaEFHTUFaUUJvQUc4QWJBQmtBR1VBY2dCZkFFMEFlUUJEQUdFQWNnQjBBRXdBWlFCbkFHVUFiZ0JrQUY4QU53QmZBSEFBYmdCc0FFUUFjZ0JoQUdjQVlRQmlBR3dBWlFCWEFHa0FiZ0JrQUc4QWR3QWlBQ3dBSWdCUEFISUFaQUJsQUhJQVRnQjFBRzBBWWdCbEFISUFJZ0E2QURFQUxBQWlBRWtBY3dCTkFHa0FiZ0JwQUcwQWFRQjZBR1VBWkFBaUFEb0FaZ0JoQUd3QWN3QmxBQ3dBSWdCUUFHRUFad0JsQUZJQVpRQm1BQ0lBT2dBaUFERUFNUUF6QURNQUlnQXNBQ0lBVXdCakFISUFaUUJsQUc0QVFRQnlBR1VBWVFBaUFEb0FJZ0JrQUdrQWRnQk5BR0VBYVFCdUFFTUFid0J1QUhRQVpRQnVBSFFBSWdCOUFDd0Fld0FpQUZVQWN3QmxBSElBU1FCa0FDSUFPZ0F5QUN3QUlnQkRBRzhBYmdCMEFISUFid0JzQUVrQVpBQWlBRG9BSWdCREFHOEFiZ0IwQUdVQWJnQjBBRkFBYkFCaEFHTUFaUUJJQUc4QWJBQmtBR1VBY2dCRUFHVUFaZ0JoQUhVQWJBQjBBRjhBVFFCaEFITUFkQUJsQUhJQVVBQnNBR0VBWXdCbEFHZ0Fid0JzQUdRQVpRQnlBRjhBUXdCb0FHVUFZd0JyQUc4QWRRQjBBRkFBYkFCaEFHTUFaUUJvQUc4QWJBQmtBR1VBY2dCZkFIVUFZd0JDQUdrQWJ3QnpBR0VBWmdCbEFIUUFlUUJEQUc4QWJnQm1BR2tBY2dCdEFHRUFkQUJwQUc4QWJnQmZBREVBTUFCZkFIQUFiZ0JzQUVRQWNnQmhBR2NBWVFCaUFHd0FaUUJYQUdrQWJnQmtBRzhBZHdBaUFDd0FJZ0JQQUhJQVpBQmxBSElBVGdCMUFHMEFZZ0JsQUhJQUlnQTZBRElBTEFBaUFFa0Fjd0JOQUdrQWJnQnBBRzBBYVFCNkFHVUFaQUFpQURvQVpnQmhBR3dBY3dCbEFDd0FJZ0JRQUdFQVp3QmxBRklBWlFCbUFDSUFPZ0FpQURFQU1RQXpBRE1BSWdBc0FDSUFVd0JqQUhJQVpRQmxBRzRBUVFCeUFHVUFZUUFpQURvQUlnQmtBR2tBZGdCTkFHRUFhUUJ1QUVNQWJ3QnVBSFFBWlFCdUFIUUFJZ0I5QUN3QWV3QWlBRlVBY3dCbEFISUFTUUJrQUNJQU9nQXpBQ3dBSWdCREFHOEFiZ0IwQUhJQWJ3QnNBRWtBWkFBaUFEb0FJZ0JEQUc4QWJnQjBBR1VBYmdCMEFGQUFiQUJoQUdNQVpRQklBRzhBYkFCa0FHVUFjZ0JFQUdVQVpnQmhBSFVBYkFCMEFGOEFUUUJoQUhNQWRBQmxBSElBVUFCc0FHRUFZd0JsQUdnQWJ3QnNBR1FBWlFCeUFGOEFRd0JvQUdVQVl3QnJBRzhBZFFCMEFGQUFiQUJoQUdNQVpRQm9BRzhBYkFCa0FHVUFjZ0JmQUVFQVpBQmtBSElBWlFCekFITUFVd0IxQUcwQWJRQmhBSElBZVFCZkFERUFNUUJmQUhBQWJnQnNBRVFBY2dCaEFHY0FZUUJpQUd3QVpRQlhBR2tBYmdCa0FHOEFkd0FpQUN3QUlnQlBBSElBWkFCbEFISUFUZ0IxQUcwQVlnQmxBSElBSWdBNkFETUFMQUFpQUVrQWN3Qk5BR2tBYmdCcEFHMEFhUUI2QUdVQVpBQWlBRG9BWmdCaEFHd0Fjd0JsQUN3QUlnQlFBR0VBWndCbEFGSUFaUUJtQUNJQU9nQWlBREVBTVFBekFETUFJZ0FzQUNJQVV3QmpBSElBWlFCbEFHNEFRUUJ5QUdVQVlRQWlBRG9BSWdCa0FHa0FkZ0JOQUdFQWFRQnVBRU1BYndCdUFIUUFaUUJ1QUhRQUlnQjlBQ3dBZXdBaUFGVUFjd0JsQUhJQVNRQmtBQ0lBT2dBMEFDd0FJZ0JEQUc4QWJnQjBBSElBYndCc0FFa0FaQUFpQURvQUlnQkRBRzhBYmdCMEFHVUFiZ0IwQUZBQWJBQmhBR01BWlFCSUFHOEFiQUJrQUdVQWNnQkVBR1VBWmdCaEFIVUFiQUIwQUY4QVRRQmhBSE1BZEFCbEFISUFVQUJzQUdFQVl3QmxBR2dBYndCc0FHUUFaUUJ5QUY4QVF3Qm9BR1VBWXdCckFHOEFkUUIwQUZBQWJBQmhBR01BWlFCb0FHOEFiQUJrQUdVQWNnQmZBRUVBWkFCa0FISUFaUUJ6QUhNQVV3QjFBRzBBYlFCaEFISUFlUUJmQURFQU1nQmZBSEFBYmdCc0FFUUFjZ0JoQUdjQVlRQmlBR3dBWlFCWEFHa0FiZ0JrQUc4QWR3QWlBQ3dBSWdCUEFISUFaQUJsQUhJQVRnQjFBRzBBWWdCbEFISUFJZ0E2QURRQUxBQWlBRWtBY3dCTkFHa0FiZ0JwQUcwQWFRQjZBR1VBWkFBaUFEb0FaZ0JoQUd3QWN3QmxBQ3dBSWdCUUFHRUFad0JsQUZJQVpRQm1BQ0lBT2dBaUFERUFNUUF6QURNQUlnQXNBQ0lBVXdCakFISUFaUUJsQUc0QVFRQnlBR1VBWVFBaUFEb0FJZ0JrQUdrQWRnQk5BR0VBYVFCdUFFTUFid0J1QUhRQVpRQnVBSFFBSWdCOUFDd0Fld0FpQUZVQWN3QmxBSElBU1FCa0FDSUFPZ0ExQUN3QUlnQkRBRzhBYmdCMEFISUFid0JzQUVrQVpBQWlBRG9BSWdCREFHOEFiZ0IwQUdVQWJnQjBBRkFBYkFCaEFHTUFaUUJJQUc4QWJBQmtBR1VBY2dCRUFHVUFaZ0JoQUhVQWJBQjBBRjhBVFFCaEFITUFkQUJsQUhJQVVBQnNBR0VBWXdCbEFHZ0Fid0JzQUdRQVpRQnlBRjhBUXdCb0FHVUFZd0JyQUc4QWRRQjBBRkFBYkFCaEFHTUFaUUJvQUc4QWJBQmtBR1VBY2dCZkFFOEFjZ0JrQUdVQWNnQnBBRzRBWndCREFHOEFiUUJ0QUdVQWJnQjBBRjhBTVFBMUFGOEFjQUJ1QUd3QVJBQnlBR0VBWndCaEFHSUFiQUJsQUZjQWFRQnVBR1FBYndCM0FDSUFMQUFpQUU4QWNnQmtBR1VBY2dCT0FIVUFiUUJpQUdVQWNnQWlBRG9BTlFBc0FDSUFTUUJ6QUUwQWFRQnVBR2tBYlFCcEFIb0FaUUJrQUNJQU9nQm1BR0VBYkFCekFHVUFMQUFpQUZBQVlRQm5BR1VBVWdCbEFHWUFJZ0E2QUNJQU1RQXhBRE1BTXdBaUFDd0FJZ0JUQUdNQWNnQmxBR1VBYmdCQkFISUFaUUJoQUNJQU9nQWlBR1FBYVFCMkFFMEFZUUJwQUc0QVF3QnZBRzRBZEFCbEFHNEFkQUFpQUgwQUxBQjdBQ0lBVlFCekFHVUFjZ0JKQUdRQUlnQTZBRFlBTEFBaUFFTUFid0J1QUhRQWNnQnZBR3dBU1FCa0FDSUFPZ0FpQUVNQWJ3QnVBSFFBWlFCdUFIUUFVQUJzQUdFQVl3QmxBRWdBYndCc0FHUUFaUUJ5QUVRQVpRQm1BR0VBZFFCc0FIUUFYd0JOQUdFQWN3QjBBR1VBY2dCUUFHd0FZUUJqQUdVQWFBQnZBR3dBWkFCbEFISUFYd0JEQUdnQVpRQmpBR3NBYndCMUFIUUFVQUJzQUdFQVl3QmxBR2dBYndCc0FHUUFaUUJ5QUY4QVVBQnlBRzhBYlFCdkFFTUFid0JrQUdVQVh3QXhBRFlBWHdCd0FHNEFiQUJFQUhJQVlRQm5BR0VBWWdCc0FHVUFWd0JwQUc0QVpBQnZBSGNBSWdBc0FDSUFUd0J5QUdRQVpRQnlBRTRBZFFCdEFHSUFaUUJ5QUNJQU9nQTJBQ3dBSWdCSkFITUFUUUJwQUc0QWFRQnRBR2tBZWdCbEFHUUFJZ0E2QUhRQWNnQjFBR1VBTEFBaUFGQUFZUUJuQUdVQVVnQmxBR1lBSWdBNkFDSUFNUUF4QURNQU13QWlBQ3dBSWdCVEFHTUFjZ0JsQUdVQWJnQkJBSElBWlFCaEFDSUFPZ0FpQUdRQWFRQjJBRTBBWVFCcEFHNEFRd0J2QUc0QWRBQmxBRzRBZEFBaUFIMEFMQUI3QUNJQVZRQnpBR1VBY2dCSkFHUUFJZ0E2QURjQUxBQWlBRU1BYndCdUFIUUFjZ0J2QUd3QVNRQmtBQ0lBT2dBaUFFTUFid0J1QUhRQVpRQnVBSFFBVUFCc0FHRUFZd0JsQUVnQWJ3QnNBR1FBWlFCeUFFUUFaUUJtQUdFQWRRQnNBSFFBWHdCTkFHRUFjd0IwQUdVQWNnQlFBR3dBWVFCakFHVUFhQUJ2QUd3QVpBQmxBSElBWHdCREFHZ0FaUUJqQUdzQWJ3QjFBSFFBVUFCc0FHRUFZd0JsQUdnQWJ3QnNBR1FBWlFCeUFGOEFSUUI0QUhRQVpRQnlBRzRBWVFCc0FFOEFjZ0JrQUdVQWNnQkpBR1FBWHdBeEFEY0FYd0J3QUc0QWJBQkVBSElBWVFCbkFHRUFZZ0JzQUdVQVZ3QnBBRzRBWkFCdkFIY0FJZ0FzQUNJQVR3QnlBR1FBWlFCeUFFNEFkUUJ0QUdJQVpRQnlBQ0lBT2dBM0FDd0FJZ0JKQUhNQVRRQnBBRzRBYVFCdEFHa0FlZ0JsQUdRQUlnQTZBSFFBY2dCMUFHVUFMQUFpQUZBQVlRQm5BR1VBVWdCbEFHWUFJZ0E2QUNJQU1RQXhBRE1BTXdBaUFDd0FJZ0JUQUdNQWNnQmxBR1VBYmdCQkFISUFaUUJoQUNJQU9nQWlBR1FBYVFCMkFFMEFZUUJwQUc0QVF3QnZBRzRBZEFCbEFHNEFkQUFpQUgwQUxBQjdBQ0lBVlFCekFHVUFjZ0JKQUdRQUlnQTZBRGdBTEFBaUFFTUFid0J1QUhRQWNnQnZBR3dBU1FCa0FDSUFPZ0FpQUVNQWJ3QnVBSFFBWlFCdUFIUUFVQUJzQUdFQVl3QmxBRWdBYndCc0FHUUFaUUJ5QUVRQVpRQm1BR0VBZFFCc0FIUUFYd0JOQUdFQWN3QjBBR1VBY2dCUUFHd0FZUUJqQUdVQWFBQnZBR3dBWkFCbEFISUFYd0JEQUdnQVpRQmpBR3NBYndCMUFIUUFVQUJzQUdFQVl3QmxBR2dBYndCc0FHUUFaUUJ5QUY4QWRRQmpBRkFBWVFCNUFHMEFaUUJ1QUhRQVRRQmxBSFFBYUFCdkFHUUFjd0JmQURFQU9BQmZBSEFBYmdCc0FFUUFjZ0JoQUdjQVlRQmlBR3dBWlFCWEFHa0FiZ0JrQUc4QWR3QWlBQ3dBSWdCUEFISUFaQUJsQUhJQVRnQjFBRzBBWWdCbEFISUFJZ0E2QURnQUxBQWlBRWtBY3dCTkFHa0FiZ0JwQUcwQWFRQjZBR1VBWkFBaUFEb0FaZ0JoQUd3QWN3QmxBQ3dBSWdCUUFHRUFad0JsQUZJQVpRQm1BQ0lBT2dBaUFERUFNUUF6QURNQUlnQXNBQ0lBVXdCakFISUFaUUJsQUc0QVFRQnlBR1VBWVFBaUFEb0FJZ0JrQUdrQWRnQk5BR0VBYVFCdUFFTUFid0J1QUhRQVpRQnVBSFFBSWdCOUFDd0Fld0FpQUZVQWN3QmxBSElBU1FCa0FDSUFPZ0E1QUN3QUlnQkRBRzhBYmdCMEFISUFid0JzQUVrQVpBQWlBRG9BSWdCREFHOEFiZ0IwQUdVQWJnQjBBRkFBYkFCaEFHTUFaUUJJQUc4QWJBQmtBR1VBY2dCRUFHVUFaZ0JoQUhVQWJBQjBBRjhBVFFCaEFITUFkQUJsQUhJQVVBQnNBR0VBWXdCbEFHZ0Fid0JzQUdRQVpRQnlBRjhBUXdCb0FHVUFZd0JyQUc4QWRRQjBBRkFBYkFCaEFHTUFaUUJvQUc4QWJBQmtBR1VBY2dCZkFIVUFZd0JRQUdFQWVRQnRBR1VBYmdCMEFFMEFaUUIwQUdnQWJ3QmtBSE1BWHdBeEFEZ0FYd0JqQUc4QWJRQkRBSElBWlFCa0FHa0FkQUJEQUdFQWNnQmtBRjhBY0FCdUFHd0FSQUJ5QUdFQVp3QmhBR0lBYkFCbEFGY0FhUUJ1QUdRQWJ3QjNBQ0lBTEFBaUFFOEFjZ0JrQUdVQWNnQk9BSFVBYlFCaUFHVUFjZ0FpQURvQU9RQXNBQ0lBU1FCekFFMEFhUUJ1QUdrQWJRQnBBSG9BWlFCa0FDSUFPZ0JtQUdFQWJBQnpBR1VBTEFBaUFGQUFZUUJuQUdVQVVnQmxBR1lBSWdBNkFDSUFNUUF4QURNQU13QWlBQ3dBSWdCVEFHTUFjZ0JsQUdVQWJnQkJBSElBWlFCaEFDSUFPZ0FpQUNJQWZRQXNBSHNBSWdCVkFITUFaUUJ5QUVrQVpBQWlBRG9BTVFBd0FDd0FJZ0JEQUc4QWJnQjBBSElBYndCc0FFa0FaQUFpQURvQUlnQkRBRzhBYmdCMEFHVUFiZ0IwQUZBQWJBQmhBR01BWlFCSUFHOEFiQUJrQUdVQWNnQkVBR1VBWmdCaEFIVUFiQUIwQUY4QVRRQmhBSE1BZEFCbEFISUFVQUJzQUdFQVl3QmxBR2dBYndCc0FHUUFaUUJ5QUY4QVF3Qm9BR1VBWXdCckFHOEFkUUIwQUZBQWJBQmhBR01BWlFCb0FHOEFiQUJrQUdVQWNnQmZBRk1BYUFCcEFIQUFjQUJwQUc0QVp3QlBBSEFBZEFCcEFHOEFiZ0J6QUY4QU1RQTVBRjhBY0FCdUFHd0FSQUJ5QUdFQVp3QmhBR0lBYkFCbEFGY0FhUUJ1QUdRQWJ3QjNBQ0lBTEFBaUFFOEFjZ0JrQUdVQWNnQk9BSFVBYlFCaUFHVUFjZ0FpQURvQU1RQXdBQ3dBSWdCSkFITUFUUUJwQUc0QWFRQnRBR2tBZWdCbEFHUUFJZ0E2QUdZQVlRQnNBSE1BWlFBc0FDSUFVQUJoQUdjQVpRQlNBR1VBWmdBaUFEb0FJZ0F4QURFQU13QXpBQ0lBTEFBaUFGTUFZd0J5QUdVQVpRQnVBRUVBY2dCbEFHRUFJZ0E2QUNJQVpBQnBBSFlBVFFCaEFHa0FiZ0JEQUc4QWJnQjBBR1VBYmdCMEFDSUFmUUFzQUhzQUlnQlZBSE1BWlFCeUFFa0FaQUFpQURvQU1RQXhBQ3dBSWdCREFHOEFiZ0IwQUhJQWJ3QnNBRWtBWkFBaUFEb0FJZ0JEQUc4QWJnQjBBR1VBYmdCMEFGQUFiQUJoQUdNQVpRQklBRzhBYkFCa0FHVUFjZ0JFQUdVQVpnQmhBSFVBYkFCMEFGOEFUUUJoQUhNQWRBQmxBSElBVUFCc0FHRUFZd0JsQUdnQWJ3QnNBR1FBWlFCeUFGOEFRd0JvQUdVQVl3QnJBRzhBZFFCMEFGQUFiQUJoQUdNQVpRQm9BRzhBYkFCa0FHVUFjZ0JmQUU4QWNnQmtBR1VBY2dCVEFIVUFiUUJ0QUdFQWNnQjVBRjhBTWdBd0FGOEFjQUJ1QUd3QVJBQnlBR0VBWndCaEFHSUFiQUJsQUZjQWFRQnVBR1FBYndCM0FDSUFMQUFpQUU4QWNnQmtBR1VBY2dCT0FIVUFiUUJpQUdVQWNnQWlBRG9BTVFBeEFDd0FJZ0JKQUhNQVRRQnBBRzRBYVFCdEFHa0FlZ0JsQUdRQUlnQTZBR1lBWVFCc0FITUFaUUFzQUNJQVVBQmhBR2NBWlFCU0FHVUFaZ0FpQURvQUlnQXhBREVBTXdBekFDSUFMQUFpQUZNQVl3QnlBR1VBWlFCdUFFRUFjZ0JsQUdFQUlnQTZBQ0lBWkFCcEFIWUFUUUJoQUdrQWJnQkRBRzhBYmdCMEFHVUFiZ0IwQUNJQWZRQXNBSHNBSWdCVkFITUFaUUJ5QUVrQVpBQWlBRG9BTVFBeUFDd0FJZ0JEQUc4QWJnQjBBSElBYndCc0FFa0FaQUFpQURvQUlnQkRBRzhBYmdCMEFHVUFiZ0IwQUZBQWJBQmhBR01BWlFCSUFHOEFiQUJrQUdVQWNnQkVBR1VBWmdCaEFIVUFiQUIwQUY4QVRRQmhBSE1BZEFCbEFISUFVQUJzQUdFQVl3QmxBR2dBYndCc0FHUUFaUUJ5QUY4QVF3Qm9BR1VBWXdCckFHOEFkUUIwQUZBQWJBQmhBR01BWlFCb0FHOEFiQUJrQUdVQWNnQmZBSFVBWXdCRkFIZ0FjQUJsQUdNQWRBQmxBR1FBVXdCb0FHa0FjQUJ3QUdrQWJnQm5BRVFBWVFCMEFHVUFYd0F5QURFQVh3QndBRzRBYkFCRUFISUFZUUJuQUdFQVlnQnNBR1VBVndCcEFHNEFaQUJ2QUhjQUlnQXNBQ0lBVHdCeUFHUUFaUUJ5QUU0QWRRQnRBR0lBWlFCeUFDSUFPZ0F4QURJQUxBQWlBRWtBY3dCTkFHa0FiZ0JwQUcwQWFRQjZBR1VBWkFBaUFEb0FaZ0JoQUd3QWN3QmxBQ3dBSWdCUUFHRUFad0JsQUZJQVpRQm1BQ0lBT2dBaUFERUFNUUF6QURNQUlnQXNBQ0lBVXdCakFISUFaUUJsQUc0QVFRQnlBR1VBWVFBaUFEb0FJZ0JrQUdrQWRnQk5BR0VBYVFCdUFFTUFid0J1QUhRQVpRQnVBSFFBSWdCOUFDd0Fld0FpQUZVQWN3QmxBSElBU1FCa0FDSUFPZ0F4QURNQUxBQWlBRU1BYndCdUFIUUFjZ0J2QUd3QVNRQmtBQ0lBT2dBaUFFTUFid0J1QUhRQVpRQnVBSFFBVUFCc0FHRUFZd0JsQUVnQWJ3QnNBR1FBWlFCeUFFUUFaUUJtQUdFQWRRQnNBSFFBWHdCTkFHRUFjd0IwQUdVQWNnQlFBR3dBWVFCakFHVUFhQUJ2QUd3QVpBQmxBSElBWHdCREFHZ0FaUUJqQUdzQWJ3QjFBSFFBVUFCc0FHRUFZd0JsQUdnQWJ3QnNBR1FBWlFCeUFGOEFRd0JvQUdVQVl3QnJBRThBZFFCMEFGY0FhUUI2QUdFQWNnQmtBRTRBWVFCMkFHa0Fad0JoQUhRQWJ3QnlBRjhBTWdBeUFGOEFjQUJ1QUd3QVJBQnlBR0VBWndCaEFHSUFiQUJsQUZjQWFRQnVBR1FBYndCM0FDSUFMQUFpQUU4QWNnQmtBR1VBY2dCT0FIVUFiUUJpQUdVQWNnQWlBRG9BTVFBekFDd0FJZ0JKQUhNQVRRQnBBRzRBYVFCdEFHa0FlZ0JsQUdRQUlnQTZBR1lBWVFCc0FITUFaUUFzQUNJQVVBQmhBR2NBWlFCU0FHVUFaZ0FpQURvQUlnQXhBREVBTXdBekFDSUFMQUFpQUZNQVl3QnlBR1VBWlFCdUFFRUFjZ0JsQUdFQUlnQTZBQ0lBWkFCcEFIWUFUUUJoQUdrQWJnQkRBRzhBYmdCMEFHVUFiZ0IwQUNJQWZRQXNBSHNBSWdCVkFITUFaUUJ5QUVrQVpBQWlBRG9BTVFBMEFDd0FJZ0JEQUc4QWJnQjBBSElBYndCc0FFa0FaQUFpQURvQUlnQkRBRzhBYmdCMEFHVUFiZ0IwQUZBQWJBQmhBR01BWlFCSUFHOEFiQUJrQUdVQWNnQkVBR1VBWmdCaEFIVUFiQUIwQUY4QVRRQmhBSE1BZEFCbEFISUFVQUJzQUdFQVl3QmxBR2dBYndCc0FHUUFaUUJ5QUY4QVF3Qm9BR1VBWXdCckFHOEFkUUIwQUZBQWJBQmhBR01BWlFCb0FHOEFiQUJrQUdVQWNnQmZBSFVBWXdCVUFHRUFlQUJRQUhJQVpRQm1BR1VBY2dCbEFHNEFZd0JsQUhNQVh3QXhBRFFBWHdCd0FHNEFiQUJFQUhJQVlRQm5BR0VBWWdCc0FHVUFWd0JwQUc0QVpBQnZBSGNBSWdBc0FDSUFUd0J5QUdRQVpRQnlBRTRBZFFCdEFHSUFaUUJ5QUNJQU9nQXhBRFFBTEFBaUFFa0Fjd0JOQUdrQWJnQnBBRzBBYVFCNkFHVUFaQUFpQURvQVpnQmhBR3dBY3dCbEFDd0FJZ0JRQUdFQVp3QmxBRklBWlFCbUFDSUFPZ0FpQURFQU1RQXpBRE1BSWdBc0FDSUFVd0JqQUhJQVpRQmxBRzRBUVFCeUFHVUFZUUFpQURvQUlnQWlBSDBBWFFCOUFBPT08L1N0cmluZ0h0dHBCb2R5Pg0KICAgICAgICA8L1JlcXVlc3Q+DQogICAgICAgIDxSZXF1ZXN0IE1ldGhvZD0iUE9TVCIgR3VpZD0iNTBjMjM0NTgtZDQ2Zi00NjQxLWI4MGEtOTU5MjRlYzI0OTg4IiBWZXJzaW9uPSIxLjEiIFVybD0iaHR0cDovL2luMDFhcHYxMTo4MS9TZXJ2aWNlcy9QZXJzb25hbGl6YXRpb25TZXJ2aWNlLmFzbXgvU2F2ZURyYWdEcm9wQ29udHJvbHMiIFRoaW5rVGltZT0iMzMiIFRpbWVvdXQ9IjYwIiBQYXJzZURlcGVuZGVudFJlcXVlc3RzPSJUcnVlIiBGb2xsb3dSZWRpcmVjdHM9IlRydWUiIFJlY29yZFJlc3VsdD0iVHJ1ZSIgQ2FjaGU9IkZhbHNlIiBSZXNwb25zZVRpbWVHb2FsPSIwIiBFbmNvZGluZz0idXRmLTgiIEV4cGVjdGVkSHR0cFN0YXR1c0NvZGU9IjAiIEV4cGVjdGVkUmVzcG9uc2VVcmw9IiIgUmVwb3J0aW5nTmFtZT0iIiBJZ25vcmVIdHRwU3RhdHVzQ29kZT0iRmFsc2UiPg0KICAgICAgICAgIDxIZWFkZXJzPg0KICAgICAgICAgICAgPEhlYWRlciBOYW1lPSJPcmlnaW4iIFZhbHVlPSJodHRwOi8vaW4wMWFwdjExOjgxIiAvPg0KICAgICAgICAgICAgPEhlYWRlciBOYW1lPSJYLVJlcXVlc3RlZC1XaXRoIiBWYWx1ZT0iWE1MSHR0cFJlcXVlc3QiIC8+DQogICAgICAgICAgICA8SGVhZGVyIE5hbWU9IkNvbnRlbnQtVHlwZSIgVmFsdWU9ImFwcGxpY2F0aW9uL2pzb247IGNoYXJzZXQ9VVRGLTgiIC8+DQogICAgICAgICAgPC9IZWFkZXJzPg0KICAgICAgICAgIDxTdHJpbmdIdHRwQm9keSBDb250ZW50VHlwZT0iYXBwbGljYXRpb24vanNvbjsgY2hhcnNldD1VVEYtOCIgSW5zZXJ0Qnl0ZU9yZGVyTWFyaz0iRmFsc2UiPmV3QWlBR2tBZEFCbEFHMEFjd0FpQURvQVd3QjdBQ0lBVlFCekFHVUFjZ0JKQUdRQUlnQTZBREFBTEFBaUFFTUFid0J1QUhRQWNnQnZBR3dBU1FCa0FDSUFPZ0FpQUVNQWJ3QnVBSFFBWlFCdUFIUUFVQUJzQUdFQVl3QmxBRWdBYndCc0FHUUFaUUJ5QUVRQVpRQm1BR0VBZFFCc0FIUUFYd0JOQUdFQWN3QjBBR1VBY2dCUUFHd0FZUUJqQUdVQWFBQnZBR3dBWkFCbEFISUFYd0JEQUdnQVpRQmpBR3NBYndCMUFIUUFVQUJzQUdFQVl3QmxBR2dBYndCc0FHUUFaUUJ5QUY4QVF3Qm9BR1VBWXdCckFHOEFkUUIwQUZjQWFRQjZBR0VBY2dCa0FFNEFZUUIyQUdrQVp3QmhBSFFBYVFCdkFHNEFVd0IwQUdVQWNBQnpBRjhBTlFCZkFIQUFiZ0JzQUVRQWNnQmhBR2NBWVFCaUFHd0FaUUJYQUdrQWJnQmtBRzhBZHdBaUFDd0FJZ0JQQUhJQVpBQmxBSElBVGdCMUFHMEFZZ0JsQUhJQUlnQTZBREFBTEFBaUFFa0Fjd0JOQUdrQWJnQnBBRzBBYVFCNkFHVUFaQUFpQURvQVpnQmhBR3dBY3dCbEFDd0FJZ0JRQUdFQVp3QmxBRklBWlFCbUFDSUFPZ0FpQURFQU1RQXpBRE1BSWdBc0FDSUFVd0JqQUhJQVpRQmxBRzRBUVFCeUFHVUFZUUFpQURvQUlnQmtBR2tBZGdCTkFHRUFhUUJ1QUVNQWJ3QnVBSFFBWlFCdUFIUUFJZ0I5QUN3QWV3QWlBRlVBY3dCbEFISUFTUUJrQUNJQU9nQXhBQ3dBSWdCREFHOEFiZ0IwQUhJQWJ3QnNBRWtBWkFBaUFEb0FJZ0JEQUc4QWJnQjBBR1VBYmdCMEFGQUFiQUJoQUdNQVpRQklBRzhBYkFCa0FHVUFjZ0JFQUdVQVpnQmhBSFVBYkFCMEFGOEFUUUJoQUhNQWRBQmxBSElBVUFCc0FHRUFZd0JsQUdnQWJ3QnNBR1FBWlFCeUFGOEFRd0JvQUdVQVl3QnJBRzhBZFFCMEFGQUFiQUJoQUdNQVpRQm9BRzhBYkFCa0FHVUFjZ0JmQUUwQWVRQkRBR0VBY2dCMEFFd0FaUUJuQUdVQWJnQmtBRjhBTndCZkFIQUFiZ0JzQUVRQWNnQmhBR2NBWVFCaUFHd0FaUUJYQUdrQWJnQmtBRzhBZHdBaUFDd0FJZ0JQQUhJQVpBQmxBSElBVGdCMUFHMEFZZ0JsQUhJQUlnQTZBREVBTEFBaUFFa0Fjd0JOQUdrQWJnQnBBRzBBYVFCNkFHVUFaQUFpQURvQVpnQmhBR3dBY3dCbEFDd0FJZ0JRQUdFQVp3QmxBRklBWlFCbUFDSUFPZ0FpQURFQU1RQXpBRE1BSWdBc0FDSUFVd0JqQUhJQVpRQmxBRzRBUVFCeUFHVUFZUUFpQURvQUlnQmtBR2tBZGdCTkFHRUFhUUJ1QUVNQWJ3QnVBSFFBWlFCdUFIUUFJZ0I5QUN3QWV3QWlBRlVBY3dCbEFISUFTUUJrQUNJQU9nQXlBQ3dBSWdCREFHOEFiZ0IwQUhJQWJ3QnNBRWtBWkFBaUFEb0FJZ0JEQUc4QWJnQjBBR1VBYmdCMEFGQUFiQUJoQUdNQVpRQklBRzhBYkFCa0FHVUFjZ0JFQUdVQVpnQmhBSFVBYkFCMEFGOEFUUUJoQUhNQWRBQmxBSElBVUFCc0FHRUFZd0JsQUdnQWJ3QnNBR1FBWlFCeUFGOEFRd0JvQUdVQVl3QnJBRzhBZFFCMEFGQUFiQUJoQUdNQVpRQm9BRzhBYkFCa0FHVUFjZ0JmQUhVQVl3QkNBR2tBYndCekFHRUFaZ0JsQUhRQWVRQkRBRzhBYmdCbUFHa0FjZ0J0QUdFQWRBQnBBRzhBYmdCZkFERUFNQUJmQUhBQWJnQnNBRVFBY2dCaEFHY0FZUUJpQUd3QVpRQlhBR2tBYmdCa0FHOEFkd0FpQUN3QUlnQlBBSElBWkFCbEFISUFUZ0IxQUcwQVlnQmxBSElBSWdBNkFESUFMQUFpQUVrQWN3Qk5BR2tBYmdCcEFHMEFhUUI2QUdVQVpBQWlBRG9BWmdCaEFHd0Fjd0JsQUN3QUlnQlFBR0VBWndCbEFGSUFaUUJtQUNJQU9nQWlBREVBTVFBekFETUFJZ0FzQUNJQVV3QmpBSElBWlFCbEFHNEFRUUJ5QUdVQVlRQWlBRG9BSWdCa0FHa0FkZ0JOQUdFQWFRQnVBRU1BYndCdUFIUUFaUUJ1QUhRQUlnQjlBQ3dBZXdBaUFGVUFjd0JsQUhJQVNRQmtBQ0lBT2dBekFDd0FJZ0JEQUc4QWJnQjBBSElBYndCc0FFa0FaQUFpQURvQUlnQkRBRzhBYmdCMEFHVUFiZ0IwQUZBQWJBQmhBR01BWlFCSUFHOEFiQUJrQUdVQWNnQkVBR1VBWmdCaEFIVUFiQUIwQUY4QVRRQmhBSE1BZEFCbEFISUFVQUJzQUdFQVl3QmxBR2dBYndCc0FHUUFaUUJ5QUY4QVF3Qm9BR1VBWXdCckFHOEFkUUIwQUZBQWJBQmhBR01BWlFCb0FHOEFiQUJrQUdVQWNnQmZBRUVBWkFCa0FISUFaUUJ6QUhNQVV3QjFBRzBBYlFCaEFISUFlUUJmQURFQU1RQmZBSEFBYmdCc0FFUUFjZ0JoQUdjQVlRQmlBR3dBWlFCWEFHa0FiZ0JrQUc4QWR3QWlBQ3dBSWdCUEFISUFaQUJsQUhJQVRnQjFBRzBBWWdCbEFISUFJZ0E2QURNQUxBQWlBRWtBY3dCTkFHa0FiZ0JwQUcwQWFRQjZBR1VBWkFBaUFEb0FaZ0JoQUd3QWN3QmxBQ3dBSWdCUUFHRUFad0JsQUZJQVpRQm1BQ0lBT2dBaUFERUFNUUF6QURNQUlnQXNBQ0lBVXdCakFISUFaUUJsQUc0QVFRQnlBR1VBWVFBaUFEb0FJZ0JrQUdrQWRnQk5BR0VBYVFCdUFFTUFid0J1QUhRQVpRQnVBSFFBSWdCOUFDd0Fld0FpQUZVQWN3QmxBSElBU1FCa0FDSUFPZ0EwQUN3QUlnQkRBRzhBYmdCMEFISUFid0JzQUVrQVpBQWlBRG9BSWdCREFHOEFiZ0IwQUdVQWJnQjBBRkFBYkFCaEFHTUFaUUJJQUc4QWJBQmtBR1VBY2dCRUFHVUFaZ0JoQUhVQWJBQjBBRjhBVFFCaEFITUFkQUJsQUhJQVVBQnNBR0VBWXdCbEFHZ0Fid0JzQUdRQVpRQnlBRjhBUXdCb0FHVUFZd0JyQUc4QWRRQjBBRkFBYkFCaEFHTUFaUUJvQUc4QWJBQmtBR1VBY2dCZkFFRUFaQUJrQUhJQVpRQnpBSE1BVXdCMUFHMEFiUUJoQUhJQWVRQmZBREVBTWdCZkFIQUFiZ0JzQUVRQWNnQmhBR2NBWVFCaUFHd0FaUUJYQUdrQWJnQmtBRzhBZHdBaUFDd0FJZ0JQQUhJQVpBQmxBSElBVGdCMUFHMEFZZ0JsQUhJQUlnQTZBRFFBTEFBaUFFa0Fjd0JOQUdrQWJnQnBBRzBBYVFCNkFHVUFaQUFpQURvQVpnQmhBR3dBY3dCbEFDd0FJZ0JRQUdFQVp3QmxBRklBWlFCbUFDSUFPZ0FpQURFQU1RQXpBRE1BSWdBc0FDSUFVd0JqQUhJQVpRQmxBRzRBUVFCeUFHVUFZUUFpQURvQUlnQmtBR2tBZGdCTkFHRUFhUUJ1QUVNQWJ3QnVBSFFBWlFCdUFIUUFJZ0I5QUN3QWV3QWlBRlVBY3dCbEFISUFTUUJrQUNJQU9nQTFBQ3dBSWdCREFHOEFiZ0IwQUhJQWJ3QnNBRWtBWkFBaUFEb0FJZ0JEQUc4QWJnQjBBR1VBYmdCMEFGQUFiQUJoQUdNQVpRQklBRzhBYkFCa0FHVUFjZ0JFQUdVQVpnQmhBSFVBYkFCMEFGOEFUUUJoQUhNQWRBQmxBSElBVUFCc0FHRUFZd0JsQUdnQWJ3QnNBR1FBWlFCeUFGOEFRd0JvQUdVQVl3QnJBRzhBZFFCMEFGQUFiQUJoQUdNQVpRQm9BRzhBYkFCa0FHVUFjZ0JmQUU4QWNnQmtBR1VBY2dCcEFHNEFad0JEQUc4QWJRQnRBR1VBYmdCMEFGOEFNUUExQUY4QWNBQnVBR3dBUkFCeUFHRUFad0JoQUdJQWJBQmxBRmNBYVFCdUFHUUFid0IzQUNJQUxBQWlBRThBY2dCa0FHVUFjZ0JPQUhVQWJRQmlBR1VBY2dBaUFEb0FOUUFzQUNJQVNRQnpBRTBBYVFCdUFHa0FiUUJwQUhvQVpRQmtBQ0lBT2dCbUFHRUFiQUJ6QUdVQUxBQWlBRkFBWVFCbkFHVUFVZ0JsQUdZQUlnQTZBQ0lBTVFBeEFETUFNd0FpQUN3QUlnQlRBR01BY2dCbEFHVUFiZ0JCQUhJQVpRQmhBQ0lBT2dBaUFHUUFhUUIyQUUwQVlRQnBBRzRBUXdCdkFHNEFkQUJsQUc0QWRBQWlBSDBBTEFCN0FDSUFWUUJ6QUdVQWNnQkpBR1FBSWdBNkFEWUFMQUFpQUVNQWJ3QnVBSFFBY2dCdkFHd0FTUUJrQUNJQU9nQWlBRU1BYndCdUFIUUFaUUJ1QUhRQVVBQnNBR0VBWXdCbEFFZ0Fid0JzQUdRQVpRQnlBRVFBWlFCbUFHRUFkUUJzQUhRQVh3Qk5BR0VBY3dCMEFHVUFjZ0JRQUd3QVlRQmpBR1VBYUFCdkFHd0FaQUJsQUhJQVh3QkRBR2dBWlFCakFHc0Fid0IxQUhRQVVBQnNBR0VBWXdCbEFHZ0Fid0JzQUdRQVpRQnlBRjhBVUFCeUFHOEFiUUJ2QUVNQWJ3QmtBR1VBWHdBeEFEWUFYd0J3QUc0QWJBQkVBSElBWVFCbkFHRUFZZ0JzQUdVQVZ3QnBBRzRBWkFCdkFIY0FJZ0FzQUNJQVR3QnlBR1FBWlFCeUFFNEFkUUJ0QUdJQVpRQnlBQ0lBT2dBMkFDd0FJZ0JKQUhNQVRRQnBBRzRBYVFCdEFHa0FlZ0JsQUdRQUlnQTZBSFFBY2dCMUFHVUFMQUFpQUZBQVlRQm5BR1VBVWdCbEFHWUFJZ0E2QUNJQU1RQXhBRE1BTXdBaUFDd0FJZ0JUQUdNQWNnQmxBR1VBYmdCQkFISUFaUUJoQUNJQU9nQWlBR1FBYVFCMkFFMEFZUUJwQUc0QVF3QnZBRzRBZEFCbEFHNEFkQUFpQUgwQUxBQjdBQ0lBVlFCekFHVUFjZ0JKQUdRQUlnQTZBRGNBTEFBaUFFTUFid0J1QUhRQWNnQnZBR3dBU1FCa0FDSUFPZ0FpQUVNQWJ3QnVBSFFBWlFCdUFIUUFVQUJzQUdFQVl3QmxBRWdBYndCc0FHUUFaUUJ5QUVRQVpRQm1BR0VBZFFCc0FIUUFYd0JOQUdFQWN3QjBBR1VBY2dCUUFHd0FZUUJqQUdVQWFBQnZBR3dBWkFCbEFISUFYd0JEQUdnQVpRQmpBR3NBYndCMUFIUUFVQUJzQUdFQVl3QmxBR2dBYndCc0FHUUFaUUJ5QUY4QVJRQjRBSFFBWlFCeUFHNEFZUUJzQUU4QWNnQmtBR1VBY2dCSkFHUUFYd0F4QURjQVh3QndBRzRBYkFCRUFISUFZUUJuQUdFQVlnQnNBR1VBVndCcEFHNEFaQUJ2QUhjQUlnQXNBQ0lBVHdCeUFHUUFaUUJ5QUU0QWRRQnRBR0lBWlFCeUFDSUFPZ0EzQUN3QUlnQkpBSE1BVFFCcEFHNEFhUUJ0QUdrQWVnQmxBR1FBSWdBNkFIUUFjZ0IxQUdVQUxBQWlBRkFBWVFCbkFHVUFVZ0JsQUdZQUlnQTZBQ0lBTVFBeEFETUFNd0FpQUN3QUlnQlRBR01BY2dCbEFHVUFiZ0JCQUhJQVpRQmhBQ0lBT2dBaUFHUUFhUUIyQUUwQVlRQnBBRzRBUXdCdkFHNEFkQUJsQUc0QWRBQWlBSDBBTEFCN0FDSUFWUUJ6QUdVQWNnQkpBR1FBSWdBNkFEZ0FMQUFpQUVNQWJ3QnVBSFFBY2dCdkFHd0FTUUJrQUNJQU9nQWlBRU1BYndCdUFIUUFaUUJ1QUhRQVVBQnNBR0VBWXdCbEFFZ0Fid0JzQUdRQVpRQnlBRVFBWlFCbUFHRUFkUUJzQUhRQVh3Qk5BR0VBY3dCMEFHVUFjZ0JRQUd3QVlRQmpBR1VBYUFCdkFHd0FaQUJsQUhJQVh3QkRBR2dBWlFCakFHc0Fid0IxQUhRQVVBQnNBR0VBWXdCbEFHZ0Fid0JzQUdRQVpRQnlBRjhBZFFCakFGQUFZUUI1QUcwQVpRQnVBSFFBVFFCbEFIUUFhQUJ2QUdRQWN3QmZBREVBT0FCZkFIQUFiZ0JzQUVRQWNnQmhBR2NBWVFCaUFHd0FaUUJYQUdrQWJnQmtBRzhBZHdBaUFDd0FJZ0JQQUhJQVpBQmxBSElBVGdCMUFHMEFZZ0JsQUhJQUlnQTZBRGdBTEFBaUFFa0Fjd0JOQUdrQWJnQnBBRzBBYVFCNkFHVUFaQUFpQURvQVpnQmhBR3dBY3dCbEFDd0FJZ0JRQUdFQVp3QmxBRklBWlFCbUFDSUFPZ0FpQURFQU1RQXpBRE1BSWdBc0FDSUFVd0JqQUhJQVpRQmxBRzRBUVFCeUFHVUFZUUFpQURvQUlnQmtBR2tBZGdCTkFHRUFhUUJ1QUVNQWJ3QnVBSFFBWlFCdUFIUUFJZ0I5QUN3QWV3QWlBRlVBY3dCbEFISUFTUUJrQUNJQU9nQTVBQ3dBSWdCREFHOEFiZ0IwQUhJQWJ3QnNBRWtBWkFBaUFEb0FJZ0JEQUc4QWJnQjBBR1VBYmdCMEFGQUFiQUJoQUdNQVpRQklBRzhBYkFCa0FHVUFjZ0JFQUdVQVpnQmhBSFVBYkFCMEFGOEFUUUJoQUhNQWRBQmxBSElBVUFCc0FHRUFZd0JsQUdnQWJ3QnNBR1FBWlFCeUFGOEFRd0JvQUdVQVl3QnJBRzhBZFFCMEFGQUFiQUJoQUdNQVpRQm9BRzhBYkFCa0FHVUFjZ0JmQUhVQVl3QlFBR0VBZVFCdEFHVUFiZ0IwQUUwQVpRQjBBR2dBYndCa0FITUFYd0F4QURnQVh3QmpBRzhBYlFCREFISUFaUUJrQUdrQWRBQkRBR0VBY2dCa0FGOEFjQUJ1QUd3QVJBQnlBR0VBWndCaEFHSUFiQUJsQUZjQWFRQnVBR1FBYndCM0FDSUFMQUFpQUU4QWNnQmtBR1VBY2dCT0FIVUFiUUJpQUdVQWNnQWlBRG9BT1FBc0FDSUFTUUJ6QUUwQWFRQnVBR2tBYlFCcEFIb0FaUUJrQUNJQU9nQm1BR0VBYkFCekFHVUFMQUFpQUZBQVlRQm5BR1VBVWdCbEFHWUFJZ0E2QUNJQU1RQXhBRE1BTXdBaUFDd0FJZ0JUQUdNQWNnQmxBR1VBYmdCQkFISUFaUUJoQUNJQU9nQWlBQ0lBZlFBc0FIc0FJZ0JWQUhNQVpRQnlBRWtBWkFBaUFEb0FNUUF3QUN3QUlnQkRBRzhBYmdCMEFISUFid0JzQUVrQVpBQWlBRG9BSWdCREFHOEFiZ0IwQUdVQWJnQjBBRkFBYkFCaEFHTUFaUUJJQUc4QWJBQmtBR1VBY2dCRUFHVUFaZ0JoQUhVQWJBQjBBRjhBVFFCaEFITUFkQUJsQUhJQVVBQnNBR0VBWXdCbEFHZ0Fid0JzQUdRQVpRQnlBRjhBUXdCb0FHVUFZd0JyQUc4QWRRQjBBRkFBYkFCaEFHTUFaUUJvQUc4QWJBQmtBR1VBY2dCZkFGTUFhQUJwQUhBQWNBQnBBRzRBWndCUEFIQUFkQUJwQUc4QWJnQnpBRjhBTVFBNUFGOEFjQUJ1QUd3QVJBQnlBR0VBWndCaEFHSUFiQUJsQUZjQWFRQnVBR1FBYndCM0FDSUFMQUFpQUU4QWNnQmtBR1VBY2dCT0FIVUFiUUJpQUdVQWNnQWlBRG9BTVFBd0FDd0FJZ0JKQUhNQVRRQnBBRzRBYVFCdEFHa0FlZ0JsQUdRQUlnQTZBR1lBWVFCc0FITUFaUUFzQUNJQVVBQmhBR2NBWlFCU0FHVUFaZ0FpQURvQUlnQXhBREVBTXdBekFDSUFMQUFpQUZNQVl3QnlBR1VBWlFCdUFFRUFjZ0JsQUdFQUlnQTZBQ0lBWkFCcEFIWUFUUUJoQUdrQWJnQkRBRzhBYmdCMEFHVUFiZ0IwQUNJQWZRQXNBSHNBSWdCVkFITUFaUUJ5QUVrQVpBQWlBRG9BTVFBeEFDd0FJZ0JEQUc4QWJnQjBBSElBYndCc0FFa0FaQUFpQURvQUlnQkRBRzhBYmdCMEFHVUFiZ0IwQUZBQWJBQmhBR01BWlFCSUFHOEFiQUJrQUdVQWNnQkVBR1VBWmdCaEFIVUFiQUIwQUY4QVRRQmhBSE1BZEFCbEFISUFVQUJzQUdFQVl3QmxBR2dBYndCc0FHUUFaUUJ5QUY4QVF3Qm9BR1VBWXdCckFHOEFkUUIwQUZBQWJBQmhBR01BWlFCb0FHOEFiQUJrQUdVQWNnQmZBRThBY2dCa0FHVUFjZ0JUQUhVQWJRQnRBR0VBY2dCNUFGOEFNZ0F3QUY4QWNBQnVBR3dBUkFCeUFHRUFad0JoQUdJQWJBQmxBRmNBYVFCdUFHUUFid0IzQUNJQUxBQWlBRThBY2dCa0FHVUFjZ0JPQUhVQWJRQmlBR1VBY2dBaUFEb0FNUUF4QUN3QUlnQkpBSE1BVFFCcEFHNEFhUUJ0QUdrQWVnQmxBR1FBSWdBNkFHWUFZUUJzQUhNQVpRQXNBQ0lBVUFCaEFHY0FaUUJTQUdVQVpnQWlBRG9BSWdBeEFERUFNd0F6QUNJQUxBQWlBRk1BWXdCeUFHVUFaUUJ1QUVFQWNnQmxBR0VBSWdBNkFDSUFaQUJwQUhZQVRRQmhBR2tBYmdCREFHOEFiZ0IwQUdVQWJnQjBBQ0lBZlFBc0FIc0FJZ0JWQUhNQVpRQnlBRWtBWkFBaUFEb0FNUUF5QUN3QUlnQkRBRzhBYmdCMEFISUFid0JzQUVrQVpBQWlBRG9BSWdCREFHOEFiZ0IwQUdVQWJnQjBBRkFBYkFCaEFHTUFaUUJJQUc4QWJBQmtBR1VBY2dCRUFHVUFaZ0JoQUhVQWJBQjBBRjhBVFFCaEFITUFkQUJsQUhJQVVBQnNBR0VBWXdCbEFHZ0Fid0JzQUdRQVpRQnlBRjhBUXdCb0FHVUFZd0JyQUc4QWRRQjBBRkFBYkFCaEFHTUFaUUJvQUc4QWJBQmtBR1VBY2dCZkFIVUFZd0JGQUhnQWNBQmxBR01BZEFCbEFHUUFVd0JvQUdrQWNBQndBR2tBYmdCbkFFUUFZUUIwQUdVQVh3QXlBREVBWHdCd0FHNEFiQUJFQUhJQVlRQm5BR0VBWWdCc0FHVUFWd0JwQUc0QVpBQnZBSGNBSWdBc0FDSUFUd0J5QUdRQVpRQnlBRTRBZFFCdEFHSUFaUUJ5QUNJQU9nQXhBRElBTEFBaUFFa0Fjd0JOQUdrQWJnQnBBRzBBYVFCNkFHVUFaQUFpQURvQVpnQmhBR3dBY3dCbEFDd0FJZ0JRQUdFQVp3QmxBRklBWlFCbUFDSUFPZ0FpQURFQU1RQXpBRE1BSWdBc0FDSUFVd0JqQUhJQVpRQmxBRzRBUVFCeUFHVUFZUUFpQURvQUlnQmtBR2tBZGdCTkFHRUFhUUJ1QUVNQWJ3QnVBSFFBWlFCdUFIUUFJZ0I5QUN3QWV3QWlBRlVBY3dCbEFISUFTUUJrQUNJQU9nQXhBRE1BTEFBaUFFTUFid0J1QUhRQWNnQnZBR3dBU1FCa0FDSUFPZ0FpQUVNQWJ3QnVBSFFBWlFCdUFIUUFVQUJzQUdFQVl3QmxBRWdBYndCc0FHUUFaUUJ5QUVRQVpRQm1BR0VBZFFCc0FIUUFYd0JOQUdFQWN3QjBBR1VBY2dCUUFHd0FZUUJqQUdVQWFBQnZBR3dBWkFCbEFISUFYd0JEQUdnQVpRQmpBR3NBYndCMUFIUUFVQUJzQUdFQVl3QmxBR2dBYndCc0FHUUFaUUJ5QUY4QVF3Qm9BR1VBWXdCckFFOEFkUUIwQUZjQWFRQjZBR0VBY2dCa0FFNEFZUUIyQUdrQVp3QmhBSFFBYndCeUFGOEFNZ0F5QUY4QWNBQnVBR3dBUkFCeUFHRUFad0JoQUdJQWJBQmxBRmNBYVFCdUFHUUFid0IzQUNJQUxBQWlBRThBY2dCa0FHVUFjZ0JPQUhVQWJRQmlBR1VBY2dBaUFEb0FNUUF6QUN3QUlnQkpBSE1BVFFCcEFHNEFhUUJ0QUdrQWVnQmxBR1FBSWdBNkFHWUFZUUJzQUhNQVpRQXNBQ0lBVUFCaEFHY0FaUUJTQUdVQVpnQWlBRG9BSWdBeEFERUFNd0F6QUNJQUxBQWlBRk1BWXdCeUFHVUFaUUJ1QUVFQWNnQmxBR0VBSWdBNkFDSUFaQUJwQUhZQVRRQmhBR2tBYmdCREFHOEFiZ0IwQUdVQWJnQjBBQ0lBZlFBc0FIc0FJZ0JWQUhNQVpRQnlBRWtBWkFBaUFEb0FNUUEwQUN3QUlnQkRBRzhBYmdCMEFISUFid0JzQUVrQVpBQWlBRG9BSWdCREFHOEFiZ0IwQUdVQWJnQjBBRkFBYkFCaEFHTUFaUUJJQUc4QWJBQmtBR1VBY2dCRUFHVUFaZ0JoQUhVQWJBQjBBRjhBVFFCaEFITUFkQUJsQUhJQVVBQnNBR0VBWXdCbEFHZ0Fid0JzQUdRQVpRQnlBRjhBUXdCb0FHVUFZd0JyQUc4QWRRQjBBRkFBYkFCaEFHTUFaUUJvQUc4QWJBQmtBR1VBY2dCZkFIVUFZd0JVQUdFQWVBQlFBSElBWlFCbUFHVUFjZ0JsQUc0QVl3QmxBSE1BWHdBeEFEUUFYd0J3QUc0QWJBQkVBSElBWVFCbkFHRUFZZ0JzQUdVQVZ3QnBBRzRBWkFCdkFIY0FJZ0FzQUNJQVR3QnlBR1FBWlFCeUFFNEFkUUJ0QUdJQVpRQnlBQ0lBT2dBeEFEUUFMQUFpQUVrQWN3Qk5BR2tBYmdCcEFHMEFhUUI2QUdVQVpBQWlBRG9BWmdCaEFHd0Fjd0JsQUN3QUlnQlFBR0VBWndCbEFGSUFaUUJtQUNJQU9nQWlBREVBTVFBekFETUFJZ0FzQUNJQVV3QmpBSElBWlFCbEFHNEFRUUJ5QUdVQVlRQWlBRG9BSWdBaUFIMEFYUUI5QUE9PTwvU3RyaW5nSHR0cEJvZHk+DQogICAgICAgIDwvUmVxdWVzdD4NCiAgICAgICAgPFJlcXVlc3QgTWV0aG9kPSJQT1NUIiBHdWlkPSI1YjYwYWFiNy1iNjYyLTQyNGUtYWI4MC1mNDBkNDgyNDVlOTQiIFZlcnNpb249IjEuMSIgVXJsPSJodHRwOi8vaW4wMWFwdjExOjgxL1NlcnZpY2VzL1BlcnNvbmFsaXphdGlvblNlcnZpY2UuYXNteC9TYXZlRHJhZ0Ryb3BDb250cm9scyIgVGhpbmtUaW1lPSI0IiBUaW1lb3V0PSI2MCIgUGFyc2VEZXBlbmRlbnRSZXF1ZXN0cz0iVHJ1ZSIgRm9sbG93UmVkaXJlY3RzPSJUcnVlIiBSZWNvcmRSZXN1bHQ9IlRydWUiIENhY2hlPSJGYWxzZSIgUmVzcG9uc2VUaW1lR29hbD0iMCIgRW5jb2Rpbmc9InV0Zi04IiBFeHBlY3RlZEh0dHBTdGF0dXNDb2RlPSIwIiBFeHBlY3RlZFJlc3BvbnNlVXJsPSIiIFJlcG9ydGluZ05hbWU9IiIgSWdub3JlSHR0cFN0YXR1c0NvZGU9IkZhbHNlIj4NCiAgICAgICAgICA8SGVhZGVycz4NCiAgICAgICAgICAgIDxIZWFkZXIgTmFtZT0iT3JpZ2luIiBWYWx1ZT0iaHR0cDovL2luMDFhcHYxMTo4MSIgLz4NCiAgICAgICAgICAgIDxIZWFkZXIgTmFtZT0iWC1SZXF1ZXN0ZWQtV2l0aCIgVmFsdWU9IlhNTEh0dHBSZXF1ZXN0IiAvPg0KICAgICAgICAgICAgPEhlYWRlciBOYW1lPSJDb250ZW50LVR5cGUiIFZhbHVlPSJhcHBsaWNhdGlvbi9qc29uOyBjaGFyc2V0PVVURi04IiAvPg0KICAgICAgICAgIDwvSGVhZGVycz4NCiAgICAgICAgICA8U3RyaW5nSHR0cEJvZHkgQ29udGVudFR5cGU9ImFwcGxpY2F0aW9uL2pzb247IGNoYXJzZXQ9VVRGLTgiIEluc2VydEJ5dGVPcmRlck1hcms9IkZhbHNlIj5ld0FpQUdrQWRBQmxBRzBBY3dBaUFEb0FXd0I3QUNJQVZRQnpBR1VBY2dCSkFHUUFJZ0E2QURBQUxBQWlBRU1BYndCdUFIUUFjZ0J2QUd3QVNRQmtBQ0lBT2dBaUFFTUFid0J1QUhRQVpRQnVBSFFBVUFCc0FHRUFZd0JsQUVnQWJ3QnNBR1FBWlFCeUFFUUFaUUJtQUdFQWRRQnNBSFFBWHdCTkFHRUFjd0IwQUdVQWNnQlFBR3dBWVFCakFHVUFhQUJ2QUd3QVpBQmxBSElBWHdCREFHZ0FaUUJqQUdzQWJ3QjFBSFFBVUFCc0FHRUFZd0JsQUdnQWJ3QnNBR1FBWlFCeUFGOEFRd0JvQUdVQVl3QnJBRzhBZFFCMEFGY0FhUUI2QUdFQWNnQmtBRTRBWVFCMkFHa0Fad0JoQUhRQWFRQnZBRzRBVXdCMEFHVUFjQUJ6QUY4QU5RQmZBSEFBYmdCc0FFUUFjZ0JoQUdjQVlRQmlBR3dBWlFCWEFHa0FiZ0JrQUc4QWR3QWlBQ3dBSWdCUEFISUFaQUJsQUhJQVRnQjFBRzBBWWdCbEFISUFJZ0E2QURBQUxBQWlBRWtBY3dCTkFHa0FiZ0JwQUcwQWFRQjZBR1VBWkFBaUFEb0FaZ0JoQUd3QWN3QmxBQ3dBSWdCUUFHRUFad0JsQUZJQVpRQm1BQ0lBT2dBaUFERUFNUUF6QURNQUlnQXNBQ0lBVXdCakFISUFaUUJsQUc0QVFRQnlBR1VBWVFBaUFEb0FJZ0JrQUdrQWRnQk5BR0VBYVFCdUFFTUFid0J1QUhRQVpRQnVBSFFBSWdCOUFDd0Fld0FpQUZVQWN3QmxBSElBU1FCa0FDSUFPZ0F4QUN3QUlnQkRBRzhBYmdCMEFISUFid0JzQUVrQVpBQWlBRG9BSWdCREFHOEFiZ0IwQUdVQWJnQjBBRkFBYkFCaEFHTUFaUUJJQUc4QWJBQmtBR1VBY2dCRUFHVUFaZ0JoQUhVQWJBQjBBRjhBVFFCaEFITUFkQUJsQUhJQVVBQnNBR0VBWXdCbEFHZ0Fid0JzQUdRQVpRQnlBRjhBUXdCb0FHVUFZd0JyQUc4QWRRQjBBRkFBYkFCaEFHTUFaUUJvQUc4QWJBQmtBR1VBY2dCZkFFMEFlUUJEQUdFQWNnQjBBRXdBWlFCbkFHVUFiZ0JrQUY4QU53QmZBSEFBYmdCc0FFUUFjZ0JoQUdjQVlRQmlBR3dBWlFCWEFHa0FiZ0JrQUc4QWR3QWlBQ3dBSWdCUEFISUFaQUJsQUhJQVRnQjFBRzBBWWdCbEFISUFJZ0E2QURFQUxBQWlBRWtBY3dCTkFHa0FiZ0JwQUcwQWFRQjZBR1VBWkFBaUFEb0FaZ0JoQUd3QWN3QmxBQ3dBSWdCUUFHRUFad0JsQUZJQVpRQm1BQ0lBT2dBaUFERUFNUUF6QURNQUlnQXNBQ0lBVXdCakFISUFaUUJsQUc0QVFRQnlBR1VBWVFBaUFEb0FJZ0JrQUdrQWRnQk5BR0VBYVFCdUFFTUFid0J1QUhRQVpRQnVBSFFBSWdCOUFDd0Fld0FpQUZVQWN3QmxBSElBU1FCa0FDSUFPZ0F5QUN3QUlnQkRBRzhBYmdCMEFISUFid0JzQUVrQVpBQWlBRG9BSWdCREFHOEFiZ0IwQUdVQWJnQjBBRkFBYkFCaEFHTUFaUUJJQUc4QWJBQmtBR1VBY2dCRUFHVUFaZ0JoQUhVQWJBQjBBRjhBVFFCaEFITUFkQUJsQUhJQVVBQnNBR0VBWXdCbEFHZ0Fid0JzQUdRQVpRQnlBRjhBUXdCb0FHVUFZd0JyQUc4QWRRQjBBRkFBYkFCaEFHTUFaUUJvQUc4QWJBQmtBR1VBY2dCZkFIVUFZd0JDQUdrQWJ3QnpBR0VBWmdCbEFIUUFlUUJEQUc4QWJnQm1BR2tBY2dCdEFHRUFkQUJwQUc4QWJnQmZBREVBTUFCZkFIQUFiZ0JzQUVRQWNnQmhBR2NBWVFCaUFHd0FaUUJYQUdrQWJnQmtBRzhBZHdBaUFDd0FJZ0JQQUhJQVpBQmxBSElBVGdCMUFHMEFZZ0JsQUhJQUlnQTZBRElBTEFBaUFFa0Fjd0JOQUdrQWJnQnBBRzBBYVFCNkFHVUFaQUFpQURvQVpnQmhBR3dBY3dCbEFDd0FJZ0JRQUdFQVp3QmxBRklBWlFCbUFDSUFPZ0FpQURFQU1RQXpBRE1BSWdBc0FDSUFVd0JqQUhJQVpRQmxBRzRBUVFCeUFHVUFZUUFpQURvQUlnQmtBR2tBZGdCTkFHRUFhUUJ1QUVNQWJ3QnVBSFFBWlFCdUFIUUFJZ0I5QUN3QWV3QWlBRlVBY3dCbEFISUFTUUJrQUNJQU9nQXpBQ3dBSWdCREFHOEFiZ0IwQUhJQWJ3QnNBRWtBWkFBaUFEb0FJZ0JEQUc4QWJnQjBBR1VBYmdCMEFGQUFiQUJoQUdNQVpRQklBRzhBYkFCa0FHVUFjZ0JFQUdVQVpnQmhBSFVBYkFCMEFGOEFUUUJoQUhNQWRBQmxBSElBVUFCc0FHRUFZd0JsQUdnQWJ3QnNBR1FBWlFCeUFGOEFRd0JvQUdVQVl3QnJBRzhBZFFCMEFGQUFiQUJoQUdNQVpRQm9BRzhBYkFCa0FHVUFjZ0JmQUVFQVpBQmtBSElBWlFCekFITUFVd0IxQUcwQWJRQmhBSElBZVFCZkFERUFNUUJmQUhBQWJnQnNBRVFBY2dCaEFHY0FZUUJpQUd3QVpRQlhBR2tBYmdCa0FHOEFkd0FpQUN3QUlnQlBBSElBWkFCbEFISUFUZ0IxQUcwQVlnQmxBSElBSWdBNkFETUFMQUFpQUVrQWN3Qk5BR2tBYmdCcEFHMEFhUUI2QUdVQVpBQWlBRG9BWmdCaEFHd0Fjd0JsQUN3QUlnQlFBR0VBWndCbEFGSUFaUUJtQUNJQU9nQWlBREVBTVFBekFETUFJZ0FzQUNJQVV3QmpBSElBWlFCbEFHNEFRUUJ5QUdVQVlRQWlBRG9BSWdCa0FHa0FkZ0JOQUdFQWFRQnVBRU1BYndCdUFIUUFaUUJ1QUhRQUlnQjlBQ3dBZXdBaUFGVUFjd0JsQUhJQVNRQmtBQ0lBT2dBMEFDd0FJZ0JEQUc4QWJnQjBBSElBYndCc0FFa0FaQUFpQURvQUlnQkRBRzhBYmdCMEFHVUFiZ0IwQUZBQWJBQmhBR01BWlFCSUFHOEFiQUJrQUdVQWNnQkVBR1VBWmdCaEFIVUFiQUIwQUY4QVRRQmhBSE1BZEFCbEFISUFVQUJzQUdFQVl3QmxBR2dBYndCc0FHUUFaUUJ5QUY4QVF3Qm9BR1VBWXdCckFHOEFkUUIwQUZBQWJBQmhBR01BWlFCb0FHOEFiQUJrQUdVQWNnQmZBRUVBWkFCa0FISUFaUUJ6QUhNQVV3QjFBRzBBYlFCaEFISUFlUUJmQURFQU1nQmZBSEFBYmdCc0FFUUFjZ0JoQUdjQVlRQmlBR3dBWlFCWEFHa0FiZ0JrQUc4QWR3QWlBQ3dBSWdCUEFISUFaQUJsQUhJQVRnQjFBRzBBWWdCbEFISUFJZ0E2QURRQUxBQWlBRWtBY3dCTkFHa0FiZ0JwQUcwQWFRQjZBR1VBWkFBaUFEb0FaZ0JoQUd3QWN3QmxBQ3dBSWdCUUFHRUFad0JsQUZJQVpRQm1BQ0lBT2dBaUFERUFNUUF6QURNQUlnQXNBQ0lBVXdCakFISUFaUUJsQUc0QVFRQnlBR1VBWVFBaUFEb0FJZ0JrQUdrQWRnQk5BR0VBYVFCdUFFTUFid0J1QUhRQVpRQnVBSFFBSWdCOUFDd0Fld0FpQUZVQWN3QmxBSElBU1FCa0FDSUFPZ0ExQUN3QUlnQkRBRzhBYmdCMEFISUFid0JzQUVrQVpBQWlBRG9BSWdCREFHOEFiZ0IwQUdVQWJnQjBBRkFBYkFCaEFHTUFaUUJJQUc4QWJBQmtBR1VBY2dCRUFHVUFaZ0JoQUhVQWJBQjBBRjhBVFFCaEFITUFkQUJsQUhJQVVBQnNBR0VBWXdCbEFHZ0Fid0JzQUdRQVpRQnlBRjhBUXdCb0FHVUFZd0JyQUc4QWRRQjBBRkFBYkFCaEFHTUFaUUJvQUc4QWJBQmtBR1VBY2dCZkFFOEFjZ0JrQUdVQWNnQnBBRzRBWndCREFHOEFiUUJ0QUdVQWJnQjBBRjhBTVFBMUFGOEFjQUJ1QUd3QVJBQnlBR0VBWndCaEFHSUFiQUJsQUZjQWFRQnVBR1FBYndCM0FDSUFMQUFpQUU4QWNnQmtBR1VBY2dCT0FIVUFiUUJpQUdVQWNnQWlBRG9BTlFBc0FDSUFTUUJ6QUUwQWFRQnVBR2tBYlFCcEFIb0FaUUJrQUNJQU9nQm1BR0VBYkFCekFHVUFMQUFpQUZBQVlRQm5BR1VBVWdCbEFHWUFJZ0E2QUNJQU1RQXhBRE1BTXdBaUFDd0FJZ0JUQUdNQWNnQmxBR1VBYmdCQkFISUFaUUJoQUNJQU9nQWlBR1FBYVFCMkFFMEFZUUJwQUc0QVF3QnZBRzRBZEFCbEFHNEFkQUFpQUgwQUxBQjdBQ0lBVlFCekFHVUFjZ0JKQUdRQUlnQTZBRFlBTEFBaUFFTUFid0J1QUhRQWNnQnZBR3dBU1FCa0FDSUFPZ0FpQUVNQWJ3QnVBSFFBWlFCdUFIUUFVQUJzQUdFQVl3QmxBRWdBYndCc0FHUUFaUUJ5QUVRQVpRQm1BR0VBZFFCc0FIUUFYd0JOQUdFQWN3QjBBR1VBY2dCUUFHd0FZUUJqQUdVQWFBQnZBR3dBWkFCbEFISUFYd0JEQUdnQVpRQmpBR3NBYndCMUFIUUFVQUJzQUdFQVl3QmxBR2dBYndCc0FHUUFaUUJ5QUY4QVVBQnlBRzhBYlFCdkFFTUFid0JrQUdVQVh3QXhBRFlBWHdCd0FHNEFiQUJFQUhJQVlRQm5BR0VBWWdCc0FHVUFWd0JwQUc0QVpBQnZBSGNBSWdBc0FDSUFUd0J5QUdRQVpRQnlBRTRBZFFCdEFHSUFaUUJ5QUNJQU9nQTJBQ3dBSWdCSkFITUFUUUJwQUc0QWFRQnRBR2tBZWdCbEFHUUFJZ0E2QUhRQWNnQjFBR1VBTEFBaUFGQUFZUUJuQUdVQVVnQmxBR1lBSWdBNkFDSUFNUUF4QURNQU13QWlBQ3dBSWdCVEFHTUFjZ0JsQUdVQWJnQkJBSElBWlFCaEFDSUFPZ0FpQUdRQWFRQjJBRTBBWVFCcEFHNEFRd0J2QUc0QWRBQmxBRzRBZEFBaUFIMEFMQUI3QUNJQVZRQnpBR1VBY2dCSkFHUUFJZ0E2QURjQUxBQWlBRU1BYndCdUFIUUFjZ0J2QUd3QVNRQmtBQ0lBT2dBaUFFTUFid0J1QUhRQVpRQnVBSFFBVUFCc0FHRUFZd0JsQUVnQWJ3QnNBR1FBWlFCeUFFUUFaUUJtQUdFQWRRQnNBSFFBWHdCTkFHRUFjd0IwQUdVQWNnQlFBR3dBWVFCakFHVUFhQUJ2QUd3QVpBQmxBSElBWHdCREFHZ0FaUUJqQUdzQWJ3QjFBSFFBVUFCc0FHRUFZd0JsQUdnQWJ3QnNBR1FBWlFCeUFGOEFSUUI0QUhRQVpRQnlBRzRBWVFCc0FFOEFjZ0JrQUdVQWNnQkpBR1FBWHdBeEFEY0FYd0J3QUc0QWJBQkVBSElBWVFCbkFHRUFZZ0JzQUdVQVZ3QnBBRzRBWkFCdkFIY0FJZ0FzQUNJQVR3QnlBR1FBWlFCeUFFNEFkUUJ0QUdJQVpRQnlBQ0lBT2dBM0FDd0FJZ0JKQUhNQVRRQnBBRzRBYVFCdEFHa0FlZ0JsQUdRQUlnQTZBSFFBY2dCMUFHVUFMQUFpQUZBQVlRQm5BR1VBVWdCbEFHWUFJZ0E2QUNJQU1RQXhBRE1BTXdBaUFDd0FJZ0JUQUdNQWNnQmxBR1VBYmdCQkFISUFaUUJoQUNJQU9nQWlBR1FBYVFCMkFFMEFZUUJwQUc0QVF3QnZBRzRBZEFCbEFHNEFkQUFpQUgwQUxBQjdBQ0lBVlFCekFHVUFjZ0JKQUdRQUlnQTZBRGdBTEFBaUFFTUFid0J1QUhRQWNnQnZBR3dBU1FCa0FDSUFPZ0FpQUVNQWJ3QnVBSFFBWlFCdUFIUUFVQUJzQUdFQVl3QmxBRWdBYndCc0FHUUFaUUJ5QUVRQVpRQm1BR0VBZFFCc0FIUUFYd0JOQUdFQWN3QjBBR1VBY2dCUUFHd0FZUUJqQUdVQWFBQnZBR3dBWkFCbEFISUFYd0JEQUdnQVpRQmpBR3NBYndCMUFIUUFVQUJzQUdFQVl3QmxBR2dBYndCc0FHUUFaUUJ5QUY4QWRRQmpBRkFBWVFCNUFHMEFaUUJ1QUhRQVRRQmxBSFFBYUFCdkFHUUFjd0JmQURFQU9BQmZBSEFBYmdCc0FFUUFjZ0JoQUdjQVlRQmlBR3dBWlFCWEFHa0FiZ0JrQUc4QWR3QWlBQ3dBSWdCUEFISUFaQUJsQUhJQVRnQjFBRzBBWWdCbEFISUFJZ0E2QURnQUxBQWlBRWtBY3dCTkFHa0FiZ0JwQUcwQWFRQjZBR1VBWkFBaUFEb0FaZ0JoQUd3QWN3QmxBQ3dBSWdCUUFHRUFad0JsQUZJQVpRQm1BQ0lBT2dBaUFERUFNUUF6QURNQUlnQXNBQ0lBVXdCakFISUFaUUJsQUc0QVFRQnlBR1VBWVFBaUFEb0FJZ0JrQUdrQWRnQk5BR0VBYVFCdUFFTUFid0J1QUhRQVpRQnVBSFFBSWdCOUFDd0Fld0FpQUZVQWN3QmxBSElBU1FCa0FDSUFPZ0E1QUN3QUlnQkRBRzhBYmdCMEFISUFid0JzQUVrQVpBQWlBRG9BSWdCREFHOEFiZ0IwQUdVQWJnQjBBRkFBYkFCaEFHTUFaUUJJQUc4QWJBQmtBR1VBY2dCRUFHVUFaZ0JoQUhVQWJBQjBBRjhBVFFCaEFITUFkQUJsQUhJQVVBQnNBR0VBWXdCbEFHZ0Fid0JzQUdRQVpRQnlBRjhBUXdCb0FHVUFZd0JyQUc4QWRRQjBBRkFBYkFCaEFHTUFaUUJvQUc4QWJBQmtBR1VBY2dCZkFIVUFZd0JRQUdFQWVRQnRBR1VBYmdCMEFFMEFaUUIwQUdnQWJ3QmtBSE1BWHdBeEFEZ0FYd0JqQUc4QWJRQkRBSElBWlFCa0FHa0FkQUJEQUdFQWNnQmtBRjhBY0FCdUFHd0FSQUJ5QUdFQVp3QmhBR0lBYkFCbEFGY0FhUUJ1QUdRQWJ3QjNBQ0lBTEFBaUFFOEFjZ0JrQUdVQWNnQk9BSFVBYlFCaUFHVUFjZ0FpQURvQU9RQXNBQ0lBU1FCekFFMEFhUUJ1QUdrQWJRQnBBSG9BWlFCa0FDSUFPZ0JtQUdFQWJBQnpBR1VBTEFBaUFGQUFZUUJuQUdVQVVnQmxBR1lBSWdBNkFDSUFNUUF4QURNQU13QWlBQ3dBSWdCVEFHTUFjZ0JsQUdVQWJnQkJBSElBWlFCaEFDSUFPZ0FpQUNJQWZRQXNBSHNBSWdCVkFITUFaUUJ5QUVrQVpBQWlBRG9BTVFBd0FDd0FJZ0JEQUc4QWJnQjBBSElBYndCc0FFa0FaQUFpQURvQUlnQkRBRzhBYmdCMEFHVUFiZ0IwQUZBQWJBQmhBR01BWlFCSUFHOEFiQUJrQUdVQWNnQkVBR1VBWmdCaEFIVUFiQUIwQUY4QVRRQmhBSE1BZEFCbEFISUFVQUJzQUdFQVl3QmxBR2dBYndCc0FHUUFaUUJ5QUY4QVF3Qm9BR1VBWXdCckFHOEFkUUIwQUZBQWJBQmhBR01BWlFCb0FHOEFiQUJrQUdVQWNnQmZBRk1BYUFCcEFIQUFjQUJwQUc0QVp3QlBBSEFBZEFCcEFHOEFiZ0J6QUY4QU1RQTVBRjhBY0FCdUFHd0FSQUJ5QUdFQVp3QmhBR0lBYkFCbEFGY0FhUUJ1QUdRQWJ3QjNBQ0lBTEFBaUFFOEFjZ0JrQUdVQWNnQk9BSFVBYlFCaUFHVUFjZ0FpQURvQU1RQXdBQ3dBSWdCSkFITUFUUUJwQUc0QWFRQnRBR2tBZWdCbEFHUUFJZ0E2QUdZQVlRQnNBSE1BWlFBc0FDSUFVQUJoQUdjQVpRQlNBR1VBWmdBaUFEb0FJZ0F4QURFQU13QXpBQ0lBTEFBaUFGTUFZd0J5QUdVQVpRQnVBRUVBY2dCbEFHRUFJZ0E2QUNJQVpBQnBBSFlBVFFCaEFHa0FiZ0JEQUc4QWJnQjBBR1VBYmdCMEFDSUFmUUFzQUhzQUlnQlZBSE1BWlFCeUFFa0FaQUFpQURvQU1RQXhBQ3dBSWdCREFHOEFiZ0IwQUhJQWJ3QnNBRWtBWkFBaUFEb0FJZ0JEQUc4QWJnQjBBR1VBYmdCMEFGQUFiQUJoQUdNQVpRQklBRzhBYkFCa0FHVUFjZ0JFQUdVQVpnQmhBSFVBYkFCMEFGOEFUUUJoQUhNQWRBQmxBSElBVUFCc0FHRUFZd0JsQUdnQWJ3QnNBR1FBWlFCeUFGOEFRd0JvQUdVQVl3QnJBRzhBZFFCMEFGQUFiQUJoQUdNQVpRQm9BRzhBYkFCa0FHVUFjZ0JmQUU4QWNnQmtBR1VBY2dCVEFIVUFiUUJ0QUdFQWNnQjVBRjhBTWdBd0FGOEFjQUJ1QUd3QVJBQnlBR0VBWndCaEFHSUFiQUJsQUZjQWFRQnVBR1FBYndCM0FDSUFMQUFpQUU4QWNnQmtBR1VBY2dCT0FIVUFiUUJpQUdVQWNnQWlBRG9BTVFBeEFDd0FJZ0JKQUhNQVRRQnBBRzRBYVFCdEFHa0FlZ0JsQUdRQUlnQTZBR1lBWVFCc0FITUFaUUFzQUNJQVVBQmhBR2NBWlFCU0FHVUFaZ0FpQURvQUlnQXhBREVBTXdBekFDSUFMQUFpQUZNQVl3QnlBR1VBWlFCdUFFRUFjZ0JsQUdFQUlnQTZBQ0lBWkFCcEFIWUFUUUJoQUdrQWJnQkRBRzhBYmdCMEFHVUFiZ0IwQUNJQWZRQXNBSHNBSWdCVkFITUFaUUJ5QUVrQVpBQWlBRG9BTVFBeUFDd0FJZ0JEQUc4QWJnQjBBSElBYndCc0FFa0FaQUFpQURvQUlnQkRBRzhBYmdCMEFHVUFiZ0IwQUZBQWJBQmhBR01BWlFCSUFHOEFiQUJrQUdVQWNnQkVBR1VBWmdCaEFIVUFiQUIwQUY4QVRRQmhBSE1BZEFCbEFISUFVQUJzQUdFQVl3QmxBR2dBYndCc0FHUUFaUUJ5QUY4QVF3Qm9BR1VBWXdCckFHOEFkUUIwQUZBQWJBQmhBR01BWlFCb0FHOEFiQUJrQUdVQWNnQmZBSFVBWXdCRkFIZ0FjQUJsQUdNQWRBQmxBR1FBVXdCb0FHa0FjQUJ3QUdrQWJnQm5BRVFBWVFCMEFHVUFYd0F5QURFQVh3QndBRzRBYkFCRUFISUFZUUJuQUdFQVlnQnNBR1VBVndCcEFHNEFaQUJ2QUhjQUlnQXNBQ0lBVHdCeUFHUUFaUUJ5QUU0QWRRQnRBR0lBWlFCeUFDSUFPZ0F4QURJQUxBQWlBRWtBY3dCTkFHa0FiZ0JwQUcwQWFRQjZBR1VBWkFBaUFEb0FaZ0JoQUd3QWN3QmxBQ3dBSWdCUUFHRUFad0JsQUZJQVpRQm1BQ0lBT2dBaUFERUFNUUF6QURNQUlnQXNBQ0lBVXdCakFISUFaUUJsQUc0QVFRQnlBR1VBWVFBaUFEb0FJZ0JrQUdrQWRnQk5BR0VBYVFCdUFFTUFid0J1QUhRQVpRQnVBSFFBSWdCOUFDd0Fld0FpQUZVQWN3QmxBSElBU1FCa0FDSUFPZ0F4QURNQUxBQWlBRU1BYndCdUFIUUFjZ0J2QUd3QVNRQmtBQ0lBT2dBaUFFTUFid0J1QUhRQVpRQnVBSFFBVUFCc0FHRUFZd0JsQUVnQWJ3QnNBR1FBWlFCeUFFUUFaUUJtQUdFQWRRQnNBSFFBWHdCTkFHRUFjd0IwQUdVQWNnQlFBR3dBWVFCakFHVUFhQUJ2QUd3QVpBQmxBSElBWHdCREFHZ0FaUUJqQUdzQWJ3QjFBSFFBVUFCc0FHRUFZd0JsQUdnQWJ3QnNBR1FBWlFCeUFGOEFRd0JvQUdVQVl3QnJBRThBZFFCMEFGY0FhUUI2QUdFQWNnQmtBRTRBWVFCMkFHa0Fad0JoQUhRQWJ3QnlBRjhBTWdBeUFGOEFjQUJ1QUd3QVJBQnlBR0VBWndCaEFHSUFiQUJsQUZjQWFRQnVBR1FBYndCM0FDSUFMQUFpQUU4QWNnQmtBR1VBY2dCT0FIVUFiUUJpQUdVQWNnQWlBRG9BTVFBekFDd0FJZ0JKQUhNQVRRQnBBRzRBYVFCdEFHa0FlZ0JsQUdRQUlnQTZBR1lBWVFCc0FITUFaUUFzQUNJQVVBQmhBR2NBWlFCU0FHVUFaZ0FpQURvQUlnQXhBREVBTXdBekFDSUFMQUFpQUZNQVl3QnlBR1VBWlFCdUFFRUFjZ0JsQUdFQUlnQTZBQ0lBWkFCcEFIWUFUUUJoQUdrQWJnQkRBRzhBYmdCMEFHVUFiZ0IwQUNJQWZRQXNBSHNBSWdCVkFITUFaUUJ5QUVrQVpBQWlBRG9BTVFBMEFDd0FJZ0JEQUc4QWJnQjBBSElBYndCc0FFa0FaQUFpQURvQUlnQkRBRzhBYmdCMEFHVUFiZ0IwQUZBQWJBQmhBR01BWlFCSUFHOEFiQUJrQUdVQWNnQkVBR1VBWmdCaEFIVUFiQUIwQUY4QVRRQmhBSE1BZEFCbEFISUFVQUJzQUdFQVl3QmxBR2dBYndCc0FHUUFaUUJ5QUY4QVF3Qm9BR1VBWXdCckFHOEFkUUIwQUZBQWJBQmhBR01BWlFCb0FHOEFiQUJrQUdVQWNnQmZBSFVBWXdCVUFHRUFlQUJRQUhJQVpRQm1BR1VBY2dCbEFHNEFZd0JsQUhNQVh3QXhBRFFBWHdCd0FHNEFiQUJFQUhJQVlRQm5BR0VBWWdCc0FHVUFWd0JwQUc0QVpBQnZBSGNBSWdBc0FDSUFUd0J5QUdRQVpRQnlBRTRBZFFCdEFHSUFaUUJ5QUNJQU9nQXhBRFFBTEFBaUFFa0Fjd0JOQUdrQWJnQnBBRzBBYVFCNkFHVUFaQUFpQURvQVpnQmhBR3dBY3dCbEFDd0FJZ0JRQUdFQVp3QmxBRklBWlFCbUFDSUFPZ0FpQURFQU1RQXpBRE1BSWdBc0FDSUFVd0JqQUhJQVpRQmxBRzRBUVFCeUFHVUFZUUFpQURvQUlnQWlBSDBBWFFCOUFBPT08L1N0cmluZ0h0dHBCb2R5Pg0KICAgICAgICA8L1JlcXVlc3Q+DQogICAgICAgIDxSZXF1ZXN0IE1ldGhvZD0iUE9TVCIgR3VpZD0iZDliYTRmMjgtNzQ2Ni00ZWFhLWI3ZDgtMzc1NzE1ZjU1YzU5IiBWZXJzaW9uPSIxLjEiIFVybD0iaHR0cDovL2luMDFhcHYxMTo4MS9lbi9jaGVja291dC9zdGVwNS5hc3B4IiBUaGlua1RpbWU9IjAiIFRpbWVvdXQ9IjYwIiBQYXJzZURlcGVuZGVudFJlcXVlc3RzPSJUcnVlIiBGb2xsb3dSZWRpcmVjdHM9IlRydWUiIFJlY29yZFJlc3VsdD0iVHJ1ZSIgQ2FjaGU9IkZhbHNlIiBSZXNwb25zZVRpbWVHb2FsPSIwIiBFbmNvZGluZz0idXRmLTgiIEV4cGVjdGVkSHR0cFN0YXR1c0NvZGU9IjAiIEV4cGVjdGVkUmVzcG9uc2VVcmw9IiIgUmVwb3J0aW5nTmFtZT0iIiBJZ25vcmVIdHRwU3RhdHVzQ29kZT0iRmFsc2UiPg0KICAgICAgICAgIDxIZWFkZXJzPg0KICAgICAgICAgICAgPEhlYWRlciBOYW1lPSJPcmlnaW4iIFZhbHVlPSJodHRwOi8vaW4wMWFwdjExOjgxIiAvPg0KICAgICAgICAgICAgPEhlYWRlciBOYW1lPSJVcGdyYWRlLUluc2VjdXJlLVJlcXVlc3RzIiBWYWx1ZT0iMSIgLz4NCiAgICAgICAgICAgIDxIZWFkZXIgTmFtZT0iQ29udGVudC1UeXBlIiBWYWx1ZT0iYXBwbGljYXRpb24veC13d3ctZm9ybS11cmxlbmNvZGVkIiAvPg0KICAgICAgICAgIDwvSGVhZGVycz4NCiAgICAgICAgICA8RXh0cmFjdGlvblJ1bGVzPg0KICAgICAgICAgICAgPEV4dHJhY3Rpb25SdWxlIENsYXNzbmFtZT0iTWljcm9zb2Z0LlZpc3VhbFN0dWRpby5UZXN0VG9vbHMuV2ViVGVzdGluZy5SdWxlcy5FeHRyYWN0Rm9ybUZpZWxkLCBNaWNyb3NvZnQuVmlzdWFsU3R1ZGlvLlF1YWxpdHlUb29scy5XZWJUZXN0RnJhbWV3b3JrLCBWZXJzaW9uPTE0LjAuMC4wLCBDdWx0dXJlPW5ldXRyYWwsIFB1YmxpY0tleVRva2VuPWIwM2Y1ZjdmMTFkNTBhM2EiIFZhcmlhYmxlTmFtZT0iJEhJRERFTjYuX19WSUVXU1RBVEUiIERpc3BsYXlOYW1lPSJFeHRyYWN0IEZvcm0gRmllbGQiIERlc2NyaXB0aW9uPSJFeHRyYWN0IHRoZSB2YWx1ZSBvZiBhIHNwZWNpZmllZCBmb3JtIGZpZWxkIGluIHRoZSByZXNwb25zZSBhbmQgcGxhY2UgaXQgaW50byB0aGUgdGVzdCBjb250ZXh0LiI+DQogICAgICAgICAgICAgIDxSdWxlUGFyYW1ldGVycz4NCiAgICAgICAgICAgICAgICA8UnVsZVBhcmFtZXRlciBOYW1lPSJOYW1lIiBWYWx1ZT0iX19WSUVXU1RBVEUiIC8+DQogICAgICAgICAgICAgIDwvUnVsZVBhcmFtZXRlcnM+DQogICAgICAgICAgICA8L0V4dHJhY3Rpb25SdWxlPg0KICAgICAgICAgIDwvRXh0cmFjdGlvblJ1bGVzPg0KICAgICAgICAgIDxGb3JtUG9zdEh0dHBCb2R5Pg0KICAgICAgICAgICAgPEZvcm1Qb3N0UGFyYW1ldGVyIE5hbWU9Il9fRVZFTlRUQVJHRVQiIFZhbHVlPSIiIFJlY29yZGVkVmFsdWU9IiIgQ29ycmVsYXRpb25CaW5kaW5nPSIiIFVybEVuY29kZT0iVHJ1ZSIgLz4NCiAgICAgICAgICAgIDxGb3JtUG9zdFBhcmFtZXRlciBOYW1lPSJfX0VWRU5UQVJHVU1FTlQiIFZhbHVlPSIiIFJlY29yZGVkVmFsdWU9IiIgQ29ycmVsYXRpb25CaW5kaW5nPSIiIFVybEVuY29kZT0iVHJ1ZSIgLz4NCiAgICAgICAgICAgIDxGb3JtUG9zdFBhcmFtZXRlciBOYW1lPSJfX1ZJRVdTVEFURSIgVmFsdWU9Int7JEhJRERFTjUuX19WSUVXU1RBVEV9fSIgUmVjb3JkZWRWYWx1ZT0iIiBDb3JyZWxhdGlvbkJpbmRpbmc9IiIgVXJsRW5jb2RlPSJUcnVlIiAvPg0KICAgICAgICAgICAgPEZvcm1Qb3N0UGFyYW1ldGVyIE5hbWU9ImN0bDAwJGN0bDAwJGN0bDAwJGN0bDAwJENvbnRlbnRQbGFjZUhvbGRlckRlZmF1bHQkVG9wTG9nZ2VkSW5fMSRoZG5TY3JlZW5BcmVhIiBWYWx1ZT0iIiBSZWNvcmRlZFZhbHVlPSIiIENvcnJlbGF0aW9uQmluZGluZz0iIiBVcmxFbmNvZGU9IlRydWUiIC8+DQogICAgICAgICAgICA8Rm9ybVBvc3RQYXJhbWV0ZXIgTmFtZT0iY3RsMDAkY3RsMDAkY3RsMDAkY3RsMDAkQ29udGVudFBsYWNlSG9sZGVyRGVmYXVsdCRDYXJ0T3ZlcnZpZXdfMyRoZG5GaWVsZFNlbGVjdGVkT3JkZXJJdGVtQ2hlY2tvdXRTdGF0ZXMiIFZhbHVlPSIiIFJlY29yZGVkVmFsdWU9IiIgQ29ycmVsYXRpb25CaW5kaW5nPSIiIFVybEVuY29kZT0iVHJ1ZSIgLz4NCiAgICAgICAgICAgIDxGb3JtUG9zdFBhcmFtZXRlciBOYW1lPSJjdGwwMCRjdGwwMCRjdGwwMCRjdGwwMCRDb250ZW50UGxhY2VIb2xkZXJEZWZhdWx0JENhcnRPdmVydmlld18zJGhkbkZpZWxkQ29tcGxldGVDYXJ0Q2hlY2tvdXRTdGF0ZUVudW1zIiBWYWx1ZT0iIiBSZWNvcmRlZFZhbHVlPSIiIENvcnJlbGF0aW9uQmluZGluZz0iIiBVcmxFbmNvZGU9IlRydWUiIC8+DQogICAgICAgICAgICA8Rm9ybVBvc3RQYXJhbWV0ZXIgTmFtZT0iY3RsMDAkY3RsMDAkY3RsMDAkY3RsMDAkQ29udGVudFBsYWNlSG9sZGVyRGVmYXVsdCRDYXJ0T3ZlcnZpZXdfMyRoZG5GaWVsZFNlbGVjdGVkSXRlbUlkcyIgVmFsdWU9IiIgUmVjb3JkZWRWYWx1ZT0iIiBDb3JyZWxhdGlvbkJpbmRpbmc9IiIgVXJsRW5jb2RlPSJUcnVlIiAvPg0KICAgICAgICAgICAgPEZvcm1Qb3N0UGFyYW1ldGVyIE5hbWU9ImN0bDAwJGN0bDAwJGN0bDAwJGN0bDAwJENvbnRlbnRQbGFjZUhvbGRlckRlZmF1bHQkQ2FydE92ZXJ2aWV3XzMkaGRuU2NyZWVuQXJlYSIgVmFsdWU9IiIgUmVjb3JkZWRWYWx1ZT0iIiBDb3JyZWxhdGlvbkJpbmRpbmc9IiIgVXJsRW5jb2RlPSJUcnVlIiAvPg0KICAgICAgICAgICAgPEZvcm1Qb3N0UGFyYW1ldGVyIE5hbWU9ImN0bDAwJGN0bDAwJGN0bDAwJGN0bDAwJENvbnRlbnRQbGFjZUhvbGRlckRlZmF1bHQkTWFzdGVyUGxhY2Vob2xkZXIkQ2hlY2tvdXRQbGFjZWhvbGRlciRDaGVja291dFdpemFyZE5hdmlnYXRpb25TdGVwc181JGhkblNjcmVlbkFyZWEiIFZhbHVlPSJkaXZNYWluQ29udGVudCIgUmVjb3JkZWRWYWx1ZT0iIiBDb3JyZWxhdGlvbkJpbmRpbmc9IiIgVXJsRW5jb2RlPSJUcnVlIiAvPg0KICAgICAgICAgICAgPEZvcm1Qb3N0UGFyYW1ldGVyIE5hbWU9ImN0bDAwJGN0bDAwJGN0bDAwJGN0bDAwJENvbnRlbnRQbGFjZUhvbGRlckRlZmF1bHQkTWFzdGVyUGxhY2Vob2xkZXIkQ2hlY2tvdXRQbGFjZWhvbGRlciR1Y0Jpb3NhZmV0eUNvbmZpcm1hdGlvbl8xMCRycHRyQmlvc2FmZXR5Q29uZmlybWF0aW9uJGN0bDAwJGhkbkJ1aXNuZXNzVW5pdEVudW0iIFZhbHVlPSJPbGlnb251Y2xlb3RpZGVzIiBSZWNvcmRlZFZhbHVlPSIiIENvcnJlbGF0aW9uQmluZGluZz0iIiBVcmxFbmNvZGU9IlRydWUiIC8+DQogICAgICAgICAgICA8Rm9ybVBvc3RQYXJhbWV0ZXIgTmFtZT0iY3RsMDAkY3RsMDAkY3RsMDAkY3RsMDAkQ29udGVudFBsYWNlSG9sZGVyRGVmYXVsdCRNYXN0ZXJQbGFjZWhvbGRlciRDaGVja291dFBsYWNlaG9sZGVyJHVjQmlvc2FmZXR5Q29uZmlybWF0aW9uXzEwJHJwdHJCaW9zYWZldHlDb25maXJtYXRpb24kY3RsMDAkY2hrQnVzaW5lc3NVbml0IiBWYWx1ZT0ib24iIFJlY29yZGVkVmFsdWU9IiIgQ29ycmVsYXRpb25CaW5kaW5nPSIiIFVybEVuY29kZT0iVHJ1ZSIgLz4NCiAgICAgICAgICAgIDxGb3JtUG9zdFBhcmFtZXRlciBOYW1lPSJjdGwwMCRjdGwwMCRjdGwwMCRjdGwwMCRDb250ZW50UGxhY2VIb2xkZXJEZWZhdWx0JE1hc3RlclBsYWNlaG9sZGVyJENoZWNrb3V0UGxhY2Vob2xkZXIkdWNCaW9zYWZldHlDb25maXJtYXRpb25fMTAkcnB0ckJpb3NhZmV0eUNvbmZpcm1hdGlvbiRjdGwwMSRoZG5CdWlzbmVzc1VuaXRFbnVtIiBWYWx1ZT0iRG5hU2VxdWVuY2luZyIgUmVjb3JkZWRWYWx1ZT0iIiBDb3JyZWxhdGlvbkJpbmRpbmc9IiIgVXJsRW5jb2RlPSJUcnVlIiAvPg0KICAgICAgICAgICAgPEZvcm1Qb3N0UGFyYW1ldGVyIE5hbWU9ImN0bDAwJGN0bDAwJGN0bDAwJGN0bDAwJENvbnRlbnRQbGFjZUhvbGRlckRlZmF1bHQkTWFzdGVyUGxhY2Vob2xkZXIkQ2hlY2tvdXRQbGFjZWhvbGRlciR1Y0Jpb3NhZmV0eUNvbmZpcm1hdGlvbl8xMCRycHRyQmlvc2FmZXR5Q29uZmlybWF0aW9uJGN0bDAxJGNoa0J1c2luZXNzVW5pdCIgVmFsdWU9Im9uIiBSZWNvcmRlZFZhbHVlPSIiIENvcnJlbGF0aW9uQmluZGluZz0iIiBVcmxFbmNvZGU9IlRydWUiIC8+DQogICAgICAgICAgICA8Rm9ybVBvc3RQYXJhbWV0ZXIgTmFtZT0iY3RsMDAkY3RsMDAkY3RsMDAkY3RsMDAkQ29udGVudFBsYWNlSG9sZGVyRGVmYXVsdCRNYXN0ZXJQbGFjZWhvbGRlciRDaGVja291dFBsYWNlaG9sZGVyJHVjQmlvc2FmZXR5Q29uZmlybWF0aW9uXzEwJHZzQmlvc2FmZXR5Q29uZmlybWF0aW9uJGhkblZhbGlkYXRpb25SZXN1bHQiIFZhbHVlPSJ0cnVlIiBSZWNvcmRlZFZhbHVlPSIiIENvcnJlbGF0aW9uQmluZGluZz0iIiBVcmxFbmNvZGU9IlRydWUiIC8+DQogICAgICAgICAgICA8Rm9ybVBvc3RQYXJhbWV0ZXIgTmFtZT0iY3RsMDAkY3RsMDAkY3RsMDAkY3RsMDAkQ29udGVudFBsYWNlSG9sZGVyRGVmYXVsdCRNYXN0ZXJQbGFjZWhvbGRlciRDaGVja291dFBsYWNlaG9sZGVyJE9yZGVyaW5nQ29tbWVudF8xNSR2c09yZGVyaW5nQ29tbWVudCRoZG5WYWxpZGF0aW9uUmVzdWx0IiBWYWx1ZT0iIiBSZWNvcmRlZFZhbHVlPSIiIENvcnJlbGF0aW9uQmluZGluZz0iIiBVcmxFbmNvZGU9IlRydWUiIC8+DQogICAgICAgICAgICA8Rm9ybVBvc3RQYXJhbWV0ZXIgTmFtZT0iY3RsMDAkY3RsMDAkY3RsMDAkY3RsMDAkQ29udGVudFBsYWNlSG9sZGVyRGVmYXVsdCRNYXN0ZXJQbGFjZWhvbGRlciRDaGVja291dFBsYWNlaG9sZGVyJFByb21vQ29kZV8xNiR0eHRQcm9tb0NvZGUiIFZhbHVlPSIiIFJlY29yZGVkVmFsdWU9IiIgQ29ycmVsYXRpb25CaW5kaW5nPSIiIFVybEVuY29kZT0iVHJ1ZSIgLz4NCiAgICAgICAgICAgIDxGb3JtUG9zdFBhcmFtZXRlciBOYW1lPSJjdGwwMCRjdGwwMCRjdGwwMCRjdGwwMCRDb250ZW50UGxhY2VIb2xkZXJEZWZhdWx0JE1hc3RlclBsYWNlaG9sZGVyJENoZWNrb3V0UGxhY2Vob2xkZXIkUHJvbW9Db2RlXzE2JHZzUHJvbW9Db2RlJGhkblZhbGlkYXRpb25SZXN1bHQiIFZhbHVlPSJ0cnVlIiBSZWNvcmRlZFZhbHVlPSIiIENvcnJlbGF0aW9uQmluZGluZz0iIiBVcmxFbmNvZGU9IlRydWUiIC8+DQogICAgICAgICAgICA8Rm9ybVBvc3RQYXJhbWV0ZXIgTmFtZT0iY3RsMDAkY3RsMDAkY3RsMDAkY3RsMDAkQ29udGVudFBsYWNlSG9sZGVyRGVmYXVsdCRNYXN0ZXJQbGFjZWhvbGRlciRDaGVja291dFBsYWNlaG9sZGVyJEV4dGVybmFsT3JkZXJJZF8xNyR0eHRFeHRlcm5hbE9yZGVySWQiIFZhbHVlPSIzMzMzMyIgUmVjb3JkZWRWYWx1ZT0iIiBDb3JyZWxhdGlvbkJpbmRpbmc9IiIgVXJsRW5jb2RlPSJUcnVlIiAvPg0KICAgICAgICAgICAgPEZvcm1Qb3N0UGFyYW1ldGVyIE5hbWU9ImN0bDAwJGN0bDAwJGN0bDAwJGN0bDAwJENvbnRlbnRQbGFjZUhvbGRlckRlZmF1bHQkTWFzdGVyUGxhY2Vob2xkZXIkQ2hlY2tvdXRQbGFjZWhvbGRlciRFeHRlcm5hbE9yZGVySWRfMTckdnNFeHRlcm5hbE9yZGVySWQkaGRuVmFsaWRhdGlvblJlc3VsdCIgVmFsdWU9InRydWUiIFJlY29yZGVkVmFsdWU9IiIgQ29ycmVsYXRpb25CaW5kaW5nPSIiIFVybEVuY29kZT0iVHJ1ZSIgLz4NCiAgICAgICAgICAgIDxGb3JtUG9zdFBhcmFtZXRlciBOYW1lPSJjdGwwMCRjdGwwMCRjdGwwMCRjdGwwMCRDb250ZW50UGxhY2VIb2xkZXJEZWZhdWx0JE1hc3RlclBsYWNlaG9sZGVyJENoZWNrb3V0UGxhY2Vob2xkZXIkdWNQYXltZW50TWV0aG9kc18xOCRoZG5TZWxlY3RlZFBheW1lbnRPcHRpb25UYWIiIFZhbHVlPSIxIiBSZWNvcmRlZFZhbHVlPSIiIENvcnJlbGF0aW9uQmluZGluZz0iIiBVcmxFbmNvZGU9IlRydWUiIC8+DQogICAgICAgICAgICA8Rm9ybVBvc3RQYXJhbWV0ZXIgTmFtZT0iY3RsMDAkY3RsMDAkY3RsMDAkY3RsMDAkQ29udGVudFBsYWNlSG9sZGVyRGVmYXVsdCRNYXN0ZXJQbGFjZWhvbGRlciRDaGVja291dFBsYWNlaG9sZGVyJHVjUGF5bWVudE1ldGhvZHNfMTgkaGRuUGF5bWVudE9wdGlvbnNDb250cm9sSWRzIiBWYWx1ZT0ieyZxdW90O3Jkb0Nob29zZUV4aXN0aW5nQ2FyZENsaWVudElEJnF1b3Q7OiZxdW90O0NvbnRlbnRQbGFjZUhvbGRlckRlZmF1bHRfTWFzdGVyUGxhY2Vob2xkZXJfQ2hlY2tvdXRQbGFjZWhvbGRlcl91Y1BheW1lbnRNZXRob2RzXzE4X2NvbUNyZWRpdENhcmRfcmRvQ2hvb3NlRXhpc3RpbmdDYXJkJnF1b3Q7LCZxdW90O2RkbENyZWRpdENhcmRDbGllbnRJRCZxdW90OzomcXVvdDtDb250ZW50UGxhY2VIb2xkZXJEZWZhdWx0X01hc3RlclBsYWNlaG9sZGVyX0NoZWNrb3V0UGxhY2Vob2xkZXJfdWNQYXltZW50TWV0aG9kc18xOF9jb21DcmVkaXRDYXJkX2RkbENyZWRpdENhcmQmcXVvdDssJnF1b3Q7b3B0Q2hvb3NlUGF5bWVudENhcmRPcHRpb25DbGllbnRJRCZxdW90OzomcXVvdDtDb250ZW50UGxhY2VIb2xkZXJEZWZhdWx0X01hc3RlclBsYWNlaG9sZGVyX0NoZWNrb3V0UGxhY2Vob2xkZXJfdWNQYXltZW50TWV0aG9kc18xOF9jb21DcmVkaXRDYXJkX29wdENob29zZVBheW1lbnRDYXJkT3B0aW9uJnF1b3Q7LCZxdW90O3R4dENhcmRPd25lckNsaWVudElEJnF1b3Q7OiZxdW90O0NvbnRlbnRQbGFjZUhvbGRlckRlZmF1bHRfTWFzdGVyUGxhY2Vob2xkZXJfQ2hlY2tvdXRQbGFjZWhvbGRlcl91Y1BheW1lbnRNZXRob2RzXzE4X2NvbUNyZWRpdENhcmRfdHh0Q2FyZE93bmVyJnF1b3Q7LCZxdW90O3R4dENhcmROdW1iZXJDbGllbnRJRCZxdW90OzomcXVvdDtDb250ZW50UGxhY2VIb2xkZXJEZWZhdWx0X01hc3RlclBsYWNlaG9sZGVyX0NoZWNrb3V0UGxhY2Vob2xkZXJfdWNQYXltZW50TWV0aG9kc18xOF9jb21DcmVkaXRDYXJkX3R4dENhcmROdW1iZXImcXVvdDssJnF1b3Q7Y2hrU2F2ZUNhcmRDbGllbnRJRCZxdW90OzomcXVvdDtDb250ZW50UGxhY2VIb2xkZXJEZWZhdWx0X01hc3RlclBsYWNlaG9sZGVyX0NoZWNrb3V0UGxhY2Vob2xkZXJfdWNQYXltZW50TWV0aG9kc18xOF9jb21DcmVkaXRDYXJkX2Noa1NhdmVDYXJkJnF1b3Q7LCZxdW90O3R4dENoZWNrTnVtYmVyQ2xpZW50SUQmcXVvdDs6JnF1b3Q7Q29udGVudFBsYWNlSG9sZGVyRGVmYXVsdF9NYXN0ZXJQbGFjZWhvbGRlcl9DaGVja291dFBsYWNlaG9sZGVyX3VjUGF5bWVudE1ldGhvZHNfMThfY29tQ3JlZGl0Q2FyZF90eHRDaGVja051bWJlciZxdW90OywmcXVvdDtDcmVkaXRDYXJkVHlwZVZhbGlkYXRpb25CbG9ja0NvbnRyb2xDbGllbnRJRCZxdW90OzomcXVvdDtDb250ZW50UGxhY2VIb2xkZXJEZWZhdWx0X01hc3RlclBsYWNlaG9sZGVyX0NoZWNrb3V0UGxhY2Vob2xkZXJfdWNQYXltZW50TWV0aG9kc18xOF9jb21DcmVkaXRDYXJkX0NyZWRpdENhcmRUeXBlVmFsaWRhdGlvbkJsb2NrQ29udHJvbCZxdW90OywmcXVvdDtDYXJkT3duZXJWYWxpZGF0aW9uQmxvY2tDb250cm9sQ2xpZW50SUQmcXVvdDs6JnF1b3Q7Q29udGVudFBsYWNlSG9sZGVyRGVmYXVsdF9NYXN0ZXJQbGFjZWhvbGRlcl9DaGVja291dFBsYWNlaG9sZGVyX3VjUGF5bWVudE1ldGhvZHNfMThfY29tQ3JlZGl0Q2FyZF9DYXJkT3duZXJWYWxpZGF0aW9uQmxvY2tDb250cm9sJnF1b3Q7LCZxdW90O0NhcmROdW1iZXJWYWxpZGF0aW9uQmxvY2tDb250cm9sQ2xpZW50SUQmcXVvdDs6JnF1b3Q7Q29udGVudFBsYWNlSG9sZGVyRGVmYXVsdF9NYXN0ZXJQbGFjZWhvbGRlcl9DaGVja291dFBsYWNlaG9sZGVyX3VjUGF5bWVudE1ldGhvZHNfMThfY29tQ3JlZGl0Q2FyZF9DYXJkTnVtYmVyVmFsaWRhdGlvbkJsb2NrQ29udHJvbCZxdW90OywmcXVvdDtWYWxpZE1vbnRoc1ZhbGlkYXRpb25CbG9ja0NvbnRyb2xDbGllbnRJRCZxdW90OzomcXVvdDtDb250ZW50UGxhY2VIb2xkZXJEZWZhdWx0X01hc3RlclBsYWNlaG9sZGVyX0NoZWNrb3V0UGxhY2Vob2xkZXJfdWNQYXltZW50TWV0aG9kc18xOF9jb21DcmVkaXRDYXJkX1ZhbGlkTW9udGhzVmFsaWRhdGlvbkJsb2NrQ29udHJvbCZxdW90OywmcXVvdDtWYWxpZFllYXJWYWxpZGF0aW9uQmxvY2tDb250cm9sQ2xpZW50SUQmcXVvdDs6JnF1b3Q7Q29udGVudFBsYWNlSG9sZGVyRGVmYXVsdF9NYXN0ZXJQbGFjZWhvbGRlcl9DaGVja291dFBsYWNlaG9sZGVyX3VjUGF5bWVudE1ldGhvZHNfMThfY29tQ3JlZGl0Q2FyZF9WYWxpZFllYXJWYWxpZGF0aW9uQmxvY2tDb250cm9sJnF1b3Q7LCZxdW90O0NoZWNrTnVtYmVyVmFsaWRhdGlvbkJsb2NrQ29udHJvbENsaWVudElEJnF1b3Q7OiZxdW90O0NvbnRlbnRQbGFjZUhvbGRlckRlZmF1bHRfTWFzdGVyUGxhY2Vob2xkZXJfQ2hlY2tvdXRQbGFjZWhvbGRlcl91Y1BheW1lbnRNZXRob2RzXzE4X2NvbUNyZWRpdENhcmRfQ2hlY2tOdW1iZXJWYWxpZGF0aW9uQmxvY2tDb250cm9sJnF1b3Q7LCZxdW90O3ZzQ3JlZGl0Q2FyZEluZm9DbGllbnRJRCZxdW90OzomcXVvdDtDb250ZW50UGxhY2VIb2xkZXJEZWZhdWx0X01hc3RlclBsYWNlaG9sZGVyX0NoZWNrb3V0UGxhY2Vob2xkZXJfdWNQYXltZW50TWV0aG9kc18xOF9jb21DcmVkaXRDYXJkX3ZzQ3JlZGl0Q2FyZEluZm8mcXVvdDssJnF1b3Q7Y3ZFeGlzdGluZ0NhcmRDbGllbnRJRCZxdW90OzomcXVvdDtDb250ZW50UGxhY2VIb2xkZXJEZWZhdWx0X01hc3RlclBsYWNlaG9sZGVyX0NoZWNrb3V0UGxhY2Vob2xkZXJfdWNQYXltZW50TWV0aG9kc18xOF9jb21DcmVkaXRDYXJkX2N2RXhpc3RpbmdDYXJkJnF1b3Q7LCZxdW90O3BubFByb2ZpbGVTZWN0aW9uQ2xpZW50SUQmcXVvdDs6JnF1b3Q7Q29udGVudFBsYWNlSG9sZGVyRGVmYXVsdF9NYXN0ZXJQbGFjZWhvbGRlcl9DaGVja291dFBsYWNlaG9sZGVyX3VjUGF5bWVudE1ldGhvZHNfMThfY29tQ3JlZGl0Q2FyZF9wbmxQcm9maWxlU2VjdGlvbiZxdW90OywmcXVvdDtwbmxDYXJkU2VjdGlvbkNsaWVudElEJnF1b3Q7OiZxdW90O0NvbnRlbnRQbGFjZUhvbGRlckRlZmF1bHRfTWFzdGVyUGxhY2Vob2xkZXJfQ2hlY2tvdXRQbGFjZWhvbGRlcl91Y1BheW1lbnRNZXRob2RzXzE4X2NvbUNyZWRpdENhcmRfcG5sQ2FyZFNlY3Rpb24mcXVvdDssJnF1b3Q7Q3JlZGl0Q2FyZEV4cGlyeURhdGVWYWxpZGF0b3JDbGllbnRJRCZxdW90OzomcXVvdDtDb250ZW50UGxhY2VIb2xkZXJEZWZhdWx0X01hc3RlclBsYWNlaG9sZGVyX0NoZWNrb3V0UGxhY2Vob2xkZXJfdWNQYXltZW50TWV0aG9kc18xOF9jb21DcmVkaXRDYXJkX0NyZWRpdENhcmRFeHBpcnlEYXRlVmFsaWRhdG9yJnF1b3Q7LCZxdW90O2hkbkNob29zZUV4aXN0aW5nQ2FyZENsaWVudElEJnF1b3Q7OiZxdW90O0NvbnRlbnRQbGFjZUhvbGRlckRlZmF1bHRfTWFzdGVyUGxhY2Vob2xkZXJfQ2hlY2tvdXRQbGFjZWhvbGRlcl91Y1BheW1lbnRNZXRob2RzXzE4X2NvbUNyZWRpdENhcmRfaGRuQ2hvb3NlRXhpc3RpbmdDYXJkJnF1b3Q7LCZxdW90O2RkbFZhbGlkTW9udGhzQ2xpZW50SUQmcXVvdDs6JnF1b3Q7Q29udGVudFBsYWNlSG9sZGVyRGVmYXVsdF9NYXN0ZXJQbGFjZWhvbGRlcl9DaGVja291dFBsYWNlaG9sZGVyX3VjUGF5bWVudE1ldGhvZHNfMThfY29tQ3JlZGl0Q2FyZF9kZGxWYWxpZE1vbnRocyZxdW90OywmcXVvdDtkZGxZZWFyQ2xpZW50SUQmcXVvdDs6JnF1b3Q7Q29udGVudFBsYWNlSG9sZGVyRGVmYXVsdF9NYXN0ZXJQbGFjZWhvbGRlcl9DaGVja291dFBsYWNlaG9sZGVyX3VjUGF5bWVudE1ldGhvZHNfMThfY29tQ3JlZGl0Q2FyZF9kZGxZZWFyJnF1b3Q7LCZxdW90O3ZzRXhpc3RpbmdDcmVkaXRDYXJkSW5mb0NsaWVudElEJnF1b3Q7OiZxdW90O0NvbnRlbnRQbGFjZUhvbGRlckRlZmF1bHRfTWFzdGVyUGxhY2Vob2xkZXJfQ2hlY2tvdXRQbGFjZWhvbGRlcl91Y1BheW1lbnRNZXRob2RzXzE4X2NvbUNyZWRpdENhcmRfdnNFeGlzdGluZ0NyZWRpdENhcmRJbmZvJnF1b3Q7LCZxdW90O1ZhbGlkYXRlRXZvQ2FyZENoZWNrQmFsYW5jZUNsaWVudFNpZGVDbGllbnRJRCZxdW90OzomcXVvdDtDb250ZW50UGxhY2VIb2xkZXJEZWZhdWx0X01hc3RlclBsYWNlaG9sZGVyX0NoZWNrb3V0UGxhY2Vob2xkZXJfdWNQYXltZW50TWV0aG9kc18xOF9PbGRQcmVQYXltZW50X1ZhbGlkYXRlRXZvQ2FyZENoZWNrQmFsYW5jZUNsaWVudFNpZGUmcXVvdDssJnF1b3Q7cHJlUGF5bWVudFNlbGVjdGlvbklkQ2xpZW50SUQmcXVvdDs6JnF1b3Q7Q29udGVudFBsYWNlSG9sZGVyRGVmYXVsdF9NYXN0ZXJQbGFjZWhvbGRlcl9DaGVja291dFBsYWNlaG9sZGVyX3VjUGF5bWVudE1ldGhvZHNfMThfT2xkUHJlUGF5bWVudF9wcmVQYXltZW50U2VsZWN0aW9uSWQmcXVvdDssJnF1b3Q7VmFsaWRhdGVFdm9DYXJkQ2hlY2tCYWxhbmNlU2VydmVyU2lkZUNsaWVudElEJnF1b3Q7OiZxdW90O0NvbnRlbnRQbGFjZUhvbGRlckRlZmF1bHRfTWFzdGVyUGxhY2Vob2xkZXJfQ2hlY2tvdXRQbGFjZWhvbGRlcl91Y1BheW1lbnRNZXRob2RzXzE4X09sZFByZVBheW1lbnRfVmFsaWRhdGVFdm9DYXJkQ2hlY2tCYWxhbmNlU2VydmVyU2lkZSZxdW90OywmcXVvdDtsdHJsSW5vZm1yYXRpb25UZXh0RVZPQ2FyZENsaWVudElEJnF1b3Q7OiZxdW90O0NvbnRlbnRQbGFjZUhvbGRlckRlZmF1bHRfTWFzdGVyUGxhY2Vob2xkZXJfQ2hlY2tvdXRQbGFjZWhvbGRlcl91Y1BheW1lbnRNZXRob2RzXzE4X09sZFByZVBheW1lbnRfbHRybElub2ZtcmF0aW9uVGV4dEVWT0NhcmQmcXVvdDssJnF1b3Q7Z3ZPbGRFdm9DYXJkQ2xpZW50SUQmcXVvdDs6JnF1b3Q7Q29udGVudFBsYWNlSG9sZGVyRGVmYXVsdF9NYXN0ZXJQbGFjZWhvbGRlcl9DaGVja291dFBsYWNlaG9sZGVyX3VjUGF5bWVudE1ldGhvZHNfMThfT2xkUHJlUGF5bWVudF9ndkV2b0NhcmQmcXVvdDssJnF1b3Q7dnNQcmVQYXltZW50Q2xpZW50SUQmcXVvdDs6JnF1b3Q7Q29udGVudFBsYWNlSG9sZGVyRGVmYXVsdF9NYXN0ZXJQbGFjZWhvbGRlcl9DaGVja291dFBsYWNlaG9sZGVyX3VjUGF5bWVudE1ldGhvZHNfMThfT2xkUHJlUGF5bWVudF92c1ByZVBheW1lbnQmcXVvdDt9IiBSZWNvcmRlZFZhbHVlPSIiIENvcnJlbGF0aW9uQmluZGluZz0iIiBVcmxFbmNvZGU9IlRydWUiIC8+DQogICAgICAgICAgICA8Rm9ybVBvc3RQYXJhbWV0ZXIgTmFtZT0iY3RsMDAkY3RsMDAkY3RsMDAkY3RsMDAkQ29udGVudFBsYWNlSG9sZGVyRGVmYXVsdCRNYXN0ZXJQbGFjZWhvbGRlciRDaGVja291dFBsYWNlaG9sZGVyJHVjUGF5bWVudE1ldGhvZHNfMTgkaGRuUE9OdW1iZXIiIFZhbHVlPSIiIFJlY29yZGVkVmFsdWU9IiIgQ29ycmVsYXRpb25CaW5kaW5nPSIiIFVybEVuY29kZT0iVHJ1ZSIgLz4NCiAgICAgICAgICAgIDxGb3JtUG9zdFBhcmFtZXRlciBOYW1lPSJjdGwwMCRjdGwwMCRjdGwwMCRjdGwwMCRDb250ZW50UGxhY2VIb2xkZXJEZWZhdWx0JE1hc3RlclBsYWNlaG9sZGVyJENoZWNrb3V0UGxhY2Vob2xkZXIkdWNQYXltZW50TWV0aG9kc18xOCR0eHRQdXJjaGFzZU9yZGVyIiBWYWx1ZT0iMzMzIiBSZWNvcmRlZFZhbHVlPSIiIENvcnJlbGF0aW9uQmluZGluZz0iIiBVcmxFbmNvZGU9IlRydWUiIC8+DQogICAgICAgICAgICA8Rm9ybVBvc3RQYXJhbWV0ZXIgTmFtZT0iY3RsMDAkY3RsMDAkY3RsMDAkY3RsMDAkQ29udGVudFBsYWNlSG9sZGVyRGVmYXVsdCRNYXN0ZXJQbGFjZWhvbGRlciRDaGVja291dFBsYWNlaG9sZGVyJHVjUGF5bWVudE1ldGhvZHNfMTgkdnNQdXJjaGFzZU9yZGVyJGhkblZhbGlkYXRpb25SZXN1bHQiIFZhbHVlPSJ0cnVlIiBSZWNvcmRlZFZhbHVlPSIiIENvcnJlbGF0aW9uQmluZGluZz0iIiBVcmxFbmNvZGU9IlRydWUiIC8+DQogICAgICAgICAgICA8Rm9ybVBvc3RQYXJhbWV0ZXIgTmFtZT0iY3RsMDAkY3RsMDAkY3RsMDAkY3RsMDAkQ29udGVudFBsYWNlSG9sZGVyRGVmYXVsdCRNYXN0ZXJQbGFjZWhvbGRlciRDaGVja291dFBsYWNlaG9sZGVyJHVjUGF5bWVudE1ldGhvZHNfMTgkSGRuU2VsZWN0ZWRFdm9DYXJkRGV0YWlscyIgVmFsdWU9IiIgUmVjb3JkZWRWYWx1ZT0iIiBDb3JyZWxhdGlvbkJpbmRpbmc9IiIgVXJsRW5jb2RlPSJUcnVlIiAvPg0KICAgICAgICAgICAgPEZvcm1Qb3N0UGFyYW1ldGVyIE5hbWU9ImN0bDAwJGN0bDAwJGN0bDAwJGN0bDAwJENvbnRlbnRQbGFjZUhvbGRlckRlZmF1bHQkTWFzdGVyUGxhY2Vob2xkZXIkQ2hlY2tvdXRQbGFjZWhvbGRlciR1Y1BheW1lbnRNZXRob2RzXzE4JE9sZFByZVBheW1lbnQkaGRuRXZvQ2FyZExpc3QiIFZhbHVlPSIiIFJlY29yZGVkVmFsdWU9IiIgQ29ycmVsYXRpb25CaW5kaW5nPSIiIFVybEVuY29kZT0iVHJ1ZSIgLz4NCiAgICAgICAgICAgIDxGb3JtUG9zdFBhcmFtZXRlciBOYW1lPSJjdGwwMCRjdGwwMCRjdGwwMCRjdGwwMCRDb250ZW50UGxhY2VIb2xkZXJEZWZhdWx0JE1hc3RlclBsYWNlaG9sZGVyJENoZWNrb3V0UGxhY2Vob2xkZXIkdWNQYXltZW50TWV0aG9kc18xOCRPbGRQcmVQYXltZW50JHR4dEVWT2NhcmROdW1iZXIiIFZhbHVlPSIiIFJlY29yZGVkVmFsdWU9IiIgQ29ycmVsYXRpb25CaW5kaW5nPSIiIFVybEVuY29kZT0iVHJ1ZSIgLz4NCiAgICAgICAgICAgIDxGb3JtUG9zdFBhcmFtZXRlciBOYW1lPSJjdGwwMCRjdGwwMCRjdGwwMCRjdGwwMCRDb250ZW50UGxhY2VIb2xkZXJEZWZhdWx0JE1hc3RlclBsYWNlaG9sZGVyJENoZWNrb3V0UGxhY2Vob2xkZXIkdWNQYXltZW50TWV0aG9kc18xOCRPbGRQcmVQYXltZW50JHR4dEVWT2NhcmRQaW4iIFZhbHVlPSIiIFJlY29yZGVkVmFsdWU9IiIgQ29ycmVsYXRpb25CaW5kaW5nPSIiIFVybEVuY29kZT0iVHJ1ZSIgLz4NCiAgICAgICAgICAgIDxGb3JtUG9zdFBhcmFtZXRlciBOYW1lPSJjdGwwMCRjdGwwMCRjdGwwMCRjdGwwMCRDb250ZW50UGxhY2VIb2xkZXJEZWZhdWx0JE1hc3RlclBsYWNlaG9sZGVyJENoZWNrb3V0UGxhY2Vob2xkZXIkdWNQYXltZW50TWV0aG9kc18xOCRPbGRQcmVQYXltZW50JHZzQWRkRXZvQ2FyZCRoZG5WYWxpZGF0aW9uUmVzdWx0IiBWYWx1ZT0iIiBSZWNvcmRlZFZhbHVlPSIiIENvcnJlbGF0aW9uQmluZGluZz0iIiBVcmxFbmNvZGU9IlRydWUiIC8+DQogICAgICAgICAgICA8Rm9ybVBvc3RQYXJhbWV0ZXIgTmFtZT0iY3RsMDAkY3RsMDAkY3RsMDAkY3RsMDAkQ29udGVudFBsYWNlSG9sZGVyRGVmYXVsdCRNYXN0ZXJQbGFjZWhvbGRlciRDaGVja291dFBsYWNlaG9sZGVyJHVjUGF5bWVudE1ldGhvZHNfMTgkT2xkUHJlUGF5bWVudCR2c1ByZVBheW1lbnQkaGRuVmFsaWRhdGlvblJlc3VsdCIgVmFsdWU9InRydWUiIFJlY29yZGVkVmFsdWU9IiIgQ29ycmVsYXRpb25CaW5kaW5nPSIiIFVybEVuY29kZT0iVHJ1ZSIgLz4NCiAgICAgICAgICAgIDxGb3JtUG9zdFBhcmFtZXRlciBOYW1lPSJjdGwwMCRjdGwwMCRjdGwwMCRjdGwwMCRDb250ZW50UGxhY2VIb2xkZXJEZWZhdWx0JE1hc3RlclBsYWNlaG9sZGVyJENoZWNrb3V0UGxhY2Vob2xkZXIkdWNQYXltZW50TWV0aG9kc18xOCRPbGRQcmVQYXltZW50JGhkblNlbGVjdGVkRXZvQ2FyZE51bWJlciIgVmFsdWU9IiIgUmVjb3JkZWRWYWx1ZT0iIiBDb3JyZWxhdGlvbkJpbmRpbmc9IiIgVXJsRW5jb2RlPSJUcnVlIiAvPg0KICAgICAgICAgICAgPEZvcm1Qb3N0UGFyYW1ldGVyIE5hbWU9ImN0bDAwJGN0bDAwJGN0bDAwJGN0bDAwJENvbnRlbnRQbGFjZUhvbGRlckRlZmF1bHQkTWFzdGVyUGxhY2Vob2xkZXIkQ2hlY2tvdXRQbGFjZWhvbGRlciR1Y1BheW1lbnRNZXRob2RzXzE4JE9sZFByZVBheW1lbnQkaGRuU2NyZWVuQXJlYSIgVmFsdWU9IiIgUmVjb3JkZWRWYWx1ZT0iIiBDb3JyZWxhdGlvbkJpbmRpbmc9IiIgVXJsRW5jb2RlPSJUcnVlIiAvPg0KICAgICAgICAgICAgPEZvcm1Qb3N0UGFyYW1ldGVyIE5hbWU9ImN0bDAwJGN0bDAwJGN0bDAwJGN0bDAwJENvbnRlbnRQbGFjZUhvbGRlckRlZmF1bHQkTWFzdGVyUGxhY2Vob2xkZXIkQ2hlY2tvdXRQbGFjZWhvbGRlciR1Y1BheW1lbnRNZXRob2RzXzE4JGNvbUNyZWRpdENhcmQkaGRuRmllbGRKc29uRGF0ZSIgVmFsdWU9InsmcXVvdDtEYXkmcXVvdDs6MTMsJnF1b3Q7TW9udGgmcXVvdDs6NywmcXVvdDtZZWFyJnF1b3Q7OjIwMTd9IiBSZWNvcmRlZFZhbHVlPSIiIENvcnJlbGF0aW9uQmluZGluZz0iIiBVcmxFbmNvZGU9IlRydWUiIC8+DQogICAgICAgICAgICA8Rm9ybVBvc3RQYXJhbWV0ZXIgTmFtZT0iY3RsMDAkY3RsMDAkY3RsMDAkY3RsMDAkQ29udGVudFBsYWNlSG9sZGVyRGVmYXVsdCRNYXN0ZXJQbGFjZWhvbGRlciRDaGVja291dFBsYWNlaG9sZGVyJHVjUGF5bWVudE1ldGhvZHNfMTgkY29tQ3JlZGl0Q2FyZCRoZG5DaG9vc2VFeGlzdGluZ0NhcmQiIFZhbHVlPSIiIFJlY29yZGVkVmFsdWU9IiIgQ29ycmVsYXRpb25CaW5kaW5nPSIiIFVybEVuY29kZT0iVHJ1ZSIgLz4NCiAgICAgICAgICAgIDxGb3JtUG9zdFBhcmFtZXRlciBOYW1lPSJjdGwwMCRjdGwwMCRjdGwwMCRjdGwwMCRDb250ZW50UGxhY2VIb2xkZXJEZWZhdWx0JE1hc3RlclBsYWNlaG9sZGVyJENoZWNrb3V0UGxhY2Vob2xkZXIkdWNQYXltZW50TWV0aG9kc18xOCRjb21DcmVkaXRDYXJkJHZzQ3JlZGl0Q2FyZEluZm8kaGRuVmFsaWRhdGlvblJlc3VsdCIgVmFsdWU9InRydWUiIFJlY29yZGVkVmFsdWU9IiIgQ29ycmVsYXRpb25CaW5kaW5nPSIiIFVybEVuY29kZT0iVHJ1ZSIgLz4NCiAgICAgICAgICAgIDxGb3JtUG9zdFBhcmFtZXRlciBOYW1lPSJjdGwwMCRjdGwwMCRjdGwwMCRjdGwwMCRDb250ZW50UGxhY2VIb2xkZXJEZWZhdWx0JE1hc3RlclBsYWNlaG9sZGVyJENoZWNrb3V0UGxhY2Vob2xkZXIkdWNQYXltZW50TWV0aG9kc18xOCRjb21DcmVkaXRDYXJkJHZzRXhpc3RpbmdDcmVkaXRDYXJkSW5mbyRoZG5WYWxpZGF0aW9uUmVzdWx0IiBWYWx1ZT0idHJ1ZSIgUmVjb3JkZWRWYWx1ZT0iIiBDb3JyZWxhdGlvbkJpbmRpbmc9IiIgVXJsRW5jb2RlPSJUcnVlIiAvPg0KICAgICAgICAgICAgPEZvcm1Qb3N0UGFyYW1ldGVyIE5hbWU9ImN0bDAwJGN0bDAwJGN0bDAwJGN0bDAwJENvbnRlbnRQbGFjZUhvbGRlckRlZmF1bHQkTWFzdGVyUGxhY2Vob2xkZXIkQ2hlY2tvdXRQbGFjZWhvbGRlciR1Y1BheW1lbnRNZXRob2RzXzE4JGNvbUNyZWRpdENhcmQkaGRuU2NyZWVuQXJlYSIgVmFsdWU9IiIgUmVjb3JkZWRWYWx1ZT0iIiBDb3JyZWxhdGlvbkJpbmRpbmc9IiIgVXJsRW5jb2RlPSJUcnVlIiAvPg0KICAgICAgICAgICAgPEZvcm1Qb3N0UGFyYW1ldGVyIE5hbWU9ImN0bDAwJGN0bDAwJGN0bDAwJGN0bDAwJENvbnRlbnRQbGFjZUhvbGRlckRlZmF1bHQkTWFzdGVyUGxhY2Vob2xkZXIkQ2hlY2tvdXRQbGFjZWhvbGRlciRTaGlwcGluZ09wdGlvbnNfMTkkaGRuU2hpcHBpbmdBZGRvblBhcnROdW1iZXJzIiBWYWx1ZT0iIiBSZWNvcmRlZFZhbHVlPSIiIENvcnJlbGF0aW9uQmluZGluZz0iIiBVcmxFbmNvZGU9IlRydWUiIC8+DQogICAgICAgICAgICA8Rm9ybVBvc3RQYXJhbWV0ZXIgTmFtZT0iY3RsMDAkY3RsMDAkY3RsMDAkY3RsMDAkQ29udGVudFBsYWNlSG9sZGVyRGVmYXVsdCRNYXN0ZXJQbGFjZWhvbGRlciRDaGVja291dFBsYWNlaG9sZGVyJFNoaXBwaW5nT3B0aW9uc18xOSRycHRDYXJyaWVyRGVsaXZlcnlTZXJ2aWNlcyRjdGwwMCRSZG9kZWxpdmVyeVNlcnZpY2VHcm91cCIgVmFsdWU9InJkb0NhcnJpZXJEZWxpdmVyeVNlcnZpY2VzIiBSZWNvcmRlZFZhbHVlPSIiIENvcnJlbGF0aW9uQmluZGluZz0iIiBVcmxFbmNvZGU9IlRydWUiIC8+DQogICAgICAgICAgICA8Rm9ybVBvc3RQYXJhbWV0ZXIgTmFtZT0iY3RsMDAkY3RsMDAkY3RsMDAkY3RsMDAkQ29udGVudFBsYWNlSG9sZGVyRGVmYXVsdCRNYXN0ZXJQbGFjZWhvbGRlciRDaGVja291dFBsYWNlaG9sZGVyJFNoaXBwaW5nT3B0aW9uc18xOSRycHRDYXJyaWVyRGVsaXZlcnlTZXJ2aWNlcyRjdGwwMCRoZG5DYXJyaWVyU2VydmljZSIgVmFsdWU9InsmcXVvdDtDb2RlJnF1b3Q7OiZxdW90O0VYUCZxdW90OywmcXVvdDtTZXJ2aWNlTmFtZVJlc291cmNlS2V5JnF1b3Q7OiZxdW90O0V4cHJlc3NOYW1lUmVzb3VyY2UmcXVvdDssJnF1b3Q7U2VydmljZURlc2NyaXB0aW9uUmVzb3VyY2VLZXkmcXVvdDs6JnF1b3Q7RXhwcmVzc0Rlc2NyaXB0aW9uUmVzb3VyY2UmcXVvdDssJnF1b3Q7SXNHbG9iYWxDYXJyaWVyJnF1b3Q7OnRydWUsJnF1b3Q7SXNEcnlJY2VDYXJyaWVyJnF1b3Q7OnRydWUsJnF1b3Q7Q291bnRyaWVzJnF1b3Q7Om51bGwsJnF1b3Q7Q2FuVXNlQWNjb3VudCZxdW90OzpmYWxzZSwmcXVvdDtTaGlwcGluZ1ByaWNlJnF1b3Q7OnsmcXVvdDskaWQmcXVvdDs6JnF1b3Q7MSZxdW90OywmcXVvdDtDYWxjdWxhdGVkVGltZSZxdW90OzomcXVvdDsyMDE3LTA3LTEzVDA0OjQ3OjA5Ljk4MDU5OFomcXVvdDssJnF1b3Q7Q29zdCZxdW90OzozMi44LCZxdW90O0luc3RhbmNlU3RhdHVzRW51bSZxdW90OzowLCZxdW90O0lzb0N1cnJlbmN5Q29kZSZxdW90OzomcXVvdDtFVVImcXVvdDssJnF1b3Q7TGlzdFByaWNlJnF1b3Q7OjAuMCwmcXVvdDtNYW51YWxQcmljZSZxdW90OzotMS4wLCZxdW90O1RheCZxdW90OzowLjAsJnF1b3Q7VGF4TGlzdFByaWNlJnF1b3Q7OjAuMCwmcXVvdDtUYXhNYW51YWxQcmljZSZxdW90OzotMS4wLCZxdW90O0lkJnF1b3Q7OjAsJnF1b3Q7SXNIYXJkRGVsZXRlZCZxdW90OzpmYWxzZX0sJnF1b3Q7SXNBZGRPbiZxdW90OzpmYWxzZSwmcXVvdDtLaXRDb21wb25lbnROdW1iZXImcXVvdDs6JnF1b3Q7JnF1b3Q7LCZxdW90O0hpZGVXaGVuTm9EaXN0cmlidXRvciZxdW90OzpmYWxzZSwmcXVvdDtPd25DYXJyaWVycyZxdW90OzpudWxsLCZxdW90O0hhc093bkNhcnJpZXJDb2Rlc0NvbmZpZ3VyZWQmcXVvdDs6ZmFsc2V9IiBSZWNvcmRlZFZhbHVlPSIiIENvcnJlbGF0aW9uQmluZGluZz0iIiBVcmxFbmNvZGU9IlRydWUiIC8+DQogICAgICAgICAgICA8Rm9ybVBvc3RQYXJhbWV0ZXIgTmFtZT0iY3RsMDAkY3RsMDAkY3RsMDAkY3RsMDAkQ29udGVudFBsYWNlSG9sZGVyRGVmYXVsdCRNYXN0ZXJQbGFjZWhvbGRlciRDaGVja291dFBsYWNlaG9sZGVyJFNoaXBwaW5nT3B0aW9uc18xOSRycHRDYXJyaWVyRGVsaXZlcnlTZXJ2aWNlcyRjdGwwMCRoZG5DYXJyaWVyU2VydmljZUNvZGUiIFZhbHVlPSJFWFAiIFJlY29yZGVkVmFsdWU9IiIgQ29ycmVsYXRpb25CaW5kaW5nPSIiIFVybEVuY29kZT0iVHJ1ZSIgLz4NCiAgICAgICAgICAgIDxGb3JtUG9zdFBhcmFtZXRlciBOYW1lPSJjdGwwMCRjdGwwMCRjdGwwMCRjdGwwMCRDb250ZW50UGxhY2VIb2xkZXJEZWZhdWx0JE1hc3RlclBsYWNlaG9sZGVyJENoZWNrb3V0UGxhY2Vob2xkZXIkU2hpcHBpbmdPcHRpb25zXzE5JHJwdENhcnJpZXJEZWxpdmVyeVNlcnZpY2VzJGN0bDAxJGhkbkNhcnJpZXJTZXJ2aWNlIiBWYWx1ZT0ieyZxdW90O0NvZGUmcXVvdDs6JnF1b3Q7T1dOJnF1b3Q7LCZxdW90O1NlcnZpY2VOYW1lUmVzb3VyY2VLZXkmcXVvdDs6JnF1b3Q7T1dOTmFtZVJlc291cmNlJnF1b3Q7LCZxdW90O1NlcnZpY2VEZXNjcmlwdGlvblJlc291cmNlS2V5JnF1b3Q7OiZxdW90O09XTkRlc2NyaXB0aW9uUmVzb3VyY2UmcXVvdDssJnF1b3Q7SXNHbG9iYWxDYXJyaWVyJnF1b3Q7OnRydWUsJnF1b3Q7SXNEcnlJY2VDYXJyaWVyJnF1b3Q7OnRydWUsJnF1b3Q7Q291bnRyaWVzJnF1b3Q7Om51bGwsJnF1b3Q7Q2FuVXNlQWNjb3VudCZxdW90Ozp0cnVlLCZxdW90O1NoaXBwaW5nUHJpY2UmcXVvdDs6bnVsbCwmcXVvdDtJc0FkZE9uJnF1b3Q7OmZhbHNlLCZxdW90O0tpdENvbXBvbmVudE51bWJlciZxdW90OzpudWxsLCZxdW90O0hpZGVXaGVuTm9EaXN0cmlidXRvciZxdW90OzpmYWxzZSwmcXVvdDtPd25DYXJyaWVycyZxdW90OzpbJnF1b3Q7REhMJnF1b3Q7LCZxdW90O1VQUyZxdW90OywmcXVvdDtGZWRFeCZxdW90OywmcXVvdDtFWFAmcXVvdDtdLCZxdW90O0hhc093bkNhcnJpZXJDb2Rlc0NvbmZpZ3VyZWQmcXVvdDs6dHJ1ZX0iIFJlY29yZGVkVmFsdWU9IiIgQ29ycmVsYXRpb25CaW5kaW5nPSIiIFVybEVuY29kZT0iVHJ1ZSIgLz4NCiAgICAgICAgICAgIDxGb3JtUG9zdFBhcmFtZXRlciBOYW1lPSJjdGwwMCRjdGwwMCRjdGwwMCRjdGwwMCRDb250ZW50UGxhY2VIb2xkZXJEZWZhdWx0JE1hc3RlclBsYWNlaG9sZGVyJENoZWNrb3V0UGxhY2Vob2xkZXIkU2hpcHBpbmdPcHRpb25zXzE5JHJwdENhcnJpZXJEZWxpdmVyeVNlcnZpY2VzJGN0bDAxJGhkbkNhcnJpZXJTZXJ2aWNlQ29kZSIgVmFsdWU9Ik9XTiIgUmVjb3JkZWRWYWx1ZT0iIiBDb3JyZWxhdGlvbkJpbmRpbmc9IiIgVXJsRW5jb2RlPSJUcnVlIiAvPg0KICAgICAgICAgICAgPEZvcm1Qb3N0UGFyYW1ldGVyIE5hbWU9ImN0bDAwJGN0bDAwJGN0bDAwJGN0bDAwJENvbnRlbnRQbGFjZUhvbGRlckRlZmF1bHQkTWFzdGVyUGxhY2Vob2xkZXIkQ2hlY2tvdXRQbGFjZWhvbGRlciRTaGlwcGluZ09wdGlvbnNfMTkkcnB0Q2FycmllckRlbGl2ZXJ5U2VydmljZXMkY3RsMDEkZGRsT3duQ2FycmllclNlcnZpY2VzIiBWYWx1ZT0iLTEiIFJlY29yZGVkVmFsdWU9IiIgQ29ycmVsYXRpb25CaW5kaW5nPSIiIFVybEVuY29kZT0iVHJ1ZSIgLz4NCiAgICAgICAgICAgIDxGb3JtUG9zdFBhcmFtZXRlciBOYW1lPSJjdGwwMCRjdGwwMCRjdGwwMCRjdGwwMCRDb250ZW50UGxhY2VIb2xkZXJEZWZhdWx0JE1hc3RlclBsYWNlaG9sZGVyJENoZWNrb3V0UGxhY2Vob2xkZXIkU2hpcHBpbmdPcHRpb25zXzE5JHJwdENhcnJpZXJEZWxpdmVyeVNlcnZpY2VzJGN0bDAxJHR4dENhcnJpZXJObyIgVmFsdWU9IiIgUmVjb3JkZWRWYWx1ZT0iIiBDb3JyZWxhdGlvbkJpbmRpbmc9IiIgVXJsRW5jb2RlPSJUcnVlIiAvPg0KICAgICAgICAgICAgPEZvcm1Qb3N0UGFyYW1ldGVyIE5hbWU9ImN0bDAwJGN0bDAwJGN0bDAwJGN0bDAwJENvbnRlbnRQbGFjZUhvbGRlckRlZmF1bHQkTWFzdGVyUGxhY2Vob2xkZXIkQ2hlY2tvdXRQbGFjZWhvbGRlciRTaGlwcGluZ09wdGlvbnNfMTkkcnB0Q2FycmllckRlbGl2ZXJ5U2VydmljZXMkY3RsMDEkZGRsQmlsbFRvIiBWYWx1ZT0iUmVjaXBpZW50IiBSZWNvcmRlZFZhbHVlPSIiIENvcnJlbGF0aW9uQmluZGluZz0iIiBVcmxFbmNvZGU9IlRydWUiIC8+DQogICAgICAgICAgICA8Rm9ybVBvc3RQYXJhbWV0ZXIgTmFtZT0iY3RsMDAkY3RsMDAkY3RsMDAkY3RsMDAkQ29udGVudFBsYWNlSG9sZGVyRGVmYXVsdCRNYXN0ZXJQbGFjZWhvbGRlciRDaGVja291dFBsYWNlaG9sZGVyJFNoaXBwaW5nT3B0aW9uc18xOSR2c0NhcnJpZXJEZWxpdmVyeVNlcnZpY2VzJGhkblZhbGlkYXRpb25SZXN1bHQiIFZhbHVlPSJ0cnVlIiBSZWNvcmRlZFZhbHVlPSIiIENvcnJlbGF0aW9uQmluZGluZz0iIiBVcmxFbmNvZGU9IlRydWUiIC8+DQogICAgICAgICAgICA8Rm9ybVBvc3RQYXJhbWV0ZXIgTmFtZT0iQ29udGVudFBsYWNlSG9sZGVyRGVmYXVsdF9NYXN0ZXJQbGFjZWhvbGRlcl9DaGVja291dFBsYWNlaG9sZGVyX09yZGVyU3VtbWFyeV8yMCRoZG5GaWVsZEV4cGFuZGVkQmF0Y2hOdW1iZXIiIFZhbHVlPSItMSIgUmVjb3JkZWRWYWx1ZT0iIiBDb3JyZWxhdGlvbkJpbmRpbmc9IiIgVXJsRW5jb2RlPSJUcnVlIiAvPg0KICAgICAgICAgICAgPEZvcm1Qb3N0UGFyYW1ldGVyIE5hbWU9IkNvbnRlbnRQbGFjZUhvbGRlckRlZmF1bHRfTWFzdGVyUGxhY2Vob2xkZXJfQ2hlY2tvdXRQbGFjZWhvbGRlcl9PcmRlclN1bW1hcnlfMjAkaGR1c2VyY2FydFZpZXdQcmVmZXJlbmNlcyIgVmFsdWU9IjEiIFJlY29yZGVkVmFsdWU9IiIgQ29ycmVsYXRpb25CaW5kaW5nPSIiIFVybEVuY29kZT0iVHJ1ZSIgLz4NCiAgICAgICAgICAgIDxGb3JtUG9zdFBhcmFtZXRlciBOYW1lPSJDb250ZW50UGxhY2VIb2xkZXJEZWZhdWx0X01hc3RlclBsYWNlaG9sZGVyX0NoZWNrb3V0UGxhY2Vob2xkZXJfT3JkZXJTdW1tYXJ5XzIwJGhkbkZpZWxkUmVzb3VyY2VDb2xsZWN0aW9ucyIgVmFsdWU9IiIgUmVjb3JkZWRWYWx1ZT0iIiBDb3JyZWxhdGlvbkJpbmRpbmc9IiIgVXJsRW5jb2RlPSJUcnVlIiAvPg0KICAgICAgICAgICAgPEZvcm1Qb3N0UGFyYW1ldGVyIE5hbWU9IkNvbnRlbnRQbGFjZUhvbGRlckRlZmF1bHRfTWFzdGVyUGxhY2Vob2xkZXJfQ2hlY2tvdXRQbGFjZWhvbGRlcl9PcmRlclN1bW1hcnlfMjAkaGRuRmllbGRTb3J0TGlzdCIgVmFsdWU9IiIgUmVjb3JkZWRWYWx1ZT0iIiBDb3JyZWxhdGlvbkJpbmRpbmc9IiIgVXJsRW5jb2RlPSJUcnVlIiAvPg0KICAgICAgICAgICAgPEZvcm1Qb3N0UGFyYW1ldGVyIE5hbWU9IkNvbnRlbnRQbGFjZUhvbGRlckRlZmF1bHRfTWFzdGVyUGxhY2Vob2xkZXJfQ2hlY2tvdXRQbGFjZWhvbGRlcl9PcmRlclN1bW1hcnlfMjAkcnB0TXlDYXJ0JGN0bDAwJGhkbkZpZWxkSXRlbURldGFpbHMiIFZhbHVlPSJ7JnF1b3Q7SXNCYXRjaCZxdW90Ozp0cnVlLCZxdW90O0lkJnF1b3Q7OjgxMjIzLCZxdW90O0JhdGNoSWQmcXVvdDs6ODEyMjMsJnF1b3Q7SWRzJnF1b3Q7OlsyNzE5OTksMjcyMDAwXSwmcXVvdDtCdUtleSZxdW90OzomcXVvdDtPbGlnb3MmcXVvdDssJnF1b3Q7QnVOYW1lJnF1b3Q7OiZxdW90O0ROQSAmYW1wOyBSTkEgT2xpZ29udWNsZW90aWRlcyZxdW90O30iIFJlY29yZGVkVmFsdWU9IiIgQ29ycmVsYXRpb25CaW5kaW5nPSIiIFVybEVuY29kZT0iVHJ1ZSIgLz4NCiAgICAgICAgICAgIDxGb3JtUG9zdFBhcmFtZXRlciBOYW1lPSJDb250ZW50UGxhY2VIb2xkZXJEZWZhdWx0X01hc3RlclBsYWNlaG9sZGVyX0NoZWNrb3V0UGxhY2Vob2xkZXJfT3JkZXJTdW1tYXJ5XzIwJHJwdE15Q2FydCRjdGwwMCRoZG5GaWVsZENoZWNrb3V0U3RhdGUiIFZhbHVlPSJPcmRlcmFibGVPbmx5IiBSZWNvcmRlZFZhbHVlPSIiIENvcnJlbGF0aW9uQmluZGluZz0iIiBVcmxFbmNvZGU9IlRydWUiIC8+DQogICAgICAgICAgICA8Rm9ybVBvc3RQYXJhbWV0ZXIgTmFtZT0iQ29udGVudFBsYWNlSG9sZGVyRGVmYXVsdF9NYXN0ZXJQbGFjZWhvbGRlcl9DaGVja291dFBsYWNlaG9sZGVyX09yZGVyU3VtbWFyeV8yMCRycHRNeUNhcnQkY3RsMDAkaGRuRmllbGRDb21tZW50IiBWYWx1ZT0iIiBSZWNvcmRlZFZhbHVlPSIiIENvcnJlbGF0aW9uQmluZGluZz0iIiBVcmxFbmNvZGU9IlRydWUiIC8+DQogICAgICAgICAgICA8Rm9ybVBvc3RQYXJhbWV0ZXIgTmFtZT0iQ29udGVudFBsYWNlSG9sZGVyRGVmYXVsdF9NYXN0ZXJQbGFjZWhvbGRlcl9DaGVja291dFBsYWNlaG9sZGVyX09yZGVyU3VtbWFyeV8yMCRycHRNeUNhcnQkY3RsMDAkcnB0U2V0SXRlbXMkY3RsMDAkaGRuRmllbGRJdGVtRGV0YWlscyIgVmFsdWU9InsmcXVvdDtJc0JhdGNoJnF1b3Q7OmZhbHNlLCZxdW90O0lkJnF1b3Q7OjI3MTk5OSwmcXVvdDtCYXRjaElkJnF1b3Q7OjgxMjIzLCZxdW90O0lkcyZxdW90OzpudWxsLCZxdW90O0lzUHJpbWVyJnF1b3Q7OmZhbHNlLCZxdW90O0lzU2VxdWVuY2luZ0l0ZW0mcXVvdDs6ZmFsc2UsJnF1b3Q7SXRlbU5hbWUmcXVvdDs6JnF1b3Q7TUdCMSZxdW90OywmcXVvdDtEZXBlbmRlbnRPcmRlckl0ZW1zJnF1b3Q7Om51bGwsJnF1b3Q7Q2FuSXRCZVNhbWVEYXlTZXJ2aWNlJnF1b3Q7OmZhbHNlLCZxdW90O0J1S2V5JnF1b3Q7OiZxdW90O09saWdvcyZxdW90OywmcXVvdDtCdU5hbWUmcXVvdDs6JnF1b3Q7RE5BICZhbXA7IFJOQSBPbGlnb251Y2xlb3RpZGVzJnF1b3Q7fSIgUmVjb3JkZWRWYWx1ZT0iIiBDb3JyZWxhdGlvbkJpbmRpbmc9IiIgVXJsRW5jb2RlPSJUcnVlIiAvPg0KICAgICAgICAgICAgPEZvcm1Qb3N0UGFyYW1ldGVyIE5hbWU9IkNvbnRlbnRQbGFjZUhvbGRlckRlZmF1bHRfTWFzdGVyUGxhY2Vob2xkZXJfQ2hlY2tvdXRQbGFjZWhvbGRlcl9PcmRlclN1bW1hcnlfMjAkcnB0TXlDYXJ0JGN0bDAwJHJwdFNldEl0ZW1zJGN0bDAwJGhkbkZpZWxkQ2hlY2tvdXRTdGF0ZSIgVmFsdWU9Ik9yZGVyYWJsZU9ubHkiIFJlY29yZGVkVmFsdWU9IiIgQ29ycmVsYXRpb25CaW5kaW5nPSIiIFVybEVuY29kZT0iVHJ1ZSIgLz4NCiAgICAgICAgICAgIDxGb3JtUG9zdFBhcmFtZXRlciBOYW1lPSJDb250ZW50UGxhY2VIb2xkZXJEZWZhdWx0X01hc3RlclBsYWNlaG9sZGVyX0NoZWNrb3V0UGxhY2Vob2xkZXJfT3JkZXJTdW1tYXJ5XzIwJHJwdE15Q2FydCRjdGwwMCRycHRTZXRJdGVtcyRjdGwwMCRoZG5GaWVsZENvbW1lbnQiIFZhbHVlPSIiIFJlY29yZGVkVmFsdWU9IiIgQ29ycmVsYXRpb25CaW5kaW5nPSIiIFVybEVuY29kZT0iVHJ1ZSIgLz4NCiAgICAgICAgICAgIDxGb3JtUG9zdFBhcmFtZXRlciBOYW1lPSJDb250ZW50UGxhY2VIb2xkZXJEZWZhdWx0X01hc3RlclBsYWNlaG9sZGVyX0NoZWNrb3V0UGxhY2Vob2xkZXJfT3JkZXJTdW1tYXJ5XzIwJHJwdE15Q2FydCRjdGwwMCRycHRTZXRJdGVtcyRjdGwwMSRoZG5GaWVsZEl0ZW1EZXRhaWxzIiBWYWx1ZT0ieyZxdW90O0lzQmF0Y2gmcXVvdDs6ZmFsc2UsJnF1b3Q7SWQmcXVvdDs6MjcyMDAwLCZxdW90O0JhdGNoSWQmcXVvdDs6ODEyMjMsJnF1b3Q7SWRzJnF1b3Q7Om51bGwsJnF1b3Q7SXNQcmltZXImcXVvdDs6ZmFsc2UsJnF1b3Q7SXNTZXF1ZW5jaW5nSXRlbSZxdW90OzpmYWxzZSwmcXVvdDtJdGVtTmFtZSZxdW90OzomcXVvdDtNR0IxJnF1b3Q7LCZxdW90O0RlcGVuZGVudE9yZGVySXRlbXMmcXVvdDs6bnVsbCwmcXVvdDtDYW5JdEJlU2FtZURheVNlcnZpY2UmcXVvdDs6ZmFsc2UsJnF1b3Q7QnVLZXkmcXVvdDs6JnF1b3Q7T2xpZ29zJnF1b3Q7LCZxdW90O0J1TmFtZSZxdW90OzomcXVvdDtETkEgJmFtcDsgUk5BIE9saWdvbnVjbGVvdGlkZXMmcXVvdDt9IiBSZWNvcmRlZFZhbHVlPSIiIENvcnJlbGF0aW9uQmluZGluZz0iIiBVcmxFbmNvZGU9IlRydWUiIC8+DQogICAgICAgICAgICA8Rm9ybVBvc3RQYXJhbWV0ZXIgTmFtZT0iQ29udGVudFBsYWNlSG9sZGVyRGVmYXVsdF9NYXN0ZXJQbGFjZWhvbGRlcl9DaGVja291dFBsYWNlaG9sZGVyX09yZGVyU3VtbWFyeV8yMCRycHRNeUNhcnQkY3RsMDAkcnB0U2V0SXRlbXMkY3RsMDEkaGRuRmllbGRDaGVja291dFN0YXRlIiBWYWx1ZT0iT3JkZXJhYmxlT25seSIgUmVjb3JkZWRWYWx1ZT0iIiBDb3JyZWxhdGlvbkJpbmRpbmc9IiIgVXJsRW5jb2RlPSJUcnVlIiAvPg0KICAgICAgICAgICAgPEZvcm1Qb3N0UGFyYW1ldGVyIE5hbWU9IkNvbnRlbnRQbGFjZUhvbGRlckRlZmF1bHRfTWFzdGVyUGxhY2Vob2xkZXJfQ2hlY2tvdXRQbGFjZWhvbGRlcl9PcmRlclN1bW1hcnlfMjAkcnB0TXlDYXJ0JGN0bDAwJHJwdFNldEl0ZW1zJGN0bDAxJGhkbkZpZWxkQ29tbWVudCIgVmFsdWU9IiIgUmVjb3JkZWRWYWx1ZT0iIiBDb3JyZWxhdGlvbkJpbmRpbmc9IiIgVXJsRW5jb2RlPSJUcnVlIiAvPg0KICAgICAgICAgICAgPEZvcm1Qb3N0UGFyYW1ldGVyIE5hbWU9IkNvbnRlbnRQbGFjZUhvbGRlckRlZmF1bHRfTWFzdGVyUGxhY2Vob2xkZXJfQ2hlY2tvdXRQbGFjZWhvbGRlcl9PcmRlclN1bW1hcnlfMjAkcnB0TXlDYXJ0JGN0bDAxJGhkbkZpZWxkSXRlbURldGFpbHMiIFZhbHVlPSJ7JnF1b3Q7SXNCYXRjaCZxdW90OzpmYWxzZSwmcXVvdDtJZCZxdW90OzozNjI0MzYsJnF1b3Q7QmF0Y2hJZCZxdW90OzowLCZxdW90O0lkcyZxdW90OzpudWxsLCZxdW90O0lzUHJpbWVyJnF1b3Q7OmZhbHNlLCZxdW90O0lzU2VxdWVuY2luZ0l0ZW0mcXVvdDs6ZmFsc2UsJnF1b3Q7SXRlbU5hbWUmcXVvdDs6JnF1b3Q7U21hcnRTZXEgS2l0JnF1b3Q7LCZxdW90O0RlcGVuZGVudE9yZGVySXRlbXMmcXVvdDs6bnVsbCwmcXVvdDtDYW5JdEJlU2FtZURheVNlcnZpY2UmcXVvdDs6ZmFsc2UsJnF1b3Q7QnVLZXkmcXVvdDs6JnF1b3Q7U0VRJnF1b3Q7LCZxdW90O0J1TmFtZSZxdW90OzomcXVvdDtDdXN0b20gRE5BIFNlcXVlbmNpbmcmcXVvdDt9IiBSZWNvcmRlZFZhbHVlPSIiIENvcnJlbGF0aW9uQmluZGluZz0iIiBVcmxFbmNvZGU9IlRydWUiIC8+DQogICAgICAgICAgICA8Rm9ybVBvc3RQYXJhbWV0ZXIgTmFtZT0iQ29udGVudFBsYWNlSG9sZGVyRGVmYXVsdF9NYXN0ZXJQbGFjZWhvbGRlcl9DaGVja291dFBsYWNlaG9sZGVyX09yZGVyU3VtbWFyeV8yMCRycHRNeUNhcnQkY3RsMDEkaGRuRmllbGRDaGVja291dFN0YXRlIiBWYWx1ZT0iT3JkZXJhYmxlT25seSIgUmVjb3JkZWRWYWx1ZT0iIiBDb3JyZWxhdGlvbkJpbmRpbmc9IiIgVXJsRW5jb2RlPSJUcnVlIiAvPg0KICAgICAgICAgICAgPEZvcm1Qb3N0UGFyYW1ldGVyIE5hbWU9IkNvbnRlbnRQbGFjZUhvbGRlckRlZmF1bHRfTWFzdGVyUGxhY2Vob2xkZXJfQ2hlY2tvdXRQbGFjZWhvbGRlcl9PcmRlclN1bW1hcnlfMjAkcnB0TXlDYXJ0JGN0bDAxJGhkbkZpZWxkQ29tbWVudCIgVmFsdWU9IiIgUmVjb3JkZWRWYWx1ZT0iIiBDb3JyZWxhdGlvbkJpbmRpbmc9IiIgVXJsRW5jb2RlPSJUcnVlIiAvPg0KICAgICAgICAgICAgPEZvcm1Qb3N0UGFyYW1ldGVyIE5hbWU9IkNvbnRlbnRQbGFjZUhvbGRlckRlZmF1bHRfTWFzdGVyUGxhY2Vob2xkZXJfQ2hlY2tvdXRQbGFjZWhvbGRlcl9PcmRlclN1bW1hcnlfMjAkaGRuX0NvbnRlbnRQbGFjZUhvbGRlckRlZmF1bHRfTWFzdGVyUGxhY2Vob2xkZXJfQ2hlY2tvdXRQbGFjZWhvbGRlcl9PcmRlclN1bW1hcnlfMjBfcG5sRHJhZ2FibGVXaW5kb3dDb250ZW50X0dldERhdGFRdWVyeSIgVmFsdWU9InsmcXVvdDtDb250cm9sTmFtZSZxdW90OzomcXVvdDtPcmRlclN1bW1hcnkmcXVvdDssJnF1b3Q7QWN0aW9uJnF1b3Q7OiZxdW90O0dldERhdGEmcXVvdDt9IiBSZWNvcmRlZFZhbHVlPSIiIENvcnJlbGF0aW9uQmluZGluZz0iIiBVcmxFbmNvZGU9IlRydWUiIC8+DQogICAgICAgICAgICA8Rm9ybVBvc3RQYXJhbWV0ZXIgTmFtZT0iY3RsMDAkY3RsMDAkY3RsMDAkY3RsMDAkQ29udGVudFBsYWNlSG9sZGVyRGVmYXVsdCRNYXN0ZXJQbGFjZWhvbGRlciRDaGVja291dFBsYWNlaG9sZGVyJHVjRXhwZWN0ZWRTaGlwcGluZ0RhdGVfMjEkcnB0RXhwZWN0ZWRTaGlwcGluZ0RhdGUkY3RsMDAkaGRCdXNpbmVzc1VuaXQiIFZhbHVlPSJTRVEiIFJlY29yZGVkVmFsdWU9IiIgQ29ycmVsYXRpb25CaW5kaW5nPSIiIFVybEVuY29kZT0iVHJ1ZSIgLz4NCiAgICAgICAgICAgIDxGb3JtUG9zdFBhcmFtZXRlciBOYW1lPSJjdGwwMCRjdGwwMCRjdGwwMCRjdGwwMCRDb250ZW50UGxhY2VIb2xkZXJEZWZhdWx0JE1hc3RlclBsYWNlaG9sZGVyJENoZWNrb3V0UGxhY2Vob2xkZXIkdWNFeHBlY3RlZFNoaXBwaW5nRGF0ZV8yMSRycHRFeHBlY3RlZFNoaXBwaW5nRGF0ZSRjdGwwMCRoZE51bWJlcm9mRGF5cyIgVmFsdWU9IjEiIFJlY29yZGVkVmFsdWU9IiIgQ29ycmVsYXRpb25CaW5kaW5nPSIiIFVybEVuY29kZT0iVHJ1ZSIgLz4NCiAgICAgICAgICAgIDxGb3JtUG9zdFBhcmFtZXRlciBOYW1lPSJjdGwwMCRjdGwwMCRjdGwwMCRjdGwwMCRDb250ZW50UGxhY2VIb2xkZXJEZWZhdWx0JE1hc3RlclBsYWNlaG9sZGVyJENoZWNrb3V0UGxhY2Vob2xkZXIkQ2hlY2tPdXRXaXphcmROYXZpZ2F0b3JfMjIkYnRuTmV4dCIgVmFsdWU9IkNoZWNrb3V0IiBSZWNvcmRlZFZhbHVlPSIiIENvcnJlbGF0aW9uQmluZGluZz0iIiBVcmxFbmNvZGU9IlRydWUiIC8+DQogICAgICAgICAgICA8Rm9ybVBvc3RQYXJhbWV0ZXIgTmFtZT0iY3RsMDAkY3RsMDAkY3RsMDAkY3RsMDAkQ29udGVudFBsYWNlSG9sZGVyRGVmYXVsdCRNYXN0ZXJQbGFjZWhvbGRlciRDaGVja291dFBsYWNlaG9sZGVyJENoZWNrT3V0V2l6YXJkTmF2aWdhdG9yXzIyJGhkblNoaXBwaW5nQWRkcmVzc0lkIiBWYWx1ZT0iIiBSZWNvcmRlZFZhbHVlPSIiIENvcnJlbGF0aW9uQmluZGluZz0iIiBVcmxFbmNvZGU9IlRydWUiIC8+DQogICAgICAgICAgICA8Rm9ybVBvc3RQYXJhbWV0ZXIgTmFtZT0iY3RsMDAkY3RsMDAkY3RsMDAkY3RsMDAkQ29udGVudFBsYWNlSG9sZGVyRGVmYXVsdCRNYXN0ZXJQbGFjZWhvbGRlciRDaGVja291dFBsYWNlaG9sZGVyJENoZWNrT3V0V2l6YXJkTmF2aWdhdG9yXzIyJGhkbkJpbGxpbmdBZGRyZXNzSWQiIFZhbHVlPSIiIFJlY29yZGVkVmFsdWU9IiIgQ29ycmVsYXRpb25CaW5kaW5nPSIiIFVybEVuY29kZT0iVHJ1ZSIgLz4NCiAgICAgICAgICAgIDxGb3JtUG9zdFBhcmFtZXRlciBOYW1lPSJjdGwwMCRjdGwwMCRjdGwwMCRjdGwwMCRDb250ZW50UGxhY2VIb2xkZXJEZWZhdWx0JE1hc3RlclBsYWNlaG9sZGVyJENoZWNrb3V0UGxhY2Vob2xkZXIkQ2hlY2tPdXRXaXphcmROYXZpZ2F0b3JfMjIkaGRuUGlja1VwQWRkcmVzc0lkIiBWYWx1ZT0iIiBSZWNvcmRlZFZhbHVlPSIiIENvcnJlbGF0aW9uQmluZGluZz0iIiBVcmxFbmNvZGU9IlRydWUiIC8+DQogICAgICAgICAgICA8Rm9ybVBvc3RQYXJhbWV0ZXIgTmFtZT0iY3RsMDAkY3RsMDAkY3RsMDAkY3RsMDAkQ29udGVudFBsYWNlSG9sZGVyRGVmYXVsdCRNYXN0ZXJQbGFjZWhvbGRlciRDaGVja291dFBsYWNlaG9sZGVyJENoZWNrT3V0V2l6YXJkTmF2aWdhdG9yXzIyJGhkbklzRGlzdHJpYnV0b3JBdmFpbGFibGUiIFZhbHVlPSJmYWxzZSIgUmVjb3JkZWRWYWx1ZT0iIiBDb3JyZWxhdGlvbkJpbmRpbmc9IiIgVXJsRW5jb2RlPSJUcnVlIiAvPg0KICAgICAgICAgICAgPEZvcm1Qb3N0UGFyYW1ldGVyIE5hbWU9ImN0bDAwJGN0bDAwJGN0bDAwJGN0bDAwJENvbnRlbnRQbGFjZUhvbGRlckRlZmF1bHQkTWFzdGVyUGxhY2Vob2xkZXIkQ2hlY2tvdXRQbGFjZWhvbGRlciRDaGVja091dFdpemFyZE5hdmlnYXRvcl8yMiRoZGJEaXN0cmlidXRvclNlbGVjdGlvbkVycm9yIiBWYWx1ZT0iIiBSZWNvcmRlZFZhbHVlPSIiIENvcnJlbGF0aW9uQmluZGluZz0iIiBVcmxFbmNvZGU9IlRydWUiIC8+DQogICAgICAgICAgICA8Rm9ybVBvc3RQYXJhbWV0ZXIgTmFtZT0iY3RsMDAkY3RsMDAkY3RsMDAkY3RsMDAkQ29udGVudFBsYWNlSG9sZGVyRGVmYXVsdCRNYXN0ZXJQbGFjZWhvbGRlciRDaGVja291dFBsYWNlaG9sZGVyJENoZWNrT3V0V2l6YXJkTmF2aWdhdG9yXzIyJGhkbkhhc0Rpc3RyaWJ1dG9yU2VsZWN0aW9uRXJyb3IiIFZhbHVlPSIiIFJlY29yZGVkVmFsdWU9IiIgQ29ycmVsYXRpb25CaW5kaW5nPSIiIFVybEVuY29kZT0iVHJ1ZSIgLz4NCiAgICAgICAgICAgIDxGb3JtUG9zdFBhcmFtZXRlciBOYW1lPSJjdGwwMCRjdGwwMCRjdGwwMCRjdGwwMCRDb250ZW50UGxhY2VIb2xkZXJEZWZhdWx0JE1hc3RlclBsYWNlaG9sZGVyJENoZWNrb3V0UGxhY2Vob2xkZXIkQ2hlY2tPdXRXaXphcmROYXZpZ2F0b3JfMjIkaGRuUmVxdWlyZWRTaGlwcGluZ0FkZHJlc3NTZWxlY3Rpb25WYWxpZGF0aW9uIiBWYWx1ZT0iIiBSZWNvcmRlZFZhbHVlPSIiIENvcnJlbGF0aW9uQmluZGluZz0iIiBVcmxFbmNvZGU9IlRydWUiIC8+DQogICAgICAgICAgICA8Rm9ybVBvc3RQYXJhbWV0ZXIgTmFtZT0iY3RsMDAkY3RsMDAkY3RsMDAkY3RsMDAkQ29udGVudFBsYWNlSG9sZGVyRGVmYXVsdCRNYXN0ZXJQbGFjZWhvbGRlciRDaGVja291dFBsYWNlaG9sZGVyJENoZWNrT3V0V2l6YXJkTmF2aWdhdG9yXzIyJGhkblJlcXVpcmVkUGlja1VwQWRkcmVzc1NlbGVjdGlvblZhbGlkYXRpb24iIFZhbHVlPSIiIFJlY29yZGVkVmFsdWU9IiIgQ29ycmVsYXRpb25CaW5kaW5nPSIiIFVybEVuY29kZT0iVHJ1ZSIgLz4NCiAgICAgICAgICAgIDxGb3JtUG9zdFBhcmFtZXRlciBOYW1lPSJjdGwwMCRjdGwwMCRjdGwwMCRjdGwwMCRDb250ZW50UGxhY2VIb2xkZXJEZWZhdWx0JE1hc3RlclBsYWNlaG9sZGVyJENoZWNrb3V0UGxhY2Vob2xkZXIkQ2hlY2tPdXRXaXphcmROYXZpZ2F0b3JfMjIkaGRuUGlja1VwQWRkcmVzc0NoZWNrQm94Q2hlY2tlZCIgVmFsdWU9IiIgUmVjb3JkZWRWYWx1ZT0iIiBDb3JyZWxhdGlvbkJpbmRpbmc9IiIgVXJsRW5jb2RlPSJUcnVlIiAvPg0KICAgICAgICAgICAgPEZvcm1Qb3N0UGFyYW1ldGVyIE5hbWU9ImN0bDAwJGN0bDAwJGN0bDAwJGN0bDAwJENvbnRlbnRQbGFjZUhvbGRlckRlZmF1bHQkTWFzdGVyUGxhY2Vob2xkZXIkQ2hlY2tvdXRQbGFjZWhvbGRlciRDaGVja091dFdpemFyZE5hdmlnYXRvcl8yMiRoZG5TYW1lRGF5RGVsaXZlcnlEYXlvZldlZWsiIFZhbHVlPSIiIFJlY29yZGVkVmFsdWU9IiIgQ29ycmVsYXRpb25CaW5kaW5nPSIiIFVybEVuY29kZT0iVHJ1ZSIgLz4NCiAgICAgICAgICAgIDxGb3JtUG9zdFBhcmFtZXRlciBOYW1lPSJjdGwwMCRjdGwwMCRjdGwwMCRjdGwwMCRDb250ZW50UGxhY2VIb2xkZXJEZWZhdWx0JE1hc3RlclBsYWNlaG9sZGVyJENoZWNrb3V0UGxhY2Vob2xkZXIkV2l6YXJkSGVhZGVyTGluZV82JGhkblNjcmVlbkFyZWEiIFZhbHVlPSIiIFJlY29yZGVkVmFsdWU9IiIgQ29ycmVsYXRpb25CaW5kaW5nPSIiIFVybEVuY29kZT0iVHJ1ZSIgLz4NCiAgICAgICAgICAgIDxGb3JtUG9zdFBhcmFtZXRlciBOYW1lPSJjdGwwMCRjdGwwMCRjdGwwMCRjdGwwMCRDb250ZW50UGxhY2VIb2xkZXJEZWZhdWx0JE1hc3RlclBsYWNlaG9sZGVyJENoZWNrb3V0UGxhY2Vob2xkZXIkTXlDYXJ0TGVnZW5kXzckaGRuU2NyZWVuQXJlYSIgVmFsdWU9ImRpdk1haW5Db250ZW50IiBSZWNvcmRlZFZhbHVlPSIiIENvcnJlbGF0aW9uQmluZGluZz0iIiBVcmxFbmNvZGU9IlRydWUiIC8+DQogICAgICAgICAgICA8Rm9ybVBvc3RQYXJhbWV0ZXIgTmFtZT0iY3RsMDAkY3RsMDAkY3RsMDAkY3RsMDAkQ29udGVudFBsYWNlSG9sZGVyRGVmYXVsdCRNYXN0ZXJQbGFjZWhvbGRlciRDaGVja291dFBsYWNlaG9sZGVyJHVjQmlvc2FmZXR5Q29uZmlybWF0aW9uXzEwJGhkblNjcmVlbkFyZWEiIFZhbHVlPSJkaXZNYWluQ29udGVudCIgUmVjb3JkZWRWYWx1ZT0iIiBDb3JyZWxhdGlvbkJpbmRpbmc9IiIgVXJsRW5jb2RlPSJUcnVlIiAvPg0KICAgICAgICAgICAgPEZvcm1Qb3N0UGFyYW1ldGVyIE5hbWU9ImN0bDAwJGN0bDAwJGN0bDAwJGN0bDAwJENvbnRlbnRQbGFjZUhvbGRlckRlZmF1bHQkTWFzdGVyUGxhY2Vob2xkZXIkQ2hlY2tvdXRQbGFjZWhvbGRlciRBZGRyZXNzU3VtbWFyeV8xMSRoZG5TY3JlZW5BcmVhIiBWYWx1ZT0iZGl2TWFpbkNvbnRlbnQiIFJlY29yZGVkVmFsdWU9IiIgQ29ycmVsYXRpb25CaW5kaW5nPSIiIFVybEVuY29kZT0iVHJ1ZSIgLz4NCiAgICAgICAgICAgIDxGb3JtUG9zdFBhcmFtZXRlciBOYW1lPSJjdGwwMCRjdGwwMCRjdGwwMCRjdGwwMCRDb250ZW50UGxhY2VIb2xkZXJEZWZhdWx0JE1hc3RlclBsYWNlaG9sZGVyJENoZWNrb3V0UGxhY2Vob2xkZXIkQWRkcmVzc1N1bW1hcnlfMTIkaGRuU2NyZWVuQXJlYSIgVmFsdWU9ImRpdk1haW5Db250ZW50IiBSZWNvcmRlZFZhbHVlPSIiIENvcnJlbGF0aW9uQmluZGluZz0iIiBVcmxFbmNvZGU9IlRydWUiIC8+DQogICAgICAgICAgICA8Rm9ybVBvc3RQYXJhbWV0ZXIgTmFtZT0iY3RsMDAkY3RsMDAkY3RsMDAkY3RsMDAkQ29udGVudFBsYWNlSG9sZGVyRGVmYXVsdCRNYXN0ZXJQbGFjZWhvbGRlciRDaGVja291dFBsYWNlaG9sZGVyJHVjVGF4UHJlZmVyZW5jZXNfMTQkUmRvVGF4UHJlZmVyZW5jZXMiIFZhbHVlPSJyZGJ0blRheHBheXMiIFJlY29yZGVkVmFsdWU9IiIgQ29ycmVsYXRpb25CaW5kaW5nPSIiIFVybEVuY29kZT0iVHJ1ZSIgLz4NCiAgICAgICAgICAgIDxGb3JtUG9zdFBhcmFtZXRlciBOYW1lPSJjdGwwMCRjdGwwMCRjdGwwMCRjdGwwMCRDb250ZW50UGxhY2VIb2xkZXJEZWZhdWx0JE1hc3RlclBsYWNlaG9sZGVyJENoZWNrb3V0UGxhY2Vob2xkZXIkdWNUYXhQcmVmZXJlbmNlc18xNCR2c1RheFByZWZlcmVuY2VTZWxlY3Rpb24kaGRuVmFsaWRhdGlvblJlc3VsdCIgVmFsdWU9InRydWUiIFJlY29yZGVkVmFsdWU9IiIgQ29ycmVsYXRpb25CaW5kaW5nPSIiIFVybEVuY29kZT0iVHJ1ZSIgLz4NCiAgICAgICAgICAgIDxGb3JtUG9zdFBhcmFtZXRlciBOYW1lPSJjdGwwMCRjdGwwMCRjdGwwMCRjdGwwMCRDb250ZW50UGxhY2VIb2xkZXJEZWZhdWx0JE1hc3RlclBsYWNlaG9sZGVyJENoZWNrb3V0UGxhY2Vob2xkZXIkdWNUYXhQcmVmZXJlbmNlc18xNCRoZG5TY3JlZW5BcmVhIiBWYWx1ZT0iIiBSZWNvcmRlZFZhbHVlPSIiIENvcnJlbGF0aW9uQmluZGluZz0iIiBVcmxFbmNvZGU9IlRydWUiIC8+DQogICAgICAgICAgICA8Rm9ybVBvc3RQYXJhbWV0ZXIgTmFtZT0iY3RsMDAkY3RsMDAkY3RsMDAkY3RsMDAkQ29udGVudFBsYWNlSG9sZGVyRGVmYXVsdCRNYXN0ZXJQbGFjZWhvbGRlciRDaGVja291dFBsYWNlaG9sZGVyJE9yZGVyaW5nQ29tbWVudF8xNSRoZG5TY3JlZW5BcmVhIiBWYWx1ZT0iZGl2TWFpbkNvbnRlbnQiIFJlY29yZGVkVmFsdWU9IiIgQ29ycmVsYXRpb25CaW5kaW5nPSIiIFVybEVuY29kZT0iVHJ1ZSIgLz4NCiAgICAgICAgICAgIDxGb3JtUG9zdFBhcmFtZXRlciBOYW1lPSJjdGwwMCRjdGwwMCRjdGwwMCRjdGwwMCRDb250ZW50UGxhY2VIb2xkZXJEZWZhdWx0JE1hc3RlclBsYWNlaG9sZGVyJENoZWNrb3V0UGxhY2Vob2xkZXIkUHJvbW9Db2RlXzE2JGhkblNjcmVlbkFyZWEiIFZhbHVlPSJkaXZNYWluQ29udGVudCIgUmVjb3JkZWRWYWx1ZT0iIiBDb3JyZWxhdGlvbkJpbmRpbmc9IiIgVXJsRW5jb2RlPSJUcnVlIiAvPg0KICAgICAgICAgICAgPEZvcm1Qb3N0UGFyYW1ldGVyIE5hbWU9ImN0bDAwJGN0bDAwJGN0bDAwJGN0bDAwJENvbnRlbnRQbGFjZUhvbGRlckRlZmF1bHQkTWFzdGVyUGxhY2Vob2xkZXIkQ2hlY2tvdXRQbGFjZWhvbGRlciRFeHRlcm5hbE9yZGVySWRfMTckaGRuU2NyZWVuQXJlYSIgVmFsdWU9ImRpdk1haW5Db250ZW50IiBSZWNvcmRlZFZhbHVlPSIiIENvcnJlbGF0aW9uQmluZGluZz0iIiBVcmxFbmNvZGU9IlRydWUiIC8+DQogICAgICAgICAgICA8Rm9ybVBvc3RQYXJhbWV0ZXIgTmFtZT0iY3RsMDAkY3RsMDAkY3RsMDAkY3RsMDAkQ29udGVudFBsYWNlSG9sZGVyRGVmYXVsdCRNYXN0ZXJQbGFjZWhvbGRlciRDaGVja291dFBsYWNlaG9sZGVyJHVjUGF5bWVudE1ldGhvZHNfMTgkaGRuU2NyZWVuQXJlYSIgVmFsdWU9ImRpdk1haW5Db250ZW50IiBSZWNvcmRlZFZhbHVlPSIiIENvcnJlbGF0aW9uQmluZGluZz0iIiBVcmxFbmNvZGU9IlRydWUiIC8+DQogICAgICAgICAgICA8Rm9ybVBvc3RQYXJhbWV0ZXIgTmFtZT0iY3RsMDAkY3RsMDAkY3RsMDAkY3RsMDAkQ29udGVudFBsYWNlSG9sZGVyRGVmYXVsdCRNYXN0ZXJQbGFjZWhvbGRlciRDaGVja291dFBsYWNlaG9sZGVyJFNoaXBwaW5nT3B0aW9uc18xOSRoZG5TY3JlZW5BcmVhIiBWYWx1ZT0iZGl2TWFpbkNvbnRlbnQiIFJlY29yZGVkVmFsdWU9IiIgQ29ycmVsYXRpb25CaW5kaW5nPSIiIFVybEVuY29kZT0iVHJ1ZSIgLz4NCiAgICAgICAgICAgIDxGb3JtUG9zdFBhcmFtZXRlciBOYW1lPSJjdGwwMCRjdGwwMCRjdGwwMCRjdGwwMCRDb250ZW50UGxhY2VIb2xkZXJEZWZhdWx0JE1hc3RlclBsYWNlaG9sZGVyJENoZWNrb3V0UGxhY2Vob2xkZXIkT3JkZXJTdW1tYXJ5XzIwJGhkbl9Db250ZW50UGxhY2VIb2xkZXJEZWZhdWx0X01hc3RlclBsYWNlaG9sZGVyX0NoZWNrb3V0UGxhY2Vob2xkZXJfT3JkZXJTdW1tYXJ5XzIwX3BubERyYWdhYmxlV2luZG93Q29udGVudF9HZXREYXRhUXVlcnkiIFZhbHVlPSJ7JnF1b3Q7Q29udHJvbE5hbWUmcXVvdDs6JnF1b3Q7T3JkZXJTdW1tYXJ5JnF1b3Q7LCZxdW90O0FjdGlvbiZxdW90OzomcXVvdDtHZXREYXRhJnF1b3Q7fSIgUmVjb3JkZWRWYWx1ZT0iIiBDb3JyZWxhdGlvbkJpbmRpbmc9IiIgVXJsRW5jb2RlPSJUcnVlIiAvPg0KICAgICAgICAgICAgPEZvcm1Qb3N0UGFyYW1ldGVyIE5hbWU9ImN0bDAwJGN0bDAwJGN0bDAwJGN0bDAwJENvbnRlbnRQbGFjZUhvbGRlckRlZmF1bHQkTWFzdGVyUGxhY2Vob2xkZXIkQ2hlY2tvdXRQbGFjZWhvbGRlciRPcmRlclN1bW1hcnlfMjAkaGRuU2NyZWVuQXJlYSIgVmFsdWU9ImRpdk1haW5Db250ZW50IiBSZWNvcmRlZFZhbHVlPSIiIENvcnJlbGF0aW9uQmluZGluZz0iIiBVcmxFbmNvZGU9IlRydWUiIC8+DQogICAgICAgICAgICA8Rm9ybVBvc3RQYXJhbWV0ZXIgTmFtZT0iY3RsMDAkY3RsMDAkY3RsMDAkY3RsMDAkQ29udGVudFBsYWNlSG9sZGVyRGVmYXVsdCRNYXN0ZXJQbGFjZWhvbGRlciRDaGVja291dFBsYWNlaG9sZGVyJHVjRXhwZWN0ZWRTaGlwcGluZ0RhdGVfMjEkaGRuU2NyZWVuQXJlYSIgVmFsdWU9ImRpdk1haW5Db250ZW50IiBSZWNvcmRlZFZhbHVlPSIiIENvcnJlbGF0aW9uQmluZGluZz0iIiBVcmxFbmNvZGU9IlRydWUiIC8+DQogICAgICAgICAgICA8Rm9ybVBvc3RQYXJhbWV0ZXIgTmFtZT0iY3RsMDAkY3RsMDAkY3RsMDAkY3RsMDAkQ29udGVudFBsYWNlSG9sZGVyRGVmYXVsdCRNYXN0ZXJQbGFjZWhvbGRlciRDaGVja291dFBsYWNlaG9sZGVyJENoZWNrT3V0V2l6YXJkTmF2aWdhdG9yXzIyJGhkblNjcmVlbkFyZWEiIFZhbHVlPSJkaXZNYWluQ29udGVudCIgUmVjb3JkZWRWYWx1ZT0iIiBDb3JyZWxhdGlvbkJpbmRpbmc9IiIgVXJsRW5jb2RlPSJUcnVlIiAvPg0KICAgICAgICAgICAgPEZvcm1Qb3N0UGFyYW1ldGVyIE5hbWU9ImN0bDAwJGN0bDAwJGN0bDAwJGN0bDAwJENvbnRlbnRQbGFjZUhvbGRlckRlZmF1bHQkaGRuQ2FuSW5pdGlhbGl6ZUN1bHR1cmUiIFZhbHVlPSJmYWxzZSIgUmVjb3JkZWRWYWx1ZT0iIiBDb3JyZWxhdGlvbkJpbmRpbmc9IiIgVXJsRW5jb2RlPSJUcnVlIiAvPg0KICAgICAgICAgICAgPEZvcm1Qb3N0UGFyYW1ldGVyIE5hbWU9ImN0bDAwJGN0bDAwJGN0bDAwJGN0bDAwJENvbnRlbnRQbGFjZUhvbGRlckRlZmF1bHQkaGRuRWNvbURyYWdEcm9wSnNvbiIgVmFsdWU9InsmcXVvdDtpdGVtcyZxdW90OzpbeyZxdW90O1VzZXJJZCZxdW90OzowLCZxdW90O0NvbnRyb2xJZCZxdW90OzomcXVvdDtDb250ZW50UGxhY2VIb2xkZXJEZWZhdWx0X01hc3RlclBsYWNlaG9sZGVyX0NoZWNrb3V0UGxhY2Vob2xkZXJfQ2hlY2tvdXRXaXphcmROYXZpZ2F0aW9uU3RlcHNfNV9wbmxEcmFnYWJsZVdpbmRvdyZxdW90OywmcXVvdDtPcmRlck51bWJlciZxdW90OzowLCZxdW90O0lzTWluaW1pemVkJnF1b3Q7OmZhbHNlLCZxdW90O1BhZ2VSZWYmcXVvdDs6JnF1b3Q7MTEzMyZxdW90OywmcXVvdDtTY3JlZW5BcmVhJnF1b3Q7OiZxdW90O2Rpdk1haW5Db250ZW50JnF1b3Q7fSx7JnF1b3Q7VXNlcklkJnF1b3Q7OjEsJnF1b3Q7Q29udHJvbElkJnF1b3Q7OiZxdW90O0NvbnRlbnRQbGFjZUhvbGRlckRlZmF1bHRfTWFzdGVyUGxhY2Vob2xkZXJfQ2hlY2tvdXRQbGFjZWhvbGRlcl9NeUNhcnRMZWdlbmRfN19wbmxEcmFnYWJsZVdpbmRvdyZxdW90OywmcXVvdDtPcmRlck51bWJlciZxdW90OzoxLCZxdW90O0lzTWluaW1pemVkJnF1b3Q7OmZhbHNlLCZxdW90O1BhZ2VSZWYmcXVvdDs6JnF1b3Q7MTEzMyZxdW90OywmcXVvdDtTY3JlZW5BcmVhJnF1b3Q7OiZxdW90O2Rpdk1haW5Db250ZW50JnF1b3Q7fSx7JnF1b3Q7VXNlcklkJnF1b3Q7OjIsJnF1b3Q7Q29udHJvbElkJnF1b3Q7OiZxdW90O0NvbnRlbnRQbGFjZUhvbGRlckRlZmF1bHRfTWFzdGVyUGxhY2Vob2xkZXJfQ2hlY2tvdXRQbGFjZWhvbGRlcl91Y0Jpb3NhZmV0eUNvbmZpcm1hdGlvbl8xMF9wbmxEcmFnYWJsZVdpbmRvdyZxdW90OywmcXVvdDtPcmRlck51bWJlciZxdW90OzoyLCZxdW90O0lzTWluaW1pemVkJnF1b3Q7OmZhbHNlLCZxdW90O1BhZ2VSZWYmcXVvdDs6JnF1b3Q7MTEzMyZxdW90OywmcXVvdDtTY3JlZW5BcmVhJnF1b3Q7OiZxdW90O2Rpdk1haW5Db250ZW50JnF1b3Q7fSx7JnF1b3Q7VXNlcklkJnF1b3Q7OjMsJnF1b3Q7Q29udHJvbElkJnF1b3Q7OiZxdW90O0NvbnRlbnRQbGFjZUhvbGRlckRlZmF1bHRfTWFzdGVyUGxhY2Vob2xkZXJfQ2hlY2tvdXRQbGFjZWhvbGRlcl9BZGRyZXNzU3VtbWFyeV8xMV9wbmxEcmFnYWJsZVdpbmRvdyZxdW90OywmcXVvdDtPcmRlck51bWJlciZxdW90OzozLCZxdW90O0lzTWluaW1pemVkJnF1b3Q7OmZhbHNlLCZxdW90O1BhZ2VSZWYmcXVvdDs6JnF1b3Q7MTEzMyZxdW90OywmcXVvdDtTY3JlZW5BcmVhJnF1b3Q7OiZxdW90O2Rpdk1haW5Db250ZW50JnF1b3Q7fSx7JnF1b3Q7VXNlcklkJnF1b3Q7OjQsJnF1b3Q7Q29udHJvbElkJnF1b3Q7OiZxdW90O0NvbnRlbnRQbGFjZUhvbGRlckRlZmF1bHRfTWFzdGVyUGxhY2Vob2xkZXJfQ2hlY2tvdXRQbGFjZWhvbGRlcl9BZGRyZXNzU3VtbWFyeV8xMl9wbmxEcmFnYWJsZVdpbmRvdyZxdW90OywmcXVvdDtPcmRlck51bWJlciZxdW90Ozo0LCZxdW90O0lzTWluaW1pemVkJnF1b3Q7OmZhbHNlLCZxdW90O1BhZ2VSZWYmcXVvdDs6JnF1b3Q7MTEzMyZxdW90OywmcXVvdDtTY3JlZW5BcmVhJnF1b3Q7OiZxdW90O2Rpdk1haW5Db250ZW50JnF1b3Q7fSx7JnF1b3Q7VXNlcklkJnF1b3Q7OjUsJnF1b3Q7Q29udHJvbElkJnF1b3Q7OiZxdW90O0NvbnRlbnRQbGFjZUhvbGRlckRlZmF1bHRfTWFzdGVyUGxhY2Vob2xkZXJfQ2hlY2tvdXRQbGFjZWhvbGRlcl9PcmRlcmluZ0NvbW1lbnRfMTVfcG5sRHJhZ2FibGVXaW5kb3cmcXVvdDssJnF1b3Q7T3JkZXJOdW1iZXImcXVvdDs6NSwmcXVvdDtJc01pbmltaXplZCZxdW90OzpmYWxzZSwmcXVvdDtQYWdlUmVmJnF1b3Q7OiZxdW90OzExMzMmcXVvdDssJnF1b3Q7U2NyZWVuQXJlYSZxdW90OzomcXVvdDtkaXZNYWluQ29udGVudCZxdW90O30seyZxdW90O1VzZXJJZCZxdW90Ozo2LCZxdW90O0NvbnRyb2xJZCZxdW90OzomcXVvdDtDb250ZW50UGxhY2VIb2xkZXJEZWZhdWx0X01hc3RlclBsYWNlaG9sZGVyX0NoZWNrb3V0UGxhY2Vob2xkZXJfUHJvbW9Db2RlXzE2X3BubERyYWdhYmxlV2luZG93JnF1b3Q7LCZxdW90O09yZGVyTnVtYmVyJnF1b3Q7OjYsJnF1b3Q7SXNNaW5pbWl6ZWQmcXVvdDs6dHJ1ZSwmcXVvdDtQYWdlUmVmJnF1b3Q7OiZxdW90OzExMzMmcXVvdDssJnF1b3Q7U2NyZWVuQXJlYSZxdW90OzomcXVvdDtkaXZNYWluQ29udGVudCZxdW90O30seyZxdW90O1VzZXJJZCZxdW90Ozo3LCZxdW90O0NvbnRyb2xJZCZxdW90OzomcXVvdDtDb250ZW50UGxhY2VIb2xkZXJEZWZhdWx0X01hc3RlclBsYWNlaG9sZGVyX0NoZWNrb3V0UGxhY2Vob2xkZXJfRXh0ZXJuYWxPcmRlcklkXzE3X3BubERyYWdhYmxlV2luZG93JnF1b3Q7LCZxdW90O09yZGVyTnVtYmVyJnF1b3Q7OjcsJnF1b3Q7SXNNaW5pbWl6ZWQmcXVvdDs6dHJ1ZSwmcXVvdDtQYWdlUmVmJnF1b3Q7OiZxdW90OzExMzMmcXVvdDssJnF1b3Q7U2NyZWVuQXJlYSZxdW90OzomcXVvdDtkaXZNYWluQ29udGVudCZxdW90O30seyZxdW90O1VzZXJJZCZxdW90Ozo4LCZxdW90O0NvbnRyb2xJZCZxdW90OzomcXVvdDtDb250ZW50UGxhY2VIb2xkZXJEZWZhdWx0X01hc3RlclBsYWNlaG9sZGVyX0NoZWNrb3V0UGxhY2Vob2xkZXJfdWNQYXltZW50TWV0aG9kc18xOF9wbmxEcmFnYWJsZVdpbmRvdyZxdW90OywmcXVvdDtPcmRlck51bWJlciZxdW90Ozo4LCZxdW90O0lzTWluaW1pemVkJnF1b3Q7OmZhbHNlLCZxdW90O1BhZ2VSZWYmcXVvdDs6JnF1b3Q7MTEzMyZxdW90OywmcXVvdDtTY3JlZW5BcmVhJnF1b3Q7OiZxdW90O2Rpdk1haW5Db250ZW50JnF1b3Q7fSx7JnF1b3Q7VXNlcklkJnF1b3Q7OjksJnF1b3Q7Q29udHJvbElkJnF1b3Q7OiZxdW90O0NvbnRlbnRQbGFjZUhvbGRlckRlZmF1bHRfTWFzdGVyUGxhY2Vob2xkZXJfQ2hlY2tvdXRQbGFjZWhvbGRlcl91Y1BheW1lbnRNZXRob2RzXzE4X2NvbUNyZWRpdENhcmRfcG5sRHJhZ2FibGVXaW5kb3cmcXVvdDssJnF1b3Q7T3JkZXJOdW1iZXImcXVvdDs6OSwmcXVvdDtJc01pbmltaXplZCZxdW90OzpmYWxzZSwmcXVvdDtQYWdlUmVmJnF1b3Q7OiZxdW90OzExMzMmcXVvdDssJnF1b3Q7U2NyZWVuQXJlYSZxdW90OzomcXVvdDsmcXVvdDt9LHsmcXVvdDtVc2VySWQmcXVvdDs6MTAsJnF1b3Q7Q29udHJvbElkJnF1b3Q7OiZxdW90O0NvbnRlbnRQbGFjZUhvbGRlckRlZmF1bHRfTWFzdGVyUGxhY2Vob2xkZXJfQ2hlY2tvdXRQbGFjZWhvbGRlcl9TaGlwcGluZ09wdGlvbnNfMTlfcG5sRHJhZ2FibGVXaW5kb3cmcXVvdDssJnF1b3Q7T3JkZXJOdW1iZXImcXVvdDs6MTAsJnF1b3Q7SXNNaW5pbWl6ZWQmcXVvdDs6ZmFsc2UsJnF1b3Q7UGFnZVJlZiZxdW90OzomcXVvdDsxMTMzJnF1b3Q7LCZxdW90O1NjcmVlbkFyZWEmcXVvdDs6JnF1b3Q7ZGl2TWFpbkNvbnRlbnQmcXVvdDt9LHsmcXVvdDtVc2VySWQmcXVvdDs6MTEsJnF1b3Q7Q29udHJvbElkJnF1b3Q7OiZxdW90O0NvbnRlbnRQbGFjZUhvbGRlckRlZmF1bHRfTWFzdGVyUGxhY2Vob2xkZXJfQ2hlY2tvdXRQbGFjZWhvbGRlcl9PcmRlclN1bW1hcnlfMjBfcG5sRHJhZ2FibGVXaW5kb3cmcXVvdDssJnF1b3Q7T3JkZXJOdW1iZXImcXVvdDs6MTEsJnF1b3Q7SXNNaW5pbWl6ZWQmcXVvdDs6ZmFsc2UsJnF1b3Q7UGFnZVJlZiZxdW90OzomcXVvdDsxMTMzJnF1b3Q7LCZxdW90O1NjcmVlbkFyZWEmcXVvdDs6JnF1b3Q7ZGl2TWFpbkNvbnRlbnQmcXVvdDt9LHsmcXVvdDtVc2VySWQmcXVvdDs6MTIsJnF1b3Q7Q29udHJvbElkJnF1b3Q7OiZxdW90O0NvbnRlbnRQbGFjZUhvbGRlckRlZmF1bHRfTWFzdGVyUGxhY2Vob2xkZXJfQ2hlY2tvdXRQbGFjZWhvbGRlcl91Y0V4cGVjdGVkU2hpcHBpbmdEYXRlXzIxX3BubERyYWdhYmxlV2luZG93JnF1b3Q7LCZxdW90O09yZGVyTnVtYmVyJnF1b3Q7OjEyLCZxdW90O0lzTWluaW1pemVkJnF1b3Q7OmZhbHNlLCZxdW90O1BhZ2VSZWYmcXVvdDs6JnF1b3Q7MTEzMyZxdW90OywmcXVvdDtTY3JlZW5BcmVhJnF1b3Q7OiZxdW90O2Rpdk1haW5Db250ZW50JnF1b3Q7fSx7JnF1b3Q7VXNlcklkJnF1b3Q7OjEzLCZxdW90O0NvbnRyb2xJZCZxdW90OzomcXVvdDtDb250ZW50UGxhY2VIb2xkZXJEZWZhdWx0X01hc3RlclBsYWNlaG9sZGVyX0NoZWNrb3V0UGxhY2Vob2xkZXJfQ2hlY2tPdXRXaXphcmROYXZpZ2F0b3JfMjJfcG5sRHJhZ2FibGVXaW5kb3cmcXVvdDssJnF1b3Q7T3JkZXJOdW1iZXImcXVvdDs6MTMsJnF1b3Q7SXNNaW5pbWl6ZWQmcXVvdDs6ZmFsc2UsJnF1b3Q7UGFnZVJlZiZxdW90OzomcXVvdDsxMTMzJnF1b3Q7LCZxdW90O1NjcmVlbkFyZWEmcXVvdDs6JnF1b3Q7ZGl2TWFpbkNvbnRlbnQmcXVvdDt9LHsmcXVvdDtVc2VySWQmcXVvdDs6MTQsJnF1b3Q7Q29udHJvbElkJnF1b3Q7OiZxdW90O0NvbnRlbnRQbGFjZUhvbGRlckRlZmF1bHRfTWFzdGVyUGxhY2Vob2xkZXJfQ2hlY2tvdXRQbGFjZWhvbGRlcl91Y1RheFByZWZlcmVuY2VzXzE0X3BubERyYWdhYmxlV2luZG93JnF1b3Q7LCZxdW90O09yZGVyTnVtYmVyJnF1b3Q7OjE0LCZxdW90O0lzTWluaW1pemVkJnF1b3Q7OmZhbHNlLCZxdW90O1BhZ2VSZWYmcXVvdDs6JnF1b3Q7MTEzMyZxdW90OywmcXVvdDtTY3JlZW5BcmVhJnF1b3Q7OiZxdW90OyZxdW90O31dfSIgUmVjb3JkZWRWYWx1ZT0iIiBDb3JyZWxhdGlvbkJpbmRpbmc9IiIgVXJsRW5jb2RlPSJUcnVlIiAvPg0KICAgICAgICAgICAgPEZvcm1Qb3N0UGFyYW1ldGVyIE5hbWU9ImN0bDAwJGN0bDAwJGN0bDAwJGN0bDAwJENvbnRlbnRQbGFjZUhvbGRlckRlZmF1bHQkaGRuQ3VycmVudFBhZ2VJZGVudGl0eSIgVmFsdWU9IjExMzMiIFJlY29yZGVkVmFsdWU9IiIgQ29ycmVsYXRpb25CaW5kaW5nPSIiIFVybEVuY29kZT0iVHJ1ZSIgLz4NCiAgICAgICAgICAgIDxGb3JtUG9zdFBhcmFtZXRlciBOYW1lPSJjdGwwMCRjdGwwMCRjdGwwMCRjdGwwMCRDb250ZW50UGxhY2VIb2xkZXJEZWZhdWx0JGhkblNjcm9sbFlQb3NpdGlvbiIgVmFsdWU9IjE4NzIiIFJlY29yZGVkVmFsdWU9IiIgQ29ycmVsYXRpb25CaW5kaW5nPSIiIFVybEVuY29kZT0iVHJ1ZSIgLz4NCiAgICAgICAgICAgIDxGb3JtUG9zdFBhcmFtZXRlciBOYW1lPSJfX1ZJRVdTVEFURUdFTkVSQVRPUiIgVmFsdWU9IkNBMEIwMzM0IiBSZWNvcmRlZFZhbHVlPSIiIENvcnJlbGF0aW9uQmluZGluZz0iIiBVcmxFbmNvZGU9IlRydWUiIC8+DQogICAgICAgICAgICA8Rm9ybVBvc3RQYXJhbWV0ZXIgTmFtZT0iX19WSUVXU1RBVEVFTkNSWVBURUQiIFZhbHVlPSIiIFJlY29yZGVkVmFsdWU9IiIgQ29ycmVsYXRpb25CaW5kaW5nPSIiIFVybEVuY29kZT0iVHJ1ZSIgLz4NCiAgICAgICAgICA8L0Zvcm1Qb3N0SHR0cEJvZHk+DQogICAgICAgIDwvUmVxdWVzdD4NCiAgICAgIDwvSXRlbXM+DQogICAgPC9UcmFuc2FjdGlvblRpbWVyPg0KICAgIDxSZXF1ZXN0IE1ldGhvZD0iUE9TVCIgR3VpZD0iYmM5NDQwYjEtN2MwZC00MTU1LTljZjQtYzFjODNmMzE5ZDU0IiBWZXJzaW9uPSIxLjEiIFVybD0iaHR0cDovL2luMDFhcHYxMTo4MS9lbi9jaGVja291dC9zdGVwNi5hc3B4IiBUaGlua1RpbWU9IjEiIFRpbWVvdXQ9IjYwIiBQYXJzZURlcGVuZGVudFJlcXVlc3RzPSJUcnVlIiBGb2xsb3dSZWRpcmVjdHM9IlRydWUiIFJlY29yZFJlc3VsdD0iVHJ1ZSIgQ2FjaGU9IkZhbHNlIiBSZXNwb25zZVRpbWVHb2FsPSIwIiBFbmNvZGluZz0idXRmLTgiIEV4cGVjdGVkSHR0cFN0YXR1c0NvZGU9IjAiIEV4cGVjdGVkUmVzcG9uc2VVcmw9IiIgUmVwb3J0aW5nTmFtZT0iIiBJZ25vcmVIdHRwU3RhdHVzQ29kZT0iRmFsc2UiPg0KICAgICAgPEhlYWRlcnM+DQogICAgICAgIDxIZWFkZXIgTmFtZT0iT3JpZ2luIiBWYWx1ZT0iaHR0cDovL2luMDFhcHYxMTo4MSIgLz4NCiAgICAgICAgPEhlYWRlciBOYW1lPSJVcGdyYWRlLUluc2VjdXJlLVJlcXVlc3RzIiBWYWx1ZT0iMSIgLz4NCiAgICAgICAgPEhlYWRlciBOYW1lPSJDb250ZW50LVR5cGUiIFZhbHVlPSJhcHBsaWNhdGlvbi94LXd3dy1mb3JtLXVybGVuY29kZWQiIC8+DQogICAgICA8L0hlYWRlcnM+DQogICAgICA8UXVlcnlTdHJpbmdQYXJhbWV0ZXJzPg0KICAgICAgICA8UXVlcnlTdHJpbmdQYXJhbWV0ZXIgTmFtZT0ib3JkZXJSZWYiIFZhbHVlPSIxMTEwNDQ0ODUyOSIgUmVjb3JkZWRWYWx1ZT0iIiBDb3JyZWxhdGlvbkJpbmRpbmc9IiIgVXJsRW5jb2RlPSJUcnVlIiBVc2VUb0dyb3VwUmVzdWx0cz0iRmFsc2UiIC8+DQogICAgICA8L1F1ZXJ5U3RyaW5nUGFyYW1ldGVycz4NCiAgICAgIDxGb3JtUG9zdEh0dHBCb2R5Pg0KICAgICAgICA8Rm9ybVBvc3RQYXJhbWV0ZXIgTmFtZT0iX19FVkVOVFRBUkdFVCIgVmFsdWU9ImN0bDAwJGN0bDAwJGN0bDAwJGN0bDAwJENvbnRlbnRQbGFjZUhvbGRlckRlZmF1bHQkVG9wTG9nZ2VkSW5fMSRsbmtUb3BMb2dnZWRJbkxvZ291dCIgUmVjb3JkZWRWYWx1ZT0iIiBDb3JyZWxhdGlvbkJpbmRpbmc9IiIgVXJsRW5jb2RlPSJUcnVlIiAvPg0KICAgICAgICA8Rm9ybVBvc3RQYXJhbWV0ZXIgTmFtZT0iX19FVkVOVEFSR1VNRU5UIiBWYWx1ZT0iIiBSZWNvcmRlZFZhbHVlPSIiIENvcnJlbGF0aW9uQmluZGluZz0iIiBVcmxFbmNvZGU9IlRydWUiIC8+DQogICAgICAgIDxGb3JtUG9zdFBhcmFtZXRlciBOYW1lPSJfX1ZJRVdTVEFURSIgVmFsdWU9Int7JEhJRERFTjYuX19WSUVXU1RBVEV9fSIgUmVjb3JkZWRWYWx1ZT0iIiBDb3JyZWxhdGlvbkJpbmRpbmc9IiIgVXJsRW5jb2RlPSJUcnVlIiAvPg0KICAgICAgICA8Rm9ybVBvc3RQYXJhbWV0ZXIgTmFtZT0iY3RsMDAkY3RsMDAkY3RsMDAkY3RsMDAkQ29udGVudFBsYWNlSG9sZGVyRGVmYXVsdCRUb3BMb2dnZWRJbl8xJGhkblNjcmVlbkFyZWEiIFZhbHVlPSIiIFJlY29yZGVkVmFsdWU9IiIgQ29ycmVsYXRpb25CaW5kaW5nPSIiIFVybEVuY29kZT0iVHJ1ZSIgLz4NCiAgICAgICAgPEZvcm1Qb3N0UGFyYW1ldGVyIE5hbWU9ImN0bDAwJGN0bDAwJGN0bDAwJGN0bDAwJENvbnRlbnRQbGFjZUhvbGRlckRlZmF1bHQkQ2FydE92ZXJ2aWV3XzMkaGRuRmllbGRTZWxlY3RlZE9yZGVySXRlbUNoZWNrb3V0U3RhdGVzIiBWYWx1ZT0iIiBSZWNvcmRlZFZhbHVlPSIiIENvcnJlbGF0aW9uQmluZGluZz0iIiBVcmxFbmNvZGU9IlRydWUiIC8+DQogICAgICAgIDxGb3JtUG9zdFBhcmFtZXRlciBOYW1lPSJjdGwwMCRjdGwwMCRjdGwwMCRjdGwwMCRDb250ZW50UGxhY2VIb2xkZXJEZWZhdWx0JENhcnRPdmVydmlld18zJGhkbkZpZWxkQ29tcGxldGVDYXJ0Q2hlY2tvdXRTdGF0ZUVudW1zIiBWYWx1ZT0iIiBSZWNvcmRlZFZhbHVlPSIiIENvcnJlbGF0aW9uQmluZGluZz0iIiBVcmxFbmNvZGU9IlRydWUiIC8+DQogICAgICAgIDxGb3JtUG9zdFBhcmFtZXRlciBOYW1lPSJjdGwwMCRjdGwwMCRjdGwwMCRjdGwwMCRDb250ZW50UGxhY2VIb2xkZXJEZWZhdWx0JENhcnRPdmVydmlld18zJGhkbkZpZWxkU2VsZWN0ZWRJdGVtSWRzIiBWYWx1ZT0iIiBSZWNvcmRlZFZhbHVlPSIiIENvcnJlbGF0aW9uQmluZGluZz0iIiBVcmxFbmNvZGU9IlRydWUiIC8+DQogICAgICAgIDxGb3JtUG9zdFBhcmFtZXRlciBOYW1lPSJjdGwwMCRjdGwwMCRjdGwwMCRjdGwwMCRDb250ZW50UGxhY2VIb2xkZXJEZWZhdWx0JENhcnRPdmVydmlld18zJGhkblNjcmVlbkFyZWEiIFZhbHVlPSIiIFJlY29yZGVkVmFsdWU9IiIgQ29ycmVsYXRpb25CaW5kaW5nPSIiIFVybEVuY29kZT0iVHJ1ZSIgLz4NCiAgICAgICAgPEZvcm1Qb3N0UGFyYW1ldGVyIE5hbWU9ImN0bDAwJGN0bDAwJGN0bDAwJGN0bDAwJENvbnRlbnRQbGFjZUhvbGRlckRlZmF1bHQkTWFzdGVyUGxhY2Vob2xkZXIkQ2hlY2tvdXRQbGFjZWhvbGRlciRXaXphcmRIZWFkZXJMaW5lXzYkaGRuU2NyZWVuQXJlYSIgVmFsdWU9IiIgUmVjb3JkZWRWYWx1ZT0iIiBDb3JyZWxhdGlvbkJpbmRpbmc9IiIgVXJsRW5jb2RlPSJUcnVlIiAvPg0KICAgICAgICA8Rm9ybVBvc3RQYXJhbWV0ZXIgTmFtZT0iY3RsMDAkY3RsMDAkY3RsMDAkY3RsMDAkQ29udGVudFBsYWNlSG9sZGVyRGVmYXVsdCRNYXN0ZXJQbGFjZWhvbGRlciRDaGVja291dFBsYWNlaG9sZGVyJE9yZGVySW5mb3JtYXRpb25fOCRoZG5TY3JlZW5BcmVhIiBWYWx1ZT0iIiBSZWNvcmRlZFZhbHVlPSIiIENvcnJlbGF0aW9uQmluZGluZz0iIiBVcmxFbmNvZGU9IlRydWUiIC8+DQogICAgICAgIDxGb3JtUG9zdFBhcmFtZXRlciBOYW1lPSJjdGwwMCRjdGwwMCRjdGwwMCRjdGwwMCRDb250ZW50UGxhY2VIb2xkZXJEZWZhdWx0JE1hc3RlclBsYWNlaG9sZGVyJENoZWNrb3V0UGxhY2Vob2xkZXIkQWRkcmVzc1N1bW1hcnlfOSRoZG5TY3JlZW5BcmVhIiBWYWx1ZT0iIiBSZWNvcmRlZFZhbHVlPSIiIENvcnJlbGF0aW9uQmluZGluZz0iIiBVcmxFbmNvZGU9IlRydWUiIC8+DQogICAgICAgIDxGb3JtUG9zdFBhcmFtZXRlciBOYW1lPSJjdGwwMCRjdGwwMCRjdGwwMCRjdGwwMCRDb250ZW50UGxhY2VIb2xkZXJEZWZhdWx0JE1hc3RlclBsYWNlaG9sZGVyJENoZWNrb3V0UGxhY2Vob2xkZXIkQWRkcmVzc1N1bW1hcnlfMTAkaGRuU2NyZWVuQXJlYSIgVmFsdWU9IiIgUmVjb3JkZWRWYWx1ZT0iIiBDb3JyZWxhdGlvbkJpbmRpbmc9IiIgVXJsRW5jb2RlPSJUcnVlIiAvPg0KICAgICAgICA8Rm9ybVBvc3RQYXJhbWV0ZXIgTmFtZT0iY3RsMDAkY3RsMDAkY3RsMDAkY3RsMDAkQ29udGVudFBsYWNlSG9sZGVyRGVmYXVsdCRNYXN0ZXJQbGFjZWhvbGRlciRDaGVja291dFBsYWNlaG9sZGVyJFByb21vQ29kZV8xMiR2c1Byb21vQ29kZSRoZG5WYWxpZGF0aW9uUmVzdWx0IiBWYWx1ZT0iIiBSZWNvcmRlZFZhbHVlPSIiIENvcnJlbGF0aW9uQmluZGluZz0iIiBVcmxFbmNvZGU9IlRydWUiIC8+DQogICAgICAgIDxGb3JtUG9zdFBhcmFtZXRlciBOYW1lPSJjdGwwMCRjdGwwMCRjdGwwMCRjdGwwMCRDb250ZW50UGxhY2VIb2xkZXJEZWZhdWx0JE1hc3RlclBsYWNlaG9sZGVyJENoZWNrb3V0UGxhY2Vob2xkZXIkUHJvbW9Db2RlXzEyJGhkblNjcmVlbkFyZWEiIFZhbHVlPSIiIFJlY29yZGVkVmFsdWU9IiIgQ29ycmVsYXRpb25CaW5kaW5nPSIiIFVybEVuY29kZT0iVHJ1ZSIgLz4NCiAgICAgICAgPEZvcm1Qb3N0UGFyYW1ldGVyIE5hbWU9ImN0bDAwJGN0bDAwJGN0bDAwJGN0bDAwJENvbnRlbnRQbGFjZUhvbGRlckRlZmF1bHQkTWFzdGVyUGxhY2Vob2xkZXIkQ2hlY2tvdXRQbGFjZWhvbGRlciRQYXltZW50U3VtbWFyeV8xMyRoZG5TY3JlZW5BcmVhIiBWYWx1ZT0iIiBSZWNvcmRlZFZhbHVlPSIiIENvcnJlbGF0aW9uQmluZGluZz0iIiBVcmxFbmNvZGU9IlRydWUiIC8+DQogICAgICAgIDxGb3JtUG9zdFBhcmFtZXRlciBOYW1lPSJjdGwwMCRjdGwwMCRjdGwwMCRjdGwwMCRDb250ZW50UGxhY2VIb2xkZXJEZWZhdWx0JE1hc3RlclBsYWNlaG9sZGVyJENoZWNrb3V0UGxhY2Vob2xkZXIkT3JkZXJpbmdDb21tZW50XzE0JHZzT3JkZXJpbmdDb21tZW50JGhkblZhbGlkYXRpb25SZXN1bHQiIFZhbHVlPSIiIFJlY29yZGVkVmFsdWU9IiIgQ29ycmVsYXRpb25CaW5kaW5nPSIiIFVybEVuY29kZT0iVHJ1ZSIgLz4NCiAgICAgICAgPEZvcm1Qb3N0UGFyYW1ldGVyIE5hbWU9ImN0bDAwJGN0bDAwJGN0bDAwJGN0bDAwJENvbnRlbnRQbGFjZUhvbGRlckRlZmF1bHQkTWFzdGVyUGxhY2Vob2xkZXIkQ2hlY2tvdXRQbGFjZWhvbGRlciRPcmRlcmluZ0NvbW1lbnRfMTQkaGRuU2NyZWVuQXJlYSIgVmFsdWU9IiIgUmVjb3JkZWRWYWx1ZT0iIiBDb3JyZWxhdGlvbkJpbmRpbmc9IiIgVXJsRW5jb2RlPSJUcnVlIiAvPg0KICAgICAgICA8Rm9ybVBvc3RQYXJhbWV0ZXIgTmFtZT0iY3RsMDAkY3RsMDAkY3RsMDAkY3RsMDAkQ29udGVudFBsYWNlSG9sZGVyRGVmYXVsdCRNYXN0ZXJQbGFjZWhvbGRlciRDaGVja291dFBsYWNlaG9sZGVyJFNoaXBwaW5nT3B0aW9uc18xNSRoZG5TaGlwcGluZ0FkZG9uUGFydE51bWJlcnMiIFZhbHVlPSIiIFJlY29yZGVkVmFsdWU9IiIgQ29ycmVsYXRpb25CaW5kaW5nPSIiIFVybEVuY29kZT0iVHJ1ZSIgLz4NCiAgICAgICAgPEZvcm1Qb3N0UGFyYW1ldGVyIE5hbWU9ImN0bDAwJGN0bDAwJGN0bDAwJGN0bDAwJENvbnRlbnRQbGFjZUhvbGRlckRlZmF1bHQkTWFzdGVyUGxhY2Vob2xkZXIkQ2hlY2tvdXRQbGFjZWhvbGRlciRTaGlwcGluZ09wdGlvbnNfMTUkaGRuX0NvbnRlbnRQbGFjZUhvbGRlckRlZmF1bHRfTWFzdGVyUGxhY2Vob2xkZXJfQ2hlY2tvdXRQbGFjZWhvbGRlcl9TaGlwcGluZ09wdGlvbnNfMTVfcG5sRHJhZ2FibGVXaW5kb3dDb250ZW50X0dldERhdGFRdWVyeSIgVmFsdWU9InsmcXVvdDtDb250cm9sTmFtZSZxdW90OzomcXVvdDtTaGlwcGluZ09wdGlvbnMmcXVvdDssJnF1b3Q7QWN0aW9uJnF1b3Q7OiZxdW90O0dldERhdGEmcXVvdDssJnF1b3Q7UmVhZE9ubHkmcXVvdDs6MX0iIFJlY29yZGVkVmFsdWU9IiIgQ29ycmVsYXRpb25CaW5kaW5nPSIiIFVybEVuY29kZT0iVHJ1ZSIgLz4NCiAgICAgICAgPEZvcm1Qb3N0UGFyYW1ldGVyIE5hbWU9ImN0bDAwJGN0bDAwJGN0bDAwJGN0bDAwJENvbnRlbnRQbGFjZUhvbGRlckRlZmF1bHQkTWFzdGVyUGxhY2Vob2xkZXIkQ2hlY2tvdXRQbGFjZWhvbGRlciRTaGlwcGluZ09wdGlvbnNfMTUkaGRuU2NyZWVuQXJlYSIgVmFsdWU9IiIgUmVjb3JkZWRWYWx1ZT0iIiBDb3JyZWxhdGlvbkJpbmRpbmc9IiIgVXJsRW5jb2RlPSJUcnVlIiAvPg0KICAgICAgICA8Rm9ybVBvc3RQYXJhbWV0ZXIgTmFtZT0iY3RsMDAkY3RsMDAkY3RsMDAkY3RsMDAkQ29udGVudFBsYWNlSG9sZGVyRGVmYXVsdCRNYXN0ZXJQbGFjZWhvbGRlciRDaGVja291dFBsYWNlaG9sZGVyJHVjVGF4UHJlZmVyZW5jZXNfMTYkaGRuU2NyZWVuQXJlYSIgVmFsdWU9IiIgUmVjb3JkZWRWYWx1ZT0iIiBDb3JyZWxhdGlvbkJpbmRpbmc9IiIgVXJsRW5jb2RlPSJUcnVlIiAvPg0KICAgICAgICA8Rm9ybVBvc3RQYXJhbWV0ZXIgTmFtZT0iY3RsMDAkY3RsMDAkY3RsMDAkY3RsMDAkQ29udGVudFBsYWNlSG9sZGVyRGVmYXVsdCRNYXN0ZXJQbGFjZWhvbGRlciRDaGVja291dFBsYWNlaG9sZGVyJHVjRXhwZWN0ZWRTaGlwcGluZ0RhdGVfMTckcnB0RXhwZWN0ZWRTaGlwcGluZ0RhdGUkY3RsMDAkaGRCdXNpbmVzc1VuaXQiIFZhbHVlPSJTRVEiIFJlY29yZGVkVmFsdWU9IiIgQ29ycmVsYXRpb25CaW5kaW5nPSIiIFVybEVuY29kZT0iVHJ1ZSIgLz4NCiAgICAgICAgPEZvcm1Qb3N0UGFyYW1ldGVyIE5hbWU9ImN0bDAwJGN0bDAwJGN0bDAwJGN0bDAwJENvbnRlbnRQbGFjZUhvbGRlckRlZmF1bHQkTWFzdGVyUGxhY2Vob2xkZXIkQ2hlY2tvdXRQbGFjZWhvbGRlciR1Y0V4cGVjdGVkU2hpcHBpbmdEYXRlXzE3JHJwdEV4cGVjdGVkU2hpcHBpbmdEYXRlJGN0bDAwJGhkTnVtYmVyb2ZEYXlzIiBWYWx1ZT0iMSIgUmVjb3JkZWRWYWx1ZT0iIiBDb3JyZWxhdGlvbkJpbmRpbmc9IiIgVXJsRW5jb2RlPSJUcnVlIiAvPg0KICAgICAgICA8Rm9ybVBvc3RQYXJhbWV0ZXIgTmFtZT0iY3RsMDAkY3RsMDAkY3RsMDAkY3RsMDAkQ29udGVudFBsYWNlSG9sZGVyRGVmYXVsdCRNYXN0ZXJQbGFjZWhvbGRlciRDaGVja291dFBsYWNlaG9sZGVyJHVjRXhwZWN0ZWRTaGlwcGluZ0RhdGVfMTckaGRuU2NyZWVuQXJlYSIgVmFsdWU9IiIgUmVjb3JkZWRWYWx1ZT0iIiBDb3JyZWxhdGlvbkJpbmRpbmc9IiIgVXJsRW5jb2RlPSJUcnVlIiAvPg0KICAgICAgICA8Rm9ybVBvc3RQYXJhbWV0ZXIgTmFtZT0iY3RsMDAkY3RsMDAkY3RsMDAkY3RsMDAkQ29udGVudFBsYWNlSG9sZGVyRGVmYXVsdCRNYXN0ZXJQbGFjZWhvbGRlciRDaGVja291dFBsYWNlaG9sZGVyJE9yZGVyU3VtbWFyeV8xOCRoZG5GaWVsZEV4cGFuZGVkQmF0Y2hOdW1iZXIiIFZhbHVlPSItMSIgUmVjb3JkZWRWYWx1ZT0iIiBDb3JyZWxhdGlvbkJpbmRpbmc9IiIgVXJsRW5jb2RlPSJUcnVlIiAvPg0KICAgICAgICA8Rm9ybVBvc3RQYXJhbWV0ZXIgTmFtZT0iY3RsMDAkY3RsMDAkY3RsMDAkY3RsMDAkQ29udGVudFBsYWNlSG9sZGVyRGVmYXVsdCRNYXN0ZXJQbGFjZWhvbGRlciRDaGVja291dFBsYWNlaG9sZGVyJE9yZGVyU3VtbWFyeV8xOCRoZHVzZXJjYXJ0Vmlld1ByZWZlcmVuY2VzIiBWYWx1ZT0iMSIgUmVjb3JkZWRWYWx1ZT0iIiBDb3JyZWxhdGlvbkJpbmRpbmc9IiIgVXJsRW5jb2RlPSJUcnVlIiAvPg0KICAgICAgICA8Rm9ybVBvc3RQYXJhbWV0ZXIgTmFtZT0iY3RsMDAkY3RsMDAkY3RsMDAkY3RsMDAkQ29udGVudFBsYWNlSG9sZGVyRGVmYXVsdCRNYXN0ZXJQbGFjZWhvbGRlciRDaGVja291dFBsYWNlaG9sZGVyJE9yZGVyU3VtbWFyeV8xOCRoZG5GaWVsZFJlc291cmNlQ29sbGVjdGlvbnMiIFZhbHVlPSIiIFJlY29yZGVkVmFsdWU9IiIgQ29ycmVsYXRpb25CaW5kaW5nPSIiIFVybEVuY29kZT0iVHJ1ZSIgLz4NCiAgICAgICAgPEZvcm1Qb3N0UGFyYW1ldGVyIE5hbWU9ImN0bDAwJGN0bDAwJGN0bDAwJGN0bDAwJENvbnRlbnRQbGFjZUhvbGRlckRlZmF1bHQkTWFzdGVyUGxhY2Vob2xkZXIkQ2hlY2tvdXRQbGFjZWhvbGRlciRPcmRlclN1bW1hcnlfMTgkaGRuRmllbGRTb3J0TGlzdCIgVmFsdWU9IiIgUmVjb3JkZWRWYWx1ZT0iIiBDb3JyZWxhdGlvbkJpbmRpbmc9IiIgVXJsRW5jb2RlPSJUcnVlIiAvPg0KICAgICAgICA8Rm9ybVBvc3RQYXJhbWV0ZXIgTmFtZT0iY3RsMDAkY3RsMDAkY3RsMDAkY3RsMDAkQ29udGVudFBsYWNlSG9sZGVyRGVmYXVsdCRNYXN0ZXJQbGFjZWhvbGRlciRDaGVja291dFBsYWNlaG9sZGVyJE9yZGVyU3VtbWFyeV8xOCRycHRNeUNhcnQkY3RsMDAkaGRuRmllbGRJdGVtRGV0YWlscyIgVmFsdWU9InsmcXVvdDtJc0JhdGNoJnF1b3Q7OnRydWUsJnF1b3Q7SWQmcXVvdDs6ODEyMjMsJnF1b3Q7QmF0Y2hJZCZxdW90Ozo4MTIyMywmcXVvdDtJZHMmcXVvdDs6WzI3MTk5OSwyNzIwMDBdLCZxdW90O0J1S2V5JnF1b3Q7OiZxdW90O09saWdvcyZxdW90OywmcXVvdDtCdU5hbWUmcXVvdDs6JnF1b3Q7RE5BICZhbXA7IFJOQSBPbGlnb251Y2xlb3RpZGVzJnF1b3Q7fSIgUmVjb3JkZWRWYWx1ZT0iIiBDb3JyZWxhdGlvbkJpbmRpbmc9IiIgVXJsRW5jb2RlPSJUcnVlIiAvPg0KICAgICAgICA8Rm9ybVBvc3RQYXJhbWV0ZXIgTmFtZT0iY3RsMDAkY3RsMDAkY3RsMDAkY3RsMDAkQ29udGVudFBsYWNlSG9sZGVyRGVmYXVsdCRNYXN0ZXJQbGFjZWhvbGRlciRDaGVja291dFBsYWNlaG9sZGVyJE9yZGVyU3VtbWFyeV8xOCRycHRNeUNhcnQkY3RsMDAkaGRuRmllbGRDaGVja291dFN0YXRlIiBWYWx1ZT0iT3JkZXJhYmxlT25seSIgUmVjb3JkZWRWYWx1ZT0iIiBDb3JyZWxhdGlvbkJpbmRpbmc9IiIgVXJsRW5jb2RlPSJUcnVlIiAvPg0KICAgICAgICA8Rm9ybVBvc3RQYXJhbWV0ZXIgTmFtZT0iY3RsMDAkY3RsMDAkY3RsMDAkY3RsMDAkQ29udGVudFBsYWNlSG9sZGVyRGVmYXVsdCRNYXN0ZXJQbGFjZWhvbGRlciRDaGVja291dFBsYWNlaG9sZGVyJE9yZGVyU3VtbWFyeV8xOCRycHRNeUNhcnQkY3RsMDAkaGRuRmllbGRDb21tZW50IiBWYWx1ZT0iIiBSZWNvcmRlZFZhbHVlPSIiIENvcnJlbGF0aW9uQmluZGluZz0iIiBVcmxFbmNvZGU9IlRydWUiIC8+DQogICAgICAgIDxGb3JtUG9zdFBhcmFtZXRlciBOYW1lPSJjdGwwMCRjdGwwMCRjdGwwMCRjdGwwMCRDb250ZW50UGxhY2VIb2xkZXJEZWZhdWx0JE1hc3RlclBsYWNlaG9sZGVyJENoZWNrb3V0UGxhY2Vob2xkZXIkT3JkZXJTdW1tYXJ5XzE4JHJwdE15Q2FydCRjdGwwMCRycHRTZXRJdGVtcyRjdGwwMCRoZG5GaWVsZEl0ZW1EZXRhaWxzIiBWYWx1ZT0ieyZxdW90O0lzQmF0Y2gmcXVvdDs6ZmFsc2UsJnF1b3Q7SWQmcXVvdDs6MjcxOTk5LCZxdW90O0JhdGNoSWQmcXVvdDs6ODEyMjMsJnF1b3Q7SWRzJnF1b3Q7Om51bGwsJnF1b3Q7SXNQcmltZXImcXVvdDs6ZmFsc2UsJnF1b3Q7SXNTZXF1ZW5jaW5nSXRlbSZxdW90OzpmYWxzZSwmcXVvdDtJdGVtTmFtZSZxdW90OzomcXVvdDtNR0IxJnF1b3Q7LCZxdW90O0RlcGVuZGVudE9yZGVySXRlbXMmcXVvdDs6bnVsbCwmcXVvdDtDYW5JdEJlU2FtZURheVNlcnZpY2UmcXVvdDs6ZmFsc2UsJnF1b3Q7QnVLZXkmcXVvdDs6JnF1b3Q7T2xpZ29zJnF1b3Q7LCZxdW90O0J1TmFtZSZxdW90OzomcXVvdDtETkEgJmFtcDsgUk5BIE9saWdvbnVjbGVvdGlkZXMmcXVvdDt9IiBSZWNvcmRlZFZhbHVlPSIiIENvcnJlbGF0aW9uQmluZGluZz0iIiBVcmxFbmNvZGU9IlRydWUiIC8+DQogICAgICAgIDxGb3JtUG9zdFBhcmFtZXRlciBOYW1lPSJjdGwwMCRjdGwwMCRjdGwwMCRjdGwwMCRDb250ZW50UGxhY2VIb2xkZXJEZWZhdWx0JE1hc3RlclBsYWNlaG9sZGVyJENoZWNrb3V0UGxhY2Vob2xkZXIkT3JkZXJTdW1tYXJ5XzE4JHJwdE15Q2FydCRjdGwwMCRycHRTZXRJdGVtcyRjdGwwMCRoZG5GaWVsZENoZWNrb3V0U3RhdGUiIFZhbHVlPSJPcmRlcmFibGVPbmx5IiBSZWNvcmRlZFZhbHVlPSIiIENvcnJlbGF0aW9uQmluZGluZz0iIiBVcmxFbmNvZGU9IlRydWUiIC8+DQogICAgICAgIDxGb3JtUG9zdFBhcmFtZXRlciBOYW1lPSJjdGwwMCRjdGwwMCRjdGwwMCRjdGwwMCRDb250ZW50UGxhY2VIb2xkZXJEZWZhdWx0JE1hc3RlclBsYWNlaG9sZGVyJENoZWNrb3V0UGxhY2Vob2xkZXIkT3JkZXJTdW1tYXJ5XzE4JHJwdE15Q2FydCRjdGwwMCRycHRTZXRJdGVtcyRjdGwwMCRoZG5GaWVsZENvbW1lbnQiIFZhbHVlPSIiIFJlY29yZGVkVmFsdWU9IiIgQ29ycmVsYXRpb25CaW5kaW5nPSIiIFVybEVuY29kZT0iVHJ1ZSIgLz4NCiAgICAgICAgPEZvcm1Qb3N0UGFyYW1ldGVyIE5hbWU9ImN0bDAwJGN0bDAwJGN0bDAwJGN0bDAwJENvbnRlbnRQbGFjZUhvbGRlckRlZmF1bHQkTWFzdGVyUGxhY2Vob2xkZXIkQ2hlY2tvdXRQbGFjZWhvbGRlciRPcmRlclN1bW1hcnlfMTgkcnB0TXlDYXJ0JGN0bDAwJHJwdFNldEl0ZW1zJGN0bDAxJGhkbkZpZWxkSXRlbURldGFpbHMiIFZhbHVlPSJ7JnF1b3Q7SXNCYXRjaCZxdW90OzpmYWxzZSwmcXVvdDtJZCZxdW90OzoyNzIwMDAsJnF1b3Q7QmF0Y2hJZCZxdW90Ozo4MTIyMywmcXVvdDtJZHMmcXVvdDs6bnVsbCwmcXVvdDtJc1ByaW1lciZxdW90OzpmYWxzZSwmcXVvdDtJc1NlcXVlbmNpbmdJdGVtJnF1b3Q7OmZhbHNlLCZxdW90O0l0ZW1OYW1lJnF1b3Q7OiZxdW90O01HQjEmcXVvdDssJnF1b3Q7RGVwZW5kZW50T3JkZXJJdGVtcyZxdW90OzpudWxsLCZxdW90O0Nhbkl0QmVTYW1lRGF5U2VydmljZSZxdW90OzpmYWxzZSwmcXVvdDtCdUtleSZxdW90OzomcXVvdDtPbGlnb3MmcXVvdDssJnF1b3Q7QnVOYW1lJnF1b3Q7OiZxdW90O0ROQSAmYW1wOyBSTkEgT2xpZ29udWNsZW90aWRlcyZxdW90O30iIFJlY29yZGVkVmFsdWU9IiIgQ29ycmVsYXRpb25CaW5kaW5nPSIiIFVybEVuY29kZT0iVHJ1ZSIgLz4NCiAgICAgICAgPEZvcm1Qb3N0UGFyYW1ldGVyIE5hbWU9ImN0bDAwJGN0bDAwJGN0bDAwJGN0bDAwJENvbnRlbnRQbGFjZUhvbGRlckRlZmF1bHQkTWFzdGVyUGxhY2Vob2xkZXIkQ2hlY2tvdXRQbGFjZWhvbGRlciRPcmRlclN1bW1hcnlfMTgkcnB0TXlDYXJ0JGN0bDAwJHJwdFNldEl0ZW1zJGN0bDAxJGhkbkZpZWxkQ2hlY2tvdXRTdGF0ZSIgVmFsdWU9Ik9yZGVyYWJsZU9ubHkiIFJlY29yZGVkVmFsdWU9IiIgQ29ycmVsYXRpb25CaW5kaW5nPSIiIFVybEVuY29kZT0iVHJ1ZSIgLz4NCiAgICAgICAgPEZvcm1Qb3N0UGFyYW1ldGVyIE5hbWU9ImN0bDAwJGN0bDAwJGN0bDAwJGN0bDAwJENvbnRlbnRQbGFjZUhvbGRlckRlZmF1bHQkTWFzdGVyUGxhY2Vob2xkZXIkQ2hlY2tvdXRQbGFjZWhvbGRlciRPcmRlclN1bW1hcnlfMTgkcnB0TXlDYXJ0JGN0bDAwJHJwdFNldEl0ZW1zJGN0bDAxJGhkbkZpZWxkQ29tbWVudCIgVmFsdWU9IiIgUmVjb3JkZWRWYWx1ZT0iIiBDb3JyZWxhdGlvbkJpbmRpbmc9IiIgVXJsRW5jb2RlPSJUcnVlIiAvPg0KICAgICAgICA8Rm9ybVBvc3RQYXJhbWV0ZXIgTmFtZT0iY3RsMDAkY3RsMDAkY3RsMDAkY3RsMDAkQ29udGVudFBsYWNlSG9sZGVyRGVmYXVsdCRNYXN0ZXJQbGFjZWhvbGRlciRDaGVja291dFBsYWNlaG9sZGVyJE9yZGVyU3VtbWFyeV8xOCRycHRNeUNhcnQkY3RsMDEkaGRuRmllbGRJdGVtRGV0YWlscyIgVmFsdWU9InsmcXVvdDtJc0JhdGNoJnF1b3Q7OmZhbHNlLCZxdW90O0lkJnF1b3Q7OjM2MjQzNiwmcXVvdDtCYXRjaElkJnF1b3Q7OjAsJnF1b3Q7SWRzJnF1b3Q7Om51bGwsJnF1b3Q7SXNQcmltZXImcXVvdDs6ZmFsc2UsJnF1b3Q7SXNTZXF1ZW5jaW5nSXRlbSZxdW90OzpmYWxzZSwmcXVvdDtJdGVtTmFtZSZxdW90OzomcXVvdDtTbWFydFNlcSBLaXQmcXVvdDssJnF1b3Q7RGVwZW5kZW50T3JkZXJJdGVtcyZxdW90OzpudWxsLCZxdW90O0Nhbkl0QmVTYW1lRGF5U2VydmljZSZxdW90OzpmYWxzZSwmcXVvdDtCdUtleSZxdW90OzomcXVvdDtTRVEmcXVvdDssJnF1b3Q7QnVOYW1lJnF1b3Q7OiZxdW90O0N1c3RvbSBETkEgU2VxdWVuY2luZyZxdW90O30iIFJlY29yZGVkVmFsdWU9IiIgQ29ycmVsYXRpb25CaW5kaW5nPSIiIFVybEVuY29kZT0iVHJ1ZSIgLz4NCiAgICAgICAgPEZvcm1Qb3N0UGFyYW1ldGVyIE5hbWU9ImN0bDAwJGN0bDAwJGN0bDAwJGN0bDAwJENvbnRlbnRQbGFjZUhvbGRlckRlZmF1bHQkTWFzdGVyUGxhY2Vob2xkZXIkQ2hlY2tvdXRQbGFjZWhvbGRlciRPcmRlclN1bW1hcnlfMTgkcnB0TXlDYXJ0JGN0bDAxJGhkbkZpZWxkQ2hlY2tvdXRTdGF0ZSIgVmFsdWU9Ik9yZGVyYWJsZU9ubHkiIFJlY29yZGVkVmFsdWU9IiIgQ29ycmVsYXRpb25CaW5kaW5nPSIiIFVybEVuY29kZT0iVHJ1ZSIgLz4NCiAgICAgICAgPEZvcm1Qb3N0UGFyYW1ldGVyIE5hbWU9ImN0bDAwJGN0bDAwJGN0bDAwJGN0bDAwJENvbnRlbnRQbGFjZUhvbGRlckRlZmF1bHQkTWFzdGVyUGxhY2Vob2xkZXIkQ2hlY2tvdXRQbGFjZWhvbGRlciRPcmRlclN1bW1hcnlfMTgkcnB0TXlDYXJ0JGN0bDAxJGhkbkZpZWxkQ29tbWVudCIgVmFsdWU9IiIgUmVjb3JkZWRWYWx1ZT0iIiBDb3JyZWxhdGlvbkJpbmRpbmc9IiIgVXJsRW5jb2RlPSJUcnVlIiAvPg0KICAgICAgICA8Rm9ybVBvc3RQYXJhbWV0ZXIgTmFtZT0iY3RsMDAkY3RsMDAkY3RsMDAkY3RsMDAkQ29udGVudFBsYWNlSG9sZGVyRGVmYXVsdCRNYXN0ZXJQbGFjZWhvbGRlciRDaGVja291dFBsYWNlaG9sZGVyJE9yZGVyU3VtbWFyeV8xOCRoZG5fQ29udGVudFBsYWNlSG9sZGVyRGVmYXVsdF9NYXN0ZXJQbGFjZWhvbGRlcl9DaGVja291dFBsYWNlaG9sZGVyX09yZGVyU3VtbWFyeV8xOF9wbmxEcmFnYWJsZVdpbmRvd0NvbnRlbnRfR2V0RGF0YVF1ZXJ5IiBWYWx1ZT0ieyZxdW90O0NvbnRyb2xOYW1lJnF1b3Q7OiZxdW90O09yZGVyU3VtbWFyeSZxdW90OywmcXVvdDtBY3Rpb24mcXVvdDs6JnF1b3Q7R2V0RGF0YSZxdW90O30iIFJlY29yZGVkVmFsdWU9IiIgQ29ycmVsYXRpb25CaW5kaW5nPSIiIFVybEVuY29kZT0iVHJ1ZSIgLz4NCiAgICAgICAgPEZvcm1Qb3N0UGFyYW1ldGVyIE5hbWU9ImN0bDAwJGN0bDAwJGN0bDAwJGN0bDAwJENvbnRlbnRQbGFjZUhvbGRlckRlZmF1bHQkTWFzdGVyUGxhY2Vob2xkZXIkQ2hlY2tvdXRQbGFjZWhvbGRlciRPcmRlclN1bW1hcnlfMTgkaGRuU2NyZWVuQXJlYSIgVmFsdWU9IiIgUmVjb3JkZWRWYWx1ZT0iIiBDb3JyZWxhdGlvbkJpbmRpbmc9IiIgVXJsRW5jb2RlPSJUcnVlIiAvPg0KICAgICAgICA8Rm9ybVBvc3RQYXJhbWV0ZXIgTmFtZT0iY3RsMDAkY3RsMDAkY3RsMDAkY3RsMDAkQ29udGVudFBsYWNlSG9sZGVyRGVmYXVsdCRNYXN0ZXJQbGFjZWhvbGRlciRDaGVja291dFBsYWNlaG9sZGVyJENvbmZpcm1hdGlvbk5leHRBY3Rpb25zXzIwJGhkblNjcmVlbkFyZWEiIFZhbHVlPSIiIFJlY29yZGVkVmFsdWU9IiIgQ29ycmVsYXRpb25CaW5kaW5nPSIiIFVybEVuY29kZT0iVHJ1ZSIgLz4NCiAgICAgICAgPEZvcm1Qb3N0UGFyYW1ldGVyIE5hbWU9ImN0bDAwJGN0bDAwJGN0bDAwJGN0bDAwJENvbnRlbnRQbGFjZUhvbGRlckRlZmF1bHQkaGRuQ2FuSW5pdGlhbGl6ZUN1bHR1cmUiIFZhbHVlPSJmYWxzZSIgUmVjb3JkZWRWYWx1ZT0iIiBDb3JyZWxhdGlvbkJpbmRpbmc9IiIgVXJsRW5jb2RlPSJUcnVlIiAvPg0KICAgICAgICA8Rm9ybVBvc3RQYXJhbWV0ZXIgTmFtZT0iY3RsMDAkY3RsMDAkY3RsMDAkY3RsMDAkQ29udGVudFBsYWNlSG9sZGVyRGVmYXVsdCRoZG5FY29tRHJhZ0Ryb3BKc29uIiBWYWx1ZT0iIiBSZWNvcmRlZFZhbHVlPSIiIENvcnJlbGF0aW9uQmluZGluZz0iIiBVcmxFbmNvZGU9IlRydWUiIC8+DQogICAgICAgIDxGb3JtUG9zdFBhcmFtZXRlciBOYW1lPSJjdGwwMCRjdGwwMCRjdGwwMCRjdGwwMCRDb250ZW50UGxhY2VIb2xkZXJEZWZhdWx0JGhkbkN1cnJlbnRQYWdlSWRlbnRpdHkiIFZhbHVlPSIxMTM0IiBSZWNvcmRlZFZhbHVlPSIiIENvcnJlbGF0aW9uQmluZGluZz0iIiBVcmxFbmNvZGU9IlRydWUiIC8+DQogICAgICAgIDxGb3JtUG9zdFBhcmFtZXRlciBOYW1lPSJjdGwwMCRjdGwwMCRjdGwwMCRjdGwwMCRDb250ZW50UGxhY2VIb2xkZXJEZWZhdWx0JGhkblNjcm9sbFlQb3NpdGlvbiIgVmFsdWU9IjAiIFJlY29yZGVkVmFsdWU9IiIgQ29ycmVsYXRpb25CaW5kaW5nPSIiIFVybEVuY29kZT0iVHJ1ZSIgLz4NCiAgICAgICAgPEZvcm1Qb3N0UGFyYW1ldGVyIE5hbWU9Il9fVklFV1NUQVRFR0VORVJBVE9SIiBWYWx1ZT0iQ0EwQjAzMzQiIFJlY29yZGVkVmFsdWU9IiIgQ29ycmVsYXRpb25CaW5kaW5nPSIiIFVybEVuY29kZT0iVHJ1ZSIgLz4NCiAgICAgIDwvRm9ybVBvc3RIdHRwQm9keT4NCiAgICA8L1JlcXVlc3Q+DQogICAgPFRyYW5zYWN0aW9uVGltZXIgTmFtZT0iTG9nb3V0Ij4NCiAgICAgIDxJdGVtcz4NCiAgICAgICAgPFJlcXVlc3QgTWV0aG9kPSJQT1NUIiBHdWlkPSIwYjdhOTQxYy0xODM3LTQ4NjgtYjk2OC02ODUyMGNlZDk3YmEiIFZlcnNpb249IjEuMSIgVXJsPSJodHRwOi8vaW4wMWFwdjExOjgxL1NlcnZpY2VzL0Vjb21TZXJ2aWNlcy5hc214L0dldFN0YXRlcyIgVGhpbmtUaW1lPSIwIiBUaW1lb3V0PSI2MCIgUGFyc2VEZXBlbmRlbnRSZXF1ZXN0cz0iVHJ1ZSIgRm9sbG93UmVkaXJlY3RzPSJUcnVlIiBSZWNvcmRSZXN1bHQ9IlRydWUiIENhY2hlPSJGYWxzZSIgUmVzcG9uc2VUaW1lR29hbD0iMCIgRW5jb2Rpbmc9InV0Zi04IiBFeHBlY3RlZEh0dHBTdGF0dXNDb2RlPSIwIiBFeHBlY3RlZFJlc3BvbnNlVXJsPSIiIFJlcG9ydGluZ05hbWU9IiIgSWdub3JlSHR0cFN0YXR1c0NvZGU9IkZhbHNlIj4NCiAgICAgICAgICA8SGVhZGVycz4NCiAgICAgICAgICAgIDxIZWFkZXIgTmFtZT0iT3JpZ2luIiBWYWx1ZT0iaHR0cDovL2luMDFhcHYxMTo4MSIgLz4NCiAgICAgICAgICAgIDxIZWFkZXIgTmFtZT0iWC1SZXF1ZXN0ZWQtV2l0aCIgVmFsdWU9IlhNTEh0dHBSZXF1ZXN0IiAvPg0KICAgICAgICAgICAgPEhlYWRlciBOYW1lPSJDb250ZW50LVR5cGUiIFZhbHVlPSJhcHBsaWNhdGlvbi9qc29uOyBjaGFyc2V0PVVURi04IiAvPg0KICAgICAgICAgIDwvSGVhZGVycz4NCiAgICAgICAgICA8U3RyaW5nSHR0cEJvZHkgQ29udGVudFR5cGU9ImFwcGxpY2F0aW9uL2pzb247IGNoYXJzZXQ9VVRGLTgiIEluc2VydEJ5dGVPcmRlck1hcms9IkZhbHNlIj5ld0FpQUcwQVpRQjBBR2dBYndCa0FGQUFZUUJ5QUdFQWJRQmxBSFFBWlFCeUFITUFJZ0E2QUhzQUlnQnBBSE1BYndCTEFHVUFlUUFpQURvQUlnQlZBRk1BSWdBc0FDSUFkUUJ3QUdRQVlRQjBBR1VBUXdCdkFHOEFhd0JwQUdVQVJnQnZBSElBUXdCdkFIVUFiZ0IwQUhJQWVRQWlBRG9BZEFCeUFIVUFaUUFzQUNJQVZRQnRBR0lBY2dCaEFHTUFid0JPQUc4QVpBQmxBRWtBWkFBaUFEb0FJZ0F4QURFQU1nQTVBQ0lBTEFBaUFFTUFiQUJ2QUhNQVpRQlFBSElBYndCbkFISUFaUUJ6QUhNQVR3QnVBRk1BZFFCakFHTUFaUUJ6QUhNQUlnQTZBR1lBWVFCc0FITUFaUUFzQUNJQVF3QmhBRzRBVXdCb0FHOEFkd0JRQUhJQWJ3Qm5BSElBWlFCekFITUFRZ0JoQUhJQUlnQTZBR1lBWVFCc0FITUFaUUI5QUgwQTwvU3RyaW5nSHR0cEJvZHk+DQogICAgICAgIDwvUmVxdWVzdD4NCiAgICAgICAgPFJlcXVlc3QgTWV0aG9kPSJQT1NUIiBHdWlkPSI4ZDBkOGQ5MS1jZGMzLTQ2M2MtOTcyMy1mMjFjMDQxZjk5YWYiIFZlcnNpb249IjEuMSIgVXJsPSJodHRwOi8vaW4wMWFwdjExOjgxL1NlcnZpY2VzL0Vjb21TZXJ2aWNlcy5hc214L0dldFN0YXRlcyIgVGhpbmtUaW1lPSIwIiBUaW1lb3V0PSI2MCIgUGFyc2VEZXBlbmRlbnRSZXF1ZXN0cz0iVHJ1ZSIgRm9sbG93UmVkaXJlY3RzPSJUcnVlIiBSZWNvcmRSZXN1bHQ9IlRydWUiIENhY2hlPSJGYWxzZSIgUmVzcG9uc2VUaW1lR29hbD0iMCIgRW5jb2Rpbmc9InV0Zi04IiBFeHBlY3RlZEh0dHBTdGF0dXNDb2RlPSIwIiBFeHBlY3RlZFJlc3BvbnNlVXJsPSIiIFJlcG9ydGluZ05hbWU9IiIgSWdub3JlSHR0cFN0YXR1c0NvZGU9IkZhbHNlIj4NCiAgICAgICAgICA8SGVhZGVycz4NCiAgICAgICAgICAgIDxIZWFkZXIgTmFtZT0iT3JpZ2luIiBWYWx1ZT0iaHR0cDovL2luMDFhcHYxMTo4MSIgLz4NCiAgICAgICAgICAgIDxIZWFkZXIgTmFtZT0iWC1SZXF1ZXN0ZWQtV2l0aCIgVmFsdWU9IlhNTEh0dHBSZXF1ZXN0IiAvPg0KICAgICAgICAgICAgPEhlYWRlciBOYW1lPSJDb250ZW50LVR5cGUiIFZhbHVlPSJhcHBsaWNhdGlvbi9qc29uOyBjaGFyc2V0PVVURi04IiAvPg0KICAgICAgICAgIDwvSGVhZGVycz4NCiAgICAgICAgICA8U3RyaW5nSHR0cEJvZHkgQ29udGVudFR5cGU9ImFwcGxpY2F0aW9uL2pzb247IGNoYXJzZXQ9VVRGLTgiIEluc2VydEJ5dGVPcmRlck1hcms9IkZhbHNlIj5ld0FpQUcwQVpRQjBBR2dBYndCa0FGQUFZUUJ5QUdFQWJRQmxBSFFBWlFCeUFITUFJZ0E2QUhzQUlnQnBBSE1BYndCTEFHVUFlUUFpQURvQUlnQlZBRk1BSWdBc0FDSUFkUUJ3QUdRQVlRQjBBR1VBUXdCdkFHOEFhd0JwQUdVQVJnQnZBSElBUXdCdkFIVUFiZ0IwQUhJQWVRQWlBRG9BWmdCaEFHd0Fjd0JsQUN3QUlnQlZBRzBBWWdCeUFHRUFZd0J2QUU0QWJ3QmtBR1VBU1FCa0FDSUFPZ0FpQURFQU1RQXlBRGtBSWdBc0FDSUFRd0JzQUc4QWN3QmxBRkFBY2dCdkFHY0FjZ0JsQUhNQWN3QlBBRzRBVXdCMUFHTUFZd0JsQUhNQWN3QWlBRG9BWmdCaEFHd0Fjd0JsQUN3QUlnQkRBR0VBYmdCVEFHZ0Fid0IzQUZBQWNnQnZBR2NBY2dCbEFITUFjd0JDQUdFQWNnQWlBRG9BWmdCaEFHd0Fjd0JsQUgwQWZRQT08L1N0cmluZ0h0dHBCb2R5Pg0KICAgICAgICA8L1JlcXVlc3Q+DQogICAgICA8L0l0ZW1zPg0KICAgIDwvVHJhbnNhY3Rpb25UaW1lcj4NCiAgPC9JdGVtcz4NCjwvV2ViVGVzdD4=">
      <Execution id="20564a1d-1291-41ad-9ecf-16f57fc6a09e" />
    </WebTest>
  </TestDefinitions>
  <TestLists>
    <TestList name="Results Not in a List" id="8c84fa94-04c1-424b-9868-57a2d4851a1d" />
    <TestList name="All Loaded Results" id="19431567-8539-422a-85d7-44ee4e166bda" />
  </TestLists>
  <TestEntries>
    <TestEntry isTransparent="false" testId="bb44aeff-553a-4f28-b90d-5962c099c4bc" executionId="20564a1d-1291-41ad-9ecf-16f57fc6a09e" testListId="8c84fa94-04c1-424b-9868-57a2d4851a1d" />
  </TestEntries>
  <Results>
    <WebTestResult executionId="20564a1d-1291-41ad-9ecf-16f57fc6a09e" testId="bb44aeff-553a-4f28-b90d-5962c099c4bc" testName="E-Com" computerName="IN01APVT127" duration="00:00:23.0934147" startTime="2017-07-13T10:50:15.7616747+05:30" endTime="2017-07-13T10:50:49.4659142+05:30" testType="4e7599fa-5ecb-43e9-a887-cd63cf72d207" outcome="Passed" testListId="8c84fa94-04c1-424b-9868-57a2d4851a1d" relativeResultsDirectory="20564a1d-1291-41ad-9ecf-16f57fc6a09e">
      <ResultFiles>
        <ResultFile path="E-Com.webtestResult" />
      </ResultFiles>
      <TestSettings name="Local" id="5e0ec486-8390-4d47-996a-582ca480c912">
        <Description>These are default test settings for a local test run.</Description>
        <Deployment runDeploymentRoot="adm_imga_IN01APVT127 2017-07-13 10_50_13">
          <DeploymentItem filename="C:\Performance_Training\Custom_Parameter\Plugin2\bin\Debug\Plugin2.dll" />
          <DeploymentItem filename="C:\Performance_Training\Demo_Project\Demo_Reference\bin\Debug\Demo_Reference.dll" />
          <DeploymentItem filename="C:\Performance_Training\Custom_Parameter\Custom_Parameter\bin\Debug\Custom_Parameter.dll" />
        </Deployment>
        <Execution>
          <TestTypeSpecific>
            <UnitTestRunConfig testTypeId="13cdc9d9-ddb5-4fa4-a97d-d965ccfc6d4b">
              <AssemblyResolution>
                <TestDirectory useLoadContext="true" />
              </AssemblyResolution>
            </UnitTestRunConfig>
            <WebTestRunConfiguration testTypeId="4e7599fa-5ecb-43e9-a887-cd63cf72d207">
              <Browser name="Internet Explorer 9.0" MaxConnections="6">
                <Headers>
                  <Header name="User-Agent" value="Mozilla/5.0 (compatible; MSIE 9.0; Windows NT 6.1; Trident/5.0)" />
                  <Header name="Accept" value="*/*" />
                  <Header name="Accept-Language" value="{{$IEAcceptLanguage}}" />
                  <Header name="Accept-Encoding" value="GZIP" />
                </Headers>
              </Browser>
            </WebTestRunConfiguration>
          </TestTypeSpecific>
          <AgentRule name="LocalMachineDefaultRole">
          </AgentRule>
        </Execution>
        <Properties>
          <Property name="TestSettingsUIType" value="UnitTest" />
        </Properties>
      </TestSettings>
      <WebTestResultFilePath>adm_imga_IN01APVT127 2017-07-13 10_50_13\In\20564a1d-1291-41ad-9ecf-16f57fc6a09e\E-Com.webtestResult</WebTestResultFilePath>
    </WebTestResult>
  </Results>
</TestRun>